SLURM_JOB_ID: 55434297
SLURM_JOB_USER: vsc34066
SLURM_JOB_ACCOUNT: lp_desenderlab
SLURM_JOB_NAME: par_recov_alternating_fb_sim_both_learn.slurm
SLURM_CLUSTER_NAME: genius
SLURM_JOB_PARTITION: batch
SLURM_ARRAY_JOB_ID: 55434297
SLURM_ARRAY_TASK_ID: 2
SLURM_NNODES: 1
SLURM_NODELIST: r23i27n06
SLURM_JOB_CPUS_PER_NODE: 8
Date: Sun Dec 17 17:19:13 CET 2023
Walltime: 01-06:00:00
========================================================================
Iteration: 1 bestvalit: 0.004822 bestmemit:    6.953218   16.098920    1.000000    0.000000   19.602294
Iteration: 2 bestvalit: 0.004822 bestmemit:    6.953218   16.098920    1.000000    0.000000   19.602294
Iteration: 3 bestvalit: 0.004811 bestmemit:    4.717933    4.540852    1.000000    0.000000   27.626234
Iteration: 4 bestvalit: 0.003733 bestmemit:    3.788941  -26.996279    1.000000    0.000000   13.672980
Iteration: 5 bestvalit: 0.003733 bestmemit:    3.788941  -26.996279    1.000000    0.000000   13.672980
Iteration: 6 bestvalit: 0.003733 bestmemit:    3.788941  -26.996279    1.000000    0.000000   13.672980
Iteration: 7 bestvalit: 0.003733 bestmemit:    3.788941  -26.996279    1.000000    0.000000   13.672980
Iteration: 8 bestvalit: 0.003620 bestmemit:    3.788941  -17.600378    1.000000    0.000000   13.672980
Iteration: 9 bestvalit: 0.003148 bestmemit:    5.252424   17.480859    1.000000    0.000000    6.561508
Iteration: 10 bestvalit: 0.003148 bestmemit:    5.252424   17.480859    1.000000    0.000000    6.561508
Iteration: 11 bestvalit: 0.003148 bestmemit:    5.252424   17.480859    1.000000    0.000000    6.561508
Iteration: 12 bestvalit: 0.003148 bestmemit:    5.252424   17.480859    1.000000    0.000000    6.561508
Iteration: 13 bestvalit: 0.003130 bestmemit:    5.072971   10.968378    1.000000    0.000000    4.110344
Iteration: 14 bestvalit: 0.002587 bestmemit:    2.569058    2.865759    1.000000    0.000000    7.792243
Iteration: 15 bestvalit: 0.002475 bestmemit:    0.628282   -0.450491    1.000000    0.000000    6.765214
Iteration: 16 bestvalit: 0.002296 bestmemit:    2.182068   -0.025988    1.000000    0.000000    5.196200
Iteration: 17 bestvalit: 0.002296 bestmemit:    2.182068   -0.025988    1.000000    0.000000    5.196200
Iteration: 18 bestvalit: 0.002296 bestmemit:    2.182068   -0.025988    1.000000    0.000000    5.196200
Iteration: 19 bestvalit: 0.002296 bestmemit:    2.182068   -0.025988    1.000000    0.000000    5.196200
Iteration: 20 bestvalit: 0.002296 bestmemit:    2.182068   -0.025988    1.000000    0.000000    5.196200
Iteration: 21 bestvalit: 0.002296 bestmemit:    2.182068   -0.025988    1.000000    0.000000    5.196200
Iteration: 22 bestvalit: 0.002296 bestmemit:    2.182068   -0.025988    1.000000    0.000000    5.196200
Iteration: 23 bestvalit: 0.002296 bestmemit:    2.182068   -0.025988    1.000000    0.000000    5.196200
Iteration: 24 bestvalit: 0.002296 bestmemit:    2.182068   -0.025988    1.000000    0.000000    5.196200
Iteration: 25 bestvalit: 0.002290 bestmemit:    2.043143    1.120607    1.000000    0.000000    5.137693
Iteration: 26 bestvalit: 0.002290 bestmemit:    2.043143    1.120607    1.000000    0.000000    5.137693
Iteration: 27 bestvalit: 0.002290 bestmemit:    2.043143    1.120607    1.000000    0.000000    5.137693
Iteration: 28 bestvalit: 0.002287 bestmemit:    1.832384   -0.771471    1.000000    0.000000    4.855645
Iteration: 29 bestvalit: 0.002281 bestmemit:    1.562908    0.456299    1.000000    0.000000    4.886910
Iteration: 30 bestvalit: 0.002281 bestmemit:    1.562908    0.456299    1.000000    0.000000    4.886910
Iteration: 31 bestvalit: 0.002281 bestmemit:    1.562908    0.456299    1.000000    0.000000    4.886910
Iteration: 32 bestvalit: 0.002281 bestmemit:    1.562908    0.456299    1.000000    0.000000    4.886910
Iteration: 33 bestvalit: 0.002281 bestmemit:    1.562908    0.456299    1.000000    0.000000    4.886910
Iteration: 34 bestvalit: 0.002281 bestmemit:    1.371782    1.306809    1.000000    0.000000    5.047037
Iteration: 35 bestvalit: 0.002281 bestmemit:    1.371782    1.306809    1.000000    0.000000    5.047037
Iteration: 36 bestvalit: 0.002280 bestmemit:    1.569203   -0.373613    1.000000    0.000000    5.148140
Iteration: 37 bestvalit: 0.002279 bestmemit:    1.517418    1.551796    1.000000    0.000000    5.040052
Iteration: 38 bestvalit: 0.002279 bestmemit:    1.517418    1.551796    1.000000    0.000000    5.040052
Iteration: 39 bestvalit: 0.002279 bestmemit:    1.529320    0.174772    1.000000    0.000000    4.992084
Iteration: 40 bestvalit: 0.002279 bestmemit:    1.623747    0.019834    1.000000    0.000000    5.077849
Iteration: 41 bestvalit: 0.002279 bestmemit:    1.623747    0.019834    1.000000    0.000000    5.077849
Iteration: 42 bestvalit: 0.002279 bestmemit:    1.623747    0.019834    1.000000    0.000000    5.077849
Iteration: 43 bestvalit: 0.002279 bestmemit:    1.623747    0.019834    1.000000    0.000000    5.077849
Iteration: 44 bestvalit: 0.002279 bestmemit:    1.623747    0.019834    1.000000    0.000000    5.077849
Iteration: 45 bestvalit: 0.002278 bestmemit:    1.606048    0.542708    1.000000    0.000000    5.071624
Iteration: 46 bestvalit: 0.002278 bestmemit:    1.561406    0.528475    1.000000    0.000000    5.055921
Iteration: 47 bestvalit: 0.002278 bestmemit:    1.561406    0.528475    1.000000    0.000000    5.055921
Iteration: 48 bestvalit: 0.002278 bestmemit:    1.561406    0.528475    1.000000    0.000000    5.055921
Iteration: 49 bestvalit: 0.002278 bestmemit:    1.561406    0.528475    1.000000    0.000000    5.055921
Iteration: 50 bestvalit: 0.002278 bestmemit:    1.577045    0.565682    1.000000    0.000000    5.078723
Iteration: 51 bestvalit: 0.002278 bestmemit:    1.577045    0.565682    1.000000    0.000000    5.078723
Iteration: 52 bestvalit: 0.002278 bestmemit:    1.577045    0.565682    1.000000    0.000000    5.078723
Iteration: 53 bestvalit: 0.002278 bestmemit:    1.577045    0.565682    1.000000    0.000000    5.078723
Iteration: 54 bestvalit: 0.002278 bestmemit:    1.577045    0.565682    1.000000    0.000000    5.078723
Iteration: 55 bestvalit: 0.002278 bestmemit:    1.577045    0.565682    1.000000    0.000000    5.078723
Iteration: 56 bestvalit: 0.002278 bestmemit:    1.580478    0.542708    1.000000    0.000000    5.071624
Iteration: 57 bestvalit: 0.002278 bestmemit:    1.580478    0.542708    1.000000    0.000000    5.071624
Iteration: 58 bestvalit: 0.002278 bestmemit:    1.580478    0.542708    1.000000    0.000000    5.071624
Iteration: 59 bestvalit: 0.002278 bestmemit:    1.568314    0.576076    1.000000    0.000000    5.067372
Iteration: 60 bestvalit: 0.002278 bestmemit:    1.568314    0.576076    1.000000    0.000000    5.067372
Iteration: 61 bestvalit: 0.002278 bestmemit:    1.576679    0.562991    1.000000    0.000000    5.070474
Iteration: 62 bestvalit: 0.002278 bestmemit:    1.576679    0.562991    1.000000    0.000000    5.070474
Iteration: 63 bestvalit: 0.002278 bestmemit:    1.576679    0.562991    1.000000    0.000000    5.070474
Iteration: 64 bestvalit: 0.002278 bestmemit:    1.576679    0.562991    1.000000    0.000000    5.070474
Iteration: 65 bestvalit: 0.002278 bestmemit:    1.576679    0.562991    1.000000    0.000000    5.070474
Iteration: 66 bestvalit: 0.002278 bestmemit:    1.576679    0.562991    1.000000    0.000000    5.070474
Iteration: 67 bestvalit: 0.002278 bestmemit:    1.576392    0.571469    1.000000    0.000000    5.068064
Iteration: 68 bestvalit: 0.002278 bestmemit:    1.575897    0.574467    1.000000    0.000000    5.068253
Iteration: 69 bestvalit: 0.002278 bestmemit:    1.575897    0.574467    1.000000    0.000000    5.068253
Iteration: 70 bestvalit: 0.002278 bestmemit:    1.575909    0.574638    1.000000    0.000000    5.068529
Iteration: 71 bestvalit: 0.002278 bestmemit:    1.572778    0.579737    1.000000    0.000000    5.068908
Iteration: 72 bestvalit: 0.002278 bestmemit:    1.572778    0.579737    1.000000    0.000000    5.068908
Iteration: 73 bestvalit: 0.002278 bestmemit:    1.572778    0.579737    1.000000    0.000000    5.068908
Iteration: 74 bestvalit: 0.002278 bestmemit:    1.572778    0.579737    1.000000    0.000000    5.068908
Iteration: 75 bestvalit: 0.002278 bestmemit:    1.575560    0.579392    1.000000    0.000000    5.070200
Iteration: 76 bestvalit: 0.002278 bestmemit:    1.575560    0.579392    1.000000    0.000000    5.070200
Iteration: 77 bestvalit: 0.002278 bestmemit:    1.574403    0.575502    1.000000    0.000000    5.069990
Iteration: 78 bestvalit: 0.002278 bestmemit:    1.574052    0.576092    1.000000    0.000000    5.068764
Iteration: 79 bestvalit: 0.002278 bestmemit:    1.574052    0.576092    1.000000    0.000000    5.068764
Iteration: 80 bestvalit: 0.002278 bestmemit:    1.574052    0.576092    1.000000    0.000000    5.068764
Iteration: 81 bestvalit: 0.002278 bestmemit:    1.574785    0.576086    1.000000    0.000000    5.068765
Iteration: 82 bestvalit: 0.002278 bestmemit:    1.574086    0.574467    1.000000    0.000000    5.069073
Iteration: 83 bestvalit: 0.002278 bestmemit:    1.574086    0.574467    1.000000    0.000000    5.069073
Iteration: 84 bestvalit: 0.002278 bestmemit:    1.574086    0.574467    1.000000    0.000000    5.069073
Iteration: 85 bestvalit: 0.002278 bestmemit:    1.574052    0.576092    1.000000    0.000000    5.069224
Iteration: 86 bestvalit: 0.002278 bestmemit:    1.574497    0.575291    1.000000    0.000000    5.069461
Iteration: 87 bestvalit: 0.002278 bestmemit:    1.574403    0.575502    1.000000    0.000000    5.069415
Iteration: 88 bestvalit: 0.002278 bestmemit:    1.574340    0.577775    1.000000    0.000000    5.069076
Iteration: 89 bestvalit: 0.002278 bestmemit:    1.574497    0.575291    1.000000    0.000000    5.069259
Iteration: 90 bestvalit: 0.002278 bestmemit:    1.574497    0.575291    1.000000    0.000000    5.069259
Iteration: 91 bestvalit: 0.002278 bestmemit:    1.574497    0.575291    1.000000    0.000000    5.069259
Iteration: 92 bestvalit: 0.002278 bestmemit:    1.574413    0.575304    1.000000    0.000000    5.069208
Iteration: 93 bestvalit: 0.002278 bestmemit:    1.574457    0.575835    1.000000    0.000000    5.069246
Iteration: 94 bestvalit: 0.002278 bestmemit:    1.574413    0.576447    1.000000    0.000000    5.069208
Iteration: 95 bestvalit: 0.002278 bestmemit:    1.574413    0.576447    1.000000    0.000000    5.069208
Iteration: 96 bestvalit: 0.002278 bestmemit:    1.574413    0.576447    1.000000    0.000000    5.069208
Iteration: 97 bestvalit: 0.002278 bestmemit:    1.574413    0.576447    1.000000    0.000000    5.069208
Iteration: 98 bestvalit: 0.002278 bestmemit:    1.574413    0.576447    1.000000    0.000000    5.069208
Iteration: 99 bestvalit: 0.002278 bestmemit:    1.574461    0.576188    1.000000    0.000000    5.069198
Iteration: 100 bestvalit: 0.002278 bestmemit:    1.574461    0.576188    1.000000    0.000000    5.069198
Iteration: 101 bestvalit: 0.002278 bestmemit:    1.574461    0.576188    1.000000    0.000000    5.069198
Iteration: 102 bestvalit: 0.002278 bestmemit:    1.574461    0.576188    1.000000    0.000000    5.069198
Iteration: 103 bestvalit: 0.002278 bestmemit:    1.574461    0.576188    1.000000    0.000000    5.069198
Iteration: 104 bestvalit: 0.002278 bestmemit:    1.574461    0.576188    1.000000    0.000000    5.069202
Iteration: 105 bestvalit: 0.002278 bestmemit:    1.574461    0.576188    1.000000    0.000000    5.069202
Iteration: 106 bestvalit: 0.002278 bestmemit:    1.574461    0.576188    1.000000    0.000000    5.069202
Iteration: 107 bestvalit: 0.002278 bestmemit:    1.574461    0.576188    1.000000    0.000000    5.069202
Iteration: 108 bestvalit: 0.002278 bestmemit:    1.574461    0.576188    1.000000    0.000000    5.069201
Iteration: 109 bestvalit: 0.002278 bestmemit:    1.574461    0.576188    1.000000    0.000000    5.069201
Iteration: 110 bestvalit: 0.002278 bestmemit:    1.574461    0.576188    1.000000    0.000000    5.069201
Iteration: 111 bestvalit: 0.002278 bestmemit:    1.574461    0.576188    1.000000    0.000000    5.069201
Iteration: 112 bestvalit: 0.002278 bestmemit:    1.574461    0.576188    1.000000    0.000000    5.069201
Iteration: 113 bestvalit: 0.002278 bestmemit:    1.574465    0.576205    1.000000    0.000000    5.069200
Iteration: 114 bestvalit: 0.002278 bestmemit:    1.574465    0.576205    1.000000    0.000000    5.069200
Iteration: 115 bestvalit: 0.002278 bestmemit:    1.574465    0.576205    1.000000    0.000000    5.069200
Iteration: 116 bestvalit: 0.002278 bestmemit:    1.574465    0.576205    1.000000    0.000000    5.069200
Iteration: 117 bestvalit: 0.002278 bestmemit:    1.574465    0.576205    1.000000    0.000000    5.069200
Iteration: 118 bestvalit: 0.002278 bestmemit:    1.574465    0.576205    1.000000    0.000000    5.069200
Iteration: 119 bestvalit: 0.002278 bestmemit:    1.574465    0.576205    1.000000    0.000000    5.069200
Iteration: 120 bestvalit: 0.002278 bestmemit:    1.574465    0.576205    1.000000    0.000000    5.069202
Iteration: 121 bestvalit: 0.002278 bestmemit:    1.574465    0.576205    1.000000    0.000000    5.069202
Iteration: 122 bestvalit: 0.002278 bestmemit:    1.574465    0.576205    1.000000    0.000000    5.069202
Iteration: 123 bestvalit: 0.002278 bestmemit:    1.574465    0.576205    1.000000    0.000000    5.069202
Iteration: 124 bestvalit: 0.002278 bestmemit:    1.574464    0.576217    1.000000    0.000000    5.069202
Iteration: 125 bestvalit: 0.002278 bestmemit:    1.574464    0.576217    1.000000    0.000000    5.069202
Iteration: 126 bestvalit: 0.002278 bestmemit:    1.574464    0.576217    1.000000    0.000000    5.069202
Iteration: 127 bestvalit: 0.002278 bestmemit:    1.574464    0.576217    1.000000    0.000000    5.069202
Iteration: 128 bestvalit: 0.002278 bestmemit:    1.574463    0.576217    1.000000    0.000000    5.069202
Iteration: 129 bestvalit: 0.002278 bestmemit:    1.574463    0.576217    1.000000    0.000000    5.069202
Iteration: 130 bestvalit: 0.002278 bestmemit:    1.574463    0.576217    1.000000    0.000000    5.069202
Iteration: 131 bestvalit: 0.002278 bestmemit:    1.574463    0.576217    1.000000    0.000000    5.069202
Iteration: 132 bestvalit: 0.002278 bestmemit:    1.574463    0.576216    1.000000    0.000000    5.069202
Iteration: 133 bestvalit: 0.002278 bestmemit:    1.574464    0.576217    1.000000    0.000000    5.069202
Iteration: 134 bestvalit: 0.002278 bestmemit:    1.574463    0.576217    1.000000    0.000000    5.069202
Iteration: 135 bestvalit: 0.002278 bestmemit:    1.574463    0.576217    1.000000    0.000000    5.069202
Iteration: 136 bestvalit: 0.002278 bestmemit:    1.574463    0.576217    1.000000    0.000000    5.069202
Iteration: 137 bestvalit: 0.002278 bestmemit:    1.574463    0.576217    1.000000    0.000000    5.069202
Iteration: 138 bestvalit: 0.002278 bestmemit:    1.574463    0.576217    1.000000    0.000000    5.069202
Iteration: 139 bestvalit: 0.002278 bestmemit:    1.574463    0.576217    1.000000    0.000000    5.069202
Iteration: 140 bestvalit: 0.002278 bestmemit:    1.574464    0.576214    1.000000    0.000000    5.069202
Iteration: 141 bestvalit: 0.002278 bestmemit:    1.574464    0.576216    1.000000    0.000000    5.069202
Iteration: 142 bestvalit: 0.002278 bestmemit:    1.574464    0.576216    1.000000    0.000000    5.069202
Iteration: 143 bestvalit: 0.002278 bestmemit:    1.574464    0.576216    1.000000    0.000000    5.069202
Iteration: 144 bestvalit: 0.002278 bestmemit:    1.574464    0.576216    1.000000    0.000000    5.069202
Iteration: 145 bestvalit: 0.002278 bestmemit:    1.574464    0.576216    1.000000    0.000000    5.069202
Iteration: 146 bestvalit: 0.002278 bestmemit:    1.574464    0.576216    1.000000    0.000000    5.069202
Iteration: 147 bestvalit: 0.002278 bestmemit:    1.574464    0.576216    1.000000    0.000000    5.069202
Iteration: 148 bestvalit: 0.002278 bestmemit:    1.574464    0.576216    1.000000    0.000000    5.069202

***** summary of DEoptim object ***** 
best member   :  1.57446 0.57622 1 0 5.0692 
best value    :  0.00228 
after         :  148 generations 
fn evaluated  :  298 times 
*************************************
Iteration: 1 bestvalit: 0.003643 bestmemit:    4.851409    6.771974    1.000000   61.135805    3.667360
Iteration: 2 bestvalit: 0.003643 bestmemit:    4.851409    6.771974    1.000000   61.135805    3.667360
Iteration: 3 bestvalit: 0.003485 bestmemit:   16.086009  -12.885353    1.000000   56.136849    3.252156
Iteration: 4 bestvalit: 0.003485 bestmemit:   16.086009  -12.885353    1.000000   56.136849    3.252156
Iteration: 5 bestvalit: 0.003299 bestmemit:    4.851409    6.771974    1.000000   27.109216    4.744823
Iteration: 6 bestvalit: 0.003299 bestmemit:    4.851409    6.771974    1.000000   27.109216    4.744823
Iteration: 7 bestvalit: 0.003299 bestmemit:    4.851409    6.771974    1.000000   27.109216    4.744823
Iteration: 8 bestvalit: 0.003299 bestmemit:    4.851409    6.771974    1.000000   27.109216    4.744823
Iteration: 9 bestvalit: 0.003299 bestmemit:    4.851409    6.771974    1.000000   27.109216    4.744823
Iteration: 10 bestvalit: 0.003221 bestmemit:    4.851409    6.771974    1.000000   15.003537    4.744823
Iteration: 11 bestvalit: 0.003168 bestmemit:    0.827917    2.171462    1.000000    9.861703    4.604129
Iteration: 12 bestvalit: 0.003168 bestmemit:    0.827917    2.171462    1.000000    9.861703    4.604129
Iteration: 13 bestvalit: 0.003158 bestmemit:    0.827917    2.171462    1.000000   15.008018    4.604129
Iteration: 14 bestvalit: 0.003158 bestmemit:    0.827917    2.171462    1.000000   15.008018    4.604129
Iteration: 15 bestvalit: 0.003158 bestmemit:    0.827917    2.171462    1.000000   15.008018    4.604129
Iteration: 16 bestvalit: 0.003158 bestmemit:    0.827917    2.171462    1.000000   15.008018    4.604129
Iteration: 17 bestvalit: 0.003158 bestmemit:    0.827917    2.171462    1.000000   15.008018    4.604129
Iteration: 18 bestvalit: 0.003158 bestmemit:    0.827917    2.171462    1.000000   15.008018    4.604129
Iteration: 19 bestvalit: 0.003158 bestmemit:    0.827917    2.171462    1.000000   15.008018    4.604129
Iteration: 20 bestvalit: 0.003158 bestmemit:    0.827917    2.171462    1.000000   15.008018    4.604129
Iteration: 21 bestvalit: 0.003158 bestmemit:    0.827917    2.171462    1.000000   15.008018    4.604129
Iteration: 22 bestvalit: 0.003158 bestmemit:    0.827917    2.171462    1.000000   15.008018    4.604129
Iteration: 23 bestvalit: 0.003158 bestmemit:    0.827917    2.171462    1.000000   15.008018    4.604129
Iteration: 24 bestvalit: 0.002604 bestmemit:    2.160905    8.748791    1.000000    0.283055    6.429751
Iteration: 25 bestvalit: 0.002545 bestmemit:    1.607921    8.282505    1.000000    0.283055    6.429751
Iteration: 26 bestvalit: 0.002545 bestmemit:    1.607921    8.282505    1.000000    0.283055    6.429751
Iteration: 27 bestvalit: 0.002545 bestmemit:    1.607921    8.282505    1.000000    0.283055    6.429751
Iteration: 28 bestvalit: 0.002545 bestmemit:    1.607921    8.282505    1.000000    0.283055    6.429751
Iteration: 29 bestvalit: 0.002545 bestmemit:    1.607921    8.282505    1.000000    0.283055    6.429751
Iteration: 30 bestvalit: 0.002545 bestmemit:    1.607921    8.282505    1.000000    0.283055    6.429751
Iteration: 31 bestvalit: 0.002545 bestmemit:    1.607921    8.282505    1.000000    0.283055    6.429751
Iteration: 32 bestvalit: 0.002545 bestmemit:    1.607921    8.282505    1.000000    0.283055    6.429751
Iteration: 33 bestvalit: 0.002545 bestmemit:    1.607921    8.282505    1.000000    0.283055    6.429751
Iteration: 34 bestvalit: 0.002545 bestmemit:    1.607921    8.282505    1.000000    0.283055    6.429751
Iteration: 35 bestvalit: 0.002545 bestmemit:    1.607921    8.282505    1.000000    0.283055    6.429751
Iteration: 36 bestvalit: 0.002545 bestmemit:    1.607921    8.282505    1.000000    0.283055    6.429751
Iteration: 37 bestvalit: 0.002545 bestmemit:    1.607921    8.282505    1.000000    0.283055    6.429751
Iteration: 38 bestvalit: 0.002545 bestmemit:    1.607921    8.282505    1.000000    0.283055    6.429751
Iteration: 39 bestvalit: 0.002545 bestmemit:    1.607921    8.282505    1.000000    0.283055    6.429751
Iteration: 40 bestvalit: 0.002545 bestmemit:    1.607921    8.282505    1.000000    0.283055    6.429751
Iteration: 41 bestvalit: 0.002545 bestmemit:    1.607921    8.282505    1.000000    0.283055    6.429751
Iteration: 42 bestvalit: 0.002545 bestmemit:    1.607921    8.282505    1.000000    0.283055    6.429751
Iteration: 43 bestvalit: 0.002545 bestmemit:    1.607921    8.282505    1.000000    0.283055    6.429751
Iteration: 44 bestvalit: 0.002545 bestmemit:    1.607921    8.282505    1.000000    0.283055    6.429751
Iteration: 45 bestvalit: 0.002545 bestmemit:    1.607921    8.282505    1.000000    0.283055    6.429751
Iteration: 46 bestvalit: 0.002545 bestmemit:    1.607921    8.282505    1.000000    0.283055    6.429751
Iteration: 47 bestvalit: 0.002545 bestmemit:    1.607921    8.282505    1.000000    0.283055    6.429751
Iteration: 48 bestvalit: 0.002545 bestmemit:    1.607921    8.282505    1.000000    0.283055    6.429751
Iteration: 49 bestvalit: 0.002545 bestmemit:    1.607921    8.282505    1.000000    0.283055    6.429751
Iteration: 50 bestvalit: 0.002541 bestmemit:    1.607921    7.897363    1.000000    0.283055    6.429751
Iteration: 51 bestvalit: 0.002328 bestmemit:    1.267857    7.398447    1.000000    0.075714    5.076988
Iteration: 52 bestvalit: 0.002328 bestmemit:    1.267857    7.398447    1.000000    0.075714    5.076988
Iteration: 53 bestvalit: 0.002299 bestmemit:    1.267857    4.331753    1.000000    0.075714    5.076988
Iteration: 54 bestvalit: 0.002299 bestmemit:    1.267857    4.331753    1.000000    0.075714    5.076988
Iteration: 55 bestvalit: 0.002299 bestmemit:    1.267857    4.331753    1.000000    0.075714    5.076988
Iteration: 56 bestvalit: 0.002299 bestmemit:    1.267857    4.331753    1.000000    0.075714    5.076988
Iteration: 57 bestvalit: 0.002299 bestmemit:    1.267857    4.331753    1.000000    0.075714    5.076988
Iteration: 58 bestvalit: 0.002299 bestmemit:    1.267857    4.331753    1.000000    0.075714    5.076988
Iteration: 59 bestvalit: 0.002299 bestmemit:    1.267857    4.331753    1.000000    0.075714    5.076988
Iteration: 60 bestvalit: 0.002299 bestmemit:    1.267857    4.331753    1.000000    0.075714    5.076988
Iteration: 61 bestvalit: 0.002291 bestmemit:    1.267857   -0.826814    1.000000    0.075714    5.076988
Iteration: 62 bestvalit: 0.002291 bestmemit:    1.267857   -0.826814    1.000000    0.075714    5.076988
Iteration: 63 bestvalit: 0.002291 bestmemit:    1.267857   -0.826814    1.000000    0.075714    5.076988
Iteration: 64 bestvalit: 0.002291 bestmemit:    1.267857   -0.826814    1.000000    0.075714    5.076988
Iteration: 65 bestvalit: 0.002291 bestmemit:    1.267857   -0.826814    1.000000    0.075714    5.076988
Iteration: 66 bestvalit: 0.002291 bestmemit:    1.267857   -0.826814    1.000000    0.075714    5.076988
Iteration: 67 bestvalit: 0.002291 bestmemit:    1.267857   -0.826814    1.000000    0.075714    5.076988
Iteration: 68 bestvalit: 0.002291 bestmemit:    1.267857   -0.826814    1.000000    0.075714    5.076988
Iteration: 69 bestvalit: 0.002288 bestmemit:    1.124453   -0.307950    1.000000    0.008704    4.924757
Iteration: 70 bestvalit: 0.002286 bestmemit:    1.386643   -1.582741    1.000000    0.008704    4.924757
Iteration: 71 bestvalit: 0.002286 bestmemit:    1.386643   -1.582741    1.000000    0.008704    4.924757
Iteration: 72 bestvalit: 0.002286 bestmemit:    1.386643   -1.582741    1.000000    0.008704    4.924757
Iteration: 73 bestvalit: 0.002286 bestmemit:    1.386643   -1.582741    1.000000    0.008704    4.924757
Iteration: 74 bestvalit: 0.002286 bestmemit:    1.386643   -1.582741    1.000000    0.008704    4.924757
Iteration: 75 bestvalit: 0.002286 bestmemit:    1.386643   -1.582741    1.000000    0.008704    4.924757
Iteration: 76 bestvalit: 0.002282 bestmemit:    1.306287    1.413449    1.000000    0.021817    5.217581
Iteration: 77 bestvalit: 0.002282 bestmemit:    1.306287    1.413449    1.000000    0.021817    5.217581
Iteration: 78 bestvalit: 0.002281 bestmemit:    1.421159   -0.182778    1.000000    0.021577    4.986498
Iteration: 79 bestvalit: 0.002281 bestmemit:    1.421159   -0.182778    1.000000    0.021577    4.986498
Iteration: 80 bestvalit: 0.002281 bestmemit:    1.421159   -0.182778    1.000000    0.021577    4.986498
Iteration: 81 bestvalit: 0.002281 bestmemit:    1.421159   -0.182778    1.000000    0.021577    4.986498
Iteration: 82 bestvalit: 0.002280 bestmemit:    1.449422   -0.182778    1.000000    0.021577    5.091833
Iteration: 83 bestvalit: 0.002280 bestmemit:    1.449422   -0.182778    1.000000    0.021577    5.091833
Iteration: 84 bestvalit: 0.002280 bestmemit:    1.449422   -0.182778    1.000000    0.021577    5.091833
Iteration: 85 bestvalit: 0.002280 bestmemit:    1.449422   -0.182778    1.000000    0.021577    5.091833
Iteration: 86 bestvalit: 0.002280 bestmemit:    1.537637    1.286260    1.000000    0.013000    5.024327
Iteration: 87 bestvalit: 0.002280 bestmemit:    1.537637    1.286260    1.000000    0.013000    5.024327
Iteration: 88 bestvalit: 0.002280 bestmemit:    1.537637    1.286260    1.000000    0.013000    5.024327
Iteration: 89 bestvalit: 0.002280 bestmemit:    1.537637    1.286260    1.000000    0.013000    5.024327
Iteration: 90 bestvalit: 0.002280 bestmemit:    1.537637    1.286260    1.000000    0.013000    5.024327
Iteration: 91 bestvalit: 0.002280 bestmemit:    1.537637    1.286260    1.000000    0.013000    5.024327
Iteration: 92 bestvalit: 0.002280 bestmemit:    1.537637    1.286260    1.000000    0.013000    5.024327
Iteration: 93 bestvalit: 0.002280 bestmemit:    1.537637    1.286260    1.000000    0.013000    5.024327
Iteration: 94 bestvalit: 0.002280 bestmemit:    1.537637    1.286260    1.000000    0.013000    5.024327
Iteration: 95 bestvalit: 0.002280 bestmemit:    1.537637    1.286260    1.000000    0.013000    5.024327
Iteration: 96 bestvalit: 0.002280 bestmemit:    1.537637    1.286260    1.000000    0.013000    5.024327
Iteration: 97 bestvalit: 0.002279 bestmemit:    1.476899    1.286260    1.000000    0.013000    5.024327
Iteration: 98 bestvalit: 0.002279 bestmemit:    1.531130    0.866979    1.000000    0.005778    5.052357
Iteration: 99 bestvalit: 0.002279 bestmemit:    1.531130    0.866979    1.000000    0.005778    5.052357
Iteration: 100 bestvalit: 0.002279 bestmemit:    1.531130    0.866979    1.000000    0.005778    5.052357
Iteration: 101 bestvalit: 0.002279 bestmemit:    1.531130    0.866979    1.000000    0.005778    5.052357
Iteration: 102 bestvalit: 0.002279 bestmemit:    1.531130    0.866979    1.000000    0.005778    5.052357
Iteration: 103 bestvalit: 0.002279 bestmemit:    1.531130    0.866979    1.000000    0.005778    5.052357
Iteration: 104 bestvalit: 0.002279 bestmemit:    1.531130    0.784013    1.000000    0.005778    5.052357
Iteration: 105 bestvalit: 0.002279 bestmemit:    1.531130    0.784013    1.000000    0.005778    5.052357
Iteration: 106 bestvalit: 0.002279 bestmemit:    1.531130    0.784013    1.000000    0.005778    5.065096
Iteration: 107 bestvalit: 0.002279 bestmemit:    1.531130    0.784013    1.000000    0.005778    5.065096
Iteration: 108 bestvalit: 0.002279 bestmemit:    1.531130    0.784013    1.000000    0.005778    5.065096
Iteration: 109 bestvalit: 0.002279 bestmemit:    1.531130    0.784013    1.000000    0.005778    5.065096
Iteration: 110 bestvalit: 0.002279 bestmemit:    1.531130    0.784013    1.000000    0.005778    5.065096
Iteration: 111 bestvalit: 0.002279 bestmemit:    1.531130    0.784013    1.000000    0.005778    5.065096
Iteration: 112 bestvalit: 0.002279 bestmemit:    1.531130    0.784013    1.000000    0.005778    5.065096
Iteration: 113 bestvalit: 0.002279 bestmemit:    1.531130    0.784013    1.000000    0.005778    5.065096
Iteration: 114 bestvalit: 0.002279 bestmemit:    1.531130    0.784013    1.000000    0.005778    5.065096
Iteration: 115 bestvalit: 0.002279 bestmemit:    1.522123    0.522163    1.000000    0.003685    5.094822
Iteration: 116 bestvalit: 0.002278 bestmemit:    1.517212    0.591315    1.000000    0.000833    5.071658
Iteration: 117 bestvalit: 0.002278 bestmemit:    1.517212    0.634027    1.000000    0.000833    5.071658
Iteration: 118 bestvalit: 0.002278 bestmemit:    1.517212    0.634027    1.000000    0.000833    5.071658
Iteration: 119 bestvalit: 0.002278 bestmemit:    1.517212    0.634027    1.000000    0.000833    5.071658
Iteration: 120 bestvalit: 0.002278 bestmemit:    1.517212    0.634027    1.000000    0.000833    5.071658
Iteration: 121 bestvalit: 0.002278 bestmemit:    1.517212    0.634027    1.000000    0.000833    5.071658
Iteration: 122 bestvalit: 0.002278 bestmemit:    1.517212    0.634027    1.000000    0.000833    5.071658
Iteration: 123 bestvalit: 0.002278 bestmemit:    1.533426    0.441828    1.000000    0.001394    5.081750
Iteration: 124 bestvalit: 0.002278 bestmemit:    1.533426    0.441828    1.000000    0.001394    5.081750
Iteration: 125 bestvalit: 0.002278 bestmemit:    1.534396    0.605179    1.000000    0.002098    5.078521
Iteration: 126 bestvalit: 0.002278 bestmemit:    1.534396    0.605179    1.000000    0.002098    5.078521
Iteration: 127 bestvalit: 0.002278 bestmemit:    1.534396    0.605179    1.000000    0.002098    5.078521
Iteration: 128 bestvalit: 0.002278 bestmemit:    1.534396    0.605179    1.000000    0.002098    5.078521
Iteration: 129 bestvalit: 0.002278 bestmemit:    1.557299    0.528004    1.000000    0.000455    5.094012
Iteration: 130 bestvalit: 0.002278 bestmemit:    1.557299    0.528004    1.000000    0.000455    5.094012
Iteration: 131 bestvalit: 0.002278 bestmemit:    1.580544    0.523412    1.000000    0.001082    5.073962
Iteration: 132 bestvalit: 0.002278 bestmemit:    1.580544    0.523412    1.000000    0.001082    5.073962
Iteration: 133 bestvalit: 0.002278 bestmemit:    1.580544    0.523412    1.000000    0.001082    5.073962
Iteration: 134 bestvalit: 0.002278 bestmemit:    1.580544    0.523412    1.000000    0.001082    5.073962
Iteration: 135 bestvalit: 0.002278 bestmemit:    1.560763    0.602980    1.000000    0.000089    5.078663
Iteration: 136 bestvalit: 0.002278 bestmemit:    1.560763    0.602980    1.000000    0.000089    5.078663
Iteration: 137 bestvalit: 0.002278 bestmemit:    1.562524    0.602980    1.000000    0.000089    5.078663
Iteration: 138 bestvalit: 0.002278 bestmemit:    1.562524    0.602980    1.000000    0.000089    5.078663
Iteration: 139 bestvalit: 0.002278 bestmemit:    1.562614    0.542317    1.000000    0.000062    5.067981
Iteration: 140 bestvalit: 0.002278 bestmemit:    1.562614    0.542317    1.000000    0.000062    5.067981
Iteration: 141 bestvalit: 0.002278 bestmemit:    1.562614    0.554836    1.000000    0.000062    5.067981
Iteration: 142 bestvalit: 0.002278 bestmemit:    1.562614    0.554836    1.000000    0.000062    5.067981
Iteration: 143 bestvalit: 0.002278 bestmemit:    1.578190    0.573647    1.000000    0.000017    5.073123
Iteration: 144 bestvalit: 0.002278 bestmemit:    1.578190    0.573647    1.000000    0.000017    5.073123
Iteration: 145 bestvalit: 0.002278 bestmemit:    1.578190    0.573647    1.000000    0.000017    5.073123
Iteration: 146 bestvalit: 0.002278 bestmemit:    1.578190    0.573647    1.000000    0.000017    5.073123
Iteration: 147 bestvalit: 0.002278 bestmemit:    1.578190    0.573647    1.000000    0.000017    5.073123
Iteration: 148 bestvalit: 0.002278 bestmemit:    1.578190    0.573647    1.000000    0.000017    5.073123
Iteration: 149 bestvalit: 0.002278 bestmemit:    1.578190    0.573647    1.000000    0.000017    5.073123
Iteration: 150 bestvalit: 0.002278 bestmemit:    1.578190    0.573647    1.000000    0.000017    5.073123
Iteration: 151 bestvalit: 0.002278 bestmemit:    1.579921    0.564578    1.000000    0.000002    5.067556
Iteration: 152 bestvalit: 0.002278 bestmemit:    1.579921    0.564578    1.000000    0.000002    5.067556
Iteration: 153 bestvalit: 0.002278 bestmemit:    1.579921    0.564578    1.000000    0.000002    5.067556
Iteration: 154 bestvalit: 0.002278 bestmemit:    1.579921    0.564578    1.000000    0.000002    5.067556
Iteration: 155 bestvalit: 0.002278 bestmemit:    1.579921    0.564578    1.000000    0.000002    5.067556
Iteration: 156 bestvalit: 0.002278 bestmemit:    1.576790    0.590378    1.000000    0.000002    5.067556
Iteration: 157 bestvalit: 0.002278 bestmemit:    1.576790    0.590378    1.000000    0.000002    5.067556
Iteration: 158 bestvalit: 0.002278 bestmemit:    1.576790    0.590378    1.000000    0.000002    5.067556
Iteration: 159 bestvalit: 0.002278 bestmemit:    1.576790    0.590378    1.000000    0.000002    5.067556
Iteration: 160 bestvalit: 0.002278 bestmemit:    1.576790    0.590378    1.000000    0.000002    5.067556
