SLURM_JOB_ID: 55185259
SLURM_JOB_USER: vsc34066
SLURM_JOB_ACCOUNT: lp_desenderlab
SLURM_JOB_NAME: fit_alternating_fb_trim_skip.slurm
SLURM_CLUSTER_NAME: genius
SLURM_JOB_PARTITION: batch
SLURM_ARRAY_JOB_ID: 55185173
SLURM_ARRAY_TASK_ID: 86
SLURM_NNODES: 1
SLURM_NODELIST: r25i27n18
SLURM_JOB_CPUS_PER_NODE: 8
Date: Tue Aug  8 11:36:21 CEST 2023
Walltime: 00-23:59:00
========================================================================
Iteration: 1 bestvalit: 0.015745 bestmemit:   14.015556  -89.302227    1.000000  728.800674
Iteration: 2 bestvalit: 0.009846 bestmemit:   28.179873  -76.943060    1.000000  318.367563
Iteration: 3 bestvalit: 0.009138 bestmemit:   47.753808  -76.943060    1.000000  318.367563
Iteration: 4 bestvalit: 0.009138 bestmemit:   47.753808  -76.943060    1.000000  318.367563
Iteration: 5 bestvalit: 0.008179 bestmemit:   47.753808   25.611313    1.000000  318.367563
Iteration: 6 bestvalit: 0.008179 bestmemit:   47.753808   25.611313    1.000000  318.367563
Iteration: 7 bestvalit: 0.008179 bestmemit:   47.753808   25.611313    1.000000  318.367563
Iteration: 8 bestvalit: 0.008099 bestmemit:   47.753808   25.611313    1.000000  318.367563
Iteration: 9 bestvalit: 0.007263 bestmemit:   27.020617    2.468087    1.000000  318.367563
Iteration: 10 bestvalit: 0.007263 bestmemit:   27.020617    2.468087    1.000000  318.367563
Iteration: 11 bestvalit: 0.007263 bestmemit:   27.020617    2.468087    1.000000  318.367563
Iteration: 12 bestvalit: 0.007263 bestmemit:   27.020617    2.468087    1.000000  318.367563
Iteration: 13 bestvalit: 0.007263 bestmemit:   27.020617    2.468087    1.000000  318.367563
Iteration: 14 bestvalit: 0.007263 bestmemit:   27.020617    2.468087    1.000000  318.367563
Iteration: 15 bestvalit: 0.007263 bestmemit:   27.020617    2.468087    1.000000  318.367563
Iteration: 16 bestvalit: 0.007263 bestmemit:   27.020617    2.468087    1.000000  318.367563
Iteration: 17 bestvalit: 0.007263 bestmemit:   27.020617    2.468087    1.000000  318.367563
Iteration: 18 bestvalit: 0.006627 bestmemit:   18.465289   21.837430    1.000000  325.716255
Iteration: 19 bestvalit: 0.006627 bestmemit:   18.465289   21.837430    1.000000  325.716255
Iteration: 20 bestvalit: 0.006627 bestmemit:   18.465289   21.837430    1.000000  325.716255
Iteration: 21 bestvalit: 0.006627 bestmemit:   18.465289   21.837430    1.000000  325.716255
Iteration: 22 bestvalit: 0.006627 bestmemit:   18.465289   21.837430    1.000000  325.716255
Iteration: 23 bestvalit: 0.006627 bestmemit:   18.465289   21.837430    1.000000  325.716255
Iteration: 24 bestvalit: 0.006627 bestmemit:   18.465289   21.837430    1.000000  325.716255
Iteration: 25 bestvalit: 0.006627 bestmemit:   18.465289   21.837430    1.000000  325.716255
Iteration: 26 bestvalit: 0.006627 bestmemit:   18.465289   21.837430    1.000000  325.716255
Iteration: 27 bestvalit: 0.006627 bestmemit:   18.465289   21.837430    1.000000  325.716255
Iteration: 28 bestvalit: 0.006627 bestmemit:   18.465289   21.837430    1.000000  325.716255
Iteration: 29 bestvalit: 0.006627 bestmemit:   18.465289   21.837430    1.000000  325.716255
Iteration: 30 bestvalit: 0.006627 bestmemit:   18.465289   21.837430    1.000000  325.716255
Iteration: 31 bestvalit: 0.006627 bestmemit:   18.465289   21.837430    1.000000  325.716255
Iteration: 32 bestvalit: 0.006627 bestmemit:   18.465289   21.837430    1.000000  325.716255
Iteration: 33 bestvalit: 0.006627 bestmemit:   18.465289   21.837430    1.000000  325.716255
Iteration: 34 bestvalit: 0.006627 bestmemit:   18.465289   21.837430    1.000000  325.716255
Iteration: 35 bestvalit: 0.006627 bestmemit:   18.465289   21.837430    1.000000  325.716255
Iteration: 36 bestvalit: 0.006627 bestmemit:   18.465289   21.837430    1.000000  325.716255
Iteration: 37 bestvalit: 0.006627 bestmemit:   18.465289   21.837430    1.000000  325.716255
Iteration: 38 bestvalit: 0.006627 bestmemit:   18.465289   21.837430    1.000000  325.716255
Iteration: 39 bestvalit: 0.006492 bestmemit:   26.221627  -49.702540    1.000000  330.942260
Iteration: 40 bestvalit: 0.006492 bestmemit:   26.221627  -49.702540    1.000000  330.942260
Iteration: 41 bestvalit: 0.006492 bestmemit:   26.221627  -49.702540    1.000000  330.942260
Iteration: 42 bestvalit: 0.006492 bestmemit:   26.221627  -49.702540    1.000000  330.942260
Iteration: 43 bestvalit: 0.006492 bestmemit:   26.221627  -49.702540    1.000000  330.942260
Iteration: 44 bestvalit: 0.006492 bestmemit:   26.221627  -49.702540    1.000000  330.942260
Iteration: 45 bestvalit: 0.006492 bestmemit:   26.221627  -49.702540    1.000000  330.942260
Iteration: 46 bestvalit: 0.006492 bestmemit:   26.221627  -49.702540    1.000000  330.942260
Iteration: 47 bestvalit: 0.006492 bestmemit:   26.221627  -49.702540    1.000000  330.942260
Iteration: 48 bestvalit: 0.006492 bestmemit:   26.221627  -49.702540    1.000000  330.942260
Iteration: 49 bestvalit: 0.006492 bestmemit:   26.221627  -49.702540    1.000000  330.942260
Iteration: 50 bestvalit: 0.006492 bestmemit:   26.221627  -49.702540    1.000000  330.942260
Iteration: 51 bestvalit: 0.006492 bestmemit:   26.221627  -49.702540    1.000000  330.942260
Iteration: 52 bestvalit: 0.006492 bestmemit:   26.221627  -49.702540    1.000000  330.942260
Iteration: 53 bestvalit: 0.006492 bestmemit:   26.221627  -49.702540    1.000000  330.942260
Iteration: 54 bestvalit: 0.006492 bestmemit:   26.221627  -49.702540    1.000000  330.942260
Iteration: 55 bestvalit: 0.006492 bestmemit:   26.221627  -49.702540    1.000000  330.942260
Iteration: 56 bestvalit: 0.006492 bestmemit:   26.221627  -49.702540    1.000000  330.942260
Iteration: 57 bestvalit: 0.006492 bestmemit:   26.221627  -49.702540    1.000000  330.942260
Iteration: 58 bestvalit: 0.006492 bestmemit:   26.221627  -49.702540    1.000000  330.942260
Iteration: 59 bestvalit: 0.006492 bestmemit:   26.221627  -49.702540    1.000000  330.942260
Iteration: 60 bestvalit: 0.006492 bestmemit:   26.221627  -49.702540    1.000000  330.942260
Iteration: 61 bestvalit: 0.006492 bestmemit:   26.221627  -49.702540    1.000000  330.942260
Iteration: 62 bestvalit: 0.006492 bestmemit:   26.221627  -49.702540    1.000000  330.942260
Iteration: 63 bestvalit: 0.006492 bestmemit:   26.221627  -49.702540    1.000000  330.942260
Iteration: 64 bestvalit: 0.006492 bestmemit:   26.221627  -49.702540    1.000000  330.942260
Iteration: 65 bestvalit: 0.006492 bestmemit:   26.221627  -49.702540    1.000000  330.942260
Iteration: 66 bestvalit: 0.006492 bestmemit:   26.221627  -49.702540    1.000000  330.942260
Iteration: 67 bestvalit: 0.006492 bestmemit:   26.221627  -49.702540    1.000000  330.942260
Iteration: 68 bestvalit: 0.006492 bestmemit:   26.221627  -49.702540    1.000000  330.942260
Iteration: 69 bestvalit: 0.006492 bestmemit:   26.221627  -49.702540    1.000000  330.942260
Iteration: 70 bestvalit: 0.006312 bestmemit:    2.257620   -2.517480    1.000000  350.870541
Iteration: 71 bestvalit: 0.006312 bestmemit:    2.257620   -2.517480    1.000000  350.870541
Iteration: 72 bestvalit: 0.006312 bestmemit:    2.257620   -2.517480    1.000000  350.870541
Iteration: 73 bestvalit: 0.006312 bestmemit:    2.257620   -2.517480    1.000000  350.870541
Iteration: 74 bestvalit: 0.006312 bestmemit:    2.257620   -2.517480    1.000000  350.870541
Iteration: 75 bestvalit: 0.006312 bestmemit:    2.257620   -2.517480    1.000000  350.870541
Iteration: 76 bestvalit: 0.006312 bestmemit:    2.257620   -2.517480    1.000000  350.870541
Iteration: 77 bestvalit: 0.006312 bestmemit:    2.257620   -2.517480    1.000000  350.870541
Iteration: 78 bestvalit: 0.006312 bestmemit:    2.257620   -2.517480    1.000000  350.870541
Iteration: 79 bestvalit: 0.006312 bestmemit:    2.257620   -2.517480    1.000000  350.870541
Iteration: 80 bestvalit: 0.006312 bestmemit:    2.257620   -2.517480    1.000000  350.870541
Iteration: 81 bestvalit: 0.006312 bestmemit:    2.257620   -2.517480    1.000000  350.870541
Iteration: 82 bestvalit: 0.006312 bestmemit:    2.257620   -2.517480    1.000000  350.870541
Iteration: 83 bestvalit: 0.006312 bestmemit:    2.257620   -2.517480    1.000000  350.870541
Iteration: 84 bestvalit: 0.006312 bestmemit:    2.257620   -2.517480    1.000000  350.870541
Iteration: 85 bestvalit: 0.006312 bestmemit:    2.257620   -2.517480    1.000000  350.870541
Iteration: 86 bestvalit: 0.006312 bestmemit:    2.257620   -2.517480    1.000000  350.870541
Iteration: 87 bestvalit: 0.006312 bestmemit:    2.257620   -2.517480    1.000000  350.870541
Iteration: 88 bestvalit: 0.006312 bestmemit:    2.257620   -2.517480    1.000000  350.870541
Iteration: 89 bestvalit: 0.006312 bestmemit:    2.257620   -2.517480    1.000000  350.870541
Iteration: 90 bestvalit: 0.006312 bestmemit:    2.257620   -2.517480    1.000000  350.870541
Iteration: 91 bestvalit: 0.006312 bestmemit:    2.257620   -2.517480    1.000000  350.870541
Iteration: 92 bestvalit: 0.006312 bestmemit:    2.257620   -2.517480    1.000000  350.870541
Iteration: 93 bestvalit: 0.006312 bestmemit:    2.257620   -2.517480    1.000000  350.870541
Iteration: 94 bestvalit: 0.006312 bestmemit:    2.257620   -2.517480    1.000000  350.870541
Iteration: 95 bestvalit: 0.006312 bestmemit:    2.257620   -2.517480    1.000000  350.870541
Iteration: 96 bestvalit: 0.006312 bestmemit:    2.257620   -2.517480    1.000000  350.870541
Iteration: 97 bestvalit: 0.006312 bestmemit:    2.257620   -2.517480    1.000000  350.870541
Iteration: 98 bestvalit: 0.006312 bestmemit:    2.257620   -2.517480    1.000000  350.870541
Iteration: 99 bestvalit: 0.006312 bestmemit:    2.257620   -2.517480    1.000000  350.870541
Iteration: 100 bestvalit: 0.006312 bestmemit:    2.257620   -2.517480    1.000000  350.870541
Iteration: 101 bestvalit: 0.006312 bestmemit:    2.257620   -2.517480    1.000000  350.870541
Iteration: 102 bestvalit: 0.006312 bestmemit:    2.257620   -2.517480    1.000000  350.870541
Iteration: 103 bestvalit: 0.006312 bestmemit:    2.257620   -2.517480    1.000000  350.870541
Iteration: 104 bestvalit: 0.006312 bestmemit:    2.257620   -2.517480    1.000000  350.870541
Iteration: 105 bestvalit: 0.006312 bestmemit:    2.257620   -2.517480    1.000000  350.870541
Iteration: 106 bestvalit: 0.006312 bestmemit:    2.257620   -2.517480    1.000000  350.870541
Iteration: 107 bestvalit: 0.006312 bestmemit:    2.257620   -2.517480    1.000000  350.870541
Iteration: 108 bestvalit: 0.006312 bestmemit:    2.257620   -2.517480    1.000000  350.870541
Iteration: 109 bestvalit: 0.006312 bestmemit:    2.257620   -2.517480    1.000000  350.870541
Iteration: 110 bestvalit: 0.006312 bestmemit:    2.257620   -2.517480    1.000000  350.870541
Iteration: 111 bestvalit: 0.006312 bestmemit:    2.257620   -2.517480    1.000000  350.870541
Iteration: 112 bestvalit: 0.006312 bestmemit:    2.257620   -2.517480    1.000000  350.870541
Iteration: 113 bestvalit: 0.006312 bestmemit:    2.257620   -2.517480    1.000000  350.870541
Iteration: 114 bestvalit: 0.006312 bestmemit:    2.257620   -2.517480    1.000000  350.870541
Iteration: 115 bestvalit: 0.006312 bestmemit:    2.257620   -2.517480    1.000000  350.870541
Iteration: 116 bestvalit: 0.006312 bestmemit:    2.257620   -2.517480    1.000000  350.870541
Iteration: 117 bestvalit: 0.006312 bestmemit:    2.257620   -2.517480    1.000000  350.870541
Iteration: 118 bestvalit: 0.006312 bestmemit:    2.257620   -2.517480    1.000000  350.870541
Iteration: 119 bestvalit: 0.006312 bestmemit:    2.257620   -2.517480    1.000000  350.870541
Iteration: 120 bestvalit: 0.006312 bestmemit:    2.257620   -2.517480    1.000000  350.870541
Iteration: 121 bestvalit: 0.006312 bestmemit:    2.257620   -2.517480    1.000000  350.870541
Iteration: 122 bestvalit: 0.006312 bestmemit:    2.257620   -2.517480    1.000000  350.870541
Iteration: 123 bestvalit: 0.006312 bestmemit:    2.257620   -2.517480    1.000000  350.870541
Iteration: 124 bestvalit: 0.006312 bestmemit:    2.257620   -2.517480    1.000000  350.870541
Iteration: 125 bestvalit: 0.006312 bestmemit:    2.257620   -2.517480    1.000000  350.870541
Iteration: 126 bestvalit: 0.006312 bestmemit:    2.257620   -2.517480    1.000000  350.870541
Iteration: 127 bestvalit: 0.006312 bestmemit:    2.257620   -2.517480    1.000000  350.870541
Iteration: 128 bestvalit: 0.006312 bestmemit:    2.257620   -2.517480    1.000000  350.870541
Iteration: 129 bestvalit: 0.006312 bestmemit:    2.257620   -2.517480    1.000000  350.870541
Iteration: 130 bestvalit: 0.006312 bestmemit:    2.257620   -2.517480    1.000000  350.870541
Iteration: 131 bestvalit: 0.006312 bestmemit:    2.257620   -2.517480    1.000000  350.870541
Iteration: 132 bestvalit: 0.006202 bestmemit:    9.967231   33.568400    1.000000  321.737587
Iteration: 133 bestvalit: 0.006202 bestmemit:    9.967231   33.568400    1.000000  321.737587
Iteration: 134 bestvalit: 0.006202 bestmemit:    9.967231   33.568400    1.000000  321.737587
Iteration: 135 bestvalit: 0.006202 bestmemit:    9.967231   33.568400    1.000000  321.737587
Iteration: 136 bestvalit: 0.006202 bestmemit:    9.967231   33.568400    1.000000  321.737587
Iteration: 137 bestvalit: 0.006202 bestmemit:    9.967231   33.568400    1.000000  321.737587
Iteration: 138 bestvalit: 0.006202 bestmemit:    9.967231   33.568400    1.000000  321.737587
Iteration: 139 bestvalit: 0.006202 bestmemit:    9.967231   33.568400    1.000000  321.737587
Iteration: 140 bestvalit: 0.006202 bestmemit:    9.967231   33.568400    1.000000  321.737587
Iteration: 141 bestvalit: 0.006202 bestmemit:    9.967231   33.568400    1.000000  321.737587
Iteration: 142 bestvalit: 0.006202 bestmemit:    9.967231   33.568400    1.000000  321.737587
Iteration: 143 bestvalit: 0.006202 bestmemit:    9.967231   33.568400    1.000000  321.737587
Iteration: 144 bestvalit: 0.006202 bestmemit:    9.967231   33.568400    1.000000  321.737587
Iteration: 145 bestvalit: 0.006202 bestmemit:    9.967231   33.568400    1.000000  321.737587
Iteration: 146 bestvalit: 0.006202 bestmemit:    9.967231   33.568400    1.000000  321.737587
Iteration: 147 bestvalit: 0.006202 bestmemit:    9.967231   33.568400    1.000000  321.737587
Iteration: 148 bestvalit: 0.006202 bestmemit:    9.967231   33.568400    1.000000  321.737587
Iteration: 149 bestvalit: 0.006202 bestmemit:    9.967231   33.568400    1.000000  321.737587
Iteration: 150 bestvalit: 0.006202 bestmemit:    9.967231   33.568400    1.000000  321.737587
Iteration: 151 bestvalit: 0.006202 bestmemit:    9.967231   33.568400    1.000000  321.737587
Iteration: 152 bestvalit: 0.006202 bestmemit:    9.967231   33.568400    1.000000  321.737587
Iteration: 153 bestvalit: 0.006125 bestmemit:   27.384469   13.455315    1.000000  290.690702
Iteration: 154 bestvalit: 0.006125 bestmemit:   27.384469   13.455315    1.000000  290.690702
Iteration: 155 bestvalit: 0.006125 bestmemit:   27.384469   13.455315    1.000000  290.690702
Iteration: 156 bestvalit: 0.006125 bestmemit:   27.384469   13.455315    1.000000  290.690702
Iteration: 157 bestvalit: 0.006125 bestmemit:   27.384469   13.455315    1.000000  290.690702
Iteration: 158 bestvalit: 0.006125 bestmemit:   27.384469   13.455315    1.000000  290.690702
Iteration: 159 bestvalit: 0.006125 bestmemit:   27.384469   13.455315    1.000000  290.690702
Iteration: 160 bestvalit: 0.006125 bestmemit:   27.384469   13.455315    1.000000  290.690702
Iteration: 161 bestvalit: 0.006125 bestmemit:   27.384469   13.455315    1.000000  290.690702
Iteration: 162 bestvalit: 0.006125 bestmemit:   27.384469   13.455315    1.000000  290.690702
Iteration: 163 bestvalit: 0.006125 bestmemit:   27.384469   13.455315    1.000000  290.690702
Iteration: 164 bestvalit: 0.006125 bestmemit:   27.384469   13.455315    1.000000  290.690702
Iteration: 165 bestvalit: 0.006125 bestmemit:   27.384469   13.455315    1.000000  290.690702
Iteration: 166 bestvalit: 0.006125 bestmemit:   27.384469   13.455315    1.000000  290.690702
Iteration: 167 bestvalit: 0.006125 bestmemit:   27.384469   13.455315    1.000000  290.690702
Iteration: 168 bestvalit: 0.006125 bestmemit:   27.384469   13.455315    1.000000  290.690702
Iteration: 169 bestvalit: 0.006125 bestmemit:   27.384469   13.455315    1.000000  290.690702
Iteration: 170 bestvalit: 0.006125 bestmemit:   27.384469   13.455315    1.000000  290.690702
Iteration: 171 bestvalit: 0.006125 bestmemit:   27.384469   13.455315    1.000000  290.690702
Iteration: 172 bestvalit: 0.006125 bestmemit:   27.384469   13.455315    1.000000  290.690702
Iteration: 173 bestvalit: 0.006125 bestmemit:   27.384469   13.455315    1.000000  290.690702
Iteration: 174 bestvalit: 0.006125 bestmemit:   27.384469   13.455315    1.000000  290.690702
Iteration: 175 bestvalit: 0.006125 bestmemit:   27.384469   13.455315    1.000000  290.690702
Iteration: 176 bestvalit: 0.006125 bestmemit:   27.384469   13.455315    1.000000  290.690702
Iteration: 177 bestvalit: 0.006125 bestmemit:   27.384469   13.455315    1.000000  290.690702
Iteration: 178 bestvalit: 0.006125 bestmemit:   27.384469   13.455315    1.000000  290.690702
Iteration: 179 bestvalit: 0.006125 bestmemit:   27.384469   13.455315    1.000000  290.690702
Iteration: 180 bestvalit: 0.006125 bestmemit:   27.384469   13.455315    1.000000  290.690702
Iteration: 181 bestvalit: 0.006125 bestmemit:   27.384469   13.455315    1.000000  290.690702
Iteration: 182 bestvalit: 0.006125 bestmemit:   27.384469   13.455315    1.000000  290.690702
Iteration: 183 bestvalit: 0.006125 bestmemit:   27.384469   13.455315    1.000000  290.690702
Iteration: 184 bestvalit: 0.006125 bestmemit:   27.384469   13.455315    1.000000  290.690702
Iteration: 185 bestvalit: 0.006125 bestmemit:   27.384469   13.455315    1.000000  290.690702
Iteration: 186 bestvalit: 0.006125 bestmemit:   27.384469   13.455315    1.000000  290.690702
Iteration: 187 bestvalit: 0.006125 bestmemit:   27.384469   13.455315    1.000000  290.690702
Iteration: 188 bestvalit: 0.006125 bestmemit:   27.384469   13.455315    1.000000  290.690702
Iteration: 189 bestvalit: 0.006125 bestmemit:   27.384469   13.455315    1.000000  290.690702
Iteration: 190 bestvalit: 0.006125 bestmemit:   27.384469   13.455315    1.000000  290.690702
Iteration: 191 bestvalit: 0.006125 bestmemit:   27.384469   13.455315    1.000000  290.690702
Iteration: 192 bestvalit: 0.006125 bestmemit:   27.384469   13.455315    1.000000  290.690702
Iteration: 193 bestvalit: 0.006125 bestmemit:   27.384469   13.455315    1.000000  290.690702
Iteration: 194 bestvalit: 0.006125 bestmemit:   27.384469   13.455315    1.000000  290.690702
Iteration: 195 bestvalit: 0.006125 bestmemit:   27.384469   13.455315    1.000000  290.690702
Iteration: 196 bestvalit: 0.006125 bestmemit:   27.384469   13.455315    1.000000  290.690702
Iteration: 197 bestvalit: 0.006125 bestmemit:   27.384469   13.455315    1.000000  290.690702
Iteration: 198 bestvalit: 0.006125 bestmemit:   27.384469   13.455315    1.000000  290.690702
Iteration: 199 bestvalit: 0.006125 bestmemit:   27.384469   13.455315    1.000000  290.690702
Iteration: 200 bestvalit: 0.006125 bestmemit:   27.384469   13.455315    1.000000  290.690702
Iteration: 201 bestvalit: 0.006125 bestmemit:   27.384469   13.455315    1.000000  290.690702
Iteration: 202 bestvalit: 0.006125 bestmemit:   27.384469   13.455315    1.000000  290.690702
Iteration: 203 bestvalit: 0.006125 bestmemit:   27.384469   13.455315    1.000000  290.690702
Iteration: 204 bestvalit: 0.006125 bestmemit:   27.384469   13.455315    1.000000  290.690702
Iteration: 205 bestvalit: 0.006125 bestmemit:   27.384469   13.455315    1.000000  290.690702
Iteration: 206 bestvalit: 0.006125 bestmemit:   27.384469   13.455315    1.000000  290.690702
Iteration: 207 bestvalit: 0.006125 bestmemit:   27.384469   13.455315    1.000000  290.690702
Iteration: 208 bestvalit: 0.006125 bestmemit:   27.384469   13.455315    1.000000  290.690702
Iteration: 209 bestvalit: 0.006125 bestmemit:   27.384469   13.455315    1.000000  290.690702
Iteration: 210 bestvalit: 0.006125 bestmemit:   27.384469   13.455315    1.000000  290.690702
Iteration: 211 bestvalit: 0.006125 bestmemit:   27.384469   13.455315    1.000000  290.690702
Iteration: 212 bestvalit: 0.006125 bestmemit:   27.384469   13.455315    1.000000  290.690702
Iteration: 213 bestvalit: 0.006125 bestmemit:   27.384469   13.455315    1.000000  290.690702
Iteration: 214 bestvalit: 0.006125 bestmemit:   27.384469   13.455315    1.000000  290.690702
Iteration: 215 bestvalit: 0.006125 bestmemit:   27.384469   13.455315    1.000000  290.690702
Iteration: 216 bestvalit: 0.006125 bestmemit:   27.384469   13.455315    1.000000  290.690702
Iteration: 217 bestvalit: 0.006125 bestmemit:   27.384469   13.455315    1.000000  290.690702
Iteration: 218 bestvalit: 0.006125 bestmemit:   27.384469   13.455315    1.000000  290.690702
Iteration: 219 bestvalit: 0.006125 bestmemit:   27.384469   13.455315    1.000000  290.690702
Iteration: 220 bestvalit: 0.006125 bestmemit:   27.384469   13.455315    1.000000  290.690702
Iteration: 221 bestvalit: 0.006125 bestmemit:   27.384469   13.455315    1.000000  290.690702
Iteration: 222 bestvalit: 0.006125 bestmemit:   27.384469   13.455315    1.000000  290.690702
Iteration: 223 bestvalit: 0.006125 bestmemit:   27.384469   13.455315    1.000000  290.690702
Iteration: 224 bestvalit: 0.006125 bestmemit:   27.384469   13.455315    1.000000  290.690702

***** summary of DEoptim object ***** 
best member   :  27.38447 13.45531 1 290.6907 
best value    :  0.00613 
after         :  224 generations 
fn evaluated  :  450 times 
*************************************
