SLURM_JOB_ID: 55185244
SLURM_JOB_USER: vsc34066
SLURM_JOB_ACCOUNT: lp_desenderlab
SLURM_JOB_NAME: fit_alternating_fb_trim_skip.slurm
SLURM_CLUSTER_NAME: genius
SLURM_JOB_PARTITION: batch
SLURM_ARRAY_JOB_ID: 55185173
SLURM_ARRAY_TASK_ID: 71
SLURM_NNODES: 2
SLURM_NODELIST: r25i27n[14-15]
SLURM_JOB_CPUS_PER_NODE: 4(x2)
Date: Tue Aug  8 11:36:17 CEST 2023
Walltime: 00-23:59:00
========================================================================
Iteration: 1 bestvalit: 0.009210 bestmemit:    5.966617  -66.058359    1.000000  390.643391
Iteration: 2 bestvalit: 0.007105 bestmemit:   12.567469  -36.557621    1.000000  361.441257
Iteration: 3 bestvalit: 0.006930 bestmemit:    5.966617  -63.070104    1.000000  390.643391
Iteration: 4 bestvalit: 0.006312 bestmemit:   15.629956   -9.446766    1.000000  352.945211
Iteration: 5 bestvalit: 0.006312 bestmemit:   15.629956   -9.446766    1.000000  352.945211
Iteration: 6 bestvalit: 0.006312 bestmemit:   15.629956   -9.446766    1.000000  352.945211
Iteration: 7 bestvalit: 0.006312 bestmemit:   15.629956   -9.446766    1.000000  352.945211
Iteration: 8 bestvalit: 0.006312 bestmemit:   15.629956   -9.446766    1.000000  352.945211
Iteration: 9 bestvalit: 0.006312 bestmemit:   15.629956   -9.446766    1.000000  352.945211
Iteration: 10 bestvalit: 0.006312 bestmemit:   15.629956   -9.446766    1.000000  352.945211
Iteration: 11 bestvalit: 0.006312 bestmemit:   15.629956   -9.446766    1.000000  352.945211
Iteration: 12 bestvalit: 0.006312 bestmemit:   15.629956   -9.446766    1.000000  352.945211
Iteration: 13 bestvalit: 0.005810 bestmemit:    0.848452   -3.773494    1.000000  257.351355
Iteration: 14 bestvalit: 0.005782 bestmemit:    9.199015  -16.824534    1.000000  288.413702
Iteration: 15 bestvalit: 0.005526 bestmemit:   41.749378   43.846480    1.000000  297.219110
Iteration: 16 bestvalit: 0.005526 bestmemit:   41.749378   43.846480    1.000000  297.219110
Iteration: 17 bestvalit: 0.005526 bestmemit:   41.749378   43.846480    1.000000  297.219110
Iteration: 18 bestvalit: 0.005526 bestmemit:   41.749378   43.846480    1.000000  297.219110
Iteration: 19 bestvalit: 0.005526 bestmemit:   41.749378   43.846480    1.000000  297.219110
Iteration: 20 bestvalit: 0.005526 bestmemit:   41.749378   43.846480    1.000000  297.219110
Iteration: 21 bestvalit: 0.005526 bestmemit:   41.749378   43.846480    1.000000  297.219110
Iteration: 22 bestvalit: 0.005526 bestmemit:   41.749378   43.846480    1.000000  297.219110
Iteration: 23 bestvalit: 0.005526 bestmemit:   41.749378   43.846480    1.000000  297.219110
Iteration: 24 bestvalit: 0.004977 bestmemit:    5.745988  -41.959905    1.000000  369.536620
Iteration: 25 bestvalit: 0.004977 bestmemit:    5.745988  -41.959905    1.000000  369.536620
Iteration: 26 bestvalit: 0.004977 bestmemit:    5.745988  -41.959905    1.000000  369.536620
Iteration: 27 bestvalit: 0.004977 bestmemit:    5.745988  -41.959905    1.000000  369.536620
Iteration: 28 bestvalit: 0.004977 bestmemit:    5.745988  -41.959905    1.000000  369.536620
Iteration: 29 bestvalit: 0.004977 bestmemit:    5.745988  -41.959905    1.000000  369.536620
Iteration: 30 bestvalit: 0.004977 bestmemit:    5.745988  -41.959905    1.000000  369.536620
Iteration: 31 bestvalit: 0.004977 bestmemit:    5.745988  -41.959905    1.000000  369.536620
Iteration: 32 bestvalit: 0.004977 bestmemit:    5.745988  -41.959905    1.000000  369.536620
Iteration: 33 bestvalit: 0.004977 bestmemit:    5.745988  -41.959905    1.000000  369.536620
Iteration: 34 bestvalit: 0.004977 bestmemit:    5.745988  -41.959905    1.000000  369.536620
Iteration: 35 bestvalit: 0.004977 bestmemit:    5.745988  -41.959905    1.000000  369.536620
Iteration: 36 bestvalit: 0.004977 bestmemit:    5.745988  -41.959905    1.000000  369.536620
Iteration: 37 bestvalit: 0.004977 bestmemit:    5.745988  -41.959905    1.000000  369.536620
Iteration: 38 bestvalit: 0.004977 bestmemit:    5.745988  -41.959905    1.000000  369.536620
Iteration: 39 bestvalit: 0.004977 bestmemit:    5.745988  -41.959905    1.000000  369.536620
Iteration: 40 bestvalit: 0.004977 bestmemit:    5.745988  -41.959905    1.000000  369.536620
Iteration: 41 bestvalit: 0.004977 bestmemit:    5.745988  -41.959905    1.000000  369.536620
Iteration: 42 bestvalit: 0.004977 bestmemit:    5.745988  -41.959905    1.000000  369.536620
Iteration: 43 bestvalit: 0.004977 bestmemit:    5.745988  -41.959905    1.000000  369.536620
Iteration: 44 bestvalit: 0.004977 bestmemit:    5.745988  -41.959905    1.000000  369.536620
Iteration: 45 bestvalit: 0.004977 bestmemit:    5.745988  -41.959905    1.000000  369.536620
Iteration: 46 bestvalit: 0.004977 bestmemit:    5.745988  -41.959905    1.000000  369.536620
Iteration: 47 bestvalit: 0.004977 bestmemit:    5.745988  -41.959905    1.000000  369.536620
Iteration: 48 bestvalit: 0.004977 bestmemit:    5.745988  -41.959905    1.000000  369.536620
Iteration: 49 bestvalit: 0.004977 bestmemit:    5.745988  -41.959905    1.000000  369.536620
Iteration: 50 bestvalit: 0.004977 bestmemit:    5.745988  -41.959905    1.000000  369.536620
Iteration: 51 bestvalit: 0.004977 bestmemit:    5.745988  -41.959905    1.000000  369.536620
Iteration: 52 bestvalit: 0.004977 bestmemit:    5.745988  -41.959905    1.000000  369.536620
Iteration: 53 bestvalit: 0.004977 bestmemit:    5.745988  -41.959905    1.000000  369.536620
Iteration: 54 bestvalit: 0.004977 bestmemit:    5.745988  -41.959905    1.000000  369.536620
Iteration: 55 bestvalit: 0.004977 bestmemit:    5.745988  -41.959905    1.000000  369.536620
Iteration: 56 bestvalit: 0.004626 bestmemit:    6.464700  -35.852403    1.000000  326.613732
Iteration: 57 bestvalit: 0.004626 bestmemit:    6.464700  -35.852403    1.000000  326.613732
Iteration: 58 bestvalit: 0.004626 bestmemit:    6.464700  -35.852403    1.000000  326.613732
Iteration: 59 bestvalit: 0.004626 bestmemit:    6.464700  -35.852403    1.000000  326.613732
Iteration: 60 bestvalit: 0.004626 bestmemit:    6.464700  -35.852403    1.000000  326.613732
Iteration: 61 bestvalit: 0.004626 bestmemit:    6.464700  -35.852403    1.000000  326.613732
Iteration: 62 bestvalit: 0.004626 bestmemit:    6.464700  -35.852403    1.000000  326.613732
Iteration: 63 bestvalit: 0.004626 bestmemit:    6.464700  -35.852403    1.000000  326.613732
Iteration: 64 bestvalit: 0.004626 bestmemit:    6.464700  -35.852403    1.000000  326.613732
Iteration: 65 bestvalit: 0.004626 bestmemit:    6.464700  -35.852403    1.000000  326.613732
Iteration: 66 bestvalit: 0.004626 bestmemit:    6.464700  -35.852403    1.000000  326.613732
Iteration: 67 bestvalit: 0.004626 bestmemit:    6.464700  -35.852403    1.000000  326.613732
Iteration: 68 bestvalit: 0.004626 bestmemit:    6.464700  -35.852403    1.000000  326.613732
Iteration: 69 bestvalit: 0.004626 bestmemit:    6.464700  -35.852403    1.000000  326.613732
Iteration: 70 bestvalit: 0.004626 bestmemit:    6.464700  -35.852403    1.000000  326.613732
Iteration: 71 bestvalit: 0.004626 bestmemit:    6.464700  -35.852403    1.000000  326.613732
Iteration: 72 bestvalit: 0.004626 bestmemit:    6.464700  -35.852403    1.000000  326.613732
Iteration: 73 bestvalit: 0.004626 bestmemit:    6.464700  -35.852403    1.000000  326.613732
Iteration: 74 bestvalit: 0.004626 bestmemit:    6.464700  -35.852403    1.000000  326.613732
Iteration: 75 bestvalit: 0.004626 bestmemit:    6.464700  -35.852403    1.000000  326.613732
Iteration: 76 bestvalit: 0.004626 bestmemit:    6.464700  -35.852403    1.000000  326.613732
Iteration: 77 bestvalit: 0.004626 bestmemit:    6.464700  -35.852403    1.000000  326.613732
Iteration: 78 bestvalit: 0.004626 bestmemit:    6.464700  -35.852403    1.000000  326.613732
Iteration: 79 bestvalit: 0.004626 bestmemit:    6.464700  -35.852403    1.000000  326.613732
Iteration: 80 bestvalit: 0.004626 bestmemit:    6.464700  -35.852403    1.000000  326.613732
Iteration: 81 bestvalit: 0.004626 bestmemit:    6.464700  -35.852403    1.000000  326.613732
Iteration: 82 bestvalit: 0.004626 bestmemit:    6.464700  -35.852403    1.000000  326.613732
Iteration: 83 bestvalit: 0.004626 bestmemit:    6.464700  -35.852403    1.000000  326.613732
Iteration: 84 bestvalit: 0.004626 bestmemit:    6.464700  -35.852403    1.000000  326.613732
Iteration: 85 bestvalit: 0.004626 bestmemit:    6.464700  -35.852403    1.000000  326.613732
Iteration: 86 bestvalit: 0.004626 bestmemit:    6.464700  -35.852403    1.000000  326.613732
Iteration: 87 bestvalit: 0.004626 bestmemit:    6.464700  -35.852403    1.000000  326.613732
Iteration: 88 bestvalit: 0.004626 bestmemit:    6.464700  -35.852403    1.000000  326.613732
Iteration: 89 bestvalit: 0.004626 bestmemit:    6.464700  -35.852403    1.000000  326.613732
Iteration: 90 bestvalit: 0.004626 bestmemit:    6.464700  -35.852403    1.000000  326.613732
Iteration: 91 bestvalit: 0.004626 bestmemit:    6.464700  -35.852403    1.000000  326.613732
Iteration: 92 bestvalit: 0.004626 bestmemit:    6.464700  -35.852403    1.000000  326.613732
Iteration: 93 bestvalit: 0.004626 bestmemit:    6.464700  -35.852403    1.000000  326.613732
Iteration: 94 bestvalit: 0.004626 bestmemit:    6.464700  -35.852403    1.000000  326.613732
Iteration: 95 bestvalit: 0.004626 bestmemit:    6.464700  -35.852403    1.000000  326.613732
Iteration: 96 bestvalit: 0.004626 bestmemit:    6.464700  -35.852403    1.000000  326.613732
Iteration: 97 bestvalit: 0.004626 bestmemit:    6.464700  -35.852403    1.000000  326.613732
Iteration: 98 bestvalit: 0.004626 bestmemit:    6.464700  -35.852403    1.000000  326.613732
Iteration: 99 bestvalit: 0.004626 bestmemit:    6.464700  -35.852403    1.000000  326.613732
Iteration: 100 bestvalit: 0.004626 bestmemit:    6.464700  -35.852403    1.000000  326.613732
Iteration: 101 bestvalit: 0.004626 bestmemit:    6.464700  -35.852403    1.000000  326.613732
Iteration: 102 bestvalit: 0.004626 bestmemit:    6.464700  -35.852403    1.000000  326.613732
Iteration: 103 bestvalit: 0.004626 bestmemit:    6.464700  -35.852403    1.000000  326.613732
Iteration: 104 bestvalit: 0.004626 bestmemit:    6.464700  -35.852403    1.000000  326.613732
Iteration: 105 bestvalit: 0.004626 bestmemit:    6.464700  -35.852403    1.000000  326.613732
Iteration: 106 bestvalit: 0.004626 bestmemit:    6.464700  -35.852403    1.000000  326.613732
Iteration: 107 bestvalit: 0.004626 bestmemit:    6.464700  -35.852403    1.000000  326.613732
Iteration: 108 bestvalit: 0.004626 bestmemit:    6.464700  -35.852403    1.000000  326.613732
Iteration: 109 bestvalit: 0.004626 bestmemit:    6.464700  -35.852403    1.000000  326.613732
Iteration: 110 bestvalit: 0.004626 bestmemit:    6.464700  -35.852403    1.000000  326.613732
Iteration: 111 bestvalit: 0.004626 bestmemit:    6.464700  -35.852403    1.000000  326.613732
Iteration: 112 bestvalit: 0.004626 bestmemit:    6.464700  -35.852403    1.000000  326.613732
Iteration: 113 bestvalit: 0.004626 bestmemit:    6.464700  -35.852403    1.000000  326.613732
Iteration: 114 bestvalit: 0.004626 bestmemit:    6.464700  -35.852403    1.000000  326.613732
Iteration: 115 bestvalit: 0.004626 bestmemit:    6.464700  -35.852403    1.000000  326.613732
Iteration: 116 bestvalit: 0.004626 bestmemit:    6.464700  -35.852403    1.000000  326.613732
Iteration: 117 bestvalit: 0.004626 bestmemit:    6.464700  -35.852403    1.000000  326.613732
Iteration: 118 bestvalit: 0.004626 bestmemit:    6.464700  -35.852403    1.000000  326.613732
Iteration: 119 bestvalit: 0.004626 bestmemit:    6.464700  -35.852403    1.000000  326.613732
Iteration: 120 bestvalit: 0.004626 bestmemit:    6.464700  -35.852403    1.000000  326.613732
Iteration: 121 bestvalit: 0.004626 bestmemit:    6.464700  -35.852403    1.000000  326.613732
Iteration: 122 bestvalit: 0.004626 bestmemit:    6.464700  -35.852403    1.000000  326.613732
Iteration: 123 bestvalit: 0.004626 bestmemit:    6.464700  -35.852403    1.000000  326.613732
Iteration: 124 bestvalit: 0.004626 bestmemit:    6.464700  -35.852403    1.000000  326.613732
Iteration: 125 bestvalit: 0.004626 bestmemit:    6.464700  -35.852403    1.000000  326.613732
Iteration: 126 bestvalit: 0.004626 bestmemit:    6.464700  -35.852403    1.000000  326.613732
Iteration: 127 bestvalit: 0.004626 bestmemit:    6.464700  -35.852403    1.000000  326.613732

***** summary of DEoptim object ***** 
best member   :  6.4647 -35.8524 1 326.6137 
best value    :  0.00463 
after         :  127 generations 
fn evaluated  :  256 times 
*************************************
