SLURM_JOB_ID: 55185185
SLURM_JOB_USER: vsc34066
SLURM_JOB_ACCOUNT: lp_desenderlab
SLURM_JOB_NAME: fit_alternating_fb_trim_skip.slurm
SLURM_CLUSTER_NAME: genius
SLURM_JOB_PARTITION: batch
SLURM_ARRAY_JOB_ID: 55185173
SLURM_ARRAY_TASK_ID: 12
SLURM_NNODES: 2
SLURM_NODELIST: r23i13n[07,24]
SLURM_JOB_CPUS_PER_NODE: 2,6
Date: Tue Aug  8 11:36:16 CEST 2023
Walltime: 00-23:59:00
========================================================================
Iteration: 1 bestvalit: 0.010514 bestmemit:   30.771372  -68.087273    1.000000  554.034624
Iteration: 2 bestvalit: 0.010514 bestmemit:   30.771372  -68.087273    1.000000  554.034624
Iteration: 3 bestvalit: 0.007632 bestmemit:   18.908237  -76.270490    1.000000  192.142859
Iteration: 4 bestvalit: 0.006944 bestmemit:   29.841816  -86.432180    1.000000  286.403105
Iteration: 5 bestvalit: 0.006205 bestmemit:   18.908237  -76.270490    1.000000  192.142859
Iteration: 6 bestvalit: 0.006088 bestmemit:   21.258873  -27.479621    1.000000  197.372452
Iteration: 7 bestvalit: 0.006004 bestmemit:   14.900105   25.559895    1.000000  283.371824
Iteration: 8 bestvalit: 0.006004 bestmemit:   14.900105   25.559895    1.000000  283.371824
Iteration: 9 bestvalit: 0.006004 bestmemit:   14.900105   25.559895    1.000000  283.371824
Iteration: 10 bestvalit: 0.006004 bestmemit:   14.900105   25.559895    1.000000  283.371824
Iteration: 11 bestvalit: 0.006004 bestmemit:   14.900105   25.559895    1.000000  283.371824
Iteration: 12 bestvalit: 0.005768 bestmemit:   36.042836   -8.269932    1.000000  340.488961
Iteration: 13 bestvalit: 0.005548 bestmemit:   21.258873   11.292462    1.000000  197.372452
Iteration: 14 bestvalit: 0.005548 bestmemit:   21.258873   11.292462    1.000000  197.372452
Iteration: 15 bestvalit: 0.005383 bestmemit:   16.981195    9.723816    1.000000  231.540251
Iteration: 16 bestvalit: 0.005383 bestmemit:   16.981195    9.723816    1.000000  231.540251
Iteration: 17 bestvalit: 0.005383 bestmemit:   16.981195    9.723816    1.000000  231.540251
Iteration: 18 bestvalit: 0.005383 bestmemit:   16.981195    9.723816    1.000000  231.540251
Iteration: 19 bestvalit: 0.005383 bestmemit:   16.981195    9.723816    1.000000  231.540251
Iteration: 20 bestvalit: 0.005349 bestmemit:    6.893441  -62.400337    1.000000  266.038768
Iteration: 21 bestvalit: 0.005349 bestmemit:    6.893441  -62.400337    1.000000  266.038768
Iteration: 22 bestvalit: 0.005349 bestmemit:    6.893441  -62.400337    1.000000  266.038768
Iteration: 23 bestvalit: 0.005349 bestmemit:    6.893441  -62.400337    1.000000  266.038768
Iteration: 24 bestvalit: 0.005349 bestmemit:    6.893441  -62.400337    1.000000  266.038768
Iteration: 25 bestvalit: 0.005349 bestmemit:    6.893441  -62.400337    1.000000  266.038768
Iteration: 26 bestvalit: 0.005349 bestmemit:    6.893441  -62.400337    1.000000  266.038768
Iteration: 27 bestvalit: 0.005349 bestmemit:    6.893441  -62.400337    1.000000  266.038768
Iteration: 28 bestvalit: 0.005349 bestmemit:    6.893441  -62.400337    1.000000  266.038768
Iteration: 29 bestvalit: 0.005349 bestmemit:    6.893441  -62.400337    1.000000  266.038768
Iteration: 30 bestvalit: 0.005349 bestmemit:    6.893441  -62.400337    1.000000  266.038768
Iteration: 31 bestvalit: 0.005349 bestmemit:    6.893441  -62.400337    1.000000  266.038768
Iteration: 32 bestvalit: 0.005349 bestmemit:    6.893441  -62.400337    1.000000  266.038768
Iteration: 33 bestvalit: 0.005349 bestmemit:    6.893441  -62.400337    1.000000  266.038768
Iteration: 34 bestvalit: 0.005349 bestmemit:    6.893441  -62.400337    1.000000  266.038768
Iteration: 35 bestvalit: 0.005289 bestmemit:    1.517295   -0.892728    1.000000  209.636476
Iteration: 36 bestvalit: 0.005289 bestmemit:    1.517295   -0.892728    1.000000  209.636476
Iteration: 37 bestvalit: 0.005087 bestmemit:   20.372971   79.305693    1.000000  221.792346
Iteration: 38 bestvalit: 0.005087 bestmemit:   20.372971   79.305693    1.000000  221.792346
Iteration: 39 bestvalit: 0.005009 bestmemit:   19.219433    5.276239    1.000000  230.830216
Iteration: 40 bestvalit: 0.005009 bestmemit:   19.219433    5.276239    1.000000  230.830216
Iteration: 41 bestvalit: 0.005009 bestmemit:   19.219433    5.276239    1.000000  230.830216
Iteration: 42 bestvalit: 0.005009 bestmemit:   19.219433    5.276239    1.000000  230.830216
Iteration: 43 bestvalit: 0.005009 bestmemit:   19.219433    5.276239    1.000000  230.830216
Iteration: 44 bestvalit: 0.005009 bestmemit:   19.219433    5.276239    1.000000  230.830216
Iteration: 45 bestvalit: 0.005009 bestmemit:   19.219433    5.276239    1.000000  230.830216
Iteration: 46 bestvalit: 0.005009 bestmemit:   19.219433    5.276239    1.000000  230.830216
Iteration: 47 bestvalit: 0.005009 bestmemit:   19.219433    5.276239    1.000000  230.830216
Iteration: 48 bestvalit: 0.005009 bestmemit:   19.219433    5.276239    1.000000  230.830216
Iteration: 49 bestvalit: 0.005009 bestmemit:   19.219433    5.276239    1.000000  230.830216
Iteration: 50 bestvalit: 0.005009 bestmemit:   19.219433    5.276239    1.000000  230.830216
Iteration: 51 bestvalit: 0.005009 bestmemit:   19.219433    5.276239    1.000000  230.830216
Iteration: 52 bestvalit: 0.005009 bestmemit:   19.219433    5.276239    1.000000  230.830216
Iteration: 53 bestvalit: 0.005009 bestmemit:   19.219433    5.276239    1.000000  230.830216
Iteration: 54 bestvalit: 0.005009 bestmemit:   19.219433    5.276239    1.000000  230.830216
Iteration: 55 bestvalit: 0.005009 bestmemit:   19.219433    5.276239    1.000000  230.830216
Iteration: 56 bestvalit: 0.005009 bestmemit:   19.219433    5.276239    1.000000  230.830216
Iteration: 57 bestvalit: 0.005009 bestmemit:   19.219433    5.276239    1.000000  230.830216
Iteration: 58 bestvalit: 0.005009 bestmemit:   19.219433    5.276239    1.000000  230.830216
Iteration: 59 bestvalit: 0.005009 bestmemit:   19.219433    5.276239    1.000000  230.830216
Iteration: 60 bestvalit: 0.005009 bestmemit:   19.219433    5.276239    1.000000  230.830216
Iteration: 61 bestvalit: 0.005009 bestmemit:   19.219433    5.276239    1.000000  230.830216
Iteration: 62 bestvalit: 0.005009 bestmemit:   19.219433    5.276239    1.000000  230.830216
Iteration: 63 bestvalit: 0.005009 bestmemit:   19.219433    5.276239    1.000000  230.830216
Iteration: 64 bestvalit: 0.005009 bestmemit:   19.219433    5.276239    1.000000  230.830216
Iteration: 65 bestvalit: 0.005009 bestmemit:   19.219433    5.276239    1.000000  230.830216
Iteration: 66 bestvalit: 0.005009 bestmemit:   19.219433    5.276239    1.000000  230.830216
Iteration: 67 bestvalit: 0.005009 bestmemit:   19.219433    5.276239    1.000000  230.830216
Iteration: 68 bestvalit: 0.005009 bestmemit:   19.219433    5.276239    1.000000  230.830216
Iteration: 69 bestvalit: 0.005009 bestmemit:   19.219433    5.276239    1.000000  230.830216
Iteration: 70 bestvalit: 0.005009 bestmemit:   19.219433    5.276239    1.000000  230.830216
Iteration: 71 bestvalit: 0.005009 bestmemit:   19.219433    5.276239    1.000000  230.830216
Iteration: 72 bestvalit: 0.005009 bestmemit:   19.219433    5.276239    1.000000  230.830216
Iteration: 73 bestvalit: 0.005009 bestmemit:   19.219433    5.276239    1.000000  230.830216
Iteration: 74 bestvalit: 0.005009 bestmemit:   19.219433    5.276239    1.000000  230.830216
Iteration: 75 bestvalit: 0.005009 bestmemit:   19.219433    5.276239    1.000000  230.830216
Iteration: 76 bestvalit: 0.005009 bestmemit:   19.219433    5.276239    1.000000  230.830216
Iteration: 77 bestvalit: 0.005009 bestmemit:   19.219433    5.276239    1.000000  230.830216
Iteration: 78 bestvalit: 0.005009 bestmemit:   19.219433    5.276239    1.000000  230.830216
Iteration: 79 bestvalit: 0.005009 bestmemit:   19.219433    5.276239    1.000000  230.830216
Iteration: 80 bestvalit: 0.005009 bestmemit:   19.219433    5.276239    1.000000  230.830216
Iteration: 81 bestvalit: 0.005009 bestmemit:   19.219433    5.276239    1.000000  230.830216
Iteration: 82 bestvalit: 0.004845 bestmemit:   19.754812   17.556430    1.000000  257.429777
Iteration: 83 bestvalit: 0.004845 bestmemit:   19.754812   17.556430    1.000000  257.429777
Iteration: 84 bestvalit: 0.004845 bestmemit:   19.754812   17.556430    1.000000  257.429777
Iteration: 85 bestvalit: 0.004845 bestmemit:   19.754812   17.556430    1.000000  257.429777
Iteration: 86 bestvalit: 0.004845 bestmemit:   19.754812   17.556430    1.000000  257.429777
Iteration: 87 bestvalit: 0.004845 bestmemit:   19.754812   17.556430    1.000000  257.429777
Iteration: 88 bestvalit: 0.004845 bestmemit:   19.754812   17.556430    1.000000  257.429777
Iteration: 89 bestvalit: 0.004845 bestmemit:   19.754812   17.556430    1.000000  257.429777
Iteration: 90 bestvalit: 0.004845 bestmemit:   19.754812   17.556430    1.000000  257.429777
Iteration: 91 bestvalit: 0.004845 bestmemit:   19.754812   17.556430    1.000000  257.429777
Iteration: 92 bestvalit: 0.004845 bestmemit:   19.754812   17.556430    1.000000  257.429777
Iteration: 93 bestvalit: 0.004845 bestmemit:   19.754812   17.556430    1.000000  257.429777
Iteration: 94 bestvalit: 0.004845 bestmemit:   19.754812   17.556430    1.000000  257.429777
Iteration: 95 bestvalit: 0.004845 bestmemit:   19.754812   17.556430    1.000000  257.429777
Iteration: 96 bestvalit: 0.004845 bestmemit:   19.754812   17.556430    1.000000  257.429777
Iteration: 97 bestvalit: 0.004845 bestmemit:   19.754812   17.556430    1.000000  257.429777
Iteration: 98 bestvalit: 0.004845 bestmemit:   19.754812   17.556430    1.000000  257.429777
Iteration: 99 bestvalit: 0.004845 bestmemit:   19.754812   17.556430    1.000000  257.429777
Iteration: 100 bestvalit: 0.004845 bestmemit:   19.754812   17.556430    1.000000  257.429777
Iteration: 101 bestvalit: 0.004845 bestmemit:   19.754812   17.556430    1.000000  257.429777
Iteration: 102 bestvalit: 0.004845 bestmemit:   19.754812   17.556430    1.000000  257.429777
Iteration: 103 bestvalit: 0.004845 bestmemit:   19.754812   17.556430    1.000000  257.429777
Iteration: 104 bestvalit: 0.004845 bestmemit:   19.754812   17.556430    1.000000  257.429777
Iteration: 105 bestvalit: 0.004845 bestmemit:   19.754812   17.556430    1.000000  257.429777
Iteration: 106 bestvalit: 0.004845 bestmemit:   19.754812   17.556430    1.000000  257.429777
Iteration: 107 bestvalit: 0.004845 bestmemit:   19.754812   17.556430    1.000000  257.429777
Iteration: 108 bestvalit: 0.004845 bestmemit:   19.754812   17.556430    1.000000  257.429777
Iteration: 109 bestvalit: 0.004845 bestmemit:   19.754812   17.556430    1.000000  257.429777
Iteration: 110 bestvalit: 0.004845 bestmemit:   19.754812   17.556430    1.000000  257.429777
Iteration: 111 bestvalit: 0.004845 bestmemit:   19.754812   17.556430    1.000000  257.429777
Iteration: 112 bestvalit: 0.004845 bestmemit:   19.754812   17.556430    1.000000  257.429777
Iteration: 113 bestvalit: 0.004845 bestmemit:   19.754812   17.556430    1.000000  257.429777
Iteration: 114 bestvalit: 0.004845 bestmemit:   19.754812   17.556430    1.000000  257.429777
Iteration: 115 bestvalit: 0.004845 bestmemit:   19.754812   17.556430    1.000000  257.429777
Iteration: 116 bestvalit: 0.004845 bestmemit:   19.754812   17.556430    1.000000  257.429777
Iteration: 117 bestvalit: 0.004845 bestmemit:   19.754812   17.556430    1.000000  257.429777
Iteration: 118 bestvalit: 0.004845 bestmemit:   19.754812   17.556430    1.000000  257.429777
Iteration: 119 bestvalit: 0.004845 bestmemit:   19.754812   17.556430    1.000000  257.429777
Iteration: 120 bestvalit: 0.004845 bestmemit:   19.754812   17.556430    1.000000  257.429777
Iteration: 121 bestvalit: 0.004845 bestmemit:   19.754812   17.556430    1.000000  257.429777
Iteration: 122 bestvalit: 0.004787 bestmemit:    3.296564   60.196843    1.000000  249.576926
Iteration: 123 bestvalit: 0.004787 bestmemit:    3.296564   60.196843    1.000000  249.576926
Iteration: 124 bestvalit: 0.004787 bestmemit:    3.296564   60.196843    1.000000  249.576926
Iteration: 125 bestvalit: 0.004787 bestmemit:    3.296564   60.196843    1.000000  249.576926
Iteration: 126 bestvalit: 0.004787 bestmemit:    3.296564   60.196843    1.000000  249.576926
Iteration: 127 bestvalit: 0.004787 bestmemit:    3.296564   60.196843    1.000000  249.576926
Iteration: 128 bestvalit: 0.004787 bestmemit:    3.296564   60.196843    1.000000  249.576926
Iteration: 129 bestvalit: 0.004787 bestmemit:    3.296564   60.196843    1.000000  249.576926
Iteration: 130 bestvalit: 0.004787 bestmemit:    3.296564   60.196843    1.000000  249.576926
Iteration: 131 bestvalit: 0.004787 bestmemit:    3.296564   60.196843    1.000000  249.576926
Iteration: 132 bestvalit: 0.004787 bestmemit:    3.296564   60.196843    1.000000  249.576926
Iteration: 133 bestvalit: 0.004787 bestmemit:    3.296564   60.196843    1.000000  249.576926
Iteration: 134 bestvalit: 0.004787 bestmemit:    3.296564   60.196843    1.000000  249.576926
Iteration: 135 bestvalit: 0.004787 bestmemit:    3.296564   60.196843    1.000000  249.576926
Iteration: 136 bestvalit: 0.004787 bestmemit:    3.296564   60.196843    1.000000  249.576926
Iteration: 137 bestvalit: 0.004787 bestmemit:    3.296564   60.196843    1.000000  249.576926
Iteration: 138 bestvalit: 0.004787 bestmemit:    3.296564   60.196843    1.000000  249.576926
Iteration: 139 bestvalit: 0.004787 bestmemit:    3.296564   60.196843    1.000000  249.576926
Iteration: 140 bestvalit: 0.004787 bestmemit:    3.296564   60.196843    1.000000  249.576926
Iteration: 141 bestvalit: 0.004787 bestmemit:    3.296564   60.196843    1.000000  249.576926
Iteration: 142 bestvalit: 0.004787 bestmemit:    3.296564   60.196843    1.000000  249.576926
Iteration: 143 bestvalit: 0.004787 bestmemit:    3.296564   60.196843    1.000000  249.576926
Iteration: 144 bestvalit: 0.004787 bestmemit:    3.296564   60.196843    1.000000  249.576926
Iteration: 145 bestvalit: 0.004787 bestmemit:    3.296564   60.196843    1.000000  249.576926
Iteration: 146 bestvalit: 0.004787 bestmemit:    3.296564   60.196843    1.000000  249.576926
Iteration: 147 bestvalit: 0.004787 bestmemit:    3.296564   60.196843    1.000000  249.576926
Iteration: 148 bestvalit: 0.004787 bestmemit:    3.296564   60.196843    1.000000  249.576926
Iteration: 149 bestvalit: 0.004787 bestmemit:    3.296564   60.196843    1.000000  249.576926
Iteration: 150 bestvalit: 0.004787 bestmemit:    3.296564   60.196843    1.000000  249.576926
Iteration: 151 bestvalit: 0.004787 bestmemit:    3.296564   60.196843    1.000000  249.576926
Iteration: 152 bestvalit: 0.004787 bestmemit:    3.296564   60.196843    1.000000  249.576926
Iteration: 153 bestvalit: 0.004787 bestmemit:    3.296564   60.196843    1.000000  249.576926
Iteration: 154 bestvalit: 0.004787 bestmemit:    3.296564   60.196843    1.000000  249.576926
Iteration: 155 bestvalit: 0.004787 bestmemit:    3.296564   60.196843    1.000000  249.576926
Iteration: 156 bestvalit: 0.004787 bestmemit:    3.296564   60.196843    1.000000  249.576926
Iteration: 157 bestvalit: 0.004787 bestmemit:    3.296564   60.196843    1.000000  249.576926
Iteration: 158 bestvalit: 0.004787 bestmemit:    3.296564   60.196843    1.000000  249.576926
Iteration: 159 bestvalit: 0.004787 bestmemit:    3.296564   60.196843    1.000000  249.576926
Iteration: 160 bestvalit: 0.004787 bestmemit:    3.296564   60.196843    1.000000  249.576926
Iteration: 161 bestvalit: 0.004787 bestmemit:    3.296564   60.196843    1.000000  249.576926
Iteration: 162 bestvalit: 0.004787 bestmemit:    3.296564   60.196843    1.000000  249.576926
Iteration: 163 bestvalit: 0.004787 bestmemit:    3.296564   60.196843    1.000000  249.576926
Iteration: 164 bestvalit: 0.004787 bestmemit:    3.296564   60.196843    1.000000  249.576926
Iteration: 165 bestvalit: 0.004787 bestmemit:    3.296564   60.196843    1.000000  249.576926
Iteration: 166 bestvalit: 0.004787 bestmemit:    3.296564   60.196843    1.000000  249.576926
Iteration: 167 bestvalit: 0.004787 bestmemit:    3.296564   60.196843    1.000000  249.576926
Iteration: 168 bestvalit: 0.004787 bestmemit:    3.296564   60.196843    1.000000  249.576926
Iteration: 169 bestvalit: 0.004787 bestmemit:    3.296564   60.196843    1.000000  249.576926
Iteration: 170 bestvalit: 0.004787 bestmemit:    3.296564   60.196843    1.000000  249.576926
Iteration: 171 bestvalit: 0.004787 bestmemit:    3.296564   60.196843    1.000000  249.576926
Iteration: 172 bestvalit: 0.004787 bestmemit:    3.296564   60.196843    1.000000  249.576926
Iteration: 173 bestvalit: 0.004787 bestmemit:    3.296564   60.196843    1.000000  249.576926
Iteration: 174 bestvalit: 0.004787 bestmemit:    3.296564   60.196843    1.000000  249.576926
Iteration: 175 bestvalit: 0.004787 bestmemit:    3.296564   60.196843    1.000000  249.576926
Iteration: 176 bestvalit: 0.004787 bestmemit:    3.296564   60.196843    1.000000  249.576926
Iteration: 177 bestvalit: 0.004787 bestmemit:    3.296564   60.196843    1.000000  249.576926
Iteration: 178 bestvalit: 0.004787 bestmemit:    3.296564   60.196843    1.000000  249.576926
Iteration: 179 bestvalit: 0.004787 bestmemit:    3.296564   60.196843    1.000000  249.576926
Iteration: 180 bestvalit: 0.004787 bestmemit:    3.296564   60.196843    1.000000  249.576926
Iteration: 181 bestvalit: 0.004787 bestmemit:    3.296564   60.196843    1.000000  249.576926
Iteration: 182 bestvalit: 0.004787 bestmemit:    3.296564   60.196843    1.000000  249.576926
Iteration: 183 bestvalit: 0.004787 bestmemit:    3.296564   60.196843    1.000000  249.576926
Iteration: 184 bestvalit: 0.004787 bestmemit:    3.296564   60.196843    1.000000  249.576926
Iteration: 185 bestvalit: 0.004787 bestmemit:    3.296564   60.196843    1.000000  249.576926
Iteration: 186 bestvalit: 0.004787 bestmemit:    3.296564   60.196843    1.000000  249.576926
Iteration: 187 bestvalit: 0.004787 bestmemit:    3.296564   60.196843    1.000000  249.576926
Iteration: 188 bestvalit: 0.004787 bestmemit:    3.296564   60.196843    1.000000  249.576926
Iteration: 189 bestvalit: 0.004787 bestmemit:    3.296564   60.196843    1.000000  249.576926
Iteration: 190 bestvalit: 0.004787 bestmemit:    3.296564   60.196843    1.000000  249.576926
Iteration: 191 bestvalit: 0.004787 bestmemit:    3.296564   60.196843    1.000000  249.576926
Iteration: 192 bestvalit: 0.004787 bestmemit:    3.296564   60.196843    1.000000  249.576926
Iteration: 193 bestvalit: 0.004787 bestmemit:    3.296564   60.196843    1.000000  249.576926

***** summary of DEoptim object ***** 
best member   :  3.29656 60.19684 1 249.5769 
best value    :  0.00479 
after         :  193 generations 
fn evaluated  :  388 times 
*************************************
