SLURM_JOB_ID: 55185226
SLURM_JOB_USER: vsc34066
SLURM_JOB_ACCOUNT: lp_desenderlab
SLURM_JOB_NAME: fit_alternating_fb_trim_skip.slurm
SLURM_CLUSTER_NAME: genius
SLURM_JOB_PARTITION: batch
SLURM_ARRAY_JOB_ID: 55185173
SLURM_ARRAY_TASK_ID: 53
SLURM_NNODES: 1
SLURM_NODELIST: r27i27n06
SLURM_JOB_CPUS_PER_NODE: 8
Date: Tue Aug  8 11:36:16 CEST 2023
Walltime: 00-23:59:00
========================================================================
Iteration: 1 bestvalit: 0.010682 bestmemit:   17.834169  -30.216118    1.000000  634.651147
Iteration: 2 bestvalit: 0.010494 bestmemit:    0.135403  -18.121904    1.000000  596.156758
Iteration: 3 bestvalit: 0.009749 bestmemit:    9.667411  -40.997813    1.000000  151.100335
Iteration: 4 bestvalit: 0.008833 bestmemit:   23.001961   -6.165781    1.000000  408.428838
Iteration: 5 bestvalit: 0.008833 bestmemit:   23.001961   -6.165781    1.000000  408.428838
Iteration: 6 bestvalit: 0.008833 bestmemit:   23.001961   -6.165781    1.000000  408.428838
Iteration: 7 bestvalit: 0.006267 bestmemit:   37.987710  -18.314114    1.000000  220.365226
Iteration: 8 bestvalit: 0.006052 bestmemit:   37.987710   -1.425454    1.000000  220.365226
Iteration: 9 bestvalit: 0.006052 bestmemit:   37.987710   -1.425454    1.000000  220.365226
Iteration: 10 bestvalit: 0.005012 bestmemit:   27.144639   18.025292    1.000000  266.870230
Iteration: 11 bestvalit: 0.005012 bestmemit:   27.144639   18.025292    1.000000  266.870230
Iteration: 12 bestvalit: 0.005012 bestmemit:   27.144639   18.025292    1.000000  266.870230
Iteration: 13 bestvalit: 0.005012 bestmemit:   27.144639   18.025292    1.000000  266.870230
Iteration: 14 bestvalit: 0.005012 bestmemit:   27.144639   18.025292    1.000000  266.870230
Iteration: 15 bestvalit: 0.005012 bestmemit:   27.144639   18.025292    1.000000  266.870230
Iteration: 16 bestvalit: 0.004816 bestmemit:   43.929881    7.587902    1.000000  254.257024
Iteration: 17 bestvalit: 0.004816 bestmemit:   43.929881    7.587902    1.000000  254.257024
Iteration: 18 bestvalit: 0.004816 bestmemit:   43.929881    7.587902    1.000000  254.257024
Iteration: 19 bestvalit: 0.004816 bestmemit:   43.929881    7.587902    1.000000  254.257024
Iteration: 20 bestvalit: 0.004816 bestmemit:   43.929881    7.587902    1.000000  254.257024
Iteration: 21 bestvalit: 0.004816 bestmemit:   43.929881    7.587902    1.000000  254.257024
Iteration: 22 bestvalit: 0.004816 bestmemit:   43.929881    7.587902    1.000000  254.257024
Iteration: 23 bestvalit: 0.004816 bestmemit:   43.929881    7.587902    1.000000  254.257024
Iteration: 24 bestvalit: 0.004816 bestmemit:   43.929881    7.587902    1.000000  254.257024
Iteration: 25 bestvalit: 0.004816 bestmemit:   43.929881    7.587902    1.000000  254.257024
Iteration: 26 bestvalit: 0.004816 bestmemit:   43.929881    7.587902    1.000000  254.257024
Iteration: 27 bestvalit: 0.004816 bestmemit:   43.929881    7.587902    1.000000  254.257024
Iteration: 28 bestvalit: 0.004816 bestmemit:   43.929881    7.587902    1.000000  254.257024
Iteration: 29 bestvalit: 0.004816 bestmemit:   43.929881    7.587902    1.000000  254.257024
Iteration: 30 bestvalit: 0.004816 bestmemit:   43.929881    7.587902    1.000000  254.257024
Iteration: 31 bestvalit: 0.004788 bestmemit:   40.734794   16.962605    1.000000  277.830746
Iteration: 32 bestvalit: 0.004788 bestmemit:   40.734794   16.962605    1.000000  277.830746
Iteration: 33 bestvalit: 0.004788 bestmemit:   40.734794   16.962605    1.000000  277.830746
Iteration: 34 bestvalit: 0.004788 bestmemit:   40.734794   16.962605    1.000000  277.830746
Iteration: 35 bestvalit: 0.004692 bestmemit:   28.760226    5.794398    1.000000  267.639516
Iteration: 36 bestvalit: 0.004692 bestmemit:   28.760226    5.794398    1.000000  267.639516
Iteration: 37 bestvalit: 0.004692 bestmemit:   28.760226    5.794398    1.000000  267.639516
Iteration: 38 bestvalit: 0.003947 bestmemit:   17.319951   27.976666    1.000000  273.246357
Iteration: 39 bestvalit: 0.003947 bestmemit:   17.319951   27.976666    1.000000  273.246357
Iteration: 40 bestvalit: 0.003947 bestmemit:   17.319951   27.976666    1.000000  273.246357
Iteration: 41 bestvalit: 0.003947 bestmemit:   17.319951   27.976666    1.000000  273.246357
Iteration: 42 bestvalit: 0.003947 bestmemit:   17.319951   27.976666    1.000000  273.246357
Iteration: 43 bestvalit: 0.003947 bestmemit:   17.319951   27.976666    1.000000  273.246357
Iteration: 44 bestvalit: 0.003947 bestmemit:   17.319951   27.976666    1.000000  273.246357
Iteration: 45 bestvalit: 0.003947 bestmemit:   17.319951   27.976666    1.000000  273.246357
Iteration: 46 bestvalit: 0.003947 bestmemit:   17.319951   27.976666    1.000000  273.246357
Iteration: 47 bestvalit: 0.003947 bestmemit:   17.319951   27.976666    1.000000  273.246357
Iteration: 48 bestvalit: 0.003947 bestmemit:   17.319951   27.976666    1.000000  273.246357
Iteration: 49 bestvalit: 0.003947 bestmemit:   17.319951   27.976666    1.000000  273.246357
Iteration: 50 bestvalit: 0.003947 bestmemit:   17.319951   27.976666    1.000000  273.246357
Iteration: 51 bestvalit: 0.003947 bestmemit:   17.319951   27.976666    1.000000  273.246357
Iteration: 52 bestvalit: 0.003947 bestmemit:   17.319951   27.976666    1.000000  273.246357
Iteration: 53 bestvalit: 0.003947 bestmemit:   17.319951   27.976666    1.000000  273.246357
Iteration: 54 bestvalit: 0.003947 bestmemit:   17.319951   27.976666    1.000000  273.246357
Iteration: 55 bestvalit: 0.003947 bestmemit:   17.319951   27.976666    1.000000  273.246357
Iteration: 56 bestvalit: 0.003947 bestmemit:   17.319951   27.976666    1.000000  273.246357
Iteration: 57 bestvalit: 0.003947 bestmemit:   17.319951   27.976666    1.000000  273.246357
Iteration: 58 bestvalit: 0.003947 bestmemit:   17.319951   27.976666    1.000000  273.246357
Iteration: 59 bestvalit: 0.003947 bestmemit:   17.319951   27.976666    1.000000  273.246357
Iteration: 60 bestvalit: 0.003947 bestmemit:   17.319951   27.976666    1.000000  273.246357
Iteration: 61 bestvalit: 0.003947 bestmemit:   17.319951   27.976666    1.000000  273.246357
Iteration: 62 bestvalit: 0.003947 bestmemit:   17.319951   27.976666    1.000000  273.246357
Iteration: 63 bestvalit: 0.003947 bestmemit:   17.319951   27.976666    1.000000  273.246357
Iteration: 64 bestvalit: 0.003947 bestmemit:   17.319951   27.976666    1.000000  273.246357
Iteration: 65 bestvalit: 0.003947 bestmemit:   17.319951   27.976666    1.000000  273.246357
Iteration: 66 bestvalit: 0.003947 bestmemit:   17.319951   27.976666    1.000000  273.246357
Iteration: 67 bestvalit: 0.003947 bestmemit:   17.319951   27.976666    1.000000  273.246357
Iteration: 68 bestvalit: 0.003947 bestmemit:   17.319951   27.976666    1.000000  273.246357
Iteration: 69 bestvalit: 0.003947 bestmemit:   17.319951   27.976666    1.000000  273.246357
Iteration: 70 bestvalit: 0.003947 bestmemit:   17.319951   27.976666    1.000000  273.246357
Iteration: 71 bestvalit: 0.003947 bestmemit:   17.319951   27.976666    1.000000  273.246357
Iteration: 72 bestvalit: 0.003947 bestmemit:   17.319951   27.976666    1.000000  273.246357
Iteration: 73 bestvalit: 0.003947 bestmemit:   17.319951   27.976666    1.000000  273.246357
Iteration: 74 bestvalit: 0.003947 bestmemit:   17.319951   27.976666    1.000000  273.246357
Iteration: 75 bestvalit: 0.003947 bestmemit:   17.319951   27.976666    1.000000  273.246357
Iteration: 76 bestvalit: 0.003947 bestmemit:   17.319951   27.976666    1.000000  273.246357
Iteration: 77 bestvalit: 0.003947 bestmemit:   17.319951   27.976666    1.000000  273.246357
Iteration: 78 bestvalit: 0.003947 bestmemit:   17.319951   27.976666    1.000000  273.246357
Iteration: 79 bestvalit: 0.003947 bestmemit:   17.319951   27.976666    1.000000  273.246357
Iteration: 80 bestvalit: 0.003947 bestmemit:   17.319951   27.976666    1.000000  273.246357
Iteration: 81 bestvalit: 0.003947 bestmemit:   17.319951   27.976666    1.000000  273.246357
Iteration: 82 bestvalit: 0.003947 bestmemit:   17.319951   27.976666    1.000000  273.246357
Iteration: 83 bestvalit: 0.003947 bestmemit:   17.319951   27.976666    1.000000  273.246357
Iteration: 84 bestvalit: 0.003947 bestmemit:   17.319951   27.976666    1.000000  273.246357
Iteration: 85 bestvalit: 0.003947 bestmemit:   17.319951   27.976666    1.000000  273.246357
Iteration: 86 bestvalit: 0.003947 bestmemit:   17.319951   27.976666    1.000000  273.246357
Iteration: 87 bestvalit: 0.003947 bestmemit:   17.319951   27.976666    1.000000  273.246357
Iteration: 88 bestvalit: 0.003947 bestmemit:   17.319951   27.976666    1.000000  273.246357
Iteration: 89 bestvalit: 0.003947 bestmemit:   17.319951   27.976666    1.000000  273.246357
Iteration: 90 bestvalit: 0.003947 bestmemit:   17.319951   27.976666    1.000000  273.246357
Iteration: 91 bestvalit: 0.003947 bestmemit:   17.319951   27.976666    1.000000  273.246357
Iteration: 92 bestvalit: 0.003947 bestmemit:   17.319951   27.976666    1.000000  273.246357
Iteration: 93 bestvalit: 0.003947 bestmemit:   17.319951   27.976666    1.000000  273.246357
Iteration: 94 bestvalit: 0.003947 bestmemit:   17.319951   27.976666    1.000000  273.246357
Iteration: 95 bestvalit: 0.003947 bestmemit:   17.319951   27.976666    1.000000  273.246357
Iteration: 96 bestvalit: 0.003947 bestmemit:   17.319951   27.976666    1.000000  273.246357
Iteration: 97 bestvalit: 0.003947 bestmemit:   17.319951   27.976666    1.000000  273.246357
Iteration: 98 bestvalit: 0.003947 bestmemit:   17.319951   27.976666    1.000000  273.246357
Iteration: 99 bestvalit: 0.003947 bestmemit:   17.319951   27.976666    1.000000  273.246357
Iteration: 100 bestvalit: 0.003947 bestmemit:   17.319951   27.976666    1.000000  273.246357
Iteration: 101 bestvalit: 0.003947 bestmemit:   17.319951   27.976666    1.000000  273.246357
Iteration: 102 bestvalit: 0.003947 bestmemit:   17.319951   27.976666    1.000000  273.246357
Iteration: 103 bestvalit: 0.003947 bestmemit:   17.319951   27.976666    1.000000  273.246357
Iteration: 104 bestvalit: 0.003947 bestmemit:   17.319951   27.976666    1.000000  273.246357
Iteration: 105 bestvalit: 0.003947 bestmemit:   17.319951   27.976666    1.000000  273.246357
Iteration: 106 bestvalit: 0.003947 bestmemit:   17.319951   27.976666    1.000000  273.246357
Iteration: 107 bestvalit: 0.003947 bestmemit:   17.319951   27.976666    1.000000  273.246357
Iteration: 108 bestvalit: 0.003947 bestmemit:   17.319951   27.976666    1.000000  273.246357
Iteration: 109 bestvalit: 0.003947 bestmemit:   17.319951   27.976666    1.000000  273.246357

***** summary of DEoptim object ***** 
best member   :  17.31995 27.97667 1 273.2464 
best value    :  0.00395 
after         :  109 generations 
fn evaluated  :  220 times 
*************************************
