SLURM_JOB_ID: 55185215
SLURM_JOB_USER: vsc34066
SLURM_JOB_ACCOUNT: lp_desenderlab
SLURM_JOB_NAME: fit_alternating_fb_trim_skip.slurm
SLURM_CLUSTER_NAME: genius
SLURM_JOB_PARTITION: batch
SLURM_ARRAY_JOB_ID: 55185173
SLURM_ARRAY_TASK_ID: 42
SLURM_NNODES: 1
SLURM_NODELIST: r27i27n03
SLURM_JOB_CPUS_PER_NODE: 8
Date: Tue Aug  8 11:36:16 CEST 2023
Walltime: 00-23:59:00
========================================================================
Iteration: 1 bestvalit: 0.009808 bestmemit:   33.977141  -29.739961    1.000000  446.885884
Iteration: 2 bestvalit: 0.008203 bestmemit:   45.284961  -28.878943    1.000000  285.775142
Iteration: 3 bestvalit: 0.006284 bestmemit:    7.544035  -28.878943    1.000000  285.775142
Iteration: 4 bestvalit: 0.006284 bestmemit:    7.544035  -28.878943    1.000000  285.775142
Iteration: 5 bestvalit: 0.006284 bestmemit:    7.544035  -28.878943    1.000000  285.775142
Iteration: 6 bestvalit: 0.006284 bestmemit:    7.544035  -28.878943    1.000000  285.775142
Iteration: 7 bestvalit: 0.006284 bestmemit:    7.544035  -28.878943    1.000000  285.775142
Iteration: 8 bestvalit: 0.006284 bestmemit:    7.544035  -28.878943    1.000000  285.775142
Iteration: 9 bestvalit: 0.006284 bestmemit:    7.544035  -28.878943    1.000000  285.775142
Iteration: 10 bestvalit: 0.006105 bestmemit:    6.058206  -68.560424    1.000000  230.258657
Iteration: 11 bestvalit: 0.006105 bestmemit:    6.058206  -68.560424    1.000000  230.258657
Iteration: 12 bestvalit: 0.006105 bestmemit:    6.058206  -68.560424    1.000000  230.258657
Iteration: 13 bestvalit: 0.006105 bestmemit:    6.058206  -68.560424    1.000000  230.258657
Iteration: 14 bestvalit: 0.006105 bestmemit:    6.058206  -68.560424    1.000000  230.258657
Iteration: 15 bestvalit: 0.006105 bestmemit:    6.058206  -68.560424    1.000000  230.258657
Iteration: 16 bestvalit: 0.006105 bestmemit:    6.058206  -68.560424    1.000000  230.258657
Iteration: 17 bestvalit: 0.006105 bestmemit:    6.058206  -68.560424    1.000000  230.258657
Iteration: 18 bestvalit: 0.006105 bestmemit:    6.058206  -68.560424    1.000000  230.258657
Iteration: 19 bestvalit: 0.005749 bestmemit:   23.152460   52.848676    1.000000  190.993860
Iteration: 20 bestvalit: 0.005749 bestmemit:   23.152460   52.848676    1.000000  190.993860
Iteration: 21 bestvalit: 0.005651 bestmemit:   14.108774   -5.206894    1.000000  285.047281
Iteration: 22 bestvalit: 0.005327 bestmemit:   30.540140   18.888411    1.000000  252.642570
Iteration: 23 bestvalit: 0.005327 bestmemit:   30.540140   18.888411    1.000000  252.642570
Iteration: 24 bestvalit: 0.005327 bestmemit:   30.540140   18.888411    1.000000  252.642570
Iteration: 25 bestvalit: 0.005327 bestmemit:   30.540140   18.888411    1.000000  252.642570
Iteration: 26 bestvalit: 0.005327 bestmemit:   30.540140   18.888411    1.000000  252.642570
Iteration: 27 bestvalit: 0.005327 bestmemit:   30.540140   18.888411    1.000000  252.642570
Iteration: 28 bestvalit: 0.005327 bestmemit:   30.540140   18.888411    1.000000  252.642570
Iteration: 29 bestvalit: 0.005327 bestmemit:   30.540140   18.888411    1.000000  252.642570
Iteration: 30 bestvalit: 0.005327 bestmemit:   30.540140   18.888411    1.000000  252.642570
Iteration: 31 bestvalit: 0.005327 bestmemit:   30.540140   18.888411    1.000000  252.642570
Iteration: 32 bestvalit: 0.005327 bestmemit:   30.540140   18.888411    1.000000  252.642570
Iteration: 33 bestvalit: 0.005327 bestmemit:   30.540140   18.888411    1.000000  252.642570
Iteration: 34 bestvalit: 0.005327 bestmemit:   30.540140   18.888411    1.000000  252.642570
Iteration: 35 bestvalit: 0.005327 bestmemit:   30.540140   18.888411    1.000000  252.642570
Iteration: 36 bestvalit: 0.005327 bestmemit:   30.540140   18.888411    1.000000  252.642570
Iteration: 37 bestvalit: 0.005327 bestmemit:   30.540140   18.888411    1.000000  252.642570
Iteration: 38 bestvalit: 0.005327 bestmemit:   30.540140   18.888411    1.000000  252.642570
Iteration: 39 bestvalit: 0.005327 bestmemit:   30.540140   18.888411    1.000000  252.642570
Iteration: 40 bestvalit: 0.005327 bestmemit:   30.540140   18.888411    1.000000  252.642570
Iteration: 41 bestvalit: 0.005327 bestmemit:   30.540140   18.888411    1.000000  252.642570
Iteration: 42 bestvalit: 0.005327 bestmemit:   30.540140   18.888411    1.000000  252.642570
Iteration: 43 bestvalit: 0.005327 bestmemit:   30.540140   18.888411    1.000000  252.642570
Iteration: 44 bestvalit: 0.005327 bestmemit:   30.540140   18.888411    1.000000  252.642570
Iteration: 45 bestvalit: 0.005327 bestmemit:   30.540140   18.888411    1.000000  252.642570
Iteration: 46 bestvalit: 0.005327 bestmemit:   30.540140   18.888411    1.000000  252.642570
Iteration: 47 bestvalit: 0.005327 bestmemit:   30.540140   18.888411    1.000000  252.642570
Iteration: 48 bestvalit: 0.005327 bestmemit:   30.540140   18.888411    1.000000  252.642570
Iteration: 49 bestvalit: 0.005327 bestmemit:   30.540140   18.888411    1.000000  252.642570
Iteration: 50 bestvalit: 0.005327 bestmemit:   30.540140   18.888411    1.000000  252.642570
Iteration: 51 bestvalit: 0.005327 bestmemit:   30.540140   18.888411    1.000000  252.642570
Iteration: 52 bestvalit: 0.005327 bestmemit:   30.540140   18.888411    1.000000  252.642570
Iteration: 53 bestvalit: 0.005327 bestmemit:   30.540140   18.888411    1.000000  252.642570
Iteration: 54 bestvalit: 0.005327 bestmemit:   30.540140   18.888411    1.000000  252.642570
Iteration: 55 bestvalit: 0.005327 bestmemit:   30.540140   18.888411    1.000000  252.642570
Iteration: 56 bestvalit: 0.005327 bestmemit:   30.540140   18.888411    1.000000  252.642570
Iteration: 57 bestvalit: 0.005327 bestmemit:   30.540140   18.888411    1.000000  252.642570
Iteration: 58 bestvalit: 0.005327 bestmemit:   30.540140   18.888411    1.000000  252.642570
Iteration: 59 bestvalit: 0.005327 bestmemit:   30.540140   18.888411    1.000000  252.642570
Iteration: 60 bestvalit: 0.005327 bestmemit:   30.540140   18.888411    1.000000  252.642570
Iteration: 61 bestvalit: 0.005327 bestmemit:   30.540140   18.888411    1.000000  252.642570
Iteration: 62 bestvalit: 0.005327 bestmemit:   30.540140   18.888411    1.000000  252.642570
Iteration: 63 bestvalit: 0.005327 bestmemit:   30.540140   18.888411    1.000000  252.642570
Iteration: 64 bestvalit: 0.005327 bestmemit:   30.540140   18.888411    1.000000  252.642570
Iteration: 65 bestvalit: 0.005327 bestmemit:   30.540140   18.888411    1.000000  252.642570
Iteration: 66 bestvalit: 0.005327 bestmemit:   30.540140   18.888411    1.000000  252.642570
Iteration: 67 bestvalit: 0.005327 bestmemit:   30.540140   18.888411    1.000000  252.642570
Iteration: 68 bestvalit: 0.005327 bestmemit:   30.540140   18.888411    1.000000  252.642570
Iteration: 69 bestvalit: 0.005327 bestmemit:   30.540140   18.888411    1.000000  252.642570
Iteration: 70 bestvalit: 0.005327 bestmemit:   30.540140   18.888411    1.000000  252.642570
Iteration: 71 bestvalit: 0.005327 bestmemit:   30.540140   18.888411    1.000000  252.642570
Iteration: 72 bestvalit: 0.005327 bestmemit:   30.540140   18.888411    1.000000  252.642570
Iteration: 73 bestvalit: 0.005327 bestmemit:   30.540140   18.888411    1.000000  252.642570
Iteration: 74 bestvalit: 0.005327 bestmemit:   30.540140   18.888411    1.000000  252.642570
Iteration: 75 bestvalit: 0.005327 bestmemit:   30.540140   18.888411    1.000000  252.642570
Iteration: 76 bestvalit: 0.005327 bestmemit:   30.540140   18.888411    1.000000  252.642570
Iteration: 77 bestvalit: 0.005327 bestmemit:   30.540140   18.888411    1.000000  252.642570
Iteration: 78 bestvalit: 0.005327 bestmemit:   30.540140   18.888411    1.000000  252.642570
Iteration: 79 bestvalit: 0.005327 bestmemit:   30.540140   18.888411    1.000000  252.642570
Iteration: 80 bestvalit: 0.005327 bestmemit:   30.540140   18.888411    1.000000  252.642570
Iteration: 81 bestvalit: 0.005327 bestmemit:   30.540140   18.888411    1.000000  252.642570
Iteration: 82 bestvalit: 0.005327 bestmemit:   30.540140   18.888411    1.000000  252.642570
Iteration: 83 bestvalit: 0.005327 bestmemit:   30.540140   18.888411    1.000000  252.642570
Iteration: 84 bestvalit: 0.005327 bestmemit:   30.540140   18.888411    1.000000  252.642570
Iteration: 85 bestvalit: 0.004926 bestmemit:   32.779280  -56.275779    1.000000  277.716666
Iteration: 86 bestvalit: 0.004926 bestmemit:   32.779280  -56.275779    1.000000  277.716666
Iteration: 87 bestvalit: 0.004926 bestmemit:   32.779280  -56.275779    1.000000  277.716666
Iteration: 88 bestvalit: 0.004926 bestmemit:   32.779280  -56.275779    1.000000  277.716666
Iteration: 89 bestvalit: 0.004926 bestmemit:   32.779280  -56.275779    1.000000  277.716666
Iteration: 90 bestvalit: 0.004926 bestmemit:   32.779280  -56.275779    1.000000  277.716666
Iteration: 91 bestvalit: 0.004926 bestmemit:   32.779280  -56.275779    1.000000  277.716666
Iteration: 92 bestvalit: 0.004926 bestmemit:   32.779280  -56.275779    1.000000  277.716666
Iteration: 93 bestvalit: 0.004926 bestmemit:   32.779280  -56.275779    1.000000  277.716666
Iteration: 94 bestvalit: 0.004926 bestmemit:   32.779280  -56.275779    1.000000  277.716666
Iteration: 95 bestvalit: 0.004926 bestmemit:   32.779280  -56.275779    1.000000  277.716666
Iteration: 96 bestvalit: 0.004926 bestmemit:   32.779280  -56.275779    1.000000  277.716666
Iteration: 97 bestvalit: 0.004926 bestmemit:   32.779280  -56.275779    1.000000  277.716666
Iteration: 98 bestvalit: 0.004926 bestmemit:   32.779280  -56.275779    1.000000  277.716666
Iteration: 99 bestvalit: 0.004926 bestmemit:   32.779280  -56.275779    1.000000  277.716666
Iteration: 100 bestvalit: 0.004926 bestmemit:   32.779280  -56.275779    1.000000  277.716666
Iteration: 101 bestvalit: 0.004926 bestmemit:   32.779280  -56.275779    1.000000  277.716666
Iteration: 102 bestvalit: 0.004926 bestmemit:   32.779280  -56.275779    1.000000  277.716666
Iteration: 103 bestvalit: 0.004926 bestmemit:   32.779280  -56.275779    1.000000  277.716666
Iteration: 104 bestvalit: 0.004926 bestmemit:   32.779280  -56.275779    1.000000  277.716666
Iteration: 105 bestvalit: 0.004926 bestmemit:   32.779280  -56.275779    1.000000  277.716666
Iteration: 106 bestvalit: 0.004926 bestmemit:   32.779280  -56.275779    1.000000  277.716666
Iteration: 107 bestvalit: 0.004926 bestmemit:   32.779280  -56.275779    1.000000  277.716666
Iteration: 108 bestvalit: 0.004926 bestmemit:   32.779280  -56.275779    1.000000  277.716666
Iteration: 109 bestvalit: 0.004926 bestmemit:   32.779280  -56.275779    1.000000  277.716666
Iteration: 110 bestvalit: 0.004926 bestmemit:   32.779280  -56.275779    1.000000  277.716666
Iteration: 111 bestvalit: 0.004926 bestmemit:   32.779280  -56.275779    1.000000  277.716666
Iteration: 112 bestvalit: 0.004926 bestmemit:   32.779280  -56.275779    1.000000  277.716666
Iteration: 113 bestvalit: 0.004926 bestmemit:   32.779280  -56.275779    1.000000  277.716666
Iteration: 114 bestvalit: 0.004926 bestmemit:   32.779280  -56.275779    1.000000  277.716666
Iteration: 115 bestvalit: 0.004926 bestmemit:   32.779280  -56.275779    1.000000  277.716666
Iteration: 116 bestvalit: 0.004926 bestmemit:   32.779280  -56.275779    1.000000  277.716666
Iteration: 117 bestvalit: 0.004926 bestmemit:   32.779280  -56.275779    1.000000  277.716666
Iteration: 118 bestvalit: 0.004926 bestmemit:   32.779280  -56.275779    1.000000  277.716666
Iteration: 119 bestvalit: 0.004926 bestmemit:   32.779280  -56.275779    1.000000  277.716666
Iteration: 120 bestvalit: 0.004926 bestmemit:   32.779280  -56.275779    1.000000  277.716666
Iteration: 121 bestvalit: 0.004926 bestmemit:   32.779280  -56.275779    1.000000  277.716666
Iteration: 122 bestvalit: 0.004926 bestmemit:   32.779280  -56.275779    1.000000  277.716666
Iteration: 123 bestvalit: 0.004926 bestmemit:   32.779280  -56.275779    1.000000  277.716666
Iteration: 124 bestvalit: 0.004926 bestmemit:   32.779280  -56.275779    1.000000  277.716666
Iteration: 125 bestvalit: 0.004926 bestmemit:   32.779280  -56.275779    1.000000  277.716666
Iteration: 126 bestvalit: 0.004926 bestmemit:   32.779280  -56.275779    1.000000  277.716666
Iteration: 127 bestvalit: 0.004926 bestmemit:   32.779280  -56.275779    1.000000  277.716666
Iteration: 128 bestvalit: 0.004926 bestmemit:   32.779280  -56.275779    1.000000  277.716666
Iteration: 129 bestvalit: 0.004926 bestmemit:   32.779280  -56.275779    1.000000  277.716666
Iteration: 130 bestvalit: 0.004926 bestmemit:   32.779280  -56.275779    1.000000  277.716666
Iteration: 131 bestvalit: 0.004926 bestmemit:   32.779280  -56.275779    1.000000  277.716666
Iteration: 132 bestvalit: 0.004926 bestmemit:   32.779280  -56.275779    1.000000  277.716666
Iteration: 133 bestvalit: 0.004926 bestmemit:   32.779280  -56.275779    1.000000  277.716666
Iteration: 134 bestvalit: 0.004926 bestmemit:   32.779280  -56.275779    1.000000  277.716666
Iteration: 135 bestvalit: 0.004926 bestmemit:   32.779280  -56.275779    1.000000  277.716666
Iteration: 136 bestvalit: 0.004926 bestmemit:   32.779280  -56.275779    1.000000  277.716666
Iteration: 137 bestvalit: 0.004926 bestmemit:   32.779280  -56.275779    1.000000  277.716666
Iteration: 138 bestvalit: 0.004926 bestmemit:   32.779280  -56.275779    1.000000  277.716666
Iteration: 139 bestvalit: 0.004926 bestmemit:   32.779280  -56.275779    1.000000  277.716666
Iteration: 140 bestvalit: 0.004926 bestmemit:   32.779280  -56.275779    1.000000  277.716666
Iteration: 141 bestvalit: 0.004926 bestmemit:   32.779280  -56.275779    1.000000  277.716666
Iteration: 142 bestvalit: 0.004926 bestmemit:   32.779280  -56.275779    1.000000  277.716666
Iteration: 143 bestvalit: 0.004926 bestmemit:   32.779280  -56.275779    1.000000  277.716666
Iteration: 144 bestvalit: 0.004926 bestmemit:   32.779280  -56.275779    1.000000  277.716666
Iteration: 145 bestvalit: 0.004926 bestmemit:   32.779280  -56.275779    1.000000  277.716666
Iteration: 146 bestvalit: 0.004926 bestmemit:   32.779280  -56.275779    1.000000  277.716666
Iteration: 147 bestvalit: 0.004926 bestmemit:   32.779280  -56.275779    1.000000  277.716666
Iteration: 148 bestvalit: 0.004926 bestmemit:   32.779280  -56.275779    1.000000  277.716666
Iteration: 149 bestvalit: 0.004926 bestmemit:   32.779280  -56.275779    1.000000  277.716666
Iteration: 150 bestvalit: 0.004926 bestmemit:   32.779280  -56.275779    1.000000  277.716666
Iteration: 151 bestvalit: 0.004926 bestmemit:   32.779280  -56.275779    1.000000  277.716666
Iteration: 152 bestvalit: 0.004926 bestmemit:   32.779280  -56.275779    1.000000  277.716666
Iteration: 153 bestvalit: 0.004926 bestmemit:   32.779280  -56.275779    1.000000  277.716666
Iteration: 154 bestvalit: 0.004926 bestmemit:   32.779280  -56.275779    1.000000  277.716666
Iteration: 155 bestvalit: 0.004926 bestmemit:   32.779280  -56.275779    1.000000  277.716666
Iteration: 156 bestvalit: 0.004926 bestmemit:   32.779280  -56.275779    1.000000  277.716666

***** summary of DEoptim object ***** 
best member   :  32.77928 -56.27578 1 277.7167 
best value    :  0.00493 
after         :  156 generations 
fn evaluated  :  314 times 
*************************************
