SLURM_JOB_ID: 55185267
SLURM_JOB_USER: vsc34066
SLURM_JOB_ACCOUNT: lp_desenderlab
SLURM_JOB_NAME: fit_alternating_fb_trim_skip.slurm
SLURM_CLUSTER_NAME: genius
SLURM_JOB_PARTITION: batch
SLURM_ARRAY_JOB_ID: 55185173
SLURM_ARRAY_TASK_ID: 91
SLURM_NNODES: 1
SLURM_NODELIST: r25i27n19
SLURM_JOB_CPUS_PER_NODE: 8
Date: Tue Aug  8 11:36:26 CEST 2023
Walltime: 00-23:59:00
========================================================================
Iteration: 1 bestvalit: 0.009326 bestmemit:   46.882960  -69.270751    1.000000  383.494000
Iteration: 2 bestvalit: 0.006685 bestmemit:   40.508429  -69.916053    1.000000  374.661251
Iteration: 3 bestvalit: 0.006514 bestmemit:   21.570204  -44.020426    1.000000  383.494000
Iteration: 4 bestvalit: 0.006514 bestmemit:   21.570204  -44.020426    1.000000  383.494000
Iteration: 5 bestvalit: 0.006514 bestmemit:   21.570204  -44.020426    1.000000  383.494000
Iteration: 6 bestvalit: 0.006025 bestmemit:   32.915942  -61.957207    1.000000  357.027971
Iteration: 7 bestvalit: 0.006025 bestmemit:   32.915942  -61.957207    1.000000  357.027971
Iteration: 8 bestvalit: 0.005205 bestmemit:   41.382842   23.303861    1.000000  383.494000
Iteration: 9 bestvalit: 0.005205 bestmemit:   41.382842   23.303861    1.000000  383.494000
Iteration: 10 bestvalit: 0.005205 bestmemit:   41.382842   23.303861    1.000000  383.494000
Iteration: 11 bestvalit: 0.005205 bestmemit:   41.382842   23.303861    1.000000  383.494000
Iteration: 12 bestvalit: 0.005205 bestmemit:   41.382842   23.303861    1.000000  383.494000
Iteration: 13 bestvalit: 0.005205 bestmemit:   41.382842   23.303861    1.000000  383.494000
Iteration: 14 bestvalit: 0.005205 bestmemit:   41.382842   23.303861    1.000000  383.494000
Iteration: 15 bestvalit: 0.005205 bestmemit:   41.382842   23.303861    1.000000  383.494000
Iteration: 16 bestvalit: 0.005205 bestmemit:   41.382842   23.303861    1.000000  383.494000
Iteration: 17 bestvalit: 0.005205 bestmemit:   41.382842   23.303861    1.000000  383.494000
Iteration: 18 bestvalit: 0.005205 bestmemit:   41.382842   23.303861    1.000000  383.494000
Iteration: 19 bestvalit: 0.005205 bestmemit:   41.382842   23.303861    1.000000  383.494000
Iteration: 20 bestvalit: 0.005205 bestmemit:   41.382842   23.303861    1.000000  383.494000
Iteration: 21 bestvalit: 0.005205 bestmemit:   41.382842   23.303861    1.000000  383.494000
Iteration: 22 bestvalit: 0.005205 bestmemit:   41.382842   23.303861    1.000000  383.494000
Iteration: 23 bestvalit: 0.005205 bestmemit:   41.382842   23.303861    1.000000  383.494000
Iteration: 24 bestvalit: 0.005205 bestmemit:   41.382842   23.303861    1.000000  383.494000
Iteration: 25 bestvalit: 0.005205 bestmemit:   41.382842   23.303861    1.000000  383.494000
Iteration: 26 bestvalit: 0.005205 bestmemit:   41.382842   23.303861    1.000000  383.494000
Iteration: 27 bestvalit: 0.005055 bestmemit:   12.842857   -1.424918    1.000000  311.222588
Iteration: 28 bestvalit: 0.005055 bestmemit:   12.842857   -1.424918    1.000000  311.222588
Iteration: 29 bestvalit: 0.005055 bestmemit:   12.842857   -1.424918    1.000000  311.222588
Iteration: 30 bestvalit: 0.005055 bestmemit:   12.842857   -1.424918    1.000000  311.222588
Iteration: 31 bestvalit: 0.005055 bestmemit:   12.842857   -1.424918    1.000000  311.222588
Iteration: 32 bestvalit: 0.005055 bestmemit:   12.842857   -1.424918    1.000000  311.222588
Iteration: 33 bestvalit: 0.005055 bestmemit:   12.842857   -1.424918    1.000000  311.222588
Iteration: 34 bestvalit: 0.005055 bestmemit:   12.842857   -1.424918    1.000000  311.222588
Iteration: 35 bestvalit: 0.005055 bestmemit:   12.842857   -1.424918    1.000000  311.222588
Iteration: 36 bestvalit: 0.005055 bestmemit:   12.842857   -1.424918    1.000000  311.222588
Iteration: 37 bestvalit: 0.004927 bestmemit:   12.842857  -33.885276    1.000000  311.222588
Iteration: 38 bestvalit: 0.004927 bestmemit:   12.842857  -33.885276    1.000000  311.222588
Iteration: 39 bestvalit: 0.004902 bestmemit:   25.011597   -3.231186    1.000000  290.436492
Iteration: 40 bestvalit: 0.004902 bestmemit:   25.011597   -3.231186    1.000000  290.436492
Iteration: 41 bestvalit: 0.004902 bestmemit:   25.011597   -3.231186    1.000000  290.436492
Iteration: 42 bestvalit: 0.004902 bestmemit:   25.011597   -3.231186    1.000000  290.436492
Iteration: 43 bestvalit: 0.004902 bestmemit:   25.011597   -3.231186    1.000000  290.436492
Iteration: 44 bestvalit: 0.004902 bestmemit:   25.011597   -3.231186    1.000000  290.436492
Iteration: 45 bestvalit: 0.004902 bestmemit:   25.011597   -3.231186    1.000000  290.436492
Iteration: 46 bestvalit: 0.004902 bestmemit:   25.011597   -3.231186    1.000000  290.436492
Iteration: 47 bestvalit: 0.004902 bestmemit:   25.011597   -3.231186    1.000000  290.436492
Iteration: 48 bestvalit: 0.004902 bestmemit:   25.011597   -3.231186    1.000000  290.436492
Iteration: 49 bestvalit: 0.004902 bestmemit:   25.011597   -3.231186    1.000000  290.436492
Iteration: 50 bestvalit: 0.004902 bestmemit:   25.011597   -3.231186    1.000000  290.436492
Iteration: 51 bestvalit: 0.004902 bestmemit:   25.011597   -3.231186    1.000000  290.436492
Iteration: 52 bestvalit: 0.004871 bestmemit:   22.338730    0.064887    1.000000  311.157753
Iteration: 53 bestvalit: 0.004871 bestmemit:   22.338730    0.064887    1.000000  311.157753
Iteration: 54 bestvalit: 0.004871 bestmemit:   22.338730    0.064887    1.000000  311.157753
Iteration: 55 bestvalit: 0.004871 bestmemit:   22.338730    0.064887    1.000000  311.157753
Iteration: 56 bestvalit: 0.004871 bestmemit:   22.338730    0.064887    1.000000  311.157753
Iteration: 57 bestvalit: 0.004871 bestmemit:   22.338730    0.064887    1.000000  311.157753
Iteration: 58 bestvalit: 0.004871 bestmemit:   22.338730    0.064887    1.000000  311.157753
Iteration: 59 bestvalit: 0.004871 bestmemit:   22.338730    0.064887    1.000000  311.157753
Iteration: 60 bestvalit: 0.004871 bestmemit:   22.338730    0.064887    1.000000  311.157753
Iteration: 61 bestvalit: 0.004830 bestmemit:   31.280858    7.744772    1.000000  288.711027
Iteration: 62 bestvalit: 0.004830 bestmemit:   31.280858    7.744772    1.000000  288.711027
Iteration: 63 bestvalit: 0.004830 bestmemit:   31.280858    7.744772    1.000000  288.711027
Iteration: 64 bestvalit: 0.004830 bestmemit:   31.280858    7.744772    1.000000  288.711027
Iteration: 65 bestvalit: 0.004830 bestmemit:   31.280858    7.744772    1.000000  288.711027
Iteration: 66 bestvalit: 0.004830 bestmemit:   31.280858    7.744772    1.000000  288.711027
Iteration: 67 bestvalit: 0.004726 bestmemit:   44.117745   55.734549    1.000000  293.717520
Iteration: 68 bestvalit: 0.004726 bestmemit:   44.117745   55.734549    1.000000  293.717520
Iteration: 69 bestvalit: 0.004726 bestmemit:   44.117745   55.734549    1.000000  293.717520
Iteration: 70 bestvalit: 0.004726 bestmemit:   44.117745   55.734549    1.000000  293.717520
Iteration: 71 bestvalit: 0.004726 bestmemit:   44.117745   55.734549    1.000000  293.717520
Iteration: 72 bestvalit: 0.004726 bestmemit:   44.117745   55.734549    1.000000  293.717520
Iteration: 73 bestvalit: 0.004726 bestmemit:   44.117745   55.734549    1.000000  293.717520
Iteration: 74 bestvalit: 0.004726 bestmemit:   44.117745   55.734549    1.000000  293.717520
Iteration: 75 bestvalit: 0.004726 bestmemit:   44.117745   55.734549    1.000000  293.717520
Iteration: 76 bestvalit: 0.004726 bestmemit:   44.117745   55.734549    1.000000  293.717520
Iteration: 77 bestvalit: 0.004726 bestmemit:   44.117745   55.734549    1.000000  293.717520
Iteration: 78 bestvalit: 0.004726 bestmemit:   44.117745   55.734549    1.000000  293.717520
Iteration: 79 bestvalit: 0.004726 bestmemit:   44.117745   55.734549    1.000000  293.717520
Iteration: 80 bestvalit: 0.004726 bestmemit:   44.117745   55.734549    1.000000  293.717520
Iteration: 81 bestvalit: 0.004726 bestmemit:   44.117745   55.734549    1.000000  293.717520
Iteration: 82 bestvalit: 0.004726 bestmemit:   44.117745   55.734549    1.000000  293.717520
Iteration: 83 bestvalit: 0.004726 bestmemit:   44.117745   55.734549    1.000000  293.717520
Iteration: 84 bestvalit: 0.004726 bestmemit:   44.117745   55.734549    1.000000  293.717520
Iteration: 85 bestvalit: 0.004726 bestmemit:   44.117745   55.734549    1.000000  293.717520
Iteration: 86 bestvalit: 0.004726 bestmemit:   44.117745   55.734549    1.000000  293.717520
Iteration: 87 bestvalit: 0.004726 bestmemit:   44.117745   55.734549    1.000000  293.717520
Iteration: 88 bestvalit: 0.004726 bestmemit:   44.117745   55.734549    1.000000  293.717520
Iteration: 89 bestvalit: 0.004726 bestmemit:   44.117745   55.734549    1.000000  293.717520
Iteration: 90 bestvalit: 0.004726 bestmemit:   44.117745   55.734549    1.000000  293.717520
Iteration: 91 bestvalit: 0.004726 bestmemit:   44.117745   55.734549    1.000000  293.717520
Iteration: 92 bestvalit: 0.004726 bestmemit:   44.117745   55.734549    1.000000  293.717520
Iteration: 93 bestvalit: 0.004726 bestmemit:   44.117745   55.734549    1.000000  293.717520
Iteration: 94 bestvalit: 0.004726 bestmemit:   44.117745   55.734549    1.000000  293.717520
Iteration: 95 bestvalit: 0.004726 bestmemit:   44.117745   55.734549    1.000000  293.717520
Iteration: 96 bestvalit: 0.004726 bestmemit:   44.117745   55.734549    1.000000  293.717520
Iteration: 97 bestvalit: 0.004726 bestmemit:   44.117745   55.734549    1.000000  293.717520
Iteration: 98 bestvalit: 0.004726 bestmemit:   44.117745   55.734549    1.000000  293.717520
Iteration: 99 bestvalit: 0.004726 bestmemit:   44.117745   55.734549    1.000000  293.717520
Iteration: 100 bestvalit: 0.004726 bestmemit:   44.117745   55.734549    1.000000  293.717520
Iteration: 101 bestvalit: 0.004726 bestmemit:   44.117745   55.734549    1.000000  293.717520
Iteration: 102 bestvalit: 0.004726 bestmemit:   44.117745   55.734549    1.000000  293.717520
Iteration: 103 bestvalit: 0.004726 bestmemit:   44.117745   55.734549    1.000000  293.717520
Iteration: 104 bestvalit: 0.004726 bestmemit:   44.117745   55.734549    1.000000  293.717520
Iteration: 105 bestvalit: 0.004726 bestmemit:   44.117745   55.734549    1.000000  293.717520
Iteration: 106 bestvalit: 0.004726 bestmemit:   44.117745   55.734549    1.000000  293.717520
Iteration: 107 bestvalit: 0.004683 bestmemit:   33.216029  -27.673864    1.000000  284.742335
Iteration: 108 bestvalit: 0.004683 bestmemit:   33.216029  -27.673864    1.000000  284.742335
Iteration: 109 bestvalit: 0.004683 bestmemit:   33.216029  -27.673864    1.000000  284.742335
Iteration: 110 bestvalit: 0.004683 bestmemit:   33.216029  -27.673864    1.000000  284.742335
Iteration: 111 bestvalit: 0.004683 bestmemit:   33.216029  -27.673864    1.000000  284.742335
Iteration: 112 bestvalit: 0.004683 bestmemit:   33.216029  -27.673864    1.000000  284.742335
Iteration: 113 bestvalit: 0.004683 bestmemit:   33.216029  -27.673864    1.000000  284.742335
Iteration: 114 bestvalit: 0.004683 bestmemit:   33.216029  -27.673864    1.000000  284.742335
Iteration: 115 bestvalit: 0.004683 bestmemit:   33.216029  -27.673864    1.000000  284.742335
Iteration: 116 bestvalit: 0.004683 bestmemit:   33.216029  -27.673864    1.000000  284.742335
Iteration: 117 bestvalit: 0.004683 bestmemit:   33.216029  -27.673864    1.000000  284.742335
Iteration: 118 bestvalit: 0.004683 bestmemit:   33.216029  -27.673864    1.000000  284.742335
Iteration: 119 bestvalit: 0.004683 bestmemit:   33.216029  -27.673864    1.000000  284.742335
Iteration: 120 bestvalit: 0.004683 bestmemit:   33.216029  -27.673864    1.000000  284.742335
Iteration: 121 bestvalit: 0.004683 bestmemit:   33.216029  -27.673864    1.000000  284.742335
Iteration: 122 bestvalit: 0.004683 bestmemit:   33.216029  -27.673864    1.000000  284.742335
Iteration: 123 bestvalit: 0.004683 bestmemit:   33.216029  -27.673864    1.000000  284.742335
Iteration: 124 bestvalit: 0.004683 bestmemit:   33.216029  -27.673864    1.000000  284.742335
Iteration: 125 bestvalit: 0.004683 bestmemit:   33.216029  -27.673864    1.000000  284.742335
Iteration: 126 bestvalit: 0.004683 bestmemit:   33.216029  -27.673864    1.000000  284.742335
Iteration: 127 bestvalit: 0.004683 bestmemit:   33.216029  -27.673864    1.000000  284.742335
Iteration: 128 bestvalit: 0.004683 bestmemit:   33.216029  -27.673864    1.000000  284.742335
Iteration: 129 bestvalit: 0.004683 bestmemit:   33.216029  -27.673864    1.000000  284.742335
Iteration: 130 bestvalit: 0.004683 bestmemit:   33.216029  -27.673864    1.000000  284.742335
Iteration: 131 bestvalit: 0.004683 bestmemit:   33.216029  -27.673864    1.000000  284.742335
Iteration: 132 bestvalit: 0.004683 bestmemit:   33.216029  -27.673864    1.000000  284.742335
Iteration: 133 bestvalit: 0.004683 bestmemit:   33.216029  -27.673864    1.000000  284.742335
Iteration: 134 bestvalit: 0.004683 bestmemit:   33.216029  -27.673864    1.000000  284.742335
Iteration: 135 bestvalit: 0.004683 bestmemit:   33.216029  -27.673864    1.000000  284.742335
Iteration: 136 bestvalit: 0.004683 bestmemit:   33.216029  -27.673864    1.000000  284.742335
Iteration: 137 bestvalit: 0.004683 bestmemit:   33.216029  -27.673864    1.000000  284.742335
Iteration: 138 bestvalit: 0.004683 bestmemit:   33.216029  -27.673864    1.000000  284.742335
Iteration: 139 bestvalit: 0.004683 bestmemit:   33.216029  -27.673864    1.000000  284.742335
Iteration: 140 bestvalit: 0.004683 bestmemit:   33.216029  -27.673864    1.000000  284.742335
Iteration: 141 bestvalit: 0.004683 bestmemit:   33.216029  -27.673864    1.000000  284.742335
Iteration: 142 bestvalit: 0.004683 bestmemit:   33.216029  -27.673864    1.000000  284.742335
Iteration: 143 bestvalit: 0.004683 bestmemit:   33.216029  -27.673864    1.000000  284.742335
Iteration: 144 bestvalit: 0.004683 bestmemit:   33.216029  -27.673864    1.000000  284.742335
Iteration: 145 bestvalit: 0.004683 bestmemit:   33.216029  -27.673864    1.000000  284.742335
Iteration: 146 bestvalit: 0.004683 bestmemit:   33.216029  -27.673864    1.000000  284.742335
Iteration: 147 bestvalit: 0.004683 bestmemit:   33.216029  -27.673864    1.000000  284.742335
Iteration: 148 bestvalit: 0.004683 bestmemit:   33.216029  -27.673864    1.000000  284.742335
Iteration: 149 bestvalit: 0.004683 bestmemit:   33.216029  -27.673864    1.000000  284.742335
Iteration: 150 bestvalit: 0.004683 bestmemit:   33.216029  -27.673864    1.000000  284.742335
Iteration: 151 bestvalit: 0.004683 bestmemit:   33.216029  -27.673864    1.000000  284.742335
Iteration: 152 bestvalit: 0.004683 bestmemit:   33.216029  -27.673864    1.000000  284.742335
Iteration: 153 bestvalit: 0.004683 bestmemit:   33.216029  -27.673864    1.000000  284.742335
Iteration: 154 bestvalit: 0.004683 bestmemit:   33.216029  -27.673864    1.000000  284.742335
Iteration: 155 bestvalit: 0.004683 bestmemit:   33.216029  -27.673864    1.000000  284.742335
Iteration: 156 bestvalit: 0.004683 bestmemit:   33.216029  -27.673864    1.000000  284.742335
Iteration: 157 bestvalit: 0.004683 bestmemit:   33.216029  -27.673864    1.000000  284.742335
Iteration: 158 bestvalit: 0.004683 bestmemit:   33.216029  -27.673864    1.000000  284.742335
Iteration: 159 bestvalit: 0.004683 bestmemit:   33.216029  -27.673864    1.000000  284.742335
Iteration: 160 bestvalit: 0.004683 bestmemit:   33.216029  -27.673864    1.000000  284.742335
Iteration: 161 bestvalit: 0.004683 bestmemit:   33.216029  -27.673864    1.000000  284.742335
Iteration: 162 bestvalit: 0.004683 bestmemit:   33.216029  -27.673864    1.000000  284.742335
Iteration: 163 bestvalit: 0.004683 bestmemit:   33.216029  -27.673864    1.000000  284.742335
Iteration: 164 bestvalit: 0.004683 bestmemit:   33.216029  -27.673864    1.000000  284.742335
Iteration: 165 bestvalit: 0.004239 bestmemit:   26.136725   41.022573    1.000000  283.211957
Iteration: 166 bestvalit: 0.004239 bestmemit:   26.136725   41.022573    1.000000  283.211957
Iteration: 167 bestvalit: 0.004239 bestmemit:   26.136725   41.022573    1.000000  283.211957
Iteration: 168 bestvalit: 0.004239 bestmemit:   26.136725   41.022573    1.000000  283.211957
Iteration: 169 bestvalit: 0.004239 bestmemit:   26.136725   41.022573    1.000000  283.211957
Iteration: 170 bestvalit: 0.004239 bestmemit:   26.136725   41.022573    1.000000  283.211957
Iteration: 171 bestvalit: 0.004239 bestmemit:   26.136725   41.022573    1.000000  283.211957
Iteration: 172 bestvalit: 0.004239 bestmemit:   26.136725   41.022573    1.000000  283.211957
Iteration: 173 bestvalit: 0.004239 bestmemit:   26.136725   41.022573    1.000000  283.211957
Iteration: 174 bestvalit: 0.004239 bestmemit:   26.136725   41.022573    1.000000  283.211957
Iteration: 175 bestvalit: 0.004239 bestmemit:   26.136725   41.022573    1.000000  283.211957
Iteration: 176 bestvalit: 0.004239 bestmemit:   26.136725   41.022573    1.000000  283.211957
Iteration: 177 bestvalit: 0.004239 bestmemit:   26.136725   41.022573    1.000000  283.211957
Iteration: 178 bestvalit: 0.004239 bestmemit:   26.136725   41.022573    1.000000  283.211957
Iteration: 179 bestvalit: 0.004239 bestmemit:   26.136725   41.022573    1.000000  283.211957
Iteration: 180 bestvalit: 0.004239 bestmemit:   26.136725   41.022573    1.000000  283.211957
Iteration: 181 bestvalit: 0.004239 bestmemit:   26.136725   41.022573    1.000000  283.211957
Iteration: 182 bestvalit: 0.004239 bestmemit:   26.136725   41.022573    1.000000  283.211957
Iteration: 183 bestvalit: 0.004239 bestmemit:   26.136725   41.022573    1.000000  283.211957
Iteration: 184 bestvalit: 0.004239 bestmemit:   26.136725   41.022573    1.000000  283.211957
Iteration: 185 bestvalit: 0.004239 bestmemit:   26.136725   41.022573    1.000000  283.211957
Iteration: 186 bestvalit: 0.004239 bestmemit:   26.136725   41.022573    1.000000  283.211957
Iteration: 187 bestvalit: 0.004239 bestmemit:   26.136725   41.022573    1.000000  283.211957
Iteration: 188 bestvalit: 0.004239 bestmemit:   26.136725   41.022573    1.000000  283.211957
Iteration: 189 bestvalit: 0.004239 bestmemit:   26.136725   41.022573    1.000000  283.211957
Iteration: 190 bestvalit: 0.004239 bestmemit:   26.136725   41.022573    1.000000  283.211957
Iteration: 191 bestvalit: 0.004239 bestmemit:   26.136725   41.022573    1.000000  283.211957
Iteration: 192 bestvalit: 0.004239 bestmemit:   26.136725   41.022573    1.000000  283.211957
Iteration: 193 bestvalit: 0.004239 bestmemit:   26.136725   41.022573    1.000000  283.211957
Iteration: 194 bestvalit: 0.004239 bestmemit:   26.136725   41.022573    1.000000  283.211957
Iteration: 195 bestvalit: 0.004239 bestmemit:   26.136725   41.022573    1.000000  283.211957
Iteration: 196 bestvalit: 0.004239 bestmemit:   26.136725   41.022573    1.000000  283.211957
Iteration: 197 bestvalit: 0.004239 bestmemit:   26.136725   41.022573    1.000000  283.211957
Iteration: 198 bestvalit: 0.004239 bestmemit:   26.136725   41.022573    1.000000  283.211957
Iteration: 199 bestvalit: 0.004239 bestmemit:   26.136725   41.022573    1.000000  283.211957
Iteration: 200 bestvalit: 0.004239 bestmemit:   26.136725   41.022573    1.000000  283.211957
Iteration: 201 bestvalit: 0.004239 bestmemit:   26.136725   41.022573    1.000000  283.211957
Iteration: 202 bestvalit: 0.004239 bestmemit:   26.136725   41.022573    1.000000  283.211957
Iteration: 203 bestvalit: 0.004239 bestmemit:   26.136725   41.022573    1.000000  283.211957
Iteration: 204 bestvalit: 0.004239 bestmemit:   26.136725   41.022573    1.000000  283.211957
Iteration: 205 bestvalit: 0.004239 bestmemit:   26.136725   41.022573    1.000000  283.211957
Iteration: 206 bestvalit: 0.004239 bestmemit:   26.136725   41.022573    1.000000  283.211957
Iteration: 207 bestvalit: 0.004239 bestmemit:   26.136725   41.022573    1.000000  283.211957
Iteration: 208 bestvalit: 0.004239 bestmemit:   26.136725   41.022573    1.000000  283.211957
Iteration: 209 bestvalit: 0.004239 bestmemit:   26.136725   41.022573    1.000000  283.211957
Iteration: 210 bestvalit: 0.004239 bestmemit:   26.136725   41.022573    1.000000  283.211957
Iteration: 211 bestvalit: 0.004239 bestmemit:   26.136725   41.022573    1.000000  283.211957
Iteration: 212 bestvalit: 0.004239 bestmemit:   26.136725   41.022573    1.000000  283.211957
Iteration: 213 bestvalit: 0.004239 bestmemit:   26.136725   41.022573    1.000000  283.211957
Iteration: 214 bestvalit: 0.004239 bestmemit:   26.136725   41.022573    1.000000  283.211957
Iteration: 215 bestvalit: 0.004239 bestmemit:   26.136725   41.022573    1.000000  283.211957
Iteration: 216 bestvalit: 0.004239 bestmemit:   26.136725   41.022573    1.000000  283.211957
Iteration: 217 bestvalit: 0.004239 bestmemit:   26.136725   41.022573    1.000000  283.211957
Iteration: 218 bestvalit: 0.004239 bestmemit:   26.136725   41.022573    1.000000  283.211957
Iteration: 219 bestvalit: 0.004239 bestmemit:   26.136725   41.022573    1.000000  283.211957
Iteration: 220 bestvalit: 0.004239 bestmemit:   26.136725   41.022573    1.000000  283.211957
Iteration: 221 bestvalit: 0.004239 bestmemit:   26.136725   41.022573    1.000000  283.211957
Iteration: 222 bestvalit: 0.004239 bestmemit:   26.136725   41.022573    1.000000  283.211957
Iteration: 223 bestvalit: 0.004239 bestmemit:   26.136725   41.022573    1.000000  283.211957
Iteration: 224 bestvalit: 0.004239 bestmemit:   26.136725   41.022573    1.000000  283.211957
Iteration: 225 bestvalit: 0.004239 bestmemit:   26.136725   41.022573    1.000000  283.211957
Iteration: 226 bestvalit: 0.004239 bestmemit:   26.136725   41.022573    1.000000  283.211957
Iteration: 227 bestvalit: 0.004239 bestmemit:   26.136725   41.022573    1.000000  283.211957
Iteration: 228 bestvalit: 0.004239 bestmemit:   26.136725   41.022573    1.000000  283.211957
Iteration: 229 bestvalit: 0.004239 bestmemit:   26.136725   41.022573    1.000000  283.211957
Iteration: 230 bestvalit: 0.004239 bestmemit:   26.136725   41.022573    1.000000  283.211957
Iteration: 231 bestvalit: 0.004239 bestmemit:   26.136725   41.022573    1.000000  283.211957
Iteration: 232 bestvalit: 0.004239 bestmemit:   26.136725   41.022573    1.000000  283.211957
Iteration: 233 bestvalit: 0.004239 bestmemit:   26.136725   41.022573    1.000000  283.211957
Iteration: 234 bestvalit: 0.004239 bestmemit:   26.136725   41.022573    1.000000  283.211957
Iteration: 235 bestvalit: 0.004239 bestmemit:   26.136725   41.022573    1.000000  283.211957
Iteration: 236 bestvalit: 0.004239 bestmemit:   26.136725   41.022573    1.000000  283.211957

***** summary of DEoptim object ***** 
best member   :  26.13672 41.02257 1 283.212 
best value    :  0.00424 
after         :  236 generations 
fn evaluated  :  474 times 
*************************************
