SLURM_JOB_ID: 55185202
SLURM_JOB_USER: vsc34066
SLURM_JOB_ACCOUNT: lp_desenderlab
SLURM_JOB_NAME: fit_alternating_fb_trim_skip.slurm
SLURM_CLUSTER_NAME: genius
SLURM_JOB_PARTITION: batch
SLURM_ARRAY_JOB_ID: 55185173
SLURM_ARRAY_TASK_ID: 29
SLURM_NNODES: 1
SLURM_NODELIST: r25i13n13
SLURM_JOB_CPUS_PER_NODE: 8
Date: Tue Aug  8 11:36:16 CEST 2023
Walltime: 00-23:59:00
========================================================================
Iteration: 1 bestvalit: 0.005455 bestmemit:    4.107098   31.278525    1.000000  515.547447
Iteration: 2 bestvalit: 0.005455 bestmemit:    4.107098   31.278525    1.000000  515.547447
Iteration: 3 bestvalit: 0.005455 bestmemit:    4.107098   31.278525    1.000000  515.547447
Iteration: 4 bestvalit: 0.005194 bestmemit:   11.423283  -30.056300    1.000000  477.908823
Iteration: 5 bestvalit: 0.004914 bestmemit:    4.432799   37.826717    1.000000  342.745144
Iteration: 6 bestvalit: 0.004914 bestmemit:    4.432799   37.826717    1.000000  342.745144
Iteration: 7 bestvalit: 0.004639 bestmemit:    4.432799   37.826717    1.000000  342.745144
Iteration: 8 bestvalit: 0.004586 bestmemit:    5.251037   -1.660101    1.000000  299.148539
Iteration: 9 bestvalit: 0.004530 bestmemit:   21.879218  -28.945484    1.000000  349.346416
Iteration: 10 bestvalit: 0.004530 bestmemit:   21.879218  -28.945484    1.000000  349.346416
Iteration: 11 bestvalit: 0.004013 bestmemit:   19.154317   30.569154    1.000000  346.706404
Iteration: 12 bestvalit: 0.003811 bestmemit:   34.561750   43.546122    1.000000  289.432678
Iteration: 13 bestvalit: 0.003811 bestmemit:   34.561750   43.546122    1.000000  289.432678
Iteration: 14 bestvalit: 0.003811 bestmemit:   34.561750   43.546122    1.000000  289.432678
Iteration: 15 bestvalit: 0.003811 bestmemit:   34.561750   43.546122    1.000000  289.432678
Iteration: 16 bestvalit: 0.003748 bestmemit:   39.098195   30.569154    1.000000  346.706404
Iteration: 17 bestvalit: 0.003748 bestmemit:   39.098195   30.569154    1.000000  346.706404
Iteration: 18 bestvalit: 0.003694 bestmemit:   30.591882  -52.817357    1.000000  372.377549
Iteration: 19 bestvalit: 0.003650 bestmemit:   41.904845    9.731707    1.000000  307.421386
Iteration: 20 bestvalit: 0.003650 bestmemit:   41.904845    9.731707    1.000000  307.421386
Iteration: 21 bestvalit: 0.003650 bestmemit:   41.904845    9.731707    1.000000  307.421386
Iteration: 22 bestvalit: 0.003650 bestmemit:   41.904845    9.731707    1.000000  307.421386
Iteration: 23 bestvalit: 0.003650 bestmemit:   41.904845    9.731707    1.000000  307.421386
Iteration: 24 bestvalit: 0.003650 bestmemit:   41.904845    9.731707    1.000000  307.421386
Iteration: 25 bestvalit: 0.003650 bestmemit:   41.904845    9.731707    1.000000  307.421386
Iteration: 26 bestvalit: 0.003650 bestmemit:   41.904845    9.731707    1.000000  307.421386
Iteration: 27 bestvalit: 0.003650 bestmemit:   41.904845    9.731707    1.000000  307.421386
Iteration: 28 bestvalit: 0.003550 bestmemit:   48.651434  -33.122662    1.000000  273.323618
Iteration: 29 bestvalit: 0.003550 bestmemit:   48.651434  -33.122662    1.000000  273.323618
Iteration: 30 bestvalit: 0.003550 bestmemit:   48.651434  -33.122662    1.000000  273.323618
Iteration: 31 bestvalit: 0.003550 bestmemit:   48.651434  -33.122662    1.000000  273.323618
Iteration: 32 bestvalit: 0.003550 bestmemit:   48.651434  -33.122662    1.000000  273.323618
Iteration: 33 bestvalit: 0.003550 bestmemit:   48.651434  -33.122662    1.000000  273.323618
Iteration: 34 bestvalit: 0.003550 bestmemit:   48.651434  -33.122662    1.000000  273.323618
Iteration: 35 bestvalit: 0.003517 bestmemit:   13.278962   27.084110    1.000000  354.491478
Iteration: 36 bestvalit: 0.003517 bestmemit:   13.278962   27.084110    1.000000  354.491478
Iteration: 37 bestvalit: 0.003517 bestmemit:   13.278962   27.084110    1.000000  354.491478
Iteration: 38 bestvalit: 0.003517 bestmemit:   13.278962   27.084110    1.000000  354.491478
Iteration: 39 bestvalit: 0.003517 bestmemit:   13.278962   27.084110    1.000000  354.491478
Iteration: 40 bestvalit: 0.003517 bestmemit:   13.278962   27.084110    1.000000  354.491478
Iteration: 41 bestvalit: 0.003517 bestmemit:   13.278962   27.084110    1.000000  354.491478
Iteration: 42 bestvalit: 0.003517 bestmemit:   13.278962   27.084110    1.000000  354.491478
Iteration: 43 bestvalit: 0.003517 bestmemit:   13.278962   27.084110    1.000000  354.491478
Iteration: 44 bestvalit: 0.003517 bestmemit:   13.278962   27.084110    1.000000  354.491478
Iteration: 45 bestvalit: 0.003456 bestmemit:   39.098195  -10.366937    1.000000  346.706404
Iteration: 46 bestvalit: 0.003456 bestmemit:   39.098195  -10.366937    1.000000  346.706404
Iteration: 47 bestvalit: 0.003456 bestmemit:   39.098195  -10.366937    1.000000  346.706404
Iteration: 48 bestvalit: 0.003456 bestmemit:   39.098195  -10.366937    1.000000  346.706404
Iteration: 49 bestvalit: 0.003456 bestmemit:   39.098195  -10.366937    1.000000  346.706404
Iteration: 50 bestvalit: 0.003456 bestmemit:   39.098195  -10.366937    1.000000  346.706404
Iteration: 51 bestvalit: 0.003456 bestmemit:   39.098195  -10.366937    1.000000  346.706404
Iteration: 52 bestvalit: 0.003456 bestmemit:   39.098195  -10.366937    1.000000  346.706404
Iteration: 53 bestvalit: 0.003456 bestmemit:   39.098195  -10.366937    1.000000  346.706404
Iteration: 54 bestvalit: 0.003456 bestmemit:   39.098195  -10.366937    1.000000  346.706404
Iteration: 55 bestvalit: 0.003456 bestmemit:   39.098195  -10.366937    1.000000  346.706404
Iteration: 56 bestvalit: 0.003456 bestmemit:   39.098195  -10.366937    1.000000  346.706404
Iteration: 57 bestvalit: 0.003456 bestmemit:   39.098195  -10.366937    1.000000  346.706404
Iteration: 58 bestvalit: 0.003456 bestmemit:   39.098195  -10.366937    1.000000  346.706404
Iteration: 59 bestvalit: 0.003456 bestmemit:   39.098195  -10.366937    1.000000  346.706404
Iteration: 60 bestvalit: 0.003456 bestmemit:   39.098195  -10.366937    1.000000  346.706404
Iteration: 61 bestvalit: 0.003456 bestmemit:   39.098195  -10.366937    1.000000  346.706404
Iteration: 62 bestvalit: 0.003456 bestmemit:   39.098195  -10.366937    1.000000  346.706404
Iteration: 63 bestvalit: 0.003456 bestmemit:   39.098195  -10.366937    1.000000  346.706404
Iteration: 64 bestvalit: 0.003456 bestmemit:   39.098195  -10.366937    1.000000  346.706404
Iteration: 65 bestvalit: 0.003456 bestmemit:   39.098195  -10.366937    1.000000  346.706404
Iteration: 66 bestvalit: 0.003456 bestmemit:   39.098195  -10.366937    1.000000  346.706404
Iteration: 67 bestvalit: 0.003456 bestmemit:   39.098195  -10.366937    1.000000  346.706404
Iteration: 68 bestvalit: 0.003456 bestmemit:   39.098195  -10.366937    1.000000  346.706404
Iteration: 69 bestvalit: 0.003456 bestmemit:   39.098195  -10.366937    1.000000  346.706404
Iteration: 70 bestvalit: 0.003456 bestmemit:   39.098195  -10.366937    1.000000  346.706404
Iteration: 71 bestvalit: 0.003456 bestmemit:   39.098195  -10.366937    1.000000  346.706404
Iteration: 72 bestvalit: 0.003456 bestmemit:   39.098195  -10.366937    1.000000  346.706404
Iteration: 73 bestvalit: 0.003456 bestmemit:   39.098195  -10.366937    1.000000  346.706404
Iteration: 74 bestvalit: 0.003456 bestmemit:   39.098195  -10.366937    1.000000  346.706404
Iteration: 75 bestvalit: 0.003456 bestmemit:   39.098195  -10.366937    1.000000  346.706404
Iteration: 76 bestvalit: 0.003456 bestmemit:   39.098195  -10.366937    1.000000  346.706404
Iteration: 77 bestvalit: 0.003456 bestmemit:   39.098195  -10.366937    1.000000  346.706404
Iteration: 78 bestvalit: 0.003456 bestmemit:   39.098195  -10.366937    1.000000  346.706404
Iteration: 79 bestvalit: 0.003456 bestmemit:   39.098195  -10.366937    1.000000  346.706404
Iteration: 80 bestvalit: 0.003456 bestmemit:   39.098195  -10.366937    1.000000  346.706404
Iteration: 81 bestvalit: 0.003456 bestmemit:   39.098195  -10.366937    1.000000  346.706404
Iteration: 82 bestvalit: 0.003456 bestmemit:   39.098195  -10.366937    1.000000  346.706404
Iteration: 83 bestvalit: 0.003354 bestmemit:   34.968086  -28.099912    1.000000  336.175736
Iteration: 84 bestvalit: 0.003354 bestmemit:   34.968086  -28.099912    1.000000  336.175736
Iteration: 85 bestvalit: 0.003354 bestmemit:   34.968086  -28.099912    1.000000  336.175736
Iteration: 86 bestvalit: 0.003354 bestmemit:   34.968086  -28.099912    1.000000  336.175736
Iteration: 87 bestvalit: 0.003354 bestmemit:   34.968086  -28.099912    1.000000  336.175736
Iteration: 88 bestvalit: 0.003354 bestmemit:   34.968086  -28.099912    1.000000  336.175736
Iteration: 89 bestvalit: 0.003354 bestmemit:   34.968086  -28.099912    1.000000  336.175736
Iteration: 90 bestvalit: 0.003354 bestmemit:   34.968086  -28.099912    1.000000  336.175736
Iteration: 91 bestvalit: 0.003354 bestmemit:   34.968086  -28.099912    1.000000  336.175736
Iteration: 92 bestvalit: 0.003354 bestmemit:   34.968086  -28.099912    1.000000  336.175736
Iteration: 93 bestvalit: 0.003354 bestmemit:   34.968086  -28.099912    1.000000  336.175736
Iteration: 94 bestvalit: 0.003354 bestmemit:   34.968086  -28.099912    1.000000  336.175736
Iteration: 95 bestvalit: 0.003354 bestmemit:   34.968086  -28.099912    1.000000  336.175736
Iteration: 96 bestvalit: 0.003354 bestmemit:   34.968086  -28.099912    1.000000  336.175736
Iteration: 97 bestvalit: 0.003354 bestmemit:   34.968086  -28.099912    1.000000  336.175736
Iteration: 98 bestvalit: 0.003354 bestmemit:   34.968086  -28.099912    1.000000  336.175736
Iteration: 99 bestvalit: 0.003354 bestmemit:   34.968086  -28.099912    1.000000  336.175736
Iteration: 100 bestvalit: 0.003354 bestmemit:   34.968086  -28.099912    1.000000  336.175736
Iteration: 101 bestvalit: 0.003354 bestmemit:   34.968086  -28.099912    1.000000  336.175736
Iteration: 102 bestvalit: 0.003354 bestmemit:   34.968086  -28.099912    1.000000  336.175736
Iteration: 103 bestvalit: 0.003354 bestmemit:   34.968086  -28.099912    1.000000  336.175736
Iteration: 104 bestvalit: 0.003354 bestmemit:   34.968086  -28.099912    1.000000  336.175736
Iteration: 105 bestvalit: 0.003354 bestmemit:   34.968086  -28.099912    1.000000  336.175736
Iteration: 106 bestvalit: 0.003354 bestmemit:   34.968086  -28.099912    1.000000  336.175736
Iteration: 107 bestvalit: 0.003354 bestmemit:   34.968086  -28.099912    1.000000  336.175736
Iteration: 108 bestvalit: 0.003354 bestmemit:   34.968086  -28.099912    1.000000  336.175736
Iteration: 109 bestvalit: 0.003280 bestmemit:   34.552600   -3.387152    1.000000  322.170385
Iteration: 110 bestvalit: 0.003280 bestmemit:   34.552600   -3.387152    1.000000  322.170385
Iteration: 111 bestvalit: 0.003280 bestmemit:   34.552600   -3.387152    1.000000  322.170385
Iteration: 112 bestvalit: 0.003280 bestmemit:   34.552600   -3.387152    1.000000  322.170385
Iteration: 113 bestvalit: 0.003280 bestmemit:   34.552600   -3.387152    1.000000  322.170385
Iteration: 114 bestvalit: 0.003280 bestmemit:   34.552600   -3.387152    1.000000  322.170385
Iteration: 115 bestvalit: 0.003280 bestmemit:   34.552600   -3.387152    1.000000  322.170385
Iteration: 116 bestvalit: 0.003280 bestmemit:   34.552600   -3.387152    1.000000  322.170385
Iteration: 117 bestvalit: 0.003280 bestmemit:   34.552600   -3.387152    1.000000  322.170385
Iteration: 118 bestvalit: 0.003280 bestmemit:   34.552600   -3.387152    1.000000  322.170385
Iteration: 119 bestvalit: 0.003280 bestmemit:   34.552600   -3.387152    1.000000  322.170385
Iteration: 120 bestvalit: 0.003280 bestmemit:   34.552600   -3.387152    1.000000  322.170385
Iteration: 121 bestvalit: 0.003280 bestmemit:   34.552600   -3.387152    1.000000  322.170385
Iteration: 122 bestvalit: 0.003280 bestmemit:   34.552600   -3.387152    1.000000  322.170385
Iteration: 123 bestvalit: 0.003280 bestmemit:   34.552600   -3.387152    1.000000  322.170385
Iteration: 124 bestvalit: 0.003280 bestmemit:   34.552600   -3.387152    1.000000  322.170385
Iteration: 125 bestvalit: 0.003280 bestmemit:   34.552600   -3.387152    1.000000  322.170385
Iteration: 126 bestvalit: 0.003280 bestmemit:   34.552600   -3.387152    1.000000  322.170385
Iteration: 127 bestvalit: 0.003280 bestmemit:   34.552600   -3.387152    1.000000  322.170385
Iteration: 128 bestvalit: 0.003280 bestmemit:   34.552600   -3.387152    1.000000  322.170385
Iteration: 129 bestvalit: 0.003280 bestmemit:   34.552600   -3.387152    1.000000  322.170385
Iteration: 130 bestvalit: 0.003280 bestmemit:   34.552600   -3.387152    1.000000  322.170385
Iteration: 131 bestvalit: 0.003280 bestmemit:   34.552600   -3.387152    1.000000  322.170385
Iteration: 132 bestvalit: 0.003280 bestmemit:   34.552600   -3.387152    1.000000  322.170385
Iteration: 133 bestvalit: 0.003280 bestmemit:   34.552600   -3.387152    1.000000  322.170385
Iteration: 134 bestvalit: 0.003280 bestmemit:   34.552600   -3.387152    1.000000  322.170385
Iteration: 135 bestvalit: 0.003280 bestmemit:   34.552600   -3.387152    1.000000  322.170385
Iteration: 136 bestvalit: 0.003280 bestmemit:   34.552600   -3.387152    1.000000  322.170385
Iteration: 137 bestvalit: 0.003280 bestmemit:   34.552600   -3.387152    1.000000  322.170385
Iteration: 138 bestvalit: 0.003280 bestmemit:   34.552600   -3.387152    1.000000  322.170385
Iteration: 139 bestvalit: 0.003280 bestmemit:   34.552600   -3.387152    1.000000  322.170385
Iteration: 140 bestvalit: 0.003280 bestmemit:   34.552600   -3.387152    1.000000  322.170385
Iteration: 141 bestvalit: 0.003280 bestmemit:   34.552600   -3.387152    1.000000  322.170385
Iteration: 142 bestvalit: 0.003280 bestmemit:   34.552600   -3.387152    1.000000  322.170385
Iteration: 143 bestvalit: 0.003280 bestmemit:   34.552600   -3.387152    1.000000  322.170385
Iteration: 144 bestvalit: 0.003280 bestmemit:   34.552600   -3.387152    1.000000  322.170385
Iteration: 145 bestvalit: 0.003280 bestmemit:   34.552600   -3.387152    1.000000  322.170385
Iteration: 146 bestvalit: 0.003280 bestmemit:   34.552600   -3.387152    1.000000  322.170385
Iteration: 147 bestvalit: 0.003280 bestmemit:   34.552600   -3.387152    1.000000  322.170385
Iteration: 148 bestvalit: 0.003280 bestmemit:   34.552600   -3.387152    1.000000  322.170385
Iteration: 149 bestvalit: 0.003280 bestmemit:   34.552600   -3.387152    1.000000  322.170385
Iteration: 150 bestvalit: 0.003280 bestmemit:   34.552600   -3.387152    1.000000  322.170385
Iteration: 151 bestvalit: 0.003280 bestmemit:   34.552600   -3.387152    1.000000  322.170385
Iteration: 152 bestvalit: 0.003280 bestmemit:   34.552600   -3.387152    1.000000  322.170385
Iteration: 153 bestvalit: 0.003280 bestmemit:   34.552600   -3.387152    1.000000  322.170385
Iteration: 154 bestvalit: 0.003280 bestmemit:   34.552600   -3.387152    1.000000  322.170385
Iteration: 155 bestvalit: 0.003280 bestmemit:   34.552600   -3.387152    1.000000  322.170385
Iteration: 156 bestvalit: 0.003280 bestmemit:   34.552600   -3.387152    1.000000  322.170385
Iteration: 157 bestvalit: 0.003280 bestmemit:   34.552600   -3.387152    1.000000  322.170385
Iteration: 158 bestvalit: 0.003280 bestmemit:   34.552600   -3.387152    1.000000  322.170385
Iteration: 159 bestvalit: 0.003280 bestmemit:   34.552600   -3.387152    1.000000  322.170385
Iteration: 160 bestvalit: 0.003280 bestmemit:   34.552600   -3.387152    1.000000  322.170385
Iteration: 161 bestvalit: 0.003280 bestmemit:   34.552600   -3.387152    1.000000  322.170385
Iteration: 162 bestvalit: 0.003280 bestmemit:   34.552600   -3.387152    1.000000  322.170385
Iteration: 163 bestvalit: 0.003280 bestmemit:   34.552600   -3.387152    1.000000  322.170385
Iteration: 164 bestvalit: 0.003280 bestmemit:   34.552600   -3.387152    1.000000  322.170385
Iteration: 165 bestvalit: 0.003247 bestmemit:   19.991977   50.698052    1.000000  315.730906
Iteration: 166 bestvalit: 0.003247 bestmemit:   19.991977   50.698052    1.000000  315.730906
Iteration: 167 bestvalit: 0.003247 bestmemit:   19.991977   50.698052    1.000000  315.730906
Iteration: 168 bestvalit: 0.003247 bestmemit:   19.991977   50.698052    1.000000  315.730906
Iteration: 169 bestvalit: 0.003247 bestmemit:   19.991977   50.698052    1.000000  315.730906
Iteration: 170 bestvalit: 0.003247 bestmemit:   19.991977   50.698052    1.000000  315.730906
Iteration: 171 bestvalit: 0.003247 bestmemit:   19.991977   50.698052    1.000000  315.730906
Iteration: 172 bestvalit: 0.003247 bestmemit:   19.991977   50.698052    1.000000  315.730906
Iteration: 173 bestvalit: 0.003247 bestmemit:   19.991977   50.698052    1.000000  315.730906
Iteration: 174 bestvalit: 0.003247 bestmemit:   19.991977   50.698052    1.000000  315.730906
Iteration: 175 bestvalit: 0.003247 bestmemit:   19.991977   50.698052    1.000000  315.730906
Iteration: 176 bestvalit: 0.003247 bestmemit:   19.991977   50.698052    1.000000  315.730906
Iteration: 177 bestvalit: 0.003247 bestmemit:   19.991977   50.698052    1.000000  315.730906
Iteration: 178 bestvalit: 0.003247 bestmemit:   19.991977   50.698052    1.000000  315.730906
Iteration: 179 bestvalit: 0.003247 bestmemit:   19.991977   50.698052    1.000000  315.730906
Iteration: 180 bestvalit: 0.003247 bestmemit:   19.991977   50.698052    1.000000  315.730906
Iteration: 181 bestvalit: 0.003247 bestmemit:   19.991977   50.698052    1.000000  315.730906
Iteration: 182 bestvalit: 0.003247 bestmemit:   19.991977   50.698052    1.000000  315.730906
Iteration: 183 bestvalit: 0.003247 bestmemit:   19.991977   50.698052    1.000000  315.730906
Iteration: 184 bestvalit: 0.003247 bestmemit:   19.991977   50.698052    1.000000  315.730906
Iteration: 185 bestvalit: 0.003247 bestmemit:   19.991977   50.698052    1.000000  315.730906
Iteration: 186 bestvalit: 0.003247 bestmemit:   19.991977   50.698052    1.000000  315.730906
Iteration: 187 bestvalit: 0.003247 bestmemit:   19.991977   50.698052    1.000000  315.730906
Iteration: 188 bestvalit: 0.003247 bestmemit:   19.991977   50.698052    1.000000  315.730906
Iteration: 189 bestvalit: 0.003247 bestmemit:   19.991977   50.698052    1.000000  315.730906
Iteration: 190 bestvalit: 0.003247 bestmemit:   19.991977   50.698052    1.000000  315.730906
Iteration: 191 bestvalit: 0.003247 bestmemit:   19.991977   50.698052    1.000000  315.730906
Iteration: 192 bestvalit: 0.003247 bestmemit:   19.991977   50.698052    1.000000  315.730906
Iteration: 193 bestvalit: 0.003247 bestmemit:   19.991977   50.698052    1.000000  315.730906
Iteration: 194 bestvalit: 0.003247 bestmemit:   19.991977   50.698052    1.000000  315.730906
Iteration: 195 bestvalit: 0.003247 bestmemit:   19.991977   50.698052    1.000000  315.730906
Iteration: 196 bestvalit: 0.003247 bestmemit:   19.991977   50.698052    1.000000  315.730906
Iteration: 197 bestvalit: 0.003247 bestmemit:   19.991977   50.698052    1.000000  315.730906
Iteration: 198 bestvalit: 0.003247 bestmemit:   19.991977   50.698052    1.000000  315.730906
Iteration: 199 bestvalit: 0.003247 bestmemit:   19.991977   50.698052    1.000000  315.730906
Iteration: 200 bestvalit: 0.003247 bestmemit:   19.991977   50.698052    1.000000  315.730906
Iteration: 201 bestvalit: 0.003144 bestmemit:   38.531623   52.663390    1.000000  301.297184
Iteration: 202 bestvalit: 0.003144 bestmemit:   38.531623   52.663390    1.000000  301.297184
Iteration: 203 bestvalit: 0.003144 bestmemit:   38.531623   52.663390    1.000000  301.297184
Iteration: 204 bestvalit: 0.003144 bestmemit:   38.531623   52.663390    1.000000  301.297184
Iteration: 205 bestvalit: 0.003144 bestmemit:   38.531623   52.663390    1.000000  301.297184
Iteration: 206 bestvalit: 0.003144 bestmemit:   38.531623   52.663390    1.000000  301.297184
Iteration: 207 bestvalit: 0.003144 bestmemit:   38.531623   52.663390    1.000000  301.297184
Iteration: 208 bestvalit: 0.003144 bestmemit:   38.531623   52.663390    1.000000  301.297184
Iteration: 209 bestvalit: 0.003144 bestmemit:   38.531623   52.663390    1.000000  301.297184
Iteration: 210 bestvalit: 0.003144 bestmemit:   38.531623   52.663390    1.000000  301.297184
Iteration: 211 bestvalit: 0.003144 bestmemit:   38.531623   52.663390    1.000000  301.297184
Iteration: 212 bestvalit: 0.003144 bestmemit:   38.531623   52.663390    1.000000  301.297184
Iteration: 213 bestvalit: 0.003144 bestmemit:   38.531623   52.663390    1.000000  301.297184
Iteration: 214 bestvalit: 0.003144 bestmemit:   38.531623   52.663390    1.000000  301.297184
Iteration: 215 bestvalit: 0.003144 bestmemit:   38.531623   52.663390    1.000000  301.297184
Iteration: 216 bestvalit: 0.003144 bestmemit:   38.531623   52.663390    1.000000  301.297184
Iteration: 217 bestvalit: 0.003144 bestmemit:   38.531623   52.663390    1.000000  301.297184
Iteration: 218 bestvalit: 0.003144 bestmemit:   38.531623   52.663390    1.000000  301.297184
Iteration: 219 bestvalit: 0.003144 bestmemit:   38.531623   52.663390    1.000000  301.297184
Iteration: 220 bestvalit: 0.003144 bestmemit:   38.531623   52.663390    1.000000  301.297184
Iteration: 221 bestvalit: 0.003144 bestmemit:   38.531623   52.663390    1.000000  301.297184
Iteration: 222 bestvalit: 0.003144 bestmemit:   38.531623   52.663390    1.000000  301.297184
Iteration: 223 bestvalit: 0.003144 bestmemit:   38.531623   52.663390    1.000000  301.297184
Iteration: 224 bestvalit: 0.003144 bestmemit:   38.531623   52.663390    1.000000  301.297184
Iteration: 225 bestvalit: 0.003144 bestmemit:   38.531623   52.663390    1.000000  301.297184
Iteration: 226 bestvalit: 0.003144 bestmemit:   38.531623   52.663390    1.000000  301.297184
Iteration: 227 bestvalit: 0.003144 bestmemit:   38.531623   52.663390    1.000000  301.297184
Iteration: 228 bestvalit: 0.003144 bestmemit:   38.531623   52.663390    1.000000  301.297184
Iteration: 229 bestvalit: 0.003144 bestmemit:   38.531623   52.663390    1.000000  301.297184
Iteration: 230 bestvalit: 0.003144 bestmemit:   38.531623   52.663390    1.000000  301.297184
Iteration: 231 bestvalit: 0.003144 bestmemit:   38.531623   52.663390    1.000000  301.297184
Iteration: 232 bestvalit: 0.003144 bestmemit:   38.531623   52.663390    1.000000  301.297184
Iteration: 233 bestvalit: 0.003144 bestmemit:   38.531623   52.663390    1.000000  301.297184
Iteration: 234 bestvalit: 0.003144 bestmemit:   38.531623   52.663390    1.000000  301.297184
Iteration: 235 bestvalit: 0.003144 bestmemit:   38.531623   52.663390    1.000000  301.297184
Iteration: 236 bestvalit: 0.003144 bestmemit:   38.531623   52.663390    1.000000  301.297184
Iteration: 237 bestvalit: 0.003144 bestmemit:   38.531623   52.663390    1.000000  301.297184
Iteration: 238 bestvalit: 0.003144 bestmemit:   38.531623   52.663390    1.000000  301.297184
Iteration: 239 bestvalit: 0.003144 bestmemit:   38.531623   52.663390    1.000000  301.297184
Iteration: 240 bestvalit: 0.003144 bestmemit:   38.531623   52.663390    1.000000  301.297184
Iteration: 241 bestvalit: 0.003144 bestmemit:   38.531623   52.663390    1.000000  301.297184
Iteration: 242 bestvalit: 0.003144 bestmemit:   38.531623   52.663390    1.000000  301.297184
Iteration: 243 bestvalit: 0.003144 bestmemit:   38.531623   52.663390    1.000000  301.297184
Iteration: 244 bestvalit: 0.003144 bestmemit:   38.531623   52.663390    1.000000  301.297184
Iteration: 245 bestvalit: 0.003144 bestmemit:   38.531623   52.663390    1.000000  301.297184
Iteration: 246 bestvalit: 0.003144 bestmemit:   38.531623   52.663390    1.000000  301.297184
Iteration: 247 bestvalit: 0.003144 bestmemit:   38.531623   52.663390    1.000000  301.297184
Iteration: 248 bestvalit: 0.003144 bestmemit:   38.531623   52.663390    1.000000  301.297184
Iteration: 249 bestvalit: 0.003144 bestmemit:   38.531623   52.663390    1.000000  301.297184
Iteration: 250 bestvalit: 0.003144 bestmemit:   38.531623   52.663390    1.000000  301.297184
Iteration: 251 bestvalit: 0.003144 bestmemit:   38.531623   52.663390    1.000000  301.297184
Iteration: 252 bestvalit: 0.003144 bestmemit:   38.531623   52.663390    1.000000  301.297184
Iteration: 253 bestvalit: 0.003144 bestmemit:   38.531623   52.663390    1.000000  301.297184
Iteration: 254 bestvalit: 0.003144 bestmemit:   38.531623   52.663390    1.000000  301.297184
Iteration: 255 bestvalit: 0.003144 bestmemit:   38.531623   52.663390    1.000000  301.297184
Iteration: 256 bestvalit: 0.003144 bestmemit:   38.531623   52.663390    1.000000  301.297184
Iteration: 257 bestvalit: 0.003144 bestmemit:   38.531623   52.663390    1.000000  301.297184
Iteration: 258 bestvalit: 0.003144 bestmemit:   38.531623   52.663390    1.000000  301.297184
Iteration: 259 bestvalit: 0.003144 bestmemit:   38.531623   52.663390    1.000000  301.297184
Iteration: 260 bestvalit: 0.003144 bestmemit:   38.531623   52.663390    1.000000  301.297184
Iteration: 261 bestvalit: 0.003144 bestmemit:   38.531623   52.663390    1.000000  301.297184
Iteration: 262 bestvalit: 0.003144 bestmemit:   38.531623   52.663390    1.000000  301.297184
Iteration: 263 bestvalit: 0.003144 bestmemit:   38.531623   52.663390    1.000000  301.297184
Iteration: 264 bestvalit: 0.003144 bestmemit:   38.531623   52.663390    1.000000  301.297184
Iteration: 265 bestvalit: 0.003144 bestmemit:   38.531623   52.663390    1.000000  301.297184
Iteration: 266 bestvalit: 0.003144 bestmemit:   38.531623   52.663390    1.000000  301.297184
Iteration: 267 bestvalit: 0.003144 bestmemit:   38.531623   52.663390    1.000000  301.297184
Iteration: 268 bestvalit: 0.003144 bestmemit:   38.531623   52.663390    1.000000  301.297184
Iteration: 269 bestvalit: 0.003144 bestmemit:   38.531623   52.663390    1.000000  301.297184
Iteration: 270 bestvalit: 0.003144 bestmemit:   38.531623   52.663390    1.000000  301.297184
Iteration: 271 bestvalit: 0.003144 bestmemit:   38.531623   52.663390    1.000000  301.297184
Iteration: 272 bestvalit: 0.003144 bestmemit:   38.531623   52.663390    1.000000  301.297184

***** summary of DEoptim object ***** 
best member   :  38.53162 52.66339 1 301.2972 
best value    :  0.00314 
after         :  272 generations 
fn evaluated  :  546 times 
*************************************
