SLURM_JOB_ID: 55185240
SLURM_JOB_USER: vsc34066
SLURM_JOB_ACCOUNT: lp_desenderlab
SLURM_JOB_NAME: fit_alternating_fb_trim_skip.slurm
SLURM_CLUSTER_NAME: genius
SLURM_JOB_PARTITION: batch
SLURM_ARRAY_JOB_ID: 55185173
SLURM_ARRAY_TASK_ID: 67
SLURM_NNODES: 1
SLURM_NODELIST: r25i27n14
SLURM_JOB_CPUS_PER_NODE: 8
Date: Tue Aug  8 11:36:16 CEST 2023
Walltime: 00-23:59:00
========================================================================
Iteration: 1 bestvalit: 0.006720 bestmemit:    6.469102   74.060907    1.000000  203.537273
Iteration: 2 bestvalit: 0.006529 bestmemit:    3.068129   97.085937    1.000000  268.185472
Iteration: 3 bestvalit: 0.006401 bestmemit:    6.469102  -10.627034    1.000000  203.537273
Iteration: 4 bestvalit: 0.005627 bestmemit:    3.068129  -15.106586    1.000000  268.185472
Iteration: 5 bestvalit: 0.005627 bestmemit:    3.068129  -15.106586    1.000000  268.185472
Iteration: 6 bestvalit: 0.005627 bestmemit:    3.068129  -15.106586    1.000000  268.185472
Iteration: 7 bestvalit: 0.005627 bestmemit:    3.068129  -15.106586    1.000000  268.185472
Iteration: 8 bestvalit: 0.005627 bestmemit:    3.068129  -15.106586    1.000000  268.185472
Iteration: 9 bestvalit: 0.005627 bestmemit:    3.068129  -15.106586    1.000000  268.185472
Iteration: 10 bestvalit: 0.005627 bestmemit:    3.068129  -15.106586    1.000000  268.185472
Iteration: 11 bestvalit: 0.005627 bestmemit:    3.068129  -15.106586    1.000000  268.185472
Iteration: 12 bestvalit: 0.005627 bestmemit:    3.068129  -15.106586    1.000000  268.185472
Iteration: 13 bestvalit: 0.005627 bestmemit:    3.068129  -15.106586    1.000000  268.185472
Iteration: 14 bestvalit: 0.005627 bestmemit:    3.068129  -15.106586    1.000000  268.185472
Iteration: 15 bestvalit: 0.005627 bestmemit:    3.068129  -15.106586    1.000000  268.185472
Iteration: 16 bestvalit: 0.005627 bestmemit:    3.068129  -15.106586    1.000000  268.185472
Iteration: 17 bestvalit: 0.005627 bestmemit:    3.068129  -15.106586    1.000000  268.185472
Iteration: 18 bestvalit: 0.005627 bestmemit:    3.068129  -15.106586    1.000000  268.185472
Iteration: 19 bestvalit: 0.005627 bestmemit:    3.068129  -15.106586    1.000000  268.185472
Iteration: 20 bestvalit: 0.005240 bestmemit:   39.319496  -15.106586    1.000000  255.198291
Iteration: 21 bestvalit: 0.005240 bestmemit:   39.319496  -15.106586    1.000000  255.198291
Iteration: 22 bestvalit: 0.005240 bestmemit:   39.319496  -15.106586    1.000000  255.198291
Iteration: 23 bestvalit: 0.005240 bestmemit:   39.319496  -15.106586    1.000000  255.198291
Iteration: 24 bestvalit: 0.005240 bestmemit:   39.319496  -15.106586    1.000000  255.198291
Iteration: 25 bestvalit: 0.005157 bestmemit:   27.472106    3.824068    1.000000  246.436163
Iteration: 26 bestvalit: 0.005157 bestmemit:   27.472106    3.824068    1.000000  246.436163
Iteration: 27 bestvalit: 0.005157 bestmemit:   27.472106    3.824068    1.000000  246.436163
Iteration: 28 bestvalit: 0.005157 bestmemit:   27.472106    3.824068    1.000000  246.436163
Iteration: 29 bestvalit: 0.005157 bestmemit:   27.472106    3.824068    1.000000  246.436163
Iteration: 30 bestvalit: 0.005157 bestmemit:   27.472106    3.824068    1.000000  246.436163
Iteration: 31 bestvalit: 0.005157 bestmemit:   27.472106    3.824068    1.000000  246.436163
Iteration: 32 bestvalit: 0.005157 bestmemit:   27.472106    3.824068    1.000000  246.436163
Iteration: 33 bestvalit: 0.005157 bestmemit:   27.472106    3.824068    1.000000  246.436163
Iteration: 34 bestvalit: 0.005157 bestmemit:   27.472106    3.824068    1.000000  246.436163
Iteration: 35 bestvalit: 0.005157 bestmemit:   27.472106    3.824068    1.000000  246.436163
Iteration: 36 bestvalit: 0.005157 bestmemit:   27.472106    3.824068    1.000000  246.436163
Iteration: 37 bestvalit: 0.005157 bestmemit:   27.472106    3.824068    1.000000  246.436163
Iteration: 38 bestvalit: 0.005157 bestmemit:   27.472106    3.824068    1.000000  246.436163
Iteration: 39 bestvalit: 0.005124 bestmemit:   22.947884  -19.391141    1.000000  243.265939
Iteration: 40 bestvalit: 0.005124 bestmemit:   22.947884  -19.391141    1.000000  243.265939
Iteration: 41 bestvalit: 0.005124 bestmemit:   22.947884  -19.391141    1.000000  243.265939
Iteration: 42 bestvalit: 0.005124 bestmemit:   22.947884  -19.391141    1.000000  243.265939
Iteration: 43 bestvalit: 0.004983 bestmemit:   35.676463   85.867110    1.000000  290.775144
Iteration: 44 bestvalit: 0.004983 bestmemit:   35.676463   85.867110    1.000000  290.775144
Iteration: 45 bestvalit: 0.004983 bestmemit:   35.676463   85.867110    1.000000  290.775144
Iteration: 46 bestvalit: 0.004983 bestmemit:   35.676463   85.867110    1.000000  290.775144
Iteration: 47 bestvalit: 0.004983 bestmemit:   35.676463   85.867110    1.000000  290.775144
Iteration: 48 bestvalit: 0.004983 bestmemit:   35.676463   85.867110    1.000000  290.775144
Iteration: 49 bestvalit: 0.004983 bestmemit:   35.676463   85.867110    1.000000  290.775144
Iteration: 50 bestvalit: 0.004983 bestmemit:   35.676463   85.867110    1.000000  290.775144
Iteration: 51 bestvalit: 0.004983 bestmemit:   35.676463   85.867110    1.000000  290.775144
Iteration: 52 bestvalit: 0.004983 bestmemit:   35.676463   85.867110    1.000000  290.775144
Iteration: 53 bestvalit: 0.004983 bestmemit:   35.676463   85.867110    1.000000  290.775144
Iteration: 54 bestvalit: 0.004983 bestmemit:   35.676463   85.867110    1.000000  290.775144
Iteration: 55 bestvalit: 0.004983 bestmemit:   35.676463   85.867110    1.000000  290.775144
Iteration: 56 bestvalit: 0.004983 bestmemit:   35.676463   85.867110    1.000000  290.775144
Iteration: 57 bestvalit: 0.004983 bestmemit:   35.676463   85.867110    1.000000  290.775144
Iteration: 58 bestvalit: 0.004983 bestmemit:   35.676463   85.867110    1.000000  290.775144
Iteration: 59 bestvalit: 0.004983 bestmemit:   35.676463   85.867110    1.000000  290.775144
Iteration: 60 bestvalit: 0.004983 bestmemit:   35.676463   85.867110    1.000000  290.775144
Iteration: 61 bestvalit: 0.004983 bestmemit:   35.676463   85.867110    1.000000  290.775144
Iteration: 62 bestvalit: 0.004983 bestmemit:   35.676463   85.867110    1.000000  290.775144
Iteration: 63 bestvalit: 0.004983 bestmemit:   35.676463   85.867110    1.000000  290.775144
Iteration: 64 bestvalit: 0.004983 bestmemit:   35.676463   85.867110    1.000000  290.775144
Iteration: 65 bestvalit: 0.004983 bestmemit:   35.676463   85.867110    1.000000  290.775144
Iteration: 66 bestvalit: 0.004983 bestmemit:   35.676463   85.867110    1.000000  290.775144
Iteration: 67 bestvalit: 0.004983 bestmemit:   35.676463   85.867110    1.000000  290.775144
Iteration: 68 bestvalit: 0.004983 bestmemit:   35.676463   85.867110    1.000000  290.775144
Iteration: 69 bestvalit: 0.004983 bestmemit:   35.676463   85.867110    1.000000  290.775144
Iteration: 70 bestvalit: 0.004983 bestmemit:   35.676463   85.867110    1.000000  290.775144
Iteration: 71 bestvalit: 0.004983 bestmemit:   35.676463   85.867110    1.000000  290.775144
Iteration: 72 bestvalit: 0.004983 bestmemit:   35.676463   85.867110    1.000000  290.775144
Iteration: 73 bestvalit: 0.004983 bestmemit:   35.676463   85.867110    1.000000  290.775144
Iteration: 74 bestvalit: 0.004983 bestmemit:   35.676463   85.867110    1.000000  290.775144
Iteration: 75 bestvalit: 0.004983 bestmemit:   35.676463   85.867110    1.000000  290.775144
Iteration: 76 bestvalit: 0.004983 bestmemit:   35.676463   85.867110    1.000000  290.775144
Iteration: 77 bestvalit: 0.004894 bestmemit:   42.223400    6.490445    1.000000  239.036871
Iteration: 78 bestvalit: 0.004894 bestmemit:   42.223400    6.490445    1.000000  239.036871
Iteration: 79 bestvalit: 0.004894 bestmemit:   42.223400    6.490445    1.000000  239.036871
Iteration: 80 bestvalit: 0.004894 bestmemit:   42.223400    6.490445    1.000000  239.036871
Iteration: 81 bestvalit: 0.004894 bestmemit:   42.223400    6.490445    1.000000  239.036871
Iteration: 82 bestvalit: 0.004894 bestmemit:   42.223400    6.490445    1.000000  239.036871
Iteration: 83 bestvalit: 0.004894 bestmemit:   42.223400    6.490445    1.000000  239.036871
Iteration: 84 bestvalit: 0.004894 bestmemit:   42.223400    6.490445    1.000000  239.036871
Iteration: 85 bestvalit: 0.004894 bestmemit:   42.223400    6.490445    1.000000  239.036871
Iteration: 86 bestvalit: 0.004894 bestmemit:   42.223400    6.490445    1.000000  239.036871
Iteration: 87 bestvalit: 0.004894 bestmemit:   42.223400    6.490445    1.000000  239.036871
Iteration: 88 bestvalit: 0.004894 bestmemit:   42.223400    6.490445    1.000000  239.036871
Iteration: 89 bestvalit: 0.004894 bestmemit:   42.223400    6.490445    1.000000  239.036871
Iteration: 90 bestvalit: 0.004835 bestmemit:   21.920145   24.958762    1.000000  274.508179
Iteration: 91 bestvalit: 0.004835 bestmemit:   21.920145   24.958762    1.000000  274.508179
Iteration: 92 bestvalit: 0.004835 bestmemit:   21.920145   24.958762    1.000000  274.508179
Iteration: 93 bestvalit: 0.004835 bestmemit:   21.920145   24.958762    1.000000  274.508179
Iteration: 94 bestvalit: 0.004835 bestmemit:   21.920145   24.958762    1.000000  274.508179
Iteration: 95 bestvalit: 0.004835 bestmemit:   21.920145   24.958762    1.000000  274.508179
Iteration: 96 bestvalit: 0.004835 bestmemit:   21.920145   24.958762    1.000000  274.508179
Iteration: 97 bestvalit: 0.004835 bestmemit:   21.920145   24.958762    1.000000  274.508179
Iteration: 98 bestvalit: 0.004835 bestmemit:   21.920145   24.958762    1.000000  274.508179
Iteration: 99 bestvalit: 0.004835 bestmemit:   21.920145   24.958762    1.000000  274.508179
Iteration: 100 bestvalit: 0.004835 bestmemit:   21.920145   24.958762    1.000000  274.508179
Iteration: 101 bestvalit: 0.004835 bestmemit:   21.920145   24.958762    1.000000  274.508179
Iteration: 102 bestvalit: 0.004452 bestmemit:   10.709917  -30.985999    1.000000  279.990312
Iteration: 103 bestvalit: 0.004452 bestmemit:   10.709917  -30.985999    1.000000  279.990312
Iteration: 104 bestvalit: 0.004452 bestmemit:   10.709917  -30.985999    1.000000  279.990312
Iteration: 105 bestvalit: 0.004452 bestmemit:   10.709917  -30.985999    1.000000  279.990312
Iteration: 106 bestvalit: 0.004452 bestmemit:   10.709917  -30.985999    1.000000  279.990312
Iteration: 107 bestvalit: 0.004452 bestmemit:   10.709917  -30.985999    1.000000  279.990312
Iteration: 108 bestvalit: 0.004452 bestmemit:   10.709917  -30.985999    1.000000  279.990312
Iteration: 109 bestvalit: 0.004452 bestmemit:   10.709917  -30.985999    1.000000  279.990312
Iteration: 110 bestvalit: 0.004452 bestmemit:   10.709917  -30.985999    1.000000  279.990312
Iteration: 111 bestvalit: 0.004452 bestmemit:   10.709917  -30.985999    1.000000  279.990312
Iteration: 112 bestvalit: 0.004452 bestmemit:   10.709917  -30.985999    1.000000  279.990312
Iteration: 113 bestvalit: 0.004452 bestmemit:   10.709917  -30.985999    1.000000  279.990312
Iteration: 114 bestvalit: 0.004452 bestmemit:   10.709917  -30.985999    1.000000  279.990312
Iteration: 115 bestvalit: 0.004452 bestmemit:   10.709917  -30.985999    1.000000  279.990312
Iteration: 116 bestvalit: 0.004452 bestmemit:   10.709917  -30.985999    1.000000  279.990312
Iteration: 117 bestvalit: 0.004452 bestmemit:   10.709917  -30.985999    1.000000  279.990312
Iteration: 118 bestvalit: 0.004452 bestmemit:   10.709917  -30.985999    1.000000  279.990312
Iteration: 119 bestvalit: 0.004452 bestmemit:   10.709917  -30.985999    1.000000  279.990312
Iteration: 120 bestvalit: 0.004452 bestmemit:   10.709917  -30.985999    1.000000  279.990312
Iteration: 121 bestvalit: 0.004452 bestmemit:   10.709917  -30.985999    1.000000  279.990312
Iteration: 122 bestvalit: 0.004452 bestmemit:   10.709917  -30.985999    1.000000  279.990312
Iteration: 123 bestvalit: 0.004452 bestmemit:   10.709917  -30.985999    1.000000  279.990312
Iteration: 124 bestvalit: 0.004452 bestmemit:   10.709917  -30.985999    1.000000  279.990312
Iteration: 125 bestvalit: 0.004452 bestmemit:   10.709917  -30.985999    1.000000  279.990312
Iteration: 126 bestvalit: 0.004452 bestmemit:   10.709917  -30.985999    1.000000  279.990312
Iteration: 127 bestvalit: 0.004452 bestmemit:   10.709917  -30.985999    1.000000  279.990312
Iteration: 128 bestvalit: 0.004452 bestmemit:   10.709917  -30.985999    1.000000  279.990312
Iteration: 129 bestvalit: 0.004452 bestmemit:   10.709917  -30.985999    1.000000  279.990312
Iteration: 130 bestvalit: 0.004452 bestmemit:   10.709917  -30.985999    1.000000  279.990312
Iteration: 131 bestvalit: 0.004452 bestmemit:   10.709917  -30.985999    1.000000  279.990312
Iteration: 132 bestvalit: 0.004452 bestmemit:   10.709917  -30.985999    1.000000  279.990312
Iteration: 133 bestvalit: 0.004452 bestmemit:   10.709917  -30.985999    1.000000  279.990312
Iteration: 134 bestvalit: 0.004452 bestmemit:   10.709917  -30.985999    1.000000  279.990312
Iteration: 135 bestvalit: 0.004452 bestmemit:   10.709917  -30.985999    1.000000  279.990312
Iteration: 136 bestvalit: 0.004452 bestmemit:   10.709917  -30.985999    1.000000  279.990312
Iteration: 137 bestvalit: 0.004452 bestmemit:   10.709917  -30.985999    1.000000  279.990312
Iteration: 138 bestvalit: 0.004452 bestmemit:   10.709917  -30.985999    1.000000  279.990312
Iteration: 139 bestvalit: 0.004452 bestmemit:   10.709917  -30.985999    1.000000  279.990312
Iteration: 140 bestvalit: 0.004452 bestmemit:   10.709917  -30.985999    1.000000  279.990312
Iteration: 141 bestvalit: 0.004452 bestmemit:   10.709917  -30.985999    1.000000  279.990312
Iteration: 142 bestvalit: 0.004452 bestmemit:   10.709917  -30.985999    1.000000  279.990312
Iteration: 143 bestvalit: 0.004452 bestmemit:   10.709917  -30.985999    1.000000  279.990312
Iteration: 144 bestvalit: 0.004452 bestmemit:   10.709917  -30.985999    1.000000  279.990312
Iteration: 145 bestvalit: 0.004452 bestmemit:   10.709917  -30.985999    1.000000  279.990312
Iteration: 146 bestvalit: 0.004452 bestmemit:   10.709917  -30.985999    1.000000  279.990312
Iteration: 147 bestvalit: 0.004452 bestmemit:   10.709917  -30.985999    1.000000  279.990312
Iteration: 148 bestvalit: 0.004452 bestmemit:   10.709917  -30.985999    1.000000  279.990312
Iteration: 149 bestvalit: 0.004452 bestmemit:   10.709917  -30.985999    1.000000  279.990312
Iteration: 150 bestvalit: 0.004452 bestmemit:   10.709917  -30.985999    1.000000  279.990312
Iteration: 151 bestvalit: 0.004452 bestmemit:   10.709917  -30.985999    1.000000  279.990312
Iteration: 152 bestvalit: 0.004452 bestmemit:   10.709917  -30.985999    1.000000  279.990312
Iteration: 153 bestvalit: 0.004452 bestmemit:   10.709917  -30.985999    1.000000  279.990312
Iteration: 154 bestvalit: 0.004452 bestmemit:   10.709917  -30.985999    1.000000  279.990312
Iteration: 155 bestvalit: 0.004452 bestmemit:   10.709917  -30.985999    1.000000  279.990312
Iteration: 156 bestvalit: 0.004452 bestmemit:   10.709917  -30.985999    1.000000  279.990312
Iteration: 157 bestvalit: 0.004452 bestmemit:   10.709917  -30.985999    1.000000  279.990312
Iteration: 158 bestvalit: 0.004452 bestmemit:   10.709917  -30.985999    1.000000  279.990312
Iteration: 159 bestvalit: 0.004452 bestmemit:   10.709917  -30.985999    1.000000  279.990312
Iteration: 160 bestvalit: 0.004452 bestmemit:   10.709917  -30.985999    1.000000  279.990312
Iteration: 161 bestvalit: 0.004452 bestmemit:   10.709917  -30.985999    1.000000  279.990312
Iteration: 162 bestvalit: 0.004452 bestmemit:   10.709917  -30.985999    1.000000  279.990312
Iteration: 163 bestvalit: 0.004452 bestmemit:   10.709917  -30.985999    1.000000  279.990312
Iteration: 164 bestvalit: 0.004452 bestmemit:   10.709917  -30.985999    1.000000  279.990312
Iteration: 165 bestvalit: 0.004452 bestmemit:   10.709917  -30.985999    1.000000  279.990312
Iteration: 166 bestvalit: 0.004452 bestmemit:   10.709917  -30.985999    1.000000  279.990312
Iteration: 167 bestvalit: 0.004452 bestmemit:   10.709917  -30.985999    1.000000  279.990312
Iteration: 168 bestvalit: 0.004452 bestmemit:   10.709917  -30.985999    1.000000  279.990312
Iteration: 169 bestvalit: 0.004452 bestmemit:   10.709917  -30.985999    1.000000  279.990312
Iteration: 170 bestvalit: 0.004452 bestmemit:   10.709917  -30.985999    1.000000  279.990312
Iteration: 171 bestvalit: 0.004452 bestmemit:   10.709917  -30.985999    1.000000  279.990312
Iteration: 172 bestvalit: 0.004452 bestmemit:   10.709917  -30.985999    1.000000  279.990312
Iteration: 173 bestvalit: 0.004452 bestmemit:   10.709917  -30.985999    1.000000  279.990312

***** summary of DEoptim object ***** 
best member   :  10.70992 -30.986 1 279.9903 
best value    :  0.00445 
after         :  173 generations 
fn evaluated  :  348 times 
*************************************
