SLURM_JOB_ID: 55402977
SLURM_JOB_USER: vsc34066
SLURM_JOB_ACCOUNT: lp_desenderlab
SLURM_JOB_NAME: par_recov_alternating_fb_sim_alpha_learn.slurm
SLURM_CLUSTER_NAME: genius
SLURM_JOB_PARTITION: batch
SLURM_ARRAY_JOB_ID: 55402977
SLURM_ARRAY_TASK_ID: 106
SLURM_NNODES: 2
SLURM_NODELIST: r22i13n[09-10]
SLURM_JOB_CPUS_PER_NODE: 6,2
Date: Sun Dec  3 23:44:12 CET 2023
Walltime: 01-06:00:00
========================================================================
Iteration: 1 bestvalit: 0.056404 bestmemit:    7.774808   17.951748    1.000000  293.225092 2142.755808
Iteration: 2 bestvalit: 0.056404 bestmemit:    7.774808   17.951748    1.000000  293.225092 2142.755808
Iteration: 3 bestvalit: 0.056404 bestmemit:    7.774808   17.951748    1.000000  293.225092 2142.755808
Iteration: 4 bestvalit: 0.056404 bestmemit:    7.774808   17.951748    1.000000  293.225092 2142.755808
Iteration: 5 bestvalit: 0.044136 bestmemit:    8.300776  -55.367262    1.000000  327.976390  176.686230
Iteration: 6 bestvalit: 0.044136 bestmemit:    8.300776  -55.367262    1.000000  327.976390  176.686230
Iteration: 7 bestvalit: 0.044136 bestmemit:    8.300776  -55.367262    1.000000  327.976390  176.686230
Iteration: 8 bestvalit: 0.029377 bestmemit:   40.006852  -73.537463    1.000000  156.108221  165.963721
Iteration: 9 bestvalit: 0.029377 bestmemit:   40.006852  -73.537463    1.000000  156.108221  165.963721
Iteration: 10 bestvalit: 0.029377 bestmemit:   40.006852  -73.537463    1.000000  156.108221  165.963721
Iteration: 11 bestvalit: 0.029377 bestmemit:   40.006852  -73.537463    1.000000  156.108221  165.963721
Iteration: 12 bestvalit: 0.029377 bestmemit:   40.006852  -73.537463    1.000000  156.108221  165.963721
Iteration: 13 bestvalit: 0.029377 bestmemit:   40.006852  -73.537463    1.000000  156.108221  165.963721
Iteration: 14 bestvalit: 0.029377 bestmemit:   40.006852  -73.537463    1.000000  156.108221  165.963721
Iteration: 15 bestvalit: 0.026087 bestmemit:   23.230086    5.881169    1.000000   96.022006  489.959643
Iteration: 16 bestvalit: 0.026087 bestmemit:   23.230086    5.881169    1.000000   96.022006  489.959643
Iteration: 17 bestvalit: 0.026087 bestmemit:   23.230086    5.881169    1.000000   96.022006  489.959643
Iteration: 18 bestvalit: 0.026087 bestmemit:   23.230086    5.881169    1.000000   96.022006  489.959643
Iteration: 19 bestvalit: 0.026087 bestmemit:   23.230086    5.881169    1.000000   96.022006  489.959643
Iteration: 20 bestvalit: 0.026087 bestmemit:   23.230086    5.881169    1.000000   96.022006  489.959643
Iteration: 21 bestvalit: 0.026087 bestmemit:   23.230086    5.881169    1.000000   96.022006  489.959643
Iteration: 22 bestvalit: 0.026087 bestmemit:   23.230086    5.881169    1.000000   96.022006  489.959643
Iteration: 23 bestvalit: 0.026087 bestmemit:   23.230086    5.881169    1.000000   96.022006  489.959643
Iteration: 24 bestvalit: 0.026087 bestmemit:   23.230086    5.881169    1.000000   96.022006  489.959643
Iteration: 25 bestvalit: 0.024808 bestmemit:   30.172000  -23.416264    1.000000   30.121223  478.539853
Iteration: 26 bestvalit: 0.024808 bestmemit:   30.172000  -23.416264    1.000000   30.121223  478.539853
Iteration: 27 bestvalit: 0.015814 bestmemit:   22.063949  -68.918062    1.000000    4.959803  462.341968
Iteration: 28 bestvalit: 0.015814 bestmemit:   22.063949  -68.918062    1.000000    4.959803  462.341968
Iteration: 29 bestvalit: 0.015814 bestmemit:   22.063949  -68.918062    1.000000    4.959803  462.341968
Iteration: 30 bestvalit: 0.015814 bestmemit:   22.063949  -68.918062    1.000000    4.959803  462.341968
Iteration: 31 bestvalit: 0.015814 bestmemit:   22.063949  -68.918062    1.000000    4.959803  462.341968
Iteration: 32 bestvalit: 0.015814 bestmemit:   22.063949  -68.918062    1.000000    4.959803  462.341968
Iteration: 33 bestvalit: 0.014497 bestmemit:   25.069972   -3.414933    1.000000    4.959803  462.341968
Iteration: 34 bestvalit: 0.014497 bestmemit:   25.069972   -3.414933    1.000000    4.959803  462.341968
Iteration: 35 bestvalit: 0.014497 bestmemit:   25.069972   -3.414933    1.000000    4.959803  462.341968
Iteration: 36 bestvalit: 0.013585 bestmemit:   23.474877   92.599559    1.000000   61.240488    7.800627
Iteration: 37 bestvalit: 0.013585 bestmemit:   23.474877   92.599559    1.000000   61.240488    7.800627
Iteration: 38 bestvalit: 0.013585 bestmemit:   23.474877   92.599559    1.000000   61.240488    7.800627
Iteration: 39 bestvalit: 0.013585 bestmemit:   23.474877   92.599559    1.000000   61.240488    7.800627
Iteration: 40 bestvalit: 0.011568 bestmemit:   38.509976   -3.414933    1.000000    4.959803  462.341968
Iteration: 41 bestvalit: 0.011568 bestmemit:   38.509976   -3.414933    1.000000    4.959803  462.341968
Iteration: 42 bestvalit: 0.011568 bestmemit:   38.509976   -3.414933    1.000000    4.959803  462.341968
Iteration: 43 bestvalit: 0.011555 bestmemit:   38.509976    6.693799    1.000000    4.959803  462.341968
Iteration: 44 bestvalit: 0.011555 bestmemit:   38.509976    6.693799    1.000000    4.959803  462.341968
Iteration: 45 bestvalit: 0.011555 bestmemit:   38.509976    6.693799    1.000000    4.959803  462.341968
Iteration: 46 bestvalit: 0.011555 bestmemit:   38.509976    6.693799    1.000000    4.959803  462.341968
Iteration: 47 bestvalit: 0.011555 bestmemit:   38.509976    6.693799    1.000000    4.959803  462.341968
Iteration: 48 bestvalit: 0.011555 bestmemit:   38.509976    6.693799    1.000000    4.959803  462.341968
Iteration: 49 bestvalit: 0.011555 bestmemit:   38.509976    6.693799    1.000000    4.959803  462.341968
Iteration: 50 bestvalit: 0.011555 bestmemit:   38.509976    6.693799    1.000000    4.959803  462.341968
Iteration: 51 bestvalit: 0.011555 bestmemit:   38.509976    6.693799    1.000000    4.959803  462.341968
Iteration: 52 bestvalit: 0.011555 bestmemit:   38.509976    6.693799    1.000000    4.959803  462.341968
Iteration: 53 bestvalit: 0.011555 bestmemit:   38.509976    6.693799    1.000000    4.959803  462.341968
Iteration: 54 bestvalit: 0.009548 bestmemit:   36.880704    6.693799    1.000000    2.747594  476.766655
Iteration: 55 bestvalit: 0.008921 bestmemit:   41.520748   52.076523    1.000000    1.745943  508.546221
Iteration: 56 bestvalit: 0.008921 bestmemit:   41.520748   52.076523    1.000000    1.745943  508.546221
Iteration: 57 bestvalit: 0.007486 bestmemit:   23.474877   92.599559    1.000000   26.607472    7.800627
Iteration: 58 bestvalit: 0.007486 bestmemit:   23.474877   92.599559    1.000000   26.607472    7.800627
Iteration: 59 bestvalit: 0.007486 bestmemit:   23.474877   92.599559    1.000000   26.607472    7.800627
Iteration: 60 bestvalit: 0.007486 bestmemit:   23.474877   92.599559    1.000000   26.607472    7.800627
Iteration: 61 bestvalit: 0.007486 bestmemit:   23.474877   92.599559    1.000000   26.607472    7.800627
Iteration: 62 bestvalit: 0.007486 bestmemit:   23.474877   92.599559    1.000000   26.607472    7.800627
Iteration: 63 bestvalit: 0.007486 bestmemit:   23.474877   92.599559    1.000000   26.607472    7.800627
Iteration: 64 bestvalit: 0.007486 bestmemit:   23.474877   92.599559    1.000000   26.607472    7.800627
Iteration: 65 bestvalit: 0.007486 bestmemit:   23.474877   92.599559    1.000000   26.607472    7.800627
Iteration: 66 bestvalit: 0.007486 bestmemit:   23.474877   92.599559    1.000000   26.607472    7.800627
Iteration: 67 bestvalit: 0.006709 bestmemit:   21.729661   92.599559    1.000000   29.794497    3.003107
Iteration: 68 bestvalit: 0.006709 bestmemit:   21.729661   92.599559    1.000000   29.794497    3.003107
Iteration: 69 bestvalit: 0.004940 bestmemit:   44.119832   11.805993    1.000000    4.361216    2.430749
Iteration: 70 bestvalit: 0.002031 bestmemit:   44.119832   49.670360    1.000000    4.361216    2.430749
Iteration: 71 bestvalit: 0.002031 bestmemit:   44.119832   49.670360    1.000000    4.361216    2.430749
Iteration: 72 bestvalit: 0.001843 bestmemit:   39.184063   49.670360    1.000000    4.361216    2.430749
Iteration: 73 bestvalit: 0.001843 bestmemit:   39.184063   49.670360    1.000000    4.361216    2.430749
Iteration: 74 bestvalit: 0.001843 bestmemit:   39.184063   49.670360    1.000000    4.361216    2.430749
Iteration: 75 bestvalit: 0.001843 bestmemit:   39.184063   49.670360    1.000000    4.361216    2.430749
Iteration: 76 bestvalit: 0.001843 bestmemit:   39.184063   49.670360    1.000000    4.361216    2.430749
Iteration: 77 bestvalit: 0.001843 bestmemit:   39.184063   49.670360    1.000000    4.361216    2.430749
Iteration: 78 bestvalit: 0.001843 bestmemit:   39.184063   49.670360    1.000000    4.361216    2.430749
Iteration: 79 bestvalit: 0.001843 bestmemit:   39.184063   49.670360    1.000000    4.361216    2.430749
Iteration: 80 bestvalit: 0.001843 bestmemit:   39.184063   49.670360    1.000000    4.361216    2.430749
Iteration: 81 bestvalit: 0.001843 bestmemit:   39.184063   49.670360    1.000000    4.361216    2.430749
Iteration: 82 bestvalit: 0.001843 bestmemit:   39.184063   49.670360    1.000000    4.361216    2.430749
Iteration: 83 bestvalit: 0.001707 bestmemit:    2.309206   85.492162    1.000000    5.412445    5.257131
Iteration: 84 bestvalit: 0.001707 bestmemit:    2.309206   85.492162    1.000000    5.412445    5.257131
Iteration: 85 bestvalit: 0.001197 bestmemit:    5.604570   72.486508    1.000000    7.754415    3.003107
Iteration: 86 bestvalit: 0.001197 bestmemit:    5.604570   72.486508    1.000000    7.754415    3.003107
Iteration: 87 bestvalit: 0.001197 bestmemit:    5.604570   72.486508    1.000000    7.754415    3.003107
Iteration: 88 bestvalit: 0.001059 bestmemit:    7.684338   49.670360    1.000000    5.769925    2.430749
Iteration: 89 bestvalit: 0.001059 bestmemit:    7.684338   49.670360    1.000000    5.769925    2.430749
Iteration: 90 bestvalit: 0.001059 bestmemit:    7.684338   49.670360    1.000000    5.769925    2.430749
Iteration: 91 bestvalit: 0.001059 bestmemit:    7.684338   49.670360    1.000000    5.769925    2.430749
Iteration: 92 bestvalit: 0.001059 bestmemit:    7.684338   49.670360    1.000000    5.769925    2.430749
Iteration: 93 bestvalit: 0.001059 bestmemit:    7.684338   49.670360    1.000000    5.769925    2.430749
Iteration: 94 bestvalit: 0.001059 bestmemit:    7.684338   49.670360    1.000000    5.769925    2.430749
Iteration: 95 bestvalit: 0.001059 bestmemit:    7.684338   49.670360    1.000000    5.769925    2.430749
Iteration: 96 bestvalit: 0.000930 bestmemit:    7.684338   59.127766    1.000000    5.769925    2.430749
Iteration: 97 bestvalit: 0.000930 bestmemit:    7.684338   59.127766    1.000000    5.769925    2.430749
Iteration: 98 bestvalit: 0.000930 bestmemit:    7.684338   59.127766    1.000000    5.769925    2.430749
Iteration: 99 bestvalit: 0.000930 bestmemit:    7.684338   59.127766    1.000000    5.769925    2.430749
Iteration: 100 bestvalit: 0.000930 bestmemit:    7.684338   59.127766    1.000000    5.769925    2.430749
Iteration: 101 bestvalit: 0.000817 bestmemit:    5.435450   53.805035    1.000000    5.287917    2.200403
Iteration: 102 bestvalit: 0.000817 bestmemit:    5.435450   53.805035    1.000000    5.287917    2.200403
Iteration: 103 bestvalit: 0.000787 bestmemit:    5.435450   53.805035    1.000000    3.353521    2.200403
Iteration: 104 bestvalit: 0.000787 bestmemit:    5.435450   53.805035    1.000000    3.353521    2.200403
Iteration: 105 bestvalit: 0.000787 bestmemit:    5.435450   53.805035    1.000000    3.353521    2.200403
Iteration: 106 bestvalit: 0.000787 bestmemit:    5.435450   53.805035    1.000000    3.353521    2.200403
Iteration: 107 bestvalit: 0.000787 bestmemit:    5.435450   53.805035    1.000000    3.353521    2.200403
Iteration: 108 bestvalit: 0.000786 bestmemit:    5.435450   53.805035    1.000000    2.527709    2.200403
Iteration: 109 bestvalit: 0.000786 bestmemit:    5.435450   53.805035    1.000000    2.527709    2.200403
Iteration: 110 bestvalit: 0.000786 bestmemit:    5.435450   53.805035    1.000000    2.527709    2.200403
Iteration: 111 bestvalit: 0.000786 bestmemit:    5.435450   53.805035    1.000000    2.527709    2.200403
Iteration: 112 bestvalit: 0.000786 bestmemit:    5.435450   53.805035    1.000000    2.527709    2.200403
Iteration: 113 bestvalit: 0.000786 bestmemit:    5.435450   53.805035    1.000000    2.527709    2.200403
Iteration: 114 bestvalit: 0.000786 bestmemit:    5.435450   53.805035    1.000000    2.527709    2.200403
Iteration: 115 bestvalit: 0.000786 bestmemit:    5.435450   53.805035    1.000000    2.527709    2.200403
Iteration: 116 bestvalit: 0.000786 bestmemit:    5.435450   53.805035    1.000000    2.527709    2.200403
Iteration: 117 bestvalit: 0.000786 bestmemit:    5.435450   53.805035    1.000000    2.527709    2.200403
Iteration: 118 bestvalit: 0.000786 bestmemit:    5.435450   53.805035    1.000000    2.527709    2.200403
Iteration: 119 bestvalit: 0.000786 bestmemit:    5.435450   53.805035    1.000000    2.527709    2.200403
Iteration: 120 bestvalit: 0.000786 bestmemit:    5.435450   53.805035    1.000000    2.527709    2.200403
Iteration: 121 bestvalit: 0.000786 bestmemit:    5.435450   53.805035    1.000000    2.527709    2.200403
Iteration: 122 bestvalit: 0.000786 bestmemit:    5.435450   53.805035    1.000000    2.527709    2.200403
Iteration: 123 bestvalit: 0.000786 bestmemit:    5.435450   53.805035    1.000000    2.527709    2.200403
Iteration: 124 bestvalit: 0.000786 bestmemit:    5.435450   53.805035    1.000000    2.527709    2.200403
Iteration: 125 bestvalit: 0.000786 bestmemit:    5.435450   53.805035    1.000000    2.527709    2.200403
Iteration: 126 bestvalit: 0.000786 bestmemit:    5.435450   53.805035    1.000000    2.527709    2.200403
Iteration: 127 bestvalit: 0.000786 bestmemit:    5.435450   53.805035    1.000000    2.527709    2.200403
Iteration: 128 bestvalit: 0.000522 bestmemit:    4.106410   42.274314    1.000000    2.679370    1.227897
Iteration: 129 bestvalit: 0.000522 bestmemit:    4.106410   42.274314    1.000000    2.679370    1.227897
Iteration: 130 bestvalit: 0.000522 bestmemit:    4.106410   42.274314    1.000000    2.806911    1.227897
Iteration: 131 bestvalit: 0.000427 bestmemit:    4.159008   33.433001    1.000000    2.582253    0.613602
Iteration: 132 bestvalit: 0.000427 bestmemit:    4.159008   33.433001    1.000000    2.582253    0.613602
Iteration: 133 bestvalit: 0.000427 bestmemit:    4.159008   33.433001    1.000000    2.582253    0.613602
Iteration: 134 bestvalit: 0.000411 bestmemit:    3.331897   31.490694    1.000000    3.020953    0.304454
Iteration: 135 bestvalit: 0.000411 bestmemit:    3.331897   31.490694    1.000000    3.020953    0.304454
Iteration: 136 bestvalit: 0.000411 bestmemit:    3.331897   31.490694    1.000000    3.020953    0.304454
Iteration: 137 bestvalit: 0.000411 bestmemit:    3.331897   31.490694    1.000000    3.020953    0.304454
Iteration: 138 bestvalit: 0.000411 bestmemit:    3.331897   31.490694    1.000000    3.020953    0.304454
Iteration: 139 bestvalit: 0.000400 bestmemit:    2.357848   33.674927    1.000000    1.420294    0.357643
Iteration: 140 bestvalit: 0.000391 bestmemit:    1.389628   33.433001    1.000000    0.600984    0.613602
Iteration: 141 bestvalit: 0.000391 bestmemit:    1.389628   33.433001    1.000000    0.600984    0.613602
Iteration: 142 bestvalit: 0.000391 bestmemit:    1.389628   33.433001    1.000000    0.600984    0.613602
Iteration: 143 bestvalit: 0.000391 bestmemit:    1.389628   33.433001    1.000000    0.600984    0.613602
Iteration: 144 bestvalit: 0.000391 bestmemit:    1.389628   33.433001    1.000000    0.600984    0.613602
Iteration: 145 bestvalit: 0.000379 bestmemit:    1.389628   33.433001    1.000000    0.334158    0.395195
Iteration: 146 bestvalit: 0.000379 bestmemit:    1.389628   33.433001    1.000000    0.334158    0.395195
Iteration: 147 bestvalit: 0.000379 bestmemit:    1.389628   33.433001    1.000000    0.334158    0.395195
Iteration: 148 bestvalit: 0.000379 bestmemit:    1.389628   33.433001    1.000000    0.334158    0.395195
Iteration: 149 bestvalit: 0.000379 bestmemit:    1.389628   33.433001    1.000000    0.334158    0.395195
Iteration: 150 bestvalit: 0.000379 bestmemit:    1.389628   33.433001    1.000000    0.334158    0.395195
Iteration: 151 bestvalit: 0.000379 bestmemit:    1.389628   33.433001    1.000000    0.334158    0.395195
Iteration: 152 bestvalit: 0.000379 bestmemit:    1.389628   33.433001    1.000000    0.334158    0.395195
Iteration: 153 bestvalit: 0.000379 bestmemit:    1.389628   33.433001    1.000000    0.334158    0.395195
Iteration: 154 bestvalit: 0.000379 bestmemit:    1.389628   33.433001    1.000000    0.334158    0.395195
Iteration: 155 bestvalit: 0.000379 bestmemit:    1.389628   33.433001    1.000000    0.334158    0.395195
Iteration: 156 bestvalit: 0.000379 bestmemit:    1.389628   33.433001    1.000000    0.334158    0.395195
Iteration: 157 bestvalit: 0.000379 bestmemit:    1.389628   33.433001    1.000000    0.334158    0.395195
Iteration: 158 bestvalit: 0.000379 bestmemit:    1.389628   33.433001    1.000000    0.334158    0.395195
Iteration: 159 bestvalit: 0.000379 bestmemit:    1.389628   33.433001    1.000000    0.334158    0.395195
Iteration: 160 bestvalit: 0.000373 bestmemit:    0.278808   34.349935    1.000000    0.742002    0.370321
Iteration: 161 bestvalit: 0.000372 bestmemit:    0.186872   38.440887    1.000000    0.194632    1.081059
Iteration: 162 bestvalit: 0.000372 bestmemit:    0.186872   38.440887    1.000000    0.194632    1.081059
Iteration: 163 bestvalit: 0.000372 bestmemit:    0.186872   38.440887    1.000000    0.194632    1.081059
Iteration: 164 bestvalit: 0.000352 bestmemit:    0.066824   36.705008    1.000000    0.624808    0.675432
Iteration: 165 bestvalit: 0.000352 bestmemit:    0.066824   36.705008    1.000000    0.624808    0.675432
Iteration: 166 bestvalit: 0.000352 bestmemit:    0.066824   36.705008    1.000000    0.624808    0.675432
Iteration: 167 bestvalit: 0.000352 bestmemit:    0.066824   36.705008    1.000000    0.624808    0.675432
Iteration: 168 bestvalit: 0.000352 bestmemit:    0.066824   36.705008    1.000000    0.624808    0.675432
Iteration: 169 bestvalit: 0.000352 bestmemit:    0.066824   36.705008    1.000000    0.624808    0.675432
Iteration: 170 bestvalit: 0.000352 bestmemit:    0.066824   36.705008    1.000000    0.624808    0.675432
Iteration: 171 bestvalit: 0.000352 bestmemit:    0.066824   36.705008    1.000000    0.624808    0.675432
Iteration: 172 bestvalit: 0.000352 bestmemit:    0.066824   36.705008    1.000000    0.624808    0.675432
Iteration: 173 bestvalit: 0.000339 bestmemit:    0.024645   38.004823    1.000000    0.000735    0.864729
Iteration: 174 bestvalit: 0.000339 bestmemit:    0.024645   38.004823    1.000000    0.000735    0.864729
Iteration: 175 bestvalit: 0.000339 bestmemit:    0.024645   38.004823    1.000000    0.000735    0.864729
Iteration: 176 bestvalit: 0.000339 bestmemit:    0.024645   38.004823    1.000000    0.000735    0.864729
Iteration: 177 bestvalit: 0.000339 bestmemit:    0.024645   38.004823    1.000000    0.000735    0.864729
Iteration: 178 bestvalit: 0.000339 bestmemit:    0.024645   38.004823    1.000000    0.000735    0.864729
Iteration: 179 bestvalit: 0.000339 bestmemit:    0.024645   38.004823    1.000000    0.000735    0.864729
Iteration: 180 bestvalit: 0.000339 bestmemit:    0.024645   38.004823    1.000000    0.000735    0.864729
Iteration: 181 bestvalit: 0.000339 bestmemit:    0.024645   38.004823    1.000000    0.000735    0.864729
Iteration: 182 bestvalit: 0.000339 bestmemit:    0.024645   38.004823    1.000000    0.000735    0.864729
Iteration: 183 bestvalit: 0.000339 bestmemit:    0.024645   38.004823    1.000000    0.000735    0.864729
Iteration: 184 bestvalit: 0.000339 bestmemit:    0.024645   38.004823    1.000000    0.000735    0.864729
Iteration: 185 bestvalit: 0.000339 bestmemit:    0.024645   38.004823    1.000000    0.000735    0.864729
Iteration: 186 bestvalit: 0.000339 bestmemit:    0.024645   38.004823    1.000000    0.000735    0.864729
Iteration: 187 bestvalit: 0.000339 bestmemit:    0.024645   38.004823    1.000000    0.000735    0.864729
Iteration: 188 bestvalit: 0.000339 bestmemit:    0.024645   38.004823    1.000000    0.000735    0.864729
Iteration: 189 bestvalit: 0.000337 bestmemit:    0.042598   37.864088    1.000000    0.120636    0.778705
Iteration: 190 bestvalit: 0.000337 bestmemit:    0.042598   37.864088    1.000000    0.120636    0.778705
Iteration: 191 bestvalit: 0.000337 bestmemit:    0.042598   37.864088    1.000000    0.120636    0.778705
Iteration: 192 bestvalit: 0.000337 bestmemit:    0.042598   37.864088    1.000000    0.120636    0.778705
Iteration: 193 bestvalit: 0.000337 bestmemit:    0.042598   37.864088    1.000000    0.120636    0.778705
Iteration: 194 bestvalit: 0.000336 bestmemit:    0.024645   38.923314    1.000000    0.000735    0.864729
Iteration: 195 bestvalit: 0.000336 bestmemit:    0.024645   38.923314    1.000000    0.000735    0.864729
Iteration: 196 bestvalit: 0.000336 bestmemit:    0.024645   38.923314    1.000000    0.000735    0.864729
Iteration: 197 bestvalit: 0.000336 bestmemit:    0.024645   38.923314    1.000000    0.000735    0.864729
Iteration: 198 bestvalit: 0.000336 bestmemit:    0.024645   38.923314    1.000000    0.000735    0.864729
Iteration: 199 bestvalit: 0.000336 bestmemit:    0.024645   38.923314    1.000000    0.000735    0.864729
Iteration: 200 bestvalit: 0.000336 bestmemit:    0.024645   38.923314    1.000000    0.000735    0.864729
Iteration: 201 bestvalit: 0.000336 bestmemit:    0.024645   38.923314    1.000000    0.000735    0.864729
Iteration: 202 bestvalit: 0.000336 bestmemit:    0.024645   38.923314    1.000000    0.000735    0.864729
Iteration: 203 bestvalit: 0.000336 bestmemit:    0.024645   38.923314    1.000000    0.000735    0.864729
Iteration: 204 bestvalit: 0.000336 bestmemit:    0.024645   38.923314    1.000000    0.000735    0.864729
Iteration: 205 bestvalit: 0.000336 bestmemit:    0.024645   38.923314    1.000000    0.000735    0.864729
Iteration: 206 bestvalit: 0.000336 bestmemit:    0.024645   38.923314    1.000000    0.000735    0.864729
Iteration: 207 bestvalit: 0.000336 bestmemit:    0.024645   38.923314    1.000000    0.000735    0.864729
Iteration: 208 bestvalit: 0.000336 bestmemit:    0.024645   38.923314    1.000000    0.000735    0.864729
Iteration: 209 bestvalit: 0.000336 bestmemit:    0.024645   38.923314    1.000000    0.000735    0.864729
Iteration: 210 bestvalit: 0.000336 bestmemit:    0.024645   38.923314    1.000000    0.000735    0.864729
Iteration: 211 bestvalit: 0.000336 bestmemit:    0.024645   38.923314    1.000000    0.000735    0.864729
Iteration: 212 bestvalit: 0.000336 bestmemit:    0.024645   38.923314    1.000000    0.000735    0.864729
Iteration: 213 bestvalit: 0.000336 bestmemit:    0.024645   38.923314    1.000000    0.000735    0.864729
Iteration: 214 bestvalit: 0.000336 bestmemit:    0.024645   38.923314    1.000000    0.000735    0.864729
Iteration: 215 bestvalit: 0.000334 bestmemit:    0.048904   37.819597    1.000000    0.016205    0.777139
Iteration: 216 bestvalit: 0.000334 bestmemit:    0.048904   37.819597    1.000000    0.016205    0.777139
Iteration: 217 bestvalit: 0.000334 bestmemit:    0.048904   37.819597    1.000000    0.016205    0.777139
Iteration: 218 bestvalit: 0.000334 bestmemit:    0.048904   37.819597    1.000000    0.016205    0.777139
Iteration: 219 bestvalit: 0.000334 bestmemit:    0.048904   37.819597    1.000000    0.016205    0.777139
Iteration: 220 bestvalit: 0.000334 bestmemit:    0.048904   37.819597    1.000000    0.016205    0.777139
Iteration: 221 bestvalit: 0.000334 bestmemit:    0.048904   37.819597    1.000000    0.016205    0.777139
Iteration: 222 bestvalit: 0.000334 bestmemit:    0.047145   37.589294    1.000000    0.017812    0.739315
Iteration: 223 bestvalit: 0.000334 bestmemit:    0.047145   37.589294    1.000000    0.017812    0.739315
Iteration: 224 bestvalit: 0.000334 bestmemit:    0.047145   37.589294    1.000000    0.017812    0.739315
Iteration: 225 bestvalit: 0.000334 bestmemit:    0.047145   37.589294    1.000000    0.017812    0.739315
Iteration: 226 bestvalit: 0.000334 bestmemit:    0.022734   37.819597    1.000000    0.011850    0.777139
Iteration: 227 bestvalit: 0.000334 bestmemit:    0.022734   37.819597    1.000000    0.011850    0.777139
Iteration: 228 bestvalit: 0.000334 bestmemit:    0.022734   37.819597    1.000000    0.011850    0.777139
Iteration: 229 bestvalit: 0.000334 bestmemit:    0.015257   37.819597    1.000000    0.011850    0.777139
Iteration: 230 bestvalit: 0.000334 bestmemit:    0.015257   37.819597    1.000000    0.011850    0.777139
Iteration: 231 bestvalit: 0.000334 bestmemit:    0.015257   37.819597    1.000000    0.011850    0.777139
Iteration: 232 bestvalit: 0.000334 bestmemit:    0.015257   37.819597    1.000000    0.011850    0.777139
Iteration: 233 bestvalit: 0.000334 bestmemit:    0.004141   37.639201    1.000000    0.017812    0.739315
Iteration: 234 bestvalit: 0.000334 bestmemit:    0.004141   37.639201    1.000000    0.017812    0.739315
Iteration: 235 bestvalit: 0.000334 bestmemit:    0.004141   37.639201    1.000000    0.017812    0.739315
Iteration: 236 bestvalit: 0.000334 bestmemit:    0.004141   37.639201    1.000000    0.017812    0.739315
Iteration: 237 bestvalit: 0.000334 bestmemit:    0.004141   37.639201    1.000000    0.017812    0.739315
Iteration: 238 bestvalit: 0.000334 bestmemit:    0.004141   37.639201    1.000000    0.017812    0.739315
Iteration: 239 bestvalit: 0.000334 bestmemit:    0.004141   37.639201    1.000000    0.017812    0.739315
Iteration: 240 bestvalit: 0.000334 bestmemit:    0.004141   37.639201    1.000000    0.017812    0.739315
Iteration: 241 bestvalit: 0.000334 bestmemit:    0.004141   37.639201    1.000000    0.017812    0.739315
Iteration: 242 bestvalit: 0.000334 bestmemit:    0.004141   37.639201    1.000000    0.017812    0.739315
Iteration: 243 bestvalit: 0.000334 bestmemit:    0.004141   37.639201    1.000000    0.017812    0.739315
Iteration: 244 bestvalit: 0.000334 bestmemit:    0.004141   37.639201    1.000000    0.017812    0.739315
Iteration: 245 bestvalit: 0.000334 bestmemit:    0.004141   37.639201    1.000000    0.017812    0.739315
Iteration: 246 bestvalit: 0.000334 bestmemit:    0.004141   37.639201    1.000000    0.017812    0.739315
Iteration: 247 bestvalit: 0.000334 bestmemit:    0.004141   37.639201    1.000000    0.017812    0.739315
Iteration: 248 bestvalit: 0.000334 bestmemit:    0.004141   37.639201    1.000000    0.017812    0.739315
Iteration: 249 bestvalit: 0.000334 bestmemit:    0.004141   37.639201    1.000000    0.017812    0.739315
Iteration: 250 bestvalit: 0.000334 bestmemit:    0.004141   37.639201    1.000000    0.017812    0.739315
Iteration: 251 bestvalit: 0.000334 bestmemit:    0.004141   37.639201    1.000000    0.017812    0.739315
Iteration: 252 bestvalit: 0.000333 bestmemit:    0.006678   37.734615    1.000000    0.000876    0.760904
Iteration: 253 bestvalit: 0.000333 bestmemit:    0.004917   37.734615    1.000000    0.000876    0.760904
Iteration: 254 bestvalit: 0.000333 bestmemit:    0.004917   37.734615    1.000000    0.000876    0.760904
Iteration: 255 bestvalit: 0.000333 bestmemit:    0.004917   37.734615    1.000000    0.000876    0.760904
Iteration: 256 bestvalit: 0.000333 bestmemit:    0.004917   37.734615    1.000000    0.000876    0.760904
Iteration: 257 bestvalit: 0.000333 bestmemit:    0.004917   37.734615    1.000000    0.000876    0.760904
Iteration: 258 bestvalit: 0.000333 bestmemit:    0.004917   37.734615    1.000000    0.000876    0.760904
Iteration: 259 bestvalit: 0.000333 bestmemit:    0.004141   37.639201    1.000000    0.004990    0.739315
Iteration: 260 bestvalit: 0.000333 bestmemit:    0.004141   37.639201    1.000000    0.004990    0.739315
Iteration: 261 bestvalit: 0.000333 bestmemit:    0.004141   37.639201    1.000000    0.004990    0.739315
Iteration: 262 bestvalit: 0.000333 bestmemit:    0.004141   37.639201    1.000000    0.004990    0.739315
Iteration: 263 bestvalit: 0.000333 bestmemit:    0.003259   37.734615    1.000000    0.000876    0.734204
Iteration: 264 bestvalit: 0.000333 bestmemit:    0.003259   37.734615    1.000000    0.000876    0.734204
Iteration: 265 bestvalit: 0.000333 bestmemit:    0.003259   37.734615    1.000000    0.000876    0.734204
Iteration: 266 bestvalit: 0.000333 bestmemit:    0.003259   37.734615    1.000000    0.000876    0.734204
Iteration: 267 bestvalit: 0.000333 bestmemit:    0.003259   37.734615    1.000000    0.000876    0.734204
Iteration: 268 bestvalit: 0.000333 bestmemit:    0.003259   37.734615    1.000000    0.000876    0.734204
Iteration: 269 bestvalit: 0.000333 bestmemit:    0.003259   37.734615    1.000000    0.000876    0.734204
Iteration: 270 bestvalit: 0.000333 bestmemit:    0.003259   37.734615    1.000000    0.000876    0.734204
Iteration: 271 bestvalit: 0.000333 bestmemit:    0.001531   37.770079    1.000000    0.002595    0.749645
Iteration: 272 bestvalit: 0.000333 bestmemit:    0.001531   37.770079    1.000000    0.002595    0.749645
Iteration: 273 bestvalit: 0.000333 bestmemit:    0.002930   37.682457    1.000000    0.001202    0.741655
Iteration: 274 bestvalit: 0.000333 bestmemit:    0.000933   37.734615    1.000000    0.000876    0.734204
Iteration: 275 bestvalit: 0.000333 bestmemit:    0.000933   37.734615    1.000000    0.000876    0.734204
Iteration: 276 bestvalit: 0.000333 bestmemit:    0.001531   37.770079    1.000000    0.001613    0.749645
Iteration: 277 bestvalit: 0.000333 bestmemit:    0.001531   37.770079    1.000000    0.001613    0.749645
Iteration: 278 bestvalit: 0.000333 bestmemit:    0.001531   37.770079    1.000000    0.001613    0.749645
Iteration: 279 bestvalit: 0.000333 bestmemit:    0.001531   37.770079    1.000000    0.001613    0.749645
Iteration: 280 bestvalit: 0.000333 bestmemit:    0.001531   37.770079    1.000000    0.001613    0.749645
Iteration: 281 bestvalit: 0.000333 bestmemit:    0.001531   37.770079    1.000000    0.001613    0.749645
Iteration: 282 bestvalit: 0.000333 bestmemit:    0.001531   37.770079    1.000000    0.001613    0.749645
Iteration: 283 bestvalit: 0.000333 bestmemit:    0.001531   37.770079    1.000000    0.001613    0.749645
Iteration: 284 bestvalit: 0.000333 bestmemit:    0.001531   37.770079    1.000000    0.001613    0.749645
Iteration: 285 bestvalit: 0.000333 bestmemit:    0.001531   37.770079    1.000000    0.001613    0.749645
Iteration: 286 bestvalit: 0.000333 bestmemit:    0.002930   37.682457    1.000000    0.000110    0.741655
Iteration: 287 bestvalit: 0.000333 bestmemit:    0.000913   37.699721    1.000000    0.000876    0.734204
Iteration: 288 bestvalit: 0.000333 bestmemit:    0.000913   37.699721    1.000000    0.000876    0.734204
Iteration: 289 bestvalit: 0.000333 bestmemit:    0.000913   37.699721    1.000000    0.000876    0.734204
Iteration: 290 bestvalit: 0.000333 bestmemit:    0.000913   37.699721    1.000000    0.000876    0.734204
Iteration: 291 bestvalit: 0.000333 bestmemit:    0.000913   37.699721    1.000000    0.000876    0.734204
Iteration: 292 bestvalit: 0.000333 bestmemit:    0.000286   37.699721    1.000000    0.000876    0.734204
Iteration: 293 bestvalit: 0.000333 bestmemit:    0.000560   37.745878    1.000000    0.001089    0.742370
Iteration: 294 bestvalit: 0.000333 bestmemit:    0.000560   37.745878    1.000000    0.001089    0.742370
Iteration: 295 bestvalit: 0.000333 bestmemit:    0.000560   37.745878    1.000000    0.001089    0.742370
Iteration: 296 bestvalit: 0.000333 bestmemit:    0.001589   37.783516    1.000000    0.000006    0.745908
Iteration: 297 bestvalit: 0.000333 bestmemit:    0.001589   37.783516    1.000000    0.000006    0.745908
Iteration: 298 bestvalit: 0.000333 bestmemit:    0.001589   37.783516    1.000000    0.000006    0.745908
Iteration: 299 bestvalit: 0.000333 bestmemit:    0.001589   37.783516    1.000000    0.000006    0.745908
Iteration: 300 bestvalit: 0.000333 bestmemit:    0.001589   37.783516    1.000000    0.000006    0.745908
Iteration: 301 bestvalit: 0.000333 bestmemit:    0.000612   37.790388    1.000000    0.000195    0.746942
Iteration: 302 bestvalit: 0.000333 bestmemit:    0.000346   37.794671    1.000000    0.000101    0.749280
Iteration: 303 bestvalit: 0.000333 bestmemit:    0.000346   37.794671    1.000000    0.000101    0.749280
Iteration: 304 bestvalit: 0.000333 bestmemit:    0.000346   37.794671    1.000000    0.000101    0.749280
Iteration: 305 bestvalit: 0.000333 bestmemit:    0.000346   37.794671    1.000000    0.000101    0.749280
Iteration: 306 bestvalit: 0.000333 bestmemit:    0.000346   37.794671    1.000000    0.000101    0.749280
Iteration: 307 bestvalit: 0.000333 bestmemit:    0.000612   37.790388    1.000000    0.000043    0.746514
Iteration: 308 bestvalit: 0.000333 bestmemit:    0.000612   37.790388    1.000000    0.000043    0.746514
Iteration: 309 bestvalit: 0.000333 bestmemit:    0.000612   37.790388    1.000000    0.000043    0.746514
Iteration: 310 bestvalit: 0.000333 bestmemit:    0.000612   37.790388    1.000000    0.000043    0.746514
Iteration: 311 bestvalit: 0.000333 bestmemit:    0.000612   37.790388    1.000000    0.000043    0.746514
Iteration: 312 bestvalit: 0.000333 bestmemit:    0.000229   37.726749    1.000000    0.000249    0.741677
Iteration: 313 bestvalit: 0.000333 bestmemit:    0.000219   37.783516    1.000000    0.000006    0.747612
Iteration: 314 bestvalit: 0.000333 bestmemit:    0.000219   37.783516    1.000000    0.000006    0.747612
Iteration: 315 bestvalit: 0.000333 bestmemit:    0.000219   37.783516    1.000000    0.000006    0.747612
Iteration: 316 bestvalit: 0.000333 bestmemit:    0.000219   37.783516    1.000000    0.000006    0.747612
Iteration: 317 bestvalit: 0.000333 bestmemit:    0.000219   37.783516    1.000000    0.000006    0.747612
Iteration: 318 bestvalit: 0.000333 bestmemit:    0.000219   37.783516    1.000000    0.000006    0.747612
Iteration: 319 bestvalit: 0.000333 bestmemit:    0.000219   37.783516    1.000000    0.000006    0.747612
Iteration: 320 bestvalit: 0.000333 bestmemit:    0.000306   37.745741    1.000000    0.000125    0.742801
Iteration: 321 bestvalit: 0.000333 bestmemit:    0.000306   37.745741    1.000000    0.000125    0.742801
Iteration: 322 bestvalit: 0.000333 bestmemit:    0.000306   37.745741    1.000000    0.000125    0.742801
Iteration: 323 bestvalit: 0.000333 bestmemit:    0.000306   37.745741    1.000000    0.000125    0.742801
Iteration: 324 bestvalit: 0.000333 bestmemit:    0.000306   37.745741    1.000000    0.000125    0.742801
Iteration: 325 bestvalit: 0.000333 bestmemit:    0.000458   37.719072    1.000000    0.000001    0.740198
Iteration: 326 bestvalit: 0.000333 bestmemit:    0.000458   37.719072    1.000000    0.000001    0.740198
Iteration: 327 bestvalit: 0.000333 bestmemit:    0.000458   37.719072    1.000000    0.000001    0.740198
Iteration: 328 bestvalit: 0.000333 bestmemit:    0.000458   37.719072    1.000000    0.000001    0.740198
Iteration: 329 bestvalit: 0.000333 bestmemit:    0.000061   37.770769    1.000000    0.000100    0.745555
Iteration: 330 bestvalit: 0.000333 bestmemit:    0.000280   37.740011    1.000000    0.000050    0.743336
Iteration: 331 bestvalit: 0.000333 bestmemit:    0.000014   37.777134    1.000000    0.000027    0.745430
Iteration: 332 bestvalit: 0.000333 bestmemit:    0.000014   37.777134    1.000000    0.000027    0.745430
Iteration: 333 bestvalit: 0.000333 bestmemit:    0.000014   37.777134    1.000000    0.000027    0.745430
Iteration: 334 bestvalit: 0.000333 bestmemit:    0.000014   37.777134    1.000000    0.000027    0.745430
Iteration: 335 bestvalit: 0.000333 bestmemit:    0.000014   37.777134    1.000000    0.000027    0.745430
Iteration: 336 bestvalit: 0.000333 bestmemit:    0.000014   37.777134    1.000000    0.000027    0.745430
Iteration: 337 bestvalit: 0.000333 bestmemit:    0.000082   37.739747    1.000000    0.000062    0.743083
Iteration: 338 bestvalit: 0.000333 bestmemit:    0.000090   37.726749    1.000000    0.000027    0.741677
Iteration: 339 bestvalit: 0.000333 bestmemit:    0.000090   37.726749    1.000000    0.000027    0.741677
Iteration: 340 bestvalit: 0.000333 bestmemit:    0.000014   37.765257    1.000000    0.000027    0.745430
Iteration: 341 bestvalit: 0.000333 bestmemit:    0.000014   37.765257    1.000000    0.000027    0.745430
Iteration: 342 bestvalit: 0.000333 bestmemit:    0.000014   37.765257    1.000000    0.000027    0.745430
Iteration: 343 bestvalit: 0.000333 bestmemit:    0.000158   37.736907    1.000000    0.000001    0.742349
Iteration: 344 bestvalit: 0.000333 bestmemit:    0.000158   37.736907    1.000000    0.000001    0.742349
Iteration: 345 bestvalit: 0.000333 bestmemit:    0.000158   37.736907    1.000000    0.000001    0.742349
Iteration: 346 bestvalit: 0.000333 bestmemit:    0.000106   37.741032    1.000000    0.000010    0.742300
Iteration: 347 bestvalit: 0.000333 bestmemit:    0.000106   37.741032    1.000000    0.000010    0.742300
Iteration: 348 bestvalit: 0.000333 bestmemit:    0.000106   37.741032    1.000000    0.000010    0.742300
Iteration: 349 bestvalit: 0.000333 bestmemit:    0.000034   37.734051    1.000000    0.000028    0.741250
Iteration: 350 bestvalit: 0.000333 bestmemit:    0.000089   37.736907    1.000000    0.000001    0.741680
Iteration: 351 bestvalit: 0.000333 bestmemit:    0.000089   37.736907    1.000000    0.000001    0.741680
Iteration: 352 bestvalit: 0.000333 bestmemit:    0.000018   37.739747    1.000000    0.000025    0.742231
Iteration: 353 bestvalit: 0.000333 bestmemit:    0.000018   37.739747    1.000000    0.000024    0.742231
Iteration: 354 bestvalit: 0.000333 bestmemit:    0.000018   37.739747    1.000000    0.000024    0.742231
Iteration: 355 bestvalit: 0.000333 bestmemit:    0.000018   37.739747    1.000000    0.000024    0.742231
Iteration: 356 bestvalit: 0.000333 bestmemit:    0.000018   37.739747    1.000000    0.000024    0.742231
Iteration: 357 bestvalit: 0.000333 bestmemit:    0.000031   37.741032    1.000000    0.000010    0.742300
Iteration: 358 bestvalit: 0.000333 bestmemit:    0.000031   37.741032    1.000000    0.000010    0.742300
Iteration: 359 bestvalit: 0.000333 bestmemit:    0.000031   37.741032    1.000000    0.000010    0.742300
Iteration: 360 bestvalit: 0.000333 bestmemit:    0.000031   37.741032    1.000000    0.000010    0.742300
Iteration: 361 bestvalit: 0.000333 bestmemit:    0.000031   37.741032    1.000000    0.000010    0.742243
Iteration: 362 bestvalit: 0.000333 bestmemit:    0.000018   37.742859    1.000000    0.000001    0.741910
Iteration: 363 bestvalit: 0.000333 bestmemit:    0.000018   37.742859    1.000000    0.000001    0.741910
Iteration: 364 bestvalit: 0.000333 bestmemit:    0.000002   37.752265    1.000000    0.000002    0.743399
Iteration: 365 bestvalit: 0.000333 bestmemit:    0.000002   37.752265    1.000000    0.000002    0.743399
Iteration: 366 bestvalit: 0.000333 bestmemit:    0.000022   37.742859    1.000000    0.000001    0.742105
Iteration: 367 bestvalit: 0.000333 bestmemit:    0.000006   37.732471    1.000000    0.000000    0.741183
Iteration: 368 bestvalit: 0.000333 bestmemit:    0.000006   37.732471    1.000000    0.000000    0.741183
Iteration: 369 bestvalit: 0.000333 bestmemit:    0.000006   37.732471    1.000000    0.000000    0.741183
Iteration: 370 bestvalit: 0.000333 bestmemit:    0.000006   37.732471    1.000000    0.000000    0.741183
Iteration: 371 bestvalit: 0.000333 bestmemit:    0.000018   37.739747    1.000000    0.000001    0.742246
Iteration: 372 bestvalit: 0.000333 bestmemit:    0.000018   37.739747    1.000000    0.000001    0.742246
Iteration: 373 bestvalit: 0.000333 bestmemit:    0.000014   37.745254    1.000000    0.000002    0.742670
Iteration: 374 bestvalit: 0.000333 bestmemit:    0.000014   37.745254    1.000000    0.000002    0.742670
Iteration: 375 bestvalit: 0.000333 bestmemit:    0.000014   37.745117    1.000000    0.000002    0.742670
Iteration: 376 bestvalit: 0.000333 bestmemit:    0.000014   37.745117    1.000000    0.000002    0.742670
Iteration: 377 bestvalit: 0.000333 bestmemit:    0.000014   37.745117    1.000000    0.000002    0.742670
Iteration: 378 bestvalit: 0.000333 bestmemit:    0.000004   37.748593    1.000000    0.000001    0.742793
Iteration: 379 bestvalit: 0.000333 bestmemit:    0.000004   37.748593    1.000000    0.000001    0.742793
Iteration: 380 bestvalit: 0.000333 bestmemit:    0.000003   37.742085    1.000000    0.000001    0.742676
Iteration: 381 bestvalit: 0.000333 bestmemit:    0.000003   37.742085    1.000000    0.000001    0.742676
Iteration: 382 bestvalit: 0.000333 bestmemit:    0.000003   37.745117    1.000000    0.000002    0.742670
Iteration: 383 bestvalit: 0.000333 bestmemit:    0.000003   37.745117    1.000000    0.000002    0.742670
Iteration: 384 bestvalit: 0.000333 bestmemit:    0.000001   37.740607    1.000000    0.000001    0.741971
Iteration: 385 bestvalit: 0.000333 bestmemit:    0.000001   37.740607    1.000000    0.000001    0.741971
Iteration: 386 bestvalit: 0.000333 bestmemit:    0.000001   37.740607    1.000000    0.000001    0.741971
Iteration: 387 bestvalit: 0.000333 bestmemit:    0.000001   37.739810    1.000000    0.000001    0.741971
Iteration: 388 bestvalit: 0.000333 bestmemit:    0.000001   37.739810    1.000000    0.000001    0.741971
Iteration: 389 bestvalit: 0.000333 bestmemit:    0.000001   37.739810    1.000000    0.000001    0.741971
Iteration: 390 bestvalit: 0.000333 bestmemit:    0.000001   37.739810    1.000000    0.000001    0.741971
Iteration: 391 bestvalit: 0.000333 bestmemit:    0.000001   37.739810    1.000000    0.000001    0.741971
Iteration: 392 bestvalit: 0.000333 bestmemit:    0.000001   37.739810    1.000000    0.000001    0.741971
Iteration: 393 bestvalit: 0.000333 bestmemit:    0.000001   37.739402    1.000000    0.000001    0.741971
Iteration: 394 bestvalit: 0.000333 bestmemit:    0.000001   37.739402    1.000000    0.000001    0.741971
Iteration: 395 bestvalit: 0.000333 bestmemit:    0.000001   37.739402    1.000000    0.000001    0.741971
Iteration: 396 bestvalit: 0.000333 bestmemit:    0.000001   37.739402    1.000000    0.000001    0.741971
Iteration: 397 bestvalit: 0.000333 bestmemit:    0.000001   37.739402    1.000000    0.000001    0.741971
Iteration: 398 bestvalit: 0.000333 bestmemit:    0.000001   37.743567    1.000000    0.000000    0.742485
Iteration: 399 bestvalit: 0.000333 bestmemit:    0.000001   37.743567    1.000000    0.000000    0.742485
Iteration: 400 bestvalit: 0.000333 bestmemit:    0.000001   37.743567    1.000000    0.000000    0.742485
Iteration: 401 bestvalit: 0.000333 bestmemit:    0.000001   37.743567    1.000000    0.000000    0.742485
Iteration: 402 bestvalit: 0.000333 bestmemit:    0.000001   37.743567    1.000000    0.000000    0.742485
Iteration: 403 bestvalit: 0.000333 bestmemit:    0.000000   37.743567    1.000000    0.000000    0.742485
Iteration: 404 bestvalit: 0.000333 bestmemit:    0.000000   37.743567    1.000000    0.000000    0.742485
Iteration: 405 bestvalit: 0.000333 bestmemit:    0.000000   37.743567    1.000000    0.000000    0.742485
Iteration: 406 bestvalit: 0.000333 bestmemit:    0.000000   37.743567    1.000000    0.000000    0.742485
Iteration: 407 bestvalit: 0.000333 bestmemit:    0.000000   37.743567    1.000000    0.000000    0.742485
Iteration: 408 bestvalit: 0.000333 bestmemit:    0.000000   37.743567    1.000000    0.000000    0.742485
Iteration: 409 bestvalit: 0.000333 bestmemit:    0.000000   37.743567    1.000000    0.000000    0.742485
Iteration: 410 bestvalit: 0.000333 bestmemit:    0.000000   37.742855    1.000000    0.000000    0.742443
Iteration: 411 bestvalit: 0.000333 bestmemit:    0.000000   37.742855    1.000000    0.000000    0.742443
Iteration: 412 bestvalit: 0.000333 bestmemit:    0.000000   37.742855    1.000000    0.000000    0.742443
Iteration: 413 bestvalit: 0.000333 bestmemit:    0.000000   37.742855    1.000000    0.000000    0.742443
Iteration: 414 bestvalit: 0.000333 bestmemit:    0.000000   37.742855    1.000000    0.000000    0.742443
Iteration: 415 bestvalit: 0.000333 bestmemit:    0.000000   37.742855    1.000000    0.000000    0.742443
Iteration: 416 bestvalit: 0.000333 bestmemit:    0.000000   37.742855    1.000000    0.000000    0.742443
Iteration: 417 bestvalit: 0.000333 bestmemit:    0.000000   37.742855    1.000000    0.000000    0.742443
Iteration: 418 bestvalit: 0.000333 bestmemit:    0.000000   37.741513    1.000000    0.000000    0.742200
Iteration: 419 bestvalit: 0.000333 bestmemit:    0.000000   37.741513    1.000000    0.000000    0.742200
Iteration: 420 bestvalit: 0.000333 bestmemit:    0.000000   37.740601    1.000000    0.000000    0.742174
Iteration: 421 bestvalit: 0.000333 bestmemit:    0.000000   37.741513    1.000000    0.000000    0.742189
Iteration: 422 bestvalit: 0.000333 bestmemit:    0.000000   37.741513    1.000000    0.000000    0.742189
Iteration: 423 bestvalit: 0.000333 bestmemit:    0.000000   37.741513    1.000000    0.000000    0.742189
Iteration: 424 bestvalit: 0.000333 bestmemit:    0.000000   37.741513    1.000000    0.000000    0.742189
Iteration: 425 bestvalit: 0.000333 bestmemit:    0.000000   37.742466    1.000000    0.000000    0.742331
Iteration: 426 bestvalit: 0.000333 bestmemit:    0.000000   37.742466    1.000000    0.000000    0.742331
Iteration: 427 bestvalit: 0.000333 bestmemit:    0.000000   37.742466    1.000000    0.000000    0.742331
Iteration: 428 bestvalit: 0.000333 bestmemit:    0.000000   37.742466    1.000000    0.000000    0.742331
Iteration: 429 bestvalit: 0.000333 bestmemit:    0.000000   37.742466    1.000000    0.000000    0.742331
Iteration: 430 bestvalit: 0.000333 bestmemit:    0.000000   37.741247    1.000000    0.000000    0.742207
Iteration: 431 bestvalit: 0.000333 bestmemit:    0.000000   37.741247    1.000000    0.000000    0.742207
Iteration: 432 bestvalit: 0.000333 bestmemit:    0.000000   37.741247    1.000000    0.000000    0.742207
Iteration: 433 bestvalit: 0.000333 bestmemit:    0.000000   37.741247    1.000000    0.000000    0.742207
Iteration: 434 bestvalit: 0.000333 bestmemit:    0.000000   37.741247    1.000000    0.000000    0.742207
Iteration: 435 bestvalit: 0.000333 bestmemit:    0.000000   37.741247    1.000000    0.000000    0.742207
Iteration: 436 bestvalit: 0.000333 bestmemit:    0.000000   37.741247    1.000000    0.000000    0.742207
Iteration: 437 bestvalit: 0.000333 bestmemit:    0.000000   37.741247    1.000000    0.000000    0.742207
Iteration: 438 bestvalit: 0.000333 bestmemit:    0.000000   37.741247    1.000000    0.000000    0.742207
Iteration: 439 bestvalit: 0.000333 bestmemit:    0.000000   37.741000    1.000000    0.000000    0.742170
Iteration: 440 bestvalit: 0.000333 bestmemit:    0.000000   37.741523    1.000000    0.000000    0.742263
Iteration: 441 bestvalit: 0.000333 bestmemit:    0.000000   37.741523    1.000000    0.000000    0.742263
Iteration: 442 bestvalit: 0.000333 bestmemit:    0.000000   37.741523    1.000000    0.000000    0.742263
Iteration: 443 bestvalit: 0.000333 bestmemit:    0.000000   37.741523    1.000000    0.000000    0.742263
Iteration: 444 bestvalit: 0.000333 bestmemit:    0.000000   37.741523    1.000000    0.000000    0.742263
Iteration: 445 bestvalit: 0.000333 bestmemit:    0.000000   37.741250    1.000000    0.000000    0.742209
Iteration: 446 bestvalit: 0.000333 bestmemit:    0.000000   37.741250    1.000000    0.000000    0.742209
Iteration: 447 bestvalit: 0.000333 bestmemit:    0.000000   37.741157    1.000000    0.000000    0.742200
Iteration: 448 bestvalit: 0.000333 bestmemit:    0.000000   37.741157    1.000000    0.000000    0.742200
Iteration: 449 bestvalit: 0.000333 bestmemit:    0.000000   37.741157    1.000000    0.000000    0.742200
Iteration: 450 bestvalit: 0.000333 bestmemit:    0.000000   37.741157    1.000000    0.000000    0.742200
Iteration: 451 bestvalit: 0.000333 bestmemit:    0.000000   37.741157    1.000000    0.000000    0.742200
Iteration: 452 bestvalit: 0.000333 bestmemit:    0.000000   37.741157    1.000000    0.000000    0.742200
Iteration: 453 bestvalit: 0.000333 bestmemit:    0.000000   37.741157    1.000000    0.000000    0.742200
Iteration: 454 bestvalit: 0.000333 bestmemit:    0.000000   37.741157    1.000000    0.000000    0.742200
Iteration: 455 bestvalit: 0.000333 bestmemit:    0.000000   37.741157    1.000000    0.000000    0.742200
Iteration: 456 bestvalit: 0.000333 bestmemit:    0.000000   37.741253    1.000000    0.000000    0.742216
Iteration: 457 bestvalit: 0.000333 bestmemit:    0.000000   37.741253    1.000000    0.000000    0.742216
Iteration: 458 bestvalit: 0.000333 bestmemit:    0.000000   37.741354    1.000000    0.000000    0.742238
Iteration: 459 bestvalit: 0.000333 bestmemit:    0.000000   37.741354    1.000000    0.000000    0.742238
Iteration: 460 bestvalit: 0.000333 bestmemit:    0.000000   37.741354    1.000000    0.000000    0.742238
Iteration: 461 bestvalit: 0.000333 bestmemit:    0.000000   37.741354    1.000000    0.000000    0.742238
Iteration: 462 bestvalit: 0.000333 bestmemit:    0.000000   37.741354    1.000000    0.000000    0.742238
Iteration: 463 bestvalit: 0.000333 bestmemit:    0.000000   37.741354    1.000000    0.000000    0.742238
Iteration: 464 bestvalit: 0.000333 bestmemit:    0.000000   37.741354    1.000000    0.000000    0.742238
Iteration: 465 bestvalit: 0.000333 bestmemit:    0.000000   37.741354    1.000000    0.000000    0.742238
Iteration: 466 bestvalit: 0.000333 bestmemit:    0.000000   37.741354    1.000000    0.000000    0.742238
Iteration: 467 bestvalit: 0.000333 bestmemit:    0.000000   37.741354    1.000000    0.000000    0.742238
Iteration: 468 bestvalit: 0.000333 bestmemit:    0.000000   37.741265    1.000000    0.000000    0.742228
Iteration: 469 bestvalit: 0.000333 bestmemit:    0.000000   37.741265    1.000000    0.000000    0.742228

***** summary of DEoptim object ***** 
best member   :  0 37.74127 1 0 0.74223 
best value    :  0.00033 
after         :  469 generations 
fn evaluated  :  940 times 
*************************************
