SLURM_JOB_ID: 55403004
SLURM_JOB_USER: vsc34066
SLURM_JOB_ACCOUNT: lp_desenderlab
SLURM_JOB_NAME: par_recov_alternating_fb_sim_alpha_learn.slurm
SLURM_CLUSTER_NAME: genius
SLURM_JOB_PARTITION: batch
SLURM_ARRAY_JOB_ID: 55402977
SLURM_ARRAY_TASK_ID: 27
SLURM_NNODES: 1
SLURM_NODELIST: r22i27n18
SLURM_JOB_CPUS_PER_NODE: 8
Date: Sun Dec  3 23:43:57 CET 2023
Walltime: 01-06:00:00
========================================================================
Iteration: 1 bestvalit: 0.054635 bestmemit:   21.074653    4.338293    1.000000 1557.100001  330.549243
Iteration: 2 bestvalit: 0.054635 bestmemit:   21.074653    4.338293    1.000000 1557.100001  330.549243
Iteration: 3 bestvalit: 0.049654 bestmemit:   26.658679   31.844158    1.000000  702.601375  726.064777
Iteration: 4 bestvalit: 0.049654 bestmemit:   26.658679   31.844158    1.000000  702.601375  726.064777
Iteration: 5 bestvalit: 0.034673 bestmemit:   10.730231  -13.781063    1.000000  341.889999  264.653174
Iteration: 6 bestvalit: 0.034673 bestmemit:   10.730231  -13.781063    1.000000  341.889999  264.653174
Iteration: 7 bestvalit: 0.034673 bestmemit:   10.730231  -13.781063    1.000000  341.889999  264.653174
Iteration: 8 bestvalit: 0.033168 bestmemit:   29.528783   12.896356    1.000000  115.796195  468.719768
Iteration: 9 bestvalit: 0.033168 bestmemit:   29.528783   12.896356    1.000000  115.796195  468.719768
Iteration: 10 bestvalit: 0.033168 bestmemit:   29.528783   12.896356    1.000000  115.796195  468.719768
Iteration: 11 bestvalit: 0.033168 bestmemit:   29.528783   12.896356    1.000000  115.796195  468.719768
Iteration: 12 bestvalit: 0.033168 bestmemit:   29.528783   12.896356    1.000000  115.796195  468.719768
Iteration: 13 bestvalit: 0.033168 bestmemit:   29.528783   12.896356    1.000000  115.796195  468.719768
Iteration: 14 bestvalit: 0.033168 bestmemit:   29.528783   12.896356    1.000000  115.796195  468.719768
Iteration: 15 bestvalit: 0.017922 bestmemit:   21.664713    2.879814    1.000000   29.022175   80.951708
Iteration: 16 bestvalit: 0.017922 bestmemit:   21.664713    2.879814    1.000000   29.022175   80.951708
Iteration: 17 bestvalit: 0.017922 bestmemit:   21.664713    2.879814    1.000000   29.022175   80.951708
Iteration: 18 bestvalit: 0.017922 bestmemit:   21.664713    2.879814    1.000000   29.022175   80.951708
Iteration: 19 bestvalit: 0.017922 bestmemit:   21.664713    2.879814    1.000000   29.022175   80.951708
Iteration: 20 bestvalit: 0.016085 bestmemit:   21.664713    2.879814    1.000000   21.532402   80.951708
Iteration: 21 bestvalit: 0.015013 bestmemit:   29.222130   -6.210155    1.000000   21.532402   80.951708
Iteration: 22 bestvalit: 0.015013 bestmemit:   29.222130   -6.210155    1.000000   21.532402   80.951708
Iteration: 23 bestvalit: 0.015013 bestmemit:   29.222130   -6.210155    1.000000   21.532402   80.951708
Iteration: 24 bestvalit: 0.012381 bestmemit:   48.582037  -18.456999    1.000000    2.734385 1073.201238
Iteration: 25 bestvalit: 0.010789 bestmemit:   15.275075  -49.612652    1.000000    1.410343   27.567862
Iteration: 26 bestvalit: 0.003380 bestmemit:   15.275075   12.829945    1.000000    1.410343   27.567862
Iteration: 27 bestvalit: 0.003380 bestmemit:   15.275075   12.829945    1.000000    1.410343   27.567862
Iteration: 28 bestvalit: 0.003380 bestmemit:   15.275075   12.829945    1.000000    1.410343   27.567862
Iteration: 29 bestvalit: 0.003380 bestmemit:   15.275075   12.829945    1.000000    1.410343   27.567862
Iteration: 30 bestvalit: 0.003380 bestmemit:   15.275075   12.829945    1.000000    1.410343   27.567862
Iteration: 31 bestvalit: 0.003380 bestmemit:   15.275075   12.829945    1.000000    1.410343   27.567862
Iteration: 32 bestvalit: 0.003380 bestmemit:   15.275075   12.829945    1.000000    1.410343   27.567862
Iteration: 33 bestvalit: 0.003380 bestmemit:   15.275075   12.829945    1.000000    1.410343   27.567862
Iteration: 34 bestvalit: 0.003380 bestmemit:   15.275075   12.829945    1.000000    1.410343   27.567862
Iteration: 35 bestvalit: 0.003380 bestmemit:   15.275075   12.829945    1.000000    1.410343   27.567862
Iteration: 36 bestvalit: 0.003380 bestmemit:   15.275075   12.829945    1.000000    1.410343   27.567862
Iteration: 37 bestvalit: 0.003346 bestmemit:   15.505535   12.829945    1.000000    1.410343   27.567862
Iteration: 38 bestvalit: 0.003346 bestmemit:   15.505535   12.829945    1.000000    1.410343   27.567862
Iteration: 39 bestvalit: 0.003346 bestmemit:   15.505535   12.829945    1.000000    1.410343   27.567862
Iteration: 40 bestvalit: 0.003130 bestmemit:   17.252214   12.829945    1.000000    1.410343   27.567862
Iteration: 41 bestvalit: 0.003130 bestmemit:   17.252214   12.829945    1.000000    1.410343   27.567862
Iteration: 42 bestvalit: 0.003130 bestmemit:   17.252214   12.829945    1.000000    1.410343   27.567862
Iteration: 43 bestvalit: 0.003130 bestmemit:   17.252214   12.829945    1.000000    1.410343   27.567862
Iteration: 44 bestvalit: 0.001786 bestmemit:   15.712543   18.361117    1.000000    1.103890    8.462180
Iteration: 45 bestvalit: 0.001786 bestmemit:   15.712543   18.361117    1.000000    1.103890    8.462180
Iteration: 46 bestvalit: 0.001786 bestmemit:   15.712543   18.361117    1.000000    1.103890    8.462180
Iteration: 47 bestvalit: 0.001782 bestmemit:   15.712543   19.260214    1.000000    1.103890    8.462180
Iteration: 48 bestvalit: 0.001782 bestmemit:   15.712543   19.260214    1.000000    1.103890    8.462180
Iteration: 49 bestvalit: 0.001782 bestmemit:   15.712543   19.260214    1.000000    1.103890    8.462180
Iteration: 50 bestvalit: 0.001782 bestmemit:   15.712543   19.260214    1.000000    1.103890    8.462180
Iteration: 51 bestvalit: 0.001782 bestmemit:   15.712543   19.260214    1.000000    1.103890    8.462180
Iteration: 52 bestvalit: 0.001782 bestmemit:   15.712543   19.260214    1.000000    1.103890    8.462180
Iteration: 53 bestvalit: 0.001782 bestmemit:   15.712543   19.260214    1.000000    1.103890    8.462180
Iteration: 54 bestvalit: 0.001782 bestmemit:   15.712543   19.260214    1.000000    1.103890    8.462180
Iteration: 55 bestvalit: 0.001782 bestmemit:   15.712543   19.260214    1.000000    1.103890    8.462180
Iteration: 56 bestvalit: 0.001782 bestmemit:   15.712543   19.260214    1.000000    1.103890    8.462180
Iteration: 57 bestvalit: 0.001782 bestmemit:   15.712543   19.260214    1.000000    1.103890    8.462180
Iteration: 58 bestvalit: 0.001650 bestmemit:   24.368669    0.377646    1.000000    0.434452    0.598625
Iteration: 59 bestvalit: 0.001650 bestmemit:   24.368669    0.377646    1.000000    0.434452    0.598625
Iteration: 60 bestvalit: 0.001650 bestmemit:   24.368669    0.377646    1.000000    0.434452    0.598625
Iteration: 61 bestvalit: 0.001650 bestmemit:   24.368669    0.377646    1.000000    0.434452    0.598625
Iteration: 62 bestvalit: 0.001650 bestmemit:   24.368669    0.377646    1.000000    0.434452    0.598625
Iteration: 63 bestvalit: 0.001650 bestmemit:   24.368669    0.377646    1.000000    0.434452    0.598625
Iteration: 64 bestvalit: 0.001470 bestmemit:   20.846221    7.342057    1.000000    1.410343    2.779067
Iteration: 65 bestvalit: 0.001396 bestmemit:   12.657883   18.334884    1.000000    0.586012    1.352205
Iteration: 66 bestvalit: 0.001396 bestmemit:   12.657883   18.334884    1.000000    0.586012    1.352205
Iteration: 67 bestvalit: 0.001396 bestmemit:   12.657883   18.334884    1.000000    0.586012    1.352205
Iteration: 68 bestvalit: 0.001396 bestmemit:   12.657883   18.334884    1.000000    0.586012    1.352205
Iteration: 69 bestvalit: 0.001304 bestmemit:   12.657883   16.739591    1.000000    0.586012    1.352205
Iteration: 70 bestvalit: 0.001299 bestmemit:   12.657883   16.739591    1.000000    0.586012    2.148880
Iteration: 71 bestvalit: 0.001299 bestmemit:   12.657883   16.739591    1.000000    0.586012    2.148880
Iteration: 72 bestvalit: 0.001299 bestmemit:   12.657883   16.739591    1.000000    0.586012    2.148880
Iteration: 73 bestvalit: 0.001299 bestmemit:   12.657883   16.739591    1.000000    0.586012    2.148880
Iteration: 74 bestvalit: 0.001299 bestmemit:   12.657883   16.739591    1.000000    0.586012    2.148880
Iteration: 75 bestvalit: 0.001266 bestmemit:   11.446027   17.554607    1.000000    0.208074    1.974268
Iteration: 76 bestvalit: 0.001266 bestmemit:   11.446027   17.554607    1.000000    0.208074    1.974268
Iteration: 77 bestvalit: 0.001266 bestmemit:   11.446027   17.554607    1.000000    0.208074    1.974268
Iteration: 78 bestvalit: 0.001266 bestmemit:   11.446027   17.554607    1.000000    0.208074    1.974268
Iteration: 79 bestvalit: 0.001266 bestmemit:   11.446027   17.554607    1.000000    0.208074    1.974268
Iteration: 80 bestvalit: 0.001266 bestmemit:   11.446027   17.554607    1.000000    0.208074    1.974268
Iteration: 81 bestvalit: 0.001266 bestmemit:   11.446027   17.554607    1.000000    0.208074    1.974268
Iteration: 82 bestvalit: 0.001266 bestmemit:   11.446027   17.554607    1.000000    0.208074    1.974268
Iteration: 83 bestvalit: 0.001232 bestmemit:   12.200055   11.939204    1.000000    0.235829    1.166806
Iteration: 84 bestvalit: 0.001232 bestmemit:   12.200055   11.939204    1.000000    0.235829    1.166806
Iteration: 85 bestvalit: 0.001232 bestmemit:   12.200055   11.939204    1.000000    0.235829    1.166806
Iteration: 86 bestvalit: 0.001232 bestmemit:   12.200055   11.939204    1.000000    0.235829    1.166806
Iteration: 87 bestvalit: 0.001232 bestmemit:   12.200055   11.939204    1.000000    0.235829    1.166806
Iteration: 88 bestvalit: 0.001232 bestmemit:   12.200055   11.939204    1.000000    0.235829    1.166806
Iteration: 89 bestvalit: 0.001232 bestmemit:   12.200055   11.939204    1.000000    0.235829    1.166806
Iteration: 90 bestvalit: 0.001231 bestmemit:   11.043573   15.449767    1.000000    0.208074    1.974268
Iteration: 91 bestvalit: 0.001231 bestmemit:   11.043573   15.449767    1.000000    0.208074    1.974268
Iteration: 92 bestvalit: 0.001231 bestmemit:   11.043573   15.449767    1.000000    0.208074    1.974268
Iteration: 93 bestvalit: 0.001231 bestmemit:   11.043573   15.449767    1.000000    0.208074    1.974268
Iteration: 94 bestvalit: 0.001210 bestmemit:   12.601058   12.790298    1.000000    0.086150    0.810310
Iteration: 95 bestvalit: 0.001210 bestmemit:   12.601058   12.790298    1.000000    0.086150    0.810310
Iteration: 96 bestvalit: 0.001210 bestmemit:   12.601058   12.790298    1.000000    0.086150    0.810310
Iteration: 97 bestvalit: 0.001210 bestmemit:   12.601058   12.790298    1.000000    0.086150    0.810310
Iteration: 98 bestvalit: 0.001193 bestmemit:   10.983936   14.839901    1.000000    0.220082    0.919859
Iteration: 99 bestvalit: 0.001178 bestmemit:   11.265344   12.790298    1.000000    0.086150    0.657301
Iteration: 100 bestvalit: 0.001178 bestmemit:   11.265344   12.790298    1.000000    0.086150    0.657301
Iteration: 101 bestvalit: 0.001178 bestmemit:   11.265344   12.790298    1.000000    0.086150    0.657301
Iteration: 102 bestvalit: 0.001178 bestmemit:   11.265344   12.790298    1.000000    0.086150    0.657301
Iteration: 103 bestvalit: 0.001178 bestmemit:   11.265344   12.790298    1.000000    0.086150    0.657301
Iteration: 104 bestvalit: 0.001178 bestmemit:   11.265344   12.790298    1.000000    0.086150    0.657301
Iteration: 105 bestvalit: 0.001178 bestmemit:   11.265344   12.790298    1.000000    0.086150    0.657301
Iteration: 106 bestvalit: 0.001178 bestmemit:   11.265344   12.790298    1.000000    0.086150    0.657301
Iteration: 107 bestvalit: 0.001178 bestmemit:   11.265344   12.790298    1.000000    0.086150    0.657301
Iteration: 108 bestvalit: 0.001178 bestmemit:   11.265344   12.790298    1.000000    0.086150    0.657301
Iteration: 109 bestvalit: 0.001178 bestmemit:   11.265344   12.790298    1.000000    0.086150    0.657301
Iteration: 110 bestvalit: 0.001178 bestmemit:   11.265344   12.790298    1.000000    0.086150    0.657301
Iteration: 111 bestvalit: 0.001178 bestmemit:   11.265344   12.790298    1.000000    0.086150    0.657301
Iteration: 112 bestvalit: 0.001178 bestmemit:   11.265344   12.790298    1.000000    0.086150    0.657301
Iteration: 113 bestvalit: 0.001178 bestmemit:   11.265344   12.790298    1.000000    0.086150    0.657301
Iteration: 114 bestvalit: 0.001176 bestmemit:   10.261164   14.457666    1.000000    0.219880    0.500512
Iteration: 115 bestvalit: 0.001176 bestmemit:   10.261164   14.457666    1.000000    0.219880    0.500512
Iteration: 116 bestvalit: 0.001176 bestmemit:   10.261164   14.457666    1.000000    0.219880    0.500512
Iteration: 117 bestvalit: 0.001175 bestmemit:   11.265344   12.790298    1.000000    0.195968    0.269878
Iteration: 118 bestvalit: 0.001174 bestmemit:   10.909577   13.139026    1.000000    0.106433    0.177131
Iteration: 119 bestvalit: 0.001174 bestmemit:   10.909577   13.139026    1.000000    0.106433    0.177131
Iteration: 120 bestvalit: 0.001174 bestmemit:   10.909577   13.139026    1.000000    0.106433    0.177131
Iteration: 121 bestvalit: 0.001174 bestmemit:   10.909577   13.139026    1.000000    0.106433    0.177131
Iteration: 122 bestvalit: 0.001173 bestmemit:   11.235368   12.749107    1.000000    0.058942    0.324119
Iteration: 123 bestvalit: 0.001170 bestmemit:    8.575041   15.413855    1.000000    0.098838    0.236990
Iteration: 124 bestvalit: 0.001170 bestmemit:    8.575041   15.413855    1.000000    0.098838    0.236990
Iteration: 125 bestvalit: 0.001164 bestmemit:    8.599797   14.558226    1.000000    0.114978    0.115323
Iteration: 126 bestvalit: 0.001164 bestmemit:    8.599797   14.558226    1.000000    0.114978    0.115323
Iteration: 127 bestvalit: 0.001164 bestmemit:    8.599797   14.558226    1.000000    0.114978    0.115323
Iteration: 128 bestvalit: 0.001164 bestmemit:    8.599797   14.558226    1.000000    0.114978    0.115323
Iteration: 129 bestvalit: 0.001164 bestmemit:    8.599797   14.558226    1.000000    0.114978    0.115323
Iteration: 130 bestvalit: 0.001164 bestmemit:    8.599797   14.558226    1.000000    0.114978    0.115323
Iteration: 131 bestvalit: 0.001164 bestmemit:    8.599797   14.558226    1.000000    0.114978    0.115323
Iteration: 132 bestvalit: 0.001164 bestmemit:    8.599797   14.558226    1.000000    0.114978    0.115323
Iteration: 133 bestvalit: 0.001164 bestmemit:    8.599797   14.558226    1.000000    0.114978    0.115323
Iteration: 134 bestvalit: 0.001164 bestmemit:    8.599797   14.558226    1.000000    0.114978    0.115323
Iteration: 135 bestvalit: 0.001164 bestmemit:    8.599797   14.558226    1.000000    0.114978    0.115323
Iteration: 136 bestvalit: 0.001164 bestmemit:    8.599797   14.558226    1.000000    0.114978    0.115323
Iteration: 137 bestvalit: 0.001164 bestmemit:    8.599797   14.558226    1.000000    0.114978    0.115323
Iteration: 138 bestvalit: 0.001164 bestmemit:    8.599797   14.558226    1.000000    0.114978    0.115323
Iteration: 139 bestvalit: 0.001161 bestmemit:    8.599797   14.558226    1.000000    0.056745    0.173126
Iteration: 140 bestvalit: 0.001161 bestmemit:    8.599797   14.558226    1.000000    0.056745    0.173126
Iteration: 141 bestvalit: 0.001161 bestmemit:    8.599797   14.558226    1.000000    0.056745    0.173126
Iteration: 142 bestvalit: 0.001161 bestmemit:    8.599797   14.558226    1.000000    0.056745    0.173126
Iteration: 143 bestvalit: 0.001161 bestmemit:    8.599797   14.558226    1.000000    0.056745    0.173126
Iteration: 144 bestvalit: 0.001161 bestmemit:    8.599797   14.558226    1.000000    0.056745    0.173126
Iteration: 145 bestvalit: 0.001157 bestmemit:    9.568301   13.923177    1.000000    0.011333    0.274191
Iteration: 146 bestvalit: 0.001157 bestmemit:    9.568301   13.923177    1.000000    0.011333    0.274191
Iteration: 147 bestvalit: 0.001157 bestmemit:    9.568301   13.923177    1.000000    0.011333    0.274191
Iteration: 148 bestvalit: 0.001157 bestmemit:    9.568301   13.923177    1.000000    0.011333    0.274191
Iteration: 149 bestvalit: 0.001157 bestmemit:    9.568301   13.923177    1.000000    0.011333    0.274191
Iteration: 150 bestvalit: 0.001157 bestmemit:    9.568301   13.923177    1.000000    0.011333    0.274191
Iteration: 151 bestvalit: 0.001157 bestmemit:    9.081108   14.453491    1.000000    0.007362    0.309302
Iteration: 152 bestvalit: 0.001157 bestmemit:    9.081108   14.453491    1.000000    0.007362    0.309302
Iteration: 153 bestvalit: 0.001157 bestmemit:    9.081108   14.453491    1.000000    0.007362    0.309302
Iteration: 154 bestvalit: 0.001157 bestmemit:    9.081108   14.453491    1.000000    0.007362    0.309302
Iteration: 155 bestvalit: 0.001157 bestmemit:    9.081108   14.453491    1.000000    0.007362    0.309302
Iteration: 156 bestvalit: 0.001157 bestmemit:    9.081108   14.453491    1.000000    0.007362    0.309302
Iteration: 157 bestvalit: 0.001157 bestmemit:    9.081108   14.453491    1.000000    0.007362    0.309302
Iteration: 158 bestvalit: 0.001157 bestmemit:    9.081108   14.453491    1.000000    0.007362    0.309302
Iteration: 159 bestvalit: 0.001157 bestmemit:    9.081108   14.453491    1.000000    0.007362    0.309302
Iteration: 160 bestvalit: 0.001157 bestmemit:    9.081108   14.453491    1.000000    0.007362    0.309302
Iteration: 161 bestvalit: 0.001157 bestmemit:    9.081108   14.453491    1.000000    0.007362    0.309302
Iteration: 162 bestvalit: 0.001157 bestmemit:    9.081108   14.453491    1.000000    0.007362    0.309302
Iteration: 163 bestvalit: 0.001157 bestmemit:    9.081108   14.453491    1.000000    0.007362    0.309302
Iteration: 164 bestvalit: 0.001157 bestmemit:    9.081108   14.453491    1.000000    0.007362    0.309302
Iteration: 165 bestvalit: 0.001157 bestmemit:    9.081108   14.453491    1.000000    0.007362    0.309302
Iteration: 166 bestvalit: 0.001157 bestmemit:    9.081108   14.453491    1.000000    0.007362    0.309302
Iteration: 167 bestvalit: 0.001157 bestmemit:    9.081108   14.453491    1.000000    0.007362    0.309302
Iteration: 168 bestvalit: 0.001157 bestmemit:    9.081108   14.453491    1.000000    0.007362    0.309302
Iteration: 169 bestvalit: 0.001157 bestmemit:    9.081108   14.453491    1.000000    0.007362    0.309302
Iteration: 170 bestvalit: 0.001157 bestmemit:    9.081108   14.453491    1.000000    0.007362    0.309302
Iteration: 171 bestvalit: 0.001157 bestmemit:    9.081108   14.453491    1.000000    0.007362    0.309302
Iteration: 172 bestvalit: 0.001157 bestmemit:    9.320654   13.964720    1.000000    0.012447    0.271449
Iteration: 173 bestvalit: 0.001156 bestmemit:    9.320654   13.964720    1.000000    0.000565    0.271449
Iteration: 174 bestvalit: 0.001156 bestmemit:    9.320654   13.964720    1.000000    0.000565    0.271449
Iteration: 175 bestvalit: 0.001156 bestmemit:    9.320654   13.964720    1.000000    0.000565    0.271449
Iteration: 176 bestvalit: 0.001156 bestmemit:    9.320654   13.964720    1.000000    0.000565    0.271449
Iteration: 177 bestvalit: 0.001156 bestmemit:    9.315186   13.729929    1.000000    0.006505    0.108313
Iteration: 178 bestvalit: 0.001156 bestmemit:    9.315186   13.729929    1.000000    0.006505    0.108313
Iteration: 179 bestvalit: 0.001156 bestmemit:    9.315186   13.729929    1.000000    0.006505    0.108313
Iteration: 180 bestvalit: 0.001156 bestmemit:    9.315186   13.729929    1.000000    0.006505    0.108313
Iteration: 181 bestvalit: 0.001156 bestmemit:    9.315186   13.729929    1.000000    0.006505    0.108313
Iteration: 182 bestvalit: 0.001156 bestmemit:    9.315186   13.729929    1.000000    0.006505    0.108313
Iteration: 183 bestvalit: 0.001156 bestmemit:    9.315186   13.729929    1.000000    0.006505    0.108313
Iteration: 184 bestvalit: 0.001156 bestmemit:    9.113449   13.819317    1.000000    0.000163    0.110583
Iteration: 185 bestvalit: 0.001156 bestmemit:    9.113449   13.819317    1.000000    0.000163    0.110583
Iteration: 186 bestvalit: 0.001156 bestmemit:    9.113449   13.819317    1.000000    0.000163    0.110583
Iteration: 187 bestvalit: 0.001156 bestmemit:    9.113449   13.819317    1.000000    0.000163    0.110583
Iteration: 188 bestvalit: 0.001156 bestmemit:    9.019040   14.149953    1.000000    0.000565    0.170655
Iteration: 189 bestvalit: 0.001156 bestmemit:    9.019040   14.149953    1.000000    0.000565    0.170655
Iteration: 190 bestvalit: 0.001156 bestmemit:    9.019040   14.149953    1.000000    0.000565    0.170655
Iteration: 191 bestvalit: 0.001156 bestmemit:    9.019040   14.149953    1.000000    0.000565    0.170655
Iteration: 192 bestvalit: 0.001156 bestmemit:    9.019040   14.149953    1.000000    0.000565    0.170655
Iteration: 193 bestvalit: 0.001156 bestmemit:    9.019040   14.149953    1.000000    0.000565    0.170655
Iteration: 194 bestvalit: 0.001156 bestmemit:    9.130767   13.930447    1.000000    0.001501    0.158406
Iteration: 195 bestvalit: 0.001156 bestmemit:    9.130767   13.976421    1.000000    0.001501    0.158406
Iteration: 196 bestvalit: 0.001156 bestmemit:    9.130767   13.976421    1.000000    0.001501    0.158406
Iteration: 197 bestvalit: 0.001156 bestmemit:    9.130767   13.976421    1.000000    0.001501    0.158406
Iteration: 198 bestvalit: 0.001156 bestmemit:    9.130767   13.976421    1.000000    0.001501    0.158406
Iteration: 199 bestvalit: 0.001156 bestmemit:    9.130767   13.976421    1.000000    0.001501    0.158406
Iteration: 200 bestvalit: 0.001156 bestmemit:    9.130767   13.976421    1.000000    0.001501    0.158406
Iteration: 201 bestvalit: 0.001156 bestmemit:    9.130767   13.976421    1.000000    0.001501    0.158406
Iteration: 202 bestvalit: 0.001156 bestmemit:    9.117390   13.877565    1.000000    0.000163    0.110583
Iteration: 203 bestvalit: 0.001156 bestmemit:    9.117390   13.877565    1.000000    0.000163    0.110583
Iteration: 204 bestvalit: 0.001156 bestmemit:    9.117390   13.877565    1.000000    0.000163    0.110583
Iteration: 205 bestvalit: 0.001156 bestmemit:    9.117390   13.877565    1.000000    0.000163    0.110583
Iteration: 206 bestvalit: 0.001156 bestmemit:    9.117390   13.877565    1.000000    0.000163    0.110583
Iteration: 207 bestvalit: 0.001156 bestmemit:    9.117390   13.877565    1.000000    0.000163    0.110583
Iteration: 208 bestvalit: 0.001156 bestmemit:    9.117390   13.877565    1.000000    0.000163    0.110583
Iteration: 209 bestvalit: 0.001156 bestmemit:    9.117390   13.877565    1.000000    0.000163    0.110583
Iteration: 210 bestvalit: 0.001156 bestmemit:    9.117390   13.877565    1.000000    0.000163    0.110583
Iteration: 211 bestvalit: 0.001156 bestmemit:    9.170279   13.883538    1.000000    0.000998    0.129652
Iteration: 212 bestvalit: 0.001156 bestmemit:    9.170279   13.883538    1.000000    0.000998    0.129652
Iteration: 213 bestvalit: 0.001156 bestmemit:    9.170279   13.883538    1.000000    0.000998    0.129652
Iteration: 214 bestvalit: 0.001156 bestmemit:    9.170279   13.883538    1.000000    0.000998    0.129652
Iteration: 215 bestvalit: 0.001156 bestmemit:    9.170279   13.883538    1.000000    0.000998    0.129652
Iteration: 216 bestvalit: 0.001156 bestmemit:    9.170279   13.883538    1.000000    0.000998    0.129652
Iteration: 217 bestvalit: 0.001156 bestmemit:    9.128334   14.034880    1.000000    0.000131    0.176539
Iteration: 218 bestvalit: 0.001156 bestmemit:    9.128334   14.034880    1.000000    0.000131    0.176539
Iteration: 219 bestvalit: 0.001156 bestmemit:    9.128334   14.034880    1.000000    0.000131    0.176539
Iteration: 220 bestvalit: 0.001156 bestmemit:    9.131454   13.994191    1.000000    0.000119    0.153837
Iteration: 221 bestvalit: 0.001156 bestmemit:    9.131454   13.994191    1.000000    0.000119    0.153837
Iteration: 222 bestvalit: 0.001155 bestmemit:    9.146639   13.968366    1.000000    0.000308    0.158889
Iteration: 223 bestvalit: 0.001155 bestmemit:    9.146639   13.968366    1.000000    0.000308    0.158889
Iteration: 224 bestvalit: 0.001155 bestmemit:    9.146639   13.968366    1.000000    0.000308    0.158889
Iteration: 225 bestvalit: 0.001155 bestmemit:    9.146639   13.968366    1.000000    0.000308    0.158889
Iteration: 226 bestvalit: 0.001155 bestmemit:    9.130767   13.976421    1.000000    0.000145    0.158406
Iteration: 227 bestvalit: 0.001155 bestmemit:    9.146639   13.968366    1.000000    0.000104    0.158889
Iteration: 228 bestvalit: 0.001155 bestmemit:    9.146639   13.968366    1.000000    0.000104    0.158889
Iteration: 229 bestvalit: 0.001155 bestmemit:    9.146639   13.968366    1.000000    0.000104    0.158889
Iteration: 230 bestvalit: 0.001155 bestmemit:    9.146639   13.968366    1.000000    0.000104    0.158889
Iteration: 231 bestvalit: 0.001155 bestmemit:    9.161408   13.898840    1.000000    0.000074    0.137935
Iteration: 232 bestvalit: 0.001155 bestmemit:    9.161408   13.898840    1.000000    0.000006    0.137935
Iteration: 233 bestvalit: 0.001155 bestmemit:    9.161408   13.898840    1.000000    0.000006    0.137935
Iteration: 234 bestvalit: 0.001155 bestmemit:    9.161408   13.898840    1.000000    0.000006    0.137935
Iteration: 235 bestvalit: 0.001155 bestmemit:    9.161408   13.898840    1.000000    0.000006    0.137935
Iteration: 236 bestvalit: 0.001155 bestmemit:    9.161408   13.898840    1.000000    0.000006    0.137935
Iteration: 237 bestvalit: 0.001155 bestmemit:    9.161408   13.898840    1.000000    0.000006    0.137935
Iteration: 238 bestvalit: 0.001155 bestmemit:    9.161408   13.898840    1.000000    0.000006    0.137935
Iteration: 239 bestvalit: 0.001155 bestmemit:    9.161408   13.898840    1.000000    0.000006    0.137935
Iteration: 240 bestvalit: 0.001155 bestmemit:    9.161408   13.898840    1.000000    0.000006    0.137935
Iteration: 241 bestvalit: 0.001155 bestmemit:    9.161408   13.898840    1.000000    0.000006    0.137935
Iteration: 242 bestvalit: 0.001155 bestmemit:    9.161408   13.898840    1.000000    0.000006    0.137935
Iteration: 243 bestvalit: 0.001155 bestmemit:    9.161408   13.898840    1.000000    0.000006    0.137935
Iteration: 244 bestvalit: 0.001155 bestmemit:    9.161408   13.898840    1.000000    0.000006    0.137935
Iteration: 245 bestvalit: 0.001155 bestmemit:    9.161408   13.908091    1.000000    0.000006    0.137935
Iteration: 246 bestvalit: 0.001155 bestmemit:    9.157983   13.908091    1.000000    0.000006    0.137935
Iteration: 247 bestvalit: 0.001155 bestmemit:    9.157983   13.908091    1.000000    0.000006    0.137935
Iteration: 248 bestvalit: 0.001155 bestmemit:    9.157983   13.908091    1.000000    0.000006    0.137935
Iteration: 249 bestvalit: 0.001155 bestmemit:    9.157983   13.908091    1.000000    0.000006    0.137935
Iteration: 250 bestvalit: 0.001155 bestmemit:    9.157983   13.908091    1.000000    0.000006    0.137935
Iteration: 251 bestvalit: 0.001155 bestmemit:    9.157983   13.908091    1.000000    0.000006    0.137935
Iteration: 252 bestvalit: 0.001155 bestmemit:    9.157983   13.908091    1.000000    0.000006    0.137935
Iteration: 253 bestvalit: 0.001155 bestmemit:    9.157983   13.908091    1.000000    0.000006    0.137935
Iteration: 254 bestvalit: 0.001155 bestmemit:    9.157983   13.908091    1.000000    0.000006    0.137935
Iteration: 255 bestvalit: 0.001155 bestmemit:    9.174038   13.925842    1.000000    0.000009    0.153539
Iteration: 256 bestvalit: 0.001155 bestmemit:    9.174038   13.925842    1.000000    0.000009    0.153539
Iteration: 257 bestvalit: 0.001155 bestmemit:    9.174038   13.925842    1.000000    0.000009    0.153539
Iteration: 258 bestvalit: 0.001155 bestmemit:    9.174038   13.925842    1.000000    0.000007    0.153539
Iteration: 259 bestvalit: 0.001155 bestmemit:    9.174038   13.925842    1.000000    0.000007    0.153539
Iteration: 260 bestvalit: 0.001155 bestmemit:    9.174038   13.925842    1.000000    0.000007    0.153539
Iteration: 261 bestvalit: 0.001155 bestmemit:    9.174038   13.925842    1.000000    0.000007    0.153539
Iteration: 262 bestvalit: 0.001155 bestmemit:    9.174038   13.925842    1.000000    0.000007    0.153539
Iteration: 263 bestvalit: 0.001155 bestmemit:    9.174038   13.925842    1.000000    0.000007    0.153539
Iteration: 264 bestvalit: 0.001155 bestmemit:    9.174038   13.925842    1.000000    0.000007    0.153539
Iteration: 265 bestvalit: 0.001155 bestmemit:    9.174038   13.925842    1.000000    0.000007    0.153539
Iteration: 266 bestvalit: 0.001155 bestmemit:    9.174038   13.925842    1.000000    0.000007    0.153539
Iteration: 267 bestvalit: 0.001155 bestmemit:    9.174038   13.925842    1.000000    0.000007    0.153539
Iteration: 268 bestvalit: 0.001155 bestmemit:    9.174038   13.925842    1.000000    0.000007    0.153539
Iteration: 269 bestvalit: 0.001155 bestmemit:    9.174038   13.925842    1.000000    0.000007    0.153539
Iteration: 270 bestvalit: 0.001155 bestmemit:    9.174038   13.925842    1.000000    0.000007    0.153539
Iteration: 271 bestvalit: 0.001155 bestmemit:    9.169918   13.921110    1.000000    0.000014    0.151334
Iteration: 272 bestvalit: 0.001155 bestmemit:    9.169918   13.921110    1.000000    0.000014    0.151334
Iteration: 273 bestvalit: 0.001155 bestmemit:    9.169918   13.921110    1.000000    0.000014    0.151334
Iteration: 274 bestvalit: 0.001155 bestmemit:    9.169918   13.921110    1.000000    0.000014    0.151334
Iteration: 275 bestvalit: 0.001155 bestmemit:    9.169918   13.921110    1.000000    0.000014    0.151334
Iteration: 276 bestvalit: 0.001155 bestmemit:    9.169918   13.921110    1.000000    0.000014    0.151334
Iteration: 277 bestvalit: 0.001155 bestmemit:    9.175507   13.922405    1.000000    0.000006    0.152535
Iteration: 278 bestvalit: 0.001155 bestmemit:    9.169918   13.921110    1.000000    0.000001    0.151334
Iteration: 279 bestvalit: 0.001155 bestmemit:    9.169918   13.921110    1.000000    0.000001    0.151334
Iteration: 280 bestvalit: 0.001155 bestmemit:    9.169918   13.921110    1.000000    0.000001    0.151334
Iteration: 281 bestvalit: 0.001155 bestmemit:    9.169918   13.921110    1.000000    0.000001    0.151334
Iteration: 282 bestvalit: 0.001155 bestmemit:    9.169918   13.921110    1.000000    0.000001    0.151334
Iteration: 283 bestvalit: 0.001155 bestmemit:    9.169918   13.921110    1.000000    0.000001    0.151334
Iteration: 284 bestvalit: 0.001155 bestmemit:    9.169918   13.921110    1.000000    0.000001    0.151334
Iteration: 285 bestvalit: 0.001155 bestmemit:    9.165249   13.920249    1.000000    0.000006    0.148693
Iteration: 286 bestvalit: 0.001155 bestmemit:    9.165249   13.920249    1.000000    0.000006    0.147511
Iteration: 287 bestvalit: 0.001155 bestmemit:    9.165249   13.920249    1.000000    0.000006    0.147511
Iteration: 288 bestvalit: 0.001155 bestmemit:    9.175543   13.912249    1.000000    0.000002    0.148594
Iteration: 289 bestvalit: 0.001155 bestmemit:    9.175543   13.912249    1.000000    0.000002    0.148594
Iteration: 290 bestvalit: 0.001155 bestmemit:    9.175543   13.912249    1.000000    0.000002    0.148594
Iteration: 291 bestvalit: 0.001155 bestmemit:    9.165249   13.920249    1.000000    0.000004    0.147511
Iteration: 292 bestvalit: 0.001155 bestmemit:    9.165249   13.920249    1.000000    0.000004    0.147511
Iteration: 293 bestvalit: 0.001155 bestmemit:    9.165249   13.920249    1.000000    0.000004    0.147511
Iteration: 294 bestvalit: 0.001155 bestmemit:    9.165249   13.920249    1.000000    0.000004    0.147511
Iteration: 295 bestvalit: 0.001155 bestmemit:    9.165249   13.920249    1.000000    0.000004    0.147511
Iteration: 296 bestvalit: 0.001155 bestmemit:    9.171839   13.915354    1.000000    0.000002    0.148054
Iteration: 297 bestvalit: 0.001155 bestmemit:    9.171839   13.915354    1.000000    0.000002    0.148054
Iteration: 298 bestvalit: 0.001155 bestmemit:    9.171839   13.915354    1.000000    0.000002    0.148054
Iteration: 299 bestvalit: 0.001155 bestmemit:    9.171839   13.915354    1.000000    0.000002    0.148054
Iteration: 300 bestvalit: 0.001155 bestmemit:    9.171839   13.915354    1.000000    0.000002    0.148054
Iteration: 301 bestvalit: 0.001155 bestmemit:    9.171839   13.915354    1.000000    0.000002    0.148054
Iteration: 302 bestvalit: 0.001155 bestmemit:    9.171839   13.915354    1.000000    0.000002    0.148054
Iteration: 303 bestvalit: 0.001155 bestmemit:    9.171839   13.915354    1.000000    0.000001    0.148054
Iteration: 304 bestvalit: 0.001155 bestmemit:    9.171839   13.915354    1.000000    0.000001    0.148054
Iteration: 305 bestvalit: 0.001155 bestmemit:    9.171839   13.915354    1.000000    0.000001    0.148054
Iteration: 306 bestvalit: 0.001155 bestmemit:    9.171839   13.915354    1.000000    0.000001    0.148054
Iteration: 307 bestvalit: 0.001155 bestmemit:    9.171839   13.915354    1.000000    0.000001    0.148054
Iteration: 308 bestvalit: 0.001155 bestmemit:    9.171839   13.915354    1.000000    0.000001    0.148054
Iteration: 309 bestvalit: 0.001155 bestmemit:    9.171839   13.915354    1.000000    0.000001    0.148054
Iteration: 310 bestvalit: 0.001155 bestmemit:    9.171839   13.915354    1.000000    0.000001    0.148054
Iteration: 311 bestvalit: 0.001155 bestmemit:    9.171839   13.915354    1.000000    0.000001    0.148054
Iteration: 312 bestvalit: 0.001155 bestmemit:    9.171839   13.915354    1.000000    0.000001    0.148054
Iteration: 313 bestvalit: 0.001155 bestmemit:    9.171839   13.915354    1.000000    0.000001    0.148054
Iteration: 314 bestvalit: 0.001155 bestmemit:    9.171839   13.915354    1.000000    0.000001    0.148054
Iteration: 315 bestvalit: 0.001155 bestmemit:    9.165249   13.920249    1.000000    0.000000    0.147511
Iteration: 316 bestvalit: 0.001155 bestmemit:    9.165249   13.920249    1.000000    0.000000    0.147511
Iteration: 317 bestvalit: 0.001155 bestmemit:    9.165249   13.920249    1.000000    0.000000    0.147511
Iteration: 318 bestvalit: 0.001155 bestmemit:    9.165249   13.920249    1.000000    0.000000    0.147511
Iteration: 319 bestvalit: 0.001155 bestmemit:    9.165249   13.920249    1.000000    0.000000    0.147511
Iteration: 320 bestvalit: 0.001155 bestmemit:    9.165249   13.920249    1.000000    0.000000    0.147511
Iteration: 321 bestvalit: 0.001155 bestmemit:    9.165249   13.920249    1.000000    0.000000    0.147511
Iteration: 322 bestvalit: 0.001155 bestmemit:    9.165249   13.920249    1.000000    0.000000    0.147511
Iteration: 323 bestvalit: 0.001155 bestmemit:    9.165249   13.920249    1.000000    0.000000    0.147511
Iteration: 324 bestvalit: 0.001155 bestmemit:    9.165249   13.920249    1.000000    0.000000    0.147511
Iteration: 325 bestvalit: 0.001155 bestmemit:    9.165249   13.920249    1.000000    0.000000    0.147511
Iteration: 326 bestvalit: 0.001155 bestmemit:    9.170965   13.914089    1.000000    0.000000    0.147199
Iteration: 327 bestvalit: 0.001155 bestmemit:    9.170965   13.914089    1.000000    0.000000    0.147199
Iteration: 328 bestvalit: 0.001155 bestmemit:    9.170965   13.914089    1.000000    0.000000    0.147199
Iteration: 329 bestvalit: 0.001155 bestmemit:    9.170965   13.914089    1.000000    0.000000    0.147199
Iteration: 330 bestvalit: 0.001155 bestmemit:    9.170179   13.917738    1.000000    0.000000    0.148414
Iteration: 331 bestvalit: 0.001155 bestmemit:    9.170179   13.917738    1.000000    0.000000    0.148414
Iteration: 332 bestvalit: 0.001155 bestmemit:    9.170179   13.917738    1.000000    0.000000    0.148414
Iteration: 333 bestvalit: 0.001155 bestmemit:    9.170179   13.917738    1.000000    0.000000    0.148414
Iteration: 334 bestvalit: 0.001155 bestmemit:    9.170179   13.917738    1.000000    0.000000    0.148414
Iteration: 335 bestvalit: 0.001155 bestmemit:    9.170179   13.917738    1.000000    0.000000    0.148414
Iteration: 336 bestvalit: 0.001155 bestmemit:    9.170179   13.917738    1.000000    0.000000    0.148414
Iteration: 337 bestvalit: 0.001155 bestmemit:    9.170179   13.917738    1.000000    0.000000    0.148414
Iteration: 338 bestvalit: 0.001155 bestmemit:    9.170179   13.917738    1.000000    0.000000    0.148414
Iteration: 339 bestvalit: 0.001155 bestmemit:    9.170179   13.917738    1.000000    0.000000    0.148414
Iteration: 340 bestvalit: 0.001155 bestmemit:    9.169503   13.918215    1.000000    0.000000    0.148320
Iteration: 341 bestvalit: 0.001155 bestmemit:    9.169503   13.918215    1.000000    0.000000    0.148320
Iteration: 342 bestvalit: 0.001155 bestmemit:    9.169503   13.918215    1.000000    0.000000    0.148320
Iteration: 343 bestvalit: 0.001155 bestmemit:    9.169503   13.918215    1.000000    0.000000    0.148320
Iteration: 344 bestvalit: 0.001155 bestmemit:    9.169503   13.918215    1.000000    0.000000    0.148320
Iteration: 345 bestvalit: 0.001155 bestmemit:    9.169503   13.918215    1.000000    0.000000    0.148320
Iteration: 346 bestvalit: 0.001155 bestmemit:    9.169503   13.918215    1.000000    0.000000    0.148320
Iteration: 347 bestvalit: 0.001155 bestmemit:    9.169503   13.918215    1.000000    0.000000    0.148320
Iteration: 348 bestvalit: 0.001155 bestmemit:    9.169503   13.918215    1.000000    0.000000    0.148320
Iteration: 349 bestvalit: 0.001155 bestmemit:    9.169503   13.918215    1.000000    0.000000    0.148320
Iteration: 350 bestvalit: 0.001155 bestmemit:    9.169405   13.917580    1.000000    0.000000    0.147799
Iteration: 351 bestvalit: 0.001155 bestmemit:    9.169405   13.917580    1.000000    0.000000    0.147799
Iteration: 352 bestvalit: 0.001155 bestmemit:    9.168968   13.918220    1.000000    0.000000    0.147891
Iteration: 353 bestvalit: 0.001155 bestmemit:    9.168968   13.918220    1.000000    0.000000    0.147891
Iteration: 354 bestvalit: 0.001155 bestmemit:    9.168968   13.918220    1.000000    0.000000    0.147891
Iteration: 355 bestvalit: 0.001155 bestmemit:    9.168968   13.918220    1.000000    0.000000    0.147891
Iteration: 356 bestvalit: 0.001155 bestmemit:    9.168968   13.918220    1.000000    0.000000    0.147891
Iteration: 357 bestvalit: 0.001155 bestmemit:    9.169096   13.917209    1.000000    0.000000    0.147817
Iteration: 358 bestvalit: 0.001155 bestmemit:    9.169096   13.917209    1.000000    0.000000    0.147817
Iteration: 359 bestvalit: 0.001155 bestmemit:    9.169096   13.917209    1.000000    0.000000    0.147817
Iteration: 360 bestvalit: 0.001155 bestmemit:    9.169096   13.917209    1.000000    0.000000    0.147817
Iteration: 361 bestvalit: 0.001155 bestmemit:    9.169096   13.917209    1.000000    0.000000    0.147817
Iteration: 362 bestvalit: 0.001155 bestmemit:    9.169096   13.917209    1.000000    0.000000    0.147817
Iteration: 363 bestvalit: 0.001155 bestmemit:    9.169096   13.917209    1.000000    0.000000    0.147817
Iteration: 364 bestvalit: 0.001155 bestmemit:    9.169096   13.917209    1.000000    0.000000    0.147817
Iteration: 365 bestvalit: 0.001155 bestmemit:    9.168607   13.917580    1.000000    0.000000    0.147688
Iteration: 366 bestvalit: 0.001155 bestmemit:    9.168607   13.917580    1.000000    0.000000    0.147688
Iteration: 367 bestvalit: 0.001155 bestmemit:    9.168607   13.917580    1.000000    0.000000    0.147688
Iteration: 368 bestvalit: 0.001155 bestmemit:    9.168607   13.917580    1.000000    0.000000    0.147688
Iteration: 369 bestvalit: 0.001155 bestmemit:    9.168607   13.917580    1.000000    0.000000    0.147688
Iteration: 370 bestvalit: 0.001155 bestmemit:    9.168607   13.917580    1.000000    0.000000    0.147688
Iteration: 371 bestvalit: 0.001155 bestmemit:    9.168607   13.917580    1.000000    0.000000    0.147688
Iteration: 372 bestvalit: 0.001155 bestmemit:    9.168607   13.917580    1.000000    0.000000    0.147688
Iteration: 373 bestvalit: 0.001155 bestmemit:    9.168607   13.917580    1.000000    0.000000    0.147688
Iteration: 374 bestvalit: 0.001155 bestmemit:    9.168607   13.917580    1.000000    0.000000    0.147688
Iteration: 375 bestvalit: 0.001155 bestmemit:    9.168607   13.917580    1.000000    0.000000    0.147688
Iteration: 376 bestvalit: 0.001155 bestmemit:    9.168607   13.917580    1.000000    0.000000    0.147688
Iteration: 377 bestvalit: 0.001155 bestmemit:    9.168607   13.917580    1.000000    0.000000    0.147688
Iteration: 378 bestvalit: 0.001155 bestmemit:    9.168607   13.917580    1.000000    0.000000    0.147688
Iteration: 379 bestvalit: 0.001155 bestmemit:    9.168607   13.917580    1.000000    0.000000    0.147688
Iteration: 380 bestvalit: 0.001155 bestmemit:    9.168967   13.917986    1.000000    0.000000    0.148004
Iteration: 381 bestvalit: 0.001155 bestmemit:    9.168967   13.917986    1.000000    0.000000    0.148004
Iteration: 382 bestvalit: 0.001155 bestmemit:    9.168967   13.917986    1.000000    0.000000    0.148004
Iteration: 383 bestvalit: 0.001155 bestmemit:    9.168967   13.917986    1.000000    0.000000    0.148004
Iteration: 384 bestvalit: 0.001155 bestmemit:    9.169193   13.917101    1.000000    0.000000    0.147727
Iteration: 385 bestvalit: 0.001155 bestmemit:    9.169193   13.917101    1.000000    0.000000    0.147727
Iteration: 386 bestvalit: 0.001155 bestmemit:    9.169193   13.917101    1.000000    0.000000    0.147727
Iteration: 387 bestvalit: 0.001155 bestmemit:    9.169193   13.917101    1.000000    0.000000    0.147727
Iteration: 388 bestvalit: 0.001155 bestmemit:    9.169193   13.917101    1.000000    0.000000    0.147727
Iteration: 389 bestvalit: 0.001155 bestmemit:    9.168952   13.917565    1.000000    0.000000    0.147763
Iteration: 390 bestvalit: 0.001155 bestmemit:    9.168952   13.917565    1.000000    0.000000    0.147763
Iteration: 391 bestvalit: 0.001155 bestmemit:    9.168952   13.917565    1.000000    0.000000    0.147763
Iteration: 392 bestvalit: 0.001155 bestmemit:    9.168952   13.917565    1.000000    0.000000    0.147763
Iteration: 393 bestvalit: 0.001155 bestmemit:    9.168952   13.917565    1.000000    0.000000    0.147763
Iteration: 394 bestvalit: 0.001155 bestmemit:    9.168952   13.917565    1.000000    0.000000    0.147763
Iteration: 395 bestvalit: 0.001155 bestmemit:    9.168592   13.917900    1.000000    0.000000    0.147831
Iteration: 396 bestvalit: 0.001155 bestmemit:    9.169034   13.917413    1.000000    0.000000    0.147789
Iteration: 397 bestvalit: 0.001155 bestmemit:    9.169034   13.917413    1.000000    0.000000    0.147789
Iteration: 398 bestvalit: 0.001155 bestmemit:    9.169034   13.917413    1.000000    0.000000    0.147789
Iteration: 399 bestvalit: 0.001155 bestmemit:    9.169034   13.917413    1.000000    0.000000    0.147789
Iteration: 400 bestvalit: 0.001155 bestmemit:    9.169034   13.917413    1.000000    0.000000    0.147789
Iteration: 401 bestvalit: 0.001155 bestmemit:    9.169034   13.917413    1.000000    0.000000    0.147789

***** summary of DEoptim object ***** 
best member   :  9.16903 13.91741 1 0 0.14779 
best value    :  0.00116 
after         :  401 generations 
fn evaluated  :  804 times 
*************************************
