SLURM_JOB_ID: 55403051
SLURM_JOB_USER: vsc34066
SLURM_JOB_ACCOUNT: lp_desenderlab
SLURM_JOB_NAME: par_recov_alternating_fb_sim_alpha_learn.slurm
SLURM_CLUSTER_NAME: genius
SLURM_JOB_PARTITION: batch
SLURM_ARRAY_JOB_ID: 55402977
SLURM_ARRAY_TASK_ID: 74
SLURM_NNODES: 1
SLURM_NODELIST: r23i27n11
SLURM_JOB_CPUS_PER_NODE: 8
Date: Sun Dec  3 23:44:05 CET 2023
Walltime: 01-06:00:00
========================================================================
Iteration: 1 bestvalit: 0.063052 bestmemit:   43.537236   91.354884    1.000000    6.460492 2310.679574
Iteration: 2 bestvalit: 0.063052 bestmemit:   43.537236   91.354884    1.000000    6.460492 2310.679574
Iteration: 3 bestvalit: 0.063052 bestmemit:   43.537236   91.354884    1.000000    6.460492 2310.679574
Iteration: 4 bestvalit: 0.063052 bestmemit:   43.537236   91.354884    1.000000    6.460492 2310.679574
Iteration: 5 bestvalit: 0.063052 bestmemit:   43.537236   91.354884    1.000000    6.460492 2310.679574
Iteration: 6 bestvalit: 0.063052 bestmemit:   43.537236   91.354884    1.000000    6.460492 2310.679574
Iteration: 7 bestvalit: 0.046961 bestmemit:   30.675440   34.443861    1.000000  439.467842  421.258702
Iteration: 8 bestvalit: 0.043670 bestmemit:   26.665225    9.337618    1.000000  130.288708  329.074101
Iteration: 9 bestvalit: 0.043670 bestmemit:   26.665225    9.337618    1.000000  130.288708  329.074101
Iteration: 10 bestvalit: 0.043656 bestmemit:   24.421026    9.337618    1.000000  130.288708  329.074101
Iteration: 11 bestvalit: 0.043656 bestmemit:   24.421026    9.337618    1.000000  130.288708  329.074101
Iteration: 12 bestvalit: 0.043656 bestmemit:   24.421026    9.337618    1.000000  130.288708  329.074101
Iteration: 13 bestvalit: 0.043656 bestmemit:   24.421026    9.337618    1.000000  130.288708  329.074101
Iteration: 14 bestvalit: 0.043656 bestmemit:   24.421026    9.337618    1.000000  130.288708  329.074101
Iteration: 15 bestvalit: 0.043656 bestmemit:   24.421026    9.337618    1.000000  130.288708  329.074101
Iteration: 16 bestvalit: 0.036781 bestmemit:   48.104395  -48.579179    1.000000    6.460492 1151.171744
Iteration: 17 bestvalit: 0.036781 bestmemit:   48.104395  -48.579179    1.000000    6.460492 1151.171744
Iteration: 18 bestvalit: 0.036781 bestmemit:   48.104395  -48.579179    1.000000    6.460492 1151.171744
Iteration: 19 bestvalit: 0.036781 bestmemit:   48.104395  -48.579179    1.000000    6.460492 1151.171744
Iteration: 20 bestvalit: 0.036781 bestmemit:   48.104395  -48.579179    1.000000    6.460492 1151.171744
Iteration: 21 bestvalit: 0.036781 bestmemit:   48.104395  -48.579179    1.000000    6.460492 1151.171744
Iteration: 22 bestvalit: 0.036757 bestmemit:   48.104395   46.921264    1.000000    6.460492 1151.171744
Iteration: 23 bestvalit: 0.036757 bestmemit:   48.104395   46.921264    1.000000    6.460492 1151.171744
Iteration: 24 bestvalit: 0.036757 bestmemit:   48.104395   46.921264    1.000000    6.460492 1151.171744
Iteration: 25 bestvalit: 0.036757 bestmemit:   48.104395   46.921264    1.000000    6.460492 1151.171744
Iteration: 26 bestvalit: 0.036757 bestmemit:   48.104395   46.921264    1.000000    6.460492 1151.171744
Iteration: 27 bestvalit: 0.036757 bestmemit:   48.104395   46.921264    1.000000    6.460492 1151.171744
Iteration: 28 bestvalit: 0.036757 bestmemit:   48.104395   46.921264    1.000000    6.460492 1151.171744
Iteration: 29 bestvalit: 0.028515 bestmemit:   48.104395   46.921264    1.000000    6.460492  765.450122
Iteration: 30 bestvalit: 0.028515 bestmemit:   48.104395   46.921264    1.000000    6.460492  765.450122
Iteration: 31 bestvalit: 0.028515 bestmemit:   48.104395   46.921264    1.000000    6.460492  765.450122
Iteration: 32 bestvalit: 0.028515 bestmemit:   48.104395   46.921264    1.000000    6.460492  765.450122
Iteration: 33 bestvalit: 0.028515 bestmemit:   48.104395   46.921264    1.000000    6.460492  765.450122
Iteration: 34 bestvalit: 0.028515 bestmemit:   48.104395   46.921264    1.000000    6.460492  765.450122
Iteration: 35 bestvalit: 0.028115 bestmemit:   49.924116   46.921264    1.000000    6.460492  765.450122
Iteration: 36 bestvalit: 0.028115 bestmemit:   49.924116   46.921264    1.000000    6.460492  765.450122
Iteration: 37 bestvalit: 0.028115 bestmemit:   49.924116   46.921264    1.000000    6.460492  765.450122
Iteration: 38 bestvalit: 0.028115 bestmemit:   49.924116   46.921264    1.000000    6.460492  765.450122
Iteration: 39 bestvalit: 0.028115 bestmemit:   49.924116   46.921264    1.000000    6.460492  765.450122
Iteration: 40 bestvalit: 0.028115 bestmemit:   49.924116   46.921264    1.000000    6.460492  765.450122
Iteration: 41 bestvalit: 0.028115 bestmemit:   49.924116   46.921264    1.000000    6.460492  765.450122
Iteration: 42 bestvalit: 0.028115 bestmemit:   49.924116   46.921264    1.000000    6.460492  765.450122
Iteration: 43 bestvalit: 0.028115 bestmemit:   49.924116   46.921264    1.000000    6.460492  765.450122
Iteration: 44 bestvalit: 0.022931 bestmemit:   46.977672   62.203117    1.000000    1.993618  520.212561
Iteration: 45 bestvalit: 0.022931 bestmemit:   46.977672   62.203117    1.000000    1.993618  520.212561
Iteration: 46 bestvalit: 0.022931 bestmemit:   46.977672   62.203117    1.000000    1.993618  520.212561
Iteration: 47 bestvalit: 0.021380 bestmemit:   46.977672   62.203117    1.000000    1.993618  336.178022
Iteration: 48 bestvalit: 0.021380 bestmemit:   46.977672   62.203117    1.000000    1.993618  336.178022
Iteration: 49 bestvalit: 0.020911 bestmemit:   49.924116   78.156807    1.000000    6.460492   84.418962
Iteration: 50 bestvalit: 0.020911 bestmemit:   49.924116   78.156807    1.000000    6.460492   84.418962
Iteration: 51 bestvalit: 0.020911 bestmemit:   49.924116   78.156807    1.000000    6.460492   84.418962
Iteration: 52 bestvalit: 0.020911 bestmemit:   49.924116   78.156807    1.000000    6.460492   84.418962
Iteration: 53 bestvalit: 0.020911 bestmemit:   49.924116   78.156807    1.000000    6.460492   84.418962
Iteration: 54 bestvalit: 0.020911 bestmemit:   49.924116   78.156807    1.000000    6.460492   84.418962
Iteration: 55 bestvalit: 0.020911 bestmemit:   49.924116   78.156807    1.000000    6.460492   84.418962
Iteration: 56 bestvalit: 0.020911 bestmemit:   49.924116   78.156807    1.000000    6.460492   84.418962
Iteration: 57 bestvalit: 0.020911 bestmemit:   49.924116   78.156807    1.000000    6.460492   84.418962
Iteration: 58 bestvalit: 0.020911 bestmemit:   49.924116   78.156807    1.000000    6.460492   84.418962
Iteration: 59 bestvalit: 0.019956 bestmemit:   41.437629   62.203117    1.000000    1.993618  127.496031
Iteration: 60 bestvalit: 0.019956 bestmemit:   41.437629   62.203117    1.000000    1.993618  127.496031
Iteration: 61 bestvalit: 0.019956 bestmemit:   41.437629   62.203117    1.000000    1.993618  127.496031
Iteration: 62 bestvalit: 0.019623 bestmemit:   49.924116   67.684553    1.000000    3.251434   84.418962
Iteration: 63 bestvalit: 0.019534 bestmemit:   37.793295   66.272599    1.000000    0.794078   89.536846
Iteration: 64 bestvalit: 0.019534 bestmemit:   37.793295   66.272599    1.000000    0.794078   89.536846
Iteration: 65 bestvalit: 0.019534 bestmemit:   37.793295   66.272599    1.000000    0.794078   89.536846
Iteration: 66 bestvalit: 0.019534 bestmemit:   37.793295   66.272599    1.000000    0.794078   89.536846
Iteration: 67 bestvalit: 0.019333 bestmemit:   49.944137   37.144456    1.000000    3.530093   58.606925
Iteration: 68 bestvalit: 0.018628 bestmemit:   47.174679   39.454408    1.000000    0.491928   25.475669
Iteration: 69 bestvalit: 0.018628 bestmemit:   47.174679   39.454408    1.000000    0.491928   25.475669
Iteration: 70 bestvalit: 0.018628 bestmemit:   47.174679   39.454408    1.000000    0.491928   25.475669
Iteration: 71 bestvalit: 0.018628 bestmemit:   47.174679   39.454408    1.000000    0.491928   25.475669
Iteration: 72 bestvalit: 0.018628 bestmemit:   47.174679   39.454408    1.000000    0.491928   25.475669
Iteration: 73 bestvalit: 0.018628 bestmemit:   47.174679   39.454408    1.000000    0.491928   25.475669
Iteration: 74 bestvalit: 0.018538 bestmemit:   48.270586   22.882479    1.000000    0.275310   29.526786
Iteration: 75 bestvalit: 0.018538 bestmemit:   48.270586   22.882479    1.000000    0.275310   29.526786
Iteration: 76 bestvalit: 0.018424 bestmemit:   46.711449   17.890075    1.000000    0.400474   24.414702
Iteration: 77 bestvalit: 0.018424 bestmemit:   46.711449   17.890075    1.000000    0.400474   24.414702
Iteration: 78 bestvalit: 0.018424 bestmemit:   46.711449   17.890075    1.000000    0.400474   24.414702
Iteration: 79 bestvalit: 0.018138 bestmemit:   49.893747  -16.686948    1.000000    4.144540   12.681633
Iteration: 80 bestvalit: 0.018138 bestmemit:   49.893747  -16.686948    1.000000    4.144540   12.681633
Iteration: 81 bestvalit: 0.018138 bestmemit:   49.893747  -16.686948    1.000000    4.144540   12.681633
Iteration: 82 bestvalit: 0.017836 bestmemit:   41.704636    8.098583    1.000000    3.365527    4.154463
Iteration: 83 bestvalit: 0.017836 bestmemit:   41.704636    8.098583    1.000000    3.365527    4.154463
Iteration: 84 bestvalit: 0.017836 bestmemit:   41.704636    8.098583    1.000000    3.365527    4.154463
Iteration: 85 bestvalit: 0.017836 bestmemit:   41.704636    8.098583    1.000000    3.365527    4.154463
Iteration: 86 bestvalit: 0.017338 bestmemit:   36.089023   -2.204399    1.000000    3.700097    2.109912
Iteration: 87 bestvalit: 0.017338 bestmemit:   36.089023   -2.204399    1.000000    3.700097    2.109912
Iteration: 88 bestvalit: 0.017338 bestmemit:   36.089023   -2.204399    1.000000    3.700097    2.109912
Iteration: 89 bestvalit: 0.017338 bestmemit:   36.089023   -2.204399    1.000000    3.700097    2.109912
Iteration: 90 bestvalit: 0.016869 bestmemit:   36.297715   -4.795079    1.000000    1.376783    0.276590
Iteration: 91 bestvalit: 0.016802 bestmemit:   49.643270   -8.355159    1.000000    3.442088    2.963031
Iteration: 92 bestvalit: 0.016802 bestmemit:   49.643270   -8.355159    1.000000    3.442088    2.963031
Iteration: 93 bestvalit: 0.016799 bestmemit:   49.643270   -8.355159    1.000000    3.376574    2.963031
Iteration: 94 bestvalit: 0.016799 bestmemit:   49.643270   -8.355159    1.000000    3.376574    2.963031
Iteration: 95 bestvalit: 0.016799 bestmemit:   49.643270   -8.355159    1.000000    3.376574    2.963031
Iteration: 96 bestvalit: 0.016799 bestmemit:   49.643270   -8.355159    1.000000    3.376574    2.963031
Iteration: 97 bestvalit: 0.016730 bestmemit:   46.044867   -9.695073    1.000000    3.814767    1.682640
Iteration: 98 bestvalit: 0.016730 bestmemit:   46.044867   -9.695073    1.000000    3.814767    1.682640
Iteration: 99 bestvalit: 0.016557 bestmemit:   39.820520   -8.410185    1.000000    0.211511    0.784082
Iteration: 100 bestvalit: 0.016557 bestmemit:   39.820520   -8.410185    1.000000    0.211511    0.784082
Iteration: 101 bestvalit: 0.016480 bestmemit:   36.297715   -0.185112    1.000000    1.376783    0.276590
Iteration: 102 bestvalit: 0.016480 bestmemit:   36.297715   -0.185112    1.000000    1.376783    0.276590
Iteration: 103 bestvalit: 0.016480 bestmemit:   36.297715   -0.185112    1.000000    1.376783    0.276590
Iteration: 104 bestvalit: 0.016355 bestmemit:   41.795695   -4.251011    1.000000    1.958271    0.474260
Iteration: 105 bestvalit: 0.016318 bestmemit:   46.264638   -5.284865    1.000000    2.138356    1.013256
Iteration: 106 bestvalit: 0.016318 bestmemit:   46.264638   -5.284865    1.000000    2.138356    1.013256
Iteration: 107 bestvalit: 0.016197 bestmemit:   46.264638   -5.284865    1.000000    2.138356    0.349266
Iteration: 108 bestvalit: 0.016197 bestmemit:   46.264638   -5.284865    1.000000    2.138356    0.349266
Iteration: 109 bestvalit: 0.016116 bestmemit:   48.382686   -5.284865    1.000000    2.138356    0.349266
Iteration: 110 bestvalit: 0.016097 bestmemit:   48.706711   -5.274180    1.000000    1.188501    0.475083
Iteration: 111 bestvalit: 0.016047 bestmemit:   48.706711   -6.640999    1.000000    1.188501    0.475083
Iteration: 112 bestvalit: 0.016047 bestmemit:   48.706711   -6.640999    1.000000    1.188501    0.475083
Iteration: 113 bestvalit: 0.016047 bestmemit:   48.706711   -6.640999    1.000000    1.188501    0.475083
Iteration: 114 bestvalit: 0.016047 bestmemit:   48.706711   -6.640999    1.000000    1.188501    0.475083
Iteration: 115 bestvalit: 0.016047 bestmemit:   48.706711   -6.640999    1.000000    1.188501    0.473196
Iteration: 116 bestvalit: 0.016047 bestmemit:   48.706711   -6.640999    1.000000    1.188501    0.473196
Iteration: 117 bestvalit: 0.015993 bestmemit:   47.726587   -4.747869    1.000000    0.211511    0.046217
Iteration: 118 bestvalit: 0.015993 bestmemit:   47.726587   -4.747869    1.000000    0.211511    0.046217
Iteration: 119 bestvalit: 0.015993 bestmemit:   47.726587   -4.747869    1.000000    0.211511    0.046217
Iteration: 120 bestvalit: 0.015993 bestmemit:   47.726587   -4.747869    1.000000    0.211511    0.046217
Iteration: 121 bestvalit: 0.015993 bestmemit:   47.726587   -4.747869    1.000000    0.211511    0.046217
Iteration: 122 bestvalit: 0.015964 bestmemit:   49.796343   -6.499876    1.000000    0.594969    0.245771
Iteration: 123 bestvalit: 0.015964 bestmemit:   49.796343   -6.499876    1.000000    0.594969    0.245771
Iteration: 124 bestvalit: 0.015964 bestmemit:   49.796343   -6.499876    1.000000    0.594969    0.245771
Iteration: 125 bestvalit: 0.015964 bestmemit:   49.796343   -6.499876    1.000000    0.594969    0.245771
Iteration: 126 bestvalit: 0.015964 bestmemit:   49.796343   -6.499876    1.000000    0.594969    0.245771
Iteration: 127 bestvalit: 0.015933 bestmemit:   49.335291   -5.782233    1.000000    0.922036    0.040537
Iteration: 128 bestvalit: 0.015933 bestmemit:   49.335291   -5.782233    1.000000    0.922036    0.040537
Iteration: 129 bestvalit: 0.015933 bestmemit:   49.335291   -5.782233    1.000000    0.922036    0.040537
Iteration: 130 bestvalit: 0.015933 bestmemit:   49.335291   -5.782233    1.000000    0.922036    0.040537
Iteration: 131 bestvalit: 0.015925 bestmemit:   48.312495   -6.102562    1.000000    0.387181    0.041585
Iteration: 132 bestvalit: 0.015925 bestmemit:   48.312495   -6.102562    1.000000    0.387181    0.041585
Iteration: 133 bestvalit: 0.015925 bestmemit:   48.312495   -6.102562    1.000000    0.387181    0.041585
Iteration: 134 bestvalit: 0.015911 bestmemit:   48.889559   -6.864058    1.000000    0.382190    0.005395
Iteration: 135 bestvalit: 0.015911 bestmemit:   48.889559   -6.864058    1.000000    0.382190    0.005395
Iteration: 136 bestvalit: 0.015911 bestmemit:   48.889559   -6.864058    1.000000    0.382190    0.005395
Iteration: 137 bestvalit: 0.015903 bestmemit:   49.394861   -7.536562    1.000000    0.118416    0.041585
Iteration: 138 bestvalit: 0.015903 bestmemit:   49.394861   -7.536562    1.000000    0.118416    0.041585
Iteration: 139 bestvalit: 0.015903 bestmemit:   49.394861   -7.536562    1.000000    0.118416    0.041585
Iteration: 140 bestvalit: 0.015903 bestmemit:   49.394861   -7.536562    1.000000    0.118416    0.041585
Iteration: 141 bestvalit: 0.015903 bestmemit:   49.394861   -7.536562    1.000000    0.118416    0.041585
Iteration: 142 bestvalit: 0.015890 bestmemit:   49.914844   -7.536562    1.000000    0.118416    0.041585
Iteration: 143 bestvalit: 0.015890 bestmemit:   49.914844   -7.536562    1.000000    0.118416    0.041585
Iteration: 144 bestvalit: 0.015890 bestmemit:   49.914844   -7.536562    1.000000    0.118416    0.041585
Iteration: 145 bestvalit: 0.015885 bestmemit:   49.925122   -6.759538    1.000000    0.163099    0.012333
Iteration: 146 bestvalit: 0.015885 bestmemit:   49.925122   -6.759538    1.000000    0.163099    0.012333
Iteration: 147 bestvalit: 0.015885 bestmemit:   49.925122   -6.759538    1.000000    0.163099    0.012333
Iteration: 148 bestvalit: 0.015885 bestmemit:   49.925122   -6.759538    1.000000    0.163099    0.012333
Iteration: 149 bestvalit: 0.015885 bestmemit:   49.925122   -6.759538    1.000000    0.163099    0.012333
Iteration: 150 bestvalit: 0.015885 bestmemit:   49.925122   -6.759538    1.000000    0.163099    0.012333
Iteration: 151 bestvalit: 0.015885 bestmemit:   49.925122   -6.759538    1.000000    0.163099    0.012333
Iteration: 152 bestvalit: 0.015884 bestmemit:   49.848750   -6.796010    1.000000    0.221265    0.003700
Iteration: 153 bestvalit: 0.015884 bestmemit:   49.848750   -6.796010    1.000000    0.221265    0.003700
Iteration: 154 bestvalit: 0.015883 bestmemit:   49.959697   -7.517546    1.000000    0.077954    0.012858
Iteration: 155 bestvalit: 0.015883 bestmemit:   49.959697   -7.517546    1.000000    0.077954    0.012858
Iteration: 156 bestvalit: 0.015883 bestmemit:   49.959697   -7.517546    1.000000    0.077954    0.012858
Iteration: 157 bestvalit: 0.015883 bestmemit:   49.959697   -7.517546    1.000000    0.077954    0.012858
Iteration: 158 bestvalit: 0.015881 bestmemit:   49.991690   -7.409749    1.000000    0.077954    0.012858
Iteration: 159 bestvalit: 0.015881 bestmemit:   49.991690   -7.409749    1.000000    0.077954    0.012858
Iteration: 160 bestvalit: 0.015881 bestmemit:   49.991690   -7.409749    1.000000    0.077954    0.012858
Iteration: 161 bestvalit: 0.015881 bestmemit:   49.991690   -7.409749    1.000000    0.077954    0.012858
Iteration: 162 bestvalit: 0.015878 bestmemit:   49.933533   -7.298511    1.000000    0.051291    0.001938
Iteration: 163 bestvalit: 0.015878 bestmemit:   49.933533   -7.298511    1.000000    0.051291    0.001938
Iteration: 164 bestvalit: 0.015878 bestmemit:   49.933533   -7.298511    1.000000    0.051291    0.001938
Iteration: 165 bestvalit: 0.015877 bestmemit:   49.952888   -7.412519    1.000000    0.013845    0.000056
Iteration: 166 bestvalit: 0.015877 bestmemit:   49.952888   -7.412519    1.000000    0.013845    0.000056
Iteration: 167 bestvalit: 0.015877 bestmemit:   49.952888   -7.412519    1.000000    0.013845    0.000056
Iteration: 168 bestvalit: 0.015877 bestmemit:   49.952888   -7.412519    1.000000    0.013845    0.000056
Iteration: 169 bestvalit: 0.015877 bestmemit:   49.952888   -7.412519    1.000000    0.013845    0.000056
Iteration: 170 bestvalit: 0.015877 bestmemit:   49.945651   -7.337579    1.000000    0.014670    0.000543
Iteration: 171 bestvalit: 0.015876 bestmemit:   49.952888   -7.211119    1.000000    0.013845    0.000056
Iteration: 172 bestvalit: 0.015876 bestmemit:   49.952888   -7.211119    1.000000    0.013845    0.000056
Iteration: 173 bestvalit: 0.015876 bestmemit:   49.952888   -7.211119    1.000000    0.013845    0.000056
Iteration: 174 bestvalit: 0.015876 bestmemit:   49.952888   -7.211119    1.000000    0.013845    0.000056
Iteration: 175 bestvalit: 0.015876 bestmemit:   49.952888   -7.211119    1.000000    0.013845    0.000056
Iteration: 176 bestvalit: 0.015876 bestmemit:   49.995598   -7.320817    1.000000    0.002909    0.001802
Iteration: 177 bestvalit: 0.015876 bestmemit:   49.998154   -7.337579    1.000000    0.014670    0.000543
Iteration: 178 bestvalit: 0.015876 bestmemit:   49.998154   -7.236406    1.000000    0.014670    0.000543
Iteration: 179 bestvalit: 0.015876 bestmemit:   49.998154   -7.236406    1.000000    0.014670    0.000543
Iteration: 180 bestvalit: 0.015876 bestmemit:   49.998154   -7.236406    1.000000    0.014670    0.000543
Iteration: 181 bestvalit: 0.015876 bestmemit:   49.998154   -7.236406    1.000000    0.009621    0.000151
Iteration: 182 bestvalit: 0.015876 bestmemit:   49.998154   -7.236406    1.000000    0.009621    0.000151
Iteration: 183 bestvalit: 0.015876 bestmemit:   49.998154   -7.236406    1.000000    0.009621    0.000151
Iteration: 184 bestvalit: 0.015876 bestmemit:   49.998154   -7.236406    1.000000    0.009621    0.000151
Iteration: 185 bestvalit: 0.015875 bestmemit:   49.998154   -7.236406    1.000000    0.004215    0.000151
Iteration: 186 bestvalit: 0.015875 bestmemit:   49.998154   -7.236406    1.000000    0.004215    0.000151
Iteration: 187 bestvalit: 0.015875 bestmemit:   49.998154   -7.236406    1.000000    0.004215    0.000151
Iteration: 188 bestvalit: 0.015875 bestmemit:   49.998154   -7.236406    1.000000    0.004215    0.000151
Iteration: 189 bestvalit: 0.015875 bestmemit:   49.998154   -7.236406    1.000000    0.004215    0.000151
Iteration: 190 bestvalit: 0.015875 bestmemit:   49.998154   -7.236406    1.000000    0.004215    0.000151
Iteration: 191 bestvalit: 0.015875 bestmemit:   49.998154   -7.236406    1.000000    0.004215    0.000151
Iteration: 192 bestvalit: 0.015875 bestmemit:   49.998154   -7.236406    1.000000    0.004215    0.000151
Iteration: 193 bestvalit: 0.015875 bestmemit:   49.998154   -7.236406    1.000000    0.004215    0.000151
Iteration: 194 bestvalit: 0.015875 bestmemit:   49.998154   -7.236406    1.000000    0.004215    0.000151
Iteration: 195 bestvalit: 0.015875 bestmemit:   49.998154   -7.236406    1.000000    0.004215    0.000151
Iteration: 196 bestvalit: 0.015875 bestmemit:   49.998154   -7.236406    1.000000    0.004215    0.000151
Iteration: 197 bestvalit: 0.015875 bestmemit:   49.999459   -7.243913    1.000000    0.001434    0.000135
Iteration: 198 bestvalit: 0.015875 bestmemit:   49.999459   -7.243913    1.000000    0.001434    0.000135
Iteration: 199 bestvalit: 0.015875 bestmemit:   49.999459   -7.243913    1.000000    0.001434    0.000135
Iteration: 200 bestvalit: 0.015875 bestmemit:   49.999459   -7.243913    1.000000    0.001434    0.000135
Iteration: 201 bestvalit: 0.015875 bestmemit:   49.999459   -7.243913    1.000000    0.001434    0.000135
Iteration: 202 bestvalit: 0.015875 bestmemit:   49.999053   -7.245178    1.000000    0.000286    0.000081
Iteration: 203 bestvalit: 0.015875 bestmemit:   49.999053   -7.245178    1.000000    0.000286    0.000081
Iteration: 204 bestvalit: 0.015875 bestmemit:   49.999053   -7.245178    1.000000    0.000286    0.000081
Iteration: 205 bestvalit: 0.015875 bestmemit:   49.999053   -7.245178    1.000000    0.000286    0.000081
Iteration: 206 bestvalit: 0.015875 bestmemit:   49.999053   -7.245178    1.000000    0.000286    0.000081
Iteration: 207 bestvalit: 0.015875 bestmemit:   49.999721   -7.271480    1.000000    0.000918    0.000001
Iteration: 208 bestvalit: 0.015875 bestmemit:   49.999721   -7.271480    1.000000    0.000918    0.000001
Iteration: 209 bestvalit: 0.015875 bestmemit:   49.999721   -7.271480    1.000000    0.000918    0.000001
Iteration: 210 bestvalit: 0.015875 bestmemit:   49.999721   -7.271480    1.000000    0.000918    0.000001
Iteration: 211 bestvalit: 0.015875 bestmemit:   49.999721   -7.271480    1.000000    0.000918    0.000001
Iteration: 212 bestvalit: 0.015875 bestmemit:   49.999721   -7.271480    1.000000    0.000045    0.000001
Iteration: 213 bestvalit: 0.015875 bestmemit:   49.999721   -7.271480    1.000000    0.000045    0.000001
Iteration: 214 bestvalit: 0.015875 bestmemit:   49.999721   -7.271480    1.000000    0.000045    0.000001
Iteration: 215 bestvalit: 0.015875 bestmemit:   49.999823   -7.271480    1.000000    0.000045    0.000001
Iteration: 216 bestvalit: 0.015875 bestmemit:   49.999823   -7.271480    1.000000    0.000045    0.000001
Iteration: 217 bestvalit: 0.015875 bestmemit:   49.999823   -7.271480    1.000000    0.000045    0.000001
Iteration: 218 bestvalit: 0.015875 bestmemit:   49.999823   -7.271480    1.000000    0.000045    0.000001
Iteration: 219 bestvalit: 0.015875 bestmemit:   49.999823   -7.271480    1.000000    0.000045    0.000001
Iteration: 220 bestvalit: 0.015875 bestmemit:   49.999823   -7.271480    1.000000    0.000045    0.000001
Iteration: 221 bestvalit: 0.015875 bestmemit:   49.999823   -7.271480    1.000000    0.000045    0.000001
Iteration: 222 bestvalit: 0.015875 bestmemit:   49.999823   -7.271480    1.000000    0.000045    0.000001
Iteration: 223 bestvalit: 0.015875 bestmemit:   49.999943   -7.265923    1.000000    0.000277    0.000002
Iteration: 224 bestvalit: 0.015875 bestmemit:   49.999943   -7.265923    1.000000    0.000277    0.000002
Iteration: 225 bestvalit: 0.015875 bestmemit:   49.999943   -7.265923    1.000000    0.000277    0.000002
Iteration: 226 bestvalit: 0.015875 bestmemit:   49.999943   -7.265923    1.000000    0.000277    0.000002
Iteration: 227 bestvalit: 0.015875 bestmemit:   49.999943   -7.264538    1.000000    0.000277    0.000002
Iteration: 228 bestvalit: 0.015875 bestmemit:   49.999943   -7.264538    1.000000    0.000277    0.000002
Iteration: 229 bestvalit: 0.015875 bestmemit:   49.999943   -7.264538    1.000000    0.000277    0.000002
Iteration: 230 bestvalit: 0.015875 bestmemit:   49.999943   -7.264538    1.000000    0.000217    0.000002
Iteration: 231 bestvalit: 0.015875 bestmemit:   49.999943   -7.264538    1.000000    0.000217    0.000002
Iteration: 232 bestvalit: 0.015875 bestmemit:   49.999943   -7.264538    1.000000    0.000217    0.000002
Iteration: 233 bestvalit: 0.015875 bestmemit:   49.999823   -7.264369    1.000000    0.000045    0.000001
Iteration: 234 bestvalit: 0.015875 bestmemit:   49.999942   -7.259166    1.000000    0.000081    0.000009
Iteration: 235 bestvalit: 0.015875 bestmemit:   49.999942   -7.259166    1.000000    0.000081    0.000009
Iteration: 236 bestvalit: 0.015875 bestmemit:   49.999942   -7.259166    1.000000    0.000081    0.000009
Iteration: 237 bestvalit: 0.015875 bestmemit:   49.999942   -7.259166    1.000000    0.000081    0.000009
Iteration: 238 bestvalit: 0.015875 bestmemit:   49.999991   -7.252502    1.000000    0.000031    0.000012
Iteration: 239 bestvalit: 0.015875 bestmemit:   49.999991   -7.252502    1.000000    0.000031    0.000012
Iteration: 240 bestvalit: 0.015875 bestmemit:   49.999991   -7.252502    1.000000    0.000031    0.000012
Iteration: 241 bestvalit: 0.015875 bestmemit:   49.999919   -7.258141    1.000000    0.000086    0.000002
Iteration: 242 bestvalit: 0.015875 bestmemit:   49.999943   -7.252559    1.000000    0.000053    0.000002
Iteration: 243 bestvalit: 0.015875 bestmemit:   49.999964   -7.258602    1.000000    0.000016    0.000004
Iteration: 244 bestvalit: 0.015875 bestmemit:   49.999992   -7.255804    1.000000    0.000094    0.000001
Iteration: 245 bestvalit: 0.015875 bestmemit:   49.999992   -7.255804    1.000000    0.000094    0.000001
Iteration: 246 bestvalit: 0.015875 bestmemit:   49.999975   -7.255067    1.000000    0.000020    0.000002
Iteration: 247 bestvalit: 0.015875 bestmemit:   49.999975   -7.256914    1.000000    0.000020    0.000002
Iteration: 248 bestvalit: 0.015875 bestmemit:   49.999992   -7.255804    1.000000    0.000020    0.000001
Iteration: 249 bestvalit: 0.015875 bestmemit:   49.999992   -7.255804    1.000000    0.000020    0.000001
Iteration: 250 bestvalit: 0.015875 bestmemit:   49.999992   -7.255804    1.000000    0.000020    0.000001
Iteration: 251 bestvalit: 0.015875 bestmemit:   49.999992   -7.255804    1.000000    0.000020    0.000001
Iteration: 252 bestvalit: 0.015875 bestmemit:   49.999992   -7.255804    1.000000    0.000020    0.000001
Iteration: 253 bestvalit: 0.015875 bestmemit:   49.999992   -7.255804    1.000000    0.000020    0.000001
Iteration: 254 bestvalit: 0.015875 bestmemit:   49.999992   -7.254745    1.000000    0.000013    0.000001
Iteration: 255 bestvalit: 0.015875 bestmemit:   49.999992   -7.254745    1.000000    0.000013    0.000001
Iteration: 256 bestvalit: 0.015875 bestmemit:   49.999998   -7.253894    1.000000    0.000009    0.000000
Iteration: 257 bestvalit: 0.015875 bestmemit:   49.999998   -7.253894    1.000000    0.000009    0.000000
Iteration: 258 bestvalit: 0.015875 bestmemit:   49.999998   -7.253894    1.000000    0.000009    0.000000
Iteration: 259 bestvalit: 0.015875 bestmemit:   49.999994   -7.253995    1.000000    0.000001    0.000000
Iteration: 260 bestvalit: 0.015875 bestmemit:   49.999994   -7.253995    1.000000    0.000001    0.000000
Iteration: 261 bestvalit: 0.015875 bestmemit:   49.999994   -7.253995    1.000000    0.000001    0.000000
Iteration: 262 bestvalit: 0.015875 bestmemit:   49.999996   -7.256883    1.000000    0.000001    0.000000
Iteration: 263 bestvalit: 0.015875 bestmemit:   49.999996   -7.256883    1.000000    0.000001    0.000000
Iteration: 264 bestvalit: 0.015875 bestmemit:   49.999998   -7.255899    1.000000    0.000001    0.000000
Iteration: 265 bestvalit: 0.015875 bestmemit:   49.999998   -7.256529    1.000000    0.000001    0.000000
Iteration: 266 bestvalit: 0.015875 bestmemit:   49.999998   -7.256529    1.000000    0.000001    0.000000
Iteration: 267 bestvalit: 0.015875 bestmemit:   49.999998   -7.256529    1.000000    0.000001    0.000000
Iteration: 268 bestvalit: 0.015875 bestmemit:   49.999998   -7.256529    1.000000    0.000001    0.000000
Iteration: 269 bestvalit: 0.015875 bestmemit:   49.999998   -7.256529    1.000000    0.000001    0.000000
Iteration: 270 bestvalit: 0.015875 bestmemit:   49.999998   -7.256529    1.000000    0.000001    0.000000
Iteration: 271 bestvalit: 0.015875 bestmemit:   49.999998   -7.256529    1.000000    0.000001    0.000000
Iteration: 272 bestvalit: 0.015875 bestmemit:   49.999998   -7.256529    1.000000    0.000001    0.000000
Iteration: 273 bestvalit: 0.015875 bestmemit:   49.999998   -7.256529    1.000000    0.000001    0.000000
Iteration: 274 bestvalit: 0.015875 bestmemit:   49.999998   -7.256529    1.000000    0.000001    0.000000
Iteration: 275 bestvalit: 0.015875 bestmemit:   49.999998   -7.256529    1.000000    0.000001    0.000000
Iteration: 276 bestvalit: 0.015875 bestmemit:   49.999998   -7.256529    1.000000    0.000001    0.000000
Iteration: 277 bestvalit: 0.015875 bestmemit:   50.000000   -7.256596    1.000000    0.000000    0.000000
Iteration: 278 bestvalit: 0.015875 bestmemit:   50.000000   -7.256596    1.000000    0.000000    0.000000
Iteration: 279 bestvalit: 0.015875 bestmemit:   49.999999   -7.256419    1.000000    0.000001    0.000000
Iteration: 280 bestvalit: 0.015875 bestmemit:   49.999999   -7.256419    1.000000    0.000001    0.000000
Iteration: 281 bestvalit: 0.015875 bestmemit:   49.999999   -7.256419    1.000000    0.000001    0.000000
Iteration: 282 bestvalit: 0.015875 bestmemit:   49.999999   -7.256419    1.000000    0.000001    0.000000
Iteration: 283 bestvalit: 0.015875 bestmemit:   49.999999   -7.256419    1.000000    0.000001    0.000000
Iteration: 284 bestvalit: 0.015875 bestmemit:   50.000000   -7.255969    1.000000    0.000002    0.000000
Iteration: 285 bestvalit: 0.015875 bestmemit:   50.000000   -7.255969    1.000000    0.000002    0.000000
Iteration: 286 bestvalit: 0.015875 bestmemit:   50.000000   -7.255969    1.000000    0.000002    0.000000
Iteration: 287 bestvalit: 0.015875 bestmemit:   50.000000   -7.255969    1.000000    0.000002    0.000000
Iteration: 288 bestvalit: 0.015875 bestmemit:   49.999999   -7.256530    1.000000    0.000000    0.000000
Iteration: 289 bestvalit: 0.015875 bestmemit:   49.999999   -7.256530    1.000000    0.000000    0.000000
Iteration: 290 bestvalit: 0.015875 bestmemit:   49.999999   -7.256530    1.000000    0.000000    0.000000
Iteration: 291 bestvalit: 0.015875 bestmemit:   50.000000   -7.256116    1.000000    0.000000    0.000000
Iteration: 292 bestvalit: 0.015875 bestmemit:   50.000000   -7.256175    1.000000    0.000000    0.000000
Iteration: 293 bestvalit: 0.015875 bestmemit:   50.000000   -7.256175    1.000000    0.000000    0.000000
Iteration: 294 bestvalit: 0.015875 bestmemit:   50.000000   -7.256287    1.000000    0.000000    0.000000
Iteration: 295 bestvalit: 0.015875 bestmemit:   50.000000   -7.256287    1.000000    0.000000    0.000000
Iteration: 296 bestvalit: 0.015875 bestmemit:   50.000000   -7.256287    1.000000    0.000000    0.000000
Iteration: 297 bestvalit: 0.015875 bestmemit:   50.000000   -7.256287    1.000000    0.000000    0.000000
Iteration: 298 bestvalit: 0.015875 bestmemit:   50.000000   -7.256355    1.000000    0.000000    0.000000
Iteration: 299 bestvalit: 0.015875 bestmemit:   50.000000   -7.256355    1.000000    0.000000    0.000000
Iteration: 300 bestvalit: 0.015875 bestmemit:   50.000000   -7.256208    1.000000    0.000000    0.000000
Iteration: 301 bestvalit: 0.015875 bestmemit:   50.000000   -7.256208    1.000000    0.000000    0.000000
Iteration: 302 bestvalit: 0.015875 bestmemit:   50.000000   -7.256208    1.000000    0.000000    0.000000
Iteration: 303 bestvalit: 0.015875 bestmemit:   50.000000   -7.256208    1.000000    0.000000    0.000000
Iteration: 304 bestvalit: 0.015875 bestmemit:   50.000000   -7.256245    1.000000    0.000000    0.000000
Iteration: 305 bestvalit: 0.015875 bestmemit:   50.000000   -7.256245    1.000000    0.000000    0.000000
Iteration: 306 bestvalit: 0.015875 bestmemit:   50.000000   -7.256245    1.000000    0.000000    0.000000
Iteration: 307 bestvalit: 0.015875 bestmemit:   50.000000   -7.256245    1.000000    0.000000    0.000000
Iteration: 308 bestvalit: 0.015875 bestmemit:   50.000000   -7.256245    1.000000    0.000000    0.000000
Iteration: 309 bestvalit: 0.015875 bestmemit:   50.000000   -7.256245    1.000000    0.000000    0.000000
Iteration: 310 bestvalit: 0.015875 bestmemit:   50.000000   -7.256247    1.000000    0.000000    0.000000
Iteration: 311 bestvalit: 0.015875 bestmemit:   50.000000   -7.256247    1.000000    0.000000    0.000000
Iteration: 312 bestvalit: 0.015875 bestmemit:   50.000000   -7.256247    1.000000    0.000000    0.000000
Iteration: 313 bestvalit: 0.015875 bestmemit:   50.000000   -7.256218    1.000000    0.000000    0.000000
Iteration: 314 bestvalit: 0.015875 bestmemit:   50.000000   -7.256223    1.000000    0.000000    0.000000
Iteration: 315 bestvalit: 0.015875 bestmemit:   50.000000   -7.256247    1.000000    0.000000    0.000000
Iteration: 316 bestvalit: 0.015875 bestmemit:   50.000000   -7.256247    1.000000    0.000000    0.000000
Iteration: 317 bestvalit: 0.015875 bestmemit:   50.000000   -7.256247    1.000000    0.000000    0.000000
Iteration: 318 bestvalit: 0.015875 bestmemit:   50.000000   -7.256218    1.000000    0.000000    0.000000
Iteration: 319 bestvalit: 0.015875 bestmemit:   50.000000   -7.256219    1.000000    0.000000    0.000000
Iteration: 320 bestvalit: 0.015875 bestmemit:   50.000000   -7.256219    1.000000    0.000000    0.000000
Iteration: 321 bestvalit: 0.015875 bestmemit:   50.000000   -7.256219    1.000000    0.000000    0.000000
Iteration: 322 bestvalit: 0.015875 bestmemit:   50.000000   -7.256219    1.000000    0.000000    0.000000
Iteration: 323 bestvalit: 0.015875 bestmemit:   50.000000   -7.256219    1.000000    0.000000    0.000000
Iteration: 324 bestvalit: 0.015875 bestmemit:   50.000000   -7.256219    1.000000    0.000000    0.000000
Iteration: 325 bestvalit: 0.015875 bestmemit:   50.000000   -7.256219    1.000000    0.000000    0.000000
Iteration: 326 bestvalit: 0.015875 bestmemit:   50.000000   -7.256219    1.000000    0.000000    0.000000
Iteration: 327 bestvalit: 0.015875 bestmemit:   50.000000   -7.256219    1.000000    0.000000    0.000000

***** summary of DEoptim object ***** 
best member   :  50 -7.25622 1 0 0 
best value    :  0.01588 
after         :  327 generations 
fn evaluated  :  656 times 
*************************************
