SLURM_JOB_ID: 55403045
SLURM_JOB_USER: vsc34066
SLURM_JOB_ACCOUNT: lp_desenderlab
SLURM_JOB_NAME: par_recov_alternating_fb_sim_alpha_learn.slurm
SLURM_CLUSTER_NAME: genius
SLURM_JOB_PARTITION: batch
SLURM_ARRAY_JOB_ID: 55402977
SLURM_ARRAY_TASK_ID: 68
SLURM_NNODES: 1
SLURM_NODELIST: r23i27n10
SLURM_JOB_CPUS_PER_NODE: 8
Date: Sun Dec  3 23:43:59 CET 2023
Walltime: 01-06:00:00
========================================================================
Iteration: 1 bestvalit: 0.051118 bestmemit:   47.579096   57.745167    1.000000 1172.717137  117.084773
Iteration: 2 bestvalit: 0.051118 bestmemit:   47.579096   57.745167    1.000000 1172.717137  117.084773
Iteration: 3 bestvalit: 0.048557 bestmemit:   15.282486   -5.145661    1.000000 1166.430725  133.304514
Iteration: 4 bestvalit: 0.045526 bestmemit:   15.282486   -5.145661    1.000000  408.819367  133.304514
Iteration: 5 bestvalit: 0.041025 bestmemit:   24.287286   -0.275252    1.000000  853.647322  166.739899
Iteration: 6 bestvalit: 0.041025 bestmemit:   24.287286   -0.275252    1.000000  853.647322  166.739899
Iteration: 7 bestvalit: 0.039767 bestmemit:   10.664340   46.820996    1.000000  237.062405  300.006113
Iteration: 8 bestvalit: 0.023233 bestmemit:   25.493495   31.130850    1.000000   58.359264  139.308509
Iteration: 9 bestvalit: 0.023233 bestmemit:   25.493495   31.130850    1.000000   58.359264  139.308509
Iteration: 10 bestvalit: 0.023233 bestmemit:   25.493495   31.130850    1.000000   58.359264  139.308509
Iteration: 11 bestvalit: 0.023233 bestmemit:   25.493495   31.130850    1.000000   58.359264  139.308509
Iteration: 12 bestvalit: 0.023233 bestmemit:   25.493495   31.130850    1.000000   58.359264  139.308509
Iteration: 13 bestvalit: 0.023164 bestmemit:   25.493495   23.615160    1.000000   58.359264  139.308509
Iteration: 14 bestvalit: 0.023164 bestmemit:   25.493495   23.615160    1.000000   58.359264  139.308509
Iteration: 15 bestvalit: 0.023164 bestmemit:   25.493495   23.615160    1.000000   58.359264  139.308509
Iteration: 16 bestvalit: 0.023164 bestmemit:   25.493495   23.615160    1.000000   58.359264  139.308509
Iteration: 17 bestvalit: 0.023164 bestmemit:   25.493495   23.615160    1.000000   58.359264  139.308509
Iteration: 18 bestvalit: 0.023164 bestmemit:   25.493495   23.615160    1.000000   58.359264  139.308509
Iteration: 19 bestvalit: 0.023164 bestmemit:   25.493495   23.615160    1.000000   58.359264  139.308509
Iteration: 20 bestvalit: 0.019854 bestmemit:    9.527835  -24.031177    1.000000   25.412292   17.388510
Iteration: 21 bestvalit: 0.019854 bestmemit:    9.527835  -24.031177    1.000000   25.412292   17.388510
Iteration: 22 bestvalit: 0.019854 bestmemit:    9.527835  -24.031177    1.000000   25.412292   17.388510
Iteration: 23 bestvalit: 0.019854 bestmemit:    9.527835  -24.031177    1.000000   25.412292   17.388510
Iteration: 24 bestvalit: 0.017765 bestmemit:    9.527835   -4.555392    1.000000   25.412292   17.388510
Iteration: 25 bestvalit: 0.017765 bestmemit:    9.527835   -4.555392    1.000000   25.412292   17.388510
Iteration: 26 bestvalit: 0.016959 bestmemit:   16.688670   -4.555392    1.000000   25.412292   17.388510
Iteration: 27 bestvalit: 0.016959 bestmemit:   16.688670   -4.555392    1.000000   25.412292   17.388510
Iteration: 28 bestvalit: 0.016959 bestmemit:   16.688670   -4.555392    1.000000   25.412292   17.388510
Iteration: 29 bestvalit: 0.015766 bestmemit:   13.217257   10.759927    1.000000    7.532621   79.256864
Iteration: 30 bestvalit: 0.015766 bestmemit:   13.217257   10.759927    1.000000    7.532621   79.256864
Iteration: 31 bestvalit: 0.015766 bestmemit:   13.217257   10.759927    1.000000    7.532621   79.256864
Iteration: 32 bestvalit: 0.015385 bestmemit:   20.200066   29.026448    1.000000    1.359331  140.211674
Iteration: 33 bestvalit: 0.015385 bestmemit:   20.200066   29.026448    1.000000    1.359331  140.211674
Iteration: 34 bestvalit: 0.015350 bestmemit:   27.889099   11.314266    1.000000    6.636821  144.990657
Iteration: 35 bestvalit: 0.015350 bestmemit:   27.889099   11.314266    1.000000    6.636821  144.990657
Iteration: 36 bestvalit: 0.015031 bestmemit:   20.200066   29.026448    1.000000    2.353146  140.211674
Iteration: 37 bestvalit: 0.015031 bestmemit:   20.200066   29.026448    1.000000    2.353146  140.211674
Iteration: 38 bestvalit: 0.015031 bestmemit:   20.200066   29.026448    1.000000    2.353146  140.211674
Iteration: 39 bestvalit: 0.015031 bestmemit:   20.200066   29.026448    1.000000    2.353146  140.211674
Iteration: 40 bestvalit: 0.014872 bestmemit:   17.014681    5.451070    1.000000    2.687070  153.162008
Iteration: 41 bestvalit: 0.014872 bestmemit:   17.014681    5.451070    1.000000    2.687070  153.162008
Iteration: 42 bestvalit: 0.014872 bestmemit:   17.014681    5.451070    1.000000    2.687070  153.162008
Iteration: 43 bestvalit: 0.014872 bestmemit:   17.014681    5.451070    1.000000    2.687070  153.162008
Iteration: 44 bestvalit: 0.014872 bestmemit:   17.014681    5.451070    1.000000    2.687070  153.162008
Iteration: 45 bestvalit: 0.014435 bestmemit:   31.874741   -0.588027    1.000000    5.685087   77.171905
Iteration: 46 bestvalit: 0.013877 bestmemit:   34.720077   14.697170    1.000000   10.256011    9.817966
Iteration: 47 bestvalit: 0.013877 bestmemit:   34.720077   14.697170    1.000000   10.256011    9.817966
Iteration: 48 bestvalit: 0.012364 bestmemit:   28.820573   -4.744108    1.000000    6.462520   10.712720
Iteration: 49 bestvalit: 0.012296 bestmemit:   20.200066   -4.257249    1.000000    2.353146    7.348215
Iteration: 50 bestvalit: 0.012296 bestmemit:   20.200066   -4.257249    1.000000    2.353146    7.348215
Iteration: 51 bestvalit: 0.012296 bestmemit:   20.200066   -4.257249    1.000000    2.353146    7.348215
Iteration: 52 bestvalit: 0.012296 bestmemit:   20.200066   -4.257249    1.000000    2.353146    7.348215
Iteration: 53 bestvalit: 0.012296 bestmemit:   20.200066   -4.257249    1.000000    2.353146    7.348215
Iteration: 54 bestvalit: 0.011356 bestmemit:   16.210027    8.414190    1.000000    1.632922    2.823157
Iteration: 55 bestvalit: 0.011356 bestmemit:   16.210027    8.414190    1.000000    1.632922    2.823157
Iteration: 56 bestvalit: 0.011356 bestmemit:   16.210027    8.414190    1.000000    1.632922    2.823157
Iteration: 57 bestvalit: 0.011356 bestmemit:   16.210027    8.414190    1.000000    1.632922    2.823157
Iteration: 58 bestvalit: 0.011356 bestmemit:   16.210027    8.414190    1.000000    1.632922    2.823157
Iteration: 59 bestvalit: 0.011356 bestmemit:   16.210027    8.414190    1.000000    1.632922    2.823157
Iteration: 60 bestvalit: 0.011356 bestmemit:   16.210027    8.414190    1.000000    1.632922    2.823157
Iteration: 61 bestvalit: 0.011356 bestmemit:   16.210027    8.414190    1.000000    1.632922    2.823157
Iteration: 62 bestvalit: 0.010598 bestmemit:   13.632654    8.429214    1.000000    3.356864    1.477203
Iteration: 63 bestvalit: 0.010598 bestmemit:   13.632654    8.429214    1.000000    3.356864    1.477203
Iteration: 64 bestvalit: 0.010598 bestmemit:   13.632654    8.429214    1.000000    3.356864    1.477203
Iteration: 65 bestvalit: 0.010193 bestmemit:   17.690048   -0.214460    1.000000    4.127518    1.703967
Iteration: 66 bestvalit: 0.010143 bestmemit:   17.690048   -0.214460    1.000000    3.943038    1.703967
Iteration: 67 bestvalit: 0.010143 bestmemit:   17.690048   -0.214460    1.000000    3.943038    1.703967
Iteration: 68 bestvalit: 0.010143 bestmemit:   17.690048   -0.214460    1.000000    3.943038    1.703967
Iteration: 69 bestvalit: 0.009649 bestmemit:   39.744125   -6.073030    1.000000    7.172986    2.136311
Iteration: 70 bestvalit: 0.009649 bestmemit:   39.744125   -6.073030    1.000000    7.172986    2.136311
Iteration: 71 bestvalit: 0.009414 bestmemit:   33.625637   -8.550079    1.000000    7.251849    1.165478
Iteration: 72 bestvalit: 0.009414 bestmemit:   33.625637   -8.550079    1.000000    7.251849    1.165478
Iteration: 73 bestvalit: 0.008849 bestmemit:   25.432583   -0.780710    1.000000    3.943038    0.725947
Iteration: 74 bestvalit: 0.008777 bestmemit:   35.017909   -2.162529    1.000000    3.943038    0.725947
Iteration: 75 bestvalit: 0.008615 bestmemit:   31.342949   -2.162529    1.000000    3.943038    0.725947
Iteration: 76 bestvalit: 0.008615 bestmemit:   31.342949   -2.162529    1.000000    3.943038    0.725947
Iteration: 77 bestvalit: 0.008479 bestmemit:   29.084250    0.642966    1.000000    2.800478    0.202846
Iteration: 78 bestvalit: 0.008479 bestmemit:   29.084250    0.642966    1.000000    2.800478    0.202846
Iteration: 79 bestvalit: 0.008479 bestmemit:   29.084250    0.642966    1.000000    2.800478    0.202846
Iteration: 80 bestvalit: 0.008476 bestmemit:   42.970221  -17.111583    1.000000    4.729160    0.734590
Iteration: 81 bestvalit: 0.007924 bestmemit:   37.403209   -8.286364    1.000000    3.106287    0.321876
Iteration: 82 bestvalit: 0.007924 bestmemit:   37.403209   -8.286364    1.000000    3.106287    0.321876
Iteration: 83 bestvalit: 0.007924 bestmemit:   37.403209   -8.286364    1.000000    3.106287    0.321876
Iteration: 84 bestvalit: 0.007924 bestmemit:   37.403209   -8.286364    1.000000    3.106287    0.321876
Iteration: 85 bestvalit: 0.007924 bestmemit:   37.403209   -8.286364    1.000000    3.106287    0.321876
Iteration: 86 bestvalit: 0.007880 bestmemit:   35.574252   -6.010308    1.000000    1.621274    0.092836
Iteration: 87 bestvalit: 0.007880 bestmemit:   35.574252   -6.010308    1.000000    1.621274    0.092836
Iteration: 88 bestvalit: 0.007880 bestmemit:   35.574252   -6.010308    1.000000    1.621274    0.092836
Iteration: 89 bestvalit: 0.007880 bestmemit:   35.574252   -6.010308    1.000000    1.621274    0.092836
Iteration: 90 bestvalit: 0.007880 bestmemit:   35.574252   -6.010308    1.000000    1.621274    0.092836
Iteration: 91 bestvalit: 0.007872 bestmemit:   45.707817  -10.035642    1.000000    3.462033    0.284698
Iteration: 92 bestvalit: 0.007872 bestmemit:   45.707817  -10.035642    1.000000    3.462033    0.284698
Iteration: 93 bestvalit: 0.007826 bestmemit:   48.476838  -14.539206    1.000000    2.789431    0.121122
Iteration: 94 bestvalit: 0.007826 bestmemit:   48.476838  -14.539206    1.000000    2.789431    0.121122
Iteration: 95 bestvalit: 0.007826 bestmemit:   48.476838  -14.539206    1.000000    2.789431    0.121122
Iteration: 96 bestvalit: 0.007741 bestmemit:   49.947993  -11.913805    1.000000    3.279861    0.010691
Iteration: 97 bestvalit: 0.007741 bestmemit:   49.947993  -11.913805    1.000000    3.279861    0.010691
Iteration: 98 bestvalit: 0.007741 bestmemit:   49.947993  -11.913805    1.000000    3.279861    0.010691
Iteration: 99 bestvalit: 0.007741 bestmemit:   49.947993  -11.913805    1.000000    3.279861    0.010691
Iteration: 100 bestvalit: 0.007740 bestmemit:   49.947993  -11.881297    1.000000    3.279861    0.010691
Iteration: 101 bestvalit: 0.007740 bestmemit:   49.947993  -11.881297    1.000000    3.279861    0.010691
Iteration: 102 bestvalit: 0.007740 bestmemit:   49.947993  -11.881297    1.000000    3.279861    0.010691
Iteration: 103 bestvalit: 0.007740 bestmemit:   49.947993  -11.881297    1.000000    3.279861    0.010691
Iteration: 104 bestvalit: 0.007740 bestmemit:   49.947993  -11.881297    1.000000    3.279861    0.010691
Iteration: 105 bestvalit: 0.007740 bestmemit:   49.947993  -11.881297    1.000000    3.279861    0.010691
Iteration: 106 bestvalit: 0.007740 bestmemit:   49.947993  -11.881297    1.000000    3.279861    0.010691
Iteration: 107 bestvalit: 0.007740 bestmemit:   49.947993  -11.881297    1.000000    3.279861    0.010691
Iteration: 108 bestvalit: 0.007740 bestmemit:   49.947993  -11.881297    1.000000    3.279861    0.010691
Iteration: 109 bestvalit: 0.007740 bestmemit:   49.947993  -11.881297    1.000000    3.279861    0.010691
Iteration: 110 bestvalit: 0.007740 bestmemit:   49.947993  -11.881297    1.000000    3.279861    0.010691
Iteration: 111 bestvalit: 0.007740 bestmemit:   49.947993  -11.881297    1.000000    3.279861    0.010691
Iteration: 112 bestvalit: 0.007736 bestmemit:   49.391227  -11.421111    1.000000    3.012711    0.042290
Iteration: 113 bestvalit: 0.007736 bestmemit:   49.391227  -11.421111    1.000000    3.012711    0.042290
Iteration: 114 bestvalit: 0.007733 bestmemit:   48.584077  -12.349307    1.000000    2.402941    0.041736
Iteration: 115 bestvalit: 0.007731 bestmemit:   48.177324  -12.217840    1.000000    2.679659    0.061370
Iteration: 116 bestvalit: 0.007731 bestmemit:   48.177324  -12.217840    1.000000    2.679659    0.061370
Iteration: 117 bestvalit: 0.007731 bestmemit:   48.177324  -12.217840    1.000000    2.679659    0.061370
Iteration: 118 bestvalit: 0.007731 bestmemit:   48.177324  -12.217840    1.000000    2.679659    0.061370
Iteration: 119 bestvalit: 0.007731 bestmemit:   48.177324  -12.217840    1.000000    2.679659    0.061370
Iteration: 120 bestvalit: 0.007731 bestmemit:   48.177324  -12.217840    1.000000    2.679659    0.061370
Iteration: 121 bestvalit: 0.007731 bestmemit:   48.177324  -12.217840    1.000000    2.679659    0.061370
Iteration: 122 bestvalit: 0.007722 bestmemit:   45.707817  -10.989217    1.000000    2.440734    0.028725
Iteration: 123 bestvalit: 0.007722 bestmemit:   45.707817  -10.989217    1.000000    2.440734    0.028725
Iteration: 124 bestvalit: 0.007722 bestmemit:   45.707817  -10.989217    1.000000    2.440734    0.028725
Iteration: 125 bestvalit: 0.007722 bestmemit:   45.707817  -10.989217    1.000000    2.440734    0.028725
Iteration: 126 bestvalit: 0.007722 bestmemit:   45.707817  -10.989217    1.000000    2.440734    0.028725
Iteration: 127 bestvalit: 0.007722 bestmemit:   45.707817  -10.989217    1.000000    2.440734    0.028725
Iteration: 128 bestvalit: 0.007722 bestmemit:   45.707817  -10.989217    1.000000    2.440734    0.028725
Iteration: 129 bestvalit: 0.007718 bestmemit:   47.755188  -11.513073    1.000000    2.649849    0.007634
Iteration: 130 bestvalit: 0.007718 bestmemit:   47.755188  -11.513073    1.000000    2.649849    0.007634
Iteration: 131 bestvalit: 0.007718 bestmemit:   47.755188  -11.513073    1.000000    2.649849    0.007634
Iteration: 132 bestvalit: 0.007718 bestmemit:   47.755188  -11.513073    1.000000    2.649849    0.007634
Iteration: 133 bestvalit: 0.007718 bestmemit:   47.755188  -11.513073    1.000000    2.649849    0.007634
Iteration: 134 bestvalit: 0.007716 bestmemit:   45.810264  -10.514933    1.000000    2.528890    0.000924
Iteration: 135 bestvalit: 0.007716 bestmemit:   45.810264  -10.514933    1.000000    2.528890    0.000924
Iteration: 136 bestvalit: 0.007716 bestmemit:   45.810264  -10.514933    1.000000    2.528890    0.000924
Iteration: 137 bestvalit: 0.007716 bestmemit:   45.810264  -10.514933    1.000000    2.528890    0.000924
Iteration: 138 bestvalit: 0.007716 bestmemit:   45.810264  -10.514933    1.000000    2.528890    0.000924
Iteration: 139 bestvalit: 0.007716 bestmemit:   45.810264  -10.514933    1.000000    2.528890    0.000924
Iteration: 140 bestvalit: 0.007716 bestmemit:   45.810264  -10.514933    1.000000    2.528890    0.000924
Iteration: 141 bestvalit: 0.007716 bestmemit:   45.810264  -10.514933    1.000000    2.528890    0.000924
Iteration: 142 bestvalit: 0.007716 bestmemit:   45.810264  -10.514933    1.000000    2.528890    0.000924
Iteration: 143 bestvalit: 0.007716 bestmemit:   45.810264  -10.514933    1.000000    2.528890    0.000924
Iteration: 144 bestvalit: 0.007716 bestmemit:   45.810264  -10.514933    1.000000    2.528890    0.000924
Iteration: 145 bestvalit: 0.007715 bestmemit:   45.810264  -10.514933    1.000000    2.435721    0.000924
Iteration: 146 bestvalit: 0.007715 bestmemit:   45.810264  -10.514933    1.000000    2.435721    0.000924
Iteration: 147 bestvalit: 0.007715 bestmemit:   45.810264  -10.514933    1.000000    2.435721    0.000924
Iteration: 148 bestvalit: 0.007715 bestmemit:   45.810264  -10.514933    1.000000    2.435721    0.000924
Iteration: 149 bestvalit: 0.007715 bestmemit:   45.657988  -10.514933    1.000000    2.435721    0.000924
Iteration: 150 bestvalit: 0.007715 bestmemit:   45.657988  -10.514933    1.000000    2.435721    0.000924
Iteration: 151 bestvalit: 0.007715 bestmemit:   45.657988  -10.514933    1.000000    2.435721    0.000924
Iteration: 152 bestvalit: 0.007715 bestmemit:   45.657988  -10.514933    1.000000    2.435721    0.000924
Iteration: 153 bestvalit: 0.007715 bestmemit:   45.657988  -10.514933    1.000000    2.435721    0.000924
Iteration: 154 bestvalit: 0.007715 bestmemit:   45.945085  -10.746581    1.000000    2.352296    0.000765
Iteration: 155 bestvalit: 0.007715 bestmemit:   45.945085  -10.746581    1.000000    2.352296    0.000765
Iteration: 156 bestvalit: 0.007715 bestmemit:   45.945085  -10.746581    1.000000    2.352296    0.000765
Iteration: 157 bestvalit: 0.007715 bestmemit:   45.945085  -10.746581    1.000000    2.352296    0.000765
Iteration: 158 bestvalit: 0.007715 bestmemit:   45.945085  -10.746581    1.000000    2.352296    0.000765
Iteration: 159 bestvalit: 0.007715 bestmemit:   45.945085  -10.746581    1.000000    2.352296    0.000765
Iteration: 160 bestvalit: 0.007715 bestmemit:   45.945085  -10.746581    1.000000    2.352296    0.000765
Iteration: 161 bestvalit: 0.007715 bestmemit:   45.945085  -10.746581    1.000000    2.352296    0.000765
Iteration: 162 bestvalit: 0.007715 bestmemit:   45.945085  -10.746581    1.000000    2.352296    0.000765
Iteration: 163 bestvalit: 0.007715 bestmemit:   45.945085  -10.746581    1.000000    2.352296    0.000765
Iteration: 164 bestvalit: 0.007714 bestmemit:   45.657988  -10.604612    1.000000    2.376039    0.000924
Iteration: 165 bestvalit: 0.007714 bestmemit:   45.657988  -10.604612    1.000000    2.376039    0.000924
Iteration: 166 bestvalit: 0.007714 bestmemit:   45.766747  -10.681364    1.000000    2.384178    0.000472
Iteration: 167 bestvalit: 0.007714 bestmemit:   45.766747  -10.681364    1.000000    2.384178    0.000472
Iteration: 168 bestvalit: 0.007714 bestmemit:   45.766747  -10.681364    1.000000    2.384178    0.000472
Iteration: 169 bestvalit: 0.007714 bestmemit:   45.766747  -10.681364    1.000000    2.384178    0.000472
Iteration: 170 bestvalit: 0.007714 bestmemit:   45.766747  -10.681364    1.000000    2.384178    0.000472
Iteration: 171 bestvalit: 0.007714 bestmemit:   45.766747  -10.681364    1.000000    2.384178    0.000472
Iteration: 172 bestvalit: 0.007714 bestmemit:   45.766747  -10.681364    1.000000    2.384178    0.000472
Iteration: 173 bestvalit: 0.007714 bestmemit:   45.766747  -10.681364    1.000000    2.384178    0.000472
Iteration: 174 bestvalit: 0.007714 bestmemit:   45.766747  -10.681364    1.000000    2.384178    0.000472
Iteration: 175 bestvalit: 0.007714 bestmemit:   45.766747  -10.681364    1.000000    2.384178    0.000472
Iteration: 176 bestvalit: 0.007714 bestmemit:   45.766747  -10.681364    1.000000    2.384178    0.000472
Iteration: 177 bestvalit: 0.007714 bestmemit:   45.766747  -10.681364    1.000000    2.384178    0.000472
Iteration: 178 bestvalit: 0.007714 bestmemit:   45.766747  -10.681364    1.000000    2.384178    0.000472
Iteration: 179 bestvalit: 0.007714 bestmemit:   45.766747  -10.681364    1.000000    2.384178    0.000472
Iteration: 180 bestvalit: 0.007714 bestmemit:   45.414829  -10.563770    1.000000    2.342021    0.000219
Iteration: 181 bestvalit: 0.007714 bestmemit:   45.414829  -10.563770    1.000000    2.342021    0.000219
Iteration: 182 bestvalit: 0.007714 bestmemit:   45.414829  -10.563770    1.000000    2.342021    0.000219
Iteration: 183 bestvalit: 0.007714 bestmemit:   45.414829  -10.563770    1.000000    2.342021    0.000219
Iteration: 184 bestvalit: 0.007714 bestmemit:   45.414829  -10.563770    1.000000    2.342021    0.000219
Iteration: 185 bestvalit: 0.007714 bestmemit:   45.414829  -10.563770    1.000000    2.342021    0.000219
Iteration: 186 bestvalit: 0.007714 bestmemit:   45.414829  -10.563770    1.000000    2.342021    0.000219
Iteration: 187 bestvalit: 0.007714 bestmemit:   45.414829  -10.563770    1.000000    2.342021    0.000219
Iteration: 188 bestvalit: 0.007714 bestmemit:   45.752075  -10.809501    1.000000    2.301685    0.000017
Iteration: 189 bestvalit: 0.007714 bestmemit:   45.752075  -10.809501    1.000000    2.301685    0.000017
Iteration: 190 bestvalit: 0.007714 bestmemit:   45.752075  -10.809501    1.000000    2.301685    0.000017
Iteration: 191 bestvalit: 0.007714 bestmemit:   45.752075  -10.809501    1.000000    2.301685    0.000017
Iteration: 192 bestvalit: 0.007714 bestmemit:   45.752075  -10.809501    1.000000    2.301685    0.000017
Iteration: 193 bestvalit: 0.007714 bestmemit:   45.752075  -10.809501    1.000000    2.301685    0.000017
Iteration: 194 bestvalit: 0.007714 bestmemit:   45.752075  -10.809501    1.000000    2.301685    0.000017
Iteration: 195 bestvalit: 0.007714 bestmemit:   45.752075  -10.809501    1.000000    2.301685    0.000017
Iteration: 196 bestvalit: 0.007714 bestmemit:   45.752075  -10.809501    1.000000    2.301685    0.000017
Iteration: 197 bestvalit: 0.007714 bestmemit:   45.752075  -10.809501    1.000000    2.301685    0.000017
Iteration: 198 bestvalit: 0.007714 bestmemit:   45.752075  -10.809501    1.000000    2.301685    0.000017
Iteration: 199 bestvalit: 0.007714 bestmemit:   45.752075  -10.809501    1.000000    2.301685    0.000017
Iteration: 200 bestvalit: 0.007714 bestmemit:   45.752075  -10.809501    1.000000    2.301685    0.000017
Iteration: 201 bestvalit: 0.007714 bestmemit:   45.752075  -10.809501    1.000000    2.301685    0.000017
Iteration: 202 bestvalit: 0.007714 bestmemit:   45.752075  -10.809501    1.000000    2.301685    0.000017
Iteration: 203 bestvalit: 0.007714 bestmemit:   45.579434  -10.675539    1.000000    2.331725    0.000192
Iteration: 204 bestvalit: 0.007714 bestmemit:   45.579434  -10.675539    1.000000    2.331725    0.000192
Iteration: 205 bestvalit: 0.007714 bestmemit:   45.579434  -10.675539    1.000000    2.331725    0.000192
Iteration: 206 bestvalit: 0.007714 bestmemit:   45.579434  -10.675539    1.000000    2.331725    0.000192
Iteration: 207 bestvalit: 0.007714 bestmemit:   45.579434  -10.675539    1.000000    2.331725    0.000192
Iteration: 208 bestvalit: 0.007714 bestmemit:   45.579434  -10.675539    1.000000    2.331725    0.000192
Iteration: 209 bestvalit: 0.007714 bestmemit:   45.579434  -10.675539    1.000000    2.331725    0.000192
Iteration: 210 bestvalit: 0.007714 bestmemit:   45.750027  -10.795987    1.000000    2.308030    0.000025
Iteration: 211 bestvalit: 0.007714 bestmemit:   45.750027  -10.795987    1.000000    2.308030    0.000025
Iteration: 212 bestvalit: 0.007714 bestmemit:   45.750027  -10.795987    1.000000    2.308030    0.000025
Iteration: 213 bestvalit: 0.007714 bestmemit:   45.750027  -10.795987    1.000000    2.308030    0.000025
Iteration: 214 bestvalit: 0.007714 bestmemit:   45.750027  -10.795987    1.000000    2.308030    0.000025
Iteration: 215 bestvalit: 0.007714 bestmemit:   45.971502  -10.857921    1.000000    2.344698    0.000036
Iteration: 216 bestvalit: 0.007714 bestmemit:   45.614535  -10.675539    1.000000    2.331725    0.000140
Iteration: 217 bestvalit: 0.007714 bestmemit:   45.614535  -10.675539    1.000000    2.331725    0.000140
Iteration: 218 bestvalit: 0.007714 bestmemit:   45.614535  -10.675539    1.000000    2.331725    0.000140
Iteration: 219 bestvalit: 0.007714 bestmemit:   45.614535  -10.675539    1.000000    2.331725    0.000140
Iteration: 220 bestvalit: 0.007714 bestmemit:   45.530655  -10.677005    1.000000    2.311115    0.000042
Iteration: 221 bestvalit: 0.007714 bestmemit:   45.614535  -10.675539    1.000000    2.331725    0.000022
Iteration: 222 bestvalit: 0.007714 bestmemit:   45.614535  -10.675539    1.000000    2.331725    0.000022
Iteration: 223 bestvalit: 0.007714 bestmemit:   45.614535  -10.675539    1.000000    2.331725    0.000022
Iteration: 224 bestvalit: 0.007714 bestmemit:   45.768788  -10.761415    1.000000    2.337698    0.000003
Iteration: 225 bestvalit: 0.007714 bestmemit:   45.768788  -10.761415    1.000000    2.337698    0.000003
Iteration: 226 bestvalit: 0.007714 bestmemit:   45.768788  -10.761415    1.000000    2.337698    0.000003
Iteration: 227 bestvalit: 0.007714 bestmemit:   45.768788  -10.761415    1.000000    2.337698    0.000003
Iteration: 228 bestvalit: 0.007714 bestmemit:   45.768788  -10.761415    1.000000    2.337698    0.000003
Iteration: 229 bestvalit: 0.007714 bestmemit:   45.768788  -10.761415    1.000000    2.337698    0.000003
Iteration: 230 bestvalit: 0.007714 bestmemit:   45.768788  -10.761415    1.000000    2.337698    0.000003
Iteration: 231 bestvalit: 0.007714 bestmemit:   45.768788  -10.761415    1.000000    2.337698    0.000003
Iteration: 232 bestvalit: 0.007714 bestmemit:   45.768788  -10.761415    1.000000    2.337698    0.000003
Iteration: 233 bestvalit: 0.007714 bestmemit:   45.712900  -10.721850    1.000000    2.339253    0.000006
Iteration: 234 bestvalit: 0.007714 bestmemit:   45.712900  -10.721850    1.000000    2.339253    0.000006
Iteration: 235 bestvalit: 0.007714 bestmemit:   45.712900  -10.721850    1.000000    2.339253    0.000006
Iteration: 236 bestvalit: 0.007714 bestmemit:   45.712900  -10.721850    1.000000    2.339253    0.000006
Iteration: 237 bestvalit: 0.007714 bestmemit:   45.712900  -10.721850    1.000000    2.339253    0.000006
Iteration: 238 bestvalit: 0.007714 bestmemit:   45.712900  -10.721850    1.000000    2.339253    0.000006
Iteration: 239 bestvalit: 0.007714 bestmemit:   45.712900  -10.721850    1.000000    2.339253    0.000006
Iteration: 240 bestvalit: 0.007714 bestmemit:   45.712900  -10.721850    1.000000    2.339253    0.000006
Iteration: 241 bestvalit: 0.007714 bestmemit:   45.712900  -10.721850    1.000000    2.339253    0.000006
Iteration: 242 bestvalit: 0.007714 bestmemit:   45.712900  -10.721850    1.000000    2.339253    0.000006
Iteration: 243 bestvalit: 0.007714 bestmemit:   45.712900  -10.721850    1.000000    2.339253    0.000006
Iteration: 244 bestvalit: 0.007714 bestmemit:   45.712900  -10.721850    1.000000    2.339253    0.000006
Iteration: 245 bestvalit: 0.007714 bestmemit:   45.712900  -10.721850    1.000000    2.339253    0.000006
Iteration: 246 bestvalit: 0.007714 bestmemit:   45.712900  -10.721850    1.000000    2.339253    0.000006
Iteration: 247 bestvalit: 0.007714 bestmemit:   45.712900  -10.721850    1.000000    2.339253    0.000006
Iteration: 248 bestvalit: 0.007714 bestmemit:   45.712900  -10.721850    1.000000    2.339253    0.000006
Iteration: 249 bestvalit: 0.007714 bestmemit:   45.712900  -10.721850    1.000000    2.339253    0.000006
Iteration: 250 bestvalit: 0.007714 bestmemit:   45.712900  -10.721850    1.000000    2.339253    0.000006
Iteration: 251 bestvalit: 0.007714 bestmemit:   45.712900  -10.721850    1.000000    2.339253    0.000006
Iteration: 252 bestvalit: 0.007714 bestmemit:   45.651889  -10.715576    1.000000    2.321878    0.000005
Iteration: 253 bestvalit: 0.007714 bestmemit:   45.651889  -10.715576    1.000000    2.321878    0.000005
Iteration: 254 bestvalit: 0.007714 bestmemit:   45.651889  -10.715576    1.000000    2.321878    0.000005
Iteration: 255 bestvalit: 0.007714 bestmemit:   45.651889  -10.715576    1.000000    2.321878    0.000005
Iteration: 256 bestvalit: 0.007714 bestmemit:   45.651889  -10.715576    1.000000    2.321878    0.000005
Iteration: 257 bestvalit: 0.007714 bestmemit:   45.651889  -10.715576    1.000000    2.321878    0.000005
Iteration: 258 bestvalit: 0.007714 bestmemit:   45.651889  -10.715576    1.000000    2.321878    0.000005
Iteration: 259 bestvalit: 0.007714 bestmemit:   45.651889  -10.715576    1.000000    2.321878    0.000005
Iteration: 260 bestvalit: 0.007714 bestmemit:   45.651889  -10.715576    1.000000    2.321878    0.000005
Iteration: 261 bestvalit: 0.007714 bestmemit:   45.651889  -10.715576    1.000000    2.321878    0.000005
Iteration: 262 bestvalit: 0.007714 bestmemit:   45.651889  -10.715576    1.000000    2.321878    0.000005
Iteration: 263 bestvalit: 0.007714 bestmemit:   45.651889  -10.715576    1.000000    2.321878    0.000005
Iteration: 264 bestvalit: 0.007714 bestmemit:   45.651889  -10.715576    1.000000    2.321878    0.000003
Iteration: 265 bestvalit: 0.007714 bestmemit:   45.651889  -10.715576    1.000000    2.321878    0.000003
Iteration: 266 bestvalit: 0.007714 bestmemit:   45.651889  -10.715576    1.000000    2.321878    0.000003
Iteration: 267 bestvalit: 0.007714 bestmemit:   45.651889  -10.715576    1.000000    2.321878    0.000003
Iteration: 268 bestvalit: 0.007714 bestmemit:   45.651889  -10.715576    1.000000    2.321878    0.000003
Iteration: 269 bestvalit: 0.007714 bestmemit:   45.651889  -10.715576    1.000000    2.321878    0.000003
Iteration: 270 bestvalit: 0.007714 bestmemit:   45.651889  -10.715576    1.000000    2.321878    0.000003
Iteration: 271 bestvalit: 0.007714 bestmemit:   45.651889  -10.715576    1.000000    2.321878    0.000003
Iteration: 272 bestvalit: 0.007714 bestmemit:   45.690693  -10.723619    1.000000    2.329468    0.000010
Iteration: 273 bestvalit: 0.007714 bestmemit:   45.690693  -10.723619    1.000000    2.329468    0.000010
Iteration: 274 bestvalit: 0.007714 bestmemit:   45.690693  -10.723619    1.000000    2.329468    0.000003
Iteration: 275 bestvalit: 0.007714 bestmemit:   45.690693  -10.723619    1.000000    2.329468    0.000003
Iteration: 276 bestvalit: 0.007714 bestmemit:   45.690693  -10.723619    1.000000    2.329468    0.000003
Iteration: 277 bestvalit: 0.007714 bestmemit:   45.695846  -10.722784    1.000000    2.331925    0.000001
Iteration: 278 bestvalit: 0.007714 bestmemit:   45.695846  -10.722784    1.000000    2.331925    0.000001
Iteration: 279 bestvalit: 0.007714 bestmemit:   45.695846  -10.722784    1.000000    2.331925    0.000001
Iteration: 280 bestvalit: 0.007714 bestmemit:   45.695846  -10.722784    1.000000    2.331925    0.000001
Iteration: 281 bestvalit: 0.007714 bestmemit:   45.695846  -10.722784    1.000000    2.331925    0.000001
Iteration: 282 bestvalit: 0.007714 bestmemit:   45.695846  -10.722784    1.000000    2.331925    0.000001
Iteration: 283 bestvalit: 0.007714 bestmemit:   45.695846  -10.722784    1.000000    2.331925    0.000001
Iteration: 284 bestvalit: 0.007714 bestmemit:   45.695846  -10.722784    1.000000    2.331925    0.000001
Iteration: 285 bestvalit: 0.007714 bestmemit:   45.695846  -10.722784    1.000000    2.331925    0.000001
Iteration: 286 bestvalit: 0.007714 bestmemit:   45.695846  -10.722784    1.000000    2.331925    0.000001
Iteration: 287 bestvalit: 0.007714 bestmemit:   45.695846  -10.722784    1.000000    2.331925    0.000001
Iteration: 288 bestvalit: 0.007714 bestmemit:   45.695846  -10.722784    1.000000    2.331925    0.000001
Iteration: 289 bestvalit: 0.007714 bestmemit:   45.695846  -10.722784    1.000000    2.331925    0.000001
Iteration: 290 bestvalit: 0.007714 bestmemit:   45.695846  -10.723879    1.000000    2.331925    0.000001
Iteration: 291 bestvalit: 0.007714 bestmemit:   45.695846  -10.723879    1.000000    2.331925    0.000001
Iteration: 292 bestvalit: 0.007714 bestmemit:   45.695846  -10.723879    1.000000    2.331925    0.000001
Iteration: 293 bestvalit: 0.007714 bestmemit:   45.695846  -10.723879    1.000000    2.331925    0.000001
Iteration: 294 bestvalit: 0.007714 bestmemit:   45.695846  -10.723879    1.000000    2.331925    0.000001
Iteration: 295 bestvalit: 0.007714 bestmemit:   45.695846  -10.723879    1.000000    2.331925    0.000001
Iteration: 296 bestvalit: 0.007714 bestmemit:   45.695846  -10.723879    1.000000    2.331925    0.000001
Iteration: 297 bestvalit: 0.007714 bestmemit:   45.695846  -10.723879    1.000000    2.331925    0.000001
Iteration: 298 bestvalit: 0.007714 bestmemit:   45.695846  -10.723879    1.000000    2.331925    0.000001
Iteration: 299 bestvalit: 0.007714 bestmemit:   45.695846  -10.723879    1.000000    2.331925    0.000001
Iteration: 300 bestvalit: 0.007714 bestmemit:   45.665767  -10.713613    1.000000    2.328537    0.000001
Iteration: 301 bestvalit: 0.007714 bestmemit:   45.665767  -10.713613    1.000000    2.328537    0.000001
Iteration: 302 bestvalit: 0.007714 bestmemit:   45.665767  -10.713613    1.000000    2.328537    0.000001
Iteration: 303 bestvalit: 0.007714 bestmemit:   45.665767  -10.713613    1.000000    2.328537    0.000001
Iteration: 304 bestvalit: 0.007714 bestmemit:   45.665767  -10.713613    1.000000    2.328537    0.000001
Iteration: 305 bestvalit: 0.007714 bestmemit:   45.675731  -10.718128    1.000000    2.330330    0.000000
Iteration: 306 bestvalit: 0.007714 bestmemit:   45.660517  -10.712501    1.000000    2.327398    0.000000
Iteration: 307 bestvalit: 0.007714 bestmemit:   45.660517  -10.712501    1.000000    2.327398    0.000000
Iteration: 308 bestvalit: 0.007714 bestmemit:   45.660517  -10.712501    1.000000    2.327398    0.000000
Iteration: 309 bestvalit: 0.007714 bestmemit:   45.660517  -10.712501    1.000000    2.327398    0.000000
Iteration: 310 bestvalit: 0.007714 bestmemit:   45.660517  -10.712501    1.000000    2.327398    0.000000
Iteration: 311 bestvalit: 0.007714 bestmemit:   45.660517  -10.712501    1.000000    2.327398    0.000000
Iteration: 312 bestvalit: 0.007714 bestmemit:   45.660517  -10.712501    1.000000    2.327398    0.000000
Iteration: 313 bestvalit: 0.007714 bestmemit:   45.660517  -10.712501    1.000000    2.327398    0.000000
Iteration: 314 bestvalit: 0.007714 bestmemit:   45.660517  -10.712501    1.000000    2.327398    0.000000
Iteration: 315 bestvalit: 0.007714 bestmemit:   45.660517  -10.712501    1.000000    2.327398    0.000000
Iteration: 316 bestvalit: 0.007714 bestmemit:   45.679338  -10.718530    1.000000    2.329446    0.000000
Iteration: 317 bestvalit: 0.007714 bestmemit:   45.678232  -10.717467    1.000000    2.329929    0.000000
Iteration: 318 bestvalit: 0.007714 bestmemit:   45.678232  -10.717467    1.000000    2.329929    0.000000
Iteration: 319 bestvalit: 0.007714 bestmemit:   45.678232  -10.717467    1.000000    2.329929    0.000000
Iteration: 320 bestvalit: 0.007714 bestmemit:   45.678232  -10.717467    1.000000    2.329929    0.000000
Iteration: 321 bestvalit: 0.007714 bestmemit:   45.685883  -10.722626    1.000000    2.329602    0.000000
Iteration: 322 bestvalit: 0.007714 bestmemit:   45.685883  -10.722626    1.000000    2.329602    0.000000
Iteration: 323 bestvalit: 0.007714 bestmemit:   45.685883  -10.722626    1.000000    2.329602    0.000000
Iteration: 324 bestvalit: 0.007714 bestmemit:   45.679338  -10.718530    1.000000    2.329446    0.000000
Iteration: 325 bestvalit: 0.007714 bestmemit:   45.679338  -10.718530    1.000000    2.329446    0.000000
Iteration: 326 bestvalit: 0.007714 bestmemit:   45.679338  -10.718530    1.000000    2.329446    0.000000
Iteration: 327 bestvalit: 0.007714 bestmemit:   45.679338  -10.718530    1.000000    2.329446    0.000000
Iteration: 328 bestvalit: 0.007714 bestmemit:   45.679338  -10.718530    1.000000    2.329446    0.000000
Iteration: 329 bestvalit: 0.007714 bestmemit:   45.680649  -10.720413    1.000000    2.329566    0.000000
Iteration: 330 bestvalit: 0.007714 bestmemit:   45.680649  -10.720413    1.000000    2.329566    0.000000
Iteration: 331 bestvalit: 0.007714 bestmemit:   45.680649  -10.720413    1.000000    2.329566    0.000000
Iteration: 332 bestvalit: 0.007714 bestmemit:   45.680649  -10.720413    1.000000    2.329566    0.000000
Iteration: 333 bestvalit: 0.007714 bestmemit:   45.680649  -10.720413    1.000000    2.329566    0.000000
Iteration: 334 bestvalit: 0.007714 bestmemit:   45.680649  -10.720413    1.000000    2.329566    0.000000
Iteration: 335 bestvalit: 0.007714 bestmemit:   45.680649  -10.720413    1.000000    2.329566    0.000000
Iteration: 336 bestvalit: 0.007714 bestmemit:   45.680649  -10.720413    1.000000    2.329566    0.000000
Iteration: 337 bestvalit: 0.007714 bestmemit:   45.680649  -10.720413    1.000000    2.329566    0.000000
Iteration: 338 bestvalit: 0.007714 bestmemit:   45.680649  -10.720413    1.000000    2.329566    0.000000
Iteration: 339 bestvalit: 0.007714 bestmemit:   45.680649  -10.720413    1.000000    2.329566    0.000000
Iteration: 340 bestvalit: 0.007714 bestmemit:   45.680649  -10.720413    1.000000    2.329566    0.000000
Iteration: 341 bestvalit: 0.007714 bestmemit:   45.680649  -10.720413    1.000000    2.329566    0.000000
Iteration: 342 bestvalit: 0.007714 bestmemit:   45.680649  -10.720413    1.000000    2.329566    0.000000
Iteration: 343 bestvalit: 0.007714 bestmemit:   45.681955  -10.720607    1.000000    2.329520    0.000000
Iteration: 344 bestvalit: 0.007714 bestmemit:   45.681955  -10.720607    1.000000    2.329520    0.000000
Iteration: 345 bestvalit: 0.007714 bestmemit:   45.681955  -10.720607    1.000000    2.329520    0.000000
Iteration: 346 bestvalit: 0.007714 bestmemit:   45.681955  -10.720607    1.000000    2.329520    0.000000
Iteration: 347 bestvalit: 0.007714 bestmemit:   45.681955  -10.720607    1.000000    2.329520    0.000000
Iteration: 348 bestvalit: 0.007714 bestmemit:   45.681955  -10.720607    1.000000    2.329520    0.000000

***** summary of DEoptim object ***** 
best member   :  45.68196 -10.72061 1 2.32952 0 
best value    :  0.00771 
after         :  348 generations 
fn evaluated  :  698 times 
*************************************
