SLURM_JOB_ID: 55403031
SLURM_JOB_USER: vsc34066
SLURM_JOB_ACCOUNT: lp_desenderlab
SLURM_JOB_NAME: par_recov_alternating_fb_sim_alpha_learn.slurm
SLURM_CLUSTER_NAME: genius
SLURM_JOB_PARTITION: batch
SLURM_ARRAY_JOB_ID: 55402977
SLURM_ARRAY_TASK_ID: 54
SLURM_NNODES: 2
SLURM_NODELIST: r23i27n[03,05]
SLURM_JOB_CPUS_PER_NODE: 4(x2)
Date: Sun Dec  3 23:44:00 CET 2023
Walltime: 01-06:00:00
========================================================================
Iteration: 1 bestvalit: 0.081959 bestmemit:   26.042942  -38.502204    1.000000  810.267807  165.311105
Iteration: 2 bestvalit: 0.081959 bestmemit:   26.042942  -38.502204    1.000000  810.267807  165.311105
Iteration: 3 bestvalit: 0.081959 bestmemit:   26.042942  -38.502204    1.000000  810.267807  165.311105
Iteration: 4 bestvalit: 0.079381 bestmemit:   36.331425   -6.720336    1.000000  161.782815  988.489627
Iteration: 5 bestvalit: 0.079381 bestmemit:   36.331425   -6.720336    1.000000  161.782815  988.489627
Iteration: 6 bestvalit: 0.079381 bestmemit:   36.331425   -6.720336    1.000000  161.782815  988.489627
Iteration: 7 bestvalit: 0.067298 bestmemit:   34.625551   76.860365    1.000000  359.328431  288.133009
Iteration: 8 bestvalit: 0.054824 bestmemit:   28.259165    0.057074    1.000000  130.323115  161.835103
Iteration: 9 bestvalit: 0.054824 bestmemit:   28.259165    0.057074    1.000000  130.323115  161.835103
Iteration: 10 bestvalit: 0.054824 bestmemit:   28.259165    0.057074    1.000000  130.323115  161.835103
Iteration: 11 bestvalit: 0.054822 bestmemit:   25.410938    0.057074    1.000000  130.323115  161.835103
Iteration: 12 bestvalit: 0.054822 bestmemit:   25.410938    0.057074    1.000000  130.323115  161.835103
Iteration: 13 bestvalit: 0.054822 bestmemit:   25.410938    0.057074    1.000000  130.323115  161.835103
Iteration: 14 bestvalit: 0.054822 bestmemit:   25.410938    0.057074    1.000000  130.323115  161.835103
Iteration: 15 bestvalit: 0.054822 bestmemit:   25.410938    0.057074    1.000000  130.323115  161.835103
Iteration: 16 bestvalit: 0.054822 bestmemit:   25.410938    0.057074    1.000000  130.323115  161.835103
Iteration: 17 bestvalit: 0.054822 bestmemit:   25.410938    0.057074    1.000000  130.323115  161.835103
Iteration: 18 bestvalit: 0.054803 bestmemit:   13.669800    0.057074    1.000000  130.323115  161.835103
Iteration: 19 bestvalit: 0.054803 bestmemit:   13.669800    0.057074    1.000000  130.323115  161.835103
Iteration: 20 bestvalit: 0.054803 bestmemit:   13.669800    0.057074    1.000000  130.323115  161.835103
Iteration: 21 bestvalit: 0.054083 bestmemit:   38.611369   -6.055585    1.000000   64.635737  333.290411
Iteration: 22 bestvalit: 0.054083 bestmemit:   38.611369   -6.055585    1.000000   64.635737  333.290411
Iteration: 23 bestvalit: 0.054083 bestmemit:   38.611369   -6.055585    1.000000   64.635737  333.290411
Iteration: 24 bestvalit: 0.054083 bestmemit:   38.611369   -6.055585    1.000000   64.635737  333.290411
Iteration: 25 bestvalit: 0.054083 bestmemit:   38.611369   -6.055585    1.000000   64.635737  333.290411
Iteration: 26 bestvalit: 0.040806 bestmemit:   38.611369   -6.055585    1.000000    7.462545  333.290411
Iteration: 27 bestvalit: 0.040195 bestmemit:   44.379049   -6.055585    1.000000    7.462545  333.290411
Iteration: 28 bestvalit: 0.040195 bestmemit:   44.379049   -6.055585    1.000000    7.462545  333.290411
Iteration: 29 bestvalit: 0.040195 bestmemit:   44.379049   -6.055585    1.000000    7.462545  333.290411
Iteration: 30 bestvalit: 0.040195 bestmemit:   44.379049   -6.055585    1.000000    7.462545  333.290411
Iteration: 31 bestvalit: 0.040195 bestmemit:   44.379049   -6.055585    1.000000    7.462545  333.290411
Iteration: 32 bestvalit: 0.040195 bestmemit:   44.379049   -6.055585    1.000000    7.462545  333.290411
Iteration: 33 bestvalit: 0.040195 bestmemit:   44.379049   -6.055585    1.000000    7.462545  333.290411
Iteration: 34 bestvalit: 0.038182 bestmemit:   48.805087  -87.218003    1.000000    9.031735   95.051986
Iteration: 35 bestvalit: 0.038182 bestmemit:   48.805087  -87.218003    1.000000    9.031735   95.051986
Iteration: 36 bestvalit: 0.038182 bestmemit:   48.805087  -87.218003    1.000000    9.031735   95.051986
Iteration: 37 bestvalit: 0.038174 bestmemit:   48.805087  -87.007443    1.000000    9.031735   95.051986
Iteration: 38 bestvalit: 0.038174 bestmemit:   48.805087  -87.007443    1.000000    9.031735   95.051986
Iteration: 39 bestvalit: 0.036795 bestmemit:   49.782982  -43.171817    1.000000   15.236124   19.494822
Iteration: 40 bestvalit: 0.036795 bestmemit:   49.782982  -43.171817    1.000000   15.236124   19.494822
Iteration: 41 bestvalit: 0.036795 bestmemit:   49.782982  -43.171817    1.000000   15.236124   19.494822
Iteration: 42 bestvalit: 0.036795 bestmemit:   49.782982  -43.171817    1.000000   15.236124   19.494822
Iteration: 43 bestvalit: 0.036795 bestmemit:   49.782982  -43.171817    1.000000   15.236124   19.494822
Iteration: 44 bestvalit: 0.036795 bestmemit:   49.782982  -43.171817    1.000000   15.236124   19.494822
Iteration: 45 bestvalit: 0.036795 bestmemit:   49.782982  -43.171817    1.000000   15.236124   19.494822
Iteration: 46 bestvalit: 0.036795 bestmemit:   49.782982  -43.171817    1.000000   15.236124   19.494822
Iteration: 47 bestvalit: 0.036795 bestmemit:   49.782982  -43.171817    1.000000   15.236124   19.494822
Iteration: 48 bestvalit: 0.035268 bestmemit:   44.379049  -37.001685    1.000000    7.462545   28.926821
Iteration: 49 bestvalit: 0.035268 bestmemit:   44.379049  -37.001685    1.000000    7.462545   28.926821
Iteration: 50 bestvalit: 0.035268 bestmemit:   44.379049  -37.001685    1.000000    7.462545   28.926821
Iteration: 51 bestvalit: 0.035268 bestmemit:   44.379049  -37.001685    1.000000    7.462545   28.926821
Iteration: 52 bestvalit: 0.035268 bestmemit:   44.379049  -37.001685    1.000000    7.462545   28.926821
Iteration: 53 bestvalit: 0.035268 bestmemit:   44.379049  -37.001685    1.000000    7.462545   28.926821
Iteration: 54 bestvalit: 0.035268 bestmemit:   44.379049  -37.001685    1.000000    7.462545   28.926821
Iteration: 55 bestvalit: 0.035003 bestmemit:   49.020122  -40.702689    1.000000   11.172164   17.881607
Iteration: 56 bestvalit: 0.035003 bestmemit:   49.020122  -40.702689    1.000000   11.172164   17.881607
Iteration: 57 bestvalit: 0.033260 bestmemit:   40.510393   -8.158454    1.000000    4.170851    7.009892
Iteration: 58 bestvalit: 0.033260 bestmemit:   40.510393   -8.158454    1.000000    4.170851    7.009892
Iteration: 59 bestvalit: 0.028172 bestmemit:   40.286541  -28.473239    1.000000   19.579098    2.149848
Iteration: 60 bestvalit: 0.028172 bestmemit:   40.286541  -28.473239    1.000000   19.579098    2.149848
Iteration: 61 bestvalit: 0.028172 bestmemit:   40.286541  -28.473239    1.000000   19.579098    2.149848
Iteration: 62 bestvalit: 0.027729 bestmemit:   41.068857  -37.529821    1.000000   19.579098    2.149848
Iteration: 63 bestvalit: 0.027728 bestmemit:   41.068857  -37.529821    1.000000   19.359341    2.149848
Iteration: 64 bestvalit: 0.027306 bestmemit:   38.637862  -23.587775    1.000000   14.692187    1.636164
Iteration: 65 bestvalit: 0.026345 bestmemit:   49.682933  -23.587775    1.000000   14.692187    1.636164
Iteration: 66 bestvalit: 0.026345 bestmemit:   49.682933  -23.587775    1.000000   14.692187    1.636164
Iteration: 67 bestvalit: 0.026152 bestmemit:   49.682933  -23.587775    1.000000   12.509545    1.636164
Iteration: 68 bestvalit: 0.026152 bestmemit:   49.682933  -23.587775    1.000000   12.509545    1.636164
Iteration: 69 bestvalit: 0.026152 bestmemit:   49.682933  -23.587775    1.000000   12.509545    1.636164
Iteration: 70 bestvalit: 0.026152 bestmemit:   49.682933  -23.587775    1.000000   12.509545    1.636164
Iteration: 71 bestvalit: 0.025783 bestmemit:   49.682933  -29.152145    1.000000   12.509545    1.636164
Iteration: 72 bestvalit: 0.025783 bestmemit:   49.682933  -29.152145    1.000000   12.509545    1.636164
Iteration: 73 bestvalit: 0.024991 bestmemit:   43.415334  -23.931288    1.000000   16.940121    0.143470
Iteration: 74 bestvalit: 0.024991 bestmemit:   43.415334  -23.931288    1.000000   16.940121    0.143470
Iteration: 75 bestvalit: 0.024991 bestmemit:   43.415334  -23.931288    1.000000   16.940121    0.143470
Iteration: 76 bestvalit: 0.024928 bestmemit:   48.715818  -29.577229    1.000000    4.921734    0.342301
Iteration: 77 bestvalit: 0.024928 bestmemit:   48.715818  -29.577229    1.000000    4.921734    0.342301
Iteration: 78 bestvalit: 0.024928 bestmemit:   48.715818  -29.577229    1.000000    4.921734    0.342301
Iteration: 79 bestvalit: 0.024928 bestmemit:   48.715818  -29.577229    1.000000    4.921734    0.342301
Iteration: 80 bestvalit: 0.024928 bestmemit:   48.715818  -29.577229    1.000000    4.921734    0.342301
Iteration: 81 bestvalit: 0.024928 bestmemit:   48.715818  -29.577229    1.000000    4.921734    0.342301
Iteration: 82 bestvalit: 0.024928 bestmemit:   48.715818  -29.577229    1.000000    4.921734    0.342301
Iteration: 83 bestvalit: 0.024652 bestmemit:   44.784953  -23.462860    1.000000    6.266160    0.134549
Iteration: 84 bestvalit: 0.024646 bestmemit:   49.682933  -29.152145    1.000000   12.509545    0.675649
Iteration: 85 bestvalit: 0.024639 bestmemit:   48.238905  -28.331845    1.000000    9.271690    0.201595
Iteration: 86 bestvalit: 0.024162 bestmemit:   48.580096  -24.034518    1.000000    3.884927    0.242684
Iteration: 87 bestvalit: 0.024162 bestmemit:   48.580096  -24.034518    1.000000    3.884927    0.242684
Iteration: 88 bestvalit: 0.024076 bestmemit:   48.407548  -20.103992    1.000000    6.266160    0.134549
Iteration: 89 bestvalit: 0.024076 bestmemit:   48.407548  -20.103992    1.000000    6.266160    0.134549
Iteration: 90 bestvalit: 0.024076 bestmemit:   48.407548  -20.103992    1.000000    6.266160    0.134549
Iteration: 91 bestvalit: 0.024076 bestmemit:   48.407548  -20.103992    1.000000    6.266160    0.134549
Iteration: 92 bestvalit: 0.024076 bestmemit:   48.407548  -20.103992    1.000000    6.266160    0.134549
Iteration: 93 bestvalit: 0.024005 bestmemit:   49.875480  -19.084599    1.000000    6.712987    0.053156
Iteration: 94 bestvalit: 0.024005 bestmemit:   49.875480  -19.084599    1.000000    6.712987    0.053156
Iteration: 95 bestvalit: 0.023993 bestmemit:   49.377718  -22.103009    1.000000    5.659861    0.170778
Iteration: 96 bestvalit: 0.023993 bestmemit:   49.377718  -22.103009    1.000000    5.659861    0.170778
Iteration: 97 bestvalit: 0.023912 bestmemit:   49.913918  -21.874071    1.000000    5.993969    0.050790
Iteration: 98 bestvalit: 0.023867 bestmemit:   49.131580  -20.265558    1.000000    2.868621    0.057142
Iteration: 99 bestvalit: 0.023867 bestmemit:   49.131580  -20.265558    1.000000    2.868621    0.057142
Iteration: 100 bestvalit: 0.023867 bestmemit:   49.131580  -20.265558    1.000000    2.868621    0.057142
Iteration: 101 bestvalit: 0.023804 bestmemit:   49.913918  -21.874071    1.000000    3.309878    0.050790
Iteration: 102 bestvalit: 0.023804 bestmemit:   49.913918  -21.874071    1.000000    3.309878    0.050790
Iteration: 103 bestvalit: 0.023804 bestmemit:   49.913918  -21.874071    1.000000    3.309878    0.050790
Iteration: 104 bestvalit: 0.023804 bestmemit:   49.913918  -21.874071    1.000000    3.309878    0.050790
Iteration: 105 bestvalit: 0.023804 bestmemit:   49.913918  -21.874071    1.000000    3.309878    0.050790
Iteration: 106 bestvalit: 0.023804 bestmemit:   49.913918  -21.874071    1.000000    3.309878    0.050790
Iteration: 107 bestvalit: 0.023804 bestmemit:   49.913918  -21.874071    1.000000    3.309878    0.050790
Iteration: 108 bestvalit: 0.023788 bestmemit:   49.967369  -21.462973    1.000000    2.868621    0.049863
Iteration: 109 bestvalit: 0.023788 bestmemit:   49.967369  -21.462973    1.000000    2.868621    0.049863
Iteration: 110 bestvalit: 0.023788 bestmemit:   49.967369  -21.462973    1.000000    2.868621    0.049863
Iteration: 111 bestvalit: 0.023786 bestmemit:   49.562295  -22.097412    1.000000    1.207775    0.014355
Iteration: 112 bestvalit: 0.023786 bestmemit:   49.562295  -22.097412    1.000000    1.207775    0.014355
Iteration: 113 bestvalit: 0.023764 bestmemit:   49.794667  -21.588379    1.000000    2.085949    0.016931
Iteration: 114 bestvalit: 0.023764 bestmemit:   49.794667  -21.588379    1.000000    2.085949    0.016931
Iteration: 115 bestvalit: 0.023764 bestmemit:   49.794667  -21.588379    1.000000    2.085949    0.016931
Iteration: 116 bestvalit: 0.023764 bestmemit:   49.794667  -21.588379    1.000000    2.085949    0.016931
Iteration: 117 bestvalit: 0.023762 bestmemit:   49.824334  -21.588379    1.000000    2.085949    0.016931
Iteration: 118 bestvalit: 0.023762 bestmemit:   49.824334  -21.588379    1.000000    2.085949    0.016931
Iteration: 119 bestvalit: 0.023762 bestmemit:   49.824334  -21.588379    1.000000    2.085949    0.016931
Iteration: 120 bestvalit: 0.023757 bestmemit:   49.657727  -21.424602    1.000000    2.052641    0.000578
Iteration: 121 bestvalit: 0.023757 bestmemit:   49.657727  -21.424602    1.000000    2.052641    0.000578
Iteration: 122 bestvalit: 0.023757 bestmemit:   49.657727  -21.424602    1.000000    1.981798    0.000578
Iteration: 123 bestvalit: 0.023757 bestmemit:   49.657727  -21.424602    1.000000    1.981798    0.000578
Iteration: 124 bestvalit: 0.023753 bestmemit:   49.865526  -21.437627    1.000000    1.789076    0.008761
Iteration: 125 bestvalit: 0.023749 bestmemit:   49.976630  -22.255189    1.000000    1.147129    0.002287
Iteration: 126 bestvalit: 0.023749 bestmemit:   49.976630  -22.255189    1.000000    1.147129    0.002287
Iteration: 127 bestvalit: 0.023749 bestmemit:   49.976630  -22.255189    1.000000    1.147129    0.002287
Iteration: 128 bestvalit: 0.023744 bestmemit:   49.994040  -21.984944    1.000000    1.940233    0.001949
Iteration: 129 bestvalit: 0.023744 bestmemit:   49.994040  -21.984944    1.000000    1.940233    0.001949
Iteration: 130 bestvalit: 0.023744 bestmemit:   49.994040  -21.984944    1.000000    1.940233    0.001949
Iteration: 131 bestvalit: 0.023740 bestmemit:   49.994040  -21.813853    1.000000    1.940233    0.001949
Iteration: 132 bestvalit: 0.023740 bestmemit:   49.994040  -21.813853    1.000000    1.940233    0.001949
Iteration: 133 bestvalit: 0.023740 bestmemit:   49.994040  -21.813853    1.000000    1.940233    0.001949
Iteration: 134 bestvalit: 0.023740 bestmemit:   49.994040  -21.813853    1.000000    1.940233    0.001949
Iteration: 135 bestvalit: 0.023740 bestmemit:   49.994040  -21.813853    1.000000    1.940233    0.001949
Iteration: 136 bestvalit: 0.023740 bestmemit:   49.997957  -21.650982    1.000000    2.146855    0.002456
Iteration: 137 bestvalit: 0.023740 bestmemit:   49.997957  -21.650982    1.000000    2.146855    0.002456
Iteration: 138 bestvalit: 0.023740 bestmemit:   49.997957  -21.650982    1.000000    2.146855    0.002456
Iteration: 139 bestvalit: 0.023737 bestmemit:   49.999942  -21.582824    1.000000    1.662464    0.000414
Iteration: 140 bestvalit: 0.023736 bestmemit:   49.999942  -21.582824    1.000000    1.937960    0.000414
Iteration: 141 bestvalit: 0.023736 bestmemit:   49.999942  -21.582824    1.000000    1.937960    0.000414
Iteration: 142 bestvalit: 0.023736 bestmemit:   49.999942  -21.582824    1.000000    1.937960    0.000414
Iteration: 143 bestvalit: 0.023736 bestmemit:   49.999942  -21.582824    1.000000    1.937960    0.000414
Iteration: 144 bestvalit: 0.023736 bestmemit:   49.999942  -21.582824    1.000000    1.937960    0.000414
Iteration: 145 bestvalit: 0.023736 bestmemit:   49.999942  -21.582824    1.000000    1.937960    0.000414
Iteration: 146 bestvalit: 0.023736 bestmemit:   49.997078  -21.619292    1.000000    1.858815    0.000038
Iteration: 147 bestvalit: 0.023736 bestmemit:   49.997078  -21.619292    1.000000    1.858815    0.000038
Iteration: 148 bestvalit: 0.023736 bestmemit:   49.997078  -21.619292    1.000000    1.858815    0.000038
Iteration: 149 bestvalit: 0.023736 bestmemit:   49.997078  -21.619292    1.000000    1.858815    0.000038
Iteration: 150 bestvalit: 0.023736 bestmemit:   49.997078  -21.619292    1.000000    1.858815    0.000038
Iteration: 151 bestvalit: 0.023736 bestmemit:   49.997078  -21.619292    1.000000    1.858815    0.000038
Iteration: 152 bestvalit: 0.023736 bestmemit:   49.997078  -21.619292    1.000000    1.858815    0.000038
Iteration: 153 bestvalit: 0.023736 bestmemit:   49.997078  -21.619292    1.000000    1.858815    0.000038
Iteration: 154 bestvalit: 0.023736 bestmemit:   49.997078  -21.619292    1.000000    1.858815    0.000038
Iteration: 155 bestvalit: 0.023736 bestmemit:   49.997078  -21.619292    1.000000    1.858815    0.000038
Iteration: 156 bestvalit: 0.023736 bestmemit:   49.997078  -21.619292    1.000000    1.858815    0.000038
Iteration: 157 bestvalit: 0.023736 bestmemit:   49.997078  -21.619292    1.000000    1.858815    0.000038
Iteration: 158 bestvalit: 0.023736 bestmemit:   49.999647  -21.641585    1.000000    1.852531    0.000096
Iteration: 159 bestvalit: 0.023736 bestmemit:   49.999538  -21.625239    1.000000    1.900428    0.000010
Iteration: 160 bestvalit: 0.023736 bestmemit:   49.999538  -21.625239    1.000000    1.900428    0.000010
Iteration: 161 bestvalit: 0.023736 bestmemit:   49.999538  -21.625239    1.000000    1.900428    0.000010
Iteration: 162 bestvalit: 0.023736 bestmemit:   49.999647  -21.593517    1.000000    1.852531    0.000096
Iteration: 163 bestvalit: 0.023736 bestmemit:   49.999647  -21.593517    1.000000    1.852531    0.000096
Iteration: 164 bestvalit: 0.023736 bestmemit:   49.999958  -21.593517    1.000000    1.852531    0.000096
Iteration: 165 bestvalit: 0.023736 bestmemit:   49.999958  -21.593517    1.000000    1.852531    0.000096
Iteration: 166 bestvalit: 0.023736 bestmemit:   49.999958  -21.593517    1.000000    1.852531    0.000096
Iteration: 167 bestvalit: 0.023736 bestmemit:   49.999958  -21.593517    1.000000    1.858014    0.000096
Iteration: 168 bestvalit: 0.023736 bestmemit:   49.999958  -21.593517    1.000000    1.858014    0.000096
Iteration: 169 bestvalit: 0.023736 bestmemit:   49.999258  -21.607562    1.000000    1.851806    0.000023
Iteration: 170 bestvalit: 0.023736 bestmemit:   49.999538  -21.589153    1.000000    1.850258    0.000036
Iteration: 171 bestvalit: 0.023736 bestmemit:   49.999538  -21.589153    1.000000    1.850258    0.000036
Iteration: 172 bestvalit: 0.023736 bestmemit:   49.999538  -21.589153    1.000000    1.850258    0.000036
Iteration: 173 bestvalit: 0.023736 bestmemit:   49.999538  -21.589153    1.000000    1.850258    0.000036
Iteration: 174 bestvalit: 0.023736 bestmemit:   49.999538  -21.589153    1.000000    1.850258    0.000036
Iteration: 175 bestvalit: 0.023736 bestmemit:   49.999538  -21.589153    1.000000    1.850258    0.000036
Iteration: 176 bestvalit: 0.023736 bestmemit:   49.999524  -21.604085    1.000000    1.832601    0.000022
Iteration: 177 bestvalit: 0.023736 bestmemit:   49.999611  -21.589153    1.000000    1.859316    0.000017
Iteration: 178 bestvalit: 0.023736 bestmemit:   49.999611  -21.589153    1.000000    1.859316    0.000017
Iteration: 179 bestvalit: 0.023736 bestmemit:   49.999956  -21.607562    1.000000    1.851806    0.000023
Iteration: 180 bestvalit: 0.023736 bestmemit:   49.999956  -21.565428    1.000000    1.875062    0.000023
Iteration: 181 bestvalit: 0.023736 bestmemit:   49.999956  -21.565428    1.000000    1.875062    0.000023
Iteration: 182 bestvalit: 0.023736 bestmemit:   49.999956  -21.565428    1.000000    1.875062    0.000023
Iteration: 183 bestvalit: 0.023736 bestmemit:   49.999868  -21.605849    1.000000    1.850439    0.000008
Iteration: 184 bestvalit: 0.023736 bestmemit:   49.999956  -21.584037    1.000000    1.875062    0.000023
Iteration: 185 bestvalit: 0.023736 bestmemit:   49.999981  -21.576924    1.000000    1.859610    0.000014
Iteration: 186 bestvalit: 0.023736 bestmemit:   49.999995  -21.576385    1.000000    1.881056    0.000002
Iteration: 187 bestvalit: 0.023736 bestmemit:   49.999995  -21.576385    1.000000    1.881056    0.000002
Iteration: 188 bestvalit: 0.023736 bestmemit:   49.999995  -21.576385    1.000000    1.881056    0.000002
Iteration: 189 bestvalit: 0.023736 bestmemit:   49.999995  -21.576385    1.000000    1.881056    0.000002
Iteration: 190 bestvalit: 0.023736 bestmemit:   49.999995  -21.576385    1.000000    1.881056    0.000002
Iteration: 191 bestvalit: 0.023736 bestmemit:   49.999995  -21.576385    1.000000    1.881056    0.000002
Iteration: 192 bestvalit: 0.023736 bestmemit:   49.999995  -21.576385    1.000000    1.881056    0.000002
Iteration: 193 bestvalit: 0.023736 bestmemit:   49.999995  -21.576385    1.000000    1.881056    0.000002
Iteration: 194 bestvalit: 0.023736 bestmemit:   49.999995  -21.576385    1.000000    1.881056    0.000002
Iteration: 195 bestvalit: 0.023736 bestmemit:   49.999995  -21.576385    1.000000    1.881056    0.000002
Iteration: 196 bestvalit: 0.023736 bestmemit:   49.999995  -21.576385    1.000000    1.881056    0.000000
Iteration: 197 bestvalit: 0.023736 bestmemit:   49.999995  -21.576385    1.000000    1.881056    0.000000
Iteration: 198 bestvalit: 0.023736 bestmemit:   49.999995  -21.576385    1.000000    1.881056    0.000000
Iteration: 199 bestvalit: 0.023736 bestmemit:   49.999995  -21.576385    1.000000    1.881056    0.000000
Iteration: 200 bestvalit: 0.023736 bestmemit:   49.999995  -21.576385    1.000000    1.881056    0.000000
Iteration: 201 bestvalit: 0.023736 bestmemit:   49.999995  -21.576385    1.000000    1.881056    0.000000
Iteration: 202 bestvalit: 0.023736 bestmemit:   49.999995  -21.576385    1.000000    1.881056    0.000000
Iteration: 203 bestvalit: 0.023736 bestmemit:   49.999995  -21.576385    1.000000    1.881056    0.000000
Iteration: 204 bestvalit: 0.023736 bestmemit:   49.999995  -21.576385    1.000000    1.881056    0.000000
Iteration: 205 bestvalit: 0.023736 bestmemit:   49.999995  -21.576385    1.000000    1.881056    0.000000
Iteration: 206 bestvalit: 0.023736 bestmemit:   49.999995  -21.576385    1.000000    1.881056    0.000000
Iteration: 207 bestvalit: 0.023736 bestmemit:   49.999995  -21.576385    1.000000    1.881056    0.000000
Iteration: 208 bestvalit: 0.023736 bestmemit:   49.999995  -21.576385    1.000000    1.881056    0.000000
Iteration: 209 bestvalit: 0.023736 bestmemit:   49.999995  -21.576385    1.000000    1.881056    0.000000
Iteration: 210 bestvalit: 0.023736 bestmemit:   49.999995  -21.576385    1.000000    1.881056    0.000000
Iteration: 211 bestvalit: 0.023736 bestmemit:   49.999995  -21.576385    1.000000    1.881056    0.000000
Iteration: 212 bestvalit: 0.023736 bestmemit:   49.999995  -21.587092    1.000000    1.868314    0.000000
Iteration: 213 bestvalit: 0.023736 bestmemit:   49.999995  -21.587092    1.000000    1.868314    0.000000
Iteration: 214 bestvalit: 0.023736 bestmemit:   49.999989  -21.581092    1.000000    1.871289    0.000000
Iteration: 215 bestvalit: 0.023736 bestmemit:   49.999989  -21.581092    1.000000    1.871289    0.000000
Iteration: 216 bestvalit: 0.023736 bestmemit:   49.999995  -21.585015    1.000000    1.869703    0.000000
Iteration: 217 bestvalit: 0.023736 bestmemit:   49.999995  -21.585015    1.000000    1.869703    0.000000
Iteration: 218 bestvalit: 0.023736 bestmemit:   49.999995  -21.585015    1.000000    1.869703    0.000000
Iteration: 219 bestvalit: 0.023736 bestmemit:   49.999995  -21.585015    1.000000    1.869703    0.000000
Iteration: 220 bestvalit: 0.023736 bestmemit:   49.999995  -21.585015    1.000000    1.869703    0.000000
Iteration: 221 bestvalit: 0.023736 bestmemit:   49.999995  -21.585015    1.000000    1.869703    0.000000
Iteration: 222 bestvalit: 0.023736 bestmemit:   49.999995  -21.583540    1.000000    1.869703    0.000000
Iteration: 223 bestvalit: 0.023736 bestmemit:   49.999995  -21.583540    1.000000    1.869703    0.000000
Iteration: 224 bestvalit: 0.023736 bestmemit:   50.000000  -21.584562    1.000000    1.866876    0.000000
Iteration: 225 bestvalit: 0.023736 bestmemit:   50.000000  -21.584562    1.000000    1.866876    0.000000
Iteration: 226 bestvalit: 0.023736 bestmemit:   50.000000  -21.584562    1.000000    1.866876    0.000000
Iteration: 227 bestvalit: 0.023736 bestmemit:   50.000000  -21.584562    1.000000    1.866876    0.000000
Iteration: 228 bestvalit: 0.023736 bestmemit:   50.000000  -21.584298    1.000000    1.870280    0.000000
Iteration: 229 bestvalit: 0.023736 bestmemit:   49.999998  -21.582328    1.000000    1.871750    0.000000
Iteration: 230 bestvalit: 0.023736 bestmemit:   49.999998  -21.582328    1.000000    1.871750    0.000000
Iteration: 231 bestvalit: 0.023736 bestmemit:   49.999999  -21.581407    1.000000    1.873378    0.000000
Iteration: 232 bestvalit: 0.023736 bestmemit:   49.999999  -21.581215    1.000000    1.872464    0.000000
Iteration: 233 bestvalit: 0.023736 bestmemit:   49.999999  -21.580634    1.000000    1.872297    0.000000
Iteration: 234 bestvalit: 0.023736 bestmemit:   49.999999  -21.580634    1.000000    1.872297    0.000000
Iteration: 235 bestvalit: 0.023736 bestmemit:   49.999999  -21.580634    1.000000    1.872297    0.000000
Iteration: 236 bestvalit: 0.023736 bestmemit:   49.999999  -21.580634    1.000000    1.872297    0.000000
Iteration: 237 bestvalit: 0.023736 bestmemit:   49.999999  -21.580634    1.000000    1.872297    0.000000
Iteration: 238 bestvalit: 0.023736 bestmemit:   49.999999  -21.580634    1.000000    1.872297    0.000000
Iteration: 239 bestvalit: 0.023736 bestmemit:   49.999999  -21.581679    1.000000    1.871788    0.000000
Iteration: 240 bestvalit: 0.023736 bestmemit:   49.999999  -21.581679    1.000000    1.871788    0.000000
Iteration: 241 bestvalit: 0.023736 bestmemit:   49.999999  -21.581679    1.000000    1.871788    0.000000
Iteration: 242 bestvalit: 0.023736 bestmemit:   49.999999  -21.581679    1.000000    1.871788    0.000000
Iteration: 243 bestvalit: 0.023736 bestmemit:   49.999999  -21.581679    1.000000    1.871788    0.000000
Iteration: 244 bestvalit: 0.023736 bestmemit:   49.999999  -21.581679    1.000000    1.871788    0.000000
Iteration: 245 bestvalit: 0.023736 bestmemit:   49.999999  -21.581215    1.000000    1.872464    0.000000
Iteration: 246 bestvalit: 0.023736 bestmemit:   50.000000  -21.582731    1.000000    1.869847    0.000000
Iteration: 247 bestvalit: 0.023736 bestmemit:   50.000000  -21.582731    1.000000    1.870985    0.000000
Iteration: 248 bestvalit: 0.023736 bestmemit:   50.000000  -21.581820    1.000000    1.872686    0.000000
Iteration: 249 bestvalit: 0.023736 bestmemit:   50.000000  -21.582008    1.000000    1.872006    0.000000
Iteration: 250 bestvalit: 0.023736 bestmemit:   50.000000  -21.582008    1.000000    1.872006    0.000000
Iteration: 251 bestvalit: 0.023736 bestmemit:   50.000000  -21.582008    1.000000    1.872006    0.000000
Iteration: 252 bestvalit: 0.023736 bestmemit:   50.000000  -21.582008    1.000000    1.872006    0.000000
Iteration: 253 bestvalit: 0.023736 bestmemit:   50.000000  -21.582105    1.000000    1.870918    0.000000
Iteration: 254 bestvalit: 0.023736 bestmemit:   50.000000  -21.582105    1.000000    1.870918    0.000000
Iteration: 255 bestvalit: 0.023736 bestmemit:   50.000000  -21.582105    1.000000    1.870918    0.000000
Iteration: 256 bestvalit: 0.023736 bestmemit:   50.000000  -21.582105    1.000000    1.870918    0.000000
Iteration: 257 bestvalit: 0.023736 bestmemit:   50.000000  -21.582105    1.000000    1.870918    0.000000
Iteration: 258 bestvalit: 0.023736 bestmemit:   50.000000  -21.582150    1.000000    1.871497    0.000000
Iteration: 259 bestvalit: 0.023736 bestmemit:   50.000000  -21.582150    1.000000    1.871497    0.000000
Iteration: 260 bestvalit: 0.023736 bestmemit:   50.000000  -21.582150    1.000000    1.871497    0.000000
Iteration: 261 bestvalit: 0.023736 bestmemit:   50.000000  -21.582150    1.000000    1.871497    0.000000
Iteration: 262 bestvalit: 0.023736 bestmemit:   50.000000  -21.582150    1.000000    1.871497    0.000000
Iteration: 263 bestvalit: 0.023736 bestmemit:   50.000000  -21.582150    1.000000    1.871497    0.000000
Iteration: 264 bestvalit: 0.023736 bestmemit:   50.000000  -21.582150    1.000000    1.871497    0.000000
Iteration: 265 bestvalit: 0.023736 bestmemit:   50.000000  -21.581828    1.000000    1.872033    0.000000
Iteration: 266 bestvalit: 0.023736 bestmemit:   50.000000  -21.581828    1.000000    1.872033    0.000000
Iteration: 267 bestvalit: 0.023736 bestmemit:   50.000000  -21.581828    1.000000    1.872033    0.000000
Iteration: 268 bestvalit: 0.023736 bestmemit:   50.000000  -21.581828    1.000000    1.872033    0.000000
Iteration: 269 bestvalit: 0.023736 bestmemit:   50.000000  -21.581828    1.000000    1.872033    0.000000
Iteration: 270 bestvalit: 0.023736 bestmemit:   50.000000  -21.582089    1.000000    1.871516    0.000000
Iteration: 271 bestvalit: 0.023736 bestmemit:   50.000000  -21.582089    1.000000    1.871516    0.000000
Iteration: 272 bestvalit: 0.023736 bestmemit:   50.000000  -21.582089    1.000000    1.871516    0.000000
Iteration: 273 bestvalit: 0.023736 bestmemit:   50.000000  -21.582089    1.000000    1.871516    0.000000
Iteration: 274 bestvalit: 0.023736 bestmemit:   50.000000  -21.582089    1.000000    1.871516    0.000000
Iteration: 275 bestvalit: 0.023736 bestmemit:   50.000000  -21.582089    1.000000    1.871516    0.000000
Iteration: 276 bestvalit: 0.023736 bestmemit:   50.000000  -21.582089    1.000000    1.871516    0.000000
Iteration: 277 bestvalit: 0.023736 bestmemit:   50.000000  -21.582089    1.000000    1.871516    0.000000
Iteration: 278 bestvalit: 0.023736 bestmemit:   50.000000  -21.582089    1.000000    1.871516    0.000000
Iteration: 279 bestvalit: 0.023736 bestmemit:   50.000000  -21.582089    1.000000    1.871516    0.000000
Iteration: 280 bestvalit: 0.023736 bestmemit:   50.000000  -21.582089    1.000000    1.871516    0.000000
Iteration: 281 bestvalit: 0.023736 bestmemit:   50.000000  -21.582089    1.000000    1.871516    0.000000
Iteration: 282 bestvalit: 0.023736 bestmemit:   50.000000  -21.582089    1.000000    1.871516    0.000000
Iteration: 283 bestvalit: 0.023736 bestmemit:   50.000000  -21.581954    1.000000    1.871616    0.000000
Iteration: 284 bestvalit: 0.023736 bestmemit:   50.000000  -21.581885    1.000000    1.871784    0.000000
Iteration: 285 bestvalit: 0.023736 bestmemit:   50.000000  -21.581885    1.000000    1.871784    0.000000
Iteration: 286 bestvalit: 0.023736 bestmemit:   50.000000  -21.581885    1.000000    1.871784    0.000000
Iteration: 287 bestvalit: 0.023736 bestmemit:   50.000000  -21.581885    1.000000    1.871784    0.000000

***** summary of DEoptim object ***** 
best member   :  50 -21.58189 1 1.87178 0 
best value    :  0.02374 
after         :  287 generations 
fn evaluated  :  576 times 
*************************************
