SLURM_JOB_ID: 55402987
SLURM_JOB_USER: vsc34066
SLURM_JOB_ACCOUNT: lp_desenderlab
SLURM_JOB_NAME: par_recov_alternating_fb_sim_alpha_learn.slurm
SLURM_CLUSTER_NAME: genius
SLURM_JOB_PARTITION: batch
SLURM_ARRAY_JOB_ID: 55402977
SLURM_ARRAY_TASK_ID: 10
SLURM_NNODES: 1
SLURM_NODELIST: r22i27n09
SLURM_JOB_CPUS_PER_NODE: 8
Date: Sun Dec  3 23:43:58 CET 2023
Walltime: 01-06:00:00
========================================================================
Iteration: 1 bestvalit: 0.078151 bestmemit:   42.984904  -23.128208    1.000000  171.354993 1570.377480
Iteration: 2 bestvalit: 0.075981 bestmemit:   38.649097   24.798658    1.000000  171.354993 1570.377480
Iteration: 3 bestvalit: 0.052415 bestmemit:   36.127857   29.325915    1.000000  347.794835  223.968182
Iteration: 4 bestvalit: 0.052415 bestmemit:   36.127857   29.325915    1.000000  347.794835  223.968182
Iteration: 5 bestvalit: 0.052415 bestmemit:   36.127857   29.325915    1.000000  347.794835  223.968182
Iteration: 6 bestvalit: 0.052415 bestmemit:   36.127857   29.325915    1.000000  347.794835  223.968182
Iteration: 7 bestvalit: 0.052415 bestmemit:   36.127857   29.325915    1.000000  347.794835  223.968182
Iteration: 8 bestvalit: 0.052415 bestmemit:   36.127857   29.325915    1.000000  347.794835  223.968182
Iteration: 9 bestvalit: 0.050274 bestmemit:   27.616576  -18.699743    1.000000  198.958814  572.795973
Iteration: 10 bestvalit: 0.050223 bestmemit:   27.616576  -29.365813    1.000000  198.958814  572.795973
Iteration: 11 bestvalit: 0.048121 bestmemit:   21.140753   51.242427    1.000000  169.959447  467.239199
Iteration: 12 bestvalit: 0.048121 bestmemit:   21.140753   51.242427    1.000000  169.959447  467.239199
Iteration: 13 bestvalit: 0.043642 bestmemit:   46.170624   -4.375954    1.000000  171.253559   98.898792
Iteration: 14 bestvalit: 0.043642 bestmemit:   46.170624   -4.375954    1.000000  171.253559   98.898792
Iteration: 15 bestvalit: 0.043642 bestmemit:   46.170624   -4.375954    1.000000  171.253559   98.898792
Iteration: 16 bestvalit: 0.043642 bestmemit:   46.170624   -4.375954    1.000000  171.253559   98.898792
Iteration: 17 bestvalit: 0.043642 bestmemit:   46.170624   -4.375954    1.000000  171.253559   98.898792
Iteration: 18 bestvalit: 0.043642 bestmemit:   46.170624   -4.375954    1.000000  171.253559   98.898792
Iteration: 19 bestvalit: 0.043560 bestmemit:   46.170624  -16.003343    1.000000  171.253559   98.898792
Iteration: 20 bestvalit: 0.043560 bestmemit:   46.170624  -16.003343    1.000000  171.253559   98.898792
Iteration: 21 bestvalit: 0.043560 bestmemit:   46.170624  -16.003343    1.000000  171.253559   98.898792
Iteration: 22 bestvalit: 0.039486 bestmemit:   36.127857   29.325915    1.000000   92.124875  223.968182
Iteration: 23 bestvalit: 0.039486 bestmemit:   36.127857   29.325915    1.000000   92.124875  223.968182
Iteration: 24 bestvalit: 0.039486 bestmemit:   36.127857   29.325915    1.000000   92.124875  223.968182
Iteration: 25 bestvalit: 0.039486 bestmemit:   36.127857   29.325915    1.000000   92.124875  223.968182
Iteration: 26 bestvalit: 0.039486 bestmemit:   36.127857   29.325915    1.000000   92.124875  223.968182
Iteration: 27 bestvalit: 0.038866 bestmemit:   46.170624  -16.003343    1.000000   91.243241   98.898792
Iteration: 28 bestvalit: 0.038866 bestmemit:   46.170624  -16.003343    1.000000   91.243241   98.898792
Iteration: 29 bestvalit: 0.038866 bestmemit:   46.170624  -16.003343    1.000000   91.243241   98.898792
Iteration: 30 bestvalit: 0.038866 bestmemit:   46.170624  -16.003343    1.000000   91.243241   98.898792
Iteration: 31 bestvalit: 0.038866 bestmemit:   46.170624  -16.003343    1.000000   91.243241   98.898792
Iteration: 32 bestvalit: 0.038866 bestmemit:   46.170624  -16.003343    1.000000   91.243241   98.898792
Iteration: 33 bestvalit: 0.038866 bestmemit:   46.170624  -16.003343    1.000000   91.243241   98.898792
Iteration: 34 bestvalit: 0.038866 bestmemit:   46.170624  -16.003343    1.000000   91.243241   98.898792
Iteration: 35 bestvalit: 0.038866 bestmemit:   46.170624  -16.003343    1.000000   91.243241   98.898792
Iteration: 36 bestvalit: 0.038866 bestmemit:   46.170624  -16.003343    1.000000   91.243241   98.898792
Iteration: 37 bestvalit: 0.031646 bestmemit:   49.633535  -40.044281    1.000000   14.901748  384.605100
Iteration: 38 bestvalit: 0.031646 bestmemit:   49.633535  -40.044281    1.000000   14.901748  384.605100
Iteration: 39 bestvalit: 0.031646 bestmemit:   49.633535  -40.044281    1.000000   14.901748  384.605100
Iteration: 40 bestvalit: 0.022860 bestmemit:   43.321607  -16.362081    1.000000    6.542460  387.788953
Iteration: 41 bestvalit: 0.022860 bestmemit:   43.321607  -16.362081    1.000000    6.542460  387.788953
Iteration: 42 bestvalit: 0.022860 bestmemit:   43.321607  -16.362081    1.000000    6.542460  387.788953
Iteration: 43 bestvalit: 0.022860 bestmemit:   43.321607  -16.362081    1.000000    6.542460  387.788953
Iteration: 44 bestvalit: 0.022860 bestmemit:   43.321607  -16.362081    1.000000    6.542460  387.788953
Iteration: 45 bestvalit: 0.022860 bestmemit:   43.321607  -16.362081    1.000000    6.542460  387.788953
Iteration: 46 bestvalit: 0.021240 bestmemit:   42.950230   27.280666    1.000000    3.701431  458.585064
Iteration: 47 bestvalit: 0.021240 bestmemit:   42.950230   27.280666    1.000000    3.701431  458.585064
Iteration: 48 bestvalit: 0.021240 bestmemit:   42.950230   27.280666    1.000000    3.701431  458.585064
Iteration: 49 bestvalit: 0.021240 bestmemit:   42.950230   27.280666    1.000000    3.701431  458.585064
Iteration: 50 bestvalit: 0.021240 bestmemit:   42.950230   27.280666    1.000000    3.701431  458.585064
Iteration: 51 bestvalit: 0.021240 bestmemit:   42.950230   27.280666    1.000000    3.701431  458.585064
Iteration: 52 bestvalit: 0.021240 bestmemit:   42.950230   27.280666    1.000000    3.701431  458.585064
Iteration: 53 bestvalit: 0.021240 bestmemit:   42.950230   27.280666    1.000000    3.701431  458.585064
Iteration: 54 bestvalit: 0.021239 bestmemit:   42.950230   19.154779    1.000000    3.701431  458.585064
Iteration: 55 bestvalit: 0.019353 bestmemit:   39.209687   36.328147    1.000000    2.146964  221.104458
Iteration: 56 bestvalit: 0.019353 bestmemit:   39.209687   36.328147    1.000000    2.146964  221.104458
Iteration: 57 bestvalit: 0.019353 bestmemit:   39.209687   36.328147    1.000000    2.146964  221.104458
Iteration: 58 bestvalit: 0.019353 bestmemit:   39.209687   36.328147    1.000000    2.146964  221.104458
Iteration: 59 bestvalit: 0.019353 bestmemit:   39.209687   36.328147    1.000000    2.146964  221.104458
Iteration: 60 bestvalit: 0.019353 bestmemit:   39.209687   36.328147    1.000000    2.146964  221.104458
Iteration: 61 bestvalit: 0.019353 bestmemit:   39.209687   36.328147    1.000000    2.146964  221.104458
Iteration: 62 bestvalit: 0.018614 bestmemit:   42.950230    2.024003    1.000000    3.701431   61.943644
Iteration: 63 bestvalit: 0.018614 bestmemit:   42.950230    2.024003    1.000000    3.701431   61.943644
Iteration: 64 bestvalit: 0.018614 bestmemit:   42.950230    2.024003    1.000000    3.701431   61.943644
Iteration: 65 bestvalit: 0.018614 bestmemit:   42.950230    2.024003    1.000000    3.701431   61.943644
Iteration: 66 bestvalit: 0.018614 bestmemit:   42.950230    2.024003    1.000000    3.701431   61.943644
Iteration: 67 bestvalit: 0.018614 bestmemit:   42.950230    2.024003    1.000000    3.701431   61.943644
Iteration: 68 bestvalit: 0.018610 bestmemit:   42.950230    1.074515    1.000000    3.701431   61.943644
Iteration: 69 bestvalit: 0.018610 bestmemit:   42.950230    1.074515    1.000000    3.701431   61.943644
Iteration: 70 bestvalit: 0.018610 bestmemit:   42.950230    1.074515    1.000000    3.701431   61.943644
Iteration: 71 bestvalit: 0.018610 bestmemit:   42.950230    1.074515    1.000000    3.701431   61.943644
Iteration: 72 bestvalit: 0.018610 bestmemit:   42.950230    1.074515    1.000000    3.701431   61.943644
Iteration: 73 bestvalit: 0.018363 bestmemit:   41.827249   12.556117    1.000000    4.043014   23.119098
Iteration: 74 bestvalit: 0.018363 bestmemit:   41.827249   12.556117    1.000000    4.043014   23.119098
Iteration: 75 bestvalit: 0.017593 bestmemit:   46.661707   -9.647796    1.000000    2.593246   15.627116
Iteration: 76 bestvalit: 0.017182 bestmemit:   42.468671  -30.710280    1.000000    3.037971    7.106748
Iteration: 77 bestvalit: 0.017182 bestmemit:   42.468671  -30.710280    1.000000    3.037971    7.106748
Iteration: 78 bestvalit: 0.016643 bestmemit:   42.468671  -16.512272    1.000000    2.574875    7.106748
Iteration: 79 bestvalit: 0.016643 bestmemit:   42.468671  -16.512272    1.000000    2.574875    7.106748
Iteration: 80 bestvalit: 0.016643 bestmemit:   42.468671  -16.512272    1.000000    2.574875    7.106748
Iteration: 81 bestvalit: 0.016643 bestmemit:   42.468671  -16.512272    1.000000    2.574875    7.106748
Iteration: 82 bestvalit: 0.016444 bestmemit:   47.540778   -5.770274    1.000000    5.175819    3.829944
Iteration: 83 bestvalit: 0.016444 bestmemit:   47.540778   -5.770274    1.000000    5.175819    3.829944
Iteration: 84 bestvalit: 0.015939 bestmemit:   44.253402  -11.074538    1.000000    3.608096    3.792697
Iteration: 85 bestvalit: 0.015939 bestmemit:   44.253402  -11.074538    1.000000    3.608096    3.792697
Iteration: 86 bestvalit: 0.015512 bestmemit:   32.369728   -7.748378    1.000000    0.389314    0.647359
Iteration: 87 bestvalit: 0.015512 bestmemit:   32.369728   -7.748378    1.000000    0.389314    0.647359
Iteration: 88 bestvalit: 0.015440 bestmemit:   44.253402  -12.853601    1.000000    1.477068    0.382670
Iteration: 89 bestvalit: 0.015440 bestmemit:   44.253402  -12.853601    1.000000    1.477068    0.382670
Iteration: 90 bestvalit: 0.015329 bestmemit:   44.757197  -12.998933    1.000000    2.772715    1.596529
Iteration: 91 bestvalit: 0.015325 bestmemit:   44.757197  -12.998933    1.000000    2.389436    1.596529
Iteration: 92 bestvalit: 0.015325 bestmemit:   44.757197  -12.998933    1.000000    2.389436    1.596529
Iteration: 93 bestvalit: 0.015315 bestmemit:   44.757197  -13.617904    1.000000    2.389436    1.596529
Iteration: 94 bestvalit: 0.015301 bestmemit:   44.507866   -9.543624    1.000000    1.777995    0.864106
Iteration: 95 bestvalit: 0.015301 bestmemit:   44.507866   -9.543624    1.000000    1.777995    0.864106
Iteration: 96 bestvalit: 0.015301 bestmemit:   44.507866   -9.543624    1.000000    1.777995    0.864106
Iteration: 97 bestvalit: 0.015301 bestmemit:   44.507866   -9.543624    1.000000    1.777995    0.864106
Iteration: 98 bestvalit: 0.015280 bestmemit:   44.253402   -9.346056    1.000000    1.477068    0.382670
Iteration: 99 bestvalit: 0.015280 bestmemit:   44.253402   -9.346056    1.000000    1.477068    0.382670
Iteration: 100 bestvalit: 0.015280 bestmemit:   44.253402   -9.346056    1.000000    1.477068    0.382670
Iteration: 101 bestvalit: 0.015280 bestmemit:   44.253402   -9.346056    1.000000    1.477068    0.382670
Iteration: 102 bestvalit: 0.015280 bestmemit:   44.253402   -9.346056    1.000000    1.477068    0.382670
Iteration: 103 bestvalit: 0.015280 bestmemit:   44.253402   -9.346056    1.000000    1.477068    0.382670
Iteration: 104 bestvalit: 0.015201 bestmemit:   45.773047  -13.794941    1.000000    0.534749    0.749523
Iteration: 105 bestvalit: 0.015180 bestmemit:   45.773047  -13.794941    1.000000    0.605497    0.707241
Iteration: 106 bestvalit: 0.015180 bestmemit:   45.773047  -13.794941    1.000000    0.605497    0.707241
Iteration: 107 bestvalit: 0.015180 bestmemit:   45.773047  -13.794941    1.000000    0.605497    0.707241
Iteration: 108 bestvalit: 0.015180 bestmemit:   45.773047  -13.794941    1.000000    0.605497    0.707241
Iteration: 109 bestvalit: 0.015168 bestmemit:   48.048713  -13.560632    1.000000    1.763146    0.916959
Iteration: 110 bestvalit: 0.015158 bestmemit:   49.619013  -16.512272    1.000000    1.160492    0.533007
Iteration: 111 bestvalit: 0.015129 bestmemit:   49.619013  -16.512272    1.000000    0.940543    0.533007
Iteration: 112 bestvalit: 0.015129 bestmemit:   49.619013  -16.512272    1.000000    0.940543    0.533007
Iteration: 113 bestvalit: 0.015129 bestmemit:   49.619013  -16.512272    1.000000    0.940543    0.533007
Iteration: 114 bestvalit: 0.015129 bestmemit:   49.619013  -16.512272    1.000000    0.940543    0.533007
Iteration: 115 bestvalit: 0.015129 bestmemit:   49.619013  -16.512272    1.000000    0.940543    0.533007
Iteration: 116 bestvalit: 0.015129 bestmemit:   49.619013  -16.512272    1.000000    0.940543    0.533007
Iteration: 117 bestvalit: 0.015129 bestmemit:   49.619013  -16.512272    1.000000    0.940543    0.533007
Iteration: 118 bestvalit: 0.015121 bestmemit:   47.019292  -14.397940    1.000000    0.039644    0.341136
Iteration: 119 bestvalit: 0.015121 bestmemit:   47.019292  -14.397940    1.000000    0.039644    0.341136
Iteration: 120 bestvalit: 0.015121 bestmemit:   47.019292  -14.397940    1.000000    0.039644    0.341136
Iteration: 121 bestvalit: 0.015119 bestmemit:   48.944034  -16.167731    1.000000    0.378853    0.403428
Iteration: 122 bestvalit: 0.015119 bestmemit:   48.944034  -16.167731    1.000000    0.378853    0.403428
Iteration: 123 bestvalit: 0.015119 bestmemit:   48.944034  -16.167731    1.000000    0.378853    0.403428
Iteration: 124 bestvalit: 0.015106 bestmemit:   49.619013  -16.512272    1.000000    0.400840    0.533007
Iteration: 125 bestvalit: 0.015106 bestmemit:   49.619013  -16.512272    1.000000    0.400840    0.533007
Iteration: 126 bestvalit: 0.015106 bestmemit:   49.619013  -16.512272    1.000000    0.400840    0.533007
Iteration: 127 bestvalit: 0.015106 bestmemit:   49.619013  -16.512272    1.000000    0.400840    0.533007
Iteration: 128 bestvalit: 0.015106 bestmemit:   49.619013  -16.512272    1.000000    0.400840    0.533007
Iteration: 129 bestvalit: 0.015106 bestmemit:   49.619013  -16.512272    1.000000    0.400840    0.533007
Iteration: 130 bestvalit: 0.015106 bestmemit:   49.619013  -16.512272    1.000000    0.400840    0.533007
Iteration: 131 bestvalit: 0.015097 bestmemit:   49.752937  -15.718571    1.000000    0.454220    0.445582
Iteration: 132 bestvalit: 0.015097 bestmemit:   49.752937  -15.718571    1.000000    0.454220    0.445582
Iteration: 133 bestvalit: 0.015097 bestmemit:   49.752937  -15.718571    1.000000    0.454220    0.445582
Iteration: 134 bestvalit: 0.015097 bestmemit:   49.752937  -15.718571    1.000000    0.454220    0.445582
Iteration: 135 bestvalit: 0.015097 bestmemit:   49.752937  -15.718571    1.000000    0.454220    0.445582
Iteration: 136 bestvalit: 0.015097 bestmemit:   49.752937  -15.718571    1.000000    0.454220    0.445582
Iteration: 137 bestvalit: 0.015097 bestmemit:   49.752937  -15.718571    1.000000    0.454220    0.445582
Iteration: 138 bestvalit: 0.015095 bestmemit:   49.558620  -15.111855    1.000000    0.109496    0.261025
Iteration: 139 bestvalit: 0.015095 bestmemit:   49.558620  -15.111855    1.000000    0.109496    0.261025
Iteration: 140 bestvalit: 0.015095 bestmemit:   49.558620  -15.111855    1.000000    0.109496    0.261025
Iteration: 141 bestvalit: 0.015095 bestmemit:   49.558620  -15.111855    1.000000    0.109496    0.261025
Iteration: 142 bestvalit: 0.015092 bestmemit:   49.765660  -15.783295    1.000000    0.007093    0.296433
Iteration: 143 bestvalit: 0.015092 bestmemit:   49.765660  -15.783295    1.000000    0.007093    0.296433
Iteration: 144 bestvalit: 0.015092 bestmemit:   49.765660  -15.783295    1.000000    0.007093    0.296433
Iteration: 145 bestvalit: 0.015092 bestmemit:   49.765660  -15.783295    1.000000    0.007093    0.296433
Iteration: 146 bestvalit: 0.015092 bestmemit:   49.765660  -15.783295    1.000000    0.007093    0.296433
Iteration: 147 bestvalit: 0.015090 bestmemit:   49.947632  -15.783295    1.000000    0.007093    0.296433
Iteration: 148 bestvalit: 0.015090 bestmemit:   49.947632  -15.783295    1.000000    0.007093    0.296433
Iteration: 149 bestvalit: 0.015090 bestmemit:   49.947632  -15.783295    1.000000    0.007093    0.296433
Iteration: 150 bestvalit: 0.015090 bestmemit:   49.947632  -15.783295    1.000000    0.007093    0.296433
Iteration: 151 bestvalit: 0.015090 bestmemit:   49.947632  -15.783295    1.000000    0.007093    0.296433
Iteration: 152 bestvalit: 0.015090 bestmemit:   49.947632  -15.783295    1.000000    0.007093    0.296433
Iteration: 153 bestvalit: 0.015090 bestmemit:   49.943704  -15.674012    1.000000    0.042604    0.278073
Iteration: 154 bestvalit: 0.015090 bestmemit:   49.943704  -15.674012    1.000000    0.042604    0.278073
Iteration: 155 bestvalit: 0.015090 bestmemit:   49.943704  -15.674012    1.000000    0.042604    0.278073
Iteration: 156 bestvalit: 0.015090 bestmemit:   49.943704  -15.674012    1.000000    0.042604    0.278073
Iteration: 157 bestvalit: 0.015090 bestmemit:   49.943704  -15.674012    1.000000    0.042604    0.278073
Iteration: 158 bestvalit: 0.015090 bestmemit:   49.943704  -15.674012    1.000000    0.042604    0.278073
Iteration: 159 bestvalit: 0.015090 bestmemit:   49.943704  -15.674012    1.000000    0.042604    0.278073
Iteration: 160 bestvalit: 0.015090 bestmemit:   49.943704  -15.674012    1.000000    0.042604    0.278073
Iteration: 161 bestvalit: 0.015090 bestmemit:   49.943704  -15.674012    1.000000    0.042604    0.278073
Iteration: 162 bestvalit: 0.015090 bestmemit:   49.943704  -15.674012    1.000000    0.042604    0.278073
Iteration: 163 bestvalit: 0.015090 bestmemit:   49.943704  -15.674012    1.000000    0.042604    0.278073
Iteration: 164 bestvalit: 0.015090 bestmemit:   49.943704  -15.674012    1.000000    0.042604    0.278073
Iteration: 165 bestvalit: 0.015090 bestmemit:   49.943704  -15.674012    1.000000    0.042604    0.278073
Iteration: 166 bestvalit: 0.015090 bestmemit:   49.943704  -15.674012    1.000000    0.042604    0.278073
Iteration: 167 bestvalit: 0.015090 bestmemit:   49.943704  -15.674012    1.000000    0.042604    0.278073
Iteration: 168 bestvalit: 0.015090 bestmemit:   49.943704  -15.674012    1.000000    0.042604    0.278073
Iteration: 169 bestvalit: 0.015090 bestmemit:   49.943704  -15.674012    1.000000    0.042604    0.278073
Iteration: 170 bestvalit: 0.015090 bestmemit:   49.943704  -15.674012    1.000000    0.042604    0.278073
Iteration: 171 bestvalit: 0.015090 bestmemit:   49.943704  -15.674012    1.000000    0.042604    0.278073
Iteration: 172 bestvalit: 0.015090 bestmemit:   49.943704  -15.674012    1.000000    0.042604    0.278073
Iteration: 173 bestvalit: 0.015090 bestmemit:   49.943704  -15.674012    1.000000    0.042604    0.278073
Iteration: 174 bestvalit: 0.015090 bestmemit:   49.943704  -15.674012    1.000000    0.042604    0.278073
Iteration: 175 bestvalit: 0.015090 bestmemit:   49.943704  -15.674012    1.000000    0.042604    0.278073
Iteration: 176 bestvalit: 0.015090 bestmemit:   49.991823  -15.583186    1.000000    0.033893    0.259167
Iteration: 177 bestvalit: 0.015090 bestmemit:   49.991823  -15.583186    1.000000    0.033893    0.259167
Iteration: 178 bestvalit: 0.015090 bestmemit:   49.991823  -15.583186    1.000000    0.033893    0.259167
Iteration: 179 bestvalit: 0.015090 bestmemit:   49.991823  -15.583186    1.000000    0.033893    0.259167
Iteration: 180 bestvalit: 0.015090 bestmemit:   49.991823  -15.583186    1.000000    0.033893    0.259167
Iteration: 181 bestvalit: 0.015090 bestmemit:   49.991823  -15.583186    1.000000    0.033893    0.259167
Iteration: 182 bestvalit: 0.015090 bestmemit:   49.991823  -15.583186    1.000000    0.033893    0.259167
Iteration: 183 bestvalit: 0.015090 bestmemit:   49.991823  -15.583186    1.000000    0.033893    0.259167
Iteration: 184 bestvalit: 0.015090 bestmemit:   49.991823  -15.583186    1.000000    0.033893    0.259167
Iteration: 185 bestvalit: 0.015090 bestmemit:   49.991823  -15.583186    1.000000    0.033893    0.259167
Iteration: 186 bestvalit: 0.015090 bestmemit:   49.991823  -15.583186    1.000000    0.033893    0.259167
Iteration: 187 bestvalit: 0.015090 bestmemit:   49.991823  -15.583186    1.000000    0.033893    0.259167
Iteration: 188 bestvalit: 0.015090 bestmemit:   49.991823  -15.583186    1.000000    0.033893    0.259167
Iteration: 189 bestvalit: 0.015090 bestmemit:   49.991823  -15.583186    1.000000    0.033893    0.259167
Iteration: 190 bestvalit: 0.015090 bestmemit:   49.991823  -15.583186    1.000000    0.033893    0.259167
Iteration: 191 bestvalit: 0.015090 bestmemit:   49.991823  -15.583186    1.000000    0.033893    0.259167
Iteration: 192 bestvalit: 0.015090 bestmemit:   49.983681  -15.747642    1.000000    0.006272    0.273796
Iteration: 193 bestvalit: 0.015090 bestmemit:   49.983681  -15.747642    1.000000    0.006272    0.273796
Iteration: 194 bestvalit: 0.015090 bestmemit:   49.983681  -15.747642    1.000000    0.006272    0.273796
Iteration: 195 bestvalit: 0.015090 bestmemit:   49.983681  -15.747642    1.000000    0.006272    0.273796
Iteration: 196 bestvalit: 0.015090 bestmemit:   49.983681  -15.747642    1.000000    0.006272    0.273796
Iteration: 197 bestvalit: 0.015090 bestmemit:   49.992168  -15.694357    1.000000    0.024636    0.270570
Iteration: 198 bestvalit: 0.015090 bestmemit:   49.992168  -15.694357    1.000000    0.024636    0.270570
Iteration: 199 bestvalit: 0.015090 bestmemit:   49.983929  -15.651842    1.000000    0.016185    0.264839
Iteration: 200 bestvalit: 0.015090 bestmemit:   49.983929  -15.651842    1.000000    0.016185    0.264839
Iteration: 201 bestvalit: 0.015090 bestmemit:   49.992521  -15.589780    1.000000    0.005893    0.258250
Iteration: 202 bestvalit: 0.015090 bestmemit:   49.992521  -15.589780    1.000000    0.005893    0.258250
Iteration: 203 bestvalit: 0.015090 bestmemit:   49.992521  -15.589780    1.000000    0.005893    0.258250
Iteration: 204 bestvalit: 0.015090 bestmemit:   49.992521  -15.589780    1.000000    0.005893    0.258250
Iteration: 205 bestvalit: 0.015090 bestmemit:   49.992521  -15.630140    1.000000    0.005893    0.258250
Iteration: 206 bestvalit: 0.015090 bestmemit:   49.992521  -15.630140    1.000000    0.005893    0.258250
Iteration: 207 bestvalit: 0.015089 bestmemit:   49.999165  -15.600701    1.000000    0.005893    0.258250
Iteration: 208 bestvalit: 0.015089 bestmemit:   49.999165  -15.600701    1.000000    0.005893    0.258250
Iteration: 209 bestvalit: 0.015089 bestmemit:   49.999165  -15.600701    1.000000    0.005893    0.258250
Iteration: 210 bestvalit: 0.015089 bestmemit:   49.999165  -15.600701    1.000000    0.005893    0.258250
Iteration: 211 bestvalit: 0.015089 bestmemit:   49.999165  -15.600701    1.000000    0.005893    0.258250
Iteration: 212 bestvalit: 0.015089 bestmemit:   49.999165  -15.600701    1.000000    0.005893    0.258250
Iteration: 213 bestvalit: 0.015089 bestmemit:   49.999165  -15.600701    1.000000    0.005893    0.258250
Iteration: 214 bestvalit: 0.015089 bestmemit:   49.999165  -15.600701    1.000000    0.005893    0.258250
Iteration: 215 bestvalit: 0.015089 bestmemit:   49.999165  -15.600701    1.000000    0.005893    0.258250
Iteration: 216 bestvalit: 0.015089 bestmemit:   49.999165  -15.600701    1.000000    0.005893    0.258250
Iteration: 217 bestvalit: 0.015089 bestmemit:   49.999165  -15.639576    1.000000    0.005893    0.258250
Iteration: 218 bestvalit: 0.015089 bestmemit:   49.999165  -15.639576    1.000000    0.005893    0.258250
Iteration: 219 bestvalit: 0.015089 bestmemit:   49.999165  -15.639576    1.000000    0.005893    0.258250
Iteration: 220 bestvalit: 0.015089 bestmemit:   49.999165  -15.639576    1.000000    0.005893    0.258250
Iteration: 221 bestvalit: 0.015089 bestmemit:   49.996967  -15.651842    1.000000    0.001483    0.257833
Iteration: 222 bestvalit: 0.015089 bestmemit:   49.997066  -15.614561    1.000000    0.000045    0.259064
Iteration: 223 bestvalit: 0.015089 bestmemit:   49.997066  -15.614561    1.000000    0.000045    0.259064
Iteration: 224 bestvalit: 0.015089 bestmemit:   49.997066  -15.614561    1.000000    0.000045    0.259064
Iteration: 225 bestvalit: 0.015089 bestmemit:   49.997066  -15.614561    1.000000    0.000045    0.259064
Iteration: 226 bestvalit: 0.015089 bestmemit:   49.997066  -15.614561    1.000000    0.000045    0.259064
Iteration: 227 bestvalit: 0.015089 bestmemit:   49.997066  -15.614561    1.000000    0.000045    0.259064
Iteration: 228 bestvalit: 0.015089 bestmemit:   49.999165  -15.639576    1.000000    0.000192    0.261246
Iteration: 229 bestvalit: 0.015089 bestmemit:   49.999165  -15.639576    1.000000    0.000192    0.261246
Iteration: 230 bestvalit: 0.015089 bestmemit:   49.999165  -15.639576    1.000000    0.000192    0.261246
Iteration: 231 bestvalit: 0.015089 bestmemit:   49.999165  -15.639576    1.000000    0.000192    0.261246
Iteration: 232 bestvalit: 0.015089 bestmemit:   49.999165  -15.639576    1.000000    0.000192    0.261246
Iteration: 233 bestvalit: 0.015089 bestmemit:   49.999165  -15.639576    1.000000    0.000192    0.261246
Iteration: 234 bestvalit: 0.015089 bestmemit:   49.999165  -15.639576    1.000000    0.000192    0.261246
Iteration: 235 bestvalit: 0.015089 bestmemit:   49.999165  -15.639576    1.000000    0.000192    0.261246
Iteration: 236 bestvalit: 0.015089 bestmemit:   49.999165  -15.639576    1.000000    0.000192    0.261246
Iteration: 237 bestvalit: 0.015089 bestmemit:   49.999165  -15.639576    1.000000    0.000192    0.261246
Iteration: 238 bestvalit: 0.015089 bestmemit:   49.999165  -15.639576    1.000000    0.000192    0.261246
Iteration: 239 bestvalit: 0.015089 bestmemit:   49.999543  -15.657359    1.000000    0.001094    0.261964
Iteration: 240 bestvalit: 0.015089 bestmemit:   49.999543  -15.657359    1.000000    0.001094    0.261964
Iteration: 241 bestvalit: 0.015089 bestmemit:   49.999543  -15.657359    1.000000    0.001094    0.261964
Iteration: 242 bestvalit: 0.015089 bestmemit:   49.999543  -15.657359    1.000000    0.001094    0.261964
Iteration: 243 bestvalit: 0.015089 bestmemit:   49.999543  -15.657359    1.000000    0.001094    0.261964
Iteration: 244 bestvalit: 0.015089 bestmemit:   49.999543  -15.657359    1.000000    0.001094    0.261964
Iteration: 245 bestvalit: 0.015089 bestmemit:   49.999576  -15.651004    1.000000    0.000015    0.262433
Iteration: 246 bestvalit: 0.015089 bestmemit:   49.999576  -15.651004    1.000000    0.000015    0.260148
Iteration: 247 bestvalit: 0.015089 bestmemit:   49.999576  -15.651004    1.000000    0.000015    0.260148
Iteration: 248 bestvalit: 0.015089 bestmemit:   49.999576  -15.651004    1.000000    0.000015    0.260148
Iteration: 249 bestvalit: 0.015089 bestmemit:   49.999576  -15.651004    1.000000    0.000015    0.260148
Iteration: 250 bestvalit: 0.015089 bestmemit:   49.999576  -15.651004    1.000000    0.000015    0.260148
Iteration: 251 bestvalit: 0.015089 bestmemit:   49.999576  -15.651004    1.000000    0.000015    0.260148
Iteration: 252 bestvalit: 0.015089 bestmemit:   49.999576  -15.651004    1.000000    0.000015    0.260148
Iteration: 253 bestvalit: 0.015089 bestmemit:   49.999825  -15.645207    1.000000    0.000041    0.260580
Iteration: 254 bestvalit: 0.015089 bestmemit:   49.999825  -15.645207    1.000000    0.000041    0.260580
Iteration: 255 bestvalit: 0.015089 bestmemit:   49.999825  -15.645207    1.000000    0.000041    0.260580
Iteration: 256 bestvalit: 0.015089 bestmemit:   49.999825  -15.645207    1.000000    0.000041    0.260580
Iteration: 257 bestvalit: 0.015089 bestmemit:   49.999825  -15.650443    1.000000    0.000041    0.260580
Iteration: 258 bestvalit: 0.015089 bestmemit:   49.999825  -15.650443    1.000000    0.000041    0.260580
Iteration: 259 bestvalit: 0.015089 bestmemit:   49.999825  -15.650443    1.000000    0.000041    0.260580
Iteration: 260 bestvalit: 0.015089 bestmemit:   49.999825  -15.650443    1.000000    0.000041    0.260580
Iteration: 261 bestvalit: 0.015089 bestmemit:   49.999825  -15.650443    1.000000    0.000041    0.260580
Iteration: 262 bestvalit: 0.015089 bestmemit:   49.999825  -15.650443    1.000000    0.000041    0.260580
Iteration: 263 bestvalit: 0.015089 bestmemit:   49.999825  -15.650443    1.000000    0.000022    0.260580
Iteration: 264 bestvalit: 0.015089 bestmemit:   49.999932  -15.650443    1.000000    0.000022    0.260580
Iteration: 265 bestvalit: 0.015089 bestmemit:   49.999932  -15.650443    1.000000    0.000022    0.260580
Iteration: 266 bestvalit: 0.015089 bestmemit:   49.999932  -15.650443    1.000000    0.000022    0.260580
Iteration: 267 bestvalit: 0.015089 bestmemit:   49.999932  -15.650443    1.000000    0.000022    0.260785
Iteration: 268 bestvalit: 0.015089 bestmemit:   49.999932  -15.650443    1.000000    0.000022    0.260785
Iteration: 269 bestvalit: 0.015089 bestmemit:   49.999932  -15.650443    1.000000    0.000022    0.260785
Iteration: 270 bestvalit: 0.015089 bestmemit:   49.999932  -15.650443    1.000000    0.000022    0.260785
Iteration: 271 bestvalit: 0.015089 bestmemit:   49.999932  -15.650443    1.000000    0.000022    0.260785
Iteration: 272 bestvalit: 0.015089 bestmemit:   49.999932  -15.650443    1.000000    0.000022    0.260785
Iteration: 273 bestvalit: 0.015089 bestmemit:   49.999941  -15.652245    1.000000    0.000015    0.260944
Iteration: 274 bestvalit: 0.015089 bestmemit:   50.000000  -15.660850    1.000000    0.000002    0.261925
Iteration: 275 bestvalit: 0.015089 bestmemit:   49.999941  -15.652245    1.000000    0.000002    0.260944
Iteration: 276 bestvalit: 0.015089 bestmemit:   49.999941  -15.652245    1.000000    0.000002    0.260944
Iteration: 277 bestvalit: 0.015089 bestmemit:   49.999941  -15.652245    1.000000    0.000002    0.260944
Iteration: 278 bestvalit: 0.015089 bestmemit:   49.999941  -15.652245    1.000000    0.000002    0.260944
Iteration: 279 bestvalit: 0.015089 bestmemit:   49.999974  -15.649125    1.000000    0.000020    0.260603
Iteration: 280 bestvalit: 0.015089 bestmemit:   49.999974  -15.649125    1.000000    0.000020    0.260603
Iteration: 281 bestvalit: 0.015089 bestmemit:   49.999974  -15.649125    1.000000    0.000020    0.260603
Iteration: 282 bestvalit: 0.015089 bestmemit:   49.999974  -15.649125    1.000000    0.000020    0.260603
Iteration: 283 bestvalit: 0.015089 bestmemit:   49.999976  -15.651013    1.000000    0.000020    0.260901
Iteration: 284 bestvalit: 0.015089 bestmemit:   49.999986  -15.649664    1.000000    0.000019    0.260563
Iteration: 285 bestvalit: 0.015089 bestmemit:   49.999986  -15.649664    1.000000    0.000019    0.260563
Iteration: 286 bestvalit: 0.015089 bestmemit:   49.999997  -15.652552    1.000000    0.000008    0.260903
Iteration: 287 bestvalit: 0.015089 bestmemit:   49.999997  -15.652552    1.000000    0.000008    0.260903
Iteration: 288 bestvalit: 0.015089 bestmemit:   49.999997  -15.652552    1.000000    0.000008    0.260903
Iteration: 289 bestvalit: 0.015089 bestmemit:   49.999997  -15.652552    1.000000    0.000008    0.260903
Iteration: 290 bestvalit: 0.015089 bestmemit:   49.999997  -15.652552    1.000000    0.000008    0.260903
Iteration: 291 bestvalit: 0.015089 bestmemit:   49.999993  -15.651561    1.000000    0.000002    0.260944
Iteration: 292 bestvalit: 0.015089 bestmemit:   49.999993  -15.652011    1.000000    0.000001    0.260952
Iteration: 293 bestvalit: 0.015089 bestmemit:   49.999993  -15.652011    1.000000    0.000001    0.260952
Iteration: 294 bestvalit: 0.015089 bestmemit:   49.999993  -15.652011    1.000000    0.000001    0.260952
Iteration: 295 bestvalit: 0.015089 bestmemit:   49.999993  -15.652011    1.000000    0.000001    0.260952
Iteration: 296 bestvalit: 0.015089 bestmemit:   49.999997  -15.652552    1.000000    0.000000    0.260903
Iteration: 297 bestvalit: 0.015089 bestmemit:   49.999997  -15.652552    1.000000    0.000000    0.260903
Iteration: 298 bestvalit: 0.015089 bestmemit:   49.999997  -15.652552    1.000000    0.000000    0.260971
Iteration: 299 bestvalit: 0.015089 bestmemit:   49.999997  -15.652552    1.000000    0.000000    0.260971
Iteration: 300 bestvalit: 0.015089 bestmemit:   49.999997  -15.652552    1.000000    0.000000    0.261082
Iteration: 301 bestvalit: 0.015089 bestmemit:   49.999997  -15.652552    1.000000    0.000000    0.261082
Iteration: 302 bestvalit: 0.015089 bestmemit:   49.999997  -15.652552    1.000000    0.000000    0.261082
Iteration: 303 bestvalit: 0.015089 bestmemit:   49.999997  -15.652552    1.000000    0.000000    0.261082
Iteration: 304 bestvalit: 0.015089 bestmemit:   49.999997  -15.652552    1.000000    0.000000    0.261082
Iteration: 305 bestvalit: 0.015089 bestmemit:   49.999997  -15.652552    1.000000    0.000000    0.261082
Iteration: 306 bestvalit: 0.015089 bestmemit:   49.999997  -15.652552    1.000000    0.000000    0.261082
Iteration: 307 bestvalit: 0.015089 bestmemit:   49.999999  -15.651628    1.000000    0.000004    0.261009
Iteration: 308 bestvalit: 0.015089 bestmemit:   49.999999  -15.651628    1.000000    0.000004    0.261009
Iteration: 309 bestvalit: 0.015089 bestmemit:   49.999999  -15.651628    1.000000    0.000004    0.261009
Iteration: 310 bestvalit: 0.015089 bestmemit:   49.999998  -15.651252    1.000000    0.000000    0.260973
Iteration: 311 bestvalit: 0.015089 bestmemit:   49.999998  -15.651252    1.000000    0.000000    0.260973
Iteration: 312 bestvalit: 0.015089 bestmemit:   49.999998  -15.651252    1.000000    0.000000    0.260973
Iteration: 313 bestvalit: 0.015089 bestmemit:   49.999998  -15.651252    1.000000    0.000000    0.260973
Iteration: 314 bestvalit: 0.015089 bestmemit:   49.999999  -15.651795    1.000000    0.000002    0.260963
Iteration: 315 bestvalit: 0.015089 bestmemit:   49.999999  -15.651628    1.000000    0.000001    0.261009
Iteration: 316 bestvalit: 0.015089 bestmemit:   49.999999  -15.651628    1.000000    0.000001    0.261009
Iteration: 317 bestvalit: 0.015089 bestmemit:   49.999999  -15.651628    1.000000    0.000001    0.261009
Iteration: 318 bestvalit: 0.015089 bestmemit:   49.999999  -15.651628    1.000000    0.000001    0.261009
Iteration: 319 bestvalit: 0.015089 bestmemit:   49.999999  -15.650896    1.000000    0.000000    0.260922
Iteration: 320 bestvalit: 0.015089 bestmemit:   49.999999  -15.651606    1.000000    0.000000    0.260922
Iteration: 321 bestvalit: 0.015089 bestmemit:   49.999999  -15.651606    1.000000    0.000000    0.260922
Iteration: 322 bestvalit: 0.015089 bestmemit:   49.999999  -15.651544    1.000000    0.000000    0.260990
Iteration: 323 bestvalit: 0.015089 bestmemit:   49.999999  -15.651628    1.000000    0.000000    0.260943
Iteration: 324 bestvalit: 0.015089 bestmemit:   50.000000  -15.651630    1.000000    0.000001    0.260990
Iteration: 325 bestvalit: 0.015089 bestmemit:   50.000000  -15.651630    1.000000    0.000001    0.260990
Iteration: 326 bestvalit: 0.015089 bestmemit:   50.000000  -15.651630    1.000000    0.000001    0.260990
Iteration: 327 bestvalit: 0.015089 bestmemit:   50.000000  -15.651630    1.000000    0.000001    0.260990
Iteration: 328 bestvalit: 0.015089 bestmemit:   50.000000  -15.651630    1.000000    0.000001    0.260990
Iteration: 329 bestvalit: 0.015089 bestmemit:   50.000000  -15.651630    1.000000    0.000000    0.260990
Iteration: 330 bestvalit: 0.015089 bestmemit:   50.000000  -15.651630    1.000000    0.000000    0.260990
Iteration: 331 bestvalit: 0.015089 bestmemit:   50.000000  -15.651630    1.000000    0.000000    0.260990
Iteration: 332 bestvalit: 0.015089 bestmemit:   50.000000  -15.651628    1.000000    0.000000    0.260943
Iteration: 333 bestvalit: 0.015089 bestmemit:   50.000000  -15.651630    1.000000    0.000000    0.260990
Iteration: 334 bestvalit: 0.015089 bestmemit:   50.000000  -15.651630    1.000000    0.000000    0.260990
Iteration: 335 bestvalit: 0.015089 bestmemit:   50.000000  -15.651630    1.000000    0.000000    0.260990

***** summary of DEoptim object ***** 
best member   :  50 -15.65163 1 0 0.26099 
best value    :  0.01509 
after         :  335 generations 
fn evaluated  :  672 times 
*************************************
