SLURM_JOB_ID: 55402980
SLURM_JOB_USER: vsc34066
SLURM_JOB_ACCOUNT: lp_desenderlab
SLURM_JOB_NAME: par_recov_alternating_fb_sim_alpha_learn.slurm
SLURM_CLUSTER_NAME: genius
SLURM_JOB_PARTITION: batch
SLURM_ARRAY_JOB_ID: 55402977
SLURM_ARRAY_TASK_ID: 3
SLURM_NNODES: 1
SLURM_NODELIST: r22i27n02
SLURM_JOB_CPUS_PER_NODE: 8
Date: Sun Dec  3 23:43:50 CET 2023
Walltime: 01-06:00:00
========================================================================
Iteration: 1 bestvalit: 0.045505 bestmemit:   35.074705  -62.382149    1.000000  104.772438   92.921981
Iteration: 2 bestvalit: 0.045505 bestmemit:   35.074705  -62.382149    1.000000  104.772438   92.921981
Iteration: 3 bestvalit: 0.045098 bestmemit:   46.155490   86.709745    1.000000  104.772438   92.921981
Iteration: 4 bestvalit: 0.045098 bestmemit:   46.155490   86.709745    1.000000  104.772438   92.921981
Iteration: 5 bestvalit: 0.045098 bestmemit:   46.155490   86.709745    1.000000  104.772438   92.921981
Iteration: 6 bestvalit: 0.045098 bestmemit:   46.155490   86.709745    1.000000  104.772438   92.921981
Iteration: 7 bestvalit: 0.045098 bestmemit:   46.155490   86.709745    1.000000  104.772438   92.921981
Iteration: 8 bestvalit: 0.045046 bestmemit:   46.155490   69.336870    1.000000  104.772438   92.921981
Iteration: 9 bestvalit: 0.045044 bestmemit:   45.394684   69.336870    1.000000  104.772438   92.921981
Iteration: 10 bestvalit: 0.033684 bestmemit:   11.072729   44.274869    1.000000   80.246627   24.070831
Iteration: 11 bestvalit: 0.033684 bestmemit:   11.072729   44.274869    1.000000   80.246627   24.070831
Iteration: 12 bestvalit: 0.017001 bestmemit:   46.535524  -55.990644    1.000000   28.564951  153.217585
Iteration: 13 bestvalit: 0.017001 bestmemit:   46.535524  -55.990644    1.000000   28.564951  153.217585
Iteration: 14 bestvalit: 0.017001 bestmemit:   46.535524  -55.990644    1.000000   28.564951  153.217585
Iteration: 15 bestvalit: 0.017001 bestmemit:   46.535524  -55.990644    1.000000   28.564951  153.217585
Iteration: 16 bestvalit: 0.017001 bestmemit:   46.535524  -55.990644    1.000000   28.564951  153.217585
Iteration: 17 bestvalit: 0.017001 bestmemit:   46.535524  -55.990644    1.000000   28.564951  153.217585
Iteration: 18 bestvalit: 0.017001 bestmemit:   46.535524  -55.990644    1.000000   28.564951  153.217585
Iteration: 19 bestvalit: 0.017001 bestmemit:   46.535524  -55.990644    1.000000   28.564951  153.217585
Iteration: 20 bestvalit: 0.017001 bestmemit:   46.535524  -55.990644    1.000000   28.564951  153.217585
Iteration: 21 bestvalit: 0.017001 bestmemit:   46.535524  -55.990644    1.000000   28.564951  153.217585
Iteration: 22 bestvalit: 0.017001 bestmemit:   46.535524  -55.990644    1.000000   28.564951  153.217585
Iteration: 23 bestvalit: 0.017001 bestmemit:   46.535524  -55.990644    1.000000   28.564951  153.217585
Iteration: 24 bestvalit: 0.005002 bestmemit:   16.183762   44.274869    1.000000    2.315334   24.070831
Iteration: 25 bestvalit: 0.005002 bestmemit:   16.183762   44.274869    1.000000    2.315334   24.070831
Iteration: 26 bestvalit: 0.004913 bestmemit:   18.330429   20.666239    1.000000    2.315334   24.070831
Iteration: 27 bestvalit: 0.004913 bestmemit:   18.330429   20.666239    1.000000    2.315334   24.070831
Iteration: 28 bestvalit: 0.004913 bestmemit:   18.330429   20.666239    1.000000    2.315334   24.070831
Iteration: 29 bestvalit: 0.004913 bestmemit:   18.330429   20.666239    1.000000    2.315334   24.070831
Iteration: 30 bestvalit: 0.004913 bestmemit:   18.330429   20.666239    1.000000    2.315334   24.070831
Iteration: 31 bestvalit: 0.004913 bestmemit:   18.330429   20.666239    1.000000    2.315334   24.070831
Iteration: 32 bestvalit: 0.004913 bestmemit:   18.330429   20.666239    1.000000    2.315334   24.070831
Iteration: 33 bestvalit: 0.004097 bestmemit:   11.875315   20.666239    1.000000    2.315334   24.070831
Iteration: 34 bestvalit: 0.004063 bestmemit:   11.402497   20.666239    1.000000    2.315334   24.070831
Iteration: 35 bestvalit: 0.004063 bestmemit:   11.402497   20.666239    1.000000    2.315334   24.070831
Iteration: 36 bestvalit: 0.004063 bestmemit:   11.402497   20.666239    1.000000    2.315334   24.070831
Iteration: 37 bestvalit: 0.004063 bestmemit:   11.402497   20.666239    1.000000    2.315334   24.070831
Iteration: 38 bestvalit: 0.004063 bestmemit:   11.402497   20.666239    1.000000    2.315334   24.070831
Iteration: 39 bestvalit: 0.004063 bestmemit:   11.402497   20.666239    1.000000    2.315334   24.070831
Iteration: 40 bestvalit: 0.004063 bestmemit:   11.402497   20.666239    1.000000    2.315334   24.070831
Iteration: 41 bestvalit: 0.004063 bestmemit:   11.402497   20.666239    1.000000    2.315334   24.070831
Iteration: 42 bestvalit: 0.004063 bestmemit:   11.402497   20.666239    1.000000    2.315334   24.070831
Iteration: 43 bestvalit: 0.004063 bestmemit:   11.402497   20.666239    1.000000    2.315334   24.070831
Iteration: 44 bestvalit: 0.004063 bestmemit:   11.402497   20.666239    1.000000    2.315334   24.070831
Iteration: 45 bestvalit: 0.004063 bestmemit:   11.402497   20.666239    1.000000    2.315334   24.070831
Iteration: 46 bestvalit: 0.004063 bestmemit:   11.402497   20.666239    1.000000    2.315334   24.070831
Iteration: 47 bestvalit: 0.004063 bestmemit:   11.402497   20.666239    1.000000    2.315334   24.070831
Iteration: 48 bestvalit: 0.004063 bestmemit:   11.402497   20.666239    1.000000    2.315334   24.070831
Iteration: 49 bestvalit: 0.004063 bestmemit:   11.402497   20.666239    1.000000    2.315334   24.070831
Iteration: 50 bestvalit: 0.004041 bestmemit:   11.402497   16.570368    1.000000    2.315334   24.070831
Iteration: 51 bestvalit: 0.004041 bestmemit:   11.402497   16.570368    1.000000    2.315334   24.070831
Iteration: 52 bestvalit: 0.004041 bestmemit:   11.402497   16.570368    1.000000    2.315334   24.070831
Iteration: 53 bestvalit: 0.002511 bestmemit:   17.654231    3.183719    1.000000    4.339238    6.277965
Iteration: 54 bestvalit: 0.002511 bestmemit:   17.654231    3.183719    1.000000    4.339238    6.277965
Iteration: 55 bestvalit: 0.002511 bestmemit:   17.654231    3.183719    1.000000    4.339238    6.277965
Iteration: 56 bestvalit: 0.002511 bestmemit:   17.654231    3.183719    1.000000    4.339238    6.277965
Iteration: 57 bestvalit: 0.002511 bestmemit:   17.654231    3.183719    1.000000    4.339238    6.277965
Iteration: 58 bestvalit: 0.002511 bestmemit:   17.654231    3.183719    1.000000    4.339238    6.277965
Iteration: 59 bestvalit: 0.002511 bestmemit:   17.654231    3.183719    1.000000    4.339238    6.277965
Iteration: 60 bestvalit: 0.002511 bestmemit:   17.654231    3.183719    1.000000    4.339238    6.277965
Iteration: 61 bestvalit: 0.002175 bestmemit:    7.243522   18.863377    1.000000    1.206604    1.687300
Iteration: 62 bestvalit: 0.002175 bestmemit:    7.243522   18.863377    1.000000    1.206604    1.687300
Iteration: 63 bestvalit: 0.001800 bestmemit:   10.429024    3.435587    1.000000    2.608198    3.562140
Iteration: 64 bestvalit: 0.001800 bestmemit:   10.429024    3.435587    1.000000    2.608198    3.562140
Iteration: 65 bestvalit: 0.001800 bestmemit:   10.429024    3.435587    1.000000    2.608198    3.562140
Iteration: 66 bestvalit: 0.001800 bestmemit:   10.429024    3.435587    1.000000    2.608198    3.562140
Iteration: 67 bestvalit: 0.001645 bestmemit:    7.485364   10.285664    1.000000    2.608198    3.562140
Iteration: 68 bestvalit: 0.001645 bestmemit:    7.485364   10.285664    1.000000    2.608198    3.562140
Iteration: 69 bestvalit: 0.001232 bestmemit:    7.243522    8.898321    1.000000    1.206604    1.687300
Iteration: 70 bestvalit: 0.001232 bestmemit:    7.243522    8.898321    1.000000    1.206604    1.687300
Iteration: 71 bestvalit: 0.001232 bestmemit:    7.243522    8.898321    1.000000    1.206604    1.687300
Iteration: 72 bestvalit: 0.001232 bestmemit:    7.243522    8.898321    1.000000    1.206604    1.687300
Iteration: 73 bestvalit: 0.001205 bestmemit:    7.243522   11.972330    1.000000    1.206604    1.687300
Iteration: 74 bestvalit: 0.001205 bestmemit:    7.243522   11.972330    1.000000    1.206604    1.687300
Iteration: 75 bestvalit: 0.001205 bestmemit:    7.243522   11.972330    1.000000    1.206604    1.687300
Iteration: 76 bestvalit: 0.001205 bestmemit:    7.243522   11.972330    1.000000    1.206604    1.687300
Iteration: 77 bestvalit: 0.001205 bestmemit:    7.243522   11.972330    1.000000    1.206604    1.687300
Iteration: 78 bestvalit: 0.001186 bestmemit:    7.575270   11.549526    1.000000    1.432624    1.429703
Iteration: 79 bestvalit: 0.001186 bestmemit:    7.575270   11.549526    1.000000    1.432624    1.429703
Iteration: 80 bestvalit: 0.001186 bestmemit:    7.575270   11.549526    1.000000    1.432624    1.429703
Iteration: 81 bestvalit: 0.001186 bestmemit:    7.575270   11.549526    1.000000    1.432624    1.429703
Iteration: 82 bestvalit: 0.001186 bestmemit:    7.575270   11.549526    1.000000    1.432624    1.429703
Iteration: 83 bestvalit: 0.001151 bestmemit:    7.216545   11.536497    1.000000    1.102597    0.988960
Iteration: 84 bestvalit: 0.001151 bestmemit:    7.216545   11.536497    1.000000    1.102597    0.988960
Iteration: 85 bestvalit: 0.001151 bestmemit:    7.216545   11.536497    1.000000    1.102597    0.988960
Iteration: 86 bestvalit: 0.001151 bestmemit:    7.216545   11.536497    1.000000    1.102597    0.988960
Iteration: 87 bestvalit: 0.001151 bestmemit:    7.216545   11.536497    1.000000    1.102597    0.988960
Iteration: 88 bestvalit: 0.001151 bestmemit:    7.010321   11.589604    1.000000    1.146078    1.066634
Iteration: 89 bestvalit: 0.001151 bestmemit:    7.010321   11.589604    1.000000    1.146078    1.066634
Iteration: 90 bestvalit: 0.001151 bestmemit:    7.010321   11.589604    1.000000    1.146078    1.066634
Iteration: 91 bestvalit: 0.001151 bestmemit:    7.010321   11.589604    1.000000    1.146078    1.066634
Iteration: 92 bestvalit: 0.001151 bestmemit:    7.010321   11.589604    1.000000    1.146078    1.066634
Iteration: 93 bestvalit: 0.001151 bestmemit:    7.010321   11.589604    1.000000    1.146078    1.066634
Iteration: 94 bestvalit: 0.001139 bestmemit:    7.331552   10.489567    1.000000    1.001544    1.093020
Iteration: 95 bestvalit: 0.001139 bestmemit:    7.331552   10.489567    1.000000    1.001544    1.093020
Iteration: 96 bestvalit: 0.001139 bestmemit:    7.331552   10.489567    1.000000    1.001544    1.093020
Iteration: 97 bestvalit: 0.001139 bestmemit:    7.331552   10.489567    1.000000    1.001544    1.093020
Iteration: 98 bestvalit: 0.001139 bestmemit:    7.331552   10.489567    1.000000    1.001544    1.093020
Iteration: 99 bestvalit: 0.001139 bestmemit:    7.331552   10.489567    1.000000    1.001544    1.093020
Iteration: 100 bestvalit: 0.001134 bestmemit:    6.856675   11.052223    1.000000    1.007344    0.937228
Iteration: 101 bestvalit: 0.001134 bestmemit:    6.856675   11.052223    1.000000    1.007344    0.937228
Iteration: 102 bestvalit: 0.001134 bestmemit:    6.856675   11.052223    1.000000    1.007344    0.937228
Iteration: 103 bestvalit: 0.001130 bestmemit:    5.983455   11.468650    1.000000    0.558041    0.175086
Iteration: 104 bestvalit: 0.001130 bestmemit:    5.983455   11.468650    1.000000    0.558041    0.175086
Iteration: 105 bestvalit: 0.001130 bestmemit:    5.983455   11.468650    1.000000    0.558041    0.175086
Iteration: 106 bestvalit: 0.001130 bestmemit:    5.983455   11.468650    1.000000    0.558041    0.175086
Iteration: 107 bestvalit: 0.001125 bestmemit:    5.983455   11.468650    1.000000    0.558041    0.353271
Iteration: 108 bestvalit: 0.001125 bestmemit:    5.983455   11.468650    1.000000    0.558041    0.353271
Iteration: 109 bestvalit: 0.001125 bestmemit:    5.983455   11.468650    1.000000    0.558041    0.353271
Iteration: 110 bestvalit: 0.001125 bestmemit:    5.983455   11.468650    1.000000    0.558041    0.353271
Iteration: 111 bestvalit: 0.001125 bestmemit:    5.983455   11.468650    1.000000    0.558041    0.353271
Iteration: 112 bestvalit: 0.001125 bestmemit:    5.983455   11.468650    1.000000    0.558041    0.353271
Iteration: 113 bestvalit: 0.001125 bestmemit:    5.983455   11.468650    1.000000    0.558041    0.353271
Iteration: 114 bestvalit: 0.001125 bestmemit:    5.983455   11.468650    1.000000    0.558041    0.353271
Iteration: 115 bestvalit: 0.001125 bestmemit:    5.983455   11.468650    1.000000    0.558041    0.353271
Iteration: 116 bestvalit: 0.001125 bestmemit:    5.983455   11.468650    1.000000    0.558041    0.353271
Iteration: 117 bestvalit: 0.001125 bestmemit:    5.983455   11.468650    1.000000    0.558041    0.353271
Iteration: 118 bestvalit: 0.001125 bestmemit:    5.983455   11.468650    1.000000    0.558041    0.353271
Iteration: 119 bestvalit: 0.001125 bestmemit:    5.983455   11.468650    1.000000    0.558041    0.353271
Iteration: 120 bestvalit: 0.001125 bestmemit:    5.983455   11.468650    1.000000    0.558041    0.353271
Iteration: 121 bestvalit: 0.001125 bestmemit:    5.983455   11.468650    1.000000    0.558041    0.353271
Iteration: 122 bestvalit: 0.001124 bestmemit:    5.904323   11.468650    1.000000    0.558041    0.353271
Iteration: 123 bestvalit: 0.001122 bestmemit:    6.579639   10.959249    1.000000    0.738334    0.605306
Iteration: 124 bestvalit: 0.001122 bestmemit:    6.579639   10.959249    1.000000    0.738334    0.605306
Iteration: 125 bestvalit: 0.001122 bestmemit:    6.579639   10.959249    1.000000    0.738334    0.605306
Iteration: 126 bestvalit: 0.001122 bestmemit:    6.579639   10.959249    1.000000    0.738334    0.605306
Iteration: 127 bestvalit: 0.001122 bestmemit:    6.620030   10.851414    1.000000    0.717912    0.558313
Iteration: 128 bestvalit: 0.001122 bestmemit:    6.620030   10.851414    1.000000    0.717912    0.558313
Iteration: 129 bestvalit: 0.001122 bestmemit:    6.620030   10.851414    1.000000    0.717912    0.558313
Iteration: 130 bestvalit: 0.001122 bestmemit:    6.620030   10.851414    1.000000    0.717912    0.558313
Iteration: 131 bestvalit: 0.001122 bestmemit:    6.620030   10.851414    1.000000    0.717912    0.558313
Iteration: 132 bestvalit: 0.001122 bestmemit:    6.620030   10.851414    1.000000    0.717912    0.558313
Iteration: 133 bestvalit: 0.001122 bestmemit:    6.620030   10.851414    1.000000    0.717912    0.558313
Iteration: 134 bestvalit: 0.001122 bestmemit:    6.620030   10.851414    1.000000    0.717912    0.558313
Iteration: 135 bestvalit: 0.001122 bestmemit:    6.620030   10.851414    1.000000    0.717912    0.558313
Iteration: 136 bestvalit: 0.001122 bestmemit:    6.620030   10.851414    1.000000    0.717912    0.558313
Iteration: 137 bestvalit: 0.001122 bestmemit:    6.620030   10.851414    1.000000    0.717912    0.558313
Iteration: 138 bestvalit: 0.001122 bestmemit:    6.620030   10.851414    1.000000    0.723668    0.558313
Iteration: 139 bestvalit: 0.001122 bestmemit:    6.620030   10.851414    1.000000    0.723668    0.558313
Iteration: 140 bestvalit: 0.001122 bestmemit:    6.620030   10.851414    1.000000    0.723668    0.558313
Iteration: 141 bestvalit: 0.001122 bestmemit:    6.620030   10.851414    1.000000    0.723668    0.558313
Iteration: 142 bestvalit: 0.001121 bestmemit:    6.411487   10.968764    1.000000    0.693313    0.522902
Iteration: 143 bestvalit: 0.001121 bestmemit:    6.411487   10.968764    1.000000    0.693313    0.522902
Iteration: 144 bestvalit: 0.001121 bestmemit:    6.411487   10.968764    1.000000    0.693313    0.522902
Iteration: 145 bestvalit: 0.001121 bestmemit:    6.411487   10.968764    1.000000    0.693313    0.522902
Iteration: 146 bestvalit: 0.001121 bestmemit:    6.411487   10.968764    1.000000    0.693313    0.522902
Iteration: 147 bestvalit: 0.001121 bestmemit:    6.411487   10.968764    1.000000    0.693313    0.522902
Iteration: 148 bestvalit: 0.001121 bestmemit:    6.411487   10.968764    1.000000    0.693313    0.522902
Iteration: 149 bestvalit: 0.001121 bestmemit:    6.411487   10.968764    1.000000    0.693313    0.522902
Iteration: 150 bestvalit: 0.001121 bestmemit:    6.411487   10.968764    1.000000    0.693313    0.522902
Iteration: 151 bestvalit: 0.001121 bestmemit:    6.411487   10.968764    1.000000    0.693313    0.522902
Iteration: 152 bestvalit: 0.001121 bestmemit:    6.411487   10.968764    1.000000    0.693313    0.522902
Iteration: 153 bestvalit: 0.001121 bestmemit:    6.411487   10.968764    1.000000    0.693313    0.522902
Iteration: 154 bestvalit: 0.001121 bestmemit:    6.411487   10.968764    1.000000    0.693313    0.522902
Iteration: 155 bestvalit: 0.001121 bestmemit:    6.411487   10.968764    1.000000    0.693313    0.522902
Iteration: 156 bestvalit: 0.001121 bestmemit:    6.411487   10.968764    1.000000    0.693313    0.522902
Iteration: 157 bestvalit: 0.001121 bestmemit:    6.411487   10.968764    1.000000    0.693313    0.522902
Iteration: 158 bestvalit: 0.001121 bestmemit:    6.411487   10.968764    1.000000    0.693313    0.522902
Iteration: 159 bestvalit: 0.001121 bestmemit:    6.411487   10.968764    1.000000    0.693313    0.522902
Iteration: 160 bestvalit: 0.001121 bestmemit:    6.411487   10.968764    1.000000    0.693313    0.522902
Iteration: 161 bestvalit: 0.001121 bestmemit:    6.411487   10.968764    1.000000    0.693313    0.522902
Iteration: 162 bestvalit: 0.001121 bestmemit:    6.411487   10.968764    1.000000    0.693313    0.522902
Iteration: 163 bestvalit: 0.001121 bestmemit:    6.411487   10.968764    1.000000    0.693313    0.522902
Iteration: 164 bestvalit: 0.001121 bestmemit:    6.411487   10.968764    1.000000    0.693313    0.522902
Iteration: 165 bestvalit: 0.001121 bestmemit:    6.411487   10.968764    1.000000    0.693313    0.522902
Iteration: 166 bestvalit: 0.001121 bestmemit:    6.411487   10.968764    1.000000    0.693313    0.522902
Iteration: 167 bestvalit: 0.001121 bestmemit:    6.411487   10.968764    1.000000    0.693313    0.522902
Iteration: 168 bestvalit: 0.001121 bestmemit:    6.411487   10.968764    1.000000    0.693313    0.522902
Iteration: 169 bestvalit: 0.001121 bestmemit:    6.269525   11.055271    1.000000    0.653795    0.516120
Iteration: 170 bestvalit: 0.001121 bestmemit:    6.269525   11.055271    1.000000    0.653795    0.516120
Iteration: 171 bestvalit: 0.001121 bestmemit:    6.269525   11.055271    1.000000    0.653795    0.516120
Iteration: 172 bestvalit: 0.001121 bestmemit:    6.269525   11.055271    1.000000    0.653795    0.516120
Iteration: 173 bestvalit: 0.001121 bestmemit:    6.269525   11.055271    1.000000    0.653795    0.516120
Iteration: 174 bestvalit: 0.001121 bestmemit:    6.334995   11.050126    1.000000    0.664272    0.495981
Iteration: 175 bestvalit: 0.001121 bestmemit:    6.334995   11.050126    1.000000    0.664272    0.495981
Iteration: 176 bestvalit: 0.001121 bestmemit:    6.334995   11.050126    1.000000    0.664272    0.495981
Iteration: 177 bestvalit: 0.001121 bestmemit:    6.334995   11.050126    1.000000    0.664272    0.495981
Iteration: 178 bestvalit: 0.001121 bestmemit:    6.334995   11.050126    1.000000    0.664272    0.495981
Iteration: 179 bestvalit: 0.001121 bestmemit:    6.334995   11.050126    1.000000    0.664272    0.495981
Iteration: 180 bestvalit: 0.001121 bestmemit:    6.334995   11.050126    1.000000    0.664272    0.495981
Iteration: 181 bestvalit: 0.001121 bestmemit:    6.334995   11.050126    1.000000    0.664272    0.495981
Iteration: 182 bestvalit: 0.001121 bestmemit:    6.334995   11.050126    1.000000    0.664272    0.495981
Iteration: 183 bestvalit: 0.001121 bestmemit:    6.334995   11.050126    1.000000    0.664272    0.495981
Iteration: 184 bestvalit: 0.001121 bestmemit:    6.334995   11.050126    1.000000    0.664272    0.495981
Iteration: 185 bestvalit: 0.001121 bestmemit:    6.334995   11.050126    1.000000    0.664272    0.495981
Iteration: 186 bestvalit: 0.001121 bestmemit:    6.334995   11.050126    1.000000    0.664272    0.495981
Iteration: 187 bestvalit: 0.001121 bestmemit:    6.334995   11.050126    1.000000    0.664272    0.495981
Iteration: 188 bestvalit: 0.001121 bestmemit:    6.334995   11.050126    1.000000    0.664272    0.495981
Iteration: 189 bestvalit: 0.001121 bestmemit:    6.334995   11.050126    1.000000    0.664272    0.495981
Iteration: 190 bestvalit: 0.001121 bestmemit:    6.334995   11.050126    1.000000    0.664272    0.495981
Iteration: 191 bestvalit: 0.001121 bestmemit:    6.334995   11.050126    1.000000    0.664272    0.495981
Iteration: 192 bestvalit: 0.001121 bestmemit:    6.334995   11.050126    1.000000    0.664272    0.495981
Iteration: 193 bestvalit: 0.001121 bestmemit:    6.334995   11.050126    1.000000    0.664272    0.495981
Iteration: 194 bestvalit: 0.001121 bestmemit:    6.334995   11.050126    1.000000    0.664272    0.495981
Iteration: 195 bestvalit: 0.001121 bestmemit:    6.334995   11.050126    1.000000    0.664272    0.495981
Iteration: 196 bestvalit: 0.001121 bestmemit:    6.334995   11.050126    1.000000    0.664272    0.495981
Iteration: 197 bestvalit: 0.001121 bestmemit:    6.334995   11.050126    1.000000    0.664272    0.495981
Iteration: 198 bestvalit: 0.001121 bestmemit:    6.334995   11.050126    1.000000    0.664272    0.495981
Iteration: 199 bestvalit: 0.001121 bestmemit:    6.334995   11.050126    1.000000    0.664272    0.495981
Iteration: 200 bestvalit: 0.001121 bestmemit:    6.334995   11.050126    1.000000    0.664272    0.495981
Iteration: 201 bestvalit: 0.001121 bestmemit:    6.334995   11.050126    1.000000    0.664272    0.495981
Iteration: 202 bestvalit: 0.001121 bestmemit:    6.334995   11.050126    1.000000    0.664272    0.495981
Iteration: 203 bestvalit: 0.001121 bestmemit:    6.345593   11.014775    1.000000    0.667059    0.514989
Iteration: 204 bestvalit: 0.001121 bestmemit:    6.345593   11.014775    1.000000    0.667059    0.514989
Iteration: 205 bestvalit: 0.001121 bestmemit:    6.345593   11.014775    1.000000    0.667059    0.514989
Iteration: 206 bestvalit: 0.001121 bestmemit:    6.345593   11.014775    1.000000    0.667059    0.514989
Iteration: 207 bestvalit: 0.001121 bestmemit:    6.336850   11.043760    1.000000    0.664881    0.499734
Iteration: 208 bestvalit: 0.001121 bestmemit:    6.345420   11.036958    1.000000    0.664881    0.501161
Iteration: 209 bestvalit: 0.001121 bestmemit:    6.345420   11.036958    1.000000    0.664881    0.501161
Iteration: 210 bestvalit: 0.001121 bestmemit:    6.345420   11.036958    1.000000    0.664881    0.501161
Iteration: 211 bestvalit: 0.001121 bestmemit:    6.345420   11.036958    1.000000    0.664881    0.501161
Iteration: 212 bestvalit: 0.001121 bestmemit:    6.345420   11.036958    1.000000    0.664881    0.501161
Iteration: 213 bestvalit: 0.001121 bestmemit:    6.345420   11.036958    1.000000    0.664881    0.501161
Iteration: 214 bestvalit: 0.001121 bestmemit:    6.344776   11.030777    1.000000    0.664881    0.501161
Iteration: 215 bestvalit: 0.001121 bestmemit:    6.363668   11.018644    1.000000    0.672232    0.509911
Iteration: 216 bestvalit: 0.001121 bestmemit:    6.363668   11.018644    1.000000    0.672232    0.509911
Iteration: 217 bestvalit: 0.001121 bestmemit:    6.363668   11.018644    1.000000    0.672232    0.509911
Iteration: 218 bestvalit: 0.001121 bestmemit:    6.363668   11.018644    1.000000    0.672232    0.509911
Iteration: 219 bestvalit: 0.001121 bestmemit:    6.363668   11.018644    1.000000    0.672232    0.509911
Iteration: 220 bestvalit: 0.001121 bestmemit:    6.363668   11.018644    1.000000    0.672232    0.509911
Iteration: 221 bestvalit: 0.001121 bestmemit:    6.344776   11.030777    1.000000    0.669710    0.512622
Iteration: 222 bestvalit: 0.001121 bestmemit:    6.344776   11.030777    1.000000    0.669710    0.512622
Iteration: 223 bestvalit: 0.001121 bestmemit:    6.344776   11.030777    1.000000    0.669710    0.512622
Iteration: 224 bestvalit: 0.001121 bestmemit:    6.344776   11.030777    1.000000    0.669710    0.512622
Iteration: 225 bestvalit: 0.001121 bestmemit:    6.358420   11.025372    1.000000    0.668739    0.505871
Iteration: 226 bestvalit: 0.001121 bestmemit:    6.358420   11.025372    1.000000    0.668739    0.505871
Iteration: 227 bestvalit: 0.001121 bestmemit:    6.358420   11.025372    1.000000    0.668739    0.505871
Iteration: 228 bestvalit: 0.001121 bestmemit:    6.352262   11.026024    1.000000    0.668754    0.509202
Iteration: 229 bestvalit: 0.001121 bestmemit:    6.352262   11.026024    1.000000    0.668754    0.509202
Iteration: 230 bestvalit: 0.001121 bestmemit:    6.352262   11.026024    1.000000    0.668754    0.509202
Iteration: 231 bestvalit: 0.001121 bestmemit:    6.352262   11.026024    1.000000    0.668754    0.509202
Iteration: 232 bestvalit: 0.001121 bestmemit:    6.352262   11.026024    1.000000    0.668754    0.509202
Iteration: 233 bestvalit: 0.001121 bestmemit:    6.352262   11.026024    1.000000    0.668754    0.509202
Iteration: 234 bestvalit: 0.001121 bestmemit:    6.352262   11.026024    1.000000    0.668754    0.509202
Iteration: 235 bestvalit: 0.001121 bestmemit:    6.352262   11.026024    1.000000    0.668754    0.509202
Iteration: 236 bestvalit: 0.001121 bestmemit:    6.352262   11.026024    1.000000    0.668754    0.509202
Iteration: 237 bestvalit: 0.001121 bestmemit:    6.352262   11.026024    1.000000    0.668754    0.509202
Iteration: 238 bestvalit: 0.001121 bestmemit:    6.352262   11.026024    1.000000    0.668754    0.509202
Iteration: 239 bestvalit: 0.001121 bestmemit:    6.352262   11.026024    1.000000    0.668754    0.509202
Iteration: 240 bestvalit: 0.001121 bestmemit:    6.352262   11.026024    1.000000    0.668754    0.509202
Iteration: 241 bestvalit: 0.001121 bestmemit:    6.352262   11.026024    1.000000    0.668754    0.509202
Iteration: 242 bestvalit: 0.001121 bestmemit:    6.352262   11.026024    1.000000    0.668754    0.509202
Iteration: 243 bestvalit: 0.001121 bestmemit:    6.352262   11.026024    1.000000    0.668754    0.509202
Iteration: 244 bestvalit: 0.001121 bestmemit:    6.352262   11.026024    1.000000    0.668754    0.509202
Iteration: 245 bestvalit: 0.001121 bestmemit:    6.352262   11.026024    1.000000    0.668754    0.509202
Iteration: 246 bestvalit: 0.001121 bestmemit:    6.352262   11.026024    1.000000    0.668754    0.509202
Iteration: 247 bestvalit: 0.001121 bestmemit:    6.352262   11.026024    1.000000    0.668754    0.509202
Iteration: 248 bestvalit: 0.001121 bestmemit:    6.352262   11.026024    1.000000    0.668754    0.509202
Iteration: 249 bestvalit: 0.001121 bestmemit:    6.352262   11.026024    1.000000    0.668754    0.509202
Iteration: 250 bestvalit: 0.001121 bestmemit:    6.352262   11.026024    1.000000    0.668754    0.509202
Iteration: 251 bestvalit: 0.001121 bestmemit:    6.352262   11.026024    1.000000    0.668754    0.509202
Iteration: 252 bestvalit: 0.001121 bestmemit:    6.352262   11.026024    1.000000    0.668754    0.509202
Iteration: 253 bestvalit: 0.001121 bestmemit:    6.352262   11.026024    1.000000    0.668754    0.509202
Iteration: 254 bestvalit: 0.001121 bestmemit:    6.352262   11.026024    1.000000    0.668754    0.509202
Iteration: 255 bestvalit: 0.001121 bestmemit:    6.352262   11.026024    1.000000    0.668754    0.509202
Iteration: 256 bestvalit: 0.001121 bestmemit:    6.352262   11.026024    1.000000    0.668754    0.509202
Iteration: 257 bestvalit: 0.001121 bestmemit:    6.352262   11.026024    1.000000    0.668754    0.509202
Iteration: 258 bestvalit: 0.001121 bestmemit:    6.352262   11.026024    1.000000    0.668754    0.509202
Iteration: 259 bestvalit: 0.001121 bestmemit:    6.352262   11.026024    1.000000    0.668754    0.509202
Iteration: 260 bestvalit: 0.001121 bestmemit:    6.352262   11.026024    1.000000    0.668754    0.509202
Iteration: 261 bestvalit: 0.001121 bestmemit:    6.352262   11.026024    1.000000    0.668754    0.509202
Iteration: 262 bestvalit: 0.001121 bestmemit:    6.352262   11.026024    1.000000    0.668754    0.509202
Iteration: 263 bestvalit: 0.001121 bestmemit:    6.352262   11.026024    1.000000    0.668754    0.509202
Iteration: 264 bestvalit: 0.001121 bestmemit:    6.352262   11.026024    1.000000    0.668754    0.509202
Iteration: 265 bestvalit: 0.001121 bestmemit:    6.352262   11.026024    1.000000    0.668754    0.509202
Iteration: 266 bestvalit: 0.001121 bestmemit:    6.352262   11.026024    1.000000    0.668754    0.509202
Iteration: 267 bestvalit: 0.001121 bestmemit:    6.352262   11.026024    1.000000    0.668754    0.509202
Iteration: 268 bestvalit: 0.001121 bestmemit:    6.352262   11.026024    1.000000    0.668754    0.509202
Iteration: 269 bestvalit: 0.001121 bestmemit:    6.353423   11.025391    1.000000    0.669139    0.510208
Iteration: 270 bestvalit: 0.001121 bestmemit:    6.353423   11.025391    1.000000    0.669139    0.510208
Iteration: 271 bestvalit: 0.001121 bestmemit:    6.353423   11.025391    1.000000    0.669139    0.510208
Iteration: 272 bestvalit: 0.001121 bestmemit:    6.353423   11.025391    1.000000    0.669139    0.510208
Iteration: 273 bestvalit: 0.001121 bestmemit:    6.353423   11.025391    1.000000    0.669139    0.510208
Iteration: 274 bestvalit: 0.001121 bestmemit:    6.353423   11.025391    1.000000    0.669139    0.510208
Iteration: 275 bestvalit: 0.001121 bestmemit:    6.353423   11.025391    1.000000    0.669139    0.510208
Iteration: 276 bestvalit: 0.001121 bestmemit:    6.354631   11.023850    1.000000    0.669139    0.510208
Iteration: 277 bestvalit: 0.001121 bestmemit:    6.354631   11.023850    1.000000    0.669139    0.510208
Iteration: 278 bestvalit: 0.001121 bestmemit:    6.354631   11.023341    1.000000    0.669139    0.510208
Iteration: 279 bestvalit: 0.001121 bestmemit:    6.354631   11.023341    1.000000    0.669139    0.510208
Iteration: 280 bestvalit: 0.001121 bestmemit:    6.354631   11.023341    1.000000    0.669139    0.510208
Iteration: 281 bestvalit: 0.001121 bestmemit:    6.354631   11.023341    1.000000    0.669139    0.510208
Iteration: 282 bestvalit: 0.001121 bestmemit:    6.354631   11.023341    1.000000    0.669139    0.510208
Iteration: 283 bestvalit: 0.001121 bestmemit:    6.354631   11.023341    1.000000    0.669139    0.510208
Iteration: 284 bestvalit: 0.001121 bestmemit:    6.354631   11.023341    1.000000    0.669139    0.510208
Iteration: 285 bestvalit: 0.001121 bestmemit:    6.354631   11.023341    1.000000    0.669139    0.510208
Iteration: 286 bestvalit: 0.001121 bestmemit:    6.354631   11.023341    1.000000    0.669139    0.510208
Iteration: 287 bestvalit: 0.001121 bestmemit:    6.354631   11.023341    1.000000    0.669139    0.510208
Iteration: 288 bestvalit: 0.001121 bestmemit:    6.354631   11.023341    1.000000    0.669139    0.510208
Iteration: 289 bestvalit: 0.001121 bestmemit:    6.354631   11.023341    1.000000    0.669139    0.510208
Iteration: 290 bestvalit: 0.001121 bestmemit:    6.354631   11.023341    1.000000    0.669139    0.510208
Iteration: 291 bestvalit: 0.001121 bestmemit:    6.354631   11.023341    1.000000    0.669139    0.510208
Iteration: 292 bestvalit: 0.001121 bestmemit:    6.354631   11.023341    1.000000    0.669139    0.510208
Iteration: 293 bestvalit: 0.001121 bestmemit:    6.354631   11.023341    1.000000    0.669139    0.510208
Iteration: 294 bestvalit: 0.001121 bestmemit:    6.354631   11.023341    1.000000    0.669139    0.510208
Iteration: 295 bestvalit: 0.001121 bestmemit:    6.354631   11.023341    1.000000    0.669139    0.510208
Iteration: 296 bestvalit: 0.001121 bestmemit:    6.354631   11.023341    1.000000    0.669139    0.510208
Iteration: 297 bestvalit: 0.001121 bestmemit:    6.354631   11.023341    1.000000    0.669139    0.510208
Iteration: 298 bestvalit: 0.001121 bestmemit:    6.354993   11.023341    1.000000    0.669139    0.510208
Iteration: 299 bestvalit: 0.001121 bestmemit:    6.354993   11.023341    1.000000    0.669139    0.510208
Iteration: 300 bestvalit: 0.001121 bestmemit:    6.354993   11.023341    1.000000    0.669139    0.510208
Iteration: 301 bestvalit: 0.001121 bestmemit:    6.354993   11.023341    1.000000    0.669139    0.510208
Iteration: 302 bestvalit: 0.001121 bestmemit:    6.354993   11.023341    1.000000    0.669139    0.510208
Iteration: 303 bestvalit: 0.001121 bestmemit:    6.354993   11.023341    1.000000    0.669139    0.510208
Iteration: 304 bestvalit: 0.001121 bestmemit:    6.356098   11.022184    1.000000    0.669178    0.510102
Iteration: 305 bestvalit: 0.001121 bestmemit:    6.356098   11.022184    1.000000    0.669178    0.510102
Iteration: 306 bestvalit: 0.001121 bestmemit:    6.356098   11.022184    1.000000    0.669178    0.510102
Iteration: 307 bestvalit: 0.001121 bestmemit:    6.356098   11.022184    1.000000    0.669178    0.510102
Iteration: 308 bestvalit: 0.001121 bestmemit:    6.356098   11.022184    1.000000    0.669178    0.510102
Iteration: 309 bestvalit: 0.001121 bestmemit:    6.355885   11.022184    1.000000    0.669178    0.510102
Iteration: 310 bestvalit: 0.001121 bestmemit:    6.355885   11.022184    1.000000    0.669178    0.510102
Iteration: 311 bestvalit: 0.001121 bestmemit:    6.355885   11.022184    1.000000    0.669178    0.510102
Iteration: 312 bestvalit: 0.001121 bestmemit:    6.355885   11.022184    1.000000    0.669178    0.510102
Iteration: 313 bestvalit: 0.001121 bestmemit:    6.355885   11.022581    1.000000    0.669178    0.510102
Iteration: 314 bestvalit: 0.001121 bestmemit:    6.355885   11.022581    1.000000    0.669178    0.510102
Iteration: 315 bestvalit: 0.001121 bestmemit:    6.355885   11.022581    1.000000    0.669178    0.510102
Iteration: 316 bestvalit: 0.001121 bestmemit:    6.355885   11.022581    1.000000    0.669178    0.510102
Iteration: 317 bestvalit: 0.001121 bestmemit:    6.355242   11.023249    1.000000    0.669184    0.510076
Iteration: 318 bestvalit: 0.001121 bestmemit:    6.355242   11.023249    1.000000    0.669184    0.510076
Iteration: 319 bestvalit: 0.001121 bestmemit:    6.355242   11.023249    1.000000    0.669184    0.510076
Iteration: 320 bestvalit: 0.001121 bestmemit:    6.355242   11.023249    1.000000    0.669184    0.510076
Iteration: 321 bestvalit: 0.001121 bestmemit:    6.355242   11.023249    1.000000    0.669184    0.510076
Iteration: 322 bestvalit: 0.001121 bestmemit:    6.355242   11.023249    1.000000    0.669184    0.510076
Iteration: 323 bestvalit: 0.001121 bestmemit:    6.355242   11.023249    1.000000    0.669184    0.510076
Iteration: 324 bestvalit: 0.001121 bestmemit:    6.355242   11.023249    1.000000    0.669184    0.510076
Iteration: 325 bestvalit: 0.001121 bestmemit:    6.355242   11.023249    1.000000    0.669184    0.510076
Iteration: 326 bestvalit: 0.001121 bestmemit:    6.355242   11.023249    1.000000    0.669184    0.510076
Iteration: 327 bestvalit: 0.001121 bestmemit:    6.355242   11.023249    1.000000    0.669184    0.510076
Iteration: 328 bestvalit: 0.001121 bestmemit:    6.355242   11.023249    1.000000    0.669184    0.510076
Iteration: 329 bestvalit: 0.001121 bestmemit:    6.355242   11.023249    1.000000    0.669184    0.510076
Iteration: 330 bestvalit: 0.001121 bestmemit:    6.355242   11.023249    1.000000    0.669184    0.510076
Iteration: 331 bestvalit: 0.001121 bestmemit:    6.355242   11.023249    1.000000    0.669184    0.510076
Iteration: 332 bestvalit: 0.001121 bestmemit:    6.355954   11.022695    1.000000    0.669412    0.510371
Iteration: 333 bestvalit: 0.001121 bestmemit:    6.355950   11.022602    1.000000    0.669314    0.510196
Iteration: 334 bestvalit: 0.001121 bestmemit:    6.355950   11.022602    1.000000    0.669314    0.510196
Iteration: 335 bestvalit: 0.001121 bestmemit:    6.355950   11.022602    1.000000    0.669314    0.510196
Iteration: 336 bestvalit: 0.001121 bestmemit:    6.355950   11.022602    1.000000    0.669314    0.510196
Iteration: 337 bestvalit: 0.001121 bestmemit:    6.355950   11.022602    1.000000    0.669314    0.510196
Iteration: 338 bestvalit: 0.001121 bestmemit:    6.355950   11.022602    1.000000    0.669314    0.510196
Iteration: 339 bestvalit: 0.001121 bestmemit:    6.355950   11.022602    1.000000    0.669314    0.510196
Iteration: 340 bestvalit: 0.001121 bestmemit:    6.355950   11.022602    1.000000    0.669314    0.510196
Iteration: 341 bestvalit: 0.001121 bestmemit:    6.355955   11.022602    1.000000    0.669314    0.510196
Iteration: 342 bestvalit: 0.001121 bestmemit:    6.355955   11.022602    1.000000    0.669314    0.510196
Iteration: 343 bestvalit: 0.001121 bestmemit:    6.355955   11.022602    1.000000    0.669314    0.510196
Iteration: 344 bestvalit: 0.001121 bestmemit:    6.355955   11.022602    1.000000    0.669314    0.510196
Iteration: 345 bestvalit: 0.001121 bestmemit:    6.355955   11.022602    1.000000    0.669314    0.510196
Iteration: 346 bestvalit: 0.001121 bestmemit:    6.355955   11.022602    1.000000    0.669314    0.510196
Iteration: 347 bestvalit: 0.001121 bestmemit:    6.355955   11.022602    1.000000    0.669314    0.510196

***** summary of DEoptim object ***** 
best member   :  6.35596 11.0226 1 0.66931 0.5102 
best value    :  0.00112 
after         :  347 generations 
fn evaluated  :  696 times 
*************************************
