SLURM_JOB_ID: 55403021
SLURM_JOB_USER: vsc34066
SLURM_JOB_ACCOUNT: lp_desenderlab
SLURM_JOB_NAME: par_recov_alternating_fb_sim_alpha_learn.slurm
SLURM_CLUSTER_NAME: genius
SLURM_JOB_PARTITION: batch
SLURM_ARRAY_JOB_ID: 55402977
SLURM_ARRAY_TASK_ID: 44
SLURM_NNODES: 1
SLURM_NODELIST: r23i27n01
SLURM_JOB_CPUS_PER_NODE: 8
Date: Sun Dec  3 23:43:50 CET 2023
Walltime: 01-06:00:00
========================================================================
Iteration: 1 bestvalit: 0.042157 bestmemit:   35.376708   -1.603920    1.000000  139.504301  454.126473
Iteration: 2 bestvalit: 0.040983 bestmemit:   12.551765   33.124161    1.000000   44.919173 1057.627154
Iteration: 3 bestvalit: 0.040983 bestmemit:   12.551765   33.124161    1.000000   44.919173 1057.627154
Iteration: 4 bestvalit: 0.040983 bestmemit:   12.551765   33.124161    1.000000   44.919173 1057.627154
Iteration: 5 bestvalit: 0.040983 bestmemit:   12.551765   33.124161    1.000000   44.919173 1057.627154
Iteration: 6 bestvalit: 0.040983 bestmemit:   12.551765   33.124161    1.000000   44.919173 1057.627154
Iteration: 7 bestvalit: 0.040983 bestmemit:   12.551765   33.124161    1.000000   44.919173 1057.627154
Iteration: 8 bestvalit: 0.040983 bestmemit:   12.551765   33.124161    1.000000   44.919173 1057.627154
Iteration: 9 bestvalit: 0.040406 bestmemit:   13.890754   -4.422768    1.000000   44.919173 1057.627154
Iteration: 10 bestvalit: 0.040406 bestmemit:   13.890754   -4.422768    1.000000   44.919173 1057.627154
Iteration: 11 bestvalit: 0.040406 bestmemit:   13.890754   -4.422768    1.000000   44.919173 1057.627154
Iteration: 12 bestvalit: 0.040406 bestmemit:   13.890754   -4.422768    1.000000   44.919173 1057.627154
Iteration: 13 bestvalit: 0.025249 bestmemit:   39.684450    5.330166    1.000000   50.736280  402.686542
Iteration: 14 bestvalit: 0.025249 bestmemit:   39.684450    5.330166    1.000000   50.736280  402.686542
Iteration: 15 bestvalit: 0.025130 bestmemit:   39.684450   55.544746    1.000000   50.736280  402.686542
Iteration: 16 bestvalit: 0.025130 bestmemit:   39.684450   55.544746    1.000000   50.736280  402.686542
Iteration: 17 bestvalit: 0.025130 bestmemit:   39.684450   55.544746    1.000000   50.736280  402.686542
Iteration: 18 bestvalit: 0.015660 bestmemit:   34.365468   59.300398    1.000000   17.720012  409.083440
Iteration: 19 bestvalit: 0.015660 bestmemit:   34.365468   59.300398    1.000000   17.720012  409.083440
Iteration: 20 bestvalit: 0.015660 bestmemit:   34.365468   59.300398    1.000000   17.720012  409.083440
Iteration: 21 bestvalit: 0.015660 bestmemit:   34.365468   59.300398    1.000000   17.720012  409.083440
Iteration: 22 bestvalit: 0.012288 bestmemit:   37.784400   50.208852    1.000000   21.504873  201.709581
Iteration: 23 bestvalit: 0.012288 bestmemit:   37.784400   50.208852    1.000000   21.504873  201.709581
Iteration: 24 bestvalit: 0.012069 bestmemit:   42.735867   50.208852    1.000000   21.504873  201.709581
Iteration: 25 bestvalit: 0.009293 bestmemit:   48.845985   75.337005    1.000000   26.899784   11.678591
Iteration: 26 bestvalit: 0.007326 bestmemit:   25.591193   37.177140    1.000000   26.899784   11.678591
Iteration: 27 bestvalit: 0.007322 bestmemit:   24.007351   37.177140    1.000000   26.899784   11.678591
Iteration: 28 bestvalit: 0.007268 bestmemit:    0.268052   37.177140    1.000000   26.899784   11.678591
Iteration: 29 bestvalit: 0.007268 bestmemit:    0.268052   37.177140    1.000000   26.899784   11.678591
Iteration: 30 bestvalit: 0.007268 bestmemit:    0.268052   37.177140    1.000000   26.899784   11.678591
Iteration: 31 bestvalit: 0.007268 bestmemit:    0.268052   37.177140    1.000000   26.899784   11.678591
Iteration: 32 bestvalit: 0.007268 bestmemit:    0.268052   37.177140    1.000000   26.899784   11.678591
Iteration: 33 bestvalit: 0.007268 bestmemit:    0.268052   37.177140    1.000000   26.899784   11.678591
Iteration: 34 bestvalit: 0.007268 bestmemit:    0.268052   37.177140    1.000000   26.899784   11.678591
Iteration: 35 bestvalit: 0.007268 bestmemit:    0.268052   37.177140    1.000000   26.899784   11.678591
Iteration: 36 bestvalit: 0.007268 bestmemit:    0.268052   37.177140    1.000000   26.899784   11.678591
Iteration: 37 bestvalit: 0.007268 bestmemit:    0.268052   37.177140    1.000000   26.899784   11.678591
Iteration: 38 bestvalit: 0.007268 bestmemit:    0.268052   37.177140    1.000000   26.899784   11.678591
Iteration: 39 bestvalit: 0.007268 bestmemit:    0.268052   37.177140    1.000000   26.899784   11.678591
Iteration: 40 bestvalit: 0.007268 bestmemit:    0.268052   37.177140    1.000000   26.899784   11.678591
Iteration: 41 bestvalit: 0.007165 bestmemit:   15.584909   89.921276    1.000000   13.706526   29.549298
Iteration: 42 bestvalit: 0.006841 bestmemit:   27.059196   57.701769    1.000000    9.255223   48.542252
Iteration: 43 bestvalit: 0.006025 bestmemit:   16.588439   37.106334    1.000000    2.953346   37.049060
Iteration: 44 bestvalit: 0.006025 bestmemit:   16.588439   37.106334    1.000000    2.953346   37.049060
Iteration: 45 bestvalit: 0.006025 bestmemit:   16.588439   37.106334    1.000000    2.953346   37.049060
Iteration: 46 bestvalit: 0.006025 bestmemit:   16.588439   37.106334    1.000000    2.953346   37.049060
Iteration: 47 bestvalit: 0.005062 bestmemit:   11.863214   44.480094    1.000000   13.960314    5.842979
Iteration: 48 bestvalit: 0.004579 bestmemit:   11.783114   46.234300    1.000000    2.967244   12.538691
Iteration: 49 bestvalit: 0.004579 bestmemit:   11.783114   46.234300    1.000000    2.967244   12.538691
Iteration: 50 bestvalit: 0.003513 bestmemit:   11.863214   26.782182    1.000000   13.960314    5.842979
Iteration: 51 bestvalit: 0.003513 bestmemit:   11.863214   26.782182    1.000000   13.960314    5.842979
Iteration: 52 bestvalit: 0.003513 bestmemit:   11.863214   26.782182    1.000000   13.960314    5.842979
Iteration: 53 bestvalit: 0.003383 bestmemit:   14.407572   21.029157    1.000000    7.791524    8.980975
Iteration: 54 bestvalit: 0.003383 bestmemit:   14.407572   21.029157    1.000000    7.791524    8.980975
Iteration: 55 bestvalit: 0.003383 bestmemit:   14.407572   21.029157    1.000000    7.791524    8.980975
Iteration: 56 bestvalit: 0.003383 bestmemit:   14.407572   21.029157    1.000000    7.791524    8.980975
Iteration: 57 bestvalit: 0.003366 bestmemit:   14.407572   13.805101    1.000000    7.791524    8.980975
Iteration: 58 bestvalit: 0.003366 bestmemit:   14.407572   13.805101    1.000000    7.791524    8.980975
Iteration: 59 bestvalit: 0.003366 bestmemit:   14.407572   13.805101    1.000000    7.791524    8.980975
Iteration: 60 bestvalit: 0.003366 bestmemit:   14.407572   13.805101    1.000000    7.791524    8.980975
Iteration: 61 bestvalit: 0.002864 bestmemit:    7.343867   23.633530    1.000000    2.074418    5.302898
Iteration: 62 bestvalit: 0.002864 bestmemit:    7.343867   23.633530    1.000000    2.074418    5.302898
Iteration: 63 bestvalit: 0.002864 bestmemit:    7.343867   23.633530    1.000000    2.074418    5.302898
Iteration: 64 bestvalit: 0.002864 bestmemit:    7.343867   23.633530    1.000000    2.074418    5.302898
Iteration: 65 bestvalit: 0.002864 bestmemit:    7.343867   23.633530    1.000000    2.074418    5.302898
Iteration: 66 bestvalit: 0.002864 bestmemit:    7.343867   23.633530    1.000000    2.074418    5.302898
Iteration: 67 bestvalit: 0.002737 bestmemit:   12.574704   16.328743    1.000000   10.972663    3.724120
Iteration: 68 bestvalit: 0.002737 bestmemit:   12.574704   16.328743    1.000000   10.972663    3.724120
Iteration: 69 bestvalit: 0.002737 bestmemit:   12.574704   16.328743    1.000000   10.972663    3.724120
Iteration: 70 bestvalit: 0.002633 bestmemit:    3.759706   20.100621    1.000000   10.284153    2.235295
Iteration: 71 bestvalit: 0.002574 bestmemit:   14.407572   14.012348    1.000000    5.775351    3.987160
Iteration: 72 bestvalit: 0.002553 bestmemit:    3.759706   20.100621    1.000000    8.484107    2.235295
Iteration: 73 bestvalit: 0.002406 bestmemit:    7.343867   14.539361    1.000000    6.482399    0.437643
Iteration: 74 bestvalit: 0.002406 bestmemit:    7.343867   14.539361    1.000000    6.482399    0.437643
Iteration: 75 bestvalit: 0.002406 bestmemit:    7.343867   14.539361    1.000000    6.482399    0.437643
Iteration: 76 bestvalit: 0.002406 bestmemit:    7.343867   14.539361    1.000000    6.482399    0.437643
Iteration: 77 bestvalit: 0.002406 bestmemit:    7.343867   14.539361    1.000000    6.482399    0.437643
Iteration: 78 bestvalit: 0.002406 bestmemit:    7.343867   14.539361    1.000000    6.482399    0.437643
Iteration: 79 bestvalit: 0.002406 bestmemit:    7.343867   14.539361    1.000000    6.482399    0.437643
Iteration: 80 bestvalit: 0.002406 bestmemit:    7.343867   14.539361    1.000000    6.482399    0.437643
Iteration: 81 bestvalit: 0.002403 bestmemit:    7.649679   16.157855    1.000000    7.046178    2.463997
Iteration: 82 bestvalit: 0.002403 bestmemit:    7.649679   16.157855    1.000000    7.046178    2.463997
Iteration: 83 bestvalit: 0.002403 bestmemit:    7.649679   16.157855    1.000000    7.046178    2.463997
Iteration: 84 bestvalit: 0.002403 bestmemit:    7.649679   16.157855    1.000000    7.046178    2.463997
Iteration: 85 bestvalit: 0.002403 bestmemit:    7.649679   16.157855    1.000000    7.046178    2.463997
Iteration: 86 bestvalit: 0.002382 bestmemit:   12.759250   11.803639    1.000000    7.220959    0.892442
Iteration: 87 bestvalit: 0.002363 bestmemit:    5.404902   15.331811    1.000000    2.809415    1.271447
Iteration: 88 bestvalit: 0.002355 bestmemit:    5.404902   15.331811    1.000000    3.426229    1.271447
Iteration: 89 bestvalit: 0.002325 bestmemit:   10.235631   14.490817    1.000000    5.498699    1.624478
Iteration: 90 bestvalit: 0.002325 bestmemit:   10.235631   14.490817    1.000000    5.498699    1.624478
Iteration: 91 bestvalit: 0.002325 bestmemit:   10.235631   14.490817    1.000000    5.498699    1.624478
Iteration: 92 bestvalit: 0.002325 bestmemit:   10.235631   14.490817    1.000000    5.498699    1.624478
Iteration: 93 bestvalit: 0.002306 bestmemit:   13.563509   10.925527    1.000000    5.611666    1.388181
Iteration: 94 bestvalit: 0.002296 bestmemit:    9.688914   12.967971    1.000000    3.917829    1.532831
Iteration: 95 bestvalit: 0.002296 bestmemit:    9.688914   12.967971    1.000000    3.917829    1.532831
Iteration: 96 bestvalit: 0.002296 bestmemit:    9.688914   12.967971    1.000000    3.917829    1.532831
Iteration: 97 bestvalit: 0.002279 bestmemit:   12.759250   11.803639    1.000000    4.003233    0.617027
Iteration: 98 bestvalit: 0.002273 bestmemit:    9.006594   11.803639    1.000000    4.003233    0.617027
Iteration: 99 bestvalit: 0.002230 bestmemit:    9.693611   11.891723    1.000000    3.591706    0.528119
Iteration: 100 bestvalit: 0.002230 bestmemit:    9.693611   11.891723    1.000000    3.591706    0.528119
Iteration: 101 bestvalit: 0.002230 bestmemit:    9.693611   11.891723    1.000000    3.591706    0.528119
Iteration: 102 bestvalit: 0.002230 bestmemit:    9.693611   11.891723    1.000000    3.591706    0.528119
Iteration: 103 bestvalit: 0.002230 bestmemit:    9.693611   11.891723    1.000000    3.591706    0.528119
Iteration: 104 bestvalit: 0.002230 bestmemit:    9.693611   11.891723    1.000000    3.591706    0.528119
Iteration: 105 bestvalit: 0.002230 bestmemit:    9.693611   11.891723    1.000000    3.591706    0.528119
Iteration: 106 bestvalit: 0.002230 bestmemit:    9.693611   11.891723    1.000000    3.591706    0.528119
Iteration: 107 bestvalit: 0.002230 bestmemit:    9.693611   11.891723    1.000000    3.591706    0.528119
Iteration: 108 bestvalit: 0.002230 bestmemit:    9.693611   11.891723    1.000000    3.591706    0.528119
Iteration: 109 bestvalit: 0.002230 bestmemit:    9.693611   11.891723    1.000000    3.591706    0.528119
Iteration: 110 bestvalit: 0.002230 bestmemit:    9.693611   11.891723    1.000000    3.591706    0.528119
Iteration: 111 bestvalit: 0.002230 bestmemit:    9.693611   11.891723    1.000000    3.591706    0.528119
Iteration: 112 bestvalit: 0.002225 bestmemit:   10.539225   11.862005    1.000000    4.154503    0.340257
Iteration: 113 bestvalit: 0.002225 bestmemit:   10.539225   11.862005    1.000000    4.154503    0.340257
Iteration: 114 bestvalit: 0.002225 bestmemit:   10.539225   11.862005    1.000000    4.154503    0.340257
Iteration: 115 bestvalit: 0.002225 bestmemit:   10.539225   11.862005    1.000000    4.154503    0.340257
Iteration: 116 bestvalit: 0.002225 bestmemit:   10.539225   11.862005    1.000000    4.154503    0.340257
Iteration: 117 bestvalit: 0.002224 bestmemit:    9.811121   11.891723    1.000000    3.912157    0.162877
Iteration: 118 bestvalit: 0.002224 bestmemit:    9.811121   11.891723    1.000000    3.912157    0.162877
Iteration: 119 bestvalit: 0.002221 bestmemit:   11.922423   10.599411    1.000000    3.034758    0.139871
Iteration: 120 bestvalit: 0.002221 bestmemit:   11.922423   10.599411    1.000000    3.034758    0.139871
Iteration: 121 bestvalit: 0.002218 bestmemit:    9.811121   11.891723    1.000000    3.738783    0.162877
Iteration: 122 bestvalit: 0.002218 bestmemit:    9.811121   11.891723    1.000000    3.738783    0.162877
Iteration: 123 bestvalit: 0.002216 bestmemit:   11.185780   10.858272    1.000000    3.056753    0.034760
Iteration: 124 bestvalit: 0.002216 bestmemit:   10.759113   11.855796    1.000000    3.957961    0.126273
Iteration: 125 bestvalit: 0.002207 bestmemit:   11.067708   11.261835    1.000000    3.037717    0.104727
Iteration: 126 bestvalit: 0.002207 bestmemit:   11.067708   11.261835    1.000000    3.037717    0.104727
Iteration: 127 bestvalit: 0.002207 bestmemit:   11.067708   11.261835    1.000000    3.037717    0.104727
Iteration: 128 bestvalit: 0.002207 bestmemit:   11.067708   11.261835    1.000000    3.037717    0.104727
Iteration: 129 bestvalit: 0.002207 bestmemit:   11.067708   11.261835    1.000000    3.037717    0.104727
Iteration: 130 bestvalit: 0.002207 bestmemit:   11.067708   11.261835    1.000000    3.037717    0.104727
Iteration: 131 bestvalit: 0.002207 bestmemit:   11.067708   11.261835    1.000000    3.037717    0.104727
Iteration: 132 bestvalit: 0.002207 bestmemit:   11.067708   11.261835    1.000000    3.037717    0.104727
Iteration: 133 bestvalit: 0.002207 bestmemit:   11.067708   11.261835    1.000000    3.037717    0.104727
Iteration: 134 bestvalit: 0.002203 bestmemit:   10.289931   11.610936    1.000000    3.200091    0.058865
Iteration: 135 bestvalit: 0.002203 bestmemit:   10.289931   11.610936    1.000000    3.200091    0.058865
Iteration: 136 bestvalit: 0.002203 bestmemit:   10.684561   11.272443    1.000000    2.882931    0.057973
Iteration: 137 bestvalit: 0.002203 bestmemit:   10.684561   11.272443    1.000000    2.882931    0.057973
Iteration: 138 bestvalit: 0.002203 bestmemit:   10.684561   11.272443    1.000000    2.882931    0.057973
Iteration: 139 bestvalit: 0.002203 bestmemit:   10.684561   11.272443    1.000000    2.882931    0.057973
Iteration: 140 bestvalit: 0.002202 bestmemit:   10.684561   11.272443    1.000000    2.777923    0.022434
Iteration: 141 bestvalit: 0.002202 bestmemit:   10.591688   11.211546    1.000000    2.969619    0.029789
Iteration: 142 bestvalit: 0.002202 bestmemit:   10.591688   11.211546    1.000000    2.969619    0.029789
Iteration: 143 bestvalit: 0.002202 bestmemit:   10.591688   11.211546    1.000000    2.969619    0.029789
Iteration: 144 bestvalit: 0.002202 bestmemit:   10.591688   11.211546    1.000000    2.969619    0.029789
Iteration: 145 bestvalit: 0.002202 bestmemit:   10.591688   11.211546    1.000000    2.969619    0.020454
Iteration: 146 bestvalit: 0.002201 bestmemit:   10.591688   11.343996    1.000000    3.010588    0.020454
Iteration: 147 bestvalit: 0.002201 bestmemit:   10.591688   11.343996    1.000000    3.010588    0.020454
Iteration: 148 bestvalit: 0.002201 bestmemit:   10.591688   11.343996    1.000000    3.010588    0.020454
Iteration: 149 bestvalit: 0.002201 bestmemit:   10.232889   11.206807    1.000000    2.733084    0.028606
Iteration: 150 bestvalit: 0.002201 bestmemit:   10.232889   11.206807    1.000000    2.733084    0.028606
Iteration: 151 bestvalit: 0.002201 bestmemit:   10.232889   11.206807    1.000000    2.733084    0.028606
Iteration: 152 bestvalit: 0.002200 bestmemit:   10.424358   11.279166    1.000000    2.908763    0.014579
Iteration: 153 bestvalit: 0.002200 bestmemit:   10.232889   11.271405    1.000000    2.733084    0.028606
Iteration: 154 bestvalit: 0.002200 bestmemit:   10.232889   11.271405    1.000000    2.733084    0.028606
Iteration: 155 bestvalit: 0.002200 bestmemit:   10.232889   11.271405    1.000000    2.733084    0.028606
Iteration: 156 bestvalit: 0.002200 bestmemit:   10.503497   11.279166    1.000000    2.828065    0.014579
Iteration: 157 bestvalit: 0.002200 bestmemit:   10.503497   11.279166    1.000000    2.828065    0.014579
Iteration: 158 bestvalit: 0.002200 bestmemit:   10.503497   11.279166    1.000000    2.828065    0.014579
Iteration: 159 bestvalit: 0.002200 bestmemit:   10.324147   11.279166    1.000000    2.828065    0.014579
Iteration: 160 bestvalit: 0.002200 bestmemit:   10.324147   11.279166    1.000000    2.828065    0.014579
Iteration: 161 bestvalit: 0.002200 bestmemit:   10.324147   11.279166    1.000000    2.828065    0.014579
Iteration: 162 bestvalit: 0.002200 bestmemit:   10.324147   11.279166    1.000000    2.819960    0.014579
Iteration: 163 bestvalit: 0.002200 bestmemit:   10.324147   11.279166    1.000000    2.777064    0.014579
Iteration: 164 bestvalit: 0.002200 bestmemit:   10.324147   11.279166    1.000000    2.777064    0.014579
Iteration: 165 bestvalit: 0.002200 bestmemit:   10.324147   11.279166    1.000000    2.777064    0.014579
Iteration: 166 bestvalit: 0.002200 bestmemit:   10.324147   11.279166    1.000000    2.777064    0.014579
Iteration: 167 bestvalit: 0.002199 bestmemit:   10.130683   11.391589    1.000000    2.831543    0.008207
Iteration: 168 bestvalit: 0.002199 bestmemit:   10.130683   11.391589    1.000000    2.831543    0.008207
Iteration: 169 bestvalit: 0.002199 bestmemit:   10.130683   11.391589    1.000000    2.831543    0.008207
Iteration: 170 bestvalit: 0.002199 bestmemit:   10.130683   11.391589    1.000000    2.831543    0.008207
Iteration: 171 bestvalit: 0.002199 bestmemit:   10.130683   11.391589    1.000000    2.831543    0.008207
Iteration: 172 bestvalit: 0.002199 bestmemit:   10.130683   11.391589    1.000000    2.831543    0.008207
Iteration: 173 bestvalit: 0.002199 bestmemit:   10.130683   11.391589    1.000000    2.831543    0.008207
Iteration: 174 bestvalit: 0.002199 bestmemit:   10.130683   11.391589    1.000000    2.831543    0.008207
Iteration: 175 bestvalit: 0.002199 bestmemit:   10.130683   11.391589    1.000000    2.760959    0.004014
Iteration: 176 bestvalit: 0.002199 bestmemit:   10.130683   11.391589    1.000000    2.760959    0.004014
Iteration: 177 bestvalit: 0.002199 bestmemit:   10.056946   11.376516    1.000000    2.705939    0.001703
Iteration: 178 bestvalit: 0.002199 bestmemit:   10.056946   11.376516    1.000000    2.705939    0.001703
Iteration: 179 bestvalit: 0.002199 bestmemit:   10.056946   11.376516    1.000000    2.705939    0.001703
Iteration: 180 bestvalit: 0.002199 bestmemit:   10.130683   11.391589    1.000000    2.783298    0.004014
Iteration: 181 bestvalit: 0.002199 bestmemit:   10.130683   11.391589    1.000000    2.783298    0.004014
Iteration: 182 bestvalit: 0.002199 bestmemit:   10.130683   11.391589    1.000000    2.783298    0.001016
Iteration: 183 bestvalit: 0.002199 bestmemit:   10.130683   11.391589    1.000000    2.783298    0.001016
Iteration: 184 bestvalit: 0.002199 bestmemit:   10.130683   11.391589    1.000000    2.783298    0.001016
Iteration: 185 bestvalit: 0.002199 bestmemit:   10.130683   11.391589    1.000000    2.783298    0.000178
Iteration: 186 bestvalit: 0.002199 bestmemit:   10.130683   11.391589    1.000000    2.783298    0.000178
Iteration: 187 bestvalit: 0.002199 bestmemit:   10.130683   11.391589    1.000000    2.783298    0.000178
Iteration: 188 bestvalit: 0.002199 bestmemit:   10.130683   11.391589    1.000000    2.783298    0.000178
Iteration: 189 bestvalit: 0.002199 bestmemit:   10.130683   11.391589    1.000000    2.783298    0.000178
Iteration: 190 bestvalit: 0.002199 bestmemit:   10.130683   11.391589    1.000000    2.783298    0.000178
Iteration: 191 bestvalit: 0.002199 bestmemit:   10.130683   11.391589    1.000000    2.783298    0.000178
Iteration: 192 bestvalit: 0.002199 bestmemit:   10.130683   11.391589    1.000000    2.783298    0.000178
Iteration: 193 bestvalit: 0.002199 bestmemit:   10.130683   11.391589    1.000000    2.783298    0.000178
Iteration: 194 bestvalit: 0.002199 bestmemit:   10.130683   11.391589    1.000000    2.783298    0.000178
Iteration: 195 bestvalit: 0.002199 bestmemit:   10.130683   11.391589    1.000000    2.783298    0.000178
Iteration: 196 bestvalit: 0.002199 bestmemit:   10.130683   11.391589    1.000000    2.783298    0.000178
Iteration: 197 bestvalit: 0.002199 bestmemit:   10.130683   11.391589    1.000000    2.783298    0.000178
Iteration: 198 bestvalit: 0.002199 bestmemit:   10.130683   11.391589    1.000000    2.783298    0.000178
Iteration: 199 bestvalit: 0.002199 bestmemit:   10.130683   11.391589    1.000000    2.783298    0.000178
Iteration: 200 bestvalit: 0.002199 bestmemit:   10.241564   11.323238    1.000000    2.769057    0.000174
Iteration: 201 bestvalit: 0.002199 bestmemit:   10.202310   11.331464    1.000000    2.753555    0.000054
Iteration: 202 bestvalit: 0.002199 bestmemit:   10.202310   11.331464    1.000000    2.753555    0.000054
Iteration: 203 bestvalit: 0.002199 bestmemit:   10.202310   11.331464    1.000000    2.753555    0.000054
Iteration: 204 bestvalit: 0.002199 bestmemit:   10.202310   11.331464    1.000000    2.753555    0.000054
Iteration: 205 bestvalit: 0.002199 bestmemit:   10.202310   11.331464    1.000000    2.768657    0.000054
Iteration: 206 bestvalit: 0.002199 bestmemit:   10.202310   11.331464    1.000000    2.768657    0.000054
Iteration: 207 bestvalit: 0.002199 bestmemit:   10.202310   11.331464    1.000000    2.768657    0.000054
Iteration: 208 bestvalit: 0.002199 bestmemit:   10.202310   11.331464    1.000000    2.768657    0.000054
Iteration: 209 bestvalit: 0.002199 bestmemit:   10.202310   11.331464    1.000000    2.768657    0.000054
Iteration: 210 bestvalit: 0.002199 bestmemit:   10.202310   11.331464    1.000000    2.768657    0.000054
Iteration: 211 bestvalit: 0.002199 bestmemit:   10.202310   11.331464    1.000000    2.768657    0.000054
Iteration: 212 bestvalit: 0.002199 bestmemit:   10.202310   11.331464    1.000000    2.768657    0.000054
Iteration: 213 bestvalit: 0.002199 bestmemit:   10.202310   11.331464    1.000000    2.768657    0.000054
Iteration: 214 bestvalit: 0.002199 bestmemit:   10.202310   11.331464    1.000000    2.768657    0.000054
Iteration: 215 bestvalit: 0.002199 bestmemit:   10.202310   11.331464    1.000000    2.768657    0.000054
Iteration: 216 bestvalit: 0.002199 bestmemit:   10.202310   11.331464    1.000000    2.768657    0.000054
Iteration: 217 bestvalit: 0.002199 bestmemit:   10.178340   11.329932    1.000000    2.748713    0.000020
Iteration: 218 bestvalit: 0.002199 bestmemit:   10.178340   11.329932    1.000000    2.748713    0.000020
Iteration: 219 bestvalit: 0.002199 bestmemit:   10.122518   11.353892    1.000000    2.754090    0.000031
Iteration: 220 bestvalit: 0.002199 bestmemit:   10.122518   11.353892    1.000000    2.754090    0.000031
Iteration: 221 bestvalit: 0.002199 bestmemit:   10.122518   11.353892    1.000000    2.754090    0.000031
Iteration: 222 bestvalit: 0.002199 bestmemit:   10.122518   11.353892    1.000000    2.754090    0.000031
Iteration: 223 bestvalit: 0.002199 bestmemit:   10.122518   11.353892    1.000000    2.754090    0.000031
Iteration: 224 bestvalit: 0.002199 bestmemit:   10.122518   11.353892    1.000000    2.754090    0.000031
Iteration: 225 bestvalit: 0.002199 bestmemit:   10.122518   11.353892    1.000000    2.754090    0.000031
Iteration: 226 bestvalit: 0.002199 bestmemit:   10.122518   11.353892    1.000000    2.754090    0.000031
Iteration: 227 bestvalit: 0.002199 bestmemit:   10.122518   11.353892    1.000000    2.754090    0.000031
Iteration: 228 bestvalit: 0.002199 bestmemit:   10.122518   11.353892    1.000000    2.754090    0.000031
Iteration: 229 bestvalit: 0.002199 bestmemit:   10.122518   11.353892    1.000000    2.754090    0.000031
Iteration: 230 bestvalit: 0.002199 bestmemit:   10.140866   11.344913    1.000000    2.748713    0.000020
Iteration: 231 bestvalit: 0.002199 bestmemit:   10.140866   11.344586    1.000000    2.748713    0.000020
Iteration: 232 bestvalit: 0.002199 bestmemit:   10.140866   11.344586    1.000000    2.748713    0.000020
Iteration: 233 bestvalit: 0.002199 bestmemit:   10.140866   11.344586    1.000000    2.748713    0.000020
Iteration: 234 bestvalit: 0.002199 bestmemit:   10.140866   11.344586    1.000000    2.748713    0.000020
Iteration: 235 bestvalit: 0.002199 bestmemit:   10.140866   11.344586    1.000000    2.748713    0.000020
Iteration: 236 bestvalit: 0.002199 bestmemit:   10.140866   11.344586    1.000000    2.748713    0.000020
Iteration: 237 bestvalit: 0.002199 bestmemit:   10.140866   11.344586    1.000000    2.748713    0.000020
Iteration: 238 bestvalit: 0.002199 bestmemit:   10.133160   11.359215    1.000000    2.763053    0.000036
Iteration: 239 bestvalit: 0.002199 bestmemit:   10.141155   11.358070    1.000000    2.771719    0.000004
Iteration: 240 bestvalit: 0.002199 bestmemit:   10.141155   11.358070    1.000000    2.771719    0.000004
Iteration: 241 bestvalit: 0.002199 bestmemit:   10.165004   11.350897    1.000000    2.769057    0.000012
Iteration: 242 bestvalit: 0.002199 bestmemit:   10.165004   11.350897    1.000000    2.769057    0.000012
Iteration: 243 bestvalit: 0.002199 bestmemit:   10.165004   11.350897    1.000000    2.769057    0.000012
Iteration: 244 bestvalit: 0.002199 bestmemit:   10.160336   11.350897    1.000000    2.769057    0.000012
Iteration: 245 bestvalit: 0.002199 bestmemit:   10.160336   11.350897    1.000000    2.769057    0.000012
Iteration: 246 bestvalit: 0.002199 bestmemit:   10.160336   11.350897    1.000000    2.769057    0.000012
Iteration: 247 bestvalit: 0.002199 bestmemit:   10.160336   11.350897    1.000000    2.769057    0.000012
Iteration: 248 bestvalit: 0.002199 bestmemit:   10.157257   11.348976    1.000000    2.762074    0.000004
Iteration: 249 bestvalit: 0.002199 bestmemit:   10.157257   11.348976    1.000000    2.762074    0.000004
Iteration: 250 bestvalit: 0.002199 bestmemit:   10.157257   11.348976    1.000000    2.764876    0.000004
Iteration: 251 bestvalit: 0.002199 bestmemit:   10.157257   11.348976    1.000000    2.764876    0.000004
Iteration: 252 bestvalit: 0.002199 bestmemit:   10.157257   11.348976    1.000000    2.764876    0.000004
Iteration: 253 bestvalit: 0.002199 bestmemit:   10.157257   11.348976    1.000000    2.764876    0.000004
Iteration: 254 bestvalit: 0.002199 bestmemit:   10.157257   11.348976    1.000000    2.764876    0.000004
Iteration: 255 bestvalit: 0.002199 bestmemit:   10.157257   11.348976    1.000000    2.764876    0.000004
Iteration: 256 bestvalit: 0.002199 bestmemit:   10.157257   11.348976    1.000000    2.764876    0.000004
Iteration: 257 bestvalit: 0.002199 bestmemit:   10.157257   11.348976    1.000000    2.764876    0.000004
Iteration: 258 bestvalit: 0.002199 bestmemit:   10.157257   11.348976    1.000000    2.764876    0.000004
Iteration: 259 bestvalit: 0.002199 bestmemit:   10.157257   11.348976    1.000000    2.764876    0.000004
Iteration: 260 bestvalit: 0.002199 bestmemit:   10.157257   11.348976    1.000000    2.764876    0.000004
Iteration: 261 bestvalit: 0.002199 bestmemit:   10.157257   11.348976    1.000000    2.764876    0.000004
Iteration: 262 bestvalit: 0.002199 bestmemit:   10.157257   11.348976    1.000000    2.764876    0.000004
Iteration: 263 bestvalit: 0.002199 bestmemit:   10.157257   11.348976    1.000000    2.764876    0.000004
Iteration: 264 bestvalit: 0.002199 bestmemit:   10.157257   11.348976    1.000000    2.764876    0.000004
Iteration: 265 bestvalit: 0.002199 bestmemit:   10.152077   11.349695    1.000000    2.761812    0.000005
Iteration: 266 bestvalit: 0.002199 bestmemit:   10.152077   11.349695    1.000000    2.761812    0.000005
Iteration: 267 bestvalit: 0.002199 bestmemit:   10.152077   11.349695    1.000000    2.761812    0.000005
Iteration: 268 bestvalit: 0.002199 bestmemit:   10.152077   11.349695    1.000000    2.761812    0.000005
Iteration: 269 bestvalit: 0.002199 bestmemit:   10.152077   11.349695    1.000000    2.761812    0.000005
Iteration: 270 bestvalit: 0.002199 bestmemit:   10.152077   11.349695    1.000000    2.761812    0.000005
Iteration: 271 bestvalit: 0.002199 bestmemit:   10.152077   11.349695    1.000000    2.761812    0.000005
Iteration: 272 bestvalit: 0.002199 bestmemit:   10.152077   11.349695    1.000000    2.761812    0.000005
Iteration: 273 bestvalit: 0.002199 bestmemit:   10.152077   11.349695    1.000000    2.761812    0.000005
Iteration: 274 bestvalit: 0.002199 bestmemit:   10.152077   11.349695    1.000000    2.761812    0.000005
Iteration: 275 bestvalit: 0.002199 bestmemit:   10.152077   11.349695    1.000000    2.761812    0.000005
Iteration: 276 bestvalit: 0.002199 bestmemit:   10.148174   11.351757    1.000000    2.765255    0.000004
Iteration: 277 bestvalit: 0.002199 bestmemit:   10.148174   11.351757    1.000000    2.765255    0.000004
Iteration: 278 bestvalit: 0.002199 bestmemit:   10.148174   11.351757    1.000000    2.765255    0.000004
Iteration: 279 bestvalit: 0.002199 bestmemit:   10.148174   11.351757    1.000000    2.765255    0.000004
Iteration: 280 bestvalit: 0.002199 bestmemit:   10.148174   11.351757    1.000000    2.765255    0.000004
Iteration: 281 bestvalit: 0.002199 bestmemit:   10.148174   11.351757    1.000000    2.765255    0.000004
Iteration: 282 bestvalit: 0.002199 bestmemit:   10.148174   11.351757    1.000000    2.765255    0.000004
Iteration: 283 bestvalit: 0.002199 bestmemit:   10.148174   11.351757    1.000000    2.765255    0.000004
Iteration: 284 bestvalit: 0.002199 bestmemit:   10.152077   11.349695    1.000000    2.764697    0.000002
Iteration: 285 bestvalit: 0.002199 bestmemit:   10.152077   11.349695    1.000000    2.764697    0.000002
Iteration: 286 bestvalit: 0.002199 bestmemit:   10.152077   11.349695    1.000000    2.764697    0.000002
Iteration: 287 bestvalit: 0.002199 bestmemit:   10.152077   11.349695    1.000000    2.764148    0.000002
Iteration: 288 bestvalit: 0.002199 bestmemit:   10.152077   11.349695    1.000000    2.764148    0.000002
Iteration: 289 bestvalit: 0.002199 bestmemit:   10.152077   11.349695    1.000000    2.764148    0.000002
Iteration: 290 bestvalit: 0.002199 bestmemit:   10.149061   11.349350    1.000000    2.762386    0.000001
Iteration: 291 bestvalit: 0.002199 bestmemit:   10.149061   11.349350    1.000000    2.762386    0.000001
Iteration: 292 bestvalit: 0.002199 bestmemit:   10.149061   11.349350    1.000000    2.762386    0.000001
Iteration: 293 bestvalit: 0.002199 bestmemit:   10.149061   11.349350    1.000000    2.762386    0.000001
Iteration: 294 bestvalit: 0.002199 bestmemit:   10.149061   11.349350    1.000000    2.762386    0.000001
Iteration: 295 bestvalit: 0.002199 bestmemit:   10.149061   11.349350    1.000000    2.762386    0.000001
Iteration: 296 bestvalit: 0.002199 bestmemit:   10.149061   11.349350    1.000000    2.762386    0.000001
Iteration: 297 bestvalit: 0.002199 bestmemit:   10.149061   11.349350    1.000000    2.761542    0.000001
Iteration: 298 bestvalit: 0.002199 bestmemit:   10.149061   11.349350    1.000000    2.761542    0.000001
Iteration: 299 bestvalit: 0.002199 bestmemit:   10.149061   11.349350    1.000000    2.761542    0.000001
Iteration: 300 bestvalit: 0.002199 bestmemit:   10.149061   11.349350    1.000000    2.761542    0.000001
Iteration: 301 bestvalit: 0.002199 bestmemit:   10.149061   11.349350    1.000000    2.761542    0.000001
Iteration: 302 bestvalit: 0.002199 bestmemit:   10.149061   11.349350    1.000000    2.761542    0.000001
Iteration: 303 bestvalit: 0.002199 bestmemit:   10.149061   11.349350    1.000000    2.761542    0.000001
Iteration: 304 bestvalit: 0.002199 bestmemit:   10.149061   11.349350    1.000000    2.761542    0.000001
Iteration: 305 bestvalit: 0.002199 bestmemit:   10.149061   11.349350    1.000000    2.761542    0.000001
Iteration: 306 bestvalit: 0.002199 bestmemit:   10.146994   11.349655    1.000000    2.761673    0.000000
Iteration: 307 bestvalit: 0.002199 bestmemit:   10.146994   11.349655    1.000000    2.761673    0.000000
Iteration: 308 bestvalit: 0.002199 bestmemit:   10.146994   11.349655    1.000000    2.761673    0.000000
Iteration: 309 bestvalit: 0.002199 bestmemit:   10.149159   11.350793    1.000000    2.763828    0.000000
Iteration: 310 bestvalit: 0.002199 bestmemit:   10.149159   11.350793    1.000000    2.763828    0.000000
Iteration: 311 bestvalit: 0.002199 bestmemit:   10.147773   11.349655    1.000000    2.761673    0.000000
Iteration: 312 bestvalit: 0.002199 bestmemit:   10.147773   11.349655    1.000000    2.761673    0.000000
Iteration: 313 bestvalit: 0.002199 bestmemit:   10.147773   11.349655    1.000000    2.761673    0.000000
Iteration: 314 bestvalit: 0.002199 bestmemit:   10.147773   11.349655    1.000000    2.761673    0.000000
Iteration: 315 bestvalit: 0.002199 bestmemit:   10.147773   11.349655    1.000000    2.761673    0.000000
Iteration: 316 bestvalit: 0.002199 bestmemit:   10.147773   11.349655    1.000000    2.761673    0.000000
Iteration: 317 bestvalit: 0.002199 bestmemit:   10.147773   11.349655    1.000000    2.761673    0.000000
Iteration: 318 bestvalit: 0.002199 bestmemit:   10.147773   11.349655    1.000000    2.761673    0.000000
Iteration: 319 bestvalit: 0.002199 bestmemit:   10.147773   11.349655    1.000000    2.761673    0.000000
Iteration: 320 bestvalit: 0.002199 bestmemit:   10.147773   11.349655    1.000000    2.761673    0.000000
Iteration: 321 bestvalit: 0.002199 bestmemit:   10.147773   11.349655    1.000000    2.761673    0.000000
Iteration: 322 bestvalit: 0.002199 bestmemit:   10.147773   11.349655    1.000000    2.761673    0.000000
Iteration: 323 bestvalit: 0.002199 bestmemit:   10.147773   11.349655    1.000000    2.761673    0.000000
Iteration: 324 bestvalit: 0.002199 bestmemit:   10.147773   11.349655    1.000000    2.761673    0.000000
Iteration: 325 bestvalit: 0.002199 bestmemit:   10.147773   11.349791    1.000000    2.761673    0.000000
Iteration: 326 bestvalit: 0.002199 bestmemit:   10.148503   11.350896    1.000000    2.763246    0.000000
Iteration: 327 bestvalit: 0.002199 bestmemit:   10.148503   11.350896    1.000000    2.763246    0.000000
Iteration: 328 bestvalit: 0.002199 bestmemit:   10.148503   11.350896    1.000000    2.763246    0.000000
Iteration: 329 bestvalit: 0.002199 bestmemit:   10.148481   11.350855    1.000000    2.762974    0.000000
Iteration: 330 bestvalit: 0.002199 bestmemit:   10.148481   11.350855    1.000000    2.762974    0.000000
Iteration: 331 bestvalit: 0.002199 bestmemit:   10.148481   11.350855    1.000000    2.762974    0.000000
Iteration: 332 bestvalit: 0.002199 bestmemit:   10.148481   11.350855    1.000000    2.762974    0.000000
Iteration: 333 bestvalit: 0.002199 bestmemit:   10.148481   11.350855    1.000000    2.762974    0.000000
Iteration: 334 bestvalit: 0.002199 bestmemit:   10.148481   11.350855    1.000000    2.762974    0.000000
Iteration: 335 bestvalit: 0.002199 bestmemit:   10.148481   11.350667    1.000000    2.762974    0.000000
Iteration: 336 bestvalit: 0.002199 bestmemit:   10.148481   11.350667    1.000000    2.762974    0.000000
Iteration: 337 bestvalit: 0.002199 bestmemit:   10.148481   11.350667    1.000000    2.762974    0.000000
Iteration: 338 bestvalit: 0.002199 bestmemit:   10.148481   11.350667    1.000000    2.762974    0.000000
Iteration: 339 bestvalit: 0.002199 bestmemit:   10.148481   11.350667    1.000000    2.762974    0.000000
Iteration: 340 bestvalit: 0.002199 bestmemit:   10.148481   11.350667    1.000000    2.762974    0.000000
Iteration: 341 bestvalit: 0.002199 bestmemit:   10.148376   11.350547    1.000000    2.762998    0.000000
Iteration: 342 bestvalit: 0.002199 bestmemit:   10.148376   11.350547    1.000000    2.762998    0.000000
Iteration: 343 bestvalit: 0.002199 bestmemit:   10.148376   11.350547    1.000000    2.762794    0.000000
Iteration: 344 bestvalit: 0.002199 bestmemit:   10.148376   11.350547    1.000000    2.762794    0.000000
Iteration: 345 bestvalit: 0.002199 bestmemit:   10.148376   11.350547    1.000000    2.762794    0.000000
Iteration: 346 bestvalit: 0.002199 bestmemit:   10.148376   11.350547    1.000000    2.762794    0.000000
Iteration: 347 bestvalit: 0.002199 bestmemit:   10.148376   11.350547    1.000000    2.762794    0.000000
Iteration: 348 bestvalit: 0.002199 bestmemit:   10.148376   11.350547    1.000000    2.762794    0.000000
Iteration: 349 bestvalit: 0.002199 bestmemit:   10.148376   11.350547    1.000000    2.762794    0.000000
Iteration: 350 bestvalit: 0.002199 bestmemit:   10.148376   11.350547    1.000000    2.762794    0.000000
Iteration: 351 bestvalit: 0.002199 bestmemit:   10.148376   11.350547    1.000000    2.762794    0.000000
Iteration: 352 bestvalit: 0.002199 bestmemit:   10.148376   11.350547    1.000000    2.762794    0.000000
Iteration: 353 bestvalit: 0.002199 bestmemit:   10.148376   11.350547    1.000000    2.762794    0.000000
Iteration: 354 bestvalit: 0.002199 bestmemit:   10.148376   11.350547    1.000000    2.762794    0.000000
Iteration: 355 bestvalit: 0.002199 bestmemit:   10.148376   11.350547    1.000000    2.762794    0.000000
Iteration: 356 bestvalit: 0.002199 bestmemit:   10.148376   11.350547    1.000000    2.762794    0.000000
Iteration: 357 bestvalit: 0.002199 bestmemit:   10.148376   11.350547    1.000000    2.762794    0.000000
Iteration: 358 bestvalit: 0.002199 bestmemit:   10.148376   11.350547    1.000000    2.762794    0.000000
Iteration: 359 bestvalit: 0.002199 bestmemit:   10.148376   11.350547    1.000000    2.762794    0.000000
Iteration: 360 bestvalit: 0.002199 bestmemit:   10.148376   11.350547    1.000000    2.762794    0.000000
Iteration: 361 bestvalit: 0.002199 bestmemit:   10.148376   11.350547    1.000000    2.762794    0.000000
Iteration: 362 bestvalit: 0.002199 bestmemit:   10.148376   11.350547    1.000000    2.762794    0.000000
Iteration: 363 bestvalit: 0.002199 bestmemit:   10.148376   11.350547    1.000000    2.762794    0.000000
Iteration: 364 bestvalit: 0.002199 bestmemit:   10.148376   11.350547    1.000000    2.762794    0.000000
Iteration: 365 bestvalit: 0.002199 bestmemit:   10.148376   11.350547    1.000000    2.762794    0.000000
Iteration: 366 bestvalit: 0.002199 bestmemit:   10.148376   11.350547    1.000000    2.762749    0.000000
Iteration: 367 bestvalit: 0.002199 bestmemit:   10.148376   11.350547    1.000000    2.762749    0.000000
Iteration: 368 bestvalit: 0.002199 bestmemit:   10.148376   11.350547    1.000000    2.762749    0.000000
Iteration: 369 bestvalit: 0.002199 bestmemit:   10.148376   11.350547    1.000000    2.762749    0.000000
Iteration: 370 bestvalit: 0.002199 bestmemit:   10.148485   11.350277    1.000000    2.762530    0.000000
Iteration: 371 bestvalit: 0.002199 bestmemit:   10.148485   11.350277    1.000000    2.762530    0.000000
Iteration: 372 bestvalit: 0.002199 bestmemit:   10.148485   11.350277    1.000000    2.762530    0.000000
Iteration: 373 bestvalit: 0.002199 bestmemit:   10.148123   11.350373    1.000000    2.762557    0.000000
Iteration: 374 bestvalit: 0.002199 bestmemit:   10.148123   11.350373    1.000000    2.762557    0.000000
Iteration: 375 bestvalit: 0.002199 bestmemit:   10.148422   11.350338    1.000000    2.762554    0.000000
Iteration: 376 bestvalit: 0.002199 bestmemit:   10.148422   11.350338    1.000000    2.762554    0.000000
Iteration: 377 bestvalit: 0.002199 bestmemit:   10.148422   11.350338    1.000000    2.762554    0.000000

***** summary of DEoptim object ***** 
best member   :  10.14842 11.35034 1 2.76255 0 
best value    :  0.0022 
after         :  377 generations 
fn evaluated  :  756 times 
*************************************
