SLURM_JOB_ID: 55403043
SLURM_JOB_USER: vsc34066
SLURM_JOB_ACCOUNT: lp_desenderlab
SLURM_JOB_NAME: par_recov_alternating_fb_sim_alpha_learn.slurm
SLURM_CLUSTER_NAME: genius
SLURM_JOB_PARTITION: batch
SLURM_ARRAY_JOB_ID: 55402977
SLURM_ARRAY_TASK_ID: 66
SLURM_NNODES: 1
SLURM_NODELIST: r23i27n09
SLURM_JOB_CPUS_PER_NODE: 8
Date: Sun Dec  3 23:44:05 CET 2023
Walltime: 01-06:00:00
========================================================================
Iteration: 1 bestvalit: 0.036815 bestmemit:   10.964897  -38.629630    1.000000  981.123296  127.384602
Iteration: 2 bestvalit: 0.036815 bestmemit:   10.964897  -38.629630    1.000000  981.123296  127.384602
Iteration: 3 bestvalit: 0.036815 bestmemit:   10.964897  -38.629630    1.000000  981.123296  127.384602
Iteration: 4 bestvalit: 0.017036 bestmemit:   36.976119   21.678148    1.000000   62.056812  531.403774
Iteration: 5 bestvalit: 0.017036 bestmemit:   36.976119   21.678148    1.000000   62.056812  531.403774
Iteration: 6 bestvalit: 0.017036 bestmemit:   36.976119   21.678148    1.000000   62.056812  531.403774
Iteration: 7 bestvalit: 0.017036 bestmemit:   36.976119   21.678148    1.000000   62.056812  531.403774
Iteration: 8 bestvalit: 0.017034 bestmemit:   36.976119   15.900846    1.000000   62.056812  531.403774
Iteration: 9 bestvalit: 0.015851 bestmemit:   35.963193   32.497780    1.000000  105.432496  126.224742
Iteration: 10 bestvalit: 0.015851 bestmemit:   35.963193   32.497780    1.000000  105.432496  126.224742
Iteration: 11 bestvalit: 0.015851 bestmemit:   35.963193   32.497780    1.000000  105.432496  126.224742
Iteration: 12 bestvalit: 0.015717 bestmemit:   35.963193   -9.095987    1.000000  105.432496  126.224742
Iteration: 13 bestvalit: 0.015717 bestmemit:   35.963193   -9.095987    1.000000  105.432496  126.224742
Iteration: 14 bestvalit: 0.015717 bestmemit:   35.963193   -9.095987    1.000000  105.432496  126.224742
Iteration: 15 bestvalit: 0.015717 bestmemit:   35.963193   -9.095987    1.000000  105.432496  126.224742
Iteration: 16 bestvalit: 0.015717 bestmemit:   35.963193   -9.095987    1.000000  105.432496  126.224742
Iteration: 17 bestvalit: 0.015717 bestmemit:   35.963193   -9.095987    1.000000  105.432496  126.224742
Iteration: 18 bestvalit: 0.015717 bestmemit:   35.963193   -9.095987    1.000000  105.432496  126.224742
Iteration: 19 bestvalit: 0.012306 bestmemit:   42.855244   80.439693    1.000000   23.304801  334.885739
Iteration: 20 bestvalit: 0.012293 bestmemit:   42.855244   70.998038    1.000000   23.304801  334.885739
Iteration: 21 bestvalit: 0.011171 bestmemit:   31.238850   51.061370    1.000000   23.304801  298.330408
Iteration: 22 bestvalit: 0.011054 bestmemit:   27.749091   51.061370    1.000000   23.304801  298.330408
Iteration: 23 bestvalit: 0.011054 bestmemit:   27.749091   51.061370    1.000000   23.304801  298.330408
Iteration: 24 bestvalit: 0.011054 bestmemit:   27.749091   51.061370    1.000000   23.304801  298.330408
Iteration: 25 bestvalit: 0.009759 bestmemit:   48.876403   75.130627    1.000000   22.580078  103.883191
Iteration: 26 bestvalit: 0.009219 bestmemit:   37.760857   75.130627    1.000000   22.580078  103.883191
Iteration: 27 bestvalit: 0.007822 bestmemit:   37.760857   75.130627    1.000000    7.072888  103.883191
Iteration: 28 bestvalit: 0.006323 bestmemit:   18.351901   98.660544    1.000000    4.366589   48.176500
Iteration: 29 bestvalit: 0.006323 bestmemit:   18.351901   98.660544    1.000000    4.366589   48.176500
Iteration: 30 bestvalit: 0.005459 bestmemit:   18.351901   45.343128    1.000000    4.366589   48.176500
Iteration: 31 bestvalit: 0.005459 bestmemit:   18.351901   45.343128    1.000000    4.366589   48.176500
Iteration: 32 bestvalit: 0.005459 bestmemit:   18.351901   45.343128    1.000000    4.366589   48.176500
Iteration: 33 bestvalit: 0.005459 bestmemit:   18.351901   45.343128    1.000000    4.366589   48.176500
Iteration: 34 bestvalit: 0.005459 bestmemit:   18.351901   45.343128    1.000000    4.366589   48.176500
Iteration: 35 bestvalit: 0.005169 bestmemit:   18.351901   19.429889    1.000000    4.366589   48.176500
Iteration: 36 bestvalit: 0.005169 bestmemit:   18.351901   19.429889    1.000000    4.366589   48.176500
Iteration: 37 bestvalit: 0.005169 bestmemit:   18.351901   19.429889    1.000000    4.366589   48.176500
Iteration: 38 bestvalit: 0.005169 bestmemit:   18.351901   19.429889    1.000000    4.366589   48.176500
Iteration: 39 bestvalit: 0.005169 bestmemit:   18.351901   19.429889    1.000000    4.366589   48.176500
Iteration: 40 bestvalit: 0.003283 bestmemit:   13.477926   17.369816    1.000000    4.347819   12.528866
Iteration: 41 bestvalit: 0.003283 bestmemit:   13.477926   17.369816    1.000000    4.347819   12.528866
Iteration: 42 bestvalit: 0.003283 bestmemit:   13.477926   17.369816    1.000000    4.347819   12.528866
Iteration: 43 bestvalit: 0.003283 bestmemit:   13.477926   17.369816    1.000000    4.347819   12.528866
Iteration: 44 bestvalit: 0.003283 bestmemit:   13.477926   17.369816    1.000000    4.347819   12.528866
Iteration: 45 bestvalit: 0.003283 bestmemit:   13.477926   17.369816    1.000000    4.347819   12.528866
Iteration: 46 bestvalit: 0.003283 bestmemit:   13.477926   17.369816    1.000000    4.347819   12.528866
Iteration: 47 bestvalit: 0.003283 bestmemit:   13.477926   17.369816    1.000000    4.347819   12.528866
Iteration: 48 bestvalit: 0.003283 bestmemit:   13.477926   17.369816    1.000000    4.347819   12.528866
Iteration: 49 bestvalit: 0.003069 bestmemit:   11.711644   22.478896    1.000000    2.835822   14.630715
Iteration: 50 bestvalit: 0.002561 bestmemit:    6.894094    7.412360    1.000000    3.718267    8.421985
Iteration: 51 bestvalit: 0.002498 bestmemit:   11.411019    0.236634    1.000000    3.718267    8.268555
Iteration: 52 bestvalit: 0.002449 bestmemit:   11.411019    0.974094    1.000000    3.718267    8.268555
Iteration: 53 bestvalit: 0.002449 bestmemit:   11.411019    0.974094    1.000000    3.718267    8.268555
Iteration: 54 bestvalit: 0.002449 bestmemit:   11.411019    0.974094    1.000000    3.718267    8.268555
Iteration: 55 bestvalit: 0.001819 bestmemit:    9.163028    6.500694    1.000000    0.641598    5.255366
Iteration: 56 bestvalit: 0.001819 bestmemit:    9.163028    6.500694    1.000000    0.641598    5.255366
Iteration: 57 bestvalit: 0.001685 bestmemit:    9.163028    6.500694    1.000000    0.122940    0.817404
Iteration: 58 bestvalit: 0.001548 bestmemit:    9.163028    6.500694    1.000000    0.590731    0.817404
Iteration: 59 bestvalit: 0.001548 bestmemit:    9.163028    6.500694    1.000000    0.590731    0.817404
Iteration: 60 bestvalit: 0.001548 bestmemit:    9.163028    6.500694    1.000000    0.590731    0.817404
Iteration: 61 bestvalit: 0.001548 bestmemit:    9.163028    6.500694    1.000000    0.590731    0.817404
Iteration: 62 bestvalit: 0.001548 bestmemit:    9.163028    6.500694    1.000000    0.590731    0.817404
Iteration: 63 bestvalit: 0.001548 bestmemit:    9.163028    6.500694    1.000000    0.590731    0.817404
Iteration: 64 bestvalit: 0.001548 bestmemit:    9.163028    6.500694    1.000000    0.590731    0.817404
Iteration: 65 bestvalit: 0.001548 bestmemit:    9.163028    6.500694    1.000000    0.590731    0.817404
Iteration: 66 bestvalit: 0.001517 bestmemit:    9.554470    6.952113    1.000000    2.008700    3.268335
Iteration: 67 bestvalit: 0.001517 bestmemit:    9.554470    6.952113    1.000000    2.008700    3.268335
Iteration: 68 bestvalit: 0.001517 bestmemit:    9.554470    6.952113    1.000000    2.008700    3.268335
Iteration: 69 bestvalit: 0.001517 bestmemit:    9.554470    6.952113    1.000000    2.008700    3.268335
Iteration: 70 bestvalit: 0.001284 bestmemit:    5.778501    8.205043    1.000000    0.612559    3.129204
Iteration: 71 bestvalit: 0.001284 bestmemit:    5.778501    8.205043    1.000000    0.612559    3.129204
Iteration: 72 bestvalit: 0.001284 bestmemit:    5.778501    8.205043    1.000000    0.612559    3.129204
Iteration: 73 bestvalit: 0.001284 bestmemit:    5.778501    8.205043    1.000000    0.612559    3.129204
Iteration: 74 bestvalit: 0.001284 bestmemit:    5.778501    8.205043    1.000000    0.612559    3.129204
Iteration: 75 bestvalit: 0.001284 bestmemit:    5.778501    8.205043    1.000000    0.612559    3.129204
Iteration: 76 bestvalit: 0.001284 bestmemit:    5.778501    8.205043    1.000000    0.612559    3.129204
Iteration: 77 bestvalit: 0.001284 bestmemit:    5.778501    8.205043    1.000000    0.612559    3.129204
Iteration: 78 bestvalit: 0.001274 bestmemit:    3.766923   10.709024    1.000000    0.037910    2.278971
Iteration: 79 bestvalit: 0.001274 bestmemit:    3.766923   10.709024    1.000000    0.037910    2.278971
Iteration: 80 bestvalit: 0.001257 bestmemit:    3.766923   10.709024    1.000000    0.037910    2.647357
Iteration: 81 bestvalit: 0.001257 bestmemit:    3.766923   10.709024    1.000000    0.037910    2.647357
Iteration: 82 bestvalit: 0.001257 bestmemit:    3.766923   10.709024    1.000000    0.037910    2.647357
Iteration: 83 bestvalit: 0.001257 bestmemit:    3.766923   10.709024    1.000000    0.037910    2.647357
Iteration: 84 bestvalit: 0.001256 bestmemit:    4.363402   11.232283    1.000000    0.322173    4.725560
Iteration: 85 bestvalit: 0.001256 bestmemit:    4.363402   11.232283    1.000000    0.322173    4.725560
Iteration: 86 bestvalit: 0.001242 bestmemit:    3.721380   10.567643    1.000000    0.150104    3.854787
Iteration: 87 bestvalit: 0.001242 bestmemit:    3.721380   10.567643    1.000000    0.150104    3.854787
Iteration: 88 bestvalit: 0.001237 bestmemit:    3.762447   11.008456    1.000000    0.047516    3.578727
Iteration: 89 bestvalit: 0.001237 bestmemit:    3.762447   11.008456    1.000000    0.047516    3.578727
Iteration: 90 bestvalit: 0.001237 bestmemit:    3.762447   11.008456    1.000000    0.047516    3.578727
Iteration: 91 bestvalit: 0.001237 bestmemit:    3.762447   11.008456    1.000000    0.047516    3.578727
Iteration: 92 bestvalit: 0.001237 bestmemit:    3.762447   11.008456    1.000000    0.065404    3.578727
Iteration: 93 bestvalit: 0.001237 bestmemit:    3.762447   11.008456    1.000000    0.065404    3.578727
Iteration: 94 bestvalit: 0.001237 bestmemit:    3.762447   11.008456    1.000000    0.065404    3.578727
Iteration: 95 bestvalit: 0.001237 bestmemit:    3.762447   11.008456    1.000000    0.065404    3.578727
Iteration: 96 bestvalit: 0.001237 bestmemit:    3.762447   11.008456    1.000000    0.065404    3.578727
Iteration: 97 bestvalit: 0.001237 bestmemit:    3.762447   11.008456    1.000000    0.065404    3.578727
Iteration: 98 bestvalit: 0.001237 bestmemit:    3.762447   11.008456    1.000000    0.065404    3.578727
Iteration: 99 bestvalit: 0.001237 bestmemit:    3.762447   11.008456    1.000000    0.065404    3.578727
Iteration: 100 bestvalit: 0.001237 bestmemit:    3.762447   11.008456    1.000000    0.065404    3.578727
Iteration: 101 bestvalit: 0.001237 bestmemit:    3.762447   11.008456    1.000000    0.065404    3.578727
Iteration: 102 bestvalit: 0.001237 bestmemit:    3.762447   11.008456    1.000000    0.065404    3.578727
Iteration: 103 bestvalit: 0.001236 bestmemit:    3.734415   10.809193    1.000000    0.071798    3.644347
Iteration: 104 bestvalit: 0.001236 bestmemit:    3.734415   10.809193    1.000000    0.071798    3.644347
Iteration: 105 bestvalit: 0.001236 bestmemit:    3.734415   10.809193    1.000000    0.071798    3.644347
Iteration: 106 bestvalit: 0.001236 bestmemit:    3.734415   10.809193    1.000000    0.071798    3.644347
Iteration: 107 bestvalit: 0.001236 bestmemit:    3.734415   10.809193    1.000000    0.071798    3.644347
Iteration: 108 bestvalit: 0.001236 bestmemit:    3.734415   10.809193    1.000000    0.071798    3.644347
Iteration: 109 bestvalit: 0.001236 bestmemit:    3.734415   10.809193    1.000000    0.071798    3.644347
Iteration: 110 bestvalit: 0.001236 bestmemit:    3.734415   10.809193    1.000000    0.071798    3.644347
Iteration: 111 bestvalit: 0.001236 bestmemit:    3.734415   10.809193    1.000000    0.071798    3.644347
Iteration: 112 bestvalit: 0.001236 bestmemit:    3.734415   10.809193    1.000000    0.071798    3.644347
Iteration: 113 bestvalit: 0.001236 bestmemit:    3.734415   10.809193    1.000000    0.071798    3.644347
Iteration: 114 bestvalit: 0.001236 bestmemit:    3.734415   10.809193    1.000000    0.071798    3.644347
Iteration: 115 bestvalit: 0.001236 bestmemit:    3.647425   10.893512    1.000000    0.067470    3.741651
Iteration: 116 bestvalit: 0.001236 bestmemit:    3.647425   10.893512    1.000000    0.067470    3.741651
Iteration: 117 bestvalit: 0.001236 bestmemit:    3.647425   10.893512    1.000000    0.067470    3.741651
Iteration: 118 bestvalit: 0.001236 bestmemit:    3.647425   10.893512    1.000000    0.067470    3.741651
Iteration: 119 bestvalit: 0.001236 bestmemit:    3.647425   10.893512    1.000000    0.067470    3.741651
Iteration: 120 bestvalit: 0.001236 bestmemit:    3.626167   10.833272    1.000000    0.033371    3.831133
Iteration: 121 bestvalit: 0.001236 bestmemit:    3.626167   10.833272    1.000000    0.033371    3.831133
Iteration: 122 bestvalit: 0.001236 bestmemit:    3.514238   11.082626    1.000000    0.032218    3.959465
Iteration: 123 bestvalit: 0.001236 bestmemit:    3.556377   11.026864    1.000000    0.027107    3.709890
Iteration: 124 bestvalit: 0.001236 bestmemit:    3.556377   11.026864    1.000000    0.027107    3.709890
Iteration: 125 bestvalit: 0.001236 bestmemit:    3.556377   11.026864    1.000000    0.027107    3.709890
Iteration: 126 bestvalit: 0.001236 bestmemit:    3.556377   11.026864    1.000000    0.027107    3.709890
Iteration: 127 bestvalit: 0.001236 bestmemit:    3.556377   11.026864    1.000000    0.027107    3.709890
Iteration: 128 bestvalit: 0.001235 bestmemit:    3.644359   11.049817    1.000000    0.032218    3.959465
Iteration: 129 bestvalit: 0.001235 bestmemit:    3.644359   11.049817    1.000000    0.032218    3.959465
Iteration: 130 bestvalit: 0.001235 bestmemit:    3.644359   11.049817    1.000000    0.032218    3.959465
Iteration: 131 bestvalit: 0.001235 bestmemit:    3.644359   11.049817    1.000000    0.032218    3.959465
Iteration: 132 bestvalit: 0.001235 bestmemit:    3.626167   11.044301    1.000000    0.033371    3.831133
Iteration: 133 bestvalit: 0.001235 bestmemit:    3.626167   11.044301    1.000000    0.033371    3.831133
Iteration: 134 bestvalit: 0.001235 bestmemit:    3.626167   11.086285    1.000000    0.033371    3.831133
Iteration: 135 bestvalit: 0.001235 bestmemit:    3.626167   11.086285    1.000000    0.033371    3.831133
Iteration: 136 bestvalit: 0.001235 bestmemit:    3.626167   11.086285    1.000000    0.033371    3.831133
Iteration: 137 bestvalit: 0.001235 bestmemit:    3.626167   11.086285    1.000000    0.033371    3.831133
Iteration: 138 bestvalit: 0.001235 bestmemit:    3.584741   11.179597    1.000000    0.013569    3.853916
Iteration: 139 bestvalit: 0.001235 bestmemit:    3.584741   11.179597    1.000000    0.013569    3.853916
Iteration: 140 bestvalit: 0.001235 bestmemit:    3.584741   11.179597    1.000000    0.013569    3.853916
Iteration: 141 bestvalit: 0.001235 bestmemit:    3.584741   11.179597    1.000000    0.013569    3.853916
Iteration: 142 bestvalit: 0.001235 bestmemit:    3.584741   11.179597    1.000000    0.013569    3.853916
Iteration: 143 bestvalit: 0.001235 bestmemit:    3.584741   11.183829    1.000000    0.013569    3.853916
Iteration: 144 bestvalit: 0.001235 bestmemit:    3.573233   11.238288    1.000000    0.018136    3.939398
Iteration: 145 bestvalit: 0.001235 bestmemit:    3.573233   11.238288    1.000000    0.018136    3.939398
Iteration: 146 bestvalit: 0.001235 bestmemit:    3.573233   11.238288    1.000000    0.018136    3.939398
Iteration: 147 bestvalit: 0.001235 bestmemit:    3.548833   11.217773    1.000000    0.004162    3.914480
Iteration: 148 bestvalit: 0.001235 bestmemit:    3.548833   11.217773    1.000000    0.004162    3.914480
Iteration: 149 bestvalit: 0.001235 bestmemit:    3.548833   11.217773    1.000000    0.004162    3.914480
Iteration: 150 bestvalit: 0.001235 bestmemit:    3.548833   11.217773    1.000000    0.004162    3.914480
Iteration: 151 bestvalit: 0.001235 bestmemit:    3.548833   11.217773    1.000000    0.004162    3.914480
Iteration: 152 bestvalit: 0.001234 bestmemit:    3.548833   11.245397    1.000000    0.004162    3.914480
Iteration: 153 bestvalit: 0.001234 bestmemit:    3.548833   11.245397    1.000000    0.004162    3.914480
Iteration: 154 bestvalit: 0.001234 bestmemit:    3.548833   11.245397    1.000000    0.004162    3.914480
Iteration: 155 bestvalit: 0.001234 bestmemit:    3.548833   11.245397    1.000000    0.004162    3.914480
Iteration: 156 bestvalit: 0.001234 bestmemit:    3.548833   11.245397    1.000000    0.004162    3.914480
Iteration: 157 bestvalit: 0.001234 bestmemit:    3.548833   11.245397    1.000000    0.004162    3.914480
Iteration: 158 bestvalit: 0.001234 bestmemit:    3.548833   11.245397    1.000000    0.004162    3.914480
Iteration: 159 bestvalit: 0.001234 bestmemit:    3.548833   11.245397    1.000000    0.004162    3.914480
Iteration: 160 bestvalit: 0.001234 bestmemit:    3.548833   11.245397    1.000000    0.004162    3.914480
Iteration: 161 bestvalit: 0.001234 bestmemit:    3.548833   11.245397    1.000000    0.004162    3.914480
Iteration: 162 bestvalit: 0.001234 bestmemit:    3.548833   11.245397    1.000000    0.004162    3.914480
Iteration: 163 bestvalit: 0.001234 bestmemit:    3.548833   11.245397    1.000000    0.004162    3.914480
Iteration: 164 bestvalit: 0.001234 bestmemit:    3.548833   11.245397    1.000000    0.004162    3.914480
Iteration: 165 bestvalit: 0.001234 bestmemit:    3.548833   11.245397    1.000000    0.004162    3.914480
Iteration: 166 bestvalit: 0.001234 bestmemit:    3.548833   11.245397    1.000000    0.004162    3.914480
Iteration: 167 bestvalit: 0.001234 bestmemit:    3.548833   11.245397    1.000000    0.004162    3.914480
Iteration: 168 bestvalit: 0.001234 bestmemit:    3.548833   11.245397    1.000000    0.004162    3.914480
Iteration: 169 bestvalit: 0.001234 bestmemit:    3.539737   11.256766    1.000000    0.003706    3.903958
Iteration: 170 bestvalit: 0.001234 bestmemit:    3.539737   11.256766    1.000000    0.003706    3.903958
Iteration: 171 bestvalit: 0.001234 bestmemit:    3.539737   11.256766    1.000000    0.003706    3.903958
Iteration: 172 bestvalit: 0.001234 bestmemit:    3.539737   11.256766    1.000000    0.003706    3.903958
Iteration: 173 bestvalit: 0.001234 bestmemit:    3.513384   11.317011    1.000000    0.004179    3.938090
Iteration: 174 bestvalit: 0.001234 bestmemit:    3.513384   11.317011    1.000000    0.004179    3.938090
Iteration: 175 bestvalit: 0.001234 bestmemit:    3.513384   11.316473    1.000000    0.004179    3.938090
Iteration: 176 bestvalit: 0.001234 bestmemit:    3.521974   11.294677    1.000000    0.000649    3.965145
Iteration: 177 bestvalit: 0.001234 bestmemit:    3.521974   11.294677    1.000000    0.000649    3.965145
Iteration: 178 bestvalit: 0.001234 bestmemit:    3.521974   11.294677    1.000000    0.000649    3.965145
Iteration: 179 bestvalit: 0.001234 bestmemit:    3.521974   11.294677    1.000000    0.000649    3.965145
Iteration: 180 bestvalit: 0.001234 bestmemit:    3.521974   11.294677    1.000000    0.000649    3.965145
Iteration: 181 bestvalit: 0.001234 bestmemit:    3.521974   11.294677    1.000000    0.000649    3.965145
Iteration: 182 bestvalit: 0.001234 bestmemit:    3.524538   11.279127    1.000000    0.003706    3.927467
Iteration: 183 bestvalit: 0.001234 bestmemit:    3.524538   11.279127    1.000000    0.003706    3.927467
Iteration: 184 bestvalit: 0.001234 bestmemit:    3.513384   11.316473    1.000000    0.001035    3.938090
Iteration: 185 bestvalit: 0.001234 bestmemit:    3.513384   11.316473    1.000000    0.001035    3.938090
Iteration: 186 bestvalit: 0.001234 bestmemit:    3.513384   11.316473    1.000000    0.001035    3.938090
Iteration: 187 bestvalit: 0.001234 bestmemit:    3.513384   11.316473    1.000000    0.001035    3.938090
Iteration: 188 bestvalit: 0.001234 bestmemit:    3.513384   11.316473    1.000000    0.001035    3.938090
Iteration: 189 bestvalit: 0.001234 bestmemit:    3.513384   11.316473    1.000000    0.001035    3.938090
Iteration: 190 bestvalit: 0.001234 bestmemit:    3.513384   11.316473    1.000000    0.001035    3.938090
Iteration: 191 bestvalit: 0.001234 bestmemit:    3.509560   11.310628    1.000000    0.000811    3.937799
Iteration: 192 bestvalit: 0.001234 bestmemit:    3.509560   11.310628    1.000000    0.000811    3.937799
Iteration: 193 bestvalit: 0.001234 bestmemit:    3.509560   11.310628    1.000000    0.000811    3.937799
Iteration: 194 bestvalit: 0.001234 bestmemit:    3.509560   11.310628    1.000000    0.000811    3.937799
Iteration: 195 bestvalit: 0.001234 bestmemit:    3.513384   11.316473    1.000000    0.000374    3.938090
Iteration: 196 bestvalit: 0.001234 bestmemit:    3.513384   11.316473    1.000000    0.000374    3.938090
Iteration: 197 bestvalit: 0.001234 bestmemit:    3.513384   11.316473    1.000000    0.000374    3.938090
Iteration: 198 bestvalit: 0.001234 bestmemit:    3.513384   11.316473    1.000000    0.000374    3.938090
Iteration: 199 bestvalit: 0.001234 bestmemit:    3.513384   11.316473    1.000000    0.000374    3.938090
Iteration: 200 bestvalit: 0.001234 bestmemit:    3.513384   11.316473    1.000000    0.000374    3.938090
Iteration: 201 bestvalit: 0.001234 bestmemit:    3.515574   11.295262    1.000000    0.000235    3.933462
Iteration: 202 bestvalit: 0.001234 bestmemit:    3.515574   11.295262    1.000000    0.000235    3.933462
Iteration: 203 bestvalit: 0.001234 bestmemit:    3.515574   11.295262    1.000000    0.000235    3.933462
Iteration: 204 bestvalit: 0.001234 bestmemit:    3.515574   11.295262    1.000000    0.000235    3.933462
Iteration: 205 bestvalit: 0.001234 bestmemit:    3.515574   11.295262    1.000000    0.000235    3.933462
Iteration: 206 bestvalit: 0.001234 bestmemit:    3.515574   11.295262    1.000000    0.000235    3.933462
Iteration: 207 bestvalit: 0.001234 bestmemit:    3.515574   11.295262    1.000000    0.000235    3.933462
Iteration: 208 bestvalit: 0.001234 bestmemit:    3.515574   11.295262    1.000000    0.000235    3.933462
Iteration: 209 bestvalit: 0.001234 bestmemit:    3.515574   11.295262    1.000000    0.000235    3.933462
Iteration: 210 bestvalit: 0.001234 bestmemit:    3.516007   11.286678    1.000000    0.000048    3.935473
Iteration: 211 bestvalit: 0.001234 bestmemit:    3.516007   11.286678    1.000000    0.000048    3.935473
Iteration: 212 bestvalit: 0.001234 bestmemit:    3.516007   11.286678    1.000000    0.000048    3.935473
Iteration: 213 bestvalit: 0.001234 bestmemit:    3.514524   11.295262    1.000000    0.000235    3.933462
Iteration: 214 bestvalit: 0.001234 bestmemit:    3.512892   11.303836    1.000000    0.000031    3.935537
Iteration: 215 bestvalit: 0.001234 bestmemit:    3.512892   11.303836    1.000000    0.000031    3.935537
Iteration: 216 bestvalit: 0.001234 bestmemit:    3.514689   11.290181    1.000000    0.000071    3.931981
Iteration: 217 bestvalit: 0.001234 bestmemit:    3.517318   11.290474    1.000000    0.000017    3.929631
Iteration: 218 bestvalit: 0.001234 bestmemit:    3.517318   11.290474    1.000000    0.000017    3.929631
Iteration: 219 bestvalit: 0.001234 bestmemit:    3.517318   11.290474    1.000000    0.000017    3.929631
Iteration: 220 bestvalit: 0.001234 bestmemit:    3.514684   11.297150    1.000000    0.000017    3.929631
Iteration: 221 bestvalit: 0.001234 bestmemit:    3.514684   11.297150    1.000000    0.000017    3.929631
Iteration: 222 bestvalit: 0.001234 bestmemit:    3.514689   11.290181    1.000000    0.000014    3.931981
Iteration: 223 bestvalit: 0.001234 bestmemit:    3.514689   11.290181    1.000000    0.000014    3.931981
Iteration: 224 bestvalit: 0.001234 bestmemit:    3.514689   11.290181    1.000000    0.000014    3.931981
Iteration: 225 bestvalit: 0.001234 bestmemit:    3.514481   11.292257    1.000000    0.000014    3.931981
Iteration: 226 bestvalit: 0.001234 bestmemit:    3.514481   11.292257    1.000000    0.000014    3.931981
Iteration: 227 bestvalit: 0.001234 bestmemit:    3.514481   11.292257    1.000000    0.000014    3.931981
Iteration: 228 bestvalit: 0.001234 bestmemit:    3.513879   11.294204    1.000000    0.000008    3.929695
Iteration: 229 bestvalit: 0.001234 bestmemit:    3.513879   11.294204    1.000000    0.000008    3.929695
Iteration: 230 bestvalit: 0.001234 bestmemit:    3.513879   11.294204    1.000000    0.000008    3.929695
Iteration: 231 bestvalit: 0.001234 bestmemit:    3.513879   11.294204    1.000000    0.000008    3.929695
Iteration: 232 bestvalit: 0.001234 bestmemit:    3.514436   11.293667    1.000000    0.000004    3.929225
Iteration: 233 bestvalit: 0.001234 bestmemit:    3.514436   11.293667    1.000000    0.000004    3.929225
Iteration: 234 bestvalit: 0.001234 bestmemit:    3.514436   11.293667    1.000000    0.000004    3.929225
Iteration: 235 bestvalit: 0.001234 bestmemit:    3.514436   11.293667    1.000000    0.000004    3.929225
Iteration: 236 bestvalit: 0.001234 bestmemit:    3.514436   11.293667    1.000000    0.000004    3.929225
Iteration: 237 bestvalit: 0.001234 bestmemit:    3.514359   11.294421    1.000000    0.000011    3.931112
Iteration: 238 bestvalit: 0.001234 bestmemit:    3.514359   11.294421    1.000000    0.000011    3.931112
Iteration: 239 bestvalit: 0.001234 bestmemit:    3.514300   11.292717    1.000000    0.000001    3.930143
Iteration: 240 bestvalit: 0.001234 bestmemit:    3.514300   11.292717    1.000000    0.000001    3.930143
Iteration: 241 bestvalit: 0.001234 bestmemit:    3.514300   11.292717    1.000000    0.000001    3.930143
Iteration: 242 bestvalit: 0.001234 bestmemit:    3.514300   11.293476    1.000000    0.000001    3.930143
Iteration: 243 bestvalit: 0.001234 bestmemit:    3.514300   11.293476    1.000000    0.000001    3.930143
Iteration: 244 bestvalit: 0.001234 bestmemit:    3.514300   11.293476    1.000000    0.000001    3.930143
Iteration: 245 bestvalit: 0.001234 bestmemit:    3.514370   11.293504    1.000000    0.000001    3.930774
Iteration: 246 bestvalit: 0.001234 bestmemit:    3.514370   11.293504    1.000000    0.000001    3.930774
Iteration: 247 bestvalit: 0.001234 bestmemit:    3.514370   11.293504    1.000000    0.000001    3.930774
Iteration: 248 bestvalit: 0.001234 bestmemit:    3.514370   11.293504    1.000000    0.000001    3.930774
Iteration: 249 bestvalit: 0.001234 bestmemit:    3.514370   11.293504    1.000000    0.000001    3.930774
Iteration: 250 bestvalit: 0.001234 bestmemit:    3.514300   11.293673    1.000000    0.000001    3.930697
Iteration: 251 bestvalit: 0.001234 bestmemit:    3.514300   11.293673    1.000000    0.000001    3.930697
Iteration: 252 bestvalit: 0.001234 bestmemit:    3.514241   11.293977    1.000000    0.000001    3.931523
Iteration: 253 bestvalit: 0.001234 bestmemit:    3.514241   11.293977    1.000000    0.000001    3.931523
Iteration: 254 bestvalit: 0.001234 bestmemit:    3.514241   11.293977    1.000000    0.000001    3.931523
Iteration: 255 bestvalit: 0.001234 bestmemit:    3.514241   11.293977    1.000000    0.000001    3.931523
Iteration: 256 bestvalit: 0.001234 bestmemit:    3.514241   11.293977    1.000000    0.000001    3.931523
Iteration: 257 bestvalit: 0.001234 bestmemit:    3.514170   11.294107    1.000000    0.000001    3.931663
Iteration: 258 bestvalit: 0.001234 bestmemit:    3.514144   11.294708    1.000000    0.000001    3.931301
Iteration: 259 bestvalit: 0.001234 bestmemit:    3.514065   11.294033    1.000000    0.000000    3.931246
Iteration: 260 bestvalit: 0.001234 bestmemit:    3.514331   11.294215    1.000000    0.000000    3.931266
Iteration: 261 bestvalit: 0.001234 bestmemit:    3.514331   11.294215    1.000000    0.000000    3.931266
Iteration: 262 bestvalit: 0.001234 bestmemit:    3.514331   11.294215    1.000000    0.000000    3.931266
Iteration: 263 bestvalit: 0.001234 bestmemit:    3.514159   11.294421    1.000000    0.000000    3.931260
Iteration: 264 bestvalit: 0.001234 bestmemit:    3.514159   11.294421    1.000000    0.000000    3.931260
Iteration: 265 bestvalit: 0.001234 bestmemit:    3.514159   11.294421    1.000000    0.000000    3.931260
Iteration: 266 bestvalit: 0.001234 bestmemit:    3.514159   11.294421    1.000000    0.000000    3.931260
Iteration: 267 bestvalit: 0.001234 bestmemit:    3.514159   11.294421    1.000000    0.000000    3.931260
Iteration: 268 bestvalit: 0.001234 bestmemit:    3.514172   11.294488    1.000000    0.000000    3.931410
Iteration: 269 bestvalit: 0.001234 bestmemit:    3.514172   11.294488    1.000000    0.000000    3.931410
Iteration: 270 bestvalit: 0.001234 bestmemit:    3.514172   11.294488    1.000000    0.000000    3.931410
Iteration: 271 bestvalit: 0.001234 bestmemit:    3.514172   11.294488    1.000000    0.000000    3.931410
Iteration: 272 bestvalit: 0.001234 bestmemit:    3.514172   11.294488    1.000000    0.000000    3.931410
Iteration: 273 bestvalit: 0.001234 bestmemit:    3.514172   11.294488    1.000000    0.000000    3.931410
Iteration: 274 bestvalit: 0.001234 bestmemit:    3.514134   11.294347    1.000000    0.000000    3.931353
Iteration: 275 bestvalit: 0.001234 bestmemit:    3.514134   11.294347    1.000000    0.000000    3.931353
Iteration: 276 bestvalit: 0.001234 bestmemit:    3.514134   11.294347    1.000000    0.000000    3.931353
Iteration: 277 bestvalit: 0.001234 bestmemit:    3.514172   11.294318    1.000000    0.000000    3.931410
Iteration: 278 bestvalit: 0.001234 bestmemit:    3.514176   11.294309    1.000000    0.000000    3.931405
Iteration: 279 bestvalit: 0.001234 bestmemit:    3.514176   11.294396    1.000000    0.000000    3.931405
Iteration: 280 bestvalit: 0.001234 bestmemit:    3.514176   11.294396    1.000000    0.000000    3.931405
Iteration: 281 bestvalit: 0.001234 bestmemit:    3.514176   11.294396    1.000000    0.000000    3.931405
Iteration: 282 bestvalit: 0.001234 bestmemit:    3.514176   11.294396    1.000000    0.000000    3.931405
Iteration: 283 bestvalit: 0.001234 bestmemit:    3.514176   11.294396    1.000000    0.000000    3.931405
Iteration: 284 bestvalit: 0.001234 bestmemit:    3.514156   11.294410    1.000000    0.000000    3.931405
Iteration: 285 bestvalit: 0.001234 bestmemit:    3.514156   11.294410    1.000000    0.000000    3.931405
Iteration: 286 bestvalit: 0.001234 bestmemit:    3.514156   11.294410    1.000000    0.000000    3.931405
Iteration: 287 bestvalit: 0.001234 bestmemit:    3.514156   11.294410    1.000000    0.000000    3.931405
Iteration: 288 bestvalit: 0.001234 bestmemit:    3.514156   11.294410    1.000000    0.000000    3.931390
Iteration: 289 bestvalit: 0.001234 bestmemit:    3.514156   11.294410    1.000000    0.000000    3.931390
Iteration: 290 bestvalit: 0.001234 bestmemit:    3.514156   11.294410    1.000000    0.000000    3.931390
Iteration: 291 bestvalit: 0.001234 bestmemit:    3.514156   11.294410    1.000000    0.000000    3.931390
Iteration: 292 bestvalit: 0.001234 bestmemit:    3.514156   11.294410    1.000000    0.000000    3.931390
Iteration: 293 bestvalit: 0.001234 bestmemit:    3.514132   11.294421    1.000000    0.000000    3.931370
Iteration: 294 bestvalit: 0.001234 bestmemit:    3.514132   11.294421    1.000000    0.000000    3.931370
Iteration: 295 bestvalit: 0.001234 bestmemit:    3.514132   11.294421    1.000000    0.000000    3.931370
Iteration: 296 bestvalit: 0.001234 bestmemit:    3.514132   11.294421    1.000000    0.000000    3.931370
Iteration: 297 bestvalit: 0.001234 bestmemit:    3.514132   11.294421    1.000000    0.000000    3.931370
Iteration: 298 bestvalit: 0.001234 bestmemit:    3.514132   11.294421    1.000000    0.000000    3.931370
Iteration: 299 bestvalit: 0.001234 bestmemit:    3.514157   11.294380    1.000000    0.000000    3.931386
Iteration: 300 bestvalit: 0.001234 bestmemit:    3.514157   11.294380    1.000000    0.000000    3.931386
Iteration: 301 bestvalit: 0.001234 bestmemit:    3.514157   11.294380    1.000000    0.000000    3.931386
Iteration: 302 bestvalit: 0.001234 bestmemit:    3.514149   11.294391    1.000000    0.000000    3.931387
Iteration: 303 bestvalit: 0.001234 bestmemit:    3.514144   11.294391    1.000000    0.000000    3.931387
Iteration: 304 bestvalit: 0.001234 bestmemit:    3.514144   11.294391    1.000000    0.000000    3.931387
Iteration: 305 bestvalit: 0.001234 bestmemit:    3.514151   11.294376    1.000000    0.000000    3.931362
Iteration: 306 bestvalit: 0.001234 bestmemit:    3.514153   11.294374    1.000000    0.000000    3.931365
Iteration: 307 bestvalit: 0.001234 bestmemit:    3.514140   11.294400    1.000000    0.000000    3.931375
Iteration: 308 bestvalit: 0.001234 bestmemit:    3.514140   11.294400    1.000000    0.000000    3.931375
Iteration: 309 bestvalit: 0.001234 bestmemit:    3.514140   11.294399    1.000000    0.000000    3.931375
Iteration: 310 bestvalit: 0.001234 bestmemit:    3.514140   11.294399    1.000000    0.000000    3.931375

***** summary of DEoptim object ***** 
best member   :  3.51414 11.2944 1 0 3.93138 
best value    :  0.00123 
after         :  310 generations 
fn evaluated  :  622 times 
*************************************
