SLURM_JOB_ID: 55403022
SLURM_JOB_USER: vsc34066
SLURM_JOB_ACCOUNT: lp_desenderlab
SLURM_JOB_NAME: par_recov_alternating_fb_sim_alpha_learn.slurm
SLURM_CLUSTER_NAME: genius
SLURM_JOB_PARTITION: batch
SLURM_ARRAY_JOB_ID: 55402977
SLURM_ARRAY_TASK_ID: 45
SLURM_NNODES: 2
SLURM_NODELIST: r23i27n[01-02]
SLURM_JOB_CPUS_PER_NODE: 4(x2)
Date: Sun Dec  3 23:43:53 CET 2023
Walltime: 01-06:00:00
========================================================================
Iteration: 1 bestvalit: 0.032885 bestmemit:   49.834932   66.240613    1.000000   47.556721  877.517676
Iteration: 2 bestvalit: 0.032885 bestmemit:   49.834932   66.240613    1.000000   47.556721  877.517676
Iteration: 3 bestvalit: 0.032885 bestmemit:   49.834932   66.240613    1.000000   47.556721  877.517676
Iteration: 4 bestvalit: 0.030842 bestmemit:   48.358804   93.510872    1.000000  167.224677  658.931269
Iteration: 5 bestvalit: 0.030429 bestmemit:   17.551318   93.510872    1.000000  167.224677  658.931269
Iteration: 6 bestvalit: 0.030429 bestmemit:   17.551318   93.510872    1.000000  167.224677  658.931269
Iteration: 7 bestvalit: 0.023538 bestmemit:   36.094195   93.510872    1.000000  167.224677  361.912027
Iteration: 8 bestvalit: 0.023457 bestmemit:   36.094195   39.129538    1.000000  167.224677  361.912027
Iteration: 9 bestvalit: 0.021678 bestmemit:   33.910857   79.204671    1.000000  157.694523  291.572490
Iteration: 10 bestvalit: 0.017590 bestmemit:   33.910857   79.204671    1.000000   13.585528  291.572490
Iteration: 11 bestvalit: 0.017414 bestmemit:   33.910857   50.796881    1.000000   13.585528  291.572490
Iteration: 12 bestvalit: 0.017414 bestmemit:   33.910857   50.796881    1.000000   13.585528  291.572490
Iteration: 13 bestvalit: 0.017414 bestmemit:   33.910857   50.796881    1.000000   13.585528  291.572490
Iteration: 14 bestvalit: 0.017414 bestmemit:   33.910857   50.796881    1.000000   13.585528  291.572490
Iteration: 15 bestvalit: 0.016400 bestmemit:   23.686225   50.796881    1.000000   13.585528  291.572490
Iteration: 16 bestvalit: 0.016400 bestmemit:   23.686225   50.796881    1.000000   13.585528  291.572490
Iteration: 17 bestvalit: 0.012525 bestmemit:   18.646851   44.706285    1.000000   79.194084   46.967410
Iteration: 18 bestvalit: 0.012525 bestmemit:   18.646851   44.706285    1.000000   79.194084   46.967410
Iteration: 19 bestvalit: 0.012525 bestmemit:   18.646851   44.706285    1.000000   79.194084   46.967410
Iteration: 20 bestvalit: 0.012525 bestmemit:   18.646851   44.706285    1.000000   79.194084   46.967410
Iteration: 21 bestvalit: 0.012525 bestmemit:   18.646851   44.706285    1.000000   79.194084   46.967410
Iteration: 22 bestvalit: 0.012525 bestmemit:   18.646851   44.706285    1.000000   79.194084   46.967410
Iteration: 23 bestvalit: 0.012525 bestmemit:   18.646851   44.706285    1.000000   79.194084   46.967410
Iteration: 24 bestvalit: 0.012525 bestmemit:   18.646851   44.706285    1.000000   79.194084   46.967410
Iteration: 25 bestvalit: 0.012525 bestmemit:   18.646851   44.706285    1.000000   79.194084   46.967410
Iteration: 26 bestvalit: 0.012525 bestmemit:   18.646851   44.706285    1.000000   79.194084   46.967410
Iteration: 27 bestvalit: 0.012525 bestmemit:   18.646851   44.706285    1.000000   79.194084   46.967410
Iteration: 28 bestvalit: 0.012525 bestmemit:   18.646851   44.706285    1.000000   79.194084   46.967410
Iteration: 29 bestvalit: 0.011687 bestmemit:    0.934853   19.756603    1.000000   80.919511   63.322514
Iteration: 30 bestvalit: 0.011687 bestmemit:    0.934853   19.756603    1.000000   80.919511   63.322514
Iteration: 31 bestvalit: 0.010957 bestmemit:    0.934853   19.756603    1.000000   62.310908   63.322514
Iteration: 32 bestvalit: 0.009770 bestmemit:   22.698391    4.636760    1.000000   58.257326   19.079412
Iteration: 33 bestvalit: 0.009691 bestmemit:   26.596612    4.518832    1.000000   66.599967    9.248527
Iteration: 34 bestvalit: 0.009691 bestmemit:   26.596612    4.518832    1.000000   66.599967    9.248527
Iteration: 35 bestvalit: 0.009562 bestmemit:   18.906685  -32.396409    1.000000   59.578762   25.280577
Iteration: 36 bestvalit: 0.009348 bestmemit:   18.906685  -24.448509    1.000000   59.578762   25.280577
Iteration: 37 bestvalit: 0.007675 bestmemit:   22.139812  -25.393527    1.000000   26.476948   11.654354
Iteration: 38 bestvalit: 0.007675 bestmemit:   22.139812  -25.393527    1.000000   26.476948   11.654354
Iteration: 39 bestvalit: 0.007675 bestmemit:   22.139812  -25.393527    1.000000   26.476948   11.654354
Iteration: 40 bestvalit: 0.007675 bestmemit:   22.139812  -25.393527    1.000000   26.476948   11.654354
Iteration: 41 bestvalit: 0.007675 bestmemit:   22.139812  -25.393527    1.000000   26.476948   11.654354
Iteration: 42 bestvalit: 0.007608 bestmemit:    0.580582    6.763442    1.000000   22.397812   11.120716
Iteration: 43 bestvalit: 0.007319 bestmemit:    0.580582    6.763442    1.000000    8.408613   11.120716
Iteration: 44 bestvalit: 0.007319 bestmemit:    0.580582    6.763442    1.000000    8.408613   11.120716
Iteration: 45 bestvalit: 0.007319 bestmemit:    0.580582    6.763442    1.000000    8.408613   11.120716
Iteration: 46 bestvalit: 0.007319 bestmemit:    0.580582    6.763442    1.000000    8.408613   11.120716
Iteration: 47 bestvalit: 0.007319 bestmemit:    0.580582    6.763442    1.000000    8.408613   11.120716
Iteration: 48 bestvalit: 0.003703 bestmemit:   20.123573   -7.859359    1.000000    7.064044    1.741413
Iteration: 49 bestvalit: 0.003703 bestmemit:   20.123573   -7.859359    1.000000    7.064044    1.741413
Iteration: 50 bestvalit: 0.003703 bestmemit:   20.123573   -7.859359    1.000000    7.064044    1.741413
Iteration: 51 bestvalit: 0.003703 bestmemit:   20.123573   -7.859359    1.000000    7.064044    1.741413
Iteration: 52 bestvalit: 0.003703 bestmemit:   20.123573   -7.859359    1.000000    7.064044    1.741413
Iteration: 53 bestvalit: 0.003703 bestmemit:   20.123573   -7.859359    1.000000    7.064044    1.741413
Iteration: 54 bestvalit: 0.003703 bestmemit:   20.123573   -7.859359    1.000000    7.064044    1.741413
Iteration: 55 bestvalit: 0.003703 bestmemit:   20.123573   -7.859359    1.000000    7.064044    1.741413
Iteration: 56 bestvalit: 0.003258 bestmemit:   20.123573   -4.165301    1.000000    7.064044    1.741413
Iteration: 57 bestvalit: 0.003258 bestmemit:   20.123573   -4.165301    1.000000    7.064044    1.741413
Iteration: 58 bestvalit: 0.003258 bestmemit:   20.123573   -4.165301    1.000000    7.064044    1.741413
Iteration: 59 bestvalit: 0.003258 bestmemit:   20.123573   -4.165301    1.000000    7.064044    1.741413
Iteration: 60 bestvalit: 0.003258 bestmemit:   20.123573   -4.165301    1.000000    7.064044    1.741413
Iteration: 61 bestvalit: 0.003258 bestmemit:   20.123573   -4.165301    1.000000    7.064044    1.741413
Iteration: 62 bestvalit: 0.003258 bestmemit:   20.123573   -4.165301    1.000000    7.064044    1.741413
Iteration: 63 bestvalit: 0.003258 bestmemit:   20.123573   -4.165301    1.000000    7.064044    1.741413
Iteration: 64 bestvalit: 0.003258 bestmemit:   20.123573   -4.165301    1.000000    7.064044    1.741413
Iteration: 65 bestvalit: 0.003258 bestmemit:   20.123573   -4.165301    1.000000    7.064044    1.741413
Iteration: 66 bestvalit: 0.003258 bestmemit:   20.123573   -4.165301    1.000000    7.064044    1.741413
Iteration: 67 bestvalit: 0.003228 bestmemit:   14.787024   -4.165301    1.000000    7.064044    1.741413
Iteration: 68 bestvalit: 0.003228 bestmemit:   14.787024   -4.165301    1.000000    7.064044    1.741413
Iteration: 69 bestvalit: 0.003228 bestmemit:   14.787024   -4.165301    1.000000    7.064044    1.741413
Iteration: 70 bestvalit: 0.003228 bestmemit:   14.787024   -4.165301    1.000000    7.064044    1.741413
Iteration: 71 bestvalit: 0.003228 bestmemit:   14.787024   -4.165301    1.000000    7.064044    1.741413
Iteration: 72 bestvalit: 0.003228 bestmemit:   14.787024   -4.165301    1.000000    7.064044    1.741413
Iteration: 73 bestvalit: 0.003228 bestmemit:   14.787024   -4.165301    1.000000    7.064044    1.741413
Iteration: 74 bestvalit: 0.003228 bestmemit:   14.787024   -4.165301    1.000000    7.064044    1.741413
Iteration: 75 bestvalit: 0.003228 bestmemit:   14.787024   -4.165301    1.000000    7.064044    1.741413
Iteration: 76 bestvalit: 0.003008 bestmemit:    8.370990    4.191866    1.000000    4.584538    0.552598
Iteration: 77 bestvalit: 0.003008 bestmemit:    8.370990    4.191866    1.000000    4.584538    0.552598
Iteration: 78 bestvalit: 0.002982 bestmemit:    8.863444    1.875168    1.000000    7.122802    1.862673
Iteration: 79 bestvalit: 0.002982 bestmemit:    8.863444    1.875168    1.000000    7.122802    1.862673
Iteration: 80 bestvalit: 0.001937 bestmemit:    9.302576    3.166413    1.000000    1.541012    0.442049
Iteration: 81 bestvalit: 0.001937 bestmemit:    9.302576    3.166413    1.000000    1.541012    0.442049
Iteration: 82 bestvalit: 0.001935 bestmemit:    9.302576    3.137046    1.000000    1.541012    0.442049
Iteration: 83 bestvalit: 0.001935 bestmemit:    9.302576    3.137046    1.000000    1.541012    0.442049
Iteration: 84 bestvalit: 0.001935 bestmemit:    9.302576    3.137046    1.000000    1.541012    0.442049
Iteration: 85 bestvalit: 0.001935 bestmemit:    9.302576    3.137046    1.000000    1.541012    0.442049
Iteration: 86 bestvalit: 0.001935 bestmemit:    9.302576    3.137046    1.000000    1.541012    0.442049
Iteration: 87 bestvalit: 0.001935 bestmemit:    9.302576    3.137046    1.000000    1.541012    0.442049
Iteration: 88 bestvalit: 0.001935 bestmemit:    9.302576    3.137046    1.000000    1.541012    0.442049
Iteration: 89 bestvalit: 0.001935 bestmemit:    9.302576    3.137046    1.000000    1.541012    0.442049
Iteration: 90 bestvalit: 0.001935 bestmemit:    9.302576    3.137046    1.000000    1.541012    0.442049
Iteration: 91 bestvalit: 0.001935 bestmemit:    9.302576    3.137046    1.000000    1.541012    0.442049
Iteration: 92 bestvalit: 0.001935 bestmemit:    9.302576    3.137046    1.000000    1.541012    0.442049
Iteration: 93 bestvalit: 0.001935 bestmemit:    9.302576    3.137046    1.000000    1.541012    0.442049
Iteration: 94 bestvalit: 0.001935 bestmemit:    9.302576    3.137046    1.000000    1.541012    0.442049
Iteration: 95 bestvalit: 0.001935 bestmemit:    9.302576    3.137046    1.000000    1.541012    0.442049
Iteration: 96 bestvalit: 0.001935 bestmemit:    9.302576    3.137046    1.000000    1.541012    0.442049
Iteration: 97 bestvalit: 0.001935 bestmemit:    9.302576    3.137046    1.000000    1.541012    0.442049
Iteration: 98 bestvalit: 0.001935 bestmemit:    9.302576    3.137046    1.000000    1.541012    0.442049
Iteration: 99 bestvalit: 0.001935 bestmemit:    9.302576    3.137046    1.000000    1.541012    0.442049
Iteration: 100 bestvalit: 0.001935 bestmemit:    9.302576    3.137046    1.000000    1.541012    0.442049
Iteration: 101 bestvalit: 0.001935 bestmemit:    9.302576    3.137046    1.000000    1.541012    0.442049
Iteration: 102 bestvalit: 0.001935 bestmemit:    9.302576    3.137046    1.000000    1.541012    0.442049
Iteration: 103 bestvalit: 0.001935 bestmemit:    9.302576    3.137046    1.000000    1.541012    0.442049
Iteration: 104 bestvalit: 0.001921 bestmemit:    5.641224    5.187534    1.000000    1.253966    0.556661
Iteration: 105 bestvalit: 0.001813 bestmemit:    6.535582    3.202498    1.000000    0.795430    0.373517
Iteration: 106 bestvalit: 0.001813 bestmemit:    6.535582    3.202498    1.000000    0.795430    0.373517
Iteration: 107 bestvalit: 0.001813 bestmemit:    6.535582    3.202498    1.000000    0.795430    0.373517
Iteration: 108 bestvalit: 0.001813 bestmemit:    6.535582    3.202498    1.000000    0.795430    0.373517
Iteration: 109 bestvalit: 0.001813 bestmemit:    6.535582    3.202498    1.000000    0.795430    0.373517
Iteration: 110 bestvalit: 0.001813 bestmemit:    6.535582    3.202498    1.000000    0.795430    0.373517
Iteration: 111 bestvalit: 0.001813 bestmemit:    6.535582    3.202498    1.000000    0.795430    0.373517
Iteration: 112 bestvalit: 0.001813 bestmemit:    6.535582    3.202498    1.000000    0.795430    0.373517
Iteration: 113 bestvalit: 0.001813 bestmemit:    6.535582    3.202498    1.000000    0.795430    0.373517
Iteration: 114 bestvalit: 0.001813 bestmemit:    6.535582    3.202498    1.000000    0.795430    0.373517
Iteration: 115 bestvalit: 0.001785 bestmemit:    4.457650    7.060550    1.000000    0.693969    0.172393
Iteration: 116 bestvalit: 0.001785 bestmemit:    4.457650    7.060550    1.000000    0.693969    0.172393
Iteration: 117 bestvalit: 0.001785 bestmemit:    4.457650    7.060550    1.000000    0.693969    0.172393
Iteration: 118 bestvalit: 0.001783 bestmemit:    4.457650    7.060550    1.000000    0.330153    0.172393
Iteration: 119 bestvalit: 0.001783 bestmemit:    4.457650    7.060550    1.000000    0.330153    0.172393
Iteration: 120 bestvalit: 0.001758 bestmemit:    4.146188    6.359377    1.000000    0.330153    0.172393
Iteration: 121 bestvalit: 0.001758 bestmemit:    4.146188    6.359377    1.000000    0.330153    0.172393
Iteration: 122 bestvalit: 0.001758 bestmemit:    4.146188    6.359377    1.000000    0.330153    0.172393
Iteration: 123 bestvalit: 0.001758 bestmemit:    4.146188    6.359377    1.000000    0.330153    0.172393
Iteration: 124 bestvalit: 0.001758 bestmemit:    4.146188    6.359377    1.000000    0.330153    0.172393
Iteration: 125 bestvalit: 0.001758 bestmemit:    4.146188    6.359377    1.000000    0.330153    0.172393
Iteration: 126 bestvalit: 0.001758 bestmemit:    4.146188    6.359377    1.000000    0.330153    0.172393
Iteration: 127 bestvalit: 0.001758 bestmemit:    4.146188    6.359377    1.000000    0.330153    0.172393
Iteration: 128 bestvalit: 0.001751 bestmemit:    5.810179    5.792251    1.000000    0.738174    0.161283
Iteration: 129 bestvalit: 0.001751 bestmemit:    5.810179    5.792251    1.000000    0.738174    0.161283
Iteration: 130 bestvalit: 0.001751 bestmemit:    5.810179    5.792251    1.000000    0.738174    0.161283
Iteration: 131 bestvalit: 0.001751 bestmemit:    5.810179    5.792251    1.000000    0.738174    0.161283
Iteration: 132 bestvalit: 0.001751 bestmemit:    5.810179    5.792251    1.000000    0.738174    0.161283
Iteration: 133 bestvalit: 0.001751 bestmemit:    5.810179    5.792251    1.000000    0.738174    0.161283
Iteration: 134 bestvalit: 0.001751 bestmemit:    5.810179    5.792251    1.000000    0.738174    0.161283
Iteration: 135 bestvalit: 0.001751 bestmemit:    5.810179    5.792251    1.000000    0.738174    0.161283
Iteration: 136 bestvalit: 0.001751 bestmemit:    5.810179    5.792251    1.000000    0.738174    0.161283
Iteration: 137 bestvalit: 0.001751 bestmemit:    5.810179    5.792251    1.000000    0.738174    0.161283
Iteration: 138 bestvalit: 0.001730 bestmemit:    5.134887    6.524112    1.000000    0.458868    0.066194
Iteration: 139 bestvalit: 0.001730 bestmemit:    5.134887    6.524112    1.000000    0.458868    0.066194
Iteration: 140 bestvalit: 0.001730 bestmemit:    5.134887    6.524112    1.000000    0.458868    0.066194
Iteration: 141 bestvalit: 0.001726 bestmemit:    5.058377    6.524112    1.000000    0.458868    0.081058
Iteration: 142 bestvalit: 0.001726 bestmemit:    5.058377    6.524112    1.000000    0.458868    0.081058
Iteration: 143 bestvalit: 0.001724 bestmemit:    5.577604    5.000705    1.000000    0.526198    0.258218
Iteration: 144 bestvalit: 0.001724 bestmemit:    5.577604    5.000705    1.000000    0.526198    0.258218
Iteration: 145 bestvalit: 0.001724 bestmemit:    5.577604    5.000705    1.000000    0.526198    0.258218
Iteration: 146 bestvalit: 0.001724 bestmemit:    5.577604    5.000705    1.000000    0.526198    0.258218
Iteration: 147 bestvalit: 0.001724 bestmemit:    5.577604    5.000705    1.000000    0.526198    0.258218
Iteration: 148 bestvalit: 0.001724 bestmemit:    5.577604    5.000705    1.000000    0.526198    0.258218
Iteration: 149 bestvalit: 0.001724 bestmemit:    5.577604    5.000705    1.000000    0.526198    0.258218
Iteration: 150 bestvalit: 0.001724 bestmemit:    5.577604    5.000705    1.000000    0.526198    0.258218
Iteration: 151 bestvalit: 0.001724 bestmemit:    5.577604    5.000705    1.000000    0.526198    0.258218
Iteration: 152 bestvalit: 0.001696 bestmemit:    4.369887    6.744236    1.000000    0.041591    0.016754
Iteration: 153 bestvalit: 0.001696 bestmemit:    4.369887    6.744236    1.000000    0.041591    0.016754
Iteration: 154 bestvalit: 0.001696 bestmemit:    4.369887    6.744236    1.000000    0.041591    0.016754
Iteration: 155 bestvalit: 0.001696 bestmemit:    4.369887    6.744236    1.000000    0.041591    0.016754
Iteration: 156 bestvalit: 0.001693 bestmemit:    5.006421    6.362301    1.000000    0.145532    0.025814
Iteration: 157 bestvalit: 0.001693 bestmemit:    5.006421    6.362301    1.000000    0.145532    0.025814
Iteration: 158 bestvalit: 0.001689 bestmemit:    5.006421    6.362301    1.000000    0.112062    0.025814
Iteration: 159 bestvalit: 0.001689 bestmemit:    5.033971    6.123074    1.000000    0.002902    0.016342
Iteration: 160 bestvalit: 0.001687 bestmemit:    4.885248    6.500631    1.000000    0.002902    0.016342
Iteration: 161 bestvalit: 0.001687 bestmemit:    4.885248    6.500631    1.000000    0.002902    0.016342
Iteration: 162 bestvalit: 0.001687 bestmemit:    4.885248    6.500631    1.000000    0.002902    0.016342
Iteration: 163 bestvalit: 0.001687 bestmemit:    4.885248    6.500631    1.000000    0.002902    0.016342
Iteration: 164 bestvalit: 0.001687 bestmemit:    4.885248    6.500631    1.000000    0.002902    0.016342
Iteration: 165 bestvalit: 0.001687 bestmemit:    4.885248    6.500631    1.000000    0.002902    0.016342
Iteration: 166 bestvalit: 0.001687 bestmemit:    4.885248    6.500631    1.000000    0.002902    0.016342
Iteration: 167 bestvalit: 0.001687 bestmemit:    4.885248    6.500631    1.000000    0.002902    0.016342
Iteration: 168 bestvalit: 0.001687 bestmemit:    4.885248    6.500631    1.000000    0.002902    0.016342
Iteration: 169 bestvalit: 0.001687 bestmemit:    4.885248    6.500631    1.000000    0.002902    0.016342
Iteration: 170 bestvalit: 0.001687 bestmemit:    4.885248    6.500631    1.000000    0.002902    0.016342
Iteration: 171 bestvalit: 0.001687 bestmemit:    4.885248    6.500631    1.000000    0.002902    0.016342
Iteration: 172 bestvalit: 0.001687 bestmemit:    4.885248    6.500631    1.000000    0.002902    0.016342
Iteration: 173 bestvalit: 0.001687 bestmemit:    4.885248    6.500631    1.000000    0.002902    0.016342
Iteration: 174 bestvalit: 0.001687 bestmemit:    4.885248    6.500631    1.000000    0.002902    0.016342
Iteration: 175 bestvalit: 0.001687 bestmemit:    4.885248    6.500631    1.000000    0.002902    0.016342
Iteration: 176 bestvalit: 0.001687 bestmemit:    4.885248    6.500631    1.000000    0.002902    0.016342
Iteration: 177 bestvalit: 0.001687 bestmemit:    4.885248    6.500631    1.000000    0.002902    0.016342
Iteration: 178 bestvalit: 0.001687 bestmemit:    4.885248    6.500631    1.000000    0.002902    0.016342
Iteration: 179 bestvalit: 0.001687 bestmemit:    4.885248    6.500631    1.000000    0.002902    0.016342
Iteration: 180 bestvalit: 0.001687 bestmemit:    4.885248    6.500631    1.000000    0.002902    0.016342
Iteration: 181 bestvalit: 0.001687 bestmemit:    4.885248    6.500631    1.000000    0.002902    0.016342
Iteration: 182 bestvalit: 0.001687 bestmemit:    4.885248    6.500631    1.000000    0.002902    0.016342
Iteration: 183 bestvalit: 0.001687 bestmemit:    4.885248    6.500631    1.000000    0.002902    0.016342
Iteration: 184 bestvalit: 0.001687 bestmemit:    4.885248    6.500631    1.000000    0.002902    0.016342
Iteration: 185 bestvalit: 0.001687 bestmemit:    4.885248    6.500631    1.000000    0.002902    0.016342
Iteration: 186 bestvalit: 0.001687 bestmemit:    4.885248    6.500631    1.000000    0.002902    0.016342
Iteration: 187 bestvalit: 0.001687 bestmemit:    4.933284    6.204475    1.000000    0.041275    0.057384
Iteration: 188 bestvalit: 0.001686 bestmemit:    4.723733    6.659186    1.000000    0.052755    0.006794
Iteration: 189 bestvalit: 0.001686 bestmemit:    4.723733    6.659186    1.000000    0.052755    0.006794
Iteration: 190 bestvalit: 0.001686 bestmemit:    4.723733    6.659186    1.000000    0.052755    0.006794
Iteration: 191 bestvalit: 0.001685 bestmemit:    4.717542    6.204475    1.000000    0.044086    0.057384
Iteration: 192 bestvalit: 0.001685 bestmemit:    4.717542    6.204475    1.000000    0.044086    0.057384
Iteration: 193 bestvalit: 0.001685 bestmemit:    4.717542    6.204475    1.000000    0.044086    0.057384
Iteration: 194 bestvalit: 0.001685 bestmemit:    4.717542    6.204475    1.000000    0.044086    0.057384
Iteration: 195 bestvalit: 0.001685 bestmemit:    4.717542    6.204475    1.000000    0.044086    0.057384
Iteration: 196 bestvalit: 0.001685 bestmemit:    4.717542    6.204475    1.000000    0.044086    0.057384
Iteration: 197 bestvalit: 0.001685 bestmemit:    4.717542    6.204475    1.000000    0.044086    0.057384
Iteration: 198 bestvalit: 0.001684 bestmemit:    4.717542    6.204475    1.000000    0.030276    0.057384
Iteration: 199 bestvalit: 0.001684 bestmemit:    4.717542    6.204475    1.000000    0.030276    0.057384
Iteration: 200 bestvalit: 0.001683 bestmemit:    4.694563    6.502805    1.000000    0.020953    0.020063
Iteration: 201 bestvalit: 0.001683 bestmemit:    4.694563    6.502805    1.000000    0.020953    0.020063
Iteration: 202 bestvalit: 0.001682 bestmemit:    4.713480    6.516919    1.000000    0.002902    0.016342
Iteration: 203 bestvalit: 0.001682 bestmemit:    4.713480    6.516919    1.000000    0.002902    0.016342
Iteration: 204 bestvalit: 0.001682 bestmemit:    4.713480    6.516919    1.000000    0.002902    0.016342
Iteration: 205 bestvalit: 0.001682 bestmemit:    4.713480    6.516919    1.000000    0.002902    0.016342
Iteration: 206 bestvalit: 0.001682 bestmemit:    4.713480    6.516919    1.000000    0.002902    0.016342
Iteration: 207 bestvalit: 0.001682 bestmemit:    4.713480    6.516919    1.000000    0.002902    0.016342
Iteration: 208 bestvalit: 0.001682 bestmemit:    4.713480    6.516919    1.000000    0.002902    0.016342
Iteration: 209 bestvalit: 0.001682 bestmemit:    4.713480    6.516919    1.000000    0.002902    0.016342
Iteration: 210 bestvalit: 0.001682 bestmemit:    4.713480    6.516919    1.000000    0.002902    0.016342
Iteration: 211 bestvalit: 0.001682 bestmemit:    4.713480    6.516919    1.000000    0.002902    0.016342
Iteration: 212 bestvalit: 0.001682 bestmemit:    4.713480    6.516919    1.000000    0.002902    0.016342
Iteration: 213 bestvalit: 0.001682 bestmemit:    4.713480    6.516919    1.000000    0.002902    0.016342
Iteration: 214 bestvalit: 0.001682 bestmemit:    4.713480    6.516919    1.000000    0.002902    0.016342
Iteration: 215 bestvalit: 0.001682 bestmemit:    4.713480    6.516919    1.000000    0.002902    0.016342
Iteration: 216 bestvalit: 0.001682 bestmemit:    4.713480    6.516919    1.000000    0.002902    0.016342
Iteration: 217 bestvalit: 0.001682 bestmemit:    4.713480    6.516919    1.000000    0.002902    0.016342
Iteration: 218 bestvalit: 0.001682 bestmemit:    4.713480    6.516919    1.000000    0.002902    0.016342
Iteration: 219 bestvalit: 0.001682 bestmemit:    4.713480    6.516919    1.000000    0.002902    0.016342
Iteration: 220 bestvalit: 0.001682 bestmemit:    4.713480    6.516919    1.000000    0.002902    0.016342
Iteration: 221 bestvalit: 0.001682 bestmemit:    4.713480    6.516919    1.000000    0.002902    0.016342
Iteration: 222 bestvalit: 0.001682 bestmemit:    4.713480    6.516919    1.000000    0.002902    0.016342
Iteration: 223 bestvalit: 0.001682 bestmemit:    4.713480    6.516919    1.000000    0.002902    0.016342
Iteration: 224 bestvalit: 0.001682 bestmemit:    4.713480    6.516919    1.000000    0.002902    0.016342
Iteration: 225 bestvalit: 0.001682 bestmemit:    4.713480    6.516919    1.000000    0.002902    0.016342
Iteration: 226 bestvalit: 0.001682 bestmemit:    4.713480    6.516919    1.000000    0.002902    0.016342
Iteration: 227 bestvalit: 0.001682 bestmemit:    4.713480    6.516919    1.000000    0.002902    0.016342
Iteration: 228 bestvalit: 0.001682 bestmemit:    4.713480    6.516919    1.000000    0.002902    0.016342
Iteration: 229 bestvalit: 0.001682 bestmemit:    4.713480    6.516919    1.000000    0.002902    0.016342
Iteration: 230 bestvalit: 0.001682 bestmemit:    4.713480    6.516919    1.000000    0.002902    0.016342
Iteration: 231 bestvalit: 0.001682 bestmemit:    4.713480    6.516919    1.000000    0.002902    0.016342
Iteration: 232 bestvalit: 0.001682 bestmemit:    4.713480    6.516919    1.000000    0.002902    0.016342
Iteration: 233 bestvalit: 0.001682 bestmemit:    4.713480    6.516919    1.000000    0.002902    0.016342
Iteration: 234 bestvalit: 0.001682 bestmemit:    4.713480    6.516919    1.000000    0.002902    0.016342
Iteration: 235 bestvalit: 0.001682 bestmemit:    4.713480    6.516919    1.000000    0.002902    0.016342
Iteration: 236 bestvalit: 0.001682 bestmemit:    4.713480    6.516919    1.000000    0.002902    0.016342
Iteration: 237 bestvalit: 0.001682 bestmemit:    4.713480    6.516919    1.000000    0.002902    0.016342
Iteration: 238 bestvalit: 0.001682 bestmemit:    4.713480    6.516919    1.000000    0.002902    0.016342
Iteration: 239 bestvalit: 0.001682 bestmemit:    4.713480    6.516919    1.000000    0.002902    0.016342
Iteration: 240 bestvalit: 0.001682 bestmemit:    4.713480    6.516919    1.000000    0.002902    0.016342
Iteration: 241 bestvalit: 0.001682 bestmemit:    4.713480    6.516919    1.000000    0.002902    0.016342
Iteration: 242 bestvalit: 0.001682 bestmemit:    4.713480    6.516919    1.000000    0.002902    0.016342
Iteration: 243 bestvalit: 0.001682 bestmemit:    4.713480    6.516919    1.000000    0.002902    0.016342
Iteration: 244 bestvalit: 0.001682 bestmemit:    4.713480    6.516919    1.000000    0.002902    0.016342
Iteration: 245 bestvalit: 0.001682 bestmemit:    4.713480    6.516919    1.000000    0.002902    0.016342
Iteration: 246 bestvalit: 0.001682 bestmemit:    4.713480    6.516919    1.000000    0.002902    0.016342
Iteration: 247 bestvalit: 0.001682 bestmemit:    4.713480    6.516919    1.000000    0.002902    0.016342
Iteration: 248 bestvalit: 0.001682 bestmemit:    4.713480    6.516919    1.000000    0.002902    0.016342
Iteration: 249 bestvalit: 0.001682 bestmemit:    4.713480    6.516919    1.000000    0.002902    0.016342
Iteration: 250 bestvalit: 0.001682 bestmemit:    4.713480    6.516919    1.000000    0.002902    0.016342
Iteration: 251 bestvalit: 0.001682 bestmemit:    4.713480    6.516919    1.000000    0.002902    0.016342
Iteration: 252 bestvalit: 0.001682 bestmemit:    4.713480    6.516919    1.000000    0.002902    0.016342
Iteration: 253 bestvalit: 0.001682 bestmemit:    4.713480    6.516919    1.000000    0.002902    0.016342
Iteration: 254 bestvalit: 0.001682 bestmemit:    4.713480    6.516919    1.000000    0.002902    0.016342
Iteration: 255 bestvalit: 0.001682 bestmemit:    4.713480    6.516919    1.000000    0.002902    0.016342
Iteration: 256 bestvalit: 0.001682 bestmemit:    4.713480    6.516919    1.000000    0.002902    0.016342
Iteration: 257 bestvalit: 0.001682 bestmemit:    4.713480    6.516919    1.000000    0.002902    0.016342
Iteration: 258 bestvalit: 0.001682 bestmemit:    4.713480    6.516919    1.000000    0.002902    0.016342
Iteration: 259 bestvalit: 0.001682 bestmemit:    4.713480    6.516919    1.000000    0.002902    0.016342
Iteration: 260 bestvalit: 0.001682 bestmemit:    4.713480    6.516919    1.000000    0.002902    0.016342
Iteration: 261 bestvalit: 0.001682 bestmemit:    4.713480    6.516919    1.000000    0.002902    0.016342
Iteration: 262 bestvalit: 0.001682 bestmemit:    4.713480    6.516919    1.000000    0.002902    0.016342
Iteration: 263 bestvalit: 0.001682 bestmemit:    4.713480    6.516919    1.000000    0.002902    0.016342
Iteration: 264 bestvalit: 0.001682 bestmemit:    4.713480    6.516919    1.000000    0.002902    0.016342
Iteration: 265 bestvalit: 0.001682 bestmemit:    4.713480    6.516919    1.000000    0.002902    0.016342
Iteration: 266 bestvalit: 0.001682 bestmemit:    4.691402    6.506146    1.000000    0.012351    0.026892
Iteration: 267 bestvalit: 0.001682 bestmemit:    4.691402    6.506146    1.000000    0.012351    0.026892
Iteration: 268 bestvalit: 0.001682 bestmemit:    4.691402    6.506146    1.000000    0.012351    0.026892
Iteration: 269 bestvalit: 0.001682 bestmemit:    4.720683    6.417053    1.000000    0.009411    0.032356
Iteration: 270 bestvalit: 0.001682 bestmemit:    4.720683    6.417053    1.000000    0.009411    0.032356
Iteration: 271 bestvalit: 0.001682 bestmemit:    4.720683    6.416850    1.000000    0.009411    0.032356
Iteration: 272 bestvalit: 0.001682 bestmemit:    4.720683    6.416850    1.000000    0.009411    0.032356
Iteration: 273 bestvalit: 0.001682 bestmemit:    4.696826    6.454798    1.000000    0.001028    0.026789
Iteration: 274 bestvalit: 0.001682 bestmemit:    4.696826    6.454798    1.000000    0.001028    0.026789
Iteration: 275 bestvalit: 0.001682 bestmemit:    4.696826    6.454798    1.000000    0.001028    0.026789
Iteration: 276 bestvalit: 0.001682 bestmemit:    4.696826    6.454798    1.000000    0.001028    0.026789
Iteration: 277 bestvalit: 0.001682 bestmemit:    4.696826    6.454798    1.000000    0.001028    0.026789
Iteration: 278 bestvalit: 0.001682 bestmemit:    4.696826    6.454798    1.000000    0.001028    0.026789
Iteration: 279 bestvalit: 0.001682 bestmemit:    4.696826    6.454798    1.000000    0.001028    0.026789
Iteration: 280 bestvalit: 0.001682 bestmemit:    4.696826    6.454798    1.000000    0.001028    0.026789
Iteration: 281 bestvalit: 0.001682 bestmemit:    4.696826    6.454798    1.000000    0.001028    0.026789
Iteration: 282 bestvalit: 0.001682 bestmemit:    4.696826    6.454798    1.000000    0.001028    0.026789
Iteration: 283 bestvalit: 0.001682 bestmemit:    4.696826    6.454798    1.000000    0.001028    0.026789
Iteration: 284 bestvalit: 0.001682 bestmemit:    4.696826    6.454798    1.000000    0.001028    0.026789
Iteration: 285 bestvalit: 0.001682 bestmemit:    4.696826    6.454798    1.000000    0.001028    0.026789
Iteration: 286 bestvalit: 0.001682 bestmemit:    4.696826    6.454798    1.000000    0.001028    0.026789
Iteration: 287 bestvalit: 0.001682 bestmemit:    4.696826    6.454798    1.000000    0.001028    0.026789
Iteration: 288 bestvalit: 0.001682 bestmemit:    4.696826    6.454798    1.000000    0.000501    0.026789
Iteration: 289 bestvalit: 0.001682 bestmemit:    4.696826    6.454798    1.000000    0.000501    0.026789
Iteration: 290 bestvalit: 0.001682 bestmemit:    4.666159    6.465743    1.000000    0.001774    0.029220
Iteration: 291 bestvalit: 0.001682 bestmemit:    4.666159    6.465743    1.000000    0.001774    0.029220
Iteration: 292 bestvalit: 0.001682 bestmemit:    4.666159    6.465743    1.000000    0.001774    0.029220
Iteration: 293 bestvalit: 0.001682 bestmemit:    4.666159    6.465743    1.000000    0.001774    0.029220
Iteration: 294 bestvalit: 0.001682 bestmemit:    4.666159    6.465743    1.000000    0.001774    0.029220
Iteration: 295 bestvalit: 0.001682 bestmemit:    4.666159    6.465743    1.000000    0.001774    0.029220
Iteration: 296 bestvalit: 0.001682 bestmemit:    4.666159    6.465743    1.000000    0.001774    0.029220
Iteration: 297 bestvalit: 0.001682 bestmemit:    4.649502    6.479663    1.000000    0.000359    0.029823
Iteration: 298 bestvalit: 0.001682 bestmemit:    4.649502    6.479663    1.000000    0.000359    0.029823
Iteration: 299 bestvalit: 0.001682 bestmemit:    4.649502    6.479663    1.000000    0.000359    0.029823
Iteration: 300 bestvalit: 0.001682 bestmemit:    4.649502    6.479663    1.000000    0.000359    0.029823
Iteration: 301 bestvalit: 0.001682 bestmemit:    4.649502    6.479663    1.000000    0.000359    0.029823
Iteration: 302 bestvalit: 0.001682 bestmemit:    4.649502    6.479663    1.000000    0.000359    0.029823
Iteration: 303 bestvalit: 0.001682 bestmemit:    4.649502    6.479663    1.000000    0.000359    0.029823
Iteration: 304 bestvalit: 0.001682 bestmemit:    4.649502    6.479663    1.000000    0.000359    0.029823
Iteration: 305 bestvalit: 0.001682 bestmemit:    4.649502    6.479663    1.000000    0.000359    0.029823
Iteration: 306 bestvalit: 0.001682 bestmemit:    4.660847    6.456445    1.000000    0.000425    0.032121
Iteration: 307 bestvalit: 0.001682 bestmemit:    4.649502    6.479663    1.000000    0.000207    0.029823
Iteration: 308 bestvalit: 0.001682 bestmemit:    4.664092    6.473343    1.000000    0.000343    0.028345
Iteration: 309 bestvalit: 0.001682 bestmemit:    4.664092    6.473343    1.000000    0.000343    0.028345
Iteration: 310 bestvalit: 0.001682 bestmemit:    4.664092    6.473343    1.000000    0.000343    0.028345
Iteration: 311 bestvalit: 0.001682 bestmemit:    4.664092    6.473343    1.000000    0.000343    0.028345
Iteration: 312 bestvalit: 0.001682 bestmemit:    4.664092    6.473343    1.000000    0.000343    0.028345
Iteration: 313 bestvalit: 0.001682 bestmemit:    4.664092    6.473343    1.000000    0.000343    0.028345
Iteration: 314 bestvalit: 0.001682 bestmemit:    4.664092    6.473343    1.000000    0.000343    0.028345
Iteration: 315 bestvalit: 0.001682 bestmemit:    4.667224    6.452619    1.000000    0.000213    0.030891
Iteration: 316 bestvalit: 0.001682 bestmemit:    4.667224    6.452619    1.000000    0.000213    0.030891
Iteration: 317 bestvalit: 0.001682 bestmemit:    4.667224    6.452619    1.000000    0.000213    0.030891
Iteration: 318 bestvalit: 0.001682 bestmemit:    4.667224    6.452619    1.000000    0.000213    0.030891
Iteration: 319 bestvalit: 0.001682 bestmemit:    4.667224    6.452619    1.000000    0.000213    0.030891
Iteration: 320 bestvalit: 0.001682 bestmemit:    4.665026    6.474835    1.000000    0.000087    0.029458
Iteration: 321 bestvalit: 0.001682 bestmemit:    4.677340    6.459663    1.000000    0.000031    0.029558
Iteration: 322 bestvalit: 0.001682 bestmemit:    4.677340    6.459663    1.000000    0.000031    0.029558
Iteration: 323 bestvalit: 0.001682 bestmemit:    4.677340    6.459663    1.000000    0.000031    0.029558
Iteration: 324 bestvalit: 0.001682 bestmemit:    4.668582    6.473343    1.000000    0.000098    0.028712
Iteration: 325 bestvalit: 0.001682 bestmemit:    4.664964    6.473794    1.000000    0.000076    0.029285
Iteration: 326 bestvalit: 0.001682 bestmemit:    4.668078    6.470218    1.000000    0.000133    0.029132
Iteration: 327 bestvalit: 0.001682 bestmemit:    4.667691    6.470549    1.000000    0.000066    0.029113
Iteration: 328 bestvalit: 0.001682 bestmemit:    4.666124    6.470549    1.000000    0.000066    0.029113
Iteration: 329 bestvalit: 0.001682 bestmemit:    4.664392    6.467523    1.000000    0.000045    0.029835
Iteration: 330 bestvalit: 0.001682 bestmemit:    4.664392    6.467523    1.000000    0.000045    0.029835
Iteration: 331 bestvalit: 0.001682 bestmemit:    4.664392    6.467523    1.000000    0.000045    0.029835
Iteration: 332 bestvalit: 0.001682 bestmemit:    4.671377    6.465743    1.000000    0.000005    0.029220
Iteration: 333 bestvalit: 0.001682 bestmemit:    4.671377    6.465743    1.000000    0.000005    0.029220
Iteration: 334 bestvalit: 0.001682 bestmemit:    4.671377    6.462643    1.000000    0.000005    0.029220
Iteration: 335 bestvalit: 0.001682 bestmemit:    4.671377    6.462643    1.000000    0.000005    0.029220
Iteration: 336 bestvalit: 0.001682 bestmemit:    4.671377    6.462643    1.000000    0.000005    0.029220
Iteration: 337 bestvalit: 0.001682 bestmemit:    4.671377    6.462643    1.000000    0.000005    0.029220
Iteration: 338 bestvalit: 0.001682 bestmemit:    4.671377    6.462643    1.000000    0.000005    0.029220
Iteration: 339 bestvalit: 0.001682 bestmemit:    4.671377    6.462643    1.000000    0.000005    0.029220
Iteration: 340 bestvalit: 0.001682 bestmemit:    4.671377    6.462643    1.000000    0.000005    0.029220
Iteration: 341 bestvalit: 0.001682 bestmemit:    4.671377    6.462643    1.000000    0.000005    0.029220
Iteration: 342 bestvalit: 0.001682 bestmemit:    4.671377    6.462643    1.000000    0.000005    0.029220
Iteration: 343 bestvalit: 0.001682 bestmemit:    4.671377    6.462643    1.000000    0.000005    0.029220
Iteration: 344 bestvalit: 0.001682 bestmemit:    4.671377    6.462643    1.000000    0.000005    0.029220
Iteration: 345 bestvalit: 0.001682 bestmemit:    4.671377    6.462643    1.000000    0.000005    0.029220
Iteration: 346 bestvalit: 0.001682 bestmemit:    4.671377    6.462643    1.000000    0.000005    0.029220
Iteration: 347 bestvalit: 0.001682 bestmemit:    4.671377    6.462643    1.000000    0.000005    0.029220
Iteration: 348 bestvalit: 0.001682 bestmemit:    4.671377    6.462643    1.000000    0.000005    0.029220
Iteration: 349 bestvalit: 0.001682 bestmemit:    4.671377    6.462643    1.000000    0.000005    0.029220
Iteration: 350 bestvalit: 0.001682 bestmemit:    4.671377    6.462643    1.000000    0.000005    0.029220
Iteration: 351 bestvalit: 0.001682 bestmemit:    4.671377    6.462643    1.000000    0.000005    0.029220
Iteration: 352 bestvalit: 0.001682 bestmemit:    4.671377    6.462643    1.000000    0.000005    0.029220
Iteration: 353 bestvalit: 0.001682 bestmemit:    4.671377    6.462643    1.000000    0.000005    0.029220
Iteration: 354 bestvalit: 0.001682 bestmemit:    4.671377    6.462643    1.000000    0.000005    0.029220
Iteration: 355 bestvalit: 0.001682 bestmemit:    4.671377    6.462643    1.000000    0.000005    0.029220
Iteration: 356 bestvalit: 0.001682 bestmemit:    4.671377    6.462643    1.000000    0.000005    0.029220
Iteration: 357 bestvalit: 0.001682 bestmemit:    4.671377    6.462643    1.000000    0.000005    0.029220
Iteration: 358 bestvalit: 0.001682 bestmemit:    4.671377    6.462643    1.000000    0.000005    0.029220
Iteration: 359 bestvalit: 0.001682 bestmemit:    4.669722    6.465286    1.000000    0.000006    0.029346
Iteration: 360 bestvalit: 0.001682 bestmemit:    4.669722    6.465286    1.000000    0.000006    0.029346
Iteration: 361 bestvalit: 0.001682 bestmemit:    4.668457    6.461564    1.000000    0.000000    0.029755
Iteration: 362 bestvalit: 0.001682 bestmemit:    4.668457    6.461564    1.000000    0.000000    0.029755
Iteration: 363 bestvalit: 0.001682 bestmemit:    4.668457    6.461564    1.000000    0.000000    0.029776
Iteration: 364 bestvalit: 0.001682 bestmemit:    4.669661    6.462220    1.000000    0.000003    0.029465
Iteration: 365 bestvalit: 0.001682 bestmemit:    4.669318    6.462405    1.000000    0.000001    0.029669
Iteration: 366 bestvalit: 0.001682 bestmemit:    4.669318    6.462405    1.000000    0.000001    0.029669
Iteration: 367 bestvalit: 0.001682 bestmemit:    4.669318    6.462405    1.000000    0.000001    0.029669
Iteration: 368 bestvalit: 0.001682 bestmemit:    4.669318    6.462405    1.000000    0.000001    0.029669
Iteration: 369 bestvalit: 0.001682 bestmemit:    4.669318    6.462405    1.000000    0.000001    0.029669
Iteration: 370 bestvalit: 0.001682 bestmemit:    4.669318    6.462405    1.000000    0.000001    0.029669
Iteration: 371 bestvalit: 0.001682 bestmemit:    4.669318    6.462405    1.000000    0.000001    0.029669
Iteration: 372 bestvalit: 0.001682 bestmemit:    4.669318    6.462405    1.000000    0.000001    0.029669
Iteration: 373 bestvalit: 0.001682 bestmemit:    4.669318    6.462405    1.000000    0.000001    0.029669
Iteration: 374 bestvalit: 0.001682 bestmemit:    4.669318    6.462405    1.000000    0.000001    0.029669
Iteration: 375 bestvalit: 0.001682 bestmemit:    4.669325    6.462950    1.000000    0.000000    0.029561
Iteration: 376 bestvalit: 0.001682 bestmemit:    4.669325    6.462950    1.000000    0.000000    0.029561
Iteration: 377 bestvalit: 0.001682 bestmemit:    4.669325    6.462950    1.000000    0.000000    0.029561
Iteration: 378 bestvalit: 0.001682 bestmemit:    4.669325    6.462950    1.000000    0.000000    0.029561
Iteration: 379 bestvalit: 0.001682 bestmemit:    4.669325    6.462950    1.000000    0.000000    0.029561
Iteration: 380 bestvalit: 0.001682 bestmemit:    4.669325    6.462950    1.000000    0.000000    0.029561
Iteration: 381 bestvalit: 0.001682 bestmemit:    4.669325    6.462950    1.000000    0.000000    0.029561
Iteration: 382 bestvalit: 0.001682 bestmemit:    4.669325    6.462950    1.000000    0.000000    0.029561
Iteration: 383 bestvalit: 0.001682 bestmemit:    4.669325    6.462950    1.000000    0.000000    0.029561
Iteration: 384 bestvalit: 0.001682 bestmemit:    4.669821    6.462268    1.000000    0.000001    0.029589
Iteration: 385 bestvalit: 0.001682 bestmemit:    4.669821    6.462268    1.000000    0.000001    0.029589
Iteration: 386 bestvalit: 0.001682 bestmemit:    4.669821    6.462268    1.000000    0.000001    0.029589
Iteration: 387 bestvalit: 0.001682 bestmemit:    4.669325    6.462950    1.000000    0.000000    0.029561
Iteration: 388 bestvalit: 0.001682 bestmemit:    4.669325    6.462950    1.000000    0.000000    0.029561
Iteration: 389 bestvalit: 0.001682 bestmemit:    4.669325    6.462950    1.000000    0.000000    0.029561
Iteration: 390 bestvalit: 0.001682 bestmemit:    4.669673    6.462833    1.000000    0.000000    0.029521
Iteration: 391 bestvalit: 0.001682 bestmemit:    4.669673    6.462833    1.000000    0.000000    0.029521
Iteration: 392 bestvalit: 0.001682 bestmemit:    4.669673    6.462833    1.000000    0.000000    0.029521
Iteration: 393 bestvalit: 0.001682 bestmemit:    4.669673    6.462833    1.000000    0.000000    0.029547
Iteration: 394 bestvalit: 0.001682 bestmemit:    4.669673    6.462833    1.000000    0.000000    0.029547
Iteration: 395 bestvalit: 0.001682 bestmemit:    4.669673    6.462833    1.000000    0.000000    0.029547
Iteration: 396 bestvalit: 0.001682 bestmemit:    4.669673    6.462833    1.000000    0.000000    0.029547
Iteration: 397 bestvalit: 0.001682 bestmemit:    4.669673    6.462833    1.000000    0.000000    0.029547
Iteration: 398 bestvalit: 0.001682 bestmemit:    4.669673    6.462833    1.000000    0.000000    0.029547
Iteration: 399 bestvalit: 0.001682 bestmemit:    4.669673    6.462833    1.000000    0.000000    0.029547
Iteration: 400 bestvalit: 0.001682 bestmemit:    4.669673    6.462833    1.000000    0.000000    0.029547
Iteration: 401 bestvalit: 0.001682 bestmemit:    4.669673    6.462833    1.000000    0.000000    0.029547
Iteration: 402 bestvalit: 0.001682 bestmemit:    4.669673    6.462833    1.000000    0.000000    0.029547
Iteration: 403 bestvalit: 0.001682 bestmemit:    4.670018    6.462383    1.000000    0.000000    0.029553
Iteration: 404 bestvalit: 0.001682 bestmemit:    4.670018    6.462383    1.000000    0.000000    0.029553
Iteration: 405 bestvalit: 0.001682 bestmemit:    4.670018    6.462383    1.000000    0.000000    0.029553
Iteration: 406 bestvalit: 0.001682 bestmemit:    4.670018    6.462383    1.000000    0.000000    0.029553
Iteration: 407 bestvalit: 0.001682 bestmemit:    4.670018    6.462383    1.000000    0.000000    0.029553
Iteration: 408 bestvalit: 0.001682 bestmemit:    4.670018    6.462383    1.000000    0.000000    0.029553
Iteration: 409 bestvalit: 0.001682 bestmemit:    4.670018    6.462383    1.000000    0.000000    0.029553
Iteration: 410 bestvalit: 0.001682 bestmemit:    4.670018    6.462383    1.000000    0.000000    0.029553
Iteration: 411 bestvalit: 0.001682 bestmemit:    4.670018    6.462383    1.000000    0.000000    0.029553
Iteration: 412 bestvalit: 0.001682 bestmemit:    4.669858    6.462653    1.000000    0.000000    0.029551
Iteration: 413 bestvalit: 0.001682 bestmemit:    4.669858    6.462653    1.000000    0.000000    0.029551
Iteration: 414 bestvalit: 0.001682 bestmemit:    4.669858    6.462653    1.000000    0.000000    0.029551
Iteration: 415 bestvalit: 0.001682 bestmemit:    4.669858    6.462653    1.000000    0.000000    0.029551
Iteration: 416 bestvalit: 0.001682 bestmemit:    4.669858    6.462653    1.000000    0.000000    0.029551
Iteration: 417 bestvalit: 0.001682 bestmemit:    4.669858    6.462653    1.000000    0.000000    0.029551
Iteration: 418 bestvalit: 0.001682 bestmemit:    4.669858    6.462653    1.000000    0.000000    0.029551
Iteration: 419 bestvalit: 0.001682 bestmemit:    4.669858    6.462653    1.000000    0.000000    0.029551
Iteration: 420 bestvalit: 0.001682 bestmemit:    4.669858    6.462653    1.000000    0.000000    0.029551
Iteration: 421 bestvalit: 0.001682 bestmemit:    4.669858    6.462653    1.000000    0.000000    0.029551
Iteration: 422 bestvalit: 0.001682 bestmemit:    4.669858    6.462653    1.000000    0.000000    0.029551
Iteration: 423 bestvalit: 0.001682 bestmemit:    4.669858    6.462653    1.000000    0.000000    0.029551
Iteration: 424 bestvalit: 0.001682 bestmemit:    4.669858    6.462653    1.000000    0.000000    0.029551
Iteration: 425 bestvalit: 0.001682 bestmemit:    4.669858    6.462653    1.000000    0.000000    0.029551
Iteration: 426 bestvalit: 0.001682 bestmemit:    4.669858    6.462653    1.000000    0.000000    0.029551
Iteration: 427 bestvalit: 0.001682 bestmemit:    4.669858    6.462653    1.000000    0.000000    0.029551
Iteration: 428 bestvalit: 0.001682 bestmemit:    4.669927    6.462535    1.000000    0.000000    0.029554
Iteration: 429 bestvalit: 0.001682 bestmemit:    4.669927    6.462535    1.000000    0.000000    0.029554
Iteration: 430 bestvalit: 0.001682 bestmemit:    4.669927    6.462535    1.000000    0.000000    0.029554
Iteration: 431 bestvalit: 0.001682 bestmemit:    4.669927    6.462535    1.000000    0.000000    0.029554
Iteration: 432 bestvalit: 0.001682 bestmemit:    4.669841    6.462580    1.000000    0.000000    0.029558
Iteration: 433 bestvalit: 0.001682 bestmemit:    4.669841    6.462580    1.000000    0.000000    0.029558
Iteration: 434 bestvalit: 0.001682 bestmemit:    4.669841    6.462580    1.000000    0.000000    0.029558
Iteration: 435 bestvalit: 0.001682 bestmemit:    4.669841    6.462580    1.000000    0.000000    0.029558
Iteration: 436 bestvalit: 0.001682 bestmemit:    4.669841    6.462580    1.000000    0.000000    0.029558
Iteration: 437 bestvalit: 0.001682 bestmemit:    4.669841    6.462580    1.000000    0.000000    0.029558
Iteration: 438 bestvalit: 0.001682 bestmemit:    4.669841    6.462580    1.000000    0.000000    0.029558
Iteration: 439 bestvalit: 0.001682 bestmemit:    4.669841    6.462580    1.000000    0.000000    0.029558
Iteration: 440 bestvalit: 0.001682 bestmemit:    4.669841    6.462580    1.000000    0.000000    0.029558
Iteration: 441 bestvalit: 0.001682 bestmemit:    4.669927    6.462460    1.000000    0.000000    0.029560
Iteration: 442 bestvalit: 0.001682 bestmemit:    4.669927    6.462460    1.000000    0.000000    0.029560
Iteration: 443 bestvalit: 0.001682 bestmemit:    4.669927    6.462460    1.000000    0.000000    0.029560
Iteration: 444 bestvalit: 0.001682 bestmemit:    4.669865    6.462604    1.000000    0.000000    0.029554
Iteration: 445 bestvalit: 0.001682 bestmemit:    4.669865    6.462604    1.000000    0.000000    0.029554
Iteration: 446 bestvalit: 0.001682 bestmemit:    4.669865    6.462604    1.000000    0.000000    0.029554

***** summary of DEoptim object ***** 
best member   :  4.66987 6.4626 1 0 0.02955 
best value    :  0.00168 
after         :  446 generations 
fn evaluated  :  894 times 
*************************************
