SLURM_JOB_ID: 55402986
SLURM_JOB_USER: vsc34066
SLURM_JOB_ACCOUNT: lp_desenderlab
SLURM_JOB_NAME: par_recov_alternating_fb_sim_alpha_learn.slurm
SLURM_CLUSTER_NAME: genius
SLURM_JOB_PARTITION: batch
SLURM_ARRAY_JOB_ID: 55402977
SLURM_ARRAY_TASK_ID: 9
SLURM_NNODES: 1
SLURM_NODELIST: r22i27n05
SLURM_JOB_CPUS_PER_NODE: 8
Date: Sun Dec  3 23:44:00 CET 2023
Walltime: 01-06:00:00
========================================================================
Iteration: 1 bestvalit: 0.061059 bestmemit:    8.642744  -72.598317    1.000000  305.594769  458.815021
Iteration: 2 bestvalit: 0.061059 bestmemit:    8.642744  -72.598317    1.000000  305.594769  458.815021
Iteration: 3 bestvalit: 0.061059 bestmemit:    8.642744  -72.598317    1.000000  305.594769  458.815021
Iteration: 4 bestvalit: 0.060633 bestmemit:   29.355586  -33.586041    1.000000  305.594769  458.815021
Iteration: 5 bestvalit: 0.060633 bestmemit:   29.355586  -33.586041    1.000000  305.594769  458.815021
Iteration: 6 bestvalit: 0.060368 bestmemit:   34.442536  -33.586041    1.000000  305.594769  458.815021
Iteration: 7 bestvalit: 0.060368 bestmemit:   34.442536  -33.586041    1.000000  305.594769  458.815021
Iteration: 8 bestvalit: 0.060368 bestmemit:   34.442536  -33.586041    1.000000  305.594769  458.815021
Iteration: 9 bestvalit: 0.059370 bestmemit:   36.550063   -9.893428    1.000000  241.061300  437.314666
Iteration: 10 bestvalit: 0.058323 bestmemit:   33.262160  -47.028067    1.000000  254.204007  362.760387
Iteration: 11 bestvalit: 0.058302 bestmemit:   33.262160   -4.730698    1.000000  254.204007  362.760387
Iteration: 12 bestvalit: 0.058043 bestmemit:   38.043124   -4.730698    1.000000  254.204007  362.760387
Iteration: 13 bestvalit: 0.058043 bestmemit:   38.043124   -4.730698    1.000000  254.204007  362.760387
Iteration: 14 bestvalit: 0.057926 bestmemit:   41.100660   -4.730698    1.000000  254.204007  362.760387
Iteration: 15 bestvalit: 0.034023 bestmemit:   38.056095   23.482333    1.000000    5.638887  952.655547
Iteration: 16 bestvalit: 0.034023 bestmemit:   38.056095   23.482333    1.000000    5.638887  952.655547
Iteration: 17 bestvalit: 0.034023 bestmemit:   38.056095   23.482333    1.000000    5.638887  952.655547
Iteration: 18 bestvalit: 0.034023 bestmemit:   38.056095   23.482333    1.000000    5.638887  952.655547
Iteration: 19 bestvalit: 0.034023 bestmemit:   38.056095   23.482333    1.000000    5.638887  952.655547
Iteration: 20 bestvalit: 0.034023 bestmemit:   38.056095   23.482333    1.000000    5.638887  952.655547
Iteration: 21 bestvalit: 0.034023 bestmemit:   38.056095   23.482333    1.000000    5.638887  952.655547
Iteration: 22 bestvalit: 0.034023 bestmemit:   38.056095   23.482333    1.000000    5.638887  952.655547
Iteration: 23 bestvalit: 0.034023 bestmemit:   38.056095   23.482333    1.000000    5.638887  952.655547
Iteration: 24 bestvalit: 0.017035 bestmemit:   21.521542  -26.437233    1.000000   16.191205  226.488811
Iteration: 25 bestvalit: 0.017035 bestmemit:   21.521542  -26.437233    1.000000   16.191205  226.488811
Iteration: 26 bestvalit: 0.017035 bestmemit:   21.521542  -26.437233    1.000000   16.191205  226.488811
Iteration: 27 bestvalit: 0.017035 bestmemit:   21.521542  -26.437233    1.000000   16.191205  226.488811
Iteration: 28 bestvalit: 0.017035 bestmemit:   21.521542  -26.437233    1.000000   16.191205  226.488811
Iteration: 29 bestvalit: 0.017035 bestmemit:   21.521542  -26.437233    1.000000   16.191205  226.488811
Iteration: 30 bestvalit: 0.017035 bestmemit:   21.521542  -26.437233    1.000000   16.191205  226.488811
Iteration: 31 bestvalit: 0.017035 bestmemit:   21.521542  -26.437233    1.000000   16.191205  226.488811
Iteration: 32 bestvalit: 0.017035 bestmemit:   21.521542  -26.437233    1.000000   16.191205  226.488811
Iteration: 33 bestvalit: 0.017035 bestmemit:   21.521542  -26.437233    1.000000   16.191205  226.488811
Iteration: 34 bestvalit: 0.017035 bestmemit:   21.521542  -26.437233    1.000000   16.191205  226.488811
Iteration: 35 bestvalit: 0.011369 bestmemit:   19.808622  -20.366479    1.000000   11.784758   68.104883
Iteration: 36 bestvalit: 0.011369 bestmemit:   19.808622  -20.366479    1.000000   11.784758   68.104883
Iteration: 37 bestvalit: 0.011369 bestmemit:   19.808622  -20.366479    1.000000   11.784758   68.104883
Iteration: 38 bestvalit: 0.011369 bestmemit:   19.808622  -20.366479    1.000000   11.784758   68.104883
Iteration: 39 bestvalit: 0.011369 bestmemit:   19.808622  -20.366479    1.000000   11.784758   68.104883
Iteration: 40 bestvalit: 0.010429 bestmemit:   19.808622  -20.366479    1.000000    6.011506   68.104883
Iteration: 41 bestvalit: 0.010429 bestmemit:   19.808622  -20.366479    1.000000    6.011506   68.104883
Iteration: 42 bestvalit: 0.010429 bestmemit:   19.808622  -20.366479    1.000000    6.011506   68.104883
Iteration: 43 bestvalit: 0.008591 bestmemit:   13.986474   20.993890    1.000000    7.281967   34.421441
Iteration: 44 bestvalit: 0.008591 bestmemit:   13.986474   20.993890    1.000000    7.281967   34.421441
Iteration: 45 bestvalit: 0.008442 bestmemit:   13.986474   16.375839    1.000000    7.281967   34.421441
Iteration: 46 bestvalit: 0.008442 bestmemit:   13.986474   16.375839    1.000000    7.281967   34.421441
Iteration: 47 bestvalit: 0.008442 bestmemit:   13.986474   16.375839    1.000000    7.281967   34.421441
Iteration: 48 bestvalit: 0.008442 bestmemit:   13.986474   16.375839    1.000000    7.281967   34.421441
Iteration: 49 bestvalit: 0.008360 bestmemit:   21.111188   16.375839    1.000000   12.640902   12.792871
Iteration: 50 bestvalit: 0.004648 bestmemit:   23.255079   -5.365114    1.000000    6.624167    8.698796
Iteration: 51 bestvalit: 0.004648 bestmemit:   23.255079   -5.365114    1.000000    6.624167    8.698796
Iteration: 52 bestvalit: 0.004648 bestmemit:   23.255079   -5.365114    1.000000    6.624167    8.698796
Iteration: 53 bestvalit: 0.004648 bestmemit:   23.255079   -5.365114    1.000000    6.624167    8.698796
Iteration: 54 bestvalit: 0.004648 bestmemit:   23.255079   -5.365114    1.000000    6.624167    8.698796
Iteration: 55 bestvalit: 0.004648 bestmemit:   23.255079   -5.365114    1.000000    6.624167    8.698796
Iteration: 56 bestvalit: 0.004648 bestmemit:   23.255079   -5.365114    1.000000    6.624167    8.698796
Iteration: 57 bestvalit: 0.004648 bestmemit:   23.255079   -5.365114    1.000000    6.624167    8.698796
Iteration: 58 bestvalit: 0.004648 bestmemit:   23.255079   -5.365114    1.000000    6.624167    8.698796
Iteration: 59 bestvalit: 0.004192 bestmemit:    3.167454    2.405439    1.000000    2.812352   13.256680
Iteration: 60 bestvalit: 0.004192 bestmemit:    3.167454    2.405439    1.000000    2.812352   13.256680
Iteration: 61 bestvalit: 0.004064 bestmemit:   20.146291   -9.671283    1.000000    3.431480    6.194585
Iteration: 62 bestvalit: 0.004064 bestmemit:   20.146291   -9.671283    1.000000    3.431480    6.194585
Iteration: 63 bestvalit: 0.004064 bestmemit:   20.146291   -9.671283    1.000000    3.431480    6.194585
Iteration: 64 bestvalit: 0.004064 bestmemit:   20.146291   -9.671283    1.000000    3.431480    6.194585
Iteration: 65 bestvalit: 0.004064 bestmemit:   20.146291   -9.671283    1.000000    3.431480    6.194585
Iteration: 66 bestvalit: 0.004064 bestmemit:   20.146291   -9.671283    1.000000    3.431480    6.194585
Iteration: 67 bestvalit: 0.002783 bestmemit:   15.978605   -4.610610    1.000000    2.812352    2.328375
Iteration: 68 bestvalit: 0.002783 bestmemit:   15.978605   -4.610610    1.000000    2.812352    2.328375
Iteration: 69 bestvalit: 0.002783 bestmemit:   15.978605   -4.610610    1.000000    2.812352    2.328375
Iteration: 70 bestvalit: 0.002783 bestmemit:   15.978605   -4.610610    1.000000    2.812352    2.328375
Iteration: 71 bestvalit: 0.002783 bestmemit:   15.978605   -4.610610    1.000000    2.812352    2.328375
Iteration: 72 bestvalit: 0.002783 bestmemit:   15.978605   -4.610610    1.000000    2.812352    2.328375
Iteration: 73 bestvalit: 0.002737 bestmemit:    0.378322   11.026297    1.000000    2.366118    4.902499
Iteration: 74 bestvalit: 0.002425 bestmemit:   15.978605   -4.610610    1.000000    2.606095    2.328375
Iteration: 75 bestvalit: 0.002425 bestmemit:   15.978605   -4.610610    1.000000    2.606095    2.328375
Iteration: 76 bestvalit: 0.002425 bestmemit:   15.978605   -4.610610    1.000000    2.606095    2.328375
Iteration: 77 bestvalit: 0.002016 bestmemit:    2.414904   10.866732    1.000000    1.710217    4.210997
Iteration: 78 bestvalit: 0.002016 bestmemit:    2.414904   10.866732    1.000000    1.710217    4.210997
Iteration: 79 bestvalit: 0.002016 bestmemit:    2.414904   10.866732    1.000000    1.710217    4.210997
Iteration: 80 bestvalit: 0.001556 bestmemit:    9.124930    0.949454    1.000000    1.011840    0.852327
Iteration: 81 bestvalit: 0.001556 bestmemit:    9.124930    0.949454    1.000000    1.011840    0.852327
Iteration: 82 bestvalit: 0.001556 bestmemit:    9.124930    0.949454    1.000000    1.011840    0.852327
Iteration: 83 bestvalit: 0.001374 bestmemit:    4.412351    7.421572    1.000000    0.839830    1.870949
Iteration: 84 bestvalit: 0.001374 bestmemit:    4.412351    7.421572    1.000000    0.839830    1.870949
Iteration: 85 bestvalit: 0.000970 bestmemit:    4.639586    2.842742    1.000000    0.252205    0.833455
Iteration: 86 bestvalit: 0.000970 bestmemit:    4.639586    2.842742    1.000000    0.252205    0.833455
Iteration: 87 bestvalit: 0.000970 bestmemit:    4.639586    2.842742    1.000000    0.252205    0.833455
Iteration: 88 bestvalit: 0.000970 bestmemit:    4.639586    2.842742    1.000000    0.252205    0.833455
Iteration: 89 bestvalit: 0.000970 bestmemit:    4.639586    2.842742    1.000000    0.252205    0.833455
Iteration: 90 bestvalit: 0.000970 bestmemit:    4.639586    2.842742    1.000000    0.252205    0.833455
Iteration: 91 bestvalit: 0.000970 bestmemit:    4.639586    2.842742    1.000000    0.252205    0.833455
Iteration: 92 bestvalit: 0.000970 bestmemit:    4.639586    2.842742    1.000000    0.252205    0.833455
Iteration: 93 bestvalit: 0.000970 bestmemit:    4.639586    2.842742    1.000000    0.252205    0.833455
Iteration: 94 bestvalit: 0.000970 bestmemit:    4.639586    2.842742    1.000000    0.252205    0.833455
Iteration: 95 bestvalit: 0.000970 bestmemit:    4.639586    2.842742    1.000000    0.252205    0.833455
Iteration: 96 bestvalit: 0.000970 bestmemit:    4.639586    2.842742    1.000000    0.252205    0.833455
Iteration: 97 bestvalit: 0.000970 bestmemit:    4.639586    2.842742    1.000000    0.252205    0.833455
Iteration: 98 bestvalit: 0.000970 bestmemit:    4.639586    2.842742    1.000000    0.252205    0.833455
Iteration: 99 bestvalit: 0.000970 bestmemit:    4.639586    2.842742    1.000000    0.252205    0.833455
Iteration: 100 bestvalit: 0.000970 bestmemit:    4.639586    2.842742    1.000000    0.252205    0.833455
Iteration: 101 bestvalit: 0.000970 bestmemit:    4.639586    2.842742    1.000000    0.252205    0.833455
Iteration: 102 bestvalit: 0.000970 bestmemit:    4.639586    2.842742    1.000000    0.252205    0.833455
Iteration: 103 bestvalit: 0.000970 bestmemit:    4.639586    2.842742    1.000000    0.252205    0.833455
Iteration: 104 bestvalit: 0.000685 bestmemit:    2.343862    9.986702    1.000000    0.546833    0.393593
Iteration: 105 bestvalit: 0.000685 bestmemit:    2.343862    9.986702    1.000000    0.546833    0.393593
Iteration: 106 bestvalit: 0.000685 bestmemit:    2.343862    9.986702    1.000000    0.546833    0.393593
Iteration: 107 bestvalit: 0.000685 bestmemit:    2.343862    9.986702    1.000000    0.546833    0.393593
Iteration: 108 bestvalit: 0.000685 bestmemit:    2.343862    9.986702    1.000000    0.546833    0.393593
Iteration: 109 bestvalit: 0.000685 bestmemit:    2.343862    9.986702    1.000000    0.546833    0.393593
Iteration: 110 bestvalit: 0.000685 bestmemit:    2.343862    9.986702    1.000000    0.546833    0.393593
Iteration: 111 bestvalit: 0.000685 bestmemit:    2.343862    9.986702    1.000000    0.546833    0.393593
Iteration: 112 bestvalit: 0.000610 bestmemit:    5.419491    3.743097    1.000000    0.462989    0.764540
Iteration: 113 bestvalit: 0.000610 bestmemit:    5.419491    3.743097    1.000000    0.462989    0.764540
Iteration: 114 bestvalit: 0.000610 bestmemit:    5.419491    3.743097    1.000000    0.462989    0.764540
Iteration: 115 bestvalit: 0.000610 bestmemit:    5.419491    3.743097    1.000000    0.462989    0.764540
Iteration: 116 bestvalit: 0.000610 bestmemit:    5.419491    3.743097    1.000000    0.462989    0.764540
Iteration: 117 bestvalit: 0.000610 bestmemit:    5.419491    3.743097    1.000000    0.462989    0.764540
Iteration: 118 bestvalit: 0.000565 bestmemit:    5.054835    4.706803    1.000000    0.280137    0.355175
Iteration: 119 bestvalit: 0.000565 bestmemit:    5.054835    4.706803    1.000000    0.280137    0.355175
Iteration: 120 bestvalit: 0.000565 bestmemit:    5.054835    4.706803    1.000000    0.280137    0.355175
Iteration: 121 bestvalit: 0.000565 bestmemit:    5.054835    4.706803    1.000000    0.280137    0.355175
Iteration: 122 bestvalit: 0.000565 bestmemit:    5.054835    4.706803    1.000000    0.280137    0.355175
Iteration: 123 bestvalit: 0.000565 bestmemit:    5.054835    4.706803    1.000000    0.280137    0.355175
Iteration: 124 bestvalit: 0.000565 bestmemit:    5.054835    4.706803    1.000000    0.280137    0.355175
Iteration: 125 bestvalit: 0.000565 bestmemit:    5.054835    4.706803    1.000000    0.280137    0.355175
Iteration: 126 bestvalit: 0.000565 bestmemit:    5.054835    4.706803    1.000000    0.280137    0.355175
Iteration: 127 bestvalit: 0.000565 bestmemit:    5.054835    4.706803    1.000000    0.280137    0.355175
Iteration: 128 bestvalit: 0.000563 bestmemit:    5.778182    4.367521    1.000000    0.455808    0.692853
Iteration: 129 bestvalit: 0.000563 bestmemit:    5.778182    4.367521    1.000000    0.455808    0.692853
Iteration: 130 bestvalit: 0.000563 bestmemit:    5.778182    4.367521    1.000000    0.455808    0.692853
Iteration: 131 bestvalit: 0.000549 bestmemit:    3.451449    8.176081    1.000000    0.503487    0.705537
Iteration: 132 bestvalit: 0.000549 bestmemit:    3.451449    8.176081    1.000000    0.503487    0.705537
Iteration: 133 bestvalit: 0.000549 bestmemit:    3.451449    8.176081    1.000000    0.503487    0.705537
Iteration: 134 bestvalit: 0.000549 bestmemit:    3.451449    8.176081    1.000000    0.503487    0.705537
Iteration: 135 bestvalit: 0.000549 bestmemit:    3.451449    8.176081    1.000000    0.503487    0.705537
Iteration: 136 bestvalit: 0.000549 bestmemit:    3.451449    8.176081    1.000000    0.503487    0.705537
Iteration: 137 bestvalit: 0.000549 bestmemit:    3.451449    8.176081    1.000000    0.503487    0.705537
Iteration: 138 bestvalit: 0.000392 bestmemit:    2.238769    7.780239    1.000000    0.056029    0.295247
Iteration: 139 bestvalit: 0.000392 bestmemit:    2.238769    7.780239    1.000000    0.056029    0.295247
Iteration: 140 bestvalit: 0.000392 bestmemit:    2.238769    7.780239    1.000000    0.056029    0.295247
Iteration: 141 bestvalit: 0.000392 bestmemit:    2.238769    7.780239    1.000000    0.056029    0.295247
Iteration: 142 bestvalit: 0.000392 bestmemit:    2.238769    7.780239    1.000000    0.056029    0.295247
Iteration: 143 bestvalit: 0.000392 bestmemit:    2.238769    7.780239    1.000000    0.056029    0.295247
Iteration: 144 bestvalit: 0.000392 bestmemit:    2.238769    7.780239    1.000000    0.056029    0.295247
Iteration: 145 bestvalit: 0.000392 bestmemit:    2.238769    7.780239    1.000000    0.056029    0.295247
Iteration: 146 bestvalit: 0.000392 bestmemit:    2.238769    7.780239    1.000000    0.056029    0.295247
Iteration: 147 bestvalit: 0.000392 bestmemit:    2.238769    7.780239    1.000000    0.056029    0.295247
Iteration: 148 bestvalit: 0.000392 bestmemit:    2.238769    7.780239    1.000000    0.056029    0.295247
Iteration: 149 bestvalit: 0.000392 bestmemit:    2.238769    7.780239    1.000000    0.056029    0.295247
Iteration: 150 bestvalit: 0.000392 bestmemit:    2.238769    7.780239    1.000000    0.056029    0.295247
Iteration: 151 bestvalit: 0.000392 bestmemit:    2.238769    7.780239    1.000000    0.056029    0.295247
Iteration: 152 bestvalit: 0.000392 bestmemit:    2.238769    7.780239    1.000000    0.056029    0.295247
Iteration: 153 bestvalit: 0.000392 bestmemit:    2.238769    7.780239    1.000000    0.056029    0.295247
Iteration: 154 bestvalit: 0.000392 bestmemit:    2.238769    7.780239    1.000000    0.056029    0.295247
Iteration: 155 bestvalit: 0.000392 bestmemit:    2.238769    7.780239    1.000000    0.056029    0.295247
Iteration: 156 bestvalit: 0.000392 bestmemit:    2.238769    7.780239    1.000000    0.056029    0.295247
Iteration: 157 bestvalit: 0.000392 bestmemit:    2.238769    7.780239    1.000000    0.056029    0.295247
Iteration: 158 bestvalit: 0.000392 bestmemit:    2.238769    7.780239    1.000000    0.056029    0.295247
Iteration: 159 bestvalit: 0.000392 bestmemit:    2.238769    7.780239    1.000000    0.056029    0.295247
Iteration: 160 bestvalit: 0.000386 bestmemit:    3.436094    6.654356    1.000000    0.129398    0.274040
Iteration: 161 bestvalit: 0.000386 bestmemit:    3.436094    6.654356    1.000000    0.129398    0.274040
Iteration: 162 bestvalit: 0.000368 bestmemit:    3.485880    6.886601    1.000000    0.153782    0.298683
Iteration: 163 bestvalit: 0.000363 bestmemit:    2.783271    8.187406    1.000000    0.039510    0.000711
Iteration: 164 bestvalit: 0.000363 bestmemit:    2.783271    8.187406    1.000000    0.039510    0.000711
Iteration: 165 bestvalit: 0.000363 bestmemit:    2.783271    8.187406    1.000000    0.039510    0.000711
Iteration: 166 bestvalit: 0.000363 bestmemit:    2.783271    8.187406    1.000000    0.039510    0.000711
Iteration: 167 bestvalit: 0.000363 bestmemit:    2.783271    8.187406    1.000000    0.039510    0.000711
Iteration: 168 bestvalit: 0.000363 bestmemit:    2.783271    8.187406    1.000000    0.039510    0.000711
Iteration: 169 bestvalit: 0.000344 bestmemit:    3.528500    7.850270    1.000000    0.188938    0.224958
Iteration: 170 bestvalit: 0.000344 bestmemit:    3.528500    7.850270    1.000000    0.188938    0.224958
Iteration: 171 bestvalit: 0.000344 bestmemit:    3.528500    7.850270    1.000000    0.188938    0.224958
Iteration: 172 bestvalit: 0.000339 bestmemit:    2.590362    8.748023    1.000000    0.160659    0.175002
Iteration: 173 bestvalit: 0.000339 bestmemit:    2.590362    8.748023    1.000000    0.160659    0.175002
Iteration: 174 bestvalit: 0.000339 bestmemit:    2.590362    8.748023    1.000000    0.160659    0.175002
Iteration: 175 bestvalit: 0.000339 bestmemit:    2.590362    8.748023    1.000000    0.160659    0.175002
Iteration: 176 bestvalit: 0.000339 bestmemit:    2.590362    8.748023    1.000000    0.160659    0.175002
Iteration: 177 bestvalit: 0.000339 bestmemit:    2.590362    8.748023    1.000000    0.160659    0.175002
Iteration: 178 bestvalit: 0.000332 bestmemit:    2.675720    9.184158    1.000000    0.113188    0.070251
Iteration: 179 bestvalit: 0.000325 bestmemit:    2.500911    8.914376    1.000000    0.113188    0.115968
Iteration: 180 bestvalit: 0.000319 bestmemit:    2.769227    8.547548    1.000000    0.103809    0.142722
Iteration: 181 bestvalit: 0.000319 bestmemit:    2.769227    8.547548    1.000000    0.103809    0.142722
Iteration: 182 bestvalit: 0.000319 bestmemit:    2.769227    8.547548    1.000000    0.103809    0.142722
Iteration: 183 bestvalit: 0.000319 bestmemit:    2.769227    8.547548    1.000000    0.103809    0.142722
Iteration: 184 bestvalit: 0.000319 bestmemit:    2.769227    8.547548    1.000000    0.103809    0.142722
Iteration: 185 bestvalit: 0.000319 bestmemit:    2.769227    8.547548    1.000000    0.103809    0.142722
Iteration: 186 bestvalit: 0.000319 bestmemit:    2.769227    8.547548    1.000000    0.103809    0.142722
Iteration: 187 bestvalit: 0.000319 bestmemit:    2.569752    8.360621    1.000000    0.071921    0.148720
Iteration: 188 bestvalit: 0.000319 bestmemit:    2.569752    8.360621    1.000000    0.071921    0.148720
Iteration: 189 bestvalit: 0.000319 bestmemit:    2.569752    8.360621    1.000000    0.071921    0.148720
Iteration: 190 bestvalit: 0.000313 bestmemit:    2.708126    8.530701    1.000000    0.063990    0.092628
Iteration: 191 bestvalit: 0.000313 bestmemit:    2.708126    8.530701    1.000000    0.063990    0.092628
Iteration: 192 bestvalit: 0.000313 bestmemit:    2.708126    8.530701    1.000000    0.063990    0.092628
Iteration: 193 bestvalit: 0.000313 bestmemit:    2.708126    8.530701    1.000000    0.063990    0.092628
Iteration: 194 bestvalit: 0.000313 bestmemit:    2.708126    8.530701    1.000000    0.063990    0.092628
Iteration: 195 bestvalit: 0.000313 bestmemit:    2.708126    8.530701    1.000000    0.063990    0.092628
Iteration: 196 bestvalit: 0.000313 bestmemit:    2.708126    8.530701    1.000000    0.063990    0.092628
Iteration: 197 bestvalit: 0.000313 bestmemit:    2.708126    8.530701    1.000000    0.063990    0.092628
Iteration: 198 bestvalit: 0.000313 bestmemit:    2.708126    8.530701    1.000000    0.063990    0.092628
Iteration: 199 bestvalit: 0.000313 bestmemit:    2.608686    8.570888    1.000000    0.051500    0.099054
Iteration: 200 bestvalit: 0.000312 bestmemit:    2.659105    8.631074    1.000000    0.056029    0.060738
Iteration: 201 bestvalit: 0.000312 bestmemit:    2.659105    8.631074    1.000000    0.056029    0.060738
Iteration: 202 bestvalit: 0.000312 bestmemit:    2.659105    8.631074    1.000000    0.056029    0.060738
Iteration: 203 bestvalit: 0.000312 bestmemit:    2.659105    8.631074    1.000000    0.056029    0.060738
Iteration: 204 bestvalit: 0.000312 bestmemit:    2.659105    8.631074    1.000000    0.056029    0.060738
Iteration: 205 bestvalit: 0.000312 bestmemit:    2.659105    8.631074    1.000000    0.056029    0.060738
Iteration: 206 bestvalit: 0.000312 bestmemit:    2.659105    8.631074    1.000000    0.056029    0.060738
Iteration: 207 bestvalit: 0.000312 bestmemit:    2.659105    8.631074    1.000000    0.056029    0.060738
Iteration: 208 bestvalit: 0.000312 bestmemit:    2.659105    8.631074    1.000000    0.056029    0.060738
Iteration: 209 bestvalit: 0.000312 bestmemit:    2.659105    8.631074    1.000000    0.056029    0.068805
Iteration: 210 bestvalit: 0.000312 bestmemit:    2.659105    8.631074    1.000000    0.056029    0.068805
Iteration: 211 bestvalit: 0.000312 bestmemit:    2.659105    8.631074    1.000000    0.056029    0.068805
Iteration: 212 bestvalit: 0.000312 bestmemit:    2.659105    8.631074    1.000000    0.056029    0.068805
Iteration: 213 bestvalit: 0.000312 bestmemit:    2.659105    8.631074    1.000000    0.056029    0.068805
Iteration: 214 bestvalit: 0.000312 bestmemit:    2.659105    8.631074    1.000000    0.056029    0.068805
Iteration: 215 bestvalit: 0.000310 bestmemit:    2.469289    8.704817    1.000000    0.012221    0.032506
Iteration: 216 bestvalit: 0.000310 bestmemit:    2.469289    8.704817    1.000000    0.012221    0.032506
Iteration: 217 bestvalit: 0.000310 bestmemit:    2.469289    8.704817    1.000000    0.012221    0.032506
Iteration: 218 bestvalit: 0.000310 bestmemit:    2.469289    8.704817    1.000000    0.012221    0.032506
Iteration: 219 bestvalit: 0.000310 bestmemit:    2.469289    8.704817    1.000000    0.012221    0.032506
Iteration: 220 bestvalit: 0.000310 bestmemit:    2.469289    8.704817    1.000000    0.012221    0.032506
Iteration: 221 bestvalit: 0.000310 bestmemit:    2.469289    8.704817    1.000000    0.012221    0.032506
Iteration: 222 bestvalit: 0.000310 bestmemit:    2.469289    8.704817    1.000000    0.012221    0.032506
Iteration: 223 bestvalit: 0.000310 bestmemit:    2.469289    8.704817    1.000000    0.012221    0.032506
Iteration: 224 bestvalit: 0.000310 bestmemit:    2.469289    8.704817    1.000000    0.012221    0.032506
Iteration: 225 bestvalit: 0.000310 bestmemit:    2.469289    8.704817    1.000000    0.012221    0.032506
Iteration: 226 bestvalit: 0.000310 bestmemit:    2.469289    8.704817    1.000000    0.012221    0.032506
Iteration: 227 bestvalit: 0.000310 bestmemit:    2.469289    8.704817    1.000000    0.012221    0.032506
Iteration: 228 bestvalit: 0.000310 bestmemit:    2.469289    8.704817    1.000000    0.012221    0.032506
Iteration: 229 bestvalit: 0.000310 bestmemit:    2.469289    8.704817    1.000000    0.012221    0.032506
Iteration: 230 bestvalit: 0.000308 bestmemit:    2.322640    9.008994    1.000000    0.000303    0.000373
Iteration: 231 bestvalit: 0.000308 bestmemit:    2.322640    9.008994    1.000000    0.000303    0.000373
Iteration: 232 bestvalit: 0.000308 bestmemit:    2.322640    9.008994    1.000000    0.000303    0.000373
Iteration: 233 bestvalit: 0.000308 bestmemit:    2.322640    9.008994    1.000000    0.000303    0.000373
Iteration: 234 bestvalit: 0.000308 bestmemit:    2.322640    9.008994    1.000000    0.000303    0.000373
Iteration: 235 bestvalit: 0.000308 bestmemit:    2.322640    9.008994    1.000000    0.000303    0.000373
Iteration: 236 bestvalit: 0.000308 bestmemit:    2.322640    9.008994    1.000000    0.000303    0.000373
Iteration: 237 bestvalit: 0.000308 bestmemit:    2.322640    9.008994    1.000000    0.000303    0.000373
Iteration: 238 bestvalit: 0.000308 bestmemit:    2.322640    9.008994    1.000000    0.000303    0.000373
Iteration: 239 bestvalit: 0.000308 bestmemit:    2.322640    9.008994    1.000000    0.000303    0.000373
Iteration: 240 bestvalit: 0.000308 bestmemit:    2.322640    9.008994    1.000000    0.000303    0.000373
Iteration: 241 bestvalit: 0.000308 bestmemit:    2.322640    9.008994    1.000000    0.000303    0.000373
Iteration: 242 bestvalit: 0.000308 bestmemit:    2.322640    9.008994    1.000000    0.000303    0.000373
Iteration: 243 bestvalit: 0.000308 bestmemit:    2.322640    9.008994    1.000000    0.000303    0.000373
Iteration: 244 bestvalit: 0.000308 bestmemit:    2.322640    9.008994    1.000000    0.000303    0.000373
Iteration: 245 bestvalit: 0.000308 bestmemit:    2.322640    9.008994    1.000000    0.000303    0.000373
Iteration: 246 bestvalit: 0.000308 bestmemit:    2.322640    9.008994    1.000000    0.000303    0.000373
Iteration: 247 bestvalit: 0.000308 bestmemit:    2.322640    9.008994    1.000000    0.000303    0.000373
Iteration: 248 bestvalit: 0.000308 bestmemit:    2.322640    9.008994    1.000000    0.000303    0.000373
Iteration: 249 bestvalit: 0.000308 bestmemit:    2.322640    9.008994    1.000000    0.000303    0.000373
Iteration: 250 bestvalit: 0.000308 bestmemit:    2.322640    9.008994    1.000000    0.000303    0.000373
Iteration: 251 bestvalit: 0.000308 bestmemit:    2.322640    9.008994    1.000000    0.000303    0.000373
Iteration: 252 bestvalit: 0.000308 bestmemit:    2.322640    9.008994    1.000000    0.000303    0.000373
Iteration: 253 bestvalit: 0.000308 bestmemit:    2.322640    9.008994    1.000000    0.000303    0.000373
Iteration: 254 bestvalit: 0.000308 bestmemit:    2.322640    9.008994    1.000000    0.000303    0.000373
Iteration: 255 bestvalit: 0.000308 bestmemit:    2.322640    9.008994    1.000000    0.000303    0.000373
Iteration: 256 bestvalit: 0.000308 bestmemit:    2.322640    9.008994    1.000000    0.000303    0.000373
Iteration: 257 bestvalit: 0.000308 bestmemit:    2.322640    9.008994    1.000000    0.000303    0.000373
Iteration: 258 bestvalit: 0.000308 bestmemit:    2.322640    9.008994    1.000000    0.000303    0.000373
Iteration: 259 bestvalit: 0.000308 bestmemit:    2.322640    9.008994    1.000000    0.000303    0.000373
Iteration: 260 bestvalit: 0.000308 bestmemit:    2.322640    9.008994    1.000000    0.000303    0.000373
Iteration: 261 bestvalit: 0.000308 bestmemit:    2.322640    9.008994    1.000000    0.000303    0.000373
Iteration: 262 bestvalit: 0.000308 bestmemit:    2.322640    9.008994    1.000000    0.000303    0.000373
Iteration: 263 bestvalit: 0.000308 bestmemit:    2.312164    8.909756    1.000000    0.000299    0.012299
Iteration: 264 bestvalit: 0.000308 bestmemit:    2.309110    8.909756    1.000000    0.000299    0.017127
Iteration: 265 bestvalit: 0.000308 bestmemit:    2.309110    8.909756    1.000000    0.000299    0.017127
Iteration: 266 bestvalit: 0.000308 bestmemit:    2.309110    8.909756    1.000000    0.000299    0.017127
Iteration: 267 bestvalit: 0.000308 bestmemit:    2.309110    8.909756    1.000000    0.000299    0.017127
Iteration: 268 bestvalit: 0.000308 bestmemit:    2.309110    8.909756    1.000000    0.000299    0.017127
Iteration: 269 bestvalit: 0.000308 bestmemit:    2.309110    8.909756    1.000000    0.000299    0.017127
Iteration: 270 bestvalit: 0.000308 bestmemit:    2.309110    8.909756    1.000000    0.000299    0.017127
Iteration: 271 bestvalit: 0.000308 bestmemit:    2.309110    8.909756    1.000000    0.000299    0.017127
Iteration: 272 bestvalit: 0.000308 bestmemit:    2.309110    8.909756    1.000000    0.000299    0.017127
Iteration: 273 bestvalit: 0.000308 bestmemit:    2.306522    8.928246    1.000000    0.005436    0.028349
Iteration: 274 bestvalit: 0.000308 bestmemit:    2.306522    8.928246    1.000000    0.005436    0.028349
Iteration: 275 bestvalit: 0.000308 bestmemit:    2.306522    8.928246    1.000000    0.005436    0.028349
Iteration: 276 bestvalit: 0.000308 bestmemit:    2.306522    8.928246    1.000000    0.005436    0.028349
Iteration: 277 bestvalit: 0.000308 bestmemit:    2.306522    8.928246    1.000000    0.005436    0.028349
Iteration: 278 bestvalit: 0.000308 bestmemit:    2.306522    8.928246    1.000000    0.005436    0.028349
Iteration: 279 bestvalit: 0.000308 bestmemit:    2.306522    8.928246    1.000000    0.005436    0.028349
Iteration: 280 bestvalit: 0.000308 bestmemit:    2.268229    9.031671    1.000000    0.000314    0.011561
Iteration: 281 bestvalit: 0.000308 bestmemit:    2.268229    9.031671    1.000000    0.000314    0.011561
Iteration: 282 bestvalit: 0.000308 bestmemit:    2.268229    9.031671    1.000000    0.000314    0.011561
Iteration: 283 bestvalit: 0.000308 bestmemit:    2.268229    9.031671    1.000000    0.000314    0.011561
Iteration: 284 bestvalit: 0.000308 bestmemit:    2.268229    9.031671    1.000000    0.000314    0.011561
Iteration: 285 bestvalit: 0.000308 bestmemit:    2.268229    9.031671    1.000000    0.000314    0.011561
Iteration: 286 bestvalit: 0.000308 bestmemit:    2.268229    9.031671    1.000000    0.000314    0.011561
Iteration: 287 bestvalit: 0.000308 bestmemit:    2.268229    9.031671    1.000000    0.000314    0.011561
Iteration: 288 bestvalit: 0.000308 bestmemit:    2.268229    9.031671    1.000000    0.000314    0.011561
Iteration: 289 bestvalit: 0.000308 bestmemit:    2.273061    9.031671    1.000000    0.000314    0.011561
Iteration: 290 bestvalit: 0.000308 bestmemit:    2.273061    9.031671    1.000000    0.000314    0.011561
Iteration: 291 bestvalit: 0.000308 bestmemit:    2.273061    9.031671    1.000000    0.000314    0.011561
Iteration: 292 bestvalit: 0.000308 bestmemit:    2.273061    9.031671    1.000000    0.000314    0.011561
Iteration: 293 bestvalit: 0.000308 bestmemit:    2.273061    9.031671    1.000000    0.000314    0.011561
Iteration: 294 bestvalit: 0.000308 bestmemit:    2.273061    9.031671    1.000000    0.000314    0.011561
Iteration: 295 bestvalit: 0.000308 bestmemit:    2.273061    9.031671    1.000000    0.000314    0.011561
Iteration: 296 bestvalit: 0.000308 bestmemit:    2.276749    9.013030    1.000000    0.001026    0.014364
Iteration: 297 bestvalit: 0.000308 bestmemit:    2.276749    9.013030    1.000000    0.001026    0.014364
Iteration: 298 bestvalit: 0.000308 bestmemit:    2.276749    9.013030    1.000000    0.001026    0.014364
Iteration: 299 bestvalit: 0.000308 bestmemit:    2.276749    9.013030    1.000000    0.001026    0.014364
Iteration: 300 bestvalit: 0.000308 bestmemit:    2.276749    9.013030    1.000000    0.001026    0.014364
Iteration: 301 bestvalit: 0.000308 bestmemit:    2.276749    9.008951    1.000000    0.001026    0.014364
Iteration: 302 bestvalit: 0.000308 bestmemit:    2.276749    9.008951    1.000000    0.001026    0.014364
Iteration: 303 bestvalit: 0.000308 bestmemit:    2.276749    9.008951    1.000000    0.001026    0.014364
Iteration: 304 bestvalit: 0.000308 bestmemit:    2.276749    9.008951    1.000000    0.001026    0.014364
Iteration: 305 bestvalit: 0.000308 bestmemit:    2.276749    9.008951    1.000000    0.001026    0.014364
Iteration: 306 bestvalit: 0.000308 bestmemit:    2.276749    9.008951    1.000000    0.001026    0.014364
Iteration: 307 bestvalit: 0.000308 bestmemit:    2.276749    9.008951    1.000000    0.001026    0.014364
Iteration: 308 bestvalit: 0.000308 bestmemit:    2.275783    8.965423    1.000000    0.001282    0.023271
Iteration: 309 bestvalit: 0.000308 bestmemit:    2.275783    8.965423    1.000000    0.001282    0.023271
Iteration: 310 bestvalit: 0.000308 bestmemit:    2.275783    8.965423    1.000000    0.001282    0.023271
Iteration: 311 bestvalit: 0.000308 bestmemit:    2.293185    8.953926    1.000000    0.000055    0.017108
Iteration: 312 bestvalit: 0.000308 bestmemit:    2.293185    8.953926    1.000000    0.000055    0.017108
Iteration: 313 bestvalit: 0.000308 bestmemit:    2.293185    8.953926    1.000000    0.000055    0.017108
Iteration: 314 bestvalit: 0.000308 bestmemit:    2.293185    8.953926    1.000000    0.000055    0.017108
Iteration: 315 bestvalit: 0.000308 bestmemit:    2.293185    8.953926    1.000000    0.000055    0.017108
Iteration: 316 bestvalit: 0.000308 bestmemit:    2.293185    8.953926    1.000000    0.000055    0.017108
Iteration: 317 bestvalit: 0.000308 bestmemit:    2.293185    8.971449    1.000000    0.000055    0.017108
Iteration: 318 bestvalit: 0.000308 bestmemit:    2.293185    8.971449    1.000000    0.000055    0.017108
Iteration: 319 bestvalit: 0.000308 bestmemit:    2.293185    8.971449    1.000000    0.000055    0.017108
Iteration: 320 bestvalit: 0.000308 bestmemit:    2.293185    8.971449    1.000000    0.000055    0.017108
Iteration: 321 bestvalit: 0.000308 bestmemit:    2.293185    8.971449    1.000000    0.000055    0.017108
Iteration: 322 bestvalit: 0.000308 bestmemit:    2.293185    8.971449    1.000000    0.000055    0.017108
Iteration: 323 bestvalit: 0.000308 bestmemit:    2.293185    8.971449    1.000000    0.000055    0.017108
Iteration: 324 bestvalit: 0.000308 bestmemit:    2.293185    8.971449    1.000000    0.000055    0.017108
Iteration: 325 bestvalit: 0.000308 bestmemit:    2.293185    8.971449    1.000000    0.000055    0.017108
Iteration: 326 bestvalit: 0.000308 bestmemit:    2.293185    8.971449    1.000000    0.000055    0.017108
Iteration: 327 bestvalit: 0.000308 bestmemit:    2.293185    8.971449    1.000000    0.000055    0.017108
Iteration: 328 bestvalit: 0.000308 bestmemit:    2.293185    8.971449    1.000000    0.000055    0.017108
Iteration: 329 bestvalit: 0.000308 bestmemit:    2.293185    8.966584    1.000000    0.000055    0.017108
Iteration: 330 bestvalit: 0.000308 bestmemit:    2.293185    8.966584    1.000000    0.000055    0.017108
Iteration: 331 bestvalit: 0.000308 bestmemit:    2.293185    8.966584    1.000000    0.000055    0.017108
Iteration: 332 bestvalit: 0.000308 bestmemit:    2.293185    8.966584    1.000000    0.000055    0.017108
Iteration: 333 bestvalit: 0.000308 bestmemit:    2.293185    8.966584    1.000000    0.000055    0.017108
Iteration: 334 bestvalit: 0.000308 bestmemit:    2.293185    8.966584    1.000000    0.000055    0.017108
Iteration: 335 bestvalit: 0.000308 bestmemit:    2.293185    8.966584    1.000000    0.000055    0.017108
Iteration: 336 bestvalit: 0.000308 bestmemit:    2.293185    8.966584    1.000000    0.000055    0.017108
Iteration: 337 bestvalit: 0.000308 bestmemit:    2.293185    8.966584    1.000000    0.000055    0.017108
Iteration: 338 bestvalit: 0.000308 bestmemit:    2.296018    8.958125    1.000000    0.000172    0.018718
Iteration: 339 bestvalit: 0.000308 bestmemit:    2.296018    8.958125    1.000000    0.000172    0.018718
Iteration: 340 bestvalit: 0.000308 bestmemit:    2.296018    8.958125    1.000000    0.000172    0.018718
Iteration: 341 bestvalit: 0.000308 bestmemit:    2.296018    8.958125    1.000000    0.000172    0.018718
Iteration: 342 bestvalit: 0.000308 bestmemit:    2.290591    8.962077    1.000000    0.000041    0.018261
Iteration: 343 bestvalit: 0.000308 bestmemit:    2.290591    8.962077    1.000000    0.000041    0.018261
Iteration: 344 bestvalit: 0.000308 bestmemit:    2.290591    8.962077    1.000000    0.000041    0.018261
Iteration: 345 bestvalit: 0.000308 bestmemit:    2.290591    8.962077    1.000000    0.000041    0.018261
Iteration: 346 bestvalit: 0.000308 bestmemit:    2.290591    8.962077    1.000000    0.000041    0.018261
Iteration: 347 bestvalit: 0.000308 bestmemit:    2.290591    8.962077    1.000000    0.000041    0.018261
Iteration: 348 bestvalit: 0.000308 bestmemit:    2.290591    8.962077    1.000000    0.000041    0.018261
Iteration: 349 bestvalit: 0.000308 bestmemit:    2.290591    8.962077    1.000000    0.000041    0.018261
Iteration: 350 bestvalit: 0.000308 bestmemit:    2.290591    8.962077    1.000000    0.000041    0.018261
Iteration: 351 bestvalit: 0.000308 bestmemit:    2.290591    8.962077    1.000000    0.000041    0.018261
Iteration: 352 bestvalit: 0.000308 bestmemit:    2.290591    8.962077    1.000000    0.000041    0.018261
Iteration: 353 bestvalit: 0.000308 bestmemit:    2.290591    8.962077    1.000000    0.000041    0.018261
Iteration: 354 bestvalit: 0.000308 bestmemit:    2.290591    8.962077    1.000000    0.000041    0.018261
Iteration: 355 bestvalit: 0.000308 bestmemit:    2.296994    8.948343    1.000000    0.000029    0.019486
Iteration: 356 bestvalit: 0.000308 bestmemit:    2.297191    8.951571    1.000000    0.000043    0.019079
Iteration: 357 bestvalit: 0.000308 bestmemit:    2.297191    8.951571    1.000000    0.000043    0.019079
Iteration: 358 bestvalit: 0.000308 bestmemit:    2.297191    8.951571    1.000000    0.000043    0.019079
Iteration: 359 bestvalit: 0.000308 bestmemit:    2.297191    8.951571    1.000000    0.000043    0.019079
Iteration: 360 bestvalit: 0.000308 bestmemit:    2.297191    8.951571    1.000000    0.000043    0.019079
Iteration: 361 bestvalit: 0.000308 bestmemit:    2.297191    8.951571    1.000000    0.000043    0.019079
Iteration: 362 bestvalit: 0.000308 bestmemit:    2.297191    8.951571    1.000000    0.000043    0.019079
Iteration: 363 bestvalit: 0.000308 bestmemit:    2.297191    8.951571    1.000000    0.000043    0.019079
Iteration: 364 bestvalit: 0.000308 bestmemit:    2.297191    8.951571    1.000000    0.000023    0.019079
Iteration: 365 bestvalit: 0.000308 bestmemit:    2.297191    8.951571    1.000000    0.000023    0.019079
Iteration: 366 bestvalit: 0.000308 bestmemit:    2.297191    8.951571    1.000000    0.000023    0.019079
Iteration: 367 bestvalit: 0.000308 bestmemit:    2.298626    8.951744    1.000000    0.000010    0.018572
Iteration: 368 bestvalit: 0.000308 bestmemit:    2.298626    8.951744    1.000000    0.000010    0.018572
Iteration: 369 bestvalit: 0.000308 bestmemit:    2.298626    8.951744    1.000000    0.000010    0.018572
Iteration: 370 bestvalit: 0.000308 bestmemit:    2.298626    8.951744    1.000000    0.000010    0.018572
Iteration: 371 bestvalit: 0.000308 bestmemit:    2.298626    8.951744    1.000000    0.000010    0.018572
Iteration: 372 bestvalit: 0.000308 bestmemit:    2.298626    8.951744    1.000000    0.000010    0.018572
Iteration: 373 bestvalit: 0.000308 bestmemit:    2.297191    8.951571    1.000000    0.000016    0.019079
Iteration: 374 bestvalit: 0.000308 bestmemit:    2.297191    8.951571    1.000000    0.000016    0.019079
Iteration: 375 bestvalit: 0.000308 bestmemit:    2.297191    8.951571    1.000000    0.000016    0.019079
Iteration: 376 bestvalit: 0.000308 bestmemit:    2.297191    8.951571    1.000000    0.000016    0.019079
Iteration: 377 bestvalit: 0.000308 bestmemit:    2.297191    8.951571    1.000000    0.000016    0.019079
Iteration: 378 bestvalit: 0.000308 bestmemit:    2.297191    8.951571    1.000000    0.000016    0.019079
Iteration: 379 bestvalit: 0.000308 bestmemit:    2.297191    8.951571    1.000000    0.000016    0.019079
Iteration: 380 bestvalit: 0.000308 bestmemit:    2.297191    8.951571    1.000000    0.000016    0.019079
Iteration: 381 bestvalit: 0.000308 bestmemit:    2.296543    8.956337    1.000000    0.000005    0.018284
Iteration: 382 bestvalit: 0.000308 bestmemit:    2.296543    8.956337    1.000000    0.000005    0.018284
Iteration: 383 bestvalit: 0.000308 bestmemit:    2.296762    8.953006    1.000000    0.000013    0.018860
Iteration: 384 bestvalit: 0.000308 bestmemit:    2.295704    8.953484    1.000000    0.000008    0.018905
Iteration: 385 bestvalit: 0.000308 bestmemit:    2.295704    8.953484    1.000000    0.000008    0.018905
Iteration: 386 bestvalit: 0.000308 bestmemit:    2.296762    8.953006    1.000000    0.000005    0.018769
Iteration: 387 bestvalit: 0.000308 bestmemit:    2.296762    8.953006    1.000000    0.000005    0.018769
Iteration: 388 bestvalit: 0.000308 bestmemit:    2.296762    8.953006    1.000000    0.000005    0.018769
Iteration: 389 bestvalit: 0.000308 bestmemit:    2.296762    8.953006    1.000000    0.000005    0.018769
Iteration: 390 bestvalit: 0.000308 bestmemit:    2.296762    8.953006    1.000000    0.000005    0.018769
Iteration: 391 bestvalit: 0.000308 bestmemit:    2.295191    8.954471    1.000000    0.000000    0.018733
Iteration: 392 bestvalit: 0.000308 bestmemit:    2.295823    8.955267    1.000000    0.000002    0.018631
Iteration: 393 bestvalit: 0.000308 bestmemit:    2.295823    8.955267    1.000000    0.000002    0.018631
Iteration: 394 bestvalit: 0.000308 bestmemit:    2.295823    8.955267    1.000000    0.000002    0.018631
Iteration: 395 bestvalit: 0.000308 bestmemit:    2.295823    8.955267    1.000000    0.000002    0.018631
Iteration: 396 bestvalit: 0.000308 bestmemit:    2.295607    8.954388    1.000000    0.000000    0.018733
Iteration: 397 bestvalit: 0.000308 bestmemit:    2.295823    8.955267    1.000000    0.000000    0.018631
Iteration: 398 bestvalit: 0.000308 bestmemit:    2.295823    8.955267    1.000000    0.000000    0.018631
Iteration: 399 bestvalit: 0.000308 bestmemit:    2.295823    8.955267    1.000000    0.000000    0.018631
Iteration: 400 bestvalit: 0.000308 bestmemit:    2.295823    8.955267    1.000000    0.000000    0.018631
Iteration: 401 bestvalit: 0.000308 bestmemit:    2.296391    8.954288    1.000000    0.000000    0.018701
Iteration: 402 bestvalit: 0.000308 bestmemit:    2.296391    8.954288    1.000000    0.000000    0.018701
Iteration: 403 bestvalit: 0.000308 bestmemit:    2.296391    8.954288    1.000000    0.000000    0.018701
Iteration: 404 bestvalit: 0.000308 bestmemit:    2.296391    8.954288    1.000000    0.000000    0.018701
Iteration: 405 bestvalit: 0.000308 bestmemit:    2.296034    8.954288    1.000000    0.000000    0.018701
Iteration: 406 bestvalit: 0.000308 bestmemit:    2.296034    8.954288    1.000000    0.000000    0.018701
Iteration: 407 bestvalit: 0.000308 bestmemit:    2.296034    8.954288    1.000000    0.000000    0.018701
Iteration: 408 bestvalit: 0.000308 bestmemit:    2.296034    8.954288    1.000000    0.000000    0.018701
Iteration: 409 bestvalit: 0.000308 bestmemit:    2.296034    8.954288    1.000000    0.000000    0.018701
Iteration: 410 bestvalit: 0.000308 bestmemit:    2.296034    8.954288    1.000000    0.000000    0.018701
Iteration: 411 bestvalit: 0.000308 bestmemit:    2.296034    8.954288    1.000000    0.000000    0.018701
Iteration: 412 bestvalit: 0.000308 bestmemit:    2.296034    8.954288    1.000000    0.000000    0.018701
Iteration: 413 bestvalit: 0.000308 bestmemit:    2.296034    8.954288    1.000000    0.000000    0.018701
Iteration: 414 bestvalit: 0.000308 bestmemit:    2.296034    8.954288    1.000000    0.000000    0.018701
Iteration: 415 bestvalit: 0.000308 bestmemit:    2.296034    8.954288    1.000000    0.000000    0.018701
Iteration: 416 bestvalit: 0.000308 bestmemit:    2.296034    8.954288    1.000000    0.000000    0.018701
Iteration: 417 bestvalit: 0.000308 bestmemit:    2.296034    8.954288    1.000000    0.000000    0.018701
Iteration: 418 bestvalit: 0.000308 bestmemit:    2.296034    8.954288    1.000000    0.000000    0.018701
Iteration: 419 bestvalit: 0.000308 bestmemit:    2.296034    8.954288    1.000000    0.000000    0.018701
Iteration: 420 bestvalit: 0.000308 bestmemit:    2.296034    8.954288    1.000000    0.000000    0.018701
Iteration: 421 bestvalit: 0.000308 bestmemit:    2.296034    8.954288    1.000000    0.000000    0.018701
Iteration: 422 bestvalit: 0.000308 bestmemit:    2.296034    8.954288    1.000000    0.000000    0.018701
Iteration: 423 bestvalit: 0.000308 bestmemit:    2.296034    8.954288    1.000000    0.000000    0.018701
Iteration: 424 bestvalit: 0.000308 bestmemit:    2.296034    8.954288    1.000000    0.000000    0.018701
Iteration: 425 bestvalit: 0.000308 bestmemit:    2.296034    8.954288    1.000000    0.000000    0.018701
Iteration: 426 bestvalit: 0.000308 bestmemit:    2.296034    8.954288    1.000000    0.000000    0.018701
Iteration: 427 bestvalit: 0.000308 bestmemit:    2.296034    8.954288    1.000000    0.000000    0.018701
Iteration: 428 bestvalit: 0.000308 bestmemit:    2.296034    8.954288    1.000000    0.000000    0.018701
Iteration: 429 bestvalit: 0.000308 bestmemit:    2.296123    8.954238    1.000000    0.000000    0.018681
Iteration: 430 bestvalit: 0.000308 bestmemit:    2.296123    8.954238    1.000000    0.000000    0.018681
Iteration: 431 bestvalit: 0.000308 bestmemit:    2.296200    8.954238    1.000000    0.000000    0.018681
Iteration: 432 bestvalit: 0.000308 bestmemit:    2.296200    8.954238    1.000000    0.000000    0.018681
Iteration: 433 bestvalit: 0.000308 bestmemit:    2.296200    8.954238    1.000000    0.000000    0.018681
Iteration: 434 bestvalit: 0.000308 bestmemit:    2.296200    8.954238    1.000000    0.000000    0.018681
Iteration: 435 bestvalit: 0.000308 bestmemit:    2.296200    8.954238    1.000000    0.000000    0.018681
Iteration: 436 bestvalit: 0.000308 bestmemit:    2.296200    8.954238    1.000000    0.000000    0.018681
Iteration: 437 bestvalit: 0.000308 bestmemit:    2.296200    8.954238    1.000000    0.000000    0.018681
Iteration: 438 bestvalit: 0.000308 bestmemit:    2.296079    8.954289    1.000000    0.000000    0.018695
Iteration: 439 bestvalit: 0.000308 bestmemit:    2.296079    8.954289    1.000000    0.000000    0.018695
Iteration: 440 bestvalit: 0.000308 bestmemit:    2.296068    8.954380    1.000000    0.000000    0.018684
Iteration: 441 bestvalit: 0.000308 bestmemit:    2.296068    8.954380    1.000000    0.000000    0.018684
Iteration: 442 bestvalit: 0.000308 bestmemit:    2.296068    8.954380    1.000000    0.000000    0.018684
Iteration: 443 bestvalit: 0.000308 bestmemit:    2.296068    8.954380    1.000000    0.000000    0.018684
Iteration: 444 bestvalit: 0.000308 bestmemit:    2.296068    8.954380    1.000000    0.000000    0.018684
Iteration: 445 bestvalit: 0.000308 bestmemit:    2.296068    8.954380    1.000000    0.000000    0.018684
Iteration: 446 bestvalit: 0.000308 bestmemit:    2.296068    8.954380    1.000000    0.000000    0.018684
Iteration: 447 bestvalit: 0.000308 bestmemit:    2.296068    8.954380    1.000000    0.000000    0.018684
Iteration: 448 bestvalit: 0.000308 bestmemit:    2.296068    8.954380    1.000000    0.000000    0.018684
Iteration: 449 bestvalit: 0.000308 bestmemit:    2.296068    8.954380    1.000000    0.000000    0.018684
Iteration: 450 bestvalit: 0.000308 bestmemit:    2.296068    8.954380    1.000000    0.000000    0.018684
Iteration: 451 bestvalit: 0.000308 bestmemit:    2.296068    8.954380    1.000000    0.000000    0.018684
Iteration: 452 bestvalit: 0.000308 bestmemit:    2.296068    8.954380    1.000000    0.000000    0.018684
Iteration: 453 bestvalit: 0.000308 bestmemit:    2.296068    8.954380    1.000000    0.000000    0.018684
Iteration: 454 bestvalit: 0.000308 bestmemit:    2.296068    8.954380    1.000000    0.000000    0.018684
Iteration: 455 bestvalit: 0.000308 bestmemit:    2.296068    8.954380    1.000000    0.000000    0.018684
Iteration: 456 bestvalit: 0.000308 bestmemit:    2.296068    8.954380    1.000000    0.000000    0.018684
Iteration: 457 bestvalit: 0.000308 bestmemit:    2.296126    8.954294    1.000000    0.000000    0.018687
Iteration: 458 bestvalit: 0.000308 bestmemit:    2.296128    8.954289    1.000000    0.000000    0.018691
Iteration: 459 bestvalit: 0.000308 bestmemit:    2.296128    8.954289    1.000000    0.000000    0.018691
Iteration: 460 bestvalit: 0.000308 bestmemit:    2.296123    8.954254    1.000000    0.000000    0.018697
Iteration: 461 bestvalit: 0.000308 bestmemit:    2.296123    8.954254    1.000000    0.000000    0.018697
Iteration: 462 bestvalit: 0.000308 bestmemit:    2.296123    8.954254    1.000000    0.000000    0.018697
Iteration: 463 bestvalit: 0.000308 bestmemit:    2.296123    8.954254    1.000000    0.000000    0.018697
Iteration: 464 bestvalit: 0.000308 bestmemit:    2.296126    8.954294    1.000000    0.000000    0.018687
Iteration: 465 bestvalit: 0.000308 bestmemit:    2.296126    8.954294    1.000000    0.000000    0.018687
Iteration: 466 bestvalit: 0.000308 bestmemit:    2.296126    8.954294    1.000000    0.000000    0.018687
Iteration: 467 bestvalit: 0.000308 bestmemit:    2.296126    8.954294    1.000000    0.000000    0.018687
Iteration: 468 bestvalit: 0.000308 bestmemit:    2.296126    8.954294    1.000000    0.000000    0.018687
Iteration: 469 bestvalit: 0.000308 bestmemit:    2.296126    8.954294    1.000000    0.000000    0.018687
Iteration: 470 bestvalit: 0.000308 bestmemit:    2.296120    8.954268    1.000000    0.000000    0.018694
Iteration: 471 bestvalit: 0.000308 bestmemit:    2.296120    8.954268    1.000000    0.000000    0.018694
Iteration: 472 bestvalit: 0.000308 bestmemit:    2.296120    8.954268    1.000000    0.000000    0.018694
Iteration: 473 bestvalit: 0.000308 bestmemit:    2.296120    8.954268    1.000000    0.000000    0.018694
Iteration: 474 bestvalit: 0.000308 bestmemit:    2.296120    8.954268    1.000000    0.000000    0.018694
Iteration: 475 bestvalit: 0.000308 bestmemit:    2.296120    8.954268    1.000000    0.000000    0.018694
Iteration: 476 bestvalit: 0.000308 bestmemit:    2.296120    8.954268    1.000000    0.000000    0.018694

***** summary of DEoptim object ***** 
best member   :  2.29612 8.95427 1 0 0.01869 
best value    :  0.00031 
after         :  476 generations 
fn evaluated  :  954 times 
*************************************
