SLURM_JOB_ID: 55403026
SLURM_JOB_USER: vsc34066
SLURM_JOB_ACCOUNT: lp_desenderlab
SLURM_JOB_NAME: par_recov_alternating_fb_sim_alpha_learn.slurm
SLURM_CLUSTER_NAME: genius
SLURM_JOB_PARTITION: batch
SLURM_ARRAY_JOB_ID: 55402977
SLURM_ARRAY_TASK_ID: 49
SLURM_NNODES: 1
SLURM_NODELIST: r23i27n02
SLURM_JOB_CPUS_PER_NODE: 8
Date: Sun Dec  3 23:43:59 CET 2023
Walltime: 01-06:00:00
========================================================================
Iteration: 1 bestvalit: 0.068824 bestmemit:   10.395488   92.164586    1.000000  925.716343  106.674873
Iteration: 2 bestvalit: 0.067134 bestmemit:    2.522920  -26.857466    1.000000  795.276579  242.353599
Iteration: 3 bestvalit: 0.066765 bestmemit:   23.883563  -26.857466    1.000000  795.276579  242.353599
Iteration: 4 bestvalit: 0.066765 bestmemit:   23.883563  -26.857466    1.000000  795.276579  242.353599
Iteration: 5 bestvalit: 0.066765 bestmemit:   23.883563  -26.857466    1.000000  795.276579  242.353599
Iteration: 6 bestvalit: 0.066544 bestmemit:   23.883563   14.639049    1.000000  795.276579  242.353599
Iteration: 7 bestvalit: 0.066544 bestmemit:   23.883563   14.639049    1.000000  795.276579  242.353599
Iteration: 8 bestvalit: 0.066544 bestmemit:   23.883563   14.639049    1.000000  795.276579  242.353599
Iteration: 9 bestvalit: 0.066544 bestmemit:   23.883563   14.639049    1.000000  795.276579  242.353599
Iteration: 10 bestvalit: 0.066544 bestmemit:   23.883563   14.639049    1.000000  795.276579  242.353599
Iteration: 11 bestvalit: 0.066221 bestmemit:   41.515654  -17.217118    1.000000   84.816186  816.547633
Iteration: 12 bestvalit: 0.057149 bestmemit:   44.649750   70.085064    1.000000    5.955275 1448.801426
Iteration: 13 bestvalit: 0.057149 bestmemit:   44.649750   70.085064    1.000000    5.955275 1448.801426
Iteration: 14 bestvalit: 0.057149 bestmemit:   44.649750   70.085064    1.000000    5.955275 1448.801426
Iteration: 15 bestvalit: 0.057149 bestmemit:   44.649750   70.085064    1.000000    5.955275 1448.801426
Iteration: 16 bestvalit: 0.057149 bestmemit:   44.649750   70.085064    1.000000    5.955275 1448.801426
Iteration: 17 bestvalit: 0.057149 bestmemit:   44.649750   70.085064    1.000000    5.955275 1448.801426
Iteration: 18 bestvalit: 0.052857 bestmemit:   29.757591  -65.270015    1.000000  415.771918  106.674873
Iteration: 19 bestvalit: 0.052857 bestmemit:   29.757591  -65.270015    1.000000  415.771918  106.674873
Iteration: 20 bestvalit: 0.048884 bestmemit:   28.486385   63.426082    1.000000  263.812846   62.661647
Iteration: 21 bestvalit: 0.042304 bestmemit:   41.979955  -70.632416    1.000000   70.464438  336.143228
Iteration: 22 bestvalit: 0.042304 bestmemit:   41.979955  -70.632416    1.000000   70.464438  336.143228
Iteration: 23 bestvalit: 0.026961 bestmemit:   44.649750  -64.451326    1.000000    5.955275   20.044502
Iteration: 24 bestvalit: 0.026961 bestmemit:   44.649750  -64.451326    1.000000    5.955275   20.044502
Iteration: 25 bestvalit: 0.026961 bestmemit:   44.649750  -64.451326    1.000000    5.955275   20.044502
Iteration: 26 bestvalit: 0.026961 bestmemit:   44.649750  -64.451326    1.000000    5.955275   20.044502
Iteration: 27 bestvalit: 0.026961 bestmemit:   44.649750  -64.451326    1.000000    5.955275   20.044502
Iteration: 28 bestvalit: 0.026961 bestmemit:   44.649750  -64.451326    1.000000    5.955275   20.044502
Iteration: 29 bestvalit: 0.024204 bestmemit:   49.917727   45.112597    1.000000    0.009234  143.694872
Iteration: 30 bestvalit: 0.024204 bestmemit:   49.917727   45.112597    1.000000    0.009234  143.694872
Iteration: 31 bestvalit: 0.024204 bestmemit:   49.917727   45.112597    1.000000    0.009234  143.694872
Iteration: 32 bestvalit: 0.024013 bestmemit:   49.917727   10.725418    1.000000    0.009234  143.694872
Iteration: 33 bestvalit: 0.024013 bestmemit:   49.917727   10.725418    1.000000    0.009234  143.694872
Iteration: 34 bestvalit: 0.024013 bestmemit:   49.917727   10.725418    1.000000    0.009234  143.694872
Iteration: 35 bestvalit: 0.024013 bestmemit:   49.917727   10.725418    1.000000    0.009234  143.694872
Iteration: 36 bestvalit: 0.023646 bestmemit:   45.035246   14.463901    1.000000    0.503043   62.661647
Iteration: 37 bestvalit: 0.023118 bestmemit:   40.964483   -2.076940    1.000000    5.955275   20.044502
Iteration: 38 bestvalit: 0.023118 bestmemit:   40.964483   -2.076940    1.000000    5.955275   20.044502
Iteration: 39 bestvalit: 0.023118 bestmemit:   40.964483   -2.076940    1.000000    5.955275   20.044502
Iteration: 40 bestvalit: 0.023118 bestmemit:   40.964483   -2.076940    1.000000    5.955275   20.044502
Iteration: 41 bestvalit: 0.023118 bestmemit:   40.964483   -2.076940    1.000000    5.955275   20.044502
Iteration: 42 bestvalit: 0.022479 bestmemit:   44.894410  -17.229530    1.000000    1.824618   23.041870
Iteration: 43 bestvalit: 0.022344 bestmemit:   48.839962   -9.900088    1.000000    1.515826   22.495876
Iteration: 44 bestvalit: 0.022344 bestmemit:   48.839962   -9.900088    1.000000    1.515826   22.495876
Iteration: 45 bestvalit: 0.022344 bestmemit:   48.839962   -9.900088    1.000000    1.515826   22.495876
Iteration: 46 bestvalit: 0.022344 bestmemit:   48.839962   -9.900088    1.000000    1.515826   22.495876
Iteration: 47 bestvalit: 0.022344 bestmemit:   48.839962   -9.900088    1.000000    1.515826   22.495876
Iteration: 48 bestvalit: 0.022344 bestmemit:   48.839962   -9.900088    1.000000    1.515826   22.495876
Iteration: 49 bestvalit: 0.021838 bestmemit:   46.236795   -9.900088    1.000000    1.515826   16.578778
Iteration: 50 bestvalit: 0.021838 bestmemit:   46.236795   -9.900088    1.000000    1.515826   16.578778
Iteration: 51 bestvalit: 0.021838 bestmemit:   46.236795   -9.900088    1.000000    1.515826   16.578778
Iteration: 52 bestvalit: 0.021838 bestmemit:   46.236795   -9.900088    1.000000    1.515826   16.578778
Iteration: 53 bestvalit: 0.021539 bestmemit:   47.137016  -14.517268    1.000000    3.280023   14.046774
Iteration: 54 bestvalit: 0.021539 bestmemit:   47.137016  -14.517268    1.000000    3.280023   14.046774
Iteration: 55 bestvalit: 0.021539 bestmemit:   47.137016  -14.517268    1.000000    3.280023   14.046774
Iteration: 56 bestvalit: 0.021539 bestmemit:   47.137016  -14.517268    1.000000    3.280023   14.046774
Iteration: 57 bestvalit: 0.021539 bestmemit:   47.137016  -14.517268    1.000000    3.280023   14.046774
Iteration: 58 bestvalit: 0.021280 bestmemit:   47.679109  -24.083698    1.000000    5.842419   10.396814
Iteration: 59 bestvalit: 0.021190 bestmemit:   47.679109  -24.083698    1.000000    5.213864   10.396814
Iteration: 60 bestvalit: 0.018675 bestmemit:   47.687947  -15.673936    1.000000    7.303207    2.682238
Iteration: 61 bestvalit: 0.018675 bestmemit:   47.687947  -15.673936    1.000000    7.303207    2.682238
Iteration: 62 bestvalit: 0.017732 bestmemit:   37.292926  -11.766731    1.000000    2.603559    0.426940
Iteration: 63 bestvalit: 0.017732 bestmemit:   37.292926  -11.766731    1.000000    2.603559    0.426940
Iteration: 64 bestvalit: 0.017732 bestmemit:   37.292926  -11.766731    1.000000    2.603559    0.426940
Iteration: 65 bestvalit: 0.017725 bestmemit:   42.380194  -17.031043    1.000000    0.960339    0.208164
Iteration: 66 bestvalit: 0.017725 bestmemit:   42.380194  -17.031043    1.000000    0.960339    0.208164
Iteration: 67 bestvalit: 0.017142 bestmemit:   49.205714  -15.357293    1.000000    3.315776    0.184940
Iteration: 68 bestvalit: 0.016900 bestmemit:   48.147419  -17.031043    1.000000    0.960339    0.208164
Iteration: 69 bestvalit: 0.016900 bestmemit:   48.147419  -17.031043    1.000000    0.960339    0.208164
Iteration: 70 bestvalit: 0.016900 bestmemit:   48.147419  -17.031043    1.000000    0.960339    0.208164
Iteration: 71 bestvalit: 0.016900 bestmemit:   48.147419  -17.031043    1.000000    0.960339    0.208164
Iteration: 72 bestvalit: 0.016900 bestmemit:   48.147419  -17.031043    1.000000    0.960339    0.208164
Iteration: 73 bestvalit: 0.016900 bestmemit:   48.147419  -17.031043    1.000000    0.960339    0.208164
Iteration: 74 bestvalit: 0.016900 bestmemit:   48.147419  -17.031043    1.000000    0.960339    0.208164
Iteration: 75 bestvalit: 0.016900 bestmemit:   48.147419  -17.031043    1.000000    0.960339    0.208164
Iteration: 76 bestvalit: 0.016900 bestmemit:   48.147419  -17.031043    1.000000    0.960339    0.208164
Iteration: 77 bestvalit: 0.016900 bestmemit:   48.147419  -17.031043    1.000000    0.960339    0.208164
Iteration: 78 bestvalit: 0.016900 bestmemit:   48.147419  -17.031043    1.000000    0.960339    0.208164
Iteration: 79 bestvalit: 0.016900 bestmemit:   48.147419  -17.031043    1.000000    0.960339    0.208164
Iteration: 80 bestvalit: 0.016837 bestmemit:   48.147419  -14.237337    1.000000    0.960339    0.208164
Iteration: 81 bestvalit: 0.016837 bestmemit:   48.147419  -14.237337    1.000000    0.960339    0.208164
Iteration: 82 bestvalit: 0.016837 bestmemit:   48.147419  -14.237337    1.000000    0.960339    0.208164
Iteration: 83 bestvalit: 0.016837 bestmemit:   48.147419  -14.237337    1.000000    0.960339    0.208164
Iteration: 84 bestvalit: 0.016837 bestmemit:   48.147419  -14.237337    1.000000    0.960339    0.208164
Iteration: 85 bestvalit: 0.016837 bestmemit:   48.147419  -14.237337    1.000000    0.960339    0.208164
Iteration: 86 bestvalit: 0.016827 bestmemit:   48.147419  -15.943582    1.000000    0.960339    0.208164
Iteration: 87 bestvalit: 0.016827 bestmemit:   48.147419  -15.943582    1.000000    0.960339    0.208164
Iteration: 88 bestvalit: 0.016827 bestmemit:   48.147419  -15.943582    1.000000    0.960339    0.208164
Iteration: 89 bestvalit: 0.016814 bestmemit:   48.147419  -15.392219    1.000000    0.960339    0.208164
Iteration: 90 bestvalit: 0.016814 bestmemit:   48.147419  -15.392219    1.000000    0.960339    0.208164
Iteration: 91 bestvalit: 0.016814 bestmemit:   48.147419  -15.392219    1.000000    0.960339    0.208164
Iteration: 92 bestvalit: 0.016798 bestmemit:   47.849261  -14.701300    1.000000    0.963358    0.164029
Iteration: 93 bestvalit: 0.016798 bestmemit:   47.849261  -14.701300    1.000000    0.963358    0.164029
Iteration: 94 bestvalit: 0.016778 bestmemit:   46.561860  -14.764881    1.000000    0.428443    0.055899
Iteration: 95 bestvalit: 0.016778 bestmemit:   46.561860  -14.764881    1.000000    0.428443    0.055899
Iteration: 96 bestvalit: 0.016778 bestmemit:   46.561860  -14.764881    1.000000    0.428443    0.055899
Iteration: 97 bestvalit: 0.016778 bestmemit:   46.561860  -14.764881    1.000000    0.428443    0.055899
Iteration: 98 bestvalit: 0.016778 bestmemit:   46.561860  -14.764881    1.000000    0.428443    0.055899
Iteration: 99 bestvalit: 0.016778 bestmemit:   46.561860  -14.764881    1.000000    0.428443    0.055899
Iteration: 100 bestvalit: 0.016778 bestmemit:   46.561860  -14.764881    1.000000    0.428443    0.055899
Iteration: 101 bestvalit: 0.016728 bestmemit:   48.441339  -15.269894    1.000000    0.206402    0.021774
Iteration: 102 bestvalit: 0.016728 bestmemit:   48.441339  -15.269894    1.000000    0.206402    0.021774
Iteration: 103 bestvalit: 0.016728 bestmemit:   48.441339  -15.269894    1.000000    0.206402    0.021774
Iteration: 104 bestvalit: 0.016728 bestmemit:   48.441339  -15.269894    1.000000    0.206402    0.021774
Iteration: 105 bestvalit: 0.016728 bestmemit:   48.441339  -15.269894    1.000000    0.206402    0.021774
Iteration: 106 bestvalit: 0.016728 bestmemit:   48.441339  -15.269894    1.000000    0.206402    0.021774
Iteration: 107 bestvalit: 0.016728 bestmemit:   48.441339  -15.269894    1.000000    0.206402    0.021774
Iteration: 108 bestvalit: 0.016728 bestmemit:   48.441339  -15.269894    1.000000    0.206402    0.021774
Iteration: 109 bestvalit: 0.016728 bestmemit:   48.441339  -15.269894    1.000000    0.206402    0.021774
Iteration: 110 bestvalit: 0.016728 bestmemit:   48.441339  -15.269894    1.000000    0.206402    0.021774
Iteration: 111 bestvalit: 0.016724 bestmemit:   49.299653  -15.268062    1.000000    0.996621    0.038859
Iteration: 112 bestvalit: 0.016715 bestmemit:   49.299653  -15.268062    1.000000    0.672563    0.038859
Iteration: 113 bestvalit: 0.016715 bestmemit:   49.299653  -15.268062    1.000000    0.672563    0.038859
Iteration: 114 bestvalit: 0.016715 bestmemit:   49.299653  -15.268062    1.000000    0.672563    0.038859
Iteration: 115 bestvalit: 0.016715 bestmemit:   49.299653  -15.268062    1.000000    0.672563    0.038859
Iteration: 116 bestvalit: 0.016715 bestmemit:   49.299653  -15.268062    1.000000    0.672563    0.038859
Iteration: 117 bestvalit: 0.016715 bestmemit:   49.299653  -15.268062    1.000000    0.672563    0.038859
Iteration: 118 bestvalit: 0.016715 bestmemit:   49.299653  -15.268062    1.000000    0.672563    0.038859
Iteration: 119 bestvalit: 0.016715 bestmemit:   49.299653  -15.268062    1.000000    0.672563    0.038859
Iteration: 120 bestvalit: 0.016715 bestmemit:   49.299653  -15.268062    1.000000    0.672563    0.038859
Iteration: 121 bestvalit: 0.016711 bestmemit:   49.996156  -15.705167    1.000000    0.963358    0.037782
Iteration: 122 bestvalit: 0.016711 bestmemit:   49.996156  -15.705167    1.000000    0.963358    0.037782
Iteration: 123 bestvalit: 0.016710 bestmemit:   49.996156  -15.648825    1.000000    0.963358    0.037782
Iteration: 124 bestvalit: 0.016710 bestmemit:   49.996156  -15.648825    1.000000    0.963358    0.037782
Iteration: 125 bestvalit: 0.016701 bestmemit:   49.793690  -16.452698    1.000000    0.086437    0.014146
Iteration: 126 bestvalit: 0.016701 bestmemit:   49.793690  -16.452698    1.000000    0.086437    0.014146
Iteration: 127 bestvalit: 0.016701 bestmemit:   49.793690  -16.452698    1.000000    0.086437    0.014146
Iteration: 128 bestvalit: 0.016701 bestmemit:   49.793690  -16.452698    1.000000    0.086437    0.014146
Iteration: 129 bestvalit: 0.016701 bestmemit:   49.793690  -16.452698    1.000000    0.086437    0.014146
Iteration: 130 bestvalit: 0.016701 bestmemit:   49.793690  -16.452698    1.000000    0.086437    0.014146
Iteration: 131 bestvalit: 0.016701 bestmemit:   49.793690  -16.452698    1.000000    0.086437    0.014146
Iteration: 132 bestvalit: 0.016701 bestmemit:   49.793690  -16.452698    1.000000    0.086437    0.014146
Iteration: 133 bestvalit: 0.016700 bestmemit:   49.915993  -15.985790    1.000000    0.673921    0.017308
Iteration: 134 bestvalit: 0.016700 bestmemit:   49.568772  -16.111750    1.000000    0.234290    0.008978
Iteration: 135 bestvalit: 0.016697 bestmemit:   49.967209  -16.343579    1.000000    0.453419    0.010342
Iteration: 136 bestvalit: 0.016697 bestmemit:   49.967209  -16.343579    1.000000    0.453419    0.010342
Iteration: 137 bestvalit: 0.016697 bestmemit:   49.967209  -16.343579    1.000000    0.453419    0.010342
Iteration: 138 bestvalit: 0.016697 bestmemit:   49.967209  -16.343579    1.000000    0.453419    0.010342
Iteration: 139 bestvalit: 0.016697 bestmemit:   49.947445  -15.678465    1.000000    0.503993    0.018153
Iteration: 140 bestvalit: 0.016697 bestmemit:   49.947445  -15.678465    1.000000    0.503993    0.018153
Iteration: 141 bestvalit: 0.016691 bestmemit:   49.947445  -15.678465    1.000000    0.503993    0.005441
Iteration: 142 bestvalit: 0.016691 bestmemit:   49.965345  -15.678465    1.000000    0.503993    0.005441
Iteration: 143 bestvalit: 0.016691 bestmemit:   49.965345  -15.678465    1.000000    0.503993    0.005441
Iteration: 144 bestvalit: 0.016691 bestmemit:   49.965345  -15.678465    1.000000    0.503993    0.005441
Iteration: 145 bestvalit: 0.016690 bestmemit:   49.832642  -15.681949    1.000000    0.534971    0.000920
Iteration: 146 bestvalit: 0.016688 bestmemit:   49.950364  -15.857195    1.000000    0.508186    0.000119
Iteration: 147 bestvalit: 0.016687 bestmemit:   49.996082  -15.852332    1.000000    0.484108    0.000094
Iteration: 148 bestvalit: 0.016687 bestmemit:   49.996082  -15.852332    1.000000    0.484108    0.000094
Iteration: 149 bestvalit: 0.016687 bestmemit:   49.996082  -15.852332    1.000000    0.484108    0.000094
Iteration: 150 bestvalit: 0.016687 bestmemit:   49.996082  -15.852332    1.000000    0.484108    0.000094
Iteration: 151 bestvalit: 0.016687 bestmemit:   49.996082  -15.852332    1.000000    0.484108    0.000094
Iteration: 152 bestvalit: 0.016687 bestmemit:   49.996082  -15.852332    1.000000    0.484108    0.000094
Iteration: 153 bestvalit: 0.016687 bestmemit:   49.996082  -15.852332    1.000000    0.484108    0.000094
Iteration: 154 bestvalit: 0.016687 bestmemit:   49.996082  -15.852332    1.000000    0.484108    0.000094
Iteration: 155 bestvalit: 0.016687 bestmemit:   49.996082  -15.852332    1.000000    0.484108    0.000094
Iteration: 156 bestvalit: 0.016687 bestmemit:   49.996082  -15.852332    1.000000    0.484108    0.000094
Iteration: 157 bestvalit: 0.016687 bestmemit:   49.996082  -15.852332    1.000000    0.484108    0.000094
Iteration: 158 bestvalit: 0.016687 bestmemit:   49.996082  -15.852332    1.000000    0.484108    0.000094
Iteration: 159 bestvalit: 0.016687 bestmemit:   49.996082  -15.852332    1.000000    0.484108    0.000094
Iteration: 160 bestvalit: 0.016687 bestmemit:   49.996082  -15.852332    1.000000    0.484108    0.000094
Iteration: 161 bestvalit: 0.016687 bestmemit:   49.996082  -15.852332    1.000000    0.484108    0.000094
Iteration: 162 bestvalit: 0.016687 bestmemit:   49.996082  -15.852332    1.000000    0.484108    0.000094
Iteration: 163 bestvalit: 0.016687 bestmemit:   49.996082  -15.852332    1.000000    0.484108    0.000094
Iteration: 164 bestvalit: 0.016687 bestmemit:   49.996082  -15.852332    1.000000    0.484108    0.000094
Iteration: 165 bestvalit: 0.016687 bestmemit:   49.996082  -15.852332    1.000000    0.484108    0.000094
Iteration: 166 bestvalit: 0.016687 bestmemit:   49.996082  -15.852332    1.000000    0.484108    0.000094
Iteration: 167 bestvalit: 0.016687 bestmemit:   49.996082  -15.852332    1.000000    0.484108    0.000094
Iteration: 168 bestvalit: 0.016687 bestmemit:   49.996082  -15.852332    1.000000    0.484108    0.000094
Iteration: 169 bestvalit: 0.016687 bestmemit:   49.996082  -15.852332    1.000000    0.484108    0.000094
Iteration: 170 bestvalit: 0.016687 bestmemit:   49.996082  -15.852332    1.000000    0.484108    0.000094
Iteration: 171 bestvalit: 0.016687 bestmemit:   49.996082  -15.852332    1.000000    0.484108    0.000094
Iteration: 172 bestvalit: 0.016687 bestmemit:   49.996082  -15.852332    1.000000    0.484108    0.000094
Iteration: 173 bestvalit: 0.016687 bestmemit:   49.996082  -15.852332    1.000000    0.484108    0.000094
Iteration: 174 bestvalit: 0.016687 bestmemit:   49.996082  -15.852332    1.000000    0.484108    0.000094
Iteration: 175 bestvalit: 0.016687 bestmemit:   49.996082  -15.852332    1.000000    0.484108    0.000094
Iteration: 176 bestvalit: 0.016687 bestmemit:   49.996082  -15.852332    1.000000    0.484108    0.000094
Iteration: 177 bestvalit: 0.016687 bestmemit:   49.996082  -15.852332    1.000000    0.484108    0.000094
Iteration: 178 bestvalit: 0.016687 bestmemit:   49.997275  -15.852332    1.000000    0.484108    0.000094
Iteration: 179 bestvalit: 0.016687 bestmemit:   49.997275  -15.852332    1.000000    0.484108    0.000094
Iteration: 180 bestvalit: 0.016687 bestmemit:   49.997275  -15.852332    1.000000    0.484108    0.000094
Iteration: 181 bestvalit: 0.016687 bestmemit:   49.997275  -15.852332    1.000000    0.484108    0.000094
Iteration: 182 bestvalit: 0.016687 bestmemit:   49.997275  -15.852332    1.000000    0.484108    0.000094
Iteration: 183 bestvalit: 0.016687 bestmemit:   49.997275  -15.852332    1.000000    0.484108    0.000094
Iteration: 184 bestvalit: 0.016687 bestmemit:   49.997275  -15.852332    1.000000    0.484108    0.000094
Iteration: 185 bestvalit: 0.016687 bestmemit:   49.997275  -15.852332    1.000000    0.484108    0.000094
Iteration: 186 bestvalit: 0.016687 bestmemit:   49.997275  -15.852332    1.000000    0.484108    0.000094
Iteration: 187 bestvalit: 0.016687 bestmemit:   49.997275  -15.852332    1.000000    0.484108    0.000094
Iteration: 188 bestvalit: 0.016687 bestmemit:   49.997275  -15.852332    1.000000    0.484108    0.000094
Iteration: 189 bestvalit: 0.016687 bestmemit:   49.997275  -15.852332    1.000000    0.484108    0.000094
Iteration: 190 bestvalit: 0.016687 bestmemit:   49.998438  -15.826892    1.000000    0.500711    0.000054
Iteration: 191 bestvalit: 0.016687 bestmemit:   49.998438  -15.826892    1.000000    0.500711    0.000054
Iteration: 192 bestvalit: 0.016687 bestmemit:   49.998438  -15.826892    1.000000    0.500711    0.000054
Iteration: 193 bestvalit: 0.016687 bestmemit:   49.999565  -15.857177    1.000000    0.483405    0.000123
Iteration: 194 bestvalit: 0.016687 bestmemit:   49.999565  -15.857177    1.000000    0.483405    0.000123
Iteration: 195 bestvalit: 0.016687 bestmemit:   49.999565  -15.857177    1.000000    0.483405    0.000123
Iteration: 196 bestvalit: 0.016687 bestmemit:   49.999565  -15.857177    1.000000    0.483405    0.000123
Iteration: 197 bestvalit: 0.016687 bestmemit:   49.998909  -15.873946    1.000000    0.479756    0.000089
Iteration: 198 bestvalit: 0.016687 bestmemit:   49.998909  -15.873946    1.000000    0.479756    0.000089
Iteration: 199 bestvalit: 0.016687 bestmemit:   49.999873  -15.871632    1.000000    0.482829    0.000014
Iteration: 200 bestvalit: 0.016687 bestmemit:   49.999873  -15.871632    1.000000    0.482829    0.000014
Iteration: 201 bestvalit: 0.016687 bestmemit:   49.999873  -15.871632    1.000000    0.482829    0.000014
Iteration: 202 bestvalit: 0.016687 bestmemit:   49.999873  -15.871632    1.000000    0.482829    0.000014
Iteration: 203 bestvalit: 0.016687 bestmemit:   49.999873  -15.871632    1.000000    0.482829    0.000014
Iteration: 204 bestvalit: 0.016687 bestmemit:   49.999873  -15.871632    1.000000    0.482829    0.000014
Iteration: 205 bestvalit: 0.016687 bestmemit:   49.999873  -15.871632    1.000000    0.482829    0.000014
Iteration: 206 bestvalit: 0.016687 bestmemit:   49.999873  -15.871632    1.000000    0.482829    0.000014
Iteration: 207 bestvalit: 0.016687 bestmemit:   49.999873  -15.871632    1.000000    0.482829    0.000014
Iteration: 208 bestvalit: 0.016687 bestmemit:   49.999873  -15.871632    1.000000    0.482829    0.000014
Iteration: 209 bestvalit: 0.016687 bestmemit:   49.999873  -15.871632    1.000000    0.482829    0.000014
Iteration: 210 bestvalit: 0.016687 bestmemit:   49.999873  -15.871632    1.000000    0.482829    0.000014
Iteration: 211 bestvalit: 0.016687 bestmemit:   49.999873  -15.871632    1.000000    0.482829    0.000014
Iteration: 212 bestvalit: 0.016687 bestmemit:   49.999901  -15.852332    1.000000    0.485184    0.000007
Iteration: 213 bestvalit: 0.016687 bestmemit:   49.999977  -15.849990    1.000000    0.488444    0.000000
Iteration: 214 bestvalit: 0.016687 bestmemit:   49.999977  -15.849990    1.000000    0.488444    0.000000
Iteration: 215 bestvalit: 0.016687 bestmemit:   49.999977  -15.849990    1.000000    0.488444    0.000000
Iteration: 216 bestvalit: 0.016687 bestmemit:   49.999977  -15.849990    1.000000    0.488444    0.000000
Iteration: 217 bestvalit: 0.016687 bestmemit:   49.999934  -15.871274    1.000000    0.480586    0.000005
Iteration: 218 bestvalit: 0.016687 bestmemit:   49.999797  -15.869173    1.000000    0.477550    0.000002
Iteration: 219 bestvalit: 0.016687 bestmemit:   49.999949  -15.885456    1.000000    0.470371    0.000001
Iteration: 220 bestvalit: 0.016687 bestmemit:   49.999949  -15.885456    1.000000    0.470371    0.000001
Iteration: 221 bestvalit: 0.016687 bestmemit:   49.999977  -15.866505    1.000000    0.481152    0.000000
Iteration: 222 bestvalit: 0.016687 bestmemit:   49.999977  -15.860887    1.000000    0.481152    0.000000
Iteration: 223 bestvalit: 0.016687 bestmemit:   49.999977  -15.860887    1.000000    0.481152    0.000000
Iteration: 224 bestvalit: 0.016687 bestmemit:   49.999977  -15.860887    1.000000    0.481152    0.000000
Iteration: 225 bestvalit: 0.016687 bestmemit:   49.999977  -15.860887    1.000000    0.481152    0.000000
Iteration: 226 bestvalit: 0.016687 bestmemit:   49.999998  -15.885456    1.000000    0.470371    0.000001
Iteration: 227 bestvalit: 0.016687 bestmemit:   49.999998  -15.885456    1.000000    0.470371    0.000001
Iteration: 228 bestvalit: 0.016687 bestmemit:   49.999998  -15.885456    1.000000    0.470371    0.000001
Iteration: 229 bestvalit: 0.016687 bestmemit:   49.999998  -15.885456    1.000000    0.470371    0.000001
Iteration: 230 bestvalit: 0.016687 bestmemit:   49.999998  -15.885456    1.000000    0.470371    0.000001
Iteration: 231 bestvalit: 0.016687 bestmemit:   49.999998  -15.885456    1.000000    0.470371    0.000001
Iteration: 232 bestvalit: 0.016687 bestmemit:   49.999961  -15.865067    1.000000    0.478507    0.000001
Iteration: 233 bestvalit: 0.016687 bestmemit:   49.999961  -15.865067    1.000000    0.478507    0.000001
Iteration: 234 bestvalit: 0.016687 bestmemit:   49.999961  -15.865067    1.000000    0.478507    0.000001
Iteration: 235 bestvalit: 0.016687 bestmemit:   49.999961  -15.865067    1.000000    0.478507    0.000001
Iteration: 236 bestvalit: 0.016687 bestmemit:   49.999961  -15.865067    1.000000    0.478507    0.000001
Iteration: 237 bestvalit: 0.016687 bestmemit:   49.999961  -15.865067    1.000000    0.478507    0.000001
Iteration: 238 bestvalit: 0.016687 bestmemit:   49.999975  -15.877935    1.000000    0.471385    0.000003
Iteration: 239 bestvalit: 0.016687 bestmemit:   49.999975  -15.877935    1.000000    0.471385    0.000003
Iteration: 240 bestvalit: 0.016687 bestmemit:   49.999975  -15.877935    1.000000    0.471385    0.000003
Iteration: 241 bestvalit: 0.016687 bestmemit:   49.999994  -15.877600    1.000000    0.473955    0.000001
Iteration: 242 bestvalit: 0.016687 bestmemit:   49.999994  -15.877600    1.000000    0.473955    0.000001
Iteration: 243 bestvalit: 0.016687 bestmemit:   49.999994  -15.877600    1.000000    0.473955    0.000001
Iteration: 244 bestvalit: 0.016687 bestmemit:   49.999994  -15.877600    1.000000    0.473955    0.000001
Iteration: 245 bestvalit: 0.016687 bestmemit:   49.999994  -15.877600    1.000000    0.473955    0.000001
Iteration: 246 bestvalit: 0.016687 bestmemit:   49.999994  -15.877600    1.000000    0.473955    0.000001
Iteration: 247 bestvalit: 0.016687 bestmemit:   49.999994  -15.877600    1.000000    0.473955    0.000001
Iteration: 248 bestvalit: 0.016687 bestmemit:   49.999994  -15.877600    1.000000    0.473955    0.000001
Iteration: 249 bestvalit: 0.016687 bestmemit:   49.999994  -15.877600    1.000000    0.473955    0.000001
Iteration: 250 bestvalit: 0.016687 bestmemit:   49.999994  -15.877600    1.000000    0.473955    0.000001
Iteration: 251 bestvalit: 0.016687 bestmemit:   50.000000  -15.874562    1.000000    0.473955    0.000001
Iteration: 252 bestvalit: 0.016687 bestmemit:   50.000000  -15.874562    1.000000    0.473955    0.000001
Iteration: 253 bestvalit: 0.016687 bestmemit:   50.000000  -15.874562    1.000000    0.473955    0.000001
Iteration: 254 bestvalit: 0.016687 bestmemit:   50.000000  -15.874562    1.000000    0.473955    0.000001
Iteration: 255 bestvalit: 0.016687 bestmemit:   49.999992  -15.875730    1.000000    0.473473    0.000000
Iteration: 256 bestvalit: 0.016687 bestmemit:   49.999992  -15.875730    1.000000    0.473473    0.000000
Iteration: 257 bestvalit: 0.016687 bestmemit:   49.999992  -15.875730    1.000000    0.473473    0.000000
Iteration: 258 bestvalit: 0.016687 bestmemit:   49.999992  -15.875730    1.000000    0.473473    0.000000
Iteration: 259 bestvalit: 0.016687 bestmemit:   49.999992  -15.875730    1.000000    0.473473    0.000000
Iteration: 260 bestvalit: 0.016687 bestmemit:   49.999992  -15.875730    1.000000    0.473473    0.000000
Iteration: 261 bestvalit: 0.016687 bestmemit:   49.999994  -15.874087    1.000000    0.473860    0.000000
Iteration: 262 bestvalit: 0.016687 bestmemit:   49.999994  -15.874087    1.000000    0.473860    0.000000
Iteration: 263 bestvalit: 0.016687 bestmemit:   49.999994  -15.874087    1.000000    0.473860    0.000000
Iteration: 264 bestvalit: 0.016687 bestmemit:   49.999994  -15.874087    1.000000    0.473860    0.000000
Iteration: 265 bestvalit: 0.016687 bestmemit:   49.999992  -15.875730    1.000000    0.473473    0.000000
Iteration: 266 bestvalit: 0.016687 bestmemit:   49.999992  -15.875730    1.000000    0.473473    0.000000
Iteration: 267 bestvalit: 0.016687 bestmemit:   49.999992  -15.875730    1.000000    0.473473    0.000000
Iteration: 268 bestvalit: 0.016687 bestmemit:   49.999992  -15.875730    1.000000    0.473473    0.000000
Iteration: 269 bestvalit: 0.016687 bestmemit:   49.999992  -15.875730    1.000000    0.473473    0.000000
Iteration: 270 bestvalit: 0.016687 bestmemit:   49.999992  -15.875730    1.000000    0.473473    0.000000
Iteration: 271 bestvalit: 0.016687 bestmemit:   49.999999  -15.874945    1.000000    0.473988    0.000000
Iteration: 272 bestvalit: 0.016687 bestmemit:   49.999997  -15.874622    1.000000    0.474067    0.000000
Iteration: 273 bestvalit: 0.016687 bestmemit:   49.999997  -15.874622    1.000000    0.474067    0.000000
Iteration: 274 bestvalit: 0.016687 bestmemit:   49.999997  -15.874622    1.000000    0.474067    0.000000
Iteration: 275 bestvalit: 0.016687 bestmemit:   49.999998  -15.875655    1.000000    0.473580    0.000000
Iteration: 276 bestvalit: 0.016687 bestmemit:   49.999998  -15.875655    1.000000    0.473580    0.000000
Iteration: 277 bestvalit: 0.016687 bestmemit:   49.999998  -15.875655    1.000000    0.473580    0.000000
Iteration: 278 bestvalit: 0.016687 bestmemit:   49.999998  -15.875655    1.000000    0.473580    0.000000
Iteration: 279 bestvalit: 0.016687 bestmemit:   49.999998  -15.875655    1.000000    0.473580    0.000000
Iteration: 280 bestvalit: 0.016687 bestmemit:   49.999998  -15.875655    1.000000    0.473580    0.000000
Iteration: 281 bestvalit: 0.016687 bestmemit:   49.999998  -15.875655    1.000000    0.473580    0.000000
Iteration: 282 bestvalit: 0.016687 bestmemit:   49.999998  -15.875655    1.000000    0.473580    0.000000
Iteration: 283 bestvalit: 0.016687 bestmemit:   49.999998  -15.875655    1.000000    0.473580    0.000000
Iteration: 284 bestvalit: 0.016687 bestmemit:   49.999998  -15.875655    1.000000    0.473580    0.000000
Iteration: 285 bestvalit: 0.016687 bestmemit:   49.999998  -15.875655    1.000000    0.473580    0.000000
Iteration: 286 bestvalit: 0.016687 bestmemit:   49.999999  -15.875550    1.000000    0.473614    0.000000
Iteration: 287 bestvalit: 0.016687 bestmemit:   49.999999  -15.875550    1.000000    0.473614    0.000000
Iteration: 288 bestvalit: 0.016687 bestmemit:   49.999999  -15.875550    1.000000    0.473614    0.000000
Iteration: 289 bestvalit: 0.016687 bestmemit:   49.999999  -15.876309    1.000000    0.473115    0.000000
Iteration: 290 bestvalit: 0.016687 bestmemit:   49.999999  -15.876309    1.000000    0.473115    0.000000
Iteration: 291 bestvalit: 0.016687 bestmemit:   49.999999  -15.876309    1.000000    0.473115    0.000000
Iteration: 292 bestvalit: 0.016687 bestmemit:   49.999999  -15.874945    1.000000    0.473988    0.000000
Iteration: 293 bestvalit: 0.016687 bestmemit:   50.000000  -15.874427    1.000000    0.474156    0.000000
Iteration: 294 bestvalit: 0.016687 bestmemit:   50.000000  -15.874427    1.000000    0.474156    0.000000
Iteration: 295 bestvalit: 0.016687 bestmemit:   50.000000  -15.874427    1.000000    0.474156    0.000000
Iteration: 296 bestvalit: 0.016687 bestmemit:   50.000000  -15.874427    1.000000    0.474156    0.000000
Iteration: 297 bestvalit: 0.016687 bestmemit:   50.000000  -15.874427    1.000000    0.474156    0.000000
Iteration: 298 bestvalit: 0.016687 bestmemit:   50.000000  -15.874427    1.000000    0.474156    0.000000
Iteration: 299 bestvalit: 0.016687 bestmemit:   50.000000  -15.874427    1.000000    0.474156    0.000000
Iteration: 300 bestvalit: 0.016687 bestmemit:   50.000000  -15.874427    1.000000    0.474156    0.000000
Iteration: 301 bestvalit: 0.016687 bestmemit:   50.000000  -15.874427    1.000000    0.474156    0.000000
Iteration: 302 bestvalit: 0.016687 bestmemit:   50.000000  -15.874427    1.000000    0.474156    0.000000
Iteration: 303 bestvalit: 0.016687 bestmemit:   50.000000  -15.874427    1.000000    0.474156    0.000000
Iteration: 304 bestvalit: 0.016687 bestmemit:   50.000000  -15.874427    1.000000    0.474156    0.000000
Iteration: 305 bestvalit: 0.016687 bestmemit:   50.000000  -15.874427    1.000000    0.474156    0.000000
Iteration: 306 bestvalit: 0.016687 bestmemit:   50.000000  -15.874427    1.000000    0.474156    0.000000
Iteration: 307 bestvalit: 0.016687 bestmemit:   50.000000  -15.874427    1.000000    0.474156    0.000000
Iteration: 308 bestvalit: 0.016687 bestmemit:   50.000000  -15.874427    1.000000    0.474156    0.000000
Iteration: 309 bestvalit: 0.016687 bestmemit:   50.000000  -15.874427    1.000000    0.474156    0.000000
Iteration: 310 bestvalit: 0.016687 bestmemit:   50.000000  -15.874427    1.000000    0.474156    0.000000
Iteration: 311 bestvalit: 0.016687 bestmemit:   50.000000  -15.874144    1.000000    0.474251    0.000000
Iteration: 312 bestvalit: 0.016687 bestmemit:   50.000000  -15.875018    1.000000    0.473824    0.000000
Iteration: 313 bestvalit: 0.016687 bestmemit:   50.000000  -15.875018    1.000000    0.473824    0.000000
Iteration: 314 bestvalit: 0.016687 bestmemit:   50.000000  -15.875018    1.000000    0.473824    0.000000
Iteration: 315 bestvalit: 0.016687 bestmemit:   50.000000  -15.875018    1.000000    0.473824    0.000000
Iteration: 316 bestvalit: 0.016687 bestmemit:   50.000000  -15.875018    1.000000    0.473824    0.000000
Iteration: 317 bestvalit: 0.016687 bestmemit:   50.000000  -15.875018    1.000000    0.473824    0.000000
Iteration: 318 bestvalit: 0.016687 bestmemit:   50.000000  -15.875296    1.000000    0.473660    0.000000
Iteration: 319 bestvalit: 0.016687 bestmemit:   50.000000  -15.875018    1.000000    0.473824    0.000000
Iteration: 320 bestvalit: 0.016687 bestmemit:   50.000000  -15.875018    1.000000    0.473751    0.000000
Iteration: 321 bestvalit: 0.016687 bestmemit:   50.000000  -15.874612    1.000000    0.474008    0.000000
Iteration: 322 bestvalit: 0.016687 bestmemit:   50.000000  -15.874612    1.000000    0.474008    0.000000

***** summary of DEoptim object ***** 
best member   :  50 -15.87461 1 0.47401 0 
best value    :  0.01669 
after         :  322 generations 
fn evaluated  :  646 times 
*************************************
