SLURM_JOB_ID: 55403024
SLURM_JOB_USER: vsc34066
SLURM_JOB_ACCOUNT: lp_desenderlab
SLURM_JOB_NAME: par_recov_alternating_fb_sim_alpha_learn.slurm
SLURM_CLUSTER_NAME: genius
SLURM_JOB_PARTITION: batch
SLURM_ARRAY_JOB_ID: 55402977
SLURM_ARRAY_TASK_ID: 47
SLURM_NNODES: 1
SLURM_NODELIST: r23i27n02
SLURM_JOB_CPUS_PER_NODE: 8
Date: Sun Dec  3 23:43:54 CET 2023
Walltime: 01-06:00:00
========================================================================
Iteration: 1 bestvalit: 0.025516 bestmemit:   12.599695  -52.408768    1.000000  434.962371   76.698872
Iteration: 2 bestvalit: 0.020633 bestmemit:   19.160813  -95.606073    1.000000  153.053096   73.448226
Iteration: 3 bestvalit: 0.020633 bestmemit:   19.160813  -95.606073    1.000000  153.053096   73.448226
Iteration: 4 bestvalit: 0.020633 bestmemit:   19.160813  -95.606073    1.000000  153.053096   73.448226
Iteration: 5 bestvalit: 0.020633 bestmemit:   19.160813  -95.606073    1.000000  153.053096   73.448226
Iteration: 6 bestvalit: 0.020633 bestmemit:   19.160813  -95.606073    1.000000  153.053096   73.448226
Iteration: 7 bestvalit: 0.020633 bestmemit:   19.160813  -95.606073    1.000000  153.053096   73.448226
Iteration: 8 bestvalit: 0.019608 bestmemit:   19.160813  -62.216060    1.000000  153.053096   73.448226
Iteration: 9 bestvalit: 0.014267 bestmemit:   48.293911   -2.084971    1.000000   26.774692  388.890984
Iteration: 10 bestvalit: 0.014267 bestmemit:   48.293911   -2.084971    1.000000   26.774692  388.890984
Iteration: 11 bestvalit: 0.014267 bestmemit:   48.293911   -2.084971    1.000000   26.774692  388.890984
Iteration: 12 bestvalit: 0.013884 bestmemit:   25.085469  -42.844422    1.000000   51.722568  145.710932
Iteration: 13 bestvalit: 0.013884 bestmemit:   25.085469  -42.844422    1.000000   51.722568  145.710932
Iteration: 14 bestvalit: 0.013884 bestmemit:   25.085469  -42.844422    1.000000   51.722568  145.710932
Iteration: 15 bestvalit: 0.011657 bestmemit:   13.061258   48.323931    1.000000   21.283648   53.138935
Iteration: 16 bestvalit: 0.011657 bestmemit:   13.061258   48.323931    1.000000   21.283648   53.138935
Iteration: 17 bestvalit: 0.011657 bestmemit:   13.061258   48.323931    1.000000   21.283648   53.138935
Iteration: 18 bestvalit: 0.011657 bestmemit:   13.061258   48.323931    1.000000   21.283648   53.138935
Iteration: 19 bestvalit: 0.011657 bestmemit:   13.061258   48.323931    1.000000   21.283648   53.138935
Iteration: 20 bestvalit: 0.011657 bestmemit:   13.061258   48.323931    1.000000   21.283648   53.138935
Iteration: 21 bestvalit: 0.010715 bestmemit:   47.317376   30.890659    1.000000   14.771947  204.291054
Iteration: 22 bestvalit: 0.010715 bestmemit:   47.317376   30.890659    1.000000   14.771947  204.291054
Iteration: 23 bestvalit: 0.010715 bestmemit:   47.317376   30.890659    1.000000   14.771947  204.291054
Iteration: 24 bestvalit: 0.010715 bestmemit:   47.317376   30.890659    1.000000   14.771947  204.291054
Iteration: 25 bestvalit: 0.010715 bestmemit:   47.317376   30.890659    1.000000   14.771947  204.291054
Iteration: 26 bestvalit: 0.010715 bestmemit:   47.317376   30.890659    1.000000   14.771947  204.291054
Iteration: 27 bestvalit: 0.009342 bestmemit:   45.558306   12.375348    1.000000   13.476646   50.454084
Iteration: 28 bestvalit: 0.009342 bestmemit:   45.558306   12.375348    1.000000   13.476646   50.454084
Iteration: 29 bestvalit: 0.009342 bestmemit:   45.558306   12.375348    1.000000   13.476646   50.454084
Iteration: 30 bestvalit: 0.006223 bestmemit:   47.129322   -8.994055    1.000000   24.734558    2.517209
Iteration: 31 bestvalit: 0.006223 bestmemit:   47.129322   -8.994055    1.000000   24.734558    2.517209
Iteration: 32 bestvalit: 0.006223 bestmemit:   47.129322   -8.994055    1.000000   24.734558    2.517209
Iteration: 33 bestvalit: 0.006223 bestmemit:   47.129322   -8.994055    1.000000   24.734558    2.517209
Iteration: 34 bestvalit: 0.005787 bestmemit:   22.730823   -8.994055    1.000000   24.734558    2.517209
Iteration: 35 bestvalit: 0.005787 bestmemit:   22.730823   -8.994055    1.000000   24.734558    2.517209
Iteration: 36 bestvalit: 0.005278 bestmemit:   31.811996  -34.083194    1.000000   16.762771    1.542479
Iteration: 37 bestvalit: 0.005278 bestmemit:   31.811996  -34.083194    1.000000   16.762771    1.542479
Iteration: 38 bestvalit: 0.005278 bestmemit:   31.811996  -34.083194    1.000000   16.762771    1.542479
Iteration: 39 bestvalit: 0.005278 bestmemit:   31.811996  -34.083194    1.000000   16.762771    1.542479
Iteration: 40 bestvalit: 0.005278 bestmemit:   31.811996  -34.083194    1.000000   16.762771    1.542479
Iteration: 41 bestvalit: 0.005278 bestmemit:   31.811996  -34.083194    1.000000   16.762771    1.542479
Iteration: 42 bestvalit: 0.004251 bestmemit:   27.179314  -21.726625    1.000000   15.623529    1.542479
Iteration: 43 bestvalit: 0.004251 bestmemit:   27.179314  -21.726625    1.000000   15.623529    1.542479
Iteration: 44 bestvalit: 0.004251 bestmemit:   27.179314  -21.726625    1.000000   15.623529    1.542479
Iteration: 45 bestvalit: 0.003988 bestmemit:   12.140525   -9.482766    1.000000    6.806278    4.472911
Iteration: 46 bestvalit: 0.003988 bestmemit:   12.140525   -9.482766    1.000000    6.806278    4.472911
Iteration: 47 bestvalit: 0.003988 bestmemit:   12.140525   -9.482766    1.000000    6.806278    4.472911
Iteration: 48 bestvalit: 0.003826 bestmemit:   23.878436   -9.482766    1.000000    6.806278    4.472911
Iteration: 49 bestvalit: 0.003826 bestmemit:   23.878436   -9.482766    1.000000    6.806278    4.472911
Iteration: 50 bestvalit: 0.003826 bestmemit:   23.878436   -9.482766    1.000000    6.806278    4.472911
Iteration: 51 bestvalit: 0.003775 bestmemit:   13.495106    3.116457    1.000000    6.590144    5.085134
Iteration: 52 bestvalit: 0.003052 bestmemit:   13.163877   -0.616762    1.000000    7.315208    2.466328
Iteration: 53 bestvalit: 0.003052 bestmemit:   13.163877   -0.616762    1.000000    7.315208    2.466328
Iteration: 54 bestvalit: 0.002894 bestmemit:   16.903852    0.716419    1.000000    6.856979    1.542479
Iteration: 55 bestvalit: 0.002894 bestmemit:   16.903852    0.716419    1.000000    6.856979    1.542479
Iteration: 56 bestvalit: 0.002894 bestmemit:   16.903852    0.716419    1.000000    6.856979    1.542479
Iteration: 57 bestvalit: 0.002894 bestmemit:   16.903852    0.716419    1.000000    6.856979    1.542479
Iteration: 58 bestvalit: 0.002894 bestmemit:   16.903852    0.716419    1.000000    6.856979    1.542479
Iteration: 59 bestvalit: 0.002894 bestmemit:   16.903852    0.716419    1.000000    6.856979    1.542479
Iteration: 60 bestvalit: 0.002555 bestmemit:   10.287382   -0.097327    1.000000    3.256927    0.176454
Iteration: 61 bestvalit: 0.002346 bestmemit:   13.495106   -1.552666    1.000000    3.524038    0.210252
Iteration: 62 bestvalit: 0.002346 bestmemit:   13.495106   -1.552666    1.000000    3.524038    0.210252
Iteration: 63 bestvalit: 0.002346 bestmemit:   13.495106   -1.552666    1.000000    3.524038    0.210252
Iteration: 64 bestvalit: 0.002346 bestmemit:   13.495106   -1.552666    1.000000    3.524038    0.210252
Iteration: 65 bestvalit: 0.002209 bestmemit:   13.495106    1.036660    1.000000    3.524038    0.210252
Iteration: 66 bestvalit: 0.002209 bestmemit:   13.495106    1.036660    1.000000    3.524038    0.210252
Iteration: 67 bestvalit: 0.002209 bestmemit:   13.495106    1.036660    1.000000    3.524038    0.210252
Iteration: 68 bestvalit: 0.002209 bestmemit:   13.495106    1.036660    1.000000    3.524038    0.210252
Iteration: 69 bestvalit: 0.002209 bestmemit:   13.495106    1.036660    1.000000    3.524038    0.210252
Iteration: 70 bestvalit: 0.002209 bestmemit:   13.495106    1.036660    1.000000    3.524038    0.210252
Iteration: 71 bestvalit: 0.002209 bestmemit:   13.495106    1.036660    1.000000    3.524038    0.210252
Iteration: 72 bestvalit: 0.002209 bestmemit:   13.495106    1.036660    1.000000    3.524038    0.210252
Iteration: 73 bestvalit: 0.002209 bestmemit:   13.495106    1.036660    1.000000    3.524038    0.210252
Iteration: 74 bestvalit: 0.002147 bestmemit:   12.405765    2.372436    1.000000    0.768716    0.216167
Iteration: 75 bestvalit: 0.002147 bestmemit:   12.405765    2.372436    1.000000    0.768716    0.216167
Iteration: 76 bestvalit: 0.002147 bestmemit:   12.405765    2.372436    1.000000    0.768716    0.216167
Iteration: 77 bestvalit: 0.002147 bestmemit:   12.405765    2.372436    1.000000    0.768716    0.216167
Iteration: 78 bestvalit: 0.002147 bestmemit:   12.405765    2.372436    1.000000    0.768716    0.216167
Iteration: 79 bestvalit: 0.002147 bestmemit:   12.405765    2.372436    1.000000    0.768716    0.216167
Iteration: 80 bestvalit: 0.002147 bestmemit:   12.405765    2.372436    1.000000    0.768716    0.216167
Iteration: 81 bestvalit: 0.002146 bestmemit:   12.951065    1.970226    1.000000    0.066415    0.093936
Iteration: 82 bestvalit: 0.002146 bestmemit:   12.951065    1.970226    1.000000    0.066415    0.093936
Iteration: 83 bestvalit: 0.002141 bestmemit:   12.610174    2.223201    1.000000    2.029441    0.145014
Iteration: 84 bestvalit: 0.002141 bestmemit:   12.610174    2.223201    1.000000    2.029441    0.145014
Iteration: 85 bestvalit: 0.002135 bestmemit:   10.266054    5.558402    1.000000    1.482283    0.015056
Iteration: 86 bestvalit: 0.002134 bestmemit:   10.902939    4.319613    1.000000    0.590887    0.138865
Iteration: 87 bestvalit: 0.002134 bestmemit:   10.902939    4.319613    1.000000    0.590887    0.138865
Iteration: 88 bestvalit: 0.002116 bestmemit:   11.417141    4.166319    1.000000    0.314546    0.003049
Iteration: 89 bestvalit: 0.002116 bestmemit:   11.417141    4.166319    1.000000    0.314546    0.003049
Iteration: 90 bestvalit: 0.002116 bestmemit:   11.417141    4.166319    1.000000    0.314546    0.003049
Iteration: 91 bestvalit: 0.002116 bestmemit:   11.417141    4.166319    1.000000    0.314546    0.003049
Iteration: 92 bestvalit: 0.002116 bestmemit:   11.417141    4.166319    1.000000    0.314546    0.003049
Iteration: 93 bestvalit: 0.002116 bestmemit:   11.417141    4.166319    1.000000    0.314546    0.003049
Iteration: 94 bestvalit: 0.002116 bestmemit:   11.417141    4.166319    1.000000    0.314546    0.003049
Iteration: 95 bestvalit: 0.002116 bestmemit:   11.417141    4.166319    1.000000    0.314546    0.003049
Iteration: 96 bestvalit: 0.002112 bestmemit:   11.417141    4.166319    1.000000    0.939131    0.003049
Iteration: 97 bestvalit: 0.002112 bestmemit:   11.417141    4.166319    1.000000    0.939131    0.003049
Iteration: 98 bestvalit: 0.002112 bestmemit:   11.417141    4.166319    1.000000    0.939131    0.003049
Iteration: 99 bestvalit: 0.002112 bestmemit:   11.417141    4.166319    1.000000    0.939131    0.003049
Iteration: 100 bestvalit: 0.002112 bestmemit:   11.417141    4.166319    1.000000    0.939131    0.003049
Iteration: 101 bestvalit: 0.002112 bestmemit:   11.417141    4.166319    1.000000    0.939131    0.003049
Iteration: 102 bestvalit: 0.002112 bestmemit:   11.417141    4.166319    1.000000    0.939131    0.003049
Iteration: 103 bestvalit: 0.002112 bestmemit:   11.417141    4.166319    1.000000    0.939131    0.003049
Iteration: 104 bestvalit: 0.002112 bestmemit:   11.417141    4.166319    1.000000    0.939131    0.003049
Iteration: 105 bestvalit: 0.002112 bestmemit:   11.417141    4.166319    1.000000    0.939131    0.003049
Iteration: 106 bestvalit: 0.002112 bestmemit:   11.417141    4.166319    1.000000    0.939131    0.003049
Iteration: 107 bestvalit: 0.002112 bestmemit:   11.417141    4.166319    1.000000    0.939131    0.003049
Iteration: 108 bestvalit: 0.002112 bestmemit:   11.417141    4.166319    1.000000    0.939131    0.003049
Iteration: 109 bestvalit: 0.002112 bestmemit:   11.417141    4.166319    1.000000    0.939131    0.003049
Iteration: 110 bestvalit: 0.002110 bestmemit:   11.417141    3.930057    1.000000    0.939131    0.003049
Iteration: 111 bestvalit: 0.002110 bestmemit:   11.417141    3.930057    1.000000    0.939131    0.003049
Iteration: 112 bestvalit: 0.002110 bestmemit:   11.417141    3.930057    1.000000    0.939131    0.003049
Iteration: 113 bestvalit: 0.002110 bestmemit:   11.417141    3.930057    1.000000    0.939131    0.003049
Iteration: 114 bestvalit: 0.002110 bestmemit:   11.417141    3.930057    1.000000    0.939131    0.003049
Iteration: 115 bestvalit: 0.002110 bestmemit:   11.417141    3.930057    1.000000    0.939131    0.003049
Iteration: 116 bestvalit: 0.002110 bestmemit:   11.417141    3.930057    1.000000    0.939131    0.003049
Iteration: 117 bestvalit: 0.002110 bestmemit:   11.417141    3.930057    1.000000    0.939131    0.003049
Iteration: 118 bestvalit: 0.002110 bestmemit:   11.417141    3.930057    1.000000    0.939131    0.003049
Iteration: 119 bestvalit: 0.002110 bestmemit:   11.417141    3.930057    1.000000    0.939131    0.003049
Iteration: 120 bestvalit: 0.002110 bestmemit:   11.417141    3.930057    1.000000    0.939131    0.003049
Iteration: 121 bestvalit: 0.002110 bestmemit:   11.417141    3.930057    1.000000    0.939131    0.003049
Iteration: 122 bestvalit: 0.002110 bestmemit:   11.446247    3.884623    1.000000    0.913865    0.000853
Iteration: 123 bestvalit: 0.002110 bestmemit:   11.446247    3.916213    1.000000    0.913865    0.000853
Iteration: 124 bestvalit: 0.002110 bestmemit:   11.446247    3.916213    1.000000    0.913865    0.000853
Iteration: 125 bestvalit: 0.002110 bestmemit:   11.446247    3.916213    1.000000    0.913865    0.000853
Iteration: 126 bestvalit: 0.002110 bestmemit:   11.446247    3.916213    1.000000    0.913865    0.000853
Iteration: 127 bestvalit: 0.002110 bestmemit:   11.446247    3.916213    1.000000    0.913865    0.000853
Iteration: 128 bestvalit: 0.002110 bestmemit:   11.446247    3.916213    1.000000    0.913865    0.000853
Iteration: 129 bestvalit: 0.002110 bestmemit:   11.613519    3.810665    1.000000    1.075933    0.000404
Iteration: 130 bestvalit: 0.002110 bestmemit:   11.613519    3.810665    1.000000    1.075933    0.000404
Iteration: 131 bestvalit: 0.002110 bestmemit:   11.613519    3.810665    1.000000    1.075933    0.000404
Iteration: 132 bestvalit: 0.002110 bestmemit:   11.613519    3.810665    1.000000    1.075933    0.000404
Iteration: 133 bestvalit: 0.002110 bestmemit:   11.613519    3.810665    1.000000    1.075933    0.000404
Iteration: 134 bestvalit: 0.002110 bestmemit:   11.613519    3.810665    1.000000    1.075933    0.000404
Iteration: 135 bestvalit: 0.002110 bestmemit:   11.613519    3.817519    1.000000    1.010523    0.000404
Iteration: 136 bestvalit: 0.002110 bestmemit:   11.613519    3.817519    1.000000    1.010523    0.000404
Iteration: 137 bestvalit: 0.002110 bestmemit:   11.613519    3.817519    1.000000    1.010523    0.000404
Iteration: 138 bestvalit: 0.002110 bestmemit:   11.613519    3.817519    1.000000    1.010523    0.000404
Iteration: 139 bestvalit: 0.002110 bestmemit:   11.613519    3.817519    1.000000    1.010523    0.000404
Iteration: 140 bestvalit: 0.002110 bestmemit:   11.613519    3.817519    1.000000    1.010523    0.000404
Iteration: 141 bestvalit: 0.002110 bestmemit:   11.691265    3.704725    1.000000    1.051171    0.000240
Iteration: 142 bestvalit: 0.002110 bestmemit:   11.691265    3.704725    1.000000    1.051171    0.000240
Iteration: 143 bestvalit: 0.002110 bestmemit:   11.691265    3.704725    1.000000    1.051171    0.000240
Iteration: 144 bestvalit: 0.002110 bestmemit:   11.691265    3.704725    1.000000    1.051171    0.000240
Iteration: 145 bestvalit: 0.002110 bestmemit:   11.752199    3.655981    1.000000    1.006144    0.000243
Iteration: 146 bestvalit: 0.002110 bestmemit:   11.752199    3.655981    1.000000    1.006144    0.000243
Iteration: 147 bestvalit: 0.002110 bestmemit:   11.752199    3.655981    1.000000    1.006144    0.000243
Iteration: 148 bestvalit: 0.002110 bestmemit:   11.752199    3.655981    1.000000    0.983217    0.000243
Iteration: 149 bestvalit: 0.002110 bestmemit:   11.752199    3.655981    1.000000    0.983217    0.000243
Iteration: 150 bestvalit: 0.002110 bestmemit:   11.691265    3.704725    1.000000    1.022080    0.000240
Iteration: 151 bestvalit: 0.002110 bestmemit:   11.691265    3.704725    1.000000    1.022080    0.000240
Iteration: 152 bestvalit: 0.002110 bestmemit:   11.691265    3.704725    1.000000    1.022080    0.000240
Iteration: 153 bestvalit: 0.002110 bestmemit:   11.691265    3.704725    1.000000    1.022080    0.000240
Iteration: 154 bestvalit: 0.002110 bestmemit:   11.747260    3.684468    1.000000    0.977787    0.000057
Iteration: 155 bestvalit: 0.002110 bestmemit:   11.614255    3.799658    1.000000    0.978932    0.000337
Iteration: 156 bestvalit: 0.002110 bestmemit:   11.614255    3.799658    1.000000    0.978932    0.000337
Iteration: 157 bestvalit: 0.002110 bestmemit:   11.614255    3.799658    1.000000    0.978932    0.000337
Iteration: 158 bestvalit: 0.002110 bestmemit:   11.614255    3.799658    1.000000    0.978932    0.000337
Iteration: 159 bestvalit: 0.002110 bestmemit:   11.677244    3.722597    1.000000    1.007660    0.000185
Iteration: 160 bestvalit: 0.002110 bestmemit:   11.659299    3.744080    1.000000    1.007660    0.000185
Iteration: 161 bestvalit: 0.002110 bestmemit:   11.677034    3.730421    1.000000    0.977787    0.000057
Iteration: 162 bestvalit: 0.002110 bestmemit:   11.677034    3.730421    1.000000    0.977787    0.000057
Iteration: 163 bestvalit: 0.002110 bestmemit:   11.677034    3.730421    1.000000    0.977787    0.000057
Iteration: 164 bestvalit: 0.002110 bestmemit:   11.677034    3.730421    1.000000    0.977787    0.000057
Iteration: 165 bestvalit: 0.002110 bestmemit:   11.677034    3.730421    1.000000    0.977787    0.000057
Iteration: 166 bestvalit: 0.002110 bestmemit:   11.677034    3.730421    1.000000    0.977787    0.000057
Iteration: 167 bestvalit: 0.002110 bestmemit:   11.677034    3.730421    1.000000    0.977787    0.000057
Iteration: 168 bestvalit: 0.002110 bestmemit:   11.660597    3.747394    1.000000    0.985943    0.000031
Iteration: 169 bestvalit: 0.002110 bestmemit:   11.660597    3.747394    1.000000    0.985943    0.000031
Iteration: 170 bestvalit: 0.002110 bestmemit:   11.660597    3.747394    1.000000    0.985943    0.000031
Iteration: 171 bestvalit: 0.002110 bestmemit:   11.660597    3.747394    1.000000    0.985943    0.000031
Iteration: 172 bestvalit: 0.002110 bestmemit:   11.660597    3.747394    1.000000    0.985943    0.000031
Iteration: 173 bestvalit: 0.002110 bestmemit:   11.660597    3.747394    1.000000    0.985943    0.000031
Iteration: 174 bestvalit: 0.002110 bestmemit:   11.660597    3.747394    1.000000    0.985943    0.000031
Iteration: 175 bestvalit: 0.002110 bestmemit:   11.660597    3.747394    1.000000    0.985943    0.000031
Iteration: 176 bestvalit: 0.002110 bestmemit:   11.660597    3.747394    1.000000    0.985943    0.000031
Iteration: 177 bestvalit: 0.002110 bestmemit:   11.660597    3.747394    1.000000    0.985943    0.000031
Iteration: 178 bestvalit: 0.002110 bestmemit:   11.660597    3.747394    1.000000    0.985943    0.000031
Iteration: 179 bestvalit: 0.002110 bestmemit:   11.660597    3.747394    1.000000    0.985943    0.000031
Iteration: 180 bestvalit: 0.002110 bestmemit:   11.660597    3.747394    1.000000    0.985943    0.000031
Iteration: 181 bestvalit: 0.002110 bestmemit:   11.660597    3.747394    1.000000    0.985943    0.000031
Iteration: 182 bestvalit: 0.002110 bestmemit:   11.660597    3.747394    1.000000    0.985943    0.000031
Iteration: 183 bestvalit: 0.002110 bestmemit:   11.660597    3.747394    1.000000    0.985943    0.000031
Iteration: 184 bestvalit: 0.002110 bestmemit:   11.664579    3.752745    1.000000    0.980168    0.000020
Iteration: 185 bestvalit: 0.002110 bestmemit:   11.664579    3.752745    1.000000    0.980168    0.000017
Iteration: 186 bestvalit: 0.002110 bestmemit:   11.664579    3.752745    1.000000    0.980168    0.000017
Iteration: 187 bestvalit: 0.002110 bestmemit:   11.664579    3.752745    1.000000    0.980168    0.000017
Iteration: 188 bestvalit: 0.002110 bestmemit:   11.664579    3.752745    1.000000    0.980168    0.000017
Iteration: 189 bestvalit: 0.002110 bestmemit:   11.664579    3.752745    1.000000    0.980168    0.000017
Iteration: 190 bestvalit: 0.002110 bestmemit:   11.652472    3.760032    1.000000    0.995954    0.000015
Iteration: 191 bestvalit: 0.002109 bestmemit:   11.652472    3.760032    1.000000    0.985299    0.000015
Iteration: 192 bestvalit: 0.002109 bestmemit:   11.652472    3.760032    1.000000    0.985299    0.000015
Iteration: 193 bestvalit: 0.002109 bestmemit:   11.652472    3.760032    1.000000    0.985299    0.000015
Iteration: 194 bestvalit: 0.002109 bestmemit:   11.652472    3.760032    1.000000    0.985914    0.000015
Iteration: 195 bestvalit: 0.002109 bestmemit:   11.656938    3.757606    1.000000    0.984735    0.000007
Iteration: 196 bestvalit: 0.002109 bestmemit:   11.656938    3.757606    1.000000    0.984735    0.000007
Iteration: 197 bestvalit: 0.002109 bestmemit:   11.656938    3.757606    1.000000    0.984735    0.000007
Iteration: 198 bestvalit: 0.002109 bestmemit:   11.656938    3.757606    1.000000    0.984735    0.000007
Iteration: 199 bestvalit: 0.002109 bestmemit:   11.656938    3.757606    1.000000    0.984735    0.000007
Iteration: 200 bestvalit: 0.002109 bestmemit:   11.656938    3.757606    1.000000    0.984735    0.000007
Iteration: 201 bestvalit: 0.002109 bestmemit:   11.656938    3.757606    1.000000    0.984735    0.000007
Iteration: 202 bestvalit: 0.002109 bestmemit:   11.645840    3.765776    1.000000    0.993731    0.000005
Iteration: 203 bestvalit: 0.002109 bestmemit:   11.652007    3.761360    1.000000    0.995739    0.000001
Iteration: 204 bestvalit: 0.002109 bestmemit:   11.652007    3.761360    1.000000    0.989738    0.000001
Iteration: 205 bestvalit: 0.002109 bestmemit:   11.652007    3.761360    1.000000    0.989738    0.000001
Iteration: 206 bestvalit: 0.002109 bestmemit:   11.652007    3.761360    1.000000    0.989738    0.000001
Iteration: 207 bestvalit: 0.002109 bestmemit:   11.652007    3.761360    1.000000    0.989738    0.000001
Iteration: 208 bestvalit: 0.002109 bestmemit:   11.652007    3.761360    1.000000    0.989738    0.000001
Iteration: 209 bestvalit: 0.002109 bestmemit:   11.652007    3.761360    1.000000    0.989738    0.000001
Iteration: 210 bestvalit: 0.002109 bestmemit:   11.652007    3.761360    1.000000    0.989738    0.000001
Iteration: 211 bestvalit: 0.002109 bestmemit:   11.656934    3.754522    1.000000    0.987773    0.000001
Iteration: 212 bestvalit: 0.002109 bestmemit:   11.649145    3.761560    1.000000    0.989673    0.000000
Iteration: 213 bestvalit: 0.002109 bestmemit:   11.652007    3.759329    1.000000    0.989738    0.000001
Iteration: 214 bestvalit: 0.002109 bestmemit:   11.652007    3.759329    1.000000    0.989738    0.000001
Iteration: 215 bestvalit: 0.002109 bestmemit:   11.652007    3.759329    1.000000    0.989738    0.000001
Iteration: 216 bestvalit: 0.002109 bestmemit:   11.652007    3.759329    1.000000    0.989738    0.000001
Iteration: 217 bestvalit: 0.002109 bestmemit:   11.653397    3.758533    1.000000    0.988296    0.000000
Iteration: 218 bestvalit: 0.002109 bestmemit:   11.653397    3.758533    1.000000    0.988296    0.000000
Iteration: 219 bestvalit: 0.002109 bestmemit:   11.653397    3.758533    1.000000    0.988296    0.000000
Iteration: 220 bestvalit: 0.002109 bestmemit:   11.655991    3.755563    1.000000    0.991108    0.000000
Iteration: 221 bestvalit: 0.002109 bestmemit:   11.655991    3.755563    1.000000    0.991108    0.000000
Iteration: 222 bestvalit: 0.002109 bestmemit:   11.655991    3.755563    1.000000    0.991108    0.000000
Iteration: 223 bestvalit: 0.002109 bestmemit:   11.655991    3.755563    1.000000    0.991108    0.000000
Iteration: 224 bestvalit: 0.002109 bestmemit:   11.655991    3.755563    1.000000    0.991108    0.000000
Iteration: 225 bestvalit: 0.002109 bestmemit:   11.655991    3.755563    1.000000    0.989446    0.000000
Iteration: 226 bestvalit: 0.002109 bestmemit:   11.655991    3.755563    1.000000    0.989446    0.000000
Iteration: 227 bestvalit: 0.002109 bestmemit:   11.655991    3.755563    1.000000    0.989446    0.000000
Iteration: 228 bestvalit: 0.002109 bestmemit:   11.655991    3.755563    1.000000    0.989446    0.000000
Iteration: 229 bestvalit: 0.002109 bestmemit:   11.655991    3.755563    1.000000    0.989446    0.000000
Iteration: 230 bestvalit: 0.002109 bestmemit:   11.655991    3.755563    1.000000    0.989446    0.000000
Iteration: 231 bestvalit: 0.002109 bestmemit:   11.652906    3.758157    1.000000    0.990241    0.000000
Iteration: 232 bestvalit: 0.002109 bestmemit:   11.652906    3.758157    1.000000    0.990241    0.000000
Iteration: 233 bestvalit: 0.002109 bestmemit:   11.652906    3.758157    1.000000    0.990241    0.000000
Iteration: 234 bestvalit: 0.002109 bestmemit:   11.652906    3.758157    1.000000    0.990241    0.000000
Iteration: 235 bestvalit: 0.002109 bestmemit:   11.652906    3.758157    1.000000    0.990241    0.000000
Iteration: 236 bestvalit: 0.002109 bestmemit:   11.654797    3.756839    1.000000    0.989683    0.000000
Iteration: 237 bestvalit: 0.002109 bestmemit:   11.654797    3.756839    1.000000    0.989683    0.000000
Iteration: 238 bestvalit: 0.002109 bestmemit:   11.654797    3.756839    1.000000    0.989683    0.000000
Iteration: 239 bestvalit: 0.002109 bestmemit:   11.655709    3.756106    1.000000    0.989738    0.000000
Iteration: 240 bestvalit: 0.002109 bestmemit:   11.654269    3.757315    1.000000    0.990266    0.000000
Iteration: 241 bestvalit: 0.002109 bestmemit:   11.654604    3.757240    1.000000    0.989743    0.000000
Iteration: 242 bestvalit: 0.002109 bestmemit:   11.654604    3.757240    1.000000    0.989743    0.000000
Iteration: 243 bestvalit: 0.002109 bestmemit:   11.654604    3.757240    1.000000    0.989743    0.000000
Iteration: 244 bestvalit: 0.002109 bestmemit:   11.654604    3.757240    1.000000    0.989743    0.000000
Iteration: 245 bestvalit: 0.002109 bestmemit:   11.654604    3.757240    1.000000    0.989743    0.000000
Iteration: 246 bestvalit: 0.002109 bestmemit:   11.654604    3.757240    1.000000    0.989743    0.000000
Iteration: 247 bestvalit: 0.002109 bestmemit:   11.654604    3.757240    1.000000    0.989743    0.000000
Iteration: 248 bestvalit: 0.002109 bestmemit:   11.654604    3.757240    1.000000    0.989743    0.000000
Iteration: 249 bestvalit: 0.002109 bestmemit:   11.654604    3.757240    1.000000    0.989743    0.000000
Iteration: 250 bestvalit: 0.002109 bestmemit:   11.654455    3.757319    1.000000    0.990088    0.000000
Iteration: 251 bestvalit: 0.002109 bestmemit:   11.654455    3.757319    1.000000    0.989873    0.000000
Iteration: 252 bestvalit: 0.002109 bestmemit:   11.654455    3.757319    1.000000    0.989873    0.000000
Iteration: 253 bestvalit: 0.002109 bestmemit:   11.654455    3.757319    1.000000    0.989873    0.000000
Iteration: 254 bestvalit: 0.002109 bestmemit:   11.654455    3.757319    1.000000    0.989873    0.000000
Iteration: 255 bestvalit: 0.002109 bestmemit:   11.654455    3.757319    1.000000    0.989873    0.000000
Iteration: 256 bestvalit: 0.002109 bestmemit:   11.654455    3.757319    1.000000    0.989873    0.000000
Iteration: 257 bestvalit: 0.002109 bestmemit:   11.654455    3.757319    1.000000    0.989873    0.000000
Iteration: 258 bestvalit: 0.002109 bestmemit:   11.654455    3.757319    1.000000    0.989873    0.000000
Iteration: 259 bestvalit: 0.002109 bestmemit:   11.654455    3.757319    1.000000    0.989873    0.000000
Iteration: 260 bestvalit: 0.002109 bestmemit:   11.654455    3.757319    1.000000    0.989873    0.000000
Iteration: 261 bestvalit: 0.002109 bestmemit:   11.654455    3.757319    1.000000    0.989873    0.000000
Iteration: 262 bestvalit: 0.002109 bestmemit:   11.654455    3.757319    1.000000    0.989873    0.000000
Iteration: 263 bestvalit: 0.002109 bestmemit:   11.654616    3.757171    1.000000    0.989961    0.000000
Iteration: 264 bestvalit: 0.002109 bestmemit:   11.654616    3.757171    1.000000    0.989961    0.000000
Iteration: 265 bestvalit: 0.002109 bestmemit:   11.654616    3.757171    1.000000    0.989961    0.000000
Iteration: 266 bestvalit: 0.002109 bestmemit:   11.654616    3.757171    1.000000    0.989961    0.000000
Iteration: 267 bestvalit: 0.002109 bestmemit:   11.654744    3.756995    1.000000    0.989894    0.000000
Iteration: 268 bestvalit: 0.002109 bestmemit:   11.654616    3.757171    1.000000    0.989961    0.000000
Iteration: 269 bestvalit: 0.002109 bestmemit:   11.654616    3.757171    1.000000    0.989961    0.000000
Iteration: 270 bestvalit: 0.002109 bestmemit:   11.654616    3.757171    1.000000    0.989961    0.000000
Iteration: 271 bestvalit: 0.002109 bestmemit:   11.654616    3.757171    1.000000    0.989961    0.000000
Iteration: 272 bestvalit: 0.002109 bestmemit:   11.654616    3.757171    1.000000    0.989961    0.000000
Iteration: 273 bestvalit: 0.002109 bestmemit:   11.654530    3.757208    1.000000    0.989955    0.000000
Iteration: 274 bestvalit: 0.002109 bestmemit:   11.654530    3.757208    1.000000    0.989955    0.000000
Iteration: 275 bestvalit: 0.002109 bestmemit:   11.654530    3.757208    1.000000    0.989955    0.000000
Iteration: 276 bestvalit: 0.002109 bestmemit:   11.654530    3.757208    1.000000    0.989955    0.000000
Iteration: 277 bestvalit: 0.002109 bestmemit:   11.654530    3.757208    1.000000    0.989955    0.000000
Iteration: 278 bestvalit: 0.002109 bestmemit:   11.654530    3.757208    1.000000    0.989955    0.000000
Iteration: 279 bestvalit: 0.002109 bestmemit:   11.654530    3.757208    1.000000    0.989955    0.000000
Iteration: 280 bestvalit: 0.002109 bestmemit:   11.654483    3.757243    1.000000    0.990018    0.000000
Iteration: 281 bestvalit: 0.002109 bestmemit:   11.654483    3.757243    1.000000    0.990018    0.000000
Iteration: 282 bestvalit: 0.002109 bestmemit:   11.654483    3.757243    1.000000    0.990018    0.000000
Iteration: 283 bestvalit: 0.002109 bestmemit:   11.654483    3.757243    1.000000    0.990018    0.000000
Iteration: 284 bestvalit: 0.002109 bestmemit:   11.654483    3.757243    1.000000    0.990018    0.000000
Iteration: 285 bestvalit: 0.002109 bestmemit:   11.654483    3.757243    1.000000    0.990018    0.000000
Iteration: 286 bestvalit: 0.002109 bestmemit:   11.654483    3.757243    1.000000    0.990018    0.000000
Iteration: 287 bestvalit: 0.002109 bestmemit:   11.654483    3.757243    1.000000    0.990018    0.000000
Iteration: 288 bestvalit: 0.002109 bestmemit:   11.654483    3.757243    1.000000    0.990018    0.000000

***** summary of DEoptim object ***** 
best member   :  11.65448 3.75724 1 0.99002 0 
best value    :  0.00211 
after         :  288 generations 
fn evaluated  :  578 times 
*************************************
