SLURM_JOB_ID: 55403072
SLURM_JOB_USER: vsc34066
SLURM_JOB_ACCOUNT: lp_desenderlab
SLURM_JOB_NAME: par_recov_alternating_fb_sim_alpha_learn.slurm
SLURM_CLUSTER_NAME: genius
SLURM_JOB_PARTITION: batch
SLURM_ARRAY_JOB_ID: 55402977
SLURM_ARRAY_TASK_ID: 95
SLURM_NNODES: 2
SLURM_NODELIST: r22i13n[06-07]
SLURM_JOB_CPUS_PER_NODE: 2,6
Date: Sun Dec  3 23:44:07 CET 2023
Walltime: 01-06:00:00
========================================================================
Iteration: 1 bestvalit: 0.065825 bestmemit:   13.754659  -10.452383    1.000000 4595.634062 6884.481129
Iteration: 2 bestvalit: 0.062503 bestmemit:   24.917238   70.796825    1.000000 2783.955077 6085.613414
Iteration: 3 bestvalit: 0.061755 bestmemit:   20.148675   81.657663    1.000000  320.823935 1608.845551
Iteration: 4 bestvalit: 0.060302 bestmemit:   20.148675   86.221785    1.000000  320.823935 1608.845551
Iteration: 5 bestvalit: 0.060302 bestmemit:   20.148675   86.221785    1.000000  320.823935 1608.845551
Iteration: 6 bestvalit: 0.034895 bestmemit:   46.624934   23.736560    1.000000  393.435488  429.183380
Iteration: 7 bestvalit: 0.034895 bestmemit:   46.624934   23.736560    1.000000  393.435488  429.183380
Iteration: 8 bestvalit: 0.034888 bestmemit:   30.473530   23.736560    1.000000  393.435488  429.183380
Iteration: 9 bestvalit: 0.034888 bestmemit:   30.473530   23.736560    1.000000  393.435488  429.183380
Iteration: 10 bestvalit: 0.034888 bestmemit:   30.473530   23.736560    1.000000  393.435488  429.183380
Iteration: 11 bestvalit: 0.031625 bestmemit:   39.701250   21.302367    1.000000  393.435488  292.476713
Iteration: 12 bestvalit: 0.031621 bestmemit:   39.701250   20.208297    1.000000  393.435488  292.476713
Iteration: 13 bestvalit: 0.031621 bestmemit:   39.701250   20.208297    1.000000  393.435488  292.476713
Iteration: 14 bestvalit: 0.031621 bestmemit:   39.701250   20.208297    1.000000  393.435488  292.476713
Iteration: 15 bestvalit: 0.027549 bestmemit:   31.744746  -72.145627    1.000000  200.724781  423.036099
Iteration: 16 bestvalit: 0.027549 bestmemit:   31.744746  -72.145627    1.000000  200.724781  423.036099
Iteration: 17 bestvalit: 0.027549 bestmemit:   31.744746  -72.145627    1.000000  200.724781  423.036099
Iteration: 18 bestvalit: 0.027549 bestmemit:   31.744746  -72.145627    1.000000  200.724781  423.036099
Iteration: 19 bestvalit: 0.027549 bestmemit:   31.744746  -72.145627    1.000000  200.724781  423.036099
Iteration: 20 bestvalit: 0.024732 bestmemit:   13.218993  -28.161940    1.000000  165.485415  397.024675
Iteration: 21 bestvalit: 0.024431 bestmemit:   25.300404   63.543939    1.000000  240.451074   72.707306
Iteration: 22 bestvalit: 0.024379 bestmemit:   24.922665    9.951768    1.000000  165.485415  397.024675
Iteration: 23 bestvalit: 0.024379 bestmemit:   24.922665    9.951768    1.000000  165.485415  397.024675
Iteration: 24 bestvalit: 0.024142 bestmemit:   25.833209  -34.073826    1.000000  240.451074   72.707306
Iteration: 25 bestvalit: 0.024142 bestmemit:   25.833209  -34.073826    1.000000  240.451074   72.707306
Iteration: 26 bestvalit: 0.019257 bestmemit:   37.486292    9.951768    1.000000  165.485415    6.114982
Iteration: 27 bestvalit: 0.019257 bestmemit:   37.486292    9.951768    1.000000  165.485415    6.114982
Iteration: 28 bestvalit: 0.015527 bestmemit:   11.039219   32.025773    1.000000   26.782029  237.027053
Iteration: 29 bestvalit: 0.015483 bestmemit:   11.039219   -3.558703    1.000000   26.782029  237.027053
Iteration: 30 bestvalit: 0.015483 bestmemit:   11.039219   -3.558703    1.000000   26.782029  237.027053
Iteration: 31 bestvalit: 0.015483 bestmemit:   11.039219   -3.558703    1.000000   26.782029  237.027053
Iteration: 32 bestvalit: 0.013510 bestmemit:   20.629475   10.985263    1.000000    4.374277   62.364570
Iteration: 33 bestvalit: 0.013510 bestmemit:   20.629475   10.985263    1.000000    4.374277   62.364570
Iteration: 34 bestvalit: 0.013510 bestmemit:   20.629475   10.985263    1.000000    4.374277   62.364570
Iteration: 35 bestvalit: 0.013510 bestmemit:   20.629475   10.985263    1.000000    4.374277   62.364570
Iteration: 36 bestvalit: 0.013510 bestmemit:   20.629475   10.985263    1.000000    4.374277   62.364570
Iteration: 37 bestvalit: 0.013510 bestmemit:   20.629475   10.985263    1.000000    4.374277   62.364570
Iteration: 38 bestvalit: 0.013510 bestmemit:   20.629475   10.985263    1.000000    4.374277   62.364570
Iteration: 39 bestvalit: 0.013510 bestmemit:   20.629475   10.985263    1.000000    4.374277   62.364570
Iteration: 40 bestvalit: 0.013510 bestmemit:   20.629475   10.985263    1.000000    4.374277   62.364570
Iteration: 41 bestvalit: 0.010987 bestmemit:    6.291783    8.691543    1.000000    0.138491   24.783856
Iteration: 42 bestvalit: 0.010987 bestmemit:    6.291783    8.691543    1.000000    0.138491   24.783856
Iteration: 43 bestvalit: 0.010987 bestmemit:    6.291783    8.691543    1.000000    0.138491   24.783856
Iteration: 44 bestvalit: 0.010987 bestmemit:    6.291783    8.691543    1.000000    0.138491   24.783856
Iteration: 45 bestvalit: 0.010987 bestmemit:    6.291783    8.691543    1.000000    0.138491   24.783856
Iteration: 46 bestvalit: 0.010987 bestmemit:    6.291783    8.691543    1.000000    0.138491   24.783856
Iteration: 47 bestvalit: 0.010987 bestmemit:    6.291783    8.691543    1.000000    0.138491   24.783856
Iteration: 48 bestvalit: 0.010987 bestmemit:    6.291783    8.691543    1.000000    0.138491   24.783856
Iteration: 49 bestvalit: 0.010987 bestmemit:    6.291783    8.691543    1.000000    0.138491   24.783856
Iteration: 50 bestvalit: 0.010987 bestmemit:    6.291783    8.691543    1.000000    0.138491   24.783856
Iteration: 51 bestvalit: 0.010987 bestmemit:    6.291783    8.691543    1.000000    0.138491   24.783856
Iteration: 52 bestvalit: 0.010987 bestmemit:    6.291783    8.691543    1.000000    0.138491   24.783856
Iteration: 53 bestvalit: 0.010987 bestmemit:    6.291783    8.691543    1.000000    0.138491   24.783856
Iteration: 54 bestvalit: 0.010987 bestmemit:    6.291783    8.691543    1.000000    0.138491   24.783856
Iteration: 55 bestvalit: 0.010987 bestmemit:    6.291783    8.691543    1.000000    0.138491   24.783856
Iteration: 56 bestvalit: 0.010987 bestmemit:    6.291783    8.691543    1.000000    0.138491   24.783856
Iteration: 57 bestvalit: 0.010987 bestmemit:    6.291783    8.691543    1.000000    0.138491   24.783856
Iteration: 58 bestvalit: 0.010987 bestmemit:    6.291783    8.691543    1.000000    0.138491   24.783856
Iteration: 59 bestvalit: 0.010838 bestmemit:    5.956791    8.828689    1.000000    4.372166   28.520955
Iteration: 60 bestvalit: 0.010569 bestmemit:   14.344445   -4.493606    1.000000   12.960652   14.755099
Iteration: 61 bestvalit: 0.007675 bestmemit:   22.389696    2.205483    1.000000    4.507633    1.415881
Iteration: 62 bestvalit: 0.007675 bestmemit:   22.389696    2.205483    1.000000    4.507633    1.415881
Iteration: 63 bestvalit: 0.007276 bestmemit:    5.960513    8.691543    1.000000    1.152161    2.074009
Iteration: 64 bestvalit: 0.005988 bestmemit:   10.092095    2.205483    1.000000    4.507633    1.415881
Iteration: 65 bestvalit: 0.005988 bestmemit:   10.092095    2.205483    1.000000    4.507633    1.415881
Iteration: 66 bestvalit: 0.005988 bestmemit:   10.092095    2.205483    1.000000    4.507633    1.415881
Iteration: 67 bestvalit: 0.005988 bestmemit:   10.092095    2.205483    1.000000    4.507633    1.415881
Iteration: 68 bestvalit: 0.005988 bestmemit:   10.092095    2.205483    1.000000    4.507633    1.415881
Iteration: 69 bestvalit: 0.005988 bestmemit:   10.092095    2.205483    1.000000    4.507633    1.415881
Iteration: 70 bestvalit: 0.005988 bestmemit:   10.092095    2.205483    1.000000    4.507633    1.415881
Iteration: 71 bestvalit: 0.005988 bestmemit:   10.092095    2.205483    1.000000    4.507633    1.415881
Iteration: 72 bestvalit: 0.005988 bestmemit:   10.092095    2.205483    1.000000    4.507633    1.415881
Iteration: 73 bestvalit: 0.005988 bestmemit:   10.092095    2.205483    1.000000    4.507633    1.415881
Iteration: 74 bestvalit: 0.005988 bestmemit:   10.092095    2.205483    1.000000    4.507633    1.415881
Iteration: 75 bestvalit: 0.005988 bestmemit:   10.092095    2.205483    1.000000    4.507633    1.415881
Iteration: 76 bestvalit: 0.004945 bestmemit:   19.171114   -7.998461    1.000000    5.364932    0.454553
Iteration: 77 bestvalit: 0.004944 bestmemit:   19.185678   -7.998461    1.000000    5.364932    0.454553
Iteration: 78 bestvalit: 0.004944 bestmemit:   19.185678   -7.998461    1.000000    5.364932    0.454553
Iteration: 79 bestvalit: 0.004944 bestmemit:   19.185678   -7.998461    1.000000    5.364932    0.454553
Iteration: 80 bestvalit: 0.004944 bestmemit:   19.185678   -7.998461    1.000000    5.364932    0.454553
Iteration: 81 bestvalit: 0.004694 bestmemit:   14.344445   -1.674167    1.000000    4.051997    0.365161
Iteration: 82 bestvalit: 0.004694 bestmemit:   14.344445   -1.674167    1.000000    4.051997    0.365161
Iteration: 83 bestvalit: 0.004694 bestmemit:   14.344445   -1.674167    1.000000    4.051997    0.365161
Iteration: 84 bestvalit: 0.004606 bestmemit:   14.344445   -1.674167    1.000000    1.915969    0.365161
Iteration: 85 bestvalit: 0.004606 bestmemit:   14.344445   -1.674167    1.000000    1.915969    0.365161
Iteration: 86 bestvalit: 0.004606 bestmemit:   14.344445   -1.674167    1.000000    1.915969    0.365161
Iteration: 87 bestvalit: 0.004606 bestmemit:   14.344445   -1.674167    1.000000    1.915969    0.365161
Iteration: 88 bestvalit: 0.004606 bestmemit:   14.344445   -1.674167    1.000000    1.915969    0.365161
Iteration: 89 bestvalit: 0.004606 bestmemit:   14.344445   -1.674167    1.000000    1.915969    0.365161
Iteration: 90 bestvalit: 0.004606 bestmemit:   14.344445   -1.674167    1.000000    1.915969    0.365161
Iteration: 91 bestvalit: 0.004606 bestmemit:   14.344445   -1.674167    1.000000    1.915969    0.365161
Iteration: 92 bestvalit: 0.004535 bestmemit:   17.234940   -4.551494    1.000000    2.834935    0.287489
Iteration: 93 bestvalit: 0.004535 bestmemit:   17.234940   -4.551494    1.000000    2.834935    0.287489
Iteration: 94 bestvalit: 0.004477 bestmemit:   13.934905    0.493676    1.000000    2.133888    0.035630
Iteration: 95 bestvalit: 0.004477 bestmemit:   13.934905    0.493676    1.000000    2.133888    0.035630
Iteration: 96 bestvalit: 0.004477 bestmemit:   13.934905    0.493676    1.000000    2.133888    0.035630
Iteration: 97 bestvalit: 0.004477 bestmemit:   13.934905    0.493676    1.000000    2.133888    0.035630
Iteration: 98 bestvalit: 0.004477 bestmemit:   13.934905    0.493676    1.000000    2.133888    0.035630
Iteration: 99 bestvalit: 0.004477 bestmemit:   13.934905    0.493676    1.000000    2.133888    0.035630
Iteration: 100 bestvalit: 0.004477 bestmemit:   13.934905    0.493676    1.000000    2.133888    0.035630
Iteration: 101 bestvalit: 0.004413 bestmemit:   14.656316   -2.289116    1.000000    0.926261    0.112559
Iteration: 102 bestvalit: 0.004413 bestmemit:   14.656316   -2.289116    1.000000    0.926261    0.112559
Iteration: 103 bestvalit: 0.004413 bestmemit:   14.656316   -2.289116    1.000000    0.926261    0.112559
Iteration: 104 bestvalit: 0.004413 bestmemit:   14.656316   -2.289116    1.000000    0.926261    0.112559
Iteration: 105 bestvalit: 0.004398 bestmemit:   16.677776   -2.106766    1.000000    1.734578    0.109510
Iteration: 106 bestvalit: 0.004398 bestmemit:   16.677776   -2.106766    1.000000    1.734578    0.109510
Iteration: 107 bestvalit: 0.004370 bestmemit:   13.934905   -0.676644    1.000000    0.830459    0.035630
Iteration: 108 bestvalit: 0.004370 bestmemit:   13.934905   -0.676644    1.000000    0.830459    0.035630
Iteration: 109 bestvalit: 0.004370 bestmemit:   13.934905   -0.676644    1.000000    0.830459    0.035630
Iteration: 110 bestvalit: 0.004370 bestmemit:   13.934905   -0.676644    1.000000    0.830459    0.035630
Iteration: 111 bestvalit: 0.004334 bestmemit:   17.706215   -3.706286    1.000000    0.885639    0.050129
Iteration: 112 bestvalit: 0.004334 bestmemit:   17.706215   -3.706286    1.000000    0.885639    0.050129
Iteration: 113 bestvalit: 0.004334 bestmemit:   17.706215   -3.706286    1.000000    0.885639    0.050129
Iteration: 114 bestvalit: 0.004334 bestmemit:   17.706215   -3.706286    1.000000    0.885639    0.050129
Iteration: 115 bestvalit: 0.004334 bestmemit:   17.706215   -3.706286    1.000000    0.885639    0.050129
Iteration: 116 bestvalit: 0.004334 bestmemit:   17.706215   -3.706286    1.000000    0.885639    0.050129
Iteration: 117 bestvalit: 0.004319 bestmemit:   17.911818   -3.806607    1.000000    0.032709    0.026420
Iteration: 118 bestvalit: 0.004319 bestmemit:   17.911818   -3.806607    1.000000    0.032709    0.026420
Iteration: 119 bestvalit: 0.004319 bestmemit:   17.911818   -3.806607    1.000000    0.032709    0.026420
Iteration: 120 bestvalit: 0.004319 bestmemit:   17.911818   -3.806607    1.000000    0.032709    0.026420
Iteration: 121 bestvalit: 0.004319 bestmemit:   17.911818   -3.806607    1.000000    0.032709    0.026420
Iteration: 122 bestvalit: 0.004319 bestmemit:   17.911818   -3.806607    1.000000    0.032709    0.026420
Iteration: 123 bestvalit: 0.004319 bestmemit:   17.911818   -3.806607    1.000000    0.032709    0.026420
Iteration: 124 bestvalit: 0.004317 bestmemit:   16.981661   -3.124867    1.000000    0.047760    0.017734
Iteration: 125 bestvalit: 0.004315 bestmemit:   16.815413   -2.968854    1.000000    0.056675    0.031522
Iteration: 126 bestvalit: 0.004315 bestmemit:   16.815413   -2.968854    1.000000    0.056675    0.031522
Iteration: 127 bestvalit: 0.004315 bestmemit:   16.815413   -2.968854    1.000000    0.056675    0.031522
Iteration: 128 bestvalit: 0.004315 bestmemit:   16.815413   -2.968854    1.000000    0.056675    0.031522
Iteration: 129 bestvalit: 0.004315 bestmemit:   16.815413   -2.968854    1.000000    0.056675    0.031522
Iteration: 130 bestvalit: 0.004315 bestmemit:   16.815413   -2.968854    1.000000    0.056675    0.031522
Iteration: 131 bestvalit: 0.004315 bestmemit:   16.815413   -2.968854    1.000000    0.056675    0.031522
Iteration: 132 bestvalit: 0.004315 bestmemit:   16.815413   -2.968854    1.000000    0.056675    0.031522
Iteration: 133 bestvalit: 0.004315 bestmemit:   16.815413   -2.968854    1.000000    0.056675    0.031522
Iteration: 134 bestvalit: 0.004315 bestmemit:   16.815413   -2.968854    1.000000    0.056675    0.031522
Iteration: 135 bestvalit: 0.004315 bestmemit:   16.815413   -2.968854    1.000000    0.056675    0.031522
Iteration: 136 bestvalit: 0.004315 bestmemit:   16.815413   -2.968854    1.000000    0.056675    0.031522
Iteration: 137 bestvalit: 0.004315 bestmemit:   16.815413   -2.968854    1.000000    0.056675    0.031522
Iteration: 138 bestvalit: 0.004315 bestmemit:   16.850310   -2.773086    1.000000    0.095031    0.014243
Iteration: 139 bestvalit: 0.004315 bestmemit:   16.850310   -2.773086    1.000000    0.095031    0.014243
Iteration: 140 bestvalit: 0.004315 bestmemit:   16.850310   -2.773086    1.000000    0.095031    0.014243
Iteration: 141 bestvalit: 0.004315 bestmemit:   16.850310   -2.773086    1.000000    0.095031    0.014243
Iteration: 142 bestvalit: 0.004315 bestmemit:   16.850310   -2.773086    1.000000    0.095031    0.014243
Iteration: 143 bestvalit: 0.004315 bestmemit:   16.850310   -2.773086    1.000000    0.095031    0.014243
Iteration: 144 bestvalit: 0.004315 bestmemit:   16.850310   -2.773086    1.000000    0.095031    0.014243
Iteration: 145 bestvalit: 0.004315 bestmemit:   16.850310   -2.773086    1.000000    0.095031    0.014243
Iteration: 146 bestvalit: 0.004315 bestmemit:   16.850310   -2.773086    1.000000    0.095031    0.014243
Iteration: 147 bestvalit: 0.004314 bestmemit:   16.951401   -2.824398    1.000000    0.024013    0.009206
Iteration: 148 bestvalit: 0.004314 bestmemit:   16.951401   -2.824398    1.000000    0.024013    0.009206
Iteration: 149 bestvalit: 0.004314 bestmemit:   16.951401   -2.824398    1.000000    0.024013    0.002258
Iteration: 150 bestvalit: 0.004314 bestmemit:   16.951401   -2.824398    1.000000    0.024013    0.002258
Iteration: 151 bestvalit: 0.004314 bestmemit:   16.951401   -2.824398    1.000000    0.024013    0.002258
Iteration: 152 bestvalit: 0.004314 bestmemit:   16.951401   -2.824398    1.000000    0.024013    0.002258
Iteration: 153 bestvalit: 0.004314 bestmemit:   16.951401   -2.824398    1.000000    0.024013    0.002258
Iteration: 154 bestvalit: 0.004314 bestmemit:   16.951401   -2.824398    1.000000    0.024013    0.002258
Iteration: 155 bestvalit: 0.004314 bestmemit:   16.995948   -2.890201    1.000000    0.019113    0.006996
Iteration: 156 bestvalit: 0.004314 bestmemit:   16.995948   -2.890201    1.000000    0.019113    0.006996
Iteration: 157 bestvalit: 0.004314 bestmemit:   16.995948   -2.890201    1.000000    0.019113    0.006996
Iteration: 158 bestvalit: 0.004314 bestmemit:   16.716367   -2.711409    1.000000    0.018275    0.009112
Iteration: 159 bestvalit: 0.004314 bestmemit:   16.743921   -2.745239    1.000000    0.017225    0.008408
Iteration: 160 bestvalit: 0.004314 bestmemit:   16.743921   -2.745239    1.000000    0.017225    0.008408
Iteration: 161 bestvalit: 0.004314 bestmemit:   16.743921   -2.745239    1.000000    0.017225    0.008408
Iteration: 162 bestvalit: 0.004314 bestmemit:   16.743921   -2.745239    1.000000    0.017225    0.008408
Iteration: 163 bestvalit: 0.004314 bestmemit:   16.743921   -2.745239    1.000000    0.017225    0.008408
Iteration: 164 bestvalit: 0.004314 bestmemit:   16.743921   -2.745239    1.000000    0.017225    0.008408
Iteration: 165 bestvalit: 0.004314 bestmemit:   16.743921   -2.745239    1.000000    0.017225    0.008408
Iteration: 166 bestvalit: 0.004314 bestmemit:   17.000291   -2.961122    1.000000    0.007063    0.013717
Iteration: 167 bestvalit: 0.004314 bestmemit:   17.000291   -2.961122    1.000000    0.007063    0.013717
Iteration: 168 bestvalit: 0.004314 bestmemit:   17.000291   -2.961122    1.000000    0.007063    0.013717
Iteration: 169 bestvalit: 0.004314 bestmemit:   17.000291   -2.961122    1.000000    0.007063    0.013717
Iteration: 170 bestvalit: 0.004314 bestmemit:   17.000291   -2.961122    1.000000    0.007063    0.013717
Iteration: 171 bestvalit: 0.004314 bestmemit:   16.855063   -2.821501    1.000000    0.001353    0.009914
Iteration: 172 bestvalit: 0.004314 bestmemit:   16.855063   -2.821501    1.000000    0.001353    0.009914
Iteration: 173 bestvalit: 0.004314 bestmemit:   16.877106   -2.845275    1.000000    0.001353    0.009914
Iteration: 174 bestvalit: 0.004314 bestmemit:   16.877106   -2.845275    1.000000    0.001353    0.009914
Iteration: 175 bestvalit: 0.004314 bestmemit:   16.877106   -2.845275    1.000000    0.001353    0.009914
Iteration: 176 bestvalit: 0.004314 bestmemit:   16.877106   -2.845275    1.000000    0.001353    0.009914
Iteration: 177 bestvalit: 0.004314 bestmemit:   16.877106   -2.845275    1.000000    0.001353    0.009914
Iteration: 178 bestvalit: 0.004314 bestmemit:   16.877106   -2.845275    1.000000    0.001353    0.009914
Iteration: 179 bestvalit: 0.004314 bestmemit:   16.877106   -2.845275    1.000000    0.001353    0.009914
Iteration: 180 bestvalit: 0.004314 bestmemit:   16.877106   -2.845275    1.000000    0.001353    0.009914
Iteration: 181 bestvalit: 0.004314 bestmemit:   16.877106   -2.845275    1.000000    0.001353    0.009914
Iteration: 182 bestvalit: 0.004314 bestmemit:   16.877106   -2.845275    1.000000    0.001353    0.009914
Iteration: 183 bestvalit: 0.004314 bestmemit:   16.877106   -2.845275    1.000000    0.001353    0.009914
Iteration: 184 bestvalit: 0.004314 bestmemit:   16.877106   -2.845275    1.000000    0.001353    0.009914
Iteration: 185 bestvalit: 0.004314 bestmemit:   16.877106   -2.845275    1.000000    0.001353    0.009914
Iteration: 186 bestvalit: 0.004314 bestmemit:   16.877106   -2.845275    1.000000    0.001353    0.009914
Iteration: 187 bestvalit: 0.004314 bestmemit:   16.877106   -2.845275    1.000000    0.001353    0.009914
Iteration: 188 bestvalit: 0.004314 bestmemit:   16.877106   -2.845275    1.000000    0.001353    0.009914
Iteration: 189 bestvalit: 0.004314 bestmemit:   16.877106   -2.845275    1.000000    0.001353    0.009914
Iteration: 190 bestvalit: 0.004314 bestmemit:   16.877106   -2.845275    1.000000    0.001353    0.009914
Iteration: 191 bestvalit: 0.004314 bestmemit:   16.877106   -2.845275    1.000000    0.001353    0.009914
Iteration: 192 bestvalit: 0.004314 bestmemit:   16.877106   -2.845275    1.000000    0.001353    0.009914
Iteration: 193 bestvalit: 0.004314 bestmemit:   16.877106   -2.845275    1.000000    0.001353    0.009914
Iteration: 194 bestvalit: 0.004314 bestmemit:   16.877106   -2.845275    1.000000    0.001353    0.009914
Iteration: 195 bestvalit: 0.004314 bestmemit:   16.877106   -2.845275    1.000000    0.001353    0.009914
Iteration: 196 bestvalit: 0.004314 bestmemit:   16.877106   -2.845275    1.000000    0.001174    0.009914
Iteration: 197 bestvalit: 0.004314 bestmemit:   16.836266   -2.817155    1.000000    0.000228    0.010210
Iteration: 198 bestvalit: 0.004314 bestmemit:   16.836266   -2.817155    1.000000    0.000228    0.010210
Iteration: 199 bestvalit: 0.004314 bestmemit:   16.836266   -2.817155    1.000000    0.000228    0.010210
Iteration: 200 bestvalit: 0.004314 bestmemit:   16.836266   -2.817155    1.000000    0.000228    0.010210
Iteration: 201 bestvalit: 0.004314 bestmemit:   16.836266   -2.817155    1.000000    0.000228    0.010210
Iteration: 202 bestvalit: 0.004314 bestmemit:   16.836266   -2.817155    1.000000    0.000228    0.010210
Iteration: 203 bestvalit: 0.004314 bestmemit:   16.836266   -2.817155    1.000000    0.000228    0.010210
Iteration: 204 bestvalit: 0.004314 bestmemit:   16.836266   -2.817155    1.000000    0.000228    0.010210
Iteration: 205 bestvalit: 0.004314 bestmemit:   16.836266   -2.817155    1.000000    0.000228    0.010210
Iteration: 206 bestvalit: 0.004314 bestmemit:   16.850007   -2.833665    1.000000    0.001201    0.010887
Iteration: 207 bestvalit: 0.004314 bestmemit:   16.850007   -2.833665    1.000000    0.001201    0.010887
Iteration: 208 bestvalit: 0.004314 bestmemit:   16.850007   -2.833665    1.000000    0.001201    0.010887
Iteration: 209 bestvalit: 0.004314 bestmemit:   16.850007   -2.833665    1.000000    0.001201    0.010887
Iteration: 210 bestvalit: 0.004314 bestmemit:   16.850007   -2.833665    1.000000    0.001201    0.010887
Iteration: 211 bestvalit: 0.004314 bestmemit:   16.850007   -2.833665    1.000000    0.001201    0.010887
Iteration: 212 bestvalit: 0.004314 bestmemit:   16.850007   -2.833665    1.000000    0.001201    0.010887
Iteration: 213 bestvalit: 0.004314 bestmemit:   16.872332   -2.855579    1.000000    0.000751    0.011775
Iteration: 214 bestvalit: 0.004314 bestmemit:   16.872332   -2.855579    1.000000    0.000751    0.011775
Iteration: 215 bestvalit: 0.004314 bestmemit:   16.872332   -2.855579    1.000000    0.000751    0.011775
Iteration: 216 bestvalit: 0.004314 bestmemit:   16.872332   -2.855579    1.000000    0.000751    0.011775
Iteration: 217 bestvalit: 0.004314 bestmemit:   16.872332   -2.855579    1.000000    0.000751    0.011775
Iteration: 218 bestvalit: 0.004314 bestmemit:   16.872332   -2.855579    1.000000    0.000751    0.011775
Iteration: 219 bestvalit: 0.004314 bestmemit:   16.872332   -2.855579    1.000000    0.000751    0.011775
Iteration: 220 bestvalit: 0.004314 bestmemit:   16.872332   -2.855579    1.000000    0.000751    0.011775
Iteration: 221 bestvalit: 0.004314 bestmemit:   16.872332   -2.855579    1.000000    0.000004    0.011775
Iteration: 222 bestvalit: 0.004314 bestmemit:   16.872332   -2.855579    1.000000    0.000004    0.011775
Iteration: 223 bestvalit: 0.004314 bestmemit:   16.872332   -2.855579    1.000000    0.000004    0.011775
Iteration: 224 bestvalit: 0.004314 bestmemit:   16.872332   -2.855579    1.000000    0.000004    0.011775
Iteration: 225 bestvalit: 0.004314 bestmemit:   16.872332   -2.855579    1.000000    0.000004    0.011775
Iteration: 226 bestvalit: 0.004314 bestmemit:   16.872332   -2.855579    1.000000    0.000004    0.011775
Iteration: 227 bestvalit: 0.004314 bestmemit:   16.872332   -2.855579    1.000000    0.000004    0.011775
Iteration: 228 bestvalit: 0.004314 bestmemit:   16.872332   -2.855579    1.000000    0.000004    0.011775
Iteration: 229 bestvalit: 0.004314 bestmemit:   16.872332   -2.855579    1.000000    0.000004    0.011775
Iteration: 230 bestvalit: 0.004314 bestmemit:   16.872332   -2.855579    1.000000    0.000004    0.011775
Iteration: 231 bestvalit: 0.004314 bestmemit:   16.853523   -2.843412    1.000000    0.000029    0.011541
Iteration: 232 bestvalit: 0.004314 bestmemit:   16.853523   -2.843412    1.000000    0.000029    0.011541
Iteration: 233 bestvalit: 0.004314 bestmemit:   16.871811   -2.855136    1.000000    0.000156    0.011388
Iteration: 234 bestvalit: 0.004314 bestmemit:   16.871811   -2.855136    1.000000    0.000156    0.011388
Iteration: 235 bestvalit: 0.004314 bestmemit:   16.871811   -2.855136    1.000000    0.000156    0.011388
Iteration: 236 bestvalit: 0.004314 bestmemit:   16.882006   -2.861857    1.000000    0.000025    0.011088
Iteration: 237 bestvalit: 0.004314 bestmemit:   16.882006   -2.861857    1.000000    0.000009    0.011088
Iteration: 238 bestvalit: 0.004314 bestmemit:   16.882006   -2.861857    1.000000    0.000009    0.011088
Iteration: 239 bestvalit: 0.004314 bestmemit:   16.879521   -2.862683    1.000000    0.000015    0.011432
Iteration: 240 bestvalit: 0.004314 bestmemit:   16.879521   -2.862683    1.000000    0.000015    0.011432
Iteration: 241 bestvalit: 0.004314 bestmemit:   16.879521   -2.862683    1.000000    0.000015    0.011432
Iteration: 242 bestvalit: 0.004314 bestmemit:   16.879521   -2.862683    1.000000    0.000015    0.011432
Iteration: 243 bestvalit: 0.004314 bestmemit:   16.879521   -2.862683    1.000000    0.000015    0.011432
Iteration: 244 bestvalit: 0.004314 bestmemit:   16.879521   -2.862683    1.000000    0.000015    0.011432
Iteration: 245 bestvalit: 0.004314 bestmemit:   16.877844   -2.860302    1.000000    0.000010    0.011417
Iteration: 246 bestvalit: 0.004314 bestmemit:   16.877844   -2.860302    1.000000    0.000010    0.011417
Iteration: 247 bestvalit: 0.004314 bestmemit:   16.879521   -2.862683    1.000000    0.000002    0.011432
Iteration: 248 bestvalit: 0.004314 bestmemit:   16.879521   -2.862683    1.000000    0.000002    0.011432
Iteration: 249 bestvalit: 0.004314 bestmemit:   16.879521   -2.862683    1.000000    0.000002    0.011432
Iteration: 250 bestvalit: 0.004314 bestmemit:   16.879521   -2.862683    1.000000    0.000002    0.011432
Iteration: 251 bestvalit: 0.004314 bestmemit:   16.879521   -2.862683    1.000000    0.000002    0.011432
Iteration: 252 bestvalit: 0.004314 bestmemit:   16.879521   -2.862683    1.000000    0.000002    0.011432
Iteration: 253 bestvalit: 0.004314 bestmemit:   16.879521   -2.862683    1.000000    0.000002    0.011432
Iteration: 254 bestvalit: 0.004314 bestmemit:   16.879521   -2.862683    1.000000    0.000002    0.011432
Iteration: 255 bestvalit: 0.004314 bestmemit:   16.879521   -2.862683    1.000000    0.000002    0.011432
Iteration: 256 bestvalit: 0.004314 bestmemit:   16.879521   -2.862683    1.000000    0.000002    0.011432
Iteration: 257 bestvalit: 0.004314 bestmemit:   16.879521   -2.862683    1.000000    0.000002    0.011432
Iteration: 258 bestvalit: 0.004314 bestmemit:   16.879521   -2.862683    1.000000    0.000002    0.011432
Iteration: 259 bestvalit: 0.004314 bestmemit:   16.879521   -2.862683    1.000000    0.000002    0.011432
Iteration: 260 bestvalit: 0.004314 bestmemit:   16.879521   -2.862683    1.000000    0.000002    0.011432
Iteration: 261 bestvalit: 0.004314 bestmemit:   16.879521   -2.862683    1.000000    0.000002    0.011432
Iteration: 262 bestvalit: 0.004314 bestmemit:   16.879521   -2.862683    1.000000    0.000002    0.011432
Iteration: 263 bestvalit: 0.004314 bestmemit:   16.874023   -2.858488    1.000000    0.000001    0.011426
Iteration: 264 bestvalit: 0.004314 bestmemit:   16.874023   -2.858488    1.000000    0.000001    0.011426
Iteration: 265 bestvalit: 0.004314 bestmemit:   16.874023   -2.858488    1.000000    0.000001    0.011426
Iteration: 266 bestvalit: 0.004314 bestmemit:   16.874023   -2.858488    1.000000    0.000001    0.011426
Iteration: 267 bestvalit: 0.004314 bestmemit:   16.874023   -2.858488    1.000000    0.000001    0.011426
Iteration: 268 bestvalit: 0.004314 bestmemit:   16.874023   -2.858488    1.000000    0.000001    0.011426
Iteration: 269 bestvalit: 0.004314 bestmemit:   16.874023   -2.858488    1.000000    0.000001    0.011426
Iteration: 270 bestvalit: 0.004314 bestmemit:   16.874023   -2.858488    1.000000    0.000001    0.011426
Iteration: 271 bestvalit: 0.004314 bestmemit:   16.874023   -2.858488    1.000000    0.000001    0.011426
Iteration: 272 bestvalit: 0.004314 bestmemit:   16.874023   -2.858488    1.000000    0.000001    0.011426
Iteration: 273 bestvalit: 0.004314 bestmemit:   16.874023   -2.858488    1.000000    0.000001    0.011426
Iteration: 274 bestvalit: 0.004314 bestmemit:   16.874023   -2.858488    1.000000    0.000001    0.011426
Iteration: 275 bestvalit: 0.004314 bestmemit:   16.874023   -2.858488    1.000000    0.000001    0.011426
Iteration: 276 bestvalit: 0.004314 bestmemit:   16.874023   -2.858488    1.000000    0.000001    0.011426
Iteration: 277 bestvalit: 0.004314 bestmemit:   16.874023   -2.858488    1.000000    0.000001    0.011426
Iteration: 278 bestvalit: 0.004314 bestmemit:   16.874023   -2.858488    1.000000    0.000001    0.011426
Iteration: 279 bestvalit: 0.004314 bestmemit:   16.874023   -2.858488    1.000000    0.000001    0.011426
Iteration: 280 bestvalit: 0.004314 bestmemit:   16.874023   -2.858488    1.000000    0.000001    0.011426
Iteration: 281 bestvalit: 0.004314 bestmemit:   16.874023   -2.858488    1.000000    0.000001    0.011426
Iteration: 282 bestvalit: 0.004314 bestmemit:   16.874023   -2.858488    1.000000    0.000001    0.011426
Iteration: 283 bestvalit: 0.004314 bestmemit:   16.876401   -2.859559    1.000000    0.000003    0.011377
Iteration: 284 bestvalit: 0.004314 bestmemit:   16.876401   -2.859559    1.000000    0.000003    0.011377
Iteration: 285 bestvalit: 0.004314 bestmemit:   16.877007   -2.860266    1.000000    0.000001    0.011399
Iteration: 286 bestvalit: 0.004314 bestmemit:   16.877007   -2.860266    1.000000    0.000001    0.011399
Iteration: 287 bestvalit: 0.004314 bestmemit:   16.877007   -2.860266    1.000000    0.000001    0.011399
Iteration: 288 bestvalit: 0.004314 bestmemit:   16.877007   -2.860266    1.000000    0.000001    0.011399
Iteration: 289 bestvalit: 0.004314 bestmemit:   16.877007   -2.860266    1.000000    0.000001    0.011399
Iteration: 290 bestvalit: 0.004314 bestmemit:   16.877007   -2.860266    1.000000    0.000001    0.011399
Iteration: 291 bestvalit: 0.004314 bestmemit:   16.877007   -2.860266    1.000000    0.000001    0.011399
Iteration: 292 bestvalit: 0.004314 bestmemit:   16.877007   -2.860266    1.000000    0.000001    0.011399
Iteration: 293 bestvalit: 0.004314 bestmemit:   16.876401   -2.859559    1.000000    0.000001    0.011379
Iteration: 294 bestvalit: 0.004314 bestmemit:   16.876401   -2.859559    1.000000    0.000001    0.011379
Iteration: 295 bestvalit: 0.004314 bestmemit:   16.876401   -2.859559    1.000000    0.000001    0.011379
Iteration: 296 bestvalit: 0.004314 bestmemit:   16.876401   -2.859559    1.000000    0.000001    0.011379
Iteration: 297 bestvalit: 0.004314 bestmemit:   16.876401   -2.859559    1.000000    0.000001    0.011379
Iteration: 298 bestvalit: 0.004314 bestmemit:   16.876401   -2.859559    1.000000    0.000001    0.011379
Iteration: 299 bestvalit: 0.004314 bestmemit:   16.876401   -2.859559    1.000000    0.000001    0.011379
Iteration: 300 bestvalit: 0.004314 bestmemit:   16.877056   -2.860497    1.000000    0.000000    0.011421
Iteration: 301 bestvalit: 0.004314 bestmemit:   16.877056   -2.860497    1.000000    0.000000    0.011421
Iteration: 302 bestvalit: 0.004314 bestmemit:   16.876144   -2.859576    1.000000    0.000000    0.011398
Iteration: 303 bestvalit: 0.004314 bestmemit:   16.876144   -2.859576    1.000000    0.000000    0.011398
Iteration: 304 bestvalit: 0.004314 bestmemit:   16.876144   -2.859576    1.000000    0.000000    0.011398
Iteration: 305 bestvalit: 0.004314 bestmemit:   16.876144   -2.859576    1.000000    0.000000    0.011398
Iteration: 306 bestvalit: 0.004314 bestmemit:   16.876144   -2.859576    1.000000    0.000000    0.011398
Iteration: 307 bestvalit: 0.004314 bestmemit:   16.876144   -2.859576    1.000000    0.000000    0.011398
Iteration: 308 bestvalit: 0.004314 bestmemit:   16.876144   -2.859576    1.000000    0.000000    0.011398
Iteration: 309 bestvalit: 0.004314 bestmemit:   16.876144   -2.859576    1.000000    0.000000    0.011398
Iteration: 310 bestvalit: 0.004314 bestmemit:   16.876144   -2.859576    1.000000    0.000000    0.011398

***** summary of DEoptim object ***** 
best member   :  16.87614 -2.85958 1 0 0.0114 
best value    :  0.00431 
after         :  310 generations 
fn evaluated  :  622 times 
*************************************
