SLURM_JOB_ID: 55403007
SLURM_JOB_USER: vsc34066
SLURM_JOB_ACCOUNT: lp_desenderlab
SLURM_JOB_NAME: par_recov_alternating_fb_sim_alpha_learn.slurm
SLURM_CLUSTER_NAME: genius
SLURM_JOB_PARTITION: batch
SLURM_ARRAY_JOB_ID: 55402977
SLURM_ARRAY_TASK_ID: 30
SLURM_NNODES: 1
SLURM_NODELIST: r22i27n19
SLURM_JOB_CPUS_PER_NODE: 8
Date: Sun Dec  3 23:43:51 CET 2023
Walltime: 01-06:00:00
========================================================================
Iteration: 1 bestvalit: 0.065476 bestmemit:    6.687237  -55.870253    1.000000  862.922636 9245.279583
Iteration: 2 bestvalit: 0.065476 bestmemit:    6.687237  -55.870253    1.000000  862.922636 9245.279583
Iteration: 3 bestvalit: 0.065476 bestmemit:    6.687237  -55.870253    1.000000  862.922636 9245.279583
Iteration: 4 bestvalit: 0.065476 bestmemit:    6.687237  -55.870253    1.000000  862.922636 9245.279583
Iteration: 5 bestvalit: 0.063443 bestmemit:   13.544742  -98.935758    1.000000 1441.941569 7724.901554
Iteration: 6 bestvalit: 0.063443 bestmemit:   13.544742  -98.935758    1.000000 1441.941569 7724.901554
Iteration: 7 bestvalit: 0.063443 bestmemit:   13.544742  -98.935758    1.000000 1441.941569 7724.901554
Iteration: 8 bestvalit: 0.063443 bestmemit:   13.544742  -98.935758    1.000000 1441.941569 7724.901554
Iteration: 9 bestvalit: 0.063443 bestmemit:   13.544742  -98.935758    1.000000 1441.941569 7724.901554
Iteration: 10 bestvalit: 0.063443 bestmemit:   13.544742  -98.935758    1.000000 1441.941569 7724.901554
Iteration: 11 bestvalit: 0.057425 bestmemit:   28.665638  -82.646738    1.000000    7.110636 2227.094004
Iteration: 12 bestvalit: 0.057425 bestmemit:   28.665638  -82.646738    1.000000    7.110636 2227.094004
Iteration: 13 bestvalit: 0.057425 bestmemit:   28.665638  -82.646738    1.000000    7.110636 2227.094004
Iteration: 14 bestvalit: 0.040946 bestmemit:   41.822603  -72.689103    1.000000  155.327131   31.787362
Iteration: 15 bestvalit: 0.040946 bestmemit:   41.822603  -72.689103    1.000000  155.327131   31.787362
Iteration: 16 bestvalit: 0.040946 bestmemit:   41.822603  -72.689103    1.000000  155.327131   31.787362
Iteration: 17 bestvalit: 0.030400 bestmemit:   40.868990  -64.172598    1.000000   17.235172  616.895307
Iteration: 18 bestvalit: 0.030400 bestmemit:   40.868990  -64.172598    1.000000   17.235172  616.895307
Iteration: 19 bestvalit: 0.030400 bestmemit:   40.868990  -64.172598    1.000000   17.235172  616.895307
Iteration: 20 bestvalit: 0.030400 bestmemit:   40.868990  -64.172598    1.000000   17.235172  616.895307
Iteration: 21 bestvalit: 0.030400 bestmemit:   40.868990  -64.172598    1.000000   17.235172  616.895307
Iteration: 22 bestvalit: 0.030400 bestmemit:   40.868990  -64.172598    1.000000   17.235172  616.895307
Iteration: 23 bestvalit: 0.030372 bestmemit:   40.868990  -61.858564    1.000000   17.235172  616.895307
Iteration: 24 bestvalit: 0.030372 bestmemit:   40.868990  -61.858564    1.000000   17.235172  616.895307
Iteration: 25 bestvalit: 0.021745 bestmemit:   26.188155  -82.868804    1.000000    3.072213  639.454422
Iteration: 26 bestvalit: 0.021745 bestmemit:   26.188155  -82.868804    1.000000    3.072213  639.454422
Iteration: 27 bestvalit: 0.018520 bestmemit:   41.304902  -82.868804    1.000000    3.072213  639.454422
Iteration: 28 bestvalit: 0.018520 bestmemit:   41.304902  -82.868804    1.000000    3.072213  639.454422
Iteration: 29 bestvalit: 0.018520 bestmemit:   41.304902  -82.868804    1.000000    3.072213  639.454422
Iteration: 30 bestvalit: 0.018520 bestmemit:   41.304902  -82.868804    1.000000    3.072213  639.454422
Iteration: 31 bestvalit: 0.018520 bestmemit:   41.304902  -82.868804    1.000000    3.072213  639.454422
Iteration: 32 bestvalit: 0.018520 bestmemit:   41.304902  -82.868804    1.000000    3.072213  639.454422
Iteration: 33 bestvalit: 0.018520 bestmemit:   41.304902  -82.868804    1.000000    3.072213  639.454422
Iteration: 34 bestvalit: 0.017856 bestmemit:   30.787449  -93.347195    1.000000    2.117719  521.993622
Iteration: 35 bestvalit: 0.017856 bestmemit:   30.787449  -93.347195    1.000000    2.117719  521.993622
Iteration: 36 bestvalit: 0.017728 bestmemit:   30.787449  -75.126011    1.000000    2.117719  521.993622
Iteration: 37 bestvalit: 0.017728 bestmemit:   30.787449  -75.126011    1.000000    2.117719  521.993622
Iteration: 38 bestvalit: 0.017728 bestmemit:   30.787449  -75.126011    1.000000    2.117719  521.993622
Iteration: 39 bestvalit: 0.017250 bestmemit:   30.787449  -30.636237    1.000000    2.117719  521.993622
Iteration: 40 bestvalit: 0.017250 bestmemit:   30.787449  -30.636237    1.000000    2.117719  521.993622
Iteration: 41 bestvalit: 0.014234 bestmemit:   28.814923   53.368669    1.000000   11.173135   26.779862
Iteration: 42 bestvalit: 0.014234 bestmemit:   28.814923   53.368669    1.000000   11.173135   26.779862
Iteration: 43 bestvalit: 0.014234 bestmemit:   28.814923   53.368669    1.000000   11.173135   26.779862
Iteration: 44 bestvalit: 0.014234 bestmemit:   28.814923   53.368669    1.000000   11.173135   26.779862
Iteration: 45 bestvalit: 0.012734 bestmemit:   30.787449  -30.636237    1.000000    2.117719   48.267030
Iteration: 46 bestvalit: 0.012734 bestmemit:   30.787449  -30.636237    1.000000    2.117719   48.267030
Iteration: 47 bestvalit: 0.012734 bestmemit:   30.787449  -30.636237    1.000000    2.117719   48.267030
Iteration: 48 bestvalit: 0.011505 bestmemit:   25.026395    9.820728    1.000000    1.959917   18.204055
Iteration: 49 bestvalit: 0.011505 bestmemit:   25.026395    9.820728    1.000000    1.959917   18.204055
Iteration: 50 bestvalit: 0.011505 bestmemit:   25.026395    9.820728    1.000000    1.959917   18.204055
Iteration: 51 bestvalit: 0.011505 bestmemit:   25.026395    9.820728    1.000000    1.959917   18.204055
Iteration: 52 bestvalit: 0.011505 bestmemit:   25.026395    9.820728    1.000000    1.959917   18.204055
Iteration: 53 bestvalit: 0.011505 bestmemit:   25.026395    9.820728    1.000000    1.959917   18.204055
Iteration: 54 bestvalit: 0.011505 bestmemit:   25.026395    9.820728    1.000000    1.959917   18.204055
Iteration: 55 bestvalit: 0.011505 bestmemit:   25.026395    9.820728    1.000000    1.959917   18.204055
Iteration: 56 bestvalit: 0.011505 bestmemit:   25.026395    9.820728    1.000000    1.959917   18.204055
Iteration: 57 bestvalit: 0.011505 bestmemit:   25.026395    9.820728    1.000000    1.959917   18.204055
Iteration: 58 bestvalit: 0.010962 bestmemit:   22.045612  -11.417727    1.000000    2.837187   18.436532
Iteration: 59 bestvalit: 0.009486 bestmemit:   25.916519   -3.761425    1.000000    5.131357    5.467191
Iteration: 60 bestvalit: 0.009486 bestmemit:   25.916519   -3.761425    1.000000    5.131357    5.467191
Iteration: 61 bestvalit: 0.009486 bestmemit:   25.916519   -3.761425    1.000000    5.131357    5.467191
Iteration: 62 bestvalit: 0.009471 bestmemit:   25.916519   -4.421775    1.000000    5.131357    5.467191
Iteration: 63 bestvalit: 0.009471 bestmemit:   25.916519   -4.421775    1.000000    5.131357    5.467191
Iteration: 64 bestvalit: 0.009471 bestmemit:   25.916519   -4.421775    1.000000    5.131357    5.467191
Iteration: 65 bestvalit: 0.009471 bestmemit:   25.916519   -4.421775    1.000000    5.131357    5.467191
Iteration: 66 bestvalit: 0.008797 bestmemit:   25.359410   -2.913785    1.000000    4.548494    3.227549
Iteration: 67 bestvalit: 0.008797 bestmemit:   25.359410   -2.913785    1.000000    4.548494    3.227549
Iteration: 68 bestvalit: 0.008767 bestmemit:   29.354190    2.794493    1.000000    2.419228    1.172235
Iteration: 69 bestvalit: 0.008767 bestmemit:   29.354190    2.794493    1.000000    2.419228    1.172235
Iteration: 70 bestvalit: 0.008502 bestmemit:   29.354190    2.794493    1.000000    3.455048    1.172235
Iteration: 71 bestvalit: 0.008502 bestmemit:   29.354190    2.794493    1.000000    3.455048    1.172235
Iteration: 72 bestvalit: 0.008207 bestmemit:   21.243797   -4.536584    1.000000    1.691182    1.176683
Iteration: 73 bestvalit: 0.008207 bestmemit:   21.243797   -4.536584    1.000000    1.691182    1.176683
Iteration: 74 bestvalit: 0.008132 bestmemit:   23.440811   -4.536584    1.000000    1.691182    1.176683
Iteration: 75 bestvalit: 0.008132 bestmemit:   23.440811   -4.536584    1.000000    1.691182    1.176683
Iteration: 76 bestvalit: 0.008132 bestmemit:   23.440811   -4.536584    1.000000    1.691182    1.176683
Iteration: 77 bestvalit: 0.008132 bestmemit:   23.440811   -4.536584    1.000000    1.691182    1.176683
Iteration: 78 bestvalit: 0.008084 bestmemit:   23.440811   -3.101066    1.000000    1.691182    1.176683
Iteration: 79 bestvalit: 0.008084 bestmemit:   23.440811   -3.101066    1.000000    1.691182    1.176683
Iteration: 80 bestvalit: 0.008084 bestmemit:   23.440811   -3.101066    1.000000    1.691182    1.176683
Iteration: 81 bestvalit: 0.008045 bestmemit:   24.955577   -0.575754    1.000000    1.165140    0.697653
Iteration: 82 bestvalit: 0.008016 bestmemit:   23.349644   -1.174627    1.000000    2.260050    1.172235
Iteration: 83 bestvalit: 0.008016 bestmemit:   23.349644   -1.174627    1.000000    2.260050    1.172235
Iteration: 84 bestvalit: 0.008016 bestmemit:   23.349644   -1.174627    1.000000    2.260050    1.172235
Iteration: 85 bestvalit: 0.008016 bestmemit:   23.349644   -1.174627    1.000000    2.260050    1.172235
Iteration: 86 bestvalit: 0.008016 bestmemit:   23.349644   -1.174627    1.000000    2.260050    1.172235
Iteration: 87 bestvalit: 0.008016 bestmemit:   23.349644   -1.174627    1.000000    2.260050    1.172235
Iteration: 88 bestvalit: 0.008016 bestmemit:   23.349644   -1.174627    1.000000    2.260050    1.172235
Iteration: 89 bestvalit: 0.008013 bestmemit:   23.349644   -1.174627    1.000000    2.357561    1.172235
Iteration: 90 bestvalit: 0.008013 bestmemit:   23.349644   -1.174627    1.000000    2.357561    1.172235
Iteration: 91 bestvalit: 0.007988 bestmemit:   24.606397   -2.102291    1.000000    1.274061    0.692310
Iteration: 92 bestvalit: 0.007967 bestmemit:   19.844865   -0.160600    1.000000    1.274061    0.692310
Iteration: 93 bestvalit: 0.007953 bestmemit:   19.844865   -0.160600    1.000000    1.274061    0.788021
Iteration: 94 bestvalit: 0.007953 bestmemit:   19.844865   -0.160600    1.000000    1.272270    0.788021
Iteration: 95 bestvalit: 0.007953 bestmemit:   19.844865   -0.160600    1.000000    1.272270    0.788021
Iteration: 96 bestvalit: 0.007953 bestmemit:   19.844865   -0.160600    1.000000    1.272270    0.788021
Iteration: 97 bestvalit: 0.007951 bestmemit:   19.915666   -0.160600    1.000000    1.272270    0.788021
Iteration: 98 bestvalit: 0.007951 bestmemit:   19.915666   -0.160600    1.000000    1.272270    0.788021
Iteration: 99 bestvalit: 0.007941 bestmemit:   19.915666    1.615294    1.000000    1.272270    0.788021
Iteration: 100 bestvalit: 0.007941 bestmemit:   19.915666    1.615294    1.000000    1.272270    0.788021
Iteration: 101 bestvalit: 0.007941 bestmemit:   19.915666    1.615294    1.000000    1.272270    0.788021
Iteration: 102 bestvalit: 0.007925 bestmemit:   22.221678    0.103848    1.000000    1.514008    0.570890
Iteration: 103 bestvalit: 0.007925 bestmemit:   22.221678    0.103848    1.000000    1.514008    0.570890
Iteration: 104 bestvalit: 0.007925 bestmemit:   22.221678    0.103848    1.000000    1.514008    0.570890
Iteration: 105 bestvalit: 0.007906 bestmemit:   22.221678    0.724966    1.000000    1.514008    0.570890
Iteration: 106 bestvalit: 0.007906 bestmemit:   22.221678    0.724966    1.000000    1.514008    0.570890
Iteration: 107 bestvalit: 0.007906 bestmemit:   22.221678    0.724966    1.000000    1.514008    0.570890
Iteration: 108 bestvalit: 0.007906 bestmemit:   22.221678    0.724966    1.000000    1.514008    0.570890
Iteration: 109 bestvalit: 0.007902 bestmemit:   19.410247    2.288103    1.000000    1.239410    0.561853
Iteration: 110 bestvalit: 0.007902 bestmemit:   19.410247    2.288103    1.000000    1.239410    0.561853
Iteration: 111 bestvalit: 0.007889 bestmemit:   19.410247    2.288103    1.000000    1.004354    0.482214
Iteration: 112 bestvalit: 0.007889 bestmemit:   19.410247    2.288103    1.000000    1.004354    0.482214
Iteration: 113 bestvalit: 0.007889 bestmemit:   19.410247    2.288103    1.000000    1.004354    0.482214
Iteration: 114 bestvalit: 0.007889 bestmemit:   19.410247    2.288103    1.000000    1.004354    0.482214
Iteration: 115 bestvalit: 0.007889 bestmemit:   19.410247    2.288103    1.000000    1.004354    0.482214
Iteration: 116 bestvalit: 0.007889 bestmemit:   19.410247    2.288103    1.000000    1.004354    0.482214
Iteration: 117 bestvalit: 0.007889 bestmemit:   19.410247    2.288103    1.000000    1.004354    0.482214
Iteration: 118 bestvalit: 0.007889 bestmemit:   19.410247    2.288103    1.000000    1.004354    0.482214
Iteration: 119 bestvalit: 0.007889 bestmemit:   19.410247    2.288103    1.000000    1.004354    0.482214
Iteration: 120 bestvalit: 0.007889 bestmemit:   19.410247    2.288103    1.000000    1.004354    0.482214
Iteration: 121 bestvalit: 0.007889 bestmemit:   19.410247    2.288103    1.000000    1.004354    0.482214
Iteration: 122 bestvalit: 0.007889 bestmemit:   19.410247    2.288103    1.000000    1.004354    0.482214
Iteration: 123 bestvalit: 0.007889 bestmemit:   19.410247    2.288103    1.000000    1.004354    0.482214
Iteration: 124 bestvalit: 0.007889 bestmemit:   19.410247    2.288103    1.000000    1.004354    0.482214
Iteration: 125 bestvalit: 0.007889 bestmemit:   19.410247    2.288103    1.000000    1.004354    0.482214
Iteration: 126 bestvalit: 0.007889 bestmemit:   19.410247    2.288103    1.000000    1.004354    0.482214
Iteration: 127 bestvalit: 0.007889 bestmemit:   19.410247    2.288103    1.000000    1.004354    0.482214
Iteration: 128 bestvalit: 0.007884 bestmemit:   18.593331    3.782157    1.000000    0.626033    0.268492
Iteration: 129 bestvalit: 0.007884 bestmemit:   18.593331    3.782157    1.000000    0.626033    0.268492
Iteration: 130 bestvalit: 0.007884 bestmemit:   18.593331    3.782157    1.000000    0.626033    0.268492
Iteration: 131 bestvalit: 0.007884 bestmemit:   18.593331    3.782157    1.000000    0.626033    0.268492
Iteration: 132 bestvalit: 0.007884 bestmemit:   18.593331    3.782157    1.000000    0.626033    0.268492
Iteration: 133 bestvalit: 0.007884 bestmemit:   18.593331    3.782157    1.000000    0.626033    0.268492
Iteration: 134 bestvalit: 0.007884 bestmemit:   18.593331    3.782157    1.000000    0.626033    0.268492
Iteration: 135 bestvalit: 0.007883 bestmemit:   18.443240    3.751250    1.000000    0.490621    0.256830
Iteration: 136 bestvalit: 0.007883 bestmemit:   18.443240    3.751250    1.000000    0.490621    0.256830
Iteration: 137 bestvalit: 0.007883 bestmemit:   18.443240    3.751250    1.000000    0.490621    0.256830
Iteration: 138 bestvalit: 0.007883 bestmemit:   18.443240    3.751250    1.000000    0.490621    0.256830
Iteration: 139 bestvalit: 0.007883 bestmemit:   18.443240    3.751250    1.000000    0.490621    0.256830
Iteration: 140 bestvalit: 0.007883 bestmemit:   18.443240    3.751250    1.000000    0.490621    0.256830
Iteration: 141 bestvalit: 0.007883 bestmemit:   18.443240    3.751250    1.000000    0.490621    0.256830
Iteration: 142 bestvalit: 0.007883 bestmemit:   18.443240    3.746135    1.000000    0.490621    0.256830
Iteration: 143 bestvalit: 0.007883 bestmemit:   18.443240    3.746135    1.000000    0.490621    0.256830
Iteration: 144 bestvalit: 0.007883 bestmemit:   18.443240    3.746135    1.000000    0.490621    0.256830
Iteration: 145 bestvalit: 0.007883 bestmemit:   18.443240    3.746135    1.000000    0.490621    0.256830
Iteration: 146 bestvalit: 0.007883 bestmemit:   18.443240    3.746135    1.000000    0.490621    0.256830
Iteration: 147 bestvalit: 0.007883 bestmemit:   18.443240    3.746135    1.000000    0.490621    0.256830
Iteration: 148 bestvalit: 0.007883 bestmemit:   18.443240    3.746135    1.000000    0.490621    0.256830
Iteration: 149 bestvalit: 0.007881 bestmemit:   19.296064    2.929045    1.000000    0.524206    0.291407
Iteration: 150 bestvalit: 0.007881 bestmemit:   19.296064    2.929045    1.000000    0.524206    0.291407
Iteration: 151 bestvalit: 0.007881 bestmemit:   19.296064    2.929045    1.000000    0.524206    0.291407
Iteration: 152 bestvalit: 0.007881 bestmemit:   19.296064    2.929045    1.000000    0.524206    0.291407
Iteration: 153 bestvalit: 0.007881 bestmemit:   19.296064    2.929045    1.000000    0.524206    0.291407
Iteration: 154 bestvalit: 0.007881 bestmemit:   19.296064    2.929045    1.000000    0.524206    0.291407
Iteration: 155 bestvalit: 0.007881 bestmemit:   18.732304    3.329459    1.000000    0.441223    0.252619
Iteration: 156 bestvalit: 0.007881 bestmemit:   18.732304    3.329459    1.000000    0.441223    0.252619
Iteration: 157 bestvalit: 0.007881 bestmemit:   18.732304    3.329459    1.000000    0.441223    0.252619
Iteration: 158 bestvalit: 0.007881 bestmemit:   18.732304    3.329459    1.000000    0.441223    0.252619
Iteration: 159 bestvalit: 0.007881 bestmemit:   18.732304    3.329459    1.000000    0.441223    0.252619
Iteration: 160 bestvalit: 0.007881 bestmemit:   18.732304    3.329459    1.000000    0.441223    0.252619
Iteration: 161 bestvalit: 0.007881 bestmemit:   18.732304    3.329459    1.000000    0.441223    0.252619
Iteration: 162 bestvalit: 0.007881 bestmemit:   18.732304    3.329459    1.000000    0.441223    0.252619
Iteration: 163 bestvalit: 0.007881 bestmemit:   18.732304    3.329459    1.000000    0.441223    0.252619
Iteration: 164 bestvalit: 0.007881 bestmemit:   18.732304    3.329459    1.000000    0.441223    0.252619
Iteration: 165 bestvalit: 0.007881 bestmemit:   18.732304    3.329459    1.000000    0.441223    0.252619
Iteration: 166 bestvalit: 0.007881 bestmemit:   18.732304    3.329459    1.000000    0.441223    0.252619
Iteration: 167 bestvalit: 0.007881 bestmemit:   18.732304    3.329459    1.000000    0.441223    0.252619
Iteration: 168 bestvalit: 0.007881 bestmemit:   18.732304    3.329459    1.000000    0.441223    0.252619
Iteration: 169 bestvalit: 0.007881 bestmemit:   18.732304    3.329459    1.000000    0.441223    0.252619
Iteration: 170 bestvalit: 0.007881 bestmemit:   18.732304    3.329459    1.000000    0.441223    0.252619
Iteration: 171 bestvalit: 0.007881 bestmemit:   18.732304    3.329459    1.000000    0.441223    0.252619
Iteration: 172 bestvalit: 0.007881 bestmemit:   18.732304    3.329459    1.000000    0.441223    0.252619
Iteration: 173 bestvalit: 0.007881 bestmemit:   18.732304    3.329459    1.000000    0.441223    0.252619
Iteration: 174 bestvalit: 0.007881 bestmemit:   18.732304    3.329459    1.000000    0.441223    0.252619
Iteration: 175 bestvalit: 0.007881 bestmemit:   18.830069    3.428800    1.000000    0.506477    0.255056
Iteration: 176 bestvalit: 0.007881 bestmemit:   18.830069    3.428800    1.000000    0.506477    0.255056
Iteration: 177 bestvalit: 0.007881 bestmemit:   18.830069    3.428800    1.000000    0.520778    0.255056
Iteration: 178 bestvalit: 0.007881 bestmemit:   18.830069    3.428800    1.000000    0.520778    0.255056
Iteration: 179 bestvalit: 0.007881 bestmemit:   19.195969    2.929045    1.000000    0.563512    0.291407
Iteration: 180 bestvalit: 0.007881 bestmemit:   19.195969    2.929045    1.000000    0.563512    0.291407
Iteration: 181 bestvalit: 0.007881 bestmemit:   19.195969    2.929045    1.000000    0.563512    0.291407
Iteration: 182 bestvalit: 0.007881 bestmemit:   19.195969    2.929045    1.000000    0.563512    0.291407
Iteration: 183 bestvalit: 0.007881 bestmemit:   19.195969    2.929045    1.000000    0.563512    0.291407
Iteration: 184 bestvalit: 0.007881 bestmemit:   19.195969    2.929045    1.000000    0.563512    0.291407
Iteration: 185 bestvalit: 0.007881 bestmemit:   19.195969    2.929045    1.000000    0.563512    0.291407
Iteration: 186 bestvalit: 0.007880 bestmemit:   18.956016    3.216067    1.000000    0.585320    0.291916
Iteration: 187 bestvalit: 0.007880 bestmemit:   18.956016    3.216067    1.000000    0.585320    0.291916
Iteration: 188 bestvalit: 0.007880 bestmemit:   18.956016    3.216067    1.000000    0.585320    0.291916
Iteration: 189 bestvalit: 0.007880 bestmemit:   18.956016    3.216067    1.000000    0.585320    0.291916
Iteration: 190 bestvalit: 0.007880 bestmemit:   18.956016    3.216067    1.000000    0.585320    0.291916
Iteration: 191 bestvalit: 0.007880 bestmemit:   18.956016    3.216067    1.000000    0.585320    0.291916
Iteration: 192 bestvalit: 0.007880 bestmemit:   18.956016    3.216067    1.000000    0.585320    0.291916
Iteration: 193 bestvalit: 0.007880 bestmemit:   18.956016    3.216067    1.000000    0.585320    0.291916
Iteration: 194 bestvalit: 0.007880 bestmemit:   18.956016    3.216067    1.000000    0.585320    0.291916
Iteration: 195 bestvalit: 0.007880 bestmemit:   18.956016    3.216067    1.000000    0.585320    0.291916
Iteration: 196 bestvalit: 0.007880 bestmemit:   18.956016    3.216067    1.000000    0.585320    0.291916
Iteration: 197 bestvalit: 0.007880 bestmemit:   18.956016    3.216067    1.000000    0.585320    0.291916
Iteration: 198 bestvalit: 0.007880 bestmemit:   18.956016    3.216067    1.000000    0.585320    0.291916
Iteration: 199 bestvalit: 0.007880 bestmemit:   19.195593    2.967404    1.000000    0.610953    0.306561
Iteration: 200 bestvalit: 0.007880 bestmemit:   19.195593    2.967404    1.000000    0.610953    0.306561
Iteration: 201 bestvalit: 0.007880 bestmemit:   19.195593    2.967404    1.000000    0.610953    0.306561
Iteration: 202 bestvalit: 0.007880 bestmemit:   19.195593    2.967404    1.000000    0.610953    0.306561
Iteration: 203 bestvalit: 0.007880 bestmemit:   19.195593    2.967404    1.000000    0.610953    0.306561
Iteration: 204 bestvalit: 0.007880 bestmemit:   19.195593    2.967404    1.000000    0.610953    0.306561
Iteration: 205 bestvalit: 0.007880 bestmemit:   19.195593    2.967404    1.000000    0.610953    0.306561
Iteration: 206 bestvalit: 0.007880 bestmemit:   19.195593    2.967404    1.000000    0.610953    0.306561
Iteration: 207 bestvalit: 0.007880 bestmemit:   19.195593    2.967404    1.000000    0.610953    0.306561
Iteration: 208 bestvalit: 0.007880 bestmemit:   19.195593    2.967404    1.000000    0.610953    0.306561
Iteration: 209 bestvalit: 0.007880 bestmemit:   19.195593    2.967404    1.000000    0.610953    0.306561
Iteration: 210 bestvalit: 0.007880 bestmemit:   19.195593    2.967404    1.000000    0.610953    0.306561
Iteration: 211 bestvalit: 0.007880 bestmemit:   19.195593    2.967404    1.000000    0.610953    0.306561
Iteration: 212 bestvalit: 0.007880 bestmemit:   19.195593    2.967404    1.000000    0.610953    0.306561
Iteration: 213 bestvalit: 0.007880 bestmemit:   19.014060    3.091515    1.000000    0.593802    0.298964
Iteration: 214 bestvalit: 0.007880 bestmemit:   19.014060    3.091515    1.000000    0.593802    0.298964
Iteration: 215 bestvalit: 0.007880 bestmemit:   19.014060    3.091515    1.000000    0.593802    0.298964
Iteration: 216 bestvalit: 0.007880 bestmemit:   19.014060    3.091515    1.000000    0.593802    0.298964
Iteration: 217 bestvalit: 0.007880 bestmemit:   19.163506    3.024629    1.000000    0.596706    0.301103
Iteration: 218 bestvalit: 0.007880 bestmemit:   19.163506    3.024629    1.000000    0.596706    0.301103
Iteration: 219 bestvalit: 0.007880 bestmemit:   19.163506    3.024629    1.000000    0.596706    0.301103
Iteration: 220 bestvalit: 0.007880 bestmemit:   19.163506    3.024629    1.000000    0.596706    0.301103
Iteration: 221 bestvalit: 0.007880 bestmemit:   19.163506    3.024629    1.000000    0.596706    0.301103
Iteration: 222 bestvalit: 0.007880 bestmemit:   19.163506    3.024629    1.000000    0.596706    0.301103
Iteration: 223 bestvalit: 0.007880 bestmemit:   19.163506    3.024629    1.000000    0.596706    0.301103
Iteration: 224 bestvalit: 0.007880 bestmemit:   19.109884    3.096787    1.000000    0.595449    0.293846
Iteration: 225 bestvalit: 0.007880 bestmemit:   18.987255    3.169652    1.000000    0.569991    0.288085
Iteration: 226 bestvalit: 0.007880 bestmemit:   18.987255    3.169652    1.000000    0.569991    0.288085
Iteration: 227 bestvalit: 0.007880 bestmemit:   18.987255    3.169652    1.000000    0.569991    0.288085
Iteration: 228 bestvalit: 0.007880 bestmemit:   19.109884    3.096787    1.000000    0.587272    0.293846
Iteration: 229 bestvalit: 0.007880 bestmemit:   19.109884    3.096787    1.000000    0.587272    0.293846
Iteration: 230 bestvalit: 0.007880 bestmemit:   19.109884    3.096787    1.000000    0.587272    0.293846
Iteration: 231 bestvalit: 0.007880 bestmemit:   19.109884    3.096787    1.000000    0.587272    0.293846
Iteration: 232 bestvalit: 0.007880 bestmemit:   19.109884    3.096787    1.000000    0.587272    0.293846
Iteration: 233 bestvalit: 0.007880 bestmemit:   19.109884    3.096787    1.000000    0.587272    0.293846
Iteration: 234 bestvalit: 0.007880 bestmemit:   19.090179    3.069883    1.000000    0.609943    0.304408
Iteration: 235 bestvalit: 0.007880 bestmemit:   19.090179    3.069883    1.000000    0.609943    0.304408
Iteration: 236 bestvalit: 0.007880 bestmemit:   19.090179    3.069883    1.000000    0.609943    0.304408
Iteration: 237 bestvalit: 0.007880 bestmemit:   19.090179    3.069883    1.000000    0.609943    0.304408
Iteration: 238 bestvalit: 0.007880 bestmemit:   19.090179    3.069883    1.000000    0.609943    0.304408
Iteration: 239 bestvalit: 0.007880 bestmemit:   19.090179    3.069883    1.000000    0.609943    0.304408
Iteration: 240 bestvalit: 0.007880 bestmemit:   19.090179    3.069883    1.000000    0.603134    0.304408
Iteration: 241 bestvalit: 0.007880 bestmemit:   19.090179    3.069883    1.000000    0.603134    0.304408
Iteration: 242 bestvalit: 0.007880 bestmemit:   19.090179    3.069883    1.000000    0.603134    0.304408
Iteration: 243 bestvalit: 0.007880 bestmemit:   19.090179    3.069883    1.000000    0.603134    0.304408
Iteration: 244 bestvalit: 0.007880 bestmemit:   19.090179    3.069883    1.000000    0.603134    0.304408
Iteration: 245 bestvalit: 0.007880 bestmemit:   19.090179    3.069883    1.000000    0.603134    0.304408
Iteration: 246 bestvalit: 0.007880 bestmemit:   19.090179    3.069883    1.000000    0.603134    0.304408
Iteration: 247 bestvalit: 0.007880 bestmemit:   19.090179    3.069883    1.000000    0.603134    0.304408
Iteration: 248 bestvalit: 0.007880 bestmemit:   19.090179    3.069883    1.000000    0.603134    0.304408
Iteration: 249 bestvalit: 0.007880 bestmemit:   19.090179    3.069883    1.000000    0.603134    0.304408
Iteration: 250 bestvalit: 0.007880 bestmemit:   19.090179    3.069883    1.000000    0.603134    0.304408
Iteration: 251 bestvalit: 0.007880 bestmemit:   19.090179    3.069883    1.000000    0.603134    0.304408
Iteration: 252 bestvalit: 0.007880 bestmemit:   19.090179    3.069883    1.000000    0.603134    0.304408
Iteration: 253 bestvalit: 0.007880 bestmemit:   19.090179    3.069883    1.000000    0.603134    0.304408
Iteration: 254 bestvalit: 0.007880 bestmemit:   19.090179    3.069883    1.000000    0.603134    0.304408
Iteration: 255 bestvalit: 0.007880 bestmemit:   19.090179    3.069883    1.000000    0.603134    0.304408
Iteration: 256 bestvalit: 0.007880 bestmemit:   19.090179    3.069883    1.000000    0.603134    0.304408
Iteration: 257 bestvalit: 0.007880 bestmemit:   19.061085    3.097961    1.000000    0.593401    0.300610
Iteration: 258 bestvalit: 0.007880 bestmemit:   19.061085    3.097961    1.000000    0.593401    0.300610
Iteration: 259 bestvalit: 0.007880 bestmemit:   19.061085    3.097961    1.000000    0.593401    0.300610
Iteration: 260 bestvalit: 0.007880 bestmemit:   19.061085    3.097961    1.000000    0.593401    0.300610
Iteration: 261 bestvalit: 0.007880 bestmemit:   19.061085    3.097961    1.000000    0.593401    0.300610
Iteration: 262 bestvalit: 0.007880 bestmemit:   19.061085    3.097961    1.000000    0.593401    0.300610
Iteration: 263 bestvalit: 0.007880 bestmemit:   19.061085    3.097961    1.000000    0.593401    0.300610
Iteration: 264 bestvalit: 0.007880 bestmemit:   19.061085    3.097961    1.000000    0.593401    0.300610
Iteration: 265 bestvalit: 0.007880 bestmemit:   19.047977    3.116178    1.000000    0.581494    0.294397
Iteration: 266 bestvalit: 0.007880 bestmemit:   19.040556    3.097225    1.000000    0.588340    0.299797
Iteration: 267 bestvalit: 0.007880 bestmemit:   19.040556    3.097225    1.000000    0.588340    0.299797
Iteration: 268 bestvalit: 0.007880 bestmemit:   19.040556    3.097225    1.000000    0.588340    0.299797
Iteration: 269 bestvalit: 0.007880 bestmemit:   19.040556    3.097225    1.000000    0.588340    0.299797
Iteration: 270 bestvalit: 0.007880 bestmemit:   19.040556    3.097225    1.000000    0.588340    0.299797
Iteration: 271 bestvalit: 0.007880 bestmemit:   19.040556    3.097225    1.000000    0.588340    0.299797
Iteration: 272 bestvalit: 0.007880 bestmemit:   19.040556    3.097225    1.000000    0.588340    0.299797
Iteration: 273 bestvalit: 0.007880 bestmemit:   19.043172    3.093442    1.000000    0.586768    0.298642
Iteration: 274 bestvalit: 0.007880 bestmemit:   19.043172    3.093442    1.000000    0.586768    0.298642
Iteration: 275 bestvalit: 0.007880 bestmemit:   19.043172    3.093442    1.000000    0.586768    0.298642
Iteration: 276 bestvalit: 0.007880 bestmemit:   19.043172    3.093442    1.000000    0.586768    0.298642
Iteration: 277 bestvalit: 0.007880 bestmemit:   19.043172    3.093442    1.000000    0.586768    0.298642
Iteration: 278 bestvalit: 0.007880 bestmemit:   19.043172    3.093442    1.000000    0.586768    0.298642
Iteration: 279 bestvalit: 0.007880 bestmemit:   19.043172    3.093442    1.000000    0.586768    0.298642
Iteration: 280 bestvalit: 0.007880 bestmemit:   19.043172    3.093442    1.000000    0.586768    0.298642
Iteration: 281 bestvalit: 0.007880 bestmemit:   19.043172    3.093442    1.000000    0.586768    0.298642
Iteration: 282 bestvalit: 0.007880 bestmemit:   19.043172    3.093442    1.000000    0.586768    0.298642
Iteration: 283 bestvalit: 0.007880 bestmemit:   19.052309    3.101752    1.000000    0.587173    0.298081
Iteration: 284 bestvalit: 0.007880 bestmemit:   19.052309    3.101752    1.000000    0.587173    0.298081
Iteration: 285 bestvalit: 0.007880 bestmemit:   19.043914    3.101752    1.000000    0.587173    0.298081
Iteration: 286 bestvalit: 0.007880 bestmemit:   19.043914    3.101752    1.000000    0.587173    0.298081
Iteration: 287 bestvalit: 0.007880 bestmemit:   19.043914    3.101752    1.000000    0.587173    0.298081
Iteration: 288 bestvalit: 0.007880 bestmemit:   19.043914    3.101752    1.000000    0.587173    0.298081
Iteration: 289 bestvalit: 0.007880 bestmemit:   19.043914    3.101752    1.000000    0.587173    0.298081
Iteration: 290 bestvalit: 0.007880 bestmemit:   19.043914    3.101752    1.000000    0.587173    0.298081
Iteration: 291 bestvalit: 0.007880 bestmemit:   19.043914    3.101752    1.000000    0.587173    0.298081
Iteration: 292 bestvalit: 0.007880 bestmemit:   19.043914    3.101752    1.000000    0.587173    0.298081
Iteration: 293 bestvalit: 0.007880 bestmemit:   19.043914    3.101752    1.000000    0.587173    0.298081
Iteration: 294 bestvalit: 0.007880 bestmemit:   19.043914    3.101752    1.000000    0.587173    0.298081
Iteration: 295 bestvalit: 0.007880 bestmemit:   19.043914    3.101752    1.000000    0.587173    0.298081
Iteration: 296 bestvalit: 0.007880 bestmemit:   19.067862    3.085857    1.000000    0.591424    0.299201
Iteration: 297 bestvalit: 0.007880 bestmemit:   19.067862    3.085857    1.000000    0.591424    0.299201
Iteration: 298 bestvalit: 0.007880 bestmemit:   19.067862    3.085857    1.000000    0.591424    0.299201
Iteration: 299 bestvalit: 0.007880 bestmemit:   19.067862    3.085857    1.000000    0.591424    0.299201
Iteration: 300 bestvalit: 0.007880 bestmemit:   19.067862    3.085857    1.000000    0.591424    0.299201
Iteration: 301 bestvalit: 0.007880 bestmemit:   19.067862    3.085857    1.000000    0.591424    0.299201
Iteration: 302 bestvalit: 0.007880 bestmemit:   19.067862    3.085857    1.000000    0.591424    0.299201
Iteration: 303 bestvalit: 0.007880 bestmemit:   19.067862    3.085857    1.000000    0.591424    0.299201
Iteration: 304 bestvalit: 0.007880 bestmemit:   19.067862    3.085857    1.000000    0.591424    0.299201
Iteration: 305 bestvalit: 0.007880 bestmemit:   19.067862    3.085857    1.000000    0.591424    0.299201
Iteration: 306 bestvalit: 0.007880 bestmemit:   19.067862    3.085857    1.000000    0.591424    0.299201
Iteration: 307 bestvalit: 0.007880 bestmemit:   19.067862    3.085857    1.000000    0.591424    0.299201
Iteration: 308 bestvalit: 0.007880 bestmemit:   19.054931    3.089541    1.000000    0.588681    0.299003
Iteration: 309 bestvalit: 0.007880 bestmemit:   19.054931    3.089541    1.000000    0.588681    0.299003
Iteration: 310 bestvalit: 0.007880 bestmemit:   19.054931    3.089541    1.000000    0.588681    0.299003
Iteration: 311 bestvalit: 0.007880 bestmemit:   19.054931    3.089541    1.000000    0.588681    0.299003
Iteration: 312 bestvalit: 0.007880 bestmemit:   19.054931    3.089541    1.000000    0.588681    0.299003
Iteration: 313 bestvalit: 0.007880 bestmemit:   19.054931    3.089541    1.000000    0.588681    0.299003
Iteration: 314 bestvalit: 0.007880 bestmemit:   19.054931    3.089541    1.000000    0.588681    0.299003
Iteration: 315 bestvalit: 0.007880 bestmemit:   19.054931    3.089541    1.000000    0.588681    0.299003
Iteration: 316 bestvalit: 0.007880 bestmemit:   19.054931    3.089541    1.000000    0.588681    0.299003
Iteration: 317 bestvalit: 0.007880 bestmemit:   19.054931    3.089541    1.000000    0.588681    0.299003
Iteration: 318 bestvalit: 0.007880 bestmemit:   19.054931    3.089541    1.000000    0.588681    0.299003
Iteration: 319 bestvalit: 0.007880 bestmemit:   19.053201    3.093604    1.000000    0.587429    0.298314
Iteration: 320 bestvalit: 0.007880 bestmemit:   19.053201    3.093604    1.000000    0.587429    0.298314
Iteration: 321 bestvalit: 0.007880 bestmemit:   19.053201    3.093604    1.000000    0.587429    0.298314
Iteration: 322 bestvalit: 0.007880 bestmemit:   19.053201    3.093604    1.000000    0.587429    0.298314
Iteration: 323 bestvalit: 0.007880 bestmemit:   19.053201    3.093604    1.000000    0.587429    0.298314
Iteration: 324 bestvalit: 0.007880 bestmemit:   19.053201    3.093604    1.000000    0.587429    0.298314
Iteration: 325 bestvalit: 0.007880 bestmemit:   19.053201    3.093604    1.000000    0.587429    0.298314
Iteration: 326 bestvalit: 0.007880 bestmemit:   19.053201    3.093604    1.000000    0.587429    0.298314
Iteration: 327 bestvalit: 0.007880 bestmemit:   19.053201    3.093604    1.000000    0.587429    0.298314
Iteration: 328 bestvalit: 0.007880 bestmemit:   19.068894    3.084814    1.000000    0.591604    0.299526
Iteration: 329 bestvalit: 0.007880 bestmemit:   19.068894    3.084814    1.000000    0.591604    0.299526
Iteration: 330 bestvalit: 0.007880 bestmemit:   19.053201    3.094029    1.000000    0.587429    0.298314
Iteration: 331 bestvalit: 0.007880 bestmemit:   19.053201    3.094029    1.000000    0.587429    0.298314
Iteration: 332 bestvalit: 0.007880 bestmemit:   19.053201    3.094029    1.000000    0.587429    0.298314
Iteration: 333 bestvalit: 0.007880 bestmemit:   19.053201    3.094029    1.000000    0.587429    0.298314
Iteration: 334 bestvalit: 0.007880 bestmemit:   19.059481    3.090855    1.000000    0.590649    0.299321
Iteration: 335 bestvalit: 0.007880 bestmemit:   19.059481    3.090855    1.000000    0.590649    0.299321
Iteration: 336 bestvalit: 0.007880 bestmemit:   19.059481    3.090855    1.000000    0.590649    0.299321
Iteration: 337 bestvalit: 0.007880 bestmemit:   19.059481    3.090855    1.000000    0.590649    0.299321
Iteration: 338 bestvalit: 0.007880 bestmemit:   19.059481    3.090855    1.000000    0.590649    0.299321
Iteration: 339 bestvalit: 0.007880 bestmemit:   19.059481    3.090855    1.000000    0.590649    0.299321
Iteration: 340 bestvalit: 0.007880 bestmemit:   19.059481    3.090855    1.000000    0.590649    0.299321
Iteration: 341 bestvalit: 0.007880 bestmemit:   19.059481    3.090855    1.000000    0.590649    0.299321
Iteration: 342 bestvalit: 0.007880 bestmemit:   19.059481    3.090855    1.000000    0.590649    0.299321
Iteration: 343 bestvalit: 0.007880 bestmemit:   19.059481    3.090855    1.000000    0.590649    0.299321
Iteration: 344 bestvalit: 0.007880 bestmemit:   19.055266    3.094093    1.000000    0.589019    0.298709
Iteration: 345 bestvalit: 0.007880 bestmemit:   19.055266    3.094093    1.000000    0.589019    0.298709
Iteration: 346 bestvalit: 0.007880 bestmemit:   19.055266    3.094093    1.000000    0.589019    0.298709
Iteration: 347 bestvalit: 0.007880 bestmemit:   19.055266    3.094093    1.000000    0.589019    0.298709
Iteration: 348 bestvalit: 0.007880 bestmemit:   19.060376    3.088644    1.000000    0.590437    0.299415
Iteration: 349 bestvalit: 0.007880 bestmemit:   19.060376    3.088644    1.000000    0.590437    0.299415
Iteration: 350 bestvalit: 0.007880 bestmemit:   19.060376    3.088644    1.000000    0.590437    0.299415
Iteration: 351 bestvalit: 0.007880 bestmemit:   19.060058    3.090254    1.000000    0.589504    0.299077
Iteration: 352 bestvalit: 0.007880 bestmemit:   19.060058    3.090254    1.000000    0.589504    0.299077
Iteration: 353 bestvalit: 0.007880 bestmemit:   19.060058    3.090254    1.000000    0.589504    0.299077
Iteration: 354 bestvalit: 0.007880 bestmemit:   19.060058    3.090254    1.000000    0.589504    0.299077
Iteration: 355 bestvalit: 0.007880 bestmemit:   19.060058    3.090254    1.000000    0.589504    0.299077
Iteration: 356 bestvalit: 0.007880 bestmemit:   19.056145    3.092750    1.000000    0.589031    0.298847
Iteration: 357 bestvalit: 0.007880 bestmemit:   19.056145    3.092750    1.000000    0.589031    0.298847
Iteration: 358 bestvalit: 0.007880 bestmemit:   19.060058    3.090254    1.000000    0.589504    0.299023
Iteration: 359 bestvalit: 0.007880 bestmemit:   19.060058    3.090254    1.000000    0.589504    0.299023
Iteration: 360 bestvalit: 0.007880 bestmemit:   19.060058    3.090254    1.000000    0.589504    0.299023
Iteration: 361 bestvalit: 0.007880 bestmemit:   19.060058    3.090254    1.000000    0.589504    0.299023
Iteration: 362 bestvalit: 0.007880 bestmemit:   19.060058    3.090254    1.000000    0.589504    0.299023
Iteration: 363 bestvalit: 0.007880 bestmemit:   19.060058    3.090254    1.000000    0.589504    0.299023
Iteration: 364 bestvalit: 0.007880 bestmemit:   19.060058    3.090254    1.000000    0.589504    0.299023
Iteration: 365 bestvalit: 0.007880 bestmemit:   19.060058    3.090254    1.000000    0.589504    0.299023
Iteration: 366 bestvalit: 0.007880 bestmemit:   19.060058    3.090254    1.000000    0.589504    0.299023
Iteration: 367 bestvalit: 0.007880 bestmemit:   19.060058    3.090254    1.000000    0.589504    0.299023

***** summary of DEoptim object ***** 
best member   :  19.06006 3.09025 1 0.5895 0.29902 
best value    :  0.00788 
after         :  367 generations 
fn evaluated  :  736 times 
*************************************
