SLURM_JOB_ID: 55403018
SLURM_JOB_USER: vsc34066
SLURM_JOB_ACCOUNT: lp_desenderlab
SLURM_JOB_NAME: par_recov_alternating_fb_sim_alpha_learn.slurm
SLURM_CLUSTER_NAME: genius
SLURM_JOB_PARTITION: batch
SLURM_ARRAY_JOB_ID: 55402977
SLURM_ARRAY_TASK_ID: 41
SLURM_NNODES: 1
SLURM_NODELIST: r23i27n01
SLURM_JOB_CPUS_PER_NODE: 8
Date: Sun Dec  3 23:43:55 CET 2023
Walltime: 01-06:00:00
========================================================================
Iteration: 1 bestvalit: 0.059776 bestmemit:    5.630447  -23.610774    1.000000  590.056449  424.476119
Iteration: 2 bestvalit: 0.059776 bestmemit:    5.630447  -23.610774    1.000000  590.056449  424.476119
Iteration: 3 bestvalit: 0.059776 bestmemit:    5.630447  -23.610774    1.000000  590.056449  424.476119
Iteration: 4 bestvalit: 0.057229 bestmemit:   11.057282  -70.351709    1.000000  240.987036  761.495786
Iteration: 5 bestvalit: 0.057229 bestmemit:   11.057282  -70.351709    1.000000  240.987036  761.495786
Iteration: 6 bestvalit: 0.057165 bestmemit:    5.893534   69.437777    1.000000  240.987036  761.495786
Iteration: 7 bestvalit: 0.057165 bestmemit:    5.893534   69.437777    1.000000  240.987036  761.495786
Iteration: 8 bestvalit: 0.050210 bestmemit:   37.786085   26.022927    1.000000  230.822009  555.496578
Iteration: 9 bestvalit: 0.043089 bestmemit:   49.800608  -76.212194    1.000000  272.980882  189.837664
Iteration: 10 bestvalit: 0.043089 bestmemit:   49.800608  -76.212194    1.000000  272.980882  189.837664
Iteration: 11 bestvalit: 0.040818 bestmemit:   49.800608  -76.212194    1.000000  199.588174  189.837664
Iteration: 12 bestvalit: 0.040818 bestmemit:   49.800608  -76.212194    1.000000  199.588174  189.837664
Iteration: 13 bestvalit: 0.033925 bestmemit:   49.800608  -76.212194    1.000000   79.779763  189.837664
Iteration: 14 bestvalit: 0.033925 bestmemit:   49.800608  -76.212194    1.000000   79.779763  189.837664
Iteration: 15 bestvalit: 0.033925 bestmemit:   49.800608  -76.212194    1.000000   79.779763  189.837664
Iteration: 16 bestvalit: 0.033873 bestmemit:   49.800608  -13.032327    1.000000   79.779763  189.837664
Iteration: 17 bestvalit: 0.033873 bestmemit:   49.800608  -13.032327    1.000000   79.779763  189.837664
Iteration: 18 bestvalit: 0.033873 bestmemit:   49.800608  -13.032327    1.000000   79.779763  189.837664
Iteration: 19 bestvalit: 0.021932 bestmemit:   49.800608   -6.715831    1.000000   15.401745  189.837664
Iteration: 20 bestvalit: 0.021932 bestmemit:   49.800608   -6.715831    1.000000   15.401745  189.837664
Iteration: 21 bestvalit: 0.021932 bestmemit:   49.800608   -6.715831    1.000000   15.401745  189.837664
Iteration: 22 bestvalit: 0.021932 bestmemit:   49.800608   -6.715831    1.000000   15.401745  189.837664
Iteration: 23 bestvalit: 0.021932 bestmemit:   49.800608   -6.715831    1.000000   15.401745  189.837664
Iteration: 24 bestvalit: 0.021932 bestmemit:   49.800608   -6.715831    1.000000   15.401745  189.837664
Iteration: 25 bestvalit: 0.021932 bestmemit:   49.800608   -6.715831    1.000000   15.401745  189.837664
Iteration: 26 bestvalit: 0.021932 bestmemit:   49.800608   -6.715831    1.000000   15.401745  189.837664
Iteration: 27 bestvalit: 0.021932 bestmemit:   49.800608   -6.715831    1.000000   15.401745  189.837664
Iteration: 28 bestvalit: 0.021932 bestmemit:   49.800608   -6.715831    1.000000   15.401745  189.837664
Iteration: 29 bestvalit: 0.021932 bestmemit:   49.800608   -6.715831    1.000000   15.401745  189.837664
Iteration: 30 bestvalit: 0.021932 bestmemit:   49.800608   -6.715831    1.000000   15.401745  189.837664
Iteration: 31 bestvalit: 0.016908 bestmemit:   32.846460  -22.660377    1.000000    4.121545  250.655943
Iteration: 32 bestvalit: 0.014772 bestmemit:   48.947201  -32.750577    1.000000    6.120469  177.068123
Iteration: 33 bestvalit: 0.014772 bestmemit:   48.947201  -32.750577    1.000000    6.120469  177.068123
Iteration: 34 bestvalit: 0.014772 bestmemit:   48.947201  -32.750577    1.000000    6.120469  177.068123
Iteration: 35 bestvalit: 0.014202 bestmemit:   48.878404  -22.660377    1.000000    4.121545  204.649152
Iteration: 36 bestvalit: 0.014202 bestmemit:   48.878404  -22.660377    1.000000    4.121545  204.649152
Iteration: 37 bestvalit: 0.014202 bestmemit:   48.878404  -22.660377    1.000000    4.121545  204.649152
Iteration: 38 bestvalit: 0.012381 bestmemit:   35.010734   -4.699919    1.000000    7.088655   12.552163
Iteration: 39 bestvalit: 0.012381 bestmemit:   35.010734   -4.699919    1.000000    7.088655   12.552163
Iteration: 40 bestvalit: 0.010438 bestmemit:   48.947201  -32.750577    1.000000    6.120469   12.158068
Iteration: 41 bestvalit: 0.010438 bestmemit:   48.947201  -32.750577    1.000000    6.120469   12.158068
Iteration: 42 bestvalit: 0.010438 bestmemit:   48.947201  -32.750577    1.000000    6.120469   12.158068
Iteration: 43 bestvalit: 0.010438 bestmemit:   48.947201  -32.750577    1.000000    6.120469   12.158068
Iteration: 44 bestvalit: 0.010438 bestmemit:   48.947201  -32.750577    1.000000    6.120469   12.158068
Iteration: 45 bestvalit: 0.010438 bestmemit:   48.947201  -32.750577    1.000000    6.120469   12.158068
Iteration: 46 bestvalit: 0.010438 bestmemit:   48.947201  -32.750577    1.000000    6.120469   12.158068
Iteration: 47 bestvalit: 0.010438 bestmemit:   48.947201  -32.750577    1.000000    6.120469   12.158068
Iteration: 48 bestvalit: 0.008711 bestmemit:   40.724777   -8.606319    1.000000    2.454188    6.497895
Iteration: 49 bestvalit: 0.008711 bestmemit:   40.724777   -8.606319    1.000000    2.454188    6.497895
Iteration: 50 bestvalit: 0.008711 bestmemit:   40.724777   -8.606319    1.000000    2.454188    6.497895
Iteration: 51 bestvalit: 0.008711 bestmemit:   40.724777   -8.606319    1.000000    2.454188    6.497895
Iteration: 52 bestvalit: 0.008711 bestmemit:   40.724777   -8.606319    1.000000    2.454188    6.497895
Iteration: 53 bestvalit: 0.008694 bestmemit:   44.735775  -13.170733    1.000000    0.627746    5.824102
Iteration: 54 bestvalit: 0.008694 bestmemit:   44.735775  -13.170733    1.000000    0.627746    5.824102
Iteration: 55 bestvalit: 0.008694 bestmemit:   44.735775  -13.170733    1.000000    0.627746    5.824102
Iteration: 56 bestvalit: 0.008454 bestmemit:   45.082827  -14.796430    1.000000    4.080569    2.294578
Iteration: 57 bestvalit: 0.008454 bestmemit:   45.082827  -14.796430    1.000000    4.080569    2.294578
Iteration: 58 bestvalit: 0.008454 bestmemit:   45.082827  -14.796430    1.000000    4.080569    2.294578
Iteration: 59 bestvalit: 0.008291 bestmemit:   45.082827   -2.073830    1.000000    4.080569    2.294578
Iteration: 60 bestvalit: 0.008291 bestmemit:   45.082827   -2.073830    1.000000    4.080569    2.294578
Iteration: 61 bestvalit: 0.008169 bestmemit:   45.765739  -11.186501    1.000000    3.590687    1.937784
Iteration: 62 bestvalit: 0.008169 bestmemit:   45.765739  -11.186501    1.000000    3.590687    1.937784
Iteration: 63 bestvalit: 0.008119 bestmemit:   39.772275   -2.185461    1.000000    3.149902    1.864740
Iteration: 64 bestvalit: 0.008081 bestmemit:   48.317882   -7.916772    1.000000    1.768407    0.824783
Iteration: 65 bestvalit: 0.008081 bestmemit:   48.317882   -7.916772    1.000000    1.768407    0.824783
Iteration: 66 bestvalit: 0.008081 bestmemit:   48.317882   -7.916772    1.000000    1.768407    0.824783
Iteration: 67 bestvalit: 0.008079 bestmemit:   45.765739   -7.822933    1.000000    2.040002    2.053046
Iteration: 68 bestvalit: 0.008079 bestmemit:   45.765739   -7.822933    1.000000    2.040002    2.053046
Iteration: 69 bestvalit: 0.008079 bestmemit:   45.765739   -7.822933    1.000000    2.040002    2.053046
Iteration: 70 bestvalit: 0.008076 bestmemit:   45.765739   -7.822933    1.000000    2.100647    2.053046
Iteration: 71 bestvalit: 0.008076 bestmemit:   45.765739   -7.822933    1.000000    2.100647    2.053046
Iteration: 72 bestvalit: 0.008076 bestmemit:   45.765739   -7.822933    1.000000    2.100647    2.053046
Iteration: 73 bestvalit: 0.008076 bestmemit:   45.765739   -7.822933    1.000000    2.100647    2.053046
Iteration: 74 bestvalit: 0.008041 bestmemit:   48.317882   -6.627417    1.000000    1.768407    0.824783
Iteration: 75 bestvalit: 0.008041 bestmemit:   48.317882   -6.627417    1.000000    1.768407    0.824783
Iteration: 76 bestvalit: 0.008010 bestmemit:   44.821076   -5.225944    1.000000    2.438685    1.194037
Iteration: 77 bestvalit: 0.008010 bestmemit:   44.821076   -5.225944    1.000000    2.438685    1.194037
Iteration: 78 bestvalit: 0.008010 bestmemit:   44.821076   -5.225944    1.000000    2.438685    1.194037
Iteration: 79 bestvalit: 0.008009 bestmemit:   36.435972   -3.917427    1.000000    1.358442    0.747492
Iteration: 80 bestvalit: 0.008009 bestmemit:   36.435972   -3.917427    1.000000    1.358442    0.747492
Iteration: 81 bestvalit: 0.007981 bestmemit:   37.078061   -2.317358    1.000000    1.296010    0.413592
Iteration: 82 bestvalit: 0.007977 bestmemit:   38.460092   -2.317358    1.000000    1.296010    0.413592
Iteration: 83 bestvalit: 0.007977 bestmemit:   38.460092   -2.317358    1.000000    1.296010    0.413592
Iteration: 84 bestvalit: 0.007976 bestmemit:   38.215929   -2.328825    1.000000    1.358442    0.747492
Iteration: 85 bestvalit: 0.007976 bestmemit:   38.919650   -4.380738    1.000000    1.798038    1.098051
Iteration: 86 bestvalit: 0.007969 bestmemit:   34.173415   -2.945640    1.000000    1.520429    1.110397
Iteration: 87 bestvalit: 0.007969 bestmemit:   34.173415   -2.945640    1.000000    1.520429    1.110397
Iteration: 88 bestvalit: 0.007959 bestmemit:   32.474062   -1.522367    1.000000    1.305852    0.944985
Iteration: 89 bestvalit: 0.007959 bestmemit:   32.474062   -1.522367    1.000000    1.305852    0.944985
Iteration: 90 bestvalit: 0.007959 bestmemit:   32.474062   -1.522367    1.000000    1.305852    0.944985
Iteration: 91 bestvalit: 0.007959 bestmemit:   32.474062   -1.522367    1.000000    1.305852    0.944985
Iteration: 92 bestvalit: 0.007959 bestmemit:   32.474062   -1.522367    1.000000    1.305852    0.944985
Iteration: 93 bestvalit: 0.007959 bestmemit:   32.474062   -1.522367    1.000000    1.305852    0.944985
Iteration: 94 bestvalit: 0.007949 bestmemit:   29.976045   -0.147798    1.000000    0.601252    0.607233
Iteration: 95 bestvalit: 0.007949 bestmemit:   29.976045   -0.147798    1.000000    0.601252    0.607233
Iteration: 96 bestvalit: 0.007949 bestmemit:   29.976045   -0.147798    1.000000    0.601252    0.607233
Iteration: 97 bestvalit: 0.007949 bestmemit:   29.976045   -0.147798    1.000000    0.601252    0.607233
Iteration: 98 bestvalit: 0.007949 bestmemit:   29.976045   -0.147798    1.000000    0.601252    0.607233
Iteration: 99 bestvalit: 0.007949 bestmemit:   29.976045   -0.147798    1.000000    0.601252    0.607233
Iteration: 100 bestvalit: 0.007949 bestmemit:   29.976045   -0.147798    1.000000    0.601252    0.607233
Iteration: 101 bestvalit: 0.007949 bestmemit:   29.976045   -0.147798    1.000000    0.601252    0.607233
Iteration: 102 bestvalit: 0.007948 bestmemit:   28.862906    0.950286    1.000000    0.201302    0.196364
Iteration: 103 bestvalit: 0.007948 bestmemit:   28.862906    0.950286    1.000000    0.201302    0.196364
Iteration: 104 bestvalit: 0.007948 bestmemit:   28.862906    0.950286    1.000000    0.201302    0.196364
Iteration: 105 bestvalit: 0.007945 bestmemit:   30.430274   -0.223225    1.000000    0.455001    0.467522
Iteration: 106 bestvalit: 0.007945 bestmemit:   30.430274   -0.223225    1.000000    0.455001    0.467522
Iteration: 107 bestvalit: 0.007945 bestmemit:   30.430274   -0.223225    1.000000    0.455001    0.467522
Iteration: 108 bestvalit: 0.007945 bestmemit:   30.430274   -0.223225    1.000000    0.455001    0.467522
Iteration: 109 bestvalit: 0.007945 bestmemit:   30.430274   -0.223225    1.000000    0.455001    0.467522
Iteration: 110 bestvalit: 0.007945 bestmemit:   30.430274   -0.223225    1.000000    0.455001    0.467522
Iteration: 111 bestvalit: 0.007945 bestmemit:   30.430274   -0.223225    1.000000    0.455001    0.467522
Iteration: 112 bestvalit: 0.007945 bestmemit:   30.430274   -0.223225    1.000000    0.455001    0.467522
Iteration: 113 bestvalit: 0.007945 bestmemit:   30.430274   -0.223225    1.000000    0.455001    0.467522
Iteration: 114 bestvalit: 0.007945 bestmemit:   30.430274   -0.223225    1.000000    0.455001    0.467522
Iteration: 115 bestvalit: 0.007945 bestmemit:   30.430274   -0.223225    1.000000    0.455001    0.467522
Iteration: 116 bestvalit: 0.007945 bestmemit:   30.430274   -0.223225    1.000000    0.455001    0.467522
Iteration: 117 bestvalit: 0.007945 bestmemit:   30.430274   -0.223225    1.000000    0.455001    0.467522
Iteration: 118 bestvalit: 0.007945 bestmemit:   30.430274   -0.223225    1.000000    0.455001    0.467522
Iteration: 119 bestvalit: 0.007945 bestmemit:   30.430274   -0.223225    1.000000    0.455001    0.467522
Iteration: 120 bestvalit: 0.007945 bestmemit:   30.430274   -0.223225    1.000000    0.455001    0.467522
Iteration: 121 bestvalit: 0.007945 bestmemit:   30.430274   -0.223225    1.000000    0.455001    0.467522
Iteration: 122 bestvalit: 0.007945 bestmemit:   30.430274   -0.223225    1.000000    0.455001    0.467522
Iteration: 123 bestvalit: 0.007945 bestmemit:   30.430274   -0.223225    1.000000    0.455001    0.467522
Iteration: 124 bestvalit: 0.007945 bestmemit:   30.430274   -0.223225    1.000000    0.455001    0.467522
Iteration: 125 bestvalit: 0.007945 bestmemit:   30.430274   -0.223225    1.000000    0.455001    0.467522
Iteration: 126 bestvalit: 0.007945 bestmemit:   30.430274   -0.223225    1.000000    0.455001    0.467522
Iteration: 127 bestvalit: 0.007945 bestmemit:   30.430274   -0.223225    1.000000    0.455001    0.467522
Iteration: 128 bestvalit: 0.007945 bestmemit:   30.430274   -0.223225    1.000000    0.455001    0.467522
Iteration: 129 bestvalit: 0.007945 bestmemit:   30.430274   -0.223225    1.000000    0.455001    0.467522
Iteration: 130 bestvalit: 0.007945 bestmemit:   31.087966   -0.124904    1.000000    0.422911    0.360573
Iteration: 131 bestvalit: 0.007945 bestmemit:   31.087966   -0.124904    1.000000    0.422911    0.360573
Iteration: 132 bestvalit: 0.007945 bestmemit:   31.087966   -0.124904    1.000000    0.422911    0.360573
Iteration: 133 bestvalit: 0.007945 bestmemit:   31.087966   -0.124904    1.000000    0.422911    0.360573
Iteration: 134 bestvalit: 0.007945 bestmemit:   31.087966   -0.124904    1.000000    0.422911    0.360573
Iteration: 135 bestvalit: 0.007945 bestmemit:   31.087966   -0.124904    1.000000    0.422911    0.360573
Iteration: 136 bestvalit: 0.007945 bestmemit:   31.087966   -0.124904    1.000000    0.422911    0.360573
Iteration: 137 bestvalit: 0.007945 bestmemit:   31.087966   -0.124904    1.000000    0.422911    0.360573
Iteration: 138 bestvalit: 0.007945 bestmemit:   31.087966   -0.124904    1.000000    0.422911    0.360573
Iteration: 139 bestvalit: 0.007945 bestmemit:   31.087966   -0.124904    1.000000    0.422911    0.360573
Iteration: 140 bestvalit: 0.007945 bestmemit:   31.087966   -0.124904    1.000000    0.422911    0.360573
Iteration: 141 bestvalit: 0.007945 bestmemit:   31.087966   -0.124904    1.000000    0.422911    0.360573
Iteration: 142 bestvalit: 0.007945 bestmemit:   31.087966   -0.124904    1.000000    0.422911    0.360573
Iteration: 143 bestvalit: 0.007945 bestmemit:   30.762430   -0.078051    1.000000    0.350794    0.340633
Iteration: 144 bestvalit: 0.007945 bestmemit:   30.762430   -0.078051    1.000000    0.350794    0.340633
Iteration: 145 bestvalit: 0.007945 bestmemit:   30.762430   -0.078051    1.000000    0.350794    0.340633
Iteration: 146 bestvalit: 0.007945 bestmemit:   30.762430   -0.078051    1.000000    0.350794    0.340633
Iteration: 147 bestvalit: 0.007945 bestmemit:   30.762430   -0.078051    1.000000    0.350794    0.340633
Iteration: 148 bestvalit: 0.007945 bestmemit:   30.762430   -0.078051    1.000000    0.350794    0.340633
Iteration: 149 bestvalit: 0.007945 bestmemit:   30.762430   -0.078051    1.000000    0.350794    0.340633
Iteration: 150 bestvalit: 0.007945 bestmemit:   30.762430   -0.078051    1.000000    0.350794    0.340633
Iteration: 151 bestvalit: 0.007945 bestmemit:   30.762430   -0.078051    1.000000    0.350794    0.340633
Iteration: 152 bestvalit: 0.007945 bestmemit:   30.762430   -0.078051    1.000000    0.350794    0.340633
Iteration: 153 bestvalit: 0.007945 bestmemit:   30.762430   -0.078051    1.000000    0.350794    0.340633
Iteration: 154 bestvalit: 0.007945 bestmemit:   30.762430   -0.078051    1.000000    0.350794    0.340633
Iteration: 155 bestvalit: 0.007945 bestmemit:   30.762430   -0.078051    1.000000    0.350794    0.340633
Iteration: 156 bestvalit: 0.007945 bestmemit:   30.762430   -0.078051    1.000000    0.350794    0.340633
Iteration: 157 bestvalit: 0.007945 bestmemit:   30.762430   -0.078051    1.000000    0.350794    0.340633
Iteration: 158 bestvalit: 0.007945 bestmemit:   30.762430   -0.078051    1.000000    0.350794    0.340633
Iteration: 159 bestvalit: 0.007945 bestmemit:   30.762430   -0.078051    1.000000    0.350794    0.340633
Iteration: 160 bestvalit: 0.007945 bestmemit:   30.762430   -0.078051    1.000000    0.350794    0.340633
Iteration: 161 bestvalit: 0.007945 bestmemit:   30.762430   -0.078051    1.000000    0.350794    0.340633
Iteration: 162 bestvalit: 0.007945 bestmemit:   30.762430   -0.078051    1.000000    0.350794    0.340633
Iteration: 163 bestvalit: 0.007945 bestmemit:   30.762430   -0.078051    1.000000    0.361663    0.340633
Iteration: 164 bestvalit: 0.007945 bestmemit:   30.762430   -0.078051    1.000000    0.361663    0.340633
Iteration: 165 bestvalit: 0.007945 bestmemit:   30.762430   -0.078051    1.000000    0.361663    0.340633
Iteration: 166 bestvalit: 0.007945 bestmemit:   30.762430   -0.078051    1.000000    0.361663    0.340633
Iteration: 167 bestvalit: 0.007945 bestmemit:   30.762430   -0.078051    1.000000    0.361663    0.340633
Iteration: 168 bestvalit: 0.007945 bestmemit:   30.762430   -0.078051    1.000000    0.361663    0.340633
Iteration: 169 bestvalit: 0.007945 bestmemit:   30.762430   -0.078051    1.000000    0.361663    0.340633
Iteration: 170 bestvalit: 0.007945 bestmemit:   30.762430   -0.078051    1.000000    0.361663    0.340633
Iteration: 171 bestvalit: 0.007945 bestmemit:   30.762430   -0.078051    1.000000    0.361663    0.340633
Iteration: 172 bestvalit: 0.007945 bestmemit:   30.762430   -0.078051    1.000000    0.361663    0.340633
Iteration: 173 bestvalit: 0.007945 bestmemit:   30.762430   -0.078051    1.000000    0.361663    0.340633
Iteration: 174 bestvalit: 0.007945 bestmemit:   30.762430   -0.078051    1.000000    0.361663    0.340633
Iteration: 175 bestvalit: 0.007945 bestmemit:   30.762430   -0.078051    1.000000    0.361663    0.340633
Iteration: 176 bestvalit: 0.007945 bestmemit:   30.762430   -0.078051    1.000000    0.361663    0.340633
Iteration: 177 bestvalit: 0.007945 bestmemit:   30.762430   -0.078051    1.000000    0.361663    0.340633
Iteration: 178 bestvalit: 0.007945 bestmemit:   30.762430   -0.078051    1.000000    0.361663    0.340633
Iteration: 179 bestvalit: 0.007945 bestmemit:   30.762430   -0.078051    1.000000    0.361663    0.340633
Iteration: 180 bestvalit: 0.007945 bestmemit:   30.762430   -0.078051    1.000000    0.361663    0.340633
Iteration: 181 bestvalit: 0.007945 bestmemit:   30.762430   -0.078051    1.000000    0.361663    0.340633
Iteration: 182 bestvalit: 0.007945 bestmemit:   30.762430   -0.078051    1.000000    0.361663    0.340633
Iteration: 183 bestvalit: 0.007945 bestmemit:   30.762430   -0.078051    1.000000    0.361663    0.340633
Iteration: 184 bestvalit: 0.007945 bestmemit:   30.762430   -0.078051    1.000000    0.361663    0.340633
Iteration: 185 bestvalit: 0.007945 bestmemit:   30.732485   -0.084328    1.000000    0.379512    0.355911
Iteration: 186 bestvalit: 0.007945 bestmemit:   30.732485   -0.084328    1.000000    0.379512    0.355911
Iteration: 187 bestvalit: 0.007945 bestmemit:   30.732485   -0.084328    1.000000    0.379512    0.355911
Iteration: 188 bestvalit: 0.007945 bestmemit:   30.732485   -0.084328    1.000000    0.379512    0.355911
Iteration: 189 bestvalit: 0.007945 bestmemit:   30.732485   -0.084328    1.000000    0.379512    0.355911
Iteration: 190 bestvalit: 0.007945 bestmemit:   30.732485   -0.084328    1.000000    0.379512    0.355911
Iteration: 191 bestvalit: 0.007945 bestmemit:   30.732485   -0.084328    1.000000    0.379512    0.355911
Iteration: 192 bestvalit: 0.007945 bestmemit:   30.732485   -0.084328    1.000000    0.379512    0.355911
Iteration: 193 bestvalit: 0.007945 bestmemit:   30.732485   -0.084328    1.000000    0.379512    0.355911
Iteration: 194 bestvalit: 0.007945 bestmemit:   30.732485   -0.084328    1.000000    0.379512    0.355911
Iteration: 195 bestvalit: 0.007945 bestmemit:   30.732485   -0.084328    1.000000    0.379512    0.355911
Iteration: 196 bestvalit: 0.007945 bestmemit:   30.732485   -0.084328    1.000000    0.379512    0.355911
Iteration: 197 bestvalit: 0.007945 bestmemit:   30.709716   -0.086820    1.000000    0.375486    0.360231
Iteration: 198 bestvalit: 0.007945 bestmemit:   30.709716   -0.086820    1.000000    0.375486    0.360231
Iteration: 199 bestvalit: 0.007945 bestmemit:   30.718428   -0.158835    1.000000    0.362022    0.366735
Iteration: 200 bestvalit: 0.007945 bestmemit:   30.718428   -0.158835    1.000000    0.362022    0.366735
Iteration: 201 bestvalit: 0.007945 bestmemit:   30.718428   -0.158835    1.000000    0.362022    0.366735
Iteration: 202 bestvalit: 0.007945 bestmemit:   30.718428   -0.158835    1.000000    0.362022    0.366735
Iteration: 203 bestvalit: 0.007945 bestmemit:   30.718428   -0.158835    1.000000    0.362022    0.366735
Iteration: 204 bestvalit: 0.007945 bestmemit:   30.718428   -0.158835    1.000000    0.362022    0.366735
Iteration: 205 bestvalit: 0.007945 bestmemit:   30.787415   -0.180530    1.000000    0.394169    0.388205
Iteration: 206 bestvalit: 0.007945 bestmemit:   30.867463   -0.177502    1.000000    0.406367    0.372015
Iteration: 207 bestvalit: 0.007945 bestmemit:   30.867463   -0.177502    1.000000    0.406367    0.372015
Iteration: 208 bestvalit: 0.007945 bestmemit:   30.756527   -0.170042    1.000000    0.365549    0.367478
Iteration: 209 bestvalit: 0.007945 bestmemit:   30.756527   -0.170042    1.000000    0.365549    0.367478
Iteration: 210 bestvalit: 0.007945 bestmemit:   30.756527   -0.170042    1.000000    0.365549    0.367478
Iteration: 211 bestvalit: 0.007945 bestmemit:   30.756527   -0.170042    1.000000    0.365549    0.367478
Iteration: 212 bestvalit: 0.007945 bestmemit:   30.756527   -0.170042    1.000000    0.365549    0.367478
Iteration: 213 bestvalit: 0.007945 bestmemit:   30.792512   -0.177536    1.000000    0.399071    0.384356
Iteration: 214 bestvalit: 0.007945 bestmemit:   30.752904   -0.165167    1.000000    0.390698    0.380694
Iteration: 215 bestvalit: 0.007945 bestmemit:   30.752904   -0.165167    1.000000    0.390698    0.380694
Iteration: 216 bestvalit: 0.007945 bestmemit:   30.752904   -0.165167    1.000000    0.390698    0.380694
Iteration: 217 bestvalit: 0.007945 bestmemit:   30.752904   -0.165167    1.000000    0.390698    0.380694
Iteration: 218 bestvalit: 0.007945 bestmemit:   30.752904   -0.165167    1.000000    0.390698    0.380694
Iteration: 219 bestvalit: 0.007945 bestmemit:   30.752904   -0.165167    1.000000    0.390698    0.380694
Iteration: 220 bestvalit: 0.007945 bestmemit:   30.752904   -0.165167    1.000000    0.390698    0.380694
Iteration: 221 bestvalit: 0.007945 bestmemit:   30.867463   -0.177502    1.000000    0.395832    0.372015
Iteration: 222 bestvalit: 0.007945 bestmemit:   30.867463   -0.177502    1.000000    0.395832    0.372015
Iteration: 223 bestvalit: 0.007945 bestmemit:   30.867463   -0.177502    1.000000    0.395832    0.372015
Iteration: 224 bestvalit: 0.007945 bestmemit:   30.867463   -0.177502    1.000000    0.395832    0.372015
Iteration: 225 bestvalit: 0.007945 bestmemit:   30.867463   -0.177502    1.000000    0.395832    0.372015
Iteration: 226 bestvalit: 0.007945 bestmemit:   30.867463   -0.177502    1.000000    0.395832    0.372015
Iteration: 227 bestvalit: 0.007945 bestmemit:   30.867463   -0.177502    1.000000    0.395832    0.372015
Iteration: 228 bestvalit: 0.007945 bestmemit:   30.867463   -0.177502    1.000000    0.395832    0.372015
Iteration: 229 bestvalit: 0.007945 bestmemit:   30.867463   -0.177502    1.000000    0.395832    0.372015
Iteration: 230 bestvalit: 0.007945 bestmemit:   30.867463   -0.177502    1.000000    0.395832    0.372015
Iteration: 231 bestvalit: 0.007945 bestmemit:   30.867463   -0.177502    1.000000    0.395832    0.372015
Iteration: 232 bestvalit: 0.007945 bestmemit:   30.867463   -0.177502    1.000000    0.395832    0.372015
Iteration: 233 bestvalit: 0.007945 bestmemit:   30.867463   -0.177502    1.000000    0.395832    0.372015
Iteration: 234 bestvalit: 0.007945 bestmemit:   30.859822   -0.188899    1.000000    0.395107    0.374553
Iteration: 235 bestvalit: 0.007945 bestmemit:   30.859822   -0.188899    1.000000    0.395107    0.374553
Iteration: 236 bestvalit: 0.007945 bestmemit:   30.859822   -0.188899    1.000000    0.395107    0.374553
Iteration: 237 bestvalit: 0.007945 bestmemit:   30.762989   -0.146873    1.000000    0.374428    0.367172
Iteration: 238 bestvalit: 0.007945 bestmemit:   30.762989   -0.146873    1.000000    0.374428    0.367172
Iteration: 239 bestvalit: 0.007945 bestmemit:   30.762989   -0.146873    1.000000    0.374428    0.367172
Iteration: 240 bestvalit: 0.007945 bestmemit:   30.762989   -0.146873    1.000000    0.374428    0.367172
Iteration: 241 bestvalit: 0.007945 bestmemit:   30.762989   -0.146873    1.000000    0.374428    0.367172
Iteration: 242 bestvalit: 0.007945 bestmemit:   30.762989   -0.146873    1.000000    0.374428    0.367172
Iteration: 243 bestvalit: 0.007945 bestmemit:   30.762989   -0.146873    1.000000    0.374428    0.367172
Iteration: 244 bestvalit: 0.007945 bestmemit:   30.762989   -0.146873    1.000000    0.374428    0.367172
Iteration: 245 bestvalit: 0.007945 bestmemit:   30.762989   -0.146873    1.000000    0.374428    0.367172
Iteration: 246 bestvalit: 0.007945 bestmemit:   30.762989   -0.146873    1.000000    0.374428    0.367172
Iteration: 247 bestvalit: 0.007945 bestmemit:   30.762989   -0.146873    1.000000    0.374428    0.367172
Iteration: 248 bestvalit: 0.007945 bestmemit:   30.762989   -0.146873    1.000000    0.374428    0.367172
Iteration: 249 bestvalit: 0.007945 bestmemit:   30.762989   -0.146873    1.000000    0.374428    0.367172
Iteration: 250 bestvalit: 0.007945 bestmemit:   30.762989   -0.146873    1.000000    0.374428    0.367172
Iteration: 251 bestvalit: 0.007945 bestmemit:   30.762989   -0.146873    1.000000    0.374428    0.367172
Iteration: 252 bestvalit: 0.007945 bestmemit:   30.762989   -0.146873    1.000000    0.374428    0.367172
Iteration: 253 bestvalit: 0.007945 bestmemit:   30.762989   -0.146873    1.000000    0.374428    0.367172
Iteration: 254 bestvalit: 0.007945 bestmemit:   30.762989   -0.146873    1.000000    0.374428    0.367172
Iteration: 255 bestvalit: 0.007945 bestmemit:   30.762989   -0.146873    1.000000    0.374428    0.367172
Iteration: 256 bestvalit: 0.007945 bestmemit:   30.762989   -0.146873    1.000000    0.374428    0.367172
Iteration: 257 bestvalit: 0.007945 bestmemit:   30.762989   -0.146873    1.000000    0.374428    0.367172
Iteration: 258 bestvalit: 0.007945 bestmemit:   30.762989   -0.146873    1.000000    0.374428    0.367172
Iteration: 259 bestvalit: 0.007945 bestmemit:   30.762989   -0.146873    1.000000    0.374428    0.367172
Iteration: 260 bestvalit: 0.007945 bestmemit:   30.762989   -0.146873    1.000000    0.374428    0.367172
Iteration: 261 bestvalit: 0.007945 bestmemit:   30.814827   -0.175104    1.000000    0.376929    0.371398
Iteration: 262 bestvalit: 0.007945 bestmemit:   30.814827   -0.175104    1.000000    0.376929    0.371398
Iteration: 263 bestvalit: 0.007945 bestmemit:   30.814827   -0.175104    1.000000    0.376929    0.371398
Iteration: 264 bestvalit: 0.007945 bestmemit:   30.814827   -0.175104    1.000000    0.376929    0.371398
Iteration: 265 bestvalit: 0.007945 bestmemit:   30.814827   -0.175104    1.000000    0.376929    0.371398
Iteration: 266 bestvalit: 0.007945 bestmemit:   30.814827   -0.175104    1.000000    0.376929    0.371398
Iteration: 267 bestvalit: 0.007945 bestmemit:   30.814827   -0.175104    1.000000    0.376929    0.371398
Iteration: 268 bestvalit: 0.007945 bestmemit:   30.814827   -0.175104    1.000000    0.376929    0.371398
Iteration: 269 bestvalit: 0.007945 bestmemit:   30.817534   -0.167589    1.000000    0.378340    0.368375
Iteration: 270 bestvalit: 0.007945 bestmemit:   30.817534   -0.167589    1.000000    0.378340    0.368375
Iteration: 271 bestvalit: 0.007945 bestmemit:   30.817534   -0.167589    1.000000    0.378340    0.368375
Iteration: 272 bestvalit: 0.007945 bestmemit:   30.817534   -0.167589    1.000000    0.378340    0.368375
Iteration: 273 bestvalit: 0.007945 bestmemit:   30.817534   -0.167589    1.000000    0.378340    0.368375
Iteration: 274 bestvalit: 0.007945 bestmemit:   30.817534   -0.167589    1.000000    0.378340    0.368375
Iteration: 275 bestvalit: 0.007945 bestmemit:   30.817534   -0.167589    1.000000    0.378340    0.368375
Iteration: 276 bestvalit: 0.007945 bestmemit:   30.817534   -0.167589    1.000000    0.378340    0.368375
Iteration: 277 bestvalit: 0.007945 bestmemit:   30.817534   -0.167589    1.000000    0.378340    0.368375
Iteration: 278 bestvalit: 0.007945 bestmemit:   30.817534   -0.167589    1.000000    0.378340    0.368375
Iteration: 279 bestvalit: 0.007945 bestmemit:   30.817534   -0.167589    1.000000    0.378340    0.368375
Iteration: 280 bestvalit: 0.007945 bestmemit:   30.817534   -0.167589    1.000000    0.378340    0.368375
Iteration: 281 bestvalit: 0.007945 bestmemit:   30.817534   -0.167589    1.000000    0.378340    0.368375
Iteration: 282 bestvalit: 0.007945 bestmemit:   30.817534   -0.167589    1.000000    0.378340    0.368375
Iteration: 283 bestvalit: 0.007945 bestmemit:   30.817534   -0.167589    1.000000    0.378781    0.368375
Iteration: 284 bestvalit: 0.007945 bestmemit:   30.817534   -0.167589    1.000000    0.378781    0.368375
Iteration: 285 bestvalit: 0.007945 bestmemit:   30.813553   -0.169037    1.000000    0.379126    0.369315
Iteration: 286 bestvalit: 0.007945 bestmemit:   30.813553   -0.169037    1.000000    0.379126    0.369315
Iteration: 287 bestvalit: 0.007945 bestmemit:   30.813553   -0.169037    1.000000    0.379126    0.369315
Iteration: 288 bestvalit: 0.007945 bestmemit:   30.813553   -0.169037    1.000000    0.379126    0.369315
Iteration: 289 bestvalit: 0.007945 bestmemit:   30.813553   -0.169037    1.000000    0.379126    0.369315
Iteration: 290 bestvalit: 0.007945 bestmemit:   30.813553   -0.169037    1.000000    0.379126    0.369315
Iteration: 291 bestvalit: 0.007945 bestmemit:   30.813553   -0.169037    1.000000    0.379126    0.369315
Iteration: 292 bestvalit: 0.007945 bestmemit:   30.818919   -0.173049    1.000000    0.382146    0.371250
Iteration: 293 bestvalit: 0.007945 bestmemit:   30.818919   -0.173049    1.000000    0.382146    0.371250
Iteration: 294 bestvalit: 0.007945 bestmemit:   30.818919   -0.173049    1.000000    0.382146    0.371250
Iteration: 295 bestvalit: 0.007945 bestmemit:   30.818919   -0.173049    1.000000    0.382146    0.371250
Iteration: 296 bestvalit: 0.007945 bestmemit:   30.818919   -0.173049    1.000000    0.382146    0.371250
Iteration: 297 bestvalit: 0.007945 bestmemit:   30.818919   -0.173049    1.000000    0.382146    0.371250
Iteration: 298 bestvalit: 0.007945 bestmemit:   30.818919   -0.173049    1.000000    0.382146    0.371250
Iteration: 299 bestvalit: 0.007945 bestmemit:   30.818919   -0.173049    1.000000    0.382146    0.371250
Iteration: 300 bestvalit: 0.007945 bestmemit:   30.818919   -0.173049    1.000000    0.382146    0.371250
Iteration: 301 bestvalit: 0.007945 bestmemit:   30.818919   -0.173049    1.000000    0.382146    0.371250
Iteration: 302 bestvalit: 0.007945 bestmemit:   30.818919   -0.173049    1.000000    0.382146    0.371250
Iteration: 303 bestvalit: 0.007945 bestmemit:   30.818919   -0.173049    1.000000    0.382146    0.371250
Iteration: 304 bestvalit: 0.007945 bestmemit:   30.818919   -0.173049    1.000000    0.382146    0.371250
Iteration: 305 bestvalit: 0.007945 bestmemit:   30.818919   -0.173049    1.000000    0.382146    0.371250
Iteration: 306 bestvalit: 0.007945 bestmemit:   30.818919   -0.173049    1.000000    0.382146    0.371250
Iteration: 307 bestvalit: 0.007945 bestmemit:   30.818919   -0.173049    1.000000    0.382146    0.371250
Iteration: 308 bestvalit: 0.007945 bestmemit:   30.818919   -0.173049    1.000000    0.382146    0.371250
Iteration: 309 bestvalit: 0.007945 bestmemit:   30.818919   -0.173049    1.000000    0.382146    0.371250
Iteration: 310 bestvalit: 0.007945 bestmemit:   30.818919   -0.173049    1.000000    0.382146    0.371250
Iteration: 311 bestvalit: 0.007945 bestmemit:   30.818919   -0.173049    1.000000    0.382146    0.371250
Iteration: 312 bestvalit: 0.007945 bestmemit:   30.818919   -0.173049    1.000000    0.382146    0.371250
Iteration: 313 bestvalit: 0.007945 bestmemit:   30.818919   -0.173049    1.000000    0.382146    0.371250
Iteration: 314 bestvalit: 0.007945 bestmemit:   30.818550   -0.170400    1.000000    0.381795    0.370662
Iteration: 315 bestvalit: 0.007945 bestmemit:   30.820906   -0.171809    1.000000    0.381718    0.370487
Iteration: 316 bestvalit: 0.007945 bestmemit:   30.820906   -0.171809    1.000000    0.381718    0.370487
Iteration: 317 bestvalit: 0.007945 bestmemit:   30.820906   -0.171809    1.000000    0.381718    0.370487
Iteration: 318 bestvalit: 0.007945 bestmemit:   30.820906   -0.171809    1.000000    0.381718    0.370487
Iteration: 319 bestvalit: 0.007945 bestmemit:   30.820906   -0.171809    1.000000    0.381718    0.370487
Iteration: 320 bestvalit: 0.007945 bestmemit:   30.820906   -0.171809    1.000000    0.381718    0.370487
Iteration: 321 bestvalit: 0.007945 bestmemit:   30.820906   -0.171809    1.000000    0.381718    0.370487
Iteration: 322 bestvalit: 0.007945 bestmemit:   30.820906   -0.171809    1.000000    0.381718    0.370487
Iteration: 323 bestvalit: 0.007945 bestmemit:   30.820906   -0.171809    1.000000    0.381718    0.370487
Iteration: 324 bestvalit: 0.007945 bestmemit:   30.820906   -0.171809    1.000000    0.381718    0.370487
Iteration: 325 bestvalit: 0.007945 bestmemit:   30.820906   -0.171809    1.000000    0.381718    0.370487
Iteration: 326 bestvalit: 0.007945 bestmemit:   30.820906   -0.171809    1.000000    0.381718    0.370487
Iteration: 327 bestvalit: 0.007945 bestmemit:   30.820906   -0.171809    1.000000    0.381718    0.370487
Iteration: 328 bestvalit: 0.007945 bestmemit:   30.820906   -0.171809    1.000000    0.381718    0.370487
Iteration: 329 bestvalit: 0.007945 bestmemit:   30.820906   -0.171809    1.000000    0.381718    0.370487
Iteration: 330 bestvalit: 0.007945 bestmemit:   30.820906   -0.171809    1.000000    0.381718    0.370487
Iteration: 331 bestvalit: 0.007945 bestmemit:   30.820906   -0.171809    1.000000    0.381718    0.370487
Iteration: 332 bestvalit: 0.007945 bestmemit:   30.820906   -0.171809    1.000000    0.381718    0.370487
Iteration: 333 bestvalit: 0.007945 bestmemit:   30.820906   -0.171809    1.000000    0.381718    0.370487
Iteration: 334 bestvalit: 0.007945 bestmemit:   30.820906   -0.171809    1.000000    0.381718    0.370487
Iteration: 335 bestvalit: 0.007945 bestmemit:   30.820906   -0.171809    1.000000    0.381718    0.370487
Iteration: 336 bestvalit: 0.007945 bestmemit:   30.820906   -0.171809    1.000000    0.381718    0.370487
Iteration: 337 bestvalit: 0.007945 bestmemit:   30.820906   -0.171809    1.000000    0.381718    0.370487
Iteration: 338 bestvalit: 0.007945 bestmemit:   30.820906   -0.171809    1.000000    0.381718    0.370487
Iteration: 339 bestvalit: 0.007945 bestmemit:   30.820906   -0.171809    1.000000    0.381718    0.370487
Iteration: 340 bestvalit: 0.007945 bestmemit:   30.820906   -0.171809    1.000000    0.381718    0.370487

***** summary of DEoptim object ***** 
best member   :  30.82091 -0.17181 1 0.38172 0.37049 
best value    :  0.00794 
after         :  340 generations 
fn evaluated  :  682 times 
*************************************
