SLURM_JOB_ID: 55403017
SLURM_JOB_USER: vsc34066
SLURM_JOB_ACCOUNT: lp_desenderlab
SLURM_JOB_NAME: par_recov_alternating_fb_sim_alpha_learn.slurm
SLURM_CLUSTER_NAME: genius
SLURM_JOB_PARTITION: batch
SLURM_ARRAY_JOB_ID: 55402977
SLURM_ARRAY_TASK_ID: 40
SLURM_NNODES: 1
SLURM_NODELIST: r22i27n24
SLURM_JOB_CPUS_PER_NODE: 8
Date: Sun Dec  3 23:43:50 CET 2023
Walltime: 01-06:00:00
========================================================================
Iteration: 1 bestvalit: 0.031092 bestmemit:   17.450226   34.575983    1.000000  394.401571  202.266236
Iteration: 2 bestvalit: 0.029381 bestmemit:    0.380144  -45.598677    1.000000  394.401571  202.266236
Iteration: 3 bestvalit: 0.029381 bestmemit:    0.380144  -45.598677    1.000000  394.401571  202.266236
Iteration: 4 bestvalit: 0.029381 bestmemit:    0.380144  -45.598677    1.000000  394.401571  202.266236
Iteration: 5 bestvalit: 0.029381 bestmemit:    0.380144  -45.598677    1.000000  394.401571  202.266236
Iteration: 6 bestvalit: 0.013038 bestmemit:   32.831615  -62.295654    1.000000   20.439577  408.924004
Iteration: 7 bestvalit: 0.011671 bestmemit:   47.853945  -61.853504    1.000000   20.439577  408.924004
Iteration: 8 bestvalit: 0.011671 bestmemit:   47.853945  -61.853504    1.000000   20.439577  408.924004
Iteration: 9 bestvalit: 0.011632 bestmemit:   47.853945    1.733016    1.000000   20.439577  408.924004
Iteration: 10 bestvalit: 0.011632 bestmemit:   47.853945    1.733016    1.000000   20.439577  408.924004
Iteration: 11 bestvalit: 0.011632 bestmemit:   47.853945    1.733016    1.000000   20.439577  408.924004
Iteration: 12 bestvalit: 0.011632 bestmemit:   47.853945    1.733016    1.000000   20.439577  408.924004
Iteration: 13 bestvalit: 0.011632 bestmemit:   47.853945    1.733016    1.000000   20.439577  408.924004
Iteration: 14 bestvalit: 0.011632 bestmemit:   47.853945    1.733016    1.000000   20.439577  408.924004
Iteration: 15 bestvalit: 0.011632 bestmemit:   47.853945    1.733016    1.000000   20.439577  408.924004
Iteration: 16 bestvalit: 0.011632 bestmemit:   47.853945    1.733016    1.000000   20.439577  408.924004
Iteration: 17 bestvalit: 0.011632 bestmemit:   47.853945    1.733016    1.000000   20.439577  408.924004
Iteration: 18 bestvalit: 0.011594 bestmemit:   47.853945  -48.488631    1.000000   20.439577  408.924004
Iteration: 19 bestvalit: 0.007394 bestmemit:   30.529864  -12.904270    1.000000   21.931442   17.869894
Iteration: 20 bestvalit: 0.007394 bestmemit:   30.529864  -12.904270    1.000000   21.931442   17.869894
Iteration: 21 bestvalit: 0.007394 bestmemit:   30.529864  -12.904270    1.000000   21.931442   17.869894
Iteration: 22 bestvalit: 0.007394 bestmemit:   30.529864  -12.904270    1.000000   21.931442   17.869894
Iteration: 23 bestvalit: 0.006896 bestmemit:   41.787302  -12.904270    1.000000   21.931442   17.869894
Iteration: 24 bestvalit: 0.006896 bestmemit:   41.787302  -12.904270    1.000000   21.931442   17.869894
Iteration: 25 bestvalit: 0.006896 bestmemit:   41.787302  -12.904270    1.000000   21.931442   17.869894
Iteration: 26 bestvalit: 0.006896 bestmemit:   41.787302  -12.904270    1.000000   21.931442   17.869894
Iteration: 27 bestvalit: 0.006896 bestmemit:   41.787302  -12.904270    1.000000   21.931442   17.869894
Iteration: 28 bestvalit: 0.006896 bestmemit:   41.787302  -12.904270    1.000000   21.931442   17.869894
Iteration: 29 bestvalit: 0.006827 bestmemit:   49.002470   -1.902830    1.000000   21.931442   17.869894
Iteration: 30 bestvalit: 0.006827 bestmemit:   49.002470   -1.902830    1.000000   21.931442   17.869894
Iteration: 31 bestvalit: 0.005327 bestmemit:   27.436857  -33.867739    1.000000    1.272355  296.969036
Iteration: 32 bestvalit: 0.003555 bestmemit:   38.148928    7.760376    1.000000    1.687550   90.177935
Iteration: 33 bestvalit: 0.003529 bestmemit:   35.760033   -8.154588    1.000000    1.687550   90.177935
Iteration: 34 bestvalit: 0.003529 bestmemit:   35.760033   -8.154588    1.000000    1.687550   90.177935
Iteration: 35 bestvalit: 0.003529 bestmemit:   35.760033   -8.154588    1.000000    1.687550   90.177935
Iteration: 36 bestvalit: 0.003341 bestmemit:   39.066777   23.311011    1.000000    3.774225   67.669639
Iteration: 37 bestvalit: 0.003341 bestmemit:   39.066777   23.311011    1.000000    3.774225   67.669639
Iteration: 38 bestvalit: 0.003341 bestmemit:   39.066777   23.311011    1.000000    3.774225   67.669639
Iteration: 39 bestvalit: 0.003341 bestmemit:   39.066777   23.311011    1.000000    3.774225   67.669639
Iteration: 40 bestvalit: 0.003246 bestmemit:   44.748674   46.973835    1.000000    2.879254   30.597787
Iteration: 41 bestvalit: 0.003246 bestmemit:   44.748674   46.973835    1.000000    2.879254   30.597787
Iteration: 42 bestvalit: 0.001967 bestmemit:   39.816823   -3.222168    1.000000    2.512240    5.299567
Iteration: 43 bestvalit: 0.001869 bestmemit:   37.650734    3.573499    1.000000    2.512240    5.299567
Iteration: 44 bestvalit: 0.001869 bestmemit:   37.650734    3.573499    1.000000    2.512240    5.299567
Iteration: 45 bestvalit: 0.001869 bestmemit:   37.650734    3.573499    1.000000    2.512240    5.299567
Iteration: 46 bestvalit: 0.001869 bestmemit:   37.650734    3.573499    1.000000    2.512240    5.299567
Iteration: 47 bestvalit: 0.001827 bestmemit:   36.601379    3.573499    1.000000    2.512240    5.299567
Iteration: 48 bestvalit: 0.001744 bestmemit:   36.601379    3.573499    1.000000    3.688741    5.299567
Iteration: 49 bestvalit: 0.001744 bestmemit:   36.601379    3.573499    1.000000    3.688741    5.299567
Iteration: 50 bestvalit: 0.001744 bestmemit:   36.601379    3.573499    1.000000    3.688741    5.299567
Iteration: 51 bestvalit: 0.001744 bestmemit:   36.601379    3.573499    1.000000    3.688741    5.299567
Iteration: 52 bestvalit: 0.001744 bestmemit:   36.601379    3.573499    1.000000    3.688741    5.299567
Iteration: 53 bestvalit: 0.001744 bestmemit:   36.601379    3.573499    1.000000    3.688741    5.299567
Iteration: 54 bestvalit: 0.001744 bestmemit:   36.601379    3.573499    1.000000    3.688741    5.299567
Iteration: 55 bestvalit: 0.001744 bestmemit:   36.601379    3.573499    1.000000    3.688741    5.299567
Iteration: 56 bestvalit: 0.001744 bestmemit:   36.601379    3.573499    1.000000    3.688741    5.299567
Iteration: 57 bestvalit: 0.001701 bestmemit:   32.134185   10.058371    1.000000    2.073261    2.185382
Iteration: 58 bestvalit: 0.001354 bestmemit:   22.545369   10.058371    1.000000    2.073261    2.185382
Iteration: 59 bestvalit: 0.001354 bestmemit:   22.545369   10.058371    1.000000    2.073261    2.185382
Iteration: 60 bestvalit: 0.001354 bestmemit:   22.545369   10.058371    1.000000    2.073261    2.185382
Iteration: 61 bestvalit: 0.001341 bestmemit:   22.545369   10.058371    1.000000    1.945499    2.185382
Iteration: 62 bestvalit: 0.001341 bestmemit:   22.545369   10.058371    1.000000    1.945499    2.185382
Iteration: 63 bestvalit: 0.001341 bestmemit:   22.545369   10.058371    1.000000    1.945499    2.185382
Iteration: 64 bestvalit: 0.001341 bestmemit:   22.545369   10.058371    1.000000    1.945499    2.185382
Iteration: 65 bestvalit: 0.001341 bestmemit:   22.545369   10.058371    1.000000    1.945499    2.185382
Iteration: 66 bestvalit: 0.001341 bestmemit:   22.545369   10.058371    1.000000    1.945499    2.185382
Iteration: 67 bestvalit: 0.001341 bestmemit:   22.545369   10.058371    1.000000    1.945499    2.185382
Iteration: 68 bestvalit: 0.001268 bestmemit:   21.015473   10.359767    1.000000    1.858429    0.234623
Iteration: 69 bestvalit: 0.001259 bestmemit:   19.475855   10.482552    1.000000    1.726342    0.467597
Iteration: 70 bestvalit: 0.001259 bestmemit:   19.475855   10.482552    1.000000    1.726342    0.467597
Iteration: 71 bestvalit: 0.001259 bestmemit:   19.475855   10.482552    1.000000    1.726342    0.467597
Iteration: 72 bestvalit: 0.001232 bestmemit:   12.510183   13.718586    1.000000    0.593631    1.287923
Iteration: 73 bestvalit: 0.001232 bestmemit:   12.510183   13.718586    1.000000    0.593631    1.287923
Iteration: 74 bestvalit: 0.001195 bestmemit:   17.665507   12.169893    1.000000    0.509799    1.096696
Iteration: 75 bestvalit: 0.001195 bestmemit:   17.665507   12.169893    1.000000    0.509799    1.096696
Iteration: 76 bestvalit: 0.001140 bestmemit:   12.510183   13.718586    1.000000    0.135860    1.287923
Iteration: 77 bestvalit: 0.001140 bestmemit:   12.510183   13.718586    1.000000    0.135860    1.287923
Iteration: 78 bestvalit: 0.001140 bestmemit:   12.510183   13.718586    1.000000    0.135860    1.287923
Iteration: 79 bestvalit: 0.001140 bestmemit:   12.510183   13.718586    1.000000    0.135860    1.287923
Iteration: 80 bestvalit: 0.001140 bestmemit:   12.510183   13.718586    1.000000    0.135860    1.287923
Iteration: 81 bestvalit: 0.001140 bestmemit:   12.510183   13.718586    1.000000    0.135860    1.287923
Iteration: 82 bestvalit: 0.001140 bestmemit:   12.510183   13.718586    1.000000    0.135860    1.287923
Iteration: 83 bestvalit: 0.001140 bestmemit:   12.510183   13.718586    1.000000    0.135860    1.287923
Iteration: 84 bestvalit: 0.001140 bestmemit:   12.510183   13.718586    1.000000    0.135860    1.287923
Iteration: 85 bestvalit: 0.001135 bestmemit:   16.245063   11.053094    1.000000    0.161783    0.601588
Iteration: 86 bestvalit: 0.001135 bestmemit:   16.245063   11.053094    1.000000    0.161783    0.601588
Iteration: 87 bestvalit: 0.001128 bestmemit:   12.373407   13.718586    1.000000    0.135860    1.077569
Iteration: 88 bestvalit: 0.001128 bestmemit:   12.373407   13.718586    1.000000    0.135860    1.077569
Iteration: 89 bestvalit: 0.001128 bestmemit:   12.373407   13.718586    1.000000    0.135860    1.077569
Iteration: 90 bestvalit: 0.001128 bestmemit:   12.373407   13.718586    1.000000    0.135860    1.077569
Iteration: 91 bestvalit: 0.001123 bestmemit:   15.448783   12.454844    1.000000    0.502834    0.485979
Iteration: 92 bestvalit: 0.001122 bestmemit:   14.703761   13.243311    1.000000    0.603791    0.397290
Iteration: 93 bestvalit: 0.001114 bestmemit:   11.579777   14.735406    1.000000    0.242121    0.000973
Iteration: 94 bestvalit: 0.001114 bestmemit:   11.579777   14.735406    1.000000    0.242121    0.000973
Iteration: 95 bestvalit: 0.001114 bestmemit:   11.579777   14.735406    1.000000    0.242121    0.000973
Iteration: 96 bestvalit: 0.001114 bestmemit:   11.579777   14.735406    1.000000    0.242121    0.000973
Iteration: 97 bestvalit: 0.001109 bestmemit:   14.759483   12.454844    1.000000    0.502834    0.387060
Iteration: 98 bestvalit: 0.001103 bestmemit:   11.579777   14.735406    1.000000    0.242121    0.158254
Iteration: 99 bestvalit: 0.001103 bestmemit:   11.579777   14.735406    1.000000    0.242121    0.158254
Iteration: 100 bestvalit: 0.001103 bestmemit:   11.579777   14.735406    1.000000    0.242121    0.158254
Iteration: 101 bestvalit: 0.001103 bestmemit:   11.579777   14.735406    1.000000    0.242121    0.158254
Iteration: 102 bestvalit: 0.001085 bestmemit:   11.579777   13.758957    1.000000    0.184840    0.110557
Iteration: 103 bestvalit: 0.001085 bestmemit:   11.579777   13.758957    1.000000    0.184840    0.110557
Iteration: 104 bestvalit: 0.001085 bestmemit:   11.579777   13.758957    1.000000    0.184840    0.110557
Iteration: 105 bestvalit: 0.001085 bestmemit:   11.579777   13.758957    1.000000    0.184840    0.110557
Iteration: 106 bestvalit: 0.001085 bestmemit:   11.579777   13.758957    1.000000    0.184840    0.097921
Iteration: 107 bestvalit: 0.001085 bestmemit:   11.579777   13.758957    1.000000    0.184840    0.097921
Iteration: 108 bestvalit: 0.001085 bestmemit:   11.579777   13.758957    1.000000    0.184840    0.097921
Iteration: 109 bestvalit: 0.001085 bestmemit:   11.579777   13.758957    1.000000    0.184840    0.097921
Iteration: 110 bestvalit: 0.001085 bestmemit:   11.579777   13.758957    1.000000    0.184840    0.097921
Iteration: 111 bestvalit: 0.001085 bestmemit:   11.579777   13.758957    1.000000    0.184840    0.097921
Iteration: 112 bestvalit: 0.001082 bestmemit:   12.158249   13.521791    1.000000    0.174738    0.021416
Iteration: 113 bestvalit: 0.001082 bestmemit:   12.158249   13.521791    1.000000    0.174738    0.021416
Iteration: 114 bestvalit: 0.001082 bestmemit:   12.158249   13.521791    1.000000    0.174738    0.021416
Iteration: 115 bestvalit: 0.001082 bestmemit:   12.158249   13.521791    1.000000    0.174738    0.021416
Iteration: 116 bestvalit: 0.001079 bestmemit:   12.951728   12.735498    1.000000    0.095454    0.076876
Iteration: 117 bestvalit: 0.001079 bestmemit:   12.951728   12.735498    1.000000    0.095454    0.076876
Iteration: 118 bestvalit: 0.001079 bestmemit:   12.951728   12.735498    1.000000    0.095454    0.076876
Iteration: 119 bestvalit: 0.001079 bestmemit:   11.562046   13.278170    1.000000    0.016092    0.117537
Iteration: 120 bestvalit: 0.001079 bestmemit:   11.562046   13.278170    1.000000    0.016092    0.117537
Iteration: 121 bestvalit: 0.001079 bestmemit:   11.562046   13.278170    1.000000    0.016092    0.117537
Iteration: 122 bestvalit: 0.001079 bestmemit:   11.562046   13.278170    1.000000    0.016092    0.117537
Iteration: 123 bestvalit: 0.001079 bestmemit:   11.562046   13.278170    1.000000    0.016092    0.117537
Iteration: 124 bestvalit: 0.001079 bestmemit:   11.562046   13.278170    1.000000    0.016092    0.117537
Iteration: 125 bestvalit: 0.001079 bestmemit:   11.562046   13.278170    1.000000    0.016092    0.117537
Iteration: 126 bestvalit: 0.001077 bestmemit:   12.528766   12.725016    1.000000    0.077178    0.146791
Iteration: 127 bestvalit: 0.001077 bestmemit:   12.528766   12.725016    1.000000    0.077178    0.146791
Iteration: 128 bestvalit: 0.001075 bestmemit:   12.528766   12.725016    1.000000    0.021063    0.118726
Iteration: 129 bestvalit: 0.001074 bestmemit:   12.798874   12.411608    1.000000    0.027699    0.044874
Iteration: 130 bestvalit: 0.001074 bestmemit:   12.798874   12.411608    1.000000    0.027699    0.044874
Iteration: 131 bestvalit: 0.001074 bestmemit:   12.798874   12.411608    1.000000    0.027699    0.044874
Iteration: 132 bestvalit: 0.001074 bestmemit:   12.798874   12.411608    1.000000    0.027699    0.044874
Iteration: 133 bestvalit: 0.001074 bestmemit:   12.798874   12.411608    1.000000    0.027699    0.044874
Iteration: 134 bestvalit: 0.001074 bestmemit:   12.798874   12.411608    1.000000    0.027699    0.044874
Iteration: 135 bestvalit: 0.001074 bestmemit:   12.798874   12.411608    1.000000    0.027699    0.044874
Iteration: 136 bestvalit: 0.001074 bestmemit:   12.798874   12.411608    1.000000    0.027699    0.044874
Iteration: 137 bestvalit: 0.001073 bestmemit:   12.592346   12.540789    1.000000    0.027001    0.012307
Iteration: 138 bestvalit: 0.001073 bestmemit:   12.592346   12.540789    1.000000    0.027001    0.012307
Iteration: 139 bestvalit: 0.001073 bestmemit:   12.592346   12.540789    1.000000    0.027001    0.012307
Iteration: 140 bestvalit: 0.001073 bestmemit:   12.495659   12.540789    1.000000    0.027001    0.012307
Iteration: 141 bestvalit: 0.001073 bestmemit:   12.495659   12.540789    1.000000    0.027001    0.012307
Iteration: 142 bestvalit: 0.001073 bestmemit:   12.495659   12.540789    1.000000    0.027001    0.012307
Iteration: 143 bestvalit: 0.001073 bestmemit:   12.495659   12.540789    1.000000    0.027001    0.012307
Iteration: 144 bestvalit: 0.001073 bestmemit:   12.495659   12.540789    1.000000    0.027001    0.012307
Iteration: 145 bestvalit: 0.001073 bestmemit:   12.495659   12.540789    1.000000    0.027001    0.008885
Iteration: 146 bestvalit: 0.001073 bestmemit:   12.495659   12.540789    1.000000    0.027001    0.008885
Iteration: 147 bestvalit: 0.001073 bestmemit:   12.495659   12.540789    1.000000    0.027001    0.008885
Iteration: 148 bestvalit: 0.001073 bestmemit:   12.495659   12.540789    1.000000    0.027001    0.008885
Iteration: 149 bestvalit: 0.001073 bestmemit:   12.495659   12.540789    1.000000    0.027001    0.008885
Iteration: 150 bestvalit: 0.001073 bestmemit:   12.495659   12.540789    1.000000    0.027001    0.008885
Iteration: 151 bestvalit: 0.001072 bestmemit:   12.376706   12.528183    1.000000    0.018614    0.002615
Iteration: 152 bestvalit: 0.001072 bestmemit:   12.376706   12.528183    1.000000    0.018614    0.002615
Iteration: 153 bestvalit: 0.001072 bestmemit:   12.376706   12.528183    1.000000    0.018614    0.002615
Iteration: 154 bestvalit: 0.001072 bestmemit:   12.376706   12.528183    1.000000    0.018614    0.002615
Iteration: 155 bestvalit: 0.001072 bestmemit:   12.376706   12.528183    1.000000    0.018614    0.002615
Iteration: 156 bestvalit: 0.001072 bestmemit:   12.376706   12.528183    1.000000    0.018614    0.002615
Iteration: 157 bestvalit: 0.001072 bestmemit:   12.376706   12.528183    1.000000    0.018614    0.002615
Iteration: 158 bestvalit: 0.001072 bestmemit:   12.376706   12.528183    1.000000    0.018614    0.002615
Iteration: 159 bestvalit: 0.001072 bestmemit:   12.376706   12.528183    1.000000    0.018614    0.002615
Iteration: 160 bestvalit: 0.001072 bestmemit:   12.376706   12.528183    1.000000    0.018614    0.002615
Iteration: 161 bestvalit: 0.001072 bestmemit:   12.376706   12.528183    1.000000    0.018614    0.002615
Iteration: 162 bestvalit: 0.001072 bestmemit:   12.376706   12.528183    1.000000    0.018614    0.002615
Iteration: 163 bestvalit: 0.001072 bestmemit:   12.246640   12.778673    1.000000    0.016098    0.003950
Iteration: 164 bestvalit: 0.001072 bestmemit:   12.512046   12.464024    1.000000    0.019965    0.003957
Iteration: 165 bestvalit: 0.001072 bestmemit:   12.350741   12.588050    1.000000    0.007860    0.010004
Iteration: 166 bestvalit: 0.001072 bestmemit:   12.350741   12.588050    1.000000    0.007860    0.010004
Iteration: 167 bestvalit: 0.001072 bestmemit:   12.376706   12.528183    1.000000    0.005069    0.002615
Iteration: 168 bestvalit: 0.001072 bestmemit:   12.376706   12.528183    1.000000    0.005069    0.002615
Iteration: 169 bestvalit: 0.001072 bestmemit:   12.512046   12.464024    1.000000    0.003239    0.003957
Iteration: 170 bestvalit: 0.001072 bestmemit:   12.512046   12.464024    1.000000    0.003239    0.003957
Iteration: 171 bestvalit: 0.001072 bestmemit:   12.512046   12.464024    1.000000    0.003239    0.003957
Iteration: 172 bestvalit: 0.001072 bestmemit:   12.512046   12.464024    1.000000    0.003239    0.003957
Iteration: 173 bestvalit: 0.001072 bestmemit:   12.350741   12.588050    1.000000    0.004446    0.000150
Iteration: 174 bestvalit: 0.001072 bestmemit:   12.350741   12.588050    1.000000    0.004446    0.000150
Iteration: 175 bestvalit: 0.001072 bestmemit:   12.350741   12.588050    1.000000    0.004446    0.000150
Iteration: 176 bestvalit: 0.001072 bestmemit:   12.350741   12.588050    1.000000    0.004446    0.000150
Iteration: 177 bestvalit: 0.001072 bestmemit:   12.350741   12.588050    1.000000    0.004446    0.000150
Iteration: 178 bestvalit: 0.001072 bestmemit:   12.350741   12.588050    1.000000    0.004446    0.000150
Iteration: 179 bestvalit: 0.001072 bestmemit:   12.350741   12.588050    1.000000    0.004446    0.000150
Iteration: 180 bestvalit: 0.001072 bestmemit:   12.350741   12.588050    1.000000    0.004446    0.000150
Iteration: 181 bestvalit: 0.001072 bestmemit:   12.350741   12.588050    1.000000    0.004446    0.000150
Iteration: 182 bestvalit: 0.001072 bestmemit:   12.350741   12.588050    1.000000    0.004446    0.000150
Iteration: 183 bestvalit: 0.001072 bestmemit:   12.350741   12.588050    1.000000    0.004446    0.000150
Iteration: 184 bestvalit: 0.001072 bestmemit:   12.350741   12.588050    1.000000    0.004446    0.000150
Iteration: 185 bestvalit: 0.001072 bestmemit:   12.350741   12.588050    1.000000    0.004446    0.000150
Iteration: 186 bestvalit: 0.001072 bestmemit:   12.350741   12.588050    1.000000    0.004446    0.000150
Iteration: 187 bestvalit: 0.001072 bestmemit:   12.350741   12.588050    1.000000    0.004446    0.000150
Iteration: 188 bestvalit: 0.001072 bestmemit:   12.350741   12.588050    1.000000    0.004446    0.000150
Iteration: 189 bestvalit: 0.001072 bestmemit:   12.350741   12.588050    1.000000    0.004446    0.000150
Iteration: 190 bestvalit: 0.001072 bestmemit:   12.350741   12.588050    1.000000    0.004446    0.000150
Iteration: 191 bestvalit: 0.001072 bestmemit:   12.379849   12.565782    1.000000    0.001451    0.000088
Iteration: 192 bestvalit: 0.001072 bestmemit:   12.379849   12.565782    1.000000    0.001451    0.000088
Iteration: 193 bestvalit: 0.001072 bestmemit:   12.379849   12.565782    1.000000    0.001451    0.000088
Iteration: 194 bestvalit: 0.001072 bestmemit:   12.379849   12.565782    1.000000    0.001451    0.000088
Iteration: 195 bestvalit: 0.001072 bestmemit:   12.379849   12.565782    1.000000    0.001451    0.000088
Iteration: 196 bestvalit: 0.001072 bestmemit:   12.351262   12.590051    1.000000    0.000988    0.000323
Iteration: 197 bestvalit: 0.001072 bestmemit:   12.351262   12.590051    1.000000    0.000988    0.000323
Iteration: 198 bestvalit: 0.001072 bestmemit:   12.351262   12.590051    1.000000    0.000988    0.000323
Iteration: 199 bestvalit: 0.001072 bestmemit:   12.351262   12.590051    1.000000    0.000988    0.000323
Iteration: 200 bestvalit: 0.001072 bestmemit:   12.351262   12.590051    1.000000    0.000988    0.000323
Iteration: 201 bestvalit: 0.001072 bestmemit:   12.379849   12.565782    1.000000    0.000358    0.000088
Iteration: 202 bestvalit: 0.001072 bestmemit:   12.379849   12.565782    1.000000    0.000358    0.000088
Iteration: 203 bestvalit: 0.001072 bestmemit:   12.379849   12.565782    1.000000    0.000358    0.000088
Iteration: 204 bestvalit: 0.001072 bestmemit:   12.379849   12.565782    1.000000    0.000358    0.000088
Iteration: 205 bestvalit: 0.001072 bestmemit:   12.379849   12.565782    1.000000    0.000358    0.000088
Iteration: 206 bestvalit: 0.001072 bestmemit:   12.379849   12.565782    1.000000    0.000358    0.000088
Iteration: 207 bestvalit: 0.001072 bestmemit:   12.350741   12.588050    1.000000    0.000132    0.000150
Iteration: 208 bestvalit: 0.001072 bestmemit:   12.350741   12.588050    1.000000    0.000132    0.000150
Iteration: 209 bestvalit: 0.001072 bestmemit:   12.350741   12.588050    1.000000    0.000132    0.000150
Iteration: 210 bestvalit: 0.001072 bestmemit:   12.350741   12.588050    1.000000    0.000132    0.000150
Iteration: 211 bestvalit: 0.001072 bestmemit:   12.350741   12.588050    1.000000    0.000132    0.000150
Iteration: 212 bestvalit: 0.001072 bestmemit:   12.350741   12.588050    1.000000    0.000132    0.000150
Iteration: 213 bestvalit: 0.001072 bestmemit:   12.350741   12.588050    1.000000    0.000132    0.000150
Iteration: 214 bestvalit: 0.001072 bestmemit:   12.350741   12.588050    1.000000    0.000132    0.000150
Iteration: 215 bestvalit: 0.001072 bestmemit:   12.350741   12.588050    1.000000    0.000132    0.000150
Iteration: 216 bestvalit: 0.001072 bestmemit:   12.350741   12.593095    1.000000    0.000132    0.000150
Iteration: 217 bestvalit: 0.001072 bestmemit:   12.322457   12.610270    1.000000    0.000089    0.000048
Iteration: 218 bestvalit: 0.001072 bestmemit:   12.322457   12.610270    1.000000    0.000089    0.000048
Iteration: 219 bestvalit: 0.001072 bestmemit:   12.322457   12.610270    1.000000    0.000089    0.000048
Iteration: 220 bestvalit: 0.001072 bestmemit:   12.322457   12.610270    1.000000    0.000089    0.000048
Iteration: 221 bestvalit: 0.001072 bestmemit:   12.322457   12.610270    1.000000    0.000089    0.000048
Iteration: 222 bestvalit: 0.001072 bestmemit:   12.339617   12.599666    1.000000    0.000037    0.000063
Iteration: 223 bestvalit: 0.001072 bestmemit:   12.339617   12.599666    1.000000    0.000037    0.000063
Iteration: 224 bestvalit: 0.001072 bestmemit:   12.339617   12.599666    1.000000    0.000037    0.000063
Iteration: 225 bestvalit: 0.001072 bestmemit:   12.339617   12.599666    1.000000    0.000037    0.000063
Iteration: 226 bestvalit: 0.001072 bestmemit:   12.339617   12.599666    1.000000    0.000037    0.000063
Iteration: 227 bestvalit: 0.001072 bestmemit:   12.339617   12.599666    1.000000    0.000037    0.000063
Iteration: 228 bestvalit: 0.001072 bestmemit:   12.339617   12.599666    1.000000    0.000037    0.000063
Iteration: 229 bestvalit: 0.001072 bestmemit:   12.339617   12.599666    1.000000    0.000037    0.000063
Iteration: 230 bestvalit: 0.001072 bestmemit:   12.339617   12.599666    1.000000    0.000006    0.000063
Iteration: 231 bestvalit: 0.001072 bestmemit:   12.341415   12.598524    1.000000    0.000011    0.000015
Iteration: 232 bestvalit: 0.001072 bestmemit:   12.341415   12.598524    1.000000    0.000011    0.000015
Iteration: 233 bestvalit: 0.001072 bestmemit:   12.341415   12.598524    1.000000    0.000011    0.000015
Iteration: 234 bestvalit: 0.001072 bestmemit:   12.341415   12.598524    1.000000    0.000011    0.000015
Iteration: 235 bestvalit: 0.001072 bestmemit:   12.341415   12.598524    1.000000    0.000011    0.000015
Iteration: 236 bestvalit: 0.001072 bestmemit:   12.341415   12.598524    1.000000    0.000011    0.000015
Iteration: 237 bestvalit: 0.001072 bestmemit:   12.341415   12.598524    1.000000    0.000011    0.000015
Iteration: 238 bestvalit: 0.001072 bestmemit:   12.341415   12.598524    1.000000    0.000011    0.000015
Iteration: 239 bestvalit: 0.001072 bestmemit:   12.347038   12.591098    1.000000    0.000008    0.000008
Iteration: 240 bestvalit: 0.001072 bestmemit:   12.347038   12.591098    1.000000    0.000008    0.000008
Iteration: 241 bestvalit: 0.001072 bestmemit:   12.347038   12.591098    1.000000    0.000008    0.000008
Iteration: 242 bestvalit: 0.001072 bestmemit:   12.343532   12.594305    1.000000    0.000014    0.000001
Iteration: 243 bestvalit: 0.001072 bestmemit:   12.343532   12.594305    1.000000    0.000014    0.000001
Iteration: 244 bestvalit: 0.001072 bestmemit:   12.343532   12.594835    1.000000    0.000014    0.000001
Iteration: 245 bestvalit: 0.001072 bestmemit:   12.343532   12.594835    1.000000    0.000014    0.000001
Iteration: 246 bestvalit: 0.001072 bestmemit:   12.343532   12.594835    1.000000    0.000014    0.000001
Iteration: 247 bestvalit: 0.001072 bestmemit:   12.343532   12.594835    1.000000    0.000014    0.000001
Iteration: 248 bestvalit: 0.001072 bestmemit:   12.343532   12.594835    1.000000    0.000014    0.000001
Iteration: 249 bestvalit: 0.001072 bestmemit:   12.339858   12.600476    1.000000    0.000006    0.000001
Iteration: 250 bestvalit: 0.001072 bestmemit:   12.339858   12.600476    1.000000    0.000006    0.000001
Iteration: 251 bestvalit: 0.001072 bestmemit:   12.348997   12.592459    1.000000    0.000002    0.000007
Iteration: 252 bestvalit: 0.001072 bestmemit:   12.340979   12.597816    1.000000    0.000008    0.000000
Iteration: 253 bestvalit: 0.001072 bestmemit:   12.340979   12.597816    1.000000    0.000002    0.000000
Iteration: 254 bestvalit: 0.001072 bestmemit:   12.340979   12.597816    1.000000    0.000002    0.000000
Iteration: 255 bestvalit: 0.001072 bestmemit:   12.340979   12.597816    1.000000    0.000002    0.000000
Iteration: 256 bestvalit: 0.001072 bestmemit:   12.340979   12.597816    1.000000    0.000002    0.000000
Iteration: 257 bestvalit: 0.001072 bestmemit:   12.340979   12.597816    1.000000    0.000002    0.000000
Iteration: 258 bestvalit: 0.001072 bestmemit:   12.343163   12.596598    1.000000    0.000001    0.000002
Iteration: 259 bestvalit: 0.001072 bestmemit:   12.345516   12.594939    1.000000    0.000001    0.000001
Iteration: 260 bestvalit: 0.001072 bestmemit:   12.345516   12.594939    1.000000    0.000001    0.000001
Iteration: 261 bestvalit: 0.001072 bestmemit:   12.345516   12.594939    1.000000    0.000001    0.000001
Iteration: 262 bestvalit: 0.001072 bestmemit:   12.345516   12.594939    1.000000    0.000001    0.000001
Iteration: 263 bestvalit: 0.001072 bestmemit:   12.345516   12.594939    1.000000    0.000001    0.000001
Iteration: 264 bestvalit: 0.001072 bestmemit:   12.345516   12.594939    1.000000    0.000001    0.000001
Iteration: 265 bestvalit: 0.001072 bestmemit:   12.345516   12.594939    1.000000    0.000001    0.000001
Iteration: 266 bestvalit: 0.001072 bestmemit:   12.345516   12.594939    1.000000    0.000001    0.000001
Iteration: 267 bestvalit: 0.001072 bestmemit:   12.345516   12.594939    1.000000    0.000001    0.000001
Iteration: 268 bestvalit: 0.001072 bestmemit:   12.346738   12.593844    1.000000    0.000001    0.000001
Iteration: 269 bestvalit: 0.001072 bestmemit:   12.346738   12.593844    1.000000    0.000001    0.000001
Iteration: 270 bestvalit: 0.001072 bestmemit:   12.346738   12.593844    1.000000    0.000001    0.000001
Iteration: 271 bestvalit: 0.001072 bestmemit:   12.344338   12.595093    1.000000    0.000001    0.000000
Iteration: 272 bestvalit: 0.001072 bestmemit:   12.344338   12.595093    1.000000    0.000001    0.000000
Iteration: 273 bestvalit: 0.001072 bestmemit:   12.345839   12.594780    1.000000    0.000000    0.000000
Iteration: 274 bestvalit: 0.001072 bestmemit:   12.345839   12.594780    1.000000    0.000000    0.000000
Iteration: 275 bestvalit: 0.001072 bestmemit:   12.345839   12.594780    1.000000    0.000000    0.000000
Iteration: 276 bestvalit: 0.001072 bestmemit:   12.345839   12.594780    1.000000    0.000000    0.000000
Iteration: 277 bestvalit: 0.001072 bestmemit:   12.345839   12.594780    1.000000    0.000000    0.000000
Iteration: 278 bestvalit: 0.001072 bestmemit:   12.345663   12.594134    1.000000    0.000000    0.000000
Iteration: 279 bestvalit: 0.001072 bestmemit:   12.345663   12.594134    1.000000    0.000000    0.000000
Iteration: 280 bestvalit: 0.001072 bestmemit:   12.345663   12.594134    1.000000    0.000000    0.000000
Iteration: 281 bestvalit: 0.001072 bestmemit:   12.345663   12.594134    1.000000    0.000000    0.000000
Iteration: 282 bestvalit: 0.001072 bestmemit:   12.345663   12.594134    1.000000    0.000000    0.000000
Iteration: 283 bestvalit: 0.001072 bestmemit:   12.345222   12.594987    1.000000    0.000000    0.000000
Iteration: 284 bestvalit: 0.001072 bestmemit:   12.345222   12.594987    1.000000    0.000000    0.000000
Iteration: 285 bestvalit: 0.001072 bestmemit:   12.345093   12.595185    1.000000    0.000000    0.000000
Iteration: 286 bestvalit: 0.001072 bestmemit:   12.345093   12.595185    1.000000    0.000000    0.000000
Iteration: 287 bestvalit: 0.001072 bestmemit:   12.345093   12.595185    1.000000    0.000000    0.000000
Iteration: 288 bestvalit: 0.001072 bestmemit:   12.345289   12.594942    1.000000    0.000000    0.000000
Iteration: 289 bestvalit: 0.001072 bestmemit:   12.345289   12.594942    1.000000    0.000000    0.000000
Iteration: 290 bestvalit: 0.001072 bestmemit:   12.345289   12.594942    1.000000    0.000000    0.000000
Iteration: 291 bestvalit: 0.001072 bestmemit:   12.345289   12.594942    1.000000    0.000000    0.000000
Iteration: 292 bestvalit: 0.001072 bestmemit:   12.345289   12.594942    1.000000    0.000000    0.000000
Iteration: 293 bestvalit: 0.001072 bestmemit:   12.345289   12.594942    1.000000    0.000000    0.000000
Iteration: 294 bestvalit: 0.001072 bestmemit:   12.345289   12.594942    1.000000    0.000000    0.000000
Iteration: 295 bestvalit: 0.001072 bestmemit:   12.345327   12.594756    1.000000    0.000000    0.000000
Iteration: 296 bestvalit: 0.001072 bestmemit:   12.345327   12.594756    1.000000    0.000000    0.000000
Iteration: 297 bestvalit: 0.001072 bestmemit:   12.345327   12.594756    1.000000    0.000000    0.000000
Iteration: 298 bestvalit: 0.001072 bestmemit:   12.345327   12.594756    1.000000    0.000000    0.000000
Iteration: 299 bestvalit: 0.001072 bestmemit:   12.345327   12.594756    1.000000    0.000000    0.000000
Iteration: 300 bestvalit: 0.001072 bestmemit:   12.345197   12.594891    1.000000    0.000000    0.000000
Iteration: 301 bestvalit: 0.001072 bestmemit:   12.345197   12.594891    1.000000    0.000000    0.000000
Iteration: 302 bestvalit: 0.001072 bestmemit:   12.345197   12.594891    1.000000    0.000000    0.000000
Iteration: 303 bestvalit: 0.001072 bestmemit:   12.345197   12.594891    1.000000    0.000000    0.000000
Iteration: 304 bestvalit: 0.001072 bestmemit:   12.345197   12.594891    1.000000    0.000000    0.000000
Iteration: 305 bestvalit: 0.001072 bestmemit:   12.345197   12.594891    1.000000    0.000000    0.000000
Iteration: 306 bestvalit: 0.001072 bestmemit:   12.345197   12.594891    1.000000    0.000000    0.000000
Iteration: 307 bestvalit: 0.001072 bestmemit:   12.345197   12.594891    1.000000    0.000000    0.000000
Iteration: 308 bestvalit: 0.001072 bestmemit:   12.345197   12.594891    1.000000    0.000000    0.000000
Iteration: 309 bestvalit: 0.001072 bestmemit:   12.345245   12.594834    1.000000    0.000000    0.000000
Iteration: 310 bestvalit: 0.001072 bestmemit:   12.345245   12.594862    1.000000    0.000000    0.000000
Iteration: 311 bestvalit: 0.001072 bestmemit:   12.345197   12.594891    1.000000    0.000000    0.000000
Iteration: 312 bestvalit: 0.001072 bestmemit:   12.345197   12.594891    1.000000    0.000000    0.000000
Iteration: 313 bestvalit: 0.001072 bestmemit:   12.345197   12.594891    1.000000    0.000000    0.000000
Iteration: 314 bestvalit: 0.001072 bestmemit:   12.345034   12.595180    1.000000    0.000000    0.000000
Iteration: 315 bestvalit: 0.001072 bestmemit:   12.345034   12.595180    1.000000    0.000000    0.000000
Iteration: 316 bestvalit: 0.001072 bestmemit:   12.345196   12.594993    1.000000    0.000000    0.000000
Iteration: 317 bestvalit: 0.001072 bestmemit:   12.345196   12.594993    1.000000    0.000000    0.000000
Iteration: 318 bestvalit: 0.001072 bestmemit:   12.345196   12.594993    1.000000    0.000000    0.000000
Iteration: 319 bestvalit: 0.001072 bestmemit:   12.345196   12.594993    1.000000    0.000000    0.000000
Iteration: 320 bestvalit: 0.001072 bestmemit:   12.345196   12.594993    1.000000    0.000000    0.000000
Iteration: 321 bestvalit: 0.001072 bestmemit:   12.345196   12.594993    1.000000    0.000000    0.000000
Iteration: 322 bestvalit: 0.001072 bestmemit:   12.345196   12.594993    1.000000    0.000000    0.000000
Iteration: 323 bestvalit: 0.001072 bestmemit:   12.345196   12.594993    1.000000    0.000000    0.000000
Iteration: 324 bestvalit: 0.001072 bestmemit:   12.345196   12.594993    1.000000    0.000000    0.000000
Iteration: 325 bestvalit: 0.001072 bestmemit:   12.345049   12.595040    1.000000    0.000000    0.000000
Iteration: 326 bestvalit: 0.001072 bestmemit:   12.345303   12.594831    1.000000    0.000000    0.000000
Iteration: 327 bestvalit: 0.001072 bestmemit:   12.345303   12.594849    1.000000    0.000000    0.000000
Iteration: 328 bestvalit: 0.001072 bestmemit:   12.345117   12.595038    1.000000    0.000000    0.000000
Iteration: 329 bestvalit: 0.001072 bestmemit:   12.345117   12.595038    1.000000    0.000000    0.000000
Iteration: 330 bestvalit: 0.001072 bestmemit:   12.345121   12.594971    1.000000    0.000000    0.000000
Iteration: 331 bestvalit: 0.001072 bestmemit:   12.345121   12.594971    1.000000    0.000000    0.000000
Iteration: 332 bestvalit: 0.001072 bestmemit:   12.345089   12.595046    1.000000    0.000000    0.000000
Iteration: 333 bestvalit: 0.001072 bestmemit:   12.345089   12.595046    1.000000    0.000000    0.000000
Iteration: 334 bestvalit: 0.001072 bestmemit:   12.345089   12.595046    1.000000    0.000000    0.000000
Iteration: 335 bestvalit: 0.001072 bestmemit:   12.345089   12.595046    1.000000    0.000000    0.000000
Iteration: 336 bestvalit: 0.001072 bestmemit:   12.345152   12.594994    1.000000    0.000000    0.000000
Iteration: 337 bestvalit: 0.001072 bestmemit:   12.345152   12.594994    1.000000    0.000000    0.000000
Iteration: 338 bestvalit: 0.001072 bestmemit:   12.345152   12.594994    1.000000    0.000000    0.000000
Iteration: 339 bestvalit: 0.001072 bestmemit:   12.345152   12.594994    1.000000    0.000000    0.000000
Iteration: 340 bestvalit: 0.001072 bestmemit:   12.345152   12.594994    1.000000    0.000000    0.000000
Iteration: 341 bestvalit: 0.001072 bestmemit:   12.345187   12.594964    1.000000    0.000000    0.000000
Iteration: 342 bestvalit: 0.001072 bestmemit:   12.345146   12.594983    1.000000    0.000000    0.000000

***** summary of DEoptim object ***** 
best member   :  12.34515 12.59498 1 0 0 
best value    :  0.00107 
after         :  342 generations 
fn evaluated  :  686 times 
*************************************
