SLURM_JOB_ID: 55402994
SLURM_JOB_USER: vsc34066
SLURM_JOB_ACCOUNT: lp_desenderlab
SLURM_JOB_NAME: par_recov_alternating_fb_sim_alpha_learn.slurm
SLURM_CLUSTER_NAME: genius
SLURM_JOB_PARTITION: batch
SLURM_ARRAY_JOB_ID: 55402977
SLURM_ARRAY_TASK_ID: 17
SLURM_NNODES: 1
SLURM_NODELIST: r22i27n12
SLURM_JOB_CPUS_PER_NODE: 8
Date: Sun Dec  3 23:43:57 CET 2023
Walltime: 01-06:00:00
========================================================================
Iteration: 1 bestvalit: 0.041691 bestmemit:   39.632061   30.094055    1.000000  819.606606  138.471881
Iteration: 2 bestvalit: 0.041691 bestmemit:   39.632061   30.094055    1.000000  819.606606  138.471881
Iteration: 3 bestvalit: 0.040972 bestmemit:   39.632061   17.413290    1.000000  819.606606  138.471881
Iteration: 4 bestvalit: 0.037245 bestmemit:   41.984646  -44.944144    1.000000  819.606606  138.471881
Iteration: 5 bestvalit: 0.018934 bestmemit:   38.107822   32.846903    1.000000   95.162422  138.471881
Iteration: 6 bestvalit: 0.018934 bestmemit:   38.107822   32.846903    1.000000   95.162422  138.471881
Iteration: 7 bestvalit: 0.018810 bestmemit:   38.107822   22.447727    1.000000   95.162422  138.471881
Iteration: 8 bestvalit: 0.018810 bestmemit:   38.107822   22.447727    1.000000   95.162422  138.471881
Iteration: 9 bestvalit: 0.018810 bestmemit:   38.107822   22.447727    1.000000   95.162422  138.471881
Iteration: 10 bestvalit: 0.018810 bestmemit:   38.107822   22.447727    1.000000   95.162422  138.471881
Iteration: 11 bestvalit: 0.018810 bestmemit:   38.107822   22.447727    1.000000   95.162422  138.471881
Iteration: 12 bestvalit: 0.018810 bestmemit:   38.107822   22.447727    1.000000   95.162422  138.471881
Iteration: 13 bestvalit: 0.018810 bestmemit:   38.107822   22.447727    1.000000   95.162422  138.471881
Iteration: 14 bestvalit: 0.018810 bestmemit:   38.107822   22.447727    1.000000   95.162422  138.471881
Iteration: 15 bestvalit: 0.018810 bestmemit:   38.107822   22.447727    1.000000   95.162422  138.471881
Iteration: 16 bestvalit: 0.018810 bestmemit:   38.107822   22.447727    1.000000   95.162422  138.471881
Iteration: 17 bestvalit: 0.018584 bestmemit:   38.107822  -22.674870    1.000000   95.162422  138.471881
Iteration: 18 bestvalit: 0.013971 bestmemit:   27.558247  -47.352848    1.000000   27.717215  154.767682
Iteration: 19 bestvalit: 0.011552 bestmemit:   42.153470  -16.475076    1.000000    2.140153  241.591779
Iteration: 20 bestvalit: 0.011150 bestmemit:   38.107822  -77.247347    1.000000   11.693639  138.471881
Iteration: 21 bestvalit: 0.011150 bestmemit:   38.107822  -77.247347    1.000000   11.693639  138.471881
Iteration: 22 bestvalit: 0.009046 bestmemit:   26.131583  -12.450834    1.000000   10.429006   34.998530
Iteration: 23 bestvalit: 0.009046 bestmemit:   26.131583  -12.450834    1.000000   10.429006   34.998530
Iteration: 24 bestvalit: 0.009046 bestmemit:   26.131583  -12.450834    1.000000   10.429006   34.998530
Iteration: 25 bestvalit: 0.009046 bestmemit:   26.131583  -12.450834    1.000000   10.429006   34.998530
Iteration: 26 bestvalit: 0.009046 bestmemit:   26.131583  -12.450834    1.000000   10.429006   34.998530
Iteration: 27 bestvalit: 0.009046 bestmemit:   26.131583  -12.450834    1.000000   10.429006   34.998530
Iteration: 28 bestvalit: 0.009046 bestmemit:   26.131583  -12.450834    1.000000   10.429006   34.998530
Iteration: 29 bestvalit: 0.009046 bestmemit:   26.131583  -12.450834    1.000000   10.429006   34.998530
Iteration: 30 bestvalit: 0.009046 bestmemit:   26.131583  -12.450834    1.000000   10.429006   34.998530
Iteration: 31 bestvalit: 0.008348 bestmemit:   26.279712  -22.992442    1.000000    7.919194   29.863923
Iteration: 32 bestvalit: 0.008348 bestmemit:   26.279712  -22.992442    1.000000    7.919194   29.863923
Iteration: 33 bestvalit: 0.007602 bestmemit:   36.786304  -17.332612    1.000000    8.058366   37.737746
Iteration: 34 bestvalit: 0.007602 bestmemit:   36.786304  -17.332612    1.000000    8.058366   37.737746
Iteration: 35 bestvalit: 0.007602 bestmemit:   36.786304  -17.332612    1.000000    8.058366   37.737746
Iteration: 36 bestvalit: 0.007602 bestmemit:   36.786304  -17.332612    1.000000    8.058366   37.737746
Iteration: 37 bestvalit: 0.007602 bestmemit:   36.786304  -17.332612    1.000000    8.058366   37.737746
Iteration: 38 bestvalit: 0.007602 bestmemit:   36.786304  -17.332612    1.000000    8.058366   37.737746
Iteration: 39 bestvalit: 0.007602 bestmemit:   36.786304  -17.332612    1.000000    8.058366   37.737746
Iteration: 40 bestvalit: 0.007602 bestmemit:   36.786304  -17.332612    1.000000    8.058366   37.737746
Iteration: 41 bestvalit: 0.007602 bestmemit:   36.786304  -17.332612    1.000000    8.058366   37.737746
Iteration: 42 bestvalit: 0.007602 bestmemit:   36.786304  -17.332612    1.000000    8.058366   37.737746
Iteration: 43 bestvalit: 0.006546 bestmemit:   19.702038   75.357441    1.000000    2.140153   28.918361
Iteration: 44 bestvalit: 0.006546 bestmemit:   19.702038   75.357441    1.000000    2.140153   28.918361
Iteration: 45 bestvalit: 0.006546 bestmemit:   19.702038   75.357441    1.000000    2.140153   28.918361
Iteration: 46 bestvalit: 0.006546 bestmemit:   19.702038   75.357441    1.000000    2.140153   28.918361
Iteration: 47 bestvalit: 0.006372 bestmemit:   10.666575   73.638621    1.000000    2.140153   13.278210
Iteration: 48 bestvalit: 0.006372 bestmemit:   10.666575   73.638621    1.000000    2.140153   13.278210
Iteration: 49 bestvalit: 0.006372 bestmemit:   10.666575   73.638621    1.000000    2.140153   13.278210
Iteration: 50 bestvalit: 0.006372 bestmemit:   10.666575   73.638621    1.000000    2.140153   13.278210
Iteration: 51 bestvalit: 0.006372 bestmemit:   10.666575   73.638621    1.000000    2.140153   13.278210
Iteration: 52 bestvalit: 0.006330 bestmemit:   16.364820   37.074719    1.000000    2.872011   22.165000
Iteration: 53 bestvalit: 0.006217 bestmemit:   14.555034   81.624547    1.000000    2.138152   19.085232
Iteration: 54 bestvalit: 0.006000 bestmemit:   17.847471   63.686716    1.000000    2.138152   19.085232
Iteration: 55 bestvalit: 0.005901 bestmemit:   22.224904    8.526851    1.000000    5.712809   11.856363
Iteration: 56 bestvalit: 0.005426 bestmemit:   40.126911    0.855644    1.000000   10.560936    7.540601
Iteration: 57 bestvalit: 0.005426 bestmemit:   40.126911    0.855644    1.000000   10.560936    7.540601
Iteration: 58 bestvalit: 0.004792 bestmemit:   44.286516  -13.128617    1.000000    4.642491    1.971885
Iteration: 59 bestvalit: 0.004792 bestmemit:   44.286516  -13.128617    1.000000    4.642491    1.971885
Iteration: 60 bestvalit: 0.004792 bestmemit:   44.286516  -13.128617    1.000000    4.642491    1.971885
Iteration: 61 bestvalit: 0.004792 bestmemit:   44.286516  -13.128617    1.000000    4.642491    1.971885
Iteration: 62 bestvalit: 0.004623 bestmemit:   35.517433  -10.430309    1.000000    6.032777    2.406744
Iteration: 63 bestvalit: 0.004564 bestmemit:   43.058265    5.560518    1.000000    7.658888    3.626121
Iteration: 64 bestvalit: 0.004564 bestmemit:   43.058265    5.560518    1.000000    7.658888    3.626121
Iteration: 65 bestvalit: 0.004564 bestmemit:   43.058265    5.560518    1.000000    7.658888    3.626121
Iteration: 66 bestvalit: 0.004123 bestmemit:   44.721979   -6.018663    1.000000    4.437178    0.288666
Iteration: 67 bestvalit: 0.004123 bestmemit:   44.721979   -6.018663    1.000000    4.437178    0.288666
Iteration: 68 bestvalit: 0.004123 bestmemit:   44.721979   -6.018663    1.000000    4.437178    0.288666
Iteration: 69 bestvalit: 0.004123 bestmemit:   44.721979   -6.018663    1.000000    4.437178    0.288666
Iteration: 70 bestvalit: 0.004123 bestmemit:   44.721979   -6.018663    1.000000    4.437178    0.288666
Iteration: 71 bestvalit: 0.004073 bestmemit:   45.797869   -9.799006    1.000000    7.380462    1.366385
Iteration: 72 bestvalit: 0.004073 bestmemit:   45.797869   -9.799006    1.000000    7.380462    1.366385
Iteration: 73 bestvalit: 0.004073 bestmemit:   45.797869   -9.799006    1.000000    7.380462    1.366385
Iteration: 74 bestvalit: 0.004073 bestmemit:   45.797869   -9.799006    1.000000    7.380462    1.366385
Iteration: 75 bestvalit: 0.004073 bestmemit:   45.797869   -9.799006    1.000000    7.380462    1.366385
Iteration: 76 bestvalit: 0.004073 bestmemit:   45.797869   -9.799006    1.000000    7.380462    1.366385
Iteration: 77 bestvalit: 0.003967 bestmemit:   36.647833   -1.999714    1.000000    6.004543    0.593867
Iteration: 78 bestvalit: 0.003967 bestmemit:   36.647833   -1.999714    1.000000    6.004543    0.593867
Iteration: 79 bestvalit: 0.003949 bestmemit:   41.544199   -6.018663    1.000000    4.437178    0.288666
Iteration: 80 bestvalit: 0.003949 bestmemit:   41.544199   -6.018663    1.000000    4.437178    0.288666
Iteration: 81 bestvalit: 0.003949 bestmemit:   41.544199   -6.018663    1.000000    4.437178    0.288666
Iteration: 82 bestvalit: 0.003949 bestmemit:   41.544199   -6.018663    1.000000    4.437178    0.288666
Iteration: 83 bestvalit: 0.003949 bestmemit:   41.544199   -6.018663    1.000000    4.437178    0.288666
Iteration: 84 bestvalit: 0.003949 bestmemit:   41.544199   -6.018663    1.000000    4.437178    0.288666
Iteration: 85 bestvalit: 0.003949 bestmemit:   41.544199   -6.018663    1.000000    4.437178    0.288666
Iteration: 86 bestvalit: 0.003949 bestmemit:   41.544199   -6.018663    1.000000    4.437178    0.288666
Iteration: 87 bestvalit: 0.003949 bestmemit:   41.544199   -6.018663    1.000000    4.437178    0.288666
Iteration: 88 bestvalit: 0.003832 bestmemit:   41.544199   -6.018663    1.000000    5.462211    0.288666
Iteration: 89 bestvalit: 0.003832 bestmemit:   41.544199   -6.018663    1.000000    5.462211    0.288666
Iteration: 90 bestvalit: 0.003832 bestmemit:   41.544199   -6.018663    1.000000    5.462211    0.288666
Iteration: 91 bestvalit: 0.003832 bestmemit:   41.544199   -6.018663    1.000000    5.462211    0.288666
Iteration: 92 bestvalit: 0.003832 bestmemit:   41.544199   -6.018663    1.000000    5.462211    0.288666
Iteration: 93 bestvalit: 0.003832 bestmemit:   41.544199   -6.018663    1.000000    5.462211    0.288666
Iteration: 94 bestvalit: 0.003832 bestmemit:   41.544199   -6.018663    1.000000    5.462211    0.288666
Iteration: 95 bestvalit: 0.003832 bestmemit:   44.664282   -6.095580    1.000000    5.868923    0.219598
Iteration: 96 bestvalit: 0.003832 bestmemit:   44.664282   -6.095580    1.000000    5.868923    0.219598
Iteration: 97 bestvalit: 0.003813 bestmemit:   47.476542   -9.187657    1.000000    5.657999    0.072803
Iteration: 98 bestvalit: 0.003799 bestmemit:   38.700023   -5.831949    1.000000    4.935210    0.032678
Iteration: 99 bestvalit: 0.003799 bestmemit:   38.700023   -5.831949    1.000000    4.935210    0.032678
Iteration: 100 bestvalit: 0.003799 bestmemit:   38.700023   -5.831949    1.000000    4.935210    0.032678
Iteration: 101 bestvalit: 0.003799 bestmemit:   38.700023   -5.831949    1.000000    4.935210    0.032678
Iteration: 102 bestvalit: 0.003799 bestmemit:   38.700023   -5.831949    1.000000    4.935210    0.032678
Iteration: 103 bestvalit: 0.003799 bestmemit:   38.700023   -5.831949    1.000000    4.935210    0.032678
Iteration: 104 bestvalit: 0.003799 bestmemit:   38.700023   -5.831949    1.000000    4.935210    0.032678
Iteration: 105 bestvalit: 0.003799 bestmemit:   38.700023   -5.831949    1.000000    4.935210    0.032678
Iteration: 106 bestvalit: 0.003799 bestmemit:   38.700023   -5.831949    1.000000    4.935210    0.032678
Iteration: 107 bestvalit: 0.003799 bestmemit:   38.700023   -5.831949    1.000000    4.935210    0.032678
Iteration: 108 bestvalit: 0.003799 bestmemit:   38.700023   -5.831949    1.000000    4.935210    0.032678
Iteration: 109 bestvalit: 0.003799 bestmemit:   38.700023   -5.831949    1.000000    4.935210    0.032678
Iteration: 110 bestvalit: 0.003799 bestmemit:   38.700023   -5.831949    1.000000    4.935210    0.032678
Iteration: 111 bestvalit: 0.003799 bestmemit:   38.700023   -5.831949    1.000000    4.935210    0.032678
Iteration: 112 bestvalit: 0.003799 bestmemit:   38.700023   -5.831949    1.000000    4.935210    0.032678
Iteration: 113 bestvalit: 0.003794 bestmemit:   40.530751   -6.008525    1.000000    5.239581    0.050318
Iteration: 114 bestvalit: 0.003794 bestmemit:   40.530751   -6.008525    1.000000    5.239581    0.050318
Iteration: 115 bestvalit: 0.003794 bestmemit:   40.530751   -5.899494    1.000000    5.239581    0.050318
Iteration: 116 bestvalit: 0.003788 bestmemit:   42.083415   -7.421787    1.000000    5.077822    0.038116
Iteration: 117 bestvalit: 0.003788 bestmemit:   42.083415   -7.421787    1.000000    5.077822    0.038116
Iteration: 118 bestvalit: 0.003788 bestmemit:   42.083415   -7.421787    1.000000    5.077822    0.038116
Iteration: 119 bestvalit: 0.003788 bestmemit:   42.083415   -7.421787    1.000000    5.077822    0.038116
Iteration: 120 bestvalit: 0.003788 bestmemit:   42.083415   -7.421787    1.000000    5.077822    0.038116
Iteration: 121 bestvalit: 0.003788 bestmemit:   42.083415   -7.421787    1.000000    5.077822    0.038116
Iteration: 122 bestvalit: 0.003788 bestmemit:   42.083415   -7.421787    1.000000    5.077822    0.038116
Iteration: 123 bestvalit: 0.003788 bestmemit:   42.083415   -7.421787    1.000000    5.077822    0.038116
Iteration: 124 bestvalit: 0.003788 bestmemit:   42.083415   -7.421787    1.000000    5.077822    0.038116
Iteration: 125 bestvalit: 0.003788 bestmemit:   42.083415   -7.421787    1.000000    5.077822    0.038116
Iteration: 126 bestvalit: 0.003788 bestmemit:   42.083415   -7.421787    1.000000    5.077822    0.038116
Iteration: 127 bestvalit: 0.003787 bestmemit:   42.612458   -7.994492    1.000000    5.246946    0.019557
Iteration: 128 bestvalit: 0.003787 bestmemit:   42.612458   -7.994492    1.000000    5.246946    0.019557
Iteration: 129 bestvalit: 0.003785 bestmemit:   42.815754   -7.559531    1.000000    5.330452    0.014588
Iteration: 130 bestvalit: 0.003785 bestmemit:   42.815754   -7.559531    1.000000    5.330452    0.014588
Iteration: 131 bestvalit: 0.003785 bestmemit:   42.815754   -7.559531    1.000000    5.330452    0.014588
Iteration: 132 bestvalit: 0.003784 bestmemit:   42.815754   -7.559531    1.000000    5.309610    0.014588
Iteration: 133 bestvalit: 0.003784 bestmemit:   42.815754   -7.559531    1.000000    5.309610    0.014588
Iteration: 134 bestvalit: 0.003784 bestmemit:   42.815754   -7.559531    1.000000    5.309610    0.014588
Iteration: 135 bestvalit: 0.003784 bestmemit:   42.815754   -7.559531    1.000000    5.309610    0.014588
Iteration: 136 bestvalit: 0.003784 bestmemit:   42.815754   -7.559531    1.000000    5.309610    0.014588
Iteration: 137 bestvalit: 0.003783 bestmemit:   42.786812   -7.712146    1.000000    5.301453    0.000223
Iteration: 138 bestvalit: 0.003783 bestmemit:   42.786812   -7.712146    1.000000    5.301453    0.000223
Iteration: 139 bestvalit: 0.003783 bestmemit:   42.786812   -7.712146    1.000000    5.301453    0.000223
Iteration: 140 bestvalit: 0.003783 bestmemit:   42.786812   -7.712146    1.000000    5.301453    0.000223
Iteration: 141 bestvalit: 0.003782 bestmemit:   42.380291   -6.976581    1.000000    5.203070    0.000505
Iteration: 142 bestvalit: 0.003782 bestmemit:   42.380291   -6.976581    1.000000    5.203070    0.000505
Iteration: 143 bestvalit: 0.003782 bestmemit:   42.380291   -6.976581    1.000000    5.203070    0.000505
Iteration: 144 bestvalit: 0.003782 bestmemit:   42.380291   -6.976581    1.000000    5.203070    0.000505
Iteration: 145 bestvalit: 0.003782 bestmemit:   42.380291   -6.976581    1.000000    5.203070    0.000505
Iteration: 146 bestvalit: 0.003782 bestmemit:   42.380291   -6.976581    1.000000    5.221867    0.000505
Iteration: 147 bestvalit: 0.003782 bestmemit:   42.380291   -7.182103    1.000000    5.221867    0.000505
Iteration: 148 bestvalit: 0.003782 bestmemit:   42.380291   -7.182103    1.000000    5.221867    0.000505
Iteration: 149 bestvalit: 0.003782 bestmemit:   42.380291   -7.182103    1.000000    5.221867    0.000505
Iteration: 150 bestvalit: 0.003782 bestmemit:   42.380291   -7.182103    1.000000    5.221867    0.000505
Iteration: 151 bestvalit: 0.003782 bestmemit:   42.380291   -7.182103    1.000000    5.221867    0.000505
Iteration: 152 bestvalit: 0.003782 bestmemit:   42.380291   -7.182103    1.000000    5.221867    0.000505
Iteration: 153 bestvalit: 0.003782 bestmemit:   42.380291   -7.182103    1.000000    5.221867    0.000505
Iteration: 154 bestvalit: 0.003782 bestmemit:   42.380291   -7.182103    1.000000    5.221867    0.000505
Iteration: 155 bestvalit: 0.003782 bestmemit:   42.380291   -7.182103    1.000000    5.221867    0.000505
Iteration: 156 bestvalit: 0.003782 bestmemit:   42.380291   -7.182103    1.000000    5.221867    0.000505
Iteration: 157 bestvalit: 0.003782 bestmemit:   42.285370   -7.006691    1.000000    5.184760    0.000421
Iteration: 158 bestvalit: 0.003782 bestmemit:   42.285370   -7.006691    1.000000    5.184760    0.000421
Iteration: 159 bestvalit: 0.003782 bestmemit:   42.380291   -7.279110    1.000000    5.179332    0.000505
Iteration: 160 bestvalit: 0.003782 bestmemit:   42.380291   -7.279110    1.000000    5.179332    0.000505
Iteration: 161 bestvalit: 0.003782 bestmemit:   42.380291   -7.279110    1.000000    5.179332    0.000505
Iteration: 162 bestvalit: 0.003782 bestmemit:   42.380291   -7.279110    1.000000    5.179332    0.000505
Iteration: 163 bestvalit: 0.003781 bestmemit:   42.233985   -7.203896    1.000000    5.169444    0.000016
Iteration: 164 bestvalit: 0.003781 bestmemit:   42.233985   -7.203896    1.000000    5.169444    0.000016
Iteration: 165 bestvalit: 0.003781 bestmemit:   42.233985   -7.203896    1.000000    5.169444    0.000016
Iteration: 166 bestvalit: 0.003781 bestmemit:   42.233985   -7.203896    1.000000    5.169444    0.000016
Iteration: 167 bestvalit: 0.003781 bestmemit:   42.233985   -7.203896    1.000000    5.169444    0.000016
Iteration: 168 bestvalit: 0.003781 bestmemit:   42.233985   -7.203896    1.000000    5.169444    0.000016
Iteration: 169 bestvalit: 0.003781 bestmemit:   42.233985   -7.203896    1.000000    5.169444    0.000016
Iteration: 170 bestvalit: 0.003781 bestmemit:   42.233985   -7.203896    1.000000    5.169444    0.000016
Iteration: 171 bestvalit: 0.003781 bestmemit:   42.233985   -7.203896    1.000000    5.169444    0.000016
Iteration: 172 bestvalit: 0.003781 bestmemit:   42.233985   -7.203896    1.000000    5.169444    0.000016
Iteration: 173 bestvalit: 0.003781 bestmemit:   42.233985   -7.203896    1.000000    5.169444    0.000016
Iteration: 174 bestvalit: 0.003781 bestmemit:   42.233985   -7.203896    1.000000    5.169444    0.000016
Iteration: 175 bestvalit: 0.003781 bestmemit:   42.233985   -7.203896    1.000000    5.169444    0.000016
Iteration: 176 bestvalit: 0.003781 bestmemit:   42.233985   -7.203896    1.000000    5.169444    0.000016
Iteration: 177 bestvalit: 0.003781 bestmemit:   42.233985   -7.203896    1.000000    5.169444    0.000016
Iteration: 178 bestvalit: 0.003781 bestmemit:   42.233985   -7.203896    1.000000    5.169444    0.000016
Iteration: 179 bestvalit: 0.003781 bestmemit:   42.233985   -7.203896    1.000000    5.169444    0.000016
Iteration: 180 bestvalit: 0.003781 bestmemit:   42.233985   -7.203896    1.000000    5.169444    0.000016
Iteration: 181 bestvalit: 0.003781 bestmemit:   42.233985   -7.203896    1.000000    5.169444    0.000016
Iteration: 182 bestvalit: 0.003781 bestmemit:   42.233985   -7.203896    1.000000    5.169444    0.000016
Iteration: 183 bestvalit: 0.003781 bestmemit:   42.233985   -7.203896    1.000000    5.169444    0.000016
Iteration: 184 bestvalit: 0.003781 bestmemit:   42.233985   -7.203896    1.000000    5.169444    0.000016
Iteration: 185 bestvalit: 0.003781 bestmemit:   42.233985   -7.203896    1.000000    5.169444    0.000016
Iteration: 186 bestvalit: 0.003781 bestmemit:   42.233985   -7.203896    1.000000    5.169444    0.000016
Iteration: 187 bestvalit: 0.003781 bestmemit:   42.233985   -7.203896    1.000000    5.169444    0.000016
Iteration: 188 bestvalit: 0.003781 bestmemit:   42.233985   -7.203896    1.000000    5.169444    0.000016
Iteration: 189 bestvalit: 0.003781 bestmemit:   42.233985   -7.203896    1.000000    5.169444    0.000016
Iteration: 190 bestvalit: 0.003781 bestmemit:   42.233985   -7.141505    1.000000    5.169444    0.000016
Iteration: 191 bestvalit: 0.003781 bestmemit:   42.233985   -7.141505    1.000000    5.169444    0.000016
Iteration: 192 bestvalit: 0.003781 bestmemit:   42.233985   -7.141505    1.000000    5.169444    0.000016
Iteration: 193 bestvalit: 0.003781 bestmemit:   42.233985   -7.141505    1.000000    5.169444    0.000016
Iteration: 194 bestvalit: 0.003781 bestmemit:   42.233985   -7.141505    1.000000    5.169444    0.000016
Iteration: 195 bestvalit: 0.003781 bestmemit:   42.233985   -7.141505    1.000000    5.169444    0.000016
Iteration: 196 bestvalit: 0.003781 bestmemit:   42.233985   -7.141505    1.000000    5.169444    0.000016
Iteration: 197 bestvalit: 0.003781 bestmemit:   42.233985   -7.141505    1.000000    5.169444    0.000016
Iteration: 198 bestvalit: 0.003781 bestmemit:   42.233985   -7.141505    1.000000    5.169444    0.000016
Iteration: 199 bestvalit: 0.003781 bestmemit:   42.233985   -7.141505    1.000000    5.169444    0.000016
Iteration: 200 bestvalit: 0.003781 bestmemit:   42.233985   -7.141505    1.000000    5.169444    0.000016
Iteration: 201 bestvalit: 0.003781 bestmemit:   42.140954   -7.105595    1.000000    5.154163    0.000058
Iteration: 202 bestvalit: 0.003781 bestmemit:   42.140954   -7.105595    1.000000    5.154163    0.000058
Iteration: 203 bestvalit: 0.003781 bestmemit:   42.206966   -7.157520    1.000000    5.155324    0.000094
Iteration: 204 bestvalit: 0.003781 bestmemit:   42.206966   -7.157520    1.000000    5.155324    0.000094
Iteration: 205 bestvalit: 0.003781 bestmemit:   42.206966   -7.157520    1.000000    5.155324    0.000094
Iteration: 206 bestvalit: 0.003781 bestmemit:   42.277443   -7.232328    1.000000    5.156061    0.000008
Iteration: 207 bestvalit: 0.003781 bestmemit:   42.277443   -7.232328    1.000000    5.156061    0.000008
Iteration: 208 bestvalit: 0.003781 bestmemit:   42.277443   -7.232328    1.000000    5.156061    0.000008
Iteration: 209 bestvalit: 0.003781 bestmemit:   42.277443   -7.232328    1.000000    5.156061    0.000008
Iteration: 210 bestvalit: 0.003781 bestmemit:   42.277443   -7.232328    1.000000    5.156061    0.000008
Iteration: 211 bestvalit: 0.003781 bestmemit:   42.277443   -7.232328    1.000000    5.156061    0.000008
Iteration: 212 bestvalit: 0.003781 bestmemit:   42.151558   -7.176271    1.000000    5.138521    0.000004
Iteration: 213 bestvalit: 0.003781 bestmemit:   42.151558   -7.176271    1.000000    5.138521    0.000004
Iteration: 214 bestvalit: 0.003781 bestmemit:   42.151558   -7.176271    1.000000    5.138521    0.000004
Iteration: 215 bestvalit: 0.003781 bestmemit:   42.151558   -7.176271    1.000000    5.138521    0.000004
Iteration: 216 bestvalit: 0.003781 bestmemit:   42.151558   -7.176271    1.000000    5.138521    0.000004
Iteration: 217 bestvalit: 0.003781 bestmemit:   42.151558   -7.176271    1.000000    5.138521    0.000004
Iteration: 218 bestvalit: 0.003781 bestmemit:   42.151558   -7.176271    1.000000    5.138521    0.000004
Iteration: 219 bestvalit: 0.003781 bestmemit:   42.151558   -7.176271    1.000000    5.138521    0.000004
Iteration: 220 bestvalit: 0.003781 bestmemit:   42.151558   -7.176271    1.000000    5.138521    0.000004
Iteration: 221 bestvalit: 0.003781 bestmemit:   42.151558   -7.176271    1.000000    5.138521    0.000004
Iteration: 222 bestvalit: 0.003781 bestmemit:   42.151558   -7.176271    1.000000    5.138521    0.000004
Iteration: 223 bestvalit: 0.003781 bestmemit:   42.151558   -7.176271    1.000000    5.138521    0.000004
Iteration: 224 bestvalit: 0.003781 bestmemit:   42.151558   -7.176271    1.000000    5.138521    0.000004
Iteration: 225 bestvalit: 0.003781 bestmemit:   42.151558   -7.176271    1.000000    5.138521    0.000004
Iteration: 226 bestvalit: 0.003781 bestmemit:   42.151558   -7.176271    1.000000    5.138521    0.000004
Iteration: 227 bestvalit: 0.003781 bestmemit:   42.151558   -7.176271    1.000000    5.138521    0.000004
Iteration: 228 bestvalit: 0.003781 bestmemit:   42.151558   -7.176271    1.000000    5.138521    0.000004
Iteration: 229 bestvalit: 0.003781 bestmemit:   42.151558   -7.176271    1.000000    5.138521    0.000004
Iteration: 230 bestvalit: 0.003781 bestmemit:   42.151558   -7.176271    1.000000    5.138521    0.000004
Iteration: 231 bestvalit: 0.003781 bestmemit:   42.151558   -7.176271    1.000000    5.138521    0.000004
Iteration: 232 bestvalit: 0.003781 bestmemit:   42.151558   -7.176271    1.000000    5.138521    0.000004
Iteration: 233 bestvalit: 0.003781 bestmemit:   42.151558   -7.176271    1.000000    5.138521    0.000004
Iteration: 234 bestvalit: 0.003781 bestmemit:   42.151558   -7.176271    1.000000    5.138521    0.000004
Iteration: 235 bestvalit: 0.003781 bestmemit:   42.151558   -7.176271    1.000000    5.138521    0.000004
Iteration: 236 bestvalit: 0.003781 bestmemit:   42.136594   -7.158123    1.000000    5.139937    0.000007
Iteration: 237 bestvalit: 0.003781 bestmemit:   42.136594   -7.158123    1.000000    5.139937    0.000007
Iteration: 238 bestvalit: 0.003781 bestmemit:   42.152859   -7.147207    1.000000    5.146219    0.000005
Iteration: 239 bestvalit: 0.003781 bestmemit:   42.152859   -7.147207    1.000000    5.146219    0.000005
Iteration: 240 bestvalit: 0.003781 bestmemit:   42.154082   -7.163249    1.000000    5.140073    0.000002
Iteration: 241 bestvalit: 0.003781 bestmemit:   42.154082   -7.163249    1.000000    5.140073    0.000002
Iteration: 242 bestvalit: 0.003781 bestmemit:   42.154082   -7.163249    1.000000    5.140073    0.000002
Iteration: 243 bestvalit: 0.003781 bestmemit:   42.154082   -7.163249    1.000000    5.140073    0.000002
Iteration: 244 bestvalit: 0.003781 bestmemit:   42.154082   -7.163249    1.000000    5.140073    0.000002
Iteration: 245 bestvalit: 0.003781 bestmemit:   42.154082   -7.163249    1.000000    5.140073    0.000002
Iteration: 246 bestvalit: 0.003781 bestmemit:   42.162328   -7.155917    1.000000    5.147586    0.000001
Iteration: 247 bestvalit: 0.003781 bestmemit:   42.170535   -7.163249    1.000000    5.145350    0.000005
Iteration: 248 bestvalit: 0.003781 bestmemit:   42.170535   -7.163249    1.000000    5.145350    0.000005
Iteration: 249 bestvalit: 0.003781 bestmemit:   42.170535   -7.163249    1.000000    5.145350    0.000005
Iteration: 250 bestvalit: 0.003781 bestmemit:   42.170535   -7.163249    1.000000    5.145350    0.000005
Iteration: 251 bestvalit: 0.003781 bestmemit:   42.162328   -7.155917    1.000000    5.145076    0.000003
Iteration: 252 bestvalit: 0.003781 bestmemit:   42.162328   -7.155917    1.000000    5.145076    0.000003
Iteration: 253 bestvalit: 0.003781 bestmemit:   42.162328   -7.155917    1.000000    5.145076    0.000002
Iteration: 254 bestvalit: 0.003781 bestmemit:   42.162328   -7.155917    1.000000    5.145076    0.000002
Iteration: 255 bestvalit: 0.003781 bestmemit:   42.162328   -7.155917    1.000000    5.145076    0.000002
Iteration: 256 bestvalit: 0.003781 bestmemit:   42.162328   -7.155917    1.000000    5.145076    0.000002
Iteration: 257 bestvalit: 0.003781 bestmemit:   42.162519   -7.158211    1.000000    5.145076    0.000002
Iteration: 258 bestvalit: 0.003781 bestmemit:   42.172627   -7.176530    1.000000    5.143803    0.000000
Iteration: 259 bestvalit: 0.003781 bestmemit:   42.172627   -7.176530    1.000000    5.143803    0.000000
Iteration: 260 bestvalit: 0.003781 bestmemit:   42.172627   -7.176530    1.000000    5.143803    0.000000
Iteration: 261 bestvalit: 0.003781 bestmemit:   42.172627   -7.176530    1.000000    5.143803    0.000000
Iteration: 262 bestvalit: 0.003781 bestmemit:   42.172627   -7.176530    1.000000    5.143803    0.000000
Iteration: 263 bestvalit: 0.003781 bestmemit:   42.172627   -7.176530    1.000000    5.143803    0.000000
Iteration: 264 bestvalit: 0.003781 bestmemit:   42.172627   -7.168190    1.000000    5.143803    0.000000
Iteration: 265 bestvalit: 0.003781 bestmemit:   42.172627   -7.168190    1.000000    5.143803    0.000000
Iteration: 266 bestvalit: 0.003781 bestmemit:   42.172627   -7.168190    1.000000    5.143803    0.000000
Iteration: 267 bestvalit: 0.003781 bestmemit:   42.172627   -7.168190    1.000000    5.143803    0.000000
Iteration: 268 bestvalit: 0.003781 bestmemit:   42.172627   -7.168190    1.000000    5.143803    0.000000
Iteration: 269 bestvalit: 0.003781 bestmemit:   42.162519   -7.158211    1.000000    5.145076    0.000000
Iteration: 270 bestvalit: 0.003781 bestmemit:   42.162519   -7.158211    1.000000    5.145076    0.000000
Iteration: 271 bestvalit: 0.003781 bestmemit:   42.162519   -7.158211    1.000000    5.145076    0.000000
Iteration: 272 bestvalit: 0.003781 bestmemit:   42.162519   -7.158211    1.000000    5.145076    0.000000
Iteration: 273 bestvalit: 0.003781 bestmemit:   42.162519   -7.158211    1.000000    5.145076    0.000000
Iteration: 274 bestvalit: 0.003781 bestmemit:   42.162519   -7.158211    1.000000    5.145076    0.000000
Iteration: 275 bestvalit: 0.003781 bestmemit:   42.162519   -7.158211    1.000000    5.145076    0.000000
Iteration: 276 bestvalit: 0.003781 bestmemit:   42.162519   -7.158211    1.000000    5.145076    0.000000
Iteration: 277 bestvalit: 0.003781 bestmemit:   42.175636   -7.164180    1.000000    5.146493    0.000001
Iteration: 278 bestvalit: 0.003781 bestmemit:   42.167693   -7.162384    1.000000    5.144700    0.000000
Iteration: 279 bestvalit: 0.003781 bestmemit:   42.175320   -7.169948    1.000000    5.145757    0.000000
Iteration: 280 bestvalit: 0.003781 bestmemit:   42.175320   -7.169948    1.000000    5.145757    0.000000
Iteration: 281 bestvalit: 0.003781 bestmemit:   42.175320   -7.169948    1.000000    5.145757    0.000000
Iteration: 282 bestvalit: 0.003781 bestmemit:   42.175320   -7.169948    1.000000    5.145757    0.000000
Iteration: 283 bestvalit: 0.003781 bestmemit:   42.175320   -7.169948    1.000000    5.145757    0.000000
Iteration: 284 bestvalit: 0.003781 bestmemit:   42.175320   -7.169948    1.000000    5.145757    0.000000
Iteration: 285 bestvalit: 0.003781 bestmemit:   42.175320   -7.169948    1.000000    5.145757    0.000000
Iteration: 286 bestvalit: 0.003781 bestmemit:   42.175320   -7.169948    1.000000    5.145757    0.000000
Iteration: 287 bestvalit: 0.003781 bestmemit:   42.175320   -7.169948    1.000000    5.145757    0.000000
Iteration: 288 bestvalit: 0.003781 bestmemit:   42.175320   -7.169948    1.000000    5.145757    0.000000
Iteration: 289 bestvalit: 0.003781 bestmemit:   42.175320   -7.169948    1.000000    5.145757    0.000000
Iteration: 290 bestvalit: 0.003781 bestmemit:   42.175320   -7.169948    1.000000    5.145757    0.000000
Iteration: 291 bestvalit: 0.003781 bestmemit:   42.175320   -7.169948    1.000000    5.145757    0.000000
Iteration: 292 bestvalit: 0.003781 bestmemit:   42.175320   -7.169948    1.000000    5.145757    0.000000
Iteration: 293 bestvalit: 0.003781 bestmemit:   42.175320   -7.169948    1.000000    5.145757    0.000000
Iteration: 294 bestvalit: 0.003781 bestmemit:   42.175320   -7.169948    1.000000    5.145757    0.000000
Iteration: 295 bestvalit: 0.003781 bestmemit:   42.175320   -7.169948    1.000000    5.145757    0.000000
Iteration: 296 bestvalit: 0.003781 bestmemit:   42.175320   -7.169948    1.000000    5.145757    0.000000
Iteration: 297 bestvalit: 0.003781 bestmemit:   42.175320   -7.169849    1.000000    5.145757    0.000000
Iteration: 298 bestvalit: 0.003781 bestmemit:   42.175320   -7.169849    1.000000    5.145757    0.000000
Iteration: 299 bestvalit: 0.003781 bestmemit:   42.175320   -7.169849    1.000000    5.145757    0.000000
Iteration: 300 bestvalit: 0.003781 bestmemit:   42.175320   -7.169849    1.000000    5.145757    0.000000
Iteration: 301 bestvalit: 0.003781 bestmemit:   42.175320   -7.169849    1.000000    5.145757    0.000000
Iteration: 302 bestvalit: 0.003781 bestmemit:   42.175320   -7.169849    1.000000    5.145757    0.000000
Iteration: 303 bestvalit: 0.003781 bestmemit:   42.178750   -7.168353    1.000000    5.146638    0.000000
Iteration: 304 bestvalit: 0.003781 bestmemit:   42.177196   -7.169363    1.000000    5.145986    0.000000
Iteration: 305 bestvalit: 0.003781 bestmemit:   42.177196   -7.169363    1.000000    5.145986    0.000000
Iteration: 306 bestvalit: 0.003781 bestmemit:   42.177196   -7.169363    1.000000    5.145986    0.000000
Iteration: 307 bestvalit: 0.003781 bestmemit:   42.177196   -7.169363    1.000000    5.145986    0.000000
Iteration: 308 bestvalit: 0.003781 bestmemit:   42.177196   -7.169363    1.000000    5.145986    0.000000
Iteration: 309 bestvalit: 0.003781 bestmemit:   42.177196   -7.169363    1.000000    5.145986    0.000000
Iteration: 310 bestvalit: 0.003781 bestmemit:   42.177196   -7.169363    1.000000    5.145986    0.000000
Iteration: 311 bestvalit: 0.003781 bestmemit:   42.177196   -7.169363    1.000000    5.145986    0.000000
Iteration: 312 bestvalit: 0.003781 bestmemit:   42.177196   -7.169363    1.000000    5.145986    0.000000
Iteration: 313 bestvalit: 0.003781 bestmemit:   42.176763   -7.168593    1.000000    5.145966    0.000000
Iteration: 314 bestvalit: 0.003781 bestmemit:   42.174495   -7.166955    1.000000    5.145967    0.000000
Iteration: 315 bestvalit: 0.003781 bestmemit:   42.174495   -7.166955    1.000000    5.145967    0.000000
Iteration: 316 bestvalit: 0.003781 bestmemit:   42.176763   -7.168593    1.000000    5.146254    0.000000
Iteration: 317 bestvalit: 0.003781 bestmemit:   42.176763   -7.168593    1.000000    5.146254    0.000000
Iteration: 318 bestvalit: 0.003781 bestmemit:   42.176763   -7.168593    1.000000    5.146254    0.000000
Iteration: 319 bestvalit: 0.003781 bestmemit:   42.176763   -7.168593    1.000000    5.146254    0.000000
Iteration: 320 bestvalit: 0.003781 bestmemit:   42.177614   -7.169851    1.000000    5.146273    0.000000
Iteration: 321 bestvalit: 0.003781 bestmemit:   42.177614   -7.169216    1.000000    5.146273    0.000000
Iteration: 322 bestvalit: 0.003781 bestmemit:   42.177614   -7.169216    1.000000    5.146273    0.000000
Iteration: 323 bestvalit: 0.003781 bestmemit:   42.177614   -7.169216    1.000000    5.146273    0.000000
Iteration: 324 bestvalit: 0.003781 bestmemit:   42.177614   -7.169216    1.000000    5.146273    0.000000
Iteration: 325 bestvalit: 0.003781 bestmemit:   42.177614   -7.169216    1.000000    5.146273    0.000000
Iteration: 326 bestvalit: 0.003781 bestmemit:   42.177592   -7.169216    1.000000    5.146273    0.000000
Iteration: 327 bestvalit: 0.003781 bestmemit:   42.177592   -7.169216    1.000000    5.146273    0.000000
Iteration: 328 bestvalit: 0.003781 bestmemit:   42.177592   -7.169216    1.000000    5.146273    0.000000
Iteration: 329 bestvalit: 0.003781 bestmemit:   42.177592   -7.169216    1.000000    5.146273    0.000000
Iteration: 330 bestvalit: 0.003781 bestmemit:   42.177592   -7.169216    1.000000    5.146273    0.000000
Iteration: 331 bestvalit: 0.003781 bestmemit:   42.177106   -7.169218    1.000000    5.146151    0.000000
Iteration: 332 bestvalit: 0.003781 bestmemit:   42.177106   -7.169218    1.000000    5.146151    0.000000
Iteration: 333 bestvalit: 0.003781 bestmemit:   42.177106   -7.169218    1.000000    5.146151    0.000000
Iteration: 334 bestvalit: 0.003781 bestmemit:   42.177106   -7.169218    1.000000    5.146151    0.000000
Iteration: 335 bestvalit: 0.003781 bestmemit:   42.177106   -7.169218    1.000000    5.146151    0.000000
Iteration: 336 bestvalit: 0.003781 bestmemit:   42.177106   -7.169218    1.000000    5.146151    0.000000
Iteration: 337 bestvalit: 0.003781 bestmemit:   42.177106   -7.169218    1.000000    5.146151    0.000000
Iteration: 338 bestvalit: 0.003781 bestmemit:   42.177106   -7.169218    1.000000    5.146151    0.000000
Iteration: 339 bestvalit: 0.003781 bestmemit:   42.177106   -7.169218    1.000000    5.146151    0.000000
Iteration: 340 bestvalit: 0.003781 bestmemit:   42.177106   -7.169218    1.000000    5.146151    0.000000
Iteration: 341 bestvalit: 0.003781 bestmemit:   42.177106   -7.169218    1.000000    5.146151    0.000000
Iteration: 342 bestvalit: 0.003781 bestmemit:   42.177106   -7.169218    1.000000    5.146151    0.000000
Iteration: 343 bestvalit: 0.003781 bestmemit:   42.177106   -7.169218    1.000000    5.146151    0.000000
Iteration: 344 bestvalit: 0.003781 bestmemit:   42.177106   -7.169218    1.000000    5.146151    0.000000
Iteration: 345 bestvalit: 0.003781 bestmemit:   42.177106   -7.169218    1.000000    5.146151    0.000000
Iteration: 346 bestvalit: 0.003781 bestmemit:   42.177106   -7.169218    1.000000    5.146151    0.000000
Iteration: 347 bestvalit: 0.003781 bestmemit:   42.177106   -7.169218    1.000000    5.146151    0.000000
Iteration: 348 bestvalit: 0.003781 bestmemit:   42.177106   -7.169218    1.000000    5.146151    0.000000
Iteration: 349 bestvalit: 0.003781 bestmemit:   42.177106   -7.169218    1.000000    5.146151    0.000000
Iteration: 350 bestvalit: 0.003781 bestmemit:   42.177106   -7.169218    1.000000    5.146151    0.000000

***** summary of DEoptim object ***** 
best member   :  42.17711 -7.16922 1 5.14615 0 
best value    :  0.00378 
after         :  350 generations 
fn evaluated  :  702 times 
*************************************
