SLURM_JOB_ID: 55402998
SLURM_JOB_USER: vsc34066
SLURM_JOB_ACCOUNT: lp_desenderlab
SLURM_JOB_NAME: par_recov_alternating_fb_sim_alpha_learn.slurm
SLURM_CLUSTER_NAME: genius
SLURM_JOB_PARTITION: batch
SLURM_ARRAY_JOB_ID: 55402977
SLURM_ARRAY_TASK_ID: 21
SLURM_NNODES: 1
SLURM_NODELIST: r22i27n13
SLURM_JOB_CPUS_PER_NODE: 8
Date: Sun Dec  3 23:43:50 CET 2023
Walltime: 01-06:00:00
========================================================================
Iteration: 1 bestvalit: 0.036365 bestmemit:   17.407133  -55.230662    1.000000  348.926666   74.378354
Iteration: 2 bestvalit: 0.036361 bestmemit:   17.407133  -55.176426    1.000000  348.926666   74.378354
Iteration: 3 bestvalit: 0.036361 bestmemit:   17.407133  -55.176426    1.000000  348.926666   74.378354
Iteration: 4 bestvalit: 0.033215 bestmemit:    6.401520  -73.257263    1.000000  162.556082   79.524972
Iteration: 5 bestvalit: 0.033215 bestmemit:    6.401520  -73.257263    1.000000  162.556082   79.524972
Iteration: 6 bestvalit: 0.028986 bestmemit:   38.096942  -53.413671    1.000000   95.290477  133.147865
Iteration: 7 bestvalit: 0.028986 bestmemit:   38.096942  -53.413671    1.000000   95.290477  133.147865
Iteration: 8 bestvalit: 0.028986 bestmemit:   38.096942  -53.413671    1.000000   95.290477  133.147865
Iteration: 9 bestvalit: 0.019909 bestmemit:   43.212408    0.056163    1.000000    4.342145 1329.394304
Iteration: 10 bestvalit: 0.019909 bestmemit:   43.212408    0.056163    1.000000    4.342145 1329.394304
Iteration: 11 bestvalit: 0.018343 bestmemit:   48.561593   55.036141    1.000000    4.342145 1329.394304
Iteration: 12 bestvalit: 0.018343 bestmemit:   48.561593   55.036141    1.000000    4.342145 1329.394304
Iteration: 13 bestvalit: 0.018343 bestmemit:   48.561593   55.036141    1.000000    4.342145 1329.394304
Iteration: 14 bestvalit: 0.018343 bestmemit:   48.561593   55.036141    1.000000    4.342145 1329.394304
Iteration: 15 bestvalit: 0.018343 bestmemit:   48.561593   55.036141    1.000000    4.342145 1329.394304
Iteration: 16 bestvalit: 0.018313 bestmemit:   48.561593   13.430107    1.000000    4.342145 1329.394304
Iteration: 17 bestvalit: 0.018313 bestmemit:   48.561593   13.430107    1.000000    4.342145 1329.394304
Iteration: 18 bestvalit: 0.018313 bestmemit:   48.561593   13.430107    1.000000    4.342145 1329.394304
Iteration: 19 bestvalit: 0.018313 bestmemit:   48.561593   13.430107    1.000000    4.342145 1329.394304
Iteration: 20 bestvalit: 0.018313 bestmemit:   48.561593   13.430107    1.000000    4.342145 1329.394304
Iteration: 21 bestvalit: 0.018313 bestmemit:   48.561593   13.430107    1.000000    4.342145 1329.394304
Iteration: 22 bestvalit: 0.018313 bestmemit:   48.561593   13.430107    1.000000    4.342145 1329.394304
Iteration: 23 bestvalit: 0.018313 bestmemit:   48.561593   13.430107    1.000000    4.342145 1329.394304
Iteration: 24 bestvalit: 0.018313 bestmemit:   48.561593   13.430107    1.000000    4.342145 1329.394304
Iteration: 25 bestvalit: 0.018313 bestmemit:   48.561593   13.430107    1.000000    4.342145 1329.394304
Iteration: 26 bestvalit: 0.018313 bestmemit:   48.561593   13.430107    1.000000    4.342145 1329.394304
Iteration: 27 bestvalit: 0.015466 bestmemit:   49.434114  -13.160190    1.000000    0.261320 1170.894823
Iteration: 28 bestvalit: 0.015466 bestmemit:   49.434114  -13.160190    1.000000    0.261320 1170.894823
Iteration: 29 bestvalit: 0.012436 bestmemit:   48.322466  -17.285624    1.000000   20.718491  161.146752
Iteration: 30 bestvalit: 0.012436 bestmemit:   48.322466  -17.285624    1.000000   20.718491  161.146752
Iteration: 31 bestvalit: 0.012436 bestmemit:   48.322466  -17.285624    1.000000   20.718491  161.146752
Iteration: 32 bestvalit: 0.007856 bestmemit:   33.109837  -38.345627    1.000000   20.082242   15.746591
Iteration: 33 bestvalit: 0.007856 bestmemit:   33.109837  -38.345627    1.000000   20.082242   15.746591
Iteration: 34 bestvalit: 0.007446 bestmemit:   18.504223  -21.070891    1.000000    0.261320   65.048007
Iteration: 35 bestvalit: 0.007418 bestmemit:    1.476124   11.093781    1.000000    0.261320   65.048007
Iteration: 36 bestvalit: 0.007418 bestmemit:    1.476124   11.093781    1.000000    0.261320   65.048007
Iteration: 37 bestvalit: 0.006379 bestmemit:    3.291902    1.018065    1.000000    0.368744   59.194085
Iteration: 38 bestvalit: 0.006379 bestmemit:    3.291902    1.018065    1.000000    0.368744   59.194085
Iteration: 39 bestvalit: 0.006379 bestmemit:    3.291902    1.018065    1.000000    0.368744   59.194085
Iteration: 40 bestvalit: 0.005991 bestmemit:   26.658604   15.046896    1.000000    7.252475   38.868664
Iteration: 41 bestvalit: 0.005991 bestmemit:   26.658604   15.046896    1.000000    7.252475   38.868664
Iteration: 42 bestvalit: 0.005991 bestmemit:   26.658604   15.046896    1.000000    7.252475   38.868664
Iteration: 43 bestvalit: 0.005613 bestmemit:   13.776092    3.597491    1.000000    0.980913   33.114373
Iteration: 44 bestvalit: 0.005386 bestmemit:   16.039483   -6.100762    1.000000    4.342145   39.444878
Iteration: 45 bestvalit: 0.005386 bestmemit:   16.039483   -6.100762    1.000000    4.342145   39.444878
Iteration: 46 bestvalit: 0.005386 bestmemit:   16.039483   -6.100762    1.000000    4.342145   39.444878
Iteration: 47 bestvalit: 0.005386 bestmemit:   16.039483   -6.100762    1.000000    4.342145   39.444878
Iteration: 48 bestvalit: 0.003538 bestmemit:   22.697067   -5.754143    1.000000    6.655355    6.385815
Iteration: 49 bestvalit: 0.003538 bestmemit:   22.697067   -5.754143    1.000000    6.655355    6.385815
Iteration: 50 bestvalit: 0.003538 bestmemit:   22.697067   -5.754143    1.000000    6.655355    6.385815
Iteration: 51 bestvalit: 0.003504 bestmemit:   22.697067   -5.754143    1.000000   10.512195    6.385815
Iteration: 52 bestvalit: 0.003504 bestmemit:   22.697067   -5.754143    1.000000   10.512195    6.385815
Iteration: 53 bestvalit: 0.003504 bestmemit:   22.697067   -5.754143    1.000000   10.512195    6.385815
Iteration: 54 bestvalit: 0.003504 bestmemit:   22.697067   -5.754143    1.000000   10.512195    6.385815
Iteration: 55 bestvalit: 0.003504 bestmemit:   22.697067   -5.754143    1.000000   10.512195    6.385815
Iteration: 56 bestvalit: 0.003504 bestmemit:   22.697067   -5.754143    1.000000   10.512195    6.385815
Iteration: 57 bestvalit: 0.003504 bestmemit:   22.697067   -5.754143    1.000000   10.512195    6.385815
Iteration: 58 bestvalit: 0.003504 bestmemit:   22.697067   -5.754143    1.000000   10.512195    6.385815
Iteration: 59 bestvalit: 0.003281 bestmemit:   15.673381   -5.754143    1.000000    8.915481    4.771407
Iteration: 60 bestvalit: 0.003281 bestmemit:   15.673381   -5.754143    1.000000    8.915481    4.771407
Iteration: 61 bestvalit: 0.003281 bestmemit:   15.673381   -5.754143    1.000000    8.915481    4.771407
Iteration: 62 bestvalit: 0.003281 bestmemit:   15.673381   -5.754143    1.000000    8.915481    4.771407
Iteration: 63 bestvalit: 0.002859 bestmemit:   37.317330  -10.663793    1.000000   11.010101    0.524098
Iteration: 64 bestvalit: 0.002859 bestmemit:   37.317330  -10.663793    1.000000   11.010101    0.524098
Iteration: 65 bestvalit: 0.002859 bestmemit:   37.317330  -10.663793    1.000000   11.010101    0.524098
Iteration: 66 bestvalit: 0.002859 bestmemit:   37.317330  -10.663793    1.000000   11.010101    0.524098
Iteration: 67 bestvalit: 0.002544 bestmemit:   25.120969   -3.558429    1.000000    5.158655    0.652897
Iteration: 68 bestvalit: 0.002544 bestmemit:   25.120969   -3.558429    1.000000    5.158655    0.652897
Iteration: 69 bestvalit: 0.002544 bestmemit:   25.120969   -3.558429    1.000000    5.158655    0.652897
Iteration: 70 bestvalit: 0.002521 bestmemit:   24.620415   -3.908385    1.000000   10.588345    1.356364
Iteration: 71 bestvalit: 0.002521 bestmemit:   24.620415   -3.908385    1.000000   10.588345    1.356364
Iteration: 72 bestvalit: 0.002521 bestmemit:   24.620415   -3.908385    1.000000   10.588345    1.356364
Iteration: 73 bestvalit: 0.002521 bestmemit:   24.620415   -3.908385    1.000000   10.588345    1.356364
Iteration: 74 bestvalit: 0.002521 bestmemit:   24.620415   -3.908385    1.000000   10.588345    1.356364
Iteration: 75 bestvalit: 0.002521 bestmemit:   24.620415   -3.908385    1.000000   10.588345    1.356364
Iteration: 76 bestvalit: 0.002521 bestmemit:   24.620415   -3.908385    1.000000   10.588345    1.356364
Iteration: 77 bestvalit: 0.002521 bestmemit:   24.620415   -3.908385    1.000000   10.588345    1.356364
Iteration: 78 bestvalit: 0.002349 bestmemit:   22.865360   -4.873127    1.000000    4.934895    0.215072
Iteration: 79 bestvalit: 0.002349 bestmemit:   22.865360   -4.873127    1.000000    4.934895    0.215072
Iteration: 80 bestvalit: 0.002109 bestmemit:   21.509356    1.152989    1.000000    4.934895    0.215072
Iteration: 81 bestvalit: 0.002109 bestmemit:   21.509356    1.152989    1.000000    4.934895    0.215072
Iteration: 82 bestvalit: 0.002109 bestmemit:   21.509356    1.152989    1.000000    4.934895    0.215072
Iteration: 83 bestvalit: 0.002109 bestmemit:   21.509356    1.152989    1.000000    4.934895    0.215072
Iteration: 84 bestvalit: 0.002109 bestmemit:   21.509356    1.152989    1.000000    4.934895    0.215072
Iteration: 85 bestvalit: 0.002109 bestmemit:   21.509356    1.152989    1.000000    4.934895    0.215072
Iteration: 86 bestvalit: 0.002109 bestmemit:   21.509356    1.152989    1.000000    4.934895    0.215072
Iteration: 87 bestvalit: 0.002109 bestmemit:   21.509356    1.152989    1.000000    4.934895    0.215072
Iteration: 88 bestvalit: 0.002109 bestmemit:   21.509356    1.152989    1.000000    4.934895    0.215072
Iteration: 89 bestvalit: 0.002109 bestmemit:   21.509356    1.152989    1.000000    4.934895    0.215072
Iteration: 90 bestvalit: 0.002109 bestmemit:   21.509356    1.152989    1.000000    4.934895    0.215072
Iteration: 91 bestvalit: 0.002109 bestmemit:   21.509356    1.152989    1.000000    4.934895    0.215072
Iteration: 92 bestvalit: 0.002109 bestmemit:   21.509356    1.152989    1.000000    4.934895    0.215072
Iteration: 93 bestvalit: 0.002109 bestmemit:   21.509356    1.152989    1.000000    4.934895    0.215072
Iteration: 94 bestvalit: 0.002109 bestmemit:   21.509356    1.152989    1.000000    4.934895    0.215072
Iteration: 95 bestvalit: 0.002109 bestmemit:   21.509356    1.152989    1.000000    4.934895    0.215072
Iteration: 96 bestvalit: 0.002109 bestmemit:   21.509356    1.152989    1.000000    4.934895    0.215072
Iteration: 97 bestvalit: 0.001990 bestmemit:   21.509356    1.152989    1.000000    5.207091    0.001390
Iteration: 98 bestvalit: 0.001990 bestmemit:   21.509356    1.152989    1.000000    5.207091    0.001390
Iteration: 99 bestvalit: 0.001990 bestmemit:   21.509356    1.152989    1.000000    5.207091    0.001390
Iteration: 100 bestvalit: 0.001990 bestmemit:   21.509356    1.152989    1.000000    5.207091    0.001390
Iteration: 101 bestvalit: 0.001990 bestmemit:   21.509356    1.152989    1.000000    5.207091    0.001390
Iteration: 102 bestvalit: 0.001990 bestmemit:   21.509356    1.152989    1.000000    5.207091    0.001390
Iteration: 103 bestvalit: 0.001990 bestmemit:   21.509356    1.152989    1.000000    5.207091    0.001390
Iteration: 104 bestvalit: 0.001990 bestmemit:   21.509356    1.152989    1.000000    5.207091    0.001390
Iteration: 105 bestvalit: 0.001990 bestmemit:   21.509356    1.152989    1.000000    5.207091    0.001390
Iteration: 106 bestvalit: 0.001990 bestmemit:   21.509356    1.152989    1.000000    5.207091    0.001390
Iteration: 107 bestvalit: 0.001990 bestmemit:   21.509356    1.152989    1.000000    5.207091    0.001390
Iteration: 108 bestvalit: 0.001990 bestmemit:   21.509356    1.152989    1.000000    5.207091    0.001390
Iteration: 109 bestvalit: 0.001990 bestmemit:   21.509356    1.152989    1.000000    5.207091    0.001390
Iteration: 110 bestvalit: 0.001990 bestmemit:   21.509356    1.152989    1.000000    5.207091    0.001390
Iteration: 111 bestvalit: 0.001990 bestmemit:   21.509356    1.152989    1.000000    5.207091    0.001390
Iteration: 112 bestvalit: 0.001990 bestmemit:   21.509356    1.152989    1.000000    5.207091    0.001390
Iteration: 113 bestvalit: 0.001990 bestmemit:   21.509356    1.152989    1.000000    5.207091    0.001390
Iteration: 114 bestvalit: 0.001990 bestmemit:   21.509356    1.152989    1.000000    5.207091    0.001390
Iteration: 115 bestvalit: 0.001990 bestmemit:   21.509356    1.152989    1.000000    5.207091    0.001390
Iteration: 116 bestvalit: 0.001990 bestmemit:   21.509356    1.152989    1.000000    5.207091    0.001390
Iteration: 117 bestvalit: 0.001990 bestmemit:   21.509356    1.152989    1.000000    5.207091    0.001390
Iteration: 118 bestvalit: 0.001990 bestmemit:   21.509356    1.152989    1.000000    5.207091    0.001390
Iteration: 119 bestvalit: 0.001990 bestmemit:   21.509356    1.152989    1.000000    5.207091    0.001390
Iteration: 120 bestvalit: 0.001990 bestmemit:   21.509356    1.152989    1.000000    5.207091    0.001390
Iteration: 121 bestvalit: 0.001990 bestmemit:   21.509356    1.152989    1.000000    5.207091    0.001390
Iteration: 122 bestvalit: 0.001990 bestmemit:   21.509356    1.152989    1.000000    5.207091    0.001390
Iteration: 123 bestvalit: 0.001990 bestmemit:   21.509356    1.152989    1.000000    5.207091    0.001390
Iteration: 124 bestvalit: 0.001990 bestmemit:   21.509356    1.152989    1.000000    5.207091    0.001390
Iteration: 125 bestvalit: 0.001990 bestmemit:   21.509356    1.152989    1.000000    5.207091    0.001390
Iteration: 126 bestvalit: 0.001990 bestmemit:   21.509356    1.152989    1.000000    5.207091    0.001390
Iteration: 127 bestvalit: 0.001990 bestmemit:   21.509356    1.152989    1.000000    5.207091    0.001390
Iteration: 128 bestvalit: 0.001990 bestmemit:   21.509356    1.152989    1.000000    5.207091    0.001390
Iteration: 129 bestvalit: 0.001990 bestmemit:   21.509356    1.152989    1.000000    5.207091    0.001390
Iteration: 130 bestvalit: 0.001990 bestmemit:   21.509356    1.152989    1.000000    5.207091    0.001390
Iteration: 131 bestvalit: 0.001990 bestmemit:   21.509356    1.152989    1.000000    5.207091    0.001390
Iteration: 132 bestvalit: 0.001990 bestmemit:   21.509356    1.152989    1.000000    5.207091    0.001390
Iteration: 133 bestvalit: 0.001990 bestmemit:   21.509356    1.152989    1.000000    5.207091    0.001390
Iteration: 134 bestvalit: 0.001990 bestmemit:   21.509356    1.152989    1.000000    5.207091    0.001390
Iteration: 135 bestvalit: 0.001988 bestmemit:   21.210050    0.871455    1.000000    4.662469    0.009569
Iteration: 136 bestvalit: 0.001988 bestmemit:   21.210050    0.871455    1.000000    4.662469    0.009569
Iteration: 137 bestvalit: 0.001988 bestmemit:   21.210050    0.871455    1.000000    4.662469    0.009569
Iteration: 138 bestvalit: 0.001988 bestmemit:   21.210050    0.871455    1.000000    4.662469    0.009569
Iteration: 139 bestvalit: 0.001988 bestmemit:   21.210050    0.871455    1.000000    4.662469    0.009569
Iteration: 140 bestvalit: 0.001988 bestmemit:   21.210050    0.871455    1.000000    4.662469    0.009569
Iteration: 141 bestvalit: 0.001987 bestmemit:   20.398369    0.754392    1.000000    3.660147    0.004641
Iteration: 142 bestvalit: 0.001984 bestmemit:   20.310382    0.705702    1.000000    3.866159    0.004458
Iteration: 143 bestvalit: 0.001984 bestmemit:   20.310382    0.705702    1.000000    3.866159    0.004458
Iteration: 144 bestvalit: 0.001984 bestmemit:   20.310382    0.705702    1.000000    3.866159    0.004458
Iteration: 145 bestvalit: 0.001984 bestmemit:   20.310382    0.705702    1.000000    3.866159    0.004458
Iteration: 146 bestvalit: 0.001984 bestmemit:   20.310382    0.705702    1.000000    3.866159    0.004458
Iteration: 147 bestvalit: 0.001984 bestmemit:   20.310382    0.705702    1.000000    3.866159    0.004458
Iteration: 148 bestvalit: 0.001984 bestmemit:   20.310382    0.705702    1.000000    3.866159    0.004458
Iteration: 149 bestvalit: 0.001984 bestmemit:   20.310382    0.705702    1.000000    3.866159    0.004458
Iteration: 150 bestvalit: 0.001984 bestmemit:   20.310382    0.705702    1.000000    3.866159    0.004458
Iteration: 151 bestvalit: 0.001984 bestmemit:   20.310382    0.705702    1.000000    3.866159    0.004458
Iteration: 152 bestvalit: 0.001980 bestmemit:   19.765157    1.536844    1.000000    4.090067    0.000364
Iteration: 153 bestvalit: 0.001980 bestmemit:   19.765157    1.536844    1.000000    4.090067    0.000364
Iteration: 154 bestvalit: 0.001980 bestmemit:   19.765157    1.536844    1.000000    4.090067    0.000364
Iteration: 155 bestvalit: 0.001980 bestmemit:   19.765157    1.536844    1.000000    4.090067    0.000364
Iteration: 156 bestvalit: 0.001980 bestmemit:   19.765157    1.536844    1.000000    4.090067    0.000364
Iteration: 157 bestvalit: 0.001980 bestmemit:   20.235012    1.207868    1.000000    4.214348    0.001292
Iteration: 158 bestvalit: 0.001980 bestmemit:   20.235012    1.207868    1.000000    4.214348    0.001292
Iteration: 159 bestvalit: 0.001980 bestmemit:   20.235012    1.207868    1.000000    4.214348    0.001292
Iteration: 160 bestvalit: 0.001980 bestmemit:   20.235012    1.207868    1.000000    4.214348    0.001292
Iteration: 161 bestvalit: 0.001980 bestmemit:   20.235012    1.207868    1.000000    4.214348    0.001292
Iteration: 162 bestvalit: 0.001980 bestmemit:   20.235012    1.207868    1.000000    4.214348    0.001292
Iteration: 163 bestvalit: 0.001980 bestmemit:   20.235012    1.207868    1.000000    4.214348    0.001292
Iteration: 164 bestvalit: 0.001980 bestmemit:   20.235012    1.207868    1.000000    4.214348    0.001292
Iteration: 165 bestvalit: 0.001980 bestmemit:   20.104249    1.274793    1.000000    4.189961    0.000517
Iteration: 166 bestvalit: 0.001980 bestmemit:   20.104249    1.274793    1.000000    4.189961    0.000517
Iteration: 167 bestvalit: 0.001980 bestmemit:   20.104249    1.274793    1.000000    4.189961    0.000517
Iteration: 168 bestvalit: 0.001980 bestmemit:   20.104249    1.274793    1.000000    4.189961    0.000517
Iteration: 169 bestvalit: 0.001980 bestmemit:   20.104249    1.274793    1.000000    4.189961    0.000517
Iteration: 170 bestvalit: 0.001980 bestmemit:   20.104249    1.274793    1.000000    4.189961    0.000517
Iteration: 171 bestvalit: 0.001980 bestmemit:   20.104249    1.274793    1.000000    4.189961    0.000072
Iteration: 172 bestvalit: 0.001980 bestmemit:   20.104249    1.274793    1.000000    4.189961    0.000072
Iteration: 173 bestvalit: 0.001980 bestmemit:   20.104249    1.274793    1.000000    4.189961    0.000072
Iteration: 174 bestvalit: 0.001980 bestmemit:   20.104249    1.274793    1.000000    4.189961    0.000072
Iteration: 175 bestvalit: 0.001980 bestmemit:   20.104249    1.274793    1.000000    4.189961    0.000072
Iteration: 176 bestvalit: 0.001980 bestmemit:   20.104249    1.274793    1.000000    4.189961    0.000072
Iteration: 177 bestvalit: 0.001980 bestmemit:   20.104249    1.274793    1.000000    4.189961    0.000072
Iteration: 178 bestvalit: 0.001980 bestmemit:   19.931910    1.364407    1.000000    4.092472    0.000015
Iteration: 179 bestvalit: 0.001980 bestmemit:   19.931910    1.364407    1.000000    4.092472    0.000015
Iteration: 180 bestvalit: 0.001980 bestmemit:   19.931910    1.364407    1.000000    4.092472    0.000015
Iteration: 181 bestvalit: 0.001980 bestmemit:   19.931910    1.364407    1.000000    4.092472    0.000015
Iteration: 182 bestvalit: 0.001980 bestmemit:   19.931910    1.364407    1.000000    4.092472    0.000015
Iteration: 183 bestvalit: 0.001980 bestmemit:   19.931910    1.364407    1.000000    4.092472    0.000015
Iteration: 184 bestvalit: 0.001980 bestmemit:   19.931910    1.364407    1.000000    4.092472    0.000015
Iteration: 185 bestvalit: 0.001980 bestmemit:   19.931910    1.364407    1.000000    4.092472    0.000015
Iteration: 186 bestvalit: 0.001980 bestmemit:   19.931910    1.364407    1.000000    4.092472    0.000015
Iteration: 187 bestvalit: 0.001980 bestmemit:   19.931910    1.364407    1.000000    4.092472    0.000015
Iteration: 188 bestvalit: 0.001980 bestmemit:   19.931910    1.364407    1.000000    4.092472    0.000015
Iteration: 189 bestvalit: 0.001980 bestmemit:   19.977737    1.364407    1.000000    4.092472    0.000015
Iteration: 190 bestvalit: 0.001980 bestmemit:   19.977737    1.364407    1.000000    4.092472    0.000015
Iteration: 191 bestvalit: 0.001980 bestmemit:   19.977737    1.364407    1.000000    4.092472    0.000015
Iteration: 192 bestvalit: 0.001980 bestmemit:   19.977737    1.364407    1.000000    4.092472    0.000015
Iteration: 193 bestvalit: 0.001980 bestmemit:   19.977737    1.364407    1.000000    4.092472    0.000015
Iteration: 194 bestvalit: 0.001980 bestmemit:   20.121856    1.247341    1.000000    4.126314    0.000052
Iteration: 195 bestvalit: 0.001980 bestmemit:   20.121856    1.247341    1.000000    4.126314    0.000052
Iteration: 196 bestvalit: 0.001980 bestmemit:   20.121856    1.247341    1.000000    4.126314    0.000052
Iteration: 197 bestvalit: 0.001980 bestmemit:   20.121856    1.247341    1.000000    4.126314    0.000052
Iteration: 198 bestvalit: 0.001980 bestmemit:   20.121856    1.247341    1.000000    4.126314    0.000052
Iteration: 199 bestvalit: 0.001980 bestmemit:   20.121856    1.247341    1.000000    4.126314    0.000052
Iteration: 200 bestvalit: 0.001980 bestmemit:   20.121856    1.247341    1.000000    4.126314    0.000052
Iteration: 201 bestvalit: 0.001980 bestmemit:   20.080829    1.242578    1.000000    4.109902    0.000087
Iteration: 202 bestvalit: 0.001980 bestmemit:   20.080829    1.242578    1.000000    4.109902    0.000087
Iteration: 203 bestvalit: 0.001980 bestmemit:   20.080829    1.242578    1.000000    4.109902    0.000087
Iteration: 204 bestvalit: 0.001980 bestmemit:   20.057730    1.236351    1.000000    4.058453    0.000003
Iteration: 205 bestvalit: 0.001980 bestmemit:   20.057730    1.236351    1.000000    4.058453    0.000003
Iteration: 206 bestvalit: 0.001980 bestmemit:   20.057730    1.236351    1.000000    4.058453    0.000003
Iteration: 207 bestvalit: 0.001980 bestmemit:   20.057730    1.236351    1.000000    4.058453    0.000003
Iteration: 208 bestvalit: 0.001980 bestmemit:   20.057730    1.236351    1.000000    4.058453    0.000003
Iteration: 209 bestvalit: 0.001980 bestmemit:   20.057730    1.236351    1.000000    4.058453    0.000003
Iteration: 210 bestvalit: 0.001980 bestmemit:   20.057730    1.236351    1.000000    4.058453    0.000003
Iteration: 211 bestvalit: 0.001980 bestmemit:   20.057730    1.236351    1.000000    4.058453    0.000003
Iteration: 212 bestvalit: 0.001980 bestmemit:   20.057730    1.236351    1.000000    4.058453    0.000003
Iteration: 213 bestvalit: 0.001980 bestmemit:   20.057730    1.236351    1.000000    4.058453    0.000003
Iteration: 214 bestvalit: 0.001980 bestmemit:   20.057730    1.236351    1.000000    4.058453    0.000003
Iteration: 215 bestvalit: 0.001980 bestmemit:   20.057730    1.236351    1.000000    4.058453    0.000003
Iteration: 216 bestvalit: 0.001980 bestmemit:   20.057730    1.236351    1.000000    4.058453    0.000003
Iteration: 217 bestvalit: 0.001980 bestmemit:   20.042416    1.236351    1.000000    4.058453    0.000003
Iteration: 218 bestvalit: 0.001980 bestmemit:   20.042416    1.236351    1.000000    4.058453    0.000003
Iteration: 219 bestvalit: 0.001980 bestmemit:   20.042416    1.236351    1.000000    4.058453    0.000003
Iteration: 220 bestvalit: 0.001980 bestmemit:   20.042416    1.236351    1.000000    4.058453    0.000003
Iteration: 221 bestvalit: 0.001980 bestmemit:   20.042416    1.236351    1.000000    4.058453    0.000003
Iteration: 222 bestvalit: 0.001980 bestmemit:   20.042416    1.236351    1.000000    4.058453    0.000003
Iteration: 223 bestvalit: 0.001980 bestmemit:   20.042416    1.236351    1.000000    4.058453    0.000003
Iteration: 224 bestvalit: 0.001980 bestmemit:   20.042416    1.236351    1.000000    4.058453    0.000003
Iteration: 225 bestvalit: 0.001980 bestmemit:   20.042416    1.236351    1.000000    4.058453    0.000003
Iteration: 226 bestvalit: 0.001980 bestmemit:   20.042416    1.236351    1.000000    4.058453    0.000003
Iteration: 227 bestvalit: 0.001980 bestmemit:   20.042416    1.236351    1.000000    4.058453    0.000003
Iteration: 228 bestvalit: 0.001980 bestmemit:   20.042416    1.236351    1.000000    4.058453    0.000003
Iteration: 229 bestvalit: 0.001980 bestmemit:   20.042416    1.236351    1.000000    4.058453    0.000003
Iteration: 230 bestvalit: 0.001980 bestmemit:   20.042416    1.236351    1.000000    4.058453    0.000003
Iteration: 231 bestvalit: 0.001980 bestmemit:   20.042416    1.236351    1.000000    4.058453    0.000003
Iteration: 232 bestvalit: 0.001980 bestmemit:   20.042416    1.236351    1.000000    4.058453    0.000003
Iteration: 233 bestvalit: 0.001980 bestmemit:   20.042416    1.236351    1.000000    4.058453    0.000003
Iteration: 234 bestvalit: 0.001980 bestmemit:   20.042416    1.236351    1.000000    4.058453    0.000003
Iteration: 235 bestvalit: 0.001980 bestmemit:   20.042416    1.236351    1.000000    4.058453    0.000003
Iteration: 236 bestvalit: 0.001980 bestmemit:   20.042416    1.236351    1.000000    4.058453    0.000003
Iteration: 237 bestvalit: 0.001980 bestmemit:   20.042416    1.236351    1.000000    4.058453    0.000003
Iteration: 238 bestvalit: 0.001980 bestmemit:   20.042416    1.236351    1.000000    4.058453    0.000003
Iteration: 239 bestvalit: 0.001980 bestmemit:   20.042416    1.236351    1.000000    4.058453    0.000003
Iteration: 240 bestvalit: 0.001980 bestmemit:   20.022214    1.244279    1.000000    4.049034    0.000001
Iteration: 241 bestvalit: 0.001980 bestmemit:   20.022214    1.244279    1.000000    4.049034    0.000001
Iteration: 242 bestvalit: 0.001980 bestmemit:   20.022214    1.244279    1.000000    4.049034    0.000001
Iteration: 243 bestvalit: 0.001980 bestmemit:   20.022214    1.244279    1.000000    4.049034    0.000001
Iteration: 244 bestvalit: 0.001980 bestmemit:   20.031819    1.219691    1.000000    4.039173    0.000001
Iteration: 245 bestvalit: 0.001980 bestmemit:   20.031819    1.219691    1.000000    4.039173    0.000001
Iteration: 246 bestvalit: 0.001980 bestmemit:   20.031819    1.219691    1.000000    4.039173    0.000001
Iteration: 247 bestvalit: 0.001980 bestmemit:   20.031819    1.219691    1.000000    4.039173    0.000001
Iteration: 248 bestvalit: 0.001980 bestmemit:   20.031819    1.219691    1.000000    4.039173    0.000001
Iteration: 249 bestvalit: 0.001980 bestmemit:   20.031819    1.219691    1.000000    4.039173    0.000001
Iteration: 250 bestvalit: 0.001980 bestmemit:   20.031819    1.219691    1.000000    4.039173    0.000001
Iteration: 251 bestvalit: 0.001980 bestmemit:   20.035029    1.225620    1.000000    4.043808    0.000002
Iteration: 252 bestvalit: 0.001980 bestmemit:   20.035029    1.225620    1.000000    4.043808    0.000002
Iteration: 253 bestvalit: 0.001980 bestmemit:   20.035029    1.225620    1.000000    4.043808    0.000002
Iteration: 254 bestvalit: 0.001980 bestmemit:   20.035029    1.225620    1.000000    4.043808    0.000002
Iteration: 255 bestvalit: 0.001980 bestmemit:   20.035029    1.225620    1.000000    4.043808    0.000002
Iteration: 256 bestvalit: 0.001980 bestmemit:   20.035029    1.225620    1.000000    4.043808    0.000002
Iteration: 257 bestvalit: 0.001980 bestmemit:   20.035029    1.225620    1.000000    4.043808    0.000002
Iteration: 258 bestvalit: 0.001980 bestmemit:   20.035029    1.225620    1.000000    4.043808    0.000002
Iteration: 259 bestvalit: 0.001980 bestmemit:   20.035029    1.225620    1.000000    4.043808    0.000002
Iteration: 260 bestvalit: 0.001980 bestmemit:   20.035029    1.225620    1.000000    4.043808    0.000002
Iteration: 261 bestvalit: 0.001980 bestmemit:   20.035029    1.225620    1.000000    4.043808    0.000002
Iteration: 262 bestvalit: 0.001980 bestmemit:   20.035029    1.225620    1.000000    4.043808    0.000002
Iteration: 263 bestvalit: 0.001980 bestmemit:   20.032196    1.225620    1.000000    4.043808    0.000002
Iteration: 264 bestvalit: 0.001980 bestmemit:   20.037546    1.221504    1.000000    4.044402    0.000000
Iteration: 265 bestvalit: 0.001980 bestmemit:   20.037546    1.221504    1.000000    4.044402    0.000000
Iteration: 266 bestvalit: 0.001980 bestmemit:   20.037546    1.221504    1.000000    4.044402    0.000000
Iteration: 267 bestvalit: 0.001980 bestmemit:   20.037546    1.221504    1.000000    4.044402    0.000000
Iteration: 268 bestvalit: 0.001980 bestmemit:   20.037546    1.221504    1.000000    4.044402    0.000000
Iteration: 269 bestvalit: 0.001980 bestmemit:   20.037546    1.221504    1.000000    4.044402    0.000000
Iteration: 270 bestvalit: 0.001980 bestmemit:   20.037546    1.221504    1.000000    4.044402    0.000000
Iteration: 271 bestvalit: 0.001980 bestmemit:   20.037546    1.221504    1.000000    4.044402    0.000000
Iteration: 272 bestvalit: 0.001980 bestmemit:   20.037546    1.221504    1.000000    4.044402    0.000000
Iteration: 273 bestvalit: 0.001980 bestmemit:   20.037546    1.221504    1.000000    4.044402    0.000000
Iteration: 274 bestvalit: 0.001980 bestmemit:   20.037546    1.221504    1.000000    4.044402    0.000000
Iteration: 275 bestvalit: 0.001980 bestmemit:   20.037546    1.221504    1.000000    4.044402    0.000000
Iteration: 276 bestvalit: 0.001980 bestmemit:   20.037546    1.221504    1.000000    4.044402    0.000000
Iteration: 277 bestvalit: 0.001980 bestmemit:   20.037546    1.221504    1.000000    4.044402    0.000000
Iteration: 278 bestvalit: 0.001980 bestmemit:   20.037546    1.221504    1.000000    4.044402    0.000000
Iteration: 279 bestvalit: 0.001980 bestmemit:   20.032196    1.225620    1.000000    4.046097    0.000000
Iteration: 280 bestvalit: 0.001980 bestmemit:   20.032196    1.225620    1.000000    4.046097    0.000000
Iteration: 281 bestvalit: 0.001980 bestmemit:   20.032196    1.225620    1.000000    4.046097    0.000000
Iteration: 282 bestvalit: 0.001980 bestmemit:   20.032196    1.225620    1.000000    4.046097    0.000000
Iteration: 283 bestvalit: 0.001980 bestmemit:   20.032196    1.225620    1.000000    4.046097    0.000000
Iteration: 284 bestvalit: 0.001980 bestmemit:   20.032196    1.225620    1.000000    4.046097    0.000000
Iteration: 285 bestvalit: 0.001980 bestmemit:   20.032196    1.225620    1.000000    4.046097    0.000000
Iteration: 286 bestvalit: 0.001980 bestmemit:   20.032196    1.225620    1.000000    4.046097    0.000000
Iteration: 287 bestvalit: 0.001980 bestmemit:   20.032196    1.225620    1.000000    4.046097    0.000000
Iteration: 288 bestvalit: 0.001980 bestmemit:   20.033332    1.224590    1.000000    4.045539    0.000000
Iteration: 289 bestvalit: 0.001980 bestmemit:   20.033332    1.224590    1.000000    4.045539    0.000000
Iteration: 290 bestvalit: 0.001980 bestmemit:   20.033332    1.224590    1.000000    4.045539    0.000000
Iteration: 291 bestvalit: 0.001980 bestmemit:   20.033332    1.224590    1.000000    4.045539    0.000000
Iteration: 292 bestvalit: 0.001980 bestmemit:   20.033332    1.224590    1.000000    4.045539    0.000000
Iteration: 293 bestvalit: 0.001980 bestmemit:   20.033332    1.224590    1.000000    4.045539    0.000000
Iteration: 294 bestvalit: 0.001980 bestmemit:   20.033332    1.224590    1.000000    4.045539    0.000000
Iteration: 295 bestvalit: 0.001980 bestmemit:   20.033332    1.224590    1.000000    4.045539    0.000000
Iteration: 296 bestvalit: 0.001980 bestmemit:   20.033332    1.224590    1.000000    4.045539    0.000000
Iteration: 297 bestvalit: 0.001980 bestmemit:   20.033332    1.225871    1.000000    4.045539    0.000000
Iteration: 298 bestvalit: 0.001980 bestmemit:   20.033332    1.225871    1.000000    4.045539    0.000000
Iteration: 299 bestvalit: 0.001980 bestmemit:   20.033332    1.225871    1.000000    4.045539    0.000000
Iteration: 300 bestvalit: 0.001980 bestmemit:   20.033332    1.225871    1.000000    4.045539    0.000000
Iteration: 301 bestvalit: 0.001980 bestmemit:   20.033332    1.225871    1.000000    4.045539    0.000000
Iteration: 302 bestvalit: 0.001980 bestmemit:   20.033332    1.225871    1.000000    4.045539    0.000000
Iteration: 303 bestvalit: 0.001980 bestmemit:   20.033332    1.225871    1.000000    4.045539    0.000000
Iteration: 304 bestvalit: 0.001980 bestmemit:   20.033332    1.225871    1.000000    4.045539    0.000000
Iteration: 305 bestvalit: 0.001980 bestmemit:   20.033332    1.225871    1.000000    4.045539    0.000000
Iteration: 306 bestvalit: 0.001980 bestmemit:   20.033332    1.225871    1.000000    4.045539    0.000000
Iteration: 307 bestvalit: 0.001980 bestmemit:   20.033332    1.225871    1.000000    4.045539    0.000000
Iteration: 308 bestvalit: 0.001980 bestmemit:   20.033332    1.225871    1.000000    4.045539    0.000000
Iteration: 309 bestvalit: 0.001980 bestmemit:   20.033332    1.225871    1.000000    4.045539    0.000000
Iteration: 310 bestvalit: 0.001980 bestmemit:   20.033332    1.225871    1.000000    4.045539    0.000000
Iteration: 311 bestvalit: 0.001980 bestmemit:   20.033332    1.225871    1.000000    4.045539    0.000000
Iteration: 312 bestvalit: 0.001980 bestmemit:   20.033332    1.225871    1.000000    4.045539    0.000000
Iteration: 313 bestvalit: 0.001980 bestmemit:   20.033332    1.225871    1.000000    4.045539    0.000000
Iteration: 314 bestvalit: 0.001980 bestmemit:   20.033332    1.225871    1.000000    4.045539    0.000000
Iteration: 315 bestvalit: 0.001980 bestmemit:   20.033332    1.225871    1.000000    4.045539    0.000000
Iteration: 316 bestvalit: 0.001980 bestmemit:   20.033332    1.225871    1.000000    4.045539    0.000000
Iteration: 317 bestvalit: 0.001980 bestmemit:   20.033332    1.225871    1.000000    4.045539    0.000000
Iteration: 318 bestvalit: 0.001980 bestmemit:   20.033368    1.226107    1.000000    4.045693    0.000000
Iteration: 319 bestvalit: 0.001980 bestmemit:   20.033368    1.226107    1.000000    4.045693    0.000000
Iteration: 320 bestvalit: 0.001980 bestmemit:   20.033368    1.226107    1.000000    4.045693    0.000000
Iteration: 321 bestvalit: 0.001980 bestmemit:   20.035936    1.226390    1.000000    4.047360    0.000000
Iteration: 322 bestvalit: 0.001980 bestmemit:   20.035936    1.226390    1.000000    4.047360    0.000000
Iteration: 323 bestvalit: 0.001980 bestmemit:   20.035936    1.226390    1.000000    4.047360    0.000000
Iteration: 324 bestvalit: 0.001980 bestmemit:   20.035936    1.226390    1.000000    4.047360    0.000000
Iteration: 325 bestvalit: 0.001980 bestmemit:   20.035936    1.226390    1.000000    4.047360    0.000000
Iteration: 326 bestvalit: 0.001980 bestmemit:   20.035936    1.226390    1.000000    4.047360    0.000000
Iteration: 327 bestvalit: 0.001980 bestmemit:   20.035936    1.226390    1.000000    4.047360    0.000000
Iteration: 328 bestvalit: 0.001980 bestmemit:   20.035936    1.226390    1.000000    4.047360    0.000000
Iteration: 329 bestvalit: 0.001980 bestmemit:   20.035936    1.226390    1.000000    4.047360    0.000000
Iteration: 330 bestvalit: 0.001980 bestmemit:   20.035936    1.226390    1.000000    4.047360    0.000000
Iteration: 331 bestvalit: 0.001980 bestmemit:   20.035936    1.226390    1.000000    4.047360    0.000000
Iteration: 332 bestvalit: 0.001980 bestmemit:   20.035936    1.226390    1.000000    4.047360    0.000000
Iteration: 333 bestvalit: 0.001980 bestmemit:   20.035936    1.226390    1.000000    4.047360    0.000000
Iteration: 334 bestvalit: 0.001980 bestmemit:   20.035936    1.226390    1.000000    4.047360    0.000000
Iteration: 335 bestvalit: 0.001980 bestmemit:   20.035936    1.226390    1.000000    4.047360    0.000000
Iteration: 336 bestvalit: 0.001980 bestmemit:   20.035936    1.226390    1.000000    4.047360    0.000000
Iteration: 337 bestvalit: 0.001980 bestmemit:   20.035936    1.226390    1.000000    4.047360    0.000000
Iteration: 338 bestvalit: 0.001980 bestmemit:   20.035936    1.226390    1.000000    4.047360    0.000000
Iteration: 339 bestvalit: 0.001980 bestmemit:   20.036721    1.225343    1.000000    4.047179    0.000000
Iteration: 340 bestvalit: 0.001980 bestmemit:   20.036721    1.225343    1.000000    4.047179    0.000000
Iteration: 341 bestvalit: 0.001980 bestmemit:   20.036514    1.225051    1.000000    4.046877    0.000000
Iteration: 342 bestvalit: 0.001980 bestmemit:   20.036514    1.225051    1.000000    4.046877    0.000000
Iteration: 343 bestvalit: 0.001980 bestmemit:   20.036514    1.225051    1.000000    4.046877    0.000000
Iteration: 344 bestvalit: 0.001980 bestmemit:   20.036514    1.225051    1.000000    4.046877    0.000000
Iteration: 345 bestvalit: 0.001980 bestmemit:   20.036514    1.225051    1.000000    4.046877    0.000000
Iteration: 346 bestvalit: 0.001980 bestmemit:   20.036514    1.225051    1.000000    4.046877    0.000000
Iteration: 347 bestvalit: 0.001980 bestmemit:   20.036604    1.225343    1.000000    4.047179    0.000000
Iteration: 348 bestvalit: 0.001980 bestmemit:   20.036604    1.225343    1.000000    4.047179    0.000000
Iteration: 349 bestvalit: 0.001980 bestmemit:   20.036604    1.225343    1.000000    4.047179    0.000000
Iteration: 350 bestvalit: 0.001980 bestmemit:   20.035647    1.226197    1.000000    4.047148    0.000000
Iteration: 351 bestvalit: 0.001980 bestmemit:   20.035647    1.226197    1.000000    4.047148    0.000000
Iteration: 352 bestvalit: 0.001980 bestmemit:   20.035647    1.226197    1.000000    4.047148    0.000000
Iteration: 353 bestvalit: 0.001980 bestmemit:   20.035647    1.226197    1.000000    4.047148    0.000000
Iteration: 354 bestvalit: 0.001980 bestmemit:   20.035647    1.226197    1.000000    4.047148    0.000000
Iteration: 355 bestvalit: 0.001980 bestmemit:   20.035647    1.226197    1.000000    4.047148    0.000000
Iteration: 356 bestvalit: 0.001980 bestmemit:   20.035647    1.226197    1.000000    4.047148    0.000000
Iteration: 357 bestvalit: 0.001980 bestmemit:   20.035647    1.226197    1.000000    4.047148    0.000000
Iteration: 358 bestvalit: 0.001980 bestmemit:   20.035647    1.226197    1.000000    4.047148    0.000000
Iteration: 359 bestvalit: 0.001980 bestmemit:   20.035647    1.226197    1.000000    4.047148    0.000000
Iteration: 360 bestvalit: 0.001980 bestmemit:   20.035647    1.226197    1.000000    4.047148    0.000000
Iteration: 361 bestvalit: 0.001980 bestmemit:   20.035703    1.225558    1.000000    4.046857    0.000000
Iteration: 362 bestvalit: 0.001980 bestmemit:   20.035703    1.225558    1.000000    4.046857    0.000000
Iteration: 363 bestvalit: 0.001980 bestmemit:   20.035703    1.225558    1.000000    4.046857    0.000000
Iteration: 364 bestvalit: 0.001980 bestmemit:   20.035703    1.225558    1.000000    4.046857    0.000000
Iteration: 365 bestvalit: 0.001980 bestmemit:   20.035703    1.225558    1.000000    4.046857    0.000000
Iteration: 366 bestvalit: 0.001980 bestmemit:   20.035703    1.225558    1.000000    4.046857    0.000000
Iteration: 367 bestvalit: 0.001980 bestmemit:   20.035703    1.225558    1.000000    4.046857    0.000000
Iteration: 368 bestvalit: 0.001980 bestmemit:   20.035703    1.225558    1.000000    4.046857    0.000000

***** summary of DEoptim object ***** 
best member   :  20.0357 1.22556 1 4.04686 0 
best value    :  0.00198 
after         :  368 generations 
fn evaluated  :  738 times 
*************************************
