SLURM_JOB_ID: 55403009
SLURM_JOB_USER: vsc34066
SLURM_JOB_ACCOUNT: lp_desenderlab
SLURM_JOB_NAME: par_recov_alternating_fb_sim_alpha_learn.slurm
SLURM_CLUSTER_NAME: genius
SLURM_JOB_PARTITION: batch
SLURM_ARRAY_JOB_ID: 55402977
SLURM_ARRAY_TASK_ID: 32
SLURM_NNODES: 2
SLURM_NODELIST: r22i27n[19,23]
SLURM_JOB_CPUS_PER_NODE: 4(x2)
Date: Sun Dec  3 23:43:52 CET 2023
Walltime: 01-06:00:00
========================================================================
Iteration: 1 bestvalit: 0.124738 bestmemit:   33.539130   94.508584    1.000000 4355.245608 8058.803158
Iteration: 2 bestvalit: 0.124738 bestmemit:   33.539130   94.508584    1.000000 4355.245608 8058.803158
Iteration: 3 bestvalit: 0.124738 bestmemit:   33.539130   94.508584    1.000000 4355.245608 8058.803158
Iteration: 4 bestvalit: 0.122368 bestmemit:   25.771692   85.408202    1.000000  362.755392 1406.388578
Iteration: 5 bestvalit: 0.106589 bestmemit:   25.410375  -19.037900    1.000000   82.674807 1155.704877
Iteration: 6 bestvalit: 0.105890 bestmemit:   25.410375  -95.825096    1.000000   82.674807 1155.704877
Iteration: 7 bestvalit: 0.105890 bestmemit:   25.410375  -95.825096    1.000000   82.674807 1155.704877
Iteration: 8 bestvalit: 0.085169 bestmemit:   13.926334  -95.825096    1.000000   82.674807  177.472756
Iteration: 9 bestvalit: 0.085169 bestmemit:   13.926334  -95.825096    1.000000   82.674807  177.472756
Iteration: 10 bestvalit: 0.085169 bestmemit:   13.926334  -95.825096    1.000000   82.674807  177.472756
Iteration: 11 bestvalit: 0.085169 bestmemit:   13.926334  -95.825096    1.000000   82.674807  177.472756
Iteration: 12 bestvalit: 0.085169 bestmemit:   13.926334  -95.825096    1.000000   82.674807  177.472756
Iteration: 13 bestvalit: 0.082960 bestmemit:   44.752940   58.754151    1.000000   82.674807  177.472756
Iteration: 14 bestvalit: 0.082918 bestmemit:   43.760283   58.754151    1.000000   82.674807  177.472756
Iteration: 15 bestvalit: 0.082918 bestmemit:   43.760283   58.754151    1.000000   82.674807  177.472756
Iteration: 16 bestvalit: 0.082918 bestmemit:   43.760283   58.754151    1.000000   82.674807  177.472756
Iteration: 17 bestvalit: 0.082918 bestmemit:   43.760283   58.754151    1.000000   82.674807  177.472756
Iteration: 18 bestvalit: 0.082918 bestmemit:   43.760283   58.754151    1.000000   82.674807  177.472756
Iteration: 19 bestvalit: 0.082884 bestmemit:   43.760283   55.892772    1.000000   82.674807  177.472756
Iteration: 20 bestvalit: 0.082884 bestmemit:   43.760283   55.892772    1.000000   82.674807  177.472756
Iteration: 21 bestvalit: 0.082884 bestmemit:   43.760283   55.892772    1.000000   82.674807  177.472756
Iteration: 22 bestvalit: 0.082884 bestmemit:   43.760283   55.892772    1.000000   82.674807  177.472756
Iteration: 23 bestvalit: 0.082884 bestmemit:   43.760283   55.892772    1.000000   82.674807  177.472756
Iteration: 24 bestvalit: 0.082884 bestmemit:   43.760283   55.892772    1.000000   82.674807  177.472756
Iteration: 25 bestvalit: 0.082884 bestmemit:   43.760283   55.892772    1.000000   82.674807  177.472756
Iteration: 26 bestvalit: 0.081789 bestmemit:   17.675220  -23.243180    1.000000  128.239456   19.126476
Iteration: 27 bestvalit: 0.081186 bestmemit:   26.588618  -23.243180    1.000000  128.239456   19.126476
Iteration: 28 bestvalit: 0.081186 bestmemit:   26.588618  -23.243180    1.000000  128.239456   19.126476
Iteration: 29 bestvalit: 0.081186 bestmemit:   26.588618  -23.243180    1.000000  128.239456   19.126476
Iteration: 30 bestvalit: 0.080648 bestmemit:   26.588618  -12.439534    1.000000  128.239456   19.126476
Iteration: 31 bestvalit: 0.080648 bestmemit:   26.588618  -12.439534    1.000000  128.239456   19.126476
Iteration: 32 bestvalit: 0.079392 bestmemit:   28.402788  -65.789168    1.000000  128.239456   19.126476
Iteration: 33 bestvalit: 0.079392 bestmemit:   28.402788  -65.789168    1.000000  128.239456   19.126476
Iteration: 34 bestvalit: 0.079392 bestmemit:   28.402788  -65.789168    1.000000  128.239456   19.126476
Iteration: 35 bestvalit: 0.066649 bestmemit:   44.886458    4.151376    1.000000   13.571164   42.820833
Iteration: 36 bestvalit: 0.066649 bestmemit:   44.886458    4.151376    1.000000   13.571164   42.820833
Iteration: 37 bestvalit: 0.066510 bestmemit:   44.886458  -58.594398    1.000000   13.571164   42.820833
Iteration: 38 bestvalit: 0.066510 bestmemit:   44.886458  -58.594398    1.000000   13.571164   42.820833
Iteration: 39 bestvalit: 0.066510 bestmemit:   44.886458  -58.594398    1.000000   13.571164   42.820833
Iteration: 40 bestvalit: 0.066510 bestmemit:   44.886458  -58.594398    1.000000   13.571164   42.820833
Iteration: 41 bestvalit: 0.066510 bestmemit:   44.886458  -58.594398    1.000000   13.571164   42.820833
Iteration: 42 bestvalit: 0.066510 bestmemit:   44.886458  -58.594398    1.000000   13.571164   42.820833
Iteration: 43 bestvalit: 0.066510 bestmemit:   44.886458  -58.594398    1.000000   13.571164   42.820833
Iteration: 44 bestvalit: 0.053167 bestmemit:   48.705962  -51.572602    1.000000   54.132810    1.345063
Iteration: 45 bestvalit: 0.053167 bestmemit:   48.705962  -51.572602    1.000000   54.132810    1.345063
Iteration: 46 bestvalit: 0.053167 bestmemit:   48.705962  -51.572602    1.000000   54.132810    1.345063
Iteration: 47 bestvalit: 0.053167 bestmemit:   48.705962  -51.572602    1.000000   54.132810    1.345063
Iteration: 48 bestvalit: 0.053167 bestmemit:   48.705962  -51.572602    1.000000   54.132810    1.345063
Iteration: 49 bestvalit: 0.053167 bestmemit:   48.705962  -51.572602    1.000000   54.132810    1.345063
Iteration: 50 bestvalit: 0.053167 bestmemit:   48.705962  -51.572602    1.000000   54.132810    1.345063
Iteration: 51 bestvalit: 0.053167 bestmemit:   48.705962  -51.572602    1.000000   54.132810    1.345063
Iteration: 52 bestvalit: 0.053167 bestmemit:   48.705962  -51.572602    1.000000   54.132810    1.345063
Iteration: 53 bestvalit: 0.053167 bestmemit:   48.705962  -51.572602    1.000000   54.132810    1.345063
Iteration: 54 bestvalit: 0.053167 bestmemit:   48.705962  -51.572602    1.000000   54.132810    1.345063
Iteration: 55 bestvalit: 0.053167 bestmemit:   48.705962  -51.572602    1.000000   54.132810    1.345063
Iteration: 56 bestvalit: 0.053167 bestmemit:   48.705962  -51.572602    1.000000   54.132810    1.345063
Iteration: 57 bestvalit: 0.053167 bestmemit:   48.705962  -51.572602    1.000000   54.132810    1.345063
Iteration: 58 bestvalit: 0.053167 bestmemit:   48.705962  -51.572602    1.000000   54.132810    1.345063
Iteration: 59 bestvalit: 0.053167 bestmemit:   48.705962  -51.572602    1.000000   54.132810    1.345063
Iteration: 60 bestvalit: 0.053167 bestmemit:   48.705962  -51.572602    1.000000   54.132810    1.345063
Iteration: 61 bestvalit: 0.053167 bestmemit:   48.705962  -51.572602    1.000000   54.132810    1.345063
Iteration: 62 bestvalit: 0.053167 bestmemit:   48.705962  -51.572602    1.000000   54.132810    1.345063
Iteration: 63 bestvalit: 0.053167 bestmemit:   48.705962  -51.572602    1.000000   54.132810    1.345063
Iteration: 64 bestvalit: 0.053167 bestmemit:   48.705962  -51.572602    1.000000   54.132810    1.345063
Iteration: 65 bestvalit: 0.053167 bestmemit:   48.705962  -51.572602    1.000000   54.132810    1.345063
Iteration: 66 bestvalit: 0.053167 bestmemit:   48.705962  -51.572602    1.000000   54.132810    1.345063
Iteration: 67 bestvalit: 0.053167 bestmemit:   48.705962  -51.572602    1.000000   54.132810    1.345063
Iteration: 68 bestvalit: 0.053167 bestmemit:   48.705962  -51.572602    1.000000   54.132810    1.345063
Iteration: 69 bestvalit: 0.053167 bestmemit:   48.705962  -51.572602    1.000000   54.132810    1.345063
Iteration: 70 bestvalit: 0.053167 bestmemit:   48.705962  -51.572602    1.000000   54.132810    1.345063
Iteration: 71 bestvalit: 0.053167 bestmemit:   48.705962  -51.572602    1.000000   54.132810    1.345063
Iteration: 72 bestvalit: 0.051986 bestmemit:   48.084268  -39.450044    1.000000   11.924149    0.190805
Iteration: 73 bestvalit: 0.051986 bestmemit:   48.084268  -39.450044    1.000000   11.924149    0.190805
Iteration: 74 bestvalit: 0.051986 bestmemit:   48.084268  -39.450044    1.000000   11.924149    0.190805
Iteration: 75 bestvalit: 0.051986 bestmemit:   48.084268  -39.450044    1.000000   11.924149    0.190805
Iteration: 76 bestvalit: 0.051986 bestmemit:   48.084268  -39.450044    1.000000   11.924149    0.190805
Iteration: 77 bestvalit: 0.051705 bestmemit:   47.417965  -37.798715    1.000000   27.561543    0.826783
Iteration: 78 bestvalit: 0.051705 bestmemit:   47.417965  -37.798715    1.000000   27.561543    0.826783
Iteration: 79 bestvalit: 0.051705 bestmemit:   47.417965  -37.798715    1.000000   27.561543    0.826783
Iteration: 80 bestvalit: 0.051705 bestmemit:   47.417965  -37.798715    1.000000   27.561543    0.826783
Iteration: 81 bestvalit: 0.051705 bestmemit:   47.417965  -37.798715    1.000000   27.561543    0.826783
Iteration: 82 bestvalit: 0.050941 bestmemit:   48.084268  -33.837051    1.000000   11.924149    0.190805
Iteration: 83 bestvalit: 0.050941 bestmemit:   48.084268  -33.837051    1.000000   11.924149    0.190805
Iteration: 84 bestvalit: 0.050941 bestmemit:   48.084268  -33.837051    1.000000   11.924149    0.190805
Iteration: 85 bestvalit: 0.050941 bestmemit:   48.084268  -33.837051    1.000000   11.924149    0.190805
Iteration: 86 bestvalit: 0.050209 bestmemit:   49.514842  -25.515244    1.000000    3.769326    0.080216
Iteration: 87 bestvalit: 0.050209 bestmemit:   49.514842  -25.515244    1.000000    3.769326    0.080216
Iteration: 88 bestvalit: 0.050209 bestmemit:   49.514842  -25.515244    1.000000    3.769326    0.080216
Iteration: 89 bestvalit: 0.050209 bestmemit:   49.514842  -25.515244    1.000000    3.769326    0.080216
Iteration: 90 bestvalit: 0.050141 bestmemit:   49.374644  -29.383060    1.000000    8.590766    0.499103
Iteration: 91 bestvalit: 0.049721 bestmemit:   49.034187  -20.098421    1.000000    2.168107    0.409990
Iteration: 92 bestvalit: 0.049721 bestmemit:   49.034187  -20.098421    1.000000    2.168107    0.409990
Iteration: 93 bestvalit: 0.049721 bestmemit:   49.034187  -20.098421    1.000000    2.168107    0.409990
Iteration: 94 bestvalit: 0.049721 bestmemit:   49.034187  -20.098421    1.000000    2.168107    0.409990
Iteration: 95 bestvalit: 0.049721 bestmemit:   49.034187  -20.098421    1.000000    2.168107    0.409990
Iteration: 96 bestvalit: 0.049721 bestmemit:   49.034187  -20.098421    1.000000    2.168107    0.409990
Iteration: 97 bestvalit: 0.049721 bestmemit:   49.034187  -20.098421    1.000000    2.168107    0.409990
Iteration: 98 bestvalit: 0.049721 bestmemit:   49.034187  -20.098421    1.000000    2.168107    0.409990
Iteration: 99 bestvalit: 0.049719 bestmemit:   49.034187  -20.098421    1.000000    2.143168    0.409990
Iteration: 100 bestvalit: 0.049719 bestmemit:   49.034187  -20.098421    1.000000    2.143168    0.409990
Iteration: 101 bestvalit: 0.049552 bestmemit:   49.286828  -25.204732    1.000000    4.102268    0.666610
Iteration: 102 bestvalit: 0.049552 bestmemit:   49.286828  -25.204732    1.000000    4.102268    0.666610
Iteration: 103 bestvalit: 0.049552 bestmemit:   49.286828  -25.204732    1.000000    4.102268    0.666610
Iteration: 104 bestvalit: 0.049324 bestmemit:   49.648520  -24.784667    1.000000    2.451598    0.547159
Iteration: 105 bestvalit: 0.049324 bestmemit:   49.648520  -24.784667    1.000000    2.451598    0.547159
Iteration: 106 bestvalit: 0.049324 bestmemit:   49.648520  -24.784667    1.000000    2.451598    0.547159
Iteration: 107 bestvalit: 0.049324 bestmemit:   49.648520  -24.784667    1.000000    2.451598    0.547159
Iteration: 108 bestvalit: 0.049263 bestmemit:   49.702172  -25.208456    1.000000    1.902381    0.633970
Iteration: 109 bestvalit: 0.049260 bestmemit:   49.727403  -25.208456    1.000000    1.902381    0.633970
Iteration: 110 bestvalit: 0.049260 bestmemit:   49.727403  -25.208456    1.000000    1.902381    0.633970
Iteration: 111 bestvalit: 0.049156 bestmemit:   49.648520  -24.784667    1.000000    0.127487    0.547159
Iteration: 112 bestvalit: 0.049156 bestmemit:   49.648520  -24.784667    1.000000    0.127487    0.547159
Iteration: 113 bestvalit: 0.049144 bestmemit:   49.774247  -24.784667    1.000000    0.127487    0.547159
Iteration: 114 bestvalit: 0.049144 bestmemit:   49.774247  -24.784667    1.000000    0.127487    0.547159
Iteration: 115 bestvalit: 0.049144 bestmemit:   49.774247  -24.784667    1.000000    0.127487    0.547159
Iteration: 116 bestvalit: 0.049144 bestmemit:   49.774247  -24.784667    1.000000    0.127487    0.547159
Iteration: 117 bestvalit: 0.049144 bestmemit:   49.774247  -24.784667    1.000000    0.127487    0.547159
Iteration: 118 bestvalit: 0.049144 bestmemit:   49.774247  -24.784667    1.000000    0.127487    0.547159
Iteration: 119 bestvalit: 0.049144 bestmemit:   49.774247  -24.784667    1.000000    0.127487    0.547159
Iteration: 120 bestvalit: 0.049144 bestmemit:   49.774247  -24.784667    1.000000    0.127487    0.547159
Iteration: 121 bestvalit: 0.049144 bestmemit:   49.774247  -24.784667    1.000000    0.127487    0.547159
Iteration: 122 bestvalit: 0.049144 bestmemit:   49.774247  -24.784667    1.000000    0.127487    0.547159
Iteration: 123 bestvalit: 0.049144 bestmemit:   49.774247  -24.784667    1.000000    0.127487    0.547159
Iteration: 124 bestvalit: 0.049144 bestmemit:   49.774247  -24.784667    1.000000    0.127487    0.547159
Iteration: 125 bestvalit: 0.049142 bestmemit:   49.834345  -23.879084    1.000000    0.638332    0.409990
Iteration: 126 bestvalit: 0.049142 bestmemit:   49.834345  -23.879084    1.000000    0.638332    0.409990
Iteration: 127 bestvalit: 0.049142 bestmemit:   49.834345  -23.879084    1.000000    0.638332    0.409990
Iteration: 128 bestvalit: 0.049142 bestmemit:   49.834345  -23.879084    1.000000    0.638332    0.409990
Iteration: 129 bestvalit: 0.049142 bestmemit:   49.834345  -23.879084    1.000000    0.638332    0.409990
Iteration: 130 bestvalit: 0.049142 bestmemit:   49.834345  -23.879084    1.000000    0.638332    0.409990
Iteration: 131 bestvalit: 0.049142 bestmemit:   49.834345  -23.879084    1.000000    0.638332    0.409990
Iteration: 132 bestvalit: 0.049142 bestmemit:   49.834345  -23.879084    1.000000    0.638332    0.409990
Iteration: 133 bestvalit: 0.049142 bestmemit:   49.834345  -23.879084    1.000000    0.638332    0.409990
Iteration: 134 bestvalit: 0.049142 bestmemit:   49.834345  -23.879084    1.000000    0.638332    0.409990
Iteration: 135 bestvalit: 0.049142 bestmemit:   49.834345  -23.879084    1.000000    0.638332    0.409990
Iteration: 136 bestvalit: 0.049142 bestmemit:   49.834345  -23.879084    1.000000    0.638332    0.409990
Iteration: 137 bestvalit: 0.049142 bestmemit:   49.834345  -23.879084    1.000000    0.638332    0.409990
Iteration: 138 bestvalit: 0.049142 bestmemit:   49.834345  -23.879084    1.000000    0.638332    0.409990
Iteration: 139 bestvalit: 0.049131 bestmemit:   49.782729  -23.789410    1.000000    0.186614    0.294113
Iteration: 140 bestvalit: 0.049131 bestmemit:   49.782729  -23.789410    1.000000    0.186614    0.294113
Iteration: 141 bestvalit: 0.049119 bestmemit:   49.820116  -23.886366    1.000000    0.172720    0.316573
Iteration: 142 bestvalit: 0.049119 bestmemit:   49.820116  -23.886366    1.000000    0.172720    0.316573
Iteration: 143 bestvalit: 0.049111 bestmemit:   49.834345  -24.123286    1.000000    0.236329    0.409990
Iteration: 144 bestvalit: 0.049111 bestmemit:   49.834345  -24.123286    1.000000    0.236329    0.409990
Iteration: 145 bestvalit: 0.049101 bestmemit:   49.997830  -23.885836    1.000000    0.015740    0.272558
Iteration: 146 bestvalit: 0.049101 bestmemit:   49.997830  -23.885836    1.000000    0.015740    0.272558
Iteration: 147 bestvalit: 0.049101 bestmemit:   49.997830  -23.885836    1.000000    0.015740    0.272558
Iteration: 148 bestvalit: 0.049101 bestmemit:   49.997830  -23.885836    1.000000    0.015740    0.272558
Iteration: 149 bestvalit: 0.049101 bestmemit:   49.997830  -23.885836    1.000000    0.015740    0.272558
Iteration: 150 bestvalit: 0.049101 bestmemit:   49.997830  -23.885836    1.000000    0.015740    0.272558
Iteration: 151 bestvalit: 0.049101 bestmemit:   49.997830  -23.885836    1.000000    0.015740    0.272558
Iteration: 152 bestvalit: 0.049101 bestmemit:   49.997830  -23.885836    1.000000    0.015740    0.272558
Iteration: 153 bestvalit: 0.049101 bestmemit:   49.997830  -23.885836    1.000000    0.015740    0.272558
Iteration: 154 bestvalit: 0.049101 bestmemit:   49.997830  -23.885836    1.000000    0.015740    0.272558
Iteration: 155 bestvalit: 0.049101 bestmemit:   49.997830  -23.885836    1.000000    0.015740    0.272558
Iteration: 156 bestvalit: 0.049095 bestmemit:   49.974344  -24.706614    1.000000    0.050719    0.458578
Iteration: 157 bestvalit: 0.049095 bestmemit:   49.974344  -24.706614    1.000000    0.050719    0.458578
Iteration: 158 bestvalit: 0.049095 bestmemit:   49.974344  -24.706614    1.000000    0.050719    0.458578
Iteration: 159 bestvalit: 0.049085 bestmemit:   49.994135  -24.101201    1.000000    0.092614    0.372409
Iteration: 160 bestvalit: 0.049085 bestmemit:   49.994135  -24.101201    1.000000    0.092614    0.372409
Iteration: 161 bestvalit: 0.049085 bestmemit:   49.994135  -24.101201    1.000000    0.092614    0.372409
Iteration: 162 bestvalit: 0.049085 bestmemit:   49.994135  -24.101201    1.000000    0.092614    0.372409
Iteration: 163 bestvalit: 0.049085 bestmemit:   49.994135  -24.101201    1.000000    0.092614    0.372409
Iteration: 164 bestvalit: 0.049085 bestmemit:   49.994135  -24.101201    1.000000    0.092614    0.372409
Iteration: 165 bestvalit: 0.049085 bestmemit:   49.994135  -24.101201    1.000000    0.092614    0.372409
Iteration: 166 bestvalit: 0.049085 bestmemit:   49.994135  -24.101201    1.000000    0.092614    0.372409
Iteration: 167 bestvalit: 0.049085 bestmemit:   49.994135  -24.101201    1.000000    0.092614    0.372409
Iteration: 168 bestvalit: 0.049085 bestmemit:   49.994135  -24.101201    1.000000    0.092614    0.372409
Iteration: 169 bestvalit: 0.049082 bestmemit:   49.994135  -24.101201    1.000000    0.040747    0.372409
Iteration: 170 bestvalit: 0.049082 bestmemit:   49.994135  -24.101201    1.000000    0.040747    0.372409
Iteration: 171 bestvalit: 0.049082 bestmemit:   49.994135  -24.101201    1.000000    0.040747    0.372409
Iteration: 172 bestvalit: 0.049082 bestmemit:   49.994135  -24.101201    1.000000    0.040747    0.372409
Iteration: 173 bestvalit: 0.049082 bestmemit:   49.994135  -24.101201    1.000000    0.040747    0.372409
Iteration: 174 bestvalit: 0.049082 bestmemit:   49.994135  -24.101201    1.000000    0.040747    0.372409
Iteration: 175 bestvalit: 0.049082 bestmemit:   49.994135  -24.101201    1.000000    0.040747    0.372409
Iteration: 176 bestvalit: 0.049082 bestmemit:   49.994135  -24.101201    1.000000    0.040747    0.372409
Iteration: 177 bestvalit: 0.049082 bestmemit:   49.994135  -24.101201    1.000000    0.040747    0.372409
Iteration: 178 bestvalit: 0.049082 bestmemit:   49.994135  -24.101201    1.000000    0.040747    0.372409
Iteration: 179 bestvalit: 0.049082 bestmemit:   49.994135  -24.101201    1.000000    0.040747    0.372409
Iteration: 180 bestvalit: 0.049081 bestmemit:   49.988740  -23.690341    1.000000    0.006714    0.329744
Iteration: 181 bestvalit: 0.049081 bestmemit:   49.988740  -23.690341    1.000000    0.006714    0.329744
Iteration: 182 bestvalit: 0.049081 bestmemit:   49.988740  -23.690341    1.000000    0.006714    0.329744
Iteration: 183 bestvalit: 0.049081 bestmemit:   49.988740  -23.690341    1.000000    0.006714    0.329744
Iteration: 184 bestvalit: 0.049081 bestmemit:   49.988740  -23.690341    1.000000    0.006714    0.329744
Iteration: 185 bestvalit: 0.049081 bestmemit:   49.988740  -23.690341    1.000000    0.006714    0.329744
Iteration: 186 bestvalit: 0.049081 bestmemit:   49.988740  -23.690341    1.000000    0.006714    0.329744
Iteration: 187 bestvalit: 0.049081 bestmemit:   49.988740  -23.690341    1.000000    0.006714    0.329744
Iteration: 188 bestvalit: 0.049081 bestmemit:   49.988740  -23.690341    1.000000    0.006714    0.329744
Iteration: 189 bestvalit: 0.049081 bestmemit:   49.988740  -23.690341    1.000000    0.006714    0.329744
Iteration: 190 bestvalit: 0.049081 bestmemit:   49.988740  -23.690341    1.000000    0.006714    0.329744
Iteration: 191 bestvalit: 0.049081 bestmemit:   49.988740  -23.690341    1.000000    0.006714    0.329744
Iteration: 192 bestvalit: 0.049081 bestmemit:   49.988740  -23.690341    1.000000    0.006714    0.329744
Iteration: 193 bestvalit: 0.049080 bestmemit:   49.995943  -24.015254    1.000000    0.009521    0.345677
Iteration: 194 bestvalit: 0.049079 bestmemit:   49.998452  -23.827511    1.000000    0.003795    0.346161
Iteration: 195 bestvalit: 0.049079 bestmemit:   49.998452  -23.827511    1.000000    0.003795    0.346161
Iteration: 196 bestvalit: 0.049079 bestmemit:   49.998452  -23.827511    1.000000    0.003795    0.346161
Iteration: 197 bestvalit: 0.049079 bestmemit:   49.998452  -23.827511    1.000000    0.003795    0.346161
Iteration: 198 bestvalit: 0.049079 bestmemit:   49.998452  -23.827511    1.000000    0.003795    0.346161
Iteration: 199 bestvalit: 0.049079 bestmemit:   49.998452  -23.827511    1.000000    0.003795    0.346161
Iteration: 200 bestvalit: 0.049079 bestmemit:   49.998452  -23.827511    1.000000    0.003795    0.346161
Iteration: 201 bestvalit: 0.049079 bestmemit:   49.998452  -23.827511    1.000000    0.003795    0.346161
Iteration: 202 bestvalit: 0.049079 bestmemit:   49.998452  -23.827511    1.000000    0.003795    0.346161
Iteration: 203 bestvalit: 0.049079 bestmemit:   49.998452  -23.827511    1.000000    0.003795    0.346161
Iteration: 204 bestvalit: 0.049079 bestmemit:   49.998452  -23.827511    1.000000    0.003795    0.346161
Iteration: 205 bestvalit: 0.049079 bestmemit:   49.998452  -23.827511    1.000000    0.003795    0.346161
Iteration: 206 bestvalit: 0.049079 bestmemit:   49.998452  -23.827511    1.000000    0.003795    0.346161
Iteration: 207 bestvalit: 0.049079 bestmemit:   49.998452  -23.827511    1.000000    0.003795    0.346161
Iteration: 208 bestvalit: 0.049079 bestmemit:   49.998452  -23.827511    1.000000    0.003795    0.346161
Iteration: 209 bestvalit: 0.049079 bestmemit:   49.998452  -23.827511    1.000000    0.003795    0.346161
Iteration: 210 bestvalit: 0.049078 bestmemit:   49.999808  -23.992350    1.000000    0.005531    0.369268
Iteration: 211 bestvalit: 0.049078 bestmemit:   49.999808  -23.992350    1.000000    0.005531    0.360639
Iteration: 212 bestvalit: 0.049078 bestmemit:   49.999808  -23.992350    1.000000    0.005531    0.360639
Iteration: 213 bestvalit: 0.049078 bestmemit:   49.999808  -23.992350    1.000000    0.002635    0.360639
Iteration: 214 bestvalit: 0.049078 bestmemit:   49.999808  -23.992350    1.000000    0.002635    0.360639
Iteration: 215 bestvalit: 0.049078 bestmemit:   49.999808  -23.992350    1.000000    0.002635    0.360639
Iteration: 216 bestvalit: 0.049078 bestmemit:   49.999808  -23.992350    1.000000    0.002635    0.360639
Iteration: 217 bestvalit: 0.049078 bestmemit:   49.999808  -23.992350    1.000000    0.002635    0.360639
Iteration: 218 bestvalit: 0.049078 bestmemit:   49.999808  -23.992350    1.000000    0.002635    0.360639
Iteration: 219 bestvalit: 0.049078 bestmemit:   49.999808  -23.992350    1.000000    0.002635    0.360639
Iteration: 220 bestvalit: 0.049078 bestmemit:   49.999808  -23.992350    1.000000    0.002635    0.360639
Iteration: 221 bestvalit: 0.049078 bestmemit:   49.999608  -23.948531    1.000000    0.001943    0.357024
Iteration: 222 bestvalit: 0.049078 bestmemit:   49.999608  -23.948531    1.000000    0.001943    0.357024
Iteration: 223 bestvalit: 0.049078 bestmemit:   49.999608  -23.948531    1.000000    0.001943    0.357024
Iteration: 224 bestvalit: 0.049078 bestmemit:   49.999608  -23.948531    1.000000    0.001943    0.357024
Iteration: 225 bestvalit: 0.049078 bestmemit:   49.999608  -23.948531    1.000000    0.001943    0.357024
Iteration: 226 bestvalit: 0.049078 bestmemit:   49.999608  -23.948531    1.000000    0.001943    0.357024
Iteration: 227 bestvalit: 0.049078 bestmemit:   49.999608  -23.948531    1.000000    0.001943    0.357024
Iteration: 228 bestvalit: 0.049078 bestmemit:   49.999608  -23.948531    1.000000    0.001943    0.357024
Iteration: 229 bestvalit: 0.049078 bestmemit:   49.999686  -23.957691    1.000000    0.000195    0.354690
Iteration: 230 bestvalit: 0.049078 bestmemit:   49.999686  -23.957691    1.000000    0.000195    0.354690
Iteration: 231 bestvalit: 0.049078 bestmemit:   49.999686  -23.957691    1.000000    0.000195    0.354690
Iteration: 232 bestvalit: 0.049078 bestmemit:   49.999686  -23.957691    1.000000    0.000195    0.354690
Iteration: 233 bestvalit: 0.049078 bestmemit:   49.999987  -23.948173    1.000000    0.000732    0.356078
Iteration: 234 bestvalit: 0.049078 bestmemit:   49.999987  -23.948173    1.000000    0.000732    0.356078
Iteration: 235 bestvalit: 0.049078 bestmemit:   49.999987  -23.948173    1.000000    0.000732    0.356078
Iteration: 236 bestvalit: 0.049078 bestmemit:   49.999987  -23.948173    1.000000    0.000732    0.356078
Iteration: 237 bestvalit: 0.049078 bestmemit:   49.999987  -23.948173    1.000000    0.000732    0.356078
Iteration: 238 bestvalit: 0.049078 bestmemit:   49.999987  -23.948173    1.000000    0.000732    0.356078
Iteration: 239 bestvalit: 0.049078 bestmemit:   49.999987  -23.948173    1.000000    0.000732    0.356078
Iteration: 240 bestvalit: 0.049078 bestmemit:   49.999959  -23.943553    1.000000    0.000191    0.352736
Iteration: 241 bestvalit: 0.049078 bestmemit:   49.999959  -23.943553    1.000000    0.000191    0.352736
Iteration: 242 bestvalit: 0.049078 bestmemit:   49.999919  -23.967814    1.000000    0.000339    0.357213
Iteration: 243 bestvalit: 0.049078 bestmemit:   49.999919  -23.967814    1.000000    0.000339    0.357213
Iteration: 244 bestvalit: 0.049078 bestmemit:   49.999919  -23.967814    1.000000    0.000339    0.357213
Iteration: 245 bestvalit: 0.049078 bestmemit:   49.999919  -23.967814    1.000000    0.000339    0.357213
Iteration: 246 bestvalit: 0.049078 bestmemit:   49.999919  -23.967814    1.000000    0.000339    0.357213
Iteration: 247 bestvalit: 0.049078 bestmemit:   49.999919  -23.967814    1.000000    0.000339    0.357213
Iteration: 248 bestvalit: 0.049078 bestmemit:   49.999919  -23.967814    1.000000    0.000339    0.357213
Iteration: 249 bestvalit: 0.049078 bestmemit:   49.999981  -23.949053    1.000000    0.000173    0.357619
Iteration: 250 bestvalit: 0.049078 bestmemit:   49.999981  -23.949053    1.000000    0.000173    0.357619
Iteration: 251 bestvalit: 0.049078 bestmemit:   49.999981  -23.949053    1.000000    0.000173    0.357619
Iteration: 252 bestvalit: 0.049078 bestmemit:   49.999959  -23.957762    1.000000    0.000083    0.356739
Iteration: 253 bestvalit: 0.049078 bestmemit:   49.999959  -23.957762    1.000000    0.000083    0.356739
Iteration: 254 bestvalit: 0.049078 bestmemit:   49.999959  -23.957762    1.000000    0.000083    0.356739
Iteration: 255 bestvalit: 0.049078 bestmemit:   49.999959  -23.957762    1.000000    0.000083    0.356739
Iteration: 256 bestvalit: 0.049078 bestmemit:   49.999959  -23.957762    1.000000    0.000083    0.356739
Iteration: 257 bestvalit: 0.049078 bestmemit:   49.999987  -23.948173    1.000000    0.000077    0.356078
Iteration: 258 bestvalit: 0.049078 bestmemit:   49.999987  -23.948173    1.000000    0.000045    0.356078
Iteration: 259 bestvalit: 0.049078 bestmemit:   49.999987  -23.948173    1.000000    0.000045    0.356078
Iteration: 260 bestvalit: 0.049078 bestmemit:   49.999987  -23.948173    1.000000    0.000045    0.356078
Iteration: 261 bestvalit: 0.049078 bestmemit:   49.999987  -23.948173    1.000000    0.000045    0.356078
Iteration: 262 bestvalit: 0.049078 bestmemit:   49.999987  -23.948173    1.000000    0.000033    0.356078
Iteration: 263 bestvalit: 0.049078 bestmemit:   49.999987  -23.948173    1.000000    0.000033    0.356078
Iteration: 264 bestvalit: 0.049078 bestmemit:   49.999987  -23.948173    1.000000    0.000033    0.356078
Iteration: 265 bestvalit: 0.049078 bestmemit:   49.999987  -23.948173    1.000000    0.000028    0.356078
Iteration: 266 bestvalit: 0.049078 bestmemit:   49.999987  -23.948173    1.000000    0.000028    0.356078
Iteration: 267 bestvalit: 0.049078 bestmemit:   49.999987  -23.948173    1.000000    0.000028    0.356078
Iteration: 268 bestvalit: 0.049078 bestmemit:   49.999987  -23.948173    1.000000    0.000028    0.356078
Iteration: 269 bestvalit: 0.049078 bestmemit:   49.999987  -23.948173    1.000000    0.000028    0.356078
Iteration: 270 bestvalit: 0.049078 bestmemit:   49.999987  -23.948173    1.000000    0.000028    0.356078
Iteration: 271 bestvalit: 0.049078 bestmemit:   49.999987  -23.948173    1.000000    0.000028    0.356078
Iteration: 272 bestvalit: 0.049078 bestmemit:   49.999987  -23.948173    1.000000    0.000028    0.356078
Iteration: 273 bestvalit: 0.049078 bestmemit:   49.999993  -23.956636    1.000000    0.000008    0.357295
Iteration: 274 bestvalit: 0.049078 bestmemit:   49.999993  -23.954448    1.000000    0.000008    0.357295
Iteration: 275 bestvalit: 0.049078 bestmemit:   49.999993  -23.954448    1.000000    0.000008    0.357295
Iteration: 276 bestvalit: 0.049078 bestmemit:   49.999993  -23.954448    1.000000    0.000008    0.357295
Iteration: 277 bestvalit: 0.049078 bestmemit:   49.999993  -23.954448    1.000000    0.000008    0.357295
Iteration: 278 bestvalit: 0.049078 bestmemit:   49.999993  -23.954448    1.000000    0.000008    0.357295
Iteration: 279 bestvalit: 0.049078 bestmemit:   49.999989  -23.944150    1.000000    0.000017    0.355755
Iteration: 280 bestvalit: 0.049078 bestmemit:   49.999999  -23.952639    1.000000    0.000018    0.356573
Iteration: 281 bestvalit: 0.049078 bestmemit:   49.999999  -23.952639    1.000000    0.000018    0.356573
Iteration: 282 bestvalit: 0.049078 bestmemit:   49.999999  -23.952639    1.000000    0.000018    0.356573
Iteration: 283 bestvalit: 0.049078 bestmemit:   49.999998  -23.947520    1.000000    0.000002    0.355698
Iteration: 284 bestvalit: 0.049078 bestmemit:   49.999998  -23.947520    1.000000    0.000002    0.355698
Iteration: 285 bestvalit: 0.049078 bestmemit:   49.999998  -23.947520    1.000000    0.000002    0.355698
Iteration: 286 bestvalit: 0.049078 bestmemit:   49.999998  -23.947520    1.000000    0.000002    0.355698
Iteration: 287 bestvalit: 0.049078 bestmemit:   49.999998  -23.947520    1.000000    0.000002    0.355698
Iteration: 288 bestvalit: 0.049078 bestmemit:   50.000000  -23.949348    1.000000    0.000003    0.355911
Iteration: 289 bestvalit: 0.049078 bestmemit:   50.000000  -23.945541    1.000000    0.000003    0.355911
Iteration: 290 bestvalit: 0.049078 bestmemit:   50.000000  -23.945541    1.000000    0.000003    0.355911
Iteration: 291 bestvalit: 0.049078 bestmemit:   50.000000  -23.945541    1.000000    0.000003    0.355911
Iteration: 292 bestvalit: 0.049078 bestmemit:   50.000000  -23.945541    1.000000    0.000003    0.355911
Iteration: 293 bestvalit: 0.049078 bestmemit:   50.000000  -23.945541    1.000000    0.000003    0.355911
Iteration: 294 bestvalit: 0.049078 bestmemit:   50.000000  -23.945541    1.000000    0.000003    0.355911
Iteration: 295 bestvalit: 0.049078 bestmemit:   50.000000  -23.945541    1.000000    0.000003    0.355911
Iteration: 296 bestvalit: 0.049078 bestmemit:   49.999999  -23.948130    1.000000    0.000001    0.356166
Iteration: 297 bestvalit: 0.049078 bestmemit:   49.999999  -23.948130    1.000000    0.000001    0.356166
Iteration: 298 bestvalit: 0.049078 bestmemit:   49.999999  -23.948130    1.000000    0.000001    0.356166
Iteration: 299 bestvalit: 0.049078 bestmemit:   49.999999  -23.948130    1.000000    0.000001    0.356166
Iteration: 300 bestvalit: 0.049078 bestmemit:   49.999999  -23.948130    1.000000    0.000001    0.356166
Iteration: 301 bestvalit: 0.049078 bestmemit:   49.999999  -23.948130    1.000000    0.000001    0.356166
Iteration: 302 bestvalit: 0.049078 bestmemit:   49.999999  -23.948130    1.000000    0.000001    0.356166
Iteration: 303 bestvalit: 0.049078 bestmemit:   49.999999  -23.947388    1.000000    0.000002    0.356261
Iteration: 304 bestvalit: 0.049078 bestmemit:   49.999999  -23.947388    1.000000    0.000002    0.356261
Iteration: 305 bestvalit: 0.049078 bestmemit:   49.999999  -23.947388    1.000000    0.000002    0.356261
Iteration: 306 bestvalit: 0.049078 bestmemit:   49.999999  -23.947388    1.000000    0.000002    0.356261
Iteration: 307 bestvalit: 0.049078 bestmemit:   49.999999  -23.947388    1.000000    0.000002    0.356261
Iteration: 308 bestvalit: 0.049078 bestmemit:   49.999999  -23.947388    1.000000    0.000002    0.356261
Iteration: 309 bestvalit: 0.049078 bestmemit:   49.999999  -23.947388    1.000000    0.000002    0.356261
Iteration: 310 bestvalit: 0.049078 bestmemit:   49.999999  -23.947388    1.000000    0.000002    0.356261
Iteration: 311 bestvalit: 0.049078 bestmemit:   49.999999  -23.947388    1.000000    0.000002    0.356261
Iteration: 312 bestvalit: 0.049078 bestmemit:   49.999999  -23.947388    1.000000    0.000002    0.356261
Iteration: 313 bestvalit: 0.049078 bestmemit:   49.999999  -23.947388    1.000000    0.000002    0.356261
Iteration: 314 bestvalit: 0.049078 bestmemit:   49.999999  -23.947388    1.000000    0.000002    0.356261
Iteration: 315 bestvalit: 0.049078 bestmemit:   50.000000  -23.947250    1.000000    0.000001    0.356166
Iteration: 316 bestvalit: 0.049078 bestmemit:   50.000000  -23.947250    1.000000    0.000001    0.356166
Iteration: 317 bestvalit: 0.049078 bestmemit:   50.000000  -23.947250    1.000000    0.000001    0.356166
Iteration: 318 bestvalit: 0.049078 bestmemit:   50.000000  -23.947250    1.000000    0.000001    0.356166
Iteration: 319 bestvalit: 0.049078 bestmemit:   50.000000  -23.947250    1.000000    0.000000    0.356146
Iteration: 320 bestvalit: 0.049078 bestmemit:   50.000000  -23.947250    1.000000    0.000000    0.356146
Iteration: 321 bestvalit: 0.049078 bestmemit:   50.000000  -23.947250    1.000000    0.000000    0.356146
Iteration: 322 bestvalit: 0.049078 bestmemit:   50.000000  -23.947250    1.000000    0.000000    0.356146
Iteration: 323 bestvalit: 0.049078 bestmemit:   50.000000  -23.947250    1.000000    0.000000    0.356146
Iteration: 324 bestvalit: 0.049078 bestmemit:   50.000000  -23.947250    1.000000    0.000000    0.356146
Iteration: 325 bestvalit: 0.049078 bestmemit:   50.000000  -23.947250    1.000000    0.000000    0.356146
Iteration: 326 bestvalit: 0.049078 bestmemit:   50.000000  -23.947250    1.000000    0.000000    0.356146
Iteration: 327 bestvalit: 0.049078 bestmemit:   50.000000  -23.947250    1.000000    0.000000    0.356146
Iteration: 328 bestvalit: 0.049078 bestmemit:   50.000000  -23.947250    1.000000    0.000000    0.356146
Iteration: 329 bestvalit: 0.049078 bestmemit:   50.000000  -23.947250    1.000000    0.000000    0.356146
Iteration: 330 bestvalit: 0.049078 bestmemit:   50.000000  -23.947250    1.000000    0.000000    0.356146
Iteration: 331 bestvalit: 0.049078 bestmemit:   50.000000  -23.947250    1.000000    0.000000    0.356146
Iteration: 332 bestvalit: 0.049078 bestmemit:   50.000000  -23.947250    1.000000    0.000000    0.356146
Iteration: 333 bestvalit: 0.049078 bestmemit:   50.000000  -23.947250    1.000000    0.000000    0.356146
Iteration: 334 bestvalit: 0.049078 bestmemit:   50.000000  -23.945805    1.000000    0.000000    0.356146
Iteration: 335 bestvalit: 0.049078 bestmemit:   50.000000  -23.945805    1.000000    0.000000    0.356146
Iteration: 336 bestvalit: 0.049078 bestmemit:   50.000000  -23.945805    1.000000    0.000000    0.356146
Iteration: 337 bestvalit: 0.049078 bestmemit:   50.000000  -23.945805    1.000000    0.000000    0.356146
Iteration: 338 bestvalit: 0.049078 bestmemit:   50.000000  -23.945805    1.000000    0.000000    0.356146
Iteration: 339 bestvalit: 0.049078 bestmemit:   50.000000  -23.946496    1.000000    0.000000    0.356146
Iteration: 340 bestvalit: 0.049078 bestmemit:   50.000000  -23.946496    1.000000    0.000000    0.356146
Iteration: 341 bestvalit: 0.049078 bestmemit:   50.000000  -23.946496    1.000000    0.000000    0.356170
Iteration: 342 bestvalit: 0.049078 bestmemit:   50.000000  -23.946496    1.000000    0.000000    0.356170
Iteration: 343 bestvalit: 0.049078 bestmemit:   50.000000  -23.946496    1.000000    0.000000    0.356170
Iteration: 344 bestvalit: 0.049078 bestmemit:   50.000000  -23.946496    1.000000    0.000000    0.356170
Iteration: 345 bestvalit: 0.049078 bestmemit:   50.000000  -23.946496    1.000000    0.000000    0.356170
Iteration: 346 bestvalit: 0.049078 bestmemit:   50.000000  -23.946496    1.000000    0.000000    0.356170
Iteration: 347 bestvalit: 0.049078 bestmemit:   50.000000  -23.946496    1.000000    0.000000    0.356170
Iteration: 348 bestvalit: 0.049078 bestmemit:   50.000000  -23.946496    1.000000    0.000000    0.356170
Iteration: 349 bestvalit: 0.049078 bestmemit:   50.000000  -23.946496    1.000000    0.000000    0.356170
Iteration: 350 bestvalit: 0.049078 bestmemit:   50.000000  -23.946496    1.000000    0.000000    0.356170
Iteration: 351 bestvalit: 0.049078 bestmemit:   50.000000  -23.946496    1.000000    0.000000    0.356170
Iteration: 352 bestvalit: 0.049078 bestmemit:   50.000000  -23.946496    1.000000    0.000000    0.356177
Iteration: 353 bestvalit: 0.049078 bestmemit:   50.000000  -23.946496    1.000000    0.000000    0.356177
Iteration: 354 bestvalit: 0.049078 bestmemit:   50.000000  -23.946496    1.000000    0.000000    0.356177
Iteration: 355 bestvalit: 0.049078 bestmemit:   50.000000  -23.946496    1.000000    0.000000    0.356177
Iteration: 356 bestvalit: 0.049078 bestmemit:   50.000000  -23.946496    1.000000    0.000000    0.356177
Iteration: 357 bestvalit: 0.049078 bestmemit:   50.000000  -23.946496    1.000000    0.000000    0.356177
Iteration: 358 bestvalit: 0.049078 bestmemit:   50.000000  -23.946496    1.000000    0.000000    0.356177
Iteration: 359 bestvalit: 0.049078 bestmemit:   50.000000  -23.946419    1.000000    0.000000    0.356177
Iteration: 360 bestvalit: 0.049078 bestmemit:   50.000000  -23.946419    1.000000    0.000000    0.356177

***** summary of DEoptim object ***** 
best member   :  50 -23.94642 1 0 0.35618 
best value    :  0.04908 
after         :  360 generations 
fn evaluated  :  722 times 
*************************************
