SLURM_JOB_ID: 55403005
SLURM_JOB_USER: vsc34066
SLURM_JOB_ACCOUNT: lp_desenderlab
SLURM_JOB_NAME: par_recov_alternating_fb_sim_alpha_learn.slurm
SLURM_CLUSTER_NAME: genius
SLURM_JOB_PARTITION: batch
SLURM_ARRAY_JOB_ID: 55402977
SLURM_ARRAY_TASK_ID: 28
SLURM_NNODES: 1
SLURM_NODELIST: r22i27n19
SLURM_JOB_CPUS_PER_NODE: 8
Date: Sun Dec  3 23:43:55 CET 2023
Walltime: 01-06:00:00
========================================================================
Iteration: 1 bestvalit: 0.022083 bestmemit:   29.555621   80.328858    1.000000   69.316966  145.780668
Iteration: 2 bestvalit: 0.022083 bestmemit:   29.555621   80.328858    1.000000   69.316966  145.780668
Iteration: 3 bestvalit: 0.022083 bestmemit:   29.555621   80.328858    1.000000   69.316966  145.780668
Iteration: 4 bestvalit: 0.022083 bestmemit:   29.555621   80.328858    1.000000   69.316966  145.780668
Iteration: 5 bestvalit: 0.021818 bestmemit:   40.670094   80.328858    1.000000   69.316966  145.780668
Iteration: 6 bestvalit: 0.021818 bestmemit:   40.670094   80.328858    1.000000   69.316966  145.780668
Iteration: 7 bestvalit: 0.021818 bestmemit:   40.670094   80.328858    1.000000   69.316966  145.780668
Iteration: 8 bestvalit: 0.019412 bestmemit:   25.979147   79.106803    1.000000   19.906084  288.570984
Iteration: 9 bestvalit: 0.019412 bestmemit:   25.979147   79.106803    1.000000   19.906084  288.570984
Iteration: 10 bestvalit: 0.019405 bestmemit:   25.979147   77.909457    1.000000   19.906084  288.570984
Iteration: 11 bestvalit: 0.019405 bestmemit:   25.979147   77.909457    1.000000   19.906084  288.570984
Iteration: 12 bestvalit: 0.019405 bestmemit:   25.979147   77.909457    1.000000   19.906084  288.570984
Iteration: 13 bestvalit: 0.019405 bestmemit:   25.979147   77.909457    1.000000   19.906084  288.570984
Iteration: 14 bestvalit: 0.019405 bestmemit:   25.979147   77.909457    1.000000   19.906084  288.570984
Iteration: 15 bestvalit: 0.019405 bestmemit:   25.979147   77.909457    1.000000   19.906084  288.570984
Iteration: 16 bestvalit: 0.019405 bestmemit:   25.979147   77.909457    1.000000   19.906084  288.570984
Iteration: 17 bestvalit: 0.019405 bestmemit:   25.979147   77.909457    1.000000   19.906084  288.570984
Iteration: 18 bestvalit: 0.019405 bestmemit:   25.979147   77.909457    1.000000   19.906084  288.570984
Iteration: 19 bestvalit: 0.019405 bestmemit:   25.979147   77.909457    1.000000   19.906084  288.570984
Iteration: 20 bestvalit: 0.019405 bestmemit:   25.979147   77.909457    1.000000   19.906084  288.570984
Iteration: 21 bestvalit: 0.019405 bestmemit:   25.979147   77.909457    1.000000   19.906084  288.570984
Iteration: 22 bestvalit: 0.019405 bestmemit:   25.979147   77.909457    1.000000   19.906084  288.570984
Iteration: 23 bestvalit: 0.019405 bestmemit:   25.979147   77.909457    1.000000   19.906084  288.570984
Iteration: 24 bestvalit: 0.019405 bestmemit:   25.979147   77.909457    1.000000   19.906084  288.570984
Iteration: 25 bestvalit: 0.019319 bestmemit:   25.979147   65.314508    1.000000   19.906084  288.570984
Iteration: 26 bestvalit: 0.016589 bestmemit:   39.647490   26.679738    1.000000    2.736090  159.660580
Iteration: 27 bestvalit: 0.015494 bestmemit:   28.171439   28.448750    1.000000    2.736090  159.660580
Iteration: 28 bestvalit: 0.015494 bestmemit:   28.171439   28.448750    1.000000    2.736090  159.660580
Iteration: 29 bestvalit: 0.015494 bestmemit:   28.171439   28.448750    1.000000    2.736090  159.660580
Iteration: 30 bestvalit: 0.015118 bestmemit:   25.979147   65.314508    1.000000    8.785467   36.636813
Iteration: 31 bestvalit: 0.014807 bestmemit:   25.979147   65.314508    1.000000    7.098296   25.532883
Iteration: 32 bestvalit: 0.014807 bestmemit:   25.979147   65.314508    1.000000    7.098296   25.532883
Iteration: 33 bestvalit: 0.014807 bestmemit:   25.979147   65.314508    1.000000    7.098296   25.532883
Iteration: 34 bestvalit: 0.014807 bestmemit:   25.979147   65.314508    1.000000    7.098296   25.532883
Iteration: 35 bestvalit: 0.013942 bestmemit:    9.224577   32.633513    1.000000    3.584977   41.008437
Iteration: 36 bestvalit: 0.013942 bestmemit:    9.224577   32.633513    1.000000    3.584977   41.008437
Iteration: 37 bestvalit: 0.013942 bestmemit:    9.224577   32.633513    1.000000    3.584977   41.008437
Iteration: 38 bestvalit: 0.013942 bestmemit:    9.224577   32.633513    1.000000    3.584977   41.008437
Iteration: 39 bestvalit: 0.013003 bestmemit:   18.683594   32.220661    1.000000    3.584977   17.071987
Iteration: 40 bestvalit: 0.013003 bestmemit:   18.683594   32.220661    1.000000    3.584977   17.071987
Iteration: 41 bestvalit: 0.013003 bestmemit:   18.683594   32.220661    1.000000    3.584977   17.071987
Iteration: 42 bestvalit: 0.013003 bestmemit:   18.683594   32.220661    1.000000    3.584977   17.071987
Iteration: 43 bestvalit: 0.010978 bestmemit:   43.290391    4.334421    1.000000    9.288574    6.923203
Iteration: 44 bestvalit: 0.010978 bestmemit:   43.290391    4.334421    1.000000    9.288574    6.923203
Iteration: 45 bestvalit: 0.010978 bestmemit:   43.290391    4.334421    1.000000    9.288574    6.923203
Iteration: 46 bestvalit: 0.010978 bestmemit:   43.290391    4.334421    1.000000    9.288574    6.923203
Iteration: 47 bestvalit: 0.010978 bestmemit:   43.290391    4.334421    1.000000    9.288574    6.923203
Iteration: 48 bestvalit: 0.010978 bestmemit:   43.290391    4.334421    1.000000    9.288574    6.923203
Iteration: 49 bestvalit: 0.010978 bestmemit:   43.290391    4.334421    1.000000    9.288574    6.923203
Iteration: 50 bestvalit: 0.010978 bestmemit:   43.290391    4.334421    1.000000    9.288574    6.923203
Iteration: 51 bestvalit: 0.010978 bestmemit:   43.290391    4.334421    1.000000    9.288574    6.923203
Iteration: 52 bestvalit: 0.010707 bestmemit:   40.094033  -19.761282    1.000000   11.777203   11.630579
Iteration: 53 bestvalit: 0.010707 bestmemit:   40.094033  -19.761282    1.000000   11.777203   11.630579
Iteration: 54 bestvalit: 0.010382 bestmemit:   31.966793   -7.667295    1.000000    6.720768    9.258774
Iteration: 55 bestvalit: 0.009671 bestmemit:   43.290391  -18.669386    1.000000    9.288574    6.923203
Iteration: 56 bestvalit: 0.009671 bestmemit:   43.290391  -18.669386    1.000000    9.288574    6.923203
Iteration: 57 bestvalit: 0.006777 bestmemit:   43.290391  -18.669386    1.000000   11.884189    2.130416
Iteration: 58 bestvalit: 0.006777 bestmemit:   43.290391  -18.669386    1.000000   11.884189    2.130416
Iteration: 59 bestvalit: 0.006777 bestmemit:   43.290391  -18.669386    1.000000   11.884189    2.130416
Iteration: 60 bestvalit: 0.006663 bestmemit:   43.290391  -18.669386    1.000000   17.873994    2.130416
Iteration: 61 bestvalit: 0.006663 bestmemit:   43.290391  -18.669386    1.000000   17.873994    2.130416
Iteration: 62 bestvalit: 0.006663 bestmemit:   43.290391  -18.669386    1.000000   17.873994    2.130416
Iteration: 63 bestvalit: 0.006663 bestmemit:   43.290391  -18.669386    1.000000   17.873994    2.130416
Iteration: 64 bestvalit: 0.006417 bestmemit:   19.425245   -2.871277    1.000000   14.303160    0.510043
Iteration: 65 bestvalit: 0.006417 bestmemit:   19.425245   -2.871277    1.000000   14.303160    0.510043
Iteration: 66 bestvalit: 0.006417 bestmemit:   19.425245   -2.871277    1.000000   14.303160    0.510043
Iteration: 67 bestvalit: 0.006417 bestmemit:   19.425245   -2.871277    1.000000   14.303160    0.510043
Iteration: 68 bestvalit: 0.006389 bestmemit:   19.425245   -2.871277    1.000000   14.092828    0.510043
Iteration: 69 bestvalit: 0.005800 bestmemit:   33.897060   -9.895146    1.000000   14.092828    0.510043
Iteration: 70 bestvalit: 0.005800 bestmemit:   33.897060   -9.895146    1.000000   14.092828    0.510043
Iteration: 71 bestvalit: 0.005800 bestmemit:   33.897060   -9.895146    1.000000   14.092828    0.510043
Iteration: 72 bestvalit: 0.005800 bestmemit:   33.897060   -9.895146    1.000000   14.092828    0.510043
Iteration: 73 bestvalit: 0.005800 bestmemit:   33.897060   -9.895146    1.000000   14.092828    0.510043
Iteration: 74 bestvalit: 0.005623 bestmemit:   35.080380  -10.970502    1.000000   12.107487    0.442178
Iteration: 75 bestvalit: 0.005623 bestmemit:   35.080380  -10.970502    1.000000   12.107487    0.442178
Iteration: 76 bestvalit: 0.005623 bestmemit:   35.080380  -10.970502    1.000000   12.107487    0.442178
Iteration: 77 bestvalit: 0.005592 bestmemit:   35.080380  -12.076238    1.000000   12.107487    0.442178
Iteration: 78 bestvalit: 0.005558 bestmemit:   33.323736  -11.323453    1.000000   11.712586    0.398164
Iteration: 79 bestvalit: 0.005558 bestmemit:   33.323736  -11.323453    1.000000   11.712586    0.398164
Iteration: 80 bestvalit: 0.005558 bestmemit:   33.323736  -11.323453    1.000000   11.712586    0.398164
Iteration: 81 bestvalit: 0.005558 bestmemit:   33.323736  -11.323453    1.000000   11.712586    0.398164
Iteration: 82 bestvalit: 0.005496 bestmemit:   27.754730   -9.092091    1.000000    9.467178    0.397796
Iteration: 83 bestvalit: 0.005496 bestmemit:   27.754730   -9.092091    1.000000    9.467178    0.397796
Iteration: 84 bestvalit: 0.005496 bestmemit:   27.754730   -9.092091    1.000000    9.467178    0.397796
Iteration: 85 bestvalit: 0.005465 bestmemit:   25.134197   -5.353392    1.000000    8.795653    0.179864
Iteration: 86 bestvalit: 0.005465 bestmemit:   25.134197   -5.353392    1.000000    8.795653    0.179864
Iteration: 87 bestvalit: 0.005370 bestmemit:   40.018156  -12.371353    1.000000    7.896038    0.039973
Iteration: 88 bestvalit: 0.005258 bestmemit:   33.172186  -11.166350    1.000000    7.896038    0.039973
Iteration: 89 bestvalit: 0.005258 bestmemit:   33.172186  -11.166350    1.000000    7.896038    0.039973
Iteration: 90 bestvalit: 0.005219 bestmemit:   32.367090  -10.477513    1.000000    7.003437    0.036643
Iteration: 91 bestvalit: 0.005219 bestmemit:   32.367090  -10.477513    1.000000    7.003437    0.036643
Iteration: 92 bestvalit: 0.005208 bestmemit:   33.172186  -11.166350    1.000000    6.551713    0.039973
Iteration: 93 bestvalit: 0.005208 bestmemit:   33.172186  -11.166350    1.000000    6.551713    0.039973
Iteration: 94 bestvalit: 0.005204 bestmemit:   37.698188  -15.130495    1.000000    4.642116    0.018335
Iteration: 95 bestvalit: 0.005204 bestmemit:   37.698188  -15.130495    1.000000    4.642116    0.018335
Iteration: 96 bestvalit: 0.005195 bestmemit:   33.331977  -10.400733    1.000000    5.756166    0.034177
Iteration: 97 bestvalit: 0.005163 bestmemit:   33.163666  -12.495169    1.000000    4.336533    0.011748
Iteration: 98 bestvalit: 0.005163 bestmemit:   33.163666  -12.495169    1.000000    4.336533    0.011748
Iteration: 99 bestvalit: 0.005163 bestmemit:   33.163666  -12.495169    1.000000    4.336533    0.011748
Iteration: 100 bestvalit: 0.005163 bestmemit:   33.163666  -12.495169    1.000000    4.336533    0.011748
Iteration: 101 bestvalit: 0.005163 bestmemit:   33.163666  -12.495169    1.000000    4.336533    0.011748
Iteration: 102 bestvalit: 0.005157 bestmemit:   33.163666  -12.316024    1.000000    4.336533    0.011748
Iteration: 103 bestvalit: 0.005157 bestmemit:   33.163666  -12.316024    1.000000    4.336533    0.011748
Iteration: 104 bestvalit: 0.005157 bestmemit:   33.163666  -12.316024    1.000000    4.336533    0.011748
Iteration: 105 bestvalit: 0.005142 bestmemit:   34.340525  -12.686736    1.000000    3.865289    0.001907
Iteration: 106 bestvalit: 0.005142 bestmemit:   34.340525  -12.686736    1.000000    3.865289    0.001907
Iteration: 107 bestvalit: 0.005140 bestmemit:   29.814818   -9.512935    1.000000    2.016913    0.013870
Iteration: 108 bestvalit: 0.005140 bestmemit:   29.814818   -9.512935    1.000000    2.016913    0.013870
Iteration: 109 bestvalit: 0.005140 bestmemit:   29.814818   -9.512935    1.000000    2.016913    0.013870
Iteration: 110 bestvalit: 0.005140 bestmemit:   29.814818   -9.512935    1.000000    2.016913    0.013870
Iteration: 111 bestvalit: 0.005140 bestmemit:   31.077659  -10.977852    1.000000    1.904962    0.014331
Iteration: 112 bestvalit: 0.005138 bestmemit:   29.199915   -8.505293    1.000000    2.881703    0.009951
Iteration: 113 bestvalit: 0.005123 bestmemit:   30.743366  -10.399927    1.000000    2.279517    0.004925
Iteration: 114 bestvalit: 0.005123 bestmemit:   30.743366  -10.399927    1.000000    2.279517    0.004925
Iteration: 115 bestvalit: 0.005123 bestmemit:   30.743366  -10.399927    1.000000    2.279517    0.004925
Iteration: 116 bestvalit: 0.005123 bestmemit:   30.743366  -10.399927    1.000000    2.279517    0.004925
Iteration: 117 bestvalit: 0.005123 bestmemit:   30.743366  -10.399927    1.000000    2.279517    0.004925
Iteration: 118 bestvalit: 0.005121 bestmemit:   30.743366  -10.399927    1.000000    2.279517    0.002608
Iteration: 119 bestvalit: 0.005119 bestmemit:   30.743366  -10.399927    1.000000    2.986820    0.002608
Iteration: 120 bestvalit: 0.005117 bestmemit:   30.743366  -10.399927    1.000000    2.986820    0.000081
Iteration: 121 bestvalit: 0.005117 bestmemit:   30.743366  -10.399927    1.000000    2.986820    0.000081
Iteration: 122 bestvalit: 0.005117 bestmemit:   30.743366  -10.399927    1.000000    2.986820    0.000081
Iteration: 123 bestvalit: 0.005117 bestmemit:   30.743366  -10.399927    1.000000    2.986820    0.000081
Iteration: 124 bestvalit: 0.005117 bestmemit:   29.240211   -8.830058    1.000000    2.986820    0.000081
Iteration: 125 bestvalit: 0.005117 bestmemit:   29.240211   -8.830058    1.000000    2.986820    0.000081
Iteration: 126 bestvalit: 0.005117 bestmemit:   29.240211   -8.830058    1.000000    2.986820    0.000081
Iteration: 127 bestvalit: 0.005116 bestmemit:   30.215241   -9.697359    1.000000    3.042559    0.001461
Iteration: 128 bestvalit: 0.005116 bestmemit:   30.215241   -9.697359    1.000000    3.042559    0.001461
Iteration: 129 bestvalit: 0.005116 bestmemit:   30.215241   -9.697359    1.000000    3.042559    0.001461
Iteration: 130 bestvalit: 0.005116 bestmemit:   30.215241   -9.697359    1.000000    3.123999    0.001461
Iteration: 131 bestvalit: 0.005116 bestmemit:   30.215241   -9.697359    1.000000    3.123999    0.001461
Iteration: 132 bestvalit: 0.005116 bestmemit:   30.215241   -9.697359    1.000000    3.123999    0.001461
Iteration: 133 bestvalit: 0.005116 bestmemit:   29.648498   -9.402483    1.000000    3.244355    0.001387
Iteration: 134 bestvalit: 0.005116 bestmemit:   29.648498   -9.402483    1.000000    3.244355    0.001387
Iteration: 135 bestvalit: 0.005116 bestmemit:   29.648498   -9.402483    1.000000    3.244355    0.001387
Iteration: 136 bestvalit: 0.005116 bestmemit:   29.648498   -9.402483    1.000000    3.244355    0.001387
Iteration: 137 bestvalit: 0.005115 bestmemit:   29.758409   -9.402483    1.000000    3.244355    0.001387
Iteration: 138 bestvalit: 0.005115 bestmemit:   29.758409   -9.402483    1.000000    3.244355    0.001387
Iteration: 139 bestvalit: 0.005115 bestmemit:   29.758409   -9.402483    1.000000    3.244355    0.001387
Iteration: 140 bestvalit: 0.005115 bestmemit:   29.758409   -9.402483    1.000000    3.244355    0.001078
Iteration: 141 bestvalit: 0.005115 bestmemit:   29.758409   -9.402483    1.000000    3.244355    0.001078
Iteration: 142 bestvalit: 0.005115 bestmemit:   29.758409   -9.402483    1.000000    3.244355    0.001078
Iteration: 143 bestvalit: 0.005115 bestmemit:   29.758409   -9.402483    1.000000    3.244355    0.001078
Iteration: 144 bestvalit: 0.005115 bestmemit:   29.403379   -9.344525    1.000000    2.935281    0.000334
Iteration: 145 bestvalit: 0.005114 bestmemit:   29.549262   -9.311245    1.000000    3.022623    0.000350
Iteration: 146 bestvalit: 0.005114 bestmemit:   29.549262   -9.311245    1.000000    3.022623    0.000350
Iteration: 147 bestvalit: 0.005114 bestmemit:   29.549262   -9.311245    1.000000    3.022623    0.000350
Iteration: 148 bestvalit: 0.005114 bestmemit:   29.549262   -9.311245    1.000000    3.022623    0.000350
Iteration: 149 bestvalit: 0.005114 bestmemit:   29.549262   -9.311245    1.000000    3.022623    0.000350
Iteration: 150 bestvalit: 0.005114 bestmemit:   29.549262   -9.311245    1.000000    3.022623    0.000350
Iteration: 151 bestvalit: 0.005114 bestmemit:   29.549262   -9.311245    1.000000    3.022623    0.000350
Iteration: 152 bestvalit: 0.005114 bestmemit:   29.549262   -9.311245    1.000000    3.022623    0.000350
Iteration: 153 bestvalit: 0.005114 bestmemit:   29.549262   -9.311245    1.000000    3.022623    0.000350
Iteration: 154 bestvalit: 0.005114 bestmemit:   29.549262   -9.311245    1.000000    3.022623    0.000350
Iteration: 155 bestvalit: 0.005114 bestmemit:   29.758409   -9.402483    1.000000    3.095779    0.000179
Iteration: 156 bestvalit: 0.005114 bestmemit:   29.758409   -9.402483    1.000000    3.095779    0.000179
Iteration: 157 bestvalit: 0.005114 bestmemit:   29.820686   -9.470749    1.000000    2.977665    0.000001
Iteration: 158 bestvalit: 0.005114 bestmemit:   29.820686   -9.470749    1.000000    2.977665    0.000001
Iteration: 159 bestvalit: 0.005114 bestmemit:   29.820686   -9.470749    1.000000    2.977665    0.000001
Iteration: 160 bestvalit: 0.005114 bestmemit:   29.820686   -9.470749    1.000000    2.977665    0.000001
Iteration: 161 bestvalit: 0.005114 bestmemit:   29.820686   -9.470749    1.000000    2.977665    0.000001
Iteration: 162 bestvalit: 0.005114 bestmemit:   29.820686   -9.470749    1.000000    2.977665    0.000001
Iteration: 163 bestvalit: 0.005114 bestmemit:   29.820686   -9.470749    1.000000    2.977665    0.000001
Iteration: 164 bestvalit: 0.005114 bestmemit:   29.820686   -9.470749    1.000000    2.977665    0.000001
Iteration: 165 bestvalit: 0.005114 bestmemit:   29.820686   -9.470749    1.000000    2.977665    0.000001
Iteration: 166 bestvalit: 0.005114 bestmemit:   29.820686   -9.470749    1.000000    2.977665    0.000001
Iteration: 167 bestvalit: 0.005114 bestmemit:   29.690360   -9.436392    1.000000    3.077443    0.000025
Iteration: 168 bestvalit: 0.005114 bestmemit:   29.690360   -9.436392    1.000000    3.077443    0.000025
Iteration: 169 bestvalit: 0.005114 bestmemit:   29.820686   -9.470749    1.000000    3.145452    0.000001
Iteration: 170 bestvalit: 0.005114 bestmemit:   29.820686   -9.470749    1.000000    3.145452    0.000001
Iteration: 171 bestvalit: 0.005114 bestmemit:   29.820686   -9.470749    1.000000    3.145452    0.000001
Iteration: 172 bestvalit: 0.005114 bestmemit:   29.820686   -9.470749    1.000000    3.145452    0.000001
Iteration: 173 bestvalit: 0.005114 bestmemit:   29.820686   -9.470749    1.000000    3.145452    0.000001
Iteration: 174 bestvalit: 0.005114 bestmemit:   29.777593   -9.466327    1.000000    3.117985    0.000008
Iteration: 175 bestvalit: 0.005114 bestmemit:   29.777593   -9.466327    1.000000    3.117985    0.000008
Iteration: 176 bestvalit: 0.005114 bestmemit:   29.777593   -9.466327    1.000000    3.117985    0.000008
Iteration: 177 bestvalit: 0.005114 bestmemit:   29.777593   -9.466327    1.000000    3.117985    0.000008
Iteration: 178 bestvalit: 0.005114 bestmemit:   29.777593   -9.466327    1.000000    3.117985    0.000008
Iteration: 179 bestvalit: 0.005114 bestmemit:   29.756696   -9.423202    1.000000    3.101102    0.000017
Iteration: 180 bestvalit: 0.005114 bestmemit:   29.820686   -9.470749    1.000000    3.122974    0.000001
Iteration: 181 bestvalit: 0.005114 bestmemit:   29.820686   -9.470749    1.000000    3.122974    0.000001
Iteration: 182 bestvalit: 0.005114 bestmemit:   29.820686   -9.470749    1.000000    3.122974    0.000001
Iteration: 183 bestvalit: 0.005114 bestmemit:   29.792792   -9.472455    1.000000    3.054250    0.000011
Iteration: 184 bestvalit: 0.005114 bestmemit:   29.792792   -9.472455    1.000000    3.054250    0.000011
Iteration: 185 bestvalit: 0.005114 bestmemit:   29.792792   -9.472455    1.000000    3.054250    0.000011
Iteration: 186 bestvalit: 0.005114 bestmemit:   29.756696   -9.423202    1.000000    3.073448    0.000001
Iteration: 187 bestvalit: 0.005114 bestmemit:   29.756696   -9.423202    1.000000    3.073448    0.000001
Iteration: 188 bestvalit: 0.005114 bestmemit:   29.756696   -9.423202    1.000000    3.073448    0.000001
Iteration: 189 bestvalit: 0.005114 bestmemit:   29.756696   -9.423202    1.000000    3.073448    0.000001
Iteration: 190 bestvalit: 0.005114 bestmemit:   29.734756   -9.444677    1.000000    3.056987    0.000001
Iteration: 191 bestvalit: 0.005114 bestmemit:   29.721727   -9.412755    1.000000    3.082314    0.000003
Iteration: 192 bestvalit: 0.005114 bestmemit:   29.721727   -9.412755    1.000000    3.082314    0.000003
Iteration: 193 bestvalit: 0.005114 bestmemit:   29.721727   -9.412755    1.000000    3.082314    0.000003
Iteration: 194 bestvalit: 0.005114 bestmemit:   29.721727   -9.412755    1.000000    3.082314    0.000003
Iteration: 195 bestvalit: 0.005114 bestmemit:   29.779084   -9.461765    1.000000    3.060122    0.000001
Iteration: 196 bestvalit: 0.005114 bestmemit:   29.779084   -9.461765    1.000000    3.060122    0.000001
Iteration: 197 bestvalit: 0.005114 bestmemit:   29.779084   -9.461765    1.000000    3.060122    0.000001
Iteration: 198 bestvalit: 0.005114 bestmemit:   29.779084   -9.461765    1.000000    3.060122    0.000001
Iteration: 199 bestvalit: 0.005114 bestmemit:   29.757853   -9.446557    1.000000    3.056987    0.000001
Iteration: 200 bestvalit: 0.005114 bestmemit:   29.757853   -9.446557    1.000000    3.056987    0.000001
Iteration: 201 bestvalit: 0.005114 bestmemit:   29.757853   -9.446557    1.000000    3.056987    0.000001
Iteration: 202 bestvalit: 0.005114 bestmemit:   29.757853   -9.446557    1.000000    3.056987    0.000001
Iteration: 203 bestvalit: 0.005114 bestmemit:   29.757853   -9.446557    1.000000    3.056987    0.000001
Iteration: 204 bestvalit: 0.005114 bestmemit:   29.757853   -9.446557    1.000000    3.075383    0.000001
Iteration: 205 bestvalit: 0.005114 bestmemit:   29.757853   -9.446557    1.000000    3.075383    0.000001
Iteration: 206 bestvalit: 0.005114 bestmemit:   29.757853   -9.446557    1.000000    3.075383    0.000001
Iteration: 207 bestvalit: 0.005114 bestmemit:   29.757853   -9.446557    1.000000    3.075383    0.000001
Iteration: 208 bestvalit: 0.005114 bestmemit:   29.757853   -9.446557    1.000000    3.075383    0.000001
Iteration: 209 bestvalit: 0.005114 bestmemit:   29.757853   -9.446557    1.000000    3.075383    0.000001
Iteration: 210 bestvalit: 0.005114 bestmemit:   29.757853   -9.446557    1.000000    3.075383    0.000001
Iteration: 211 bestvalit: 0.005114 bestmemit:   29.757853   -9.446557    1.000000    3.075383    0.000001
Iteration: 212 bestvalit: 0.005114 bestmemit:   29.757853   -9.446557    1.000000    3.075383    0.000001
Iteration: 213 bestvalit: 0.005114 bestmemit:   29.757853   -9.446557    1.000000    3.075383    0.000001
Iteration: 214 bestvalit: 0.005114 bestmemit:   29.757853   -9.445946    1.000000    3.075383    0.000001
Iteration: 215 bestvalit: 0.005114 bestmemit:   29.757853   -9.445946    1.000000    3.075383    0.000001
Iteration: 216 bestvalit: 0.005114 bestmemit:   29.757853   -9.445946    1.000000    3.075383    0.000001
Iteration: 217 bestvalit: 0.005114 bestmemit:   29.757853   -9.445946    1.000000    3.075383    0.000001
Iteration: 218 bestvalit: 0.005114 bestmemit:   29.757853   -9.445946    1.000000    3.075383    0.000001
Iteration: 219 bestvalit: 0.005114 bestmemit:   29.757853   -9.445946    1.000000    3.075383    0.000001
Iteration: 220 bestvalit: 0.005114 bestmemit:   29.757853   -9.445946    1.000000    3.075383    0.000001
Iteration: 221 bestvalit: 0.005114 bestmemit:   29.740177   -9.431932    1.000000    3.075779    0.000000
Iteration: 222 bestvalit: 0.005114 bestmemit:   29.740177   -9.431932    1.000000    3.075779    0.000000
Iteration: 223 bestvalit: 0.005114 bestmemit:   29.740177   -9.431932    1.000000    3.074361    0.000000
Iteration: 224 bestvalit: 0.005114 bestmemit:   29.740177   -9.431932    1.000000    3.074361    0.000000
Iteration: 225 bestvalit: 0.005114 bestmemit:   29.740177   -9.431932    1.000000    3.074361    0.000000
Iteration: 226 bestvalit: 0.005114 bestmemit:   29.751145   -9.438851    1.000000    3.073374    0.000000
Iteration: 227 bestvalit: 0.005114 bestmemit:   29.740177   -9.431932    1.000000    3.074361    0.000000
Iteration: 228 bestvalit: 0.005114 bestmemit:   29.740177   -9.431932    1.000000    3.074361    0.000000
Iteration: 229 bestvalit: 0.005114 bestmemit:   29.740177   -9.431932    1.000000    3.074361    0.000000
Iteration: 230 bestvalit: 0.005114 bestmemit:   29.740177   -9.431932    1.000000    3.074361    0.000000
Iteration: 231 bestvalit: 0.005114 bestmemit:   29.744851   -9.434957    1.000000    3.071470    0.000000
Iteration: 232 bestvalit: 0.005114 bestmemit:   29.744851   -9.434957    1.000000    3.071470    0.000000
Iteration: 233 bestvalit: 0.005114 bestmemit:   29.739099   -9.430969    1.000000    3.074355    0.000000
Iteration: 234 bestvalit: 0.005114 bestmemit:   29.739099   -9.430969    1.000000    3.074355    0.000000
Iteration: 235 bestvalit: 0.005114 bestmemit:   29.739099   -9.430969    1.000000    3.074355    0.000000
Iteration: 236 bestvalit: 0.005114 bestmemit:   29.739099   -9.430969    1.000000    3.074355    0.000000
Iteration: 237 bestvalit: 0.005114 bestmemit:   29.739099   -9.430969    1.000000    3.074355    0.000000
Iteration: 238 bestvalit: 0.005114 bestmemit:   29.741061   -9.433691    1.000000    3.072252    0.000000
Iteration: 239 bestvalit: 0.005114 bestmemit:   29.741061   -9.433691    1.000000    3.072252    0.000000
Iteration: 240 bestvalit: 0.005114 bestmemit:   29.741061   -9.433691    1.000000    3.072252    0.000000
Iteration: 241 bestvalit: 0.005114 bestmemit:   29.741061   -9.433691    1.000000    3.072252    0.000000
Iteration: 242 bestvalit: 0.005114 bestmemit:   29.741061   -9.433691    1.000000    3.072252    0.000000
Iteration: 243 bestvalit: 0.005114 bestmemit:   29.741061   -9.433691    1.000000    3.072252    0.000000
Iteration: 244 bestvalit: 0.005114 bestmemit:   29.743542   -9.433920    1.000000    3.073707    0.000000
Iteration: 245 bestvalit: 0.005114 bestmemit:   29.743542   -9.433920    1.000000    3.073707    0.000000
Iteration: 246 bestvalit: 0.005114 bestmemit:   29.741061   -9.433691    1.000000    3.072518    0.000000
Iteration: 247 bestvalit: 0.005114 bestmemit:   29.741061   -9.433691    1.000000    3.072518    0.000000
Iteration: 248 bestvalit: 0.005114 bestmemit:   29.741061   -9.433691    1.000000    3.072518    0.000000
Iteration: 249 bestvalit: 0.005114 bestmemit:   29.741061   -9.433691    1.000000    3.072518    0.000000
Iteration: 250 bestvalit: 0.005114 bestmemit:   29.741061   -9.433691    1.000000    3.072518    0.000000
Iteration: 251 bestvalit: 0.005114 bestmemit:   29.741061   -9.433691    1.000000    3.072518    0.000000
Iteration: 252 bestvalit: 0.005114 bestmemit:   29.741061   -9.433691    1.000000    3.072518    0.000000
Iteration: 253 bestvalit: 0.005114 bestmemit:   29.741061   -9.433691    1.000000    3.072518    0.000000
Iteration: 254 bestvalit: 0.005114 bestmemit:   29.741061   -9.433691    1.000000    3.072518    0.000000
Iteration: 255 bestvalit: 0.005114 bestmemit:   29.741061   -9.433691    1.000000    3.072518    0.000000
Iteration: 256 bestvalit: 0.005114 bestmemit:   29.741061   -9.433691    1.000000    3.072518    0.000000
Iteration: 257 bestvalit: 0.005114 bestmemit:   29.746185   -9.437398    1.000000    3.072058    0.000000
Iteration: 258 bestvalit: 0.005114 bestmemit:   29.746185   -9.437398    1.000000    3.072058    0.000000
Iteration: 259 bestvalit: 0.005114 bestmemit:   29.746185   -9.437398    1.000000    3.072058    0.000000
Iteration: 260 bestvalit: 0.005114 bestmemit:   29.746185   -9.437398    1.000000    3.072058    0.000000
Iteration: 261 bestvalit: 0.005114 bestmemit:   29.746185   -9.437398    1.000000    3.072058    0.000000
Iteration: 262 bestvalit: 0.005114 bestmemit:   29.743542   -9.434597    1.000000    3.073707    0.000000
Iteration: 263 bestvalit: 0.005114 bestmemit:   29.743542   -9.434597    1.000000    3.073707    0.000000
Iteration: 264 bestvalit: 0.005114 bestmemit:   29.743542   -9.434597    1.000000    3.073707    0.000000
Iteration: 265 bestvalit: 0.005114 bestmemit:   29.743670   -9.435126    1.000000    3.072820    0.000000
Iteration: 266 bestvalit: 0.005114 bestmemit:   29.744095   -9.435110    1.000000    3.073409    0.000000
Iteration: 267 bestvalit: 0.005114 bestmemit:   29.743742   -9.435198    1.000000    3.072720    0.000000
Iteration: 268 bestvalit: 0.005114 bestmemit:   29.743440   -9.434999    1.000000    3.072962    0.000000
Iteration: 269 bestvalit: 0.005114 bestmemit:   29.743440   -9.434999    1.000000    3.072962    0.000000
Iteration: 270 bestvalit: 0.005114 bestmemit:   29.743440   -9.434999    1.000000    3.072962    0.000000
Iteration: 271 bestvalit: 0.005114 bestmemit:   29.743440   -9.434999    1.000000    3.072962    0.000000
Iteration: 272 bestvalit: 0.005114 bestmemit:   29.743440   -9.434999    1.000000    3.072962    0.000000
Iteration: 273 bestvalit: 0.005114 bestmemit:   29.743440   -9.434999    1.000000    3.072962    0.000000
Iteration: 274 bestvalit: 0.005114 bestmemit:   29.743440   -9.434999    1.000000    3.072962    0.000000
Iteration: 275 bestvalit: 0.005114 bestmemit:   29.743440   -9.434999    1.000000    3.072962    0.000000
Iteration: 276 bestvalit: 0.005114 bestmemit:   29.743440   -9.434999    1.000000    3.072962    0.000000
Iteration: 277 bestvalit: 0.005114 bestmemit:   29.743440   -9.434999    1.000000    3.072962    0.000000
Iteration: 278 bestvalit: 0.005114 bestmemit:   29.743440   -9.434999    1.000000    3.072962    0.000000
Iteration: 279 bestvalit: 0.005114 bestmemit:   29.743440   -9.434999    1.000000    3.072962    0.000000
Iteration: 280 bestvalit: 0.005114 bestmemit:   29.744272   -9.435580    1.000000    3.072696    0.000000
Iteration: 281 bestvalit: 0.005114 bestmemit:   29.744272   -9.435580    1.000000    3.072696    0.000000
Iteration: 282 bestvalit: 0.005114 bestmemit:   29.744272   -9.435580    1.000000    3.072696    0.000000
Iteration: 283 bestvalit: 0.005114 bestmemit:   29.744272   -9.435580    1.000000    3.072696    0.000000
Iteration: 284 bestvalit: 0.005114 bestmemit:   29.744272   -9.435580    1.000000    3.072696    0.000000
Iteration: 285 bestvalit: 0.005114 bestmemit:   29.744272   -9.435580    1.000000    3.072696    0.000000
Iteration: 286 bestvalit: 0.005114 bestmemit:   29.744272   -9.435580    1.000000    3.072696    0.000000
Iteration: 287 bestvalit: 0.005114 bestmemit:   29.744272   -9.435580    1.000000    3.072696    0.000000
Iteration: 288 bestvalit: 0.005114 bestmemit:   29.744272   -9.435580    1.000000    3.072696    0.000000
Iteration: 289 bestvalit: 0.005114 bestmemit:   29.744272   -9.435580    1.000000    3.072696    0.000000
Iteration: 290 bestvalit: 0.005114 bestmemit:   29.743957   -9.435136    1.000000    3.072937    0.000000
Iteration: 291 bestvalit: 0.005114 bestmemit:   29.744095   -9.435366    1.000000    3.072844    0.000000
Iteration: 292 bestvalit: 0.005114 bestmemit:   29.744095   -9.435366    1.000000    3.072844    0.000000
Iteration: 293 bestvalit: 0.005114 bestmemit:   29.744095   -9.435366    1.000000    3.072844    0.000000
Iteration: 294 bestvalit: 0.005114 bestmemit:   29.744095   -9.435366    1.000000    3.072844    0.000000
Iteration: 295 bestvalit: 0.005114 bestmemit:   29.744272   -9.435580    1.000000    3.072796    0.000000
Iteration: 296 bestvalit: 0.005114 bestmemit:   29.744272   -9.435580    1.000000    3.072796    0.000000
Iteration: 297 bestvalit: 0.005114 bestmemit:   29.743577   -9.434997    1.000000    3.072856    0.000000
Iteration: 298 bestvalit: 0.005114 bestmemit:   29.743577   -9.434997    1.000000    3.072856    0.000000

***** summary of DEoptim object ***** 
best member   :  29.74358 -9.435 1 3.07286 0 
best value    :  0.00511 
after         :  298 generations 
fn evaluated  :  598 times 
*************************************
