SLURM_JOB_ID: 55403023
SLURM_JOB_USER: vsc34066
SLURM_JOB_ACCOUNT: lp_desenderlab
SLURM_JOB_NAME: par_recov_alternating_fb_sim_alpha_learn.slurm
SLURM_CLUSTER_NAME: genius
SLURM_JOB_PARTITION: batch
SLURM_ARRAY_JOB_ID: 55402977
SLURM_ARRAY_TASK_ID: 46
SLURM_NNODES: 1
SLURM_NODELIST: r23i27n02
SLURM_JOB_CPUS_PER_NODE: 8
Date: Sun Dec  3 23:43:56 CET 2023
Walltime: 01-06:00:00
========================================================================
Iteration: 1 bestvalit: 0.052888 bestmemit:   40.056383  -96.542038    1.000000 2055.228769 7361.275784
Iteration: 2 bestvalit: 0.052888 bestmemit:   40.056383  -96.542038    1.000000 2055.228769 7361.275784
Iteration: 3 bestvalit: 0.052888 bestmemit:   40.056383  -96.542038    1.000000 2055.228769 7361.275784
Iteration: 4 bestvalit: 0.052082 bestmemit:   43.417796   85.421285    1.000000 2863.212162 6098.760475
Iteration: 5 bestvalit: 0.052082 bestmemit:   43.417796   85.421285    1.000000 2863.212162 6098.760475
Iteration: 6 bestvalit: 0.041469 bestmemit:   24.428973  -83.440721    1.000000  901.742844  124.659736
Iteration: 7 bestvalit: 0.040965 bestmemit:   24.428973   20.535786    1.000000  901.742844  124.659736
Iteration: 8 bestvalit: 0.040965 bestmemit:   24.428973   20.535786    1.000000  901.742844  124.659736
Iteration: 9 bestvalit: 0.040194 bestmemit:   24.428973   80.051962    1.000000  901.742844  124.659736
Iteration: 10 bestvalit: 0.040194 bestmemit:   24.428973   80.051962    1.000000  901.742844  124.659736
Iteration: 11 bestvalit: 0.026437 bestmemit:   24.428973   80.051962    1.000000  140.277501  124.659736
Iteration: 12 bestvalit: 0.026437 bestmemit:   24.428973   80.051962    1.000000  140.277501  124.659736
Iteration: 13 bestvalit: 0.026437 bestmemit:   24.428973   80.051962    1.000000  140.277501  124.659736
Iteration: 14 bestvalit: 0.026437 bestmemit:   24.428973   80.051962    1.000000  140.277501  124.659736
Iteration: 15 bestvalit: 0.026437 bestmemit:   24.428973   80.051962    1.000000  140.277501  124.659736
Iteration: 16 bestvalit: 0.026336 bestmemit:   27.320620   80.051962    1.000000  140.277501  124.659736
Iteration: 17 bestvalit: 0.026336 bestmemit:   27.320620   80.051962    1.000000  140.277501  124.659736
Iteration: 18 bestvalit: 0.026336 bestmemit:   27.320620   80.051962    1.000000  140.277501  124.659736
Iteration: 19 bestvalit: 0.026336 bestmemit:   27.320620   80.051962    1.000000  140.277501  124.659736
Iteration: 20 bestvalit: 0.026336 bestmemit:   27.320620   80.051962    1.000000  140.277501  124.659736
Iteration: 21 bestvalit: 0.026336 bestmemit:   27.320620   80.051962    1.000000  140.277501  124.659736
Iteration: 22 bestvalit: 0.026336 bestmemit:   27.320620   80.051962    1.000000  140.277501  124.659736
Iteration: 23 bestvalit: 0.026336 bestmemit:   27.320620   80.051962    1.000000  140.277501  124.659736
Iteration: 24 bestvalit: 0.026336 bestmemit:   27.320620   80.051962    1.000000  140.277501  124.659736
Iteration: 25 bestvalit: 0.026336 bestmemit:   27.320620   80.051962    1.000000  140.277501  124.659736
Iteration: 26 bestvalit: 0.026336 bestmemit:   27.320620   80.051962    1.000000  140.277501  124.659736
Iteration: 27 bestvalit: 0.019900 bestmemit:   43.726203   47.715689    1.000000   18.628865  603.565474
Iteration: 28 bestvalit: 0.019900 bestmemit:   43.726203   47.715689    1.000000   18.628865  603.565474
Iteration: 29 bestvalit: 0.019900 bestmemit:   43.726203   47.715689    1.000000   18.628865  603.565474
Iteration: 30 bestvalit: 0.019900 bestmemit:   43.726203   47.715689    1.000000   18.628865  603.565474
Iteration: 31 bestvalit: 0.019900 bestmemit:   43.726203   47.715689    1.000000   18.628865  603.565474
Iteration: 32 bestvalit: 0.019900 bestmemit:   43.726203   47.715689    1.000000   18.628865  603.565474
Iteration: 33 bestvalit: 0.019893 bestmemit:   43.726203  -20.100519    1.000000   18.628865  603.565474
Iteration: 34 bestvalit: 0.019893 bestmemit:   43.726203  -20.100519    1.000000   18.628865  603.565474
Iteration: 35 bestvalit: 0.019893 bestmemit:   43.726203  -20.100519    1.000000   18.628865  603.565474
Iteration: 36 bestvalit: 0.019893 bestmemit:   43.726203  -20.100519    1.000000   18.628865  603.565474
Iteration: 37 bestvalit: 0.019893 bestmemit:   43.726203  -20.100519    1.000000   18.628865  603.565474
Iteration: 38 bestvalit: 0.019893 bestmemit:   43.726203  -20.100519    1.000000   18.628865  603.565474
Iteration: 39 bestvalit: 0.019893 bestmemit:   43.726203  -20.100519    1.000000   18.628865  603.565474
Iteration: 40 bestvalit: 0.019893 bestmemit:   43.726203  -20.100519    1.000000   18.628865  603.565474
Iteration: 41 bestvalit: 0.019893 bestmemit:   43.726203  -20.100519    1.000000   18.628865  603.565474
Iteration: 42 bestvalit: 0.016876 bestmemit:   27.991159    5.039845    1.000000   36.070931  372.848764
Iteration: 43 bestvalit: 0.016876 bestmemit:   27.991159    5.039845    1.000000   36.070931  372.848764
Iteration: 44 bestvalit: 0.016876 bestmemit:   27.991159    5.039845    1.000000   36.070931  372.848764
Iteration: 45 bestvalit: 0.011952 bestmemit:   18.906180  -20.100519    1.000000   18.628865  196.406728
Iteration: 46 bestvalit: 0.011952 bestmemit:   18.906180  -20.100519    1.000000   18.628865  196.406728
Iteration: 47 bestvalit: 0.011952 bestmemit:   18.906180  -20.100519    1.000000   18.628865  196.406728
Iteration: 48 bestvalit: 0.011952 bestmemit:   18.906180  -20.100519    1.000000   18.628865  196.406728
Iteration: 49 bestvalit: 0.011952 bestmemit:   18.906180  -20.100519    1.000000   18.628865  196.406728
Iteration: 50 bestvalit: 0.011732 bestmemit:   18.906180   -8.365931    1.000000   18.628865  196.406728
Iteration: 51 bestvalit: 0.011732 bestmemit:   18.906180   -8.365931    1.000000   18.628865  196.406728
Iteration: 52 bestvalit: 0.011732 bestmemit:   18.906180   -8.365931    1.000000   18.628865  196.406728
Iteration: 53 bestvalit: 0.008738 bestmemit:   35.261708   31.228692    1.000000    0.338422  425.856113
Iteration: 54 bestvalit: 0.008738 bestmemit:   35.261708   31.228692    1.000000    0.338422  425.856113
Iteration: 55 bestvalit: 0.008738 bestmemit:   35.261708   31.228692    1.000000    0.338422  425.856113
Iteration: 56 bestvalit: 0.008738 bestmemit:   35.261708   31.228692    1.000000    0.338422  425.856113
Iteration: 57 bestvalit: 0.008738 bestmemit:   35.261708   31.228692    1.000000    0.338422  425.856113
Iteration: 58 bestvalit: 0.008738 bestmemit:   35.261708   31.228692    1.000000    0.338422  425.856113
Iteration: 59 bestvalit: 0.008738 bestmemit:   35.261708   31.228692    1.000000    0.338422  425.856113
Iteration: 60 bestvalit: 0.006825 bestmemit:   35.261708   31.228692    1.000000    0.338422  169.590579
Iteration: 61 bestvalit: 0.006825 bestmemit:   35.261708   31.228692    1.000000    0.338422  169.590579
Iteration: 62 bestvalit: 0.005978 bestmemit:   49.672979   72.658530    1.000000    1.867906   53.174633
Iteration: 63 bestvalit: 0.005978 bestmemit:   49.672979   72.658530    1.000000    1.867906   53.174633
Iteration: 64 bestvalit: 0.004795 bestmemit:   33.726778   29.253036    1.000000    0.338422   24.428498
Iteration: 65 bestvalit: 0.004795 bestmemit:   33.726778   29.253036    1.000000    0.338422   24.428498
Iteration: 66 bestvalit: 0.004795 bestmemit:   33.726778   29.253036    1.000000    0.338422   24.428498
Iteration: 67 bestvalit: 0.003797 bestmemit:   27.988690   45.753605    1.000000    1.479601    6.406026
Iteration: 68 bestvalit: 0.003797 bestmemit:   27.988690   45.753605    1.000000    1.479601    6.406026
Iteration: 69 bestvalit: 0.003797 bestmemit:   27.988690   45.753605    1.000000    1.479601    6.406026
Iteration: 70 bestvalit: 0.003797 bestmemit:   27.988690   45.753605    1.000000    1.479601    6.406026
Iteration: 71 bestvalit: 0.003797 bestmemit:   27.988690   45.753605    1.000000    1.479601    6.406026
Iteration: 72 bestvalit: 0.003797 bestmemit:   27.988690   45.753605    1.000000    1.479601    6.406026
Iteration: 73 bestvalit: 0.003797 bestmemit:   27.988690   45.753605    1.000000    1.479601    6.406026
Iteration: 74 bestvalit: 0.003797 bestmemit:   27.988690   45.753605    1.000000    1.479601    6.406026
Iteration: 75 bestvalit: 0.001797 bestmemit:   33.618841    8.033778    1.000000    4.163359    5.248550
Iteration: 76 bestvalit: 0.001797 bestmemit:   33.618841    8.033778    1.000000    4.163359    5.248550
Iteration: 77 bestvalit: 0.001666 bestmemit:   26.410456    8.033778    1.000000    4.163359    5.248550
Iteration: 78 bestvalit: 0.001666 bestmemit:   26.410456    8.033778    1.000000    4.163359    5.248550
Iteration: 79 bestvalit: 0.001666 bestmemit:   26.410456    8.033778    1.000000    4.163359    5.248550
Iteration: 80 bestvalit: 0.001666 bestmemit:   26.410456    8.033778    1.000000    4.163359    5.248550
Iteration: 81 bestvalit: 0.001666 bestmemit:   26.410456    8.033778    1.000000    4.163359    5.248550
Iteration: 82 bestvalit: 0.001539 bestmemit:   27.960097   16.189583    1.000000    4.037380    1.178033
Iteration: 83 bestvalit: 0.001539 bestmemit:   27.960097   16.189583    1.000000    4.037380    1.178033
Iteration: 84 bestvalit: 0.001539 bestmemit:   27.960097   16.189583    1.000000    4.037380    1.178033
Iteration: 85 bestvalit: 0.001345 bestmemit:   26.410456    8.033778    1.000000    4.163359    0.816411
Iteration: 86 bestvalit: 0.001345 bestmemit:   26.410456    8.033778    1.000000    4.163359    0.816411
Iteration: 87 bestvalit: 0.001345 bestmemit:   26.410456    8.033778    1.000000    4.163359    0.816411
Iteration: 88 bestvalit: 0.001345 bestmemit:   26.410456    8.033778    1.000000    4.163359    0.816411
Iteration: 89 bestvalit: 0.001345 bestmemit:   26.410456    8.033778    1.000000    4.163359    0.816411
Iteration: 90 bestvalit: 0.001345 bestmemit:   26.410456    8.033778    1.000000    4.163359    0.816411
Iteration: 91 bestvalit: 0.001345 bestmemit:   26.410456    8.033778    1.000000    4.163359    0.816411
Iteration: 92 bestvalit: 0.001345 bestmemit:   26.410456    8.033778    1.000000    4.163359    0.816411
Iteration: 93 bestvalit: 0.000992 bestmemit:   18.762304   15.096251    1.000000    6.128943    0.316789
Iteration: 94 bestvalit: 0.000992 bestmemit:   18.762304   15.096251    1.000000    6.128943    0.316789
Iteration: 95 bestvalit: 0.000992 bestmemit:   18.762304   15.096251    1.000000    6.128943    0.316789
Iteration: 96 bestvalit: 0.000992 bestmemit:   18.762304   15.096251    1.000000    6.128943    0.316789
Iteration: 97 bestvalit: 0.000992 bestmemit:   18.762304   15.096251    1.000000    6.128943    0.316789
Iteration: 98 bestvalit: 0.000992 bestmemit:   18.762304   15.096251    1.000000    6.128943    0.316789
Iteration: 99 bestvalit: 0.000992 bestmemit:   18.762304   15.096251    1.000000    6.128943    0.316789
Iteration: 100 bestvalit: 0.000992 bestmemit:   18.762304   15.096251    1.000000    6.128943    0.316789
Iteration: 101 bestvalit: 0.000992 bestmemit:   18.762304   15.096251    1.000000    6.128943    0.316789
Iteration: 102 bestvalit: 0.000992 bestmemit:   18.762304   15.096251    1.000000    6.128943    0.316789
Iteration: 103 bestvalit: 0.000870 bestmemit:    9.147533   19.232744    1.000000    5.349549    0.783215
Iteration: 104 bestvalit: 0.000870 bestmemit:    9.147533   19.232744    1.000000    5.349549    0.783215
Iteration: 105 bestvalit: 0.000870 bestmemit:    9.147533   19.232744    1.000000    5.349549    0.783215
Iteration: 106 bestvalit: 0.000870 bestmemit:    9.147533   19.232744    1.000000    5.349549    0.783215
Iteration: 107 bestvalit: 0.000859 bestmemit:   16.731485   14.675909    1.000000    2.996399    1.033626
Iteration: 108 bestvalit: 0.000859 bestmemit:   16.731485   14.675909    1.000000    2.996399    1.033626
Iteration: 109 bestvalit: 0.000859 bestmemit:   16.731485   14.675909    1.000000    2.996399    1.033626
Iteration: 110 bestvalit: 0.000859 bestmemit:   16.731485   14.675909    1.000000    2.996399    1.033626
Iteration: 111 bestvalit: 0.000859 bestmemit:   16.731485   14.675909    1.000000    2.996399    1.033626
Iteration: 112 bestvalit: 0.000859 bestmemit:   16.731485   14.675909    1.000000    2.996399    1.033626
Iteration: 113 bestvalit: 0.000763 bestmemit:   11.367557   18.482318    1.000000    4.133764    0.617174
Iteration: 114 bestvalit: 0.000763 bestmemit:   11.367557   18.482318    1.000000    4.133764    0.617174
Iteration: 115 bestvalit: 0.000760 bestmemit:    9.042009   19.271925    1.000000    4.208485    0.674024
Iteration: 116 bestvalit: 0.000727 bestmemit:   11.819319   16.772969    1.000000    3.396521    0.316789
Iteration: 117 bestvalit: 0.000637 bestmemit:    7.209552   18.246949    1.000000    2.290291    0.778345
Iteration: 118 bestvalit: 0.000632 bestmemit:    9.431248   16.379096    1.000000    1.377355    0.874376
Iteration: 119 bestvalit: 0.000619 bestmemit:    7.209552   18.246949    1.000000    1.927899    0.778345
Iteration: 120 bestvalit: 0.000619 bestmemit:    7.209552   18.246949    1.000000    1.927899    0.778345
Iteration: 121 bestvalit: 0.000619 bestmemit:    7.209552   18.246949    1.000000    1.927899    0.778345
Iteration: 122 bestvalit: 0.000619 bestmemit:    7.209552   18.246949    1.000000    1.927899    0.778345
Iteration: 123 bestvalit: 0.000619 bestmemit:    7.209552   18.246949    1.000000    1.927899    0.778345
Iteration: 124 bestvalit: 0.000619 bestmemit:    7.209552   18.246949    1.000000    1.927899    0.778345
Iteration: 125 bestvalit: 0.000619 bestmemit:    7.209552   18.246949    1.000000    1.927899    0.778345
Iteration: 126 bestvalit: 0.000619 bestmemit:    7.209552   18.246949    1.000000    1.927899    0.778345
Iteration: 127 bestvalit: 0.000619 bestmemit:    7.209552   18.246949    1.000000    1.927899    0.778345
Iteration: 128 bestvalit: 0.000619 bestmemit:    7.209552   18.246949    1.000000    1.927899    0.778345
Iteration: 129 bestvalit: 0.000619 bestmemit:    7.209552   18.246949    1.000000    1.927899    0.778345
Iteration: 130 bestvalit: 0.000619 bestmemit:    7.209552   18.246949    1.000000    1.927899    0.778345
Iteration: 131 bestvalit: 0.000619 bestmemit:    7.209552   18.246949    1.000000    1.927899    0.778345
Iteration: 132 bestvalit: 0.000600 bestmemit:    6.251183   16.686830    1.000000    0.745632    0.718422
Iteration: 133 bestvalit: 0.000600 bestmemit:    6.251183   16.686830    1.000000    0.745632    0.718422
Iteration: 134 bestvalit: 0.000599 bestmemit:    8.284823   15.782539    1.000000    1.750950    0.591793
Iteration: 135 bestvalit: 0.000599 bestmemit:    8.284823   15.782539    1.000000    1.750950    0.591793
Iteration: 136 bestvalit: 0.000598 bestmemit:    5.816327   16.991707    1.000000    0.746256    0.702250
Iteration: 137 bestvalit: 0.000597 bestmemit:    5.626756   18.491083    1.000000    1.176428    0.953987
Iteration: 138 bestvalit: 0.000586 bestmemit:    6.251183   16.686830    1.000000    1.114322    0.718422
Iteration: 139 bestvalit: 0.000586 bestmemit:    6.251183   16.686830    1.000000    1.114322    0.718422
Iteration: 140 bestvalit: 0.000586 bestmemit:    6.251183   16.686830    1.000000    1.114322    0.718422
Iteration: 141 bestvalit: 0.000586 bestmemit:    6.251183   16.686830    1.000000    1.114322    0.718422
Iteration: 142 bestvalit: 0.000586 bestmemit:    6.251183   16.686830    1.000000    1.114322    0.718422
Iteration: 143 bestvalit: 0.000586 bestmemit:    6.251183   16.686830    1.000000    1.114322    0.718422
Iteration: 144 bestvalit: 0.000586 bestmemit:    6.251183   16.686830    1.000000    1.114322    0.718422
Iteration: 145 bestvalit: 0.000586 bestmemit:    6.251183   16.686830    1.000000    1.114322    0.718422
Iteration: 146 bestvalit: 0.000586 bestmemit:    6.251183   16.686830    1.000000    1.114322    0.718422
Iteration: 147 bestvalit: 0.000584 bestmemit:    6.447292   16.686830    1.000000    1.114322    0.718422
Iteration: 148 bestvalit: 0.000584 bestmemit:    6.447292   16.686830    1.000000    1.114322    0.718422
Iteration: 149 bestvalit: 0.000584 bestmemit:    6.447292   16.686830    1.000000    1.114322    0.718422
Iteration: 150 bestvalit: 0.000584 bestmemit:    6.447292   16.686830    1.000000    1.114322    0.718422
Iteration: 151 bestvalit: 0.000584 bestmemit:    6.447292   16.686830    1.000000    1.114322    0.718422
Iteration: 152 bestvalit: 0.000584 bestmemit:    6.447292   16.686830    1.000000    1.114322    0.718422
Iteration: 153 bestvalit: 0.000584 bestmemit:    6.447292   16.686830    1.000000    1.114322    0.718422
Iteration: 154 bestvalit: 0.000584 bestmemit:    6.447292   16.686830    1.000000    1.114322    0.718422
Iteration: 155 bestvalit: 0.000584 bestmemit:    6.447292   16.686830    1.000000    1.114322    0.718422
Iteration: 156 bestvalit: 0.000584 bestmemit:    6.447292   16.686830    1.000000    1.114322    0.718422
Iteration: 157 bestvalit: 0.000584 bestmemit:    6.447292   16.686830    1.000000    1.114322    0.718422
Iteration: 158 bestvalit: 0.000584 bestmemit:    6.447292   16.686830    1.000000    1.114322    0.718422
Iteration: 159 bestvalit: 0.000584 bestmemit:    6.580298   16.640206    1.000000    1.050514    0.764388
Iteration: 160 bestvalit: 0.000584 bestmemit:    6.490151   16.686830    1.000000    1.114322    0.718422
Iteration: 161 bestvalit: 0.000584 bestmemit:    6.490151   16.686830    1.000000    1.114322    0.718422
Iteration: 162 bestvalit: 0.000584 bestmemit:    6.490151   16.686830    1.000000    1.114322    0.718422
Iteration: 163 bestvalit: 0.000584 bestmemit:    6.490151   16.686830    1.000000    1.114322    0.718422
Iteration: 164 bestvalit: 0.000584 bestmemit:    6.490151   16.686830    1.000000    1.114322    0.718422
Iteration: 165 bestvalit: 0.000584 bestmemit:    6.490151   16.686830    1.000000    1.114322    0.718422
Iteration: 166 bestvalit: 0.000584 bestmemit:    5.374364   17.716863    1.000000    0.755177    0.955633
Iteration: 167 bestvalit: 0.000584 bestmemit:    5.482532   18.017375    1.000000    0.567123    1.097097
Iteration: 168 bestvalit: 0.000584 bestmemit:    5.482532   18.017375    1.000000    0.567123    1.097097
Iteration: 169 bestvalit: 0.000584 bestmemit:    5.482532   18.017375    1.000000    0.567123    1.097097
Iteration: 170 bestvalit: 0.000584 bestmemit:    5.482532   18.017375    1.000000    0.567123    1.097097
Iteration: 171 bestvalit: 0.000584 bestmemit:    5.482532   18.017375    1.000000    0.567123    1.097097
Iteration: 172 bestvalit: 0.000583 bestmemit:    5.374364   17.716863    1.000000    0.755177    0.869825
Iteration: 173 bestvalit: 0.000583 bestmemit:    5.374364   17.716863    1.000000    0.755177    0.869825
Iteration: 174 bestvalit: 0.000583 bestmemit:    5.374364   17.716863    1.000000    0.755177    0.869825
Iteration: 175 bestvalit: 0.000583 bestmemit:    5.374364   17.716863    1.000000    0.755177    0.869825
Iteration: 176 bestvalit: 0.000583 bestmemit:    5.374364   17.716863    1.000000    0.755177    0.869825
Iteration: 177 bestvalit: 0.000583 bestmemit:    5.374364   17.716863    1.000000    0.755177    0.869825
Iteration: 178 bestvalit: 0.000583 bestmemit:    5.374364   17.716863    1.000000    0.755177    0.869825
Iteration: 179 bestvalit: 0.000583 bestmemit:    5.374364   17.716863    1.000000    0.755177    0.869825
Iteration: 180 bestvalit: 0.000583 bestmemit:    5.372695   17.997135    1.000000    0.720801    0.975535
Iteration: 181 bestvalit: 0.000583 bestmemit:    6.010516   17.320161    1.000000    0.936836    0.831646
Iteration: 182 bestvalit: 0.000583 bestmemit:    6.010516   17.320161    1.000000    0.936836    0.831646
Iteration: 183 bestvalit: 0.000583 bestmemit:    6.010516   17.320161    1.000000    0.936836    0.831646
Iteration: 184 bestvalit: 0.000583 bestmemit:    6.010516   17.320161    1.000000    0.936836    0.831646
Iteration: 185 bestvalit: 0.000582 bestmemit:    5.894314   17.351241    1.000000    0.862484    0.855475
Iteration: 186 bestvalit: 0.000582 bestmemit:    5.894314   17.351241    1.000000    0.862484    0.855475
Iteration: 187 bestvalit: 0.000582 bestmemit:    5.894314   17.351241    1.000000    0.862484    0.855475
Iteration: 188 bestvalit: 0.000582 bestmemit:    5.894314   17.351241    1.000000    0.862484    0.855475
Iteration: 189 bestvalit: 0.000582 bestmemit:    5.894314   17.351241    1.000000    0.862484    0.855475
Iteration: 190 bestvalit: 0.000582 bestmemit:    5.894314   17.351241    1.000000    0.862484    0.855475
Iteration: 191 bestvalit: 0.000582 bestmemit:    5.894314   17.351241    1.000000    0.862484    0.855475
Iteration: 192 bestvalit: 0.000582 bestmemit:    5.894314   17.351241    1.000000    0.862484    0.855475
Iteration: 193 bestvalit: 0.000582 bestmemit:    5.894314   17.351241    1.000000    0.862484    0.855475
Iteration: 194 bestvalit: 0.000582 bestmemit:    5.894314   17.351241    1.000000    0.862484    0.884366
Iteration: 195 bestvalit: 0.000582 bestmemit:    5.894314   17.351241    1.000000    0.862484    0.884366
Iteration: 196 bestvalit: 0.000582 bestmemit:    5.894314   17.351241    1.000000    0.862484    0.884366
Iteration: 197 bestvalit: 0.000582 bestmemit:    5.894314   17.351241    1.000000    0.862484    0.884366
Iteration: 198 bestvalit: 0.000582 bestmemit:    5.894314   17.351241    1.000000    0.862484    0.884366
Iteration: 199 bestvalit: 0.000582 bestmemit:    5.894314   17.351241    1.000000    0.862484    0.884366
Iteration: 200 bestvalit: 0.000582 bestmemit:    5.894314   17.351241    1.000000    0.862484    0.884366
Iteration: 201 bestvalit: 0.000582 bestmemit:    5.894314   17.351241    1.000000    0.862484    0.884366
Iteration: 202 bestvalit: 0.000582 bestmemit:    5.894314   17.351241    1.000000    0.862484    0.884366
Iteration: 203 bestvalit: 0.000582 bestmemit:    5.943782   17.294884    1.000000    0.881095    0.864582
Iteration: 204 bestvalit: 0.000582 bestmemit:    5.692357   17.704129    1.000000    0.789579    0.935470
Iteration: 205 bestvalit: 0.000582 bestmemit:    5.692357   17.704129    1.000000    0.789579    0.935470
Iteration: 206 bestvalit: 0.000582 bestmemit:    5.692357   17.704129    1.000000    0.789579    0.935470
Iteration: 207 bestvalit: 0.000582 bestmemit:    5.692357   17.704129    1.000000    0.789579    0.935470
Iteration: 208 bestvalit: 0.000582 bestmemit:    5.692357   17.704129    1.000000    0.789579    0.935470
Iteration: 209 bestvalit: 0.000582 bestmemit:    5.692357   17.704129    1.000000    0.789579    0.935470
Iteration: 210 bestvalit: 0.000582 bestmemit:    5.692357   17.704129    1.000000    0.789579    0.935470
Iteration: 211 bestvalit: 0.000582 bestmemit:    5.692357   17.704129    1.000000    0.789579    0.935470
Iteration: 212 bestvalit: 0.000582 bestmemit:    5.692357   17.704129    1.000000    0.789579    0.935470
Iteration: 213 bestvalit: 0.000582 bestmemit:    5.692357   17.704129    1.000000    0.789579    0.935470
Iteration: 214 bestvalit: 0.000582 bestmemit:    5.655190   17.579007    1.000000    0.723939    0.933578
Iteration: 215 bestvalit: 0.000582 bestmemit:    5.655190   17.579007    1.000000    0.723939    0.933578
Iteration: 216 bestvalit: 0.000582 bestmemit:    5.655190   17.579007    1.000000    0.723939    0.933578
Iteration: 217 bestvalit: 0.000582 bestmemit:    5.655190   17.579007    1.000000    0.723939    0.933578
Iteration: 218 bestvalit: 0.000582 bestmemit:    5.625037   17.661047    1.000000    0.742078    0.945490
Iteration: 219 bestvalit: 0.000582 bestmemit:    5.625037   17.661047    1.000000    0.742078    0.942043
Iteration: 220 bestvalit: 0.000582 bestmemit:    5.625037   17.661047    1.000000    0.742078    0.942043
Iteration: 221 bestvalit: 0.000582 bestmemit:    5.625037   17.661047    1.000000    0.742078    0.942043
Iteration: 222 bestvalit: 0.000582 bestmemit:    5.625037   17.661047    1.000000    0.742078    0.942043
Iteration: 223 bestvalit: 0.000582 bestmemit:    5.625037   17.661047    1.000000    0.742078    0.942043
Iteration: 224 bestvalit: 0.000582 bestmemit:    5.625037   17.661047    1.000000    0.742078    0.942043
Iteration: 225 bestvalit: 0.000582 bestmemit:    5.625037   17.661047    1.000000    0.742078    0.942043
Iteration: 226 bestvalit: 0.000582 bestmemit:    5.625037   17.661047    1.000000    0.742078    0.942043
Iteration: 227 bestvalit: 0.000582 bestmemit:    5.625037   17.661047    1.000000    0.742078    0.942043
Iteration: 228 bestvalit: 0.000582 bestmemit:    5.625037   17.661047    1.000000    0.742078    0.942043
Iteration: 229 bestvalit: 0.000582 bestmemit:    5.625037   17.661047    1.000000    0.742078    0.942043
Iteration: 230 bestvalit: 0.000582 bestmemit:    5.625037   17.661047    1.000000    0.742078    0.942043
Iteration: 231 bestvalit: 0.000582 bestmemit:    5.625037   17.661047    1.000000    0.742078    0.942043
Iteration: 232 bestvalit: 0.000582 bestmemit:    5.625037   17.661047    1.000000    0.742078    0.942043
Iteration: 233 bestvalit: 0.000582 bestmemit:    5.625037   17.661047    1.000000    0.742078    0.942043
Iteration: 234 bestvalit: 0.000582 bestmemit:    5.522528   17.650807    1.000000    0.718541    0.929010
Iteration: 235 bestvalit: 0.000582 bestmemit:    5.522528   17.650807    1.000000    0.718541    0.929010
Iteration: 236 bestvalit: 0.000582 bestmemit:    5.625692   17.639392    1.000000    0.752803    0.932370
Iteration: 237 bestvalit: 0.000582 bestmemit:    5.625692   17.639392    1.000000    0.752803    0.932370
Iteration: 238 bestvalit: 0.000582 bestmemit:    5.625692   17.639392    1.000000    0.752803    0.932370
Iteration: 239 bestvalit: 0.000582 bestmemit:    5.625692   17.639392    1.000000    0.752803    0.932370
Iteration: 240 bestvalit: 0.000582 bestmemit:    5.625692   17.639392    1.000000    0.752803    0.932370
Iteration: 241 bestvalit: 0.000582 bestmemit:    5.625692   17.639392    1.000000    0.752803    0.932370
Iteration: 242 bestvalit: 0.000582 bestmemit:    5.625692   17.639392    1.000000    0.752803    0.932370
Iteration: 243 bestvalit: 0.000582 bestmemit:    5.625692   17.639392    1.000000    0.752803    0.932370
Iteration: 244 bestvalit: 0.000582 bestmemit:    5.625692   17.639392    1.000000    0.752803    0.932370
Iteration: 245 bestvalit: 0.000582 bestmemit:    5.625692   17.639392    1.000000    0.752803    0.932370
Iteration: 246 bestvalit: 0.000582 bestmemit:    5.625692   17.639392    1.000000    0.752803    0.932370
Iteration: 247 bestvalit: 0.000582 bestmemit:    5.625692   17.639392    1.000000    0.752803    0.932370
Iteration: 248 bestvalit: 0.000582 bestmemit:    5.625692   17.639392    1.000000    0.752803    0.932370
Iteration: 249 bestvalit: 0.000582 bestmemit:    5.625692   17.639392    1.000000    0.752803    0.932370
Iteration: 250 bestvalit: 0.000582 bestmemit:    5.625692   17.639392    1.000000    0.752803    0.932370
Iteration: 251 bestvalit: 0.000582 bestmemit:    5.625692   17.639392    1.000000    0.752803    0.932370
Iteration: 252 bestvalit: 0.000582 bestmemit:    5.591051   17.652756    1.000000    0.754484    0.927423
Iteration: 253 bestvalit: 0.000582 bestmemit:    5.591051   17.652756    1.000000    0.754484    0.927423
Iteration: 254 bestvalit: 0.000582 bestmemit:    5.591051   17.652756    1.000000    0.754484    0.927423
Iteration: 255 bestvalit: 0.000582 bestmemit:    5.591051   17.652756    1.000000    0.754484    0.927423
Iteration: 256 bestvalit: 0.000582 bestmemit:    5.591051   17.652756    1.000000    0.754484    0.927423
Iteration: 257 bestvalit: 0.000582 bestmemit:    5.591051   17.652756    1.000000    0.754484    0.927423
Iteration: 258 bestvalit: 0.000582 bestmemit:    5.591051   17.652756    1.000000    0.754484    0.927423
Iteration: 259 bestvalit: 0.000582 bestmemit:    5.591051   17.652756    1.000000    0.754484    0.927423
Iteration: 260 bestvalit: 0.000582 bestmemit:    5.591051   17.652756    1.000000    0.754484    0.927423
Iteration: 261 bestvalit: 0.000582 bestmemit:    5.615868   17.594903    1.000000    0.760007    0.922187
Iteration: 262 bestvalit: 0.000582 bestmemit:    5.615868   17.594903    1.000000    0.760007    0.922187
Iteration: 263 bestvalit: 0.000582 bestmemit:    5.615868   17.594903    1.000000    0.760007    0.922187
Iteration: 264 bestvalit: 0.000582 bestmemit:    5.615868   17.594903    1.000000    0.760007    0.922187
Iteration: 265 bestvalit: 0.000582 bestmemit:    5.615868   17.594903    1.000000    0.760007    0.922187
Iteration: 266 bestvalit: 0.000582 bestmemit:    5.615868   17.594903    1.000000    0.760007    0.922187
Iteration: 267 bestvalit: 0.000582 bestmemit:    5.653222   17.596144    1.000000    0.768754    0.922229
Iteration: 268 bestvalit: 0.000582 bestmemit:    5.653222   17.596144    1.000000    0.768754    0.922229
Iteration: 269 bestvalit: 0.000582 bestmemit:    5.653222   17.596144    1.000000    0.768754    0.922229
Iteration: 270 bestvalit: 0.000582 bestmemit:    5.653222   17.596144    1.000000    0.768754    0.922229
Iteration: 271 bestvalit: 0.000582 bestmemit:    5.653222   17.596144    1.000000    0.768754    0.922229
Iteration: 272 bestvalit: 0.000582 bestmemit:    5.615868   17.594903    1.000000    0.758602    0.922187
Iteration: 273 bestvalit: 0.000582 bestmemit:    5.615868   17.594903    1.000000    0.758602    0.922187
Iteration: 274 bestvalit: 0.000582 bestmemit:    5.615868   17.594903    1.000000    0.758602    0.922187
Iteration: 275 bestvalit: 0.000582 bestmemit:    5.615868   17.594903    1.000000    0.758602    0.922187
Iteration: 276 bestvalit: 0.000582 bestmemit:    5.615868   17.594903    1.000000    0.758602    0.922187
Iteration: 277 bestvalit: 0.000582 bestmemit:    5.615868   17.594903    1.000000    0.758602    0.922187
Iteration: 278 bestvalit: 0.000582 bestmemit:    5.615868   17.594903    1.000000    0.758602    0.922187
Iteration: 279 bestvalit: 0.000582 bestmemit:    5.615868   17.594903    1.000000    0.758602    0.922187
Iteration: 280 bestvalit: 0.000582 bestmemit:    5.615868   17.594903    1.000000    0.758602    0.922187
Iteration: 281 bestvalit: 0.000582 bestmemit:    5.615868   17.594903    1.000000    0.758602    0.922187
Iteration: 282 bestvalit: 0.000582 bestmemit:    5.615868   17.594903    1.000000    0.758602    0.922187
Iteration: 283 bestvalit: 0.000582 bestmemit:    5.615868   17.594903    1.000000    0.754653    0.922187
Iteration: 284 bestvalit: 0.000582 bestmemit:    5.615868   17.594903    1.000000    0.754653    0.922187
Iteration: 285 bestvalit: 0.000582 bestmemit:    5.615868   17.594903    1.000000    0.754653    0.922187
Iteration: 286 bestvalit: 0.000582 bestmemit:    5.615868   17.594903    1.000000    0.754653    0.922187
Iteration: 287 bestvalit: 0.000582 bestmemit:    5.615868   17.594903    1.000000    0.754653    0.922187
Iteration: 288 bestvalit: 0.000582 bestmemit:    5.615868   17.594903    1.000000    0.754653    0.922187
Iteration: 289 bestvalit: 0.000582 bestmemit:    5.615868   17.594903    1.000000    0.754653    0.922187
Iteration: 290 bestvalit: 0.000582 bestmemit:    5.615868   17.594903    1.000000    0.754653    0.922187
Iteration: 291 bestvalit: 0.000582 bestmemit:    5.615868   17.594903    1.000000    0.754653    0.922187
Iteration: 292 bestvalit: 0.000582 bestmemit:    5.615868   17.594903    1.000000    0.754653    0.922187
Iteration: 293 bestvalit: 0.000582 bestmemit:    5.615868   17.594903    1.000000    0.754653    0.922187
Iteration: 294 bestvalit: 0.000582 bestmemit:    5.615868   17.594903    1.000000    0.754653    0.922187
Iteration: 295 bestvalit: 0.000582 bestmemit:    5.615868   17.597741    1.000000    0.754653    0.922187
Iteration: 296 bestvalit: 0.000582 bestmemit:    5.615868   17.597741    1.000000    0.754653    0.922187
Iteration: 297 bestvalit: 0.000582 bestmemit:    5.615868   17.597741    1.000000    0.754653    0.922187
Iteration: 298 bestvalit: 0.000582 bestmemit:    5.615868   17.597741    1.000000    0.754653    0.922187
Iteration: 299 bestvalit: 0.000582 bestmemit:    5.615868   17.597741    1.000000    0.754653    0.922187
Iteration: 300 bestvalit: 0.000582 bestmemit:    5.615868   17.597741    1.000000    0.754653    0.922187
Iteration: 301 bestvalit: 0.000582 bestmemit:    5.615868   17.597741    1.000000    0.754653    0.922187
Iteration: 302 bestvalit: 0.000582 bestmemit:    5.615868   17.597741    1.000000    0.754653    0.922187
Iteration: 303 bestvalit: 0.000582 bestmemit:    5.615868   17.597741    1.000000    0.754653    0.922187
Iteration: 304 bestvalit: 0.000582 bestmemit:    5.615868   17.597741    1.000000    0.754653    0.922187
Iteration: 305 bestvalit: 0.000582 bestmemit:    5.615868   17.597741    1.000000    0.754653    0.922187
Iteration: 306 bestvalit: 0.000582 bestmemit:    5.615868   17.597741    1.000000    0.754653    0.922187
Iteration: 307 bestvalit: 0.000582 bestmemit:    5.615868   17.597741    1.000000    0.754653    0.922187
Iteration: 308 bestvalit: 0.000582 bestmemit:    5.615868   17.597741    1.000000    0.754653    0.922187
Iteration: 309 bestvalit: 0.000582 bestmemit:    5.615868   17.597741    1.000000    0.754653    0.922187
Iteration: 310 bestvalit: 0.000582 bestmemit:    5.615868   17.597741    1.000000    0.754653    0.922187
Iteration: 311 bestvalit: 0.000582 bestmemit:    5.615868   17.597741    1.000000    0.754653    0.922187
Iteration: 312 bestvalit: 0.000582 bestmemit:    5.615868   17.597741    1.000000    0.754653    0.922187
Iteration: 313 bestvalit: 0.000582 bestmemit:    5.615868   17.597741    1.000000    0.754653    0.922187
Iteration: 314 bestvalit: 0.000582 bestmemit:    5.615868   17.597741    1.000000    0.756227    0.922187
Iteration: 315 bestvalit: 0.000582 bestmemit:    5.615868   17.597741    1.000000    0.756227    0.922187
Iteration: 316 bestvalit: 0.000582 bestmemit:    5.615868   17.597741    1.000000    0.756227    0.922187
Iteration: 317 bestvalit: 0.000582 bestmemit:    5.615868   17.597741    1.000000    0.756227    0.922187
Iteration: 318 bestvalit: 0.000582 bestmemit:    5.615868   17.597741    1.000000    0.756227    0.922187
Iteration: 319 bestvalit: 0.000582 bestmemit:    5.647926   17.578602    1.000000    0.764636    0.919688
Iteration: 320 bestvalit: 0.000582 bestmemit:    5.647926   17.578602    1.000000    0.764636    0.919688
Iteration: 321 bestvalit: 0.000582 bestmemit:    5.624021   17.588239    1.000000    0.760693    0.918460
Iteration: 322 bestvalit: 0.000582 bestmemit:    5.624021   17.588239    1.000000    0.760693    0.918460
Iteration: 323 bestvalit: 0.000582 bestmemit:    5.624021   17.588239    1.000000    0.760693    0.918460
Iteration: 324 bestvalit: 0.000582 bestmemit:    5.624021   17.588239    1.000000    0.760693    0.918460
Iteration: 325 bestvalit: 0.000582 bestmemit:    5.624021   17.588239    1.000000    0.760693    0.918460
Iteration: 326 bestvalit: 0.000582 bestmemit:    5.624021   17.588239    1.000000    0.760693    0.918460
Iteration: 327 bestvalit: 0.000582 bestmemit:    5.624021   17.588239    1.000000    0.760693    0.918460
Iteration: 328 bestvalit: 0.000582 bestmemit:    5.624021   17.588239    1.000000    0.760693    0.918460
Iteration: 329 bestvalit: 0.000582 bestmemit:    5.624021   17.588239    1.000000    0.760693    0.918460
Iteration: 330 bestvalit: 0.000582 bestmemit:    5.624021   17.588239    1.000000    0.760693    0.918460
Iteration: 331 bestvalit: 0.000582 bestmemit:    5.624021   17.588239    1.000000    0.760693    0.918460
Iteration: 332 bestvalit: 0.000582 bestmemit:    5.624021   17.588239    1.000000    0.760693    0.918460
Iteration: 333 bestvalit: 0.000582 bestmemit:    5.624021   17.588239    1.000000    0.760693    0.918460
Iteration: 334 bestvalit: 0.000582 bestmemit:    5.624021   17.588239    1.000000    0.760693    0.918460
Iteration: 335 bestvalit: 0.000582 bestmemit:    5.635698   17.582451    1.000000    0.761272    0.920168
Iteration: 336 bestvalit: 0.000582 bestmemit:    5.629777   17.585743    1.000000    0.760973    0.919359
Iteration: 337 bestvalit: 0.000582 bestmemit:    5.629777   17.585743    1.000000    0.760973    0.919359
Iteration: 338 bestvalit: 0.000582 bestmemit:    5.629777   17.585743    1.000000    0.760973    0.919359
Iteration: 339 bestvalit: 0.000582 bestmemit:    5.629777   17.585743    1.000000    0.760973    0.919359
Iteration: 340 bestvalit: 0.000582 bestmemit:    5.629777   17.585743    1.000000    0.760973    0.919359
Iteration: 341 bestvalit: 0.000582 bestmemit:    5.629777   17.585743    1.000000    0.760973    0.919359
Iteration: 342 bestvalit: 0.000582 bestmemit:    5.629777   17.585743    1.000000    0.760973    0.919359
Iteration: 343 bestvalit: 0.000582 bestmemit:    5.629777   17.585743    1.000000    0.760973    0.919359
Iteration: 344 bestvalit: 0.000582 bestmemit:    5.629777   17.585743    1.000000    0.760973    0.919359
Iteration: 345 bestvalit: 0.000582 bestmemit:    5.629777   17.585743    1.000000    0.760973    0.919359
Iteration: 346 bestvalit: 0.000582 bestmemit:    5.633364   17.588572    1.000000    0.764611    0.918741
Iteration: 347 bestvalit: 0.000582 bestmemit:    5.633364   17.588572    1.000000    0.764611    0.918741
Iteration: 348 bestvalit: 0.000582 bestmemit:    5.633364   17.588572    1.000000    0.764611    0.918741
Iteration: 349 bestvalit: 0.000582 bestmemit:    5.633364   17.588572    1.000000    0.764611    0.918741
Iteration: 350 bestvalit: 0.000582 bestmemit:    5.633364   17.588572    1.000000    0.764611    0.918741
Iteration: 351 bestvalit: 0.000582 bestmemit:    5.633364   17.588572    1.000000    0.764611    0.918741
Iteration: 352 bestvalit: 0.000582 bestmemit:    5.633364   17.588572    1.000000    0.764611    0.918741
Iteration: 353 bestvalit: 0.000582 bestmemit:    5.633364   17.588572    1.000000    0.764611    0.918741
Iteration: 354 bestvalit: 0.000582 bestmemit:    5.633364   17.588572    1.000000    0.764611    0.918741
Iteration: 355 bestvalit: 0.000582 bestmemit:    5.633364   17.588572    1.000000    0.764611    0.918741
Iteration: 356 bestvalit: 0.000582 bestmemit:    5.633364   17.588572    1.000000    0.764611    0.918741
Iteration: 357 bestvalit: 0.000582 bestmemit:    5.633364   17.588572    1.000000    0.764611    0.918741
Iteration: 358 bestvalit: 0.000582 bestmemit:    5.633364   17.588572    1.000000    0.764611    0.918741
Iteration: 359 bestvalit: 0.000582 bestmemit:    5.633364   17.588572    1.000000    0.764611    0.918741
Iteration: 360 bestvalit: 0.000582 bestmemit:    5.633364   17.588572    1.000000    0.764611    0.918741
Iteration: 361 bestvalit: 0.000582 bestmemit:    5.633364   17.588572    1.000000    0.764611    0.918741
Iteration: 362 bestvalit: 0.000582 bestmemit:    5.633364   17.588572    1.000000    0.764611    0.918741
Iteration: 363 bestvalit: 0.000582 bestmemit:    5.633364   17.588572    1.000000    0.764611    0.918741
Iteration: 364 bestvalit: 0.000582 bestmemit:    5.633364   17.588572    1.000000    0.764611    0.918741
Iteration: 365 bestvalit: 0.000582 bestmemit:    5.641024   17.579824    1.000000    0.766814    0.918078
Iteration: 366 bestvalit: 0.000582 bestmemit:    5.641024   17.579824    1.000000    0.766814    0.918078
Iteration: 367 bestvalit: 0.000582 bestmemit:    5.641024   17.579824    1.000000    0.766814    0.918078
Iteration: 368 bestvalit: 0.000582 bestmemit:    5.641024   17.579824    1.000000    0.766814    0.918078
Iteration: 369 bestvalit: 0.000582 bestmemit:    5.643010   17.576138    1.000000    0.767167    0.917448
Iteration: 370 bestvalit: 0.000582 bestmemit:    5.636873   17.580709    1.000000    0.763794    0.918773
Iteration: 371 bestvalit: 0.000582 bestmemit:    5.636873   17.580709    1.000000    0.763794    0.918773
Iteration: 372 bestvalit: 0.000582 bestmemit:    5.636873   17.580709    1.000000    0.763794    0.918773
Iteration: 373 bestvalit: 0.000582 bestmemit:    5.636873   17.580709    1.000000    0.763794    0.918773
Iteration: 374 bestvalit: 0.000582 bestmemit:    5.636873   17.580709    1.000000    0.763794    0.918773
Iteration: 375 bestvalit: 0.000582 bestmemit:    5.636873   17.580709    1.000000    0.763794    0.918773
Iteration: 376 bestvalit: 0.000582 bestmemit:    5.636873   17.580709    1.000000    0.763794    0.918773
Iteration: 377 bestvalit: 0.000582 bestmemit:    5.636873   17.580709    1.000000    0.763794    0.918773
Iteration: 378 bestvalit: 0.000582 bestmemit:    5.641243   17.579824    1.000000    0.765754    0.918078
Iteration: 379 bestvalit: 0.000582 bestmemit:    5.641243   17.579824    1.000000    0.765754    0.918078
Iteration: 380 bestvalit: 0.000582 bestmemit:    5.641243   17.579824    1.000000    0.765754    0.918078
Iteration: 381 bestvalit: 0.000582 bestmemit:    5.641243   17.579824    1.000000    0.765754    0.918078
Iteration: 382 bestvalit: 0.000582 bestmemit:    5.641243   17.579824    1.000000    0.765754    0.918078
Iteration: 383 bestvalit: 0.000582 bestmemit:    5.641243   17.579824    1.000000    0.765754    0.918078
Iteration: 384 bestvalit: 0.000582 bestmemit:    5.641243   17.579824    1.000000    0.765754    0.918078
Iteration: 385 bestvalit: 0.000582 bestmemit:    5.641243   17.579824    1.000000    0.765754    0.918078
Iteration: 386 bestvalit: 0.000582 bestmemit:    5.641243   17.579824    1.000000    0.765754    0.918078
Iteration: 387 bestvalit: 0.000582 bestmemit:    5.641243   17.579824    1.000000    0.765754    0.918078
Iteration: 388 bestvalit: 0.000582 bestmemit:    5.641243   17.579824    1.000000    0.765754    0.918078
Iteration: 389 bestvalit: 0.000582 bestmemit:    5.641243   17.579824    1.000000    0.765754    0.918078
Iteration: 390 bestvalit: 0.000582 bestmemit:    5.641243   17.579824    1.000000    0.765754    0.918078
Iteration: 391 bestvalit: 0.000582 bestmemit:    5.641243   17.579824    1.000000    0.765754    0.918078
Iteration: 392 bestvalit: 0.000582 bestmemit:    5.641243   17.579824    1.000000    0.765754    0.918078
Iteration: 393 bestvalit: 0.000582 bestmemit:    5.641243   17.579824    1.000000    0.765754    0.918078
Iteration: 394 bestvalit: 0.000582 bestmemit:    5.641243   17.579824    1.000000    0.765754    0.918078
Iteration: 395 bestvalit: 0.000582 bestmemit:    5.641243   17.579824    1.000000    0.765754    0.918078
Iteration: 396 bestvalit: 0.000582 bestmemit:    5.641243   17.579824    1.000000    0.765754    0.918078
Iteration: 397 bestvalit: 0.000582 bestmemit:    5.641243   17.579824    1.000000    0.765754    0.918078
Iteration: 398 bestvalit: 0.000582 bestmemit:    5.641243   17.579824    1.000000    0.765754    0.918078
Iteration: 399 bestvalit: 0.000582 bestmemit:    5.641243   17.579824    1.000000    0.765754    0.918078
Iteration: 400 bestvalit: 0.000582 bestmemit:    5.641243   17.579824    1.000000    0.765754    0.918078
Iteration: 401 bestvalit: 0.000582 bestmemit:    5.638210   17.581663    1.000000    0.765029    0.918379
Iteration: 402 bestvalit: 0.000582 bestmemit:    5.638210   17.581663    1.000000    0.765029    0.918379
Iteration: 403 bestvalit: 0.000582 bestmemit:    5.638210   17.581663    1.000000    0.765029    0.918379
Iteration: 404 bestvalit: 0.000582 bestmemit:    5.638210   17.581663    1.000000    0.765029    0.918379
Iteration: 405 bestvalit: 0.000582 bestmemit:    5.638210   17.581663    1.000000    0.765029    0.918379
Iteration: 406 bestvalit: 0.000582 bestmemit:    5.638210   17.581663    1.000000    0.765029    0.918379
Iteration: 407 bestvalit: 0.000582 bestmemit:    5.638210   17.581663    1.000000    0.765029    0.918379
Iteration: 408 bestvalit: 0.000582 bestmemit:    5.638210   17.581663    1.000000    0.765029    0.918379
Iteration: 409 bestvalit: 0.000582 bestmemit:    5.638210   17.581663    1.000000    0.765029    0.918379
Iteration: 410 bestvalit: 0.000582 bestmemit:    5.638210   17.581663    1.000000    0.765029    0.918379
Iteration: 411 bestvalit: 0.000582 bestmemit:    5.638210   17.581663    1.000000    0.765029    0.918379
Iteration: 412 bestvalit: 0.000582 bestmemit:    5.638210   17.581663    1.000000    0.765029    0.918379
Iteration: 413 bestvalit: 0.000582 bestmemit:    5.638210   17.581663    1.000000    0.765029    0.918379
Iteration: 414 bestvalit: 0.000582 bestmemit:    5.638210   17.581663    1.000000    0.765029    0.918379
Iteration: 415 bestvalit: 0.000582 bestmemit:    5.636319   17.581128    1.000000    0.764432    0.918167
Iteration: 416 bestvalit: 0.000582 bestmemit:    5.636319   17.581128    1.000000    0.764432    0.918167
Iteration: 417 bestvalit: 0.000582 bestmemit:    5.639010   17.580443    1.000000    0.765276    0.917917
Iteration: 418 bestvalit: 0.000582 bestmemit:    5.639010   17.580443    1.000000    0.765276    0.917917
Iteration: 419 bestvalit: 0.000582 bestmemit:    5.639010   17.580443    1.000000    0.765276    0.917917
Iteration: 420 bestvalit: 0.000582 bestmemit:    5.636833   17.581974    1.000000    0.765158    0.918093
Iteration: 421 bestvalit: 0.000582 bestmemit:    5.636833   17.581974    1.000000    0.765158    0.918093
Iteration: 422 bestvalit: 0.000582 bestmemit:    5.636833   17.581974    1.000000    0.765158    0.918093
Iteration: 423 bestvalit: 0.000582 bestmemit:    5.637845   17.580963    1.000000    0.765340    0.917855
Iteration: 424 bestvalit: 0.000582 bestmemit:    5.637845   17.580963    1.000000    0.765340    0.917855
Iteration: 425 bestvalit: 0.000582 bestmemit:    5.637845   17.580963    1.000000    0.765340    0.917855
Iteration: 426 bestvalit: 0.000582 bestmemit:    5.637845   17.580963    1.000000    0.765340    0.917855
Iteration: 427 bestvalit: 0.000582 bestmemit:    5.637845   17.580963    1.000000    0.765340    0.917855
Iteration: 428 bestvalit: 0.000582 bestmemit:    5.637845   17.580963    1.000000    0.765340    0.917855
Iteration: 429 bestvalit: 0.000582 bestmemit:    5.637845   17.580963    1.000000    0.765340    0.917855
Iteration: 430 bestvalit: 0.000582 bestmemit:    5.637845   17.580963    1.000000    0.765340    0.917855
Iteration: 431 bestvalit: 0.000582 bestmemit:    5.637845   17.580963    1.000000    0.765340    0.917855
Iteration: 432 bestvalit: 0.000582 bestmemit:    5.637845   17.580963    1.000000    0.765340    0.917855
Iteration: 433 bestvalit: 0.000582 bestmemit:    5.637845   17.580963    1.000000    0.765340    0.917855
Iteration: 434 bestvalit: 0.000582 bestmemit:    5.637845   17.580963    1.000000    0.765340    0.917855
Iteration: 435 bestvalit: 0.000582 bestmemit:    5.637845   17.580963    1.000000    0.765340    0.917855
Iteration: 436 bestvalit: 0.000582 bestmemit:    5.637845   17.580963    1.000000    0.765340    0.917855
Iteration: 437 bestvalit: 0.000582 bestmemit:    5.637845   17.580963    1.000000    0.765340    0.917855
Iteration: 438 bestvalit: 0.000582 bestmemit:    5.637845   17.580963    1.000000    0.765340    0.917855
Iteration: 439 bestvalit: 0.000582 bestmemit:    5.637845   17.580963    1.000000    0.765340    0.917855
Iteration: 440 bestvalit: 0.000582 bestmemit:    5.637845   17.580963    1.000000    0.765340    0.917855
Iteration: 441 bestvalit: 0.000582 bestmemit:    5.637845   17.580963    1.000000    0.765340    0.917855
Iteration: 442 bestvalit: 0.000582 bestmemit:    5.637845   17.580963    1.000000    0.765340    0.917855
Iteration: 443 bestvalit: 0.000582 bestmemit:    5.637845   17.580963    1.000000    0.765340    0.917855
Iteration: 444 bestvalit: 0.000582 bestmemit:    5.637845   17.580963    1.000000    0.765340    0.917855
Iteration: 445 bestvalit: 0.000582 bestmemit:    5.637845   17.580963    1.000000    0.765340    0.917855
Iteration: 446 bestvalit: 0.000582 bestmemit:    5.638816   17.580452    1.000000    0.765410    0.917947
Iteration: 447 bestvalit: 0.000582 bestmemit:    5.638816   17.580452    1.000000    0.765410    0.917947
Iteration: 448 bestvalit: 0.000582 bestmemit:    5.638816   17.580452    1.000000    0.765410    0.917947
Iteration: 449 bestvalit: 0.000582 bestmemit:    5.638816   17.580452    1.000000    0.765410    0.917947
Iteration: 450 bestvalit: 0.000582 bestmemit:    5.638816   17.580452    1.000000    0.765410    0.917947
Iteration: 451 bestvalit: 0.000582 bestmemit:    5.639144   17.579677    1.000000    0.765789    0.917702
Iteration: 452 bestvalit: 0.000582 bestmemit:    5.639144   17.579677    1.000000    0.765789    0.917702
Iteration: 453 bestvalit: 0.000582 bestmemit:    5.639144   17.579677    1.000000    0.765789    0.917702
Iteration: 454 bestvalit: 0.000582 bestmemit:    5.639144   17.579677    1.000000    0.765789    0.917702
Iteration: 455 bestvalit: 0.000582 bestmemit:    5.639144   17.579977    1.000000    0.765789    0.917702
Iteration: 456 bestvalit: 0.000582 bestmemit:    5.639144   17.579977    1.000000    0.765789    0.917702
Iteration: 457 bestvalit: 0.000582 bestmemit:    5.639244   17.579655    1.000000    0.765794    0.917661
Iteration: 458 bestvalit: 0.000582 bestmemit:    5.639244   17.579655    1.000000    0.765794    0.917661
Iteration: 459 bestvalit: 0.000582 bestmemit:    5.639244   17.579655    1.000000    0.765794    0.917661
Iteration: 460 bestvalit: 0.000582 bestmemit:    5.639173   17.579944    1.000000    0.765690    0.917766
Iteration: 461 bestvalit: 0.000582 bestmemit:    5.639173   17.579944    1.000000    0.765690    0.917766
Iteration: 462 bestvalit: 0.000582 bestmemit:    5.638662   17.580198    1.000000    0.765477    0.917814
Iteration: 463 bestvalit: 0.000582 bestmemit:    5.638662   17.580198    1.000000    0.765477    0.917814
Iteration: 464 bestvalit: 0.000582 bestmemit:    5.638662   17.580198    1.000000    0.765477    0.917814
Iteration: 465 bestvalit: 0.000582 bestmemit:    5.638662   17.580198    1.000000    0.765477    0.917814
Iteration: 466 bestvalit: 0.000582 bestmemit:    5.638662   17.580198    1.000000    0.765477    0.917814
Iteration: 467 bestvalit: 0.000582 bestmemit:    5.638662   17.580198    1.000000    0.765477    0.917814
Iteration: 468 bestvalit: 0.000582 bestmemit:    5.638662   17.580198    1.000000    0.765477    0.917814
Iteration: 469 bestvalit: 0.000582 bestmemit:    5.638662   17.580198    1.000000    0.765477    0.917814
Iteration: 470 bestvalit: 0.000582 bestmemit:    5.638662   17.580198    1.000000    0.765477    0.917814
Iteration: 471 bestvalit: 0.000582 bestmemit:    5.638662   17.580198    1.000000    0.765477    0.917814
Iteration: 472 bestvalit: 0.000582 bestmemit:    5.638662   17.580198    1.000000    0.765477    0.917814
Iteration: 473 bestvalit: 0.000582 bestmemit:    5.638662   17.580198    1.000000    0.765477    0.917814
Iteration: 474 bestvalit: 0.000582 bestmemit:    5.638662   17.580198    1.000000    0.765477    0.917814
Iteration: 475 bestvalit: 0.000582 bestmemit:    5.638662   17.580198    1.000000    0.765477    0.917814
Iteration: 476 bestvalit: 0.000582 bestmemit:    5.638662   17.580198    1.000000    0.765477    0.917814
Iteration: 477 bestvalit: 0.000582 bestmemit:    5.638662   17.580198    1.000000    0.765477    0.917814
Iteration: 478 bestvalit: 0.000582 bestmemit:    5.638662   17.580185    1.000000    0.765477    0.917814
Iteration: 479 bestvalit: 0.000582 bestmemit:    5.638662   17.580185    1.000000    0.765477    0.917814
Iteration: 480 bestvalit: 0.000582 bestmemit:    5.638662   17.580185    1.000000    0.765477    0.917814
Iteration: 481 bestvalit: 0.000582 bestmemit:    5.638662   17.580185    1.000000    0.765477    0.917814
Iteration: 482 bestvalit: 0.000582 bestmemit:    5.638662   17.580185    1.000000    0.765477    0.917814
Iteration: 483 bestvalit: 0.000582 bestmemit:    5.638662   17.580185    1.000000    0.765477    0.917814
Iteration: 484 bestvalit: 0.000582 bestmemit:    5.638662   17.580185    1.000000    0.765477    0.917814
Iteration: 485 bestvalit: 0.000582 bestmemit:    5.638662   17.580185    1.000000    0.765477    0.917814
Iteration: 486 bestvalit: 0.000582 bestmemit:    5.638662   17.580185    1.000000    0.765477    0.917814
Iteration: 487 bestvalit: 0.000582 bestmemit:    5.638662   17.580185    1.000000    0.765477    0.917814
Iteration: 488 bestvalit: 0.000582 bestmemit:    5.638662   17.580185    1.000000    0.765483    0.917814
Iteration: 489 bestvalit: 0.000582 bestmemit:    5.638662   17.580185    1.000000    0.765483    0.917814
Iteration: 490 bestvalit: 0.000582 bestmemit:    5.638662   17.580185    1.000000    0.765483    0.917814
Iteration: 491 bestvalit: 0.000582 bestmemit:    5.638662   17.580185    1.000000    0.765483    0.917814
Iteration: 492 bestvalit: 0.000582 bestmemit:    5.638662   17.580185    1.000000    0.765483    0.917814
Iteration: 493 bestvalit: 0.000582 bestmemit:    5.638662   17.580185    1.000000    0.765483    0.917814
Iteration: 494 bestvalit: 0.000582 bestmemit:    5.638662   17.580185    1.000000    0.765483    0.917814

***** summary of DEoptim object ***** 
best member   :  5.63866 17.58018 1 0.76548 0.91781 
best value    :  0.00058 
after         :  494 generations 
fn evaluated  :  990 times 
*************************************
