SLURM_JOB_ID: 55403048
SLURM_JOB_USER: vsc34066
SLURM_JOB_ACCOUNT: lp_desenderlab
SLURM_JOB_NAME: par_recov_alternating_fb_sim_alpha_learn.slurm
SLURM_CLUSTER_NAME: genius
SLURM_JOB_PARTITION: batch
SLURM_ARRAY_JOB_ID: 55402977
SLURM_ARRAY_TASK_ID: 71
SLURM_NNODES: 1
SLURM_NODELIST: r23i27n10
SLURM_JOB_CPUS_PER_NODE: 8
Date: Sun Dec  3 23:44:05 CET 2023
Walltime: 01-06:00:00
========================================================================
Iteration: 1 bestvalit: 0.053435 bestmemit:   17.966213  -97.256664    1.000000  364.770661 1080.447615
Iteration: 2 bestvalit: 0.046309 bestmemit:   25.487812   -5.620215    1.000000  216.586334  584.692581
Iteration: 3 bestvalit: 0.046309 bestmemit:   25.487812   -5.620215    1.000000  216.586334  584.692581
Iteration: 4 bestvalit: 0.046309 bestmemit:   25.487812   -5.620215    1.000000  216.586334  584.692581
Iteration: 5 bestvalit: 0.046309 bestmemit:   25.487812   -5.620215    1.000000  216.586334  584.692581
Iteration: 6 bestvalit: 0.045628 bestmemit:   38.569701   32.363674    1.000000  216.586334  584.692581
Iteration: 7 bestvalit: 0.040983 bestmemit:   47.583064   98.380347    1.000000   72.530966 1116.078752
Iteration: 8 bestvalit: 0.040983 bestmemit:   47.583064   98.380347    1.000000   72.530966 1116.078752
Iteration: 9 bestvalit: 0.040983 bestmemit:   47.583064   98.380347    1.000000   72.530966 1116.078752
Iteration: 10 bestvalit: 0.038998 bestmemit:   20.096449  -27.622935    1.000000  150.758065  986.162238
Iteration: 11 bestvalit: 0.035579 bestmemit:    9.919356  -48.613802    1.000000  172.999923  354.123708
Iteration: 12 bestvalit: 0.035579 bestmemit:    9.919356  -48.613802    1.000000  172.999923  354.123708
Iteration: 13 bestvalit: 0.035579 bestmemit:    9.919356  -48.613802    1.000000  172.999923  354.123708
Iteration: 14 bestvalit: 0.035579 bestmemit:    9.919356  -48.613802    1.000000  172.999923  354.123708
Iteration: 15 bestvalit: 0.035538 bestmemit:    9.919356  -46.374542    1.000000  172.999923  354.123708
Iteration: 16 bestvalit: 0.035538 bestmemit:    9.919356  -46.374542    1.000000  172.999923  354.123708
Iteration: 17 bestvalit: 0.035388 bestmemit:    9.919356  -40.014476    1.000000  172.999923  354.123708
Iteration: 18 bestvalit: 0.024727 bestmemit:   25.445986   98.380347    1.000000   14.157867  990.861424
Iteration: 19 bestvalit: 0.024727 bestmemit:   25.445986   98.380347    1.000000   14.157867  990.861424
Iteration: 20 bestvalit: 0.024727 bestmemit:   25.445986   98.380347    1.000000   14.157867  990.861424
Iteration: 21 bestvalit: 0.024727 bestmemit:   25.445986   98.380347    1.000000   14.157867  990.861424
Iteration: 22 bestvalit: 0.024727 bestmemit:   25.445986   98.380347    1.000000   14.157867  990.861424
Iteration: 23 bestvalit: 0.024727 bestmemit:   25.445986   98.380347    1.000000   14.157867  990.861424
Iteration: 24 bestvalit: 0.017765 bestmemit:   14.476984  -67.333415    1.000000   15.527267  593.838081
Iteration: 25 bestvalit: 0.012575 bestmemit:   40.411064   41.597650    1.000000   21.464016   38.633207
Iteration: 26 bestvalit: 0.012575 bestmemit:   40.411064   41.597650    1.000000   21.464016   38.633207
Iteration: 27 bestvalit: 0.012575 bestmemit:   40.411064   41.597650    1.000000   21.464016   38.633207
Iteration: 28 bestvalit: 0.012575 bestmemit:   40.411064   41.597650    1.000000   21.464016   38.633207
Iteration: 29 bestvalit: 0.012575 bestmemit:   40.411064   41.597650    1.000000   21.464016   38.633207
Iteration: 30 bestvalit: 0.012196 bestmemit:   39.011669   21.283359    1.000000   21.464016   38.633207
Iteration: 31 bestvalit: 0.012196 bestmemit:   39.011669   21.283359    1.000000   21.464016   38.633207
Iteration: 32 bestvalit: 0.012196 bestmemit:   39.011669   21.283359    1.000000   21.464016   38.633207
Iteration: 33 bestvalit: 0.012196 bestmemit:   39.011669   21.283359    1.000000   21.464016   38.633207
Iteration: 34 bestvalit: 0.012196 bestmemit:   39.011669   21.283359    1.000000   21.464016   38.633207
Iteration: 35 bestvalit: 0.012196 bestmemit:   39.011669   21.283359    1.000000   21.464016   38.633207
Iteration: 36 bestvalit: 0.012196 bestmemit:   39.011669   21.283359    1.000000   21.464016   38.633207
Iteration: 37 bestvalit: 0.012196 bestmemit:   39.011669   21.283359    1.000000   21.464016   38.633207
Iteration: 38 bestvalit: 0.012196 bestmemit:   39.011669   21.283359    1.000000   21.464016   38.633207
Iteration: 39 bestvalit: 0.012196 bestmemit:   39.011669   21.283359    1.000000   21.464016   38.633207
Iteration: 40 bestvalit: 0.012196 bestmemit:   39.011669   21.283359    1.000000   21.464016   38.633207
Iteration: 41 bestvalit: 0.010094 bestmemit:    7.920420   -1.679446    1.000000    7.096802   83.614579
Iteration: 42 bestvalit: 0.010094 bestmemit:    7.920420   -1.679446    1.000000    7.096802   83.614579
Iteration: 43 bestvalit: 0.010094 bestmemit:    7.920420   -1.679446    1.000000    7.096802   83.614579
Iteration: 44 bestvalit: 0.010094 bestmemit:    7.920420   -1.679446    1.000000    7.096802   83.614579
Iteration: 45 bestvalit: 0.010094 bestmemit:    7.920420   -1.679446    1.000000    7.096802   83.614579
Iteration: 46 bestvalit: 0.010094 bestmemit:    7.920420   -1.679446    1.000000    7.096802   83.614579
Iteration: 47 bestvalit: 0.010094 bestmemit:    7.920420   -1.679446    1.000000    7.096802   83.614579
Iteration: 48 bestvalit: 0.009572 bestmemit:   19.959801   -2.226821    1.000000   21.464016    8.350539
Iteration: 49 bestvalit: 0.007797 bestmemit:   19.959801   -2.226821    1.000000   14.541513    8.350539
Iteration: 50 bestvalit: 0.007797 bestmemit:   19.959801   -2.226821    1.000000   14.541513    8.350539
Iteration: 51 bestvalit: 0.007797 bestmemit:   19.959801   -2.226821    1.000000   14.541513    8.350539
Iteration: 52 bestvalit: 0.007797 bestmemit:   19.959801   -2.226821    1.000000   14.541513    8.350539
Iteration: 53 bestvalit: 0.007797 bestmemit:   19.959801   -2.226821    1.000000   14.541513    8.350539
Iteration: 54 bestvalit: 0.007797 bestmemit:   19.959801   -2.226821    1.000000   14.541513    8.350539
Iteration: 55 bestvalit: 0.007797 bestmemit:   19.959801   -2.226821    1.000000   14.541513    8.350539
Iteration: 56 bestvalit: 0.007797 bestmemit:   19.959801   -2.226821    1.000000   14.541513    8.350539
Iteration: 57 bestvalit: 0.007797 bestmemit:   19.959801   -2.226821    1.000000   14.541513    8.350539
Iteration: 58 bestvalit: 0.007325 bestmemit:   24.489212  -16.239955    1.000000   12.225480    6.880000
Iteration: 59 bestvalit: 0.004585 bestmemit:   25.632731  -19.596829    1.000000   11.182703    3.646151
Iteration: 60 bestvalit: 0.004585 bestmemit:   25.632731  -19.596829    1.000000   11.182703    3.646151
Iteration: 61 bestvalit: 0.004585 bestmemit:   25.632731  -19.596829    1.000000   11.182703    3.646151
Iteration: 62 bestvalit: 0.004585 bestmemit:   25.632731  -19.596829    1.000000   11.182703    3.646151
Iteration: 63 bestvalit: 0.004323 bestmemit:   25.632731  -13.718486    1.000000   11.182703    3.646151
Iteration: 64 bestvalit: 0.004323 bestmemit:   25.632731  -13.718486    1.000000   11.182703    3.646151
Iteration: 65 bestvalit: 0.004323 bestmemit:   25.632731  -13.718486    1.000000   11.182703    3.646151
Iteration: 66 bestvalit: 0.003262 bestmemit:   25.806910    5.937575    1.000000   14.058467    0.075571
Iteration: 67 bestvalit: 0.003262 bestmemit:   25.806910    5.937575    1.000000   14.058467    0.075571
Iteration: 68 bestvalit: 0.003262 bestmemit:   25.806910    5.937575    1.000000   14.058467    0.075571
Iteration: 69 bestvalit: 0.003262 bestmemit:   25.806910    5.937575    1.000000   14.058467    0.075571
Iteration: 70 bestvalit: 0.003262 bestmemit:   25.806910    5.937575    1.000000   14.058467    0.075571
Iteration: 71 bestvalit: 0.002563 bestmemit:   19.366183    2.429075    1.000000   11.310840    0.784015
Iteration: 72 bestvalit: 0.002235 bestmemit:   19.290080    1.974915    1.000000   10.498666    0.673403
Iteration: 73 bestvalit: 0.002235 bestmemit:   19.290080    1.974915    1.000000   10.498666    0.673403
Iteration: 74 bestvalit: 0.002235 bestmemit:   19.290080    1.974915    1.000000   10.498666    0.673403
Iteration: 75 bestvalit: 0.002039 bestmemit:   19.366183    2.429075    1.000000    8.971210    0.784015
Iteration: 76 bestvalit: 0.002039 bestmemit:   19.366183    2.429075    1.000000    8.971210    0.784015
Iteration: 77 bestvalit: 0.002039 bestmemit:   19.366183    2.429075    1.000000    8.971210    0.784015
Iteration: 78 bestvalit: 0.001353 bestmemit:   10.117284    5.957838    1.000000    4.735576    0.698073
Iteration: 79 bestvalit: 0.001353 bestmemit:   10.117284    5.957838    1.000000    4.735576    0.698073
Iteration: 80 bestvalit: 0.001316 bestmemit:    9.014281    5.957838    1.000000    4.735576    0.698073
Iteration: 81 bestvalit: 0.000781 bestmemit:    6.914709    7.476637    1.000000    3.451845    0.202531
Iteration: 82 bestvalit: 0.000781 bestmemit:    6.914709    7.476637    1.000000    3.451845    0.202531
Iteration: 83 bestvalit: 0.000781 bestmemit:    6.914709    7.476637    1.000000    3.451845    0.202531
Iteration: 84 bestvalit: 0.000781 bestmemit:    6.914709    7.476637    1.000000    3.451845    0.202531
Iteration: 85 bestvalit: 0.000781 bestmemit:    6.914709    7.476637    1.000000    3.451845    0.202531
Iteration: 86 bestvalit: 0.000781 bestmemit:    6.914709    7.476637    1.000000    3.451845    0.202531
Iteration: 87 bestvalit: 0.000781 bestmemit:    6.914709    7.476637    1.000000    3.451845    0.202531
Iteration: 88 bestvalit: 0.000781 bestmemit:    6.914709    7.476637    1.000000    3.451845    0.202531
Iteration: 89 bestvalit: 0.000781 bestmemit:    6.914709    7.476637    1.000000    3.451845    0.202531
Iteration: 90 bestvalit: 0.000781 bestmemit:    6.914709    7.476637    1.000000    3.451845    0.202531
Iteration: 91 bestvalit: 0.000781 bestmemit:    6.914709    7.476637    1.000000    3.451845    0.202531
Iteration: 92 bestvalit: 0.000701 bestmemit:    6.753818    7.672547    1.000000    3.326622    0.011989
Iteration: 93 bestvalit: 0.000701 bestmemit:    6.753818    7.672547    1.000000    3.326622    0.011989
Iteration: 94 bestvalit: 0.000701 bestmemit:    6.753818    7.672547    1.000000    3.326622    0.011989
Iteration: 95 bestvalit: 0.000664 bestmemit:    6.694094    7.021220    1.000000    1.630298    0.062166
Iteration: 96 bestvalit: 0.000664 bestmemit:    6.694094    7.021220    1.000000    1.630298    0.062166
Iteration: 97 bestvalit: 0.000664 bestmemit:    6.694094    7.021220    1.000000    1.630298    0.062166
Iteration: 98 bestvalit: 0.000664 bestmemit:    6.694094    7.021220    1.000000    1.630298    0.062166
Iteration: 99 bestvalit: 0.000617 bestmemit:    4.987301    7.021220    1.000000    1.630298    0.062166
Iteration: 100 bestvalit: 0.000595 bestmemit:    4.662241    6.795336    1.000000    1.224055    0.121274
Iteration: 101 bestvalit: 0.000595 bestmemit:    4.662241    6.795336    1.000000    1.224055    0.121274
Iteration: 102 bestvalit: 0.000595 bestmemit:    4.662241    6.795336    1.000000    1.224055    0.121274
Iteration: 103 bestvalit: 0.000595 bestmemit:    4.662241    6.795336    1.000000    1.224055    0.121274
Iteration: 104 bestvalit: 0.000595 bestmemit:    4.662241    6.795336    1.000000    1.224055    0.121274
Iteration: 105 bestvalit: 0.000595 bestmemit:    4.662241    6.795336    1.000000    1.224055    0.121274
Iteration: 106 bestvalit: 0.000595 bestmemit:    4.662241    6.795336    1.000000    1.224055    0.121274
Iteration: 107 bestvalit: 0.000595 bestmemit:    4.662241    6.795336    1.000000    1.224055    0.121274
Iteration: 108 bestvalit: 0.000595 bestmemit:    4.662241    6.795336    1.000000    1.224055    0.121274
Iteration: 109 bestvalit: 0.000595 bestmemit:    4.662241    6.795336    1.000000    1.224055    0.121274
Iteration: 110 bestvalit: 0.000595 bestmemit:    4.662241    6.795336    1.000000    1.224055    0.121274
Iteration: 111 bestvalit: 0.000595 bestmemit:    4.662241    6.795336    1.000000    1.224055    0.121274
Iteration: 112 bestvalit: 0.000554 bestmemit:    2.983605    7.950572    1.000000    0.090644    0.044758
Iteration: 113 bestvalit: 0.000554 bestmemit:    2.983605    7.950572    1.000000    0.090644    0.044758
Iteration: 114 bestvalit: 0.000554 bestmemit:    2.983605    7.950572    1.000000    0.090644    0.044758
Iteration: 115 bestvalit: 0.000554 bestmemit:    2.983605    7.950572    1.000000    0.090644    0.044758
Iteration: 116 bestvalit: 0.000554 bestmemit:    2.983605    7.950572    1.000000    0.090644    0.044758
Iteration: 117 bestvalit: 0.000554 bestmemit:    2.983605    7.950572    1.000000    0.090644    0.044758
Iteration: 118 bestvalit: 0.000554 bestmemit:    2.983605    7.950572    1.000000    0.090644    0.044758
Iteration: 119 bestvalit: 0.000547 bestmemit:    2.983605    8.228151    1.000000    0.090644    0.044758
Iteration: 120 bestvalit: 0.000547 bestmemit:    2.983605    8.228151    1.000000    0.090644    0.044758
Iteration: 121 bestvalit: 0.000547 bestmemit:    2.983605    8.228151    1.000000    0.090644    0.044758
Iteration: 122 bestvalit: 0.000547 bestmemit:    2.983605    8.228151    1.000000    0.090644    0.044758
Iteration: 123 bestvalit: 0.000547 bestmemit:    2.983605    8.228151    1.000000    0.090644    0.044758
Iteration: 124 bestvalit: 0.000547 bestmemit:    2.983605    8.228151    1.000000    0.090644    0.044758
Iteration: 125 bestvalit: 0.000547 bestmemit:    2.983605    8.228151    1.000000    0.090644    0.044758
Iteration: 126 bestvalit: 0.000547 bestmemit:    2.983605    8.228151    1.000000    0.090644    0.044758
Iteration: 127 bestvalit: 0.000547 bestmemit:    2.983605    8.228151    1.000000    0.090644    0.044758
Iteration: 128 bestvalit: 0.000547 bestmemit:    2.983605    8.228151    1.000000    0.090644    0.044758
Iteration: 129 bestvalit: 0.000547 bestmemit:    2.983605    8.228151    1.000000    0.090644    0.044758
Iteration: 130 bestvalit: 0.000547 bestmemit:    2.983605    8.228151    1.000000    0.090644    0.044758
Iteration: 131 bestvalit: 0.000547 bestmemit:    2.983605    8.228151    1.000000    0.090644    0.044758
Iteration: 132 bestvalit: 0.000547 bestmemit:    2.983605    8.228151    1.000000    0.090644    0.044758
Iteration: 133 bestvalit: 0.000547 bestmemit:    2.983605    8.228151    1.000000    0.090644    0.044758
Iteration: 134 bestvalit: 0.000547 bestmemit:    2.983605    8.228151    1.000000    0.090644    0.044758
Iteration: 135 bestvalit: 0.000545 bestmemit:    3.677892    7.878961    1.000000    0.483517    0.052967
Iteration: 136 bestvalit: 0.000545 bestmemit:    3.677892    7.878961    1.000000    0.483517    0.052967
Iteration: 137 bestvalit: 0.000545 bestmemit:    3.677892    7.878961    1.000000    0.483517    0.052967
Iteration: 138 bestvalit: 0.000545 bestmemit:    3.677892    7.878961    1.000000    0.483517    0.052967
Iteration: 139 bestvalit: 0.000545 bestmemit:    3.677892    7.878961    1.000000    0.483517    0.052967
Iteration: 140 bestvalit: 0.000545 bestmemit:    3.677892    7.878961    1.000000    0.483517    0.052967
Iteration: 141 bestvalit: 0.000545 bestmemit:    3.677892    7.878961    1.000000    0.483517    0.052967
Iteration: 142 bestvalit: 0.000544 bestmemit:    2.983605    8.228151    1.000000    0.090644    0.021042
Iteration: 143 bestvalit: 0.000544 bestmemit:    2.983605    8.228151    1.000000    0.090644    0.021042
Iteration: 144 bestvalit: 0.000544 bestmemit:    2.983605    8.228151    1.000000    0.090644    0.021042
Iteration: 145 bestvalit: 0.000544 bestmemit:    2.983605    8.228151    1.000000    0.090644    0.021042
Iteration: 146 bestvalit: 0.000544 bestmemit:    2.983605    8.228151    1.000000    0.090644    0.021042
Iteration: 147 bestvalit: 0.000543 bestmemit:    4.225836    7.463854    1.000000    0.574524    0.020660
Iteration: 148 bestvalit: 0.000540 bestmemit:    3.993695    7.598341    1.000000    0.502998    0.017245
Iteration: 149 bestvalit: 0.000540 bestmemit:    3.993695    7.598341    1.000000    0.502998    0.017245
Iteration: 150 bestvalit: 0.000540 bestmemit:    3.993695    7.598341    1.000000    0.502998    0.017245
Iteration: 151 bestvalit: 0.000540 bestmemit:    3.993695    7.598341    1.000000    0.502998    0.017245
Iteration: 152 bestvalit: 0.000540 bestmemit:    3.993695    7.598341    1.000000    0.502998    0.017245
Iteration: 153 bestvalit: 0.000540 bestmemit:    3.993695    7.598341    1.000000    0.502998    0.017245
Iteration: 154 bestvalit: 0.000540 bestmemit:    3.993695    7.598341    1.000000    0.502998    0.017245
Iteration: 155 bestvalit: 0.000540 bestmemit:    3.993695    7.598341    1.000000    0.502998    0.017245
Iteration: 156 bestvalit: 0.000540 bestmemit:    3.993695    7.598341    1.000000    0.502998    0.017245
Iteration: 157 bestvalit: 0.000540 bestmemit:    3.993695    7.598341    1.000000    0.502998    0.017245
Iteration: 158 bestvalit: 0.000540 bestmemit:    3.993695    7.598341    1.000000    0.502998    0.017245
Iteration: 159 bestvalit: 0.000540 bestmemit:    3.358667    8.093213    1.000000    0.281768    0.022780
Iteration: 160 bestvalit: 0.000538 bestmemit:    3.579535    7.870427    1.000000    0.055113    0.000542
Iteration: 161 bestvalit: 0.000538 bestmemit:    3.579535    7.870427    1.000000    0.055113    0.000542
Iteration: 162 bestvalit: 0.000537 bestmemit:    3.627344    7.776166    1.000000    0.304339    0.027400
Iteration: 163 bestvalit: 0.000537 bestmemit:    3.627344    7.776166    1.000000    0.304339    0.027400
Iteration: 164 bestvalit: 0.000537 bestmemit:    3.627344    7.776166    1.000000    0.304339    0.027400
Iteration: 165 bestvalit: 0.000537 bestmemit:    3.627344    7.776166    1.000000    0.304339    0.027400
Iteration: 166 bestvalit: 0.000537 bestmemit:    3.627344    7.776166    1.000000    0.304339    0.027400
Iteration: 167 bestvalit: 0.000537 bestmemit:    3.627344    7.776166    1.000000    0.304339    0.027400
Iteration: 168 bestvalit: 0.000537 bestmemit:    3.627344    7.776166    1.000000    0.304339    0.027400
Iteration: 169 bestvalit: 0.000537 bestmemit:    3.627344    7.776166    1.000000    0.304339    0.027400
Iteration: 170 bestvalit: 0.000537 bestmemit:    3.627344    7.776166    1.000000    0.304339    0.027400
Iteration: 171 bestvalit: 0.000537 bestmemit:    3.627344    7.776166    1.000000    0.304339    0.027400
Iteration: 172 bestvalit: 0.000537 bestmemit:    3.627344    7.776166    1.000000    0.304339    0.027400
Iteration: 173 bestvalit: 0.000537 bestmemit:    3.627344    7.776166    1.000000    0.304339    0.027400
Iteration: 174 bestvalit: 0.000537 bestmemit:    3.579535    7.870427    1.000000    0.249375    0.020866
Iteration: 175 bestvalit: 0.000537 bestmemit:    3.579535    7.870427    1.000000    0.249375    0.020866
Iteration: 176 bestvalit: 0.000537 bestmemit:    3.579535    7.870427    1.000000    0.249375    0.020866
Iteration: 177 bestvalit: 0.000535 bestmemit:    3.456685    7.886180    1.000000    0.117932    0.006691
Iteration: 178 bestvalit: 0.000535 bestmemit:    3.456685    7.886180    1.000000    0.117932    0.006691
Iteration: 179 bestvalit: 0.000535 bestmemit:    3.456685    7.886180    1.000000    0.117932    0.006691
Iteration: 180 bestvalit: 0.000535 bestmemit:    3.456685    7.886180    1.000000    0.117932    0.006691
Iteration: 181 bestvalit: 0.000535 bestmemit:    3.456685    7.886180    1.000000    0.117932    0.006691
Iteration: 182 bestvalit: 0.000535 bestmemit:    3.456685    7.886180    1.000000    0.117932    0.006691
Iteration: 183 bestvalit: 0.000535 bestmemit:    3.456685    7.886180    1.000000    0.117932    0.006691
Iteration: 184 bestvalit: 0.000535 bestmemit:    3.456685    7.886180    1.000000    0.117932    0.006691
Iteration: 185 bestvalit: 0.000535 bestmemit:    3.456685    7.886180    1.000000    0.117932    0.006691
Iteration: 186 bestvalit: 0.000535 bestmemit:    3.456685    7.886180    1.000000    0.117932    0.006691
Iteration: 187 bestvalit: 0.000535 bestmemit:    3.456685    7.886180    1.000000    0.117932    0.006691
Iteration: 188 bestvalit: 0.000535 bestmemit:    3.456685    7.886180    1.000000    0.117932    0.006691
Iteration: 189 bestvalit: 0.000535 bestmemit:    3.456685    7.886180    1.000000    0.117932    0.006691
Iteration: 190 bestvalit: 0.000535 bestmemit:    3.456685    7.886180    1.000000    0.117932    0.006691
Iteration: 191 bestvalit: 0.000535 bestmemit:    3.456685    7.886180    1.000000    0.117932    0.000541
Iteration: 192 bestvalit: 0.000535 bestmemit:    3.456685    7.886180    1.000000    0.117932    0.000541
Iteration: 193 bestvalit: 0.000535 bestmemit:    3.456685    7.886180    1.000000    0.104055    0.000541
Iteration: 194 bestvalit: 0.000535 bestmemit:    3.456685    7.886180    1.000000    0.104055    0.000541
Iteration: 195 bestvalit: 0.000535 bestmemit:    3.456685    7.886180    1.000000    0.104055    0.000541
Iteration: 196 bestvalit: 0.000535 bestmemit:    3.456685    7.886180    1.000000    0.104055    0.000541
Iteration: 197 bestvalit: 0.000535 bestmemit:    3.456685    7.886180    1.000000    0.104055    0.000541
Iteration: 198 bestvalit: 0.000535 bestmemit:    3.456685    7.886180    1.000000    0.104055    0.000541
Iteration: 199 bestvalit: 0.000535 bestmemit:    3.456685    7.886180    1.000000    0.104055    0.000541
Iteration: 200 bestvalit: 0.000535 bestmemit:    3.456685    7.886180    1.000000    0.104055    0.000541
Iteration: 201 bestvalit: 0.000535 bestmemit:    3.456685    7.886180    1.000000    0.104055    0.000541
Iteration: 202 bestvalit: 0.000535 bestmemit:    3.456685    7.886180    1.000000    0.104055    0.000541
Iteration: 203 bestvalit: 0.000535 bestmemit:    3.456685    7.886180    1.000000    0.104055    0.000541
Iteration: 204 bestvalit: 0.000535 bestmemit:    3.456685    7.886180    1.000000    0.104055    0.000541
Iteration: 205 bestvalit: 0.000535 bestmemit:    3.456685    7.886180    1.000000    0.104055    0.000541
Iteration: 206 bestvalit: 0.000535 bestmemit:    3.456685    7.886180    1.000000    0.104055    0.000541
Iteration: 207 bestvalit: 0.000534 bestmemit:    3.458493    7.791557    1.000000    0.033497    0.003494
Iteration: 208 bestvalit: 0.000534 bestmemit:    3.458493    7.791557    1.000000    0.033497    0.003494
Iteration: 209 bestvalit: 0.000534 bestmemit:    3.458493    7.791557    1.000000    0.033497    0.003494
Iteration: 210 bestvalit: 0.000534 bestmemit:    3.458493    7.791557    1.000000    0.033497    0.003494
Iteration: 211 bestvalit: 0.000534 bestmemit:    3.458493    7.791557    1.000000    0.033497    0.003494
Iteration: 212 bestvalit: 0.000534 bestmemit:    3.458493    7.791557    1.000000    0.033497    0.001045
Iteration: 213 bestvalit: 0.000534 bestmemit:    3.460334    7.791557    1.000000    0.033497    0.001045
Iteration: 214 bestvalit: 0.000534 bestmemit:    3.460334    7.846787    1.000000    0.033497    0.001045
Iteration: 215 bestvalit: 0.000534 bestmemit:    3.460334    7.846787    1.000000    0.042595    0.001045
Iteration: 216 bestvalit: 0.000534 bestmemit:    3.460334    7.846787    1.000000    0.042595    0.001045
Iteration: 217 bestvalit: 0.000534 bestmemit:    3.479246    7.785459    1.000000    0.007405    0.001600
Iteration: 218 bestvalit: 0.000534 bestmemit:    3.479246    7.785459    1.000000    0.007405    0.001600
Iteration: 219 bestvalit: 0.000534 bestmemit:    3.479246    7.785459    1.000000    0.007405    0.001600
Iteration: 220 bestvalit: 0.000534 bestmemit:    3.479246    7.785459    1.000000    0.007405    0.001600
Iteration: 221 bestvalit: 0.000534 bestmemit:    3.479246    7.785459    1.000000    0.007405    0.001600
Iteration: 222 bestvalit: 0.000534 bestmemit:    3.479246    7.785459    1.000000    0.007405    0.001600
Iteration: 223 bestvalit: 0.000534 bestmemit:    3.479246    7.785459    1.000000    0.007405    0.001600
Iteration: 224 bestvalit: 0.000534 bestmemit:    3.479246    7.785459    1.000000    0.007405    0.001600
Iteration: 225 bestvalit: 0.000534 bestmemit:    3.479246    7.785459    1.000000    0.007405    0.001600
Iteration: 226 bestvalit: 0.000534 bestmemit:    3.479246    7.785459    1.000000    0.007405    0.001600
Iteration: 227 bestvalit: 0.000534 bestmemit:    3.479246    7.785459    1.000000    0.007405    0.001600
Iteration: 228 bestvalit: 0.000534 bestmemit:    3.479246    7.785459    1.000000    0.007405    0.001600
Iteration: 229 bestvalit: 0.000534 bestmemit:    3.471809    7.785459    1.000000    0.007405    0.001600
Iteration: 230 bestvalit: 0.000534 bestmemit:    3.471809    7.785459    1.000000    0.007405    0.001600
Iteration: 231 bestvalit: 0.000534 bestmemit:    3.471809    7.785459    1.000000    0.007405    0.001600
Iteration: 232 bestvalit: 0.000534 bestmemit:    3.471809    7.785459    1.000000    0.007405    0.001600
Iteration: 233 bestvalit: 0.000534 bestmemit:    3.471809    7.785459    1.000000    0.007405    0.001600
Iteration: 234 bestvalit: 0.000534 bestmemit:    3.471809    7.785459    1.000000    0.007405    0.001600
Iteration: 235 bestvalit: 0.000534 bestmemit:    3.471809    7.785459    1.000000    0.007405    0.000853
Iteration: 236 bestvalit: 0.000534 bestmemit:    3.471809    7.785459    1.000000    0.007405    0.000853
Iteration: 237 bestvalit: 0.000534 bestmemit:    3.471809    7.785459    1.000000    0.007405    0.000853
Iteration: 238 bestvalit: 0.000534 bestmemit:    3.471809    7.785459    1.000000    0.007405    0.000853
Iteration: 239 bestvalit: 0.000534 bestmemit:    3.471809    7.785459    1.000000    0.007405    0.000853
Iteration: 240 bestvalit: 0.000534 bestmemit:    3.471809    7.785459    1.000000    0.007405    0.000853
Iteration: 241 bestvalit: 0.000534 bestmemit:    3.471809    7.785459    1.000000    0.007405    0.000853
Iteration: 242 bestvalit: 0.000534 bestmemit:    3.454344    7.809595    1.000000    0.017977    0.000180
Iteration: 243 bestvalit: 0.000534 bestmemit:    3.454344    7.809595    1.000000    0.017977    0.000180
Iteration: 244 bestvalit: 0.000534 bestmemit:    3.454344    7.809595    1.000000    0.017977    0.000180
Iteration: 245 bestvalit: 0.000534 bestmemit:    3.454344    7.809595    1.000000    0.017977    0.000180
Iteration: 246 bestvalit: 0.000534 bestmemit:    3.454344    7.809595    1.000000    0.017977    0.000180
Iteration: 247 bestvalit: 0.000534 bestmemit:    3.454344    7.809595    1.000000    0.017977    0.000180
Iteration: 248 bestvalit: 0.000534 bestmemit:    3.454344    7.809595    1.000000    0.017977    0.000180
Iteration: 249 bestvalit: 0.000534 bestmemit:    3.454344    7.809595    1.000000    0.017977    0.000180
Iteration: 250 bestvalit: 0.000534 bestmemit:    3.454344    7.809595    1.000000    0.017977    0.000180
Iteration: 251 bestvalit: 0.000534 bestmemit:    3.454344    7.809595    1.000000    0.017977    0.000180
Iteration: 252 bestvalit: 0.000534 bestmemit:    3.454344    7.809595    1.000000    0.017977    0.000180
Iteration: 253 bestvalit: 0.000534 bestmemit:    3.454344    7.809595    1.000000    0.017977    0.000180
Iteration: 254 bestvalit: 0.000534 bestmemit:    3.454344    7.809595    1.000000    0.017977    0.000180
Iteration: 255 bestvalit: 0.000534 bestmemit:    3.454344    7.809595    1.000000    0.017977    0.000180
Iteration: 256 bestvalit: 0.000534 bestmemit:    3.458908    7.809595    1.000000    0.017977    0.000180
Iteration: 257 bestvalit: 0.000534 bestmemit:    3.458908    7.809595    1.000000    0.017977    0.000180
Iteration: 258 bestvalit: 0.000534 bestmemit:    3.465935    7.788057    1.000000    0.006309    0.000092
Iteration: 259 bestvalit: 0.000534 bestmemit:    3.465935    7.788057    1.000000    0.006309    0.000092
Iteration: 260 bestvalit: 0.000534 bestmemit:    3.465935    7.788057    1.000000    0.006309    0.000092
Iteration: 261 bestvalit: 0.000534 bestmemit:    3.465935    7.788057    1.000000    0.006309    0.000092
Iteration: 262 bestvalit: 0.000534 bestmemit:    3.465935    7.788057    1.000000    0.006309    0.000092
Iteration: 263 bestvalit: 0.000534 bestmemit:    3.465935    7.788057    1.000000    0.006309    0.000092
Iteration: 264 bestvalit: 0.000534 bestmemit:    3.465935    7.788057    1.000000    0.006309    0.000092
Iteration: 265 bestvalit: 0.000534 bestmemit:    3.465935    7.788057    1.000000    0.006309    0.000092
Iteration: 266 bestvalit: 0.000534 bestmemit:    3.465935    7.788057    1.000000    0.003612    0.000092
Iteration: 267 bestvalit: 0.000534 bestmemit:    3.465935    7.788057    1.000000    0.003612    0.000092
Iteration: 268 bestvalit: 0.000534 bestmemit:    3.465935    7.788057    1.000000    0.003612    0.000092
Iteration: 269 bestvalit: 0.000534 bestmemit:    3.465935    7.788057    1.000000    0.003612    0.000092
Iteration: 270 bestvalit: 0.000534 bestmemit:    3.465935    7.788057    1.000000    0.003612    0.000092
Iteration: 271 bestvalit: 0.000534 bestmemit:    3.455605    7.798333    1.000000    0.002602    0.000126
Iteration: 272 bestvalit: 0.000534 bestmemit:    3.461660    7.800448    1.000000    0.011801    0.000005
Iteration: 273 bestvalit: 0.000534 bestmemit:    3.461660    7.800448    1.000000    0.011801    0.000005
Iteration: 274 bestvalit: 0.000534 bestmemit:    3.455605    7.798333    1.000000    0.002602    0.000054
Iteration: 275 bestvalit: 0.000534 bestmemit:    3.455605    7.798333    1.000000    0.002602    0.000054
Iteration: 276 bestvalit: 0.000534 bestmemit:    3.455605    7.798333    1.000000    0.002602    0.000054
Iteration: 277 bestvalit: 0.000534 bestmemit:    3.455605    7.798333    1.000000    0.002602    0.000054
Iteration: 278 bestvalit: 0.000534 bestmemit:    3.452892    7.801671    1.000000    0.002602    0.000054
Iteration: 279 bestvalit: 0.000534 bestmemit:    3.460290    7.800448    1.000000    0.005253    0.000005
Iteration: 280 bestvalit: 0.000534 bestmemit:    3.460290    7.800448    1.000000    0.005253    0.000005
Iteration: 281 bestvalit: 0.000534 bestmemit:    3.460290    7.800448    1.000000    0.005253    0.000005
Iteration: 282 bestvalit: 0.000534 bestmemit:    3.460290    7.800448    1.000000    0.005253    0.000005
Iteration: 283 bestvalit: 0.000534 bestmemit:    3.460290    7.800448    1.000000    0.005253    0.000005
Iteration: 284 bestvalit: 0.000534 bestmemit:    3.460290    7.800448    1.000000    0.005253    0.000005
Iteration: 285 bestvalit: 0.000534 bestmemit:    3.460290    7.800448    1.000000    0.005253    0.000005
Iteration: 286 bestvalit: 0.000534 bestmemit:    3.460290    7.800448    1.000000    0.005253    0.000005
Iteration: 287 bestvalit: 0.000534 bestmemit:    3.460290    7.800448    1.000000    0.005253    0.000005
Iteration: 288 bestvalit: 0.000534 bestmemit:    3.460290    7.800448    1.000000    0.005253    0.000005
Iteration: 289 bestvalit: 0.000534 bestmemit:    3.460290    7.800448    1.000000    0.005253    0.000005
Iteration: 290 bestvalit: 0.000534 bestmemit:    3.460290    7.800448    1.000000    0.005253    0.000005
Iteration: 291 bestvalit: 0.000534 bestmemit:    3.460290    7.800448    1.000000    0.005253    0.000005
Iteration: 292 bestvalit: 0.000534 bestmemit:    3.460290    7.800448    1.000000    0.005253    0.000005
Iteration: 293 bestvalit: 0.000534 bestmemit:    3.460290    7.800448    1.000000    0.005253    0.000005
Iteration: 294 bestvalit: 0.000534 bestmemit:    3.460290    7.800448    1.000000    0.005253    0.000005
Iteration: 295 bestvalit: 0.000534 bestmemit:    3.460290    7.800448    1.000000    0.005253    0.000005
Iteration: 296 bestvalit: 0.000534 bestmemit:    3.460290    7.800448    1.000000    0.005253    0.000005
Iteration: 297 bestvalit: 0.000534 bestmemit:    3.460290    7.800448    1.000000    0.005253    0.000005
Iteration: 298 bestvalit: 0.000534 bestmemit:    3.460290    7.800448    1.000000    0.005253    0.000005
Iteration: 299 bestvalit: 0.000534 bestmemit:    3.460290    7.800448    1.000000    0.005253    0.000005
Iteration: 300 bestvalit: 0.000534 bestmemit:    3.460290    7.800448    1.000000    0.005253    0.000005
Iteration: 301 bestvalit: 0.000534 bestmemit:    3.460290    7.798404    1.000000    0.005253    0.000005
Iteration: 302 bestvalit: 0.000534 bestmemit:    3.460290    7.798404    1.000000    0.005253    0.000005
Iteration: 303 bestvalit: 0.000534 bestmemit:    3.460290    7.798404    1.000000    0.005253    0.000005
Iteration: 304 bestvalit: 0.000534 bestmemit:    3.460290    7.798404    1.000000    0.005253    0.000005
Iteration: 305 bestvalit: 0.000534 bestmemit:    3.460290    7.798404    1.000000    0.005253    0.000005
Iteration: 306 bestvalit: 0.000534 bestmemit:    3.460290    7.798404    1.000000    0.005253    0.000005
Iteration: 307 bestvalit: 0.000534 bestmemit:    3.460290    7.798404    1.000000    0.005253    0.000005
Iteration: 308 bestvalit: 0.000534 bestmemit:    3.460290    7.798404    1.000000    0.005253    0.000005
Iteration: 309 bestvalit: 0.000534 bestmemit:    3.460290    7.798404    1.000000    0.005253    0.000005
Iteration: 310 bestvalit: 0.000534 bestmemit:    3.460290    7.798404    1.000000    0.005253    0.000005
Iteration: 311 bestvalit: 0.000534 bestmemit:    3.460290    7.798404    1.000000    0.005253    0.000003
Iteration: 312 bestvalit: 0.000534 bestmemit:    3.455736    7.803749    1.000000    0.005521    0.000008
Iteration: 313 bestvalit: 0.000534 bestmemit:    3.455736    7.803749    1.000000    0.005521    0.000008
Iteration: 314 bestvalit: 0.000534 bestmemit:    3.454126    7.801439    1.000000    0.001194    0.000001
Iteration: 315 bestvalit: 0.000534 bestmemit:    3.454126    7.801439    1.000000    0.001194    0.000001
Iteration: 316 bestvalit: 0.000534 bestmemit:    3.454126    7.801439    1.000000    0.001194    0.000001
Iteration: 317 bestvalit: 0.000534 bestmemit:    3.454126    7.801439    1.000000    0.001194    0.000001
Iteration: 318 bestvalit: 0.000534 bestmemit:    3.454126    7.801439    1.000000    0.001194    0.000001
Iteration: 319 bestvalit: 0.000534 bestmemit:    3.454126    7.801439    1.000000    0.001194    0.000001
Iteration: 320 bestvalit: 0.000534 bestmemit:    3.454126    7.801439    1.000000    0.001194    0.000001
Iteration: 321 bestvalit: 0.000534 bestmemit:    3.454126    7.801439    1.000000    0.001194    0.000001
Iteration: 322 bestvalit: 0.000534 bestmemit:    3.454126    7.801439    1.000000    0.001194    0.000001
Iteration: 323 bestvalit: 0.000534 bestmemit:    3.454126    7.801439    1.000000    0.001194    0.000001
Iteration: 324 bestvalit: 0.000534 bestmemit:    3.454126    7.801439    1.000000    0.001194    0.000001
Iteration: 325 bestvalit: 0.000534 bestmemit:    3.454126    7.801439    1.000000    0.001194    0.000000
Iteration: 326 bestvalit: 0.000534 bestmemit:    3.454126    7.801439    1.000000    0.001194    0.000000
Iteration: 327 bestvalit: 0.000534 bestmemit:    3.454126    7.801439    1.000000    0.001194    0.000000
Iteration: 328 bestvalit: 0.000534 bestmemit:    3.454126    7.801439    1.000000    0.001194    0.000000
Iteration: 329 bestvalit: 0.000534 bestmemit:    3.450244    7.804463    1.000000    0.000095    0.000005
Iteration: 330 bestvalit: 0.000534 bestmemit:    3.450244    7.804463    1.000000    0.000095    0.000005
Iteration: 331 bestvalit: 0.000534 bestmemit:    3.450244    7.804463    1.000000    0.000095    0.000005
Iteration: 332 bestvalit: 0.000534 bestmemit:    3.450244    7.804463    1.000000    0.000095    0.000005
Iteration: 333 bestvalit: 0.000534 bestmemit:    3.450244    7.804463    1.000000    0.000095    0.000005
Iteration: 334 bestvalit: 0.000534 bestmemit:    3.450244    7.804463    1.000000    0.000095    0.000005
Iteration: 335 bestvalit: 0.000534 bestmemit:    3.450244    7.804463    1.000000    0.000095    0.000003
Iteration: 336 bestvalit: 0.000534 bestmemit:    3.450676    7.803998    1.000000    0.000738    0.000000
Iteration: 337 bestvalit: 0.000534 bestmemit:    3.450676    7.803998    1.000000    0.000738    0.000000
Iteration: 338 bestvalit: 0.000534 bestmemit:    3.450676    7.803998    1.000000    0.000738    0.000000
Iteration: 339 bestvalit: 0.000534 bestmemit:    3.450676    7.803998    1.000000    0.000738    0.000000
Iteration: 340 bestvalit: 0.000534 bestmemit:    3.450676    7.803998    1.000000    0.000738    0.000000
Iteration: 341 bestvalit: 0.000534 bestmemit:    3.450676    7.803998    1.000000    0.000738    0.000000
Iteration: 342 bestvalit: 0.000534 bestmemit:    3.450676    7.803998    1.000000    0.000738    0.000000
Iteration: 343 bestvalit: 0.000534 bestmemit:    3.450676    7.803998    1.000000    0.000738    0.000000
Iteration: 344 bestvalit: 0.000534 bestmemit:    3.450676    7.803998    1.000000    0.000738    0.000000
Iteration: 345 bestvalit: 0.000534 bestmemit:    3.451961    7.802621    1.000000    0.000191    0.000001
Iteration: 346 bestvalit: 0.000534 bestmemit:    3.451961    7.802621    1.000000    0.000191    0.000001
Iteration: 347 bestvalit: 0.000534 bestmemit:    3.451961    7.802621    1.000000    0.000191    0.000001
Iteration: 348 bestvalit: 0.000534 bestmemit:    3.451961    7.802621    1.000000    0.000191    0.000001
Iteration: 349 bestvalit: 0.000534 bestmemit:    3.451961    7.802621    1.000000    0.000191    0.000001
Iteration: 350 bestvalit: 0.000534 bestmemit:    3.451961    7.802621    1.000000    0.000191    0.000001
Iteration: 351 bestvalit: 0.000534 bestmemit:    3.451961    7.802621    1.000000    0.000191    0.000001
Iteration: 352 bestvalit: 0.000534 bestmemit:    3.451961    7.802621    1.000000    0.000191    0.000001
Iteration: 353 bestvalit: 0.000534 bestmemit:    3.451961    7.802621    1.000000    0.000191    0.000001
Iteration: 354 bestvalit: 0.000534 bestmemit:    3.451961    7.802621    1.000000    0.000191    0.000001
Iteration: 355 bestvalit: 0.000534 bestmemit:    3.451961    7.802621    1.000000    0.000067    0.000001
Iteration: 356 bestvalit: 0.000534 bestmemit:    3.451961    7.802621    1.000000    0.000067    0.000001
Iteration: 357 bestvalit: 0.000534 bestmemit:    3.451043    7.802964    1.000000    0.000199    0.000001
Iteration: 358 bestvalit: 0.000534 bestmemit:    3.451043    7.802964    1.000000    0.000199    0.000001
Iteration: 359 bestvalit: 0.000534 bestmemit:    3.451043    7.802964    1.000000    0.000199    0.000001
Iteration: 360 bestvalit: 0.000534 bestmemit:    3.451043    7.802964    1.000000    0.000199    0.000001
Iteration: 361 bestvalit: 0.000534 bestmemit:    3.451043    7.802964    1.000000    0.000199    0.000001
Iteration: 362 bestvalit: 0.000534 bestmemit:    3.451961    7.802621    1.000000    0.000210    0.000000
Iteration: 363 bestvalit: 0.000534 bestmemit:    3.451961    7.802621    1.000000    0.000210    0.000000
Iteration: 364 bestvalit: 0.000534 bestmemit:    3.451961    7.802621    1.000000    0.000210    0.000000
Iteration: 365 bestvalit: 0.000534 bestmemit:    3.451961    7.802621    1.000000    0.000210    0.000000
Iteration: 366 bestvalit: 0.000534 bestmemit:    3.451043    7.802964    1.000000    0.000199    0.000001
Iteration: 367 bestvalit: 0.000534 bestmemit:    3.451043    7.802964    1.000000    0.000199    0.000001
Iteration: 368 bestvalit: 0.000534 bestmemit:    3.451043    7.802964    1.000000    0.000199    0.000001
Iteration: 369 bestvalit: 0.000534 bestmemit:    3.451043    7.802964    1.000000    0.000199    0.000001
Iteration: 370 bestvalit: 0.000534 bestmemit:    3.451043    7.802964    1.000000    0.000199    0.000001
Iteration: 371 bestvalit: 0.000534 bestmemit:    3.451468    7.802720    1.000000    0.000199    0.000001
Iteration: 372 bestvalit: 0.000534 bestmemit:    3.451429    7.802808    1.000000    0.000129    0.000000
Iteration: 373 bestvalit: 0.000534 bestmemit:    3.451429    7.802808    1.000000    0.000129    0.000000
Iteration: 374 bestvalit: 0.000534 bestmemit:    3.451429    7.802808    1.000000    0.000129    0.000000
Iteration: 375 bestvalit: 0.000534 bestmemit:    3.451429    7.802808    1.000000    0.000129    0.000000
Iteration: 376 bestvalit: 0.000534 bestmemit:    3.451429    7.802808    1.000000    0.000129    0.000000
Iteration: 377 bestvalit: 0.000534 bestmemit:    3.451429    7.802808    1.000000    0.000129    0.000000
Iteration: 378 bestvalit: 0.000534 bestmemit:    3.451429    7.802808    1.000000    0.000129    0.000000
Iteration: 379 bestvalit: 0.000534 bestmemit:    3.451429    7.802808    1.000000    0.000129    0.000000
Iteration: 380 bestvalit: 0.000534 bestmemit:    3.451429    7.802808    1.000000    0.000129    0.000000
Iteration: 381 bestvalit: 0.000534 bestmemit:    3.451514    7.802760    1.000000    0.000136    0.000000
Iteration: 382 bestvalit: 0.000534 bestmemit:    3.451514    7.802760    1.000000    0.000136    0.000000
Iteration: 383 bestvalit: 0.000534 bestmemit:    3.451514    7.802760    1.000000    0.000136    0.000000
Iteration: 384 bestvalit: 0.000534 bestmemit:    3.451514    7.802760    1.000000    0.000136    0.000000
Iteration: 385 bestvalit: 0.000534 bestmemit:    3.451514    7.802760    1.000000    0.000136    0.000000
Iteration: 386 bestvalit: 0.000534 bestmemit:    3.451514    7.802760    1.000000    0.000136    0.000000
Iteration: 387 bestvalit: 0.000534 bestmemit:    3.451514    7.802760    1.000000    0.000136    0.000000
Iteration: 388 bestvalit: 0.000534 bestmemit:    3.451114    7.803021    1.000000    0.000050    0.000000
Iteration: 389 bestvalit: 0.000534 bestmemit:    3.451534    7.802373    1.000000    0.000004    0.000000
Iteration: 390 bestvalit: 0.000534 bestmemit:    3.451689    7.802214    1.000000    0.000004    0.000000
Iteration: 391 bestvalit: 0.000534 bestmemit:    3.451689    7.802214    1.000000    0.000004    0.000000
Iteration: 392 bestvalit: 0.000534 bestmemit:    3.451429    7.802808    1.000000    0.000013    0.000000
Iteration: 393 bestvalit: 0.000534 bestmemit:    3.451429    7.802808    1.000000    0.000013    0.000000
Iteration: 394 bestvalit: 0.000534 bestmemit:    3.451429    7.802808    1.000000    0.000013    0.000000
Iteration: 395 bestvalit: 0.000534 bestmemit:    3.451429    7.802808    1.000000    0.000013    0.000000
Iteration: 396 bestvalit: 0.000534 bestmemit:    3.451425    7.802753    1.000000    0.000009    0.000000
Iteration: 397 bestvalit: 0.000534 bestmemit:    3.451425    7.802753    1.000000    0.000009    0.000000
Iteration: 398 bestvalit: 0.000534 bestmemit:    3.451432    7.802641    1.000000    0.000006    0.000000
Iteration: 399 bestvalit: 0.000534 bestmemit:    3.451432    7.802641    1.000000    0.000006    0.000000
Iteration: 400 bestvalit: 0.000534 bestmemit:    3.451432    7.802641    1.000000    0.000006    0.000000
Iteration: 401 bestvalit: 0.000534 bestmemit:    3.451432    7.802641    1.000000    0.000006    0.000000
Iteration: 402 bestvalit: 0.000534 bestmemit:    3.451338    7.802720    1.000000    0.000011    0.000000
Iteration: 403 bestvalit: 0.000534 bestmemit:    3.451338    7.802720    1.000000    0.000011    0.000000
Iteration: 404 bestvalit: 0.000534 bestmemit:    3.451338    7.802720    1.000000    0.000011    0.000000
Iteration: 405 bestvalit: 0.000534 bestmemit:    3.451338    7.802720    1.000000    0.000011    0.000000
Iteration: 406 bestvalit: 0.000534 bestmemit:    3.451338    7.802745    1.000000    0.000011    0.000000
Iteration: 407 bestvalit: 0.000534 bestmemit:    3.451338    7.802745    1.000000    0.000011    0.000000
Iteration: 408 bestvalit: 0.000534 bestmemit:    3.451338    7.802745    1.000000    0.000011    0.000000
Iteration: 409 bestvalit: 0.000534 bestmemit:    3.451338    7.802745    1.000000    0.000011    0.000000
Iteration: 410 bestvalit: 0.000534 bestmemit:    3.451338    7.802745    1.000000    0.000011    0.000000
Iteration: 411 bestvalit: 0.000534 bestmemit:    3.451338    7.802745    1.000000    0.000011    0.000000
Iteration: 412 bestvalit: 0.000534 bestmemit:    3.451338    7.802745    1.000000    0.000011    0.000000
Iteration: 413 bestvalit: 0.000534 bestmemit:    3.451299    7.802673    1.000000    0.000001    0.000000
Iteration: 414 bestvalit: 0.000534 bestmemit:    3.451410    7.802627    1.000000    0.000002    0.000000
Iteration: 415 bestvalit: 0.000534 bestmemit:    3.451410    7.802627    1.000000    0.000002    0.000000
Iteration: 416 bestvalit: 0.000534 bestmemit:    3.451338    7.802745    1.000000    0.000002    0.000000
Iteration: 417 bestvalit: 0.000534 bestmemit:    3.451338    7.802745    1.000000    0.000002    0.000000
Iteration: 418 bestvalit: 0.000534 bestmemit:    3.451338    7.802745    1.000000    0.000002    0.000000
Iteration: 419 bestvalit: 0.000534 bestmemit:    3.451338    7.802745    1.000000    0.000002    0.000000
Iteration: 420 bestvalit: 0.000534 bestmemit:    3.451338    7.802745    1.000000    0.000002    0.000000
Iteration: 421 bestvalit: 0.000534 bestmemit:    3.451338    7.802745    1.000000    0.000002    0.000000
Iteration: 422 bestvalit: 0.000534 bestmemit:    3.451338    7.802745    1.000000    0.000002    0.000000
Iteration: 423 bestvalit: 0.000534 bestmemit:    3.451338    7.802745    1.000000    0.000002    0.000000
Iteration: 424 bestvalit: 0.000534 bestmemit:    3.451338    7.802745    1.000000    0.000002    0.000000
Iteration: 425 bestvalit: 0.000534 bestmemit:    3.451338    7.802745    1.000000    0.000002    0.000000
Iteration: 426 bestvalit: 0.000534 bestmemit:    3.451338    7.802745    1.000000    0.000002    0.000000
Iteration: 427 bestvalit: 0.000534 bestmemit:    3.451338    7.802745    1.000000    0.000002    0.000000
Iteration: 428 bestvalit: 0.000534 bestmemit:    3.451338    7.802711    1.000000    0.000002    0.000000
Iteration: 429 bestvalit: 0.000534 bestmemit:    3.451338    7.802711    1.000000    0.000002    0.000000
Iteration: 430 bestvalit: 0.000534 bestmemit:    3.451338    7.802711    1.000000    0.000002    0.000000
Iteration: 431 bestvalit: 0.000534 bestmemit:    3.451338    7.802711    1.000000    0.000002    0.000000
Iteration: 432 bestvalit: 0.000534 bestmemit:    3.451374    7.802666    1.000000    0.000001    0.000000
Iteration: 433 bestvalit: 0.000534 bestmemit:    3.451374    7.802666    1.000000    0.000001    0.000000
Iteration: 434 bestvalit: 0.000534 bestmemit:    3.451374    7.802666    1.000000    0.000001    0.000000
Iteration: 435 bestvalit: 0.000534 bestmemit:    3.451362    7.802715    1.000000    0.000002    0.000000
Iteration: 436 bestvalit: 0.000534 bestmemit:    3.451362    7.802715    1.000000    0.000002    0.000000
Iteration: 437 bestvalit: 0.000534 bestmemit:    3.451374    7.802666    1.000000    0.000000    0.000000
Iteration: 438 bestvalit: 0.000534 bestmemit:    3.451374    7.802666    1.000000    0.000000    0.000000
Iteration: 439 bestvalit: 0.000534 bestmemit:    3.451321    7.802753    1.000000    0.000001    0.000000
Iteration: 440 bestvalit: 0.000534 bestmemit:    3.451321    7.802753    1.000000    0.000001    0.000000
Iteration: 441 bestvalit: 0.000534 bestmemit:    3.451321    7.802753    1.000000    0.000001    0.000000
Iteration: 442 bestvalit: 0.000534 bestmemit:    3.451321    7.802753    1.000000    0.000001    0.000000
Iteration: 443 bestvalit: 0.000534 bestmemit:    3.451321    7.802753    1.000000    0.000001    0.000000
Iteration: 444 bestvalit: 0.000534 bestmemit:    3.451321    7.802753    1.000000    0.000001    0.000000
Iteration: 445 bestvalit: 0.000534 bestmemit:    3.451321    7.802753    1.000000    0.000001    0.000000
Iteration: 446 bestvalit: 0.000534 bestmemit:    3.451321    7.802753    1.000000    0.000001    0.000000
Iteration: 447 bestvalit: 0.000534 bestmemit:    3.451342    7.802711    1.000000    0.000000    0.000000
Iteration: 448 bestvalit: 0.000534 bestmemit:    3.451342    7.802711    1.000000    0.000000    0.000000
Iteration: 449 bestvalit: 0.000534 bestmemit:    3.451342    7.802711    1.000000    0.000000    0.000000
Iteration: 450 bestvalit: 0.000534 bestmemit:    3.451342    7.802711    1.000000    0.000000    0.000000
Iteration: 451 bestvalit: 0.000534 bestmemit:    3.451342    7.802711    1.000000    0.000000    0.000000
Iteration: 452 bestvalit: 0.000534 bestmemit:    3.451342    7.802711    1.000000    0.000000    0.000000

***** summary of DEoptim object ***** 
best member   :  3.45134 7.80271 1 0 0 
best value    :  0.00053 
after         :  452 generations 
fn evaluated  :  906 times 
*************************************
