SLURM_JOB_ID: 55403069
SLURM_JOB_USER: vsc34066
SLURM_JOB_ACCOUNT: lp_desenderlab
SLURM_JOB_NAME: par_recov_alternating_fb_sim_alpha_learn.slurm
SLURM_CLUSTER_NAME: genius
SLURM_JOB_PARTITION: batch
SLURM_ARRAY_JOB_ID: 55402977
SLURM_ARRAY_TASK_ID: 92
SLURM_NNODES: 1
SLURM_NODELIST: r22i13n06
SLURM_JOB_CPUS_PER_NODE: 8
Date: Sun Dec  3 23:44:02 CET 2023
Walltime: 01-06:00:00
========================================================================
Iteration: 1 bestvalit: 0.050312 bestmemit:   10.213260    7.486170    1.000000  350.985313  757.046100
Iteration: 2 bestvalit: 0.050312 bestmemit:   10.213260    7.486170    1.000000  350.985313  757.046100
Iteration: 3 bestvalit: 0.038481 bestmemit:    6.157886   16.162728    1.000000  244.367574  403.660852
Iteration: 4 bestvalit: 0.038481 bestmemit:    6.157886   16.162728    1.000000  244.367574  403.660852
Iteration: 5 bestvalit: 0.038481 bestmemit:    6.157886   16.162728    1.000000  244.367574  403.660852
Iteration: 6 bestvalit: 0.038481 bestmemit:    6.157886   16.162728    1.000000  244.367574  403.660852
Iteration: 7 bestvalit: 0.038481 bestmemit:    6.157886   16.162728    1.000000  244.367574  403.660852
Iteration: 8 bestvalit: 0.038481 bestmemit:    6.157886   16.162728    1.000000  244.367574  403.660852
Iteration: 9 bestvalit: 0.038481 bestmemit:    6.157886   16.162728    1.000000  244.367574  403.660852
Iteration: 10 bestvalit: 0.038307 bestmemit:    2.484093   16.162728    1.000000  244.367574  403.660852
Iteration: 11 bestvalit: 0.029773 bestmemit:   30.970651   -7.946430    1.000000   38.172822  226.261502
Iteration: 12 bestvalit: 0.029773 bestmemit:   30.970651   -7.946430    1.000000   38.172822  226.261502
Iteration: 13 bestvalit: 0.029773 bestmemit:   30.970651   -7.946430    1.000000   38.172822  226.261502
Iteration: 14 bestvalit: 0.029000 bestmemit:   10.541332    7.485935    1.000000   38.172822  226.261502
Iteration: 15 bestvalit: 0.029000 bestmemit:   10.541332    7.485935    1.000000   38.172822  226.261502
Iteration: 16 bestvalit: 0.029000 bestmemit:   10.541332    7.485935    1.000000   38.172822  226.261502
Iteration: 17 bestvalit: 0.028724 bestmemit:   19.009731   27.156563    1.000000   26.566765  109.180744
Iteration: 18 bestvalit: 0.028724 bestmemit:   19.009731   27.156563    1.000000   26.566765  109.180744
Iteration: 19 bestvalit: 0.028724 bestmemit:   19.009731   27.156563    1.000000   26.566765  109.180744
Iteration: 20 bestvalit: 0.028373 bestmemit:   11.493605   50.641480    1.000000   13.233634   67.621015
Iteration: 21 bestvalit: 0.028373 bestmemit:   11.493605   50.641480    1.000000   13.233634   67.621015
Iteration: 22 bestvalit: 0.028194 bestmemit:   24.931302    1.333477    1.000000   85.284791   38.080013
Iteration: 23 bestvalit: 0.027591 bestmemit:   28.635523  -32.670762    1.000000   43.525256   30.829521
Iteration: 24 bestvalit: 0.027591 bestmemit:   28.635523  -32.670762    1.000000   43.525256   30.829521
Iteration: 25 bestvalit: 0.022748 bestmemit:   13.321081  -27.442426    1.000000  137.421198    2.720329
Iteration: 26 bestvalit: 0.022748 bestmemit:   13.321081  -27.442426    1.000000  137.421198    2.720329
Iteration: 27 bestvalit: 0.022748 bestmemit:   13.321081  -27.442426    1.000000  137.421198    2.720329
Iteration: 28 bestvalit: 0.022748 bestmemit:   13.321081  -27.442426    1.000000  137.421198    2.720329
Iteration: 29 bestvalit: 0.019005 bestmemit:   13.321081  -27.442426    1.000000   74.665282    2.720329
Iteration: 30 bestvalit: 0.019005 bestmemit:   13.321081  -27.442426    1.000000   74.665282    2.720329
Iteration: 31 bestvalit: 0.019005 bestmemit:   13.321081  -27.442426    1.000000   74.665282    2.720329
Iteration: 32 bestvalit: 0.019005 bestmemit:   13.321081  -27.442426    1.000000   74.665282    2.720329
Iteration: 33 bestvalit: 0.019005 bestmemit:   13.321081  -27.442426    1.000000   74.665282    2.720329
Iteration: 34 bestvalit: 0.019005 bestmemit:   13.321081  -27.442426    1.000000   74.665282    2.720329
Iteration: 35 bestvalit: 0.019005 bestmemit:   13.321081  -27.442426    1.000000   74.665282    2.720329
Iteration: 36 bestvalit: 0.019005 bestmemit:   13.321081  -27.442426    1.000000   74.665282    2.720329
Iteration: 37 bestvalit: 0.019005 bestmemit:   13.321081  -27.442426    1.000000   74.665282    2.720329
Iteration: 38 bestvalit: 0.019005 bestmemit:   13.321081  -27.442426    1.000000   74.665282    2.720329
Iteration: 39 bestvalit: 0.019005 bestmemit:   13.321081  -27.442426    1.000000   74.665282    2.720329
Iteration: 40 bestvalit: 0.018779 bestmemit:   13.321081  -41.021881    1.000000   74.665282    2.720329
Iteration: 41 bestvalit: 0.018779 bestmemit:   13.321081  -41.021881    1.000000   74.665282    2.720329
Iteration: 42 bestvalit: 0.018779 bestmemit:   13.321081  -41.021881    1.000000   74.665282    2.720329
Iteration: 43 bestvalit: 0.016485 bestmemit:   28.862110  -35.636412    1.000000  102.098764    0.426061
Iteration: 44 bestvalit: 0.016485 bestmemit:   28.862110  -35.636412    1.000000  102.098764    0.426061
Iteration: 45 bestvalit: 0.016485 bestmemit:   28.862110  -35.636412    1.000000  102.098764    0.426061
Iteration: 46 bestvalit: 0.016485 bestmemit:   28.862110  -35.636412    1.000000  102.098764    0.426061
Iteration: 47 bestvalit: 0.016485 bestmemit:   28.862110  -35.636412    1.000000  102.098764    0.426061
Iteration: 48 bestvalit: 0.016485 bestmemit:   28.862110  -35.636412    1.000000  102.098764    0.426061
Iteration: 49 bestvalit: 0.016485 bestmemit:   28.862110  -35.636412    1.000000  102.098764    0.426061
Iteration: 50 bestvalit: 0.016364 bestmemit:   32.132538  -24.665160    1.000000   66.818617    1.432976
Iteration: 51 bestvalit: 0.016364 bestmemit:   32.132538  -24.665160    1.000000   66.818617    1.432976
Iteration: 52 bestvalit: 0.016364 bestmemit:   32.132538  -24.665160    1.000000   66.818617    1.432976
Iteration: 53 bestvalit: 0.015713 bestmemit:   32.132538  -24.665160    1.000000   43.694109    1.432976
Iteration: 54 bestvalit: 0.015713 bestmemit:   32.132538  -24.665160    1.000000   43.694109    1.432976
Iteration: 55 bestvalit: 0.015448 bestmemit:   22.828275  -26.493960    1.000000   58.849182    0.744378
Iteration: 56 bestvalit: 0.015448 bestmemit:   22.828275  -26.493960    1.000000   58.849182    0.744378
Iteration: 57 bestvalit: 0.015448 bestmemit:   22.828275  -26.493960    1.000000   58.849182    0.744378
Iteration: 58 bestvalit: 0.014742 bestmemit:   27.718993  -18.992199    1.000000   40.227089    0.721091
Iteration: 59 bestvalit: 0.012747 bestmemit:   32.132538  -24.665160    1.000000    7.223048    0.331315
Iteration: 60 bestvalit: 0.012747 bestmemit:   32.132538  -24.665160    1.000000    7.223048    0.331315
Iteration: 61 bestvalit: 0.012747 bestmemit:   32.132538  -24.665160    1.000000    7.223048    0.331315
Iteration: 62 bestvalit: 0.012747 bestmemit:   32.132538  -24.665160    1.000000    7.223048    0.331315
Iteration: 63 bestvalit: 0.012747 bestmemit:   32.132538  -24.665160    1.000000    7.223048    0.331315
Iteration: 64 bestvalit: 0.012747 bestmemit:   32.132538  -24.665160    1.000000    7.223048    0.331315
Iteration: 65 bestvalit: 0.012747 bestmemit:   32.132538  -24.665160    1.000000    7.223048    0.331315
Iteration: 66 bestvalit: 0.012747 bestmemit:   32.132538  -24.665160    1.000000    7.223048    0.331315
Iteration: 67 bestvalit: 0.012747 bestmemit:   32.132538  -24.665160    1.000000    7.223048    0.331315
Iteration: 68 bestvalit: 0.012747 bestmemit:   32.132538  -24.665160    1.000000    7.223048    0.331315
Iteration: 69 bestvalit: 0.012747 bestmemit:   32.132538  -24.665160    1.000000    7.223048    0.331315
Iteration: 70 bestvalit: 0.012747 bestmemit:   32.132538  -24.665160    1.000000    7.223048    0.331315
Iteration: 71 bestvalit: 0.012747 bestmemit:   32.132538  -24.665160    1.000000    7.223048    0.331315
Iteration: 72 bestvalit: 0.012747 bestmemit:   32.132538  -24.665160    1.000000    7.223048    0.331315
Iteration: 73 bestvalit: 0.009419 bestmemit:   32.132538  -24.665160    1.000000    0.371810    0.331315
Iteration: 74 bestvalit: 0.009419 bestmemit:   32.132538  -24.665160    1.000000    0.371810    0.331315
Iteration: 75 bestvalit: 0.009419 bestmemit:   32.132538  -24.665160    1.000000    0.371810    0.331315
Iteration: 76 bestvalit: 0.009419 bestmemit:   32.132538  -24.665160    1.000000    0.371810    0.331315
Iteration: 77 bestvalit: 0.008212 bestmemit:   32.132538  -24.665160    1.000000    0.371810    0.060172
Iteration: 78 bestvalit: 0.008212 bestmemit:   32.132538  -24.665160    1.000000    0.371810    0.060172
Iteration: 79 bestvalit: 0.008212 bestmemit:   32.132538  -24.665160    1.000000    0.371810    0.060172
Iteration: 80 bestvalit: 0.008212 bestmemit:   32.132538  -24.665160    1.000000    0.371810    0.060172
Iteration: 81 bestvalit: 0.008212 bestmemit:   32.132538  -24.665160    1.000000    0.371810    0.060172
Iteration: 82 bestvalit: 0.008212 bestmemit:   32.132538  -24.665160    1.000000    0.371810    0.060172
Iteration: 83 bestvalit: 0.008212 bestmemit:   32.132538  -24.665160    1.000000    0.371810    0.060172
Iteration: 84 bestvalit: 0.008212 bestmemit:   32.132538  -24.665160    1.000000    0.371810    0.060172
Iteration: 85 bestvalit: 0.008212 bestmemit:   32.132538  -24.665160    1.000000    0.371810    0.060172
Iteration: 86 bestvalit: 0.008212 bestmemit:   32.132538  -24.665160    1.000000    0.371810    0.060172
Iteration: 87 bestvalit: 0.008212 bestmemit:   32.132538  -24.665160    1.000000    0.371810    0.060172
Iteration: 88 bestvalit: 0.008212 bestmemit:   32.132538  -24.665160    1.000000    0.371810    0.060172
Iteration: 89 bestvalit: 0.008212 bestmemit:   32.132538  -24.665160    1.000000    0.371810    0.060172
Iteration: 90 bestvalit: 0.008212 bestmemit:   32.132538  -24.665160    1.000000    0.371810    0.060172
Iteration: 91 bestvalit: 0.008212 bestmemit:   32.132538  -24.665160    1.000000    0.371810    0.060172
Iteration: 92 bestvalit: 0.008212 bestmemit:   32.132538  -24.665160    1.000000    0.371810    0.060172
Iteration: 93 bestvalit: 0.008212 bestmemit:   32.132538  -24.665160    1.000000    0.371810    0.060172
Iteration: 94 bestvalit: 0.008212 bestmemit:   32.132538  -24.665160    1.000000    0.371810    0.060172
Iteration: 95 bestvalit: 0.008212 bestmemit:   32.132538  -24.665160    1.000000    0.371810    0.060172
Iteration: 96 bestvalit: 0.008212 bestmemit:   32.132538  -24.665160    1.000000    0.371810    0.060172
Iteration: 97 bestvalit: 0.008212 bestmemit:   32.132538  -24.665160    1.000000    0.371810    0.060172
Iteration: 98 bestvalit: 0.008212 bestmemit:   32.132538  -24.665160    1.000000    0.371810    0.060172
Iteration: 99 bestvalit: 0.007852 bestmemit:   32.564684  -21.399173    1.000000    0.261181    0.053257
Iteration: 100 bestvalit: 0.007852 bestmemit:   32.564684  -21.399173    1.000000    0.261181    0.053257
Iteration: 101 bestvalit: 0.007852 bestmemit:   32.564684  -21.399173    1.000000    0.261181    0.053257
Iteration: 102 bestvalit: 0.007852 bestmemit:   32.564684  -21.399173    1.000000    0.261181    0.053257
Iteration: 103 bestvalit: 0.007851 bestmemit:   28.812433  -18.554297    1.000000    0.113510    0.057490
Iteration: 104 bestvalit: 0.007851 bestmemit:   28.812433  -18.554297    1.000000    0.113510    0.057490
Iteration: 105 bestvalit: 0.007851 bestmemit:   28.812433  -18.554297    1.000000    0.113510    0.057490
Iteration: 106 bestvalit: 0.007851 bestmemit:   28.812433  -18.554297    1.000000    0.113510    0.057490
Iteration: 107 bestvalit: 0.007851 bestmemit:   28.812433  -18.554297    1.000000    0.113510    0.057490
Iteration: 108 bestvalit: 0.007738 bestmemit:   35.069277  -25.358950    1.000000    0.266395    0.047155
Iteration: 109 bestvalit: 0.007738 bestmemit:   35.069277  -25.358950    1.000000    0.266395    0.047155
Iteration: 110 bestvalit: 0.007738 bestmemit:   35.069277  -25.358950    1.000000    0.266395    0.047155
Iteration: 111 bestvalit: 0.007738 bestmemit:   35.069277  -25.358950    1.000000    0.266395    0.047155
Iteration: 112 bestvalit: 0.007596 bestmemit:   39.653288  -28.423628    1.000000    0.113510    0.057490
Iteration: 113 bestvalit: 0.007596 bestmemit:   39.653288  -28.423628    1.000000    0.113510    0.057490
Iteration: 114 bestvalit: 0.007596 bestmemit:   39.653288  -28.423628    1.000000    0.113510    0.057490
Iteration: 115 bestvalit: 0.007596 bestmemit:   39.653288  -28.423628    1.000000    0.113510    0.057490
Iteration: 116 bestvalit: 0.007567 bestmemit:   41.857749  -29.751845    1.000000    0.292796    0.028109
Iteration: 117 bestvalit: 0.007566 bestmemit:   41.857749  -30.151680    1.000000    0.292796    0.028109
Iteration: 118 bestvalit: 0.007545 bestmemit:   48.076506  -35.521536    1.000000    0.231202    0.043495
Iteration: 119 bestvalit: 0.007545 bestmemit:   48.076506  -35.521536    1.000000    0.231202    0.043495
Iteration: 120 bestvalit: 0.007545 bestmemit:   48.076506  -35.521536    1.000000    0.231202    0.043495
Iteration: 121 bestvalit: 0.007513 bestmemit:   41.440072  -28.670620    1.000000    0.199136    0.010572
Iteration: 122 bestvalit: 0.007513 bestmemit:   41.440072  -28.670620    1.000000    0.199136    0.010572
Iteration: 123 bestvalit: 0.007513 bestmemit:   41.440072  -28.670620    1.000000    0.199136    0.010572
Iteration: 124 bestvalit: 0.007498 bestmemit:   47.705349  -34.699848    1.000000    0.199127    0.029691
Iteration: 125 bestvalit: 0.007498 bestmemit:   47.705349  -34.699848    1.000000    0.199127    0.029691
Iteration: 126 bestvalit: 0.007486 bestmemit:   44.494010  -31.009063    1.000000    0.033860    0.031809
Iteration: 127 bestvalit: 0.007486 bestmemit:   44.494010  -31.009063    1.000000    0.033860    0.031809
Iteration: 128 bestvalit: 0.007486 bestmemit:   44.494010  -31.009063    1.000000    0.033860    0.031809
Iteration: 129 bestvalit: 0.007486 bestmemit:   44.494010  -31.009063    1.000000    0.033860    0.031809
Iteration: 130 bestvalit: 0.007486 bestmemit:   44.494010  -31.009063    1.000000    0.033860    0.031809
Iteration: 131 bestvalit: 0.007445 bestmemit:   45.910583  -32.640366    1.000000    0.123203    0.006519
Iteration: 132 bestvalit: 0.007445 bestmemit:   45.910583  -32.640366    1.000000    0.123203    0.006519
Iteration: 133 bestvalit: 0.007431 bestmemit:   47.232084  -32.997087    1.000000    0.086674    0.003215
Iteration: 134 bestvalit: 0.007431 bestmemit:   47.232084  -32.997087    1.000000    0.086674    0.003215
Iteration: 135 bestvalit: 0.007431 bestmemit:   47.232084  -32.997087    1.000000    0.086674    0.003215
Iteration: 136 bestvalit: 0.007431 bestmemit:   47.232084  -32.997087    1.000000    0.086674    0.003215
Iteration: 137 bestvalit: 0.007423 bestmemit:   46.070075  -32.393785    1.000000    0.017230    0.009456
Iteration: 138 bestvalit: 0.007423 bestmemit:   46.070075  -32.393785    1.000000    0.017230    0.009456
Iteration: 139 bestvalit: 0.007423 bestmemit:   46.070075  -32.393785    1.000000    0.017230    0.009456
Iteration: 140 bestvalit: 0.007410 bestmemit:   47.232084  -32.997087    1.000000    0.016707    0.003215
Iteration: 141 bestvalit: 0.007410 bestmemit:   47.232084  -32.997087    1.000000    0.016707    0.003215
Iteration: 142 bestvalit: 0.007410 bestmemit:   47.232084  -32.997087    1.000000    0.016707    0.003215
Iteration: 143 bestvalit: 0.007410 bestmemit:   47.232084  -32.997087    1.000000    0.016707    0.003215
Iteration: 144 bestvalit: 0.007410 bestmemit:   47.232084  -32.997087    1.000000    0.016707    0.003215
Iteration: 145 bestvalit: 0.007410 bestmemit:   47.232084  -32.997087    1.000000    0.016707    0.003215
Iteration: 146 bestvalit: 0.007410 bestmemit:   47.232084  -32.997087    1.000000    0.016707    0.003215
Iteration: 147 bestvalit: 0.007410 bestmemit:   47.232084  -32.997087    1.000000    0.016707    0.003215
Iteration: 148 bestvalit: 0.007400 bestmemit:   49.022729  -34.562765    1.000000    0.009000    0.004081
Iteration: 149 bestvalit: 0.007400 bestmemit:   49.022729  -34.562765    1.000000    0.009000    0.004081
Iteration: 150 bestvalit: 0.007400 bestmemit:   49.022729  -34.562765    1.000000    0.009000    0.004081
Iteration: 151 bestvalit: 0.007400 bestmemit:   49.022729  -34.562765    1.000000    0.009000    0.004081
Iteration: 152 bestvalit: 0.007394 bestmemit:   49.824618  -35.174250    1.000000    0.002300    0.002693
Iteration: 153 bestvalit: 0.007394 bestmemit:   49.824618  -35.174250    1.000000    0.002300    0.002693
Iteration: 154 bestvalit: 0.007394 bestmemit:   49.824618  -35.174250    1.000000    0.002300    0.002693
Iteration: 155 bestvalit: 0.007394 bestmemit:   49.824618  -35.174250    1.000000    0.002300    0.002693
Iteration: 156 bestvalit: 0.007394 bestmemit:   49.824618  -35.174250    1.000000    0.002300    0.002693
Iteration: 157 bestvalit: 0.007394 bestmemit:   49.824618  -35.174250    1.000000    0.002300    0.002693
Iteration: 158 bestvalit: 0.007394 bestmemit:   49.824618  -35.174250    1.000000    0.002300    0.002693
Iteration: 159 bestvalit: 0.007394 bestmemit:   49.824618  -35.174250    1.000000    0.002300    0.002693
Iteration: 160 bestvalit: 0.007394 bestmemit:   49.824618  -35.174250    1.000000    0.002300    0.002693
Iteration: 161 bestvalit: 0.007394 bestmemit:   49.824618  -35.174250    1.000000    0.002300    0.002693
Iteration: 162 bestvalit: 0.007394 bestmemit:   49.824618  -35.174250    1.000000    0.002300    0.002693
Iteration: 163 bestvalit: 0.007394 bestmemit:   49.824618  -35.174250    1.000000    0.002300    0.002693
Iteration: 164 bestvalit: 0.007394 bestmemit:   49.824618  -35.174250    1.000000    0.002300    0.002693
Iteration: 165 bestvalit: 0.007394 bestmemit:   49.824618  -35.174250    1.000000    0.002300    0.002693
Iteration: 166 bestvalit: 0.007394 bestmemit:   49.824618  -35.174250    1.000000    0.002300    0.002693
Iteration: 167 bestvalit: 0.007394 bestmemit:   49.824618  -35.174250    1.000000    0.002300    0.002693
Iteration: 168 bestvalit: 0.007394 bestmemit:   49.824618  -35.174250    1.000000    0.002300    0.002410
Iteration: 169 bestvalit: 0.007394 bestmemit:   49.824618  -35.174250    1.000000    0.002300    0.002410
Iteration: 170 bestvalit: 0.007394 bestmemit:   49.824618  -35.174250    1.000000    0.002300    0.002410
Iteration: 171 bestvalit: 0.007394 bestmemit:   49.824618  -35.174250    1.000000    0.002300    0.002410
Iteration: 172 bestvalit: 0.007394 bestmemit:   49.824618  -35.174250    1.000000    0.002300    0.002410
Iteration: 173 bestvalit: 0.007394 bestmemit:   49.824618  -35.174250    1.000000    0.002300    0.002410
Iteration: 174 bestvalit: 0.007394 bestmemit:   49.824618  -35.174250    1.000000    0.002300    0.002410
Iteration: 175 bestvalit: 0.007394 bestmemit:   49.824618  -35.174250    1.000000    0.002300    0.002410
Iteration: 176 bestvalit: 0.007394 bestmemit:   49.824618  -35.174250    1.000000    0.002300    0.002410
Iteration: 177 bestvalit: 0.007394 bestmemit:   49.824618  -35.174250    1.000000    0.002300    0.002410
Iteration: 178 bestvalit: 0.007394 bestmemit:   49.824618  -35.174250    1.000000    0.002300    0.002410
Iteration: 179 bestvalit: 0.007394 bestmemit:   49.824618  -35.174250    1.000000    0.002300    0.002410
Iteration: 180 bestvalit: 0.007394 bestmemit:   49.824618  -35.174250    1.000000    0.002300    0.002410
Iteration: 181 bestvalit: 0.007394 bestmemit:   49.824618  -35.174250    1.000000    0.002300    0.002410
Iteration: 182 bestvalit: 0.007393 bestmemit:   49.734693  -35.070388    1.000000    0.003134    0.001057
Iteration: 183 bestvalit: 0.007393 bestmemit:   49.734693  -35.070388    1.000000    0.003134    0.001057
Iteration: 184 bestvalit: 0.007392 bestmemit:   49.732790  -35.084067    1.000000    0.004287    0.000184
Iteration: 185 bestvalit: 0.007392 bestmemit:   49.732790  -35.084067    1.000000    0.004287    0.000184
Iteration: 186 bestvalit: 0.007392 bestmemit:   49.732790  -35.084067    1.000000    0.004287    0.000184
Iteration: 187 bestvalit: 0.007392 bestmemit:   49.732790  -35.084067    1.000000    0.004287    0.000184
Iteration: 188 bestvalit: 0.007392 bestmemit:   49.732790  -35.084067    1.000000    0.004287    0.000184
Iteration: 189 bestvalit: 0.007392 bestmemit:   49.732790  -35.084067    1.000000    0.004287    0.000184
Iteration: 190 bestvalit: 0.007392 bestmemit:   49.732790  -35.084067    1.000000    0.004287    0.000184
Iteration: 191 bestvalit: 0.007392 bestmemit:   49.956386  -35.246031    1.000000    0.001148    0.001216
Iteration: 192 bestvalit: 0.007392 bestmemit:   49.956386  -35.246031    1.000000    0.001148    0.001216
Iteration: 193 bestvalit: 0.007392 bestmemit:   49.897586  -35.165357    1.000000    0.001665    0.000661
Iteration: 194 bestvalit: 0.007391 bestmemit:   49.977960  -35.292101    1.000000    0.001622    0.000420
Iteration: 195 bestvalit: 0.007391 bestmemit:   49.977960  -35.292101    1.000000    0.001622    0.000420
Iteration: 196 bestvalit: 0.007391 bestmemit:   49.977960  -35.279681    1.000000    0.001622    0.000420
Iteration: 197 bestvalit: 0.007391 bestmemit:   49.977960  -35.279681    1.000000    0.001622    0.000420
Iteration: 198 bestvalit: 0.007391 bestmemit:   49.977960  -35.279681    1.000000    0.001622    0.000420
Iteration: 199 bestvalit: 0.007391 bestmemit:   49.977960  -35.279681    1.000000    0.001622    0.000420
Iteration: 200 bestvalit: 0.007391 bestmemit:   49.903220  -35.188732    1.000000    0.001147    0.000256
Iteration: 201 bestvalit: 0.007391 bestmemit:   49.923168  -35.188732    1.000000    0.001147    0.000256
Iteration: 202 bestvalit: 0.007391 bestmemit:   49.923168  -35.188732    1.000000    0.001147    0.000256
Iteration: 203 bestvalit: 0.007391 bestmemit:   49.923168  -35.188732    1.000000    0.001147    0.000256
Iteration: 204 bestvalit: 0.007391 bestmemit:   49.923168  -35.188732    1.000000    0.001147    0.000256
Iteration: 205 bestvalit: 0.007391 bestmemit:   49.980181  -35.254731    1.000000    0.001147    0.000256
Iteration: 206 bestvalit: 0.007391 bestmemit:   49.980181  -35.254731    1.000000    0.001147    0.000256
Iteration: 207 bestvalit: 0.007391 bestmemit:   49.989841  -35.254731    1.000000    0.001147    0.000256
Iteration: 208 bestvalit: 0.007391 bestmemit:   49.977960  -35.279681    1.000000    0.001044    0.000070
Iteration: 209 bestvalit: 0.007391 bestmemit:   49.977960  -35.279681    1.000000    0.001044    0.000070
Iteration: 210 bestvalit: 0.007391 bestmemit:   49.977960  -35.279681    1.000000    0.000016    0.000070
Iteration: 211 bestvalit: 0.007391 bestmemit:   49.977960  -35.279681    1.000000    0.000016    0.000070
Iteration: 212 bestvalit: 0.007391 bestmemit:   49.977960  -35.279681    1.000000    0.000016    0.000070
Iteration: 213 bestvalit: 0.007391 bestmemit:   49.977960  -35.279681    1.000000    0.000016    0.000070
Iteration: 214 bestvalit: 0.007391 bestmemit:   49.977960  -35.279681    1.000000    0.000016    0.000070
Iteration: 215 bestvalit: 0.007391 bestmemit:   49.974988  -35.238454    1.000000    0.000002    0.000194
Iteration: 216 bestvalit: 0.007391 bestmemit:   49.997464  -35.254398    1.000000    0.000192    0.000146
Iteration: 217 bestvalit: 0.007391 bestmemit:   49.997464  -35.254398    1.000000    0.000192    0.000146
Iteration: 218 bestvalit: 0.007391 bestmemit:   49.974095  -35.254731    1.000000    0.000041    0.000009
Iteration: 219 bestvalit: 0.007391 bestmemit:   49.974095  -35.254731    1.000000    0.000041    0.000009
Iteration: 220 bestvalit: 0.007391 bestmemit:   49.998143  -35.290630    1.000000    0.000194    0.000002
Iteration: 221 bestvalit: 0.007391 bestmemit:   49.998143  -35.290630    1.000000    0.000194    0.000002
Iteration: 222 bestvalit: 0.007391 bestmemit:   49.998143  -35.290630    1.000000    0.000194    0.000002
Iteration: 223 bestvalit: 0.007391 bestmemit:   49.998143  -35.290630    1.000000    0.000194    0.000002
Iteration: 224 bestvalit: 0.007391 bestmemit:   49.998534  -35.222763    1.000000    0.000016    0.000070
Iteration: 225 bestvalit: 0.007391 bestmemit:   49.998534  -35.222763    1.000000    0.000016    0.000070
Iteration: 226 bestvalit: 0.007391 bestmemit:   49.997831  -35.244705    1.000000    0.000213    0.000084
Iteration: 227 bestvalit: 0.007390 bestmemit:   49.998143  -35.257039    1.000000    0.000194    0.000002
Iteration: 228 bestvalit: 0.007390 bestmemit:   49.998143  -35.257039    1.000000    0.000194    0.000002
Iteration: 229 bestvalit: 0.007390 bestmemit:   49.998143  -35.257039    1.000000    0.000194    0.000002
Iteration: 230 bestvalit: 0.007390 bestmemit:   49.998143  -35.257039    1.000000    0.000194    0.000002
Iteration: 231 bestvalit: 0.007390 bestmemit:   49.998143  -35.257039    1.000000    0.000194    0.000002
Iteration: 232 bestvalit: 0.007390 bestmemit:   49.998143  -35.257039    1.000000    0.000182    0.000002
Iteration: 233 bestvalit: 0.007390 bestmemit:   49.997464  -35.254398    1.000000    0.000070    0.000014
Iteration: 234 bestvalit: 0.007390 bestmemit:   49.997464  -35.254398    1.000000    0.000070    0.000014
Iteration: 235 bestvalit: 0.007390 bestmemit:   49.997464  -35.254398    1.000000    0.000070    0.000014
Iteration: 236 bestvalit: 0.007390 bestmemit:   49.997831  -35.244705    1.000000    0.000061    0.000011
Iteration: 237 bestvalit: 0.007390 bestmemit:   49.997831  -35.244705    1.000000    0.000061    0.000011
Iteration: 238 bestvalit: 0.007390 bestmemit:   49.999331  -35.250396    1.000000    0.000081    0.000012
Iteration: 239 bestvalit: 0.007390 bestmemit:   49.999331  -35.250396    1.000000    0.000081    0.000012
Iteration: 240 bestvalit: 0.007390 bestmemit:   49.999331  -35.250396    1.000000    0.000081    0.000012
Iteration: 241 bestvalit: 0.007390 bestmemit:   49.997374  -35.258363    1.000000    0.000016    0.000006
Iteration: 242 bestvalit: 0.007390 bestmemit:   49.997374  -35.258363    1.000000    0.000016    0.000006
Iteration: 243 bestvalit: 0.007390 bestmemit:   49.999106  -35.244151    1.000000    0.000034    0.000006
Iteration: 244 bestvalit: 0.007390 bestmemit:   49.999729  -35.253179    1.000000    0.000003    0.000012
Iteration: 245 bestvalit: 0.007390 bestmemit:   49.999729  -35.253179    1.000000    0.000003    0.000012
Iteration: 246 bestvalit: 0.007390 bestmemit:   49.999966  -35.251002    1.000000    0.000060    0.000000
Iteration: 247 bestvalit: 0.007390 bestmemit:   49.999966  -35.251002    1.000000    0.000060    0.000000
Iteration: 248 bestvalit: 0.007390 bestmemit:   49.999966  -35.251002    1.000000    0.000060    0.000000
Iteration: 249 bestvalit: 0.007390 bestmemit:   49.999966  -35.251002    1.000000    0.000060    0.000000
Iteration: 250 bestvalit: 0.007390 bestmemit:   49.999909  -35.258606    1.000000    0.000017    0.000001
Iteration: 251 bestvalit: 0.007390 bestmemit:   49.999952  -35.252672    1.000000    0.000001    0.000002
Iteration: 252 bestvalit: 0.007390 bestmemit:   49.999952  -35.252672    1.000000    0.000001    0.000002
Iteration: 253 bestvalit: 0.007390 bestmemit:   49.999952  -35.252672    1.000000    0.000001    0.000002
Iteration: 254 bestvalit: 0.007390 bestmemit:   49.999952  -35.252672    1.000000    0.000001    0.000002
Iteration: 255 bestvalit: 0.007390 bestmemit:   49.999952  -35.252672    1.000000    0.000001    0.000002
Iteration: 256 bestvalit: 0.007390 bestmemit:   49.999952  -35.252672    1.000000    0.000001    0.000002
Iteration: 257 bestvalit: 0.007390 bestmemit:   49.999952  -35.252672    1.000000    0.000001    0.000002
Iteration: 258 bestvalit: 0.007390 bestmemit:   49.999952  -35.252672    1.000000    0.000001    0.000002
Iteration: 259 bestvalit: 0.007390 bestmemit:   49.999952  -35.252672    1.000000    0.000001    0.000002
Iteration: 260 bestvalit: 0.007390 bestmemit:   49.999952  -35.252672    1.000000    0.000001    0.000002
Iteration: 261 bestvalit: 0.007390 bestmemit:   49.999952  -35.252672    1.000000    0.000001    0.000002
Iteration: 262 bestvalit: 0.007390 bestmemit:   49.999952  -35.252672    1.000000    0.000001    0.000002
Iteration: 263 bestvalit: 0.007390 bestmemit:   49.999952  -35.252672    1.000000    0.000001    0.000002
Iteration: 264 bestvalit: 0.007390 bestmemit:   49.999756  -35.254463    1.000000    0.000000    0.000001
Iteration: 265 bestvalit: 0.007390 bestmemit:   49.999952  -35.252672    1.000000    0.000001    0.000001
Iteration: 266 bestvalit: 0.007390 bestmemit:   49.999952  -35.252672    1.000000    0.000001    0.000001
Iteration: 267 bestvalit: 0.007390 bestmemit:   49.999952  -35.252672    1.000000    0.000001    0.000001
Iteration: 268 bestvalit: 0.007390 bestmemit:   49.999952  -35.252672    1.000000    0.000001    0.000001
Iteration: 269 bestvalit: 0.007390 bestmemit:   49.999952  -35.252672    1.000000    0.000001    0.000001
Iteration: 270 bestvalit: 0.007390 bestmemit:   49.999837  -35.253469    1.000000    0.000001    0.000000
Iteration: 271 bestvalit: 0.007390 bestmemit:   49.999889  -35.253469    1.000000    0.000001    0.000000
Iteration: 272 bestvalit: 0.007390 bestmemit:   49.999889  -35.253469    1.000000    0.000001    0.000000
Iteration: 273 bestvalit: 0.007390 bestmemit:   49.999889  -35.253469    1.000000    0.000001    0.000000
Iteration: 274 bestvalit: 0.007390 bestmemit:   49.999889  -35.253469    1.000000    0.000001    0.000000
Iteration: 275 bestvalit: 0.007390 bestmemit:   49.999889  -35.253469    1.000000    0.000001    0.000000
Iteration: 276 bestvalit: 0.007390 bestmemit:   49.999961  -35.255177    1.000000    0.000001    0.000000
Iteration: 277 bestvalit: 0.007390 bestmemit:   49.999961  -35.255177    1.000000    0.000001    0.000000
Iteration: 278 bestvalit: 0.007390 bestmemit:   49.999978  -35.253399    1.000000    0.000002    0.000000
Iteration: 279 bestvalit: 0.007390 bestmemit:   49.999978  -35.253399    1.000000    0.000002    0.000000
Iteration: 280 bestvalit: 0.007390 bestmemit:   49.999999  -35.253399    1.000000    0.000002    0.000000
Iteration: 281 bestvalit: 0.007390 bestmemit:   49.999964  -35.253705    1.000000    0.000001    0.000000
Iteration: 282 bestvalit: 0.007390 bestmemit:   49.999961  -35.252558    1.000000    0.000001    0.000000
Iteration: 283 bestvalit: 0.007390 bestmemit:   49.999996  -35.254143    1.000000    0.000000    0.000000
Iteration: 284 bestvalit: 0.007390 bestmemit:   49.999996  -35.254143    1.000000    0.000000    0.000000
Iteration: 285 bestvalit: 0.007390 bestmemit:   49.999996  -35.254143    1.000000    0.000000    0.000000
Iteration: 286 bestvalit: 0.007390 bestmemit:   49.999996  -35.254143    1.000000    0.000000    0.000000
Iteration: 287 bestvalit: 0.007390 bestmemit:   49.999996  -35.254143    1.000000    0.000000    0.000000
Iteration: 288 bestvalit: 0.007390 bestmemit:   49.999996  -35.254143    1.000000    0.000000    0.000000
Iteration: 289 bestvalit: 0.007390 bestmemit:   49.999996  -35.254048    1.000000    0.000000    0.000000
Iteration: 290 bestvalit: 0.007390 bestmemit:   49.999996  -35.254048    1.000000    0.000000    0.000000
Iteration: 291 bestvalit: 0.007390 bestmemit:   49.999996  -35.254048    1.000000    0.000000    0.000000
Iteration: 292 bestvalit: 0.007390 bestmemit:   49.999996  -35.253363    1.000000    0.000000    0.000000
Iteration: 293 bestvalit: 0.007390 bestmemit:   49.999996  -35.253363    1.000000    0.000000    0.000000
Iteration: 294 bestvalit: 0.007390 bestmemit:   49.999996  -35.253363    1.000000    0.000000    0.000000
Iteration: 295 bestvalit: 0.007390 bestmemit:   49.999996  -35.253363    1.000000    0.000000    0.000000
Iteration: 296 bestvalit: 0.007390 bestmemit:   49.999994  -35.253104    1.000000    0.000000    0.000000
Iteration: 297 bestvalit: 0.007390 bestmemit:   49.999994  -35.253104    1.000000    0.000000    0.000000
Iteration: 298 bestvalit: 0.007390 bestmemit:   49.999999  -35.253099    1.000000    0.000000    0.000000
Iteration: 299 bestvalit: 0.007390 bestmemit:   49.999999  -35.253099    1.000000    0.000000    0.000000
Iteration: 300 bestvalit: 0.007390 bestmemit:   49.999999  -35.253124    1.000000    0.000000    0.000000
Iteration: 301 bestvalit: 0.007390 bestmemit:   49.999999  -35.253124    1.000000    0.000000    0.000000
Iteration: 302 bestvalit: 0.007390 bestmemit:   49.999999  -35.253124    1.000000    0.000000    0.000000
Iteration: 303 bestvalit: 0.007390 bestmemit:   49.999999  -35.253587    1.000000    0.000000    0.000000
Iteration: 304 bestvalit: 0.007390 bestmemit:   49.999999  -35.253587    1.000000    0.000000    0.000000
Iteration: 305 bestvalit: 0.007390 bestmemit:   49.999999  -35.253587    1.000000    0.000000    0.000000
Iteration: 306 bestvalit: 0.007390 bestmemit:   49.999999  -35.253587    1.000000    0.000000    0.000000
Iteration: 307 bestvalit: 0.007390 bestmemit:   49.999999  -35.253587    1.000000    0.000000    0.000000
Iteration: 308 bestvalit: 0.007390 bestmemit:   49.999999  -35.253535    1.000000    0.000000    0.000000
Iteration: 309 bestvalit: 0.007390 bestmemit:   49.999999  -35.253535    1.000000    0.000000    0.000000
Iteration: 310 bestvalit: 0.007390 bestmemit:   49.999997  -35.253379    1.000000    0.000000    0.000000
Iteration: 311 bestvalit: 0.007390 bestmemit:   49.999999  -35.253358    1.000000    0.000000    0.000000
Iteration: 312 bestvalit: 0.007390 bestmemit:   49.999999  -35.253358    1.000000    0.000000    0.000000
Iteration: 313 bestvalit: 0.007390 bestmemit:   50.000000  -35.253200    1.000000    0.000000    0.000000
Iteration: 314 bestvalit: 0.007390 bestmemit:   50.000000  -35.253200    1.000000    0.000000    0.000000
Iteration: 315 bestvalit: 0.007390 bestmemit:   50.000000  -35.253200    1.000000    0.000000    0.000000
Iteration: 316 bestvalit: 0.007390 bestmemit:   49.999999  -35.253278    1.000000    0.000000    0.000000
Iteration: 317 bestvalit: 0.007390 bestmemit:   49.999999  -35.253278    1.000000    0.000000    0.000000
Iteration: 318 bestvalit: 0.007390 bestmemit:   49.999999  -35.253278    1.000000    0.000000    0.000000
Iteration: 319 bestvalit: 0.007390 bestmemit:   49.999999  -35.253278    1.000000    0.000000    0.000000
Iteration: 320 bestvalit: 0.007390 bestmemit:   49.999999  -35.253278    1.000000    0.000000    0.000000
Iteration: 321 bestvalit: 0.007390 bestmemit:   49.999999  -35.253278    1.000000    0.000000    0.000000
Iteration: 322 bestvalit: 0.007390 bestmemit:   49.999999  -35.253325    1.000000    0.000000    0.000000
Iteration: 323 bestvalit: 0.007390 bestmemit:   49.999999  -35.253325    1.000000    0.000000    0.000000
Iteration: 324 bestvalit: 0.007390 bestmemit:   49.999999  -35.253325    1.000000    0.000000    0.000000
Iteration: 325 bestvalit: 0.007390 bestmemit:   49.999999  -35.253325    1.000000    0.000000    0.000000
Iteration: 326 bestvalit: 0.007390 bestmemit:   49.999999  -35.253268    1.000000    0.000000    0.000000
Iteration: 327 bestvalit: 0.007390 bestmemit:   49.999999  -35.253268    1.000000    0.000000    0.000000
Iteration: 328 bestvalit: 0.007390 bestmemit:   49.999999  -35.253268    1.000000    0.000000    0.000000
Iteration: 329 bestvalit: 0.007390 bestmemit:   50.000000  -35.253239    1.000000    0.000000    0.000000
Iteration: 330 bestvalit: 0.007390 bestmemit:   50.000000  -35.253239    1.000000    0.000000    0.000000
Iteration: 331 bestvalit: 0.007390 bestmemit:   50.000000  -35.253268    1.000000    0.000000    0.000000
Iteration: 332 bestvalit: 0.007390 bestmemit:   50.000000  -35.253268    1.000000    0.000000    0.000000
Iteration: 333 bestvalit: 0.007390 bestmemit:   50.000000  -35.253307    1.000000    0.000000    0.000000
Iteration: 334 bestvalit: 0.007390 bestmemit:   50.000000  -35.253307    1.000000    0.000000    0.000000
Iteration: 335 bestvalit: 0.007390 bestmemit:   50.000000  -35.253307    1.000000    0.000000    0.000000
Iteration: 336 bestvalit: 0.007390 bestmemit:   50.000000  -35.253293    1.000000    0.000000    0.000000
Iteration: 337 bestvalit: 0.007390 bestmemit:   50.000000  -35.253293    1.000000    0.000000    0.000000
Iteration: 338 bestvalit: 0.007390 bestmemit:   50.000000  -35.253293    1.000000    0.000000    0.000000
Iteration: 339 bestvalit: 0.007390 bestmemit:   50.000000  -35.253293    1.000000    0.000000    0.000000
Iteration: 340 bestvalit: 0.007390 bestmemit:   50.000000  -35.253293    1.000000    0.000000    0.000000
Iteration: 341 bestvalit: 0.007390 bestmemit:   50.000000  -35.253293    1.000000    0.000000    0.000000
Iteration: 342 bestvalit: 0.007390 bestmemit:   50.000000  -35.253313    1.000000    0.000000    0.000000
Iteration: 343 bestvalit: 0.007390 bestmemit:   50.000000  -35.253313    1.000000    0.000000    0.000000
Iteration: 344 bestvalit: 0.007390 bestmemit:   50.000000  -35.253313    1.000000    0.000000    0.000000
Iteration: 345 bestvalit: 0.007390 bestmemit:   50.000000  -35.253330    1.000000    0.000000    0.000000
Iteration: 346 bestvalit: 0.007390 bestmemit:   50.000000  -35.253330    1.000000    0.000000    0.000000
Iteration: 347 bestvalit: 0.007390 bestmemit:   50.000000  -35.253330    1.000000    0.000000    0.000000

***** summary of DEoptim object ***** 
best member   :  50 -35.25333 1 0 0 
best value    :  0.00739 
after         :  347 generations 
fn evaluated  :  696 times 
*************************************
