SLURM_JOB_ID: 55403000
SLURM_JOB_USER: vsc34066
SLURM_JOB_ACCOUNT: lp_desenderlab
SLURM_JOB_NAME: par_recov_alternating_fb_sim_alpha_learn.slurm
SLURM_CLUSTER_NAME: genius
SLURM_JOB_PARTITION: batch
SLURM_ARRAY_JOB_ID: 55402977
SLURM_ARRAY_TASK_ID: 23
SLURM_NNODES: 2
SLURM_NODELIST: r22i27n[13,18]
SLURM_JOB_CPUS_PER_NODE: 4(x2)
Date: Sun Dec  3 23:43:56 CET 2023
Walltime: 01-06:00:00
========================================================================
Iteration: 1 bestvalit: 0.034020 bestmemit:   13.351150  -75.241776    1.000000  608.388514  156.092779
Iteration: 2 bestvalit: 0.034020 bestmemit:   13.351150  -75.241776    1.000000  608.388514  156.092779
Iteration: 3 bestvalit: 0.034020 bestmemit:   13.351150  -75.241776    1.000000  608.388514  156.092779
Iteration: 4 bestvalit: 0.034020 bestmemit:   13.351150  -75.241776    1.000000  608.388514  156.092779
Iteration: 5 bestvalit: 0.034020 bestmemit:   13.351150  -75.241776    1.000000  608.388514  156.092779
Iteration: 6 bestvalit: 0.034020 bestmemit:   13.351150  -75.241776    1.000000  608.388514  156.092779
Iteration: 7 bestvalit: 0.034020 bestmemit:   13.351150  -75.241776    1.000000  608.388514  156.092779
Iteration: 8 bestvalit: 0.034020 bestmemit:   13.351150  -75.241776    1.000000  608.388514  156.092779
Iteration: 9 bestvalit: 0.034020 bestmemit:   13.351150  -75.241776    1.000000  608.388514  156.092779
Iteration: 10 bestvalit: 0.031570 bestmemit:   36.720940  -83.335793    1.000000  851.616126   68.639816
Iteration: 11 bestvalit: 0.031570 bestmemit:   36.720940  -83.335793    1.000000  851.616126   68.639816
Iteration: 12 bestvalit: 0.030396 bestmemit:   36.720940  -83.335793    1.000000  746.290638   68.639816
Iteration: 13 bestvalit: 0.030396 bestmemit:   36.720940  -83.335793    1.000000  746.290638   68.639816
Iteration: 14 bestvalit: 0.025816 bestmemit:   22.730259   50.256982    1.000000   81.430256  317.064777
Iteration: 15 bestvalit: 0.025816 bestmemit:   22.730259   50.256982    1.000000   81.430256  317.064777
Iteration: 16 bestvalit: 0.025816 bestmemit:   22.730259   50.256982    1.000000   81.430256  317.064777
Iteration: 17 bestvalit: 0.025816 bestmemit:   22.730259   50.256982    1.000000   81.430256  317.064777
Iteration: 18 bestvalit: 0.025816 bestmemit:   22.730259   50.256982    1.000000   81.430256  317.064777
Iteration: 19 bestvalit: 0.025816 bestmemit:   22.730259   50.256982    1.000000   81.430256  317.064777
Iteration: 20 bestvalit: 0.025816 bestmemit:   22.730259   50.256982    1.000000   81.430256  317.064777
Iteration: 21 bestvalit: 0.019817 bestmemit:   33.828445   86.701377    1.000000   42.331633  124.696742
Iteration: 22 bestvalit: 0.019817 bestmemit:   33.828445   86.701377    1.000000   42.331633  124.696742
Iteration: 23 bestvalit: 0.019153 bestmemit:   33.828445   47.738839    1.000000   42.331633  124.696742
Iteration: 24 bestvalit: 0.019153 bestmemit:   33.828445   47.738839    1.000000   42.331633  124.696742
Iteration: 25 bestvalit: 0.019153 bestmemit:   33.828445   47.738839    1.000000   42.331633  124.696742
Iteration: 26 bestvalit: 0.019153 bestmemit:   33.828445   47.738839    1.000000   42.331633  124.696742
Iteration: 27 bestvalit: 0.018337 bestmemit:   35.883902  -19.507363    1.000000  115.786881   56.930397
Iteration: 28 bestvalit: 0.018337 bestmemit:   35.883902  -19.507363    1.000000  115.786881   56.930397
Iteration: 29 bestvalit: 0.018337 bestmemit:   35.883902  -19.507363    1.000000  115.786881   56.930397
Iteration: 30 bestvalit: 0.016285 bestmemit:   46.713687  -27.808317    1.000000    9.056066  162.011119
Iteration: 31 bestvalit: 0.016285 bestmemit:   46.713687  -27.808317    1.000000    9.056066  162.011119
Iteration: 32 bestvalit: 0.013815 bestmemit:   18.655604  -17.968073    1.000000   13.485481   30.128609
Iteration: 33 bestvalit: 0.013815 bestmemit:   18.655604  -17.968073    1.000000   13.485481   30.128609
Iteration: 34 bestvalit: 0.011548 bestmemit:   49.988418  -33.407079    1.000000   36.760406   14.782491
Iteration: 35 bestvalit: 0.011548 bestmemit:   49.988418  -33.407079    1.000000   36.760406   14.782491
Iteration: 36 bestvalit: 0.011548 bestmemit:   49.988418  -33.407079    1.000000   36.760406   14.782491
Iteration: 37 bestvalit: 0.011548 bestmemit:   49.988418  -33.407079    1.000000   36.760406   14.782491
Iteration: 38 bestvalit: 0.011548 bestmemit:   49.988418  -33.407079    1.000000   36.760406   14.782491
Iteration: 39 bestvalit: 0.011548 bestmemit:   49.988418  -33.407079    1.000000   36.760406   14.782491
Iteration: 40 bestvalit: 0.011548 bestmemit:   49.988418  -33.407079    1.000000   36.760406   14.782491
Iteration: 41 bestvalit: 0.011548 bestmemit:   49.988418  -33.407079    1.000000   36.760406   14.782491
Iteration: 42 bestvalit: 0.011548 bestmemit:   49.988418  -33.407079    1.000000   36.760406   14.782491
Iteration: 43 bestvalit: 0.011548 bestmemit:   49.988418  -33.407079    1.000000   36.760406   14.782491
Iteration: 44 bestvalit: 0.011267 bestmemit:   34.924909  -14.047421    1.000000   45.867999    3.380364
Iteration: 45 bestvalit: 0.011267 bestmemit:   34.924909  -14.047421    1.000000   45.867999    3.380364
Iteration: 46 bestvalit: 0.011059 bestmemit:   36.505936  -13.333672    1.000000   24.479773   12.300116
Iteration: 47 bestvalit: 0.011059 bestmemit:   36.505936  -13.333672    1.000000   24.479773   12.300116
Iteration: 48 bestvalit: 0.009357 bestmemit:   26.669361  -16.939535    1.000000   18.251371    2.746744
Iteration: 49 bestvalit: 0.009357 bestmemit:   26.669361  -16.939535    1.000000   18.251371    2.746744
Iteration: 50 bestvalit: 0.009302 bestmemit:   26.669361  -16.437635    1.000000   18.251371    2.746744
Iteration: 51 bestvalit: 0.009302 bestmemit:   26.669361  -16.437635    1.000000   18.251371    2.746744
Iteration: 52 bestvalit: 0.009302 bestmemit:   26.669361  -16.437635    1.000000   18.251371    2.746744
Iteration: 53 bestvalit: 0.009302 bestmemit:   26.669361  -16.437635    1.000000   18.251371    2.746744
Iteration: 54 bestvalit: 0.009173 bestmemit:   35.285019  -23.085618    1.000000   18.251371    2.746744
Iteration: 55 bestvalit: 0.009173 bestmemit:   35.285019  -23.085618    1.000000   18.251371    2.746744
Iteration: 56 bestvalit: 0.009173 bestmemit:   35.285019  -23.085618    1.000000   18.251371    2.746744
Iteration: 57 bestvalit: 0.009173 bestmemit:   35.285019  -23.085618    1.000000   18.251371    2.746744
Iteration: 58 bestvalit: 0.009173 bestmemit:   35.285019  -23.085618    1.000000   18.251371    2.746744
Iteration: 59 bestvalit: 0.008939 bestmemit:   49.244037  -20.042866    1.000000   30.379072    0.977769
Iteration: 60 bestvalit: 0.008939 bestmemit:   49.244037  -20.042866    1.000000   30.379072    0.977769
Iteration: 61 bestvalit: 0.008939 bestmemit:   49.244037  -20.042866    1.000000   30.379072    0.977769
Iteration: 62 bestvalit: 0.008939 bestmemit:   49.244037  -20.042866    1.000000   30.379072    0.977769
Iteration: 63 bestvalit: 0.008657 bestmemit:   35.285019  -16.152077    1.000000   18.251371    2.746744
Iteration: 64 bestvalit: 0.008657 bestmemit:   35.285019  -16.152077    1.000000   18.251371    2.746744
Iteration: 65 bestvalit: 0.008448 bestmemit:   35.285019  -16.152077    1.000000   18.251371    1.697593
Iteration: 66 bestvalit: 0.008310 bestmemit:   35.285019  -16.152077    1.000000   11.716754    1.697593
Iteration: 67 bestvalit: 0.008307 bestmemit:   35.285019  -16.152077    1.000000    4.400373    1.071510
Iteration: 68 bestvalit: 0.008268 bestmemit:   49.244037  -20.042866    1.000000   21.663784    0.977769
Iteration: 69 bestvalit: 0.008021 bestmemit:   30.379321   -0.237393    1.000000   12.086454    0.407164
Iteration: 70 bestvalit: 0.007980 bestmemit:   46.207881  -16.195793    1.000000   10.330290    1.346454
Iteration: 71 bestvalit: 0.007963 bestmemit:   46.207881  -16.195793    1.000000   11.288624    1.346454
Iteration: 72 bestvalit: 0.007963 bestmemit:   46.207881  -16.195793    1.000000   11.288624    1.346454
Iteration: 73 bestvalit: 0.007787 bestmemit:   38.205527  -10.994892    1.000000   11.950684    1.027343
Iteration: 74 bestvalit: 0.007774 bestmemit:   29.898681   -3.506035    1.000000    6.689606    0.795548
Iteration: 75 bestvalit: 0.007700 bestmemit:   30.379321   -6.321356    1.000000   12.086454    0.407164
Iteration: 76 bestvalit: 0.007700 bestmemit:   30.379321   -6.321356    1.000000   12.086454    0.407164
Iteration: 77 bestvalit: 0.007661 bestmemit:   38.205527  -10.994892    1.000000   11.950684    0.232729
Iteration: 78 bestvalit: 0.007661 bestmemit:   38.205527  -10.994892    1.000000   11.950684    0.232729
Iteration: 79 bestvalit: 0.007628 bestmemit:   29.898681   -6.669746    1.000000    6.689606    0.795548
Iteration: 80 bestvalit: 0.007548 bestmemit:   38.205527  -10.994892    1.000000    2.516256    0.232729
Iteration: 81 bestvalit: 0.007548 bestmemit:   38.205527  -10.994892    1.000000    2.516256    0.232729
Iteration: 82 bestvalit: 0.007543 bestmemit:   40.314860   -9.577425    1.000000    9.143956    0.050784
Iteration: 83 bestvalit: 0.007543 bestmemit:   40.314860   -9.577425    1.000000    9.143956    0.050784
Iteration: 84 bestvalit: 0.007543 bestmemit:   40.314860   -9.577425    1.000000    9.143956    0.050784
Iteration: 85 bestvalit: 0.007543 bestmemit:   40.314860   -9.577425    1.000000    9.143956    0.050784
Iteration: 86 bestvalit: 0.007479 bestmemit:   38.205527  -10.994892    1.000000    6.554687    0.232729
Iteration: 87 bestvalit: 0.007467 bestmemit:   38.230878  -11.885242    1.000000    4.703481    0.213740
Iteration: 88 bestvalit: 0.007318 bestmemit:   26.498656   -5.347177    1.000000    2.656170    0.146453
Iteration: 89 bestvalit: 0.007318 bestmemit:   26.498656   -5.347177    1.000000    2.656170    0.146453
Iteration: 90 bestvalit: 0.007315 bestmemit:   26.498656   -5.347177    1.000000    3.106800    0.146453
Iteration: 91 bestvalit: 0.007315 bestmemit:   26.498656   -5.347177    1.000000    3.106800    0.146453
Iteration: 92 bestvalit: 0.007315 bestmemit:   26.498656   -5.347177    1.000000    3.106800    0.146453
Iteration: 93 bestvalit: 0.007315 bestmemit:   26.498656   -5.347177    1.000000    3.106800    0.146453
Iteration: 94 bestvalit: 0.007315 bestmemit:   26.498656   -5.347177    1.000000    3.106800    0.146453
Iteration: 95 bestvalit: 0.007279 bestmemit:   26.498656   -5.347177    1.000000    3.106800    0.057974
Iteration: 96 bestvalit: 0.007279 bestmemit:   26.498656   -5.347177    1.000000    3.106800    0.057974
Iteration: 97 bestvalit: 0.007279 bestmemit:   26.498656   -5.347177    1.000000    3.106800    0.057974
Iteration: 98 bestvalit: 0.007279 bestmemit:   26.498656   -5.347177    1.000000    3.106800    0.057974
Iteration: 99 bestvalit: 0.007279 bestmemit:   26.498656   -5.347177    1.000000    3.106800    0.057974
Iteration: 100 bestvalit: 0.007279 bestmemit:   26.498656   -5.347177    1.000000    3.106800    0.057974
Iteration: 101 bestvalit: 0.007279 bestmemit:   26.498656   -5.347177    1.000000    3.106800    0.057974
Iteration: 102 bestvalit: 0.007279 bestmemit:   26.498656   -5.347177    1.000000    3.106800    0.057974
Iteration: 103 bestvalit: 0.007279 bestmemit:   26.498656   -5.347177    1.000000    3.106800    0.057974
Iteration: 104 bestvalit: 0.007279 bestmemit:   26.498656   -5.347177    1.000000    3.106800    0.057974
Iteration: 105 bestvalit: 0.007279 bestmemit:   26.498656   -5.347177    1.000000    3.106800    0.057974
Iteration: 106 bestvalit: 0.007279 bestmemit:   26.498656   -5.347177    1.000000    3.106800    0.057974
Iteration: 107 bestvalit: 0.007277 bestmemit:   25.083313   -4.561739    1.000000    3.465820    0.035181
Iteration: 108 bestvalit: 0.007277 bestmemit:   25.083313   -4.561739    1.000000    3.465820    0.035181
Iteration: 109 bestvalit: 0.007277 bestmemit:   25.083313   -4.561739    1.000000    3.465820    0.035181
Iteration: 110 bestvalit: 0.007265 bestmemit:   25.083313   -4.561739    1.000000    2.405775    0.035181
Iteration: 111 bestvalit: 0.007265 bestmemit:   25.083313   -4.561739    1.000000    2.405775    0.035181
Iteration: 112 bestvalit: 0.007265 bestmemit:   25.083313   -4.561739    1.000000    2.405775    0.035181
Iteration: 113 bestvalit: 0.007265 bestmemit:   25.083313   -4.561739    1.000000    2.405775    0.035181
Iteration: 114 bestvalit: 0.007265 bestmemit:   25.083313   -4.561739    1.000000    2.405775    0.035181
Iteration: 115 bestvalit: 0.007265 bestmemit:   25.083313   -4.561739    1.000000    2.405775    0.035181
Iteration: 116 bestvalit: 0.007255 bestmemit:   24.167344   -4.103614    1.000000    1.499763    0.003826
Iteration: 117 bestvalit: 0.007241 bestmemit:   24.382871   -4.687018    1.000000    0.731541    0.001597
Iteration: 118 bestvalit: 0.007241 bestmemit:   24.382871   -4.687018    1.000000    0.731541    0.001597
Iteration: 119 bestvalit: 0.007241 bestmemit:   24.382871   -4.687018    1.000000    0.731541    0.001597
Iteration: 120 bestvalit: 0.007241 bestmemit:   24.382871   -4.687018    1.000000    0.731541    0.001597
Iteration: 121 bestvalit: 0.007241 bestmemit:   24.382871   -4.687018    1.000000    0.731541    0.001597
Iteration: 122 bestvalit: 0.007241 bestmemit:   24.382871   -4.687018    1.000000    0.731541    0.001597
Iteration: 123 bestvalit: 0.007241 bestmemit:   24.382871   -4.687018    1.000000    0.731541    0.001597
Iteration: 124 bestvalit: 0.007241 bestmemit:   24.382871   -4.687018    1.000000    0.731541    0.001597
Iteration: 125 bestvalit: 0.007241 bestmemit:   24.382871   -4.687018    1.000000    0.731541    0.001597
Iteration: 126 bestvalit: 0.007241 bestmemit:   24.382871   -4.687018    1.000000    0.731541    0.001597
Iteration: 127 bestvalit: 0.007241 bestmemit:   24.382871   -4.687018    1.000000    0.731541    0.001597
Iteration: 128 bestvalit: 0.007241 bestmemit:   24.382871   -4.687018    1.000000    0.731541    0.001597
Iteration: 129 bestvalit: 0.007241 bestmemit:   24.382871   -4.687018    1.000000    0.731541    0.001597
Iteration: 130 bestvalit: 0.007241 bestmemit:   24.382871   -4.687018    1.000000    0.731541    0.001597
Iteration: 131 bestvalit: 0.007241 bestmemit:   24.382871   -4.687018    1.000000    0.731541    0.001597
Iteration: 132 bestvalit: 0.007241 bestmemit:   24.382871   -4.687018    1.000000    0.731541    0.001597
Iteration: 133 bestvalit: 0.007241 bestmemit:   24.382871   -4.687018    1.000000    0.731541    0.001597
Iteration: 134 bestvalit: 0.007241 bestmemit:   24.382871   -4.687018    1.000000    0.731541    0.001597
Iteration: 135 bestvalit: 0.007241 bestmemit:   24.382871   -4.687018    1.000000    0.731541    0.001597
Iteration: 136 bestvalit: 0.007241 bestmemit:   24.382871   -4.687018    1.000000    0.731541    0.001597
Iteration: 137 bestvalit: 0.007241 bestmemit:   24.382871   -4.687018    1.000000    0.731541    0.001597
Iteration: 138 bestvalit: 0.007241 bestmemit:   24.382871   -4.687018    1.000000    0.731541    0.001597
Iteration: 139 bestvalit: 0.007241 bestmemit:   24.382871   -4.687018    1.000000    0.731541    0.001597
Iteration: 140 bestvalit: 0.007239 bestmemit:   23.838910   -4.654926    1.000000    0.254703    0.000301
Iteration: 141 bestvalit: 0.007239 bestmemit:   23.838910   -4.654926    1.000000    0.254703    0.000301
Iteration: 142 bestvalit: 0.007239 bestmemit:   23.838910   -4.654926    1.000000    0.254703    0.000301
Iteration: 143 bestvalit: 0.007239 bestmemit:   23.838910   -4.654926    1.000000    0.254703    0.000301
Iteration: 144 bestvalit: 0.007239 bestmemit:   23.838910   -4.654926    1.000000    0.254703    0.000301
Iteration: 145 bestvalit: 0.007239 bestmemit:   23.838910   -4.654926    1.000000    0.027063    0.000301
Iteration: 146 bestvalit: 0.007239 bestmemit:   23.838910   -4.654926    1.000000    0.027063    0.000301
Iteration: 147 bestvalit: 0.007239 bestmemit:   23.838910   -4.654926    1.000000    0.027063    0.000301
Iteration: 148 bestvalit: 0.007239 bestmemit:   23.838910   -4.654926    1.000000    0.027063    0.000301
Iteration: 149 bestvalit: 0.007239 bestmemit:   23.838910   -4.654926    1.000000    0.027063    0.000301
Iteration: 150 bestvalit: 0.007239 bestmemit:   23.838910   -4.654926    1.000000    0.027063    0.000301
Iteration: 151 bestvalit: 0.007239 bestmemit:   23.838910   -4.654926    1.000000    0.027063    0.000301
Iteration: 152 bestvalit: 0.007239 bestmemit:   23.838910   -4.654926    1.000000    0.027063    0.000301
Iteration: 153 bestvalit: 0.007239 bestmemit:   23.838910   -4.654926    1.000000    0.027063    0.000301
Iteration: 154 bestvalit: 0.007239 bestmemit:   23.838910   -4.654926    1.000000    0.027063    0.000301
Iteration: 155 bestvalit: 0.007239 bestmemit:   23.838910   -4.654926    1.000000    0.027063    0.000301
Iteration: 156 bestvalit: 0.007239 bestmemit:   25.456635   -5.587137    1.000000    0.026261    0.001053
Iteration: 157 bestvalit: 0.007239 bestmemit:   25.456635   -5.587137    1.000000    0.026261    0.001053
Iteration: 158 bestvalit: 0.007238 bestmemit:   24.842812   -5.260745    1.000000    0.000420    0.001850
Iteration: 159 bestvalit: 0.007238 bestmemit:   24.842812   -5.260745    1.000000    0.000420    0.001850
Iteration: 160 bestvalit: 0.007238 bestmemit:   24.842812   -5.260745    1.000000    0.000420    0.001850
Iteration: 161 bestvalit: 0.007238 bestmemit:   24.842812   -5.260745    1.000000    0.000420    0.001850
Iteration: 162 bestvalit: 0.007238 bestmemit:   24.842812   -5.260745    1.000000    0.000420    0.001850
Iteration: 163 bestvalit: 0.007238 bestmemit:   24.842812   -5.260745    1.000000    0.000420    0.001850
Iteration: 164 bestvalit: 0.007238 bestmemit:   24.842812   -5.260745    1.000000    0.000420    0.001850
Iteration: 165 bestvalit: 0.007238 bestmemit:   24.842812   -5.260745    1.000000    0.000420    0.001850
Iteration: 166 bestvalit: 0.007238 bestmemit:   24.842812   -5.260745    1.000000    0.000420    0.001850
Iteration: 167 bestvalit: 0.007238 bestmemit:   24.842812   -5.260745    1.000000    0.000420    0.001850
Iteration: 168 bestvalit: 0.007238 bestmemit:   24.842812   -5.260745    1.000000    0.000420    0.001850
Iteration: 169 bestvalit: 0.007238 bestmemit:   24.614990   -5.023352    1.000000    0.305295    0.000233
Iteration: 170 bestvalit: 0.007238 bestmemit:   24.614990   -5.023352    1.000000    0.305295    0.000233
Iteration: 171 bestvalit: 0.007238 bestmemit:   24.614990   -5.023352    1.000000    0.305295    0.000233
Iteration: 172 bestvalit: 0.007238 bestmemit:   24.757211   -5.112249    1.000000    0.185663    0.000272
Iteration: 173 bestvalit: 0.007238 bestmemit:   24.757211   -5.112249    1.000000    0.185663    0.000272
Iteration: 174 bestvalit: 0.007238 bestmemit:   24.757211   -5.112249    1.000000    0.105107    0.000272
Iteration: 175 bestvalit: 0.007238 bestmemit:   24.757211   -5.112249    1.000000    0.105107    0.000272
Iteration: 176 bestvalit: 0.007238 bestmemit:   24.757211   -5.112249    1.000000    0.105107    0.000272
Iteration: 177 bestvalit: 0.007238 bestmemit:   24.757211   -5.112249    1.000000    0.105107    0.000272
Iteration: 178 bestvalit: 0.007238 bestmemit:   24.757211   -5.112249    1.000000    0.105107    0.000272
Iteration: 179 bestvalit: 0.007238 bestmemit:   24.757211   -5.112249    1.000000    0.105107    0.000272
Iteration: 180 bestvalit: 0.007238 bestmemit:   24.757211   -5.112249    1.000000    0.105107    0.000272
Iteration: 181 bestvalit: 0.007238 bestmemit:   24.757211   -5.112249    1.000000    0.105107    0.000272
Iteration: 182 bestvalit: 0.007238 bestmemit:   24.757211   -5.112249    1.000000    0.105107    0.000272
Iteration: 183 bestvalit: 0.007238 bestmemit:   24.757211   -5.112249    1.000000    0.105107    0.000272
Iteration: 184 bestvalit: 0.007238 bestmemit:   24.757211   -5.112249    1.000000    0.105107    0.000272
Iteration: 185 bestvalit: 0.007238 bestmemit:   24.757211   -5.112249    1.000000    0.105107    0.000272
Iteration: 186 bestvalit: 0.007238 bestmemit:   24.757211   -5.112249    1.000000    0.105107    0.000272
Iteration: 187 bestvalit: 0.007238 bestmemit:   24.757211   -5.112249    1.000000    0.105107    0.000272
Iteration: 188 bestvalit: 0.007238 bestmemit:   24.757211   -5.112249    1.000000    0.105107    0.000272
Iteration: 189 bestvalit: 0.007238 bestmemit:   24.757211   -5.112249    1.000000    0.105107    0.000272
Iteration: 190 bestvalit: 0.007238 bestmemit:   24.757211   -5.112249    1.000000    0.105107    0.000272
Iteration: 191 bestvalit: 0.007238 bestmemit:   25.187866   -5.407041    1.000000    0.085457    0.000042
Iteration: 192 bestvalit: 0.007238 bestmemit:   25.187866   -5.407041    1.000000    0.085457    0.000042
Iteration: 193 bestvalit: 0.007238 bestmemit:   24.389931   -4.984315    1.000000    0.029553    0.000303
Iteration: 194 bestvalit: 0.007238 bestmemit:   24.389931   -4.984315    1.000000    0.029553    0.000303
Iteration: 195 bestvalit: 0.007238 bestmemit:   24.352338   -4.939262    1.000000    0.090116    0.000031
Iteration: 196 bestvalit: 0.007238 bestmemit:   24.952528   -5.268617    1.000000    0.038966    0.000088
Iteration: 197 bestvalit: 0.007238 bestmemit:   24.952528   -5.268617    1.000000    0.038966    0.000088
Iteration: 198 bestvalit: 0.007238 bestmemit:   24.952528   -5.268617    1.000000    0.038966    0.000088
Iteration: 199 bestvalit: 0.007238 bestmemit:   24.952528   -5.268617    1.000000    0.038966    0.000088
Iteration: 200 bestvalit: 0.007238 bestmemit:   24.952528   -5.268617    1.000000    0.013288    0.000088
Iteration: 201 bestvalit: 0.007238 bestmemit:   24.952528   -5.268617    1.000000    0.013288    0.000088
Iteration: 202 bestvalit: 0.007238 bestmemit:   24.952528   -5.268617    1.000000    0.013288    0.000088
Iteration: 203 bestvalit: 0.007238 bestmemit:   24.952528   -5.268617    1.000000    0.013288    0.000088
Iteration: 204 bestvalit: 0.007238 bestmemit:   24.842812   -5.225391    1.000000    0.006489    0.000231
Iteration: 205 bestvalit: 0.007238 bestmemit:   24.842812   -5.225391    1.000000    0.006489    0.000231
Iteration: 206 bestvalit: 0.007237 bestmemit:   24.814465   -5.216538    1.000000    0.000827    0.000005
Iteration: 207 bestvalit: 0.007237 bestmemit:   24.814465   -5.216538    1.000000    0.000827    0.000005
Iteration: 208 bestvalit: 0.007237 bestmemit:   24.814465   -5.216538    1.000000    0.000827    0.000005
Iteration: 209 bestvalit: 0.007237 bestmemit:   24.814465   -5.216538    1.000000    0.000827    0.000005
Iteration: 210 bestvalit: 0.007237 bestmemit:   24.814465   -5.216538    1.000000    0.000827    0.000005
Iteration: 211 bestvalit: 0.007237 bestmemit:   24.814465   -5.216538    1.000000    0.000827    0.000005
Iteration: 212 bestvalit: 0.007237 bestmemit:   24.814465   -5.216538    1.000000    0.000827    0.000005
Iteration: 213 bestvalit: 0.007237 bestmemit:   24.814465   -5.216538    1.000000    0.000827    0.000005
Iteration: 214 bestvalit: 0.007237 bestmemit:   24.814465   -5.216538    1.000000    0.000827    0.000005
Iteration: 215 bestvalit: 0.007237 bestmemit:   24.814465   -5.216538    1.000000    0.000827    0.000005
Iteration: 216 bestvalit: 0.007237 bestmemit:   24.814465   -5.206387    1.000000    0.000827    0.000005
Iteration: 217 bestvalit: 0.007237 bestmemit:   24.814465   -5.206387    1.000000    0.000827    0.000005
Iteration: 218 bestvalit: 0.007237 bestmemit:   24.814465   -5.206387    1.000000    0.000827    0.000005
Iteration: 219 bestvalit: 0.007237 bestmemit:   24.814465   -5.206387    1.000000    0.000827    0.000005
Iteration: 220 bestvalit: 0.007237 bestmemit:   24.814465   -5.206387    1.000000    0.000827    0.000005
Iteration: 221 bestvalit: 0.007237 bestmemit:   24.814465   -5.206387    1.000000    0.000827    0.000005
Iteration: 222 bestvalit: 0.007237 bestmemit:   24.814465   -5.206387    1.000000    0.000827    0.000005
Iteration: 223 bestvalit: 0.007237 bestmemit:   24.814465   -5.206387    1.000000    0.000827    0.000005
Iteration: 224 bestvalit: 0.007237 bestmemit:   24.814465   -5.206387    1.000000    0.000827    0.000005
Iteration: 225 bestvalit: 0.007237 bestmemit:   24.814465   -5.206387    1.000000    0.000827    0.000005
Iteration: 226 bestvalit: 0.007237 bestmemit:   24.814465   -5.206387    1.000000    0.000827    0.000005
Iteration: 227 bestvalit: 0.007237 bestmemit:   24.814465   -5.206387    1.000000    0.000827    0.000005
Iteration: 228 bestvalit: 0.007237 bestmemit:   24.814465   -5.206387    1.000000    0.000827    0.000005
Iteration: 229 bestvalit: 0.007237 bestmemit:   24.814465   -5.206387    1.000000    0.000827    0.000005
Iteration: 230 bestvalit: 0.007237 bestmemit:   24.814465   -5.206387    1.000000    0.000827    0.000005
Iteration: 231 bestvalit: 0.007237 bestmemit:   24.814465   -5.206387    1.000000    0.000827    0.000005
Iteration: 232 bestvalit: 0.007237 bestmemit:   24.814465   -5.206387    1.000000    0.000827    0.000005
Iteration: 233 bestvalit: 0.007237 bestmemit:   24.814465   -5.206387    1.000000    0.000827    0.000005
Iteration: 234 bestvalit: 0.007237 bestmemit:   24.814465   -5.206387    1.000000    0.000827    0.000005
Iteration: 235 bestvalit: 0.007237 bestmemit:   24.814465   -5.206387    1.000000    0.000827    0.000005
Iteration: 236 bestvalit: 0.007237 bestmemit:   24.814465   -5.206387    1.000000    0.000827    0.000005
Iteration: 237 bestvalit: 0.007237 bestmemit:   24.814465   -5.206387    1.000000    0.000827    0.000005
Iteration: 238 bestvalit: 0.007237 bestmemit:   24.814465   -5.206387    1.000000    0.000827    0.000005
Iteration: 239 bestvalit: 0.007237 bestmemit:   24.814465   -5.206387    1.000000    0.000827    0.000005
Iteration: 240 bestvalit: 0.007237 bestmemit:   24.814465   -5.206387    1.000000    0.000827    0.000005
Iteration: 241 bestvalit: 0.007237 bestmemit:   24.814465   -5.206387    1.000000    0.000827    0.000005
Iteration: 242 bestvalit: 0.007237 bestmemit:   24.701945   -5.148478    1.000000    0.000635    0.000014
Iteration: 243 bestvalit: 0.007237 bestmemit:   24.701945   -5.148478    1.000000    0.000635    0.000014
Iteration: 244 bestvalit: 0.007237 bestmemit:   24.701945   -5.148478    1.000000    0.000635    0.000014
Iteration: 245 bestvalit: 0.007237 bestmemit:   24.698314   -5.146837    1.000000    0.001525    0.000003
Iteration: 246 bestvalit: 0.007237 bestmemit:   24.698314   -5.146837    1.000000    0.001525    0.000003
Iteration: 247 bestvalit: 0.007237 bestmemit:   24.698314   -5.146837    1.000000    0.001525    0.000003
Iteration: 248 bestvalit: 0.007237 bestmemit:   24.698314   -5.146837    1.000000    0.001525    0.000003
Iteration: 249 bestvalit: 0.007237 bestmemit:   24.698314   -5.146837    1.000000    0.001525    0.000003
Iteration: 250 bestvalit: 0.007237 bestmemit:   24.698314   -5.146837    1.000000    0.001525    0.000003
Iteration: 251 bestvalit: 0.007237 bestmemit:   24.698314   -5.146837    1.000000    0.001525    0.000003
Iteration: 252 bestvalit: 0.007237 bestmemit:   24.698314   -5.146837    1.000000    0.001525    0.000003
Iteration: 253 bestvalit: 0.007237 bestmemit:   24.698314   -5.146837    1.000000    0.001525    0.000003
Iteration: 254 bestvalit: 0.007237 bestmemit:   24.764806   -5.177890    1.000000    0.000971    0.000007
Iteration: 255 bestvalit: 0.007237 bestmemit:   24.764806   -5.177890    1.000000    0.000941    0.000007
Iteration: 256 bestvalit: 0.007237 bestmemit:   24.730949   -5.164057    1.000000    0.000271    0.000007
Iteration: 257 bestvalit: 0.007237 bestmemit:   24.730949   -5.164057    1.000000    0.000271    0.000007
Iteration: 258 bestvalit: 0.007237 bestmemit:   24.730949   -5.164057    1.000000    0.000271    0.000007
Iteration: 259 bestvalit: 0.007237 bestmemit:   24.730949   -5.164057    1.000000    0.000271    0.000007
Iteration: 260 bestvalit: 0.007237 bestmemit:   24.747059   -5.168454    1.000000    0.000133    0.000008
Iteration: 261 bestvalit: 0.007237 bestmemit:   24.748127   -5.170965    1.000000    0.000471    0.000006
Iteration: 262 bestvalit: 0.007237 bestmemit:   24.713888   -5.152502    1.000000    0.000479    0.000002
Iteration: 263 bestvalit: 0.007237 bestmemit:   24.730670   -5.163608    1.000000    0.000682    0.000000
Iteration: 264 bestvalit: 0.007237 bestmemit:   24.730670   -5.163608    1.000000    0.000682    0.000000
Iteration: 265 bestvalit: 0.007237 bestmemit:   24.730949   -5.164057    1.000000    0.000047    0.000001
Iteration: 266 bestvalit: 0.007237 bestmemit:   24.724535   -5.156481    1.000000    0.000198    0.000002
Iteration: 267 bestvalit: 0.007237 bestmemit:   24.724535   -5.156481    1.000000    0.000198    0.000002
Iteration: 268 bestvalit: 0.007237 bestmemit:   24.724535   -5.156481    1.000000    0.000198    0.000002
Iteration: 269 bestvalit: 0.007237 bestmemit:   24.724535   -5.156481    1.000000    0.000198    0.000002
Iteration: 270 bestvalit: 0.007237 bestmemit:   24.724535   -5.156481    1.000000    0.000198    0.000002
Iteration: 271 bestvalit: 0.007237 bestmemit:   24.722253   -5.155436    1.000000    0.000062    0.000000
Iteration: 272 bestvalit: 0.007237 bestmemit:   24.722253   -5.155436    1.000000    0.000062    0.000000
Iteration: 273 bestvalit: 0.007237 bestmemit:   24.722253   -5.155436    1.000000    0.000062    0.000000
Iteration: 274 bestvalit: 0.007237 bestmemit:   24.722253   -5.155436    1.000000    0.000062    0.000000
Iteration: 275 bestvalit: 0.007237 bestmemit:   24.722253   -5.155436    1.000000    0.000062    0.000000
Iteration: 276 bestvalit: 0.007237 bestmemit:   24.722253   -5.155436    1.000000    0.000062    0.000000
Iteration: 277 bestvalit: 0.007237 bestmemit:   24.734872   -5.163102    1.000000    0.000180    0.000000
Iteration: 278 bestvalit: 0.007237 bestmemit:   24.734872   -5.163102    1.000000    0.000180    0.000000
Iteration: 279 bestvalit: 0.007237 bestmemit:   24.734872   -5.163102    1.000000    0.000180    0.000000
Iteration: 280 bestvalit: 0.007237 bestmemit:   24.734872   -5.163102    1.000000    0.000180    0.000000
Iteration: 281 bestvalit: 0.007237 bestmemit:   24.734872   -5.163102    1.000000    0.000180    0.000000
Iteration: 282 bestvalit: 0.007237 bestmemit:   24.734872   -5.163102    1.000000    0.000180    0.000000
Iteration: 283 bestvalit: 0.007237 bestmemit:   24.734872   -5.163102    1.000000    0.000180    0.000000
Iteration: 284 bestvalit: 0.007237 bestmemit:   24.734872   -5.163102    1.000000    0.000180    0.000000
Iteration: 285 bestvalit: 0.007237 bestmemit:   24.734872   -5.163102    1.000000    0.000180    0.000000
Iteration: 286 bestvalit: 0.007237 bestmemit:   24.727268   -5.159228    1.000000    0.000021    0.000000
Iteration: 287 bestvalit: 0.007237 bestmemit:   24.727268   -5.159228    1.000000    0.000021    0.000000
Iteration: 288 bestvalit: 0.007237 bestmemit:   24.727268   -5.159228    1.000000    0.000021    0.000000
Iteration: 289 bestvalit: 0.007237 bestmemit:   24.730530   -5.160395    1.000000    0.000044    0.000000
Iteration: 290 bestvalit: 0.007237 bestmemit:   24.730530   -5.160395    1.000000    0.000044    0.000000
Iteration: 291 bestvalit: 0.007237 bestmemit:   24.734872   -5.163102    1.000000    0.000086    0.000000
Iteration: 292 bestvalit: 0.007237 bestmemit:   24.734872   -5.163102    1.000000    0.000086    0.000000
Iteration: 293 bestvalit: 0.007237 bestmemit:   24.734872   -5.163102    1.000000    0.000086    0.000000
Iteration: 294 bestvalit: 0.007237 bestmemit:   24.734872   -5.163102    1.000000    0.000086    0.000000
Iteration: 295 bestvalit: 0.007237 bestmemit:   24.734872   -5.163102    1.000000    0.000086    0.000000
Iteration: 296 bestvalit: 0.007237 bestmemit:   24.734650   -5.163332    1.000000    0.000016    0.000000
Iteration: 297 bestvalit: 0.007237 bestmemit:   24.734650   -5.163332    1.000000    0.000016    0.000000
Iteration: 298 bestvalit: 0.007237 bestmemit:   24.734650   -5.163332    1.000000    0.000016    0.000000
Iteration: 299 bestvalit: 0.007237 bestmemit:   24.734650   -5.163332    1.000000    0.000016    0.000000
Iteration: 300 bestvalit: 0.007237 bestmemit:   24.734650   -5.163332    1.000000    0.000016    0.000000
Iteration: 301 bestvalit: 0.007237 bestmemit:   24.734650   -5.163332    1.000000    0.000016    0.000000
Iteration: 302 bestvalit: 0.007237 bestmemit:   24.734650   -5.163332    1.000000    0.000016    0.000000
Iteration: 303 bestvalit: 0.007237 bestmemit:   24.734650   -5.163332    1.000000    0.000016    0.000000
Iteration: 304 bestvalit: 0.007237 bestmemit:   24.734650   -5.163332    1.000000    0.000016    0.000000
Iteration: 305 bestvalit: 0.007237 bestmemit:   24.734650   -5.163332    1.000000    0.000016    0.000000
Iteration: 306 bestvalit: 0.007237 bestmemit:   24.734650   -5.163332    1.000000    0.000016    0.000000
Iteration: 307 bestvalit: 0.007237 bestmemit:   24.734650   -5.163332    1.000000    0.000016    0.000000
Iteration: 308 bestvalit: 0.007237 bestmemit:   24.734650   -5.163332    1.000000    0.000016    0.000000
Iteration: 309 bestvalit: 0.007237 bestmemit:   24.738180   -5.165394    1.000000    0.000003    0.000000
Iteration: 310 bestvalit: 0.007237 bestmemit:   24.735013   -5.163251    1.000000    0.000007    0.000000
Iteration: 311 bestvalit: 0.007237 bestmemit:   24.735013   -5.163251    1.000000    0.000007    0.000000
Iteration: 312 bestvalit: 0.007237 bestmemit:   24.735013   -5.163251    1.000000    0.000007    0.000000
Iteration: 313 bestvalit: 0.007237 bestmemit:   24.733829   -5.162569    1.000000    0.000003    0.000000
Iteration: 314 bestvalit: 0.007237 bestmemit:   24.733829   -5.162569    1.000000    0.000003    0.000000
Iteration: 315 bestvalit: 0.007237 bestmemit:   24.733829   -5.162569    1.000000    0.000003    0.000000
Iteration: 316 bestvalit: 0.007237 bestmemit:   24.733829   -5.162569    1.000000    0.000003    0.000000
Iteration: 317 bestvalit: 0.007237 bestmemit:   24.733829   -5.162569    1.000000    0.000003    0.000000
Iteration: 318 bestvalit: 0.007237 bestmemit:   24.733829   -5.162569    1.000000    0.000003    0.000000
Iteration: 319 bestvalit: 0.007237 bestmemit:   24.734872   -5.163102    1.000000    0.000001    0.000000
Iteration: 320 bestvalit: 0.007237 bestmemit:   24.734872   -5.163102    1.000000    0.000001    0.000000
Iteration: 321 bestvalit: 0.007237 bestmemit:   24.733829   -5.162569    1.000000    0.000000    0.000000
Iteration: 322 bestvalit: 0.007237 bestmemit:   24.733829   -5.162569    1.000000    0.000000    0.000000
Iteration: 323 bestvalit: 0.007237 bestmemit:   24.733829   -5.162569    1.000000    0.000000    0.000000
Iteration: 324 bestvalit: 0.007237 bestmemit:   24.733829   -5.162569    1.000000    0.000000    0.000000
Iteration: 325 bestvalit: 0.007237 bestmemit:   24.733829   -5.162569    1.000000    0.000000    0.000000
Iteration: 326 bestvalit: 0.007237 bestmemit:   24.733829   -5.162569    1.000000    0.000000    0.000000
Iteration: 327 bestvalit: 0.007237 bestmemit:   24.733829   -5.162569    1.000000    0.000000    0.000000
Iteration: 328 bestvalit: 0.007237 bestmemit:   24.733829   -5.162569    1.000000    0.000000    0.000000
Iteration: 329 bestvalit: 0.007237 bestmemit:   24.734952   -5.163251    1.000000    0.000002    0.000000
Iteration: 330 bestvalit: 0.007237 bestmemit:   24.734952   -5.163251    1.000000    0.000002    0.000000
Iteration: 331 bestvalit: 0.007237 bestmemit:   24.734952   -5.163251    1.000000    0.000002    0.000000
Iteration: 332 bestvalit: 0.007237 bestmemit:   24.734952   -5.163251    1.000000    0.000002    0.000000
Iteration: 333 bestvalit: 0.007237 bestmemit:   24.734952   -5.163251    1.000000    0.000002    0.000000
Iteration: 334 bestvalit: 0.007237 bestmemit:   24.734952   -5.163251    1.000000    0.000001    0.000000
Iteration: 335 bestvalit: 0.007237 bestmemit:   24.734952   -5.163251    1.000000    0.000001    0.000000
Iteration: 336 bestvalit: 0.007237 bestmemit:   24.734242   -5.162942    1.000000    0.000000    0.000000
Iteration: 337 bestvalit: 0.007237 bestmemit:   24.735728   -5.163651    1.000000    0.000002    0.000000
Iteration: 338 bestvalit: 0.007237 bestmemit:   24.734952   -5.163251    1.000000    0.000001    0.000000
Iteration: 339 bestvalit: 0.007237 bestmemit:   24.734952   -5.163251    1.000000    0.000001    0.000000
Iteration: 340 bestvalit: 0.007237 bestmemit:   24.734952   -5.163251    1.000000    0.000001    0.000000
Iteration: 341 bestvalit: 0.007237 bestmemit:   24.734952   -5.163251    1.000000    0.000001    0.000000
Iteration: 342 bestvalit: 0.007237 bestmemit:   24.734952   -5.163251    1.000000    0.000001    0.000000
Iteration: 343 bestvalit: 0.007237 bestmemit:   24.734952   -5.163251    1.000000    0.000001    0.000000
Iteration: 344 bestvalit: 0.007237 bestmemit:   24.734952   -5.163251    1.000000    0.000001    0.000000
Iteration: 345 bestvalit: 0.007237 bestmemit:   24.734952   -5.163251    1.000000    0.000001    0.000000
Iteration: 346 bestvalit: 0.007237 bestmemit:   24.734952   -5.163251    1.000000    0.000001    0.000000
Iteration: 347 bestvalit: 0.007237 bestmemit:   24.734952   -5.163251    1.000000    0.000001    0.000000
Iteration: 348 bestvalit: 0.007237 bestmemit:   24.734952   -5.163251    1.000000    0.000001    0.000000
Iteration: 349 bestvalit: 0.007237 bestmemit:   24.734952   -5.163251    1.000000    0.000001    0.000000
Iteration: 350 bestvalit: 0.007237 bestmemit:   24.734952   -5.163251    1.000000    0.000001    0.000000
Iteration: 351 bestvalit: 0.007237 bestmemit:   24.734952   -5.163251    1.000000    0.000001    0.000000
Iteration: 352 bestvalit: 0.007237 bestmemit:   24.734952   -5.163251    1.000000    0.000001    0.000000
Iteration: 353 bestvalit: 0.007237 bestmemit:   24.734952   -5.163251    1.000000    0.000001    0.000000
Iteration: 354 bestvalit: 0.007237 bestmemit:   24.734952   -5.163251    1.000000    0.000001    0.000000
Iteration: 355 bestvalit: 0.007237 bestmemit:   24.734952   -5.163251    1.000000    0.000001    0.000000
Iteration: 356 bestvalit: 0.007237 bestmemit:   24.735306   -5.163473    1.000000    0.000000    0.000000
Iteration: 357 bestvalit: 0.007237 bestmemit:   24.734805   -5.163169    1.000000    0.000000    0.000000
Iteration: 358 bestvalit: 0.007237 bestmemit:   24.734805   -5.163169    1.000000    0.000000    0.000000
Iteration: 359 bestvalit: 0.007237 bestmemit:   24.735707   -5.163651    1.000000    0.000001    0.000000
Iteration: 360 bestvalit: 0.007237 bestmemit:   24.735018   -5.163284    1.000000    0.000000    0.000000
Iteration: 361 bestvalit: 0.007237 bestmemit:   24.735707   -5.163651    1.000000    0.000000    0.000000
Iteration: 362 bestvalit: 0.007237 bestmemit:   24.735657   -5.163601    1.000000    0.000000    0.000000
Iteration: 363 bestvalit: 0.007237 bestmemit:   24.735657   -5.163601    1.000000    0.000000    0.000000
Iteration: 364 bestvalit: 0.007237 bestmemit:   24.735657   -5.163601    1.000000    0.000000    0.000000
Iteration: 365 bestvalit: 0.007237 bestmemit:   24.735657   -5.163601    1.000000    0.000000    0.000000
Iteration: 366 bestvalit: 0.007237 bestmemit:   24.735355   -5.163466    1.000000    0.000000    0.000000
Iteration: 367 bestvalit: 0.007237 bestmemit:   24.735355   -5.163466    1.000000    0.000000    0.000000

***** summary of DEoptim object ***** 
best member   :  24.73536 -5.16347 1 0 0 
best value    :  0.00724 
after         :  367 generations 
fn evaluated  :  736 times 
*************************************
