SLURM_JOB_ID: 55403067
SLURM_JOB_USER: vsc34066
SLURM_JOB_ACCOUNT: lp_desenderlab
SLURM_JOB_NAME: par_recov_alternating_fb_sim_alpha_learn.slurm
SLURM_CLUSTER_NAME: genius
SLURM_JOB_PARTITION: batch
SLURM_ARRAY_JOB_ID: 55402977
SLURM_ARRAY_TASK_ID: 90
SLURM_NNODES: 2
SLURM_NODELIST: r22i13n[05-06]
SLURM_JOB_CPUS_PER_NODE: 6,2
Date: Sun Dec  3 23:44:00 CET 2023
Walltime: 01-06:00:00
========================================================================
Iteration: 1 bestvalit: 0.046347 bestmemit:    5.690090  -68.024808    1.000000  331.717555  185.512030
Iteration: 2 bestvalit: 0.046347 bestmemit:    5.690090  -68.024808    1.000000  331.717555  185.512030
Iteration: 3 bestvalit: 0.042065 bestmemit:   22.837378   53.808372    1.000000  131.480324   12.517489
Iteration: 4 bestvalit: 0.042065 bestmemit:   22.837378   53.808372    1.000000  131.480324   12.517489
Iteration: 5 bestvalit: 0.020850 bestmemit:   16.786595  -77.393390    1.000000   29.409906  150.685904
Iteration: 6 bestvalit: 0.020850 bestmemit:   16.786595  -77.393390    1.000000   29.409906  150.685904
Iteration: 7 bestvalit: 0.020850 bestmemit:   16.786595  -77.393390    1.000000   29.409906  150.685904
Iteration: 8 bestvalit: 0.020850 bestmemit:   16.786595  -77.393390    1.000000   29.409906  150.685904
Iteration: 9 bestvalit: 0.020850 bestmemit:   16.786595  -77.393390    1.000000   29.409906  150.685904
Iteration: 10 bestvalit: 0.019676 bestmemit:   16.786595  -44.116348    1.000000   29.409906  150.685904
Iteration: 11 bestvalit: 0.019676 bestmemit:   16.786595  -44.116348    1.000000   29.409906  150.685904
Iteration: 12 bestvalit: 0.019676 bestmemit:   16.786595  -44.116348    1.000000   29.409906  150.685904
Iteration: 13 bestvalit: 0.017923 bestmemit:   25.535332  -44.116348    1.000000   29.409906  150.685904
Iteration: 14 bestvalit: 0.017923 bestmemit:   25.535332  -44.116348    1.000000   29.409906  150.685904
Iteration: 15 bestvalit: 0.017923 bestmemit:   25.535332  -44.116348    1.000000   29.409906  150.685904
Iteration: 16 bestvalit: 0.017923 bestmemit:   25.535332  -44.116348    1.000000   29.409906  150.685904
Iteration: 17 bestvalit: 0.017923 bestmemit:   25.535332  -44.116348    1.000000   29.409906  150.685904
Iteration: 18 bestvalit: 0.017923 bestmemit:   25.535332  -44.116348    1.000000   29.409906  150.685904
Iteration: 19 bestvalit: 0.017923 bestmemit:   25.535332  -44.116348    1.000000   29.409906  150.685904
Iteration: 20 bestvalit: 0.017923 bestmemit:   25.535332  -44.116348    1.000000   29.409906  150.685904
Iteration: 21 bestvalit: 0.017923 bestmemit:   25.535332  -44.116348    1.000000   29.409906  150.685904
Iteration: 22 bestvalit: 0.017486 bestmemit:   25.535332    7.099202    1.000000   29.409906  150.685904
Iteration: 23 bestvalit: 0.017486 bestmemit:   25.535332    7.099202    1.000000   29.409906  150.685904
Iteration: 24 bestvalit: 0.017486 bestmemit:   25.535332    7.099202    1.000000   29.409906  150.685904
Iteration: 25 bestvalit: 0.017486 bestmemit:   25.535332    7.099202    1.000000   29.409906  150.685904
Iteration: 26 bestvalit: 0.017486 bestmemit:   25.535332    7.099202    1.000000   29.409906  150.685904
Iteration: 27 bestvalit: 0.017486 bestmemit:   25.535332    7.099202    1.000000   29.409906  150.685904
Iteration: 28 bestvalit: 0.017486 bestmemit:   25.535332    7.099202    1.000000   29.409906  150.685904
Iteration: 29 bestvalit: 0.017486 bestmemit:   25.535332    7.099202    1.000000   29.409906  150.685904
Iteration: 30 bestvalit: 0.017486 bestmemit:   25.535332    7.099202    1.000000   29.409906  150.685904
Iteration: 31 bestvalit: 0.016871 bestmemit:   48.979708  -50.355418    1.000000   36.066766  286.113650
Iteration: 32 bestvalit: 0.016871 bestmemit:   48.979708  -50.355418    1.000000   36.066766  286.113650
Iteration: 33 bestvalit: 0.016871 bestmemit:   48.979708  -50.355418    1.000000   36.066766  286.113650
Iteration: 34 bestvalit: 0.016871 bestmemit:   48.979708  -50.355418    1.000000   36.066766  286.113650
Iteration: 35 bestvalit: 0.016871 bestmemit:   48.979708  -50.355418    1.000000   36.066766  286.113650
Iteration: 36 bestvalit: 0.016871 bestmemit:   48.979708  -50.355418    1.000000   36.066766  286.113650
Iteration: 37 bestvalit: 0.016666 bestmemit:   48.979708  -25.971488    1.000000   36.066766  286.113650
Iteration: 38 bestvalit: 0.015195 bestmemit:   45.778139   42.188895    1.000000   20.479021  330.141194
Iteration: 39 bestvalit: 0.015195 bestmemit:   45.778139   42.188895    1.000000   20.479021  330.141194
Iteration: 40 bestvalit: 0.015195 bestmemit:   45.778139   42.188895    1.000000   20.479021  330.141194
Iteration: 41 bestvalit: 0.015195 bestmemit:   45.778139   42.188895    1.000000   20.479021  330.141194
Iteration: 42 bestvalit: 0.014828 bestmemit:   38.228924   12.175798    1.000000   13.629064  312.126018
Iteration: 43 bestvalit: 0.014828 bestmemit:   38.228924   12.175798    1.000000   13.629064  312.126018
Iteration: 44 bestvalit: 0.013169 bestmemit:   43.435074    0.804562    1.000000   12.112632  184.668220
Iteration: 45 bestvalit: 0.013161 bestmemit:   43.435074   24.810644    1.000000   12.112632  184.668220
Iteration: 46 bestvalit: 0.010580 bestmemit:   29.747192   52.729360    1.000000    2.597086  169.388491
Iteration: 47 bestvalit: 0.010580 bestmemit:   29.747192   52.729360    1.000000    2.597086  169.388491
Iteration: 48 bestvalit: 0.010580 bestmemit:   29.747192   52.729360    1.000000    2.597086  169.388491
Iteration: 49 bestvalit: 0.010269 bestmemit:   35.536569   52.729360    1.000000    2.597086  169.388491
Iteration: 50 bestvalit: 0.010269 bestmemit:   35.536569   52.729360    1.000000    2.597086  169.388491
Iteration: 51 bestvalit: 0.010269 bestmemit:   35.536569   52.729360    1.000000    2.597086  169.388491
Iteration: 52 bestvalit: 0.010269 bestmemit:   35.536569   52.729360    1.000000    2.597086  169.388491
Iteration: 53 bestvalit: 0.010161 bestmemit:   39.593379   52.729360    1.000000    2.597086  169.388491
Iteration: 54 bestvalit: 0.010161 bestmemit:   39.593379   52.729360    1.000000    2.597086  169.388491
Iteration: 55 bestvalit: 0.010072 bestmemit:   46.980022    7.099202    1.000000    0.500340  150.685904
Iteration: 56 bestvalit: 0.008943 bestmemit:   43.164107   32.404273    1.000000    4.706767   21.494588
Iteration: 57 bestvalit: 0.008943 bestmemit:   43.164107   32.404273    1.000000    4.706767   21.494588
Iteration: 58 bestvalit: 0.008943 bestmemit:   43.164107   32.404273    1.000000    4.706767   21.494588
Iteration: 59 bestvalit: 0.008581 bestmemit:   48.579266   18.989783    1.000000    0.500340   17.068230
Iteration: 60 bestvalit: 0.008581 bestmemit:   48.579266   18.989783    1.000000    0.500340   17.068230
Iteration: 61 bestvalit: 0.008581 bestmemit:   48.579266   18.989783    1.000000    0.500340   17.068230
Iteration: 62 bestvalit: 0.008484 bestmemit:   33.346750   33.873098    1.000000    0.530402   17.596733
Iteration: 63 bestvalit: 0.008481 bestmemit:   32.525809   18.989783    1.000000    0.500340   17.068230
Iteration: 64 bestvalit: 0.008481 bestmemit:   32.525809   18.989783    1.000000    0.500340   17.068230
Iteration: 65 bestvalit: 0.008336 bestmemit:   34.856122   17.795517    1.000000    3.508505    7.820686
Iteration: 66 bestvalit: 0.008336 bestmemit:   34.856122   17.795517    1.000000    3.508505    7.820686
Iteration: 67 bestvalit: 0.008336 bestmemit:   34.856122   17.795517    1.000000    3.508505    7.820686
Iteration: 68 bestvalit: 0.008336 bestmemit:   34.856122   17.795517    1.000000    3.508505    7.820686
Iteration: 69 bestvalit: 0.008048 bestmemit:   33.556533   17.795517    1.000000    3.508505    1.636356
Iteration: 70 bestvalit: 0.008026 bestmemit:   30.073817   18.989783    1.000000    0.500340    7.845925
Iteration: 71 bestvalit: 0.008026 bestmemit:   30.073817   18.989783    1.000000    0.500340    7.845925
Iteration: 72 bestvalit: 0.008026 bestmemit:   30.073817   18.989783    1.000000    0.500340    7.845925
Iteration: 73 bestvalit: 0.008026 bestmemit:   30.073817   18.989783    1.000000    0.500340    7.845925
Iteration: 74 bestvalit: 0.008026 bestmemit:   30.073817   18.989783    1.000000    0.500340    7.845925
Iteration: 75 bestvalit: 0.008026 bestmemit:   30.073817   18.989783    1.000000    0.500340    7.845925
Iteration: 76 bestvalit: 0.008026 bestmemit:   30.073817   18.989783    1.000000    0.500340    7.845925
Iteration: 77 bestvalit: 0.008026 bestmemit:   30.073817   18.989783    1.000000    0.500340    7.845925
Iteration: 78 bestvalit: 0.008026 bestmemit:   30.073817   18.989783    1.000000    0.500340    7.845925
Iteration: 79 bestvalit: 0.008026 bestmemit:   30.073817   18.989783    1.000000    0.500340    7.845925
Iteration: 80 bestvalit: 0.008026 bestmemit:   30.073817   18.989783    1.000000    0.500340    7.845925
Iteration: 81 bestvalit: 0.008026 bestmemit:   30.073817   18.989783    1.000000    0.500340    7.845925
Iteration: 82 bestvalit: 0.007945 bestmemit:   26.798024   22.325682    1.000000    0.760705    5.049193
Iteration: 83 bestvalit: 0.007945 bestmemit:   26.798024   22.325682    1.000000    0.760705    5.049193
Iteration: 84 bestvalit: 0.007945 bestmemit:   26.798024   22.325682    1.000000    0.760705    5.049193
Iteration: 85 bestvalit: 0.007945 bestmemit:   26.798024   22.325682    1.000000    0.760705    5.049193
Iteration: 86 bestvalit: 0.007759 bestmemit:   18.729535   22.914520    1.000000    2.204866    0.967187
Iteration: 87 bestvalit: 0.007759 bestmemit:   18.729535   22.914520    1.000000    2.204866    0.967187
Iteration: 88 bestvalit: 0.007759 bestmemit:   18.729535   22.914520    1.000000    2.204866    0.967187
Iteration: 89 bestvalit: 0.007759 bestmemit:   18.729535   22.914520    1.000000    2.204866    0.967187
Iteration: 90 bestvalit: 0.007759 bestmemit:   18.729535   22.914520    1.000000    2.204866    0.967187
Iteration: 91 bestvalit: 0.007744 bestmemit:   16.865107   22.914520    1.000000    2.204866    0.967187
Iteration: 92 bestvalit: 0.007744 bestmemit:   16.865107   22.914520    1.000000    2.204866    0.967187
Iteration: 93 bestvalit: 0.007744 bestmemit:   16.865107   22.914520    1.000000    2.204866    0.967187
Iteration: 94 bestvalit: 0.007744 bestmemit:   16.865107   22.914520    1.000000    2.204866    0.967187
Iteration: 95 bestvalit: 0.007744 bestmemit:   16.865107   22.914520    1.000000    2.204866    0.967187
Iteration: 96 bestvalit: 0.007744 bestmemit:   16.865107   22.914520    1.000000    2.204866    0.967187
Iteration: 97 bestvalit: 0.007714 bestmemit:   20.754309   19.889374    1.000000    0.874115    1.937164
Iteration: 98 bestvalit: 0.007654 bestmemit:   16.175872   20.482834    1.000000    0.662086    1.827527
Iteration: 99 bestvalit: 0.007654 bestmemit:   16.175872   20.482834    1.000000    0.662086    1.827527
Iteration: 100 bestvalit: 0.007654 bestmemit:   16.175872   20.482834    1.000000    0.662086    1.827527
Iteration: 101 bestvalit: 0.007571 bestmemit:   20.054286   15.715850    1.000000    1.001904    0.318207
Iteration: 102 bestvalit: 0.007571 bestmemit:   20.054286   15.715850    1.000000    1.001904    0.318207
Iteration: 103 bestvalit: 0.007571 bestmemit:   20.054286   15.715850    1.000000    1.001904    0.318207
Iteration: 104 bestvalit: 0.007490 bestmemit:   11.877941   19.908638    1.000000    0.155849    0.651477
Iteration: 105 bestvalit: 0.007490 bestmemit:   11.877941   19.908638    1.000000    0.155849    0.651477
Iteration: 106 bestvalit: 0.007490 bestmemit:   11.877941   19.908638    1.000000    0.155849    0.651477
Iteration: 107 bestvalit: 0.007490 bestmemit:   11.877941   19.908638    1.000000    0.155849    0.651477
Iteration: 108 bestvalit: 0.007490 bestmemit:   11.877941   19.908638    1.000000    0.155849    0.651477
Iteration: 109 bestvalit: 0.007490 bestmemit:   11.877941   19.908638    1.000000    0.155849    0.651477
Iteration: 110 bestvalit: 0.007490 bestmemit:   11.877941   19.908638    1.000000    0.155849    0.651477
Iteration: 111 bestvalit: 0.007490 bestmemit:   11.877941   19.908638    1.000000    0.155849    0.651477
Iteration: 112 bestvalit: 0.007490 bestmemit:   11.877941   19.908638    1.000000    0.155849    0.651477
Iteration: 113 bestvalit: 0.007483 bestmemit:   11.877941   17.135227    1.000000    0.155849    0.651477
Iteration: 114 bestvalit: 0.007483 bestmemit:   11.877941   17.135227    1.000000    0.155849    0.651477
Iteration: 115 bestvalit: 0.007458 bestmemit:   15.070097   15.647196    1.000000    0.422354    0.142177
Iteration: 116 bestvalit: 0.007458 bestmemit:   15.070097   15.647196    1.000000    0.422354    0.142177
Iteration: 117 bestvalit: 0.007458 bestmemit:   15.070097   15.647196    1.000000    0.422354    0.142177
Iteration: 118 bestvalit: 0.007458 bestmemit:   15.070097   15.647196    1.000000    0.422354    0.142177
Iteration: 119 bestvalit: 0.007458 bestmemit:   15.070097   15.647196    1.000000    0.422354    0.142177
Iteration: 120 bestvalit: 0.007444 bestmemit:   12.825976   16.912245    1.000000    0.421363    0.343710
Iteration: 121 bestvalit: 0.007444 bestmemit:   12.825976   16.912245    1.000000    0.421363    0.343710
Iteration: 122 bestvalit: 0.007444 bestmemit:   12.825976   16.912245    1.000000    0.421363    0.343710
Iteration: 123 bestvalit: 0.007444 bestmemit:   12.825976   16.912245    1.000000    0.421363    0.343710
Iteration: 124 bestvalit: 0.007444 bestmemit:   12.825976   16.912245    1.000000    0.421363    0.343710
Iteration: 125 bestvalit: 0.007444 bestmemit:   12.825976   16.912245    1.000000    0.421363    0.343710
Iteration: 126 bestvalit: 0.007444 bestmemit:   12.825976   16.912245    1.000000    0.421363    0.343710
Iteration: 127 bestvalit: 0.007441 bestmemit:   12.164057   16.136556    1.000000    0.123544    0.034806
Iteration: 128 bestvalit: 0.007441 bestmemit:   12.164057   16.136556    1.000000    0.123544    0.034806
Iteration: 129 bestvalit: 0.007441 bestmemit:   12.164057   16.136556    1.000000    0.123544    0.034806
Iteration: 130 bestvalit: 0.007441 bestmemit:   12.164057   16.136556    1.000000    0.123544    0.034806
Iteration: 131 bestvalit: 0.007438 bestmemit:   11.485251   16.136556    1.000000    0.123544    0.034806
Iteration: 132 bestvalit: 0.007438 bestmemit:   11.485251   16.136556    1.000000    0.123544    0.034806
Iteration: 133 bestvalit: 0.007438 bestmemit:   11.485251   16.136556    1.000000    0.123544    0.034806
Iteration: 134 bestvalit: 0.007438 bestmemit:   11.485251   16.136556    1.000000    0.123544    0.034806
Iteration: 135 bestvalit: 0.007438 bestmemit:   11.485251   16.136556    1.000000    0.123544    0.034806
Iteration: 136 bestvalit: 0.007438 bestmemit:   11.485251   16.136556    1.000000    0.123544    0.034806
Iteration: 137 bestvalit: 0.007438 bestmemit:   11.485251   16.136556    1.000000    0.123544    0.034806
Iteration: 138 bestvalit: 0.007438 bestmemit:   11.485251   16.136556    1.000000    0.123544    0.034806
Iteration: 139 bestvalit: 0.007438 bestmemit:   11.485251   16.136556    1.000000    0.123544    0.034806
Iteration: 140 bestvalit: 0.007438 bestmemit:   11.485251   16.136556    1.000000    0.123544    0.034806
Iteration: 141 bestvalit: 0.007438 bestmemit:   11.485251   16.136556    1.000000    0.123544    0.034806
Iteration: 142 bestvalit: 0.007437 bestmemit:   12.825976   16.044881    1.000000    0.465068    0.142045
Iteration: 143 bestvalit: 0.007437 bestmemit:   12.825976   16.044881    1.000000    0.465068    0.142045
Iteration: 144 bestvalit: 0.007437 bestmemit:   12.825976   16.044881    1.000000    0.465068    0.142045
Iteration: 145 bestvalit: 0.007437 bestmemit:   12.825976   16.044881    1.000000    0.465068    0.142045
Iteration: 146 bestvalit: 0.007437 bestmemit:   12.825976   16.044881    1.000000    0.465068    0.142045
Iteration: 147 bestvalit: 0.007432 bestmemit:   13.651763   15.679802    1.000000    0.547837    0.003641
Iteration: 148 bestvalit: 0.007432 bestmemit:   13.651763   15.679802    1.000000    0.547837    0.003641
Iteration: 149 bestvalit: 0.007432 bestmemit:   13.815949   15.333880    1.000000    0.539770    0.012196
Iteration: 150 bestvalit: 0.007432 bestmemit:   13.815949   15.333880    1.000000    0.539770    0.012196
Iteration: 151 bestvalit: 0.007431 bestmemit:   13.385442   15.679802    1.000000    0.547837    0.003641
Iteration: 152 bestvalit: 0.007431 bestmemit:   13.385442   15.610706    1.000000    0.547837    0.003641
Iteration: 153 bestvalit: 0.007431 bestmemit:   13.385442   15.610706    1.000000    0.547837    0.003641
Iteration: 154 bestvalit: 0.007431 bestmemit:   13.385442   15.610706    1.000000    0.547837    0.003641
Iteration: 155 bestvalit: 0.007431 bestmemit:   13.385442   15.610706    1.000000    0.547837    0.003641
Iteration: 156 bestvalit: 0.007431 bestmemit:   13.385442   15.610706    1.000000    0.547837    0.003641
Iteration: 157 bestvalit: 0.007431 bestmemit:   13.385442   15.610706    1.000000    0.547837    0.003641
Iteration: 158 bestvalit: 0.007431 bestmemit:   13.385442   15.610706    1.000000    0.547837    0.003641
Iteration: 159 bestvalit: 0.007431 bestmemit:   13.385442   15.610706    1.000000    0.547837    0.003641
Iteration: 160 bestvalit: 0.007431 bestmemit:   13.385442   15.610706    1.000000    0.547837    0.003641
Iteration: 161 bestvalit: 0.007431 bestmemit:   13.385442   15.610706    1.000000    0.547837    0.003641
Iteration: 162 bestvalit: 0.007431 bestmemit:   13.385442   15.610706    1.000000    0.547837    0.003641
Iteration: 163 bestvalit: 0.007431 bestmemit:   13.385442   15.610706    1.000000    0.547837    0.003641
Iteration: 164 bestvalit: 0.007431 bestmemit:   13.385442   15.610706    1.000000    0.547837    0.003641
Iteration: 165 bestvalit: 0.007431 bestmemit:   13.385442   15.610706    1.000000    0.547837    0.003641
Iteration: 166 bestvalit: 0.007431 bestmemit:   13.385442   15.610706    1.000000    0.547837    0.003641
Iteration: 167 bestvalit: 0.007431 bestmemit:   13.385442   15.610706    1.000000    0.547837    0.003641
Iteration: 168 bestvalit: 0.007431 bestmemit:   13.385442   15.610706    1.000000    0.547837    0.003641
Iteration: 169 bestvalit: 0.007431 bestmemit:   13.403891   15.610706    1.000000    0.547837    0.003641
Iteration: 170 bestvalit: 0.007431 bestmemit:   13.403891   15.610706    1.000000    0.547837    0.003641
Iteration: 171 bestvalit: 0.007431 bestmemit:   13.403891   15.610706    1.000000    0.547837    0.003641
Iteration: 172 bestvalit: 0.007431 bestmemit:   13.403891   15.610706    1.000000    0.547837    0.003641
Iteration: 173 bestvalit: 0.007431 bestmemit:   13.403891   15.610706    1.000000    0.547837    0.003641
Iteration: 174 bestvalit: 0.007431 bestmemit:   13.403891   15.610706    1.000000    0.547837    0.003641
Iteration: 175 bestvalit: 0.007431 bestmemit:   13.403891   15.610706    1.000000    0.547837    0.003641
Iteration: 176 bestvalit: 0.007431 bestmemit:   13.403891   15.610706    1.000000    0.547837    0.003641
Iteration: 177 bestvalit: 0.007431 bestmemit:   13.403891   15.610706    1.000000    0.547837    0.003641
Iteration: 178 bestvalit: 0.007431 bestmemit:   13.403891   15.610706    1.000000    0.547837    0.003641
Iteration: 179 bestvalit: 0.007431 bestmemit:   13.403891   15.610706    1.000000    0.547837    0.003641
Iteration: 180 bestvalit: 0.007431 bestmemit:   13.403891   15.610706    1.000000    0.547837    0.003641
Iteration: 181 bestvalit: 0.007431 bestmemit:   13.403891   15.610706    1.000000    0.547837    0.003641
Iteration: 182 bestvalit: 0.007431 bestmemit:   13.403891   15.610706    1.000000    0.547837    0.003641
Iteration: 183 bestvalit: 0.007431 bestmemit:   13.403891   15.610706    1.000000    0.547837    0.003641
Iteration: 184 bestvalit: 0.007431 bestmemit:   13.403891   15.610706    1.000000    0.547837    0.002750
Iteration: 185 bestvalit: 0.007431 bestmemit:   13.403891   15.610706    1.000000    0.547837    0.002750
Iteration: 186 bestvalit: 0.007431 bestmemit:   13.403891   15.610706    1.000000    0.547837    0.002750
Iteration: 187 bestvalit: 0.007431 bestmemit:   13.403891   15.610706    1.000000    0.547837    0.002750
Iteration: 188 bestvalit: 0.007431 bestmemit:   13.403891   15.610706    1.000000    0.547837    0.002750
Iteration: 189 bestvalit: 0.007431 bestmemit:   13.674350   15.554713    1.000000    0.590871    0.000727
Iteration: 190 bestvalit: 0.007431 bestmemit:   13.674350   15.554713    1.000000    0.590871    0.000727
Iteration: 191 bestvalit: 0.007431 bestmemit:   13.674350   15.554713    1.000000    0.590871    0.000727
Iteration: 192 bestvalit: 0.007431 bestmemit:   13.674350   15.554713    1.000000    0.590871    0.000727
Iteration: 193 bestvalit: 0.007431 bestmemit:   13.674350   15.554713    1.000000    0.590871    0.000727
Iteration: 194 bestvalit: 0.007431 bestmemit:   13.674350   15.554713    1.000000    0.590871    0.000727
Iteration: 195 bestvalit: 0.007431 bestmemit:   13.674350   15.554713    1.000000    0.590871    0.000727
Iteration: 196 bestvalit: 0.007431 bestmemit:   13.674350   15.554713    1.000000    0.590871    0.000727
Iteration: 197 bestvalit: 0.007431 bestmemit:   13.674350   15.554713    1.000000    0.590871    0.000727
Iteration: 198 bestvalit: 0.007431 bestmemit:   13.674350   15.554713    1.000000    0.590871    0.000727
Iteration: 199 bestvalit: 0.007431 bestmemit:   13.674350   15.554713    1.000000    0.590871    0.000727
Iteration: 200 bestvalit: 0.007431 bestmemit:   13.492344   15.496224    1.000000    0.514475    0.003967
Iteration: 201 bestvalit: 0.007431 bestmemit:   13.492344   15.496224    1.000000    0.514475    0.003967
Iteration: 202 bestvalit: 0.007431 bestmemit:   13.492344   15.496224    1.000000    0.514475    0.003967
Iteration: 203 bestvalit: 0.007431 bestmemit:   13.567312   15.555741    1.000000    0.564336    0.002509
Iteration: 204 bestvalit: 0.007431 bestmemit:   13.567312   15.555741    1.000000    0.564336    0.002509
Iteration: 205 bestvalit: 0.007431 bestmemit:   13.567312   15.555741    1.000000    0.564336    0.002509
Iteration: 206 bestvalit: 0.007431 bestmemit:   13.575251   15.473778    1.000000    0.527631    0.002819
Iteration: 207 bestvalit: 0.007431 bestmemit:   13.575251   15.473778    1.000000    0.529852    0.002819
Iteration: 208 bestvalit: 0.007431 bestmemit:   13.575251   15.473778    1.000000    0.529852    0.002819
Iteration: 209 bestvalit: 0.007431 bestmemit:   13.575251   15.473778    1.000000    0.529852    0.002819
Iteration: 210 bestvalit: 0.007431 bestmemit:   13.575251   15.473778    1.000000    0.529852    0.002819
Iteration: 211 bestvalit: 0.007431 bestmemit:   13.551849   15.477610    1.000000    0.548891    0.000137
Iteration: 212 bestvalit: 0.007431 bestmemit:   13.551849   15.477610    1.000000    0.548891    0.000137
Iteration: 213 bestvalit: 0.007431 bestmemit:   13.551849   15.477610    1.000000    0.548891    0.000137
Iteration: 214 bestvalit: 0.007431 bestmemit:   13.551849   15.477610    1.000000    0.548891    0.000137
Iteration: 215 bestvalit: 0.007431 bestmemit:   13.525860   15.493294    1.000000    0.523143    0.000551
Iteration: 216 bestvalit: 0.007431 bestmemit:   13.524463   15.541755    1.000000    0.541306    0.000280
Iteration: 217 bestvalit: 0.007431 bestmemit:   13.524463   15.541755    1.000000    0.541306    0.000280
Iteration: 218 bestvalit: 0.007431 bestmemit:   13.524463   15.541755    1.000000    0.541306    0.000280
Iteration: 219 bestvalit: 0.007431 bestmemit:   13.524463   15.541755    1.000000    0.541306    0.000280
Iteration: 220 bestvalit: 0.007431 bestmemit:   13.524463   15.541755    1.000000    0.541306    0.000280
Iteration: 221 bestvalit: 0.007431 bestmemit:   13.524463   15.541755    1.000000    0.541306    0.000280
Iteration: 222 bestvalit: 0.007431 bestmemit:   13.524463   15.541755    1.000000    0.541306    0.000280
Iteration: 223 bestvalit: 0.007431 bestmemit:   13.524463   15.541755    1.000000    0.541306    0.000280
Iteration: 224 bestvalit: 0.007431 bestmemit:   13.524463   15.541755    1.000000    0.541306    0.000280
Iteration: 225 bestvalit: 0.007431 bestmemit:   13.607221   15.478917    1.000000    0.541306    0.000595
Iteration: 226 bestvalit: 0.007431 bestmemit:   13.607221   15.478917    1.000000    0.541306    0.000595
Iteration: 227 bestvalit: 0.007431 bestmemit:   13.567312   15.536652    1.000000    0.555086    0.000293
Iteration: 228 bestvalit: 0.007431 bestmemit:   13.567312   15.536652    1.000000    0.555086    0.000293
Iteration: 229 bestvalit: 0.007431 bestmemit:   13.565143   15.521652    1.000000    0.548735    0.000770
Iteration: 230 bestvalit: 0.007431 bestmemit:   13.565143   15.521652    1.000000    0.548735    0.000770
Iteration: 231 bestvalit: 0.007431 bestmemit:   13.561071   15.476399    1.000000    0.543436    0.000181
Iteration: 232 bestvalit: 0.007431 bestmemit:   13.561071   15.476399    1.000000    0.543436    0.000181
Iteration: 233 bestvalit: 0.007431 bestmemit:   13.561071   15.476399    1.000000    0.543436    0.000181
Iteration: 234 bestvalit: 0.007431 bestmemit:   13.557462   15.490220    1.000000    0.543778    0.000348
Iteration: 235 bestvalit: 0.007431 bestmemit:   13.607221   15.478917    1.000000    0.547945    0.000106
Iteration: 236 bestvalit: 0.007431 bestmemit:   13.607221   15.478917    1.000000    0.547945    0.000106
Iteration: 237 bestvalit: 0.007431 bestmemit:   13.607221   15.478917    1.000000    0.547945    0.000106
Iteration: 238 bestvalit: 0.007431 bestmemit:   13.607221   15.478917    1.000000    0.547945    0.000106
Iteration: 239 bestvalit: 0.007431 bestmemit:   13.607221   15.478917    1.000000    0.547945    0.000106
Iteration: 240 bestvalit: 0.007431 bestmemit:   13.607221   15.478917    1.000000    0.547945    0.000106
Iteration: 241 bestvalit: 0.007431 bestmemit:   13.607221   15.478917    1.000000    0.547945    0.000106
Iteration: 242 bestvalit: 0.007431 bestmemit:   13.607221   15.478917    1.000000    0.547945    0.000106
Iteration: 243 bestvalit: 0.007431 bestmemit:   13.607221   15.478917    1.000000    0.547945    0.000106
Iteration: 244 bestvalit: 0.007431 bestmemit:   13.565143   15.498099    1.000000    0.548735    0.000085
Iteration: 245 bestvalit: 0.007431 bestmemit:   13.565143   15.498099    1.000000    0.548735    0.000085
Iteration: 246 bestvalit: 0.007431 bestmemit:   13.565143   15.498099    1.000000    0.548735    0.000085
Iteration: 247 bestvalit: 0.007431 bestmemit:   13.565143   15.498099    1.000000    0.548735    0.000085
Iteration: 248 bestvalit: 0.007431 bestmemit:   13.565143   15.498099    1.000000    0.548735    0.000085
Iteration: 249 bestvalit: 0.007431 bestmemit:   13.571859   15.513878    1.000000    0.551474    0.000040
Iteration: 250 bestvalit: 0.007431 bestmemit:   13.571859   15.513878    1.000000    0.551474    0.000040
Iteration: 251 bestvalit: 0.007431 bestmemit:   13.571859   15.513878    1.000000    0.551474    0.000040
Iteration: 252 bestvalit: 0.007431 bestmemit:   13.571859   15.504233    1.000000    0.551474    0.000040
Iteration: 253 bestvalit: 0.007431 bestmemit:   13.571859   15.504233    1.000000    0.551474    0.000040
Iteration: 254 bestvalit: 0.007431 bestmemit:   13.571859   15.504233    1.000000    0.551474    0.000040
Iteration: 255 bestvalit: 0.007431 bestmemit:   13.571859   15.504233    1.000000    0.551474    0.000040
Iteration: 256 bestvalit: 0.007431 bestmemit:   13.571859   15.504233    1.000000    0.551474    0.000040
Iteration: 257 bestvalit: 0.007431 bestmemit:   13.571859   15.504233    1.000000    0.548179    0.000040
Iteration: 258 bestvalit: 0.007431 bestmemit:   13.571859   15.504233    1.000000    0.548179    0.000040
Iteration: 259 bestvalit: 0.007431 bestmemit:   13.571859   15.504233    1.000000    0.548179    0.000040
Iteration: 260 bestvalit: 0.007431 bestmemit:   13.559093   15.504233    1.000000    0.544558    0.000009
Iteration: 261 bestvalit: 0.007431 bestmemit:   13.559093   15.504233    1.000000    0.544558    0.000009
Iteration: 262 bestvalit: 0.007431 bestmemit:   13.559093   15.504233    1.000000    0.544558    0.000009
Iteration: 263 bestvalit: 0.007431 bestmemit:   13.559093   15.504233    1.000000    0.544558    0.000009
Iteration: 264 bestvalit: 0.007431 bestmemit:   13.559093   15.504233    1.000000    0.544558    0.000009
Iteration: 265 bestvalit: 0.007431 bestmemit:   13.561974   15.500087    1.000000    0.543656    0.000018
Iteration: 266 bestvalit: 0.007431 bestmemit:   13.561974   15.500087    1.000000    0.543656    0.000018
Iteration: 267 bestvalit: 0.007431 bestmemit:   13.561974   15.500087    1.000000    0.543656    0.000018
Iteration: 268 bestvalit: 0.007431 bestmemit:   13.561974   15.500087    1.000000    0.543656    0.000018
Iteration: 269 bestvalit: 0.007431 bestmemit:   13.561974   15.500087    1.000000    0.543656    0.000018
Iteration: 270 bestvalit: 0.007431 bestmemit:   13.561974   15.500087    1.000000    0.543656    0.000018
Iteration: 271 bestvalit: 0.007431 bestmemit:   13.561974   15.500087    1.000000    0.543656    0.000018
Iteration: 272 bestvalit: 0.007431 bestmemit:   13.561974   15.499592    1.000000    0.543656    0.000018
Iteration: 273 bestvalit: 0.007431 bestmemit:   13.561974   15.499592    1.000000    0.543656    0.000018
Iteration: 274 bestvalit: 0.007431 bestmemit:   13.561974   15.499592    1.000000    0.543656    0.000018
Iteration: 275 bestvalit: 0.007431 bestmemit:   13.561974   15.499592    1.000000    0.543656    0.000018
Iteration: 276 bestvalit: 0.007431 bestmemit:   13.561974   15.499592    1.000000    0.543656    0.000018
Iteration: 277 bestvalit: 0.007431 bestmemit:   13.561974   15.499592    1.000000    0.543656    0.000018
Iteration: 278 bestvalit: 0.007431 bestmemit:   13.561974   15.499592    1.000000    0.543656    0.000018
Iteration: 279 bestvalit: 0.007431 bestmemit:   13.561974   15.499592    1.000000    0.543656    0.000018
Iteration: 280 bestvalit: 0.007431 bestmemit:   13.561974   15.499592    1.000000    0.543656    0.000018
Iteration: 281 bestvalit: 0.007431 bestmemit:   13.561974   15.499592    1.000000    0.543656    0.000018
Iteration: 282 bestvalit: 0.007431 bestmemit:   13.561974   15.499592    1.000000    0.543656    0.000018
Iteration: 283 bestvalit: 0.007431 bestmemit:   13.561974   15.499592    1.000000    0.543656    0.000018
Iteration: 284 bestvalit: 0.007431 bestmemit:   13.559552   15.501681    1.000000    0.544558    0.000009
Iteration: 285 bestvalit: 0.007431 bestmemit:   13.559552   15.501681    1.000000    0.544558    0.000009
Iteration: 286 bestvalit: 0.007431 bestmemit:   13.559552   15.501681    1.000000    0.544558    0.000009
Iteration: 287 bestvalit: 0.007431 bestmemit:   13.559552   15.501681    1.000000    0.544558    0.000009
Iteration: 288 bestvalit: 0.007431 bestmemit:   13.561666   15.501681    1.000000    0.544558    0.000009
Iteration: 289 bestvalit: 0.007431 bestmemit:   13.561666   15.501681    1.000000    0.544558    0.000009
Iteration: 290 bestvalit: 0.007431 bestmemit:   13.561666   15.501681    1.000000    0.544558    0.000009
Iteration: 291 bestvalit: 0.007431 bestmemit:   13.561666   15.501681    1.000000    0.544558    0.000009
Iteration: 292 bestvalit: 0.007431 bestmemit:   13.566295   15.497998    1.000000    0.545201    0.000008
Iteration: 293 bestvalit: 0.007431 bestmemit:   13.566295   15.497998    1.000000    0.545201    0.000008
Iteration: 294 bestvalit: 0.007431 bestmemit:   13.576842   15.495086    1.000000    0.546680    0.000004
Iteration: 295 bestvalit: 0.007431 bestmemit:   13.576842   15.495086    1.000000    0.546680    0.000004
Iteration: 296 bestvalit: 0.007431 bestmemit:   13.573529   15.497495    1.000000    0.546732    0.000001
Iteration: 297 bestvalit: 0.007431 bestmemit:   13.573529   15.497495    1.000000    0.546732    0.000001
Iteration: 298 bestvalit: 0.007431 bestmemit:   13.573529   15.497495    1.000000    0.546732    0.000001
Iteration: 299 bestvalit: 0.007431 bestmemit:   13.573529   15.497495    1.000000    0.546732    0.000001
Iteration: 300 bestvalit: 0.007431 bestmemit:   13.573529   15.497495    1.000000    0.546732    0.000001
Iteration: 301 bestvalit: 0.007431 bestmemit:   13.573529   15.497495    1.000000    0.546732    0.000001
Iteration: 302 bestvalit: 0.007431 bestmemit:   13.573529   15.497495    1.000000    0.546732    0.000001
Iteration: 303 bestvalit: 0.007431 bestmemit:   13.573529   15.497495    1.000000    0.546732    0.000001
Iteration: 304 bestvalit: 0.007431 bestmemit:   13.573529   15.497495    1.000000    0.546732    0.000001
Iteration: 305 bestvalit: 0.007431 bestmemit:   13.569490   15.496651    1.000000    0.544715    0.000005
Iteration: 306 bestvalit: 0.007431 bestmemit:   13.569490   15.496651    1.000000    0.544715    0.000005
Iteration: 307 bestvalit: 0.007431 bestmemit:   13.569490   15.496651    1.000000    0.544715    0.000005
Iteration: 308 bestvalit: 0.007431 bestmemit:   13.569490   15.496651    1.000000    0.544715    0.000005
Iteration: 309 bestvalit: 0.007431 bestmemit:   13.569490   15.496651    1.000000    0.544715    0.000005
Iteration: 310 bestvalit: 0.007431 bestmemit:   13.569490   15.496651    1.000000    0.544715    0.000005
Iteration: 311 bestvalit: 0.007431 bestmemit:   13.569490   15.496651    1.000000    0.544715    0.000005
Iteration: 312 bestvalit: 0.007431 bestmemit:   13.569490   15.496651    1.000000    0.544715    0.000005
Iteration: 313 bestvalit: 0.007431 bestmemit:   13.569490   15.496651    1.000000    0.544715    0.000005
Iteration: 314 bestvalit: 0.007431 bestmemit:   13.569490   15.496651    1.000000    0.544715    0.000005
Iteration: 315 bestvalit: 0.007431 bestmemit:   13.569490   15.496651    1.000000    0.544715    0.000005
Iteration: 316 bestvalit: 0.007431 bestmemit:   13.569490   15.496651    1.000000    0.544715    0.000005
Iteration: 317 bestvalit: 0.007431 bestmemit:   13.569490   15.496651    1.000000    0.544715    0.000005
Iteration: 318 bestvalit: 0.007431 bestmemit:   13.569490   15.496651    1.000000    0.544715    0.000005
Iteration: 319 bestvalit: 0.007431 bestmemit:   13.569490   15.496651    1.000000    0.544715    0.000005
Iteration: 320 bestvalit: 0.007431 bestmemit:   13.569490   15.496651    1.000000    0.544715    0.000005
Iteration: 321 bestvalit: 0.007431 bestmemit:   13.569490   15.496651    1.000000    0.544715    0.000005
Iteration: 322 bestvalit: 0.007431 bestmemit:   13.569490   15.496651    1.000000    0.544715    0.000005
Iteration: 323 bestvalit: 0.007431 bestmemit:   13.573528   15.495807    1.000000    0.545468    0.000002
Iteration: 324 bestvalit: 0.007431 bestmemit:   13.573528   15.495807    1.000000    0.545468    0.000002
Iteration: 325 bestvalit: 0.007431 bestmemit:   13.569490   15.496651    1.000000    0.544715    0.000002
Iteration: 326 bestvalit: 0.007431 bestmemit:   13.570209   15.497402    1.000000    0.545401    0.000002
Iteration: 327 bestvalit: 0.007431 bestmemit:   13.570209   15.497402    1.000000    0.545401    0.000002
Iteration: 328 bestvalit: 0.007431 bestmemit:   13.570209   15.497402    1.000000    0.545401    0.000002
Iteration: 329 bestvalit: 0.007431 bestmemit:   13.570209   15.497402    1.000000    0.545401    0.000002
Iteration: 330 bestvalit: 0.007431 bestmemit:   13.573162   15.496764    1.000000    0.545985    0.000000
Iteration: 331 bestvalit: 0.007431 bestmemit:   13.573162   15.496764    1.000000    0.545985    0.000000

***** summary of DEoptim object ***** 
best member   :  13.57316 15.49676 1 0.54599 0 
best value    :  0.00743 
after         :  331 generations 
fn evaluated  :  664 times 
*************************************
