SLURM_JOB_ID: 55403035
SLURM_JOB_USER: vsc34066
SLURM_JOB_ACCOUNT: lp_desenderlab
SLURM_JOB_NAME: par_recov_alternating_fb_sim_alpha_learn.slurm
SLURM_CLUSTER_NAME: genius
SLURM_JOB_PARTITION: batch
SLURM_ARRAY_JOB_ID: 55402977
SLURM_ARRAY_TASK_ID: 58
SLURM_NNODES: 1
SLURM_NODELIST: r23i27n05
SLURM_JOB_CPUS_PER_NODE: 8
Date: Sun Dec  3 23:43:59 CET 2023
Walltime: 01-06:00:00
========================================================================
Iteration: 1 bestvalit: 0.073163 bestmemit:   40.639409   31.397183    1.000000  888.371144 9615.979171
Iteration: 2 bestvalit: 0.042380 bestmemit:   49.275202   -4.462236    1.000000    2.903323 3117.068559
Iteration: 3 bestvalit: 0.041108 bestmemit:   49.275202  -42.339862    1.000000    2.903323 3117.068559
Iteration: 4 bestvalit: 0.041108 bestmemit:   49.275202  -42.339862    1.000000    2.903323 3117.068559
Iteration: 5 bestvalit: 0.041108 bestmemit:   49.275202  -42.339862    1.000000    2.903323 3117.068559
Iteration: 6 bestvalit: 0.041108 bestmemit:   49.275202  -42.339862    1.000000    2.903323 3117.068559
Iteration: 7 bestvalit: 0.041108 bestmemit:   49.275202  -42.339862    1.000000    2.903323 3117.068559
Iteration: 8 bestvalit: 0.041108 bestmemit:   49.275202  -42.339862    1.000000    2.903323 3117.068559
Iteration: 9 bestvalit: 0.041108 bestmemit:   49.275202  -42.339862    1.000000    2.903323 3117.068559
Iteration: 10 bestvalit: 0.041108 bestmemit:   49.275202  -42.339862    1.000000    2.903323 3117.068559
Iteration: 11 bestvalit: 0.041108 bestmemit:   49.275202  -42.339862    1.000000    2.903323 3117.068559
Iteration: 12 bestvalit: 0.041108 bestmemit:   49.275202  -42.339862    1.000000    2.903323 3117.068559
Iteration: 13 bestvalit: 0.041108 bestmemit:   49.275202  -42.339862    1.000000    2.903323 3117.068559
Iteration: 14 bestvalit: 0.017720 bestmemit:   26.003857  -24.437352    1.000000   33.025894  357.581157
Iteration: 15 bestvalit: 0.017720 bestmemit:   26.003857  -24.437352    1.000000   33.025894  357.581157
Iteration: 16 bestvalit: 0.017720 bestmemit:   26.003857  -24.437352    1.000000   33.025894  357.581157
Iteration: 17 bestvalit: 0.017720 bestmemit:   26.003857  -24.437352    1.000000   33.025894  357.581157
Iteration: 18 bestvalit: 0.017720 bestmemit:   26.003857  -24.437352    1.000000   33.025894  357.581157
Iteration: 19 bestvalit: 0.017720 bestmemit:   26.003857  -24.437352    1.000000   33.025894  357.581157
Iteration: 20 bestvalit: 0.017720 bestmemit:   26.003857  -24.437352    1.000000   33.025894  357.581157
Iteration: 21 bestvalit: 0.017720 bestmemit:   26.003857  -24.437352    1.000000   33.025894  357.581157
Iteration: 22 bestvalit: 0.017720 bestmemit:   26.003857  -24.437352    1.000000   33.025894  357.581157
Iteration: 23 bestvalit: 0.017720 bestmemit:   26.003857  -24.437352    1.000000   33.025894  357.581157
Iteration: 24 bestvalit: 0.017314 bestmemit:   13.494831   10.743613    1.000000   59.344509  131.851784
Iteration: 25 bestvalit: 0.017071 bestmemit:   15.361581  -24.437352    1.000000   33.025894  357.581157
Iteration: 26 bestvalit: 0.017071 bestmemit:   15.361581  -24.437352    1.000000   33.025894  357.581157
Iteration: 27 bestvalit: 0.013158 bestmemit:   10.824451   21.926266    1.000000   14.523814  215.162360
Iteration: 28 bestvalit: 0.012253 bestmemit:   19.863849   73.517697    1.000000   10.126977  132.424999
Iteration: 29 bestvalit: 0.012253 bestmemit:   19.863849   73.517697    1.000000   10.126977  132.424999
Iteration: 30 bestvalit: 0.010251 bestmemit:   16.259307  -14.040129    1.000000    6.638905  128.439802
Iteration: 31 bestvalit: 0.010251 bestmemit:   16.259307  -14.040129    1.000000    6.638905  128.439802
Iteration: 32 bestvalit: 0.010081 bestmemit:   14.115249  -14.040129    1.000000    6.638905  128.439802
Iteration: 33 bestvalit: 0.010081 bestmemit:   14.115249  -14.040129    1.000000    6.638905  128.439802
Iteration: 34 bestvalit: 0.007507 bestmemit:    3.110140   -9.271146    1.000000    2.903323  103.948167
Iteration: 35 bestvalit: 0.007507 bestmemit:    3.110140   -9.271146    1.000000    2.903323  103.948167
Iteration: 36 bestvalit: 0.007507 bestmemit:    3.110140   -9.271146    1.000000    2.903323  103.948167
Iteration: 37 bestvalit: 0.007507 bestmemit:    3.110140   -9.271146    1.000000    2.903323  103.948167
Iteration: 38 bestvalit: 0.007507 bestmemit:    3.110140   -9.271146    1.000000    2.903323  103.948167
Iteration: 39 bestvalit: 0.007507 bestmemit:    3.110140   -9.271146    1.000000    2.903323  103.948167
Iteration: 40 bestvalit: 0.007507 bestmemit:    3.110140   -9.271146    1.000000    2.903323  103.948167
Iteration: 41 bestvalit: 0.007473 bestmemit:    3.110140   -6.242178    1.000000    2.903323  103.948167
Iteration: 42 bestvalit: 0.006873 bestmemit:    8.087309  -10.206044    1.000000    6.957534   24.683365
Iteration: 43 bestvalit: 0.005848 bestmemit:    4.374594   -5.774743    1.000000   17.188125    9.883259
Iteration: 44 bestvalit: 0.005848 bestmemit:    4.374594   -5.774743    1.000000   17.188125    9.883259
Iteration: 45 bestvalit: 0.005848 bestmemit:    4.374594   -5.774743    1.000000   17.188125    9.883259
Iteration: 46 bestvalit: 0.005699 bestmemit:    6.827363   -5.774743    1.000000   17.188125    9.883259
Iteration: 47 bestvalit: 0.004543 bestmemit:    6.827363   -5.774743    1.000000   10.775366    9.883259
Iteration: 48 bestvalit: 0.004543 bestmemit:    6.827363   -5.774743    1.000000   10.775366    9.883259
Iteration: 49 bestvalit: 0.004543 bestmemit:    6.827363   -5.774743    1.000000   10.775366    9.883259
Iteration: 50 bestvalit: 0.004543 bestmemit:    6.827363   -5.774743    1.000000   10.775366    9.883259
Iteration: 51 bestvalit: 0.002128 bestmemit:    3.151773   -1.458391    1.000000    2.645004    4.415425
Iteration: 52 bestvalit: 0.002128 bestmemit:    3.151773   -1.458391    1.000000    2.645004    4.415425
Iteration: 53 bestvalit: 0.002128 bestmemit:    3.151773   -1.458391    1.000000    2.645004    4.415425
Iteration: 54 bestvalit: 0.001874 bestmemit:    7.152241   -1.458391    1.000000    2.645004    4.415425
Iteration: 55 bestvalit: 0.001874 bestmemit:    7.152241   -1.458391    1.000000    2.645004    4.415425
Iteration: 56 bestvalit: 0.001874 bestmemit:    7.152241   -1.458391    1.000000    2.645004    4.415425
Iteration: 57 bestvalit: 0.001874 bestmemit:    7.152241   -1.458391    1.000000    2.645004    4.415425
Iteration: 58 bestvalit: 0.001874 bestmemit:    7.152241   -1.458391    1.000000    2.645004    4.415425
Iteration: 59 bestvalit: 0.001659 bestmemit:    3.698904    0.773219    1.000000    1.012768    4.156284
Iteration: 60 bestvalit: 0.001598 bestmemit:    2.520089    0.773219    1.000000    1.012768    4.156284
Iteration: 61 bestvalit: 0.001598 bestmemit:    2.520089    0.773219    1.000000    1.012768    4.156284
Iteration: 62 bestvalit: 0.001598 bestmemit:    2.520089    0.773219    1.000000    1.012768    4.156284
Iteration: 63 bestvalit: 0.001598 bestmemit:    2.520089    0.773219    1.000000    1.012768    4.156284
Iteration: 64 bestvalit: 0.001548 bestmemit:    3.654475    0.577489    1.000000    1.331256    3.964197
Iteration: 65 bestvalit: 0.001548 bestmemit:    3.654475    0.577489    1.000000    1.331256    3.964197
Iteration: 66 bestvalit: 0.001548 bestmemit:    3.654475    0.577489    1.000000    1.331256    3.964197
Iteration: 67 bestvalit: 0.001548 bestmemit:    3.654475    0.577489    1.000000    1.331256    3.964197
Iteration: 68 bestvalit: 0.001548 bestmemit:    3.654475    0.577489    1.000000    1.331256    3.964197
Iteration: 69 bestvalit: 0.000979 bestmemit:    3.326091    6.050857    1.000000    0.744085    1.081965
Iteration: 70 bestvalit: 0.000979 bestmemit:    3.326091    6.050857    1.000000    0.744085    1.081965
Iteration: 71 bestvalit: 0.000936 bestmemit:    3.581589    6.050857    1.000000    0.744085    1.081965
Iteration: 72 bestvalit: 0.000936 bestmemit:    3.581589    6.050857    1.000000    0.744085    1.081965
Iteration: 73 bestvalit: 0.000936 bestmemit:    3.581589    6.050857    1.000000    0.744085    1.081965
Iteration: 74 bestvalit: 0.000936 bestmemit:    3.581589    6.050857    1.000000    0.744085    1.081965
Iteration: 75 bestvalit: 0.000936 bestmemit:    3.581589    6.050857    1.000000    0.744085    1.081965
Iteration: 76 bestvalit: 0.000900 bestmemit:    3.705147    4.316528    1.000000    0.588195    1.246224
Iteration: 77 bestvalit: 0.000900 bestmemit:    3.705147    4.316528    1.000000    0.588195    1.246224
Iteration: 78 bestvalit: 0.000900 bestmemit:    3.705147    4.316528    1.000000    0.588195    1.246224
Iteration: 79 bestvalit: 0.000900 bestmemit:    3.705147    4.316528    1.000000    0.588195    1.246224
Iteration: 80 bestvalit: 0.000900 bestmemit:    3.705147    4.316528    1.000000    0.588195    1.246224
Iteration: 81 bestvalit: 0.000809 bestmemit:    3.464704    5.655171    1.000000    0.156002    0.606628
Iteration: 82 bestvalit: 0.000809 bestmemit:    3.464704    5.655171    1.000000    0.156002    0.606628
Iteration: 83 bestvalit: 0.000809 bestmemit:    3.464704    5.655171    1.000000    0.156002    0.606628
Iteration: 84 bestvalit: 0.000809 bestmemit:    3.464704    5.655171    1.000000    0.156002    0.606628
Iteration: 85 bestvalit: 0.000809 bestmemit:    3.464704    5.655171    1.000000    0.156002    0.606628
Iteration: 86 bestvalit: 0.000809 bestmemit:    3.464704    5.655171    1.000000    0.156002    0.606628
Iteration: 87 bestvalit: 0.000809 bestmemit:    3.464704    5.655171    1.000000    0.156002    0.606628
Iteration: 88 bestvalit: 0.000740 bestmemit:    3.415273    6.173307    1.000000    0.169851    0.663705
Iteration: 89 bestvalit: 0.000740 bestmemit:    3.415273    6.173307    1.000000    0.169851    0.663705
Iteration: 90 bestvalit: 0.000740 bestmemit:    3.415273    6.173307    1.000000    0.169851    0.663705
Iteration: 91 bestvalit: 0.000740 bestmemit:    3.415273    6.173307    1.000000    0.169851    0.663705
Iteration: 92 bestvalit: 0.000740 bestmemit:    3.415273    6.173307    1.000000    0.169851    0.663705
Iteration: 93 bestvalit: 0.000740 bestmemit:    3.415273    6.173307    1.000000    0.169851    0.663705
Iteration: 94 bestvalit: 0.000740 bestmemit:    3.415273    6.173307    1.000000    0.169851    0.663705
Iteration: 95 bestvalit: 0.000740 bestmemit:    3.415273    6.173307    1.000000    0.169851    0.663705
Iteration: 96 bestvalit: 0.000740 bestmemit:    3.415273    6.173307    1.000000    0.169851    0.663705
Iteration: 97 bestvalit: 0.000733 bestmemit:    3.518954    6.173307    1.000000    0.169851    0.663705
Iteration: 98 bestvalit: 0.000733 bestmemit:    3.518954    6.173307    1.000000    0.169851    0.663705
Iteration: 99 bestvalit: 0.000733 bestmemit:    3.518954    6.173307    1.000000    0.169851    0.663705
Iteration: 100 bestvalit: 0.000733 bestmemit:    3.518954    6.173307    1.000000    0.169851    0.663705
Iteration: 101 bestvalit: 0.000733 bestmemit:    3.518954    6.173307    1.000000    0.169851    0.663705
Iteration: 102 bestvalit: 0.000733 bestmemit:    3.518954    6.173307    1.000000    0.169851    0.663705
Iteration: 103 bestvalit: 0.000707 bestmemit:    3.134226    7.726282    1.000000    0.005280    0.440802
Iteration: 104 bestvalit: 0.000707 bestmemit:    3.134226    7.726282    1.000000    0.005280    0.440802
Iteration: 105 bestvalit: 0.000707 bestmemit:    3.134226    7.726282    1.000000    0.005280    0.440802
Iteration: 106 bestvalit: 0.000707 bestmemit:    3.134226    7.726282    1.000000    0.005280    0.440802
Iteration: 107 bestvalit: 0.000707 bestmemit:    3.134226    7.726282    1.000000    0.005280    0.440802
Iteration: 108 bestvalit: 0.000707 bestmemit:    3.134226    7.726282    1.000000    0.005280    0.440802
Iteration: 109 bestvalit: 0.000707 bestmemit:    3.134226    7.726282    1.000000    0.005280    0.440802
Iteration: 110 bestvalit: 0.000707 bestmemit:    3.134226    7.726282    1.000000    0.005280    0.440802
Iteration: 111 bestvalit: 0.000707 bestmemit:    3.134226    7.726282    1.000000    0.005280    0.440802
Iteration: 112 bestvalit: 0.000707 bestmemit:    3.134226    7.726282    1.000000    0.005280    0.440802
Iteration: 113 bestvalit: 0.000707 bestmemit:    3.134226    7.726282    1.000000    0.005280    0.440802
Iteration: 114 bestvalit: 0.000707 bestmemit:    3.134226    7.726282    1.000000    0.005280    0.440802
Iteration: 115 bestvalit: 0.000707 bestmemit:    3.134226    7.726282    1.000000    0.005280    0.440802
Iteration: 116 bestvalit: 0.000707 bestmemit:    3.134226    7.726282    1.000000    0.005280    0.440802
Iteration: 117 bestvalit: 0.000699 bestmemit:    3.186179    7.379218    1.000000    0.003686    0.437231
Iteration: 118 bestvalit: 0.000699 bestmemit:    3.186179    7.379218    1.000000    0.003686    0.437231
Iteration: 119 bestvalit: 0.000699 bestmemit:    3.186179    7.379218    1.000000    0.003686    0.437231
Iteration: 120 bestvalit: 0.000699 bestmemit:    3.186179    7.379218    1.000000    0.003686    0.437231
Iteration: 121 bestvalit: 0.000699 bestmemit:    3.186179    7.379218    1.000000    0.003686    0.437231
Iteration: 122 bestvalit: 0.000699 bestmemit:    3.186179    7.379218    1.000000    0.003686    0.437231
Iteration: 123 bestvalit: 0.000699 bestmemit:    3.186179    7.379218    1.000000    0.003686    0.437231
Iteration: 124 bestvalit: 0.000699 bestmemit:    3.186179    7.394888    1.000000    0.002508    0.437231
Iteration: 125 bestvalit: 0.000699 bestmemit:    3.186179    7.394888    1.000000    0.002508    0.437231
Iteration: 126 bestvalit: 0.000699 bestmemit:    3.186179    7.394888    1.000000    0.002508    0.437231
Iteration: 127 bestvalit: 0.000699 bestmemit:    3.186179    7.394888    1.000000    0.002508    0.437231
Iteration: 128 bestvalit: 0.000699 bestmemit:    3.186179    7.394888    1.000000    0.002508    0.437231
Iteration: 129 bestvalit: 0.000699 bestmemit:    3.186179    7.394888    1.000000    0.002508    0.437231
Iteration: 130 bestvalit: 0.000699 bestmemit:    3.186179    7.394888    1.000000    0.002508    0.437231
Iteration: 131 bestvalit: 0.000699 bestmemit:    3.186179    7.394888    1.000000    0.002508    0.437231
Iteration: 132 bestvalit: 0.000699 bestmemit:    3.186179    7.394888    1.000000    0.002508    0.437231
Iteration: 133 bestvalit: 0.000699 bestmemit:    3.186179    7.394888    1.000000    0.002508    0.437231
Iteration: 134 bestvalit: 0.000699 bestmemit:    3.186179    7.394888    1.000000    0.002508    0.437231
Iteration: 135 bestvalit: 0.000699 bestmemit:    3.186179    7.394888    1.000000    0.002508    0.437231
Iteration: 136 bestvalit: 0.000699 bestmemit:    3.186179    7.394888    1.000000    0.002508    0.437231
Iteration: 137 bestvalit: 0.000699 bestmemit:    3.186179    7.394888    1.000000    0.002508    0.437231
Iteration: 138 bestvalit: 0.000699 bestmemit:    3.186179    7.394888    1.000000    0.002508    0.437231
Iteration: 139 bestvalit: 0.000699 bestmemit:    3.186179    7.394888    1.000000    0.002508    0.437231
Iteration: 140 bestvalit: 0.000699 bestmemit:    3.186179    7.394888    1.000000    0.002508    0.437231
Iteration: 141 bestvalit: 0.000699 bestmemit:    3.186179    7.394888    1.000000    0.002508    0.437231
Iteration: 142 bestvalit: 0.000699 bestmemit:    3.186179    7.394888    1.000000    0.002508    0.437231
Iteration: 143 bestvalit: 0.000699 bestmemit:    2.822012    7.659867    1.000000    0.001772    0.483855
Iteration: 144 bestvalit: 0.000699 bestmemit:    2.822012    7.659867    1.000000    0.001772    0.483855
Iteration: 145 bestvalit: 0.000699 bestmemit:    2.822012    7.659867    1.000000    0.001772    0.483855
Iteration: 146 bestvalit: 0.000699 bestmemit:    2.822012    7.659867    1.000000    0.001772    0.483855
Iteration: 147 bestvalit: 0.000699 bestmemit:    2.822012    7.659867    1.000000    0.001772    0.483855
Iteration: 148 bestvalit: 0.000699 bestmemit:    2.822012    7.659867    1.000000    0.001772    0.483855
Iteration: 149 bestvalit: 0.000699 bestmemit:    2.822012    7.659867    1.000000    0.001772    0.483855
Iteration: 150 bestvalit: 0.000699 bestmemit:    2.822012    7.659867    1.000000    0.001772    0.483855
Iteration: 151 bestvalit: 0.000699 bestmemit:    2.822012    7.659867    1.000000    0.001772    0.483855
Iteration: 152 bestvalit: 0.000699 bestmemit:    2.822012    7.653175    1.000000    0.001772    0.483855
Iteration: 153 bestvalit: 0.000699 bestmemit:    3.069256    7.022506    1.000000    0.010546    0.545945
Iteration: 154 bestvalit: 0.000699 bestmemit:    3.069256    7.022506    1.000000    0.010546    0.545945
Iteration: 155 bestvalit: 0.000699 bestmemit:    3.069256    7.022506    1.000000    0.010546    0.545945
Iteration: 156 bestvalit: 0.000699 bestmemit:    3.069256    7.022506    1.000000    0.010546    0.545945
Iteration: 157 bestvalit: 0.000699 bestmemit:    3.069256    7.022506    1.000000    0.010546    0.545945
Iteration: 158 bestvalit: 0.000699 bestmemit:    3.069256    7.022506    1.000000    0.010546    0.545945
Iteration: 159 bestvalit: 0.000699 bestmemit:    3.069256    7.022506    1.000000    0.010546    0.545945
Iteration: 160 bestvalit: 0.000697 bestmemit:    3.074555    7.174560    1.000000    0.001940    0.514073
Iteration: 161 bestvalit: 0.000697 bestmemit:    3.074555    7.174560    1.000000    0.001940    0.514073
Iteration: 162 bestvalit: 0.000697 bestmemit:    3.074555    7.174560    1.000000    0.001940    0.514073
Iteration: 163 bestvalit: 0.000697 bestmemit:    3.074555    7.174560    1.000000    0.001940    0.514073
Iteration: 164 bestvalit: 0.000697 bestmemit:    3.074555    7.174560    1.000000    0.001940    0.514073
Iteration: 165 bestvalit: 0.000697 bestmemit:    3.074555    7.174560    1.000000    0.001940    0.514073
Iteration: 166 bestvalit: 0.000697 bestmemit:    3.074555    7.174560    1.000000    0.001940    0.514073
Iteration: 167 bestvalit: 0.000697 bestmemit:    3.085401    7.286009    1.000000    0.000567    0.473826
Iteration: 168 bestvalit: 0.000697 bestmemit:    3.085401    7.286009    1.000000    0.000567    0.473826
Iteration: 169 bestvalit: 0.000697 bestmemit:    3.085401    7.286009    1.000000    0.000567    0.473826
Iteration: 170 bestvalit: 0.000697 bestmemit:    3.085401    7.286009    1.000000    0.000567    0.473826
Iteration: 171 bestvalit: 0.000697 bestmemit:    3.085401    7.286009    1.000000    0.000567    0.473826
Iteration: 172 bestvalit: 0.000697 bestmemit:    3.085401    7.286009    1.000000    0.000567    0.473826
Iteration: 173 bestvalit: 0.000697 bestmemit:    3.013698    7.199191    1.000000    0.000197    0.520391
Iteration: 174 bestvalit: 0.000697 bestmemit:    3.013698    7.199191    1.000000    0.000197    0.520391
Iteration: 175 bestvalit: 0.000697 bestmemit:    3.013698    7.199191    1.000000    0.000197    0.520391
Iteration: 176 bestvalit: 0.000697 bestmemit:    3.013698    7.199191    1.000000    0.000197    0.520391
Iteration: 177 bestvalit: 0.000697 bestmemit:    3.013698    7.199191    1.000000    0.000197    0.520391
Iteration: 178 bestvalit: 0.000697 bestmemit:    3.013698    7.199191    1.000000    0.000197    0.520391
Iteration: 179 bestvalit: 0.000697 bestmemit:    3.013698    7.199191    1.000000    0.000197    0.520391
Iteration: 180 bestvalit: 0.000697 bestmemit:    3.013698    7.199191    1.000000    0.000197    0.515233
Iteration: 181 bestvalit: 0.000697 bestmemit:    3.013698    7.199191    1.000000    0.000197    0.515233
Iteration: 182 bestvalit: 0.000697 bestmemit:    3.013698    7.199191    1.000000    0.000197    0.515233
Iteration: 183 bestvalit: 0.000697 bestmemit:    3.013698    7.199191    1.000000    0.000197    0.515233
Iteration: 184 bestvalit: 0.000697 bestmemit:    3.013698    7.199191    1.000000    0.000197    0.515233
Iteration: 185 bestvalit: 0.000697 bestmemit:    3.013698    7.199191    1.000000    0.000197    0.515233
Iteration: 186 bestvalit: 0.000697 bestmemit:    3.013698    7.199191    1.000000    0.000197    0.515233
Iteration: 187 bestvalit: 0.000697 bestmemit:    3.000950    7.341549    1.000000    0.001522    0.498794
Iteration: 188 bestvalit: 0.000697 bestmemit:    2.959097    7.382490    1.000000    0.000376    0.500660
Iteration: 189 bestvalit: 0.000697 bestmemit:    2.959097    7.382490    1.000000    0.000376    0.500660
Iteration: 190 bestvalit: 0.000697 bestmemit:    2.959097    7.382490    1.000000    0.000376    0.500660
Iteration: 191 bestvalit: 0.000697 bestmemit:    2.959097    7.382490    1.000000    0.000376    0.500660
Iteration: 192 bestvalit: 0.000697 bestmemit:    3.011562    7.263376    1.000000    0.000118    0.509304
Iteration: 193 bestvalit: 0.000697 bestmemit:    3.011562    7.263376    1.000000    0.000118    0.509304
Iteration: 194 bestvalit: 0.000697 bestmemit:    3.011562    7.263376    1.000000    0.000118    0.509304
Iteration: 195 bestvalit: 0.000697 bestmemit:    3.011562    7.263376    1.000000    0.000118    0.509304
Iteration: 196 bestvalit: 0.000697 bestmemit:    3.007700    7.277515    1.000000    0.000301    0.503780
Iteration: 197 bestvalit: 0.000697 bestmemit:    3.007700    7.277515    1.000000    0.000301    0.503780
Iteration: 198 bestvalit: 0.000697 bestmemit:    3.007700    7.277515    1.000000    0.000301    0.503780
Iteration: 199 bestvalit: 0.000697 bestmemit:    3.007700    7.277515    1.000000    0.000301    0.503780
Iteration: 200 bestvalit: 0.000697 bestmemit:    3.007700    7.277515    1.000000    0.000301    0.503780
Iteration: 201 bestvalit: 0.000697 bestmemit:    3.007700    7.277515    1.000000    0.000301    0.503780
Iteration: 202 bestvalit: 0.000697 bestmemit:    3.007700    7.277515    1.000000    0.000301    0.503780
Iteration: 203 bestvalit: 0.000697 bestmemit:    3.001313    7.290865    1.000000    0.000041    0.506636
Iteration: 204 bestvalit: 0.000697 bestmemit:    3.001313    7.290865    1.000000    0.000041    0.506636
Iteration: 205 bestvalit: 0.000697 bestmemit:    3.001313    7.290865    1.000000    0.000041    0.506636
Iteration: 206 bestvalit: 0.000697 bestmemit:    3.001313    7.290865    1.000000    0.000041    0.506636
Iteration: 207 bestvalit: 0.000697 bestmemit:    3.001313    7.290865    1.000000    0.000041    0.506636
Iteration: 208 bestvalit: 0.000697 bestmemit:    3.010318    7.326228    1.000000    0.000064    0.494985
Iteration: 209 bestvalit: 0.000697 bestmemit:    3.010318    7.326228    1.000000    0.000064    0.494985
Iteration: 210 bestvalit: 0.000697 bestmemit:    3.010318    7.326228    1.000000    0.000064    0.494985
Iteration: 211 bestvalit: 0.000697 bestmemit:    3.010318    7.326228    1.000000    0.000064    0.494985
Iteration: 212 bestvalit: 0.000697 bestmemit:    3.005910    7.307951    1.000000    0.000035    0.499137
Iteration: 213 bestvalit: 0.000697 bestmemit:    3.005910    7.307951    1.000000    0.000035    0.499137
Iteration: 214 bestvalit: 0.000697 bestmemit:    3.005910    7.307951    1.000000    0.000035    0.499137
Iteration: 215 bestvalit: 0.000697 bestmemit:    3.005910    7.307951    1.000000    0.000035    0.499137
Iteration: 216 bestvalit: 0.000697 bestmemit:    3.005910    7.307951    1.000000    0.000035    0.499137
Iteration: 217 bestvalit: 0.000697 bestmemit:    3.005910    7.307951    1.000000    0.000035    0.499137
Iteration: 218 bestvalit: 0.000697 bestmemit:    3.005910    7.307951    1.000000    0.000035    0.499137
Iteration: 219 bestvalit: 0.000697 bestmemit:    3.005910    7.307951    1.000000    0.000035    0.499137
Iteration: 220 bestvalit: 0.000697 bestmemit:    3.005910    7.307951    1.000000    0.000035    0.499137
Iteration: 221 bestvalit: 0.000697 bestmemit:    3.005910    7.307951    1.000000    0.000035    0.499137
Iteration: 222 bestvalit: 0.000697 bestmemit:    3.005910    7.307951    1.000000    0.000035    0.499137
Iteration: 223 bestvalit: 0.000697 bestmemit:    3.002613    7.300199    1.000000    0.000004    0.500988
Iteration: 224 bestvalit: 0.000697 bestmemit:    3.005229    7.320169    1.000000    0.000012    0.496363
Iteration: 225 bestvalit: 0.000697 bestmemit:    3.005229    7.320169    1.000000    0.000012    0.496363
Iteration: 226 bestvalit: 0.000697 bestmemit:    3.005229    7.320169    1.000000    0.000012    0.496363
Iteration: 227 bestvalit: 0.000697 bestmemit:    3.005229    7.320169    1.000000    0.000012    0.496363
Iteration: 228 bestvalit: 0.000697 bestmemit:    3.005229    7.320169    1.000000    0.000012    0.496363
Iteration: 229 bestvalit: 0.000697 bestmemit:    3.005229    7.320169    1.000000    0.000012    0.496363
Iteration: 230 bestvalit: 0.000697 bestmemit:    3.005229    7.320169    1.000000    0.000012    0.496363
Iteration: 231 bestvalit: 0.000697 bestmemit:    3.005229    7.320169    1.000000    0.000012    0.496363
Iteration: 232 bestvalit: 0.000697 bestmemit:    3.005229    7.320169    1.000000    0.000012    0.496363
Iteration: 233 bestvalit: 0.000697 bestmemit:    3.005229    7.320169    1.000000    0.000012    0.496363
Iteration: 234 bestvalit: 0.000697 bestmemit:    3.005229    7.320169    1.000000    0.000012    0.496363
Iteration: 235 bestvalit: 0.000697 bestmemit:    3.006485    7.314627    1.000000    0.000017    0.497309
Iteration: 236 bestvalit: 0.000697 bestmemit:    3.006485    7.314627    1.000000    0.000017    0.497309
Iteration: 237 bestvalit: 0.000697 bestmemit:    3.006485    7.314627    1.000000    0.000015    0.497309
Iteration: 238 bestvalit: 0.000697 bestmemit:    3.006485    7.314627    1.000000    0.000015    0.497309
Iteration: 239 bestvalit: 0.000697 bestmemit:    3.006485    7.314627    1.000000    0.000015    0.497309
Iteration: 240 bestvalit: 0.000697 bestmemit:    3.006485    7.311464    1.000000    0.000015    0.497309
Iteration: 241 bestvalit: 0.000697 bestmemit:    3.006485    7.311464    1.000000    0.000015    0.497309
Iteration: 242 bestvalit: 0.000697 bestmemit:    3.006485    7.311464    1.000000    0.000015    0.497309
Iteration: 243 bestvalit: 0.000697 bestmemit:    3.006485    7.311464    1.000000    0.000015    0.497309
Iteration: 244 bestvalit: 0.000697 bestmemit:    3.006485    7.311464    1.000000    0.000007    0.497309
Iteration: 245 bestvalit: 0.000697 bestmemit:    3.006485    7.311464    1.000000    0.000007    0.497309
Iteration: 246 bestvalit: 0.000697 bestmemit:    3.006485    7.311464    1.000000    0.000007    0.497309
Iteration: 247 bestvalit: 0.000697 bestmemit:    3.006485    7.311464    1.000000    0.000007    0.497309
Iteration: 248 bestvalit: 0.000697 bestmemit:    3.006485    7.311464    1.000000    0.000007    0.497309
Iteration: 249 bestvalit: 0.000697 bestmemit:    3.006485    7.311464    1.000000    0.000007    0.497309
Iteration: 250 bestvalit: 0.000697 bestmemit:    3.006485    7.311464    1.000000    0.000007    0.497309
Iteration: 251 bestvalit: 0.000697 bestmemit:    3.010204    7.310559    1.000000    0.000003    0.496559
Iteration: 252 bestvalit: 0.000697 bestmemit:    3.010204    7.310559    1.000000    0.000003    0.496559
Iteration: 253 bestvalit: 0.000697 bestmemit:    3.007463    7.312440    1.000000    0.000000    0.497754
Iteration: 254 bestvalit: 0.000697 bestmemit:    3.007463    7.309036    1.000000    0.000000    0.497754
Iteration: 255 bestvalit: 0.000697 bestmemit:    3.007463    7.309036    1.000000    0.000000    0.497754
Iteration: 256 bestvalit: 0.000697 bestmemit:    3.007463    7.309036    1.000000    0.000000    0.497754
Iteration: 257 bestvalit: 0.000697 bestmemit:    3.007463    7.309036    1.000000    0.000000    0.497754
Iteration: 258 bestvalit: 0.000697 bestmemit:    3.007463    7.309036    1.000000    0.000000    0.497754
Iteration: 259 bestvalit: 0.000697 bestmemit:    3.007463    7.309036    1.000000    0.000000    0.497754
Iteration: 260 bestvalit: 0.000697 bestmemit:    3.007463    7.309036    1.000000    0.000000    0.497754
Iteration: 261 bestvalit: 0.000697 bestmemit:    3.007463    7.309036    1.000000    0.000000    0.497754
Iteration: 262 bestvalit: 0.000697 bestmemit:    3.007463    7.309036    1.000000    0.000000    0.497754
Iteration: 263 bestvalit: 0.000697 bestmemit:    3.007463    7.309036    1.000000    0.000000    0.497754
Iteration: 264 bestvalit: 0.000697 bestmemit:    3.007463    7.309036    1.000000    0.000000    0.497754
Iteration: 265 bestvalit: 0.000697 bestmemit:    3.007463    7.309036    1.000000    0.000000    0.497754
Iteration: 266 bestvalit: 0.000697 bestmemit:    3.007463    7.309036    1.000000    0.000000    0.497754
Iteration: 267 bestvalit: 0.000697 bestmemit:    3.007463    7.309036    1.000000    0.000000    0.497754
Iteration: 268 bestvalit: 0.000697 bestmemit:    3.007463    7.309036    1.000000    0.000000    0.497754
Iteration: 269 bestvalit: 0.000697 bestmemit:    3.007463    7.309036    1.000000    0.000000    0.497754
Iteration: 270 bestvalit: 0.000697 bestmemit:    3.007463    7.309036    1.000000    0.000000    0.497754
Iteration: 271 bestvalit: 0.000697 bestmemit:    3.007463    7.309036    1.000000    0.000000    0.497754
Iteration: 272 bestvalit: 0.000697 bestmemit:    3.007463    7.309036    1.000000    0.000000    0.497754
Iteration: 273 bestvalit: 0.000697 bestmemit:    3.007463    7.309036    1.000000    0.000000    0.497754
Iteration: 274 bestvalit: 0.000697 bestmemit:    3.007463    7.309036    1.000000    0.000000    0.497754
Iteration: 275 bestvalit: 0.000697 bestmemit:    3.007463    7.309036    1.000000    0.000000    0.497754
Iteration: 276 bestvalit: 0.000697 bestmemit:    3.007463    7.309036    1.000000    0.000000    0.497754
Iteration: 277 bestvalit: 0.000697 bestmemit:    3.007463    7.309036    1.000000    0.000000    0.497754
Iteration: 278 bestvalit: 0.000697 bestmemit:    3.007463    7.309036    1.000000    0.000000    0.497754
Iteration: 279 bestvalit: 0.000697 bestmemit:    3.007463    7.309036    1.000000    0.000000    0.497754
Iteration: 280 bestvalit: 0.000697 bestmemit:    3.007463    7.309036    1.000000    0.000000    0.497754
Iteration: 281 bestvalit: 0.000697 bestmemit:    3.007463    7.309036    1.000000    0.000000    0.497754
Iteration: 282 bestvalit: 0.000697 bestmemit:    3.007463    7.309036    1.000000    0.000000    0.497754
Iteration: 283 bestvalit: 0.000697 bestmemit:    3.007463    7.309036    1.000000    0.000000    0.497754
Iteration: 284 bestvalit: 0.000697 bestmemit:    3.007463    7.309036    1.000000    0.000000    0.497754
Iteration: 285 bestvalit: 0.000697 bestmemit:    3.007463    7.309036    1.000000    0.000000    0.497754
Iteration: 286 bestvalit: 0.000697 bestmemit:    3.007463    7.309036    1.000000    0.000000    0.497754
Iteration: 287 bestvalit: 0.000697 bestmemit:    3.007110    7.309400    1.000000    0.000000    0.497880
Iteration: 288 bestvalit: 0.000697 bestmemit:    3.007110    7.309400    1.000000    0.000000    0.497880
Iteration: 289 bestvalit: 0.000697 bestmemit:    3.007110    7.309400    1.000000    0.000000    0.497880
Iteration: 290 bestvalit: 0.000697 bestmemit:    3.007110    7.309400    1.000000    0.000000    0.497880
Iteration: 291 bestvalit: 0.000697 bestmemit:    3.007110    7.309400    1.000000    0.000000    0.497880
Iteration: 292 bestvalit: 0.000697 bestmemit:    3.007110    7.309400    1.000000    0.000000    0.497880
Iteration: 293 bestvalit: 0.000697 bestmemit:    3.006801    7.310514    1.000000    0.000000    0.497762
Iteration: 294 bestvalit: 0.000697 bestmemit:    3.006801    7.310514    1.000000    0.000000    0.497762
Iteration: 295 bestvalit: 0.000697 bestmemit:    3.006801    7.310514    1.000000    0.000000    0.497762
Iteration: 296 bestvalit: 0.000697 bestmemit:    3.006801    7.310514    1.000000    0.000000    0.497762
Iteration: 297 bestvalit: 0.000697 bestmemit:    3.006801    7.310514    1.000000    0.000000    0.497762
Iteration: 298 bestvalit: 0.000697 bestmemit:    3.006801    7.310514    1.000000    0.000000    0.497762
Iteration: 299 bestvalit: 0.000697 bestmemit:    3.006801    7.310514    1.000000    0.000000    0.497762
Iteration: 300 bestvalit: 0.000697 bestmemit:    3.006801    7.310514    1.000000    0.000000    0.497762
Iteration: 301 bestvalit: 0.000697 bestmemit:    3.006801    7.310514    1.000000    0.000000    0.497762
Iteration: 302 bestvalit: 0.000697 bestmemit:    3.006801    7.310514    1.000000    0.000000    0.497762
Iteration: 303 bestvalit: 0.000697 bestmemit:    3.006801    7.310514    1.000000    0.000000    0.497762
Iteration: 304 bestvalit: 0.000697 bestmemit:    3.006801    7.310514    1.000000    0.000000    0.497762
Iteration: 305 bestvalit: 0.000697 bestmemit:    3.007121    7.310027    1.000000    0.000000    0.497793
Iteration: 306 bestvalit: 0.000697 bestmemit:    3.007121    7.310027    1.000000    0.000000    0.497793
Iteration: 307 bestvalit: 0.000697 bestmemit:    3.007121    7.310027    1.000000    0.000000    0.497793
Iteration: 308 bestvalit: 0.000697 bestmemit:    3.007121    7.310027    1.000000    0.000000    0.497793
Iteration: 309 bestvalit: 0.000697 bestmemit:    3.007121    7.310027    1.000000    0.000000    0.497793
Iteration: 310 bestvalit: 0.000697 bestmemit:    3.007121    7.310027    1.000000    0.000000    0.497793
Iteration: 311 bestvalit: 0.000697 bestmemit:    3.007121    7.309966    1.000000    0.000000    0.497793
Iteration: 312 bestvalit: 0.000697 bestmemit:    3.007121    7.309966    1.000000    0.000000    0.497793
Iteration: 313 bestvalit: 0.000697 bestmemit:    3.007121    7.309966    1.000000    0.000000    0.497793
Iteration: 314 bestvalit: 0.000697 bestmemit:    3.007140    7.309459    1.000000    0.000000    0.497857
Iteration: 315 bestvalit: 0.000697 bestmemit:    3.007140    7.309459    1.000000    0.000000    0.497857
Iteration: 316 bestvalit: 0.000697 bestmemit:    3.007140    7.309459    1.000000    0.000000    0.497857
Iteration: 317 bestvalit: 0.000697 bestmemit:    3.007140    7.309459    1.000000    0.000000    0.497857
Iteration: 318 bestvalit: 0.000697 bestmemit:    3.007140    7.309459    1.000000    0.000000    0.497857
Iteration: 319 bestvalit: 0.000697 bestmemit:    3.007140    7.309459    1.000000    0.000000    0.497857
Iteration: 320 bestvalit: 0.000697 bestmemit:    3.007140    7.309459    1.000000    0.000000    0.497857
Iteration: 321 bestvalit: 0.000697 bestmemit:    3.007121    7.309966    1.000000    0.000000    0.497749
Iteration: 322 bestvalit: 0.000697 bestmemit:    3.007121    7.309966    1.000000    0.000000    0.497749
Iteration: 323 bestvalit: 0.000697 bestmemit:    3.007121    7.309966    1.000000    0.000000    0.497749
Iteration: 324 bestvalit: 0.000697 bestmemit:    3.007121    7.309966    1.000000    0.000000    0.497754
Iteration: 325 bestvalit: 0.000697 bestmemit:    3.007121    7.309966    1.000000    0.000000    0.497754
Iteration: 326 bestvalit: 0.000697 bestmemit:    3.007121    7.309966    1.000000    0.000000    0.497754
Iteration: 327 bestvalit: 0.000697 bestmemit:    3.007121    7.309966    1.000000    0.000000    0.497754
Iteration: 328 bestvalit: 0.000697 bestmemit:    3.007109    7.309850    1.000000    0.000000    0.497799
Iteration: 329 bestvalit: 0.000697 bestmemit:    3.007109    7.309850    1.000000    0.000000    0.497799
Iteration: 330 bestvalit: 0.000697 bestmemit:    3.007109    7.309764    1.000000    0.000000    0.497799
Iteration: 331 bestvalit: 0.000697 bestmemit:    3.007109    7.309764    1.000000    0.000000    0.497799
Iteration: 332 bestvalit: 0.000697 bestmemit:    3.007109    7.309764    1.000000    0.000000    0.497799
Iteration: 333 bestvalit: 0.000697 bestmemit:    3.006987    7.309939    1.000000    0.000000    0.497798
Iteration: 334 bestvalit: 0.000697 bestmemit:    3.006991    7.309836    1.000000    0.000000    0.497819
Iteration: 335 bestvalit: 0.000697 bestmemit:    3.006991    7.309836    1.000000    0.000000    0.497819
Iteration: 336 bestvalit: 0.000697 bestmemit:    3.006991    7.309836    1.000000    0.000000    0.497819
Iteration: 337 bestvalit: 0.000697 bestmemit:    3.006991    7.309836    1.000000    0.000000    0.497819
Iteration: 338 bestvalit: 0.000697 bestmemit:    3.006991    7.309836    1.000000    0.000000    0.497819
Iteration: 339 bestvalit: 0.000697 bestmemit:    3.006991    7.309836    1.000000    0.000000    0.497819
Iteration: 340 bestvalit: 0.000697 bestmemit:    3.006991    7.309836    1.000000    0.000000    0.497819
Iteration: 341 bestvalit: 0.000697 bestmemit:    3.006991    7.309836    1.000000    0.000000    0.497819
Iteration: 342 bestvalit: 0.000697 bestmemit:    3.006991    7.309836    1.000000    0.000000    0.497819
Iteration: 343 bestvalit: 0.000697 bestmemit:    3.006991    7.309836    1.000000    0.000000    0.497819
Iteration: 344 bestvalit: 0.000697 bestmemit:    3.006991    7.309836    1.000000    0.000000    0.497819
Iteration: 345 bestvalit: 0.000697 bestmemit:    3.006991    7.309836    1.000000    0.000000    0.497819
Iteration: 346 bestvalit: 0.000697 bestmemit:    3.006991    7.309836    1.000000    0.000000    0.497819
Iteration: 347 bestvalit: 0.000697 bestmemit:    3.006991    7.309836    1.000000    0.000000    0.497819
Iteration: 348 bestvalit: 0.000697 bestmemit:    3.006991    7.309836    1.000000    0.000000    0.497819
Iteration: 349 bestvalit: 0.000697 bestmemit:    3.006991    7.309836    1.000000    0.000000    0.497819
Iteration: 350 bestvalit: 0.000697 bestmemit:    3.006991    7.309836    1.000000    0.000000    0.497819
Iteration: 351 bestvalit: 0.000697 bestmemit:    3.006991    7.309836    1.000000    0.000000    0.497819
Iteration: 352 bestvalit: 0.000697 bestmemit:    3.006991    7.309836    1.000000    0.000000    0.497819
Iteration: 353 bestvalit: 0.000697 bestmemit:    3.006991    7.309836    1.000000    0.000000    0.497819
Iteration: 354 bestvalit: 0.000697 bestmemit:    3.006994    7.309879    1.000000    0.000000    0.497812
Iteration: 355 bestvalit: 0.000697 bestmemit:    3.006994    7.309879    1.000000    0.000000    0.497812
Iteration: 356 bestvalit: 0.000697 bestmemit:    3.006994    7.309879    1.000000    0.000000    0.497812
Iteration: 357 bestvalit: 0.000697 bestmemit:    3.006994    7.309879    1.000000    0.000000    0.497812
Iteration: 358 bestvalit: 0.000697 bestmemit:    3.006994    7.309879    1.000000    0.000000    0.497812

***** summary of DEoptim object ***** 
best member   :  3.00699 7.30988 1 0 0.49781 
best value    :  7e-04 
after         :  358 generations 
fn evaluated  :  718 times 
*************************************
