SLURM_JOB_ID: 55402978
SLURM_JOB_USER: vsc34066
SLURM_JOB_ACCOUNT: lp_desenderlab
SLURM_JOB_NAME: par_recov_alternating_fb_sim_alpha_learn.slurm
SLURM_CLUSTER_NAME: genius
SLURM_JOB_PARTITION: batch
SLURM_ARRAY_JOB_ID: 55402977
SLURM_ARRAY_TASK_ID: 1
SLURM_NNODES: 1
SLURM_NODELIST: r22i27n02
SLURM_JOB_CPUS_PER_NODE: 8
Date: Sun Dec  3 23:43:54 CET 2023
Walltime: 01-06:00:00
========================================================================
Iteration: 1 bestvalit: 0.072073 bestmemit:   40.198514  -15.056275    1.000000  495.592849 8289.474915
Iteration: 2 bestvalit: 0.060722 bestmemit:   26.848619  -95.406457    1.000000  130.281186 2241.854579
Iteration: 3 bestvalit: 0.038865 bestmemit:   20.399648  -75.623629    1.000000  265.905276  333.008302
Iteration: 4 bestvalit: 0.036183 bestmemit:    2.117295  -75.623629    1.000000  265.905276  209.783751
Iteration: 5 bestvalit: 0.023906 bestmemit:   23.880237   49.029020    1.000000   32.260411  300.107099
Iteration: 6 bestvalit: 0.018614 bestmemit:    2.117295  -75.623629    1.000000   22.495095  209.783751
Iteration: 7 bestvalit: 0.018614 bestmemit:    2.117295  -75.623629    1.000000   22.495095  209.783751
Iteration: 8 bestvalit: 0.018579 bestmemit:    0.261991  -75.623629    1.000000   22.495095  209.783751
Iteration: 9 bestvalit: 0.017976 bestmemit:    0.261991   68.795562    1.000000   22.495095  209.783751
Iteration: 10 bestvalit: 0.017976 bestmemit:    0.261991   68.795562    1.000000   22.495095  209.783751
Iteration: 11 bestvalit: 0.017976 bestmemit:    0.261991   68.795562    1.000000   22.495095  209.783751
Iteration: 12 bestvalit: 0.017976 bestmemit:    0.261991   68.795562    1.000000   22.495095  209.783751
Iteration: 13 bestvalit: 0.017976 bestmemit:    0.261991   68.795562    1.000000   22.495095  209.783751
Iteration: 14 bestvalit: 0.017976 bestmemit:    0.261991   68.795562    1.000000   22.495095  209.783751
Iteration: 15 bestvalit: 0.017976 bestmemit:    0.261991   68.795562    1.000000   22.495095  209.783751
Iteration: 16 bestvalit: 0.017976 bestmemit:    0.261991   68.795562    1.000000   22.495095  209.783751
Iteration: 17 bestvalit: 0.017976 bestmemit:    0.261991   68.795562    1.000000   22.495095  209.783751
Iteration: 18 bestvalit: 0.017976 bestmemit:    0.261991   68.795562    1.000000   22.495095  209.783751
Iteration: 19 bestvalit: 0.017976 bestmemit:    0.261991   68.795562    1.000000   22.495095  209.783751
Iteration: 20 bestvalit: 0.017976 bestmemit:    0.261991   68.795562    1.000000   22.495095  209.783751
Iteration: 21 bestvalit: 0.017976 bestmemit:    0.261991   68.795562    1.000000   22.495095  209.783751
Iteration: 22 bestvalit: 0.017481 bestmemit:    0.261991   28.503545    1.000000   22.495095  209.783751
Iteration: 23 bestvalit: 0.014877 bestmemit:    3.804872   -5.633120    1.000000   32.260411   58.392303
Iteration: 24 bestvalit: 0.014877 bestmemit:    3.804872   -5.633120    1.000000   32.260411   58.392303
Iteration: 25 bestvalit: 0.014877 bestmemit:    3.804872   -5.633120    1.000000   32.260411   58.392303
Iteration: 26 bestvalit: 0.014877 bestmemit:    3.804872   -5.633120    1.000000   32.260411   58.392303
Iteration: 27 bestvalit: 0.014877 bestmemit:    3.804872   -5.633120    1.000000   32.260411   58.392303
Iteration: 28 bestvalit: 0.014877 bestmemit:    3.804872   -5.633120    1.000000   32.260411   58.392303
Iteration: 29 bestvalit: 0.014877 bestmemit:    3.804872   -5.633120    1.000000   32.260411   58.392303
Iteration: 30 bestvalit: 0.014877 bestmemit:    3.804872   -5.633120    1.000000   32.260411   58.392303
Iteration: 31 bestvalit: 0.011884 bestmemit:    5.698446   18.002819    1.000000    9.076707   41.825324
Iteration: 32 bestvalit: 0.011884 bestmemit:    5.698446   18.002819    1.000000    9.076707   41.825324
Iteration: 33 bestvalit: 0.011884 bestmemit:    5.698446   18.002819    1.000000    9.076707   41.825324
Iteration: 34 bestvalit: 0.011884 bestmemit:    5.698446   18.002819    1.000000    9.076707   41.825324
Iteration: 35 bestvalit: 0.011884 bestmemit:    5.698446   18.002819    1.000000    9.076707   41.825324
Iteration: 36 bestvalit: 0.010524 bestmemit:    8.117002   -7.590979    1.000000   21.006473   15.934948
Iteration: 37 bestvalit: 0.010524 bestmemit:    8.117002   -7.590979    1.000000   21.006473   15.934948
Iteration: 38 bestvalit: 0.010524 bestmemit:    8.117002   -7.590979    1.000000   21.006473   15.934948
Iteration: 39 bestvalit: 0.010524 bestmemit:    8.117002   -7.590979    1.000000   21.006473   15.934948
Iteration: 40 bestvalit: 0.010524 bestmemit:    8.117002   -7.590979    1.000000   21.006473   15.934948
Iteration: 41 bestvalit: 0.010515 bestmemit:   13.055976   -7.590979    1.000000   21.006473   15.934948
Iteration: 42 bestvalit: 0.010515 bestmemit:   13.055976   -7.590979    1.000000   21.006473   15.934948
Iteration: 43 bestvalit: 0.010515 bestmemit:   13.055976   -7.590979    1.000000   21.006473   15.934948
Iteration: 44 bestvalit: 0.008134 bestmemit:   14.847766    5.290870    1.000000    6.797474    9.448262
Iteration: 45 bestvalit: 0.008134 bestmemit:   14.847766    5.290870    1.000000    6.797474    9.448262
Iteration: 46 bestvalit: 0.008134 bestmemit:   14.847766    5.290870    1.000000    6.797474    9.448262
Iteration: 47 bestvalit: 0.008134 bestmemit:   14.847766    5.290870    1.000000    6.797474    9.448262
Iteration: 48 bestvalit: 0.008134 bestmemit:   14.847766    5.290870    1.000000    6.797474    9.448262
Iteration: 49 bestvalit: 0.008134 bestmemit:   14.847766    5.290870    1.000000    6.797474    9.448262
Iteration: 50 bestvalit: 0.007277 bestmemit:   16.245310    0.099474    1.000000    6.988210    8.033903
Iteration: 51 bestvalit: 0.007104 bestmemit:   14.898257    0.099474    1.000000    6.988210    8.033903
Iteration: 52 bestvalit: 0.007104 bestmemit:   14.898257    0.099474    1.000000    6.988210    8.033903
Iteration: 53 bestvalit: 0.006965 bestmemit:   11.565681    0.884055    1.000000    9.362877    8.231606
Iteration: 54 bestvalit: 0.006638 bestmemit:   15.752648  -25.454442    1.000000    7.338459    6.729053
Iteration: 55 bestvalit: 0.005205 bestmemit:   21.523016    2.752479    1.000000    5.902731    2.275410
Iteration: 56 bestvalit: 0.004886 bestmemit:   21.024816  -18.626047    1.000000    7.734939    3.858335
Iteration: 57 bestvalit: 0.004886 bestmemit:   21.024816  -18.626047    1.000000    7.734939    3.858335
Iteration: 58 bestvalit: 0.004726 bestmemit:   27.290711  -18.626047    1.000000    7.734939    3.858335
Iteration: 59 bestvalit: 0.004726 bestmemit:   27.290711  -18.626047    1.000000    7.734939    3.858335
Iteration: 60 bestvalit: 0.004726 bestmemit:   27.290711  -18.626047    1.000000    7.734939    3.858335
Iteration: 61 bestvalit: 0.004726 bestmemit:   27.290711  -18.626047    1.000000    7.734939    3.858335
Iteration: 62 bestvalit: 0.004183 bestmemit:   21.523016  -19.309565    1.000000    5.902731    2.275410
Iteration: 63 bestvalit: 0.004183 bestmemit:   21.523016  -19.309565    1.000000    5.902731    2.275410
Iteration: 64 bestvalit: 0.004183 bestmemit:   21.523016  -19.309565    1.000000    5.902731    2.275410
Iteration: 65 bestvalit: 0.004183 bestmemit:   21.523016  -19.309565    1.000000    5.902731    2.275410
Iteration: 66 bestvalit: 0.003257 bestmemit:   30.704701  -14.023915    1.000000    6.254746    1.238419
Iteration: 67 bestvalit: 0.003257 bestmemit:   30.704701  -14.023915    1.000000    6.254746    1.238419
Iteration: 68 bestvalit: 0.003257 bestmemit:   30.704701  -14.023915    1.000000    6.254746    1.238419
Iteration: 69 bestvalit: 0.003257 bestmemit:   30.704701  -14.023915    1.000000    6.254746    1.238419
Iteration: 70 bestvalit: 0.003257 bestmemit:   30.704701  -14.023915    1.000000    6.254746    1.238419
Iteration: 71 bestvalit: 0.003257 bestmemit:   30.704701  -14.023915    1.000000    6.254746    1.238419
Iteration: 72 bestvalit: 0.003257 bestmemit:   30.704701  -14.023915    1.000000    6.254746    1.238419
Iteration: 73 bestvalit: 0.003257 bestmemit:   30.704701  -14.023915    1.000000    6.254746    1.238419
Iteration: 74 bestvalit: 0.003257 bestmemit:   30.704701  -14.023915    1.000000    6.254746    1.238419
Iteration: 75 bestvalit: 0.003257 bestmemit:   30.704701  -14.023915    1.000000    6.254746    1.238419
Iteration: 76 bestvalit: 0.003257 bestmemit:   30.704701  -14.023915    1.000000    6.254746    1.238419
Iteration: 77 bestvalit: 0.003233 bestmemit:   31.126325  -14.023915    1.000000    6.254746    1.238419
Iteration: 78 bestvalit: 0.003233 bestmemit:   31.126325  -14.023915    1.000000    6.254746    1.238419
Iteration: 79 bestvalit: 0.002538 bestmemit:   25.153008  -11.524262    1.000000    3.786482    0.893495
Iteration: 80 bestvalit: 0.002538 bestmemit:   25.153008  -11.524262    1.000000    3.786482    0.893495
Iteration: 81 bestvalit: 0.002538 bestmemit:   25.153008  -11.524262    1.000000    3.786482    0.893495
Iteration: 82 bestvalit: 0.002538 bestmemit:   25.153008  -11.524262    1.000000    3.786482    0.893495
Iteration: 83 bestvalit: 0.002538 bestmemit:   25.153008  -11.524262    1.000000    3.786482    0.893495
Iteration: 84 bestvalit: 0.002538 bestmemit:   25.153008  -11.524262    1.000000    3.786482    0.893495
Iteration: 85 bestvalit: 0.002538 bestmemit:   25.153008  -11.524262    1.000000    3.786482    0.893495
Iteration: 86 bestvalit: 0.002531 bestmemit:   24.986646  -11.752271    1.000000    3.341544    0.767950
Iteration: 87 bestvalit: 0.002531 bestmemit:   24.986646  -11.752271    1.000000    3.341544    0.767950
Iteration: 88 bestvalit: 0.002531 bestmemit:   24.986646  -11.752271    1.000000    3.341544    0.767950
Iteration: 89 bestvalit: 0.002272 bestmemit:   16.412065   -3.308219    1.000000    0.973666    0.237316
Iteration: 90 bestvalit: 0.002272 bestmemit:   16.412065   -3.308219    1.000000    0.973666    0.237316
Iteration: 91 bestvalit: 0.002272 bestmemit:   16.412065   -3.308219    1.000000    0.973666    0.237316
Iteration: 92 bestvalit: 0.002272 bestmemit:   16.412065   -3.308219    1.000000    0.973666    0.237316
Iteration: 93 bestvalit: 0.002272 bestmemit:   16.412065   -3.308219    1.000000    0.973666    0.237316
Iteration: 94 bestvalit: 0.002193 bestmemit:   16.412065   -3.308219    1.000000    1.781962    0.237316
Iteration: 95 bestvalit: 0.001906 bestmemit:   10.861077    0.781147    1.000000    0.721290    0.264455
Iteration: 96 bestvalit: 0.001906 bestmemit:   10.861077    0.781147    1.000000    0.721290    0.264455
Iteration: 97 bestvalit: 0.001906 bestmemit:   10.861077    0.781147    1.000000    0.721290    0.264455
Iteration: 98 bestvalit: 0.001847 bestmemit:   12.426086   -0.281336    1.000000    0.844432    0.183594
Iteration: 99 bestvalit: 0.001847 bestmemit:   12.426086   -0.281336    1.000000    0.844432    0.183594
Iteration: 100 bestvalit: 0.001847 bestmemit:   12.426086   -0.281336    1.000000    0.844432    0.183594
Iteration: 101 bestvalit: 0.001847 bestmemit:   12.426086   -0.281336    1.000000    0.844432    0.183594
Iteration: 102 bestvalit: 0.001847 bestmemit:   12.426086   -0.281336    1.000000    0.844432    0.183594
Iteration: 103 bestvalit: 0.001847 bestmemit:   12.426086   -0.281336    1.000000    0.844432    0.183594
Iteration: 104 bestvalit: 0.001847 bestmemit:   12.426086   -0.281336    1.000000    0.844432    0.183594
Iteration: 105 bestvalit: 0.001847 bestmemit:   12.426086   -0.281336    1.000000    0.844432    0.183594
Iteration: 106 bestvalit: 0.001847 bestmemit:   12.426086   -0.281336    1.000000    0.844432    0.183594
Iteration: 107 bestvalit: 0.001822 bestmemit:   10.141413    0.781147    1.000000    0.721290    0.264455
Iteration: 108 bestvalit: 0.001816 bestmemit:   10.141413    0.781147    1.000000    0.910809    0.264455
Iteration: 109 bestvalit: 0.001811 bestmemit:    9.859241    0.674750    1.000000    0.692149    0.202693
Iteration: 110 bestvalit: 0.001811 bestmemit:    9.859241    0.674750    1.000000    0.692149    0.202693
Iteration: 111 bestvalit: 0.001811 bestmemit:    9.859241    0.674750    1.000000    0.692149    0.202693
Iteration: 112 bestvalit: 0.001811 bestmemit:    9.859241    0.674750    1.000000    0.692149    0.202693
Iteration: 113 bestvalit: 0.001811 bestmemit:    9.859241    0.674750    1.000000    0.692149    0.202693
Iteration: 114 bestvalit: 0.001811 bestmemit:    9.859241    0.674750    1.000000    0.692149    0.202693
Iteration: 115 bestvalit: 0.001811 bestmemit:    9.859241    0.674750    1.000000    0.692149    0.202693
Iteration: 116 bestvalit: 0.001811 bestmemit:    9.859241    0.674750    1.000000    0.692149    0.202693
Iteration: 117 bestvalit: 0.001811 bestmemit:    9.859241    0.674750    1.000000    0.692149    0.202693
Iteration: 118 bestvalit: 0.001811 bestmemit:    9.859241    0.674750    1.000000    0.692149    0.202693
Iteration: 119 bestvalit: 0.001811 bestmemit:    9.859241    0.674750    1.000000    0.692149    0.202693
Iteration: 120 bestvalit: 0.001811 bestmemit:    9.859241    0.674750    1.000000    0.692149    0.202693
Iteration: 121 bestvalit: 0.001811 bestmemit:    9.859241    0.674750    1.000000    0.692149    0.202693
Iteration: 122 bestvalit: 0.001811 bestmemit:    9.859241    0.674750    1.000000    0.692149    0.202693
Iteration: 123 bestvalit: 0.001811 bestmemit:    9.859241    0.674750    1.000000    0.692149    0.202693
Iteration: 124 bestvalit: 0.001811 bestmemit:    9.859241    0.674750    1.000000    0.692149    0.202693
Iteration: 125 bestvalit: 0.001811 bestmemit:    9.859241    0.674750    1.000000    0.692149    0.202693
Iteration: 126 bestvalit: 0.001811 bestmemit:    9.859241    0.674750    1.000000    0.692149    0.202693
Iteration: 127 bestvalit: 0.001811 bestmemit:    9.859241    0.674750    1.000000    0.692149    0.202693
Iteration: 128 bestvalit: 0.001811 bestmemit:    9.859241    0.674750    1.000000    0.692149    0.202693
Iteration: 129 bestvalit: 0.001811 bestmemit:    9.859241    0.674750    1.000000    0.692149    0.202693
Iteration: 130 bestvalit: 0.001811 bestmemit:    9.859241    0.674750    1.000000    0.692149    0.202693
Iteration: 131 bestvalit: 0.001797 bestmemit:    9.859241    0.674750    1.000000    0.183461    0.084836
Iteration: 132 bestvalit: 0.001797 bestmemit:    9.859241    0.674750    1.000000    0.183461    0.084836
Iteration: 133 bestvalit: 0.001797 bestmemit:    9.859241    0.674750    1.000000    0.183461    0.084836
Iteration: 134 bestvalit: 0.001797 bestmemit:    9.859241    0.674750    1.000000    0.183461    0.084836
Iteration: 135 bestvalit: 0.001797 bestmemit:    9.859241    0.674750    1.000000    0.183461    0.084836
Iteration: 136 bestvalit: 0.001797 bestmemit:    9.859241    0.674750    1.000000    0.183461    0.084836
Iteration: 137 bestvalit: 0.001797 bestmemit:    9.859241    0.674750    1.000000    0.183461    0.084836
Iteration: 138 bestvalit: 0.001797 bestmemit:    9.859241    0.674750    1.000000    0.183461    0.084836
Iteration: 139 bestvalit: 0.001797 bestmemit:    9.859241    0.674750    1.000000    0.183461    0.084836
Iteration: 140 bestvalit: 0.001797 bestmemit:    9.859241    0.674750    1.000000    0.183461    0.084836
Iteration: 141 bestvalit: 0.001771 bestmemit:    8.683102    3.107577    1.000000    0.488621    0.114712
Iteration: 142 bestvalit: 0.001771 bestmemit:    8.683102    3.107577    1.000000    0.488621    0.114712
Iteration: 143 bestvalit: 0.001771 bestmemit:    8.683102    3.107577    1.000000    0.488621    0.114712
Iteration: 144 bestvalit: 0.001771 bestmemit:    8.683102    3.107577    1.000000    0.488621    0.114712
Iteration: 145 bestvalit: 0.001771 bestmemit:    8.683102    3.107577    1.000000    0.488621    0.114712
Iteration: 146 bestvalit: 0.001771 bestmemit:    8.683102    3.107577    1.000000    0.488621    0.114712
Iteration: 147 bestvalit: 0.001762 bestmemit:    8.838218    3.427656    1.000000    0.367337    0.026867
Iteration: 148 bestvalit: 0.001759 bestmemit:    8.683102    2.655311    1.000000    0.488621    0.114712
Iteration: 149 bestvalit: 0.001759 bestmemit:    8.683102    2.655311    1.000000    0.488621    0.114712
Iteration: 150 bestvalit: 0.001759 bestmemit:    8.683102    2.655311    1.000000    0.488621    0.114712
Iteration: 151 bestvalit: 0.001759 bestmemit:    8.683102    2.655311    1.000000    0.488621    0.114712
Iteration: 152 bestvalit: 0.001759 bestmemit:    8.683102    2.655311    1.000000    0.488621    0.114712
Iteration: 153 bestvalit: 0.001759 bestmemit:    8.683102    2.655311    1.000000    0.488621    0.114712
Iteration: 154 bestvalit: 0.001759 bestmemit:    8.683102    2.655311    1.000000    0.488621    0.114712
Iteration: 155 bestvalit: 0.001759 bestmemit:    8.683102    2.655311    1.000000    0.488621    0.114712
Iteration: 156 bestvalit: 0.001759 bestmemit:    8.683102    2.655311    1.000000    0.488621    0.114712
Iteration: 157 bestvalit: 0.001759 bestmemit:    8.683102    2.655311    1.000000    0.488621    0.114712
Iteration: 158 bestvalit: 0.001759 bestmemit:    8.683102    2.655311    1.000000    0.488621    0.114712
Iteration: 159 bestvalit: 0.001759 bestmemit:    8.683102    2.655311    1.000000    0.488621    0.114712
Iteration: 160 bestvalit: 0.001759 bestmemit:    8.683102    2.655311    1.000000    0.488621    0.114712
Iteration: 161 bestvalit: 0.001759 bestmemit:    8.683102    2.655311    1.000000    0.488621    0.114712
Iteration: 162 bestvalit: 0.001759 bestmemit:    8.683102    2.655311    1.000000    0.488621    0.114712
Iteration: 163 bestvalit: 0.001759 bestmemit:    8.683102    2.655311    1.000000    0.488621    0.114712
Iteration: 164 bestvalit: 0.001741 bestmemit:    8.484490    2.704424    1.000000    0.099905    0.024896
Iteration: 165 bestvalit: 0.001741 bestmemit:    8.484490    2.704424    1.000000    0.099905    0.024896
Iteration: 166 bestvalit: 0.001741 bestmemit:    8.484490    2.704424    1.000000    0.099905    0.024896
Iteration: 167 bestvalit: 0.001741 bestmemit:    8.484490    2.704424    1.000000    0.099905    0.024896
Iteration: 168 bestvalit: 0.001741 bestmemit:    8.484490    2.704424    1.000000    0.099905    0.024896
Iteration: 169 bestvalit: 0.001739 bestmemit:    8.431177    2.704424    1.000000    0.099905    0.024896
Iteration: 170 bestvalit: 0.001739 bestmemit:    8.431177    2.704424    1.000000    0.099905    0.024896
Iteration: 171 bestvalit: 0.001739 bestmemit:    8.431177    2.704424    1.000000    0.099905    0.024896
Iteration: 172 bestvalit: 0.001739 bestmemit:    8.431177    2.704424    1.000000    0.099905    0.024896
Iteration: 173 bestvalit: 0.001739 bestmemit:    8.431177    2.704424    1.000000    0.099905    0.024896
Iteration: 174 bestvalit: 0.001739 bestmemit:    8.431177    2.704424    1.000000    0.099905    0.024896
Iteration: 175 bestvalit: 0.001739 bestmemit:    8.431177    2.704424    1.000000    0.099905    0.024896
Iteration: 176 bestvalit: 0.001739 bestmemit:    8.431177    2.704424    1.000000    0.099905    0.024896
Iteration: 177 bestvalit: 0.001739 bestmemit:    8.431177    2.704424    1.000000    0.099905    0.024896
Iteration: 178 bestvalit: 0.001739 bestmemit:    8.431177    2.704424    1.000000    0.099905    0.024896
Iteration: 179 bestvalit: 0.001739 bestmemit:    8.431177    2.704424    1.000000    0.099905    0.024896
Iteration: 180 bestvalit: 0.001739 bestmemit:    8.431177    2.704424    1.000000    0.099905    0.024896
Iteration: 181 bestvalit: 0.001739 bestmemit:    8.431177    2.704424    1.000000    0.099905    0.024896
Iteration: 182 bestvalit: 0.001739 bestmemit:    8.431177    2.704424    1.000000    0.099905    0.024896
Iteration: 183 bestvalit: 0.001739 bestmemit:    8.431177    2.704424    1.000000    0.099905    0.024896
Iteration: 184 bestvalit: 0.001739 bestmemit:    8.431177    2.704424    1.000000    0.099905    0.024896
Iteration: 185 bestvalit: 0.001739 bestmemit:    8.431177    2.704424    1.000000    0.099905    0.024896
Iteration: 186 bestvalit: 0.001739 bestmemit:    8.431177    2.704424    1.000000    0.099905    0.024896
Iteration: 187 bestvalit: 0.001739 bestmemit:    8.431177    2.704424    1.000000    0.099905    0.024896
Iteration: 188 bestvalit: 0.001739 bestmemit:    8.431177    2.704424    1.000000    0.099905    0.024896
Iteration: 189 bestvalit: 0.001739 bestmemit:    8.431177    2.704424    1.000000    0.099905    0.024896
Iteration: 190 bestvalit: 0.001739 bestmemit:    8.431177    2.704424    1.000000    0.099905    0.024896
Iteration: 191 bestvalit: 0.001739 bestmemit:    8.431177    2.704424    1.000000    0.099905    0.024896
Iteration: 192 bestvalit: 0.001739 bestmemit:    8.431177    2.704424    1.000000    0.099905    0.024896
Iteration: 193 bestvalit: 0.001739 bestmemit:    8.431177    2.704424    1.000000    0.099905    0.024896
Iteration: 194 bestvalit: 0.001739 bestmemit:    8.431177    2.704424    1.000000    0.099905    0.024896
Iteration: 195 bestvalit: 0.001739 bestmemit:    8.431177    2.704424    1.000000    0.099905    0.024896
Iteration: 196 bestvalit: 0.001739 bestmemit:    8.431177    2.704424    1.000000    0.099905    0.015168
Iteration: 197 bestvalit: 0.001739 bestmemit:    8.431177    2.704424    1.000000    0.099905    0.015168
Iteration: 198 bestvalit: 0.001739 bestmemit:    8.431177    2.704424    1.000000    0.099905    0.015168
Iteration: 199 bestvalit: 0.001737 bestmemit:    8.002389    3.406826    1.000000    0.149943    0.018548
Iteration: 200 bestvalit: 0.001737 bestmemit:    8.002389    3.406826    1.000000    0.149943    0.018548
Iteration: 201 bestvalit: 0.001737 bestmemit:    8.002389    3.406826    1.000000    0.149943    0.018548
Iteration: 202 bestvalit: 0.001737 bestmemit:    8.002389    3.406826    1.000000    0.149943    0.018548
Iteration: 203 bestvalit: 0.001737 bestmemit:    8.002389    3.406826    1.000000    0.149943    0.018548
Iteration: 204 bestvalit: 0.001737 bestmemit:    8.002389    3.406826    1.000000    0.149943    0.018548
Iteration: 205 bestvalit: 0.001737 bestmemit:    8.002389    3.406826    1.000000    0.149943    0.018548
Iteration: 206 bestvalit: 0.001737 bestmemit:    8.002389    3.406826    1.000000    0.149943    0.018548
Iteration: 207 bestvalit: 0.001737 bestmemit:    8.002389    3.406826    1.000000    0.149943    0.018548
Iteration: 208 bestvalit: 0.001737 bestmemit:    8.002389    3.406826    1.000000    0.149943    0.018548
Iteration: 209 bestvalit: 0.001736 bestmemit:    7.617574    3.479478    1.000000    0.005538    0.007293
Iteration: 210 bestvalit: 0.001736 bestmemit:    7.617574    3.479478    1.000000    0.005538    0.007293
Iteration: 211 bestvalit: 0.001736 bestmemit:    7.617574    3.479478    1.000000    0.005538    0.007293
Iteration: 212 bestvalit: 0.001736 bestmemit:    7.617574    3.479478    1.000000    0.005538    0.007293
Iteration: 213 bestvalit: 0.001736 bestmemit:    7.617574    3.479478    1.000000    0.005538    0.007293
Iteration: 214 bestvalit: 0.001736 bestmemit:    7.617574    3.479478    1.000000    0.005538    0.007293
Iteration: 215 bestvalit: 0.001736 bestmemit:    7.617574    3.479478    1.000000    0.028783    0.007293
Iteration: 216 bestvalit: 0.001736 bestmemit:    7.617574    3.479478    1.000000    0.028783    0.007293
Iteration: 217 bestvalit: 0.001736 bestmemit:    7.617574    3.479478    1.000000    0.028783    0.007293
Iteration: 218 bestvalit: 0.001736 bestmemit:    7.617574    3.479478    1.000000    0.028783    0.007293
Iteration: 219 bestvalit: 0.001736 bestmemit:    7.617574    3.479478    1.000000    0.028783    0.007293
Iteration: 220 bestvalit: 0.001736 bestmemit:    7.617574    3.479478    1.000000    0.028783    0.007293
Iteration: 221 bestvalit: 0.001736 bestmemit:    7.617574    3.479478    1.000000    0.028783    0.007293
Iteration: 222 bestvalit: 0.001736 bestmemit:    7.617574    3.479478    1.000000    0.028783    0.007293
Iteration: 223 bestvalit: 0.001736 bestmemit:    7.617574    3.479478    1.000000    0.028783    0.007293
Iteration: 224 bestvalit: 0.001736 bestmemit:    7.617574    3.479478    1.000000    0.028783    0.007293
Iteration: 225 bestvalit: 0.001736 bestmemit:    7.617574    3.479478    1.000000    0.028783    0.007293
Iteration: 226 bestvalit: 0.001736 bestmemit:    7.617574    3.479478    1.000000    0.028783    0.007293
Iteration: 227 bestvalit: 0.001736 bestmemit:    7.617574    3.479478    1.000000    0.028783    0.007293
Iteration: 228 bestvalit: 0.001736 bestmemit:    7.617574    3.479478    1.000000    0.028783    0.007293
Iteration: 229 bestvalit: 0.001736 bestmemit:    7.617574    3.479478    1.000000    0.026548    0.007293
Iteration: 230 bestvalit: 0.001736 bestmemit:    7.617574    3.479478    1.000000    0.026548    0.007293
Iteration: 231 bestvalit: 0.001736 bestmemit:    7.617574    3.479478    1.000000    0.026548    0.007293
Iteration: 232 bestvalit: 0.001736 bestmemit:    7.617574    3.479478    1.000000    0.026548    0.007293
Iteration: 233 bestvalit: 0.001736 bestmemit:    7.617574    3.479478    1.000000    0.026548    0.007293
Iteration: 234 bestvalit: 0.001736 bestmemit:    7.617574    3.479478    1.000000    0.026548    0.007293
Iteration: 235 bestvalit: 0.001736 bestmemit:    7.617574    3.479478    1.000000    0.026548    0.007293
Iteration: 236 bestvalit: 0.001736 bestmemit:    7.617574    3.479478    1.000000    0.026548    0.007293
Iteration: 237 bestvalit: 0.001736 bestmemit:    7.617574    3.479478    1.000000    0.026548    0.007293
Iteration: 238 bestvalit: 0.001736 bestmemit:    7.617574    3.479478    1.000000    0.026548    0.007293
Iteration: 239 bestvalit: 0.001735 bestmemit:    8.111697    3.274975    1.000000    0.104623    0.004966
Iteration: 240 bestvalit: 0.001735 bestmemit:    7.995356    3.253973    1.000000    0.080285    0.001307
Iteration: 241 bestvalit: 0.001735 bestmemit:    7.995356    3.253973    1.000000    0.080285    0.001307
Iteration: 242 bestvalit: 0.001735 bestmemit:    7.995356    3.253973    1.000000    0.080285    0.001307
Iteration: 243 bestvalit: 0.001735 bestmemit:    7.995356    3.253973    1.000000    0.080285    0.001307
Iteration: 244 bestvalit: 0.001735 bestmemit:    7.995356    3.253973    1.000000    0.080285    0.001307
Iteration: 245 bestvalit: 0.001735 bestmemit:    7.995356    3.253973    1.000000    0.080285    0.001307
Iteration: 246 bestvalit: 0.001735 bestmemit:    7.995356    3.253973    1.000000    0.080285    0.001307
Iteration: 247 bestvalit: 0.001735 bestmemit:    7.995356    3.253973    1.000000    0.080285    0.001307
Iteration: 248 bestvalit: 0.001735 bestmemit:    7.995356    3.253973    1.000000    0.080285    0.001307
Iteration: 249 bestvalit: 0.001735 bestmemit:    7.995356    3.253973    1.000000    0.080285    0.001307
Iteration: 250 bestvalit: 0.001735 bestmemit:    7.995356    3.253973    1.000000    0.080285    0.001307
Iteration: 251 bestvalit: 0.001735 bestmemit:    7.995356    3.253973    1.000000    0.080285    0.001307
Iteration: 252 bestvalit: 0.001735 bestmemit:    7.995356    3.253973    1.000000    0.080285    0.001307
Iteration: 253 bestvalit: 0.001734 bestmemit:    7.864717    3.403583    1.000000    0.067510    0.001380
Iteration: 254 bestvalit: 0.001734 bestmemit:    7.864717    3.403583    1.000000    0.067510    0.001380
Iteration: 255 bestvalit: 0.001734 bestmemit:    7.864717    3.403583    1.000000    0.067510    0.001380
Iteration: 256 bestvalit: 0.001734 bestmemit:    7.864717    3.403583    1.000000    0.067510    0.001380
Iteration: 257 bestvalit: 0.001734 bestmemit:    7.864717    3.403583    1.000000    0.067510    0.001380
Iteration: 258 bestvalit: 0.001734 bestmemit:    7.864717    3.403583    1.000000    0.067510    0.001380
Iteration: 259 bestvalit: 0.001734 bestmemit:    7.864717    3.403583    1.000000    0.067510    0.001380
Iteration: 260 bestvalit: 0.001734 bestmemit:    7.864717    3.403583    1.000000    0.067510    0.001380
Iteration: 261 bestvalit: 0.001734 bestmemit:    7.864717    3.403583    1.000000    0.067510    0.001380
Iteration: 262 bestvalit: 0.001734 bestmemit:    7.864717    3.403583    1.000000    0.067510    0.001380
Iteration: 263 bestvalit: 0.001734 bestmemit:    7.864717    3.403583    1.000000    0.067510    0.001380
Iteration: 264 bestvalit: 0.001734 bestmemit:    7.864717    3.403583    1.000000    0.067510    0.001380
Iteration: 265 bestvalit: 0.001734 bestmemit:    7.864717    3.403583    1.000000    0.067510    0.001380
Iteration: 266 bestvalit: 0.001734 bestmemit:    7.960892    3.306576    1.000000    0.056001    0.000758
Iteration: 267 bestvalit: 0.001734 bestmemit:    7.960892    3.306576    1.000000    0.056001    0.000758
Iteration: 268 bestvalit: 0.001734 bestmemit:    7.960892    3.306576    1.000000    0.056001    0.000758
Iteration: 269 bestvalit: 0.001734 bestmemit:    7.960892    3.306576    1.000000    0.056001    0.000758
Iteration: 270 bestvalit: 0.001734 bestmemit:    7.898303    3.369272    1.000000    0.057494    0.001469
Iteration: 271 bestvalit: 0.001734 bestmemit:    7.898303    3.369272    1.000000    0.057494    0.001469
Iteration: 272 bestvalit: 0.001734 bestmemit:    7.898303    3.369272    1.000000    0.057494    0.001469
Iteration: 273 bestvalit: 0.001734 bestmemit:    7.872300    3.369272    1.000000    0.057494    0.001469
Iteration: 274 bestvalit: 0.001734 bestmemit:    7.872300    3.369272    1.000000    0.057494    0.001469
Iteration: 275 bestvalit: 0.001734 bestmemit:    7.872300    3.369272    1.000000    0.057494    0.001469
Iteration: 276 bestvalit: 0.001734 bestmemit:    7.872300    3.369272    1.000000    0.057494    0.001469
Iteration: 277 bestvalit: 0.001734 bestmemit:    7.872300    3.369272    1.000000    0.057494    0.001469
Iteration: 278 bestvalit: 0.001734 bestmemit:    7.872300    3.369272    1.000000    0.057494    0.001469
Iteration: 279 bestvalit: 0.001734 bestmemit:    7.872300    3.369272    1.000000    0.057494    0.001469
Iteration: 280 bestvalit: 0.001734 bestmemit:    7.896786    3.343570    1.000000    0.056989    0.001380
Iteration: 281 bestvalit: 0.001734 bestmemit:    7.896786    3.343570    1.000000    0.056989    0.001380
Iteration: 282 bestvalit: 0.001734 bestmemit:    7.896786    3.343570    1.000000    0.056989    0.001380
Iteration: 283 bestvalit: 0.001734 bestmemit:    7.896786    3.343570    1.000000    0.056989    0.001380
Iteration: 284 bestvalit: 0.001734 bestmemit:    7.896786    3.343570    1.000000    0.056989    0.001380
Iteration: 285 bestvalit: 0.001734 bestmemit:    7.896786    3.343570    1.000000    0.056989    0.001380
Iteration: 286 bestvalit: 0.001734 bestmemit:    7.896786    3.343570    1.000000    0.056989    0.001380
Iteration: 287 bestvalit: 0.001734 bestmemit:    7.896786    3.343570    1.000000    0.056989    0.001380
Iteration: 288 bestvalit: 0.001734 bestmemit:    7.896786    3.343570    1.000000    0.056989    0.001380
Iteration: 289 bestvalit: 0.001734 bestmemit:    7.896786    3.343570    1.000000    0.056989    0.001380
Iteration: 290 bestvalit: 0.001734 bestmemit:    7.834313    3.364755    1.000000    0.042005    0.000982
Iteration: 291 bestvalit: 0.001734 bestmemit:    7.834313    3.364755    1.000000    0.042005    0.000982
Iteration: 292 bestvalit: 0.001734 bestmemit:    7.834313    3.364755    1.000000    0.042005    0.000982
Iteration: 293 bestvalit: 0.001734 bestmemit:    7.834313    3.364755    1.000000    0.042005    0.000982
Iteration: 294 bestvalit: 0.001734 bestmemit:    7.834313    3.364755    1.000000    0.042005    0.000982
Iteration: 295 bestvalit: 0.001734 bestmemit:    7.834313    3.364755    1.000000    0.042005    0.000982
Iteration: 296 bestvalit: 0.001734 bestmemit:    7.834313    3.364755    1.000000    0.042005    0.000982
Iteration: 297 bestvalit: 0.001734 bestmemit:    7.834313    3.364755    1.000000    0.042005    0.000982
Iteration: 298 bestvalit: 0.001734 bestmemit:    7.834313    3.364755    1.000000    0.042005    0.000982
Iteration: 299 bestvalit: 0.001734 bestmemit:    7.853145    3.383292    1.000000    0.052024    0.000276
Iteration: 300 bestvalit: 0.001734 bestmemit:    7.853145    3.383292    1.000000    0.052024    0.000276
Iteration: 301 bestvalit: 0.001734 bestmemit:    7.853145    3.383292    1.000000    0.052024    0.000276
Iteration: 302 bestvalit: 0.001734 bestmemit:    7.853145    3.383292    1.000000    0.052024    0.000276
Iteration: 303 bestvalit: 0.001734 bestmemit:    7.853145    3.383292    1.000000    0.052024    0.000276
Iteration: 304 bestvalit: 0.001734 bestmemit:    7.853145    3.383292    1.000000    0.052024    0.000276
Iteration: 305 bestvalit: 0.001734 bestmemit:    7.848809    3.381053    1.000000    0.045970    0.000289
Iteration: 306 bestvalit: 0.001734 bestmemit:    7.848809    3.381053    1.000000    0.045970    0.000289
Iteration: 307 bestvalit: 0.001734 bestmemit:    7.813626    3.376878    1.000000    0.036529    0.000380
Iteration: 308 bestvalit: 0.001734 bestmemit:    7.813626    3.376878    1.000000    0.036529    0.000380
Iteration: 309 bestvalit: 0.001734 bestmemit:    7.813626    3.376878    1.000000    0.036529    0.000380
Iteration: 310 bestvalit: 0.001734 bestmemit:    7.813626    3.376878    1.000000    0.036529    0.000380
Iteration: 311 bestvalit: 0.001734 bestmemit:    7.816983    3.376878    1.000000    0.036529    0.000380
Iteration: 312 bestvalit: 0.001734 bestmemit:    7.816983    3.376878    1.000000    0.036529    0.000380
Iteration: 313 bestvalit: 0.001734 bestmemit:    7.816983    3.376878    1.000000    0.036529    0.000380
Iteration: 314 bestvalit: 0.001734 bestmemit:    7.816983    3.376878    1.000000    0.036529    0.000380
Iteration: 315 bestvalit: 0.001734 bestmemit:    7.820351    3.360276    1.000000    0.033875    0.000148
Iteration: 316 bestvalit: 0.001734 bestmemit:    7.820351    3.360276    1.000000    0.033875    0.000148
Iteration: 317 bestvalit: 0.001734 bestmemit:    7.876496    3.330953    1.000000    0.039871    0.000053
Iteration: 318 bestvalit: 0.001734 bestmemit:    7.876496    3.330953    1.000000    0.039871    0.000053
Iteration: 319 bestvalit: 0.001734 bestmemit:    7.876496    3.330953    1.000000    0.039871    0.000053
Iteration: 320 bestvalit: 0.001734 bestmemit:    7.853145    3.373153    1.000000    0.045928    0.000029
Iteration: 321 bestvalit: 0.001734 bestmemit:    7.853145    3.373153    1.000000    0.045928    0.000029
Iteration: 322 bestvalit: 0.001734 bestmemit:    7.853145    3.373153    1.000000    0.045928    0.000029
Iteration: 323 bestvalit: 0.001734 bestmemit:    7.853145    3.373153    1.000000    0.045928    0.000029
Iteration: 324 bestvalit: 0.001734 bestmemit:    7.853145    3.373153    1.000000    0.045928    0.000029
Iteration: 325 bestvalit: 0.001734 bestmemit:    7.853145    3.373153    1.000000    0.045928    0.000029
Iteration: 326 bestvalit: 0.001734 bestmemit:    7.853145    3.373153    1.000000    0.045928    0.000029
Iteration: 327 bestvalit: 0.001734 bestmemit:    7.852702    3.349479    1.000000    0.040641    0.000133
Iteration: 328 bestvalit: 0.001734 bestmemit:    7.852702    3.349479    1.000000    0.040641    0.000133
Iteration: 329 bestvalit: 0.001734 bestmemit:    7.852702    3.349479    1.000000    0.040641    0.000133
Iteration: 330 bestvalit: 0.001734 bestmemit:    7.852702    3.349479    1.000000    0.040493    0.000133
Iteration: 331 bestvalit: 0.001734 bestmemit:    7.852702    3.349479    1.000000    0.040493    0.000133
Iteration: 332 bestvalit: 0.001734 bestmemit:    7.852702    3.349479    1.000000    0.040493    0.000040
Iteration: 333 bestvalit: 0.001734 bestmemit:    7.852702    3.349479    1.000000    0.040493    0.000040
Iteration: 334 bestvalit: 0.001734 bestmemit:    7.852702    3.349479    1.000000    0.040493    0.000040
Iteration: 335 bestvalit: 0.001734 bestmemit:    7.852702    3.349479    1.000000    0.040493    0.000040
Iteration: 336 bestvalit: 0.001734 bestmemit:    7.852702    3.349479    1.000000    0.040493    0.000040
Iteration: 337 bestvalit: 0.001734 bestmemit:    7.852702    3.349479    1.000000    0.040493    0.000040
Iteration: 338 bestvalit: 0.001734 bestmemit:    7.852702    3.349479    1.000000    0.040493    0.000040
Iteration: 339 bestvalit: 0.001734 bestmemit:    7.852702    3.349479    1.000000    0.040493    0.000040
Iteration: 340 bestvalit: 0.001734 bestmemit:    7.852702    3.349479    1.000000    0.040493    0.000040
Iteration: 341 bestvalit: 0.001734 bestmemit:    7.852702    3.349479    1.000000    0.040493    0.000040
Iteration: 342 bestvalit: 0.001734 bestmemit:    7.852702    3.349479    1.000000    0.040493    0.000040
Iteration: 343 bestvalit: 0.001734 bestmemit:    7.852702    3.349479    1.000000    0.040493    0.000040
Iteration: 344 bestvalit: 0.001734 bestmemit:    7.852702    3.349479    1.000000    0.039590    0.000045
Iteration: 345 bestvalit: 0.001734 bestmemit:    7.852702    3.349479    1.000000    0.039590    0.000045
Iteration: 346 bestvalit: 0.001734 bestmemit:    7.852702    3.349479    1.000000    0.039590    0.000045
Iteration: 347 bestvalit: 0.001734 bestmemit:    7.852702    3.349479    1.000000    0.039590    0.000045
Iteration: 348 bestvalit: 0.001734 bestmemit:    7.852702    3.349479    1.000000    0.039590    0.000045
Iteration: 349 bestvalit: 0.001734 bestmemit:    7.852702    3.349479    1.000000    0.039590    0.000045
Iteration: 350 bestvalit: 0.001734 bestmemit:    7.852702    3.349479    1.000000    0.039590    0.000045
Iteration: 351 bestvalit: 0.001734 bestmemit:    7.852702    3.349479    1.000000    0.039590    0.000045
Iteration: 352 bestvalit: 0.001734 bestmemit:    7.849482    3.353426    1.000000    0.038461    0.000005
Iteration: 353 bestvalit: 0.001734 bestmemit:    7.849482    3.353426    1.000000    0.038461    0.000005
Iteration: 354 bestvalit: 0.001734 bestmemit:    7.849636    3.350425    1.000000    0.038666    0.000020
Iteration: 355 bestvalit: 0.001734 bestmemit:    7.849636    3.350425    1.000000    0.038666    0.000020
Iteration: 356 bestvalit: 0.001734 bestmemit:    7.849636    3.350425    1.000000    0.038666    0.000020
Iteration: 357 bestvalit: 0.001734 bestmemit:    7.849636    3.350425    1.000000    0.038666    0.000020
Iteration: 358 bestvalit: 0.001734 bestmemit:    7.849636    3.350425    1.000000    0.038666    0.000020
Iteration: 359 bestvalit: 0.001734 bestmemit:    7.849636    3.350425    1.000000    0.038666    0.000020
Iteration: 360 bestvalit: 0.001734 bestmemit:    7.849636    3.350425    1.000000    0.038666    0.000020
Iteration: 361 bestvalit: 0.001734 bestmemit:    7.847500    3.353426    1.000000    0.038461    0.000005
Iteration: 362 bestvalit: 0.001734 bestmemit:    7.846388    3.357978    1.000000    0.039843    0.000014
Iteration: 363 bestvalit: 0.001734 bestmemit:    7.846388    3.357978    1.000000    0.039843    0.000014
Iteration: 364 bestvalit: 0.001734 bestmemit:    7.846388    3.357978    1.000000    0.039843    0.000014
Iteration: 365 bestvalit: 0.001734 bestmemit:    7.841760    3.362730    1.000000    0.039262    0.000000
Iteration: 366 bestvalit: 0.001734 bestmemit:    7.841760    3.362730    1.000000    0.039262    0.000000
Iteration: 367 bestvalit: 0.001734 bestmemit:    7.841760    3.362730    1.000000    0.039262    0.000000
Iteration: 368 bestvalit: 0.001734 bestmemit:    7.841760    3.362730    1.000000    0.039262    0.000000
Iteration: 369 bestvalit: 0.001734 bestmemit:    7.845696    3.355602    1.000000    0.039056    0.000005
Iteration: 370 bestvalit: 0.001734 bestmemit:    7.845696    3.355602    1.000000    0.039056    0.000005
Iteration: 371 bestvalit: 0.001734 bestmemit:    7.845696    3.355602    1.000000    0.039056    0.000005
Iteration: 372 bestvalit: 0.001734 bestmemit:    7.845696    3.355602    1.000000    0.039056    0.000005
Iteration: 373 bestvalit: 0.001734 bestmemit:    7.845696    3.355602    1.000000    0.039056    0.000005
Iteration: 374 bestvalit: 0.001734 bestmemit:    7.845696    3.355602    1.000000    0.039056    0.000005
Iteration: 375 bestvalit: 0.001734 bestmemit:    7.845696    3.355602    1.000000    0.039056    0.000005
Iteration: 376 bestvalit: 0.001734 bestmemit:    7.845696    3.355602    1.000000    0.039056    0.000005
Iteration: 377 bestvalit: 0.001734 bestmemit:    7.842155    3.359713    1.000000    0.039262    0.000000
Iteration: 378 bestvalit: 0.001734 bestmemit:    7.842155    3.359713    1.000000    0.039262    0.000000
Iteration: 379 bestvalit: 0.001734 bestmemit:    7.842155    3.359713    1.000000    0.039262    0.000000
Iteration: 380 bestvalit: 0.001734 bestmemit:    7.842155    3.359713    1.000000    0.039262    0.000000
Iteration: 381 bestvalit: 0.001734 bestmemit:    7.842155    3.359713    1.000000    0.039262    0.000000
Iteration: 382 bestvalit: 0.001734 bestmemit:    7.842155    3.359713    1.000000    0.039262    0.000000
Iteration: 383 bestvalit: 0.001734 bestmemit:    7.842155    3.359713    1.000000    0.039262    0.000000
Iteration: 384 bestvalit: 0.001734 bestmemit:    7.842155    3.360590    1.000000    0.039262    0.000000
Iteration: 385 bestvalit: 0.001734 bestmemit:    7.848441    3.357228    1.000000    0.039985    0.000003
Iteration: 386 bestvalit: 0.001734 bestmemit:    7.848441    3.357228    1.000000    0.039985    0.000003
Iteration: 387 bestvalit: 0.001734 bestmemit:    7.848441    3.357228    1.000000    0.039985    0.000003
Iteration: 388 bestvalit: 0.001734 bestmemit:    7.848441    3.357228    1.000000    0.039985    0.000003
Iteration: 389 bestvalit: 0.001734 bestmemit:    7.848441    3.357228    1.000000    0.039985    0.000002
Iteration: 390 bestvalit: 0.001734 bestmemit:    7.848441    3.357228    1.000000    0.039985    0.000002
Iteration: 391 bestvalit: 0.001734 bestmemit:    7.848441    3.357228    1.000000    0.039985    0.000002
Iteration: 392 bestvalit: 0.001734 bestmemit:    7.848441    3.357228    1.000000    0.039985    0.000002
Iteration: 393 bestvalit: 0.001734 bestmemit:    7.848441    3.357228    1.000000    0.039985    0.000002
Iteration: 394 bestvalit: 0.001734 bestmemit:    7.848441    3.357228    1.000000    0.039985    0.000002
Iteration: 395 bestvalit: 0.001734 bestmemit:    7.847441    3.357228    1.000000    0.039985    0.000002
Iteration: 396 bestvalit: 0.001734 bestmemit:    7.847441    3.357228    1.000000    0.039985    0.000002
Iteration: 397 bestvalit: 0.001734 bestmemit:    7.847441    3.357228    1.000000    0.039985    0.000002
Iteration: 398 bestvalit: 0.001734 bestmemit:    7.847441    3.357228    1.000000    0.039985    0.000002
Iteration: 399 bestvalit: 0.001734 bestmemit:    7.847441    3.357228    1.000000    0.039985    0.000002
Iteration: 400 bestvalit: 0.001734 bestmemit:    7.847441    3.357228    1.000000    0.039985    0.000002
Iteration: 401 bestvalit: 0.001734 bestmemit:    7.847441    3.357228    1.000000    0.039985    0.000002
Iteration: 402 bestvalit: 0.001734 bestmemit:    7.847441    3.357228    1.000000    0.039985    0.000002
Iteration: 403 bestvalit: 0.001734 bestmemit:    7.847441    3.357228    1.000000    0.039985    0.000002
Iteration: 404 bestvalit: 0.001734 bestmemit:    7.847441    3.357228    1.000000    0.039985    0.000002
Iteration: 405 bestvalit: 0.001734 bestmemit:    7.847441    3.357228    1.000000    0.039985    0.000002
Iteration: 406 bestvalit: 0.001734 bestmemit:    7.847441    3.357228    1.000000    0.039985    0.000002
Iteration: 407 bestvalit: 0.001734 bestmemit:    7.847441    3.357228    1.000000    0.039985    0.000002
Iteration: 408 bestvalit: 0.001734 bestmemit:    7.847441    3.357228    1.000000    0.039985    0.000002
Iteration: 409 bestvalit: 0.001734 bestmemit:    7.847441    3.357228    1.000000    0.039985    0.000002
Iteration: 410 bestvalit: 0.001734 bestmemit:    7.847441    3.357228    1.000000    0.039985    0.000002
Iteration: 411 bestvalit: 0.001734 bestmemit:    7.847441    3.357228    1.000000    0.039985    0.000002
Iteration: 412 bestvalit: 0.001734 bestmemit:    7.847441    3.357228    1.000000    0.039985    0.000002
Iteration: 413 bestvalit: 0.001734 bestmemit:    7.847441    3.357228    1.000000    0.039985    0.000002
Iteration: 414 bestvalit: 0.001734 bestmemit:    7.847441    3.357228    1.000000    0.039985    0.000002
Iteration: 415 bestvalit: 0.001734 bestmemit:    7.847441    3.357228    1.000000    0.039985    0.000002
Iteration: 416 bestvalit: 0.001734 bestmemit:    7.847441    3.357228    1.000000    0.039985    0.000002
Iteration: 417 bestvalit: 0.001734 bestmemit:    7.847441    3.357228    1.000000    0.039985    0.000002
Iteration: 418 bestvalit: 0.001734 bestmemit:    7.847441    3.357228    1.000000    0.039985    0.000002
Iteration: 419 bestvalit: 0.001734 bestmemit:    7.847441    3.357228    1.000000    0.039985    0.000002
Iteration: 420 bestvalit: 0.001734 bestmemit:    7.847441    3.357228    1.000000    0.039985    0.000002
Iteration: 421 bestvalit: 0.001734 bestmemit:    7.847441    3.357228    1.000000    0.039985    0.000002
Iteration: 422 bestvalit: 0.001734 bestmemit:    7.847441    3.357228    1.000000    0.039985    0.000002
Iteration: 423 bestvalit: 0.001734 bestmemit:    7.848017    3.357386    1.000000    0.040188    0.000001
Iteration: 424 bestvalit: 0.001734 bestmemit:    7.846609    3.358171    1.000000    0.039966    0.000000
Iteration: 425 bestvalit: 0.001734 bestmemit:    7.846609    3.358171    1.000000    0.039966    0.000000
Iteration: 426 bestvalit: 0.001734 bestmemit:    7.846609    3.358171    1.000000    0.039966    0.000000
Iteration: 427 bestvalit: 0.001734 bestmemit:    7.846609    3.358171    1.000000    0.039966    0.000000
Iteration: 428 bestvalit: 0.001734 bestmemit:    7.846609    3.358171    1.000000    0.039966    0.000000
Iteration: 429 bestvalit: 0.001734 bestmemit:    7.846609    3.358171    1.000000    0.039966    0.000000
Iteration: 430 bestvalit: 0.001734 bestmemit:    7.846609    3.358171    1.000000    0.039966    0.000000
Iteration: 431 bestvalit: 0.001734 bestmemit:    7.847703    3.357354    1.000000    0.040119    0.000000
Iteration: 432 bestvalit: 0.001734 bestmemit:    7.847703    3.357354    1.000000    0.040119    0.000000
Iteration: 433 bestvalit: 0.001734 bestmemit:    7.847703    3.357354    1.000000    0.040119    0.000000
Iteration: 434 bestvalit: 0.001734 bestmemit:    7.847703    3.357354    1.000000    0.040119    0.000000
Iteration: 435 bestvalit: 0.001734 bestmemit:    7.847605    3.357422    1.000000    0.040037    0.000000
Iteration: 436 bestvalit: 0.001734 bestmemit:    7.847605    3.357422    1.000000    0.040037    0.000000
Iteration: 437 bestvalit: 0.001734 bestmemit:    7.847605    3.357422    1.000000    0.040037    0.000000
Iteration: 438 bestvalit: 0.001734 bestmemit:    7.847605    3.357422    1.000000    0.040037    0.000000
Iteration: 439 bestvalit: 0.001734 bestmemit:    7.847605    3.357422    1.000000    0.040037    0.000000
Iteration: 440 bestvalit: 0.001734 bestmemit:    7.847605    3.357422    1.000000    0.040037    0.000000
Iteration: 441 bestvalit: 0.001734 bestmemit:    7.847605    3.357422    1.000000    0.040037    0.000000
Iteration: 442 bestvalit: 0.001734 bestmemit:    7.847605    3.357422    1.000000    0.040037    0.000000
Iteration: 443 bestvalit: 0.001734 bestmemit:    7.847605    3.357422    1.000000    0.040037    0.000000
Iteration: 444 bestvalit: 0.001734 bestmemit:    7.847605    3.357422    1.000000    0.040037    0.000000
Iteration: 445 bestvalit: 0.001734 bestmemit:    7.847703    3.357354    1.000000    0.040039    0.000000
Iteration: 446 bestvalit: 0.001734 bestmemit:    7.847703    3.357354    1.000000    0.040039    0.000000
Iteration: 447 bestvalit: 0.001734 bestmemit:    7.847703    3.357354    1.000000    0.040039    0.000000
Iteration: 448 bestvalit: 0.001734 bestmemit:    7.847703    3.357354    1.000000    0.040039    0.000000
Iteration: 449 bestvalit: 0.001734 bestmemit:    7.847703    3.357354    1.000000    0.040039    0.000000
Iteration: 450 bestvalit: 0.001734 bestmemit:    7.847703    3.357354    1.000000    0.040039    0.000000
Iteration: 451 bestvalit: 0.001734 bestmemit:    7.847703    3.357354    1.000000    0.040039    0.000000
Iteration: 452 bestvalit: 0.001734 bestmemit:    7.847594    3.357387    1.000000    0.040036    0.000000
Iteration: 453 bestvalit: 0.001734 bestmemit:    7.847594    3.357387    1.000000    0.040036    0.000000
Iteration: 454 bestvalit: 0.001734 bestmemit:    7.847594    3.357387    1.000000    0.040036    0.000000
Iteration: 455 bestvalit: 0.001734 bestmemit:    7.847594    3.357387    1.000000    0.040036    0.000000
Iteration: 456 bestvalit: 0.001734 bestmemit:    7.847411    3.357228    1.000000    0.039931    0.000000
Iteration: 457 bestvalit: 0.001734 bestmemit:    7.847411    3.357228    1.000000    0.039931    0.000000
Iteration: 458 bestvalit: 0.001734 bestmemit:    7.847411    3.357228    1.000000    0.039931    0.000000
Iteration: 459 bestvalit: 0.001734 bestmemit:    7.847411    3.357228    1.000000    0.039931    0.000000
Iteration: 460 bestvalit: 0.001734 bestmemit:    7.847411    3.357228    1.000000    0.039931    0.000000
Iteration: 461 bestvalit: 0.001734 bestmemit:    7.847411    3.357228    1.000000    0.039931    0.000000
Iteration: 462 bestvalit: 0.001734 bestmemit:    7.847411    3.357228    1.000000    0.039931    0.000000
Iteration: 463 bestvalit: 0.001734 bestmemit:    7.847411    3.357228    1.000000    0.039931    0.000000
Iteration: 464 bestvalit: 0.001734 bestmemit:    7.847411    3.357228    1.000000    0.039931    0.000000
Iteration: 465 bestvalit: 0.001734 bestmemit:    7.847464    3.357247    1.000000    0.039952    0.000000
Iteration: 466 bestvalit: 0.001734 bestmemit:    7.847464    3.357247    1.000000    0.039952    0.000000
Iteration: 467 bestvalit: 0.001734 bestmemit:    7.847464    3.357247    1.000000    0.039952    0.000000
Iteration: 468 bestvalit: 0.001734 bestmemit:    7.847464    3.357247    1.000000    0.039952    0.000000
Iteration: 469 bestvalit: 0.001734 bestmemit:    7.847464    3.357247    1.000000    0.039952    0.000000
Iteration: 470 bestvalit: 0.001734 bestmemit:    7.847464    3.357247    1.000000    0.039952    0.000000
Iteration: 471 bestvalit: 0.001734 bestmemit:    7.847464    3.357247    1.000000    0.039952    0.000000
Iteration: 472 bestvalit: 0.001734 bestmemit:    7.847464    3.357247    1.000000    0.039952    0.000000
Iteration: 473 bestvalit: 0.001734 bestmemit:    7.847464    3.357247    1.000000    0.039952    0.000000
Iteration: 474 bestvalit: 0.001734 bestmemit:    7.847464    3.357247    1.000000    0.039952    0.000000
Iteration: 475 bestvalit: 0.001734 bestmemit:    7.847464    3.357247    1.000000    0.039952    0.000000
Iteration: 476 bestvalit: 0.001734 bestmemit:    7.847464    3.357247    1.000000    0.039952    0.000000
Iteration: 477 bestvalit: 0.001734 bestmemit:    7.847464    3.357247    1.000000    0.039952    0.000000
Iteration: 478 bestvalit: 0.001734 bestmemit:    7.847464    3.357247    1.000000    0.039952    0.000000
Iteration: 479 bestvalit: 0.001734 bestmemit:    7.847464    3.357247    1.000000    0.039952    0.000000
Iteration: 480 bestvalit: 0.001734 bestmemit:    7.847464    3.357247    1.000000    0.039952    0.000000
Iteration: 481 bestvalit: 0.001734 bestmemit:    7.847464    3.357247    1.000000    0.039952    0.000000
Iteration: 482 bestvalit: 0.001734 bestmemit:    7.847464    3.357247    1.000000    0.039952    0.000000
Iteration: 483 bestvalit: 0.001734 bestmemit:    7.847464    3.357247    1.000000    0.039952    0.000000
Iteration: 484 bestvalit: 0.001734 bestmemit:    7.847565    3.357119    1.000000    0.039952    0.000000
Iteration: 485 bestvalit: 0.001734 bestmemit:    7.847565    3.357119    1.000000    0.039952    0.000000
Iteration: 486 bestvalit: 0.001734 bestmemit:    7.847565    3.357119    1.000000    0.039952    0.000000
Iteration: 487 bestvalit: 0.001734 bestmemit:    7.847565    3.357119    1.000000    0.039952    0.000000
Iteration: 488 bestvalit: 0.001734 bestmemit:    7.847565    3.357119    1.000000    0.039952    0.000000
Iteration: 489 bestvalit: 0.001734 bestmemit:    7.847565    3.357119    1.000000    0.039952    0.000000
Iteration: 490 bestvalit: 0.001734 bestmemit:    7.847745    3.357092    1.000000    0.040006    0.000000
Iteration: 491 bestvalit: 0.001734 bestmemit:    7.847745    3.357092    1.000000    0.040006    0.000000
Iteration: 492 bestvalit: 0.001734 bestmemit:    7.847745    3.357092    1.000000    0.040006    0.000000
Iteration: 493 bestvalit: 0.001734 bestmemit:    7.847745    3.357092    1.000000    0.040006    0.000000
Iteration: 494 bestvalit: 0.001734 bestmemit:    7.847745    3.357092    1.000000    0.040006    0.000000
Iteration: 495 bestvalit: 0.001734 bestmemit:    7.847668    3.357118    1.000000    0.039992    0.000000

***** summary of DEoptim object ***** 
best member   :  7.84767 3.35712 1 0.03999 0 
best value    :  0.00173 
after         :  495 generations 
fn evaluated  :  992 times 
*************************************
