SLURM_JOB_ID: 55402997
SLURM_JOB_USER: vsc34066
SLURM_JOB_ACCOUNT: lp_desenderlab
SLURM_JOB_NAME: par_recov_alternating_fb_sim_alpha_learn.slurm
SLURM_CLUSTER_NAME: genius
SLURM_JOB_PARTITION: batch
SLURM_ARRAY_JOB_ID: 55402977
SLURM_ARRAY_TASK_ID: 20
SLURM_NNODES: 1
SLURM_NODELIST: r22i27n13
SLURM_JOB_CPUS_PER_NODE: 8
Date: Sun Dec  3 23:43:53 CET 2023
Walltime: 01-06:00:00
========================================================================
Iteration: 1 bestvalit: 0.061842 bestmemit:    6.810434   35.766107    1.000000 5725.904296 5246.187545
Iteration: 2 bestvalit: 0.054333 bestmemit:   21.626725   60.080613    1.000000  646.451468  240.822005
Iteration: 3 bestvalit: 0.054128 bestmemit:   10.931648   60.080613    1.000000  646.451468  240.822005
Iteration: 4 bestvalit: 0.054128 bestmemit:   10.931648   60.080613    1.000000  646.451468  240.822005
Iteration: 5 bestvalit: 0.054128 bestmemit:   10.931648   60.080613    1.000000  646.451468  240.822005
Iteration: 6 bestvalit: 0.038921 bestmemit:   11.261887   24.183262    1.000000  326.977566  320.981469
Iteration: 7 bestvalit: 0.038921 bestmemit:   11.261887   24.183262    1.000000  326.977566  320.981469
Iteration: 8 bestvalit: 0.037747 bestmemit:   44.104789    7.854221    1.000000  233.837045   48.288380
Iteration: 9 bestvalit: 0.037747 bestmemit:   44.104789    7.854221    1.000000  233.837045   48.288380
Iteration: 10 bestvalit: 0.037735 bestmemit:   39.571420    7.854221    1.000000  233.837045   48.288380
Iteration: 11 bestvalit: 0.037735 bestmemit:   39.571420    7.854221    1.000000  233.837045   48.288380
Iteration: 12 bestvalit: 0.037735 bestmemit:   39.571420    7.854221    1.000000  233.837045   48.288380
Iteration: 13 bestvalit: 0.037735 bestmemit:   39.571420    7.854221    1.000000  233.837045   48.288380
Iteration: 14 bestvalit: 0.034935 bestmemit:   10.931648   60.080613    1.000000  215.539359  240.822005
Iteration: 15 bestvalit: 0.026292 bestmemit:   10.931648   60.080613    1.000000   54.969278  240.822005
Iteration: 16 bestvalit: 0.026186 bestmemit:   10.931648   47.104696    1.000000   54.969278  240.822005
Iteration: 17 bestvalit: 0.026186 bestmemit:   10.931648   47.104696    1.000000   54.969278  240.822005
Iteration: 18 bestvalit: 0.026186 bestmemit:   10.931648   47.104696    1.000000   54.969278  240.822005
Iteration: 19 bestvalit: 0.026186 bestmemit:   10.931648   47.104696    1.000000   54.969278  240.822005
Iteration: 20 bestvalit: 0.026186 bestmemit:   10.931648   47.104696    1.000000   54.969278  240.822005
Iteration: 21 bestvalit: 0.026186 bestmemit:   10.931648   47.104696    1.000000   54.969278  240.822005
Iteration: 22 bestvalit: 0.026186 bestmemit:   10.931648   47.104696    1.000000   54.969278  240.822005
Iteration: 23 bestvalit: 0.026014 bestmemit:    9.338592  -17.676666    1.000000   54.969278  240.822005
Iteration: 24 bestvalit: 0.026014 bestmemit:    9.338592  -17.676666    1.000000   54.969278  240.822005
Iteration: 25 bestvalit: 0.018116 bestmemit:   19.636717  -16.979529    1.000000    3.884392  383.394656
Iteration: 26 bestvalit: 0.018116 bestmemit:   19.636717  -16.979529    1.000000    3.884392  383.394656
Iteration: 27 bestvalit: 0.018116 bestmemit:   19.636717  -16.979529    1.000000    3.884392  383.394656
Iteration: 28 bestvalit: 0.018116 bestmemit:   19.636717  -16.979529    1.000000    3.884392  383.394656
Iteration: 29 bestvalit: 0.018116 bestmemit:   19.636717  -16.979529    1.000000    3.884392  383.394656
Iteration: 30 bestvalit: 0.018116 bestmemit:   19.636717  -16.979529    1.000000    3.884392  383.394656
Iteration: 31 bestvalit: 0.018116 bestmemit:   19.636717  -16.979529    1.000000    3.884392  383.394656
Iteration: 32 bestvalit: 0.016296 bestmemit:   34.151485  -16.979529    1.000000    3.884392  383.394656
Iteration: 33 bestvalit: 0.016296 bestmemit:   34.151485  -16.979529    1.000000    3.884392  383.394656
Iteration: 34 bestvalit: 0.016296 bestmemit:   34.151485  -16.979529    1.000000    3.884392  383.394656
Iteration: 35 bestvalit: 0.016296 bestmemit:   34.151485  -16.979529    1.000000    3.884392  383.394656
Iteration: 36 bestvalit: 0.016144 bestmemit:   48.666759  -39.698531    1.000000    3.884392  383.394656
Iteration: 37 bestvalit: 0.016144 bestmemit:   48.666759  -39.698531    1.000000    3.884392  383.394656
Iteration: 38 bestvalit: 0.016144 bestmemit:   48.666759  -39.698531    1.000000    3.884392  383.394656
Iteration: 39 bestvalit: 0.016144 bestmemit:   48.666759  -39.698531    1.000000    3.884392  383.394656
Iteration: 40 bestvalit: 0.016144 bestmemit:   48.666759  -39.698531    1.000000    3.884392  383.394656
Iteration: 41 bestvalit: 0.016144 bestmemit:   48.666759  -39.698531    1.000000    3.884392  383.394656
Iteration: 42 bestvalit: 0.016144 bestmemit:   48.666759  -39.698531    1.000000    3.884392  383.394656
Iteration: 43 bestvalit: 0.016144 bestmemit:   48.666759  -39.698531    1.000000    3.884392  383.394656
Iteration: 44 bestvalit: 0.013643 bestmemit:   48.666759  -39.698531    1.000000    3.884392  134.057253
Iteration: 45 bestvalit: 0.012748 bestmemit:   39.252418    2.774843    1.000000    8.024844   48.683957
Iteration: 46 bestvalit: 0.010673 bestmemit:   48.666759  -39.698531    1.000000    3.884392   18.501624
Iteration: 47 bestvalit: 0.010673 bestmemit:   48.666759  -39.698531    1.000000    3.884392   18.501624
Iteration: 48 bestvalit: 0.010673 bestmemit:   48.666759  -39.698531    1.000000    3.884392   18.501624
Iteration: 49 bestvalit: 0.010673 bestmemit:   48.666759  -39.698531    1.000000    3.884392   18.501624
Iteration: 50 bestvalit: 0.010673 bestmemit:   48.666759  -39.698531    1.000000    3.884392   18.501624
Iteration: 51 bestvalit: 0.010412 bestmemit:   35.550980  -36.782653    1.000000    3.884392   18.501624
Iteration: 52 bestvalit: 0.009263 bestmemit:   35.550980  -16.799528    1.000000    3.884392   18.501624
Iteration: 53 bestvalit: 0.009263 bestmemit:   35.550980  -16.799528    1.000000    3.884392   18.501624
Iteration: 54 bestvalit: 0.009263 bestmemit:   35.550980  -16.799528    1.000000    3.884392   18.501624
Iteration: 55 bestvalit: 0.009263 bestmemit:   35.550980  -16.799528    1.000000    3.884392   18.501624
Iteration: 56 bestvalit: 0.009263 bestmemit:   35.550980  -16.799528    1.000000    3.884392   18.501624
Iteration: 57 bestvalit: 0.009263 bestmemit:   35.550980  -16.799528    1.000000    3.884392   18.501624
Iteration: 58 bestvalit: 0.009263 bestmemit:   35.550980  -16.799528    1.000000    3.884392   18.501624
Iteration: 59 bestvalit: 0.009263 bestmemit:   35.550980  -16.799528    1.000000    3.884392   18.501624
Iteration: 60 bestvalit: 0.008917 bestmemit:   35.828631   -2.389850    1.000000    4.357603   14.693195
Iteration: 61 bestvalit: 0.008645 bestmemit:   39.819508  -16.484620    1.000000    4.885486   14.086543
Iteration: 62 bestvalit: 0.008645 bestmemit:   39.819508  -16.484620    1.000000    4.885486   14.086543
Iteration: 63 bestvalit: 0.008645 bestmemit:   39.819508  -16.484620    1.000000    4.885486   14.086543
Iteration: 64 bestvalit: 0.006703 bestmemit:   34.624775   -5.946879    1.000000    5.008307    6.775283
Iteration: 65 bestvalit: 0.006703 bestmemit:   34.624775   -5.946879    1.000000    5.008307    6.775283
Iteration: 66 bestvalit: 0.006108 bestmemit:   37.886821  -11.981112    1.000000   11.322220    3.866311
Iteration: 67 bestvalit: 0.006108 bestmemit:   37.886821  -11.981112    1.000000   11.322220    3.866311
Iteration: 68 bestvalit: 0.006108 bestmemit:   37.886821  -11.981112    1.000000   11.322220    3.866311
Iteration: 69 bestvalit: 0.005842 bestmemit:   28.400948  -16.615117    1.000000    4.855794    4.152811
Iteration: 70 bestvalit: 0.005842 bestmemit:   28.400948  -16.615117    1.000000    4.855794    4.152811
Iteration: 71 bestvalit: 0.005842 bestmemit:   28.400948  -16.615117    1.000000    4.855794    4.152811
Iteration: 72 bestvalit: 0.005723 bestmemit:   30.068363  -15.927379    1.000000    4.759481    4.155195
Iteration: 73 bestvalit: 0.005312 bestmemit:   47.022016  -21.124354    1.000000    9.328786    2.656705
Iteration: 74 bestvalit: 0.005195 bestmemit:   42.118046  -10.524817    1.000000    7.264337    2.918592
Iteration: 75 bestvalit: 0.005195 bestmemit:   42.118046  -10.524817    1.000000    7.264337    2.918592
Iteration: 76 bestvalit: 0.004897 bestmemit:   34.624775  -13.396455    1.000000    5.008307    1.833454
Iteration: 77 bestvalit: 0.004897 bestmemit:   34.624775  -13.396455    1.000000    5.008307    1.833454
Iteration: 78 bestvalit: 0.004897 bestmemit:   34.624775  -13.396455    1.000000    5.008307    1.833454
Iteration: 79 bestvalit: 0.004784 bestmemit:   31.630568  -10.421574    1.000000    5.824817    1.634064
Iteration: 80 bestvalit: 0.004784 bestmemit:   31.630568  -10.421574    1.000000    5.824817    1.634064
Iteration: 81 bestvalit: 0.004658 bestmemit:   34.498750   -6.935886    1.000000    4.202424    1.288008
Iteration: 82 bestvalit: 0.004658 bestmemit:   34.498750   -6.935886    1.000000    4.202424    1.288008
Iteration: 83 bestvalit: 0.004658 bestmemit:   34.498750   -6.935886    1.000000    4.202424    1.288008
Iteration: 84 bestvalit: 0.004601 bestmemit:   34.498750   -6.935886    1.000000    4.827718    1.288008
Iteration: 85 bestvalit: 0.004601 bestmemit:   34.498750   -6.935886    1.000000    4.827718    1.288008
Iteration: 86 bestvalit: 0.004554 bestmemit:   31.997362   -6.935886    1.000000    4.827718    1.288008
Iteration: 87 bestvalit: 0.004554 bestmemit:   31.997362   -6.935886    1.000000    4.827718    1.288008
Iteration: 88 bestvalit: 0.004554 bestmemit:   31.997362   -6.935886    1.000000    4.827718    1.288008
Iteration: 89 bestvalit: 0.004542 bestmemit:   29.288729   -2.583843    1.000000    3.962062    0.985575
Iteration: 90 bestvalit: 0.004542 bestmemit:   29.288729   -2.583843    1.000000    3.962062    0.985575
Iteration: 91 bestvalit: 0.004368 bestmemit:   21.817205   -1.022355    1.000000    2.669956    1.026228
Iteration: 92 bestvalit: 0.004368 bestmemit:   21.817205   -1.022355    1.000000    2.669956    1.026228
Iteration: 93 bestvalit: 0.004368 bestmemit:   21.817205   -1.022355    1.000000    2.669956    1.026228
Iteration: 94 bestvalit: 0.004368 bestmemit:   21.817205   -1.022355    1.000000    2.669956    1.026228
Iteration: 95 bestvalit: 0.004368 bestmemit:   21.817205   -1.022355    1.000000    2.669956    1.026228
Iteration: 96 bestvalit: 0.004368 bestmemit:   21.817205   -1.022355    1.000000    2.669956    1.026228
Iteration: 97 bestvalit: 0.004363 bestmemit:   21.172753   -1.022355    1.000000    2.669956    1.026228
Iteration: 98 bestvalit: 0.004363 bestmemit:   21.172753   -1.022355    1.000000    2.669956    1.026228
Iteration: 99 bestvalit: 0.004363 bestmemit:   21.172753   -1.022355    1.000000    2.669956    1.026228
Iteration: 100 bestvalit: 0.004363 bestmemit:   21.172753   -1.022355    1.000000    2.669956    1.026228
Iteration: 101 bestvalit: 0.004363 bestmemit:   21.172753   -1.022355    1.000000    2.669956    1.026228
Iteration: 102 bestvalit: 0.004363 bestmemit:   21.172753   -1.022355    1.000000    2.669956    1.026228
Iteration: 103 bestvalit: 0.004357 bestmemit:   15.301213    2.323101    1.000000    1.253104    0.746061
Iteration: 104 bestvalit: 0.004357 bestmemit:   15.301213    2.323101    1.000000    1.253104    0.746061
Iteration: 105 bestvalit: 0.004357 bestmemit:   15.301213    2.323101    1.000000    1.253104    0.746061
Iteration: 106 bestvalit: 0.004357 bestmemit:   15.301213    2.323101    1.000000    1.253104    0.746061
Iteration: 107 bestvalit: 0.004357 bestmemit:   15.301213    2.323101    1.000000    1.253104    0.746061
Iteration: 108 bestvalit: 0.004357 bestmemit:   15.301213    2.323101    1.000000    1.253104    0.746061
Iteration: 109 bestvalit: 0.004357 bestmemit:   15.301213    2.323101    1.000000    1.253104    0.746061
Iteration: 110 bestvalit: 0.004357 bestmemit:   15.301213    2.323101    1.000000    1.253104    0.746061
Iteration: 111 bestvalit: 0.004357 bestmemit:   15.301213    2.323101    1.000000    1.253104    0.746061
Iteration: 112 bestvalit: 0.004357 bestmemit:   15.301213    2.323101    1.000000    1.253104    0.746061
Iteration: 113 bestvalit: 0.004357 bestmemit:   15.301213    2.323101    1.000000    1.253104    0.746061
Iteration: 114 bestvalit: 0.004357 bestmemit:   15.301213    2.323101    1.000000    1.253104    0.746061
Iteration: 115 bestvalit: 0.004357 bestmemit:   15.301213    2.323101    1.000000    1.253104    0.746061
Iteration: 116 bestvalit: 0.004343 bestmemit:   18.908364    0.414198    1.000000    2.086383    0.839282
Iteration: 117 bestvalit: 0.004343 bestmemit:   18.976940    0.414198    1.000000    2.086383    0.839282
Iteration: 118 bestvalit: 0.004343 bestmemit:   18.976940    0.414198    1.000000    2.086383    0.839282
Iteration: 119 bestvalit: 0.004343 bestmemit:   18.976940    0.414198    1.000000    2.086383    0.839282
Iteration: 120 bestvalit: 0.004343 bestmemit:   18.976940    0.414198    1.000000    2.086383    0.839282
Iteration: 121 bestvalit: 0.004343 bestmemit:   18.976940    0.414198    1.000000    2.086383    0.839282
Iteration: 122 bestvalit: 0.004342 bestmemit:   16.879227    1.589180    1.000000    1.871786    0.834554
Iteration: 123 bestvalit: 0.004342 bestmemit:   16.879227    1.589180    1.000000    1.871786    0.834554
Iteration: 124 bestvalit: 0.004342 bestmemit:   16.879227    1.589180    1.000000    1.871786    0.834554
Iteration: 125 bestvalit: 0.004342 bestmemit:   16.879227    1.589180    1.000000    1.871786    0.834554
Iteration: 126 bestvalit: 0.004342 bestmemit:   16.879227    1.589180    1.000000    1.871786    0.834554
Iteration: 127 bestvalit: 0.004342 bestmemit:   16.879227    1.589180    1.000000    1.871786    0.834554
Iteration: 128 bestvalit: 0.004342 bestmemit:   16.879227    1.589180    1.000000    1.871786    0.834554
Iteration: 129 bestvalit: 0.004341 bestmemit:   18.849215    0.550944    1.000000    1.987236    0.759746
Iteration: 130 bestvalit: 0.004341 bestmemit:   18.849215    0.550944    1.000000    1.987236    0.759746
Iteration: 131 bestvalit: 0.004341 bestmemit:   18.849215    0.550944    1.000000    1.987236    0.759746
Iteration: 132 bestvalit: 0.004341 bestmemit:   18.849215    0.550944    1.000000    1.987236    0.759746
Iteration: 133 bestvalit: 0.004341 bestmemit:   18.849215    0.550944    1.000000    1.987236    0.759746
Iteration: 134 bestvalit: 0.004337 bestmemit:   17.748109    1.651264    1.000000    1.987236    0.759746
Iteration: 135 bestvalit: 0.004337 bestmemit:   17.748109    1.651264    1.000000    1.987236    0.759746
Iteration: 136 bestvalit: 0.004334 bestmemit:   16.937630    2.376899    1.000000    1.477594    0.538206
Iteration: 137 bestvalit: 0.004334 bestmemit:   16.937630    2.376899    1.000000    1.477594    0.538206
Iteration: 138 bestvalit: 0.004334 bestmemit:   16.937630    2.376899    1.000000    1.477594    0.538206
Iteration: 139 bestvalit: 0.004334 bestmemit:   16.937630    2.376899    1.000000    1.477594    0.538206
Iteration: 140 bestvalit: 0.004334 bestmemit:   16.937630    2.376899    1.000000    1.477594    0.538206
Iteration: 141 bestvalit: 0.004334 bestmemit:   16.937630    2.376899    1.000000    1.477594    0.538206
Iteration: 142 bestvalit: 0.004334 bestmemit:   16.937630    2.376899    1.000000    1.477594    0.538206
Iteration: 143 bestvalit: 0.004334 bestmemit:   16.937630    2.376899    1.000000    1.477594    0.538206
Iteration: 144 bestvalit: 0.004334 bestmemit:   16.937630    2.376899    1.000000    1.477594    0.538206
Iteration: 145 bestvalit: 0.004334 bestmemit:   16.937630    2.376899    1.000000    1.477594    0.538206
Iteration: 146 bestvalit: 0.004333 bestmemit:   17.559613    1.657143    1.000000    1.657275    0.624519
Iteration: 147 bestvalit: 0.004332 bestmemit:   16.931117    2.375873    1.000000    1.445146    0.483461
Iteration: 148 bestvalit: 0.004332 bestmemit:   16.931117    2.375873    1.000000    1.445146    0.483461
Iteration: 149 bestvalit: 0.004332 bestmemit:   16.931117    2.375873    1.000000    1.445146    0.483461
Iteration: 150 bestvalit: 0.004332 bestmemit:   16.931117    2.375873    1.000000    1.445146    0.483461
Iteration: 151 bestvalit: 0.004332 bestmemit:   16.931117    2.375873    1.000000    1.445146    0.483461
Iteration: 152 bestvalit: 0.004332 bestmemit:   16.931117    2.375873    1.000000    1.445146    0.483461
Iteration: 153 bestvalit: 0.004332 bestmemit:   16.931117    2.375873    1.000000    1.445146    0.483461
Iteration: 154 bestvalit: 0.004332 bestmemit:   16.931117    2.375873    1.000000    1.445146    0.483461
Iteration: 155 bestvalit: 0.004332 bestmemit:   16.931117    2.375873    1.000000    1.445146    0.483461
Iteration: 156 bestvalit: 0.004332 bestmemit:   16.931117    2.375873    1.000000    1.445146    0.483461
Iteration: 157 bestvalit: 0.004332 bestmemit:   16.931117    2.375873    1.000000    1.445146    0.483461
Iteration: 158 bestvalit: 0.004332 bestmemit:   16.931117    2.375873    1.000000    1.445146    0.483461
Iteration: 159 bestvalit: 0.004332 bestmemit:   16.931117    2.375873    1.000000    1.445146    0.483461
Iteration: 160 bestvalit: 0.004332 bestmemit:   16.931117    2.375873    1.000000    1.445146    0.483461
Iteration: 161 bestvalit: 0.004332 bestmemit:   16.931117    2.375873    1.000000    1.445146    0.483461
Iteration: 162 bestvalit: 0.004332 bestmemit:   16.931117    2.375873    1.000000    1.445146    0.483461
Iteration: 163 bestvalit: 0.004332 bestmemit:   16.931117    2.375873    1.000000    1.445146    0.483461
Iteration: 164 bestvalit: 0.004332 bestmemit:   16.931117    2.375873    1.000000    1.445146    0.483461
Iteration: 165 bestvalit: 0.004332 bestmemit:   16.931117    2.375873    1.000000    1.445146    0.483461
Iteration: 166 bestvalit: 0.004332 bestmemit:   16.931117    2.375873    1.000000    1.445146    0.483461
Iteration: 167 bestvalit: 0.004332 bestmemit:   16.931117    2.375873    1.000000    1.445146    0.483461
Iteration: 168 bestvalit: 0.004332 bestmemit:   16.931117    2.375873    1.000000    1.445146    0.483461
Iteration: 169 bestvalit: 0.004332 bestmemit:   16.931117    2.375873    1.000000    1.445146    0.483461
Iteration: 170 bestvalit: 0.004332 bestmemit:   16.931117    2.375873    1.000000    1.445146    0.483461
Iteration: 171 bestvalit: 0.004332 bestmemit:   16.931117    2.375873    1.000000    1.445146    0.483461
Iteration: 172 bestvalit: 0.004332 bestmemit:   16.931117    2.375873    1.000000    1.445146    0.483461
Iteration: 173 bestvalit: 0.004332 bestmemit:   16.931117    2.375873    1.000000    1.445146    0.483461
Iteration: 174 bestvalit: 0.004332 bestmemit:   16.931117    2.375873    1.000000    1.445146    0.483461
Iteration: 175 bestvalit: 0.004332 bestmemit:   16.931117    2.375873    1.000000    1.445146    0.483461
Iteration: 176 bestvalit: 0.004332 bestmemit:   16.931117    2.375873    1.000000    1.445146    0.483461
Iteration: 177 bestvalit: 0.004332 bestmemit:   16.931117    2.375873    1.000000    1.445146    0.483461
Iteration: 178 bestvalit: 0.004332 bestmemit:   16.931117    2.375873    1.000000    1.445146    0.483461
Iteration: 179 bestvalit: 0.004332 bestmemit:   17.075589    2.200736    1.000000    1.554875    0.518214
Iteration: 180 bestvalit: 0.004332 bestmemit:   17.075589    2.200736    1.000000    1.554875    0.518214
Iteration: 181 bestvalit: 0.004332 bestmemit:   17.075589    2.200736    1.000000    1.554875    0.518214
Iteration: 182 bestvalit: 0.004332 bestmemit:   17.075589    2.200736    1.000000    1.554875    0.518214
Iteration: 183 bestvalit: 0.004332 bestmemit:   17.075589    2.200736    1.000000    1.554875    0.518214
Iteration: 184 bestvalit: 0.004332 bestmemit:   17.075589    2.200736    1.000000    1.554875    0.518214
Iteration: 185 bestvalit: 0.004332 bestmemit:   17.075589    2.200736    1.000000    1.554875    0.518214
Iteration: 186 bestvalit: 0.004332 bestmemit:   17.075589    2.200736    1.000000    1.554875    0.518214
Iteration: 187 bestvalit: 0.004332 bestmemit:   17.075589    2.200736    1.000000    1.554875    0.518214
Iteration: 188 bestvalit: 0.004332 bestmemit:   17.075589    2.200736    1.000000    1.554875    0.518214
Iteration: 189 bestvalit: 0.004332 bestmemit:   17.075589    2.200736    1.000000    1.554875    0.518214
Iteration: 190 bestvalit: 0.004332 bestmemit:   17.075589    2.200736    1.000000    1.554875    0.518214
Iteration: 191 bestvalit: 0.004332 bestmemit:   17.075589    2.200736    1.000000    1.554875    0.518214
Iteration: 192 bestvalit: 0.004332 bestmemit:   16.931117    2.375873    1.000000    1.521715    0.515419
Iteration: 193 bestvalit: 0.004332 bestmemit:   16.931117    2.375873    1.000000    1.521715    0.515419
Iteration: 194 bestvalit: 0.004332 bestmemit:   16.931117    2.375873    1.000000    1.521715    0.515419
Iteration: 195 bestvalit: 0.004332 bestmemit:   16.931117    2.375873    1.000000    1.521715    0.515419
Iteration: 196 bestvalit: 0.004332 bestmemit:   16.931117    2.375873    1.000000    1.521715    0.515419
Iteration: 197 bestvalit: 0.004332 bestmemit:   16.931117    2.375873    1.000000    1.521715    0.515419
Iteration: 198 bestvalit: 0.004331 bestmemit:   17.114766    2.236062    1.000000    1.554875    0.518214
Iteration: 199 bestvalit: 0.004331 bestmemit:   17.114766    2.236062    1.000000    1.554875    0.518214
Iteration: 200 bestvalit: 0.004331 bestmemit:   17.114766    2.236062    1.000000    1.554875    0.518214
Iteration: 201 bestvalit: 0.004331 bestmemit:   17.114766    2.227086    1.000000    1.554875    0.518214
Iteration: 202 bestvalit: 0.004331 bestmemit:   17.114766    2.227086    1.000000    1.554875    0.518214
Iteration: 203 bestvalit: 0.004331 bestmemit:   17.114766    2.227086    1.000000    1.554875    0.518214
Iteration: 204 bestvalit: 0.004331 bestmemit:   16.870339    2.306163    1.000000    1.505529    0.509304
Iteration: 205 bestvalit: 0.004331 bestmemit:   16.917417    2.306163    1.000000    1.505529    0.509304
Iteration: 206 bestvalit: 0.004331 bestmemit:   16.917417    2.306163    1.000000    1.505529    0.509304
Iteration: 207 bestvalit: 0.004331 bestmemit:   16.917417    2.306163    1.000000    1.505529    0.509304
Iteration: 208 bestvalit: 0.004331 bestmemit:   16.917417    2.306163    1.000000    1.505529    0.509304
Iteration: 209 bestvalit: 0.004331 bestmemit:   16.917417    2.329011    1.000000    1.505529    0.509304
Iteration: 210 bestvalit: 0.004331 bestmemit:   16.917417    2.329011    1.000000    1.505529    0.509304
Iteration: 211 bestvalit: 0.004331 bestmemit:   16.917417    2.329011    1.000000    1.505529    0.509304
Iteration: 212 bestvalit: 0.004331 bestmemit:   16.917417    2.329011    1.000000    1.505529    0.509304
Iteration: 213 bestvalit: 0.004331 bestmemit:   16.917417    2.329011    1.000000    1.505529    0.509304
Iteration: 214 bestvalit: 0.004331 bestmemit:   16.917417    2.329011    1.000000    1.505529    0.509304
Iteration: 215 bestvalit: 0.004331 bestmemit:   16.917417    2.329011    1.000000    1.505529    0.509304
Iteration: 216 bestvalit: 0.004331 bestmemit:   16.917417    2.329011    1.000000    1.505529    0.509304
Iteration: 217 bestvalit: 0.004331 bestmemit:   16.917417    2.329011    1.000000    1.505529    0.509304
Iteration: 218 bestvalit: 0.004331 bestmemit:   16.917417    2.329011    1.000000    1.505529    0.509304
Iteration: 219 bestvalit: 0.004331 bestmemit:   16.917417    2.329011    1.000000    1.505529    0.509304
Iteration: 220 bestvalit: 0.004331 bestmemit:   16.917417    2.329011    1.000000    1.505529    0.509304
Iteration: 221 bestvalit: 0.004331 bestmemit:   16.917417    2.329011    1.000000    1.505529    0.509304
Iteration: 222 bestvalit: 0.004331 bestmemit:   16.917417    2.329011    1.000000    1.505529    0.509304
Iteration: 223 bestvalit: 0.004331 bestmemit:   16.917417    2.329011    1.000000    1.505529    0.509304
Iteration: 224 bestvalit: 0.004331 bestmemit:   16.917417    2.329011    1.000000    1.505529    0.509304
Iteration: 225 bestvalit: 0.004331 bestmemit:   16.917417    2.329011    1.000000    1.505529    0.509304
Iteration: 226 bestvalit: 0.004331 bestmemit:   16.917417    2.329011    1.000000    1.505529    0.509304
Iteration: 227 bestvalit: 0.004331 bestmemit:   16.917417    2.329011    1.000000    1.505529    0.509304
Iteration: 228 bestvalit: 0.004331 bestmemit:   16.917417    2.329011    1.000000    1.505529    0.509304
Iteration: 229 bestvalit: 0.004331 bestmemit:   16.917417    2.329011    1.000000    1.505529    0.509304
Iteration: 230 bestvalit: 0.004331 bestmemit:   16.917417    2.329011    1.000000    1.505529    0.509304
Iteration: 231 bestvalit: 0.004331 bestmemit:   16.917417    2.329011    1.000000    1.505529    0.509304
Iteration: 232 bestvalit: 0.004331 bestmemit:   16.917417    2.329011    1.000000    1.505529    0.509304
Iteration: 233 bestvalit: 0.004331 bestmemit:   16.917417    2.329011    1.000000    1.505529    0.509304
Iteration: 234 bestvalit: 0.004331 bestmemit:   16.917417    2.329011    1.000000    1.505529    0.509304
Iteration: 235 bestvalit: 0.004331 bestmemit:   16.917417    2.329011    1.000000    1.505529    0.509304
Iteration: 236 bestvalit: 0.004331 bestmemit:   16.917417    2.329011    1.000000    1.505529    0.509304
Iteration: 237 bestvalit: 0.004331 bestmemit:   16.917417    2.329011    1.000000    1.505529    0.509304
Iteration: 238 bestvalit: 0.004331 bestmemit:   16.917417    2.329011    1.000000    1.505529    0.509304
Iteration: 239 bestvalit: 0.004331 bestmemit:   16.917417    2.329011    1.000000    1.505529    0.509304
Iteration: 240 bestvalit: 0.004331 bestmemit:   16.917417    2.329011    1.000000    1.505529    0.509304
Iteration: 241 bestvalit: 0.004331 bestmemit:   16.917417    2.329011    1.000000    1.505529    0.509304
Iteration: 242 bestvalit: 0.004331 bestmemit:   16.917417    2.329011    1.000000    1.505529    0.509304
Iteration: 243 bestvalit: 0.004331 bestmemit:   16.917417    2.329011    1.000000    1.501510    0.509304
Iteration: 244 bestvalit: 0.004331 bestmemit:   16.903607    2.326589    1.000000    1.506420    0.514932
Iteration: 245 bestvalit: 0.004331 bestmemit:   16.956452    2.281196    1.000000    1.511700    0.519028
Iteration: 246 bestvalit: 0.004331 bestmemit:   16.956452    2.281196    1.000000    1.511700    0.519028
Iteration: 247 bestvalit: 0.004331 bestmemit:   16.956452    2.281196    1.000000    1.511700    0.519028
Iteration: 248 bestvalit: 0.004331 bestmemit:   16.956452    2.281196    1.000000    1.511700    0.519028
Iteration: 249 bestvalit: 0.004331 bestmemit:   16.956452    2.281196    1.000000    1.511700    0.519028
Iteration: 250 bestvalit: 0.004331 bestmemit:   16.966719    2.274215    1.000000    1.516310    0.519246
Iteration: 251 bestvalit: 0.004331 bestmemit:   16.966719    2.274215    1.000000    1.516310    0.519246
Iteration: 252 bestvalit: 0.004331 bestmemit:   16.966719    2.274215    1.000000    1.516310    0.519246
Iteration: 253 bestvalit: 0.004331 bestmemit:   16.966719    2.274215    1.000000    1.516310    0.519246
Iteration: 254 bestvalit: 0.004331 bestmemit:   16.966719    2.274215    1.000000    1.516310    0.519246
Iteration: 255 bestvalit: 0.004331 bestmemit:   16.966719    2.274215    1.000000    1.516310    0.519246
Iteration: 256 bestvalit: 0.004331 bestmemit:   16.966719    2.274215    1.000000    1.516310    0.519246
Iteration: 257 bestvalit: 0.004331 bestmemit:   16.966719    2.274215    1.000000    1.516310    0.519246
Iteration: 258 bestvalit: 0.004331 bestmemit:   16.966719    2.274215    1.000000    1.516310    0.519246
Iteration: 259 bestvalit: 0.004331 bestmemit:   16.966719    2.274215    1.000000    1.516310    0.519246
Iteration: 260 bestvalit: 0.004331 bestmemit:   16.966719    2.274215    1.000000    1.516310    0.519246
Iteration: 261 bestvalit: 0.004331 bestmemit:   16.951574    2.286458    1.000000    1.512584    0.517296
Iteration: 262 bestvalit: 0.004331 bestmemit:   16.951574    2.286458    1.000000    1.512584    0.517296
Iteration: 263 bestvalit: 0.004331 bestmemit:   16.951574    2.286458    1.000000    1.512584    0.517296
Iteration: 264 bestvalit: 0.004331 bestmemit:   16.951574    2.286458    1.000000    1.512584    0.517296
Iteration: 265 bestvalit: 0.004331 bestmemit:   16.951574    2.286458    1.000000    1.512584    0.517296
Iteration: 266 bestvalit: 0.004331 bestmemit:   16.951574    2.286458    1.000000    1.512584    0.517296
Iteration: 267 bestvalit: 0.004331 bestmemit:   16.951574    2.286458    1.000000    1.512584    0.517296
Iteration: 268 bestvalit: 0.004331 bestmemit:   16.951574    2.286458    1.000000    1.512584    0.517296
Iteration: 269 bestvalit: 0.004331 bestmemit:   16.945851    2.286458    1.000000    1.512584    0.517296
Iteration: 270 bestvalit: 0.004331 bestmemit:   16.945851    2.286458    1.000000    1.512584    0.517296
Iteration: 271 bestvalit: 0.004331 bestmemit:   16.945851    2.286458    1.000000    1.512584    0.517296
Iteration: 272 bestvalit: 0.004331 bestmemit:   16.945851    2.286458    1.000000    1.512584    0.517296
Iteration: 273 bestvalit: 0.004331 bestmemit:   16.945851    2.286458    1.000000    1.512584    0.517296
Iteration: 274 bestvalit: 0.004331 bestmemit:   16.945851    2.286458    1.000000    1.512584    0.517296
Iteration: 275 bestvalit: 0.004331 bestmemit:   16.945851    2.286458    1.000000    1.512584    0.517296
Iteration: 276 bestvalit: 0.004331 bestmemit:   16.945851    2.286458    1.000000    1.512584    0.517296
Iteration: 277 bestvalit: 0.004331 bestmemit:   16.945851    2.286458    1.000000    1.512584    0.517296
Iteration: 278 bestvalit: 0.004331 bestmemit:   16.945851    2.286458    1.000000    1.512584    0.517296
Iteration: 279 bestvalit: 0.004331 bestmemit:   16.945851    2.286458    1.000000    1.512584    0.517296
Iteration: 280 bestvalit: 0.004331 bestmemit:   16.945851    2.286458    1.000000    1.512584    0.517296
Iteration: 281 bestvalit: 0.004331 bestmemit:   16.945851    2.286458    1.000000    1.512584    0.517296
Iteration: 282 bestvalit: 0.004331 bestmemit:   16.945851    2.286458    1.000000    1.512584    0.517296
Iteration: 283 bestvalit: 0.004331 bestmemit:   16.945851    2.286458    1.000000    1.512584    0.517296
Iteration: 284 bestvalit: 0.004331 bestmemit:   16.945851    2.286458    1.000000    1.512584    0.517296
Iteration: 285 bestvalit: 0.004331 bestmemit:   16.945851    2.286458    1.000000    1.512584    0.517296
Iteration: 286 bestvalit: 0.004331 bestmemit:   16.945851    2.286458    1.000000    1.512584    0.517296
Iteration: 287 bestvalit: 0.004331 bestmemit:   16.945851    2.286458    1.000000    1.512584    0.517296
Iteration: 288 bestvalit: 0.004331 bestmemit:   16.945851    2.286458    1.000000    1.512584    0.517296
Iteration: 289 bestvalit: 0.004331 bestmemit:   16.945851    2.286458    1.000000    1.512584    0.517296
Iteration: 290 bestvalit: 0.004331 bestmemit:   16.945851    2.286458    1.000000    1.512584    0.517296
Iteration: 291 bestvalit: 0.004331 bestmemit:   16.945851    2.286458    1.000000    1.512584    0.517296
Iteration: 292 bestvalit: 0.004331 bestmemit:   16.945851    2.286458    1.000000    1.512584    0.517296
Iteration: 293 bestvalit: 0.004331 bestmemit:   16.945851    2.286458    1.000000    1.512584    0.517296
Iteration: 294 bestvalit: 0.004331 bestmemit:   16.945851    2.286458    1.000000    1.512584    0.517296
Iteration: 295 bestvalit: 0.004331 bestmemit:   16.945851    2.286458    1.000000    1.512584    0.517296
Iteration: 296 bestvalit: 0.004331 bestmemit:   16.945851    2.286458    1.000000    1.512584    0.517296
Iteration: 297 bestvalit: 0.004331 bestmemit:   16.945851    2.286458    1.000000    1.512584    0.517296
Iteration: 298 bestvalit: 0.004331 bestmemit:   16.945851    2.286458    1.000000    1.512584    0.517296
Iteration: 299 bestvalit: 0.004331 bestmemit:   16.948910    2.282109    1.000000    1.513800    0.518580
Iteration: 300 bestvalit: 0.004331 bestmemit:   16.948910    2.282109    1.000000    1.513800    0.518580
Iteration: 301 bestvalit: 0.004331 bestmemit:   16.948910    2.282109    1.000000    1.513800    0.518580
Iteration: 302 bestvalit: 0.004331 bestmemit:   16.948910    2.282109    1.000000    1.513800    0.518580
Iteration: 303 bestvalit: 0.004331 bestmemit:   16.948910    2.282109    1.000000    1.513800    0.518580
Iteration: 304 bestvalit: 0.004331 bestmemit:   16.948910    2.282109    1.000000    1.513800    0.518580
Iteration: 305 bestvalit: 0.004331 bestmemit:   16.948910    2.282109    1.000000    1.513800    0.518580
Iteration: 306 bestvalit: 0.004331 bestmemit:   16.948910    2.282109    1.000000    1.513800    0.518580
Iteration: 307 bestvalit: 0.004331 bestmemit:   16.948910    2.282109    1.000000    1.513800    0.518580
Iteration: 308 bestvalit: 0.004331 bestmemit:   16.948910    2.282109    1.000000    1.513800    0.518580
Iteration: 309 bestvalit: 0.004331 bestmemit:   16.936198    2.290492    1.000000    1.506821    0.515237
Iteration: 310 bestvalit: 0.004331 bestmemit:   16.936198    2.290492    1.000000    1.506821    0.515237
Iteration: 311 bestvalit: 0.004331 bestmemit:   16.939085    2.285493    1.000000    1.507983    0.516375
Iteration: 312 bestvalit: 0.004331 bestmemit:   16.939085    2.285493    1.000000    1.507983    0.516375
Iteration: 313 bestvalit: 0.004331 bestmemit:   16.941544    2.284060    1.000000    1.510363    0.517465
Iteration: 314 bestvalit: 0.004331 bestmemit:   16.941544    2.284060    1.000000    1.510363    0.517465
Iteration: 315 bestvalit: 0.004331 bestmemit:   16.941544    2.284060    1.000000    1.510363    0.517465
Iteration: 316 bestvalit: 0.004331 bestmemit:   16.941544    2.284060    1.000000    1.510363    0.517465
Iteration: 317 bestvalit: 0.004331 bestmemit:   16.941544    2.284060    1.000000    1.510363    0.517465
Iteration: 318 bestvalit: 0.004331 bestmemit:   16.941544    2.284060    1.000000    1.510363    0.517465
Iteration: 319 bestvalit: 0.004331 bestmemit:   16.941544    2.284060    1.000000    1.510363    0.517465
Iteration: 320 bestvalit: 0.004331 bestmemit:   16.941544    2.284060    1.000000    1.510363    0.517465
Iteration: 321 bestvalit: 0.004331 bestmemit:   16.941544    2.284060    1.000000    1.510363    0.517465
Iteration: 322 bestvalit: 0.004331 bestmemit:   16.941544    2.284060    1.000000    1.510363    0.517465
Iteration: 323 bestvalit: 0.004331 bestmemit:   16.941544    2.284060    1.000000    1.510363    0.517465
Iteration: 324 bestvalit: 0.004331 bestmemit:   16.941544    2.284060    1.000000    1.510363    0.517465
Iteration: 325 bestvalit: 0.004331 bestmemit:   16.941544    2.284060    1.000000    1.510363    0.517465
Iteration: 326 bestvalit: 0.004331 bestmemit:   16.941544    2.284060    1.000000    1.510363    0.517465
Iteration: 327 bestvalit: 0.004331 bestmemit:   16.941544    2.284060    1.000000    1.510363    0.517465
Iteration: 328 bestvalit: 0.004331 bestmemit:   16.941544    2.284060    1.000000    1.510363    0.517465
Iteration: 329 bestvalit: 0.004331 bestmemit:   16.941544    2.284060    1.000000    1.510363    0.517465
Iteration: 330 bestvalit: 0.004331 bestmemit:   16.941544    2.284060    1.000000    1.510363    0.517465
Iteration: 331 bestvalit: 0.004331 bestmemit:   16.941544    2.284060    1.000000    1.510363    0.517465
Iteration: 332 bestvalit: 0.004331 bestmemit:   16.941544    2.284060    1.000000    1.510363    0.517465
Iteration: 333 bestvalit: 0.004331 bestmemit:   16.941544    2.284060    1.000000    1.510363    0.517465
Iteration: 334 bestvalit: 0.004331 bestmemit:   16.941544    2.284060    1.000000    1.510363    0.517465
Iteration: 335 bestvalit: 0.004331 bestmemit:   16.941544    2.284060    1.000000    1.510363    0.517465
Iteration: 336 bestvalit: 0.004331 bestmemit:   16.942532    2.285503    1.000000    1.509839    0.516747
Iteration: 337 bestvalit: 0.004331 bestmemit:   16.942532    2.285503    1.000000    1.509839    0.516747
Iteration: 338 bestvalit: 0.004331 bestmemit:   16.942532    2.285503    1.000000    1.509839    0.516747
Iteration: 339 bestvalit: 0.004331 bestmemit:   16.942532    2.285503    1.000000    1.509839    0.516747
Iteration: 340 bestvalit: 0.004331 bestmemit:   16.942532    2.285503    1.000000    1.509839    0.516747
Iteration: 341 bestvalit: 0.004331 bestmemit:   16.942532    2.285503    1.000000    1.509839    0.516747
Iteration: 342 bestvalit: 0.004331 bestmemit:   16.942532    2.285503    1.000000    1.509839    0.516747
Iteration: 343 bestvalit: 0.004331 bestmemit:   16.942532    2.285503    1.000000    1.509839    0.516747
Iteration: 344 bestvalit: 0.004331 bestmemit:   16.942532    2.285503    1.000000    1.509839    0.516747
Iteration: 345 bestvalit: 0.004331 bestmemit:   16.942532    2.285503    1.000000    1.509839    0.516747
Iteration: 346 bestvalit: 0.004331 bestmemit:   16.942532    2.285503    1.000000    1.509839    0.516747
Iteration: 347 bestvalit: 0.004331 bestmemit:   16.942532    2.285503    1.000000    1.509839    0.516747
Iteration: 348 bestvalit: 0.004331 bestmemit:   16.941544    2.284956    1.000000    1.510363    0.517465
Iteration: 349 bestvalit: 0.004331 bestmemit:   16.941544    2.284956    1.000000    1.510363    0.517465
Iteration: 350 bestvalit: 0.004331 bestmemit:   16.941544    2.284956    1.000000    1.510363    0.517465
Iteration: 351 bestvalit: 0.004331 bestmemit:   16.941544    2.284956    1.000000    1.510363    0.517465
Iteration: 352 bestvalit: 0.004331 bestmemit:   16.941544    2.284956    1.000000    1.510363    0.517465
Iteration: 353 bestvalit: 0.004331 bestmemit:   16.941544    2.284956    1.000000    1.510363    0.517465
Iteration: 354 bestvalit: 0.004331 bestmemit:   16.941544    2.284956    1.000000    1.510363    0.517465
Iteration: 355 bestvalit: 0.004331 bestmemit:   16.941544    2.284956    1.000000    1.510363    0.517465
Iteration: 356 bestvalit: 0.004331 bestmemit:   16.941544    2.284956    1.000000    1.510363    0.517465
Iteration: 357 bestvalit: 0.004331 bestmemit:   16.941544    2.284956    1.000000    1.510363    0.517465
Iteration: 358 bestvalit: 0.004331 bestmemit:   16.941544    2.284956    1.000000    1.510363    0.517465
Iteration: 359 bestvalit: 0.004331 bestmemit:   16.941544    2.284956    1.000000    1.510363    0.517465
Iteration: 360 bestvalit: 0.004331 bestmemit:   16.941544    2.284956    1.000000    1.510363    0.517465
Iteration: 361 bestvalit: 0.004331 bestmemit:   16.941544    2.284956    1.000000    1.510363    0.517465
Iteration: 362 bestvalit: 0.004331 bestmemit:   16.941544    2.284956    1.000000    1.510363    0.517465
Iteration: 363 bestvalit: 0.004331 bestmemit:   16.941544    2.284956    1.000000    1.510363    0.517465
Iteration: 364 bestvalit: 0.004331 bestmemit:   16.937623    2.288918    1.000000    1.509028    0.516635
Iteration: 365 bestvalit: 0.004331 bestmemit:   16.937623    2.288918    1.000000    1.509028    0.516635
Iteration: 366 bestvalit: 0.004331 bestmemit:   16.937295    2.288837    1.000000    1.509028    0.516635
Iteration: 367 bestvalit: 0.004331 bestmemit:   16.937295    2.288837    1.000000    1.509028    0.516635
Iteration: 368 bestvalit: 0.004331 bestmemit:   16.937295    2.288837    1.000000    1.509028    0.516635
Iteration: 369 bestvalit: 0.004331 bestmemit:   16.937295    2.288837    1.000000    1.509028    0.516635
Iteration: 370 bestvalit: 0.004331 bestmemit:   16.937295    2.288837    1.000000    1.509028    0.516635
Iteration: 371 bestvalit: 0.004331 bestmemit:   16.938998    2.287687    1.000000    1.509106    0.516673
Iteration: 372 bestvalit: 0.004331 bestmemit:   16.938998    2.287687    1.000000    1.509106    0.516673
Iteration: 373 bestvalit: 0.004331 bestmemit:   16.938998    2.287687    1.000000    1.509106    0.516673
Iteration: 374 bestvalit: 0.004331 bestmemit:   16.938998    2.287687    1.000000    1.509106    0.516673
Iteration: 375 bestvalit: 0.004331 bestmemit:   16.938998    2.287687    1.000000    1.509106    0.516673
Iteration: 376 bestvalit: 0.004331 bestmemit:   16.938998    2.287687    1.000000    1.509106    0.516673
Iteration: 377 bestvalit: 0.004331 bestmemit:   16.938998    2.287687    1.000000    1.509106    0.516673
Iteration: 378 bestvalit: 0.004331 bestmemit:   16.938998    2.287687    1.000000    1.509106    0.516673
Iteration: 379 bestvalit: 0.004331 bestmemit:   16.938998    2.287687    1.000000    1.509106    0.516673
Iteration: 380 bestvalit: 0.004331 bestmemit:   16.938998    2.287687    1.000000    1.509106    0.516673
Iteration: 381 bestvalit: 0.004331 bestmemit:   16.938998    2.287687    1.000000    1.509106    0.516673
Iteration: 382 bestvalit: 0.004331 bestmemit:   16.938998    2.287687    1.000000    1.509106    0.516673
Iteration: 383 bestvalit: 0.004331 bestmemit:   16.938998    2.287687    1.000000    1.509106    0.516673
Iteration: 384 bestvalit: 0.004331 bestmemit:   16.938998    2.287687    1.000000    1.509106    0.516673

***** summary of DEoptim object ***** 
best member   :  16.939 2.28769 1 1.50911 0.51667 
best value    :  0.00433 
after         :  384 generations 
fn evaluated  :  770 times 
*************************************
