SLURM_JOB_ID: 55403006
SLURM_JOB_USER: vsc34066
SLURM_JOB_ACCOUNT: lp_desenderlab
SLURM_JOB_NAME: par_recov_alternating_fb_sim_alpha_learn.slurm
SLURM_CLUSTER_NAME: genius
SLURM_JOB_PARTITION: batch
SLURM_ARRAY_JOB_ID: 55402977
SLURM_ARRAY_TASK_ID: 29
SLURM_NNODES: 1
SLURM_NODELIST: r22i27n19
SLURM_JOB_CPUS_PER_NODE: 8
Date: Sun Dec  3 23:44:07 CET 2023
Walltime: 01-06:00:00
========================================================================
Iteration: 1 bestvalit: 0.086666 bestmemit:   14.411798   19.510357    1.000000    0.621591 8406.171711
Iteration: 2 bestvalit: 0.086666 bestmemit:   14.411798   19.510357    1.000000    0.621591 8406.171711
Iteration: 3 bestvalit: 0.086456 bestmemit:   14.411798  -20.847097    1.000000    0.621591 8406.171711
Iteration: 4 bestvalit: 0.074369 bestmemit:   31.664635  -20.847097    1.000000    0.621591 7206.647685
Iteration: 5 bestvalit: 0.074369 bestmemit:   31.664635  -20.847097    1.000000    0.621591 7206.647685
Iteration: 6 bestvalit: 0.074369 bestmemit:   31.664635  -20.847097    1.000000    0.621591 7206.647685
Iteration: 7 bestvalit: 0.073302 bestmemit:   31.664635  -20.847097    1.000000    0.621591 7952.696744
Iteration: 8 bestvalit: 0.073302 bestmemit:   31.664635  -20.847097    1.000000    0.621591 7952.696744
Iteration: 9 bestvalit: 0.073302 bestmemit:   31.664635  -20.847097    1.000000    0.621591 7952.696744
Iteration: 10 bestvalit: 0.073302 bestmemit:   31.664635  -20.847097    1.000000    0.621591 7952.696744
Iteration: 11 bestvalit: 0.073302 bestmemit:   31.664635  -20.847097    1.000000    0.621591 7952.696744
Iteration: 12 bestvalit: 0.073302 bestmemit:   31.664635  -20.847097    1.000000    0.621591 7952.696744
Iteration: 13 bestvalit: 0.073302 bestmemit:   31.664635  -20.847097    1.000000    0.621591 7952.696744
Iteration: 14 bestvalit: 0.073302 bestmemit:   31.664635  -20.847097    1.000000    0.621591 7952.696744
Iteration: 15 bestvalit: 0.073302 bestmemit:   31.664635  -20.847097    1.000000    0.621591 7952.696744
Iteration: 16 bestvalit: 0.073302 bestmemit:   31.664635  -20.847097    1.000000    0.621591 7952.696744
Iteration: 17 bestvalit: 0.073302 bestmemit:   31.664635  -20.847097    1.000000    0.621591 7952.696744
Iteration: 18 bestvalit: 0.073302 bestmemit:   31.664635  -20.847097    1.000000    0.621591 7952.696744
Iteration: 19 bestvalit: 0.073302 bestmemit:   31.664635  -20.847097    1.000000    0.621591 7952.696744
Iteration: 20 bestvalit: 0.073302 bestmemit:   31.664635  -20.847097    1.000000    0.621591 7952.696744
Iteration: 21 bestvalit: 0.068177 bestmemit:   39.382719   -5.326950    1.000000    1.122124 6750.985496
Iteration: 22 bestvalit: 0.068177 bestmemit:   39.382719   -5.326950    1.000000    1.122124 6750.985496
Iteration: 23 bestvalit: 0.068177 bestmemit:   39.382719   -5.326950    1.000000    1.122124 6750.985496
Iteration: 24 bestvalit: 0.068177 bestmemit:   39.382719   -5.326950    1.000000    1.122124 6750.985496
Iteration: 25 bestvalit: 0.065675 bestmemit:   44.344242    7.969497    1.000000    1.122124 6750.985496
Iteration: 26 bestvalit: 0.065675 bestmemit:   44.344242    7.969497    1.000000    1.122124 6750.985496
Iteration: 27 bestvalit: 0.065675 bestmemit:   44.344242    7.969497    1.000000    1.122124 6750.985496
Iteration: 28 bestvalit: 0.065675 bestmemit:   44.344242    7.969497    1.000000    1.122124 6750.985496
Iteration: 29 bestvalit: 0.065675 bestmemit:   44.344242    7.969497    1.000000    1.122124 6750.985496
Iteration: 30 bestvalit: 0.061699 bestmemit:   48.248772    7.969497    1.000000    1.122124 6605.032109
Iteration: 31 bestvalit: 0.059326 bestmemit:   48.248772   98.492587    1.000000    1.122124 6605.032109
Iteration: 32 bestvalit: 0.059326 bestmemit:   48.248772   98.492587    1.000000    1.122124 6605.032109
Iteration: 33 bestvalit: 0.059326 bestmemit:   48.248772   98.492587    1.000000    1.122124 6605.032109
Iteration: 34 bestvalit: 0.059326 bestmemit:   48.248772   98.492587    1.000000    1.122124 6605.032109
Iteration: 35 bestvalit: 0.059326 bestmemit:   48.248772   98.492587    1.000000    1.122124 6605.032109
Iteration: 36 bestvalit: 0.059326 bestmemit:   48.248772   98.492587    1.000000    1.122124 6605.032109
Iteration: 37 bestvalit: 0.059326 bestmemit:   48.248772   98.492587    1.000000    1.122124 6605.032109
Iteration: 38 bestvalit: 0.059326 bestmemit:   48.248772   98.492587    1.000000    1.122124 6605.032109
Iteration: 39 bestvalit: 0.059326 bestmemit:   48.248772   98.492587    1.000000    1.122124 6605.032109
Iteration: 40 bestvalit: 0.059326 bestmemit:   48.248772   98.492587    1.000000    1.122124 6605.032109
Iteration: 41 bestvalit: 0.059326 bestmemit:   48.248772   98.492587    1.000000    1.122124 6605.032109
Iteration: 42 bestvalit: 0.059326 bestmemit:   48.248772   98.492587    1.000000    1.122124 6605.032109
Iteration: 43 bestvalit: 0.059326 bestmemit:   48.248772   98.492587    1.000000    1.122124 6605.032109
Iteration: 44 bestvalit: 0.059326 bestmemit:   48.248772   98.492587    1.000000    1.122124 6605.032109
Iteration: 45 bestvalit: 0.059326 bestmemit:   48.248772   98.492587    1.000000    1.122124 6605.032109
Iteration: 46 bestvalit: 0.059326 bestmemit:   48.248772   98.492587    1.000000    1.122124 6605.032109
Iteration: 47 bestvalit: 0.059326 bestmemit:   48.248772   98.492587    1.000000    1.122124 6605.032109
Iteration: 48 bestvalit: 0.059326 bestmemit:   48.248772   98.492587    1.000000    1.122124 6605.032109
Iteration: 49 bestvalit: 0.059326 bestmemit:   48.248772   98.492587    1.000000    1.122124 6605.032109
Iteration: 50 bestvalit: 0.026951 bestmemit:   16.560245   28.169449    1.000000   10.446399   14.297522
Iteration: 51 bestvalit: 0.006894 bestmemit:   28.588704   35.509921    1.000000    0.071224  506.375322
Iteration: 52 bestvalit: 0.006049 bestmemit:   25.370946   35.509921    1.000000    0.071224  341.092749
Iteration: 53 bestvalit: 0.006049 bestmemit:   25.370946   35.509921    1.000000    0.071224  341.092749
Iteration: 54 bestvalit: 0.006049 bestmemit:   25.370946   35.509921    1.000000    0.071224  341.092749
Iteration: 55 bestvalit: 0.005900 bestmemit:   28.191844   52.037841    1.000000    0.071224  341.092749
Iteration: 56 bestvalit: 0.004932 bestmemit:   36.409711   52.037841    1.000000    0.071224  114.972012
Iteration: 57 bestvalit: 0.004932 bestmemit:   36.409711   52.037841    1.000000    0.071224  114.972012
Iteration: 58 bestvalit: 0.004932 bestmemit:   36.409711   52.037841    1.000000    0.071224  114.972012
Iteration: 59 bestvalit: 0.004932 bestmemit:   36.409711   52.037841    1.000000    0.071224  114.972012
Iteration: 60 bestvalit: 0.004932 bestmemit:   36.409711   52.037841    1.000000    0.071224  114.972012
Iteration: 61 bestvalit: 0.004932 bestmemit:   36.409711   52.037841    1.000000    0.071224  114.972012
Iteration: 62 bestvalit: 0.004932 bestmemit:   36.409711   52.037841    1.000000    0.071224  114.972012
Iteration: 63 bestvalit: 0.004924 bestmemit:   36.558426    6.707363    1.000000    0.071224  114.972012
Iteration: 64 bestvalit: 0.004820 bestmemit:   32.353707    6.707363    1.000000    0.071224  114.972012
Iteration: 65 bestvalit: 0.004673 bestmemit:   24.332957    6.707363    1.000000    0.071224  114.972012
Iteration: 66 bestvalit: 0.004673 bestmemit:   24.332957    6.707363    1.000000    0.071224  114.972012
Iteration: 67 bestvalit: 0.004673 bestmemit:   24.332957    6.707363    1.000000    0.071224  114.972012
Iteration: 68 bestvalit: 0.004673 bestmemit:   24.332957    6.707363    1.000000    0.071224  114.972012
Iteration: 69 bestvalit: 0.004673 bestmemit:   24.332957    6.707363    1.000000    0.071224  114.972012
Iteration: 70 bestvalit: 0.004673 bestmemit:   24.332957    6.707363    1.000000    0.071224  114.972012
Iteration: 71 bestvalit: 0.004654 bestmemit:   24.332957   47.389766    1.000000    0.071224  114.972012
Iteration: 72 bestvalit: 0.004654 bestmemit:   24.332957   47.389766    1.000000    0.071224  114.972012
Iteration: 73 bestvalit: 0.004654 bestmemit:   24.332957   47.389766    1.000000    0.071224  114.972012
Iteration: 74 bestvalit: 0.004654 bestmemit:   24.332957   47.389766    1.000000    0.071224  114.972012
Iteration: 75 bestvalit: 0.004654 bestmemit:   24.332957   47.389766    1.000000    0.071224  114.972012
Iteration: 76 bestvalit: 0.004248 bestmemit:   34.664477    0.032874    1.000000    1.539236   56.831518
Iteration: 77 bestvalit: 0.004248 bestmemit:   34.664477    0.032874    1.000000    1.539236   56.831518
Iteration: 78 bestvalit: 0.004091 bestmemit:   34.681668   15.643301    1.000000    1.748719   34.730077
Iteration: 79 bestvalit: 0.003958 bestmemit:   35.425624   24.734267    1.000000    1.474514   14.297522
Iteration: 80 bestvalit: 0.003958 bestmemit:   35.425624   24.734267    1.000000    1.474514   14.297522
Iteration: 81 bestvalit: 0.003958 bestmemit:   35.425624   24.734267    1.000000    1.474514   14.297522
Iteration: 82 bestvalit: 0.003958 bestmemit:   35.425624   24.734267    1.000000    1.474514   14.297522
Iteration: 83 bestvalit: 0.003958 bestmemit:   35.425624   24.734267    1.000000    1.474514   14.297522
Iteration: 84 bestvalit: 0.003443 bestmemit:   31.900444    0.032874    1.000000    1.539236    9.614611
Iteration: 85 bestvalit: 0.003443 bestmemit:   31.900444    0.032874    1.000000    1.539236    9.614611
Iteration: 86 bestvalit: 0.003443 bestmemit:   31.900444    0.032874    1.000000    1.539236    9.614611
Iteration: 87 bestvalit: 0.003443 bestmemit:   31.900444    0.032874    1.000000    1.539236    9.614611
Iteration: 88 bestvalit: 0.003443 bestmemit:   31.900444    0.032874    1.000000    1.539236    9.614611
Iteration: 89 bestvalit: 0.003443 bestmemit:   31.900444    0.032874    1.000000    1.539236    9.614611
Iteration: 90 bestvalit: 0.003443 bestmemit:   31.900444    0.032874    1.000000    1.539236    9.614611
Iteration: 91 bestvalit: 0.003429 bestmemit:   31.900444    0.032874    1.000000    1.694217    9.614611
Iteration: 92 bestvalit: 0.003429 bestmemit:   31.900444    0.032874    1.000000    1.694217    9.614611
Iteration: 93 bestvalit: 0.003429 bestmemit:   31.900444    0.032874    1.000000    1.694217    9.614611
Iteration: 94 bestvalit: 0.003429 bestmemit:   31.900444    0.032874    1.000000    1.694217    9.614611
Iteration: 95 bestvalit: 0.003429 bestmemit:   31.900444    0.032874    1.000000    1.694217    9.614611
Iteration: 96 bestvalit: 0.003429 bestmemit:   31.900444    0.032874    1.000000    1.694217    9.614611
Iteration: 97 bestvalit: 0.003429 bestmemit:   31.900444    0.032874    1.000000    1.694217    9.614611
Iteration: 98 bestvalit: 0.003429 bestmemit:   31.900444    0.032874    1.000000    1.694217    9.614611
Iteration: 99 bestvalit: 0.003429 bestmemit:   31.900444    0.032874    1.000000    1.694217    9.614611
Iteration: 100 bestvalit: 0.003428 bestmemit:   37.358545   -1.681564    1.000000    1.959608    7.811338
Iteration: 101 bestvalit: 0.003368 bestmemit:   35.760856    3.726358    1.000000    1.266158    2.317079
Iteration: 102 bestvalit: 0.003219 bestmemit:   22.105558    3.289952    1.000000    0.917230    7.247825
Iteration: 103 bestvalit: 0.003219 bestmemit:   22.105558    3.289952    1.000000    0.917230    7.247825
Iteration: 104 bestvalit: 0.003219 bestmemit:   22.105558    3.289952    1.000000    0.917230    7.247825
Iteration: 105 bestvalit: 0.003204 bestmemit:   20.395846   14.028418    1.000000    1.158420    0.731084
Iteration: 106 bestvalit: 0.003204 bestmemit:   20.395846   14.028418    1.000000    1.158420    0.731084
Iteration: 107 bestvalit: 0.003204 bestmemit:   20.395846   14.028418    1.000000    1.158420    0.731084
Iteration: 108 bestvalit: 0.003204 bestmemit:   20.395846   14.028418    1.000000    1.158420    0.731084
Iteration: 109 bestvalit: 0.003110 bestmemit:   35.634258    3.726358    1.000000    1.795817    2.317079
Iteration: 110 bestvalit: 0.003110 bestmemit:   35.634258    3.726358    1.000000    1.795817    2.317079
Iteration: 111 bestvalit: 0.003079 bestmemit:   26.816236    1.242573    1.000000    1.472184    2.738943
Iteration: 112 bestvalit: 0.003068 bestmemit:   29.875305    6.915036    1.000000    1.595188    2.664995
Iteration: 113 bestvalit: 0.003068 bestmemit:   29.875305    6.915036    1.000000    1.595188    2.664995
Iteration: 114 bestvalit: 0.003017 bestmemit:   24.855895    7.236017    1.000000    1.321315    2.428180
Iteration: 115 bestvalit: 0.003017 bestmemit:   24.855895    7.236017    1.000000    1.321315    2.428180
Iteration: 116 bestvalit: 0.003017 bestmemit:   24.855895    7.236017    1.000000    1.321315    2.428180
Iteration: 117 bestvalit: 0.003017 bestmemit:   24.855895    7.236017    1.000000    1.321315    2.428180
Iteration: 118 bestvalit: 0.003017 bestmemit:   24.855895    7.236017    1.000000    1.321315    2.428180
Iteration: 119 bestvalit: 0.003017 bestmemit:   24.855895    7.236017    1.000000    1.321315    2.428180
Iteration: 120 bestvalit: 0.002993 bestmemit:   24.855895    7.236017    1.000000    1.242463    2.428180
Iteration: 121 bestvalit: 0.002993 bestmemit:   24.855895    7.236017    1.000000    1.242463    2.428180
Iteration: 122 bestvalit: 0.002993 bestmemit:   24.855895    7.236017    1.000000    1.242463    2.428180
Iteration: 123 bestvalit: 0.002993 bestmemit:   24.855895    7.236017    1.000000    1.242463    2.428180
Iteration: 124 bestvalit: 0.002992 bestmemit:   24.851568    5.220088    1.000000    1.016649    2.855347
Iteration: 125 bestvalit: 0.002992 bestmemit:   24.851568    5.220088    1.000000    1.016649    2.855347
Iteration: 126 bestvalit: 0.002992 bestmemit:   24.851568    5.220088    1.000000    1.016649    2.855347
Iteration: 127 bestvalit: 0.002992 bestmemit:   24.851568    5.220088    1.000000    1.016649    2.855347
Iteration: 128 bestvalit: 0.002979 bestmemit:   22.713311    4.589287    1.000000    0.890790    2.386837
Iteration: 129 bestvalit: 0.002979 bestmemit:   22.713311    4.589287    1.000000    0.890790    2.386837
Iteration: 130 bestvalit: 0.002979 bestmemit:   22.713311    4.589287    1.000000    0.890790    2.386837
Iteration: 131 bestvalit: 0.002974 bestmemit:   22.163550    7.480651    1.000000    1.008921    2.930722
Iteration: 132 bestvalit: 0.002974 bestmemit:   22.163550    7.480651    1.000000    1.008921    2.930722
Iteration: 133 bestvalit: 0.002973 bestmemit:   22.163550    7.480651    1.000000    0.992127    2.930722
Iteration: 134 bestvalit: 0.002965 bestmemit:   23.810361    6.253006    1.000000    0.999310    2.395214
Iteration: 135 bestvalit: 0.002963 bestmemit:   22.713311    6.855614    1.000000    0.890790    2.386837
Iteration: 136 bestvalit: 0.002963 bestmemit:   22.713311    6.855614    1.000000    0.890790    2.386837
Iteration: 137 bestvalit: 0.002963 bestmemit:   22.713311    6.855614    1.000000    0.890790    2.386837
Iteration: 138 bestvalit: 0.002963 bestmemit:   22.713311    6.855614    1.000000    0.890790    2.386837
Iteration: 139 bestvalit: 0.002963 bestmemit:   22.713311    6.855614    1.000000    0.890790    2.386837
Iteration: 140 bestvalit: 0.002963 bestmemit:   22.713311    6.855614    1.000000    0.890790    2.386837
Iteration: 141 bestvalit: 0.002963 bestmemit:   22.713311    6.855614    1.000000    0.890790    2.386837
Iteration: 142 bestvalit: 0.002963 bestmemit:   22.713311    6.855614    1.000000    0.890790    2.386837
Iteration: 143 bestvalit: 0.002963 bestmemit:   22.419891    6.962319    1.000000    0.832574    2.219401
Iteration: 144 bestvalit: 0.002962 bestmemit:   23.229932    7.025650    1.000000    0.960353    1.913664
Iteration: 145 bestvalit: 0.002962 bestmemit:   23.229932    7.025650    1.000000    0.960353    1.913664
Iteration: 146 bestvalit: 0.002962 bestmemit:   23.229932    7.025650    1.000000    0.960353    1.913664
Iteration: 147 bestvalit: 0.002962 bestmemit:   20.719444    6.801805    1.000000    0.714030    2.324540
Iteration: 148 bestvalit: 0.002962 bestmemit:   20.719444    6.801805    1.000000    0.714030    2.324540
Iteration: 149 bestvalit: 0.002962 bestmemit:   20.719444    6.801805    1.000000    0.714030    2.324540
Iteration: 150 bestvalit: 0.002962 bestmemit:   22.713311    6.108954    1.000000    0.890790    1.882104
Iteration: 151 bestvalit: 0.002962 bestmemit:   22.713311    6.108954    1.000000    0.890790    1.882104
Iteration: 152 bestvalit: 0.002962 bestmemit:   22.713311    6.108954    1.000000    0.890790    1.882104
Iteration: 153 bestvalit: 0.002959 bestmemit:   20.011172    8.981236    1.000000    0.680658    1.466470
Iteration: 154 bestvalit: 0.002957 bestmemit:   22.419891    6.962319    1.000000    0.910841    2.219401
Iteration: 155 bestvalit: 0.002955 bestmemit:   18.912664    9.303128    1.000000    0.585159    1.669805
Iteration: 156 bestvalit: 0.002955 bestmemit:   18.912664    9.303128    1.000000    0.585159    1.669805
Iteration: 157 bestvalit: 0.002954 bestmemit:   18.912664    9.303128    1.000000    0.619315    1.890530
Iteration: 158 bestvalit: 0.002954 bestmemit:   18.912664    9.303128    1.000000    0.619315    1.890530
Iteration: 159 bestvalit: 0.002954 bestmemit:   18.912664    9.303128    1.000000    0.619315    1.890530
Iteration: 160 bestvalit: 0.002954 bestmemit:   18.912664    9.303128    1.000000    0.619315    1.890530
Iteration: 161 bestvalit: 0.002954 bestmemit:   18.912664    9.303128    1.000000    0.619315    1.890530
Iteration: 162 bestvalit: 0.002954 bestmemit:   18.912664    9.303128    1.000000    0.619315    1.890530
Iteration: 163 bestvalit: 0.002954 bestmemit:   18.912664    9.303128    1.000000    0.619315    1.890530
Iteration: 164 bestvalit: 0.002954 bestmemit:   18.912664    9.303128    1.000000    0.619315    1.890530
Iteration: 165 bestvalit: 0.002954 bestmemit:   18.912664    9.303128    1.000000    0.619315    1.890530
Iteration: 166 bestvalit: 0.002954 bestmemit:   18.912664    9.303128    1.000000    0.619315    1.890530
Iteration: 167 bestvalit: 0.002954 bestmemit:   18.912664    9.303128    1.000000    0.619315    1.890530
Iteration: 168 bestvalit: 0.002954 bestmemit:   18.912664    9.303128    1.000000    0.619315    1.890530
Iteration: 169 bestvalit: 0.002954 bestmemit:   18.912664    9.303128    1.000000    0.619315    1.890530
Iteration: 170 bestvalit: 0.002954 bestmemit:   18.912664    9.303128    1.000000    0.619315    1.890530
Iteration: 171 bestvalit: 0.002954 bestmemit:   18.912664    9.303128    1.000000    0.619315    1.890530
Iteration: 172 bestvalit: 0.002954 bestmemit:   18.912664    9.303128    1.000000    0.619315    1.890530
Iteration: 173 bestvalit: 0.002954 bestmemit:   18.912664    9.303128    1.000000    0.619315    1.890530
Iteration: 174 bestvalit: 0.002954 bestmemit:   18.912664    9.303128    1.000000    0.619315    1.890530
Iteration: 175 bestvalit: 0.002954 bestmemit:   18.912664    9.303128    1.000000    0.619315    1.890530
Iteration: 176 bestvalit: 0.002954 bestmemit:   18.912664    9.303128    1.000000    0.619315    1.890530
Iteration: 177 bestvalit: 0.002954 bestmemit:   18.912664    9.303128    1.000000    0.619315    1.890530
Iteration: 178 bestvalit: 0.002954 bestmemit:   18.912664    9.303128    1.000000    0.619315    1.890530
Iteration: 179 bestvalit: 0.002954 bestmemit:   18.912664    9.303128    1.000000    0.619315    1.890530
Iteration: 180 bestvalit: 0.002954 bestmemit:   18.912664    9.303128    1.000000    0.619315    1.890530
Iteration: 181 bestvalit: 0.002954 bestmemit:   18.912664    9.303128    1.000000    0.619315    1.890530
Iteration: 182 bestvalit: 0.002954 bestmemit:   18.912664    9.303128    1.000000    0.619315    1.890530
Iteration: 183 bestvalit: 0.002953 bestmemit:   20.482459    7.986313    1.000000    0.741435    1.880470
Iteration: 184 bestvalit: 0.002953 bestmemit:   20.482459    7.986313    1.000000    0.741435    1.880470
Iteration: 185 bestvalit: 0.002953 bestmemit:   20.482459    7.986313    1.000000    0.741435    1.880470
Iteration: 186 bestvalit: 0.002953 bestmemit:   20.482459    7.986313    1.000000    0.741435    1.880470
Iteration: 187 bestvalit: 0.002953 bestmemit:   20.482459    7.986313    1.000000    0.741435    1.880470
Iteration: 188 bestvalit: 0.002953 bestmemit:   20.482459    7.986313    1.000000    0.741435    1.880470
Iteration: 189 bestvalit: 0.002953 bestmemit:   20.482459    7.986313    1.000000    0.741435    1.880470
Iteration: 190 bestvalit: 0.002953 bestmemit:   20.482459    7.986313    1.000000    0.741435    1.880470
Iteration: 191 bestvalit: 0.002953 bestmemit:   20.220801    8.052704    1.000000    0.710758    1.921855
Iteration: 192 bestvalit: 0.002953 bestmemit:   20.220801    8.052704    1.000000    0.710758    1.921855
Iteration: 193 bestvalit: 0.002953 bestmemit:   20.220801    8.052704    1.000000    0.710758    1.921855
Iteration: 194 bestvalit: 0.002953 bestmemit:   20.220801    8.052704    1.000000    0.710758    1.921855
Iteration: 195 bestvalit: 0.002953 bestmemit:   20.220801    8.052704    1.000000    0.710758    1.921855
Iteration: 196 bestvalit: 0.002953 bestmemit:   20.220801    8.052704    1.000000    0.710758    1.921855
Iteration: 197 bestvalit: 0.002953 bestmemit:   20.220801    8.052704    1.000000    0.710758    1.921855
Iteration: 198 bestvalit: 0.002953 bestmemit:   20.220801    8.052704    1.000000    0.710758    1.921855
Iteration: 199 bestvalit: 0.002953 bestmemit:   20.220801    8.052704    1.000000    0.710758    1.921855
Iteration: 200 bestvalit: 0.002953 bestmemit:   20.220801    8.052704    1.000000    0.710758    1.921855
Iteration: 201 bestvalit: 0.002953 bestmemit:   20.220801    8.052704    1.000000    0.710758    1.921855
Iteration: 202 bestvalit: 0.002953 bestmemit:   20.220801    8.052704    1.000000    0.710758    1.921855
Iteration: 203 bestvalit: 0.002953 bestmemit:   20.220801    8.052704    1.000000    0.710758    1.921855
Iteration: 204 bestvalit: 0.002953 bestmemit:   20.220801    8.052704    1.000000    0.710758    1.921855
Iteration: 205 bestvalit: 0.002953 bestmemit:   20.220801    8.052704    1.000000    0.710758    1.921855
Iteration: 206 bestvalit: 0.002953 bestmemit:   20.220801    8.052704    1.000000    0.710758    1.921855
Iteration: 207 bestvalit: 0.002953 bestmemit:   20.220801    8.052704    1.000000    0.710758    1.921855
Iteration: 208 bestvalit: 0.002953 bestmemit:   20.220801    8.052704    1.000000    0.710758    1.921855
Iteration: 209 bestvalit: 0.002953 bestmemit:   20.220801    8.052704    1.000000    0.710758    1.921855
Iteration: 210 bestvalit: 0.002953 bestmemit:   19.884138    8.323707    1.000000    0.677261    1.887755
Iteration: 211 bestvalit: 0.002953 bestmemit:   19.884138    8.323707    1.000000    0.677261    1.887755
Iteration: 212 bestvalit: 0.002953 bestmemit:   19.884138    8.323707    1.000000    0.677261    1.887755
Iteration: 213 bestvalit: 0.002953 bestmemit:   20.150905    8.231519    1.000000    0.711232    1.985332
Iteration: 214 bestvalit: 0.002953 bestmemit:   20.150905    8.231519    1.000000    0.711232    1.985332
Iteration: 215 bestvalit: 0.002953 bestmemit:   20.150905    8.231519    1.000000    0.711232    1.985332
Iteration: 216 bestvalit: 0.002953 bestmemit:   20.150905    8.231519    1.000000    0.711232    1.985332
Iteration: 217 bestvalit: 0.002953 bestmemit:   20.150905    8.231519    1.000000    0.711232    1.985332
Iteration: 218 bestvalit: 0.002953 bestmemit:   20.150905    8.231519    1.000000    0.711232    1.985332
Iteration: 219 bestvalit: 0.002953 bestmemit:   20.082051    8.168002    1.000000    0.695941    1.936572
Iteration: 220 bestvalit: 0.002953 bestmemit:   20.082051    8.168002    1.000000    0.695941    1.936572
Iteration: 221 bestvalit: 0.002953 bestmemit:   20.082051    8.168002    1.000000    0.695941    1.936572
Iteration: 222 bestvalit: 0.002953 bestmemit:   20.082051    8.168002    1.000000    0.695941    1.936572
Iteration: 223 bestvalit: 0.002953 bestmemit:   20.082051    8.168002    1.000000    0.695941    1.936572
Iteration: 224 bestvalit: 0.002953 bestmemit:   20.082051    8.168002    1.000000    0.695941    1.936572
Iteration: 225 bestvalit: 0.002953 bestmemit:   20.082051    8.168002    1.000000    0.695941    1.936572
Iteration: 226 bestvalit: 0.002953 bestmemit:   20.082051    8.168002    1.000000    0.695941    1.936572
Iteration: 227 bestvalit: 0.002953 bestmemit:   20.082051    8.168002    1.000000    0.695941    1.936572
Iteration: 228 bestvalit: 0.002953 bestmemit:   20.082051    8.168002    1.000000    0.697117    1.936572
Iteration: 229 bestvalit: 0.002953 bestmemit:   20.082051    8.168002    1.000000    0.697117    1.936572
Iteration: 230 bestvalit: 0.002953 bestmemit:   20.082051    8.168002    1.000000    0.697117    1.936572
Iteration: 231 bestvalit: 0.002953 bestmemit:   20.087323    8.175877    1.000000    0.698258    1.964400
Iteration: 232 bestvalit: 0.002953 bestmemit:   20.087323    8.175877    1.000000    0.698258    1.964400
Iteration: 233 bestvalit: 0.002953 bestmemit:   20.087323    8.175877    1.000000    0.698258    1.964400
Iteration: 234 bestvalit: 0.002953 bestmemit:   20.087323    8.175877    1.000000    0.698258    1.964400
Iteration: 235 bestvalit: 0.002953 bestmemit:   20.087323    8.175877    1.000000    0.698258    1.964400
Iteration: 236 bestvalit: 0.002953 bestmemit:   20.087323    8.175877    1.000000    0.698258    1.964400
Iteration: 237 bestvalit: 0.002953 bestmemit:   20.087323    8.175877    1.000000    0.698258    1.964400
Iteration: 238 bestvalit: 0.002953 bestmemit:   20.087323    8.175877    1.000000    0.698258    1.964400
Iteration: 239 bestvalit: 0.002953 bestmemit:   20.087323    8.175877    1.000000    0.698258    1.964400
Iteration: 240 bestvalit: 0.002953 bestmemit:   20.087323    8.175877    1.000000    0.698258    1.964400
Iteration: 241 bestvalit: 0.002953 bestmemit:   20.087323    8.175877    1.000000    0.698258    1.964400
Iteration: 242 bestvalit: 0.002953 bestmemit:   20.087323    8.175877    1.000000    0.698258    1.964400
Iteration: 243 bestvalit: 0.002953 bestmemit:   20.087323    8.175877    1.000000    0.698258    1.964400
Iteration: 244 bestvalit: 0.002953 bestmemit:   20.087323    8.175877    1.000000    0.698258    1.964400
Iteration: 245 bestvalit: 0.002953 bestmemit:   20.036721    8.222012    1.000000    0.698546    1.957328
Iteration: 246 bestvalit: 0.002953 bestmemit:   20.036721    8.222012    1.000000    0.698546    1.957328
Iteration: 247 bestvalit: 0.002953 bestmemit:   20.036721    8.222012    1.000000    0.698546    1.957328
Iteration: 248 bestvalit: 0.002953 bestmemit:   20.036721    8.222012    1.000000    0.698546    1.957328
Iteration: 249 bestvalit: 0.002953 bestmemit:   20.036721    8.222012    1.000000    0.698546    1.957328
Iteration: 250 bestvalit: 0.002953 bestmemit:   20.036721    8.222012    1.000000    0.698546    1.957328
Iteration: 251 bestvalit: 0.002953 bestmemit:   20.036721    8.222012    1.000000    0.698546    1.957328
Iteration: 252 bestvalit: 0.002953 bestmemit:   20.036721    8.222012    1.000000    0.698546    1.957328
Iteration: 253 bestvalit: 0.002953 bestmemit:   20.036721    8.222012    1.000000    0.698546    1.957328
Iteration: 254 bestvalit: 0.002953 bestmemit:   20.009891    8.259646    1.000000    0.693039    1.939112
Iteration: 255 bestvalit: 0.002953 bestmemit:   20.009891    8.259646    1.000000    0.693039    1.939112
Iteration: 256 bestvalit: 0.002953 bestmemit:   20.009891    8.259646    1.000000    0.693039    1.939112
Iteration: 257 bestvalit: 0.002953 bestmemit:   20.009891    8.259646    1.000000    0.693039    1.939112
Iteration: 258 bestvalit: 0.002953 bestmemit:   20.009891    8.259646    1.000000    0.693039    1.939112
Iteration: 259 bestvalit: 0.002953 bestmemit:   20.009891    8.259646    1.000000    0.693039    1.939112
Iteration: 260 bestvalit: 0.002953 bestmemit:   20.009891    8.259646    1.000000    0.693039    1.939112
Iteration: 261 bestvalit: 0.002953 bestmemit:   20.009891    8.259646    1.000000    0.693039    1.939112
Iteration: 262 bestvalit: 0.002953 bestmemit:   20.009891    8.259646    1.000000    0.693039    1.939112
Iteration: 263 bestvalit: 0.002953 bestmemit:   19.997087    8.263363    1.000000    0.693039    1.939112
Iteration: 264 bestvalit: 0.002953 bestmemit:   19.997087    8.263363    1.000000    0.693039    1.939112
Iteration: 265 bestvalit: 0.002953 bestmemit:   19.997087    8.263363    1.000000    0.693039    1.939112
Iteration: 266 bestvalit: 0.002953 bestmemit:   19.998947    8.278747    1.000000    0.694351    1.946092
Iteration: 267 bestvalit: 0.002953 bestmemit:   19.998947    8.278747    1.000000    0.694351    1.946092
Iteration: 268 bestvalit: 0.002953 bestmemit:   19.998947    8.278747    1.000000    0.694351    1.946092
Iteration: 269 bestvalit: 0.002953 bestmemit:   19.998947    8.278747    1.000000    0.694351    1.946092
Iteration: 270 bestvalit: 0.002953 bestmemit:   19.998947    8.278747    1.000000    0.694351    1.946092
Iteration: 271 bestvalit: 0.002953 bestmemit:   19.998947    8.278747    1.000000    0.694351    1.946092
Iteration: 272 bestvalit: 0.002953 bestmemit:   19.997087    8.263363    1.000000    0.693039    1.942960
Iteration: 273 bestvalit: 0.002953 bestmemit:   19.997087    8.263363    1.000000    0.693039    1.942960
Iteration: 274 bestvalit: 0.002953 bestmemit:   19.997087    8.263363    1.000000    0.693039    1.942960
Iteration: 275 bestvalit: 0.002953 bestmemit:   19.997087    8.263363    1.000000    0.693039    1.942960
Iteration: 276 bestvalit: 0.002953 bestmemit:   19.988746    8.276069    1.000000    0.693100    1.950372
Iteration: 277 bestvalit: 0.002953 bestmemit:   19.988746    8.276069    1.000000    0.693100    1.950372
Iteration: 278 bestvalit: 0.002953 bestmemit:   19.988746    8.276069    1.000000    0.693100    1.950372
Iteration: 279 bestvalit: 0.002953 bestmemit:   19.988746    8.276069    1.000000    0.693100    1.950372
Iteration: 280 bestvalit: 0.002953 bestmemit:   19.988746    8.276069    1.000000    0.693100    1.950372
Iteration: 281 bestvalit: 0.002953 bestmemit:   19.988746    8.276069    1.000000    0.693100    1.950372
Iteration: 282 bestvalit: 0.002953 bestmemit:   19.988746    8.276069    1.000000    0.693100    1.950372
Iteration: 283 bestvalit: 0.002953 bestmemit:   19.988746    8.276069    1.000000    0.693100    1.950372
Iteration: 284 bestvalit: 0.002953 bestmemit:   19.988746    8.276069    1.000000    0.693100    1.950372
Iteration: 285 bestvalit: 0.002953 bestmemit:   19.988746    8.276069    1.000000    0.693100    1.950372
Iteration: 286 bestvalit: 0.002953 bestmemit:   19.988746    8.276069    1.000000    0.693100    1.950372
Iteration: 287 bestvalit: 0.002953 bestmemit:   19.988746    8.276069    1.000000    0.693100    1.950372
Iteration: 288 bestvalit: 0.002953 bestmemit:   19.988746    8.276069    1.000000    0.693100    1.950372
Iteration: 289 bestvalit: 0.002953 bestmemit:   19.988746    8.276069    1.000000    0.693100    1.950372
Iteration: 290 bestvalit: 0.002953 bestmemit:   19.988746    8.276069    1.000000    0.693100    1.950372
Iteration: 291 bestvalit: 0.002953 bestmemit:   19.988746    8.276069    1.000000    0.693100    1.950372
Iteration: 292 bestvalit: 0.002953 bestmemit:   19.988746    8.276069    1.000000    0.693100    1.950372
Iteration: 293 bestvalit: 0.002953 bestmemit:   19.988746    8.276069    1.000000    0.693100    1.950372
Iteration: 294 bestvalit: 0.002953 bestmemit:   19.988746    8.276069    1.000000    0.693100    1.950372
Iteration: 295 bestvalit: 0.002953 bestmemit:   19.988746    8.276069    1.000000    0.693100    1.950372
Iteration: 296 bestvalit: 0.002953 bestmemit:   19.988746    8.276069    1.000000    0.693100    1.950372
Iteration: 297 bestvalit: 0.002953 bestmemit:   19.988746    8.276069    1.000000    0.693100    1.950372
Iteration: 298 bestvalit: 0.002953 bestmemit:   19.988746    8.276069    1.000000    0.693100    1.950372
Iteration: 299 bestvalit: 0.002953 bestmemit:   19.988746    8.276069    1.000000    0.693100    1.950372
Iteration: 300 bestvalit: 0.002953 bestmemit:   19.988746    8.276069    1.000000    0.693100    1.950372
Iteration: 301 bestvalit: 0.002953 bestmemit:   19.988746    8.276069    1.000000    0.693100    1.950372
Iteration: 302 bestvalit: 0.002953 bestmemit:   19.988746    8.276069    1.000000    0.693100    1.950372
Iteration: 303 bestvalit: 0.002953 bestmemit:   19.995528    8.257600    1.000000    0.694008    1.955253
Iteration: 304 bestvalit: 0.002953 bestmemit:   20.013143    8.248079    1.000000    0.695040    1.953002
Iteration: 305 bestvalit: 0.002953 bestmemit:   20.013143    8.248079    1.000000    0.695040    1.953002
Iteration: 306 bestvalit: 0.002953 bestmemit:   20.013143    8.248079    1.000000    0.695040    1.953002
Iteration: 307 bestvalit: 0.002953 bestmemit:   19.995528    8.263233    1.000000    0.694008    1.955253
Iteration: 308 bestvalit: 0.002953 bestmemit:   20.004573    8.264132    1.000000    0.694818    1.954649
Iteration: 309 bestvalit: 0.002953 bestmemit:   20.004573    8.264132    1.000000    0.694818    1.954649
Iteration: 310 bestvalit: 0.002953 bestmemit:   20.004573    8.264132    1.000000    0.694818    1.954649
Iteration: 311 bestvalit: 0.002953 bestmemit:   20.004573    8.264132    1.000000    0.694818    1.954649
Iteration: 312 bestvalit: 0.002953 bestmemit:   20.004573    8.264132    1.000000    0.694818    1.954649
Iteration: 313 bestvalit: 0.002953 bestmemit:   20.004573    8.264132    1.000000    0.694818    1.954649
Iteration: 314 bestvalit: 0.002953 bestmemit:   20.004573    8.264132    1.000000    0.694818    1.954649
Iteration: 315 bestvalit: 0.002953 bestmemit:   20.004573    8.264132    1.000000    0.694818    1.954649
Iteration: 316 bestvalit: 0.002953 bestmemit:   19.990778    8.266308    1.000000    0.693716    1.952900
Iteration: 317 bestvalit: 0.002953 bestmemit:   19.990778    8.270260    1.000000    0.693716    1.952900
Iteration: 318 bestvalit: 0.002953 bestmemit:   19.990778    8.270260    1.000000    0.693716    1.952900
Iteration: 319 bestvalit: 0.002953 bestmemit:   19.990778    8.270260    1.000000    0.693716    1.952900
Iteration: 320 bestvalit: 0.002953 bestmemit:   19.990778    8.269549    1.000000    0.693716    1.952900
Iteration: 321 bestvalit: 0.002953 bestmemit:   19.990778    8.269549    1.000000    0.693716    1.952900
Iteration: 322 bestvalit: 0.002953 bestmemit:   19.990778    8.269549    1.000000    0.693716    1.952900
Iteration: 323 bestvalit: 0.002953 bestmemit:   19.990778    8.269549    1.000000    0.693716    1.952900
Iteration: 324 bestvalit: 0.002953 bestmemit:   19.990778    8.269549    1.000000    0.693716    1.952900
Iteration: 325 bestvalit: 0.002953 bestmemit:   19.990778    8.269549    1.000000    0.693716    1.952900
Iteration: 326 bestvalit: 0.002953 bestmemit:   19.990778    8.269549    1.000000    0.693716    1.952900
Iteration: 327 bestvalit: 0.002953 bestmemit:   19.990778    8.269549    1.000000    0.693716    1.952900
Iteration: 328 bestvalit: 0.002953 bestmemit:   19.990778    8.269549    1.000000    0.693716    1.952900
Iteration: 329 bestvalit: 0.002953 bestmemit:   19.990778    8.269549    1.000000    0.693716    1.952900
Iteration: 330 bestvalit: 0.002953 bestmemit:   19.990778    8.269549    1.000000    0.693716    1.952900
Iteration: 331 bestvalit: 0.002953 bestmemit:   19.990778    8.269549    1.000000    0.693716    1.952900
Iteration: 332 bestvalit: 0.002953 bestmemit:   20.001321    8.263289    1.000000    0.694374    1.953834
Iteration: 333 bestvalit: 0.002953 bestmemit:   20.001321    8.263289    1.000000    0.694374    1.953834
Iteration: 334 bestvalit: 0.002953 bestmemit:   20.004573    8.261624    1.000000    0.694818    1.954497
Iteration: 335 bestvalit: 0.002953 bestmemit:   20.004573    8.261624    1.000000    0.694818    1.954497
Iteration: 336 bestvalit: 0.002953 bestmemit:   20.004573    8.261624    1.000000    0.694818    1.954497
Iteration: 337 bestvalit: 0.002953 bestmemit:   20.004573    8.261624    1.000000    0.694818    1.954497
Iteration: 338 bestvalit: 0.002953 bestmemit:   20.004573    8.261624    1.000000    0.694818    1.954497
Iteration: 339 bestvalit: 0.002953 bestmemit:   20.005525    8.262533    1.000000    0.694793    1.952583
Iteration: 340 bestvalit: 0.002953 bestmemit:   20.004760    8.261265    1.000000    0.694738    1.952061
Iteration: 341 bestvalit: 0.002953 bestmemit:   20.004760    8.261265    1.000000    0.694738    1.952061
Iteration: 342 bestvalit: 0.002953 bestmemit:   20.003817    8.260139    1.000000    0.694557    1.953045
Iteration: 343 bestvalit: 0.002953 bestmemit:   20.000770    8.264425    1.000000    0.694529    1.953065
Iteration: 344 bestvalit: 0.002953 bestmemit:   20.000770    8.264425    1.000000    0.694529    1.953065
Iteration: 345 bestvalit: 0.002953 bestmemit:   20.000770    8.263517    1.000000    0.694529    1.953065
Iteration: 346 bestvalit: 0.002953 bestmemit:   20.000770    8.263517    1.000000    0.694529    1.953065
Iteration: 347 bestvalit: 0.002953 bestmemit:   20.000770    8.263517    1.000000    0.694529    1.953065
Iteration: 348 bestvalit: 0.002953 bestmemit:   20.000770    8.263517    1.000000    0.694529    1.953065
Iteration: 349 bestvalit: 0.002953 bestmemit:   20.000770    8.263517    1.000000    0.694529    1.953065
Iteration: 350 bestvalit: 0.002953 bestmemit:   20.000770    8.263517    1.000000    0.694529    1.953065
Iteration: 351 bestvalit: 0.002953 bestmemit:   20.000770    8.263517    1.000000    0.694529    1.953065
Iteration: 352 bestvalit: 0.002953 bestmemit:   20.000770    8.263517    1.000000    0.694529    1.953065
Iteration: 353 bestvalit: 0.002953 bestmemit:   20.000770    8.263517    1.000000    0.694529    1.953065
Iteration: 354 bestvalit: 0.002953 bestmemit:   20.000770    8.263517    1.000000    0.694529    1.953065
Iteration: 355 bestvalit: 0.002953 bestmemit:   20.000770    8.263517    1.000000    0.694529    1.953065
Iteration: 356 bestvalit: 0.002953 bestmemit:   20.000770    8.263517    1.000000    0.694529    1.953065
Iteration: 357 bestvalit: 0.002953 bestmemit:   20.000770    8.263517    1.000000    0.694529    1.953065
Iteration: 358 bestvalit: 0.002953 bestmemit:   20.000770    8.263517    1.000000    0.694529    1.953065
Iteration: 359 bestvalit: 0.002953 bestmemit:   20.000770    8.263517    1.000000    0.694529    1.953065
Iteration: 360 bestvalit: 0.002953 bestmemit:   20.000770    8.263517    1.000000    0.694529    1.953065
Iteration: 361 bestvalit: 0.002953 bestmemit:   20.000770    8.263517    1.000000    0.694529    1.953065
Iteration: 362 bestvalit: 0.002953 bestmemit:   20.000770    8.263517    1.000000    0.694529    1.953065
Iteration: 363 bestvalit: 0.002953 bestmemit:   20.000770    8.263517    1.000000    0.694529    1.953065
Iteration: 364 bestvalit: 0.002953 bestmemit:   20.000770    8.263517    1.000000    0.694529    1.953065
Iteration: 365 bestvalit: 0.002953 bestmemit:   20.000770    8.263517    1.000000    0.694529    1.953065
Iteration: 366 bestvalit: 0.002953 bestmemit:   20.001313    8.263232    1.000000    0.694566    1.953012
Iteration: 367 bestvalit: 0.002953 bestmemit:   20.001313    8.263232    1.000000    0.694566    1.953012
Iteration: 368 bestvalit: 0.002953 bestmemit:   20.001313    8.263232    1.000000    0.694566    1.953012
Iteration: 369 bestvalit: 0.002953 bestmemit:   20.001313    8.263232    1.000000    0.694566    1.953012
Iteration: 370 bestvalit: 0.002953 bestmemit:   20.001313    8.263232    1.000000    0.694566    1.953012
Iteration: 371 bestvalit: 0.002953 bestmemit:   20.001313    8.263232    1.000000    0.694566    1.953012
Iteration: 372 bestvalit: 0.002953 bestmemit:   20.001313    8.263232    1.000000    0.694566    1.953012
Iteration: 373 bestvalit: 0.002953 bestmemit:   20.001313    8.263232    1.000000    0.694566    1.953012
Iteration: 374 bestvalit: 0.002953 bestmemit:   20.001573    8.262792    1.000000    0.694575    1.953018
Iteration: 375 bestvalit: 0.002953 bestmemit:   20.001573    8.262792    1.000000    0.694575    1.953018
Iteration: 376 bestvalit: 0.002953 bestmemit:   20.001573    8.262792    1.000000    0.694575    1.953018
Iteration: 377 bestvalit: 0.002953 bestmemit:   20.001573    8.262792    1.000000    0.694575    1.953018
Iteration: 378 bestvalit: 0.002953 bestmemit:   20.001573    8.262792    1.000000    0.694575    1.953018
Iteration: 379 bestvalit: 0.002953 bestmemit:   20.001573    8.262792    1.000000    0.694575    1.953018

***** summary of DEoptim object ***** 
best member   :  20.00157 8.26279 1 0.69457 1.95302 
best value    :  0.00295 
after         :  379 generations 
fn evaluated  :  760 times 
*************************************
