SLURM_JOB_ID: 55403057
SLURM_JOB_USER: vsc34066
SLURM_JOB_ACCOUNT: lp_desenderlab
SLURM_JOB_NAME: par_recov_alternating_fb_sim_alpha_learn.slurm
SLURM_CLUSTER_NAME: genius
SLURM_JOB_PARTITION: batch
SLURM_ARRAY_JOB_ID: 55402977
SLURM_ARRAY_TASK_ID: 80
SLURM_NNODES: 1
SLURM_NODELIST: r23i27n13
SLURM_JOB_CPUS_PER_NODE: 8
Date: Sun Dec  3 23:44:17 CET 2023
Walltime: 01-06:00:00
========================================================================
Iteration: 1 bestvalit: 0.059121 bestmemit:   10.272633  -56.005409    1.000000 3378.249009  289.162970
Iteration: 2 bestvalit: 0.042994 bestmemit:   10.393131   -3.173954    1.000000 1412.158469  109.399841
Iteration: 3 bestvalit: 0.042994 bestmemit:   10.393131   -3.173954    1.000000 1412.158469  109.399841
Iteration: 4 bestvalit: 0.042994 bestmemit:   10.393131   -3.173954    1.000000 1412.158469  109.399841
Iteration: 5 bestvalit: 0.042988 bestmemit:   30.066091   -3.173954    1.000000 1412.158469  109.399841
Iteration: 6 bestvalit: 0.042988 bestmemit:   30.066091   -3.173954    1.000000 1412.158469  109.399841
Iteration: 7 bestvalit: 0.042988 bestmemit:   30.066091   -3.173954    1.000000 1412.158469  109.399841
Iteration: 8 bestvalit: 0.042988 bestmemit:   30.066091   -3.173954    1.000000 1412.158469  109.399841
Iteration: 9 bestvalit: 0.042988 bestmemit:   30.066091   -3.173954    1.000000 1412.158469  109.399841
Iteration: 10 bestvalit: 0.042988 bestmemit:   30.066091   -3.173954    1.000000 1412.158469  109.399841
Iteration: 11 bestvalit: 0.042988 bestmemit:   30.066091   -3.173954    1.000000 1412.158469  109.399841
Iteration: 12 bestvalit: 0.042831 bestmemit:   30.066091   12.983300    1.000000 1412.158469  109.399841
Iteration: 13 bestvalit: 0.040215 bestmemit:   29.283687   26.892430    1.000000 1321.098197   40.527677
Iteration: 14 bestvalit: 0.032019 bestmemit:   22.562112   39.407074    1.000000  171.183279  432.330987
Iteration: 15 bestvalit: 0.032019 bestmemit:   22.562112   39.407074    1.000000  171.183279  432.330987
Iteration: 16 bestvalit: 0.032001 bestmemit:    8.440236   39.407074    1.000000  171.183279  432.330987
Iteration: 17 bestvalit: 0.030851 bestmemit:   30.066091   12.983300    1.000000  273.778953  109.399841
Iteration: 18 bestvalit: 0.030851 bestmemit:   30.066091   14.951888    1.000000  273.778953  109.399841
Iteration: 19 bestvalit: 0.027905 bestmemit:   10.020794   64.731748    1.000000  255.051188   29.243986
Iteration: 20 bestvalit: 0.020888 bestmemit:   34.826162   -9.548311    1.000000  110.737595  118.398261
Iteration: 21 bestvalit: 0.015735 bestmemit:   11.129489   53.953080    1.000000    0.104993  544.367499
Iteration: 22 bestvalit: 0.009604 bestmemit:   49.892854   82.123662    1.000000    0.104993  544.367499
Iteration: 23 bestvalit: 0.009604 bestmemit:   49.892854   82.123662    1.000000    0.104993  544.367499
Iteration: 24 bestvalit: 0.009604 bestmemit:   49.892854   82.123662    1.000000    0.104993  544.367499
Iteration: 25 bestvalit: 0.009604 bestmemit:   49.892854   82.123662    1.000000    0.104993  544.367499
Iteration: 26 bestvalit: 0.009604 bestmemit:   49.892854   82.123662    1.000000    0.104993  544.367499
Iteration: 27 bestvalit: 0.008035 bestmemit:   47.535349   82.123662    1.000000    0.104993  307.970157
Iteration: 28 bestvalit: 0.008035 bestmemit:   47.535349   82.123662    1.000000    0.104993  307.970157
Iteration: 29 bestvalit: 0.008035 bestmemit:   47.535349   82.123662    1.000000    0.104993  307.970157
Iteration: 30 bestvalit: 0.008035 bestmemit:   47.535349   82.123662    1.000000    0.104993  307.970157
Iteration: 31 bestvalit: 0.008035 bestmemit:   47.535349   82.123662    1.000000    0.104993  307.970157
Iteration: 32 bestvalit: 0.008035 bestmemit:   47.535349   82.123662    1.000000    0.104993  307.970157
Iteration: 33 bestvalit: 0.008035 bestmemit:   47.535349   82.123662    1.000000    0.104993  307.970157
Iteration: 34 bestvalit: 0.008035 bestmemit:   47.535349   82.123662    1.000000    0.104993  307.970157
Iteration: 35 bestvalit: 0.008035 bestmemit:   47.535349   82.123662    1.000000    0.104993  307.970157
Iteration: 36 bestvalit: 0.008035 bestmemit:   47.535349   82.123662    1.000000    0.104993  307.970157
Iteration: 37 bestvalit: 0.005027 bestmemit:   48.572068   16.872071    1.000000    4.094535   15.063914
Iteration: 38 bestvalit: 0.005027 bestmemit:   48.572068   16.872071    1.000000    4.094535   15.063914
Iteration: 39 bestvalit: 0.005027 bestmemit:   48.572068   16.872071    1.000000    4.094535   15.063914
Iteration: 40 bestvalit: 0.005027 bestmemit:   48.572068   16.872071    1.000000    4.094535   15.063914
Iteration: 41 bestvalit: 0.005027 bestmemit:   48.572068   16.872071    1.000000    4.094535   15.063914
Iteration: 42 bestvalit: 0.005027 bestmemit:   48.572068   16.872071    1.000000    4.094535   15.063914
Iteration: 43 bestvalit: 0.005027 bestmemit:   48.572068   16.872071    1.000000    4.094535   15.063914
Iteration: 44 bestvalit: 0.004276 bestmemit:   47.211682   19.337114    1.000000    6.975444    5.574380
Iteration: 45 bestvalit: 0.004276 bestmemit:   47.211682   19.337114    1.000000    6.975444    5.574380
Iteration: 46 bestvalit: 0.004276 bestmemit:   47.211682   19.337114    1.000000    6.975444    5.574380
Iteration: 47 bestvalit: 0.004276 bestmemit:   47.211682   19.337114    1.000000    6.975444    5.574380
Iteration: 48 bestvalit: 0.004166 bestmemit:   47.211682   19.337114    1.000000    4.751751    5.574380
Iteration: 49 bestvalit: 0.004166 bestmemit:   47.211682   19.337114    1.000000    4.751751    5.574380
Iteration: 50 bestvalit: 0.004166 bestmemit:   47.211682   19.337114    1.000000    4.751751    5.574380
Iteration: 51 bestvalit: 0.004166 bestmemit:   47.211682   19.337114    1.000000    4.751751    5.574380
Iteration: 52 bestvalit: 0.004016 bestmemit:   35.806128   25.231272    1.000000    0.091119    3.811143
Iteration: 53 bestvalit: 0.003961 bestmemit:   39.439002   19.337114    1.000000    4.751751    5.574380
Iteration: 54 bestvalit: 0.003961 bestmemit:   39.439002   19.337114    1.000000    4.751751    5.574380
Iteration: 55 bestvalit: 0.003961 bestmemit:   39.439002   19.337114    1.000000    4.751751    5.574380
Iteration: 56 bestvalit: 0.003961 bestmemit:   39.439002   19.337114    1.000000    4.751751    5.574380
Iteration: 57 bestvalit: 0.003961 bestmemit:   39.439002   19.337114    1.000000    4.751751    5.574380
Iteration: 58 bestvalit: 0.003961 bestmemit:   39.439002   19.337114    1.000000    4.751751    5.574380
Iteration: 59 bestvalit: 0.003936 bestmemit:   24.336662   31.566678    1.000000    5.809396    4.098490
Iteration: 60 bestvalit: 0.003130 bestmemit:   33.271227   32.591870    1.000000    6.820797    1.798383
Iteration: 61 bestvalit: 0.003123 bestmemit:   33.251659   19.454421    1.000000    2.580777    2.051006
Iteration: 62 bestvalit: 0.003123 bestmemit:   33.251659   19.454421    1.000000    2.580777    2.051006
Iteration: 63 bestvalit: 0.003123 bestmemit:   33.251659   19.454421    1.000000    2.580777    2.051006
Iteration: 64 bestvalit: 0.003123 bestmemit:   33.251659   19.454421    1.000000    2.580777    2.051006
Iteration: 65 bestvalit: 0.003123 bestmemit:   33.251659   19.454421    1.000000    2.580777    2.051006
Iteration: 66 bestvalit: 0.003042 bestmemit:   33.251659   15.747619    1.000000    2.580777    2.051006
Iteration: 67 bestvalit: 0.002516 bestmemit:   29.848485   19.833698    1.000000    4.266208    1.113661
Iteration: 68 bestvalit: 0.001773 bestmemit:   10.183967   19.833698    1.000000    4.266208    1.113661
Iteration: 69 bestvalit: 0.001773 bestmemit:   10.183967   19.833698    1.000000    4.266208    1.113661
Iteration: 70 bestvalit: 0.001773 bestmemit:   10.183967   19.833698    1.000000    4.266208    1.113661
Iteration: 71 bestvalit: 0.001773 bestmemit:   10.183967   19.833698    1.000000    4.266208    1.113661
Iteration: 72 bestvalit: 0.001773 bestmemit:   10.183967   19.833698    1.000000    4.266208    1.113661
Iteration: 73 bestvalit: 0.001773 bestmemit:   10.183967   19.833698    1.000000    4.266208    1.113661
Iteration: 74 bestvalit: 0.001773 bestmemit:   10.183967   19.833698    1.000000    4.266208    1.113661
Iteration: 75 bestvalit: 0.001025 bestmemit:    4.351325   17.772547    1.000000    5.345496    0.040492
Iteration: 76 bestvalit: 0.001025 bestmemit:    4.351325   17.772547    1.000000    5.345496    0.040492
Iteration: 77 bestvalit: 0.001025 bestmemit:    4.351325   17.772547    1.000000    5.345496    0.040492
Iteration: 78 bestvalit: 0.000810 bestmemit:    4.351325   17.772547    1.000000    4.045993    0.040492
Iteration: 79 bestvalit: 0.000810 bestmemit:    4.351325   17.772547    1.000000    4.045993    0.040492
Iteration: 80 bestvalit: 0.000810 bestmemit:    4.351325   17.772547    1.000000    4.045993    0.040492
Iteration: 81 bestvalit: 0.000810 bestmemit:    4.351325   17.772547    1.000000    4.045993    0.040492
Iteration: 82 bestvalit: 0.000810 bestmemit:    4.351325   17.772547    1.000000    4.045993    0.040492
Iteration: 83 bestvalit: 0.000810 bestmemit:    4.351325   17.772547    1.000000    4.045993    0.040492
Iteration: 84 bestvalit: 0.000810 bestmemit:    4.351325   17.772547    1.000000    4.045993    0.040492
Iteration: 85 bestvalit: 0.000810 bestmemit:    4.351325   17.772547    1.000000    4.045993    0.040492
Iteration: 86 bestvalit: 0.000810 bestmemit:    4.351325   17.772547    1.000000    4.045993    0.040492
Iteration: 87 bestvalit: 0.000810 bestmemit:    4.351325   17.772547    1.000000    4.045993    0.040492
Iteration: 88 bestvalit: 0.000810 bestmemit:    4.351325   17.772547    1.000000    4.045993    0.040492
Iteration: 89 bestvalit: 0.000655 bestmemit:    0.395685   20.257747    1.000000    3.074491    0.225649
Iteration: 90 bestvalit: 0.000655 bestmemit:    0.395685   20.257747    1.000000    3.074491    0.225649
Iteration: 91 bestvalit: 0.000655 bestmemit:    0.395685   20.257747    1.000000    3.074491    0.225649
Iteration: 92 bestvalit: 0.000655 bestmemit:    0.395685   20.257747    1.000000    3.074491    0.225649
Iteration: 93 bestvalit: 0.000655 bestmemit:    0.395685   20.257747    1.000000    3.074491    0.225649
Iteration: 94 bestvalit: 0.000630 bestmemit:    2.951187   19.815378    1.000000    1.813895    0.217523
Iteration: 95 bestvalit: 0.000630 bestmemit:    2.951187   19.815378    1.000000    1.813895    0.217523
Iteration: 96 bestvalit: 0.000569 bestmemit:    1.095725   21.255460    1.000000    2.838973    0.150794
Iteration: 97 bestvalit: 0.000569 bestmemit:    1.095725   21.255460    1.000000    2.838973    0.150794
Iteration: 98 bestvalit: 0.000569 bestmemit:    1.095725   21.255460    1.000000    2.838973    0.150794
Iteration: 99 bestvalit: 0.000569 bestmemit:    1.095725   21.255460    1.000000    2.838973    0.150794
Iteration: 100 bestvalit: 0.000569 bestmemit:    1.095725   21.255460    1.000000    2.838973    0.150794
Iteration: 101 bestvalit: 0.000569 bestmemit:    1.095725   21.255460    1.000000    2.838973    0.150794
Iteration: 102 bestvalit: 0.000569 bestmemit:    1.095725   21.255460    1.000000    2.838973    0.150794
Iteration: 103 bestvalit: 0.000569 bestmemit:    1.095725   21.255460    1.000000    2.838973    0.150794
Iteration: 104 bestvalit: 0.000569 bestmemit:    1.095725   21.255460    1.000000    2.838973    0.150794
Iteration: 105 bestvalit: 0.000556 bestmemit:    0.046838   21.833561    1.000000    3.631753    0.021515
Iteration: 106 bestvalit: 0.000556 bestmemit:    0.046838   21.833561    1.000000    3.631753    0.021515
Iteration: 107 bestvalit: 0.000556 bestmemit:    0.046838   21.833561    1.000000    3.631753    0.021515
Iteration: 108 bestvalit: 0.000553 bestmemit:    0.217956   21.857710    1.000000    2.925564    0.137754
Iteration: 109 bestvalit: 0.000546 bestmemit:    0.242205   21.255460    1.000000    1.556499    0.306443
Iteration: 110 bestvalit: 0.000546 bestmemit:    0.242205   21.255460    1.000000    1.556499    0.306443
Iteration: 111 bestvalit: 0.000546 bestmemit:    0.242205   21.255460    1.000000    1.556499    0.306443
Iteration: 112 bestvalit: 0.000526 bestmemit:    0.046838   20.305629    1.000000    2.912555    0.021515
Iteration: 113 bestvalit: 0.000508 bestmemit:    0.046838   20.305629    1.000000    2.152168    0.021515
Iteration: 114 bestvalit: 0.000508 bestmemit:    0.046838   20.305629    1.000000    2.152168    0.021515
Iteration: 115 bestvalit: 0.000508 bestmemit:    0.046838   20.305629    1.000000    2.152168    0.021515
Iteration: 116 bestvalit: 0.000508 bestmemit:    0.046838   20.305629    1.000000    2.152168    0.021515
Iteration: 117 bestvalit: 0.000508 bestmemit:    0.046838   20.305629    1.000000    2.152168    0.021515
Iteration: 118 bestvalit: 0.000508 bestmemit:    0.046838   20.305629    1.000000    2.152168    0.021515
Iteration: 119 bestvalit: 0.000508 bestmemit:    0.046838   20.305629    1.000000    2.152168    0.021515
Iteration: 120 bestvalit: 0.000508 bestmemit:    0.046838   20.305629    1.000000    2.152168    0.021515
Iteration: 121 bestvalit: 0.000508 bestmemit:    0.046838   20.305629    1.000000    2.152168    0.021515
Iteration: 122 bestvalit: 0.000508 bestmemit:    0.046838   20.305629    1.000000    2.152168    0.021515
Iteration: 123 bestvalit: 0.000508 bestmemit:    0.046838   20.305629    1.000000    2.152168    0.021515
Iteration: 124 bestvalit: 0.000508 bestmemit:    0.046838   20.305629    1.000000    2.152168    0.021515
Iteration: 125 bestvalit: 0.000508 bestmemit:    0.046838   20.305629    1.000000    2.152168    0.021515
Iteration: 126 bestvalit: 0.000508 bestmemit:    0.046838   20.305629    1.000000    2.152168    0.021515
Iteration: 127 bestvalit: 0.000506 bestmemit:    0.031293   20.412036    1.000000    2.123048    0.003578
Iteration: 128 bestvalit: 0.000506 bestmemit:    0.031293   20.412036    1.000000    2.123048    0.003578
Iteration: 129 bestvalit: 0.000506 bestmemit:    0.031293   20.412036    1.000000    2.123048    0.003578
Iteration: 130 bestvalit: 0.000506 bestmemit:    0.031293   20.412036    1.000000    2.123048    0.003578
Iteration: 131 bestvalit: 0.000506 bestmemit:    0.031293   20.412036    1.000000    2.123048    0.003578
Iteration: 132 bestvalit: 0.000506 bestmemit:    0.031293   20.412036    1.000000    2.123048    0.003578
Iteration: 133 bestvalit: 0.000506 bestmemit:    0.031293   20.412036    1.000000    2.123048    0.003578
Iteration: 134 bestvalit: 0.000506 bestmemit:    0.031293   20.412036    1.000000    2.123048    0.003578
Iteration: 135 bestvalit: 0.000506 bestmemit:    0.031293   20.412036    1.000000    2.123048    0.003578
Iteration: 136 bestvalit: 0.000506 bestmemit:    0.031293   20.412036    1.000000    2.123048    0.003578
Iteration: 137 bestvalit: 0.000506 bestmemit:    0.031293   20.412036    1.000000    2.123048    0.003578
Iteration: 138 bestvalit: 0.000506 bestmemit:    0.031293   20.412036    1.000000    2.123048    0.003578
Iteration: 139 bestvalit: 0.000506 bestmemit:    0.031293   20.412036    1.000000    2.123048    0.003578
Iteration: 140 bestvalit: 0.000506 bestmemit:    0.031293   20.412036    1.000000    2.123048    0.003578
Iteration: 141 bestvalit: 0.000506 bestmemit:    0.031293   20.412036    1.000000    2.123048    0.003578
Iteration: 142 bestvalit: 0.000506 bestmemit:    0.031293   20.412036    1.000000    2.123048    0.003578
Iteration: 143 bestvalit: 0.000506 bestmemit:    0.031293   20.412036    1.000000    2.123048    0.003578
Iteration: 144 bestvalit: 0.000506 bestmemit:    0.031293   20.412036    1.000000    2.123048    0.003578
Iteration: 145 bestvalit: 0.000506 bestmemit:    0.016914   20.412036    1.000000    2.123048    0.003578
Iteration: 146 bestvalit: 0.000506 bestmemit:    0.016914   20.412036    1.000000    2.123048    0.003578
Iteration: 147 bestvalit: 0.000506 bestmemit:    0.016914   20.412036    1.000000    2.123048    0.003578
Iteration: 148 bestvalit: 0.000506 bestmemit:    0.016914   20.412036    1.000000    2.123048    0.003578
Iteration: 149 bestvalit: 0.000506 bestmemit:    0.016914   20.412036    1.000000    2.123048    0.003578
Iteration: 150 bestvalit: 0.000506 bestmemit:    0.016914   20.412036    1.000000    2.123048    0.003578
Iteration: 151 bestvalit: 0.000506 bestmemit:    0.016914   20.412036    1.000000    2.123048    0.003578
Iteration: 152 bestvalit: 0.000506 bestmemit:    0.016914   20.412036    1.000000    2.123048    0.003578
Iteration: 153 bestvalit: 0.000506 bestmemit:    0.016914   20.412036    1.000000    2.123048    0.003578
Iteration: 154 bestvalit: 0.000506 bestmemit:    0.016914   20.412036    1.000000    2.123048    0.003578
Iteration: 155 bestvalit: 0.000506 bestmemit:    0.016914   20.412036    1.000000    2.123048    0.003578
Iteration: 156 bestvalit: 0.000506 bestmemit:    0.016914   20.412036    1.000000    2.123048    0.002751
Iteration: 157 bestvalit: 0.000506 bestmemit:    0.016914   20.412036    1.000000    2.123048    0.002751
Iteration: 158 bestvalit: 0.000505 bestmemit:    0.012150   20.416288    1.000000    2.193506    0.007878
Iteration: 159 bestvalit: 0.000505 bestmemit:    0.006175   20.394869    1.000000    2.234715    0.001912
Iteration: 160 bestvalit: 0.000505 bestmemit:    0.006175   20.394869    1.000000    2.234715    0.001912
Iteration: 161 bestvalit: 0.000505 bestmemit:    0.006175   20.394869    1.000000    2.234715    0.001912
Iteration: 162 bestvalit: 0.000505 bestmemit:    0.006175   20.394869    1.000000    2.234715    0.001912
Iteration: 163 bestvalit: 0.000505 bestmemit:    0.006175   20.394869    1.000000    2.234715    0.001912
Iteration: 164 bestvalit: 0.000505 bestmemit:    0.001779   20.340426    1.000000    2.163612    0.000525
Iteration: 165 bestvalit: 0.000505 bestmemit:    0.001779   20.340426    1.000000    2.163612    0.000525
Iteration: 166 bestvalit: 0.000505 bestmemit:    0.001779   20.340426    1.000000    2.163612    0.000525
Iteration: 167 bestvalit: 0.000505 bestmemit:    0.001779   20.340426    1.000000    2.163612    0.000525
Iteration: 168 bestvalit: 0.000505 bestmemit:    0.001779   20.340426    1.000000    2.163612    0.000525
Iteration: 169 bestvalit: 0.000505 bestmemit:    0.001779   20.340426    1.000000    2.163612    0.000525
Iteration: 170 bestvalit: 0.000505 bestmemit:    0.001779   20.340426    1.000000    2.163612    0.000525
Iteration: 171 bestvalit: 0.000505 bestmemit:    0.003154   20.392381    1.000000    2.179000    0.001003
Iteration: 172 bestvalit: 0.000505 bestmemit:    0.003154   20.392381    1.000000    2.179000    0.000526
Iteration: 173 bestvalit: 0.000505 bestmemit:    0.003154   20.392381    1.000000    2.179000    0.000526
Iteration: 174 bestvalit: 0.000505 bestmemit:    0.003154   20.392381    1.000000    2.179000    0.000526
Iteration: 175 bestvalit: 0.000505 bestmemit:    0.003154   20.392381    1.000000    2.179000    0.000526
Iteration: 176 bestvalit: 0.000505 bestmemit:    0.003154   20.392381    1.000000    2.179000    0.000526
Iteration: 177 bestvalit: 0.000505 bestmemit:    0.003154   20.392381    1.000000    2.179000    0.000526
Iteration: 178 bestvalit: 0.000505 bestmemit:    0.003154   20.392381    1.000000    2.179000    0.000526
Iteration: 179 bestvalit: 0.000505 bestmemit:    0.000884   20.399848    1.000000    2.186336    0.000612
Iteration: 180 bestvalit: 0.000505 bestmemit:    0.000884   20.399848    1.000000    2.186336    0.000612
Iteration: 181 bestvalit: 0.000505 bestmemit:    0.000884   20.399848    1.000000    2.186336    0.000612
Iteration: 182 bestvalit: 0.000505 bestmemit:    0.000884   20.399848    1.000000    2.209176    0.000612
Iteration: 183 bestvalit: 0.000505 bestmemit:    0.000884   20.399848    1.000000    2.209176    0.000612
Iteration: 184 bestvalit: 0.000505 bestmemit:    0.000161   20.393584    1.000000    2.212600    0.000525
Iteration: 185 bestvalit: 0.000505 bestmemit:    0.000161   20.393584    1.000000    2.212600    0.000525
Iteration: 186 bestvalit: 0.000505 bestmemit:    0.000161   20.393584    1.000000    2.212600    0.000525
Iteration: 187 bestvalit: 0.000505 bestmemit:    0.000161   20.393584    1.000000    2.212600    0.000525
Iteration: 188 bestvalit: 0.000505 bestmemit:    0.000161   20.393584    1.000000    2.212600    0.000525
Iteration: 189 bestvalit: 0.000505 bestmemit:    0.000161   20.393584    1.000000    2.212600    0.000525
Iteration: 190 bestvalit: 0.000505 bestmemit:    0.000161   20.393584    1.000000    2.212600    0.000525
Iteration: 191 bestvalit: 0.000505 bestmemit:    0.000161   20.393584    1.000000    2.212600    0.000525
Iteration: 192 bestvalit: 0.000505 bestmemit:    0.000393   20.413414    1.000000    2.200436    0.000045
Iteration: 193 bestvalit: 0.000505 bestmemit:    0.000309   20.413414    1.000000    2.200436    0.000045
Iteration: 194 bestvalit: 0.000505 bestmemit:    0.000309   20.413414    1.000000    2.200436    0.000045
Iteration: 195 bestvalit: 0.000505 bestmemit:    0.000309   20.413414    1.000000    2.200436    0.000045
Iteration: 196 bestvalit: 0.000505 bestmemit:    0.000218   20.385923    1.000000    2.193506    0.000083
Iteration: 197 bestvalit: 0.000505 bestmemit:    0.000218   20.385923    1.000000    2.193506    0.000083
Iteration: 198 bestvalit: 0.000505 bestmemit:    0.000218   20.385923    1.000000    2.193506    0.000083
Iteration: 199 bestvalit: 0.000505 bestmemit:    0.000309   20.398144    1.000000    2.211189    0.000045
Iteration: 200 bestvalit: 0.000505 bestmemit:    0.000309   20.398144    1.000000    2.211189    0.000045
Iteration: 201 bestvalit: 0.000505 bestmemit:    0.000116   20.398511    1.000000    2.203113    0.000112
Iteration: 202 bestvalit: 0.000505 bestmemit:    0.000116   20.398511    1.000000    2.203113    0.000112
Iteration: 203 bestvalit: 0.000505 bestmemit:    0.000116   20.398511    1.000000    2.203113    0.000112
Iteration: 204 bestvalit: 0.000505 bestmemit:    0.000116   20.398511    1.000000    2.203113    0.000112
Iteration: 205 bestvalit: 0.000505 bestmemit:    0.000116   20.398511    1.000000    2.203113    0.000112
Iteration: 206 bestvalit: 0.000505 bestmemit:    0.000116   20.398511    1.000000    2.203113    0.000112
Iteration: 207 bestvalit: 0.000505 bestmemit:    0.000116   20.398511    1.000000    2.203113    0.000112
Iteration: 208 bestvalit: 0.000505 bestmemit:    0.000116   20.398511    1.000000    2.203113    0.000112
Iteration: 209 bestvalit: 0.000505 bestmemit:    0.000072   20.403767    1.000000    2.219218    0.000024
Iteration: 210 bestvalit: 0.000505 bestmemit:    0.000072   20.403767    1.000000    2.219218    0.000024
Iteration: 211 bestvalit: 0.000505 bestmemit:    0.000091   20.401133    1.000000    2.207738    0.000054
Iteration: 212 bestvalit: 0.000505 bestmemit:    0.000123   20.404526    1.000000    2.211271    0.000016
Iteration: 213 bestvalit: 0.000505 bestmemit:    0.000123   20.404526    1.000000    2.211271    0.000016
Iteration: 214 bestvalit: 0.000505 bestmemit:    0.000045   20.408758    1.000000    2.214048    0.000010
Iteration: 215 bestvalit: 0.000505 bestmemit:    0.000054   20.398992    1.000000    2.212500    0.000015
Iteration: 216 bestvalit: 0.000505 bestmemit:    0.000054   20.398992    1.000000    2.212500    0.000015
Iteration: 217 bestvalit: 0.000505 bestmemit:    0.000022   20.395921    1.000000    2.199705    0.000027
Iteration: 218 bestvalit: 0.000505 bestmemit:    0.000010   20.396638    1.000000    2.202510    0.000027
Iteration: 219 bestvalit: 0.000505 bestmemit:    0.000010   20.398073    1.000000    2.202510    0.000027
Iteration: 220 bestvalit: 0.000505 bestmemit:    0.000010   20.398073    1.000000    2.202510    0.000027
Iteration: 221 bestvalit: 0.000505 bestmemit:    0.000010   20.398073    1.000000    2.202510    0.000027
Iteration: 222 bestvalit: 0.000505 bestmemit:    0.000010   20.398073    1.000000    2.202510    0.000027
Iteration: 223 bestvalit: 0.000505 bestmemit:    0.000053   20.400174    1.000000    2.207346    0.000004
Iteration: 224 bestvalit: 0.000505 bestmemit:    0.000001   20.399598    1.000000    2.201140    0.000005
Iteration: 225 bestvalit: 0.000505 bestmemit:    0.000001   20.399598    1.000000    2.201140    0.000005
Iteration: 226 bestvalit: 0.000505 bestmemit:    0.000001   20.399598    1.000000    2.201140    0.000005
Iteration: 227 bestvalit: 0.000505 bestmemit:    0.000001   20.399598    1.000000    2.201140    0.000005
Iteration: 228 bestvalit: 0.000505 bestmemit:    0.000001   20.399598    1.000000    2.201140    0.000005
Iteration: 229 bestvalit: 0.000505 bestmemit:    0.000001   20.399598    1.000000    2.204289    0.000005
Iteration: 230 bestvalit: 0.000505 bestmemit:    0.000001   20.399598    1.000000    2.204289    0.000005
Iteration: 231 bestvalit: 0.000505 bestmemit:    0.000001   20.399598    1.000000    2.204289    0.000005
Iteration: 232 bestvalit: 0.000505 bestmemit:    0.000001   20.399598    1.000000    2.204289    0.000005
Iteration: 233 bestvalit: 0.000505 bestmemit:    0.000001   20.399598    1.000000    2.204289    0.000005
Iteration: 234 bestvalit: 0.000505 bestmemit:    0.000001   20.399598    1.000000    2.204289    0.000005
Iteration: 235 bestvalit: 0.000505 bestmemit:    0.000004   20.398992    1.000000    2.206388    0.000001
Iteration: 236 bestvalit: 0.000505 bestmemit:    0.000004   20.398992    1.000000    2.206388    0.000001
Iteration: 237 bestvalit: 0.000505 bestmemit:    0.000004   20.398992    1.000000    2.206388    0.000001
Iteration: 238 bestvalit: 0.000505 bestmemit:    0.000004   20.399100    1.000000    2.206388    0.000001
Iteration: 239 bestvalit: 0.000505 bestmemit:    0.000004   20.399100    1.000000    2.206388    0.000001
Iteration: 240 bestvalit: 0.000505 bestmemit:    0.000004   20.399100    1.000000    2.206388    0.000001
Iteration: 241 bestvalit: 0.000505 bestmemit:    0.000004   20.399100    1.000000    2.206388    0.000001
Iteration: 242 bestvalit: 0.000505 bestmemit:    0.000004   20.399100    1.000000    2.206388    0.000001
Iteration: 243 bestvalit: 0.000505 bestmemit:    0.000001   20.399598    1.000000    2.207475    0.000003
Iteration: 244 bestvalit: 0.000505 bestmemit:    0.000001   20.399598    1.000000    2.207475    0.000003
Iteration: 245 bestvalit: 0.000505 bestmemit:    0.000001   20.399598    1.000000    2.207475    0.000003
Iteration: 246 bestvalit: 0.000505 bestmemit:    0.000001   20.399598    1.000000    2.207475    0.000003
Iteration: 247 bestvalit: 0.000505 bestmemit:    0.000001   20.398864    1.000000    2.205374    0.000002
Iteration: 248 bestvalit: 0.000505 bestmemit:    0.000000   20.398954    1.000000    2.207554    0.000002
Iteration: 249 bestvalit: 0.000505 bestmemit:    0.000000   20.398968    1.000000    2.206074    0.000002
Iteration: 250 bestvalit: 0.000505 bestmemit:    0.000000   20.398968    1.000000    2.206074    0.000002
Iteration: 251 bestvalit: 0.000505 bestmemit:    0.000000   20.400322    1.000000    2.206678    0.000000
Iteration: 252 bestvalit: 0.000505 bestmemit:    0.000001   20.400174    1.000000    2.207346    0.000000
Iteration: 253 bestvalit: 0.000505 bestmemit:    0.000001   20.400174    1.000000    2.207346    0.000000
Iteration: 254 bestvalit: 0.000505 bestmemit:    0.000000   20.398968    1.000000    2.206074    0.000000
Iteration: 255 bestvalit: 0.000505 bestmemit:    0.000000   20.398968    1.000000    2.206074    0.000000
Iteration: 256 bestvalit: 0.000505 bestmemit:    0.000000   20.398968    1.000000    2.206074    0.000000
Iteration: 257 bestvalit: 0.000505 bestmemit:    0.000000   20.398968    1.000000    2.206074    0.000000
Iteration: 258 bestvalit: 0.000505 bestmemit:    0.000000   20.398968    1.000000    2.206074    0.000000
Iteration: 259 bestvalit: 0.000505 bestmemit:    0.000000   20.398968    1.000000    2.206074    0.000000
Iteration: 260 bestvalit: 0.000505 bestmemit:    0.000000   20.398968    1.000000    2.206074    0.000000
Iteration: 261 bestvalit: 0.000505 bestmemit:    0.000000   20.398968    1.000000    2.206074    0.000000
Iteration: 262 bestvalit: 0.000505 bestmemit:    0.000000   20.398968    1.000000    2.206074    0.000000
Iteration: 263 bestvalit: 0.000505 bestmemit:    0.000000   20.398968    1.000000    2.206074    0.000000
Iteration: 264 bestvalit: 0.000505 bestmemit:    0.000000   20.398968    1.000000    2.206074    0.000000
Iteration: 265 bestvalit: 0.000505 bestmemit:    0.000000   20.398968    1.000000    2.206074    0.000000
Iteration: 266 bestvalit: 0.000505 bestmemit:    0.000000   20.398794    1.000000    2.205896    0.000000
Iteration: 267 bestvalit: 0.000505 bestmemit:    0.000000   20.398794    1.000000    2.206044    0.000000
Iteration: 268 bestvalit: 0.000505 bestmemit:    0.000000   20.398477    1.000000    2.206274    0.000000
Iteration: 269 bestvalit: 0.000505 bestmemit:    0.000000   20.399511    1.000000    2.207087    0.000000
Iteration: 270 bestvalit: 0.000505 bestmemit:    0.000000   20.399511    1.000000    2.207087    0.000000
Iteration: 271 bestvalit: 0.000505 bestmemit:    0.000000   20.399511    1.000000    2.207087    0.000000
Iteration: 272 bestvalit: 0.000505 bestmemit:    0.000000   20.399511    1.000000    2.207087    0.000000
Iteration: 273 bestvalit: 0.000505 bestmemit:    0.000000   20.399511    1.000000    2.206914    0.000000
Iteration: 274 bestvalit: 0.000505 bestmemit:    0.000000   20.399511    1.000000    2.206914    0.000000
Iteration: 275 bestvalit: 0.000505 bestmemit:    0.000000   20.399511    1.000000    2.206914    0.000000
Iteration: 276 bestvalit: 0.000505 bestmemit:    0.000000   20.399511    1.000000    2.206914    0.000000
Iteration: 277 bestvalit: 0.000505 bestmemit:    0.000000   20.399124    1.000000    2.206506    0.000000
Iteration: 278 bestvalit: 0.000505 bestmemit:    0.000000   20.399231    1.000000    2.206528    0.000000
Iteration: 279 bestvalit: 0.000505 bestmemit:    0.000000   20.399231    1.000000    2.206528    0.000000
Iteration: 280 bestvalit: 0.000505 bestmemit:    0.000000   20.399231    1.000000    2.206528    0.000000
Iteration: 281 bestvalit: 0.000505 bestmemit:    0.000000   20.399231    1.000000    2.206528    0.000000
Iteration: 282 bestvalit: 0.000505 bestmemit:    0.000000   20.399231    1.000000    2.206528    0.000000
Iteration: 283 bestvalit: 0.000505 bestmemit:    0.000000   20.399231    1.000000    2.206528    0.000000
Iteration: 284 bestvalit: 0.000505 bestmemit:    0.000000   20.399231    1.000000    2.206528    0.000000
Iteration: 285 bestvalit: 0.000505 bestmemit:    0.000000   20.399124    1.000000    2.206506    0.000000
Iteration: 286 bestvalit: 0.000505 bestmemit:    0.000000   20.399124    1.000000    2.206506    0.000000
Iteration: 287 bestvalit: 0.000505 bestmemit:    0.000000   20.399124    1.000000    2.206506    0.000000
Iteration: 288 bestvalit: 0.000505 bestmemit:    0.000000   20.399124    1.000000    2.206506    0.000000
Iteration: 289 bestvalit: 0.000505 bestmemit:    0.000000   20.399124    1.000000    2.206506    0.000000
Iteration: 290 bestvalit: 0.000505 bestmemit:    0.000000   20.399124    1.000000    2.206506    0.000000
Iteration: 291 bestvalit: 0.000505 bestmemit:    0.000000   20.399243    1.000000    2.206670    0.000000
Iteration: 292 bestvalit: 0.000505 bestmemit:    0.000000   20.399243    1.000000    2.206670    0.000000
Iteration: 293 bestvalit: 0.000505 bestmemit:    0.000000   20.399165    1.000000    2.206537    0.000000
Iteration: 294 bestvalit: 0.000505 bestmemit:    0.000000   20.399165    1.000000    2.206537    0.000000
Iteration: 295 bestvalit: 0.000505 bestmemit:    0.000000   20.399165    1.000000    2.206537    0.000000
Iteration: 296 bestvalit: 0.000505 bestmemit:    0.000000   20.399165    1.000000    2.206404    0.000000
Iteration: 297 bestvalit: 0.000505 bestmemit:    0.000000   20.399165    1.000000    2.206404    0.000000
Iteration: 298 bestvalit: 0.000505 bestmemit:    0.000000   20.399220    1.000000    2.206602    0.000000
Iteration: 299 bestvalit: 0.000505 bestmemit:    0.000000   20.399243    1.000000    2.206576    0.000000
Iteration: 300 bestvalit: 0.000505 bestmemit:    0.000000   20.399243    1.000000    2.206576    0.000000
Iteration: 301 bestvalit: 0.000505 bestmemit:    0.000000   20.399243    1.000000    2.206576    0.000000
Iteration: 302 bestvalit: 0.000505 bestmemit:    0.000000   20.399187    1.000000    2.206479    0.000000
Iteration: 303 bestvalit: 0.000505 bestmemit:    0.000000   20.399187    1.000000    2.206479    0.000000
Iteration: 304 bestvalit: 0.000505 bestmemit:    0.000000   20.399132    1.000000    2.206479    0.000000
Iteration: 305 bestvalit: 0.000505 bestmemit:    0.000000   20.399132    1.000000    2.206479    0.000000
Iteration: 306 bestvalit: 0.000505 bestmemit:    0.000000   20.399132    1.000000    2.206479    0.000000
Iteration: 307 bestvalit: 0.000505 bestmemit:    0.000000   20.399152    1.000000    2.206512    0.000000
Iteration: 308 bestvalit: 0.000505 bestmemit:    0.000000   20.399152    1.000000    2.206512    0.000000
Iteration: 309 bestvalit: 0.000505 bestmemit:    0.000000   20.399152    1.000000    2.206512    0.000000
Iteration: 310 bestvalit: 0.000505 bestmemit:    0.000000   20.399152    1.000000    2.206512    0.000000
Iteration: 311 bestvalit: 0.000505 bestmemit:    0.000000   20.399152    1.000000    2.206512    0.000000
Iteration: 312 bestvalit: 0.000505 bestmemit:    0.000000   20.399152    1.000000    2.206512    0.000000
Iteration: 313 bestvalit: 0.000505 bestmemit:    0.000000   20.399152    1.000000    2.206512    0.000000
Iteration: 314 bestvalit: 0.000505 bestmemit:    0.000000   20.399152    1.000000    2.206512    0.000000
Iteration: 315 bestvalit: 0.000505 bestmemit:    0.000000   20.399152    1.000000    2.206512    0.000000
Iteration: 316 bestvalit: 0.000505 bestmemit:    0.000000   20.399152    1.000000    2.206512    0.000000
Iteration: 317 bestvalit: 0.000505 bestmemit:    0.000000   20.399165    1.000000    2.206536    0.000000
Iteration: 318 bestvalit: 0.000505 bestmemit:    0.000000   20.399165    1.000000    2.206536    0.000000
Iteration: 319 bestvalit: 0.000505 bestmemit:    0.000000   20.399165    1.000000    2.206536    0.000000
Iteration: 320 bestvalit: 0.000505 bestmemit:    0.000000   20.399165    1.000000    2.206536    0.000000
Iteration: 321 bestvalit: 0.000505 bestmemit:    0.000000   20.399181    1.000000    2.206505    0.000000
Iteration: 322 bestvalit: 0.000505 bestmemit:    0.000000   20.399145    1.000000    2.206480    0.000000
Iteration: 323 bestvalit: 0.000505 bestmemit:    0.000000   20.399145    1.000000    2.206480    0.000000
Iteration: 324 bestvalit: 0.000505 bestmemit:    0.000000   20.399166    1.000000    2.206504    0.000000
Iteration: 325 bestvalit: 0.000505 bestmemit:    0.000000   20.399166    1.000000    2.206504    0.000000
Iteration: 326 bestvalit: 0.000505 bestmemit:    0.000000   20.399160    1.000000    2.206530    0.000000
Iteration: 327 bestvalit: 0.000505 bestmemit:    0.000000   20.399160    1.000000    2.206530    0.000000
Iteration: 328 bestvalit: 0.000505 bestmemit:    0.000000   20.399160    1.000000    2.206530    0.000000
Iteration: 329 bestvalit: 0.000505 bestmemit:    0.000000   20.399160    1.000000    2.206530    0.000000
Iteration: 330 bestvalit: 0.000505 bestmemit:    0.000000   20.399158    1.000000    2.206513    0.000000
Iteration: 331 bestvalit: 0.000505 bestmemit:    0.000000   20.399158    1.000000    2.206513    0.000000
Iteration: 332 bestvalit: 0.000505 bestmemit:    0.000000   20.399158    1.000000    2.206513    0.000000
Iteration: 333 bestvalit: 0.000505 bestmemit:    0.000000   20.399157    1.000000    2.206503    0.000000
Iteration: 334 bestvalit: 0.000505 bestmemit:    0.000000   20.399166    1.000000    2.206512    0.000000
Iteration: 335 bestvalit: 0.000505 bestmemit:    0.000000   20.399166    1.000000    2.206515    0.000000
Iteration: 336 bestvalit: 0.000505 bestmemit:    0.000000   20.399166    1.000000    2.206515    0.000000
Iteration: 337 bestvalit: 0.000505 bestmemit:    0.000000   20.399169    1.000000    2.206503    0.000000
Iteration: 338 bestvalit: 0.000505 bestmemit:    0.000000   20.399169    1.000000    2.206503    0.000000
Iteration: 339 bestvalit: 0.000505 bestmemit:    0.000000   20.399166    1.000000    2.206513    0.000000
Iteration: 340 bestvalit: 0.000505 bestmemit:    0.000000   20.399166    1.000000    2.206513    0.000000

***** summary of DEoptim object ***** 
best member   :  0 20.39917 1 2.20651 0 
best value    :  5e-04 
after         :  340 generations 
fn evaluated  :  682 times 
*************************************
