SLURM_JOB_ID: 55403011
SLURM_JOB_USER: vsc34066
SLURM_JOB_ACCOUNT: lp_desenderlab
SLURM_JOB_NAME: par_recov_alternating_fb_sim_alpha_learn.slurm
SLURM_CLUSTER_NAME: genius
SLURM_JOB_PARTITION: batch
SLURM_ARRAY_JOB_ID: 55402977
SLURM_ARRAY_TASK_ID: 34
SLURM_NNODES: 1
SLURM_NODELIST: r22i27n23
SLURM_JOB_CPUS_PER_NODE: 8
Date: Sun Dec  3 23:43:56 CET 2023
Walltime: 01-06:00:00
========================================================================
Iteration: 1 bestvalit: 0.080760 bestmemit:   18.061689  -44.107462    1.000000  505.005468  480.437279
Iteration: 2 bestvalit: 0.080760 bestmemit:   18.061689  -44.107462    1.000000  505.005468  480.437279
Iteration: 3 bestvalit: 0.080760 bestmemit:   18.061689  -44.107462    1.000000  505.005468  480.437279
Iteration: 4 bestvalit: 0.080719 bestmemit:   18.061689  -35.709784    1.000000  505.005468  480.437279
Iteration: 5 bestvalit: 0.080719 bestmemit:   18.061689  -35.709784    1.000000  505.005468  480.437279
Iteration: 6 bestvalit: 0.080719 bestmemit:   18.061689  -35.709784    1.000000  505.005468  480.437279
Iteration: 7 bestvalit: 0.080719 bestmemit:   18.061689  -35.709784    1.000000  505.005468  480.437279
Iteration: 8 bestvalit: 0.080719 bestmemit:   18.061689  -35.709784    1.000000  505.005468  480.437279
Iteration: 9 bestvalit: 0.080719 bestmemit:   18.061689  -35.709784    1.000000  505.005468  480.437279
Iteration: 10 bestvalit: 0.080719 bestmemit:   18.061689  -35.709784    1.000000  505.005468  480.437279
Iteration: 11 bestvalit: 0.080719 bestmemit:   18.061689  -35.709784    1.000000  505.005468  480.437279
Iteration: 12 bestvalit: 0.073089 bestmemit:   13.188928  -40.270076    1.000000  337.769312  146.795809
Iteration: 13 bestvalit: 0.073089 bestmemit:   13.188928  -40.270076    1.000000  337.769312  146.795809
Iteration: 14 bestvalit: 0.073089 bestmemit:   13.188928  -40.270076    1.000000  337.769312  146.795809
Iteration: 15 bestvalit: 0.062298 bestmemit:   10.893326  -72.989146    1.000000  129.120405  371.751740
Iteration: 16 bestvalit: 0.060380 bestmemit:    9.043780   84.913232    1.000000   78.663674  549.005956
Iteration: 17 bestvalit: 0.060380 bestmemit:    9.043780   84.913232    1.000000   78.663674  549.005956
Iteration: 18 bestvalit: 0.060291 bestmemit:    9.043780   68.685398    1.000000   78.663674  549.005956
Iteration: 19 bestvalit: 0.060291 bestmemit:    9.043780   68.685398    1.000000   78.663674  549.005956
Iteration: 20 bestvalit: 0.060291 bestmemit:    9.043780   68.685398    1.000000   78.663674  549.005956
Iteration: 21 bestvalit: 0.059157 bestmemit:   35.551373   45.940781    1.000000  119.216661  310.120226
Iteration: 22 bestvalit: 0.059157 bestmemit:   35.551373   45.940781    1.000000  119.216661  310.120226
Iteration: 23 bestvalit: 0.039262 bestmemit:   29.260203  -59.190653    1.000000   48.755782   66.459522
Iteration: 24 bestvalit: 0.039262 bestmemit:   29.260203  -59.190653    1.000000   48.755782   66.459522
Iteration: 25 bestvalit: 0.039262 bestmemit:   29.260203  -59.190653    1.000000   48.755782   66.459522
Iteration: 26 bestvalit: 0.039262 bestmemit:   29.260203  -59.190653    1.000000   48.755782   66.459522
Iteration: 27 bestvalit: 0.038987 bestmemit:   29.260203  -45.305517    1.000000   48.755782   66.459522
Iteration: 28 bestvalit: 0.038987 bestmemit:   29.260203  -45.305517    1.000000   48.755782   66.459522
Iteration: 29 bestvalit: 0.038987 bestmemit:   29.260203  -45.305517    1.000000   48.755782   66.459522
Iteration: 30 bestvalit: 0.035694 bestmemit:   13.267228  -32.327009    1.000000   11.556675  145.843958
Iteration: 31 bestvalit: 0.035694 bestmemit:   13.267228  -32.327009    1.000000   11.556675  145.843958
Iteration: 32 bestvalit: 0.035694 bestmemit:   13.267228  -32.327009    1.000000   11.556675  145.843958
Iteration: 33 bestvalit: 0.035694 bestmemit:   13.267228  -32.327009    1.000000   11.556675  145.843958
Iteration: 34 bestvalit: 0.031242 bestmemit:    6.408769  -30.264952    1.000000   16.947050   21.483309
Iteration: 35 bestvalit: 0.031242 bestmemit:    6.408769  -30.264952    1.000000   16.947050   21.483309
Iteration: 36 bestvalit: 0.028704 bestmemit:    6.408769   -0.251692    1.000000   16.947050   21.483309
Iteration: 37 bestvalit: 0.027922 bestmemit:    6.050232   12.849975    1.000000   21.220760   11.300221
Iteration: 38 bestvalit: 0.027922 bestmemit:    6.050232   12.849975    1.000000   21.220760   11.300221
Iteration: 39 bestvalit: 0.027922 bestmemit:    6.050232   12.849975    1.000000   21.220760   11.300221
Iteration: 40 bestvalit: 0.027719 bestmemit:    7.498591   14.486011    1.000000    8.938470    6.842813
Iteration: 41 bestvalit: 0.027719 bestmemit:    7.498591   14.486011    1.000000    8.938470    6.842813
Iteration: 42 bestvalit: 0.027719 bestmemit:    7.498591   14.486011    1.000000    8.938470    6.842813
Iteration: 43 bestvalit: 0.027324 bestmemit:    6.050232  -10.220859    1.000000   21.220760   11.300221
Iteration: 44 bestvalit: 0.027324 bestmemit:    6.050232  -10.220859    1.000000   21.220760   11.300221
Iteration: 45 bestvalit: 0.023788 bestmemit:    9.941923  -14.830937    1.000000   12.112140    4.639968
Iteration: 46 bestvalit: 0.023703 bestmemit:   23.456927   -6.539852    1.000000   12.112140    4.639968
Iteration: 47 bestvalit: 0.023703 bestmemit:   23.456927   -6.539852    1.000000   12.112140    4.639968
Iteration: 48 bestvalit: 0.023703 bestmemit:   23.456927   -6.539852    1.000000   12.112140    4.639968
Iteration: 49 bestvalit: 0.023356 bestmemit:   21.478629   -6.539852    1.000000   12.112140    4.639968
Iteration: 50 bestvalit: 0.023356 bestmemit:   21.478629   -6.539852    1.000000   12.112140    4.639968
Iteration: 51 bestvalit: 0.023356 bestmemit:   21.478629   -6.539852    1.000000   12.112140    4.639968
Iteration: 52 bestvalit: 0.023356 bestmemit:   21.478629   -6.539852    1.000000   12.112140    4.639968
Iteration: 53 bestvalit: 0.023356 bestmemit:   21.478629   -6.539852    1.000000   12.112140    4.639968
Iteration: 54 bestvalit: 0.023356 bestmemit:   21.478629   -6.539852    1.000000   12.112140    4.639968
Iteration: 55 bestvalit: 0.023356 bestmemit:   21.478629   -6.539852    1.000000   12.112140    4.639968
Iteration: 56 bestvalit: 0.023356 bestmemit:   21.478629   -6.539852    1.000000   12.112140    4.639968
Iteration: 57 bestvalit: 0.022994 bestmemit:   30.101203    2.899316    1.000000   12.175346    0.936382
Iteration: 58 bestvalit: 0.022994 bestmemit:   30.101203    2.899316    1.000000   12.175346    0.936382
Iteration: 59 bestvalit: 0.021596 bestmemit:   40.137121  -26.352938    1.000000   16.409293    3.195277
Iteration: 60 bestvalit: 0.018333 bestmemit:   47.769826  -47.723470    1.000000    5.934080    2.181885
Iteration: 61 bestvalit: 0.018333 bestmemit:   47.769826  -47.723470    1.000000    5.934080    2.181885
Iteration: 62 bestvalit: 0.018333 bestmemit:   47.769826  -47.723470    1.000000    5.934080    2.181885
Iteration: 63 bestvalit: 0.018333 bestmemit:   47.769826  -47.723470    1.000000    5.934080    2.181885
Iteration: 64 bestvalit: 0.018333 bestmemit:   47.769826  -47.723470    1.000000    5.934080    2.181885
Iteration: 65 bestvalit: 0.015722 bestmemit:   47.769826  -47.723470    1.000000    8.352507    1.883030
Iteration: 66 bestvalit: 0.015722 bestmemit:   47.769826  -47.723470    1.000000    8.352507    1.883030
Iteration: 67 bestvalit: 0.015722 bestmemit:   47.769826  -47.723470    1.000000    8.352507    1.883030
Iteration: 68 bestvalit: 0.015722 bestmemit:   47.769826  -47.723470    1.000000    8.352507    1.883030
Iteration: 69 bestvalit: 0.015722 bestmemit:   47.769826  -47.723470    1.000000    8.352507    1.883030
Iteration: 70 bestvalit: 0.015722 bestmemit:   47.769826  -47.723470    1.000000    8.352507    1.883030
Iteration: 71 bestvalit: 0.015722 bestmemit:   47.769826  -47.723470    1.000000    8.352507    1.883030
Iteration: 72 bestvalit: 0.015722 bestmemit:   47.769826  -47.723470    1.000000    8.352507    1.883030
Iteration: 73 bestvalit: 0.015722 bestmemit:   47.769826  -47.723470    1.000000    8.352507    1.883030
Iteration: 74 bestvalit: 0.015722 bestmemit:   47.769826  -47.723470    1.000000    8.352507    1.883030
Iteration: 75 bestvalit: 0.015722 bestmemit:   47.769826  -47.723470    1.000000    8.352507    1.883030
Iteration: 76 bestvalit: 0.015722 bestmemit:   47.769826  -47.723470    1.000000    8.352507    1.883030
Iteration: 77 bestvalit: 0.014650 bestmemit:   46.759826  -32.107138    1.000000    6.114448    0.785385
Iteration: 78 bestvalit: 0.013387 bestmemit:   27.252547  -12.675956    1.000000    1.583204    0.391306
Iteration: 79 bestvalit: 0.013387 bestmemit:   27.252547  -12.675956    1.000000    1.583204    0.391306
Iteration: 80 bestvalit: 0.013251 bestmemit:   28.641604  -24.473291    1.000000    2.286930    0.512160
Iteration: 81 bestvalit: 0.013251 bestmemit:   28.641604  -24.473291    1.000000    2.286930    0.512160
Iteration: 82 bestvalit: 0.013251 bestmemit:   28.641604  -24.473291    1.000000    2.286930    0.512160
Iteration: 83 bestvalit: 0.013251 bestmemit:   28.641604  -24.473291    1.000000    2.286930    0.512160
Iteration: 84 bestvalit: 0.013251 bestmemit:   28.641604  -24.473291    1.000000    2.286930    0.512160
Iteration: 85 bestvalit: 0.013085 bestmemit:   43.537937  -22.336757    1.000000    3.434634    0.348768
Iteration: 86 bestvalit: 0.012574 bestmemit:   28.641604  -22.670229    1.000000    2.286930    0.512160
Iteration: 87 bestvalit: 0.012574 bestmemit:   28.641604  -22.670229    1.000000    2.286930    0.512160
Iteration: 88 bestvalit: 0.012574 bestmemit:   28.641604  -22.670229    1.000000    2.286930    0.512160
Iteration: 89 bestvalit: 0.012574 bestmemit:   28.641604  -22.670229    1.000000    2.286930    0.512160
Iteration: 90 bestvalit: 0.012574 bestmemit:   28.641604  -22.670229    1.000000    2.286930    0.512160
Iteration: 91 bestvalit: 0.012574 bestmemit:   28.641604  -22.670229    1.000000    2.286930    0.512160
Iteration: 92 bestvalit: 0.012574 bestmemit:   28.641604  -22.670229    1.000000    2.286930    0.512160
Iteration: 93 bestvalit: 0.012574 bestmemit:   28.641604  -22.670229    1.000000    2.286930    0.512160
Iteration: 94 bestvalit: 0.012574 bestmemit:   28.641604  -22.670229    1.000000    2.286930    0.512160
Iteration: 95 bestvalit: 0.012574 bestmemit:   28.641604  -22.670229    1.000000    2.286930    0.512160
Iteration: 96 bestvalit: 0.012574 bestmemit:   28.641604  -22.670229    1.000000    2.286930    0.512160
Iteration: 97 bestvalit: 0.012574 bestmemit:   28.641604  -22.670229    1.000000    2.286930    0.512160
Iteration: 98 bestvalit: 0.012263 bestmemit:   38.597369  -28.046868    1.000000    2.198868    0.391306
Iteration: 99 bestvalit: 0.012263 bestmemit:   38.597369  -28.046868    1.000000    2.198868    0.391306
Iteration: 100 bestvalit: 0.012263 bestmemit:   38.597369  -28.046868    1.000000    2.198868    0.391306
Iteration: 101 bestvalit: 0.012263 bestmemit:   38.597369  -28.046868    1.000000    2.198868    0.391306
Iteration: 102 bestvalit: 0.012263 bestmemit:   38.597369  -28.046868    1.000000    2.198868    0.391306
Iteration: 103 bestvalit: 0.012263 bestmemit:   38.597369  -28.046868    1.000000    2.198868    0.391306
Iteration: 104 bestvalit: 0.012201 bestmemit:   24.241060  -12.214662    1.000000    1.217483    0.276184
Iteration: 105 bestvalit: 0.012201 bestmemit:   24.241060  -12.214662    1.000000    1.217483    0.276184
Iteration: 106 bestvalit: 0.011946 bestmemit:   23.935392  -13.038475    1.000000    1.217483    0.276184
Iteration: 107 bestvalit: 0.011946 bestmemit:   23.935392  -13.038475    1.000000    1.217483    0.276184
Iteration: 108 bestvalit: 0.011946 bestmemit:   23.935392  -13.038475    1.000000    1.217483    0.276184
Iteration: 109 bestvalit: 0.011946 bestmemit:   23.935392  -13.038475    1.000000    1.217483    0.276184
Iteration: 110 bestvalit: 0.011946 bestmemit:   23.935392  -13.038475    1.000000    1.217483    0.276184
Iteration: 111 bestvalit: 0.011946 bestmemit:   23.935392  -13.038475    1.000000    1.217483    0.276184
Iteration: 112 bestvalit: 0.011946 bestmemit:   23.935392  -13.038475    1.000000    1.217483    0.276184
Iteration: 113 bestvalit: 0.011946 bestmemit:   23.935392  -13.038475    1.000000    1.217483    0.276184
Iteration: 114 bestvalit: 0.011946 bestmemit:   23.935392  -13.038475    1.000000    1.217483    0.276184
Iteration: 115 bestvalit: 0.011946 bestmemit:   23.935392  -13.038475    1.000000    1.217483    0.276184
Iteration: 116 bestvalit: 0.011946 bestmemit:   23.935392  -13.038475    1.000000    1.217483    0.276184
Iteration: 117 bestvalit: 0.011946 bestmemit:   23.935392  -13.038475    1.000000    1.217483    0.276184
Iteration: 118 bestvalit: 0.011946 bestmemit:   23.935392  -13.038475    1.000000    1.217483    0.276184
Iteration: 119 bestvalit: 0.011946 bestmemit:   23.935392  -13.038475    1.000000    1.217483    0.276184
Iteration: 120 bestvalit: 0.011946 bestmemit:   23.935392  -13.038475    1.000000    1.217483    0.276184
Iteration: 121 bestvalit: 0.011946 bestmemit:   23.935392  -13.038475    1.000000    1.217483    0.276184
Iteration: 122 bestvalit: 0.011946 bestmemit:   23.935392  -13.038475    1.000000    1.217483    0.276184
Iteration: 123 bestvalit: 0.011946 bestmemit:   23.935392  -13.038475    1.000000    1.217483    0.276184
Iteration: 124 bestvalit: 0.011925 bestmemit:   22.827877  -13.765920    1.000000    0.476309    0.236483
Iteration: 125 bestvalit: 0.011925 bestmemit:   22.827877  -13.765920    1.000000    0.476309    0.236483
Iteration: 126 bestvalit: 0.011888 bestmemit:   20.551969  -11.561161    1.000000    0.609997    0.243994
Iteration: 127 bestvalit: 0.011888 bestmemit:   20.551969  -11.561161    1.000000    0.609997    0.243994
Iteration: 128 bestvalit: 0.011888 bestmemit:   20.551969  -11.561161    1.000000    0.609997    0.243994
Iteration: 129 bestvalit: 0.011888 bestmemit:   20.551969  -11.561161    1.000000    0.609997    0.243994
Iteration: 130 bestvalit: 0.011888 bestmemit:   20.551969  -11.561161    1.000000    0.609997    0.243994
Iteration: 131 bestvalit: 0.011827 bestmemit:   23.935392  -14.547918    1.000000    1.217483    0.276184
Iteration: 132 bestvalit: 0.011827 bestmemit:   23.935392  -14.547918    1.000000    1.217483    0.276184
Iteration: 133 bestvalit: 0.011827 bestmemit:   23.935392  -14.547918    1.000000    1.217483    0.276184
Iteration: 134 bestvalit: 0.011827 bestmemit:   23.935392  -14.547918    1.000000    1.217483    0.276184
Iteration: 135 bestvalit: 0.011827 bestmemit:   23.935392  -14.547918    1.000000    1.217483    0.276184
Iteration: 136 bestvalit: 0.011724 bestmemit:   19.258946  -11.822539    1.000000    0.420695    0.163539
Iteration: 137 bestvalit: 0.011724 bestmemit:   19.258946  -11.822539    1.000000    0.420695    0.163539
Iteration: 138 bestvalit: 0.011724 bestmemit:   19.258946  -11.822539    1.000000    0.420695    0.163539
Iteration: 139 bestvalit: 0.011724 bestmemit:   19.258946  -11.822539    1.000000    0.420695    0.163539
Iteration: 140 bestvalit: 0.011724 bestmemit:   19.258946  -11.822539    1.000000    0.420695    0.163539
Iteration: 141 bestvalit: 0.011724 bestmemit:   19.258946  -11.822539    1.000000    0.420695    0.163539
Iteration: 142 bestvalit: 0.011724 bestmemit:   19.258946  -11.822539    1.000000    0.420695    0.163539
Iteration: 143 bestvalit: 0.011724 bestmemit:   19.258946  -11.822539    1.000000    0.420695    0.163539
Iteration: 144 bestvalit: 0.011724 bestmemit:   19.258946  -11.822539    1.000000    0.420695    0.163539
Iteration: 145 bestvalit: 0.011724 bestmemit:   19.258946  -11.822539    1.000000    0.420695    0.163539
Iteration: 146 bestvalit: 0.011724 bestmemit:   19.258946  -11.822539    1.000000    0.420695    0.163539
Iteration: 147 bestvalit: 0.011724 bestmemit:   19.258946  -11.822539    1.000000    0.420695    0.163539
Iteration: 148 bestvalit: 0.011724 bestmemit:   19.258946  -11.822539    1.000000    0.420695    0.163539
Iteration: 149 bestvalit: 0.011724 bestmemit:   19.258946  -11.822539    1.000000    0.420695    0.163539
Iteration: 150 bestvalit: 0.011724 bestmemit:   19.258946  -11.822539    1.000000    0.420695    0.163539
Iteration: 151 bestvalit: 0.011724 bestmemit:   19.258946  -11.822539    1.000000    0.420695    0.163539
Iteration: 152 bestvalit: 0.011639 bestmemit:   19.552804  -11.434008    1.000000    0.303237    0.147886
Iteration: 153 bestvalit: 0.011639 bestmemit:   19.552804  -11.434008    1.000000    0.303237    0.147886
Iteration: 154 bestvalit: 0.011639 bestmemit:   19.552804  -11.434008    1.000000    0.303237    0.147886
Iteration: 155 bestvalit: 0.011639 bestmemit:   19.552804  -11.434008    1.000000    0.303237    0.147886
Iteration: 156 bestvalit: 0.011639 bestmemit:   19.552804  -11.434008    1.000000    0.303237    0.147886
Iteration: 157 bestvalit: 0.011630 bestmemit:   18.681784  -11.547824    1.000000    0.053426    0.125315
Iteration: 158 bestvalit: 0.011630 bestmemit:   18.681784  -11.547824    1.000000    0.053426    0.125315
Iteration: 159 bestvalit: 0.011619 bestmemit:   18.636387  -11.267539    1.000000    0.053426    0.125315
Iteration: 160 bestvalit: 0.011619 bestmemit:   18.636387  -11.267539    1.000000    0.053426    0.125315
Iteration: 161 bestvalit: 0.011619 bestmemit:   18.636387  -11.267539    1.000000    0.053426    0.125315
Iteration: 162 bestvalit: 0.011619 bestmemit:   18.636387  -11.267539    1.000000    0.053426    0.125315
Iteration: 163 bestvalit: 0.011619 bestmemit:   18.636387  -11.267539    1.000000    0.053426    0.125315
Iteration: 164 bestvalit: 0.011619 bestmemit:   18.636387  -11.267539    1.000000    0.053426    0.125315
Iteration: 165 bestvalit: 0.011619 bestmemit:   18.636387  -11.267539    1.000000    0.053426    0.125315
Iteration: 166 bestvalit: 0.011619 bestmemit:   18.636387  -11.267539    1.000000    0.053426    0.125315
Iteration: 167 bestvalit: 0.011619 bestmemit:   18.636387  -11.267539    1.000000    0.053426    0.125315
Iteration: 168 bestvalit: 0.011619 bestmemit:   18.636387  -11.267539    1.000000    0.053426    0.125315
Iteration: 169 bestvalit: 0.011619 bestmemit:   18.636387  -11.267539    1.000000    0.053426    0.125315
Iteration: 170 bestvalit: 0.011619 bestmemit:   18.636387  -11.267539    1.000000    0.053426    0.125315
Iteration: 171 bestvalit: 0.011619 bestmemit:   18.636387  -11.267539    1.000000    0.053426    0.125315
Iteration: 172 bestvalit: 0.011619 bestmemit:   18.636387  -11.267539    1.000000    0.053426    0.125315
Iteration: 173 bestvalit: 0.011619 bestmemit:   18.636387  -11.267539    1.000000    0.053426    0.125315
Iteration: 174 bestvalit: 0.011619 bestmemit:   18.636387  -11.267539    1.000000    0.053426    0.125315
Iteration: 175 bestvalit: 0.011619 bestmemit:   18.636387  -11.267539    1.000000    0.053426    0.125315
Iteration: 176 bestvalit: 0.011619 bestmemit:   18.636387  -11.267539    1.000000    0.053426    0.125315
Iteration: 177 bestvalit: 0.011619 bestmemit:   18.636387  -11.267539    1.000000    0.053426    0.125315
Iteration: 178 bestvalit: 0.011619 bestmemit:   18.636387  -11.267539    1.000000    0.053426    0.125315
Iteration: 179 bestvalit: 0.011619 bestmemit:   18.636387  -11.267539    1.000000    0.053426    0.125315
Iteration: 180 bestvalit: 0.011619 bestmemit:   18.636387  -11.267539    1.000000    0.053426    0.125315
Iteration: 181 bestvalit: 0.011619 bestmemit:   18.636387  -11.267539    1.000000    0.053426    0.125315
Iteration: 182 bestvalit: 0.011619 bestmemit:   18.636387  -11.267539    1.000000    0.053426    0.125315
Iteration: 183 bestvalit: 0.011619 bestmemit:   18.636387  -11.267539    1.000000    0.053426    0.125315
Iteration: 184 bestvalit: 0.011619 bestmemit:   18.636387  -11.267539    1.000000    0.053426    0.125315
Iteration: 185 bestvalit: 0.011619 bestmemit:   18.636387  -11.267539    1.000000    0.053426    0.125315
Iteration: 186 bestvalit: 0.011616 bestmemit:   19.949002  -11.749151    1.000000    0.165778    0.123907
Iteration: 187 bestvalit: 0.011616 bestmemit:   19.949002  -11.749151    1.000000    0.165778    0.123907
Iteration: 188 bestvalit: 0.011613 bestmemit:   19.060152  -11.129898    1.000000    0.008624    0.064443
Iteration: 189 bestvalit: 0.011601 bestmemit:   19.096448  -11.292478    1.000000    0.054646    0.094010
Iteration: 190 bestvalit: 0.011601 bestmemit:   19.096448  -11.292478    1.000000    0.054646    0.094010
Iteration: 191 bestvalit: 0.011591 bestmemit:   19.096448  -11.292478    1.000000    0.001795    0.094010
Iteration: 192 bestvalit: 0.011591 bestmemit:   19.096448  -11.292478    1.000000    0.001795    0.094010
Iteration: 193 bestvalit: 0.011591 bestmemit:   19.096448  -11.292478    1.000000    0.001795    0.094010
Iteration: 194 bestvalit: 0.011591 bestmemit:   19.096448  -11.292478    1.000000    0.001795    0.094010
Iteration: 195 bestvalit: 0.011591 bestmemit:   19.096448  -11.292478    1.000000    0.001795    0.094010
Iteration: 196 bestvalit: 0.011591 bestmemit:   19.096448  -11.292478    1.000000    0.001795    0.094010
Iteration: 197 bestvalit: 0.011591 bestmemit:   19.096448  -11.292478    1.000000    0.001795    0.094010
Iteration: 198 bestvalit: 0.011591 bestmemit:   19.096448  -11.292478    1.000000    0.001795    0.094010
Iteration: 199 bestvalit: 0.011591 bestmemit:   19.096448  -11.292478    1.000000    0.001795    0.094010
Iteration: 200 bestvalit: 0.011591 bestmemit:   19.096448  -11.292478    1.000000    0.001795    0.094010
Iteration: 201 bestvalit: 0.011591 bestmemit:   19.096448  -11.292478    1.000000    0.001795    0.094010
Iteration: 202 bestvalit: 0.011591 bestmemit:   19.096448  -11.292478    1.000000    0.001795    0.094010
Iteration: 203 bestvalit: 0.011591 bestmemit:   19.096448  -11.292478    1.000000    0.001795    0.094010
Iteration: 204 bestvalit: 0.011591 bestmemit:   19.096448  -11.292478    1.000000    0.001795    0.094010
Iteration: 205 bestvalit: 0.011591 bestmemit:   19.096448  -11.292478    1.000000    0.001795    0.094010
Iteration: 206 bestvalit: 0.011591 bestmemit:   19.096448  -11.292478    1.000000    0.001795    0.094010
Iteration: 207 bestvalit: 0.011591 bestmemit:   19.096448  -11.292478    1.000000    0.001795    0.094010
Iteration: 208 bestvalit: 0.011591 bestmemit:   19.096448  -11.292478    1.000000    0.001795    0.094010
Iteration: 209 bestvalit: 0.011591 bestmemit:   19.096448  -11.292478    1.000000    0.001795    0.094010
Iteration: 210 bestvalit: 0.011591 bestmemit:   18.613752  -10.613428    1.000000    0.038343    0.090230
Iteration: 211 bestvalit: 0.011591 bestmemit:   18.613752  -10.613428    1.000000    0.038343    0.090230
Iteration: 212 bestvalit: 0.011591 bestmemit:   19.096448  -11.264780    1.000000    0.001795    0.094010
Iteration: 213 bestvalit: 0.011589 bestmemit:   18.613752  -10.613428    1.000000    0.007912    0.090230
Iteration: 214 bestvalit: 0.011589 bestmemit:   18.613752  -10.613428    1.000000    0.007912    0.090230
Iteration: 215 bestvalit: 0.011589 bestmemit:   18.613752  -10.613428    1.000000    0.007912    0.090230
Iteration: 216 bestvalit: 0.011589 bestmemit:   18.613752  -10.613428    1.000000    0.007912    0.090230
Iteration: 217 bestvalit: 0.011589 bestmemit:   18.613752  -10.613428    1.000000    0.007912    0.090230
Iteration: 218 bestvalit: 0.011588 bestmemit:   19.581094  -11.190661    1.000000    0.029700    0.077786
Iteration: 219 bestvalit: 0.011588 bestmemit:   19.581094  -11.190661    1.000000    0.029700    0.077786
Iteration: 220 bestvalit: 0.011588 bestmemit:   19.581094  -11.190661    1.000000    0.029700    0.077786
Iteration: 221 bestvalit: 0.011588 bestmemit:   19.581094  -11.190661    1.000000    0.029700    0.077786
Iteration: 222 bestvalit: 0.011588 bestmemit:   19.581094  -11.190661    1.000000    0.029700    0.077786
Iteration: 223 bestvalit: 0.011588 bestmemit:   19.581094  -11.190661    1.000000    0.029700    0.077786
Iteration: 224 bestvalit: 0.011588 bestmemit:   19.581094  -11.190661    1.000000    0.029700    0.077786
Iteration: 225 bestvalit: 0.011588 bestmemit:   19.581094  -11.190661    1.000000    0.029700    0.077786
Iteration: 226 bestvalit: 0.011588 bestmemit:   19.581094  -11.190661    1.000000    0.029700    0.077786
Iteration: 227 bestvalit: 0.011588 bestmemit:   19.581094  -11.190661    1.000000    0.029700    0.077786
Iteration: 228 bestvalit: 0.011588 bestmemit:   19.581094  -11.190661    1.000000    0.029700    0.077786
Iteration: 229 bestvalit: 0.011588 bestmemit:   19.581094  -11.190661    1.000000    0.029700    0.077786
Iteration: 230 bestvalit: 0.011588 bestmemit:   19.581094  -11.190661    1.000000    0.029700    0.077786
Iteration: 231 bestvalit: 0.011587 bestmemit:   19.197161  -10.935062    1.000000    0.011340    0.067249
Iteration: 232 bestvalit: 0.011587 bestmemit:   19.197161  -10.935062    1.000000    0.011340    0.067249
Iteration: 233 bestvalit: 0.011586 bestmemit:   18.491829  -10.048120    1.000000    0.008045    0.066262
Iteration: 234 bestvalit: 0.011586 bestmemit:   18.491829  -10.048120    1.000000    0.008045    0.066262
Iteration: 235 bestvalit: 0.011585 bestmemit:   18.925316  -10.499569    1.000000    0.021332    0.068912
Iteration: 236 bestvalit: 0.011585 bestmemit:   18.925316  -10.499569    1.000000    0.021332    0.068912
Iteration: 237 bestvalit: 0.011585 bestmemit:   18.925316  -10.499569    1.000000    0.021332    0.068912
Iteration: 238 bestvalit: 0.011585 bestmemit:   18.925316  -10.499569    1.000000    0.021332    0.068912
Iteration: 239 bestvalit: 0.011584 bestmemit:   19.197161  -10.935062    1.000000    0.001165    0.067249
Iteration: 240 bestvalit: 0.011583 bestmemit:   19.128415  -10.935062    1.000000    0.001165    0.078813
Iteration: 241 bestvalit: 0.011583 bestmemit:   19.128415  -10.935062    1.000000    0.001165    0.078813
Iteration: 242 bestvalit: 0.011583 bestmemit:   19.128415  -10.935062    1.000000    0.001165    0.078813
Iteration: 243 bestvalit: 0.011583 bestmemit:   19.128415  -10.935062    1.000000    0.001165    0.078813
Iteration: 244 bestvalit: 0.011583 bestmemit:   19.128415  -10.935062    1.000000    0.001165    0.078813
Iteration: 245 bestvalit: 0.011583 bestmemit:   19.128415  -10.935062    1.000000    0.001165    0.078813
Iteration: 246 bestvalit: 0.011583 bestmemit:   19.128415  -10.935062    1.000000    0.001165    0.078813
Iteration: 247 bestvalit: 0.011583 bestmemit:   19.128415  -10.935062    1.000000    0.001165    0.078813
Iteration: 248 bestvalit: 0.011583 bestmemit:   19.128415  -10.935062    1.000000    0.001165    0.078813
Iteration: 249 bestvalit: 0.011583 bestmemit:   18.925316  -10.499569    1.000000    0.003343    0.068912
Iteration: 250 bestvalit: 0.011583 bestmemit:   18.925316  -10.499569    1.000000    0.003343    0.068912
Iteration: 251 bestvalit: 0.011583 bestmemit:   18.925316  -10.499569    1.000000    0.003343    0.068912
Iteration: 252 bestvalit: 0.011583 bestmemit:   18.925316  -10.499569    1.000000    0.003343    0.068912
Iteration: 253 bestvalit: 0.011583 bestmemit:   18.925316  -10.499569    1.000000    0.003343    0.068912
Iteration: 254 bestvalit: 0.011583 bestmemit:   18.925316  -10.499569    1.000000    0.003343    0.068912
Iteration: 255 bestvalit: 0.011583 bestmemit:   18.925316  -10.499569    1.000000    0.003343    0.068912
Iteration: 256 bestvalit: 0.011583 bestmemit:   18.679220  -10.416261    1.000000    0.004429    0.071462
Iteration: 257 bestvalit: 0.011583 bestmemit:   18.679220  -10.416261    1.000000    0.004429    0.071462
Iteration: 258 bestvalit: 0.011583 bestmemit:   18.679220  -10.416261    1.000000    0.004429    0.071462
Iteration: 259 bestvalit: 0.011583 bestmemit:   18.679220  -10.416261    1.000000    0.004429    0.071462
Iteration: 260 bestvalit: 0.011583 bestmemit:   18.679220  -10.416261    1.000000    0.004429    0.071462
Iteration: 261 bestvalit: 0.011583 bestmemit:   18.679220  -10.416261    1.000000    0.004429    0.071462
Iteration: 262 bestvalit: 0.011582 bestmemit:   18.925316  -10.499569    1.000000    0.003343    0.063305
Iteration: 263 bestvalit: 0.011582 bestmemit:   18.796796  -10.600167    1.000000    0.001192    0.070348
Iteration: 264 bestvalit: 0.011582 bestmemit:   18.796796  -10.600167    1.000000    0.001192    0.070348
Iteration: 265 bestvalit: 0.011582 bestmemit:   18.796796  -10.600167    1.000000    0.001192    0.070348
Iteration: 266 bestvalit: 0.011582 bestmemit:   18.796796  -10.600167    1.000000    0.001192    0.070348
Iteration: 267 bestvalit: 0.011582 bestmemit:   18.796796  -10.600167    1.000000    0.001192    0.070348
Iteration: 268 bestvalit: 0.011582 bestmemit:   18.935630  -10.712530    1.000000    0.001360    0.075272
Iteration: 269 bestvalit: 0.011582 bestmemit:   18.973312  -10.577669    1.000000    0.000053    0.062139
Iteration: 270 bestvalit: 0.011582 bestmemit:   18.973312  -10.577669    1.000000    0.000053    0.062139
Iteration: 271 bestvalit: 0.011582 bestmemit:   18.973312  -10.577669    1.000000    0.000053    0.062139
Iteration: 272 bestvalit: 0.011582 bestmemit:   18.973312  -10.577669    1.000000    0.002036    0.064066
Iteration: 273 bestvalit: 0.011582 bestmemit:   18.973312  -10.577669    1.000000    0.000588    0.064066
Iteration: 274 bestvalit: 0.011582 bestmemit:   18.973312  -10.577669    1.000000    0.000588    0.064066
Iteration: 275 bestvalit: 0.011582 bestmemit:   18.973312  -10.577669    1.000000    0.000588    0.064066
Iteration: 276 bestvalit: 0.011582 bestmemit:   18.887656  -10.600167    1.000000    0.001192    0.070348
Iteration: 277 bestvalit: 0.011582 bestmemit:   18.887656  -10.600167    1.000000    0.001192    0.070348
Iteration: 278 bestvalit: 0.011582 bestmemit:   18.887656  -10.600167    1.000000    0.001192    0.070348
Iteration: 279 bestvalit: 0.011582 bestmemit:   18.843565  -10.582390    1.000000    0.000947    0.070333
Iteration: 280 bestvalit: 0.011582 bestmemit:   18.926472  -10.601087    1.000000    0.000612    0.068440
Iteration: 281 bestvalit: 0.011582 bestmemit:   18.926472  -10.601087    1.000000    0.000612    0.068440
Iteration: 282 bestvalit: 0.011582 bestmemit:   18.843565  -10.582390    1.000000    0.000263    0.070333
Iteration: 283 bestvalit: 0.011582 bestmemit:   18.843565  -10.582390    1.000000    0.000263    0.070333
Iteration: 284 bestvalit: 0.011582 bestmemit:   18.843565  -10.582390    1.000000    0.000263    0.070333
Iteration: 285 bestvalit: 0.011582 bestmemit:   18.926472  -10.601087    1.000000    0.000236    0.067443
Iteration: 286 bestvalit: 0.011582 bestmemit:   18.926472  -10.601087    1.000000    0.000236    0.067443
Iteration: 287 bestvalit: 0.011582 bestmemit:   18.926472  -10.601087    1.000000    0.000236    0.067443
Iteration: 288 bestvalit: 0.011582 bestmemit:   18.926472  -10.601087    1.000000    0.000236    0.067443
Iteration: 289 bestvalit: 0.011582 bestmemit:   18.926472  -10.601087    1.000000    0.000236    0.067443
Iteration: 290 bestvalit: 0.011582 bestmemit:   18.926472  -10.601087    1.000000    0.000236    0.067443
Iteration: 291 bestvalit: 0.011582 bestmemit:   18.926472  -10.601087    1.000000    0.000236    0.067443
Iteration: 292 bestvalit: 0.011582 bestmemit:   18.926472  -10.601087    1.000000    0.000236    0.067443
Iteration: 293 bestvalit: 0.011582 bestmemit:   18.926472  -10.601087    1.000000    0.000236    0.067443
Iteration: 294 bestvalit: 0.011582 bestmemit:   18.924565  -10.607795    1.000000    0.000339    0.068872
Iteration: 295 bestvalit: 0.011582 bestmemit:   18.924565  -10.607795    1.000000    0.000339    0.068872
Iteration: 296 bestvalit: 0.011582 bestmemit:   18.924565  -10.607795    1.000000    0.000339    0.068872
Iteration: 297 bestvalit: 0.011582 bestmemit:   18.912767  -10.557903    1.000000    0.000135    0.067194
Iteration: 298 bestvalit: 0.011582 bestmemit:   18.912767  -10.557903    1.000000    0.000135    0.067194
Iteration: 299 bestvalit: 0.011582 bestmemit:   18.912767  -10.557903    1.000000    0.000135    0.067194
Iteration: 300 bestvalit: 0.011582 bestmemit:   18.901577  -10.610082    1.000000    0.000057    0.069785
Iteration: 301 bestvalit: 0.011582 bestmemit:   18.832786  -10.515115    1.000000    0.000135    0.067194
Iteration: 302 bestvalit: 0.011582 bestmemit:   18.854381  -10.523430    1.000000    0.000163    0.067190
Iteration: 303 bestvalit: 0.011582 bestmemit:   18.854381  -10.523430    1.000000    0.000163    0.067190
Iteration: 304 bestvalit: 0.011582 bestmemit:   18.854381  -10.523430    1.000000    0.000163    0.067190
Iteration: 305 bestvalit: 0.011582 bestmemit:   18.854381  -10.523430    1.000000    0.000025    0.067190
Iteration: 306 bestvalit: 0.011582 bestmemit:   18.854381  -10.523430    1.000000    0.000025    0.067190
Iteration: 307 bestvalit: 0.011582 bestmemit:   18.854381  -10.523430    1.000000    0.000025    0.067190
Iteration: 308 bestvalit: 0.011582 bestmemit:   18.854381  -10.523430    1.000000    0.000025    0.067190
Iteration: 309 bestvalit: 0.011582 bestmemit:   18.854381  -10.523430    1.000000    0.000025    0.067190
Iteration: 310 bestvalit: 0.011582 bestmemit:   18.854381  -10.523430    1.000000    0.000025    0.067190
Iteration: 311 bestvalit: 0.011582 bestmemit:   18.854381  -10.523430    1.000000    0.000025    0.067190
Iteration: 312 bestvalit: 0.011581 bestmemit:   18.848690  -10.528645    1.000000    0.000002    0.068350
Iteration: 313 bestvalit: 0.011581 bestmemit:   18.848690  -10.528645    1.000000    0.000002    0.068350
Iteration: 314 bestvalit: 0.011581 bestmemit:   18.826335  -10.528133    1.000000    0.000017    0.068425
Iteration: 315 bestvalit: 0.011581 bestmemit:   18.826335  -10.528133    1.000000    0.000017    0.068425
Iteration: 316 bestvalit: 0.011581 bestmemit:   18.830761  -10.528645    1.000000    0.000002    0.068350
Iteration: 317 bestvalit: 0.011581 bestmemit:   18.830761  -10.528645    1.000000    0.000002    0.068350
Iteration: 318 bestvalit: 0.011581 bestmemit:   18.830761  -10.528645    1.000000    0.000002    0.068350
Iteration: 319 bestvalit: 0.011581 bestmemit:   18.830761  -10.528645    1.000000    0.000002    0.068350
Iteration: 320 bestvalit: 0.011581 bestmemit:   18.830761  -10.528645    1.000000    0.000002    0.068350
Iteration: 321 bestvalit: 0.011581 bestmemit:   18.830761  -10.528645    1.000000    0.000002    0.068350
Iteration: 322 bestvalit: 0.011581 bestmemit:   18.830761  -10.528645    1.000000    0.000002    0.068350
Iteration: 323 bestvalit: 0.011581 bestmemit:   18.830761  -10.528645    1.000000    0.000002    0.068350
Iteration: 324 bestvalit: 0.011581 bestmemit:   18.830761  -10.528645    1.000000    0.000002    0.068350
Iteration: 325 bestvalit: 0.011581 bestmemit:   18.830761  -10.528645    1.000000    0.000002    0.068350
Iteration: 326 bestvalit: 0.011581 bestmemit:   18.830761  -10.528645    1.000000    0.000002    0.068350
Iteration: 327 bestvalit: 0.011581 bestmemit:   18.830761  -10.528645    1.000000    0.000002    0.068350
Iteration: 328 bestvalit: 0.011581 bestmemit:   18.830761  -10.528645    1.000000    0.000002    0.068350
Iteration: 329 bestvalit: 0.011581 bestmemit:   18.830761  -10.528645    1.000000    0.000002    0.068350
Iteration: 330 bestvalit: 0.011581 bestmemit:   18.830761  -10.528645    1.000000    0.000002    0.068350
Iteration: 331 bestvalit: 0.011581 bestmemit:   18.853071  -10.529602    1.000000    0.000007    0.067710
Iteration: 332 bestvalit: 0.011581 bestmemit:   18.853071  -10.529602    1.000000    0.000007    0.067710
Iteration: 333 bestvalit: 0.011581 bestmemit:   18.855877  -10.538567    1.000000    0.000000    0.067818
Iteration: 334 bestvalit: 0.011581 bestmemit:   18.855877  -10.538567    1.000000    0.000000    0.067818
Iteration: 335 bestvalit: 0.011581 bestmemit:   18.855877  -10.538567    1.000000    0.000000    0.067818
Iteration: 336 bestvalit: 0.011581 bestmemit:   18.855877  -10.538567    1.000000    0.000000    0.067818
Iteration: 337 bestvalit: 0.011581 bestmemit:   18.855877  -10.538567    1.000000    0.000000    0.067818
Iteration: 338 bestvalit: 0.011581 bestmemit:   18.855877  -10.538567    1.000000    0.000000    0.067818
Iteration: 339 bestvalit: 0.011581 bestmemit:   18.855877  -10.538567    1.000000    0.000000    0.067818
Iteration: 340 bestvalit: 0.011581 bestmemit:   18.855877  -10.538567    1.000000    0.000000    0.067818
Iteration: 341 bestvalit: 0.011581 bestmemit:   18.855877  -10.538567    1.000000    0.000000    0.067818
Iteration: 342 bestvalit: 0.011581 bestmemit:   18.855877  -10.538567    1.000000    0.000000    0.067818
Iteration: 343 bestvalit: 0.011581 bestmemit:   18.855877  -10.538567    1.000000    0.000000    0.067818
Iteration: 344 bestvalit: 0.011581 bestmemit:   18.855877  -10.538567    1.000000    0.000000    0.067818
Iteration: 345 bestvalit: 0.011581 bestmemit:   18.855877  -10.538567    1.000000    0.000000    0.067818
Iteration: 346 bestvalit: 0.011581 bestmemit:   18.855877  -10.538567    1.000000    0.000000    0.067818
Iteration: 347 bestvalit: 0.011581 bestmemit:   18.843523  -10.538254    1.000000    0.000001    0.068382
Iteration: 348 bestvalit: 0.011581 bestmemit:   18.843523  -10.538254    1.000000    0.000001    0.068382
Iteration: 349 bestvalit: 0.011581 bestmemit:   18.860431  -10.543020    1.000000    0.000003    0.067984
Iteration: 350 bestvalit: 0.011581 bestmemit:   18.860431  -10.543020    1.000000    0.000003    0.067984
Iteration: 351 bestvalit: 0.011581 bestmemit:   18.860431  -10.543020    1.000000    0.000003    0.067984
Iteration: 352 bestvalit: 0.011581 bestmemit:   18.860431  -10.543020    1.000000    0.000003    0.067984
Iteration: 353 bestvalit: 0.011581 bestmemit:   18.847641  -10.540214    1.000000    0.000004    0.068409
Iteration: 354 bestvalit: 0.011581 bestmemit:   18.855877  -10.538567    1.000000    0.000000    0.068029
Iteration: 355 bestvalit: 0.011581 bestmemit:   18.855877  -10.538567    1.000000    0.000000    0.068029
Iteration: 356 bestvalit: 0.011581 bestmemit:   18.858813  -10.543125    1.000000    0.000000    0.068029
Iteration: 357 bestvalit: 0.011581 bestmemit:   18.858813  -10.543125    1.000000    0.000000    0.068029
Iteration: 358 bestvalit: 0.011581 bestmemit:   18.858813  -10.543125    1.000000    0.000000    0.068029
Iteration: 359 bestvalit: 0.011581 bestmemit:   18.858813  -10.543125    1.000000    0.000000    0.068029
Iteration: 360 bestvalit: 0.011581 bestmemit:   18.858813  -10.543125    1.000000    0.000000    0.068029
Iteration: 361 bestvalit: 0.011581 bestmemit:   18.858813  -10.543125    1.000000    0.000000    0.068029
Iteration: 362 bestvalit: 0.011581 bestmemit:   18.858813  -10.543125    1.000000    0.000000    0.068029
Iteration: 363 bestvalit: 0.011581 bestmemit:   18.858813  -10.543125    1.000000    0.000000    0.068029
Iteration: 364 bestvalit: 0.011581 bestmemit:   18.858813  -10.543125    1.000000    0.000000    0.068029
Iteration: 365 bestvalit: 0.011581 bestmemit:   18.858813  -10.543125    1.000000    0.000000    0.068029
Iteration: 366 bestvalit: 0.011581 bestmemit:   18.858813  -10.543125    1.000000    0.000000    0.068029
Iteration: 367 bestvalit: 0.011581 bestmemit:   18.858813  -10.543125    1.000000    0.000000    0.068029
Iteration: 368 bestvalit: 0.011581 bestmemit:   18.858813  -10.543125    1.000000    0.000000    0.068029
Iteration: 369 bestvalit: 0.011581 bestmemit:   18.849755  -10.536345    1.000000    0.000002    0.068101
Iteration: 370 bestvalit: 0.011581 bestmemit:   18.849755  -10.536345    1.000000    0.000002    0.068101
Iteration: 371 bestvalit: 0.011581 bestmemit:   18.849755  -10.536345    1.000000    0.000002    0.068101
Iteration: 372 bestvalit: 0.011581 bestmemit:   18.857291  -10.543776    1.000000    0.000002    0.068192
Iteration: 373 bestvalit: 0.011581 bestmemit:   18.857291  -10.543776    1.000000    0.000002    0.068192
Iteration: 374 bestvalit: 0.011581 bestmemit:   18.857291  -10.543776    1.000000    0.000002    0.068192
Iteration: 375 bestvalit: 0.011581 bestmemit:   18.857291  -10.543776    1.000000    0.000002    0.068192
Iteration: 376 bestvalit: 0.011581 bestmemit:   18.857291  -10.543776    1.000000    0.000002    0.068192
Iteration: 377 bestvalit: 0.011581 bestmemit:   18.857291  -10.543776    1.000000    0.000002    0.068192
Iteration: 378 bestvalit: 0.011581 bestmemit:   18.857291  -10.543776    1.000000    0.000002    0.068192
Iteration: 379 bestvalit: 0.011581 bestmemit:   18.857291  -10.543776    1.000000    0.000002    0.068192
Iteration: 380 bestvalit: 0.011581 bestmemit:   18.857291  -10.543776    1.000000    0.000002    0.068192
Iteration: 381 bestvalit: 0.011581 bestmemit:   18.856784  -10.544570    1.000000    0.000000    0.068183
Iteration: 382 bestvalit: 0.011581 bestmemit:   18.856784  -10.544570    1.000000    0.000000    0.068183
Iteration: 383 bestvalit: 0.011581 bestmemit:   18.856784  -10.544570    1.000000    0.000000    0.068183
Iteration: 384 bestvalit: 0.011581 bestmemit:   18.851743  -10.539478    1.000000    0.000001    0.068146
Iteration: 385 bestvalit: 0.011581 bestmemit:   18.851743  -10.539478    1.000000    0.000001    0.068146
Iteration: 386 bestvalit: 0.011581 bestmemit:   18.851743  -10.539478    1.000000    0.000001    0.068146
Iteration: 387 bestvalit: 0.011581 bestmemit:   18.849680  -10.537429    1.000000    0.000000    0.068153
Iteration: 388 bestvalit: 0.011581 bestmemit:   18.853564  -10.541223    1.000000    0.000001    0.068172
Iteration: 389 bestvalit: 0.011581 bestmemit:   18.853564  -10.541223    1.000000    0.000001    0.068172
Iteration: 390 bestvalit: 0.011581 bestmemit:   18.853564  -10.541223    1.000000    0.000001    0.068172
Iteration: 391 bestvalit: 0.011581 bestmemit:   18.853564  -10.541223    1.000000    0.000001    0.068172
Iteration: 392 bestvalit: 0.011581 bestmemit:   18.853564  -10.541223    1.000000    0.000001    0.068172
Iteration: 393 bestvalit: 0.011581 bestmemit:   18.853564  -10.541223    1.000000    0.000001    0.068172
Iteration: 394 bestvalit: 0.011581 bestmemit:   18.853564  -10.541223    1.000000    0.000001    0.068172
Iteration: 395 bestvalit: 0.011581 bestmemit:   18.853564  -10.541223    1.000000    0.000001    0.068172
Iteration: 396 bestvalit: 0.011581 bestmemit:   18.853662  -10.540816    1.000000    0.000000    0.068148
Iteration: 397 bestvalit: 0.011581 bestmemit:   18.853662  -10.540816    1.000000    0.000000    0.068148
Iteration: 398 bestvalit: 0.011581 bestmemit:   18.853545  -10.540496    1.000000    0.000000    0.068164
Iteration: 399 bestvalit: 0.011581 bestmemit:   18.853545  -10.540496    1.000000    0.000000    0.068164
Iteration: 400 bestvalit: 0.011581 bestmemit:   18.853545  -10.540496    1.000000    0.000000    0.068164
Iteration: 401 bestvalit: 0.011581 bestmemit:   18.853545  -10.540496    1.000000    0.000000    0.068164
Iteration: 402 bestvalit: 0.011581 bestmemit:   18.853545  -10.540496    1.000000    0.000000    0.068164
Iteration: 403 bestvalit: 0.011581 bestmemit:   18.853564  -10.541223    1.000000    0.000000    0.068172
Iteration: 404 bestvalit: 0.011581 bestmemit:   18.853564  -10.541223    1.000000    0.000000    0.068172
Iteration: 405 bestvalit: 0.011581 bestmemit:   18.853564  -10.541223    1.000000    0.000000    0.068172
Iteration: 406 bestvalit: 0.011581 bestmemit:   18.853564  -10.541223    1.000000    0.000000    0.068172
Iteration: 407 bestvalit: 0.011581 bestmemit:   18.853602  -10.541223    1.000000    0.000000    0.068172
Iteration: 408 bestvalit: 0.011581 bestmemit:   18.853355  -10.540810    1.000000    0.000000    0.068182
Iteration: 409 bestvalit: 0.011581 bestmemit:   18.853355  -10.540810    1.000000    0.000000    0.068182
Iteration: 410 bestvalit: 0.011581 bestmemit:   18.853355  -10.540810    1.000000    0.000000    0.068182
Iteration: 411 bestvalit: 0.011581 bestmemit:   18.853355  -10.540810    1.000000    0.000000    0.068182
Iteration: 412 bestvalit: 0.011581 bestmemit:   18.853355  -10.540810    1.000000    0.000000    0.068182
Iteration: 413 bestvalit: 0.011581 bestmemit:   18.853355  -10.540810    1.000000    0.000000    0.068182
Iteration: 414 bestvalit: 0.011581 bestmemit:   18.853355  -10.540810    1.000000    0.000000    0.068182
Iteration: 415 bestvalit: 0.011581 bestmemit:   18.852395  -10.540679    1.000000    0.000000    0.068200
Iteration: 416 bestvalit: 0.011581 bestmemit:   18.853106  -10.540867    1.000000    0.000000    0.068180
Iteration: 417 bestvalit: 0.011581 bestmemit:   18.853106  -10.540867    1.000000    0.000000    0.068180
Iteration: 418 bestvalit: 0.011581 bestmemit:   18.853106  -10.540867    1.000000    0.000000    0.068180
Iteration: 419 bestvalit: 0.011581 bestmemit:   18.853106  -10.540867    1.000000    0.000000    0.068180
Iteration: 420 bestvalit: 0.011581 bestmemit:   18.853106  -10.540867    1.000000    0.000000    0.068180
Iteration: 421 bestvalit: 0.011581 bestmemit:   18.853106  -10.540867    1.000000    0.000000    0.068180
Iteration: 422 bestvalit: 0.011581 bestmemit:   18.853106  -10.540867    1.000000    0.000000    0.068180
Iteration: 423 bestvalit: 0.011581 bestmemit:   18.853106  -10.540867    1.000000    0.000000    0.068180
Iteration: 424 bestvalit: 0.011581 bestmemit:   18.852430  -10.540688    1.000000    0.000000    0.068206
Iteration: 425 bestvalit: 0.011581 bestmemit:   18.853602  -10.541649    1.000000    0.000000    0.068203
Iteration: 426 bestvalit: 0.011581 bestmemit:   18.853602  -10.541649    1.000000    0.000000    0.068203
Iteration: 427 bestvalit: 0.011581 bestmemit:   18.853602  -10.541649    1.000000    0.000000    0.068203
Iteration: 428 bestvalit: 0.011581 bestmemit:   18.852659  -10.540873    1.000000    0.000000    0.068204
Iteration: 429 bestvalit: 0.011581 bestmemit:   18.852659  -10.540873    1.000000    0.000000    0.068204
Iteration: 430 bestvalit: 0.011581 bestmemit:   18.852659  -10.540873    1.000000    0.000000    0.068204
Iteration: 431 bestvalit: 0.011581 bestmemit:   18.852743  -10.540781    1.000000    0.000000    0.068197
Iteration: 432 bestvalit: 0.011581 bestmemit:   18.852743  -10.540781    1.000000    0.000000    0.068197
Iteration: 433 bestvalit: 0.011581 bestmemit:   18.853106  -10.540867    1.000000    0.000000    0.068180
Iteration: 434 bestvalit: 0.011581 bestmemit:   18.852702  -10.540705    1.000000    0.000000    0.068190
Iteration: 435 bestvalit: 0.011581 bestmemit:   18.852702  -10.540705    1.000000    0.000000    0.068190
Iteration: 436 bestvalit: 0.011581 bestmemit:   18.853231  -10.541144    1.000000    0.000000    0.068197
Iteration: 437 bestvalit: 0.011581 bestmemit:   18.853602  -10.541649    1.000000    0.000000    0.068204
Iteration: 438 bestvalit: 0.011581 bestmemit:   18.853193  -10.541241    1.000000    0.000000    0.068201
Iteration: 439 bestvalit: 0.011581 bestmemit:   18.853193  -10.541241    1.000000    0.000000    0.068201
Iteration: 440 bestvalit: 0.011581 bestmemit:   18.853193  -10.541241    1.000000    0.000000    0.068201
Iteration: 441 bestvalit: 0.011581 bestmemit:   18.853193  -10.541241    1.000000    0.000000    0.068201
Iteration: 442 bestvalit: 0.011581 bestmemit:   18.853193  -10.541241    1.000000    0.000000    0.068201
Iteration: 443 bestvalit: 0.011581 bestmemit:   18.853193  -10.541241    1.000000    0.000000    0.068201
Iteration: 444 bestvalit: 0.011581 bestmemit:   18.853193  -10.541241    1.000000    0.000000    0.068201
Iteration: 445 bestvalit: 0.011581 bestmemit:   18.853193  -10.541241    1.000000    0.000000    0.068201
Iteration: 446 bestvalit: 0.011581 bestmemit:   18.853193  -10.541241    1.000000    0.000000    0.068201
Iteration: 447 bestvalit: 0.011581 bestmemit:   18.853193  -10.541241    1.000000    0.000000    0.068201
Iteration: 448 bestvalit: 0.011581 bestmemit:   18.853193  -10.541241    1.000000    0.000000    0.068201
Iteration: 449 bestvalit: 0.011581 bestmemit:   18.853193  -10.541241    1.000000    0.000000    0.068201
Iteration: 450 bestvalit: 0.011581 bestmemit:   18.853193  -10.541241    1.000000    0.000000    0.068201
Iteration: 451 bestvalit: 0.011581 bestmemit:   18.853231  -10.541144    1.000000    0.000000    0.068194
Iteration: 452 bestvalit: 0.011581 bestmemit:   18.853193  -10.541241    1.000000    0.000000    0.068201

***** summary of DEoptim object ***** 
best member   :  18.85319 -10.54124 1 0 0.0682 
best value    :  0.01158 
after         :  452 generations 
fn evaluated  :  906 times 
*************************************
