SLURM_JOB_ID: 55403028
SLURM_JOB_USER: vsc34066
SLURM_JOB_ACCOUNT: lp_desenderlab
SLURM_JOB_NAME: par_recov_alternating_fb_sim_alpha_learn.slurm
SLURM_CLUSTER_NAME: genius
SLURM_JOB_PARTITION: batch
SLURM_ARRAY_JOB_ID: 55402977
SLURM_ARRAY_TASK_ID: 51
SLURM_NNODES: 1
SLURM_NODELIST: r23i27n03
SLURM_JOB_CPUS_PER_NODE: 8
Date: Sun Dec  3 23:44:03 CET 2023
Walltime: 01-06:00:00
========================================================================
Iteration: 1 bestvalit: 0.026492 bestmemit:   23.099026  -43.847031    1.000000   14.665893  999.260783
Iteration: 2 bestvalit: 0.026492 bestmemit:   23.099026  -43.847031    1.000000   14.665893  999.260783
Iteration: 3 bestvalit: 0.026492 bestmemit:   23.099026  -43.847031    1.000000   14.665893  999.260783
Iteration: 4 bestvalit: 0.026492 bestmemit:   23.099026  -43.847031    1.000000   14.665893  999.260783
Iteration: 5 bestvalit: 0.026492 bestmemit:   23.099026  -43.847031    1.000000   14.665893  999.260783
Iteration: 6 bestvalit: 0.026492 bestmemit:   23.099026  -43.847031    1.000000   14.665893  999.260783
Iteration: 7 bestvalit: 0.026492 bestmemit:   23.099026  -43.847031    1.000000   14.665893  999.260783
Iteration: 8 bestvalit: 0.026492 bestmemit:   23.099026  -43.847031    1.000000   14.665893  999.260783
Iteration: 9 bestvalit: 0.026391 bestmemit:   20.022945  -77.324325    1.000000  214.064701   19.899834
Iteration: 10 bestvalit: 0.026391 bestmemit:   20.022945  -77.324325    1.000000  214.064701   19.899834
Iteration: 11 bestvalit: 0.026391 bestmemit:   20.022945  -77.324325    1.000000  214.064701   19.899834
Iteration: 12 bestvalit: 0.026391 bestmemit:   20.022945  -77.324325    1.000000  214.064701   19.899834
Iteration: 13 bestvalit: 0.026391 bestmemit:   20.022945  -77.324325    1.000000  214.064701   19.899834
Iteration: 14 bestvalit: 0.026391 bestmemit:   20.022945  -77.324325    1.000000  214.064701   19.899834
Iteration: 15 bestvalit: 0.022592 bestmemit:   29.949738  -61.945459    1.000000 1073.829405    1.331203
Iteration: 16 bestvalit: 0.021073 bestmemit:   23.459652  -52.259914    1.000000  142.058598  357.214369
Iteration: 17 bestvalit: 0.010798 bestmemit:   29.949738  -61.945459    1.000000  380.329578    1.331203
Iteration: 18 bestvalit: 0.010798 bestmemit:   29.949738  -61.945459    1.000000  380.329578    1.331203
Iteration: 19 bestvalit: 0.009257 bestmemit:   41.575603    2.090113    1.000000    5.726513  357.214369
Iteration: 20 bestvalit: 0.009257 bestmemit:   41.575603    2.090113    1.000000    5.726513  357.214369
Iteration: 21 bestvalit: 0.009257 bestmemit:   41.575603    2.090113    1.000000    5.726513  357.214369
Iteration: 22 bestvalit: 0.009257 bestmemit:   41.575603    2.090113    1.000000    5.726513  357.214369
Iteration: 23 bestvalit: 0.009257 bestmemit:   41.575603    2.090113    1.000000    5.726513  357.214369
Iteration: 24 bestvalit: 0.009257 bestmemit:   41.575603    2.090113    1.000000    5.726513  357.214369
Iteration: 25 bestvalit: 0.009019 bestmemit:   41.575603    2.090113    1.000000    5.726513  323.236201
Iteration: 26 bestvalit: 0.009019 bestmemit:   41.575603    2.090113    1.000000    5.726513  323.236201
Iteration: 27 bestvalit: 0.009019 bestmemit:   41.575603    2.090113    1.000000    5.726513  323.236201
Iteration: 28 bestvalit: 0.008989 bestmemit:   35.914352  -60.080541    1.000000    5.335975  282.964232
Iteration: 29 bestvalit: 0.008989 bestmemit:   35.914352  -60.080541    1.000000    5.335975  282.964232
Iteration: 30 bestvalit: 0.008989 bestmemit:   35.914352  -60.080541    1.000000    5.335975  282.964232
Iteration: 31 bestvalit: 0.008989 bestmemit:   35.914352  -60.080541    1.000000    5.335975  282.964232
Iteration: 32 bestvalit: 0.008989 bestmemit:   35.914352  -60.080541    1.000000    5.335975  282.964232
Iteration: 33 bestvalit: 0.008829 bestmemit:   37.081545  -52.538874    1.000000    9.869111  231.607693
Iteration: 34 bestvalit: 0.008829 bestmemit:   37.081545  -52.538874    1.000000    9.869111  231.607693
Iteration: 35 bestvalit: 0.008741 bestmemit:   35.914352  -60.080541    1.000000    5.335975  239.233016
Iteration: 36 bestvalit: 0.006253 bestmemit:   27.534528  -22.190987    1.000000   45.958541    1.331203
Iteration: 37 bestvalit: 0.006253 bestmemit:   27.534528  -22.190987    1.000000   45.958541    1.331203
Iteration: 38 bestvalit: 0.006253 bestmemit:   27.534528  -22.190987    1.000000   45.958541    1.331203
Iteration: 39 bestvalit: 0.006253 bestmemit:   27.534528  -22.190987    1.000000   45.958541    1.331203
Iteration: 40 bestvalit: 0.006253 bestmemit:   27.534528  -22.190987    1.000000   45.958541    1.331203
Iteration: 41 bestvalit: 0.006253 bestmemit:   27.534528  -22.190987    1.000000   45.958541    1.331203
Iteration: 42 bestvalit: 0.006253 bestmemit:   27.534528  -22.190987    1.000000   45.958541    1.331203
Iteration: 43 bestvalit: 0.006253 bestmemit:   27.534528  -22.190987    1.000000   45.958541    1.331203
Iteration: 44 bestvalit: 0.006253 bestmemit:   27.534528  -22.190987    1.000000   45.958541    1.331203
Iteration: 45 bestvalit: 0.006100 bestmemit:   29.628952  -22.190987    1.000000   45.958541    1.331203
Iteration: 46 bestvalit: 0.006078 bestmemit:   29.628952  -24.582692    1.000000   45.958541    1.331203
Iteration: 47 bestvalit: 0.006078 bestmemit:   29.628952  -24.582692    1.000000   45.958541    1.331203
Iteration: 48 bestvalit: 0.006078 bestmemit:   29.628952  -24.582692    1.000000   45.958541    1.331203
Iteration: 49 bestvalit: 0.006078 bestmemit:   29.628952  -24.582692    1.000000   45.958541    1.331203
Iteration: 50 bestvalit: 0.006078 bestmemit:   29.628952  -24.582692    1.000000   45.958541    1.331203
Iteration: 51 bestvalit: 0.005942 bestmemit:   36.683761  -19.345420    1.000000   45.958541    1.331203
Iteration: 52 bestvalit: 0.005942 bestmemit:   36.683761  -19.345420    1.000000   45.958541    1.331203
Iteration: 53 bestvalit: 0.005807 bestmemit:   41.889345  -19.345420    1.000000   45.958541    1.331203
Iteration: 54 bestvalit: 0.005588 bestmemit:   43.553211  -33.227337    1.000000   60.214894    0.534431
Iteration: 55 bestvalit: 0.005588 bestmemit:   43.553211  -33.227337    1.000000   60.214894    0.534431
Iteration: 56 bestvalit: 0.005494 bestmemit:   45.473640  -26.994282    1.000000   60.214894    0.534431
Iteration: 57 bestvalit: 0.005494 bestmemit:   45.473640  -26.994282    1.000000   60.214894    0.534431
Iteration: 58 bestvalit: 0.005339 bestmemit:   45.059838  -26.270581    1.000000   45.958541    1.331203
Iteration: 59 bestvalit: 0.004855 bestmemit:   44.014287  -25.996876    1.000000   25.671392    1.498957
Iteration: 60 bestvalit: 0.004772 bestmemit:   48.751924  -16.100180    1.000000   25.671392    1.498957
Iteration: 61 bestvalit: 0.004772 bestmemit:   48.751924  -16.100180    1.000000   25.671392    1.498957
Iteration: 62 bestvalit: 0.004772 bestmemit:   48.751924  -16.100180    1.000000   25.671392    1.498957
Iteration: 63 bestvalit: 0.004772 bestmemit:   48.751924  -16.100180    1.000000   25.671392    1.498957
Iteration: 64 bestvalit: 0.004772 bestmemit:   48.751924  -16.100180    1.000000   25.671392    1.498957
Iteration: 65 bestvalit: 0.004530 bestmemit:   44.603576  -19.610670    1.000000   13.730161    3.238999
Iteration: 66 bestvalit: 0.004249 bestmemit:   48.751924  -19.703138    1.000000    4.720443    1.498957
Iteration: 67 bestvalit: 0.004249 bestmemit:   48.751924  -19.703138    1.000000    4.720443    1.498957
Iteration: 68 bestvalit: 0.003954 bestmemit:   42.011114  -13.167284    1.000000    8.307008    1.476077
Iteration: 69 bestvalit: 0.003954 bestmemit:   42.011114  -13.167284    1.000000    8.307008    1.476077
Iteration: 70 bestvalit: 0.003954 bestmemit:   42.408411  -13.167284    1.000000    8.307008    1.476077
Iteration: 71 bestvalit: 0.003954 bestmemit:   42.408411  -13.167284    1.000000    8.307008    1.476077
Iteration: 72 bestvalit: 0.003954 bestmemit:   42.408411  -13.167284    1.000000    8.307008    1.476077
Iteration: 73 bestvalit: 0.003954 bestmemit:   42.408411  -13.167284    1.000000    8.307008    1.476077
Iteration: 74 bestvalit: 0.003954 bestmemit:   42.408411  -13.167284    1.000000    8.307008    1.476077
Iteration: 75 bestvalit: 0.003954 bestmemit:   42.408411  -13.167284    1.000000    8.307008    1.476077
Iteration: 76 bestvalit: 0.003954 bestmemit:   42.408411  -13.167284    1.000000    8.307008    1.476077
Iteration: 77 bestvalit: 0.003954 bestmemit:   42.408411  -13.167284    1.000000    8.307008    1.476077
Iteration: 78 bestvalit: 0.003954 bestmemit:   42.408411  -13.167284    1.000000    8.307008    1.476077
Iteration: 79 bestvalit: 0.003833 bestmemit:   40.287736  -10.640892    1.000000    5.005366    0.104796
Iteration: 80 bestvalit: 0.003833 bestmemit:   40.287736  -10.640892    1.000000    5.005366    0.104796
Iteration: 81 bestvalit: 0.003833 bestmemit:   40.287736  -10.640892    1.000000    5.005366    0.104796
Iteration: 82 bestvalit: 0.003826 bestmemit:   40.603654  -10.640892    1.000000    5.005366    0.104796
Iteration: 83 bestvalit: 0.003826 bestmemit:   40.603654  -10.640892    1.000000    5.005366    0.104796
Iteration: 84 bestvalit: 0.003826 bestmemit:   40.603654  -10.640892    1.000000    5.005366    0.104796
Iteration: 85 bestvalit: 0.003826 bestmemit:   40.603654  -10.640892    1.000000    5.005366    0.104796
Iteration: 86 bestvalit: 0.003754 bestmemit:   38.875296  -10.640892    1.000000    5.005366    0.646959
Iteration: 87 bestvalit: 0.003754 bestmemit:   38.875296  -10.640892    1.000000    5.005366    0.646959
Iteration: 88 bestvalit: 0.003728 bestmemit:   36.978448   -9.541082    1.000000    1.615482    0.020848
Iteration: 89 bestvalit: 0.003728 bestmemit:   36.978448   -9.541082    1.000000    1.615482    0.020848
Iteration: 90 bestvalit: 0.003717 bestmemit:   40.403149   -8.483747    1.000000    4.577123    0.340442
Iteration: 91 bestvalit: 0.003717 bestmemit:   40.403149   -8.483747    1.000000    4.577123    0.340442
Iteration: 92 bestvalit: 0.003685 bestmemit:   37.976806   -8.120332    1.000000    2.055184    0.291808
Iteration: 93 bestvalit: 0.003685 bestmemit:   37.976806   -8.120332    1.000000    2.055184    0.291808
Iteration: 94 bestvalit: 0.003624 bestmemit:   34.598147   -7.727068    1.000000    2.048214    0.283608
Iteration: 95 bestvalit: 0.003624 bestmemit:   34.598147   -7.727068    1.000000    2.048214    0.283608
Iteration: 96 bestvalit: 0.003624 bestmemit:   34.598147   -7.727068    1.000000    2.048214    0.283608
Iteration: 97 bestvalit: 0.003624 bestmemit:   34.598147   -7.727068    1.000000    2.048214    0.283608
Iteration: 98 bestvalit: 0.003624 bestmemit:   34.598147   -7.727068    1.000000    2.048214    0.283608
Iteration: 99 bestvalit: 0.003624 bestmemit:   34.598147   -7.727068    1.000000    2.048214    0.283608
Iteration: 100 bestvalit: 0.003624 bestmemit:   34.598147   -7.727068    1.000000    2.048214    0.283608
Iteration: 101 bestvalit: 0.003624 bestmemit:   34.598147   -7.727068    1.000000    2.048214    0.283608
Iteration: 102 bestvalit: 0.003624 bestmemit:   34.598147   -7.727068    1.000000    2.048214    0.283608
Iteration: 103 bestvalit: 0.003624 bestmemit:   34.598147   -7.727068    1.000000    2.048214    0.283608
Iteration: 104 bestvalit: 0.003624 bestmemit:   34.598147   -7.727068    1.000000    2.048214    0.283608
Iteration: 105 bestvalit: 0.003624 bestmemit:   34.598147   -7.727068    1.000000    2.048214    0.283608
Iteration: 106 bestvalit: 0.003583 bestmemit:   23.378383    0.558758    1.000000    1.793814    0.292904
Iteration: 107 bestvalit: 0.003583 bestmemit:   23.378383    0.558758    1.000000    1.793814    0.292904
Iteration: 108 bestvalit: 0.003583 bestmemit:   23.378383    0.558758    1.000000    1.793814    0.292904
Iteration: 109 bestvalit: 0.003583 bestmemit:   23.378383    0.558758    1.000000    1.793814    0.292904
Iteration: 110 bestvalit: 0.003580 bestmemit:   28.605332   -1.854686    1.000000    2.237179    0.197968
Iteration: 111 bestvalit: 0.003580 bestmemit:   28.605332   -1.854686    1.000000    2.237179    0.197968
Iteration: 112 bestvalit: 0.003580 bestmemit:   23.378383    0.558758    1.000000    1.693906    0.292904
Iteration: 113 bestvalit: 0.003572 bestmemit:   31.500333   -4.044640    1.000000    2.143562    0.146719
Iteration: 114 bestvalit: 0.003572 bestmemit:   31.500333   -4.044640    1.000000    2.143562    0.146719
Iteration: 115 bestvalit: 0.003535 bestmemit:   30.374043   -4.510402    1.000000    0.969525    0.056778
Iteration: 116 bestvalit: 0.003535 bestmemit:   30.374043   -4.510402    1.000000    0.969525    0.056778
Iteration: 117 bestvalit: 0.003532 bestmemit:   25.838812   -2.574650    1.000000    0.722470    0.029814
Iteration: 118 bestvalit: 0.003502 bestmemit:   25.838812   -2.574650    1.000000    0.182285    0.029814
Iteration: 119 bestvalit: 0.003502 bestmemit:   25.838812   -2.574650    1.000000    0.182285    0.029814
Iteration: 120 bestvalit: 0.003502 bestmemit:   25.838812   -2.574650    1.000000    0.182285    0.029814
Iteration: 121 bestvalit: 0.003502 bestmemit:   25.838812   -2.574650    1.000000    0.182285    0.029814
Iteration: 122 bestvalit: 0.003502 bestmemit:   25.838812   -2.574650    1.000000    0.182285    0.029814
Iteration: 123 bestvalit: 0.003502 bestmemit:   25.838812   -2.574650    1.000000    0.182285    0.029814
Iteration: 124 bestvalit: 0.003502 bestmemit:   25.838812   -2.574650    1.000000    0.182285    0.029814
Iteration: 125 bestvalit: 0.003492 bestmemit:   24.957056   -1.729229    1.000000    0.016842    0.058723
Iteration: 126 bestvalit: 0.003492 bestmemit:   24.957056   -1.729229    1.000000    0.016842    0.058723
Iteration: 127 bestvalit: 0.003492 bestmemit:   24.957056   -1.729229    1.000000    0.016842    0.058723
Iteration: 128 bestvalit: 0.003492 bestmemit:   24.957056   -1.729229    1.000000    0.016842    0.058723
Iteration: 129 bestvalit: 0.003492 bestmemit:   24.957056   -1.729229    1.000000    0.016842    0.058723
Iteration: 130 bestvalit: 0.003492 bestmemit:   24.957056   -1.729229    1.000000    0.016842    0.058723
Iteration: 131 bestvalit: 0.003492 bestmemit:   24.957056   -1.729229    1.000000    0.016842    0.058723
Iteration: 132 bestvalit: 0.003491 bestmemit:   24.765808   -1.676090    1.000000    0.142682    0.038926
Iteration: 133 bestvalit: 0.003491 bestmemit:   24.765808   -1.676090    1.000000    0.142682    0.038926
Iteration: 134 bestvalit: 0.003491 bestmemit:   24.765808   -1.676090    1.000000    0.142682    0.038926
Iteration: 135 bestvalit: 0.003491 bestmemit:   24.765808   -1.676090    1.000000    0.142682    0.038926
Iteration: 136 bestvalit: 0.003491 bestmemit:   24.765808   -1.676090    1.000000    0.142682    0.038926
Iteration: 137 bestvalit: 0.003491 bestmemit:   24.765808   -1.676090    1.000000    0.142682    0.038926
Iteration: 138 bestvalit: 0.003491 bestmemit:   24.765808   -1.676090    1.000000    0.142682    0.038926
Iteration: 139 bestvalit: 0.003491 bestmemit:   24.765808   -1.676090    1.000000    0.142682    0.038926
Iteration: 140 bestvalit: 0.003491 bestmemit:   24.765808   -1.676090    1.000000    0.142682    0.038926
Iteration: 141 bestvalit: 0.003490 bestmemit:   24.765808   -1.611022    1.000000    0.142682    0.038926
Iteration: 142 bestvalit: 0.003490 bestmemit:   24.765808   -1.611022    1.000000    0.142682    0.038926
Iteration: 143 bestvalit: 0.003490 bestmemit:   24.765808   -1.611022    1.000000    0.142682    0.038926
Iteration: 144 bestvalit: 0.003490 bestmemit:   24.765808   -1.611022    1.000000    0.142682    0.038926
Iteration: 145 bestvalit: 0.003490 bestmemit:   24.441562   -1.331337    1.000000    0.227291    0.023900
Iteration: 146 bestvalit: 0.003490 bestmemit:   24.441562   -1.331337    1.000000    0.227291    0.023900
Iteration: 147 bestvalit: 0.003490 bestmemit:   24.441562   -1.331337    1.000000    0.227291    0.023900
Iteration: 148 bestvalit: 0.003490 bestmemit:   24.128032   -0.976960    1.000000    0.100146    0.033954
Iteration: 149 bestvalit: 0.003490 bestmemit:   24.128032   -0.976960    1.000000    0.100146    0.033954
Iteration: 150 bestvalit: 0.003489 bestmemit:   24.765808   -1.611022    1.000000    0.142682    0.017187
Iteration: 151 bestvalit: 0.003489 bestmemit:   24.765808   -1.611022    1.000000    0.142682    0.017187
Iteration: 152 bestvalit: 0.003489 bestmemit:   24.765808   -1.611022    1.000000    0.142682    0.017187
Iteration: 153 bestvalit: 0.003489 bestmemit:   24.765808   -1.611022    1.000000    0.142682    0.017187
Iteration: 154 bestvalit: 0.003488 bestmemit:   24.466629   -1.111692    1.000000    0.236089    0.008095
Iteration: 155 bestvalit: 0.003488 bestmemit:   24.466629   -1.111692    1.000000    0.236089    0.008095
Iteration: 156 bestvalit: 0.003488 bestmemit:   24.466629   -1.111692    1.000000    0.236089    0.008095
Iteration: 157 bestvalit: 0.003485 bestmemit:   24.957056   -1.729229    1.000000    0.016842    0.003688
Iteration: 158 bestvalit: 0.003485 bestmemit:   24.957056   -1.729229    1.000000    0.016842    0.003688
Iteration: 159 bestvalit: 0.003485 bestmemit:   24.957056   -1.729229    1.000000    0.016842    0.003688
Iteration: 160 bestvalit: 0.003485 bestmemit:   24.957056   -1.729229    1.000000    0.016842    0.003688
Iteration: 161 bestvalit: 0.003485 bestmemit:   24.327722   -1.187346    1.000000    0.040108    0.006091
Iteration: 162 bestvalit: 0.003485 bestmemit:   24.327722   -1.187346    1.000000    0.000584    0.006091
Iteration: 163 bestvalit: 0.003485 bestmemit:   24.327722   -1.187346    1.000000    0.000584    0.006091
Iteration: 164 bestvalit: 0.003485 bestmemit:   24.327722   -1.187346    1.000000    0.000584    0.006091
Iteration: 165 bestvalit: 0.003485 bestmemit:   24.327722   -1.187346    1.000000    0.000584    0.006091
Iteration: 166 bestvalit: 0.003485 bestmemit:   24.327722   -1.187346    1.000000    0.000584    0.006091
Iteration: 167 bestvalit: 0.003485 bestmemit:   24.327722   -1.187346    1.000000    0.000584    0.006091
Iteration: 168 bestvalit: 0.003485 bestmemit:   24.327722   -1.187346    1.000000    0.000584    0.006091
Iteration: 169 bestvalit: 0.003485 bestmemit:   24.327722   -1.187346    1.000000    0.000584    0.006091
Iteration: 170 bestvalit: 0.003485 bestmemit:   24.327722   -1.187346    1.000000    0.000584    0.006091
Iteration: 171 bestvalit: 0.003485 bestmemit:   24.327722   -1.187346    1.000000    0.000584    0.006091
Iteration: 172 bestvalit: 0.003484 bestmemit:   24.474782   -1.283312    1.000000    0.035161    0.000669
Iteration: 173 bestvalit: 0.003484 bestmemit:   24.474782   -1.283312    1.000000    0.035161    0.000669
Iteration: 174 bestvalit: 0.003484 bestmemit:   24.474782   -1.283312    1.000000    0.035161    0.000669
Iteration: 175 bestvalit: 0.003484 bestmemit:   24.474782   -1.283312    1.000000    0.035161    0.000669
Iteration: 176 bestvalit: 0.003484 bestmemit:   24.474782   -1.283312    1.000000    0.035161    0.000669
Iteration: 177 bestvalit: 0.003484 bestmemit:   24.474782   -1.283312    1.000000    0.035161    0.000669
Iteration: 178 bestvalit: 0.003484 bestmemit:   24.172570   -1.187346    1.000000    0.000584    0.000162
Iteration: 179 bestvalit: 0.003484 bestmemit:   24.172570   -1.187346    1.000000    0.000584    0.000162
Iteration: 180 bestvalit: 0.003484 bestmemit:   24.172570   -1.187346    1.000000    0.000584    0.000162
Iteration: 181 bestvalit: 0.003484 bestmemit:   24.172570   -1.187346    1.000000    0.000584    0.000162
Iteration: 182 bestvalit: 0.003484 bestmemit:   24.172570   -1.187346    1.000000    0.000584    0.000162
Iteration: 183 bestvalit: 0.003484 bestmemit:   24.234512   -1.187346    1.000000    0.000584    0.000162
Iteration: 184 bestvalit: 0.003484 bestmemit:   24.234512   -1.187346    1.000000    0.000584    0.000162
Iteration: 185 bestvalit: 0.003484 bestmemit:   24.234512   -1.187346    1.000000    0.000584    0.000162
Iteration: 186 bestvalit: 0.003484 bestmemit:   24.234512   -1.187346    1.000000    0.000584    0.000162
Iteration: 187 bestvalit: 0.003484 bestmemit:   24.234512   -1.187346    1.000000    0.000584    0.000162
Iteration: 188 bestvalit: 0.003484 bestmemit:   24.234512   -1.187346    1.000000    0.000584    0.000162
Iteration: 189 bestvalit: 0.003484 bestmemit:   24.234512   -1.187346    1.000000    0.000584    0.000162
Iteration: 190 bestvalit: 0.003484 bestmemit:   24.234512   -1.187346    1.000000    0.000584    0.000162
Iteration: 191 bestvalit: 0.003484 bestmemit:   24.234512   -1.187346    1.000000    0.000584    0.000162
Iteration: 192 bestvalit: 0.003484 bestmemit:   24.234512   -1.187346    1.000000    0.000584    0.000162
Iteration: 193 bestvalit: 0.003484 bestmemit:   24.234512   -1.187346    1.000000    0.000584    0.000162
Iteration: 194 bestvalit: 0.003484 bestmemit:   24.234512   -1.187346    1.000000    0.000584    0.000162
Iteration: 195 bestvalit: 0.003484 bestmemit:   24.234512   -1.187346    1.000000    0.000584    0.000162
Iteration: 196 bestvalit: 0.003484 bestmemit:   24.234512   -1.187346    1.000000    0.000584    0.000162
Iteration: 197 bestvalit: 0.003484 bestmemit:   24.234512   -1.187346    1.000000    0.000584    0.000162
Iteration: 198 bestvalit: 0.003484 bestmemit:   24.234512   -1.187346    1.000000    0.000584    0.000162
Iteration: 199 bestvalit: 0.003484 bestmemit:   24.234512   -1.187346    1.000000    0.000584    0.000162
Iteration: 200 bestvalit: 0.003484 bestmemit:   24.234512   -1.187346    1.000000    0.000584    0.000162
Iteration: 201 bestvalit: 0.003484 bestmemit:   24.234512   -1.187346    1.000000    0.000584    0.000162
Iteration: 202 bestvalit: 0.003484 bestmemit:   24.234512   -1.187346    1.000000    0.000584    0.000162
Iteration: 203 bestvalit: 0.003484 bestmemit:   24.234512   -1.187346    1.000000    0.000584    0.000162
Iteration: 204 bestvalit: 0.003484 bestmemit:   24.234512   -1.187346    1.000000    0.000584    0.000162
Iteration: 205 bestvalit: 0.003484 bestmemit:   24.234512   -1.187346    1.000000    0.000584    0.000162
Iteration: 206 bestvalit: 0.003484 bestmemit:   24.234512   -1.187346    1.000000    0.000584    0.000162
Iteration: 207 bestvalit: 0.003484 bestmemit:   24.234512   -1.187346    1.000000    0.000584    0.000162
Iteration: 208 bestvalit: 0.003484 bestmemit:   24.234512   -1.187346    1.000000    0.000584    0.000162
Iteration: 209 bestvalit: 0.003484 bestmemit:   24.234512   -1.187346    1.000000    0.000584    0.000162
Iteration: 210 bestvalit: 0.003484 bestmemit:   24.286691   -1.220120    1.000000    0.000491    0.000187
Iteration: 211 bestvalit: 0.003484 bestmemit:   24.343283   -1.233672    1.000000    0.000537    0.000049
Iteration: 212 bestvalit: 0.003484 bestmemit:   24.343283   -1.233672    1.000000    0.000537    0.000049
Iteration: 213 bestvalit: 0.003484 bestmemit:   24.343283   -1.233672    1.000000    0.000537    0.000049
Iteration: 214 bestvalit: 0.003484 bestmemit:   24.343283   -1.233672    1.000000    0.000537    0.000049
Iteration: 215 bestvalit: 0.003484 bestmemit:   24.343283   -1.233672    1.000000    0.000537    0.000049
Iteration: 216 bestvalit: 0.003484 bestmemit:   24.343283   -1.233672    1.000000    0.000537    0.000049
Iteration: 217 bestvalit: 0.003484 bestmemit:   24.324865   -1.243517    1.000000    0.000731    0.000021
Iteration: 218 bestvalit: 0.003484 bestmemit:   24.324865   -1.243517    1.000000    0.000731    0.000021
Iteration: 219 bestvalit: 0.003484 bestmemit:   24.324865   -1.243517    1.000000    0.000731    0.000021
Iteration: 220 bestvalit: 0.003484 bestmemit:   24.324865   -1.243517    1.000000    0.000731    0.000021
Iteration: 221 bestvalit: 0.003484 bestmemit:   24.324865   -1.243517    1.000000    0.000731    0.000021
Iteration: 222 bestvalit: 0.003484 bestmemit:   24.324865   -1.243517    1.000000    0.000731    0.000021
Iteration: 223 bestvalit: 0.003484 bestmemit:   24.324865   -1.243517    1.000000    0.000731    0.000021
Iteration: 224 bestvalit: 0.003484 bestmemit:   24.297030   -1.217249    1.000000    0.000537    0.000049
Iteration: 225 bestvalit: 0.003484 bestmemit:   24.297030   -1.217249    1.000000    0.000537    0.000049
Iteration: 226 bestvalit: 0.003484 bestmemit:   24.358116   -1.257401    1.000000    0.000224    0.000040
Iteration: 227 bestvalit: 0.003484 bestmemit:   24.324865   -1.243517    1.000000    0.000346    0.000021
Iteration: 228 bestvalit: 0.003484 bestmemit:   24.324865   -1.243517    1.000000    0.000346    0.000021
Iteration: 229 bestvalit: 0.003484 bestmemit:   24.353721   -1.255988    1.000000    0.000427    0.000003
Iteration: 230 bestvalit: 0.003484 bestmemit:   24.353721   -1.255988    1.000000    0.000427    0.000003
Iteration: 231 bestvalit: 0.003484 bestmemit:   24.333575   -1.243189    1.000000    0.000427    0.000003
Iteration: 232 bestvalit: 0.003484 bestmemit:   24.292008   -1.218202    1.000000    0.000171    0.000014
Iteration: 233 bestvalit: 0.003484 bestmemit:   24.292008   -1.218202    1.000000    0.000171    0.000014
Iteration: 234 bestvalit: 0.003484 bestmemit:   24.292008   -1.218202    1.000000    0.000171    0.000014
Iteration: 235 bestvalit: 0.003484 bestmemit:   24.292008   -1.218202    1.000000    0.000171    0.000014
Iteration: 236 bestvalit: 0.003484 bestmemit:   24.308314   -1.224249    1.000000    0.000055    0.000011
Iteration: 237 bestvalit: 0.003484 bestmemit:   24.308314   -1.224249    1.000000    0.000055    0.000011
Iteration: 238 bestvalit: 0.003484 bestmemit:   24.308314   -1.224249    1.000000    0.000055    0.000011
Iteration: 239 bestvalit: 0.003484 bestmemit:   24.308314   -1.224249    1.000000    0.000055    0.000011
Iteration: 240 bestvalit: 0.003484 bestmemit:   24.309707   -1.228260    1.000000    0.000106    0.000002
Iteration: 241 bestvalit: 0.003484 bestmemit:   24.308488   -1.222920    1.000000    0.000004    0.000009
Iteration: 242 bestvalit: 0.003484 bestmemit:   24.308488   -1.222920    1.000000    0.000004    0.000009
Iteration: 243 bestvalit: 0.003484 bestmemit:   24.308488   -1.222920    1.000000    0.000004    0.000009
Iteration: 244 bestvalit: 0.003484 bestmemit:   24.308488   -1.222920    1.000000    0.000004    0.000009
Iteration: 245 bestvalit: 0.003484 bestmemit:   24.302781   -1.225413    1.000000    0.000031    0.000003
Iteration: 246 bestvalit: 0.003484 bestmemit:   24.302781   -1.225413    1.000000    0.000031    0.000003
Iteration: 247 bestvalit: 0.003484 bestmemit:   24.315339   -1.230713    1.000000    0.000047    0.000001
Iteration: 248 bestvalit: 0.003484 bestmemit:   24.315339   -1.230713    1.000000    0.000047    0.000001
Iteration: 249 bestvalit: 0.003484 bestmemit:   24.315339   -1.230713    1.000000    0.000047    0.000001
Iteration: 250 bestvalit: 0.003484 bestmemit:   24.315339   -1.230713    1.000000    0.000047    0.000001
Iteration: 251 bestvalit: 0.003484 bestmemit:   24.315339   -1.230713    1.000000    0.000047    0.000001
Iteration: 252 bestvalit: 0.003484 bestmemit:   24.315339   -1.230713    1.000000    0.000047    0.000001
Iteration: 253 bestvalit: 0.003484 bestmemit:   24.314233   -1.227474    1.000000    0.000008    0.000001
Iteration: 254 bestvalit: 0.003484 bestmemit:   24.314233   -1.227474    1.000000    0.000008    0.000001
Iteration: 255 bestvalit: 0.003484 bestmemit:   24.315339   -1.230713    1.000000    0.000003    0.000003
Iteration: 256 bestvalit: 0.003484 bestmemit:   24.311534   -1.228260    1.000000    0.000017    0.000001
Iteration: 257 bestvalit: 0.003484 bestmemit:   24.304444   -1.222920    1.000000    0.000015    0.000001
Iteration: 258 bestvalit: 0.003484 bestmemit:   24.304444   -1.222920    1.000000    0.000015    0.000001
Iteration: 259 bestvalit: 0.003484 bestmemit:   24.304444   -1.222920    1.000000    0.000015    0.000001
Iteration: 260 bestvalit: 0.003484 bestmemit:   24.304444   -1.222920    1.000000    0.000015    0.000001
Iteration: 261 bestvalit: 0.003484 bestmemit:   24.304444   -1.222920    1.000000    0.000015    0.000001
Iteration: 262 bestvalit: 0.003484 bestmemit:   24.304444   -1.222920    1.000000    0.000015    0.000001
Iteration: 263 bestvalit: 0.003484 bestmemit:   24.304444   -1.222920    1.000000    0.000015    0.000001
Iteration: 264 bestvalit: 0.003484 bestmemit:   24.304444   -1.222920    1.000000    0.000015    0.000001
Iteration: 265 bestvalit: 0.003484 bestmemit:   24.304444   -1.222920    1.000000    0.000015    0.000001
Iteration: 266 bestvalit: 0.003484 bestmemit:   24.304444   -1.222920    1.000000    0.000015    0.000001
Iteration: 267 bestvalit: 0.003484 bestmemit:   24.304444   -1.222920    1.000000    0.000015    0.000001
Iteration: 268 bestvalit: 0.003484 bestmemit:   24.305631   -1.224104    1.000000    0.000007    0.000000
Iteration: 269 bestvalit: 0.003484 bestmemit:   24.305631   -1.224104    1.000000    0.000007    0.000000
Iteration: 270 bestvalit: 0.003484 bestmemit:   24.305631   -1.224104    1.000000    0.000007    0.000000
Iteration: 271 bestvalit: 0.003484 bestmemit:   24.305631   -1.224104    1.000000    0.000007    0.000000
Iteration: 272 bestvalit: 0.003484 bestmemit:   24.305631   -1.224104    1.000000    0.000007    0.000000
Iteration: 273 bestvalit: 0.003484 bestmemit:   24.305631   -1.224104    1.000000    0.000007    0.000000
Iteration: 274 bestvalit: 0.003484 bestmemit:   24.305631   -1.224104    1.000000    0.000007    0.000000
Iteration: 275 bestvalit: 0.003484 bestmemit:   24.306519   -1.224865    1.000000    0.000003    0.000000
Iteration: 276 bestvalit: 0.003484 bestmemit:   24.306519   -1.224865    1.000000    0.000003    0.000000
Iteration: 277 bestvalit: 0.003484 bestmemit:   24.306519   -1.224865    1.000000    0.000003    0.000000
Iteration: 278 bestvalit: 0.003484 bestmemit:   24.306519   -1.224865    1.000000    0.000003    0.000000
Iteration: 279 bestvalit: 0.003484 bestmemit:   24.306519   -1.224865    1.000000    0.000003    0.000000
Iteration: 280 bestvalit: 0.003484 bestmemit:   24.306519   -1.224865    1.000000    0.000003    0.000000
Iteration: 281 bestvalit: 0.003484 bestmemit:   24.304339   -1.223295    1.000000    0.000002    0.000000
Iteration: 282 bestvalit: 0.003484 bestmemit:   24.304339   -1.223295    1.000000    0.000002    0.000000
Iteration: 283 bestvalit: 0.003484 bestmemit:   24.304339   -1.223295    1.000000    0.000002    0.000000
Iteration: 284 bestvalit: 0.003484 bestmemit:   24.304339   -1.223295    1.000000    0.000002    0.000000
Iteration: 285 bestvalit: 0.003484 bestmemit:   24.304339   -1.223295    1.000000    0.000002    0.000000
Iteration: 286 bestvalit: 0.003484 bestmemit:   24.304339   -1.223295    1.000000    0.000002    0.000000
Iteration: 287 bestvalit: 0.003484 bestmemit:   24.306536   -1.225327    1.000000    0.000001    0.000000
Iteration: 288 bestvalit: 0.003484 bestmemit:   24.306536   -1.225327    1.000000    0.000001    0.000000
Iteration: 289 bestvalit: 0.003484 bestmemit:   24.306536   -1.225327    1.000000    0.000001    0.000000
Iteration: 290 bestvalit: 0.003484 bestmemit:   24.306519   -1.224865    1.000000    0.000001    0.000000
Iteration: 291 bestvalit: 0.003484 bestmemit:   24.306519   -1.224865    1.000000    0.000001    0.000000
Iteration: 292 bestvalit: 0.003484 bestmemit:   24.306519   -1.224865    1.000000    0.000001    0.000000
Iteration: 293 bestvalit: 0.003484 bestmemit:   24.306519   -1.224865    1.000000    0.000001    0.000000
Iteration: 294 bestvalit: 0.003484 bestmemit:   24.306519   -1.224865    1.000000    0.000001    0.000000
Iteration: 295 bestvalit: 0.003484 bestmemit:   24.306519   -1.224865    1.000000    0.000001    0.000000
Iteration: 296 bestvalit: 0.003484 bestmemit:   24.306519   -1.224865    1.000000    0.000001    0.000000
Iteration: 297 bestvalit: 0.003484 bestmemit:   24.306519   -1.224865    1.000000    0.000001    0.000000
Iteration: 298 bestvalit: 0.003484 bestmemit:   24.306519   -1.224865    1.000000    0.000001    0.000000
Iteration: 299 bestvalit: 0.003484 bestmemit:   24.307076   -1.225293    1.000000    0.000001    0.000000
Iteration: 300 bestvalit: 0.003484 bestmemit:   24.307076   -1.225293    1.000000    0.000001    0.000000
Iteration: 301 bestvalit: 0.003484 bestmemit:   24.307076   -1.225293    1.000000    0.000001    0.000000
Iteration: 302 bestvalit: 0.003484 bestmemit:   24.307344   -1.225196    1.000000    0.000000    0.000000
Iteration: 303 bestvalit: 0.003484 bestmemit:   24.307344   -1.225196    1.000000    0.000000    0.000000
Iteration: 304 bestvalit: 0.003484 bestmemit:   24.307344   -1.225196    1.000000    0.000000    0.000000
Iteration: 305 bestvalit: 0.003484 bestmemit:   24.307476   -1.225472    1.000000    0.000000    0.000000
Iteration: 306 bestvalit: 0.003484 bestmemit:   24.307476   -1.225472    1.000000    0.000000    0.000000
Iteration: 307 bestvalit: 0.003484 bestmemit:   24.307476   -1.225472    1.000000    0.000000    0.000000
Iteration: 308 bestvalit: 0.003484 bestmemit:   24.307476   -1.225472    1.000000    0.000000    0.000000
Iteration: 309 bestvalit: 0.003484 bestmemit:   24.307476   -1.225472    1.000000    0.000000    0.000000
Iteration: 310 bestvalit: 0.003484 bestmemit:   24.307476   -1.225472    1.000000    0.000000    0.000000
Iteration: 311 bestvalit: 0.003484 bestmemit:   24.307476   -1.225472    1.000000    0.000000    0.000000
Iteration: 312 bestvalit: 0.003484 bestmemit:   24.307476   -1.225472    1.000000    0.000000    0.000000
Iteration: 313 bestvalit: 0.003484 bestmemit:   24.307476   -1.225472    1.000000    0.000000    0.000000
Iteration: 314 bestvalit: 0.003484 bestmemit:   24.307476   -1.225472    1.000000    0.000000    0.000000
Iteration: 315 bestvalit: 0.003484 bestmemit:   24.307476   -1.225472    1.000000    0.000000    0.000000
Iteration: 316 bestvalit: 0.003484 bestmemit:   24.307476   -1.225472    1.000000    0.000000    0.000000
Iteration: 317 bestvalit: 0.003484 bestmemit:   24.307435   -1.225472    1.000000    0.000000    0.000000
Iteration: 318 bestvalit: 0.003484 bestmemit:   24.307435   -1.225472    1.000000    0.000000    0.000000
Iteration: 319 bestvalit: 0.003484 bestmemit:   24.307435   -1.225472    1.000000    0.000000    0.000000
Iteration: 320 bestvalit: 0.003484 bestmemit:   24.307683   -1.225664    1.000000    0.000000    0.000000
Iteration: 321 bestvalit: 0.003484 bestmemit:   24.307683   -1.225664    1.000000    0.000000    0.000000
Iteration: 322 bestvalit: 0.003484 bestmemit:   24.307683   -1.225664    1.000000    0.000000    0.000000
Iteration: 323 bestvalit: 0.003484 bestmemit:   24.307683   -1.225664    1.000000    0.000000    0.000000
Iteration: 324 bestvalit: 0.003484 bestmemit:   24.307683   -1.225664    1.000000    0.000000    0.000000
Iteration: 325 bestvalit: 0.003484 bestmemit:   24.307683   -1.225664    1.000000    0.000000    0.000000
Iteration: 326 bestvalit: 0.003484 bestmemit:   24.307683   -1.225664    1.000000    0.000000    0.000000
Iteration: 327 bestvalit: 0.003484 bestmemit:   24.307683   -1.225664    1.000000    0.000000    0.000000
Iteration: 328 bestvalit: 0.003484 bestmemit:   24.307683   -1.225664    1.000000    0.000000    0.000000
Iteration: 329 bestvalit: 0.003484 bestmemit:   24.307683   -1.225664    1.000000    0.000000    0.000000
Iteration: 330 bestvalit: 0.003484 bestmemit:   24.307683   -1.225664    1.000000    0.000000    0.000000
Iteration: 331 bestvalit: 0.003484 bestmemit:   24.307683   -1.225664    1.000000    0.000000    0.000000
Iteration: 332 bestvalit: 0.003484 bestmemit:   24.307683   -1.225664    1.000000    0.000000    0.000000
Iteration: 333 bestvalit: 0.003484 bestmemit:   24.307683   -1.225651    1.000000    0.000000    0.000000
Iteration: 334 bestvalit: 0.003484 bestmemit:   24.307683   -1.225651    1.000000    0.000000    0.000000
Iteration: 335 bestvalit: 0.003484 bestmemit:   24.307683   -1.225651    1.000000    0.000000    0.000000
Iteration: 336 bestvalit: 0.003484 bestmemit:   24.307683   -1.225651    1.000000    0.000000    0.000000
Iteration: 337 bestvalit: 0.003484 bestmemit:   24.307683   -1.225651    1.000000    0.000000    0.000000
Iteration: 338 bestvalit: 0.003484 bestmemit:   24.307346   -1.225442    1.000000    0.000000    0.000000
Iteration: 339 bestvalit: 0.003484 bestmemit:   24.307275   -1.225378    1.000000    0.000000    0.000000
Iteration: 340 bestvalit: 0.003484 bestmemit:   24.307275   -1.225378    1.000000    0.000000    0.000000
Iteration: 341 bestvalit: 0.003484 bestmemit:   24.307275   -1.225378    1.000000    0.000000    0.000000
Iteration: 342 bestvalit: 0.003484 bestmemit:   24.307275   -1.225378    1.000000    0.000000    0.000000
Iteration: 343 bestvalit: 0.003484 bestmemit:   24.307229   -1.225341    1.000000    0.000000    0.000000
Iteration: 344 bestvalit: 0.003484 bestmemit:   24.307229   -1.225341    1.000000    0.000000    0.000000
Iteration: 345 bestvalit: 0.003484 bestmemit:   24.307229   -1.225341    1.000000    0.000000    0.000000
Iteration: 346 bestvalit: 0.003484 bestmemit:   24.307229   -1.225341    1.000000    0.000000    0.000000

***** summary of DEoptim object ***** 
best member   :  24.30723 -1.22534 1 0 0 
best value    :  0.00348 
after         :  346 generations 
fn evaluated  :  694 times 
*************************************
