SLURM_JOB_ID: 55402990
SLURM_JOB_USER: vsc34066
SLURM_JOB_ACCOUNT: lp_desenderlab
SLURM_JOB_NAME: par_recov_alternating_fb_sim_alpha_learn.slurm
SLURM_CLUSTER_NAME: genius
SLURM_JOB_PARTITION: batch
SLURM_ARRAY_JOB_ID: 55402977
SLURM_ARRAY_TASK_ID: 13
SLURM_NNODES: 1
SLURM_NODELIST: r22i27n09
SLURM_JOB_CPUS_PER_NODE: 8
Date: Sun Dec  3 23:43:59 CET 2023
Walltime: 01-06:00:00
========================================================================
Iteration: 1 bestvalit: 0.064759 bestmemit:   31.566222   38.634262    1.000000 1289.295626 6699.809611
Iteration: 2 bestvalit: 0.064759 bestmemit:   31.566222   38.634262    1.000000 1289.295626 6699.809611
Iteration: 3 bestvalit: 0.064759 bestmemit:   31.566222   38.634262    1.000000 1289.295626 6699.809611
Iteration: 4 bestvalit: 0.064759 bestmemit:   31.566222   38.634262    1.000000 1289.295626 6699.809611
Iteration: 5 bestvalit: 0.064759 bestmemit:   31.566222   38.634262    1.000000 1289.295626 6699.809611
Iteration: 6 bestvalit: 0.064173 bestmemit:   12.463969   29.964118    1.000000 3859.079571 8263.339126
Iteration: 7 bestvalit: 0.061566 bestmemit:   21.809792   48.677340    1.000000  781.314208 6918.684868
Iteration: 8 bestvalit: 0.061566 bestmemit:   21.809792   48.677340    1.000000  781.314208 6918.684868
Iteration: 9 bestvalit: 0.061566 bestmemit:   21.809792   48.677340    1.000000  781.314208 6918.684868
Iteration: 10 bestvalit: 0.061566 bestmemit:   21.809792   48.677340    1.000000  781.314208 6918.684868
Iteration: 11 bestvalit: 0.061566 bestmemit:   21.809792   48.677340    1.000000  781.314208 6918.684868
Iteration: 12 bestvalit: 0.058545 bestmemit:   11.633166   35.590748    1.000000  827.328502  199.646888
Iteration: 13 bestvalit: 0.058545 bestmemit:   11.633166   35.590748    1.000000  827.328502  199.646888
Iteration: 14 bestvalit: 0.058545 bestmemit:   11.633166   35.590748    1.000000  827.328502  199.646888
Iteration: 15 bestvalit: 0.046791 bestmemit:   11.633166   35.590748    1.000000  321.744182  199.646888
Iteration: 16 bestvalit: 0.046791 bestmemit:   11.633166   35.590748    1.000000  321.744182  199.646888
Iteration: 17 bestvalit: 0.046791 bestmemit:   11.633166   35.590748    1.000000  321.744182  199.646888
Iteration: 18 bestvalit: 0.046791 bestmemit:   11.633166   35.590748    1.000000  321.744182  199.646888
Iteration: 19 bestvalit: 0.046791 bestmemit:   11.633166   35.590748    1.000000  321.744182  199.646888
Iteration: 20 bestvalit: 0.040136 bestmemit:   11.633166   63.873239    1.000000  202.733559  199.646888
Iteration: 21 bestvalit: 0.040136 bestmemit:   11.633166   63.873239    1.000000  202.733559  199.646888
Iteration: 22 bestvalit: 0.040136 bestmemit:   11.633166   63.873239    1.000000  202.733559  199.646888
Iteration: 23 bestvalit: 0.040136 bestmemit:   11.633166   63.873239    1.000000  202.733559  199.646888
Iteration: 24 bestvalit: 0.040136 bestmemit:   11.633166   63.873239    1.000000  202.733559  199.646888
Iteration: 25 bestvalit: 0.040136 bestmemit:   11.633166   63.873239    1.000000  202.733559  199.646888
Iteration: 26 bestvalit: 0.031835 bestmemit:   19.060724   57.227509    1.000000  100.645023  336.852367
Iteration: 27 bestvalit: 0.028173 bestmemit:   10.900593   62.728251    1.000000   98.231367  102.023818
Iteration: 28 bestvalit: 0.027753 bestmemit:   10.900593  -28.310407    1.000000   98.231367  102.023818
Iteration: 29 bestvalit: 0.025332 bestmemit:   31.960474    8.194241    1.000000   47.510417  326.046584
Iteration: 30 bestvalit: 0.023215 bestmemit:   23.873726    8.194241    1.000000   47.510417  266.606236
Iteration: 31 bestvalit: 0.023215 bestmemit:   23.873726    8.194241    1.000000   47.510417  266.606236
Iteration: 32 bestvalit: 0.023215 bestmemit:   23.873726    8.194241    1.000000   47.510417  266.606236
Iteration: 33 bestvalit: 0.023215 bestmemit:   23.873726    8.194241    1.000000   47.510417  266.606236
Iteration: 34 bestvalit: 0.023215 bestmemit:   23.873726    8.194241    1.000000   47.510417  266.606236
Iteration: 35 bestvalit: 0.018673 bestmemit:   36.550545   32.267138    1.000000   36.309459   58.761352
Iteration: 36 bestvalit: 0.018673 bestmemit:   36.550545   32.267138    1.000000   36.309459   58.761352
Iteration: 37 bestvalit: 0.018673 bestmemit:   36.550545   32.267138    1.000000   36.309459   58.761352
Iteration: 38 bestvalit: 0.018297 bestmemit:   27.510383   32.267138    1.000000   36.309459   58.761352
Iteration: 39 bestvalit: 0.018297 bestmemit:   27.510383   32.267138    1.000000   36.309459   58.761352
Iteration: 40 bestvalit: 0.018297 bestmemit:   27.510383   32.267138    1.000000   36.309459   58.761352
Iteration: 41 bestvalit: 0.018297 bestmemit:   27.510383   32.267138    1.000000   36.309459   58.761352
Iteration: 42 bestvalit: 0.018297 bestmemit:   27.510383   32.267138    1.000000   36.309459   58.761352
Iteration: 43 bestvalit: 0.018297 bestmemit:   27.510383   32.267138    1.000000   36.309459   58.761352
Iteration: 44 bestvalit: 0.018297 bestmemit:   27.510383   32.267138    1.000000   36.309459   58.761352
Iteration: 45 bestvalit: 0.018297 bestmemit:   27.510383   32.267138    1.000000   36.309459   58.761352
Iteration: 46 bestvalit: 0.018297 bestmemit:   27.510383   32.267138    1.000000   36.309459   58.761352
Iteration: 47 bestvalit: 0.018297 bestmemit:   27.510383   32.267138    1.000000   36.309459   58.761352
Iteration: 48 bestvalit: 0.016435 bestmemit:   27.510383   -4.475032    1.000000   36.309459   58.761352
Iteration: 49 bestvalit: 0.016435 bestmemit:   27.510383   -4.475032    1.000000   36.309459   58.761352
Iteration: 50 bestvalit: 0.016435 bestmemit:   27.510383   -4.475032    1.000000   36.309459   58.761352
Iteration: 51 bestvalit: 0.016435 bestmemit:   27.510383   -4.475032    1.000000   36.309459   58.761352
Iteration: 52 bestvalit: 0.016435 bestmemit:   27.510383   -4.475032    1.000000   36.309459   58.761352
Iteration: 53 bestvalit: 0.014905 bestmemit:   27.510383   -4.475032    1.000000   36.309459   32.631913
Iteration: 54 bestvalit: 0.014905 bestmemit:   27.510383   -4.475032    1.000000   36.309459   32.631913
Iteration: 55 bestvalit: 0.014905 bestmemit:   27.510383   -4.475032    1.000000   36.309459   32.631913
Iteration: 56 bestvalit: 0.014905 bestmemit:   27.510383   -4.475032    1.000000   36.309459   32.631913
Iteration: 57 bestvalit: 0.014905 bestmemit:   27.510383   -4.475032    1.000000   36.309459   32.631913
Iteration: 58 bestvalit: 0.014905 bestmemit:   27.510383   -4.475032    1.000000   36.309459   32.631913
Iteration: 59 bestvalit: 0.014905 bestmemit:   27.510383   -4.475032    1.000000   36.309459   32.631913
Iteration: 60 bestvalit: 0.014905 bestmemit:   27.510383   -4.475032    1.000000   36.309459   32.631913
Iteration: 61 bestvalit: 0.014905 bestmemit:   27.510383   -4.475032    1.000000   36.309459   32.631913
Iteration: 62 bestvalit: 0.014905 bestmemit:   27.510383   -4.475032    1.000000   36.309459   32.631913
Iteration: 63 bestvalit: 0.013637 bestmemit:   21.485504  -12.739453    1.000000   19.003624    8.359698
Iteration: 64 bestvalit: 0.013637 bestmemit:   21.485504  -12.739453    1.000000   19.003624    8.359698
Iteration: 65 bestvalit: 0.013637 bestmemit:   21.485504  -12.739453    1.000000   19.003624    8.359698
Iteration: 66 bestvalit: 0.013637 bestmemit:   21.485504  -12.739453    1.000000   19.003624    8.359698
Iteration: 67 bestvalit: 0.013637 bestmemit:   21.485504  -12.739453    1.000000   19.003624    8.359698
Iteration: 68 bestvalit: 0.013324 bestmemit:   12.642566  -13.689679    1.000000   25.972795   21.208884
Iteration: 69 bestvalit: 0.013324 bestmemit:   12.642566  -13.689679    1.000000   25.972795   21.208884
Iteration: 70 bestvalit: 0.013261 bestmemit:    9.712033  -12.739453    1.000000   19.003624   24.774699
Iteration: 71 bestvalit: 0.012782 bestmemit:    2.704830   -4.834631    1.000000    5.346881   23.448968
Iteration: 72 bestvalit: 0.012782 bestmemit:    2.704830   -4.834631    1.000000    5.346881   23.448968
Iteration: 73 bestvalit: 0.012748 bestmemit:   26.985004  -15.525073    1.000000   19.481002   15.164385
Iteration: 74 bestvalit: 0.012247 bestmemit:   21.966271  -29.808455    1.000000    7.265542    8.209320
Iteration: 75 bestvalit: 0.012247 bestmemit:   21.966271  -29.808455    1.000000    7.265542    8.209320
Iteration: 76 bestvalit: 0.012247 bestmemit:   21.966271  -29.808455    1.000000    7.265542    8.209320
Iteration: 77 bestvalit: 0.012247 bestmemit:   21.966271  -29.808455    1.000000    7.265542    8.209320
Iteration: 78 bestvalit: 0.011042 bestmemit:   25.424746   -2.932147    1.000000    9.096701    2.764710
Iteration: 79 bestvalit: 0.011042 bestmemit:   25.424746   -2.932147    1.000000    9.096701    2.764710
Iteration: 80 bestvalit: 0.011042 bestmemit:   25.424746   -2.932147    1.000000    9.096701    2.764710
Iteration: 81 bestvalit: 0.011042 bestmemit:   25.424746   -2.932147    1.000000    9.096701    2.764710
Iteration: 82 bestvalit: 0.011042 bestmemit:   25.424746   -2.932147    1.000000    9.096701    2.764710
Iteration: 83 bestvalit: 0.011042 bestmemit:   25.424746   -2.932147    1.000000    9.096701    2.764710
Iteration: 84 bestvalit: 0.011024 bestmemit:    2.704830   -4.834631    1.000000    5.128992    8.945950
Iteration: 85 bestvalit: 0.011024 bestmemit:    2.704830   -4.834631    1.000000    5.128992    8.945950
Iteration: 86 bestvalit: 0.011024 bestmemit:    2.704830   -4.834631    1.000000    5.128992    8.945950
Iteration: 87 bestvalit: 0.011024 bestmemit:    2.704830   -4.834631    1.000000    5.128992    8.945950
Iteration: 88 bestvalit: 0.011024 bestmemit:    2.704830   -4.834631    1.000000    5.128992    8.945950
Iteration: 89 bestvalit: 0.011024 bestmemit:    2.704830   -4.834631    1.000000    5.128992    8.945950
Iteration: 90 bestvalit: 0.011024 bestmemit:    2.704830   -4.834631    1.000000    5.128992    8.945950
Iteration: 91 bestvalit: 0.011024 bestmemit:    2.704830   -4.834631    1.000000    5.128992    8.945950
Iteration: 92 bestvalit: 0.010898 bestmemit:   16.202513   -4.232838    1.000000    7.723958    3.949429
Iteration: 93 bestvalit: 0.010698 bestmemit:   16.202513   -4.232838    1.000000    6.800294    3.949429
Iteration: 94 bestvalit: 0.010698 bestmemit:   16.202513   -4.232838    1.000000    6.800294    3.949429
Iteration: 95 bestvalit: 0.010674 bestmemit:   10.442717   -1.208411    1.000000    5.524494    4.329818
Iteration: 96 bestvalit: 0.010674 bestmemit:   10.442717   -1.208411    1.000000    5.524494    4.329818
Iteration: 97 bestvalit: 0.010674 bestmemit:   10.442717   -1.208411    1.000000    5.524494    4.329818
Iteration: 98 bestvalit: 0.008244 bestmemit:   14.157807    5.236478    1.000000    1.665785    0.004639
Iteration: 99 bestvalit: 0.008244 bestmemit:   14.157807    5.236478    1.000000    1.665785    0.004639
Iteration: 100 bestvalit: 0.008244 bestmemit:   14.157807    5.236478    1.000000    1.665785    0.004639
Iteration: 101 bestvalit: 0.007901 bestmemit:   10.765381    5.236478    1.000000    1.665785    0.123442
Iteration: 102 bestvalit: 0.007901 bestmemit:   10.765381    5.236478    1.000000    1.665785    0.123442
Iteration: 103 bestvalit: 0.007901 bestmemit:   10.765381    5.236478    1.000000    1.665785    0.123442
Iteration: 104 bestvalit: 0.007901 bestmemit:   10.765381    5.236478    1.000000    1.665785    0.123442
Iteration: 105 bestvalit: 0.007901 bestmemit:   10.765381    5.236478    1.000000    1.665785    0.123442
Iteration: 106 bestvalit: 0.007901 bestmemit:   10.765381    5.236478    1.000000    1.665785    0.123442
Iteration: 107 bestvalit: 0.007901 bestmemit:   10.765381    5.236478    1.000000    1.665785    0.123442
Iteration: 108 bestvalit: 0.007901 bestmemit:   10.765381    5.236478    1.000000    1.665785    0.123442
Iteration: 109 bestvalit: 0.007901 bestmemit:   10.765381    5.236478    1.000000    1.665785    0.123442
Iteration: 110 bestvalit: 0.007901 bestmemit:   10.765381    5.236478    1.000000    1.665785    0.123442
Iteration: 111 bestvalit: 0.007901 bestmemit:   10.765381    5.236478    1.000000    1.665785    0.123442
Iteration: 112 bestvalit: 0.007901 bestmemit:   10.765381    5.236478    1.000000    1.665785    0.123442
Iteration: 113 bestvalit: 0.007901 bestmemit:   10.765381    5.236478    1.000000    1.665785    0.123442
Iteration: 114 bestvalit: 0.007847 bestmemit:   11.381068    5.236478    1.000000    1.665785    0.123442
Iteration: 115 bestvalit: 0.007847 bestmemit:   11.381068    5.236478    1.000000    1.665785    0.123442
Iteration: 116 bestvalit: 0.007847 bestmemit:   11.381068    5.236478    1.000000    1.665785    0.123442
Iteration: 117 bestvalit: 0.007767 bestmemit:   11.381068    5.966126    1.000000    1.665785    0.123442
Iteration: 118 bestvalit: 0.007767 bestmemit:   11.381068    5.966126    1.000000    1.665785    0.123442
Iteration: 119 bestvalit: 0.007767 bestmemit:   11.381068    5.966126    1.000000    1.665785    0.123442
Iteration: 120 bestvalit: 0.007767 bestmemit:   11.381068    5.966126    1.000000    1.665785    0.123442
Iteration: 121 bestvalit: 0.007767 bestmemit:   11.381068    5.966126    1.000000    1.665785    0.123442
Iteration: 122 bestvalit: 0.007767 bestmemit:   11.381068    5.966126    1.000000    1.665785    0.123442
Iteration: 123 bestvalit: 0.007767 bestmemit:   11.381068    5.966126    1.000000    1.665785    0.123442
Iteration: 124 bestvalit: 0.007767 bestmemit:   11.381068    5.966126    1.000000    1.665785    0.123442
Iteration: 125 bestvalit: 0.007767 bestmemit:   11.381068    5.966126    1.000000    1.665785    0.123442
Iteration: 126 bestvalit: 0.007638 bestmemit:   11.381068    5.966126    1.000000    0.993874    0.123442
Iteration: 127 bestvalit: 0.007638 bestmemit:   11.381068    5.966126    1.000000    0.993874    0.123442
Iteration: 128 bestvalit: 0.007638 bestmemit:   11.381068    5.966126    1.000000    0.993874    0.123442
Iteration: 129 bestvalit: 0.007638 bestmemit:   11.381068    5.966126    1.000000    0.993874    0.123442
Iteration: 130 bestvalit: 0.007638 bestmemit:   11.381068    5.966126    1.000000    0.993874    0.123442
Iteration: 131 bestvalit: 0.007638 bestmemit:   11.381068    5.966126    1.000000    0.993874    0.123442
Iteration: 132 bestvalit: 0.007638 bestmemit:   11.381068    5.966126    1.000000    0.993874    0.123442
Iteration: 133 bestvalit: 0.007638 bestmemit:   11.381068    5.966126    1.000000    0.993874    0.123442
Iteration: 134 bestvalit: 0.007638 bestmemit:   11.381068    5.966126    1.000000    0.993874    0.123442
Iteration: 135 bestvalit: 0.007638 bestmemit:   11.381068    5.966126    1.000000    0.993874    0.123442
Iteration: 136 bestvalit: 0.007638 bestmemit:   11.381068    5.966126    1.000000    0.993874    0.123442
Iteration: 137 bestvalit: 0.007638 bestmemit:   11.381068    5.966126    1.000000    0.993874    0.123442
Iteration: 138 bestvalit: 0.007638 bestmemit:   11.381068    5.966126    1.000000    0.993874    0.123442
Iteration: 139 bestvalit: 0.007638 bestmemit:   11.381068    5.966126    1.000000    0.993874    0.123442
Iteration: 140 bestvalit: 0.007638 bestmemit:   11.381068    5.966126    1.000000    0.993874    0.123442
Iteration: 141 bestvalit: 0.007638 bestmemit:   11.381068    5.966126    1.000000    0.993874    0.123442
Iteration: 142 bestvalit: 0.007638 bestmemit:   11.381068    5.966126    1.000000    0.993874    0.123442
Iteration: 143 bestvalit: 0.007638 bestmemit:   11.381068    5.966126    1.000000    0.993874    0.123442
Iteration: 144 bestvalit: 0.007638 bestmemit:   11.381068    5.966126    1.000000    0.993874    0.123442
Iteration: 145 bestvalit: 0.007587 bestmemit:    8.304584   -0.424883    1.000000    0.839368    0.907463
Iteration: 146 bestvalit: 0.007587 bestmemit:    8.304584   -0.424883    1.000000    0.839368    0.907463
Iteration: 147 bestvalit: 0.007587 bestmemit:    8.304584   -0.424883    1.000000    0.839368    0.907463
Iteration: 148 bestvalit: 0.007332 bestmemit:   13.852176    1.612026    1.000000    1.230715    0.288728
Iteration: 149 bestvalit: 0.007332 bestmemit:   13.852176    1.612026    1.000000    1.230715    0.288728
Iteration: 150 bestvalit: 0.007332 bestmemit:   13.852176    1.612026    1.000000    1.230715    0.288728
Iteration: 151 bestvalit: 0.007332 bestmemit:   13.852176    1.612026    1.000000    1.230715    0.288728
Iteration: 152 bestvalit: 0.007332 bestmemit:   13.852176    1.612026    1.000000    1.230715    0.288728
Iteration: 153 bestvalit: 0.007332 bestmemit:   13.852176    1.612026    1.000000    1.230715    0.288728
Iteration: 154 bestvalit: 0.007332 bestmemit:   13.852176    1.612026    1.000000    1.230715    0.288728
Iteration: 155 bestvalit: 0.007243 bestmemit:   11.565947    1.285672    1.000000    0.647010    0.413459
Iteration: 156 bestvalit: 0.006998 bestmemit:    8.770111    1.285672    1.000000    0.647010    0.413459
Iteration: 157 bestvalit: 0.006998 bestmemit:    8.770111    1.285672    1.000000    0.647010    0.413459
Iteration: 158 bestvalit: 0.006998 bestmemit:    8.770111    1.285672    1.000000    0.647010    0.413459
Iteration: 159 bestvalit: 0.006998 bestmemit:    8.770111    1.285672    1.000000    0.647010    0.413459
Iteration: 160 bestvalit: 0.006998 bestmemit:    8.770111    1.285672    1.000000    0.647010    0.413459
Iteration: 161 bestvalit: 0.006998 bestmemit:    8.770111    1.285672    1.000000    0.647010    0.413459
Iteration: 162 bestvalit: 0.006998 bestmemit:    8.770111    1.285672    1.000000    0.647010    0.413459
Iteration: 163 bestvalit: 0.006998 bestmemit:    8.770111    1.285672    1.000000    0.647010    0.413459
Iteration: 164 bestvalit: 0.006998 bestmemit:    8.770111    1.285672    1.000000    0.647010    0.413459
Iteration: 165 bestvalit: 0.006953 bestmemit:    8.770111    1.858706    1.000000    0.647010    0.413459
Iteration: 166 bestvalit: 0.006953 bestmemit:    8.770111    1.858706    1.000000    0.647010    0.413459
Iteration: 167 bestvalit: 0.006948 bestmemit:    8.970150    1.878460    1.000000    0.647010    0.413459
Iteration: 168 bestvalit: 0.006948 bestmemit:    8.970150    1.878460    1.000000    0.647010    0.413459
Iteration: 169 bestvalit: 0.006948 bestmemit:    8.970150    1.878460    1.000000    0.647010    0.413459
Iteration: 170 bestvalit: 0.006948 bestmemit:    8.970150    1.878460    1.000000    0.647010    0.413459
Iteration: 171 bestvalit: 0.006948 bestmemit:    8.970150    1.878460    1.000000    0.647010    0.413459
Iteration: 172 bestvalit: 0.006927 bestmemit:    8.970150    1.878460    1.000000    0.647010    0.338273
Iteration: 173 bestvalit: 0.006927 bestmemit:    8.970150    1.878460    1.000000    0.647010    0.338273
Iteration: 174 bestvalit: 0.006927 bestmemit:    8.970150    1.878460    1.000000    0.647010    0.338273
Iteration: 175 bestvalit: 0.006927 bestmemit:    8.970150    1.878460    1.000000    0.647010    0.338273
Iteration: 176 bestvalit: 0.006881 bestmemit:    8.970150    1.878460    1.000000    0.491290    0.338273
Iteration: 177 bestvalit: 0.006881 bestmemit:    8.970150    1.878460    1.000000    0.491290    0.338273
Iteration: 178 bestvalit: 0.006881 bestmemit:    8.970150    1.878460    1.000000    0.491290    0.338273
Iteration: 179 bestvalit: 0.006881 bestmemit:    8.970150    1.878460    1.000000    0.491290    0.338273
Iteration: 180 bestvalit: 0.006881 bestmemit:    8.970150    1.878460    1.000000    0.491290    0.338273
Iteration: 181 bestvalit: 0.006881 bestmemit:    8.970150    1.878460    1.000000    0.491290    0.338273
Iteration: 182 bestvalit: 0.006881 bestmemit:    8.970150    1.878460    1.000000    0.491290    0.338273
Iteration: 183 bestvalit: 0.006881 bestmemit:    8.970150    1.878460    1.000000    0.491290    0.338273
Iteration: 184 bestvalit: 0.006881 bestmemit:    8.970150    1.878460    1.000000    0.491290    0.338273
Iteration: 185 bestvalit: 0.006798 bestmemit:    8.579894    3.386404    1.000000    0.271096    0.101592
Iteration: 186 bestvalit: 0.006798 bestmemit:    8.579894    3.386404    1.000000    0.271096    0.101592
Iteration: 187 bestvalit: 0.006798 bestmemit:    8.579894    3.386404    1.000000    0.271096    0.101592
Iteration: 188 bestvalit: 0.006798 bestmemit:    8.579894    3.386404    1.000000    0.271096    0.101592
Iteration: 189 bestvalit: 0.006798 bestmemit:    8.579894    3.386404    1.000000    0.271096    0.101592
Iteration: 190 bestvalit: 0.006798 bestmemit:    8.579894    3.386404    1.000000    0.271096    0.101592
Iteration: 191 bestvalit: 0.006798 bestmemit:    8.579894    3.386404    1.000000    0.271096    0.101592
Iteration: 192 bestvalit: 0.006798 bestmemit:    8.579894    3.386404    1.000000    0.271096    0.101592
Iteration: 193 bestvalit: 0.006798 bestmemit:    8.579894    3.386404    1.000000    0.271096    0.101592
Iteration: 194 bestvalit: 0.006798 bestmemit:    8.579894    3.386404    1.000000    0.271096    0.101592
Iteration: 195 bestvalit: 0.006798 bestmemit:    8.579894    3.386404    1.000000    0.271096    0.101592
Iteration: 196 bestvalit: 0.006798 bestmemit:    8.579894    3.386404    1.000000    0.271096    0.101592
Iteration: 197 bestvalit: 0.006798 bestmemit:    8.579894    3.386404    1.000000    0.271096    0.101592
Iteration: 198 bestvalit: 0.006798 bestmemit:    8.579894    3.386404    1.000000    0.271096    0.101592
Iteration: 199 bestvalit: 0.006798 bestmemit:    8.579894    3.386404    1.000000    0.271096    0.101592
Iteration: 200 bestvalit: 0.006798 bestmemit:    8.579894    3.386404    1.000000    0.271096    0.101592
Iteration: 201 bestvalit: 0.006798 bestmemit:    8.579894    3.386404    1.000000    0.271096    0.101592
Iteration: 202 bestvalit: 0.006798 bestmemit:    8.579894    3.386404    1.000000    0.271096    0.101592
Iteration: 203 bestvalit: 0.006798 bestmemit:    8.579894    3.386404    1.000000    0.271096    0.101592
Iteration: 204 bestvalit: 0.006798 bestmemit:    8.579894    3.386404    1.000000    0.271096    0.101592
Iteration: 205 bestvalit: 0.006798 bestmemit:    8.579894    3.386404    1.000000    0.271096    0.101592
Iteration: 206 bestvalit: 0.006798 bestmemit:    8.579894    3.386404    1.000000    0.271096    0.101592
Iteration: 207 bestvalit: 0.006798 bestmemit:    8.579894    3.386404    1.000000    0.271096    0.101592
Iteration: 208 bestvalit: 0.006798 bestmemit:    8.579894    3.386404    1.000000    0.271096    0.101592
Iteration: 209 bestvalit: 0.006793 bestmemit:    6.628433    3.994618    1.000000    0.237114    0.142580
Iteration: 210 bestvalit: 0.006793 bestmemit:    6.628433    3.994618    1.000000    0.237114    0.142580
Iteration: 211 bestvalit: 0.006789 bestmemit:    5.748184    5.201876    1.000000    0.000346    0.009440
Iteration: 212 bestvalit: 0.006789 bestmemit:    5.748184    5.201876    1.000000    0.000346    0.009440
Iteration: 213 bestvalit: 0.006789 bestmemit:    5.748184    5.201876    1.000000    0.000346    0.009440
Iteration: 214 bestvalit: 0.006789 bestmemit:    5.748184    5.201876    1.000000    0.000346    0.009440
Iteration: 215 bestvalit: 0.006789 bestmemit:    5.748184    5.201876    1.000000    0.000346    0.009440
Iteration: 216 bestvalit: 0.006789 bestmemit:    5.748184    5.201876    1.000000    0.000346    0.009440
Iteration: 217 bestvalit: 0.006754 bestmemit:    7.089704    4.390292    1.000000    0.128931    0.024092
Iteration: 218 bestvalit: 0.006754 bestmemit:    7.089704    4.390292    1.000000    0.128931    0.024092
Iteration: 219 bestvalit: 0.006754 bestmemit:    7.089704    4.390292    1.000000    0.128931    0.024092
Iteration: 220 bestvalit: 0.006754 bestmemit:    7.089704    4.390292    1.000000    0.128931    0.024092
Iteration: 221 bestvalit: 0.006754 bestmemit:    7.089704    4.390292    1.000000    0.128931    0.024092
Iteration: 222 bestvalit: 0.006754 bestmemit:    7.089704    4.390292    1.000000    0.128931    0.024092
Iteration: 223 bestvalit: 0.006754 bestmemit:    7.089704    4.390292    1.000000    0.128931    0.024092
Iteration: 224 bestvalit: 0.006754 bestmemit:    7.089704    4.390292    1.000000    0.128931    0.024092
Iteration: 225 bestvalit: 0.006754 bestmemit:    7.089704    4.390292    1.000000    0.128931    0.024092
Iteration: 226 bestvalit: 0.006754 bestmemit:    7.089704    4.390292    1.000000    0.128931    0.024092
Iteration: 227 bestvalit: 0.006754 bestmemit:    7.089704    4.390292    1.000000    0.128931    0.024092
Iteration: 228 bestvalit: 0.006754 bestmemit:    7.089704    4.390292    1.000000    0.128931    0.024092
Iteration: 229 bestvalit: 0.006752 bestmemit:    6.544732    4.722879    1.000000    0.159007    0.027218
Iteration: 230 bestvalit: 0.006752 bestmemit:    6.544732    4.722879    1.000000    0.159007    0.027218
Iteration: 231 bestvalit: 0.006752 bestmemit:    6.544732    4.722879    1.000000    0.159007    0.027218
Iteration: 232 bestvalit: 0.006752 bestmemit:    6.544732    4.722879    1.000000    0.159007    0.027218
Iteration: 233 bestvalit: 0.006752 bestmemit:    6.544732    4.722879    1.000000    0.159007    0.027218
Iteration: 234 bestvalit: 0.006752 bestmemit:    6.544732    4.722879    1.000000    0.159007    0.027218
Iteration: 235 bestvalit: 0.006752 bestmemit:    6.544732    4.722879    1.000000    0.159007    0.027218
Iteration: 236 bestvalit: 0.006752 bestmemit:    6.544732    4.722879    1.000000    0.159007    0.027218
Iteration: 237 bestvalit: 0.006752 bestmemit:    6.544732    4.722879    1.000000    0.159007    0.027218
Iteration: 238 bestvalit: 0.006752 bestmemit:    6.544732    4.722879    1.000000    0.159007    0.027218
Iteration: 239 bestvalit: 0.006752 bestmemit:    6.544732    4.722879    1.000000    0.159007    0.027218
Iteration: 240 bestvalit: 0.006752 bestmemit:    6.544732    4.722879    1.000000    0.159007    0.027218
Iteration: 241 bestvalit: 0.006752 bestmemit:    6.544732    4.722879    1.000000    0.159007    0.027218
Iteration: 242 bestvalit: 0.006752 bestmemit:    6.544732    4.722879    1.000000    0.159007    0.027218
Iteration: 243 bestvalit: 0.006752 bestmemit:    6.544732    4.722879    1.000000    0.159007    0.027218
Iteration: 244 bestvalit: 0.006752 bestmemit:    6.544732    4.722879    1.000000    0.115599    0.027218
Iteration: 245 bestvalit: 0.006752 bestmemit:    6.544732    4.722879    1.000000    0.115599    0.027218
Iteration: 246 bestvalit: 0.006752 bestmemit:    6.544732    4.722879    1.000000    0.115599    0.027218
Iteration: 247 bestvalit: 0.006748 bestmemit:    7.295457    4.541060    1.000000    0.191580    0.030398
Iteration: 248 bestvalit: 0.006748 bestmemit:    7.295457    4.541060    1.000000    0.191580    0.030398
Iteration: 249 bestvalit: 0.006748 bestmemit:    7.295457    4.541060    1.000000    0.191580    0.030398
Iteration: 250 bestvalit: 0.006748 bestmemit:    7.295457    4.541060    1.000000    0.191580    0.030398
Iteration: 251 bestvalit: 0.006748 bestmemit:    7.295457    4.541060    1.000000    0.191580    0.030398
Iteration: 252 bestvalit: 0.006748 bestmemit:    7.295457    4.541060    1.000000    0.191580    0.030398
Iteration: 253 bestvalit: 0.006744 bestmemit:    7.091324    4.541060    1.000000    0.191580    0.030398
Iteration: 254 bestvalit: 0.006744 bestmemit:    7.091324    4.541060    1.000000    0.191580    0.030398
Iteration: 255 bestvalit: 0.006744 bestmemit:    7.091324    4.541060    1.000000    0.191580    0.030398
Iteration: 256 bestvalit: 0.006744 bestmemit:    7.091324    4.541060    1.000000    0.191580    0.030398
Iteration: 257 bestvalit: 0.006744 bestmemit:    7.091324    4.541060    1.000000    0.191580    0.030398
Iteration: 258 bestvalit: 0.006744 bestmemit:    7.091324    4.541060    1.000000    0.191580    0.030398
Iteration: 259 bestvalit: 0.006744 bestmemit:    7.091324    4.541060    1.000000    0.191580    0.030398
Iteration: 260 bestvalit: 0.006744 bestmemit:    7.091324    4.541060    1.000000    0.191580    0.030398
Iteration: 261 bestvalit: 0.006744 bestmemit:    7.091324    4.541060    1.000000    0.191580    0.030398
Iteration: 262 bestvalit: 0.006744 bestmemit:    7.091324    4.541060    1.000000    0.191580    0.030398
Iteration: 263 bestvalit: 0.006744 bestmemit:    7.091324    4.541060    1.000000    0.191580    0.030398
Iteration: 264 bestvalit: 0.006744 bestmemit:    7.091324    4.541060    1.000000    0.191580    0.030398
Iteration: 265 bestvalit: 0.006744 bestmemit:    7.091324    4.541060    1.000000    0.191580    0.030398
Iteration: 266 bestvalit: 0.006744 bestmemit:    7.091324    4.541060    1.000000    0.191580    0.030398
Iteration: 267 bestvalit: 0.006744 bestmemit:    7.091324    4.541060    1.000000    0.191580    0.030398
Iteration: 268 bestvalit: 0.006744 bestmemit:    7.091324    4.541060    1.000000    0.191580    0.030398
Iteration: 269 bestvalit: 0.006744 bestmemit:    7.091324    4.541060    1.000000    0.191580    0.030398
Iteration: 270 bestvalit: 0.006744 bestmemit:    7.091324    4.541060    1.000000    0.191580    0.030398
Iteration: 271 bestvalit: 0.006744 bestmemit:    7.091324    4.541060    1.000000    0.191580    0.030398
Iteration: 272 bestvalit: 0.006744 bestmemit:    7.091324    4.541060    1.000000    0.191580    0.030398
Iteration: 273 bestvalit: 0.006744 bestmemit:    7.091324    4.541060    1.000000    0.191580    0.030398
Iteration: 274 bestvalit: 0.006744 bestmemit:    7.091324    4.541060    1.000000    0.191580    0.030398
Iteration: 275 bestvalit: 0.006744 bestmemit:    7.091324    4.541060    1.000000    0.191580    0.030398
Iteration: 276 bestvalit: 0.006744 bestmemit:    7.091324    4.541060    1.000000    0.191580    0.030398
Iteration: 277 bestvalit: 0.006744 bestmemit:    7.091324    4.541060    1.000000    0.191580    0.030398
Iteration: 278 bestvalit: 0.006744 bestmemit:    7.091324    4.541060    1.000000    0.191580    0.030398
Iteration: 279 bestvalit: 0.006744 bestmemit:    7.091324    4.541060    1.000000    0.191580    0.030398
Iteration: 280 bestvalit: 0.006744 bestmemit:    7.091324    4.541060    1.000000    0.191580    0.030398
Iteration: 281 bestvalit: 0.006744 bestmemit:    7.091324    4.541060    1.000000    0.191580    0.030398
Iteration: 282 bestvalit: 0.006744 bestmemit:    7.091324    4.541060    1.000000    0.191580    0.030398
Iteration: 283 bestvalit: 0.006744 bestmemit:    7.091324    4.541060    1.000000    0.191580    0.030398
Iteration: 284 bestvalit: 0.006744 bestmemit:    7.091324    4.541060    1.000000    0.191580    0.030398
Iteration: 285 bestvalit: 0.006744 bestmemit:    7.091324    4.541060    1.000000    0.191580    0.030398
Iteration: 286 bestvalit: 0.006744 bestmemit:    7.091324    4.541060    1.000000    0.191580    0.030398
Iteration: 287 bestvalit: 0.006744 bestmemit:    7.091324    4.541060    1.000000    0.191580    0.030398
Iteration: 288 bestvalit: 0.006744 bestmemit:    7.091324    4.541060    1.000000    0.191580    0.030398
Iteration: 289 bestvalit: 0.006744 bestmemit:    7.091324    4.541060    1.000000    0.191580    0.030398
Iteration: 290 bestvalit: 0.006744 bestmemit:    7.091324    4.541060    1.000000    0.191580    0.030398
Iteration: 291 bestvalit: 0.006744 bestmemit:    7.091324    4.541060    1.000000    0.191580    0.030398
Iteration: 292 bestvalit: 0.006744 bestmemit:    7.091324    4.541060    1.000000    0.191580    0.030398
Iteration: 293 bestvalit: 0.006744 bestmemit:    7.091324    4.541060    1.000000    0.191580    0.030398
Iteration: 294 bestvalit: 0.006744 bestmemit:    7.091324    4.541060    1.000000    0.191580    0.030398
Iteration: 295 bestvalit: 0.006744 bestmemit:    7.091324    4.541060    1.000000    0.191580    0.030398
Iteration: 296 bestvalit: 0.006744 bestmemit:    7.091324    4.541060    1.000000    0.191580    0.030398
Iteration: 297 bestvalit: 0.006744 bestmemit:    7.091324    4.541060    1.000000    0.191580    0.030398
Iteration: 298 bestvalit: 0.006744 bestmemit:    7.091324    4.541060    1.000000    0.191580    0.030398
Iteration: 299 bestvalit: 0.006744 bestmemit:    7.091324    4.541060    1.000000    0.191580    0.030398
Iteration: 300 bestvalit: 0.006744 bestmemit:    7.091324    4.541060    1.000000    0.191580    0.030398
Iteration: 301 bestvalit: 0.006744 bestmemit:    7.091324    4.541060    1.000000    0.191580    0.030398
Iteration: 302 bestvalit: 0.006744 bestmemit:    7.091324    4.541060    1.000000    0.191580    0.030398
Iteration: 303 bestvalit: 0.006744 bestmemit:    7.091324    4.541060    1.000000    0.191580    0.030398
Iteration: 304 bestvalit: 0.006744 bestmemit:    7.091324    4.541060    1.000000    0.191580    0.030398
Iteration: 305 bestvalit: 0.006744 bestmemit:    7.091324    4.541060    1.000000    0.191580    0.030398
Iteration: 306 bestvalit: 0.006744 bestmemit:    7.091324    4.541060    1.000000    0.191580    0.030398
Iteration: 307 bestvalit: 0.006744 bestmemit:    7.091324    4.541060    1.000000    0.191580    0.030398
Iteration: 308 bestvalit: 0.006744 bestmemit:    7.091324    4.541060    1.000000    0.191580    0.030398
Iteration: 309 bestvalit: 0.006744 bestmemit:    7.091324    4.541060    1.000000    0.191580    0.030398
Iteration: 310 bestvalit: 0.006744 bestmemit:    7.091324    4.541060    1.000000    0.191580    0.030398
Iteration: 311 bestvalit: 0.006744 bestmemit:    7.091324    4.541060    1.000000    0.191580    0.030398
Iteration: 312 bestvalit: 0.006744 bestmemit:    7.091324    4.541060    1.000000    0.191580    0.030398
Iteration: 313 bestvalit: 0.006744 bestmemit:    7.081437    4.620736    1.000000    0.182734    0.017444
Iteration: 314 bestvalit: 0.006744 bestmemit:    7.064569    4.615777    1.000000    0.187373    0.021643
Iteration: 315 bestvalit: 0.006744 bestmemit:    7.064569    4.615777    1.000000    0.187373    0.021643
Iteration: 316 bestvalit: 0.006744 bestmemit:    7.064569    4.615777    1.000000    0.187373    0.021643
Iteration: 317 bestvalit: 0.006744 bestmemit:    7.064569    4.615777    1.000000    0.187373    0.021643
Iteration: 318 bestvalit: 0.006744 bestmemit:    7.064569    4.615777    1.000000    0.187373    0.021643
Iteration: 319 bestvalit: 0.006744 bestmemit:    7.064569    4.615777    1.000000    0.187373    0.021643
Iteration: 320 bestvalit: 0.006744 bestmemit:    7.064569    4.615777    1.000000    0.187373    0.021643
Iteration: 321 bestvalit: 0.006744 bestmemit:    7.064569    4.615777    1.000000    0.187373    0.021643
Iteration: 322 bestvalit: 0.006744 bestmemit:    7.064569    4.615777    1.000000    0.187373    0.021643
Iteration: 323 bestvalit: 0.006744 bestmemit:    7.064569    4.615777    1.000000    0.187373    0.021643
Iteration: 324 bestvalit: 0.006744 bestmemit:    7.064569    4.615777    1.000000    0.187373    0.021643
Iteration: 325 bestvalit: 0.006744 bestmemit:    7.064569    4.615777    1.000000    0.187373    0.021643
Iteration: 326 bestvalit: 0.006744 bestmemit:    7.064569    4.615777    1.000000    0.187373    0.021643
Iteration: 327 bestvalit: 0.006744 bestmemit:    7.064569    4.615777    1.000000    0.187373    0.021643
Iteration: 328 bestvalit: 0.006744 bestmemit:    7.064569    4.615777    1.000000    0.187373    0.021643
Iteration: 329 bestvalit: 0.006744 bestmemit:    7.064569    4.615777    1.000000    0.187373    0.021643
Iteration: 330 bestvalit: 0.006744 bestmemit:    7.064569    4.615777    1.000000    0.187373    0.021643
Iteration: 331 bestvalit: 0.006744 bestmemit:    7.064569    4.615777    1.000000    0.187373    0.021643
Iteration: 332 bestvalit: 0.006744 bestmemit:    7.064569    4.615777    1.000000    0.187373    0.021643
Iteration: 333 bestvalit: 0.006744 bestmemit:    7.064569    4.615777    1.000000    0.187373    0.021643
Iteration: 334 bestvalit: 0.006744 bestmemit:    7.064569    4.615777    1.000000    0.187373    0.021643
Iteration: 335 bestvalit: 0.006744 bestmemit:    7.064569    4.615777    1.000000    0.187373    0.021643
Iteration: 336 bestvalit: 0.006744 bestmemit:    7.064569    4.615777    1.000000    0.187373    0.021643
Iteration: 337 bestvalit: 0.006744 bestmemit:    7.064569    4.615777    1.000000    0.187373    0.021643
Iteration: 338 bestvalit: 0.006744 bestmemit:    7.064569    4.615777    1.000000    0.187373    0.021643
Iteration: 339 bestvalit: 0.006744 bestmemit:    7.064569    4.615777    1.000000    0.187373    0.021643
Iteration: 340 bestvalit: 0.006744 bestmemit:    7.064569    4.615777    1.000000    0.187373    0.021643
Iteration: 341 bestvalit: 0.006744 bestmemit:    7.064569    4.615777    1.000000    0.187373    0.021643
Iteration: 342 bestvalit: 0.006744 bestmemit:    7.064569    4.615777    1.000000    0.187373    0.021643
Iteration: 343 bestvalit: 0.006744 bestmemit:    7.064569    4.615777    1.000000    0.187373    0.021643
Iteration: 344 bestvalit: 0.006744 bestmemit:    7.064569    4.615777    1.000000    0.187373    0.021643
Iteration: 345 bestvalit: 0.006744 bestmemit:    7.089409    4.618931    1.000000    0.191747    0.021071
Iteration: 346 bestvalit: 0.006744 bestmemit:    7.089409    4.618931    1.000000    0.191747    0.021071
Iteration: 347 bestvalit: 0.006744 bestmemit:    7.089409    4.618931    1.000000    0.191747    0.021071
Iteration: 348 bestvalit: 0.006744 bestmemit:    7.089409    4.618931    1.000000    0.191747    0.021071
Iteration: 349 bestvalit: 0.006744 bestmemit:    7.089409    4.618931    1.000000    0.191747    0.021071
Iteration: 350 bestvalit: 0.006744 bestmemit:    7.089409    4.618931    1.000000    0.191747    0.021071
Iteration: 351 bestvalit: 0.006744 bestmemit:    7.054167    4.656476    1.000000    0.187355    0.018545
Iteration: 352 bestvalit: 0.006744 bestmemit:    7.054167    4.656476    1.000000    0.187355    0.018545
Iteration: 353 bestvalit: 0.006744 bestmemit:    7.054167    4.656476    1.000000    0.187355    0.018545
Iteration: 354 bestvalit: 0.006744 bestmemit:    7.054167    4.656476    1.000000    0.187355    0.018545
Iteration: 355 bestvalit: 0.006744 bestmemit:    7.054167    4.656476    1.000000    0.187355    0.018545
Iteration: 356 bestvalit: 0.006744 bestmemit:    7.054167    4.656476    1.000000    0.187355    0.018545
Iteration: 357 bestvalit: 0.006744 bestmemit:    7.054167    4.656476    1.000000    0.187355    0.018545
Iteration: 358 bestvalit: 0.006744 bestmemit:    7.054167    4.656476    1.000000    0.187355    0.018545
Iteration: 359 bestvalit: 0.006744 bestmemit:    7.072766    4.624190    1.000000    0.189423    0.021521
Iteration: 360 bestvalit: 0.006744 bestmemit:    7.072766    4.624190    1.000000    0.189423    0.021521
Iteration: 361 bestvalit: 0.006744 bestmemit:    7.072766    4.624190    1.000000    0.189423    0.021521
Iteration: 362 bestvalit: 0.006744 bestmemit:    7.072766    4.624190    1.000000    0.189423    0.021521
Iteration: 363 bestvalit: 0.006744 bestmemit:    7.071284    4.624190    1.000000    0.189423    0.021521
Iteration: 364 bestvalit: 0.006744 bestmemit:    7.071284    4.624190    1.000000    0.189423    0.021521
Iteration: 365 bestvalit: 0.006744 bestmemit:    7.071284    4.624190    1.000000    0.189423    0.021521
Iteration: 366 bestvalit: 0.006744 bestmemit:    7.071284    4.624190    1.000000    0.189423    0.021521
Iteration: 367 bestvalit: 0.006744 bestmemit:    7.071284    4.624190    1.000000    0.189423    0.021521
Iteration: 368 bestvalit: 0.006744 bestmemit:    7.071284    4.624190    1.000000    0.189423    0.021521
Iteration: 369 bestvalit: 0.006744 bestmemit:    7.071284    4.624190    1.000000    0.189423    0.021521
Iteration: 370 bestvalit: 0.006744 bestmemit:    7.070810    4.629407    1.000000    0.190909    0.021051
Iteration: 371 bestvalit: 0.006744 bestmemit:    7.070810    4.629407    1.000000    0.190909    0.021051
Iteration: 372 bestvalit: 0.006744 bestmemit:    7.070810    4.629407    1.000000    0.190909    0.021051
Iteration: 373 bestvalit: 0.006744 bestmemit:    7.070810    4.629407    1.000000    0.190909    0.021051
Iteration: 374 bestvalit: 0.006744 bestmemit:    7.070810    4.629407    1.000000    0.190909    0.021051
Iteration: 375 bestvalit: 0.006744 bestmemit:    7.070810    4.629407    1.000000    0.190909    0.021051
Iteration: 376 bestvalit: 0.006744 bestmemit:    7.070810    4.629407    1.000000    0.190909    0.021051
Iteration: 377 bestvalit: 0.006744 bestmemit:    7.070810    4.629407    1.000000    0.190909    0.021051
Iteration: 378 bestvalit: 0.006744 bestmemit:    7.070810    4.629407    1.000000    0.190909    0.021051
Iteration: 379 bestvalit: 0.006744 bestmemit:    7.070810    4.629407    1.000000    0.190909    0.021051
Iteration: 380 bestvalit: 0.006744 bestmemit:    7.070810    4.629407    1.000000    0.190909    0.021051
Iteration: 381 bestvalit: 0.006744 bestmemit:    7.070810    4.629407    1.000000    0.190909    0.021051
Iteration: 382 bestvalit: 0.006744 bestmemit:    7.070810    4.629407    1.000000    0.190909    0.021051
Iteration: 383 bestvalit: 0.006744 bestmemit:    7.071284    4.629885    1.000000    0.190878    0.021521
Iteration: 384 bestvalit: 0.006744 bestmemit:    7.071284    4.629885    1.000000    0.190878    0.021521
Iteration: 385 bestvalit: 0.006744 bestmemit:    7.071284    4.629885    1.000000    0.190878    0.021521
Iteration: 386 bestvalit: 0.006744 bestmemit:    7.071284    4.629885    1.000000    0.190878    0.021521
Iteration: 387 bestvalit: 0.006744 bestmemit:    7.071284    4.629885    1.000000    0.190878    0.021521
Iteration: 388 bestvalit: 0.006744 bestmemit:    7.071284    4.629885    1.000000    0.190878    0.021521
Iteration: 389 bestvalit: 0.006744 bestmemit:    7.071284    4.629885    1.000000    0.190878    0.021521
Iteration: 390 bestvalit: 0.006744 bestmemit:    7.071284    4.629885    1.000000    0.190878    0.021521
Iteration: 391 bestvalit: 0.006744 bestmemit:    7.071284    4.629885    1.000000    0.190878    0.021521
Iteration: 392 bestvalit: 0.006744 bestmemit:    7.071284    4.629885    1.000000    0.190878    0.021521
Iteration: 393 bestvalit: 0.006744 bestmemit:    7.071284    4.629885    1.000000    0.190878    0.021521
Iteration: 394 bestvalit: 0.006744 bestmemit:    7.071284    4.629885    1.000000    0.190878    0.021521
Iteration: 395 bestvalit: 0.006744 bestmemit:    7.071284    4.629885    1.000000    0.190878    0.021521
Iteration: 396 bestvalit: 0.006744 bestmemit:    7.071284    4.629885    1.000000    0.190878    0.021521
Iteration: 397 bestvalit: 0.006744 bestmemit:    7.071284    4.629885    1.000000    0.190878    0.021521
Iteration: 398 bestvalit: 0.006744 bestmemit:    7.071284    4.629885    1.000000    0.190878    0.021521
Iteration: 399 bestvalit: 0.006744 bestmemit:    7.071284    4.629885    1.000000    0.190878    0.021521
Iteration: 400 bestvalit: 0.006744 bestmemit:    7.071284    4.629885    1.000000    0.190878    0.021521
Iteration: 401 bestvalit: 0.006744 bestmemit:    7.071284    4.629885    1.000000    0.190878    0.021521
Iteration: 402 bestvalit: 0.006744 bestmemit:    7.071284    4.629885    1.000000    0.190878    0.021521
Iteration: 403 bestvalit: 0.006744 bestmemit:    7.071284    4.629885    1.000000    0.190878    0.021521
Iteration: 404 bestvalit: 0.006744 bestmemit:    7.071284    4.629885    1.000000    0.190878    0.021521
Iteration: 405 bestvalit: 0.006744 bestmemit:    7.071284    4.629885    1.000000    0.190878    0.021521
Iteration: 406 bestvalit: 0.006744 bestmemit:    7.071284    4.629885    1.000000    0.190878    0.021521
Iteration: 407 bestvalit: 0.006744 bestmemit:    7.071284    4.629885    1.000000    0.190878    0.021521
Iteration: 408 bestvalit: 0.006744 bestmemit:    7.071284    4.629885    1.000000    0.190878    0.021521
Iteration: 409 bestvalit: 0.006744 bestmemit:    7.071284    4.629885    1.000000    0.190878    0.021521
Iteration: 410 bestvalit: 0.006744 bestmemit:    7.071284    4.629885    1.000000    0.190878    0.021521
Iteration: 411 bestvalit: 0.006744 bestmemit:    7.070810    4.633301    1.000000    0.190909    0.021051
Iteration: 412 bestvalit: 0.006744 bestmemit:    7.070810    4.633301    1.000000    0.190909    0.021051
Iteration: 413 bestvalit: 0.006744 bestmemit:    7.070810    4.633301    1.000000    0.190909    0.021051
Iteration: 414 bestvalit: 0.006744 bestmemit:    7.070810    4.633301    1.000000    0.190909    0.021051
Iteration: 415 bestvalit: 0.006744 bestmemit:    7.070810    4.633301    1.000000    0.190909    0.021051
Iteration: 416 bestvalit: 0.006744 bestmemit:    7.070810    4.633301    1.000000    0.190909    0.021051
Iteration: 417 bestvalit: 0.006744 bestmemit:    7.070810    4.633301    1.000000    0.190909    0.021051
Iteration: 418 bestvalit: 0.006744 bestmemit:    7.070810    4.632702    1.000000    0.190909    0.021051
Iteration: 419 bestvalit: 0.006744 bestmemit:    7.070810    4.632702    1.000000    0.190909    0.021051
Iteration: 420 bestvalit: 0.006744 bestmemit:    7.070810    4.632702    1.000000    0.190909    0.021051
Iteration: 421 bestvalit: 0.006744 bestmemit:    7.070810    4.632702    1.000000    0.190909    0.021051
Iteration: 422 bestvalit: 0.006744 bestmemit:    7.070810    4.632702    1.000000    0.190909    0.021051
Iteration: 423 bestvalit: 0.006744 bestmemit:    7.070810    4.632702    1.000000    0.190909    0.021051
Iteration: 424 bestvalit: 0.006744 bestmemit:    7.070810    4.632702    1.000000    0.190909    0.021051
Iteration: 425 bestvalit: 0.006744 bestmemit:    7.070810    4.632702    1.000000    0.190909    0.021051
Iteration: 426 bestvalit: 0.006744 bestmemit:    7.070810    4.632702    1.000000    0.190909    0.021051
Iteration: 427 bestvalit: 0.006744 bestmemit:    7.070810    4.632702    1.000000    0.190909    0.021051
Iteration: 428 bestvalit: 0.006744 bestmemit:    7.070810    4.632702    1.000000    0.190909    0.021051
Iteration: 429 bestvalit: 0.006744 bestmemit:    7.070810    4.632702    1.000000    0.190909    0.021051
Iteration: 430 bestvalit: 0.006744 bestmemit:    7.070810    4.632702    1.000000    0.190909    0.021051
Iteration: 431 bestvalit: 0.006744 bestmemit:    7.070810    4.632702    1.000000    0.190909    0.021051
Iteration: 432 bestvalit: 0.006744 bestmemit:    7.070810    4.632702    1.000000    0.190909    0.021051
Iteration: 433 bestvalit: 0.006744 bestmemit:    7.070810    4.632702    1.000000    0.190909    0.021051
Iteration: 434 bestvalit: 0.006744 bestmemit:    7.070810    4.632702    1.000000    0.190909    0.021051
Iteration: 435 bestvalit: 0.006744 bestmemit:    7.070810    4.632702    1.000000    0.190909    0.021051
Iteration: 436 bestvalit: 0.006744 bestmemit:    7.070810    4.632702    1.000000    0.190909    0.021051
Iteration: 437 bestvalit: 0.006744 bestmemit:    7.070810    4.632702    1.000000    0.190909    0.021051
Iteration: 438 bestvalit: 0.006744 bestmemit:    7.070810    4.632702    1.000000    0.190909    0.021051
Iteration: 439 bestvalit: 0.006744 bestmemit:    7.070810    4.632702    1.000000    0.190909    0.021051
Iteration: 440 bestvalit: 0.006744 bestmemit:    7.070810    4.632702    1.000000    0.190909    0.021051
Iteration: 441 bestvalit: 0.006744 bestmemit:    7.070810    4.632702    1.000000    0.190909    0.021051
Iteration: 442 bestvalit: 0.006744 bestmemit:    7.070810    4.632702    1.000000    0.190909    0.021051
Iteration: 443 bestvalit: 0.006744 bestmemit:    7.070810    4.632702    1.000000    0.190909    0.021051
Iteration: 444 bestvalit: 0.006744 bestmemit:    7.071284    4.629128    1.000000    0.191131    0.021521
Iteration: 445 bestvalit: 0.006744 bestmemit:    7.071284    4.629128    1.000000    0.191131    0.021521
Iteration: 446 bestvalit: 0.006744 bestmemit:    7.071284    4.629128    1.000000    0.190982    0.021521
Iteration: 447 bestvalit: 0.006744 bestmemit:    7.071284    4.629128    1.000000    0.190982    0.021521
Iteration: 448 bestvalit: 0.006744 bestmemit:    7.071284    4.629128    1.000000    0.190982    0.021521
Iteration: 449 bestvalit: 0.006744 bestmemit:    7.071284    4.629128    1.000000    0.190982    0.021521
Iteration: 450 bestvalit: 0.006744 bestmemit:    7.071284    4.629128    1.000000    0.190982    0.021521
Iteration: 451 bestvalit: 0.006744 bestmemit:    7.071284    4.629128    1.000000    0.190982    0.021521
Iteration: 452 bestvalit: 0.006744 bestmemit:    7.071284    4.629128    1.000000    0.190982    0.021521
Iteration: 453 bestvalit: 0.006744 bestmemit:    7.071284    4.629128    1.000000    0.190982    0.021521
Iteration: 454 bestvalit: 0.006744 bestmemit:    7.068339    4.632648    1.000000    0.190732    0.021180
Iteration: 455 bestvalit: 0.006744 bestmemit:    7.068339    4.632648    1.000000    0.190732    0.021180
Iteration: 456 bestvalit: 0.006744 bestmemit:    7.068339    4.632648    1.000000    0.190732    0.021180
Iteration: 457 bestvalit: 0.006744 bestmemit:    7.068339    4.632648    1.000000    0.190732    0.021180
Iteration: 458 bestvalit: 0.006744 bestmemit:    7.068339    4.632648    1.000000    0.190732    0.021180
Iteration: 459 bestvalit: 0.006744 bestmemit:    7.068339    4.632648    1.000000    0.190732    0.021180
Iteration: 460 bestvalit: 0.006744 bestmemit:    7.068339    4.632648    1.000000    0.190732    0.021180
Iteration: 461 bestvalit: 0.006744 bestmemit:    7.068339    4.632648    1.000000    0.190732    0.021180
Iteration: 462 bestvalit: 0.006744 bestmemit:    7.068339    4.632648    1.000000    0.190732    0.021180
Iteration: 463 bestvalit: 0.006744 bestmemit:    7.068339    4.632648    1.000000    0.190732    0.021180
Iteration: 464 bestvalit: 0.006744 bestmemit:    7.068339    4.632648    1.000000    0.190732    0.021180
Iteration: 465 bestvalit: 0.006744 bestmemit:    7.068339    4.632648    1.000000    0.190732    0.021180
Iteration: 466 bestvalit: 0.006744 bestmemit:    7.068339    4.632648    1.000000    0.190732    0.021180
Iteration: 467 bestvalit: 0.006744 bestmemit:    7.068339    4.632648    1.000000    0.190732    0.021180
Iteration: 468 bestvalit: 0.006744 bestmemit:    7.068339    4.632648    1.000000    0.190439    0.021180
Iteration: 469 bestvalit: 0.006744 bestmemit:    7.068339    4.632648    1.000000    0.190439    0.021180
Iteration: 470 bestvalit: 0.006744 bestmemit:    7.068339    4.632648    1.000000    0.190439    0.021180
Iteration: 471 bestvalit: 0.006744 bestmemit:    7.068339    4.632648    1.000000    0.190439    0.021180
Iteration: 472 bestvalit: 0.006744 bestmemit:    7.068339    4.632648    1.000000    0.190439    0.021180
Iteration: 473 bestvalit: 0.006744 bestmemit:    7.068339    4.632648    1.000000    0.190439    0.021180
Iteration: 474 bestvalit: 0.006744 bestmemit:    7.068339    4.632648    1.000000    0.190439    0.021180
Iteration: 475 bestvalit: 0.006744 bestmemit:    7.068339    4.632648    1.000000    0.190439    0.021180
Iteration: 476 bestvalit: 0.006744 bestmemit:    7.068339    4.632648    1.000000    0.190439    0.021180
Iteration: 477 bestvalit: 0.006744 bestmemit:    7.068339    4.632648    1.000000    0.190439    0.021180
Iteration: 478 bestvalit: 0.006744 bestmemit:    7.068339    4.632648    1.000000    0.190439    0.021180
Iteration: 479 bestvalit: 0.006744 bestmemit:    7.068339    4.632648    1.000000    0.190439    0.021180
Iteration: 480 bestvalit: 0.006744 bestmemit:    7.068339    4.632648    1.000000    0.190439    0.021180
Iteration: 481 bestvalit: 0.006744 bestmemit:    7.068339    4.632648    1.000000    0.190439    0.021180
Iteration: 482 bestvalit: 0.006744 bestmemit:    7.066694    4.633962    1.000000    0.190359    0.021054

***** summary of DEoptim object ***** 
best member   :  7.06669 4.63396 1 0.19036 0.02105 
best value    :  0.00674 
after         :  482 generations 
fn evaluated  :  966 times 
*************************************
