SLURM_JOB_ID: 55403027
SLURM_JOB_USER: vsc34066
SLURM_JOB_ACCOUNT: lp_desenderlab
SLURM_JOB_NAME: par_recov_alternating_fb_sim_alpha_learn.slurm
SLURM_CLUSTER_NAME: genius
SLURM_JOB_PARTITION: batch
SLURM_ARRAY_JOB_ID: 55402977
SLURM_ARRAY_TASK_ID: 50
SLURM_NNODES: 1
SLURM_NODELIST: r23i27n03
SLURM_JOB_CPUS_PER_NODE: 8
Date: Sun Dec  3 23:44:06 CET 2023
Walltime: 01-06:00:00
========================================================================
Iteration: 1 bestvalit: 0.057334 bestmemit:   36.181183   56.212871    1.000000  741.472712 9874.358226
Iteration: 2 bestvalit: 0.050208 bestmemit:   13.883614  -92.159248    1.000000  353.602825  895.083216
Iteration: 3 bestvalit: 0.050208 bestmemit:   13.883614  -92.159248    1.000000  353.602825  895.083216
Iteration: 4 bestvalit: 0.020867 bestmemit:   23.531890  -22.258027    1.000000    6.033212  615.658187
Iteration: 5 bestvalit: 0.020867 bestmemit:   23.531890  -22.258027    1.000000    6.033212  615.658187
Iteration: 6 bestvalit: 0.020867 bestmemit:   23.531890  -22.258027    1.000000    6.033212  615.658187
Iteration: 7 bestvalit: 0.020867 bestmemit:   23.531890  -22.258027    1.000000    6.033212  615.658187
Iteration: 8 bestvalit: 0.020867 bestmemit:   23.531890  -22.258027    1.000000    6.033212  615.658187
Iteration: 9 bestvalit: 0.020867 bestmemit:   23.531890  -22.258027    1.000000    6.033212  615.658187
Iteration: 10 bestvalit: 0.020867 bestmemit:   23.531890  -22.258027    1.000000    6.033212  615.658187
Iteration: 11 bestvalit: 0.020867 bestmemit:   23.531890  -22.258027    1.000000    6.033212  615.658187
Iteration: 12 bestvalit: 0.020867 bestmemit:   23.531890  -22.258027    1.000000    6.033212  615.658187
Iteration: 13 bestvalit: 0.020851 bestmemit:   25.627188  -22.258027    1.000000    6.033212  615.658187
Iteration: 14 bestvalit: 0.020851 bestmemit:   25.627188  -22.258027    1.000000    6.033212  615.658187
Iteration: 15 bestvalit: 0.020851 bestmemit:   25.627188  -22.258027    1.000000    6.033212  615.658187
Iteration: 16 bestvalit: 0.019803 bestmemit:   45.902668  -22.258027    1.000000    6.033212  615.658187
Iteration: 17 bestvalit: 0.019803 bestmemit:   45.902668  -22.258027    1.000000    6.033212  615.658187
Iteration: 18 bestvalit: 0.019803 bestmemit:   45.902668  -22.258027    1.000000    6.033212  615.658187
Iteration: 19 bestvalit: 0.019803 bestmemit:   45.902668  -22.917848    1.000000    6.033212  615.658187
Iteration: 20 bestvalit: 0.019803 bestmemit:   45.902668  -22.917848    1.000000    6.033212  615.658187
Iteration: 21 bestvalit: 0.013691 bestmemit:   16.706424   30.659735    1.000000    0.193273  352.111949
Iteration: 22 bestvalit: 0.013691 bestmemit:   16.706424   30.659735    1.000000    0.193273  352.111949
Iteration: 23 bestvalit: 0.013691 bestmemit:   16.706424   30.659735    1.000000    0.193273  352.111949
Iteration: 24 bestvalit: 0.013691 bestmemit:   16.706424   30.659735    1.000000    0.193273  352.111949
Iteration: 25 bestvalit: 0.013691 bestmemit:   16.706424   30.659735    1.000000    0.193273  352.111949
Iteration: 26 bestvalit: 0.013691 bestmemit:   16.706424   30.659735    1.000000    0.193273  352.111949
Iteration: 27 bestvalit: 0.013691 bestmemit:   16.706424   30.659735    1.000000    0.193273  352.111949
Iteration: 28 bestvalit: 0.013691 bestmemit:   16.706424   30.659735    1.000000    0.193273  352.111949
Iteration: 29 bestvalit: 0.013691 bestmemit:   16.706424   30.659735    1.000000    0.193273  352.111949
Iteration: 30 bestvalit: 0.013691 bestmemit:   16.706424   30.659735    1.000000    0.193273  352.111949
Iteration: 31 bestvalit: 0.013691 bestmemit:   16.706424   30.659735    1.000000    0.193273  352.111949
Iteration: 32 bestvalit: 0.012997 bestmemit:   38.822516   22.894435    1.000000   14.752039  179.251719
Iteration: 33 bestvalit: 0.012997 bestmemit:   38.822516   22.894435    1.000000   14.752039  179.251719
Iteration: 34 bestvalit: 0.012997 bestmemit:   38.822516   22.894435    1.000000   14.752039  179.251719
Iteration: 35 bestvalit: 0.008892 bestmemit:   16.600104   30.138772    1.000000    9.440790   35.014407
Iteration: 36 bestvalit: 0.008662 bestmemit:   16.600104   23.266396    1.000000    9.440790   35.014407
Iteration: 37 bestvalit: 0.008662 bestmemit:   16.600104   23.266396    1.000000    9.440790   35.014407
Iteration: 38 bestvalit: 0.008662 bestmemit:   16.600104   23.266396    1.000000    9.440790   35.014407
Iteration: 39 bestvalit: 0.008662 bestmemit:   16.600104   23.266396    1.000000    9.440790   35.014407
Iteration: 40 bestvalit: 0.008662 bestmemit:   16.600104   23.266396    1.000000    9.440790   35.014407
Iteration: 41 bestvalit: 0.007925 bestmemit:   16.600104   -6.233155    1.000000    9.440790   35.014407
Iteration: 42 bestvalit: 0.007925 bestmemit:   16.600104   -6.233155    1.000000    9.440790   35.014407
Iteration: 43 bestvalit: 0.007925 bestmemit:   16.600104   -6.233155    1.000000    9.440790   35.014407
Iteration: 44 bestvalit: 0.007925 bestmemit:   16.600104   -6.233155    1.000000    9.440790   35.014407
Iteration: 45 bestvalit: 0.007925 bestmemit:   16.600104   -6.233155    1.000000    9.440790   35.014407
Iteration: 46 bestvalit: 0.007925 bestmemit:   16.600104   -6.233155    1.000000    9.440790   35.014407
Iteration: 47 bestvalit: 0.007925 bestmemit:   16.600104   -6.233155    1.000000    9.440790   35.014407
Iteration: 48 bestvalit: 0.007824 bestmemit:   11.053784  -16.305237    1.000000   13.510600   22.052130
Iteration: 49 bestvalit: 0.007810 bestmemit:    6.562220  -16.305237    1.000000   13.510600   22.052130
Iteration: 50 bestvalit: 0.007810 bestmemit:    6.562220  -16.305237    1.000000   13.510600   22.052130
Iteration: 51 bestvalit: 0.007198 bestmemit:    6.663343   -8.256501    1.000000    9.440790   35.014407
Iteration: 52 bestvalit: 0.007198 bestmemit:    6.663343   -8.256501    1.000000    9.440790   35.014407
Iteration: 53 bestvalit: 0.007198 bestmemit:    6.663343   -8.256501    1.000000    9.440790   35.014407
Iteration: 54 bestvalit: 0.007198 bestmemit:    6.663343   -8.256501    1.000000    9.440790   35.014407
Iteration: 55 bestvalit: 0.007198 bestmemit:    6.663343   -8.256501    1.000000    9.440790   35.014407
Iteration: 56 bestvalit: 0.007198 bestmemit:    6.663343   -8.256501    1.000000    9.440790   35.014407
Iteration: 57 bestvalit: 0.007198 bestmemit:    6.663343   -8.256501    1.000000    9.440790   35.014407
Iteration: 58 bestvalit: 0.006725 bestmemit:   12.567457   -4.965586    1.000000   10.712612   18.675621
Iteration: 59 bestvalit: 0.004393 bestmemit:   13.999893   -8.256501    1.000000    9.440790    2.316275
Iteration: 60 bestvalit: 0.004393 bestmemit:   13.999893   -8.256501    1.000000    9.440790    2.316275
Iteration: 61 bestvalit: 0.004393 bestmemit:   13.999893   -8.256501    1.000000    9.440790    2.316275
Iteration: 62 bestvalit: 0.004393 bestmemit:   13.999893   -8.256501    1.000000    9.440790    2.316275
Iteration: 63 bestvalit: 0.003646 bestmemit:   13.999893    6.350131    1.000000    9.440790    2.316275
Iteration: 64 bestvalit: 0.003593 bestmemit:   13.999893   -2.721274    1.000000    9.440790    2.316275
Iteration: 65 bestvalit: 0.003593 bestmemit:   13.999893   -2.721274    1.000000    9.440790    2.316275
Iteration: 66 bestvalit: 0.003593 bestmemit:   13.999893   -2.721274    1.000000    9.440790    2.316275
Iteration: 67 bestvalit: 0.003593 bestmemit:   13.999893   -2.721274    1.000000    9.440790    2.316275
Iteration: 68 bestvalit: 0.003593 bestmemit:   13.999893   -2.721274    1.000000    9.440790    2.316275
Iteration: 69 bestvalit: 0.003409 bestmemit:   11.727174    5.843385    1.000000    2.717757    0.132111
Iteration: 70 bestvalit: 0.002809 bestmemit:   12.900685   -2.609385    1.000000    2.717757    1.207792
Iteration: 71 bestvalit: 0.002809 bestmemit:   12.900685   -2.609385    1.000000    2.717757    1.207792
Iteration: 72 bestvalit: 0.002809 bestmemit:   12.900685   -2.609385    1.000000    2.717757    1.207792
Iteration: 73 bestvalit: 0.002681 bestmemit:    5.043663   12.312300    1.000000    2.077281    0.607065
Iteration: 74 bestvalit: 0.002681 bestmemit:    5.043663   12.312300    1.000000    2.077281    0.607065
Iteration: 75 bestvalit: 0.002681 bestmemit:    5.043663   12.312300    1.000000    2.077281    0.607065
Iteration: 76 bestvalit: 0.002681 bestmemit:    5.043663   12.312300    1.000000    2.077281    0.607065
Iteration: 77 bestvalit: 0.002681 bestmemit:    5.043663   12.312300    1.000000    2.077281    0.607065
Iteration: 78 bestvalit: 0.002257 bestmemit:    5.043663   10.113970    1.000000    2.077281    0.607065
Iteration: 79 bestvalit: 0.002257 bestmemit:    5.043663   10.113970    1.000000    2.077281    0.607065
Iteration: 80 bestvalit: 0.002257 bestmemit:    5.043663   10.113970    1.000000    2.077281    0.607065
Iteration: 81 bestvalit: 0.002257 bestmemit:    5.043663   10.113970    1.000000    2.077281    0.607065
Iteration: 82 bestvalit: 0.002257 bestmemit:    5.043663   10.113970    1.000000    2.077281    0.607065
Iteration: 83 bestvalit: 0.002257 bestmemit:    5.043663   10.113970    1.000000    2.077281    0.607065
Iteration: 84 bestvalit: 0.002246 bestmemit:    3.944438    7.217377    1.000000    1.118116    1.047875
Iteration: 85 bestvalit: 0.002246 bestmemit:    3.944438    7.217377    1.000000    1.118116    1.047875
Iteration: 86 bestvalit: 0.002246 bestmemit:    3.944438    7.217377    1.000000    1.118116    1.047875
Iteration: 87 bestvalit: 0.002238 bestmemit:    5.043663    9.898558    1.000000    2.077281    0.607065
Iteration: 88 bestvalit: 0.002238 bestmemit:    5.043663    9.898558    1.000000    2.077281    0.607065
Iteration: 89 bestvalit: 0.002225 bestmemit:    5.043663    9.898558    1.000000    1.676107    0.607065
Iteration: 90 bestvalit: 0.002225 bestmemit:    5.043663    9.898558    1.000000    1.676107    0.607065
Iteration: 91 bestvalit: 0.002225 bestmemit:    5.043663    9.898558    1.000000    1.676107    0.607065
Iteration: 92 bestvalit: 0.002225 bestmemit:    5.043663    9.898558    1.000000    1.676107    0.607065
Iteration: 93 bestvalit: 0.002225 bestmemit:    5.043663    9.898558    1.000000    1.676107    0.607065
Iteration: 94 bestvalit: 0.002174 bestmemit:    5.043663    9.898558    1.000000    0.366116    0.314676
Iteration: 95 bestvalit: 0.002174 bestmemit:    5.043663    9.898558    1.000000    0.366116    0.314676
Iteration: 96 bestvalit: 0.002143 bestmemit:    5.519847    8.433179    1.000000    0.354606    0.203639
Iteration: 97 bestvalit: 0.002143 bestmemit:    5.519847    8.433179    1.000000    0.354606    0.203639
Iteration: 98 bestvalit: 0.002143 bestmemit:    5.519847    8.433179    1.000000    0.354606    0.203639
Iteration: 99 bestvalit: 0.002137 bestmemit:    5.519847    8.507794    1.000000    0.354606    0.203639
Iteration: 100 bestvalit: 0.002137 bestmemit:    5.519847    8.507794    1.000000    0.354606    0.203639
Iteration: 101 bestvalit: 0.002137 bestmemit:    5.519847    8.507794    1.000000    0.354606    0.203639
Iteration: 102 bestvalit: 0.002137 bestmemit:    5.519847    8.507794    1.000000    0.354606    0.203639
Iteration: 103 bestvalit: 0.002137 bestmemit:    5.519847    8.507794    1.000000    0.354606    0.203639
Iteration: 104 bestvalit: 0.002137 bestmemit:    5.519847    8.507794    1.000000    0.354606    0.203639
Iteration: 105 bestvalit: 0.002121 bestmemit:    5.519847    8.507794    1.000000    0.354606    0.351987
Iteration: 106 bestvalit: 0.002121 bestmemit:    5.519847    8.507794    1.000000    0.354606    0.351987
Iteration: 107 bestvalit: 0.002121 bestmemit:    5.519847    8.507794    1.000000    0.354606    0.351987
Iteration: 108 bestvalit: 0.002121 bestmemit:    5.519847    8.507794    1.000000    0.354606    0.351987
Iteration: 109 bestvalit: 0.002121 bestmemit:    5.519847    8.507794    1.000000    0.354606    0.351987
Iteration: 110 bestvalit: 0.002121 bestmemit:    5.519847    8.507794    1.000000    0.354606    0.351987
Iteration: 111 bestvalit: 0.002121 bestmemit:    5.519847    8.507794    1.000000    0.354606    0.351987
Iteration: 112 bestvalit: 0.002121 bestmemit:    5.519847    8.507794    1.000000    0.354606    0.351987
Iteration: 113 bestvalit: 0.002121 bestmemit:    5.519847    8.507794    1.000000    0.354606    0.351987
Iteration: 114 bestvalit: 0.002121 bestmemit:    5.519847    8.507794    1.000000    0.354606    0.351987
Iteration: 115 bestvalit: 0.002121 bestmemit:    5.519847    8.507794    1.000000    0.354606    0.351987
Iteration: 116 bestvalit: 0.002121 bestmemit:    5.519847    8.507794    1.000000    0.354606    0.351987
Iteration: 117 bestvalit: 0.002121 bestmemit:    5.519847    8.507794    1.000000    0.354606    0.351987
Iteration: 118 bestvalit: 0.002121 bestmemit:    5.519847    8.507794    1.000000    0.354606    0.351987
Iteration: 119 bestvalit: 0.002121 bestmemit:    5.519847    8.507794    1.000000    0.354606    0.351987
Iteration: 120 bestvalit: 0.002121 bestmemit:    5.519847    8.507794    1.000000    0.354606    0.351987
Iteration: 121 bestvalit: 0.002121 bestmemit:    5.519847    8.507794    1.000000    0.354606    0.351987
Iteration: 122 bestvalit: 0.002121 bestmemit:    5.519847    8.507794    1.000000    0.354606    0.351987
Iteration: 123 bestvalit: 0.002121 bestmemit:    5.519847    8.507794    1.000000    0.354606    0.351987
Iteration: 124 bestvalit: 0.002121 bestmemit:    5.519847    8.507794    1.000000    0.354606    0.351987
Iteration: 125 bestvalit: 0.002121 bestmemit:    5.519847    8.507794    1.000000    0.354606    0.351987
Iteration: 126 bestvalit: 0.002121 bestmemit:    5.519847    8.507794    1.000000    0.354606    0.351987
Iteration: 127 bestvalit: 0.002121 bestmemit:    5.519847    8.507794    1.000000    0.354606    0.351987
Iteration: 128 bestvalit: 0.002121 bestmemit:    5.519847    8.507794    1.000000    0.354606    0.351987
Iteration: 129 bestvalit: 0.002121 bestmemit:    5.519847    8.507794    1.000000    0.354606    0.351987
Iteration: 130 bestvalit: 0.002121 bestmemit:    5.519847    8.507794    1.000000    0.354606    0.351987
Iteration: 131 bestvalit: 0.002121 bestmemit:    5.519847    8.507794    1.000000    0.354606    0.351987
Iteration: 132 bestvalit: 0.002121 bestmemit:    5.519847    8.507794    1.000000    0.354606    0.351987
Iteration: 133 bestvalit: 0.002121 bestmemit:    5.519847    8.507794    1.000000    0.354606    0.351987
Iteration: 134 bestvalit: 0.002121 bestmemit:    5.519847    8.507794    1.000000    0.354606    0.351987
Iteration: 135 bestvalit: 0.002121 bestmemit:    5.519847    8.507794    1.000000    0.354606    0.351987
Iteration: 136 bestvalit: 0.002121 bestmemit:    5.519847    8.507794    1.000000    0.354606    0.351987
Iteration: 137 bestvalit: 0.002120 bestmemit:    5.510901    8.383850    1.000000    0.509823    0.417654
Iteration: 138 bestvalit: 0.002120 bestmemit:    5.510901    8.383850    1.000000    0.509823    0.417654
Iteration: 139 bestvalit: 0.002120 bestmemit:    5.510901    8.383850    1.000000    0.509823    0.417654
Iteration: 140 bestvalit: 0.002120 bestmemit:    5.510901    8.383850    1.000000    0.509823    0.417654
Iteration: 141 bestvalit: 0.002120 bestmemit:    5.510901    8.383850    1.000000    0.509823    0.417654
Iteration: 142 bestvalit: 0.002120 bestmemit:    5.510901    8.383850    1.000000    0.562549    0.417654
Iteration: 143 bestvalit: 0.002120 bestmemit:    5.510901    8.383850    1.000000    0.562549    0.417654
Iteration: 144 bestvalit: 0.002120 bestmemit:    5.510901    8.383850    1.000000    0.562549    0.417654
Iteration: 145 bestvalit: 0.002120 bestmemit:    5.664498    8.467089    1.000000    0.449748    0.328346
Iteration: 146 bestvalit: 0.002120 bestmemit:    5.664498    8.467089    1.000000    0.449748    0.328346
Iteration: 147 bestvalit: 0.002120 bestmemit:    5.664498    8.467089    1.000000    0.449748    0.328346
Iteration: 148 bestvalit: 0.002120 bestmemit:    5.664498    8.467089    1.000000    0.449748    0.328346
Iteration: 149 bestvalit: 0.002120 bestmemit:    5.664498    8.467089    1.000000    0.449748    0.328346
Iteration: 150 bestvalit: 0.002120 bestmemit:    5.664498    8.467089    1.000000    0.449748    0.328346
Iteration: 151 bestvalit: 0.002120 bestmemit:    5.664498    8.467089    1.000000    0.449748    0.328346
Iteration: 152 bestvalit: 0.002120 bestmemit:    5.351943    8.638791    1.000000    0.464971    0.345498
Iteration: 153 bestvalit: 0.002120 bestmemit:    5.416526    8.530266    1.000000    0.410385    0.342266
Iteration: 154 bestvalit: 0.002120 bestmemit:    5.416526    8.530266    1.000000    0.410385    0.342266
Iteration: 155 bestvalit: 0.002120 bestmemit:    5.416526    8.530266    1.000000    0.410385    0.342266
Iteration: 156 bestvalit: 0.002120 bestmemit:    5.416526    8.530266    1.000000    0.410385    0.342266
Iteration: 157 bestvalit: 0.002120 bestmemit:    5.416526    8.530266    1.000000    0.410385    0.342266
Iteration: 158 bestvalit: 0.002120 bestmemit:    5.329828    8.936828    1.000000    0.286214    0.236908
Iteration: 159 bestvalit: 0.002120 bestmemit:    5.329828    8.936828    1.000000    0.286214    0.236908
Iteration: 160 bestvalit: 0.002120 bestmemit:    5.329828    8.936828    1.000000    0.286214    0.236908
Iteration: 161 bestvalit: 0.002120 bestmemit:    5.329828    8.936828    1.000000    0.286214    0.236908
Iteration: 162 bestvalit: 0.002120 bestmemit:    5.329828    8.936828    1.000000    0.286214    0.236908
Iteration: 163 bestvalit: 0.002120 bestmemit:    5.329828    8.936828    1.000000    0.286214    0.236908
Iteration: 164 bestvalit: 0.002120 bestmemit:    5.329828    8.936828    1.000000    0.286214    0.236908
Iteration: 165 bestvalit: 0.002120 bestmemit:    5.398617    8.787227    1.000000    0.377472    0.276256
Iteration: 166 bestvalit: 0.002120 bestmemit:    5.398617    8.787227    1.000000    0.377472    0.276256
Iteration: 167 bestvalit: 0.002120 bestmemit:    5.398617    8.787227    1.000000    0.377472    0.276256
Iteration: 168 bestvalit: 0.002120 bestmemit:    5.321282    8.851304    1.000000    0.341464    0.273162
Iteration: 169 bestvalit: 0.002120 bestmemit:    5.321282    8.851304    1.000000    0.341464    0.273162
Iteration: 170 bestvalit: 0.002119 bestmemit:    5.400469    8.706564    1.000000    0.392430    0.312128
Iteration: 171 bestvalit: 0.002119 bestmemit:    5.400469    8.706564    1.000000    0.392430    0.312128
Iteration: 172 bestvalit: 0.002119 bestmemit:    5.400469    8.706564    1.000000    0.392430    0.312128
Iteration: 173 bestvalit: 0.002119 bestmemit:    5.400469    8.706564    1.000000    0.392430    0.312128
Iteration: 174 bestvalit: 0.002119 bestmemit:    5.400469    8.706564    1.000000    0.392430    0.312128
Iteration: 175 bestvalit: 0.002119 bestmemit:    5.400469    8.706564    1.000000    0.392430    0.312128
Iteration: 176 bestvalit: 0.002119 bestmemit:    5.400469    8.706564    1.000000    0.392430    0.312128
Iteration: 177 bestvalit: 0.002119 bestmemit:    5.400469    8.706564    1.000000    0.392430    0.312128
Iteration: 178 bestvalit: 0.002119 bestmemit:    5.400469    8.706564    1.000000    0.392430    0.312128
Iteration: 179 bestvalit: 0.002119 bestmemit:    5.400469    8.706564    1.000000    0.392430    0.312128
Iteration: 180 bestvalit: 0.002119 bestmemit:    5.400469    8.706564    1.000000    0.392430    0.312128
Iteration: 181 bestvalit: 0.002119 bestmemit:    5.400469    8.706564    1.000000    0.392430    0.312128
Iteration: 182 bestvalit: 0.002119 bestmemit:    5.400469    8.706564    1.000000    0.392430    0.312128
Iteration: 183 bestvalit: 0.002119 bestmemit:    5.400469    8.706564    1.000000    0.392430    0.312128
Iteration: 184 bestvalit: 0.002119 bestmemit:    5.400469    8.706564    1.000000    0.392430    0.312128
Iteration: 185 bestvalit: 0.002119 bestmemit:    5.400469    8.706564    1.000000    0.392430    0.312128
Iteration: 186 bestvalit: 0.002119 bestmemit:    5.400469    8.706564    1.000000    0.392430    0.312128
Iteration: 187 bestvalit: 0.002119 bestmemit:    5.400469    8.706564    1.000000    0.392430    0.312128
Iteration: 188 bestvalit: 0.002119 bestmemit:    5.400469    8.706564    1.000000    0.392430    0.312128
Iteration: 189 bestvalit: 0.002119 bestmemit:    5.400469    8.706564    1.000000    0.392430    0.312128
Iteration: 190 bestvalit: 0.002119 bestmemit:    5.400469    8.706564    1.000000    0.392430    0.312128
Iteration: 191 bestvalit: 0.002119 bestmemit:    5.400469    8.706564    1.000000    0.392430    0.312128
Iteration: 192 bestvalit: 0.002119 bestmemit:    5.400469    8.706564    1.000000    0.392430    0.312128
Iteration: 193 bestvalit: 0.002119 bestmemit:    5.400469    8.706564    1.000000    0.392430    0.312128
Iteration: 194 bestvalit: 0.002119 bestmemit:    5.400469    8.706564    1.000000    0.392430    0.312128
Iteration: 195 bestvalit: 0.002119 bestmemit:    5.400469    8.706564    1.000000    0.392430    0.312128
Iteration: 196 bestvalit: 0.002119 bestmemit:    5.400469    8.706564    1.000000    0.392430    0.312128
Iteration: 197 bestvalit: 0.002119 bestmemit:    5.400469    8.706564    1.000000    0.392430    0.312128
Iteration: 198 bestvalit: 0.002119 bestmemit:    5.400469    8.706564    1.000000    0.392430    0.312128
Iteration: 199 bestvalit: 0.002119 bestmemit:    5.400469    8.706564    1.000000    0.392430    0.312128
Iteration: 200 bestvalit: 0.002119 bestmemit:    5.400469    8.706564    1.000000    0.392430    0.312128
Iteration: 201 bestvalit: 0.002119 bestmemit:    5.400469    8.706564    1.000000    0.392430    0.312128
Iteration: 202 bestvalit: 0.002119 bestmemit:    5.400469    8.706564    1.000000    0.392430    0.312128
Iteration: 203 bestvalit: 0.002119 bestmemit:    5.400469    8.706564    1.000000    0.392430    0.312128
Iteration: 204 bestvalit: 0.002119 bestmemit:    5.400469    8.706564    1.000000    0.392430    0.312128
Iteration: 205 bestvalit: 0.002119 bestmemit:    5.400469    8.706564    1.000000    0.392430    0.312128
Iteration: 206 bestvalit: 0.002119 bestmemit:    5.400469    8.706564    1.000000    0.392430    0.312128
Iteration: 207 bestvalit: 0.002119 bestmemit:    5.400469    8.706564    1.000000    0.392430    0.312128
Iteration: 208 bestvalit: 0.002119 bestmemit:    5.400469    8.706564    1.000000    0.392430    0.312128
Iteration: 209 bestvalit: 0.002119 bestmemit:    5.400469    8.706564    1.000000    0.392430    0.312128
Iteration: 210 bestvalit: 0.002119 bestmemit:    5.400469    8.706564    1.000000    0.392430    0.312128
Iteration: 211 bestvalit: 0.002119 bestmemit:    5.400469    8.706564    1.000000    0.392430    0.312128
Iteration: 212 bestvalit: 0.002119 bestmemit:    5.400469    8.706564    1.000000    0.392430    0.312128
Iteration: 213 bestvalit: 0.002119 bestmemit:    5.400469    8.706564    1.000000    0.392430    0.312128
Iteration: 214 bestvalit: 0.002119 bestmemit:    5.400469    8.706564    1.000000    0.392430    0.312128
Iteration: 215 bestvalit: 0.002119 bestmemit:    5.400469    8.706564    1.000000    0.392430    0.312128
Iteration: 216 bestvalit: 0.002119 bestmemit:    5.400469    8.706564    1.000000    0.392430    0.312128
Iteration: 217 bestvalit: 0.002119 bestmemit:    5.400469    8.706564    1.000000    0.392430    0.312128
Iteration: 218 bestvalit: 0.002119 bestmemit:    5.400469    8.706564    1.000000    0.392430    0.312128
Iteration: 219 bestvalit: 0.002119 bestmemit:    5.400469    8.706564    1.000000    0.392430    0.312128
Iteration: 220 bestvalit: 0.002119 bestmemit:    5.400469    8.706564    1.000000    0.392430    0.312128
Iteration: 221 bestvalit: 0.002119 bestmemit:    5.400469    8.706564    1.000000    0.392430    0.312128
Iteration: 222 bestvalit: 0.002119 bestmemit:    5.412431    8.725676    1.000000    0.396659    0.307598
Iteration: 223 bestvalit: 0.002119 bestmemit:    5.412431    8.725676    1.000000    0.396659    0.307598
Iteration: 224 bestvalit: 0.002119 bestmemit:    5.412431    8.725676    1.000000    0.396659    0.307598
Iteration: 225 bestvalit: 0.002119 bestmemit:    5.412431    8.725676    1.000000    0.396659    0.307598
Iteration: 226 bestvalit: 0.002119 bestmemit:    5.412431    8.725676    1.000000    0.396659    0.307598
Iteration: 227 bestvalit: 0.002119 bestmemit:    5.412431    8.725676    1.000000    0.396659    0.307598
Iteration: 228 bestvalit: 0.002119 bestmemit:    5.412431    8.725676    1.000000    0.396659    0.307598
Iteration: 229 bestvalit: 0.002119 bestmemit:    5.412431    8.725676    1.000000    0.396659    0.307598
Iteration: 230 bestvalit: 0.002119 bestmemit:    5.412431    8.725676    1.000000    0.396659    0.307598
Iteration: 231 bestvalit: 0.002119 bestmemit:    5.412431    8.725676    1.000000    0.396659    0.307598
Iteration: 232 bestvalit: 0.002119 bestmemit:    5.412431    8.725676    1.000000    0.396659    0.307598
Iteration: 233 bestvalit: 0.002119 bestmemit:    5.412431    8.725676    1.000000    0.396659    0.307598
Iteration: 234 bestvalit: 0.002119 bestmemit:    5.412431    8.725676    1.000000    0.396659    0.307598
Iteration: 235 bestvalit: 0.002119 bestmemit:    5.412431    8.725676    1.000000    0.396659    0.307598
Iteration: 236 bestvalit: 0.002119 bestmemit:    5.412431    8.725676    1.000000    0.396659    0.307598
Iteration: 237 bestvalit: 0.002119 bestmemit:    5.412431    8.725676    1.000000    0.396659    0.307598
Iteration: 238 bestvalit: 0.002119 bestmemit:    5.412431    8.725676    1.000000    0.396659    0.307598
Iteration: 239 bestvalit: 0.002119 bestmemit:    5.412431    8.725676    1.000000    0.396659    0.307598
Iteration: 240 bestvalit: 0.002119 bestmemit:    5.412431    8.725676    1.000000    0.396659    0.307598
Iteration: 241 bestvalit: 0.002119 bestmemit:    5.412431    8.725676    1.000000    0.396659    0.307598
Iteration: 242 bestvalit: 0.002119 bestmemit:    5.412431    8.725676    1.000000    0.396659    0.307598
Iteration: 243 bestvalit: 0.002119 bestmemit:    5.412431    8.725676    1.000000    0.396659    0.307598
Iteration: 244 bestvalit: 0.002119 bestmemit:    5.412431    8.725676    1.000000    0.396659    0.307598
Iteration: 245 bestvalit: 0.002119 bestmemit:    5.430940    8.699606    1.000000    0.403853    0.310159
Iteration: 246 bestvalit: 0.002119 bestmemit:    5.430940    8.699606    1.000000    0.403853    0.310159
Iteration: 247 bestvalit: 0.002119 bestmemit:    5.413938    8.697643    1.000000    0.403296    0.316369
Iteration: 248 bestvalit: 0.002119 bestmemit:    5.413938    8.697643    1.000000    0.403296    0.316369
Iteration: 249 bestvalit: 0.002119 bestmemit:    5.413938    8.697643    1.000000    0.403296    0.316369
Iteration: 250 bestvalit: 0.002119 bestmemit:    5.413938    8.697643    1.000000    0.403296    0.316369
Iteration: 251 bestvalit: 0.002119 bestmemit:    5.413938    8.697643    1.000000    0.403296    0.316369
Iteration: 252 bestvalit: 0.002119 bestmemit:    5.413938    8.697643    1.000000    0.403296    0.316369
Iteration: 253 bestvalit: 0.002119 bestmemit:    5.409267    8.704771    1.000000    0.397389    0.312779
Iteration: 254 bestvalit: 0.002119 bestmemit:    5.409267    8.704771    1.000000    0.397389    0.312779
Iteration: 255 bestvalit: 0.002119 bestmemit:    5.409267    8.704771    1.000000    0.397389    0.312779
Iteration: 256 bestvalit: 0.002119 bestmemit:    5.409267    8.704771    1.000000    0.397389    0.312779
Iteration: 257 bestvalit: 0.002119 bestmemit:    5.409267    8.704771    1.000000    0.397389    0.312779
Iteration: 258 bestvalit: 0.002119 bestmemit:    5.409267    8.704771    1.000000    0.397389    0.312779
Iteration: 259 bestvalit: 0.002119 bestmemit:    5.409267    8.704771    1.000000    0.397389    0.312779
Iteration: 260 bestvalit: 0.002119 bestmemit:    5.409267    8.704771    1.000000    0.397389    0.312779
Iteration: 261 bestvalit: 0.002119 bestmemit:    5.409267    8.704771    1.000000    0.397389    0.312779
Iteration: 262 bestvalit: 0.002119 bestmemit:    5.432223    8.686420    1.000000    0.405700    0.314685
Iteration: 263 bestvalit: 0.002119 bestmemit:    5.432223    8.686420    1.000000    0.405700    0.314685
Iteration: 264 bestvalit: 0.002119 bestmemit:    5.432223    8.686420    1.000000    0.405700    0.314685
Iteration: 265 bestvalit: 0.002119 bestmemit:    5.422415    8.701094    1.000000    0.398383    0.310531
Iteration: 266 bestvalit: 0.002119 bestmemit:    5.422415    8.701094    1.000000    0.398383    0.310531
Iteration: 267 bestvalit: 0.002119 bestmemit:    5.416589    8.697783    1.000000    0.401020    0.313630
Iteration: 268 bestvalit: 0.002119 bestmemit:    5.416589    8.697783    1.000000    0.401020    0.313630
Iteration: 269 bestvalit: 0.002119 bestmemit:    5.416589    8.697783    1.000000    0.401020    0.313630
Iteration: 270 bestvalit: 0.002119 bestmemit:    5.416589    8.697783    1.000000    0.401020    0.313630
Iteration: 271 bestvalit: 0.002119 bestmemit:    5.416589    8.697783    1.000000    0.401020    0.313630
Iteration: 272 bestvalit: 0.002119 bestmemit:    5.416589    8.697783    1.000000    0.401020    0.313630
Iteration: 273 bestvalit: 0.002119 bestmemit:    5.419433    8.694515    1.000000    0.400765    0.314792
Iteration: 274 bestvalit: 0.002119 bestmemit:    5.419433    8.694515    1.000000    0.400765    0.314792
Iteration: 275 bestvalit: 0.002119 bestmemit:    5.419433    8.694515    1.000000    0.400765    0.314792
Iteration: 276 bestvalit: 0.002119 bestmemit:    5.416589    8.700455    1.000000    0.401020    0.313630
Iteration: 277 bestvalit: 0.002119 bestmemit:    5.416589    8.700455    1.000000    0.401020    0.313630
Iteration: 278 bestvalit: 0.002119 bestmemit:    5.416589    8.700455    1.000000    0.401020    0.313630
Iteration: 279 bestvalit: 0.002119 bestmemit:    5.416589    8.700455    1.000000    0.401020    0.313630
Iteration: 280 bestvalit: 0.002119 bestmemit:    5.416589    8.700455    1.000000    0.401020    0.313630
Iteration: 281 bestvalit: 0.002119 bestmemit:    5.416589    8.700455    1.000000    0.401020    0.313630
Iteration: 282 bestvalit: 0.002119 bestmemit:    5.416589    8.700455    1.000000    0.401020    0.313630
Iteration: 283 bestvalit: 0.002119 bestmemit:    5.416589    8.700455    1.000000    0.401020    0.313630
Iteration: 284 bestvalit: 0.002119 bestmemit:    5.416589    8.700455    1.000000    0.401020    0.313630
Iteration: 285 bestvalit: 0.002119 bestmemit:    5.416589    8.700455    1.000000    0.401020    0.313630
Iteration: 286 bestvalit: 0.002119 bestmemit:    5.416589    8.700455    1.000000    0.401020    0.313630
Iteration: 287 bestvalit: 0.002119 bestmemit:    5.416589    8.700455    1.000000    0.401020    0.313630
Iteration: 288 bestvalit: 0.002119 bestmemit:    5.416589    8.700455    1.000000    0.401020    0.313630
Iteration: 289 bestvalit: 0.002119 bestmemit:    5.416589    8.700455    1.000000    0.401020    0.313630
Iteration: 290 bestvalit: 0.002119 bestmemit:    5.416589    8.700455    1.000000    0.401020    0.313630
Iteration: 291 bestvalit: 0.002119 bestmemit:    5.416589    8.700455    1.000000    0.401020    0.313630
Iteration: 292 bestvalit: 0.002119 bestmemit:    5.416589    8.700455    1.000000    0.401020    0.313630
Iteration: 293 bestvalit: 0.002119 bestmemit:    5.416589    8.700455    1.000000    0.401020    0.313630
Iteration: 294 bestvalit: 0.002119 bestmemit:    5.416589    8.700455    1.000000    0.401020    0.313630
Iteration: 295 bestvalit: 0.002119 bestmemit:    5.416589    8.700455    1.000000    0.401020    0.313630
Iteration: 296 bestvalit: 0.002119 bestmemit:    5.416589    8.700455    1.000000    0.401020    0.313630
Iteration: 297 bestvalit: 0.002119 bestmemit:    5.418672    8.701634    1.000000    0.400703    0.312660
Iteration: 298 bestvalit: 0.002119 bestmemit:    5.418672    8.701634    1.000000    0.400703    0.312660
Iteration: 299 bestvalit: 0.002119 bestmemit:    5.418672    8.701634    1.000000    0.400703    0.312660
Iteration: 300 bestvalit: 0.002119 bestmemit:    5.420519    8.693864    1.000000    0.403020    0.314662
Iteration: 301 bestvalit: 0.002119 bestmemit:    5.420519    8.693864    1.000000    0.402185    0.314662
Iteration: 302 bestvalit: 0.002119 bestmemit:    5.420519    8.693864    1.000000    0.402185    0.314662
Iteration: 303 bestvalit: 0.002119 bestmemit:    5.420519    8.693864    1.000000    0.402185    0.314662
Iteration: 304 bestvalit: 0.002119 bestmemit:    5.420519    8.693864    1.000000    0.402185    0.314662
Iteration: 305 bestvalit: 0.002119 bestmemit:    5.422028    8.697712    1.000000    0.400577    0.312562
Iteration: 306 bestvalit: 0.002119 bestmemit:    5.422028    8.697712    1.000000    0.400577    0.312562
Iteration: 307 bestvalit: 0.002119 bestmemit:    5.422028    8.697712    1.000000    0.400577    0.312562
Iteration: 308 bestvalit: 0.002119 bestmemit:    5.422028    8.697712    1.000000    0.400577    0.312562
Iteration: 309 bestvalit: 0.002119 bestmemit:    5.422028    8.697712    1.000000    0.400577    0.312562
Iteration: 310 bestvalit: 0.002119 bestmemit:    5.422028    8.697712    1.000000    0.400577    0.312562
Iteration: 311 bestvalit: 0.002119 bestmemit:    5.422028    8.697712    1.000000    0.400577    0.312562
Iteration: 312 bestvalit: 0.002119 bestmemit:    5.421648    8.693813    1.000000    0.401351    0.313737
Iteration: 313 bestvalit: 0.002119 bestmemit:    5.421648    8.693813    1.000000    0.401351    0.313737
Iteration: 314 bestvalit: 0.002119 bestmemit:    5.421648    8.693813    1.000000    0.401351    0.313737
Iteration: 315 bestvalit: 0.002119 bestmemit:    5.421648    8.693813    1.000000    0.401351    0.313737
Iteration: 316 bestvalit: 0.002119 bestmemit:    5.421648    8.693813    1.000000    0.401351    0.313737
Iteration: 317 bestvalit: 0.002119 bestmemit:    5.421648    8.693813    1.000000    0.401351    0.314059
Iteration: 318 bestvalit: 0.002119 bestmemit:    5.421648    8.693813    1.000000    0.401351    0.314059
Iteration: 319 bestvalit: 0.002119 bestmemit:    5.421648    8.693813    1.000000    0.401351    0.314059
Iteration: 320 bestvalit: 0.002119 bestmemit:    5.421648    8.693813    1.000000    0.401351    0.314059
Iteration: 321 bestvalit: 0.002119 bestmemit:    5.420697    8.696606    1.000000    0.401215    0.313454
Iteration: 322 bestvalit: 0.002119 bestmemit:    5.420697    8.696606    1.000000    0.401215    0.313454
Iteration: 323 bestvalit: 0.002119 bestmemit:    5.420697    8.696606    1.000000    0.401215    0.313454
Iteration: 324 bestvalit: 0.002119 bestmemit:    5.420697    8.696606    1.000000    0.401215    0.313454
Iteration: 325 bestvalit: 0.002119 bestmemit:    5.420697    8.696606    1.000000    0.401215    0.313454
Iteration: 326 bestvalit: 0.002119 bestmemit:    5.420697    8.696606    1.000000    0.401215    0.313454
Iteration: 327 bestvalit: 0.002119 bestmemit:    5.420697    8.696606    1.000000    0.401215    0.313454
Iteration: 328 bestvalit: 0.002119 bestmemit:    5.420697    8.696606    1.000000    0.401215    0.313454
Iteration: 329 bestvalit: 0.002119 bestmemit:    5.420697    8.696606    1.000000    0.401215    0.313454
Iteration: 330 bestvalit: 0.002119 bestmemit:    5.420697    8.696606    1.000000    0.401215    0.313454
Iteration: 331 bestvalit: 0.002119 bestmemit:    5.420697    8.696606    1.000000    0.401215    0.313454
Iteration: 332 bestvalit: 0.002119 bestmemit:    5.420697    8.696606    1.000000    0.401215    0.313454
Iteration: 333 bestvalit: 0.002119 bestmemit:    5.420697    8.696606    1.000000    0.401215    0.313454
Iteration: 334 bestvalit: 0.002119 bestmemit:    5.420697    8.696606    1.000000    0.401148    0.313454
Iteration: 335 bestvalit: 0.002119 bestmemit:    5.420697    8.696606    1.000000    0.401148    0.313454
Iteration: 336 bestvalit: 0.002119 bestmemit:    5.420697    8.696606    1.000000    0.401148    0.313454
Iteration: 337 bestvalit: 0.002119 bestmemit:    5.420697    8.696606    1.000000    0.401148    0.313454
Iteration: 338 bestvalit: 0.002119 bestmemit:    5.420697    8.696606    1.000000    0.401148    0.313454
Iteration: 339 bestvalit: 0.002119 bestmemit:    5.420697    8.696606    1.000000    0.401148    0.313454
Iteration: 340 bestvalit: 0.002119 bestmemit:    5.420697    8.696606    1.000000    0.401148    0.313454
Iteration: 341 bestvalit: 0.002119 bestmemit:    5.420697    8.696606    1.000000    0.401148    0.313454
Iteration: 342 bestvalit: 0.002119 bestmemit:    5.420697    8.696606    1.000000    0.401148    0.313454
Iteration: 343 bestvalit: 0.002119 bestmemit:    5.420697    8.696606    1.000000    0.401148    0.313454
Iteration: 344 bestvalit: 0.002119 bestmemit:    5.420697    8.696606    1.000000    0.401148    0.313454
Iteration: 345 bestvalit: 0.002119 bestmemit:    5.420697    8.696606    1.000000    0.401148    0.313454
Iteration: 346 bestvalit: 0.002119 bestmemit:    5.420697    8.696606    1.000000    0.401148    0.313454
Iteration: 347 bestvalit: 0.002119 bestmemit:    5.420697    8.696606    1.000000    0.401148    0.313454
Iteration: 348 bestvalit: 0.002119 bestmemit:    5.420697    8.696606    1.000000    0.401148    0.313454
Iteration: 349 bestvalit: 0.002119 bestmemit:    5.420697    8.696606    1.000000    0.401148    0.313454
Iteration: 350 bestvalit: 0.002119 bestmemit:    5.420697    8.696606    1.000000    0.401148    0.313454
Iteration: 351 bestvalit: 0.002119 bestmemit:    5.420697    8.696606    1.000000    0.401148    0.313454
Iteration: 352 bestvalit: 0.002119 bestmemit:    5.420697    8.696606    1.000000    0.401148    0.313454
Iteration: 353 bestvalit: 0.002119 bestmemit:    5.420697    8.696606    1.000000    0.401148    0.313454
Iteration: 354 bestvalit: 0.002119 bestmemit:    5.420697    8.696606    1.000000    0.401148    0.313454
Iteration: 355 bestvalit: 0.002119 bestmemit:    5.420697    8.696606    1.000000    0.401148    0.313454
Iteration: 356 bestvalit: 0.002119 bestmemit:    5.420697    8.696606    1.000000    0.401148    0.313454
Iteration: 357 bestvalit: 0.002119 bestmemit:    5.420697    8.696606    1.000000    0.401148    0.313454
Iteration: 358 bestvalit: 0.002119 bestmemit:    5.420697    8.696606    1.000000    0.401148    0.313454
Iteration: 359 bestvalit: 0.002119 bestmemit:    5.420697    8.696606    1.000000    0.401148    0.313454
Iteration: 360 bestvalit: 0.002119 bestmemit:    5.420697    8.696606    1.000000    0.401148    0.313454
Iteration: 361 bestvalit: 0.002119 bestmemit:    5.420697    8.696606    1.000000    0.401148    0.313454
Iteration: 362 bestvalit: 0.002119 bestmemit:    5.420697    8.696606    1.000000    0.401148    0.313454
Iteration: 363 bestvalit: 0.002119 bestmemit:    5.420697    8.696606    1.000000    0.401148    0.313454
Iteration: 364 bestvalit: 0.002119 bestmemit:    5.420697    8.696606    1.000000    0.401148    0.313454
Iteration: 365 bestvalit: 0.002119 bestmemit:    5.421111    8.695575    1.000000    0.401363    0.313738
Iteration: 366 bestvalit: 0.002119 bestmemit:    5.421111    8.695575    1.000000    0.401363    0.313738
Iteration: 367 bestvalit: 0.002119 bestmemit:    5.421111    8.695575    1.000000    0.401363    0.313738
Iteration: 368 bestvalit: 0.002119 bestmemit:    5.421111    8.695575    1.000000    0.401363    0.313738
Iteration: 369 bestvalit: 0.002119 bestmemit:    5.421111    8.695575    1.000000    0.401363    0.313738
Iteration: 370 bestvalit: 0.002119 bestmemit:    5.421111    8.695575    1.000000    0.401363    0.313738
Iteration: 371 bestvalit: 0.002119 bestmemit:    5.421111    8.695575    1.000000    0.401363    0.313738
Iteration: 372 bestvalit: 0.002119 bestmemit:    5.420760    8.695857    1.000000    0.401053    0.313589
Iteration: 373 bestvalit: 0.002119 bestmemit:    5.420760    8.695857    1.000000    0.401053    0.313589
Iteration: 374 bestvalit: 0.002119 bestmemit:    5.420760    8.695857    1.000000    0.401053    0.313589
Iteration: 375 bestvalit: 0.002119 bestmemit:    5.420760    8.695857    1.000000    0.401053    0.313589
Iteration: 376 bestvalit: 0.002119 bestmemit:    5.420760    8.695857    1.000000    0.401053    0.313589
Iteration: 377 bestvalit: 0.002119 bestmemit:    5.420760    8.695857    1.000000    0.401053    0.313589
Iteration: 378 bestvalit: 0.002119 bestmemit:    5.420760    8.695857    1.000000    0.401053    0.313589
Iteration: 379 bestvalit: 0.002119 bestmemit:    5.420760    8.695857    1.000000    0.401053    0.313589
Iteration: 380 bestvalit: 0.002119 bestmemit:    5.420760    8.695857    1.000000    0.401053    0.313589
Iteration: 381 bestvalit: 0.002119 bestmemit:    5.420760    8.695857    1.000000    0.401053    0.313589
Iteration: 382 bestvalit: 0.002119 bestmemit:    5.420760    8.695857    1.000000    0.401053    0.313589
Iteration: 383 bestvalit: 0.002119 bestmemit:    5.420721    8.697029    1.000000    0.400545    0.313166
Iteration: 384 bestvalit: 0.002119 bestmemit:    5.420721    8.697029    1.000000    0.400545    0.313166
Iteration: 385 bestvalit: 0.002119 bestmemit:    5.420721    8.697029    1.000000    0.400545    0.313166
Iteration: 386 bestvalit: 0.002119 bestmemit:    5.421250    8.695470    1.000000    0.400988    0.313500
Iteration: 387 bestvalit: 0.002119 bestmemit:    5.421250    8.695470    1.000000    0.400988    0.313500
Iteration: 388 bestvalit: 0.002119 bestmemit:    5.421250    8.695470    1.000000    0.400988    0.313500

***** summary of DEoptim object ***** 
best member   :  5.42125 8.69547 1 0.40099 0.3135 
best value    :  0.00212 
after         :  388 generations 
fn evaluated  :  778 times 
*************************************
