SLURM_JOB_ID: 55403038
SLURM_JOB_USER: vsc34066
SLURM_JOB_ACCOUNT: lp_desenderlab
SLURM_JOB_NAME: par_recov_alternating_fb_sim_alpha_learn.slurm
SLURM_CLUSTER_NAME: genius
SLURM_JOB_PARTITION: batch
SLURM_ARRAY_JOB_ID: 55402977
SLURM_ARRAY_TASK_ID: 61
SLURM_NNODES: 1
SLURM_NODELIST: r23i27n06
SLURM_JOB_CPUS_PER_NODE: 8
Date: Sun Dec  3 23:44:01 CET 2023
Walltime: 01-06:00:00
========================================================================
Iteration: 1 bestvalit: 0.084509 bestmemit:    4.535275   42.838178    1.000000 1222.744184  232.148243
Iteration: 2 bestvalit: 0.084509 bestmemit:    4.535275   42.838178    1.000000 1222.744184  232.148243
Iteration: 3 bestvalit: 0.082543 bestmemit:   17.138505    6.111925    1.000000 1222.744184  232.148243
Iteration: 4 bestvalit: 0.082543 bestmemit:   17.138505    6.111925    1.000000 1222.744184  232.148243
Iteration: 5 bestvalit: 0.082543 bestmemit:   17.138505    6.111925    1.000000 1222.744184  232.148243
Iteration: 6 bestvalit: 0.082543 bestmemit:   17.138505    6.111925    1.000000 1222.744184  232.148243
Iteration: 7 bestvalit: 0.081243 bestmemit:   37.353686  -11.654523    1.000000 1136.353855  238.935685
Iteration: 8 bestvalit: 0.081243 bestmemit:   37.353686  -11.654523    1.000000 1136.353855  238.935685
Iteration: 9 bestvalit: 0.055389 bestmemit:   36.549333  -50.312813    1.000000  155.126241  509.958499
Iteration: 10 bestvalit: 0.055389 bestmemit:   36.549333  -50.312813    1.000000  155.126241  509.958499
Iteration: 11 bestvalit: 0.037255 bestmemit:   39.215010   30.157109    1.000000    0.039883  544.434786
Iteration: 12 bestvalit: 0.037255 bestmemit:   39.215010   30.157109    1.000000    0.039883  544.434786
Iteration: 13 bestvalit: 0.037209 bestmemit:   40.112441   30.157109    1.000000    0.039883  544.434786
Iteration: 14 bestvalit: 0.037209 bestmemit:   40.112441   30.157109    1.000000    0.039883  544.434786
Iteration: 15 bestvalit: 0.037209 bestmemit:   40.112441   30.157109    1.000000    0.039883  544.434786
Iteration: 16 bestvalit: 0.037209 bestmemit:   40.112441   30.157109    1.000000    0.039883  544.434786
Iteration: 17 bestvalit: 0.037209 bestmemit:   40.112441   30.157109    1.000000    0.039883  544.434786
Iteration: 18 bestvalit: 0.037209 bestmemit:   40.112441   30.157109    1.000000    0.039883  544.434786
Iteration: 19 bestvalit: 0.037209 bestmemit:   40.112441   30.157109    1.000000    0.039883  544.434786
Iteration: 20 bestvalit: 0.037209 bestmemit:   40.112441   30.157109    1.000000    0.039883  544.434786
Iteration: 21 bestvalit: 0.037209 bestmemit:   40.112441   30.157109    1.000000    0.039883  544.434786
Iteration: 22 bestvalit: 0.037209 bestmemit:   40.112441   30.157109    1.000000    0.039883  544.434786
Iteration: 23 bestvalit: 0.035482 bestmemit:   40.112441   30.157109    1.000000    0.039883  351.183416
Iteration: 24 bestvalit: 0.035482 bestmemit:   40.112441   30.157109    1.000000    0.039883  351.183416
Iteration: 25 bestvalit: 0.035482 bestmemit:   40.112441   30.157109    1.000000    0.039883  351.183416
Iteration: 26 bestvalit: 0.035482 bestmemit:   40.112441   30.157109    1.000000    0.039883  351.183416
Iteration: 27 bestvalit: 0.034465 bestmemit:   49.268281  -19.627345    1.000000    0.982858  259.011719
Iteration: 28 bestvalit: 0.034465 bestmemit:   49.268281  -19.627345    1.000000    0.982858  259.011719
Iteration: 29 bestvalit: 0.034465 bestmemit:   49.268281  -19.627345    1.000000    0.982858  259.011719
Iteration: 30 bestvalit: 0.034465 bestmemit:   49.268281  -19.627345    1.000000    0.982858  259.011719
Iteration: 31 bestvalit: 0.034465 bestmemit:   49.268281  -19.627345    1.000000    0.982858  259.011719
Iteration: 32 bestvalit: 0.034465 bestmemit:   49.268281  -19.627345    1.000000    0.982858  259.011719
Iteration: 33 bestvalit: 0.034465 bestmemit:   49.268281  -19.627345    1.000000    0.982858  259.011719
Iteration: 34 bestvalit: 0.034465 bestmemit:   49.268281  -19.627345    1.000000    0.982858  259.011719
Iteration: 35 bestvalit: 0.034245 bestmemit:   47.526446   30.157109    1.000000    0.039883  236.256345
Iteration: 36 bestvalit: 0.034245 bestmemit:   47.526446   30.157109    1.000000    0.039883  236.256345
Iteration: 37 bestvalit: 0.033730 bestmemit:   47.526446   30.157109    1.000000    0.039883  185.527188
Iteration: 38 bestvalit: 0.033730 bestmemit:   47.526446   30.157109    1.000000    0.039883  185.527188
Iteration: 39 bestvalit: 0.033730 bestmemit:   47.526446   30.157109    1.000000    0.039883  185.527188
Iteration: 40 bestvalit: 0.033730 bestmemit:   47.526446   30.157109    1.000000    0.039883  185.527188
Iteration: 41 bestvalit: 0.033730 bestmemit:   47.526446   30.157109    1.000000    0.039883  185.527188
Iteration: 42 bestvalit: 0.033730 bestmemit:   47.526446   30.157109    1.000000    0.039883  185.527188
Iteration: 43 bestvalit: 0.033730 bestmemit:   47.526446   30.157109    1.000000    0.039883  185.527188
Iteration: 44 bestvalit: 0.033691 bestmemit:   49.563438  -20.574296    1.000000    2.881680  170.769752
Iteration: 45 bestvalit: 0.033096 bestmemit:   36.418160  -23.927364    1.000000    1.787439   89.461545
Iteration: 46 bestvalit: 0.033032 bestmemit:   38.209083  -23.927364    1.000000    1.787439   89.461545
Iteration: 47 bestvalit: 0.032079 bestmemit:   49.268281  -19.627345    1.000000    0.982858   43.149530
Iteration: 48 bestvalit: 0.032079 bestmemit:   49.268281  -19.627345    1.000000    0.982858   43.149530
Iteration: 49 bestvalit: 0.032079 bestmemit:   49.268281  -19.627345    1.000000    0.982858   43.149530
Iteration: 50 bestvalit: 0.031950 bestmemit:   42.847787   10.104532    1.000000    2.242379   32.391023
Iteration: 51 bestvalit: 0.031950 bestmemit:   42.847787   10.104532    1.000000    2.242379   32.391023
Iteration: 52 bestvalit: 0.031950 bestmemit:   42.847787   10.104532    1.000000    2.242379   32.391023
Iteration: 53 bestvalit: 0.031950 bestmemit:   42.847787   10.104532    1.000000    2.242379   32.391023
Iteration: 54 bestvalit: 0.031950 bestmemit:   42.847787   10.104532    1.000000    2.242379   32.391023
Iteration: 55 bestvalit: 0.031950 bestmemit:   42.847787   10.104532    1.000000    2.242379   32.391023
Iteration: 56 bestvalit: 0.031950 bestmemit:   42.847787   10.104532    1.000000    2.242379   32.391023
Iteration: 57 bestvalit: 0.031920 bestmemit:   44.315120   10.104532    1.000000    2.242379   32.391023
Iteration: 58 bestvalit: 0.031888 bestmemit:   45.949238   10.104532    1.000000    2.242379   32.391023
Iteration: 59 bestvalit: 0.031888 bestmemit:   45.949238   10.104532    1.000000    2.242379   32.391023
Iteration: 60 bestvalit: 0.031778 bestmemit:   49.914380   -9.720727    1.000000    1.829662   31.897017
Iteration: 61 bestvalit: 0.030570 bestmemit:   48.599160    2.169214    1.000000    2.094844   10.046943
Iteration: 62 bestvalit: 0.030570 bestmemit:   48.599160    2.169214    1.000000    2.094844   10.046943
Iteration: 63 bestvalit: 0.030570 bestmemit:   48.599160    2.169214    1.000000    2.094844   10.046943
Iteration: 64 bestvalit: 0.030170 bestmemit:   48.937137    3.514641    1.000000    2.357993    5.099799
Iteration: 65 bestvalit: 0.029271 bestmemit:   48.668209  -18.981956    1.000000    2.102358    3.970184
Iteration: 66 bestvalit: 0.029271 bestmemit:   48.668209  -18.981956    1.000000    2.102358    3.970184
Iteration: 67 bestvalit: 0.029271 bestmemit:   48.668209  -18.981956    1.000000    2.102358    3.970184
Iteration: 68 bestvalit: 0.029271 bestmemit:   48.668209  -18.981956    1.000000    2.102358    3.970184
Iteration: 69 bestvalit: 0.029271 bestmemit:   48.668209  -18.981956    1.000000    2.102358    3.970184
Iteration: 70 bestvalit: 0.028027 bestmemit:   48.753863  -18.443424    1.000000    1.986968    1.364015
Iteration: 71 bestvalit: 0.028027 bestmemit:   48.753863  -18.443424    1.000000    1.986968    1.364015
Iteration: 72 bestvalit: 0.028027 bestmemit:   48.753863  -18.443424    1.000000    1.986968    1.364015
Iteration: 73 bestvalit: 0.028027 bestmemit:   48.753863  -18.443424    1.000000    1.986968    1.364015
Iteration: 74 bestvalit: 0.028027 bestmemit:   48.753863  -18.443424    1.000000    1.986968    1.364015
Iteration: 75 bestvalit: 0.027136 bestmemit:   49.323207   -8.730697    1.000000    1.473759    0.439046
Iteration: 76 bestvalit: 0.027136 bestmemit:   49.323207   -8.730697    1.000000    1.473759    0.439046
Iteration: 77 bestvalit: 0.027136 bestmemit:   49.323207   -8.730697    1.000000    1.473759    0.439046
Iteration: 78 bestvalit: 0.027136 bestmemit:   49.323207   -8.730697    1.000000    1.473759    0.439046
Iteration: 79 bestvalit: 0.027129 bestmemit:   48.084150   -8.385766    1.000000    1.494355    0.382117
Iteration: 80 bestvalit: 0.026966 bestmemit:   48.921372  -11.129240    1.000000    1.935986    0.094950
Iteration: 81 bestvalit: 0.026966 bestmemit:   48.921372  -11.129240    1.000000    1.935986    0.094950
Iteration: 82 bestvalit: 0.026966 bestmemit:   48.921372  -11.129240    1.000000    1.935986    0.094950
Iteration: 83 bestvalit: 0.026940 bestmemit:   48.921372   -7.607238    1.000000    1.935986    0.094950
Iteration: 84 bestvalit: 0.026940 bestmemit:   48.921372   -7.607238    1.000000    1.935986    0.094950
Iteration: 85 bestvalit: 0.026907 bestmemit:   48.332712  -10.925450    1.000000    1.288349    0.247774
Iteration: 86 bestvalit: 0.026883 bestmemit:   48.332712  -10.925450    1.000000    0.287804    0.247774
Iteration: 87 bestvalit: 0.026883 bestmemit:   48.332712  -10.925450    1.000000    0.287804    0.247774
Iteration: 88 bestvalit: 0.026883 bestmemit:   48.332712  -10.925450    1.000000    0.287804    0.247774
Iteration: 89 bestvalit: 0.026878 bestmemit:   48.535012  -10.925450    1.000000    0.287804    0.247774
Iteration: 90 bestvalit: 0.026744 bestmemit:   48.406689  -12.341605    1.000000    0.306488    0.028635
Iteration: 91 bestvalit: 0.026744 bestmemit:   48.406689  -12.341605    1.000000    0.306488    0.028635
Iteration: 92 bestvalit: 0.026744 bestmemit:   48.406689  -12.341605    1.000000    0.306488    0.028635
Iteration: 93 bestvalit: 0.026744 bestmemit:   48.406689  -12.341605    1.000000    0.306488    0.028635
Iteration: 94 bestvalit: 0.026664 bestmemit:   48.972034  -11.383081    1.000000    0.306488    0.028635
Iteration: 95 bestvalit: 0.026664 bestmemit:   48.972034  -11.383081    1.000000    0.306488    0.028635
Iteration: 96 bestvalit: 0.026660 bestmemit:   48.972034  -11.383081    1.000000    0.150561    0.028635
Iteration: 97 bestvalit: 0.026660 bestmemit:   48.972034  -11.383081    1.000000    0.150561    0.028635
Iteration: 98 bestvalit: 0.026660 bestmemit:   48.972034  -11.383081    1.000000    0.150561    0.028635
Iteration: 99 bestvalit: 0.026660 bestmemit:   48.972034  -11.383081    1.000000    0.150561    0.028635
Iteration: 100 bestvalit: 0.026651 bestmemit:   49.615278  -10.886857    1.000000    0.808061    0.010930
Iteration: 101 bestvalit: 0.026651 bestmemit:   49.615278  -10.886857    1.000000    0.808061    0.010930
Iteration: 102 bestvalit: 0.026651 bestmemit:   49.615278  -10.886857    1.000000    0.808061    0.010930
Iteration: 103 bestvalit: 0.026636 bestmemit:   49.907338  -11.680528    1.000000    0.320794    0.044699
Iteration: 104 bestvalit: 0.026636 bestmemit:   49.907338  -11.680528    1.000000    0.320794    0.044699
Iteration: 105 bestvalit: 0.026636 bestmemit:   49.907338  -11.680528    1.000000    0.320794    0.044699
Iteration: 106 bestvalit: 0.026636 bestmemit:   49.907338  -11.680528    1.000000    0.320794    0.044699
Iteration: 107 bestvalit: 0.026636 bestmemit:   49.907338  -11.680528    1.000000    0.320794    0.044699
Iteration: 108 bestvalit: 0.026635 bestmemit:   49.377320  -11.807557    1.000000    0.240351    0.010718
Iteration: 109 bestvalit: 0.026628 bestmemit:   49.377320  -11.807557    1.000000    0.053558    0.010718
Iteration: 110 bestvalit: 0.026628 bestmemit:   49.377320  -11.807557    1.000000    0.053558    0.010718
Iteration: 111 bestvalit: 0.026628 bestmemit:   49.377320  -11.807557    1.000000    0.053558    0.010718
Iteration: 112 bestvalit: 0.026628 bestmemit:   49.377320  -11.807557    1.000000    0.053558    0.010718
Iteration: 113 bestvalit: 0.026628 bestmemit:   49.377320  -11.807557    1.000000    0.053558    0.010718
Iteration: 114 bestvalit: 0.026619 bestmemit:   49.892677  -12.319648    1.000000    0.169429    0.015295
Iteration: 115 bestvalit: 0.026617 bestmemit:   49.953820  -12.242335    1.000000    0.085811    0.025780
Iteration: 116 bestvalit: 0.026617 bestmemit:   49.953820  -12.242335    1.000000    0.085811    0.025780
Iteration: 117 bestvalit: 0.026600 bestmemit:   49.891600  -11.870852    1.000000    0.065063    0.000409
Iteration: 118 bestvalit: 0.026599 bestmemit:   49.913928  -11.870852    1.000000    0.065063    0.000409
Iteration: 119 bestvalit: 0.026599 bestmemit:   49.913928  -11.870852    1.000000    0.065063    0.000409
Iteration: 120 bestvalit: 0.026599 bestmemit:   49.913928  -11.870852    1.000000    0.065063    0.000409
Iteration: 121 bestvalit: 0.026599 bestmemit:   49.913928  -11.870852    1.000000    0.065063    0.000409
Iteration: 122 bestvalit: 0.026599 bestmemit:   49.913928  -11.870852    1.000000    0.065063    0.000409
Iteration: 123 bestvalit: 0.026599 bestmemit:   49.913928  -11.964390    1.000000    0.065063    0.000409
Iteration: 124 bestvalit: 0.026599 bestmemit:   49.913928  -11.964390    1.000000    0.065063    0.000409
Iteration: 125 bestvalit: 0.026599 bestmemit:   49.913928  -11.964390    1.000000    0.065063    0.000409
Iteration: 126 bestvalit: 0.026599 bestmemit:   49.984131  -12.160650    1.000000    0.040074    0.003850
Iteration: 127 bestvalit: 0.026599 bestmemit:   49.984131  -12.160650    1.000000    0.040074    0.003850
Iteration: 128 bestvalit: 0.026597 bestmemit:   49.968293  -11.964390    1.000000    0.065063    0.000409
Iteration: 129 bestvalit: 0.026597 bestmemit:   49.968293  -11.964390    1.000000    0.065063    0.000409
Iteration: 130 bestvalit: 0.026597 bestmemit:   49.968293  -11.964390    1.000000    0.065063    0.000409
Iteration: 131 bestvalit: 0.026596 bestmemit:   49.968293  -11.964390    1.000000    0.043363    0.000409
Iteration: 132 bestvalit: 0.026596 bestmemit:   49.968293  -11.964390    1.000000    0.043363    0.000409
Iteration: 133 bestvalit: 0.026596 bestmemit:   49.968293  -11.964390    1.000000    0.043363    0.000409
Iteration: 134 bestvalit: 0.026596 bestmemit:   49.968293  -11.964390    1.000000    0.043363    0.000409
Iteration: 135 bestvalit: 0.026596 bestmemit:   49.968293  -11.964390    1.000000    0.043363    0.000409
Iteration: 136 bestvalit: 0.026596 bestmemit:   49.968293  -11.964390    1.000000    0.043363    0.000409
Iteration: 137 bestvalit: 0.026596 bestmemit:   49.968293  -11.964390    1.000000    0.043363    0.000409
Iteration: 138 bestvalit: 0.026596 bestmemit:   49.968293  -11.964390    1.000000    0.043363    0.000409
Iteration: 139 bestvalit: 0.026596 bestmemit:   49.968293  -11.964390    1.000000    0.043363    0.000409
Iteration: 140 bestvalit: 0.026596 bestmemit:   49.968293  -11.964390    1.000000    0.043363    0.000061
Iteration: 141 bestvalit: 0.026596 bestmemit:   49.968293  -11.964390    1.000000    0.043363    0.000061
Iteration: 142 bestvalit: 0.026596 bestmemit:   49.968293  -11.964390    1.000000    0.043363    0.000061
Iteration: 143 bestvalit: 0.026596 bestmemit:   49.968293  -11.964390    1.000000    0.043363    0.000061
Iteration: 144 bestvalit: 0.026595 bestmemit:   49.994550  -11.966009    1.000000    0.013801    0.000252
Iteration: 145 bestvalit: 0.026595 bestmemit:   49.994550  -11.966009    1.000000    0.013801    0.000252
Iteration: 146 bestvalit: 0.026595 bestmemit:   49.994550  -11.966009    1.000000    0.013801    0.000252
Iteration: 147 bestvalit: 0.026595 bestmemit:   49.994550  -11.966009    1.000000    0.013801    0.000252
Iteration: 148 bestvalit: 0.026595 bestmemit:   49.994550  -11.966009    1.000000    0.013801    0.000252
Iteration: 149 bestvalit: 0.026595 bestmemit:   49.994550  -11.966009    1.000000    0.013801    0.000252
Iteration: 150 bestvalit: 0.026595 bestmemit:   49.994550  -12.003478    1.000000    0.013801    0.000252
Iteration: 151 bestvalit: 0.026595 bestmemit:   49.999704  -12.088485    1.000000    0.003032    0.000593
Iteration: 152 bestvalit: 0.026595 bestmemit:   49.999704  -12.088485    1.000000    0.003032    0.000593
Iteration: 153 bestvalit: 0.026595 bestmemit:   49.999704  -12.088485    1.000000    0.003032    0.000593
Iteration: 154 bestvalit: 0.026595 bestmemit:   49.999704  -12.088485    1.000000    0.003032    0.000593
Iteration: 155 bestvalit: 0.026595 bestmemit:   49.999704  -12.088485    1.000000    0.003032    0.000593
Iteration: 156 bestvalit: 0.026595 bestmemit:   49.999704  -12.088485    1.000000    0.003032    0.000593
Iteration: 157 bestvalit: 0.026595 bestmemit:   49.999704  -12.088485    1.000000    0.003032    0.000593
Iteration: 158 bestvalit: 0.026595 bestmemit:   49.999704  -12.088485    1.000000    0.003032    0.000593
Iteration: 159 bestvalit: 0.026595 bestmemit:   49.996359  -11.988405    1.000000    0.009025    0.000009
Iteration: 160 bestvalit: 0.026595 bestmemit:   49.996359  -11.988405    1.000000    0.009025    0.000009
Iteration: 161 bestvalit: 0.026595 bestmemit:   49.998128  -12.015696    1.000000    0.008955    0.000129
Iteration: 162 bestvalit: 0.026595 bestmemit:   49.998916  -12.014807    1.000000    0.006536    0.000170
Iteration: 163 bestvalit: 0.026595 bestmemit:   49.997606  -12.069351    1.000000    0.012735    0.000138
Iteration: 164 bestvalit: 0.026594 bestmemit:   49.999847  -12.043358    1.000000    0.005850    0.000064
Iteration: 165 bestvalit: 0.026594 bestmemit:   49.999440  -12.042453    1.000000    0.009025    0.000009
Iteration: 166 bestvalit: 0.026594 bestmemit:   49.999440  -12.042453    1.000000    0.009025    0.000009
Iteration: 167 bestvalit: 0.026594 bestmemit:   49.999440  -12.042453    1.000000    0.009025    0.000009
Iteration: 168 bestvalit: 0.026594 bestmemit:   49.999440  -12.042453    1.000000    0.009025    0.000009
Iteration: 169 bestvalit: 0.026594 bestmemit:   49.999440  -12.042453    1.000000    0.009025    0.000009
Iteration: 170 bestvalit: 0.026594 bestmemit:   49.999440  -12.042453    1.000000    0.009025    0.000009
Iteration: 171 bestvalit: 0.026594 bestmemit:   49.999440  -12.042453    1.000000    0.009025    0.000009
Iteration: 172 bestvalit: 0.026594 bestmemit:   49.999464  -12.102047    1.000000    0.005769    0.000010
Iteration: 173 bestvalit: 0.026594 bestmemit:   49.999464  -12.076994    1.000000    0.005769    0.000010
Iteration: 174 bestvalit: 0.026594 bestmemit:   49.999593  -12.081766    1.000000    0.002965    0.000037
Iteration: 175 bestvalit: 0.026594 bestmemit:   49.999593  -12.081766    1.000000    0.002965    0.000037
Iteration: 176 bestvalit: 0.026594 bestmemit:   49.999593  -12.081766    1.000000    0.002965    0.000037
Iteration: 177 bestvalit: 0.026594 bestmemit:   49.999593  -12.081766    1.000000    0.001531    0.000037
Iteration: 178 bestvalit: 0.026594 bestmemit:   49.999593  -12.081766    1.000000    0.001531    0.000037
Iteration: 179 bestvalit: 0.026594 bestmemit:   49.999593  -12.081766    1.000000    0.001531    0.000037
Iteration: 180 bestvalit: 0.026594 bestmemit:   49.999593  -12.081766    1.000000    0.001531    0.000037
Iteration: 181 bestvalit: 0.026594 bestmemit:   49.999430  -12.076464    1.000000    0.001277    0.000015
Iteration: 182 bestvalit: 0.026594 bestmemit:   49.999430  -12.076464    1.000000    0.001277    0.000015
Iteration: 183 bestvalit: 0.026594 bestmemit:   49.999430  -12.076464    1.000000    0.001277    0.000015
Iteration: 184 bestvalit: 0.026594 bestmemit:   49.999697  -12.059443    1.000000    0.000387    0.000021
Iteration: 185 bestvalit: 0.026594 bestmemit:   49.999665  -12.072038    1.000000    0.002100    0.000006
Iteration: 186 bestvalit: 0.026594 bestmemit:   49.999996  -12.061114    1.000000    0.002100    0.000013
Iteration: 187 bestvalit: 0.026594 bestmemit:   49.999996  -12.061114    1.000000    0.002100    0.000013
Iteration: 188 bestvalit: 0.026594 bestmemit:   49.999782  -12.084775    1.000000    0.002271    0.000002
Iteration: 189 bestvalit: 0.026594 bestmemit:   49.999782  -12.084775    1.000000    0.002271    0.000002
Iteration: 190 bestvalit: 0.026594 bestmemit:   49.999848  -12.090652    1.000000    0.001342    0.000003
Iteration: 191 bestvalit: 0.026594 bestmemit:   49.999848  -12.090652    1.000000    0.001342    0.000003
Iteration: 192 bestvalit: 0.026594 bestmemit:   49.999815  -12.074640    1.000000    0.000124    0.000007
Iteration: 193 bestvalit: 0.026594 bestmemit:   49.999806  -12.072017    1.000000    0.000027    0.000002
Iteration: 194 bestvalit: 0.026594 bestmemit:   49.999806  -12.072017    1.000000    0.000027    0.000002
Iteration: 195 bestvalit: 0.026594 bestmemit:   49.999806  -12.072017    1.000000    0.000027    0.000002
Iteration: 196 bestvalit: 0.026594 bestmemit:   49.999806  -12.072017    1.000000    0.000027    0.000002
Iteration: 197 bestvalit: 0.026594 bestmemit:   49.999806  -12.072017    1.000000    0.000027    0.000002
Iteration: 198 bestvalit: 0.026594 bestmemit:   49.999806  -12.078900    1.000000    0.000027    0.000002
Iteration: 199 bestvalit: 0.026594 bestmemit:   49.999806  -12.078900    1.000000    0.000027    0.000002
Iteration: 200 bestvalit: 0.026594 bestmemit:   49.999881  -12.078900    1.000000    0.000027    0.000002
Iteration: 201 bestvalit: 0.026594 bestmemit:   49.999881  -12.078900    1.000000    0.000027    0.000002
Iteration: 202 bestvalit: 0.026594 bestmemit:   49.999881  -12.078900    1.000000    0.000027    0.000002
Iteration: 203 bestvalit: 0.026594 bestmemit:   49.999881  -12.078900    1.000000    0.000027    0.000002
Iteration: 204 bestvalit: 0.026594 bestmemit:   49.999988  -12.084077    1.000000    0.000025    0.000004
Iteration: 205 bestvalit: 0.026594 bestmemit:   49.999988  -12.084077    1.000000    0.000025    0.000004
Iteration: 206 bestvalit: 0.026594 bestmemit:   49.999988  -12.084077    1.000000    0.000025    0.000004
Iteration: 207 bestvalit: 0.026594 bestmemit:   49.999988  -12.084077    1.000000    0.000025    0.000004
Iteration: 208 bestvalit: 0.026594 bestmemit:   49.999980  -12.076024    1.000000    0.000165    0.000002
Iteration: 209 bestvalit: 0.026594 bestmemit:   49.999980  -12.076024    1.000000    0.000165    0.000002
Iteration: 210 bestvalit: 0.026594 bestmemit:   49.999980  -12.076024    1.000000    0.000165    0.000002
Iteration: 211 bestvalit: 0.026594 bestmemit:   49.999959  -12.083566    1.000000    0.000097    0.000000
Iteration: 212 bestvalit: 0.026594 bestmemit:   49.999970  -12.078900    1.000000    0.000005    0.000000
Iteration: 213 bestvalit: 0.026594 bestmemit:   49.999977  -12.077420    1.000000    0.000005    0.000000
Iteration: 214 bestvalit: 0.026594 bestmemit:   49.999977  -12.077420    1.000000    0.000005    0.000000
Iteration: 215 bestvalit: 0.026594 bestmemit:   49.999977  -12.077420    1.000000    0.000005    0.000000
Iteration: 216 bestvalit: 0.026594 bestmemit:   49.999977  -12.077420    1.000000    0.000005    0.000000
Iteration: 217 bestvalit: 0.026594 bestmemit:   49.999977  -12.080230    1.000000    0.000005    0.000000
Iteration: 218 bestvalit: 0.026594 bestmemit:   49.999992  -12.082027    1.000000    0.000018    0.000000
Iteration: 219 bestvalit: 0.026594 bestmemit:   49.999992  -12.082027    1.000000    0.000018    0.000000
Iteration: 220 bestvalit: 0.026594 bestmemit:   49.999992  -12.082027    1.000000    0.000018    0.000000
Iteration: 221 bestvalit: 0.026594 bestmemit:   49.999992  -12.082027    1.000000    0.000018    0.000000
Iteration: 222 bestvalit: 0.026594 bestmemit:   49.999988  -12.081567    1.000000    0.000005    0.000000
Iteration: 223 bestvalit: 0.026594 bestmemit:   49.999988  -12.081567    1.000000    0.000005    0.000000
Iteration: 224 bestvalit: 0.026594 bestmemit:   49.999992  -12.079858    1.000000    0.000018    0.000000
Iteration: 225 bestvalit: 0.026594 bestmemit:   49.999996  -12.080845    1.000000    0.000023    0.000000
Iteration: 226 bestvalit: 0.026594 bestmemit:   49.999999  -12.080514    1.000000    0.000035    0.000000
Iteration: 227 bestvalit: 0.026594 bestmemit:   49.999999  -12.080514    1.000000    0.000035    0.000000
Iteration: 228 bestvalit: 0.026594 bestmemit:   49.999993  -12.078905    1.000000    0.000011    0.000000
Iteration: 229 bestvalit: 0.026594 bestmemit:   49.999993  -12.078905    1.000000    0.000011    0.000000
Iteration: 230 bestvalit: 0.026594 bestmemit:   49.999993  -12.078905    1.000000    0.000011    0.000000
Iteration: 231 bestvalit: 0.026594 bestmemit:   49.999993  -12.078905    1.000000    0.000011    0.000000
Iteration: 232 bestvalit: 0.026594 bestmemit:   49.999993  -12.078905    1.000000    0.000011    0.000000
Iteration: 233 bestvalit: 0.026594 bestmemit:   49.999993  -12.078905    1.000000    0.000011    0.000000
Iteration: 234 bestvalit: 0.026594 bestmemit:   49.999993  -12.080845    1.000000    0.000000    0.000000
Iteration: 235 bestvalit: 0.026594 bestmemit:   49.999997  -12.079744    1.000000    0.000002    0.000000
Iteration: 236 bestvalit: 0.026594 bestmemit:   49.999999  -12.078494    1.000000    0.000002    0.000000
Iteration: 237 bestvalit: 0.026594 bestmemit:   49.999999  -12.078494    1.000000    0.000002    0.000000
Iteration: 238 bestvalit: 0.026594 bestmemit:   49.999999  -12.078381    1.000000    0.000001    0.000000
Iteration: 239 bestvalit: 0.026594 bestmemit:   49.999998  -12.078648    1.000000    0.000009    0.000000
Iteration: 240 bestvalit: 0.026594 bestmemit:   49.999998  -12.078648    1.000000    0.000009    0.000000
Iteration: 241 bestvalit: 0.026594 bestmemit:   49.999998  -12.078648    1.000000    0.000009    0.000000
Iteration: 242 bestvalit: 0.026594 bestmemit:   49.999998  -12.078648    1.000000    0.000009    0.000000
Iteration: 243 bestvalit: 0.026594 bestmemit:   49.999998  -12.078648    1.000000    0.000009    0.000000
Iteration: 244 bestvalit: 0.026594 bestmemit:   49.999999  -12.078381    1.000000    0.000001    0.000000
Iteration: 245 bestvalit: 0.026594 bestmemit:   49.999998  -12.079774    1.000000    0.000001    0.000000
Iteration: 246 bestvalit: 0.026594 bestmemit:   50.000000  -12.080271    1.000000    0.000003    0.000000
Iteration: 247 bestvalit: 0.026594 bestmemit:   49.999999  -12.079251    1.000000    0.000000    0.000000
Iteration: 248 bestvalit: 0.026594 bestmemit:   49.999999  -12.079251    1.000000    0.000000    0.000000
Iteration: 249 bestvalit: 0.026594 bestmemit:   49.999999  -12.079251    1.000000    0.000000    0.000000
Iteration: 250 bestvalit: 0.026594 bestmemit:   49.999999  -12.079251    1.000000    0.000000    0.000000
Iteration: 251 bestvalit: 0.026594 bestmemit:   50.000000  -12.079420    1.000000    0.000000    0.000000
Iteration: 252 bestvalit: 0.026594 bestmemit:   50.000000  -12.079828    1.000000    0.000001    0.000000
Iteration: 253 bestvalit: 0.026594 bestmemit:   50.000000  -12.079828    1.000000    0.000001    0.000000
Iteration: 254 bestvalit: 0.026594 bestmemit:   50.000000  -12.079577    1.000000    0.000001    0.000000
Iteration: 255 bestvalit: 0.026594 bestmemit:   50.000000  -12.079577    1.000000    0.000001    0.000000
Iteration: 256 bestvalit: 0.026594 bestmemit:   50.000000  -12.079577    1.000000    0.000001    0.000000
Iteration: 257 bestvalit: 0.026594 bestmemit:   50.000000  -12.079343    1.000000    0.000000    0.000000
Iteration: 258 bestvalit: 0.026594 bestmemit:   50.000000  -12.079343    1.000000    0.000000    0.000000
Iteration: 259 bestvalit: 0.026594 bestmemit:   50.000000  -12.079343    1.000000    0.000000    0.000000
Iteration: 260 bestvalit: 0.026594 bestmemit:   50.000000  -12.079343    1.000000    0.000000    0.000000
Iteration: 261 bestvalit: 0.026594 bestmemit:   50.000000  -12.079488    1.000000    0.000000    0.000000
Iteration: 262 bestvalit: 0.026594 bestmemit:   50.000000  -12.079488    1.000000    0.000000    0.000000
Iteration: 263 bestvalit: 0.026594 bestmemit:   50.000000  -12.079488    1.000000    0.000000    0.000000
Iteration: 264 bestvalit: 0.026594 bestmemit:   50.000000  -12.079512    1.000000    0.000000    0.000000
Iteration: 265 bestvalit: 0.026594 bestmemit:   50.000000  -12.079617    1.000000    0.000000    0.000000
Iteration: 266 bestvalit: 0.026594 bestmemit:   50.000000  -12.079747    1.000000    0.000000    0.000000
Iteration: 267 bestvalit: 0.026594 bestmemit:   50.000000  -12.079747    1.000000    0.000000    0.000000
Iteration: 268 bestvalit: 0.026594 bestmemit:   50.000000  -12.079747    1.000000    0.000000    0.000000
Iteration: 269 bestvalit: 0.026594 bestmemit:   50.000000  -12.079747    1.000000    0.000000    0.000000
Iteration: 270 bestvalit: 0.026594 bestmemit:   50.000000  -12.079747    1.000000    0.000000    0.000000
Iteration: 271 bestvalit: 0.026594 bestmemit:   50.000000  -12.079778    1.000000    0.000000    0.000000
Iteration: 272 bestvalit: 0.026594 bestmemit:   50.000000  -12.079778    1.000000    0.000000    0.000000
Iteration: 273 bestvalit: 0.026594 bestmemit:   50.000000  -12.079778    1.000000    0.000000    0.000000
Iteration: 274 bestvalit: 0.026594 bestmemit:   50.000000  -12.079778    1.000000    0.000000    0.000000
Iteration: 275 bestvalit: 0.026594 bestmemit:   50.000000  -12.079778    1.000000    0.000000    0.000000
Iteration: 276 bestvalit: 0.026594 bestmemit:   50.000000  -12.079778    1.000000    0.000000    0.000000
Iteration: 277 bestvalit: 0.026594 bestmemit:   50.000000  -12.079880    1.000000    0.000000    0.000000
Iteration: 278 bestvalit: 0.026594 bestmemit:   50.000000  -12.079880    1.000000    0.000000    0.000000
Iteration: 279 bestvalit: 0.026594 bestmemit:   50.000000  -12.079778    1.000000    0.000000    0.000000
Iteration: 280 bestvalit: 0.026594 bestmemit:   50.000000  -12.079778    1.000000    0.000000    0.000000
Iteration: 281 bestvalit: 0.026594 bestmemit:   50.000000  -12.079778    1.000000    0.000000    0.000000
Iteration: 282 bestvalit: 0.026594 bestmemit:   50.000000  -12.079778    1.000000    0.000000    0.000000
Iteration: 283 bestvalit: 0.026594 bestmemit:   50.000000  -12.079778    1.000000    0.000000    0.000000

***** summary of DEoptim object ***** 
best member   :  50 -12.07978 1 0 0 
best value    :  0.02659 
after         :  283 generations 
fn evaluated  :  568 times 
*************************************
