SLURM_JOB_ID: 55403053
SLURM_JOB_USER: vsc34066
SLURM_JOB_ACCOUNT: lp_desenderlab
SLURM_JOB_NAME: par_recov_alternating_fb_sim_alpha_learn.slurm
SLURM_CLUSTER_NAME: genius
SLURM_JOB_PARTITION: batch
SLURM_ARRAY_JOB_ID: 55402977
SLURM_ARRAY_TASK_ID: 76
SLURM_NNODES: 1
SLURM_NODELIST: r23i27n11
SLURM_JOB_CPUS_PER_NODE: 8
Date: Sun Dec  3 23:43:59 CET 2023
Walltime: 01-06:00:00
========================================================================
Iteration: 1 bestvalit: 0.059129 bestmemit:   23.957721   58.276089    1.000000 1161.071497 9806.095688
Iteration: 2 bestvalit: 0.059129 bestmemit:   23.957721   58.276089    1.000000 1161.071497 9806.095688
Iteration: 3 bestvalit: 0.058684 bestmemit:   32.591648   60.897026    1.000000  321.098850 2542.688909
Iteration: 4 bestvalit: 0.027669 bestmemit:   37.058836   94.206653    1.000000  138.162550  573.387642
Iteration: 5 bestvalit: 0.027669 bestmemit:   37.058836   94.206653    1.000000  138.162550  573.387642
Iteration: 6 bestvalit: 0.027267 bestmemit:   43.985642   65.426934    1.000000  294.083474  186.655233
Iteration: 7 bestvalit: 0.027267 bestmemit:   43.985642   65.426934    1.000000  294.083474  186.655233
Iteration: 8 bestvalit: 0.027267 bestmemit:   43.985642   65.426934    1.000000  294.083474  186.655233
Iteration: 9 bestvalit: 0.027267 bestmemit:   43.985642   65.426934    1.000000  294.083474  186.655233
Iteration: 10 bestvalit: 0.027267 bestmemit:   43.985642   65.426934    1.000000  294.083474  186.655233
Iteration: 11 bestvalit: 0.027267 bestmemit:   43.985642   65.426934    1.000000  294.083474  186.655233
Iteration: 12 bestvalit: 0.026910 bestmemit:   43.985642   19.648688    1.000000  294.083474  186.655233
Iteration: 13 bestvalit: 0.026910 bestmemit:   43.985642   19.648688    1.000000  294.083474  186.655233
Iteration: 14 bestvalit: 0.026910 bestmemit:   43.985642   19.648688    1.000000  294.083474  186.655233
Iteration: 15 bestvalit: 0.026910 bestmemit:   43.985642   19.648688    1.000000  294.083474  186.655233
Iteration: 16 bestvalit: 0.026910 bestmemit:   43.985642   19.648688    1.000000  294.083474  186.655233
Iteration: 17 bestvalit: 0.026910 bestmemit:   43.985642   19.648688    1.000000  294.083474  186.655233
Iteration: 18 bestvalit: 0.026910 bestmemit:   43.985642   19.648688    1.000000  294.083474  186.655233
Iteration: 19 bestvalit: 0.024731 bestmemit:   31.835320   86.788377    1.000000  236.398519  295.161746
Iteration: 20 bestvalit: 0.024731 bestmemit:   31.835320   86.788377    1.000000  236.398519  295.161746
Iteration: 21 bestvalit: 0.024731 bestmemit:   31.835320   86.788377    1.000000  236.398519  295.161746
Iteration: 22 bestvalit: 0.024629 bestmemit:   46.101159   -4.550514    1.000000  243.839546  186.655233
Iteration: 23 bestvalit: 0.024379 bestmemit:   28.598715   -1.236162    1.000000  236.398519  295.161746
Iteration: 24 bestvalit: 0.022189 bestmemit:   46.101159   -4.550514    1.000000  178.026883  186.655233
Iteration: 25 bestvalit: 0.022189 bestmemit:   46.101159   -4.550514    1.000000  178.026883  186.655233
Iteration: 26 bestvalit: 0.022189 bestmemit:   46.101159   -4.550514    1.000000  178.026883  186.655233
Iteration: 27 bestvalit: 0.022189 bestmemit:   46.101159   -4.550514    1.000000  178.026883  186.655233
Iteration: 28 bestvalit: 0.022189 bestmemit:   46.101159   -4.550514    1.000000  178.026883  186.655233
Iteration: 29 bestvalit: 0.022189 bestmemit:   46.101159   -4.550514    1.000000  178.026883  186.655233
Iteration: 30 bestvalit: 0.019668 bestmemit:   39.632499  -30.920858    1.000000   88.926530  192.336677
Iteration: 31 bestvalit: 0.019668 bestmemit:   39.632499  -30.920858    1.000000   88.926530  192.336677
Iteration: 32 bestvalit: 0.019668 bestmemit:   39.632499  -30.920858    1.000000   88.926530  192.336677
Iteration: 33 bestvalit: 0.019668 bestmemit:   39.632499  -30.920858    1.000000   88.926530  192.336677
Iteration: 34 bestvalit: 0.019668 bestmemit:   39.632499  -30.920858    1.000000   88.926530  192.336677
Iteration: 35 bestvalit: 0.019668 bestmemit:   39.632499  -30.920858    1.000000   88.926530  192.336677
Iteration: 36 bestvalit: 0.015904 bestmemit:   34.371009  -42.021051    1.000000   22.001333  114.161223
Iteration: 37 bestvalit: 0.015904 bestmemit:   34.371009  -42.021051    1.000000   22.001333  114.161223
Iteration: 38 bestvalit: 0.015904 bestmemit:   34.371009  -42.021051    1.000000   22.001333  114.161223
Iteration: 39 bestvalit: 0.015904 bestmemit:   34.371009  -42.021051    1.000000   22.001333  114.161223
Iteration: 40 bestvalit: 0.015904 bestmemit:   34.371009  -42.021051    1.000000   22.001333  114.161223
Iteration: 41 bestvalit: 0.015330 bestmemit:    8.550347  -53.309516    1.000000   12.905872  120.662851
Iteration: 42 bestvalit: 0.014265 bestmemit:    8.550347   -3.797162    1.000000   12.905872  120.662851
Iteration: 43 bestvalit: 0.014265 bestmemit:    8.550347   -3.797162    1.000000   12.905872  120.662851
Iteration: 44 bestvalit: 0.014265 bestmemit:    8.550347   -3.797162    1.000000   12.905872  120.662851
Iteration: 45 bestvalit: 0.014265 bestmemit:    8.550347   -3.797162    1.000000   12.905872  120.662851
Iteration: 46 bestvalit: 0.014265 bestmemit:    8.550347   -3.797162    1.000000   12.905872  120.662851
Iteration: 47 bestvalit: 0.014265 bestmemit:    8.550347   -3.797162    1.000000   12.905872  120.662851
Iteration: 48 bestvalit: 0.014265 bestmemit:    8.550347   -3.797162    1.000000   12.905872  120.662851
Iteration: 49 bestvalit: 0.014244 bestmemit:    8.550347    0.003699    1.000000   12.905872  120.662851
Iteration: 50 bestvalit: 0.014244 bestmemit:    8.550347    0.003699    1.000000   12.905872  120.662851
Iteration: 51 bestvalit: 0.014244 bestmemit:    8.550347    0.003699    1.000000   12.905872  120.662851
Iteration: 52 bestvalit: 0.014244 bestmemit:    8.550347    0.003699    1.000000   12.905872  120.662851
Iteration: 53 bestvalit: 0.014216 bestmemit:   11.519741   -5.361939    1.000000   18.308221   77.415785
Iteration: 54 bestvalit: 0.014005 bestmemit:    3.054295   23.808225    1.000000   28.238409   39.617623
Iteration: 55 bestvalit: 0.013647 bestmemit:    1.728136   18.742043    1.000000   23.915596   62.071934
Iteration: 56 bestvalit: 0.013608 bestmemit:    8.550347    0.003699    1.000000   12.905872   69.369022
Iteration: 57 bestvalit: 0.013185 bestmemit:    0.361416    8.117808    1.000000    7.778773  114.161223
Iteration: 58 bestvalit: 0.011132 bestmemit:    0.361416    8.117808    1.000000    7.778773   25.028671
Iteration: 59 bestvalit: 0.011132 bestmemit:    0.361416    8.117808    1.000000    7.778773   25.028671
Iteration: 60 bestvalit: 0.008304 bestmemit:   23.855177  -31.651383    1.000000   21.047909    1.313082
Iteration: 61 bestvalit: 0.008304 bestmemit:   23.855177  -31.651383    1.000000   21.047909    1.313082
Iteration: 62 bestvalit: 0.007442 bestmemit:   23.855177  -31.651383    1.000000   18.141823    1.313082
Iteration: 63 bestvalit: 0.007442 bestmemit:   23.855177  -31.651383    1.000000   18.141823    1.313082
Iteration: 64 bestvalit: 0.007371 bestmemit:   25.717918    0.003699    1.000000   14.846110    0.293983
Iteration: 65 bestvalit: 0.007371 bestmemit:   25.717918    0.003699    1.000000   14.846110    0.293983
Iteration: 66 bestvalit: 0.007371 bestmemit:   25.717918    0.003699    1.000000   14.846110    0.293983
Iteration: 67 bestvalit: 0.007371 bestmemit:   25.717918    0.003699    1.000000   14.846110    0.293983
Iteration: 68 bestvalit: 0.006882 bestmemit:   17.747578    0.003699    1.000000   14.846110    0.293983
Iteration: 69 bestvalit: 0.006882 bestmemit:   17.747578    0.003699    1.000000   14.846110    0.293983
Iteration: 70 bestvalit: 0.006882 bestmemit:   17.747578    0.003699    1.000000   14.846110    0.293983
Iteration: 71 bestvalit: 0.005090 bestmemit:    2.965828    7.840783    1.000000   13.206706    0.289811
Iteration: 72 bestvalit: 0.005071 bestmemit:    1.723041    7.840783    1.000000   13.206706    0.289811
Iteration: 73 bestvalit: 0.005071 bestmemit:    1.723041    7.840783    1.000000   13.206706    0.289811
Iteration: 74 bestvalit: 0.005071 bestmemit:    1.723041    7.840783    1.000000   13.206706    0.289811
Iteration: 75 bestvalit: 0.005071 bestmemit:    1.723041    7.840783    1.000000   13.206706    0.289811
Iteration: 76 bestvalit: 0.005071 bestmemit:    1.723041    7.840783    1.000000   13.206706    0.289811
Iteration: 77 bestvalit: 0.005071 bestmemit:    1.723041    7.840783    1.000000   13.206706    0.289811
Iteration: 78 bestvalit: 0.005071 bestmemit:    1.723041    7.840783    1.000000   13.206706    0.289811
Iteration: 79 bestvalit: 0.005071 bestmemit:    1.723041    7.840783    1.000000   13.206706    0.289811
Iteration: 80 bestvalit: 0.005071 bestmemit:    1.723041    7.840783    1.000000   13.206706    0.289811
Iteration: 81 bestvalit: 0.004715 bestmemit:    4.674570    9.347545    1.000000    8.919323    0.161231
Iteration: 82 bestvalit: 0.004079 bestmemit:    6.042026    2.957776    1.000000    6.606297    0.646959
Iteration: 83 bestvalit: 0.004079 bestmemit:    6.042026    2.957776    1.000000    6.606297    0.646959
Iteration: 84 bestvalit: 0.004079 bestmemit:    6.042026    2.957776    1.000000    6.606297    0.646959
Iteration: 85 bestvalit: 0.004079 bestmemit:    6.042026    2.957776    1.000000    6.606297    0.646959
Iteration: 86 bestvalit: 0.004079 bestmemit:    6.042026    2.957776    1.000000    6.606297    0.646959
Iteration: 87 bestvalit: 0.004079 bestmemit:    6.042026    2.957776    1.000000    6.606297    0.646959
Iteration: 88 bestvalit: 0.004079 bestmemit:    6.042026    2.957776    1.000000    6.606297    0.646959
Iteration: 89 bestvalit: 0.004079 bestmemit:    6.042026    2.957776    1.000000    6.606297    0.646959
Iteration: 90 bestvalit: 0.004037 bestmemit:    2.900368    3.152654    1.000000    2.237922    0.825088
Iteration: 91 bestvalit: 0.003406 bestmemit:   12.694768   -2.977391    1.000000    3.538930    0.321034
Iteration: 92 bestvalit: 0.003406 bestmemit:   12.694768   -2.977391    1.000000    3.538930    0.321034
Iteration: 93 bestvalit: 0.003406 bestmemit:   12.694768   -2.977391    1.000000    3.538930    0.321034
Iteration: 94 bestvalit: 0.003406 bestmemit:   12.694768   -2.977391    1.000000    3.538930    0.321034
Iteration: 95 bestvalit: 0.003406 bestmemit:   12.694768   -2.977391    1.000000    3.538930    0.321034
Iteration: 96 bestvalit: 0.003337 bestmemit:    8.631183    4.327015    1.000000    3.205516    0.006312
Iteration: 97 bestvalit: 0.003069 bestmemit:   10.841905   -0.636234    1.000000    1.093401    0.151913
Iteration: 98 bestvalit: 0.003069 bestmemit:   10.841905   -0.636234    1.000000    1.093401    0.151913
Iteration: 99 bestvalit: 0.003069 bestmemit:   10.841905   -0.636234    1.000000    1.093401    0.151913
Iteration: 100 bestvalit: 0.003069 bestmemit:   10.841905   -0.636234    1.000000    1.093401    0.151913
Iteration: 101 bestvalit: 0.003069 bestmemit:   10.841905   -0.636234    1.000000    1.093401    0.151913
Iteration: 102 bestvalit: 0.003067 bestmemit:   10.841905   -0.636234    1.000000    1.093401    0.155330
Iteration: 103 bestvalit: 0.003067 bestmemit:   10.841905   -0.636234    1.000000    1.093401    0.155330
Iteration: 104 bestvalit: 0.003067 bestmemit:   10.841905   -0.636234    1.000000    1.093401    0.155330
Iteration: 105 bestvalit: 0.003049 bestmemit:    6.931148    1.838184    1.000000    0.536178    0.157065
Iteration: 106 bestvalit: 0.003049 bestmemit:    6.931148    1.838184    1.000000    0.536178    0.157065
Iteration: 107 bestvalit: 0.003049 bestmemit:    6.931148    1.838184    1.000000    0.536178    0.157065
Iteration: 108 bestvalit: 0.003049 bestmemit:    6.931148    1.838184    1.000000    0.536178    0.157065
Iteration: 109 bestvalit: 0.003049 bestmemit:    6.931148    1.838184    1.000000    0.536178    0.157065
Iteration: 110 bestvalit: 0.003049 bestmemit:    6.931148    1.838184    1.000000    0.536178    0.157065
Iteration: 111 bestvalit: 0.003049 bestmemit:    6.931148    1.838184    1.000000    0.536178    0.157065
Iteration: 112 bestvalit: 0.003049 bestmemit:    6.931148    1.838184    1.000000    0.536178    0.157065
Iteration: 113 bestvalit: 0.003049 bestmemit:    6.931148    1.838184    1.000000    0.536178    0.157065
Iteration: 114 bestvalit: 0.003037 bestmemit:    6.510183    2.852604    1.000000    1.674231    0.253622
Iteration: 115 bestvalit: 0.003037 bestmemit:    6.510183    2.852604    1.000000    1.674231    0.253622
Iteration: 116 bestvalit: 0.003037 bestmemit:    6.510183    2.852604    1.000000    1.674231    0.253622
Iteration: 117 bestvalit: 0.002976 bestmemit:    6.250826    3.610149    1.000000    0.215414    0.196389
Iteration: 118 bestvalit: 0.002973 bestmemit:    7.128236    3.285561    1.000000    0.509581    0.182092
Iteration: 119 bestvalit: 0.002964 bestmemit:    6.250826    3.610149    1.000000    0.722709    0.196389
Iteration: 120 bestvalit: 0.002952 bestmemit:    7.676223    1.748598    1.000000    0.865887    0.220060
Iteration: 121 bestvalit: 0.002931 bestmemit:    6.738084    3.613027    1.000000    0.807535    0.121778
Iteration: 122 bestvalit: 0.002931 bestmemit:    6.738084    3.613027    1.000000    0.807535    0.121778
Iteration: 123 bestvalit: 0.002931 bestmemit:    6.738084    3.613027    1.000000    0.807535    0.121778
Iteration: 124 bestvalit: 0.002931 bestmemit:    6.738084    3.613027    1.000000    0.807535    0.121778
Iteration: 125 bestvalit: 0.002931 bestmemit:    6.738084    3.613027    1.000000    0.807535    0.121778
Iteration: 126 bestvalit: 0.002931 bestmemit:    6.738084    3.613027    1.000000    0.807535    0.121778
Iteration: 127 bestvalit: 0.002931 bestmemit:    6.738084    3.613027    1.000000    0.807535    0.121778
Iteration: 128 bestvalit: 0.002931 bestmemit:    6.738084    3.613027    1.000000    0.807535    0.121778
Iteration: 129 bestvalit: 0.002931 bestmemit:    6.738084    3.613027    1.000000    0.807535    0.121778
Iteration: 130 bestvalit: 0.002931 bestmemit:    6.738084    3.613027    1.000000    0.807535    0.121778
Iteration: 131 bestvalit: 0.002931 bestmemit:    6.738084    3.613027    1.000000    0.807535    0.121778
Iteration: 132 bestvalit: 0.002931 bestmemit:    6.738084    3.613027    1.000000    0.807535    0.121778
Iteration: 133 bestvalit: 0.002922 bestmemit:    6.738084    3.613027    1.000000    0.576817    0.121778
Iteration: 134 bestvalit: 0.002922 bestmemit:    6.738084    3.613027    1.000000    0.576817    0.121778
Iteration: 135 bestvalit: 0.002922 bestmemit:    6.738084    3.613027    1.000000    0.576817    0.121778
Iteration: 136 bestvalit: 0.002922 bestmemit:    6.738084    3.613027    1.000000    0.576817    0.121778
Iteration: 137 bestvalit: 0.002915 bestmemit:    7.095978    3.337872    1.000000    0.566149    0.100871
Iteration: 138 bestvalit: 0.002915 bestmemit:    7.095978    3.337872    1.000000    0.566149    0.100871
Iteration: 139 bestvalit: 0.002915 bestmemit:    7.095978    3.337872    1.000000    0.566149    0.100871
Iteration: 140 bestvalit: 0.002915 bestmemit:    7.095978    3.337872    1.000000    0.566149    0.100871
Iteration: 141 bestvalit: 0.002915 bestmemit:    7.095978    3.337872    1.000000    0.566149    0.100871
Iteration: 142 bestvalit: 0.002915 bestmemit:    7.095978    3.337872    1.000000    0.566149    0.100871
Iteration: 143 bestvalit: 0.002914 bestmemit:    6.911478    3.633345    1.000000    0.482516    0.076751
Iteration: 144 bestvalit: 0.002914 bestmemit:    6.911478    3.633345    1.000000    0.482516    0.076751
Iteration: 145 bestvalit: 0.002914 bestmemit:    6.911478    3.633345    1.000000    0.482516    0.076751
Iteration: 146 bestvalit: 0.002914 bestmemit:    6.911478    3.633345    1.000000    0.482516    0.076751
Iteration: 147 bestvalit: 0.002914 bestmemit:    6.911478    3.633345    1.000000    0.482516    0.076751
Iteration: 148 bestvalit: 0.002914 bestmemit:    6.911478    3.633345    1.000000    0.482516    0.076751
Iteration: 149 bestvalit: 0.002914 bestmemit:    6.911478    3.633345    1.000000    0.482516    0.076751
Iteration: 150 bestvalit: 0.002914 bestmemit:    6.911478    3.633345    1.000000    0.482516    0.076751
Iteration: 151 bestvalit: 0.002912 bestmemit:    6.911478    3.633345    1.000000    0.160523    0.076751
Iteration: 152 bestvalit: 0.002912 bestmemit:    7.284108    3.313606    1.000000    0.157139    0.059696
Iteration: 153 bestvalit: 0.002912 bestmemit:    7.284108    3.313606    1.000000    0.157139    0.059696
Iteration: 154 bestvalit: 0.002912 bestmemit:    7.284108    3.313606    1.000000    0.157139    0.059696
Iteration: 155 bestvalit: 0.002912 bestmemit:    7.284108    3.313606    1.000000    0.157139    0.059696
Iteration: 156 bestvalit: 0.002912 bestmemit:    7.284108    3.313606    1.000000    0.157139    0.059696
Iteration: 157 bestvalit: 0.002912 bestmemit:    7.284108    3.313606    1.000000    0.157139    0.059696
Iteration: 158 bestvalit: 0.002911 bestmemit:    6.928735    3.690869    1.000000    0.212713    0.042648
Iteration: 159 bestvalit: 0.002911 bestmemit:    7.136315    3.410439    1.000000    0.334681    0.083667
Iteration: 160 bestvalit: 0.002911 bestmemit:    7.136315    3.410439    1.000000    0.334681    0.083667
Iteration: 161 bestvalit: 0.002910 bestmemit:    6.882880    3.613027    1.000000    0.155390    0.071263
Iteration: 162 bestvalit: 0.002910 bestmemit:    6.882880    3.613027    1.000000    0.155390    0.071263
Iteration: 163 bestvalit: 0.002910 bestmemit:    6.882880    3.613027    1.000000    0.155390    0.071263
Iteration: 164 bestvalit: 0.002910 bestmemit:    6.882880    3.613027    1.000000    0.155390    0.071263
Iteration: 165 bestvalit: 0.002910 bestmemit:    6.935304    3.753477    1.000000    0.055889    0.034162
Iteration: 166 bestvalit: 0.002910 bestmemit:    6.935304    3.753477    1.000000    0.055889    0.034162
Iteration: 167 bestvalit: 0.002910 bestmemit:    6.935304    3.753477    1.000000    0.055889    0.034162
Iteration: 168 bestvalit: 0.002910 bestmemit:    6.935304    3.753477    1.000000    0.055889    0.034162
Iteration: 169 bestvalit: 0.002910 bestmemit:    6.935304    3.753477    1.000000    0.055889    0.034162
Iteration: 170 bestvalit: 0.002910 bestmemit:    6.935304    3.753477    1.000000    0.055869    0.034162
Iteration: 171 bestvalit: 0.002910 bestmemit:    6.935304    3.753477    1.000000    0.055869    0.034162
Iteration: 172 bestvalit: 0.002910 bestmemit:    6.873110    3.748829    1.000000    0.219737    0.061176
Iteration: 173 bestvalit: 0.002910 bestmemit:    6.873110    3.748829    1.000000    0.219737    0.061176
Iteration: 174 bestvalit: 0.002910 bestmemit:    6.873110    3.748829    1.000000    0.219737    0.061176
Iteration: 175 bestvalit: 0.002910 bestmemit:    6.873110    3.748829    1.000000    0.219737    0.061176
Iteration: 176 bestvalit: 0.002909 bestmemit:    6.928735    3.728762    1.000000    0.090790    0.042648
Iteration: 177 bestvalit: 0.002909 bestmemit:    6.928735    3.728762    1.000000    0.090790    0.042648
Iteration: 178 bestvalit: 0.002909 bestmemit:    6.928735    3.728762    1.000000    0.090790    0.042648
Iteration: 179 bestvalit: 0.002909 bestmemit:    6.928735    3.728762    1.000000    0.090790    0.042648
Iteration: 180 bestvalit: 0.002909 bestmemit:    6.928735    3.728762    1.000000    0.090790    0.042648
Iteration: 181 bestvalit: 0.002909 bestmemit:    6.928735    3.728762    1.000000    0.090790    0.042648
Iteration: 182 bestvalit: 0.002909 bestmemit:    6.928735    3.728762    1.000000    0.090790    0.042648
Iteration: 183 bestvalit: 0.002909 bestmemit:    6.928735    3.728762    1.000000    0.090790    0.042648
Iteration: 184 bestvalit: 0.002909 bestmemit:    6.884487    3.670404    1.000000    0.160638    0.059442
Iteration: 185 bestvalit: 0.002909 bestmemit:    6.884487    3.670404    1.000000    0.160638    0.059442
Iteration: 186 bestvalit: 0.002909 bestmemit:    6.884487    3.670404    1.000000    0.160638    0.059442
Iteration: 187 bestvalit: 0.002909 bestmemit:    6.978708    3.569826    1.000000    0.153570    0.060547
Iteration: 188 bestvalit: 0.002909 bestmemit:    6.978708    3.569826    1.000000    0.153570    0.060547
Iteration: 189 bestvalit: 0.002909 bestmemit:    6.978708    3.569826    1.000000    0.153570    0.060547
Iteration: 190 bestvalit: 0.002909 bestmemit:    6.978708    3.569826    1.000000    0.153570    0.060547
Iteration: 191 bestvalit: 0.002909 bestmemit:    7.009859    3.569826    1.000000    0.153570    0.055198
Iteration: 192 bestvalit: 0.002909 bestmemit:    7.009859    3.569826    1.000000    0.153570    0.055198
Iteration: 193 bestvalit: 0.002909 bestmemit:    7.009859    3.569826    1.000000    0.153570    0.055198
Iteration: 194 bestvalit: 0.002909 bestmemit:    7.009859    3.569826    1.000000    0.153570    0.055198
Iteration: 195 bestvalit: 0.002909 bestmemit:    7.009859    3.569826    1.000000    0.153570    0.055198
Iteration: 196 bestvalit: 0.002909 bestmemit:    7.009859    3.569826    1.000000    0.153570    0.055198
Iteration: 197 bestvalit: 0.002909 bestmemit:    7.009859    3.569826    1.000000    0.153570    0.055198
Iteration: 198 bestvalit: 0.002909 bestmemit:    7.009859    3.569826    1.000000    0.153570    0.055198
Iteration: 199 bestvalit: 0.002909 bestmemit:    7.009859    3.569826    1.000000    0.153570    0.055198
Iteration: 200 bestvalit: 0.002909 bestmemit:    7.009859    3.569826    1.000000    0.153570    0.055198
Iteration: 201 bestvalit: 0.002909 bestmemit:    6.931518    3.677321    1.000000    0.143326    0.051338
Iteration: 202 bestvalit: 0.002909 bestmemit:    6.931518    3.677321    1.000000    0.143326    0.051338
Iteration: 203 bestvalit: 0.002909 bestmemit:    6.931518    3.677321    1.000000    0.143326    0.051338
Iteration: 204 bestvalit: 0.002909 bestmemit:    6.931518    3.677321    1.000000    0.143326    0.052173
Iteration: 205 bestvalit: 0.002909 bestmemit:    6.931518    3.677321    1.000000    0.143326    0.052173
Iteration: 206 bestvalit: 0.002909 bestmemit:    6.931518    3.677321    1.000000    0.143326    0.052173
Iteration: 207 bestvalit: 0.002909 bestmemit:    6.931518    3.677321    1.000000    0.143326    0.052173
Iteration: 208 bestvalit: 0.002909 bestmemit:    6.931518    3.677321    1.000000    0.143326    0.052173
Iteration: 209 bestvalit: 0.002909 bestmemit:    6.931518    3.677321    1.000000    0.143326    0.052173
Iteration: 210 bestvalit: 0.002909 bestmemit:    6.931518    3.677321    1.000000    0.143326    0.052173
Iteration: 211 bestvalit: 0.002909 bestmemit:    6.931518    3.677321    1.000000    0.143326    0.052173
Iteration: 212 bestvalit: 0.002909 bestmemit:    6.931518    3.677321    1.000000    0.143326    0.052173
Iteration: 213 bestvalit: 0.002909 bestmemit:    6.931518    3.677321    1.000000    0.143326    0.052173
Iteration: 214 bestvalit: 0.002909 bestmemit:    6.931518    3.677321    1.000000    0.143326    0.052173
Iteration: 215 bestvalit: 0.002909 bestmemit:    6.962913    3.610316    1.000000    0.138352    0.054739
Iteration: 216 bestvalit: 0.002909 bestmemit:    6.962913    3.610316    1.000000    0.138352    0.054739
Iteration: 217 bestvalit: 0.002909 bestmemit:    6.962913    3.610316    1.000000    0.138352    0.054739
Iteration: 218 bestvalit: 0.002909 bestmemit:    6.962913    3.610316    1.000000    0.138352    0.054739
Iteration: 219 bestvalit: 0.002909 bestmemit:    6.962913    3.610316    1.000000    0.138352    0.054739
Iteration: 220 bestvalit: 0.002909 bestmemit:    6.962913    3.610316    1.000000    0.138352    0.054739
Iteration: 221 bestvalit: 0.002909 bestmemit:    6.962913    3.610316    1.000000    0.138352    0.054739
Iteration: 222 bestvalit: 0.002909 bestmemit:    6.920388    3.673271    1.000000    0.127398    0.051477
Iteration: 223 bestvalit: 0.002909 bestmemit:    6.920388    3.673271    1.000000    0.127398    0.051477
Iteration: 224 bestvalit: 0.002909 bestmemit:    6.910746    3.665270    1.000000    0.115762    0.053657
Iteration: 225 bestvalit: 0.002909 bestmemit:    6.910746    3.665270    1.000000    0.115762    0.053657
Iteration: 226 bestvalit: 0.002909 bestmemit:    6.910746    3.665270    1.000000    0.115762    0.053657
Iteration: 227 bestvalit: 0.002909 bestmemit:    6.910746    3.665270    1.000000    0.126374    0.053657
Iteration: 228 bestvalit: 0.002909 bestmemit:    6.910746    3.665270    1.000000    0.126374    0.053657
Iteration: 229 bestvalit: 0.002909 bestmemit:    6.910746    3.665270    1.000000    0.126374    0.053657
Iteration: 230 bestvalit: 0.002909 bestmemit:    6.910746    3.665270    1.000000    0.126374    0.053657
Iteration: 231 bestvalit: 0.002909 bestmemit:    6.910746    3.665270    1.000000    0.126374    0.053657
Iteration: 232 bestvalit: 0.002909 bestmemit:    6.910746    3.665270    1.000000    0.126374    0.053657
Iteration: 233 bestvalit: 0.002909 bestmemit:    6.910746    3.665270    1.000000    0.126374    0.053657
Iteration: 234 bestvalit: 0.002909 bestmemit:    6.910746    3.665270    1.000000    0.126374    0.053657
Iteration: 235 bestvalit: 0.002909 bestmemit:    6.910746    3.665270    1.000000    0.126374    0.053657
Iteration: 236 bestvalit: 0.002909 bestmemit:    6.910746    3.665270    1.000000    0.126374    0.053657
Iteration: 237 bestvalit: 0.002909 bestmemit:    6.910746    3.665270    1.000000    0.126374    0.053657
Iteration: 238 bestvalit: 0.002909 bestmemit:    6.910746    3.665270    1.000000    0.126374    0.053657
Iteration: 239 bestvalit: 0.002909 bestmemit:    6.910746    3.665270    1.000000    0.126374    0.053657
Iteration: 240 bestvalit: 0.002909 bestmemit:    6.910746    3.665270    1.000000    0.126374    0.053657
Iteration: 241 bestvalit: 0.002909 bestmemit:    6.910746    3.665270    1.000000    0.126374    0.053657
Iteration: 242 bestvalit: 0.002909 bestmemit:    6.910746    3.665270    1.000000    0.126374    0.053657
Iteration: 243 bestvalit: 0.002909 bestmemit:    6.910746    3.665270    1.000000    0.126374    0.053657
Iteration: 244 bestvalit: 0.002909 bestmemit:    6.910746    3.665270    1.000000    0.126374    0.053657
Iteration: 245 bestvalit: 0.002909 bestmemit:    6.933832    3.642920    1.000000    0.135091    0.054674
Iteration: 246 bestvalit: 0.002909 bestmemit:    6.933832    3.642920    1.000000    0.135091    0.054674
Iteration: 247 bestvalit: 0.002909 bestmemit:    6.933832    3.642920    1.000000    0.135091    0.054674
Iteration: 248 bestvalit: 0.002909 bestmemit:    6.933832    3.642920    1.000000    0.135091    0.054674
Iteration: 249 bestvalit: 0.002909 bestmemit:    6.933832    3.641715    1.000000    0.135091    0.054674
Iteration: 250 bestvalit: 0.002909 bestmemit:    6.933832    3.641715    1.000000    0.135091    0.054674
Iteration: 251 bestvalit: 0.002909 bestmemit:    6.933832    3.641715    1.000000    0.135091    0.054674
Iteration: 252 bestvalit: 0.002909 bestmemit:    6.933832    3.641715    1.000000    0.135091    0.054674
Iteration: 253 bestvalit: 0.002909 bestmemit:    6.933832    3.641715    1.000000    0.135091    0.054674
Iteration: 254 bestvalit: 0.002909 bestmemit:    6.933832    3.641715    1.000000    0.135091    0.054674
Iteration: 255 bestvalit: 0.002909 bestmemit:    6.933832    3.641715    1.000000    0.135091    0.054674
Iteration: 256 bestvalit: 0.002909 bestmemit:    6.934464    3.635265    1.000000    0.140314    0.055281
Iteration: 257 bestvalit: 0.002909 bestmemit:    6.934464    3.635265    1.000000    0.140314    0.055281
Iteration: 258 bestvalit: 0.002909 bestmemit:    6.934464    3.635265    1.000000    0.140314    0.055281
Iteration: 259 bestvalit: 0.002909 bestmemit:    6.934464    3.635265    1.000000    0.140314    0.055281
Iteration: 260 bestvalit: 0.002909 bestmemit:    6.934464    3.635265    1.000000    0.140314    0.055281
Iteration: 261 bestvalit: 0.002909 bestmemit:    6.934464    3.635265    1.000000    0.140314    0.055281
Iteration: 262 bestvalit: 0.002909 bestmemit:    6.934464    3.635265    1.000000    0.140314    0.055281
Iteration: 263 bestvalit: 0.002909 bestmemit:    6.934464    3.635265    1.000000    0.140314    0.055281
Iteration: 264 bestvalit: 0.002909 bestmemit:    6.934464    3.635265    1.000000    0.140314    0.055281
Iteration: 265 bestvalit: 0.002909 bestmemit:    6.934464    3.635265    1.000000    0.140314    0.055281
Iteration: 266 bestvalit: 0.002909 bestmemit:    6.934464    3.635265    1.000000    0.140314    0.055281
Iteration: 267 bestvalit: 0.002909 bestmemit:    6.934464    3.635265    1.000000    0.140314    0.055281
Iteration: 268 bestvalit: 0.002909 bestmemit:    6.934464    3.635265    1.000000    0.140314    0.055281
Iteration: 269 bestvalit: 0.002909 bestmemit:    6.934464    3.635265    1.000000    0.140314    0.055281
Iteration: 270 bestvalit: 0.002909 bestmemit:    6.934464    3.635265    1.000000    0.140314    0.055281
Iteration: 271 bestvalit: 0.002909 bestmemit:    6.934464    3.635265    1.000000    0.140314    0.055281
Iteration: 272 bestvalit: 0.002909 bestmemit:    6.934464    3.635265    1.000000    0.140314    0.055281
Iteration: 273 bestvalit: 0.002909 bestmemit:    6.934464    3.635265    1.000000    0.140314    0.055281
Iteration: 274 bestvalit: 0.002909 bestmemit:    6.934464    3.635265    1.000000    0.140314    0.055281
Iteration: 275 bestvalit: 0.002909 bestmemit:    6.934464    3.635265    1.000000    0.140314    0.055281
Iteration: 276 bestvalit: 0.002909 bestmemit:    6.923064    3.648808    1.000000    0.132609    0.054564
Iteration: 277 bestvalit: 0.002909 bestmemit:    6.923064    3.648808    1.000000    0.132609    0.054564
Iteration: 278 bestvalit: 0.002909 bestmemit:    6.923064    3.648808    1.000000    0.132609    0.054564
Iteration: 279 bestvalit: 0.002909 bestmemit:    6.923064    3.648808    1.000000    0.132609    0.054564
Iteration: 280 bestvalit: 0.002909 bestmemit:    6.924728    3.648808    1.000000    0.132609    0.054478
Iteration: 281 bestvalit: 0.002909 bestmemit:    6.924728    3.648808    1.000000    0.132609    0.054478
Iteration: 282 bestvalit: 0.002909 bestmemit:    6.924728    3.648808    1.000000    0.132609    0.054478
Iteration: 283 bestvalit: 0.002909 bestmemit:    6.924728    3.648808    1.000000    0.132609    0.054478
Iteration: 284 bestvalit: 0.002909 bestmemit:    6.924728    3.648808    1.000000    0.132609    0.054478
Iteration: 285 bestvalit: 0.002909 bestmemit:    6.924728    3.648808    1.000000    0.132609    0.054478
Iteration: 286 bestvalit: 0.002909 bestmemit:    6.924728    3.648808    1.000000    0.132609    0.054478
Iteration: 287 bestvalit: 0.002909 bestmemit:    6.924728    3.648808    1.000000    0.132609    0.054478
Iteration: 288 bestvalit: 0.002909 bestmemit:    6.929346    3.645024    1.000000    0.135856    0.054638
Iteration: 289 bestvalit: 0.002909 bestmemit:    6.929346    3.645024    1.000000    0.135856    0.054638
Iteration: 290 bestvalit: 0.002909 bestmemit:    6.929346    3.645024    1.000000    0.135856    0.054638
Iteration: 291 bestvalit: 0.002909 bestmemit:    6.929346    3.645024    1.000000    0.135856    0.054638
Iteration: 292 bestvalit: 0.002909 bestmemit:    6.929346    3.645024    1.000000    0.135856    0.054638
Iteration: 293 bestvalit: 0.002909 bestmemit:    6.929346    3.645024    1.000000    0.135856    0.054638
Iteration: 294 bestvalit: 0.002909 bestmemit:    6.929346    3.645024    1.000000    0.135856    0.054638
Iteration: 295 bestvalit: 0.002909 bestmemit:    6.929346    3.645024    1.000000    0.135856    0.054638
Iteration: 296 bestvalit: 0.002909 bestmemit:    6.929346    3.645024    1.000000    0.135856    0.054638
Iteration: 297 bestvalit: 0.002909 bestmemit:    6.929346    3.645024    1.000000    0.135856    0.054638
Iteration: 298 bestvalit: 0.002909 bestmemit:    6.929346    3.645024    1.000000    0.135856    0.054638
Iteration: 299 bestvalit: 0.002909 bestmemit:    6.929346    3.645024    1.000000    0.135856    0.054638
Iteration: 300 bestvalit: 0.002909 bestmemit:    6.929346    3.644826    1.000000    0.135856    0.054638
Iteration: 301 bestvalit: 0.002909 bestmemit:    6.929346    3.644826    1.000000    0.135856    0.054638
Iteration: 302 bestvalit: 0.002909 bestmemit:    6.929346    3.644826    1.000000    0.135856    0.054638
Iteration: 303 bestvalit: 0.002909 bestmemit:    6.929346    3.644826    1.000000    0.135856    0.054638
Iteration: 304 bestvalit: 0.002909 bestmemit:    6.929346    3.644826    1.000000    0.135856    0.054638
Iteration: 305 bestvalit: 0.002909 bestmemit:    6.929100    3.645431    1.000000    0.136184    0.054648
Iteration: 306 bestvalit: 0.002909 bestmemit:    6.929100    3.645431    1.000000    0.136184    0.054648
Iteration: 307 bestvalit: 0.002909 bestmemit:    6.929100    3.645431    1.000000    0.136184    0.054648
Iteration: 308 bestvalit: 0.002909 bestmemit:    6.929100    3.645431    1.000000    0.136184    0.054648
Iteration: 309 bestvalit: 0.002909 bestmemit:    6.929100    3.645431    1.000000    0.136184    0.054648
Iteration: 310 bestvalit: 0.002909 bestmemit:    6.926996    3.648198    1.000000    0.135340    0.054537
Iteration: 311 bestvalit: 0.002909 bestmemit:    6.927775    3.645793    1.000000    0.136034    0.054645
Iteration: 312 bestvalit: 0.002909 bestmemit:    6.927775    3.645793    1.000000    0.136034    0.054645
Iteration: 313 bestvalit: 0.002909 bestmemit:    6.927775    3.645793    1.000000    0.136034    0.054645
Iteration: 314 bestvalit: 0.002909 bestmemit:    6.927775    3.645793    1.000000    0.136034    0.054645
Iteration: 315 bestvalit: 0.002909 bestmemit:    6.927775    3.645793    1.000000    0.136034    0.054645
Iteration: 316 bestvalit: 0.002909 bestmemit:    6.927775    3.645793    1.000000    0.136034    0.054645
Iteration: 317 bestvalit: 0.002909 bestmemit:    6.927775    3.645793    1.000000    0.136034    0.054645
Iteration: 318 bestvalit: 0.002909 bestmemit:    6.927775    3.645793    1.000000    0.136034    0.054645
Iteration: 319 bestvalit: 0.002909 bestmemit:    6.927775    3.645793    1.000000    0.136034    0.054645
Iteration: 320 bestvalit: 0.002909 bestmemit:    6.927775    3.645793    1.000000    0.136034    0.054645
Iteration: 321 bestvalit: 0.002909 bestmemit:    6.927775    3.645793    1.000000    0.136034    0.054645
Iteration: 322 bestvalit: 0.002909 bestmemit:    6.927775    3.645793    1.000000    0.136034    0.054645
Iteration: 323 bestvalit: 0.002909 bestmemit:    6.927775    3.645793    1.000000    0.136034    0.054645
Iteration: 324 bestvalit: 0.002909 bestmemit:    6.927775    3.645862    1.000000    0.136034    0.054645
Iteration: 325 bestvalit: 0.002909 bestmemit:    6.927257    3.646068    1.000000    0.136034    0.054752
Iteration: 326 bestvalit: 0.002909 bestmemit:    6.927257    3.646068    1.000000    0.136034    0.054752
Iteration: 327 bestvalit: 0.002909 bestmemit:    6.927257    3.646068    1.000000    0.136034    0.054752
Iteration: 328 bestvalit: 0.002909 bestmemit:    6.927257    3.646068    1.000000    0.136034    0.054752
Iteration: 329 bestvalit: 0.002909 bestmemit:    6.927257    3.646068    1.000000    0.136034    0.054752
Iteration: 330 bestvalit: 0.002909 bestmemit:    6.927257    3.646068    1.000000    0.136034    0.054752
Iteration: 331 bestvalit: 0.002909 bestmemit:    6.927257    3.646068    1.000000    0.136034    0.054752
Iteration: 332 bestvalit: 0.002909 bestmemit:    6.927257    3.646068    1.000000    0.136034    0.054752
Iteration: 333 bestvalit: 0.002909 bestmemit:    6.927257    3.646068    1.000000    0.136034    0.054752
Iteration: 334 bestvalit: 0.002909 bestmemit:    6.927257    3.646068    1.000000    0.136034    0.054752
Iteration: 335 bestvalit: 0.002909 bestmemit:    6.927257    3.646068    1.000000    0.136034    0.054752
Iteration: 336 bestvalit: 0.002909 bestmemit:    6.927257    3.646068    1.000000    0.136034    0.054752
Iteration: 337 bestvalit: 0.002909 bestmemit:    6.927257    3.646068    1.000000    0.136034    0.054752
Iteration: 338 bestvalit: 0.002909 bestmemit:    6.927257    3.646068    1.000000    0.136034    0.054752
Iteration: 339 bestvalit: 0.002909 bestmemit:    6.927257    3.646068    1.000000    0.136034    0.054752
Iteration: 340 bestvalit: 0.002909 bestmemit:    6.927257    3.646068    1.000000    0.136034    0.054752
Iteration: 341 bestvalit: 0.002909 bestmemit:    6.927257    3.646068    1.000000    0.136034    0.054752
Iteration: 342 bestvalit: 0.002909 bestmemit:    6.927257    3.646068    1.000000    0.136034    0.054752
Iteration: 343 bestvalit: 0.002909 bestmemit:    6.927257    3.646068    1.000000    0.136034    0.054752
Iteration: 344 bestvalit: 0.002909 bestmemit:    6.927257    3.646068    1.000000    0.136034    0.054752
Iteration: 345 bestvalit: 0.002909 bestmemit:    6.927257    3.646068    1.000000    0.136034    0.054752
Iteration: 346 bestvalit: 0.002909 bestmemit:    6.927257    3.646068    1.000000    0.136034    0.054752
Iteration: 347 bestvalit: 0.002909 bestmemit:    6.927257    3.646068    1.000000    0.136034    0.054752
Iteration: 348 bestvalit: 0.002909 bestmemit:    6.927257    3.646068    1.000000    0.136034    0.054752
Iteration: 349 bestvalit: 0.002909 bestmemit:    6.927257    3.646068    1.000000    0.136034    0.054752
Iteration: 350 bestvalit: 0.002909 bestmemit:    6.927257    3.646068    1.000000    0.136034    0.054752
Iteration: 351 bestvalit: 0.002909 bestmemit:    6.927257    3.646068    1.000000    0.136034    0.054752
Iteration: 352 bestvalit: 0.002909 bestmemit:    6.926932    3.646912    1.000000    0.135545    0.054671
Iteration: 353 bestvalit: 0.002909 bestmemit:    6.926932    3.646912    1.000000    0.135545    0.054671
Iteration: 354 bestvalit: 0.002909 bestmemit:    6.926932    3.646912    1.000000    0.135545    0.054671
Iteration: 355 bestvalit: 0.002909 bestmemit:    6.926932    3.646912    1.000000    0.135545    0.054671
Iteration: 356 bestvalit: 0.002909 bestmemit:    6.926932    3.646912    1.000000    0.135545    0.054671
Iteration: 357 bestvalit: 0.002909 bestmemit:    6.926932    3.646912    1.000000    0.135545    0.054671
Iteration: 358 bestvalit: 0.002909 bestmemit:    6.926932    3.646912    1.000000    0.135778    0.054671
Iteration: 359 bestvalit: 0.002909 bestmemit:    6.926932    3.646912    1.000000    0.135778    0.054671
Iteration: 360 bestvalit: 0.002909 bestmemit:    6.926932    3.646912    1.000000    0.135778    0.054671
Iteration: 361 bestvalit: 0.002909 bestmemit:    6.926932    3.646912    1.000000    0.135778    0.054671
Iteration: 362 bestvalit: 0.002909 bestmemit:    6.926932    3.646912    1.000000    0.135778    0.054671
Iteration: 363 bestvalit: 0.002909 bestmemit:    6.926932    3.646912    1.000000    0.135778    0.054671
Iteration: 364 bestvalit: 0.002909 bestmemit:    6.926932    3.646912    1.000000    0.135778    0.054671
Iteration: 365 bestvalit: 0.002909 bestmemit:    6.926932    3.646912    1.000000    0.135778    0.054671
Iteration: 366 bestvalit: 0.002909 bestmemit:    6.926932    3.646912    1.000000    0.135671    0.054671
Iteration: 367 bestvalit: 0.002909 bestmemit:    6.926932    3.646912    1.000000    0.135671    0.054671
Iteration: 368 bestvalit: 0.002909 bestmemit:    6.926932    3.646912    1.000000    0.135671    0.054671
Iteration: 369 bestvalit: 0.002909 bestmemit:    6.926932    3.646912    1.000000    0.135671    0.054671
Iteration: 370 bestvalit: 0.002909 bestmemit:    6.926932    3.646912    1.000000    0.135671    0.054671
Iteration: 371 bestvalit: 0.002909 bestmemit:    6.926932    3.646912    1.000000    0.135671    0.054671
Iteration: 372 bestvalit: 0.002909 bestmemit:    6.926932    3.646912    1.000000    0.135671    0.054671
Iteration: 373 bestvalit: 0.002909 bestmemit:    6.926932    3.646912    1.000000    0.135671    0.054671
Iteration: 374 bestvalit: 0.002909 bestmemit:    6.927005    3.646682    1.000000    0.135622    0.054687
Iteration: 375 bestvalit: 0.002909 bestmemit:    6.926633    3.647072    1.000000    0.135500    0.054673
Iteration: 376 bestvalit: 0.002909 bestmemit:    6.926633    3.647072    1.000000    0.135500    0.054673
Iteration: 377 bestvalit: 0.002909 bestmemit:    6.926633    3.647072    1.000000    0.135500    0.054673
Iteration: 378 bestvalit: 0.002909 bestmemit:    6.926633    3.647072    1.000000    0.135500    0.054673
Iteration: 379 bestvalit: 0.002909 bestmemit:    6.927005    3.646682    1.000000    0.135691    0.054687
Iteration: 380 bestvalit: 0.002909 bestmemit:    6.927005    3.646682    1.000000    0.135691    0.054687
Iteration: 381 bestvalit: 0.002909 bestmemit:    6.927005    3.646682    1.000000    0.135691    0.054687
Iteration: 382 bestvalit: 0.002909 bestmemit:    6.927005    3.646682    1.000000    0.135691    0.054687
Iteration: 383 bestvalit: 0.002909 bestmemit:    6.927005    3.646682    1.000000    0.135691    0.054687
Iteration: 384 bestvalit: 0.002909 bestmemit:    6.927005    3.646682    1.000000    0.135691    0.054687
Iteration: 385 bestvalit: 0.002909 bestmemit:    6.927005    3.646682    1.000000    0.135691    0.054687
Iteration: 386 bestvalit: 0.002909 bestmemit:    6.927005    3.646682    1.000000    0.135691    0.054687
Iteration: 387 bestvalit: 0.002909 bestmemit:    6.927005    3.646682    1.000000    0.135691    0.054687
Iteration: 388 bestvalit: 0.002909 bestmemit:    6.927005    3.646682    1.000000    0.135691    0.054687
Iteration: 389 bestvalit: 0.002909 bestmemit:    6.927005    3.646682    1.000000    0.135691    0.054687
Iteration: 390 bestvalit: 0.002909 bestmemit:    6.927005    3.646682    1.000000    0.135691    0.054687
Iteration: 391 bestvalit: 0.002909 bestmemit:    6.927005    3.646682    1.000000    0.135691    0.054687
Iteration: 392 bestvalit: 0.002909 bestmemit:    6.926633    3.647072    1.000000    0.135585    0.054673
Iteration: 393 bestvalit: 0.002909 bestmemit:    6.926633    3.647072    1.000000    0.135585    0.054673
Iteration: 394 bestvalit: 0.002909 bestmemit:    6.926633    3.647072    1.000000    0.135585    0.054673
Iteration: 395 bestvalit: 0.002909 bestmemit:    6.926633    3.647072    1.000000    0.135585    0.054673
Iteration: 396 bestvalit: 0.002909 bestmemit:    6.926633    3.647072    1.000000    0.135585    0.054673

***** summary of DEoptim object ***** 
best member   :  6.92663 3.64707 1 0.13559 0.05467 
best value    :  0.00291 
after         :  396 generations 
fn evaluated  :  794 times 
*************************************
