SLURM_JOB_ID: 55403030
SLURM_JOB_USER: vsc34066
SLURM_JOB_ACCOUNT: lp_desenderlab
SLURM_JOB_NAME: par_recov_alternating_fb_sim_alpha_learn.slurm
SLURM_CLUSTER_NAME: genius
SLURM_JOB_PARTITION: batch
SLURM_ARRAY_JOB_ID: 55402977
SLURM_ARRAY_TASK_ID: 53
SLURM_NNODES: 1
SLURM_NODELIST: r23i27n03
SLURM_JOB_CPUS_PER_NODE: 8
Date: Sun Dec  3 23:44:13 CET 2023
Walltime: 01-06:00:00
========================================================================
Iteration: 1 bestvalit: 0.054385 bestmemit:   24.827698   59.749746    1.000000  504.351510  950.630687
Iteration: 2 bestvalit: 0.054146 bestmemit:   21.137898   59.749746    1.000000  504.351510  950.630687
Iteration: 3 bestvalit: 0.044222 bestmemit:   31.438131  -36.495994    1.000000   76.969403 2006.304516
Iteration: 4 bestvalit: 0.044222 bestmemit:   31.438131  -36.495994    1.000000   76.969403 2006.304516
Iteration: 5 bestvalit: 0.044222 bestmemit:   31.438131  -36.495994    1.000000   76.969403 2006.304516
Iteration: 6 bestvalit: 0.044222 bestmemit:   31.438131  -36.495994    1.000000   76.969403 2006.304516
Iteration: 7 bestvalit: 0.044222 bestmemit:   31.438131  -36.495994    1.000000   76.969403 2006.304516
Iteration: 8 bestvalit: 0.021902 bestmemit:    3.764105  -42.856557    1.000000  301.512373   12.528375
Iteration: 9 bestvalit: 0.021902 bestmemit:    3.764105  -42.856557    1.000000  301.512373   12.528375
Iteration: 10 bestvalit: 0.021902 bestmemit:    3.764105  -42.856557    1.000000  301.512373   12.528375
Iteration: 11 bestvalit: 0.011596 bestmemit:   33.803528  -28.434032    1.000000   32.979914  331.085194
Iteration: 12 bestvalit: 0.011596 bestmemit:   33.803528  -28.434032    1.000000   32.979914  331.085194
Iteration: 13 bestvalit: 0.011596 bestmemit:   33.803528  -28.434032    1.000000   32.979914  331.085194
Iteration: 14 bestvalit: 0.011596 bestmemit:   33.803528  -28.434032    1.000000   32.979914  331.085194
Iteration: 15 bestvalit: 0.011596 bestmemit:   33.803528  -28.434032    1.000000   32.979914  331.085194
Iteration: 16 bestvalit: 0.011596 bestmemit:   33.803528  -28.434032    1.000000   32.979914  331.085194
Iteration: 17 bestvalit: 0.011227 bestmemit:   40.428470  -28.434032    1.000000   32.979914  331.085194
Iteration: 18 bestvalit: 0.011227 bestmemit:   40.428470  -28.434032    1.000000   32.979914  331.085194
Iteration: 19 bestvalit: 0.011227 bestmemit:   40.428470  -28.434032    1.000000   32.979914  331.085194
Iteration: 20 bestvalit: 0.011227 bestmemit:   40.428470  -28.434032    1.000000   32.979914  331.085194
Iteration: 21 bestvalit: 0.011227 bestmemit:   40.428470  -28.434032    1.000000   32.979914  331.085194
Iteration: 22 bestvalit: 0.008969 bestmemit:   37.465440  -96.406491    1.000000    2.871954  797.128394
Iteration: 23 bestvalit: 0.008969 bestmemit:   37.465440  -96.406491    1.000000    2.871954  797.128394
Iteration: 24 bestvalit: 0.008969 bestmemit:   37.465440  -96.406491    1.000000    2.871954  797.128394
Iteration: 25 bestvalit: 0.006837 bestmemit:   35.432008  -36.495994    1.000000   12.528375  317.410089
Iteration: 26 bestvalit: 0.006837 bestmemit:   35.432008  -36.495994    1.000000   12.528375  317.410089
Iteration: 27 bestvalit: 0.006837 bestmemit:   35.432008  -36.495994    1.000000   12.528375  317.410089
Iteration: 28 bestvalit: 0.006837 bestmemit:   35.432008  -36.495994    1.000000   12.528375  317.410089
Iteration: 29 bestvalit: 0.006837 bestmemit:   35.432008  -36.495994    1.000000   12.528375  317.410089
Iteration: 30 bestvalit: 0.004701 bestmemit:   33.759361  -10.942522    1.000000   26.286352   12.528375
Iteration: 31 bestvalit: 0.004701 bestmemit:   33.759361  -10.942522    1.000000   26.286352   12.528375
Iteration: 32 bestvalit: 0.004701 bestmemit:   33.759361  -10.942522    1.000000   26.286352   12.528375
Iteration: 33 bestvalit: 0.004701 bestmemit:   33.759361  -10.942522    1.000000   26.286352   12.528375
Iteration: 34 bestvalit: 0.004701 bestmemit:   33.759361  -10.942522    1.000000   26.286352   12.528375
Iteration: 35 bestvalit: 0.003211 bestmemit:   43.967666  -31.554367    1.000000   23.761150    4.439102
Iteration: 36 bestvalit: 0.003211 bestmemit:   43.967666  -31.554367    1.000000   23.761150    4.439102
Iteration: 37 bestvalit: 0.003211 bestmemit:   43.967666  -31.554367    1.000000   23.761150    4.439102
Iteration: 38 bestvalit: 0.003211 bestmemit:   43.967666  -31.554367    1.000000   23.761150    4.439102
Iteration: 39 bestvalit: 0.003211 bestmemit:   43.967666  -31.554367    1.000000   23.761150    4.439102
Iteration: 40 bestvalit: 0.003211 bestmemit:   43.967666  -31.554367    1.000000   23.761150    4.439102
Iteration: 41 bestvalit: 0.003211 bestmemit:   43.967666  -31.554367    1.000000   23.761150    4.439102
Iteration: 42 bestvalit: 0.003211 bestmemit:   43.967666  -31.554367    1.000000   23.761150    4.439102
Iteration: 43 bestvalit: 0.003211 bestmemit:   43.967666  -31.554367    1.000000   23.761150    4.439102
Iteration: 44 bestvalit: 0.003211 bestmemit:   43.967666  -31.554367    1.000000   23.761150    4.439102
Iteration: 45 bestvalit: 0.002325 bestmemit:   32.232965  -13.983615    1.000000   15.993012    2.758507
Iteration: 46 bestvalit: 0.002158 bestmemit:   33.813493  -11.255578    1.000000    9.626917    4.439102
Iteration: 47 bestvalit: 0.002158 bestmemit:   33.813493  -11.255578    1.000000    9.626917    4.439102
Iteration: 48 bestvalit: 0.002158 bestmemit:   33.813493  -11.255578    1.000000    9.626917    4.439102
Iteration: 49 bestvalit: 0.002158 bestmemit:   33.813493  -11.255578    1.000000    9.626917    4.439102
Iteration: 50 bestvalit: 0.002072 bestmemit:   31.073877  -11.255578    1.000000    9.626917    4.439102
Iteration: 51 bestvalit: 0.002072 bestmemit:   31.073877  -11.255578    1.000000    9.626917    4.439102
Iteration: 52 bestvalit: 0.002072 bestmemit:   31.073877  -11.255578    1.000000    9.626917    4.439102
Iteration: 53 bestvalit: 0.001970 bestmemit:   32.232965  -13.983615    1.000000    8.511430    2.758507
Iteration: 54 bestvalit: 0.001970 bestmemit:   32.232965  -13.983615    1.000000    8.511430    2.758507
Iteration: 55 bestvalit: 0.001970 bestmemit:   32.232965  -13.983615    1.000000    8.511430    2.758507
Iteration: 56 bestvalit: 0.001970 bestmemit:   32.232965  -13.983615    1.000000    8.511430    2.758507
Iteration: 57 bestvalit: 0.001970 bestmemit:   32.232965  -13.983615    1.000000    8.511430    2.758507
Iteration: 58 bestvalit: 0.001970 bestmemit:   32.232965  -13.983615    1.000000    8.511430    2.758507
Iteration: 59 bestvalit: 0.001970 bestmemit:   32.232965  -13.983615    1.000000    8.511430    2.758507
Iteration: 60 bestvalit: 0.001462 bestmemit:   18.480676   -1.410834    1.000000    6.247990    3.080440
Iteration: 61 bestvalit: 0.001462 bestmemit:   18.480676   -1.410834    1.000000    6.247990    3.080440
Iteration: 62 bestvalit: 0.001462 bestmemit:   18.480676   -1.410834    1.000000    6.247990    3.080440
Iteration: 63 bestvalit: 0.001392 bestmemit:   14.305003    4.806725    1.000000    5.542697    3.152386
Iteration: 64 bestvalit: 0.001392 bestmemit:   14.305003    4.806725    1.000000    5.542697    3.152386
Iteration: 65 bestvalit: 0.001392 bestmemit:   14.305003    4.806725    1.000000    5.542697    3.152386
Iteration: 66 bestvalit: 0.001392 bestmemit:   14.305003    4.806725    1.000000    5.542697    3.152386
Iteration: 67 bestvalit: 0.001392 bestmemit:   14.305003    4.806725    1.000000    5.542697    3.152386
Iteration: 68 bestvalit: 0.001382 bestmemit:   15.958084    5.113512    1.000000    4.275131    2.825352
Iteration: 69 bestvalit: 0.001382 bestmemit:   15.958084    5.113512    1.000000    4.275131    2.825352
Iteration: 70 bestvalit: 0.001382 bestmemit:   15.958084    5.113512    1.000000    4.275131    2.825352
Iteration: 71 bestvalit: 0.001287 bestmemit:   11.142530    1.400670    1.000000    1.609397    2.852578
Iteration: 72 bestvalit: 0.001136 bestmemit:    5.380231   11.798829    1.000000    0.520124    2.228260
Iteration: 73 bestvalit: 0.001136 bestmemit:    5.380231   11.798829    1.000000    0.520124    2.228260
Iteration: 74 bestvalit: 0.001136 bestmemit:    5.380231   11.798829    1.000000    0.520124    2.228260
Iteration: 75 bestvalit: 0.001136 bestmemit:    5.380231   11.798829    1.000000    0.520124    2.228260
Iteration: 76 bestvalit: 0.001105 bestmemit:    8.321420    9.575088    1.000000    2.830368    0.627167
Iteration: 77 bestvalit: 0.001105 bestmemit:    8.321420    9.575088    1.000000    2.830368    0.627167
Iteration: 78 bestvalit: 0.001105 bestmemit:    8.321420    9.575088    1.000000    2.830368    0.627167
Iteration: 79 bestvalit: 0.001090 bestmemit:   13.050953    4.091074    1.000000    2.593073    0.957945
Iteration: 80 bestvalit: 0.001090 bestmemit:   13.050953    4.091074    1.000000    2.593073    0.957945
Iteration: 81 bestvalit: 0.001090 bestmemit:   13.050953    4.091074    1.000000    2.593073    0.957945
Iteration: 82 bestvalit: 0.001090 bestmemit:   13.050953    4.091074    1.000000    2.593073    0.957945
Iteration: 83 bestvalit: 0.001081 bestmemit:   12.046137    6.501765    1.000000    1.779741    1.147916
Iteration: 84 bestvalit: 0.001027 bestmemit:    8.321420    9.962447    1.000000    0.541435    0.627167
Iteration: 85 bestvalit: 0.001027 bestmemit:    8.321420    9.962447    1.000000    0.541435    0.627167
Iteration: 86 bestvalit: 0.001027 bestmemit:    8.321420    9.962447    1.000000    0.541435    0.627167
Iteration: 87 bestvalit: 0.001027 bestmemit:    8.321420    9.962447    1.000000    0.541435    0.627167
Iteration: 88 bestvalit: 0.001027 bestmemit:    8.321420    9.962447    1.000000    0.541435    0.627167
Iteration: 89 bestvalit: 0.001027 bestmemit:    8.321420    9.962447    1.000000    0.541435    0.627167
Iteration: 90 bestvalit: 0.001027 bestmemit:    8.321420    9.962447    1.000000    0.541435    0.627167
Iteration: 91 bestvalit: 0.001027 bestmemit:    8.321420    9.962447    1.000000    0.541435    0.627167
Iteration: 92 bestvalit: 0.001027 bestmemit:    8.321420    9.962447    1.000000    0.541435    0.627167
Iteration: 93 bestvalit: 0.001027 bestmemit:    8.321420    9.962447    1.000000    0.541435    0.627167
Iteration: 94 bestvalit: 0.001027 bestmemit:    8.321420    9.962447    1.000000    0.541435    0.627167
Iteration: 95 bestvalit: 0.001027 bestmemit:    8.321420    9.962447    1.000000    0.541435    0.627167
Iteration: 96 bestvalit: 0.001027 bestmemit:    8.321420    9.962447    1.000000    0.541435    0.627167
Iteration: 97 bestvalit: 0.001027 bestmemit:    8.321420    9.962447    1.000000    0.541435    0.627167
Iteration: 98 bestvalit: 0.001027 bestmemit:    8.321420    9.962447    1.000000    0.541435    0.627167
Iteration: 99 bestvalit: 0.001024 bestmemit:    9.293615    9.359918    1.000000    0.451355    0.115739
Iteration: 100 bestvalit: 0.001024 bestmemit:    9.293615    9.359918    1.000000    0.451355    0.115739
Iteration: 101 bestvalit: 0.001024 bestmemit:    9.293615    9.359918    1.000000    0.451355    0.115739
Iteration: 102 bestvalit: 0.001022 bestmemit:    8.548896   10.259559    1.000000    0.321966    0.461719
Iteration: 103 bestvalit: 0.001014 bestmemit:    8.834518   10.536971    1.000000    0.593535    0.023516
Iteration: 104 bestvalit: 0.001014 bestmemit:    8.834518   10.536971    1.000000    0.593535    0.023516
Iteration: 105 bestvalit: 0.001014 bestmemit:    8.834518   10.536971    1.000000    0.593535    0.023516
Iteration: 106 bestvalit: 0.001014 bestmemit:    8.834518   10.536971    1.000000    0.593535    0.023516
Iteration: 107 bestvalit: 0.001014 bestmemit:    8.834518   10.536971    1.000000    0.593535    0.023516
Iteration: 108 bestvalit: 0.001014 bestmemit:    8.834518   10.536971    1.000000    0.593535    0.023516
Iteration: 109 bestvalit: 0.001014 bestmemit:    8.834518   10.536971    1.000000    0.593535    0.023516
Iteration: 110 bestvalit: 0.001014 bestmemit:    8.834518   10.536971    1.000000    0.593535    0.023516
Iteration: 111 bestvalit: 0.001014 bestmemit:    8.834518   10.536971    1.000000    0.593535    0.023516
Iteration: 112 bestvalit: 0.001014 bestmemit:    8.834518   10.536971    1.000000    0.593535    0.023516
Iteration: 113 bestvalit: 0.001014 bestmemit:    8.834518   10.536971    1.000000    0.593535    0.023516
Iteration: 114 bestvalit: 0.001014 bestmemit:    8.834518   10.536971    1.000000    0.593535    0.023516
Iteration: 115 bestvalit: 0.001014 bestmemit:    8.834518   10.536971    1.000000    0.593535    0.023516
Iteration: 116 bestvalit: 0.001014 bestmemit:    8.834518   10.536971    1.000000    0.593535    0.023516
Iteration: 117 bestvalit: 0.001014 bestmemit:    8.834518   10.536971    1.000000    0.593535    0.023516
Iteration: 118 bestvalit: 0.001014 bestmemit:    8.834518   10.536971    1.000000    0.593535    0.023516
Iteration: 119 bestvalit: 0.001014 bestmemit:    8.834518   10.536971    1.000000    0.593535    0.023516
Iteration: 120 bestvalit: 0.001013 bestmemit:    9.414959   10.060451    1.000000    0.660467    0.041017
Iteration: 121 bestvalit: 0.001013 bestmemit:    9.414959   10.060451    1.000000    0.660467    0.000811
Iteration: 122 bestvalit: 0.001013 bestmemit:    9.414959   10.060451    1.000000    0.660467    0.000811
Iteration: 123 bestvalit: 0.001013 bestmemit:    9.414959   10.060451    1.000000    0.660467    0.000811
Iteration: 124 bestvalit: 0.001013 bestmemit:    9.414959   10.060451    1.000000    0.660467    0.000811
Iteration: 125 bestvalit: 0.001013 bestmemit:    9.414959   10.060451    1.000000    0.660467    0.000811
Iteration: 126 bestvalit: 0.001013 bestmemit:    9.414959   10.060451    1.000000    0.660467    0.000811
Iteration: 127 bestvalit: 0.001013 bestmemit:    9.414959   10.060451    1.000000    0.660467    0.000811
Iteration: 128 bestvalit: 0.001013 bestmemit:    9.414959   10.060451    1.000000    0.660467    0.000811
Iteration: 129 bestvalit: 0.001013 bestmemit:    9.414959   10.060451    1.000000    0.660467    0.000811
Iteration: 130 bestvalit: 0.001013 bestmemit:    9.414959   10.060451    1.000000    0.660467    0.000811
Iteration: 131 bestvalit: 0.001012 bestmemit:    9.414959   10.060451    1.000000    0.561732    0.000811
Iteration: 132 bestvalit: 0.001012 bestmemit:    9.414959   10.060451    1.000000    0.561732    0.000811
Iteration: 133 bestvalit: 0.001012 bestmemit:    9.414959   10.060451    1.000000    0.561732    0.000811
Iteration: 134 bestvalit: 0.001012 bestmemit:    9.414959   10.060451    1.000000    0.561732    0.000811
Iteration: 135 bestvalit: 0.001012 bestmemit:    9.414959   10.060451    1.000000    0.561732    0.000811
Iteration: 136 bestvalit: 0.001012 bestmemit:    9.414959   10.060451    1.000000    0.561732    0.000811
Iteration: 137 bestvalit: 0.001012 bestmemit:    9.414959   10.060451    1.000000    0.561732    0.000811
Iteration: 138 bestvalit: 0.001012 bestmemit:    9.414959   10.060451    1.000000    0.561732    0.000811
Iteration: 139 bestvalit: 0.001012 bestmemit:    9.414959   10.060451    1.000000    0.561732    0.000811
Iteration: 140 bestvalit: 0.001012 bestmemit:    9.414959   10.060451    1.000000    0.561732    0.000811
Iteration: 141 bestvalit: 0.001012 bestmemit:    9.414959   10.060451    1.000000    0.561732    0.000811
Iteration: 142 bestvalit: 0.001012 bestmemit:    9.414959   10.060451    1.000000    0.561732    0.000811
Iteration: 143 bestvalit: 0.001012 bestmemit:    9.414959   10.060451    1.000000    0.561732    0.000811
Iteration: 144 bestvalit: 0.001012 bestmemit:    9.414959   10.060451    1.000000    0.561732    0.000811
Iteration: 145 bestvalit: 0.001012 bestmemit:    9.414959   10.060451    1.000000    0.561732    0.000811
Iteration: 146 bestvalit: 0.001012 bestmemit:    9.414959   10.060451    1.000000    0.561732    0.000811
Iteration: 147 bestvalit: 0.001012 bestmemit:    9.414959   10.060451    1.000000    0.561732    0.000811
Iteration: 148 bestvalit: 0.001012 bestmemit:    9.414959   10.060451    1.000000    0.561732    0.000811
Iteration: 149 bestvalit: 0.001012 bestmemit:    9.414959   10.060451    1.000000    0.561732    0.000811
Iteration: 150 bestvalit: 0.001012 bestmemit:    9.414959   10.060451    1.000000    0.561732    0.000811
Iteration: 151 bestvalit: 0.001012 bestmemit:    9.414959   10.060451    1.000000    0.561732    0.000811
Iteration: 152 bestvalit: 0.001012 bestmemit:    9.414959   10.060451    1.000000    0.561732    0.000811
Iteration: 153 bestvalit: 0.001012 bestmemit:    9.520458    9.851842    1.000000    0.481548    0.024869
Iteration: 154 bestvalit: 0.001012 bestmemit:    9.520458    9.851842    1.000000    0.481548    0.024869
Iteration: 155 bestvalit: 0.001012 bestmemit:    9.520458    9.851842    1.000000    0.481548    0.024869
Iteration: 156 bestvalit: 0.001012 bestmemit:    9.520458    9.851842    1.000000    0.481548    0.024869
Iteration: 157 bestvalit: 0.001012 bestmemit:    9.520458    9.851842    1.000000    0.481548    0.024869
Iteration: 158 bestvalit: 0.001012 bestmemit:    9.520458    9.851842    1.000000    0.481548    0.024869
Iteration: 159 bestvalit: 0.001012 bestmemit:    9.520458    9.851842    1.000000    0.481548    0.024869
Iteration: 160 bestvalit: 0.001012 bestmemit:    9.520458    9.851842    1.000000    0.481548    0.024869
Iteration: 161 bestvalit: 0.001012 bestmemit:    9.520458    9.851842    1.000000    0.481548    0.024869
Iteration: 162 bestvalit: 0.001012 bestmemit:    9.520458    9.851842    1.000000    0.481548    0.024869
Iteration: 163 bestvalit: 0.001012 bestmemit:    9.520458    9.851842    1.000000    0.481548    0.024869
Iteration: 164 bestvalit: 0.001012 bestmemit:    9.520458    9.851842    1.000000    0.481548    0.024869
Iteration: 165 bestvalit: 0.001012 bestmemit:    9.520458    9.851842    1.000000    0.534893    0.024869
Iteration: 166 bestvalit: 0.001012 bestmemit:    9.520458    9.851842    1.000000    0.534893    0.024869
Iteration: 167 bestvalit: 0.001012 bestmemit:    9.555310    9.851842    1.000000    0.534893    0.024869
Iteration: 168 bestvalit: 0.001012 bestmemit:    9.555310    9.851842    1.000000    0.534893    0.024869
Iteration: 169 bestvalit: 0.001012 bestmemit:    9.555310    9.851842    1.000000    0.534893    0.024869
Iteration: 170 bestvalit: 0.001012 bestmemit:    9.555310    9.851842    1.000000    0.534893    0.024869
Iteration: 171 bestvalit: 0.001012 bestmemit:    9.555310    9.851842    1.000000    0.534893    0.024869
Iteration: 172 bestvalit: 0.001012 bestmemit:    9.555310    9.851842    1.000000    0.534893    0.024869
Iteration: 173 bestvalit: 0.001012 bestmemit:    9.555310    9.851842    1.000000    0.534893    0.024869
Iteration: 174 bestvalit: 0.001012 bestmemit:    9.555310    9.851842    1.000000    0.534893    0.024869
Iteration: 175 bestvalit: 0.001012 bestmemit:    9.555310    9.851842    1.000000    0.545617    0.024869
Iteration: 176 bestvalit: 0.001012 bestmemit:    9.555310    9.851842    1.000000    0.545617    0.024869
Iteration: 177 bestvalit: 0.001012 bestmemit:    9.555310    9.851842    1.000000    0.545617    0.024869
Iteration: 178 bestvalit: 0.001012 bestmemit:    9.555310    9.851842    1.000000    0.545617    0.024869
Iteration: 179 bestvalit: 0.001012 bestmemit:    9.555310    9.851842    1.000000    0.545617    0.024869
Iteration: 180 bestvalit: 0.001012 bestmemit:    9.555310    9.851842    1.000000    0.545617    0.024869
Iteration: 181 bestvalit: 0.001012 bestmemit:    9.540348    9.885656    1.000000    0.515689    0.007185
Iteration: 182 bestvalit: 0.001012 bestmemit:    9.540348    9.885656    1.000000    0.515689    0.007185
Iteration: 183 bestvalit: 0.001012 bestmemit:    9.540348    9.885656    1.000000    0.515689    0.007185
Iteration: 184 bestvalit: 0.001012 bestmemit:    9.540348    9.885656    1.000000    0.515689    0.007185
Iteration: 185 bestvalit: 0.001012 bestmemit:    9.540348    9.885656    1.000000    0.515689    0.007185
Iteration: 186 bestvalit: 0.001012 bestmemit:    9.540348    9.885656    1.000000    0.515689    0.007185
Iteration: 187 bestvalit: 0.001012 bestmemit:    9.540348    9.885656    1.000000    0.515689    0.007185
Iteration: 188 bestvalit: 0.001012 bestmemit:    9.540348    9.885656    1.000000    0.532165    0.007185
Iteration: 189 bestvalit: 0.001012 bestmemit:    9.540348    9.885656    1.000000    0.532165    0.007185
Iteration: 190 bestvalit: 0.001012 bestmemit:    9.540348    9.885656    1.000000    0.532165    0.007185
Iteration: 191 bestvalit: 0.001012 bestmemit:    9.540348    9.885656    1.000000    0.532165    0.007185
Iteration: 192 bestvalit: 0.001012 bestmemit:    9.540348    9.885656    1.000000    0.532165    0.007185
Iteration: 193 bestvalit: 0.001012 bestmemit:    9.540348    9.885656    1.000000    0.532165    0.007185
Iteration: 194 bestvalit: 0.001012 bestmemit:    9.540348    9.885656    1.000000    0.532165    0.007185
Iteration: 195 bestvalit: 0.001012 bestmemit:    9.540348    9.885656    1.000000    0.532165    0.007185
Iteration: 196 bestvalit: 0.001012 bestmemit:    9.540348    9.885656    1.000000    0.532165    0.007185
Iteration: 197 bestvalit: 0.001012 bestmemit:    9.540348    9.885656    1.000000    0.532165    0.007185
Iteration: 198 bestvalit: 0.001012 bestmemit:    9.540348    9.885656    1.000000    0.532165    0.007185
Iteration: 199 bestvalit: 0.001012 bestmemit:    9.540348    9.885656    1.000000    0.532165    0.010373
Iteration: 200 bestvalit: 0.001012 bestmemit:    9.540348    9.885656    1.000000    0.532165    0.010373
Iteration: 201 bestvalit: 0.001012 bestmemit:    9.540348    9.885656    1.000000    0.532165    0.010373
Iteration: 202 bestvalit: 0.001012 bestmemit:    9.540348    9.885656    1.000000    0.532165    0.010373
Iteration: 203 bestvalit: 0.001012 bestmemit:    9.540348    9.885656    1.000000    0.532165    0.010373
Iteration: 204 bestvalit: 0.001012 bestmemit:    9.540348    9.885656    1.000000    0.532165    0.010373
Iteration: 205 bestvalit: 0.001012 bestmemit:    9.540348    9.885656    1.000000    0.532165    0.010373
Iteration: 206 bestvalit: 0.001012 bestmemit:    9.540348    9.885656    1.000000    0.532165    0.010373
Iteration: 207 bestvalit: 0.001012 bestmemit:    9.540348    9.885656    1.000000    0.532165    0.010373
Iteration: 208 bestvalit: 0.001012 bestmemit:    9.540348    9.885656    1.000000    0.532165    0.010373
Iteration: 209 bestvalit: 0.001012 bestmemit:    9.540348    9.885656    1.000000    0.532165    0.010373
Iteration: 210 bestvalit: 0.001012 bestmemit:    9.540348    9.885656    1.000000    0.532165    0.010373
Iteration: 211 bestvalit: 0.001012 bestmemit:    9.540348    9.885656    1.000000    0.532165    0.010373
Iteration: 212 bestvalit: 0.001012 bestmemit:    9.540348    9.885656    1.000000    0.532165    0.010373
Iteration: 213 bestvalit: 0.001012 bestmemit:    9.540348    9.885656    1.000000    0.532165    0.010373
Iteration: 214 bestvalit: 0.001012 bestmemit:    9.542397    9.883821    1.000000    0.529828    0.007071
Iteration: 215 bestvalit: 0.001012 bestmemit:    9.542397    9.883821    1.000000    0.529828    0.007071
Iteration: 216 bestvalit: 0.001012 bestmemit:    9.542397    9.883821    1.000000    0.529828    0.007071
Iteration: 217 bestvalit: 0.001012 bestmemit:    9.542397    9.883821    1.000000    0.529828    0.007071
Iteration: 218 bestvalit: 0.001012 bestmemit:    9.542397    9.883821    1.000000    0.529828    0.007071
Iteration: 219 bestvalit: 0.001012 bestmemit:    9.542397    9.883821    1.000000    0.529828    0.007071
Iteration: 220 bestvalit: 0.001012 bestmemit:    9.542397    9.883821    1.000000    0.529828    0.007071
Iteration: 221 bestvalit: 0.001012 bestmemit:    9.542397    9.883821    1.000000    0.529828    0.007071
Iteration: 222 bestvalit: 0.001012 bestmemit:    9.542397    9.883821    1.000000    0.529828    0.007071
Iteration: 223 bestvalit: 0.001012 bestmemit:    9.542397    9.883821    1.000000    0.528521    0.007071
Iteration: 224 bestvalit: 0.001012 bestmemit:    9.542397    9.883821    1.000000    0.528521    0.007071
Iteration: 225 bestvalit: 0.001012 bestmemit:    9.542397    9.883821    1.000000    0.528521    0.007071
Iteration: 226 bestvalit: 0.001012 bestmemit:    9.542397    9.883821    1.000000    0.528521    0.007071
Iteration: 227 bestvalit: 0.001012 bestmemit:    9.542397    9.883821    1.000000    0.528521    0.007071
Iteration: 228 bestvalit: 0.001012 bestmemit:    9.542397    9.883821    1.000000    0.528521    0.007071
Iteration: 229 bestvalit: 0.001012 bestmemit:    9.548257    9.878520    1.000000    0.529424    0.008569
Iteration: 230 bestvalit: 0.001012 bestmemit:    9.548257    9.878520    1.000000    0.529424    0.008569
Iteration: 231 bestvalit: 0.001012 bestmemit:    9.548302    9.879663    1.000000    0.526354    0.006921
Iteration: 232 bestvalit: 0.001012 bestmemit:    9.548302    9.879663    1.000000    0.526354    0.006921
Iteration: 233 bestvalit: 0.001012 bestmemit:    9.548302    9.879663    1.000000    0.526354    0.006921
Iteration: 234 bestvalit: 0.001012 bestmemit:    9.548302    9.879663    1.000000    0.526354    0.006921
Iteration: 235 bestvalit: 0.001012 bestmemit:    9.548302    9.879663    1.000000    0.526354    0.006921
Iteration: 236 bestvalit: 0.001012 bestmemit:    9.548302    9.879663    1.000000    0.526354    0.006921
Iteration: 237 bestvalit: 0.001012 bestmemit:    9.548302    9.879663    1.000000    0.526354    0.006921
Iteration: 238 bestvalit: 0.001012 bestmemit:    9.548302    9.879663    1.000000    0.526354    0.006921
Iteration: 239 bestvalit: 0.001012 bestmemit:    9.548302    9.879663    1.000000    0.526354    0.006921
Iteration: 240 bestvalit: 0.001012 bestmemit:    9.548302    9.879663    1.000000    0.526354    0.006921
Iteration: 241 bestvalit: 0.001012 bestmemit:    9.548302    9.879663    1.000000    0.526354    0.006921
Iteration: 242 bestvalit: 0.001012 bestmemit:    9.548302    9.879663    1.000000    0.526354    0.006921
Iteration: 243 bestvalit: 0.001012 bestmemit:    9.548302    9.879663    1.000000    0.526354    0.006921
Iteration: 244 bestvalit: 0.001012 bestmemit:    9.548302    9.879663    1.000000    0.526354    0.006921
Iteration: 245 bestvalit: 0.001012 bestmemit:    9.544642    9.877945    1.000000    0.529044    0.009719
Iteration: 246 bestvalit: 0.001012 bestmemit:    9.542397    9.883821    1.000000    0.527923    0.007409
Iteration: 247 bestvalit: 0.001012 bestmemit:    9.542397    9.883821    1.000000    0.527923    0.007409
Iteration: 248 bestvalit: 0.001012 bestmemit:    9.542397    9.883821    1.000000    0.527923    0.007409
Iteration: 249 bestvalit: 0.001012 bestmemit:    9.542397    9.883821    1.000000    0.527923    0.007409
Iteration: 250 bestvalit: 0.001012 bestmemit:    9.542397    9.883821    1.000000    0.527923    0.007409
Iteration: 251 bestvalit: 0.001012 bestmemit:    9.542397    9.883821    1.000000    0.527923    0.007409
Iteration: 252 bestvalit: 0.001012 bestmemit:    9.542397    9.883821    1.000000    0.527923    0.007409
Iteration: 253 bestvalit: 0.001012 bestmemit:    9.542397    9.883821    1.000000    0.527923    0.007409
Iteration: 254 bestvalit: 0.001012 bestmemit:    9.542397    9.883821    1.000000    0.527923    0.007409
Iteration: 255 bestvalit: 0.001012 bestmemit:    9.545171    9.881231    1.000000    0.526760    0.007782
Iteration: 256 bestvalit: 0.001012 bestmemit:    9.545171    9.881231    1.000000    0.526760    0.007782
Iteration: 257 bestvalit: 0.001012 bestmemit:    9.545207    9.881688    1.000000    0.527912    0.007543
Iteration: 258 bestvalit: 0.001012 bestmemit:    9.545207    9.881688    1.000000    0.527912    0.007543
Iteration: 259 bestvalit: 0.001012 bestmemit:    9.545207    9.881688    1.000000    0.527912    0.007543
Iteration: 260 bestvalit: 0.001012 bestmemit:    9.545207    9.881688    1.000000    0.527912    0.007543
Iteration: 261 bestvalit: 0.001012 bestmemit:    9.545207    9.881688    1.000000    0.527912    0.007543
Iteration: 262 bestvalit: 0.001012 bestmemit:    9.545207    9.881688    1.000000    0.527912    0.007543
Iteration: 263 bestvalit: 0.001012 bestmemit:    9.545207    9.881688    1.000000    0.527912    0.007543
Iteration: 264 bestvalit: 0.001012 bestmemit:    9.545207    9.881688    1.000000    0.527912    0.007543
Iteration: 265 bestvalit: 0.001012 bestmemit:    9.545171    9.881231    1.000000    0.528666    0.007782
Iteration: 266 bestvalit: 0.001012 bestmemit:    9.544082    9.882263    1.000000    0.528655    0.007877
Iteration: 267 bestvalit: 0.001012 bestmemit:    9.544082    9.882263    1.000000    0.528655    0.007877
Iteration: 268 bestvalit: 0.001012 bestmemit:    9.544082    9.882263    1.000000    0.528655    0.007877
Iteration: 269 bestvalit: 0.001012 bestmemit:    9.544082    9.882263    1.000000    0.528655    0.007877
Iteration: 270 bestvalit: 0.001012 bestmemit:    9.544082    9.882263    1.000000    0.528655    0.007877
Iteration: 271 bestvalit: 0.001012 bestmemit:    9.544082    9.882263    1.000000    0.528655    0.007877
Iteration: 272 bestvalit: 0.001012 bestmemit:    9.544082    9.882263    1.000000    0.528655    0.007877
Iteration: 273 bestvalit: 0.001012 bestmemit:    9.543987    9.882518    1.000000    0.528253    0.007779
Iteration: 274 bestvalit: 0.001012 bestmemit:    9.543987    9.882518    1.000000    0.528253    0.007779
Iteration: 275 bestvalit: 0.001012 bestmemit:    9.543987    9.882518    1.000000    0.528253    0.007779
Iteration: 276 bestvalit: 0.001012 bestmemit:    9.543987    9.882518    1.000000    0.528253    0.007779
Iteration: 277 bestvalit: 0.001012 bestmemit:    9.543987    9.882518    1.000000    0.528253    0.007779
Iteration: 278 bestvalit: 0.001012 bestmemit:    9.543987    9.882518    1.000000    0.528253    0.007779
Iteration: 279 bestvalit: 0.001012 bestmemit:    9.543987    9.882518    1.000000    0.528253    0.007779
Iteration: 280 bestvalit: 0.001012 bestmemit:    9.543987    9.882518    1.000000    0.528253    0.007779
Iteration: 281 bestvalit: 0.001012 bestmemit:    9.543987    9.882518    1.000000    0.528253    0.007779
Iteration: 282 bestvalit: 0.001012 bestmemit:    9.543987    9.882518    1.000000    0.528253    0.007779
Iteration: 283 bestvalit: 0.001012 bestmemit:    9.543987    9.882518    1.000000    0.528253    0.007779
Iteration: 284 bestvalit: 0.001012 bestmemit:    9.543987    9.882518    1.000000    0.528253    0.007779
Iteration: 285 bestvalit: 0.001012 bestmemit:    9.544574    9.881400    1.000000    0.528196    0.007910
Iteration: 286 bestvalit: 0.001012 bestmemit:    9.544574    9.881400    1.000000    0.528196    0.007910
Iteration: 287 bestvalit: 0.001012 bestmemit:    9.544574    9.881400    1.000000    0.528196    0.007910
Iteration: 288 bestvalit: 0.001012 bestmemit:    9.544574    9.881400    1.000000    0.528196    0.007910
Iteration: 289 bestvalit: 0.001012 bestmemit:    9.544574    9.881400    1.000000    0.528196    0.007910
Iteration: 290 bestvalit: 0.001012 bestmemit:    9.544843    9.881166    1.000000    0.528410    0.008087
Iteration: 291 bestvalit: 0.001012 bestmemit:    9.544843    9.881166    1.000000    0.528410    0.008027
Iteration: 292 bestvalit: 0.001012 bestmemit:    9.544843    9.881166    1.000000    0.528410    0.008027
Iteration: 293 bestvalit: 0.001012 bestmemit:    9.544843    9.881166    1.000000    0.528410    0.008027
Iteration: 294 bestvalit: 0.001012 bestmemit:    9.544843    9.881166    1.000000    0.528410    0.008027
Iteration: 295 bestvalit: 0.001012 bestmemit:    9.544843    9.881166    1.000000    0.528410    0.008027
Iteration: 296 bestvalit: 0.001012 bestmemit:    9.544843    9.881166    1.000000    0.528437    0.008027
Iteration: 297 bestvalit: 0.001012 bestmemit:    9.544843    9.881166    1.000000    0.528437    0.008027
Iteration: 298 bestvalit: 0.001012 bestmemit:    9.544843    9.881166    1.000000    0.528437    0.008027
Iteration: 299 bestvalit: 0.001012 bestmemit:    9.544843    9.881166    1.000000    0.528437    0.008027
Iteration: 300 bestvalit: 0.001012 bestmemit:    9.544843    9.881166    1.000000    0.528437    0.008027
Iteration: 301 bestvalit: 0.001012 bestmemit:    9.544843    9.881166    1.000000    0.528437    0.008027
Iteration: 302 bestvalit: 0.001012 bestmemit:    9.544843    9.881166    1.000000    0.528437    0.008027
Iteration: 303 bestvalit: 0.001012 bestmemit:    9.544843    9.881166    1.000000    0.528437    0.008027
Iteration: 304 bestvalit: 0.001012 bestmemit:    9.544843    9.881166    1.000000    0.528437    0.008027
Iteration: 305 bestvalit: 0.001012 bestmemit:    9.544843    9.881166    1.000000    0.528437    0.008027
Iteration: 306 bestvalit: 0.001012 bestmemit:    9.544843    9.881166    1.000000    0.528437    0.008027
Iteration: 307 bestvalit: 0.001012 bestmemit:    9.544843    9.881166    1.000000    0.528437    0.008027
Iteration: 308 bestvalit: 0.001012 bestmemit:    9.544843    9.881166    1.000000    0.528437    0.008027
Iteration: 309 bestvalit: 0.001012 bestmemit:    9.544843    9.881166    1.000000    0.528437    0.008027
Iteration: 310 bestvalit: 0.001012 bestmemit:    9.544751    9.881602    1.000000    0.528234    0.007846
Iteration: 311 bestvalit: 0.001012 bestmemit:    9.544751    9.881602    1.000000    0.528311    0.007846
Iteration: 312 bestvalit: 0.001012 bestmemit:    9.544751    9.881602    1.000000    0.528311    0.007846
Iteration: 313 bestvalit: 0.001012 bestmemit:    9.544751    9.881602    1.000000    0.528311    0.007846
Iteration: 314 bestvalit: 0.001012 bestmemit:    9.544751    9.881602    1.000000    0.528311    0.007846
Iteration: 315 bestvalit: 0.001012 bestmemit:    9.544751    9.881602    1.000000    0.528311    0.007846
Iteration: 316 bestvalit: 0.001012 bestmemit:    9.544751    9.881602    1.000000    0.528311    0.007846
Iteration: 317 bestvalit: 0.001012 bestmemit:    9.544751    9.881569    1.000000    0.528311    0.007846
Iteration: 318 bestvalit: 0.001012 bestmemit:    9.544751    9.881569    1.000000    0.528311    0.007846
Iteration: 319 bestvalit: 0.001012 bestmemit:    9.544751    9.881569    1.000000    0.528311    0.007846
Iteration: 320 bestvalit: 0.001012 bestmemit:    9.544751    9.881569    1.000000    0.528311    0.007846
Iteration: 321 bestvalit: 0.001012 bestmemit:    9.544875    9.881305    1.000000    0.528425    0.007956
Iteration: 322 bestvalit: 0.001012 bestmemit:    9.544875    9.881305    1.000000    0.528425    0.007956
Iteration: 323 bestvalit: 0.001012 bestmemit:    9.544875    9.881305    1.000000    0.528425    0.007956
Iteration: 324 bestvalit: 0.001012 bestmemit:    9.544710    9.881560    1.000000    0.528342    0.007866
Iteration: 325 bestvalit: 0.001012 bestmemit:    9.544710    9.881560    1.000000    0.528342    0.007866
Iteration: 326 bestvalit: 0.001012 bestmemit:    9.544710    9.881560    1.000000    0.528342    0.007866
Iteration: 327 bestvalit: 0.001012 bestmemit:    9.544710    9.881560    1.000000    0.528342    0.007866
Iteration: 328 bestvalit: 0.001012 bestmemit:    9.544710    9.881560    1.000000    0.528342    0.007866

***** summary of DEoptim object ***** 
best member   :  9.54471 9.88156 1 0.52834 0.00787 
best value    :  0.00101 
after         :  328 generations 
fn evaluated  :  658 times 
*************************************
