SLURM_JOB_ID: 55403039
SLURM_JOB_USER: vsc34066
SLURM_JOB_ACCOUNT: lp_desenderlab
SLURM_JOB_NAME: par_recov_alternating_fb_sim_alpha_learn.slurm
SLURM_CLUSTER_NAME: genius
SLURM_JOB_PARTITION: batch
SLURM_ARRAY_JOB_ID: 55402977
SLURM_ARRAY_TASK_ID: 62
SLURM_NNODES: 1
SLURM_NODELIST: r23i27n06
SLURM_JOB_CPUS_PER_NODE: 8
Date: Sun Dec  3 23:44:04 CET 2023
Walltime: 01-06:00:00
========================================================================
Iteration: 1 bestvalit: 0.055664 bestmemit:   27.284837  -45.573145    1.000000  196.854919 1984.896294
Iteration: 2 bestvalit: 0.037957 bestmemit:   19.950051   24.860735    1.000000   67.520048 1289.347432
Iteration: 3 bestvalit: 0.037957 bestmemit:   19.950051   24.860735    1.000000   67.520048 1289.347432
Iteration: 4 bestvalit: 0.021292 bestmemit:   11.134264   -9.102060    1.000000    2.022268  867.311825
Iteration: 5 bestvalit: 0.015548 bestmemit:   30.552492   14.060759    1.000000    2.022268  867.311825
Iteration: 6 bestvalit: 0.015548 bestmemit:   30.552492   14.060759    1.000000    2.022268  867.311825
Iteration: 7 bestvalit: 0.015548 bestmemit:   30.552492   14.060759    1.000000    2.022268  867.311825
Iteration: 8 bestvalit: 0.015548 bestmemit:   30.552492   14.060759    1.000000    2.022268  867.311825
Iteration: 9 bestvalit: 0.015548 bestmemit:   30.552492   14.060759    1.000000    2.022268  867.311825
Iteration: 10 bestvalit: 0.015548 bestmemit:   30.552492   14.060759    1.000000    2.022268  867.311825
Iteration: 11 bestvalit: 0.015548 bestmemit:   30.552492   14.060759    1.000000    2.022268  867.311825
Iteration: 12 bestvalit: 0.015548 bestmemit:   30.552492   14.060759    1.000000    2.022268  867.311825
Iteration: 13 bestvalit: 0.015548 bestmemit:   30.552492   14.060759    1.000000    2.022268  867.311825
Iteration: 14 bestvalit: 0.015548 bestmemit:   30.552492   14.060759    1.000000    2.022268  867.311825
Iteration: 15 bestvalit: 0.014020 bestmemit:   40.051647  -29.377121    1.000000    6.772864  611.506538
Iteration: 16 bestvalit: 0.014020 bestmemit:   40.051647  -29.377121    1.000000    6.772864  611.506538
Iteration: 17 bestvalit: 0.013992 bestmemit:   40.051647    0.358205    1.000000    6.772864  611.506538
Iteration: 18 bestvalit: 0.013791 bestmemit:   43.989133   14.060759    1.000000    2.022268  867.311825
Iteration: 19 bestvalit: 0.013791 bestmemit:   43.989133   14.060759    1.000000    2.022268  867.311825
Iteration: 20 bestvalit: 0.013791 bestmemit:   43.989133   14.060759    1.000000    2.022268  867.311825
Iteration: 21 bestvalit: 0.013791 bestmemit:   43.989133   14.060759    1.000000    2.022268  867.311825
Iteration: 22 bestvalit: 0.013791 bestmemit:   43.989133   14.060759    1.000000    2.022268  867.311825
Iteration: 23 bestvalit: 0.013791 bestmemit:   43.989133   14.060759    1.000000    2.022268  867.311825
Iteration: 24 bestvalit: 0.013791 bestmemit:   43.989133   14.060759    1.000000    2.022268  867.311825
Iteration: 25 bestvalit: 0.013734 bestmemit:   47.172990  -10.149717    1.000000   31.882792  115.491629
Iteration: 26 bestvalit: 0.013734 bestmemit:   47.172990  -10.149717    1.000000   31.882792  115.491629
Iteration: 27 bestvalit: 0.010395 bestmemit:   46.281092  -99.539332    1.000000    6.001929  103.275638
Iteration: 28 bestvalit: 0.009649 bestmemit:   46.281092  -76.245018    1.000000    6.001929  103.275638
Iteration: 29 bestvalit: 0.009649 bestmemit:   46.281092  -76.245018    1.000000    6.001929  103.275638
Iteration: 30 bestvalit: 0.009461 bestmemit:   46.281092  -18.275427    1.000000    6.001929  103.275638
Iteration: 31 bestvalit: 0.009461 bestmemit:   46.281092  -18.275427    1.000000    6.001929  103.275638
Iteration: 32 bestvalit: 0.009461 bestmemit:   46.281092  -18.275427    1.000000    6.001929  103.275638
Iteration: 33 bestvalit: 0.009461 bestmemit:   46.281092  -18.275427    1.000000    6.001929  103.275638
Iteration: 34 bestvalit: 0.009461 bestmemit:   46.281092  -18.275427    1.000000    6.001929  103.275638
Iteration: 35 bestvalit: 0.009461 bestmemit:   46.281092  -18.275427    1.000000    6.001929  103.275638
Iteration: 36 bestvalit: 0.009461 bestmemit:   46.281092  -18.275427    1.000000    6.001929  103.275638
Iteration: 37 bestvalit: 0.009461 bestmemit:   46.281092  -18.275427    1.000000    6.001929  103.275638
Iteration: 38 bestvalit: 0.009461 bestmemit:   46.281092  -18.275427    1.000000    6.001929  103.275638
Iteration: 39 bestvalit: 0.009461 bestmemit:   46.281092  -18.275427    1.000000    6.001929  103.275638
Iteration: 40 bestvalit: 0.009461 bestmemit:   46.281092  -18.275427    1.000000    6.001929  103.275638
Iteration: 41 bestvalit: 0.008974 bestmemit:   39.856131  -30.945858    1.000000    4.675957   78.344924
Iteration: 42 bestvalit: 0.008941 bestmemit:   30.942029   -2.632572    1.000000    8.276182   17.904667
Iteration: 43 bestvalit: 0.008420 bestmemit:   39.350516    0.276794    1.000000    4.296749   32.364339
Iteration: 44 bestvalit: 0.008190 bestmemit:   39.656212   -3.194028    1.000000    5.585610   20.828569
Iteration: 45 bestvalit: 0.008190 bestmemit:   39.656212   -3.194028    1.000000    5.585610   20.828569
Iteration: 46 bestvalit: 0.007754 bestmemit:   23.668304  -23.565866    1.000000    4.675957   14.264159
Iteration: 47 bestvalit: 0.005968 bestmemit:   22.331304   -4.939739    1.000000    2.238631    4.294733
Iteration: 48 bestvalit: 0.005968 bestmemit:   22.331304   -4.939739    1.000000    2.238631    4.294733
Iteration: 49 bestvalit: 0.005968 bestmemit:   22.331304   -4.939739    1.000000    2.238631    4.294733
Iteration: 50 bestvalit: 0.005968 bestmemit:   22.331304   -4.939739    1.000000    2.238631    4.294733
Iteration: 51 bestvalit: 0.005968 bestmemit:   22.331304   -4.939739    1.000000    2.238631    4.294733
Iteration: 52 bestvalit: 0.005968 bestmemit:   22.331304   -4.939739    1.000000    2.238631    4.294733
Iteration: 53 bestvalit: 0.005968 bestmemit:   22.331304   -4.939739    1.000000    2.238631    4.294733
Iteration: 54 bestvalit: 0.005875 bestmemit:   33.880248  -21.907392    1.000000    5.482522    4.288186
Iteration: 55 bestvalit: 0.005875 bestmemit:   33.880248  -21.907392    1.000000    5.482522    4.288186
Iteration: 56 bestvalit: 0.005616 bestmemit:   36.006494  -24.013603    1.000000    3.989477    1.735653
Iteration: 57 bestvalit: 0.005616 bestmemit:   36.006494  -24.013603    1.000000    3.989477    1.735653
Iteration: 58 bestvalit: 0.005447 bestmemit:   38.477765  -18.213119    1.000000    7.134367    2.265247
Iteration: 59 bestvalit: 0.005447 bestmemit:   38.477765  -18.213119    1.000000    7.134367    2.265247
Iteration: 60 bestvalit: 0.005447 bestmemit:   38.477765  -18.213119    1.000000    7.134367    2.265247
Iteration: 61 bestvalit: 0.005447 bestmemit:   38.477765  -18.213119    1.000000    7.134367    2.265247
Iteration: 62 bestvalit: 0.005447 bestmemit:   38.477765  -18.213119    1.000000    7.134367    2.265247
Iteration: 63 bestvalit: 0.005447 bestmemit:   38.477765  -18.213119    1.000000    7.134367    2.265247
Iteration: 64 bestvalit: 0.005447 bestmemit:   38.477765  -18.213119    1.000000    7.134367    2.265247
Iteration: 65 bestvalit: 0.005447 bestmemit:   38.477765  -18.213119    1.000000    7.134367    2.265247
Iteration: 66 bestvalit: 0.005447 bestmemit:   38.477765  -18.213119    1.000000    7.134367    2.265247
Iteration: 67 bestvalit: 0.005164 bestmemit:   34.769349  -14.681763    1.000000    3.989477    1.735653
Iteration: 68 bestvalit: 0.005164 bestmemit:   34.769349  -14.681763    1.000000    3.989477    1.735653
Iteration: 69 bestvalit: 0.005164 bestmemit:   34.769349  -14.681763    1.000000    3.989477    1.735653
Iteration: 70 bestvalit: 0.005164 bestmemit:   34.769349  -14.681763    1.000000    3.989477    1.735653
Iteration: 71 bestvalit: 0.005164 bestmemit:   34.769349  -14.681763    1.000000    3.989477    1.735653
Iteration: 72 bestvalit: 0.005164 bestmemit:   34.769349  -14.681763    1.000000    3.989477    1.735653
Iteration: 73 bestvalit: 0.005164 bestmemit:   34.769349  -14.681763    1.000000    3.989477    1.735653
Iteration: 74 bestvalit: 0.005164 bestmemit:   34.769349  -14.681763    1.000000    3.989477    1.735653
Iteration: 75 bestvalit: 0.005164 bestmemit:   34.769349  -14.681763    1.000000    3.989477    1.735653
Iteration: 76 bestvalit: 0.005164 bestmemit:   34.769349  -14.681763    1.000000    3.989477    1.735653
Iteration: 77 bestvalit: 0.005164 bestmemit:   34.769349  -14.681763    1.000000    3.989477    1.735653
Iteration: 78 bestvalit: 0.005164 bestmemit:   34.769349  -14.681763    1.000000    3.989477    1.735653
Iteration: 79 bestvalit: 0.005148 bestmemit:   30.003787   -9.351044    1.000000    2.654887    1.327907
Iteration: 80 bestvalit: 0.005148 bestmemit:   30.003787   -9.351044    1.000000    2.654887    1.327907
Iteration: 81 bestvalit: 0.005148 bestmemit:   30.003787   -9.351044    1.000000    2.654887    1.327907
Iteration: 82 bestvalit: 0.005134 bestmemit:   34.604963  -12.169260    1.000000    3.430255    1.359805
Iteration: 83 bestvalit: 0.005134 bestmemit:   34.604963  -12.169260    1.000000    3.430255    1.359805
Iteration: 84 bestvalit: 0.005134 bestmemit:   34.604963  -12.169260    1.000000    3.430255    1.359805
Iteration: 85 bestvalit: 0.005134 bestmemit:   34.604963  -12.169260    1.000000    3.430255    1.359805
Iteration: 86 bestvalit: 0.005134 bestmemit:   34.604963  -12.169260    1.000000    3.430255    1.359805
Iteration: 87 bestvalit: 0.005134 bestmemit:   34.604963  -12.169260    1.000000    3.430255    1.359805
Iteration: 88 bestvalit: 0.005134 bestmemit:   34.604963  -12.169260    1.000000    3.430255    1.359805
Iteration: 89 bestvalit: 0.005134 bestmemit:   34.604963  -12.169260    1.000000    3.430255    1.359805
Iteration: 90 bestvalit: 0.005134 bestmemit:   34.604963  -12.169260    1.000000    3.430255    1.359805
Iteration: 91 bestvalit: 0.005134 bestmemit:   34.604963  -12.169260    1.000000    3.430255    1.359805
Iteration: 92 bestvalit: 0.005134 bestmemit:   34.604963  -12.169260    1.000000    3.430255    1.359805
Iteration: 93 bestvalit: 0.005134 bestmemit:   34.604963  -12.169260    1.000000    3.430255    1.359805
Iteration: 94 bestvalit: 0.005134 bestmemit:   34.604963  -12.169260    1.000000    3.430255    1.359805
Iteration: 95 bestvalit: 0.005134 bestmemit:   34.604963  -12.169260    1.000000    3.430255    1.359805
Iteration: 96 bestvalit: 0.005134 bestmemit:   34.604963  -12.169260    1.000000    3.430255    1.359805
Iteration: 97 bestvalit: 0.005134 bestmemit:   34.604963  -12.169260    1.000000    3.430255    1.359805
Iteration: 98 bestvalit: 0.005134 bestmemit:   34.604963  -12.169260    1.000000    3.430255    1.359805
Iteration: 99 bestvalit: 0.005126 bestmemit:   33.091375  -11.273737    1.000000    3.220602    1.242957
Iteration: 100 bestvalit: 0.005126 bestmemit:   33.091375  -11.273737    1.000000    3.220602    1.242957
Iteration: 101 bestvalit: 0.005126 bestmemit:   33.091375  -11.273737    1.000000    3.220602    1.242957
Iteration: 102 bestvalit: 0.005126 bestmemit:   33.091375  -11.273737    1.000000    3.220602    1.242957
Iteration: 103 bestvalit: 0.005126 bestmemit:   33.091375  -11.273737    1.000000    3.220602    1.242957
Iteration: 104 bestvalit: 0.005126 bestmemit:   33.091375  -11.273737    1.000000    3.220602    1.242957
Iteration: 105 bestvalit: 0.005126 bestmemit:   33.091375  -11.273737    1.000000    3.220602    1.242957
Iteration: 106 bestvalit: 0.005126 bestmemit:   33.091375  -11.273737    1.000000    3.220602    1.242957
Iteration: 107 bestvalit: 0.005126 bestmemit:   33.091375  -11.273737    1.000000    3.220602    1.242957
Iteration: 108 bestvalit: 0.005126 bestmemit:   33.091375  -11.273737    1.000000    3.220602    1.242957
Iteration: 109 bestvalit: 0.005126 bestmemit:   33.091375  -11.273737    1.000000    3.220602    1.242957
Iteration: 110 bestvalit: 0.005126 bestmemit:   33.091375  -11.273737    1.000000    3.220602    1.242957
Iteration: 111 bestvalit: 0.005126 bestmemit:   33.091375  -11.273737    1.000000    3.220602    1.242957
Iteration: 112 bestvalit: 0.005126 bestmemit:   31.798108   -9.966186    1.000000    2.884700    1.159307
Iteration: 113 bestvalit: 0.005126 bestmemit:   31.798108   -9.966186    1.000000    2.884700    1.159307
Iteration: 114 bestvalit: 0.005126 bestmemit:   31.798108   -9.966186    1.000000    2.884700    1.159307
Iteration: 115 bestvalit: 0.005126 bestmemit:   31.798108   -9.966186    1.000000    2.884700    1.159307
Iteration: 116 bestvalit: 0.005126 bestmemit:   31.798108   -9.966186    1.000000    2.884700    1.159307
Iteration: 117 bestvalit: 0.005126 bestmemit:   31.798108   -9.966186    1.000000    2.884700    1.159307
Iteration: 118 bestvalit: 0.005126 bestmemit:   31.798108   -9.966186    1.000000    2.884700    1.159307
Iteration: 119 bestvalit: 0.005126 bestmemit:   31.798108   -9.966186    1.000000    2.884700    1.159307
Iteration: 120 bestvalit: 0.005126 bestmemit:   31.798108   -9.966186    1.000000    2.884700    1.159307
Iteration: 121 bestvalit: 0.005126 bestmemit:   31.798108   -9.966186    1.000000    2.884700    1.159307
Iteration: 122 bestvalit: 0.005126 bestmemit:   31.798108   -9.966186    1.000000    2.884700    1.159307
Iteration: 123 bestvalit: 0.005126 bestmemit:   31.798108   -9.966186    1.000000    2.884700    1.159307
Iteration: 124 bestvalit: 0.005126 bestmemit:   31.798108   -9.966186    1.000000    2.884700    1.159307
Iteration: 125 bestvalit: 0.005125 bestmemit:   32.665832  -10.813790    1.000000    3.012073    1.169349
Iteration: 126 bestvalit: 0.005125 bestmemit:   32.665832  -10.813790    1.000000    3.012073    1.169349
Iteration: 127 bestvalit: 0.005125 bestmemit:   32.665832  -10.813790    1.000000    3.012073    1.169349
Iteration: 128 bestvalit: 0.005125 bestmemit:   32.665832  -10.813790    1.000000    3.012073    1.169349
Iteration: 129 bestvalit: 0.005125 bestmemit:   32.665832  -10.813790    1.000000    3.012073    1.169349
Iteration: 130 bestvalit: 0.005125 bestmemit:   32.665832  -10.813790    1.000000    3.012073    1.169349
Iteration: 131 bestvalit: 0.005125 bestmemit:   32.535854  -10.448150    1.000000    2.972607    1.128164
Iteration: 132 bestvalit: 0.005125 bestmemit:   32.535854  -10.448150    1.000000    2.972607    1.128164
Iteration: 133 bestvalit: 0.005125 bestmemit:   32.535854  -10.448150    1.000000    2.972607    1.128164
Iteration: 134 bestvalit: 0.005125 bestmemit:   32.535854  -10.448150    1.000000    2.972607    1.128164
Iteration: 135 bestvalit: 0.005125 bestmemit:   32.535854  -10.448150    1.000000    2.972607    1.128164
Iteration: 136 bestvalit: 0.005125 bestmemit:   32.535854  -10.448150    1.000000    2.972607    1.128164
Iteration: 137 bestvalit: 0.005125 bestmemit:   32.535854  -10.448150    1.000000    2.972607    1.128164
Iteration: 138 bestvalit: 0.005125 bestmemit:   32.535854  -10.448150    1.000000    2.972607    1.128164
Iteration: 139 bestvalit: 0.005125 bestmemit:   32.535854  -10.448150    1.000000    2.972607    1.128164
Iteration: 140 bestvalit: 0.005125 bestmemit:   32.535854  -10.448150    1.000000    2.972607    1.128164
Iteration: 141 bestvalit: 0.005125 bestmemit:   32.535854  -10.448150    1.000000    2.972607    1.128164
Iteration: 142 bestvalit: 0.005125 bestmemit:   32.535854  -10.448150    1.000000    2.972607    1.128164
Iteration: 143 bestvalit: 0.005125 bestmemit:   32.535854  -10.448150    1.000000    2.972607    1.128164
Iteration: 144 bestvalit: 0.005125 bestmemit:   32.535854  -10.448150    1.000000    2.972607    1.128164
Iteration: 145 bestvalit: 0.005125 bestmemit:   32.138961  -10.448150    1.000000    2.872737    1.113249
Iteration: 146 bestvalit: 0.005125 bestmemit:   32.138961  -10.448150    1.000000    2.872737    1.113249
Iteration: 147 bestvalit: 0.005125 bestmemit:   32.291293  -10.466205    1.000000    2.939224    1.136896
Iteration: 148 bestvalit: 0.005125 bestmemit:   32.291293  -10.466205    1.000000    2.939224    1.136896
Iteration: 149 bestvalit: 0.005125 bestmemit:   32.291293  -10.466205    1.000000    2.939224    1.136896
Iteration: 150 bestvalit: 0.005125 bestmemit:   32.291293  -10.466205    1.000000    2.939224    1.136896
Iteration: 151 bestvalit: 0.005125 bestmemit:   32.152374  -10.295080    1.000000    2.916181    1.120064
Iteration: 152 bestvalit: 0.005125 bestmemit:   32.152374  -10.295080    1.000000    2.916181    1.120064
Iteration: 153 bestvalit: 0.005125 bestmemit:   32.162058  -10.270350    1.000000    2.918562    1.120751
Iteration: 154 bestvalit: 0.005125 bestmemit:   32.152374  -10.295080    1.000000    2.881684    1.120064
Iteration: 155 bestvalit: 0.005125 bestmemit:   32.152374  -10.295080    1.000000    2.881684    1.120064
Iteration: 156 bestvalit: 0.005125 bestmemit:   32.152374  -10.295080    1.000000    2.889393    1.120064
Iteration: 157 bestvalit: 0.005125 bestmemit:   32.152374  -10.295080    1.000000    2.889393    1.120064
Iteration: 158 bestvalit: 0.005125 bestmemit:   32.152374  -10.295080    1.000000    2.889393    1.120064
Iteration: 159 bestvalit: 0.005125 bestmemit:   32.152374  -10.295080    1.000000    2.889393    1.120064
Iteration: 160 bestvalit: 0.005125 bestmemit:   32.152374  -10.295080    1.000000    2.889393    1.120064
Iteration: 161 bestvalit: 0.005125 bestmemit:   32.152374  -10.295080    1.000000    2.889393    1.120064
Iteration: 162 bestvalit: 0.005125 bestmemit:   32.152374  -10.295080    1.000000    2.889393    1.120064
Iteration: 163 bestvalit: 0.005125 bestmemit:   32.152374  -10.295080    1.000000    2.889393    1.120064
Iteration: 164 bestvalit: 0.005125 bestmemit:   32.152374  -10.295080    1.000000    2.889393    1.120064
Iteration: 165 bestvalit: 0.005125 bestmemit:   32.152374  -10.295080    1.000000    2.889393    1.120064
Iteration: 166 bestvalit: 0.005125 bestmemit:   32.152374  -10.295080    1.000000    2.889393    1.120064
Iteration: 167 bestvalit: 0.005125 bestmemit:   31.927290  -10.048946    1.000000    2.849034    1.102596
Iteration: 168 bestvalit: 0.005125 bestmemit:   31.927290  -10.048946    1.000000    2.849034    1.102596
Iteration: 169 bestvalit: 0.005125 bestmemit:   31.927290  -10.048946    1.000000    2.849034    1.102596
Iteration: 170 bestvalit: 0.005125 bestmemit:   31.927290  -10.048946    1.000000    2.849034    1.102596
Iteration: 171 bestvalit: 0.005125 bestmemit:   31.927290  -10.048946    1.000000    2.849034    1.102596
Iteration: 172 bestvalit: 0.005125 bestmemit:   31.927290  -10.048946    1.000000    2.849034    1.102596
Iteration: 173 bestvalit: 0.005125 bestmemit:   31.927290  -10.048946    1.000000    2.849034    1.102596
Iteration: 174 bestvalit: 0.005125 bestmemit:   31.927290  -10.048946    1.000000    2.849034    1.102596
Iteration: 175 bestvalit: 0.005125 bestmemit:   31.927290  -10.048946    1.000000    2.849034    1.102596
Iteration: 176 bestvalit: 0.005125 bestmemit:   31.927290  -10.048946    1.000000    2.849034    1.102596
Iteration: 177 bestvalit: 0.005125 bestmemit:   31.927290  -10.048946    1.000000    2.849034    1.102596
Iteration: 178 bestvalit: 0.005125 bestmemit:   31.927290  -10.048946    1.000000    2.849034    1.102596
Iteration: 179 bestvalit: 0.005125 bestmemit:   31.927290  -10.048946    1.000000    2.849034    1.102596
Iteration: 180 bestvalit: 0.005125 bestmemit:   31.927290  -10.048946    1.000000    2.849034    1.102596
Iteration: 181 bestvalit: 0.005125 bestmemit:   31.927290  -10.048946    1.000000    2.849034    1.102596
Iteration: 182 bestvalit: 0.005125 bestmemit:   31.927290  -10.048946    1.000000    2.849034    1.102596
Iteration: 183 bestvalit: 0.005125 bestmemit:   31.837320  -10.048814    1.000000    2.838835    1.107896
Iteration: 184 bestvalit: 0.005125 bestmemit:   31.837320  -10.048814    1.000000    2.838835    1.107896
Iteration: 185 bestvalit: 0.005125 bestmemit:   31.837320  -10.048814    1.000000    2.838835    1.107896
Iteration: 186 bestvalit: 0.005125 bestmemit:   31.837320  -10.048814    1.000000    2.838835    1.107896
Iteration: 187 bestvalit: 0.005125 bestmemit:   31.837320  -10.048814    1.000000    2.838835    1.107896
Iteration: 188 bestvalit: 0.005125 bestmemit:   31.845374  -10.027248    1.000000    2.837730    1.107917
Iteration: 189 bestvalit: 0.005125 bestmemit:   31.845374  -10.027248    1.000000    2.837730    1.107917
Iteration: 190 bestvalit: 0.005125 bestmemit:   31.845374  -10.027248    1.000000    2.837730    1.107917
Iteration: 191 bestvalit: 0.005125 bestmemit:   31.845374  -10.027248    1.000000    2.837730    1.107917
Iteration: 192 bestvalit: 0.005125 bestmemit:   31.845374  -10.027248    1.000000    2.837730    1.107917
Iteration: 193 bestvalit: 0.005125 bestmemit:   31.845374  -10.027248    1.000000    2.837730    1.107917
Iteration: 194 bestvalit: 0.005125 bestmemit:   31.845374  -10.027248    1.000000    2.837730    1.107917
Iteration: 195 bestvalit: 0.005125 bestmemit:   31.845374  -10.027248    1.000000    2.837730    1.104341
Iteration: 196 bestvalit: 0.005125 bestmemit:   32.007517  -10.181216    1.000000    2.874070    1.114962
Iteration: 197 bestvalit: 0.005125 bestmemit:   32.007517  -10.181216    1.000000    2.874070    1.114962
Iteration: 198 bestvalit: 0.005125 bestmemit:   32.007517  -10.181216    1.000000    2.874070    1.114962
Iteration: 199 bestvalit: 0.005125 bestmemit:   32.007517  -10.181216    1.000000    2.874070    1.114962
Iteration: 200 bestvalit: 0.005125 bestmemit:   32.007517  -10.181216    1.000000    2.874070    1.114962
Iteration: 201 bestvalit: 0.005125 bestmemit:   32.007517  -10.181216    1.000000    2.874070    1.114962
Iteration: 202 bestvalit: 0.005125 bestmemit:   32.007517  -10.181216    1.000000    2.874070    1.114962
Iteration: 203 bestvalit: 0.005125 bestmemit:   32.007517  -10.181216    1.000000    2.874070    1.114962
Iteration: 204 bestvalit: 0.005125 bestmemit:   31.930304  -10.113073    1.000000    2.865071    1.112241
Iteration: 205 bestvalit: 0.005125 bestmemit:   31.930304  -10.113073    1.000000    2.865071    1.112241
Iteration: 206 bestvalit: 0.005125 bestmemit:   31.930304  -10.113073    1.000000    2.865071    1.112241
Iteration: 207 bestvalit: 0.005125 bestmemit:   31.930304  -10.113073    1.000000    2.865071    1.112241
Iteration: 208 bestvalit: 0.005125 bestmemit:   31.930304  -10.113073    1.000000    2.865071    1.112241
Iteration: 209 bestvalit: 0.005125 bestmemit:   31.930304  -10.113073    1.000000    2.865071    1.112241
Iteration: 210 bestvalit: 0.005125 bestmemit:   31.930304  -10.113073    1.000000    2.865071    1.112241
Iteration: 211 bestvalit: 0.005125 bestmemit:   31.930304  -10.113073    1.000000    2.865071    1.112241
Iteration: 212 bestvalit: 0.005125 bestmemit:   31.930304  -10.113073    1.000000    2.865071    1.112241
Iteration: 213 bestvalit: 0.005125 bestmemit:   31.930304  -10.113073    1.000000    2.865071    1.112241
Iteration: 214 bestvalit: 0.005125 bestmemit:   31.930304  -10.113073    1.000000    2.865071    1.112241
Iteration: 215 bestvalit: 0.005125 bestmemit:   31.930304  -10.113073    1.000000    2.865071    1.112241
Iteration: 216 bestvalit: 0.005125 bestmemit:   31.933655  -10.113073    1.000000    2.865071    1.112241
Iteration: 217 bestvalit: 0.005125 bestmemit:   31.933655  -10.113073    1.000000    2.865071    1.112241
Iteration: 218 bestvalit: 0.005125 bestmemit:   31.933655  -10.113073    1.000000    2.865071    1.112241
Iteration: 219 bestvalit: 0.005125 bestmemit:   31.933655  -10.113073    1.000000    2.865071    1.112241
Iteration: 220 bestvalit: 0.005125 bestmemit:   31.934331  -10.101068    1.000000    2.861668    1.111874
Iteration: 221 bestvalit: 0.005125 bestmemit:   31.934331  -10.101068    1.000000    2.861668    1.111874
Iteration: 222 bestvalit: 0.005125 bestmemit:   31.934331  -10.101068    1.000000    2.861668    1.111874
Iteration: 223 bestvalit: 0.005125 bestmemit:   31.934331  -10.101068    1.000000    2.861668    1.111874
Iteration: 224 bestvalit: 0.005125 bestmemit:   31.934331  -10.101068    1.000000    2.861668    1.111874
Iteration: 225 bestvalit: 0.005125 bestmemit:   31.934331  -10.101068    1.000000    2.861668    1.111874
Iteration: 226 bestvalit: 0.005125 bestmemit:   31.934331  -10.101068    1.000000    2.861668    1.111874
Iteration: 227 bestvalit: 0.005125 bestmemit:   31.934331  -10.101068    1.000000    2.861668    1.111874
Iteration: 228 bestvalit: 0.005125 bestmemit:   31.934331  -10.101068    1.000000    2.861668    1.111874
Iteration: 229 bestvalit: 0.005125 bestmemit:   31.934331  -10.101068    1.000000    2.861668    1.111874
Iteration: 230 bestvalit: 0.005125 bestmemit:   31.934331  -10.101068    1.000000    2.861668    1.111874
Iteration: 231 bestvalit: 0.005125 bestmemit:   31.963477  -10.134055    1.000000    2.867652    1.114063
Iteration: 232 bestvalit: 0.005125 bestmemit:   31.963477  -10.134055    1.000000    2.867652    1.114063
Iteration: 233 bestvalit: 0.005125 bestmemit:   31.963477  -10.134055    1.000000    2.867652    1.114063
Iteration: 234 bestvalit: 0.005125 bestmemit:   31.963477  -10.134055    1.000000    2.867652    1.114063
Iteration: 235 bestvalit: 0.005125 bestmemit:   31.963477  -10.134055    1.000000    2.867652    1.114063
Iteration: 236 bestvalit: 0.005125 bestmemit:   31.963477  -10.134055    1.000000    2.867652    1.114063
Iteration: 237 bestvalit: 0.005125 bestmemit:   31.935600  -10.108579    1.000000    2.860563    1.112484
Iteration: 238 bestvalit: 0.005125 bestmemit:   31.935600  -10.108579    1.000000    2.860563    1.112484
Iteration: 239 bestvalit: 0.005125 bestmemit:   31.935600  -10.108579    1.000000    2.860563    1.112484
Iteration: 240 bestvalit: 0.005125 bestmemit:   31.935600  -10.108579    1.000000    2.860563    1.112484
Iteration: 241 bestvalit: 0.005125 bestmemit:   31.935600  -10.108579    1.000000    2.860563    1.112484
Iteration: 242 bestvalit: 0.005125 bestmemit:   31.935600  -10.108579    1.000000    2.860563    1.112484
Iteration: 243 bestvalit: 0.005125 bestmemit:   31.935600  -10.108579    1.000000    2.860563    1.112484
Iteration: 244 bestvalit: 0.005125 bestmemit:   31.935600  -10.108579    1.000000    2.860563    1.112484
Iteration: 245 bestvalit: 0.005125 bestmemit:   31.935600  -10.108579    1.000000    2.860563    1.112484
Iteration: 246 bestvalit: 0.005125 bestmemit:   31.951396  -10.128248    1.000000    2.864937    1.113789
Iteration: 247 bestvalit: 0.005125 bestmemit:   31.951396  -10.128248    1.000000    2.864937    1.113789
Iteration: 248 bestvalit: 0.005125 bestmemit:   31.951396  -10.128248    1.000000    2.864937    1.113789
Iteration: 249 bestvalit: 0.005125 bestmemit:   31.951396  -10.128248    1.000000    2.864937    1.113789
Iteration: 250 bestvalit: 0.005125 bestmemit:   31.951396  -10.128248    1.000000    2.864937    1.113789
Iteration: 251 bestvalit: 0.005125 bestmemit:   31.935600  -10.108579    1.000000    2.860563    1.112027
Iteration: 252 bestvalit: 0.005125 bestmemit:   31.935600  -10.108579    1.000000    2.860563    1.112027
Iteration: 253 bestvalit: 0.005125 bestmemit:   31.935600  -10.108579    1.000000    2.860563    1.112027
Iteration: 254 bestvalit: 0.005125 bestmemit:   31.935600  -10.108579    1.000000    2.860563    1.112027
Iteration: 255 bestvalit: 0.005125 bestmemit:   31.935600  -10.108579    1.000000    2.860563    1.112027
Iteration: 256 bestvalit: 0.005125 bestmemit:   31.935600  -10.108579    1.000000    2.860563    1.112027
Iteration: 257 bestvalit: 0.005125 bestmemit:   31.935600  -10.108579    1.000000    2.860563    1.112027
Iteration: 258 bestvalit: 0.005125 bestmemit:   31.935600  -10.108579    1.000000    2.860563    1.112027
Iteration: 259 bestvalit: 0.005125 bestmemit:   31.935600  -10.108579    1.000000    2.860563    1.112027
Iteration: 260 bestvalit: 0.005125 bestmemit:   31.935600  -10.108579    1.000000    2.860563    1.112027
Iteration: 261 bestvalit: 0.005125 bestmemit:   31.935600  -10.108579    1.000000    2.860563    1.112027
Iteration: 262 bestvalit: 0.005125 bestmemit:   31.935600  -10.108579    1.000000    2.860563    1.112027
Iteration: 263 bestvalit: 0.005125 bestmemit:   31.935600  -10.108579    1.000000    2.860563    1.112027
Iteration: 264 bestvalit: 0.005125 bestmemit:   31.935600  -10.108579    1.000000    2.860563    1.112027
Iteration: 265 bestvalit: 0.005125 bestmemit:   31.935600  -10.108579    1.000000    2.860563    1.112027
Iteration: 266 bestvalit: 0.005125 bestmemit:   31.935600  -10.108579    1.000000    2.860563    1.112027
Iteration: 267 bestvalit: 0.005125 bestmemit:   31.935600  -10.108579    1.000000    2.860563    1.112027
Iteration: 268 bestvalit: 0.005125 bestmemit:   31.948423  -10.121711    1.000000    2.863660    1.112620
Iteration: 269 bestvalit: 0.005125 bestmemit:   31.948423  -10.121711    1.000000    2.863660    1.112620
Iteration: 270 bestvalit: 0.005125 bestmemit:   31.948423  -10.121711    1.000000    2.863660    1.112620
Iteration: 271 bestvalit: 0.005125 bestmemit:   31.948423  -10.121711    1.000000    2.863660    1.112620
Iteration: 272 bestvalit: 0.005125 bestmemit:   31.948423  -10.121711    1.000000    2.863660    1.112620
Iteration: 273 bestvalit: 0.005125 bestmemit:   31.948423  -10.121711    1.000000    2.863660    1.112620
Iteration: 274 bestvalit: 0.005125 bestmemit:   31.948423  -10.121711    1.000000    2.863660    1.112620
Iteration: 275 bestvalit: 0.005125 bestmemit:   31.943811  -10.113484    1.000000    2.862275    1.112134
Iteration: 276 bestvalit: 0.005125 bestmemit:   31.943811  -10.113484    1.000000    2.862275    1.112134
Iteration: 277 bestvalit: 0.005125 bestmemit:   31.943811  -10.113484    1.000000    2.862275    1.112134
Iteration: 278 bestvalit: 0.005125 bestmemit:   31.943811  -10.113484    1.000000    2.862275    1.112134
Iteration: 279 bestvalit: 0.005125 bestmemit:   31.948088  -10.119890    1.000000    2.862959    1.112613
Iteration: 280 bestvalit: 0.005125 bestmemit:   31.948088  -10.119890    1.000000    2.862959    1.112613
Iteration: 281 bestvalit: 0.005125 bestmemit:   31.948088  -10.119890    1.000000    2.862959    1.112613
Iteration: 282 bestvalit: 0.005125 bestmemit:   31.940634  -10.114622    1.000000    2.862170    1.112444
Iteration: 283 bestvalit: 0.005125 bestmemit:   31.940634  -10.114622    1.000000    2.862170    1.112444
Iteration: 284 bestvalit: 0.005125 bestmemit:   31.940634  -10.114622    1.000000    2.862170    1.112444
Iteration: 285 bestvalit: 0.005125 bestmemit:   31.940634  -10.114622    1.000000    2.862170    1.112444
Iteration: 286 bestvalit: 0.005125 bestmemit:   31.940634  -10.114622    1.000000    2.862170    1.112444
Iteration: 287 bestvalit: 0.005125 bestmemit:   31.940634  -10.114622    1.000000    2.862170    1.112444
Iteration: 288 bestvalit: 0.005125 bestmemit:   31.940634  -10.114622    1.000000    2.862170    1.112444
Iteration: 289 bestvalit: 0.005125 bestmemit:   31.943530  -10.115634    1.000000    2.862252    1.112444
Iteration: 290 bestvalit: 0.005125 bestmemit:   31.943530  -10.115634    1.000000    2.862252    1.112444
Iteration: 291 bestvalit: 0.005125 bestmemit:   31.943530  -10.115634    1.000000    2.862252    1.112444
Iteration: 292 bestvalit: 0.005125 bestmemit:   31.943530  -10.115634    1.000000    2.862252    1.112444
Iteration: 293 bestvalit: 0.005125 bestmemit:   31.943530  -10.115634    1.000000    2.862252    1.112444
Iteration: 294 bestvalit: 0.005125 bestmemit:   31.943530  -10.115634    1.000000    2.862252    1.112444
Iteration: 295 bestvalit: 0.005125 bestmemit:   31.945713  -10.118265    1.000000    2.862798    1.112541
Iteration: 296 bestvalit: 0.005125 bestmemit:   31.943530  -10.115634    1.000000    2.862472    1.112522
Iteration: 297 bestvalit: 0.005125 bestmemit:   31.943530  -10.115634    1.000000    2.862472    1.112522
Iteration: 298 bestvalit: 0.005125 bestmemit:   31.943530  -10.115634    1.000000    2.862472    1.112522
Iteration: 299 bestvalit: 0.005125 bestmemit:   31.943530  -10.115634    1.000000    2.862472    1.112522
Iteration: 300 bestvalit: 0.005125 bestmemit:   31.943530  -10.115634    1.000000    2.862472    1.112522
Iteration: 301 bestvalit: 0.005125 bestmemit:   31.943530  -10.115634    1.000000    2.862472    1.112522
Iteration: 302 bestvalit: 0.005125 bestmemit:   31.943530  -10.115634    1.000000    2.862472    1.112522
Iteration: 303 bestvalit: 0.005125 bestmemit:   31.943530  -10.115634    1.000000    2.862472    1.112522
Iteration: 304 bestvalit: 0.005125 bestmemit:   31.943530  -10.115634    1.000000    2.862472    1.112522
Iteration: 305 bestvalit: 0.005125 bestmemit:   31.943530  -10.115634    1.000000    2.862472    1.112522
Iteration: 306 bestvalit: 0.005125 bestmemit:   31.943530  -10.115634    1.000000    2.862472    1.112522
Iteration: 307 bestvalit: 0.005125 bestmemit:   31.943530  -10.115634    1.000000    2.862472    1.112522
Iteration: 308 bestvalit: 0.005125 bestmemit:   31.946308  -10.118775    1.000000    2.863306    1.112826
Iteration: 309 bestvalit: 0.005125 bestmemit:   31.944827  -10.118278    1.000000    2.863112    1.112711
Iteration: 310 bestvalit: 0.005125 bestmemit:   31.944827  -10.118278    1.000000    2.863112    1.112711
Iteration: 311 bestvalit: 0.005125 bestmemit:   31.944827  -10.118278    1.000000    2.863112    1.112711
Iteration: 312 bestvalit: 0.005125 bestmemit:   31.944827  -10.118278    1.000000    2.863112    1.112711
Iteration: 313 bestvalit: 0.005125 bestmemit:   31.944827  -10.118278    1.000000    2.863112    1.112711
Iteration: 314 bestvalit: 0.005125 bestmemit:   31.944827  -10.118278    1.000000    2.863112    1.112711
Iteration: 315 bestvalit: 0.005125 bestmemit:   31.944827  -10.118278    1.000000    2.863112    1.112711
Iteration: 316 bestvalit: 0.005125 bestmemit:   31.944827  -10.118278    1.000000    2.863112    1.112711
Iteration: 317 bestvalit: 0.005125 bestmemit:   31.944827  -10.118278    1.000000    2.863112    1.112711
Iteration: 318 bestvalit: 0.005125 bestmemit:   31.944827  -10.118278    1.000000    2.863112    1.112711
Iteration: 319 bestvalit: 0.005125 bestmemit:   31.944827  -10.118278    1.000000    2.863112    1.112711
Iteration: 320 bestvalit: 0.005125 bestmemit:   31.944827  -10.118278    1.000000    2.863112    1.112711
Iteration: 321 bestvalit: 0.005125 bestmemit:   31.944827  -10.118278    1.000000    2.863112    1.112768
Iteration: 322 bestvalit: 0.005125 bestmemit:   31.944827  -10.118278    1.000000    2.863112    1.112768

***** summary of DEoptim object ***** 
best member   :  31.94483 -10.11828 1 2.86311 1.11277 
best value    :  0.00512 
after         :  322 generations 
fn evaluated  :  646 times 
*************************************
