SLURM_JOB_ID: 55403078
SLURM_JOB_USER: vsc34066
SLURM_JOB_ACCOUNT: lp_desenderlab
SLURM_JOB_NAME: par_recov_alternating_fb_sim_alpha_learn.slurm
SLURM_CLUSTER_NAME: genius
SLURM_JOB_PARTITION: batch
SLURM_ARRAY_JOB_ID: 55402977
SLURM_ARRAY_TASK_ID: 101
SLURM_NNODES: 1
SLURM_NODELIST: r22i13n08
SLURM_JOB_CPUS_PER_NODE: 8
Date: Sun Dec  3 23:44:02 CET 2023
Walltime: 01-06:00:00
========================================================================
Iteration: 1 bestvalit: 0.050212 bestmemit:   43.538407  -75.722838    1.000000  342.612882 3055.849157
Iteration: 2 bestvalit: 0.050212 bestmemit:   43.538407  -75.722838    1.000000  342.612882 3055.849157
Iteration: 3 bestvalit: 0.031241 bestmemit:    5.460331   82.640897    1.000000  105.772719  989.446384
Iteration: 4 bestvalit: 0.031241 bestmemit:    5.460331   82.640897    1.000000  105.772719  989.446384
Iteration: 5 bestvalit: 0.031241 bestmemit:    5.460331   82.640897    1.000000  105.772719  989.446384
Iteration: 6 bestvalit: 0.031241 bestmemit:    5.460331   82.640897    1.000000  105.772719  989.446384
Iteration: 7 bestvalit: 0.031241 bestmemit:    5.460331   82.640897    1.000000  105.772719  989.446384
Iteration: 8 bestvalit: 0.012225 bestmemit:   32.308982   14.868253    1.000000   19.663614  179.814086
Iteration: 9 bestvalit: 0.012220 bestmemit:   32.308982   12.185293    1.000000   19.663614  179.814086
Iteration: 10 bestvalit: 0.012220 bestmemit:   32.308982   12.185293    1.000000   19.663614  179.814086
Iteration: 11 bestvalit: 0.012220 bestmemit:   32.308982   12.185293    1.000000   19.663614  179.814086
Iteration: 12 bestvalit: 0.012220 bestmemit:   32.308982   12.185293    1.000000   19.663614  179.814086
Iteration: 13 bestvalit: 0.012220 bestmemit:   32.308982   12.185293    1.000000   19.663614  179.814086
Iteration: 14 bestvalit: 0.012220 bestmemit:   32.308982   12.185293    1.000000   19.663614  179.814086
Iteration: 15 bestvalit: 0.012220 bestmemit:   32.308982   12.185293    1.000000   19.663614  179.814086
Iteration: 16 bestvalit: 0.012220 bestmemit:   32.308982   12.185293    1.000000   19.663614  179.814086
Iteration: 17 bestvalit: 0.012220 bestmemit:   32.308982   12.185293    1.000000   19.663614  179.814086
Iteration: 18 bestvalit: 0.012220 bestmemit:   32.308982   12.185293    1.000000   19.663614  179.814086
Iteration: 19 bestvalit: 0.012220 bestmemit:   32.308982   12.185293    1.000000   19.663614  179.814086
Iteration: 20 bestvalit: 0.012220 bestmemit:   32.308982   12.185293    1.000000   19.663614  179.814086
Iteration: 21 bestvalit: 0.012220 bestmemit:   32.308982   12.185293    1.000000   19.663614  179.814086
Iteration: 22 bestvalit: 0.012220 bestmemit:   32.308982   12.185293    1.000000   19.663614  179.814086
Iteration: 23 bestvalit: 0.011826 bestmemit:   17.539139   12.185293    1.000000   19.663614  179.814086
Iteration: 24 bestvalit: 0.011826 bestmemit:   17.539139   12.185293    1.000000   19.663614  179.814086
Iteration: 25 bestvalit: 0.011826 bestmemit:   17.539139   12.185293    1.000000   19.663614  179.814086
Iteration: 26 bestvalit: 0.011826 bestmemit:   17.539139   12.185293    1.000000   19.663614  179.814086
Iteration: 27 bestvalit: 0.011826 bestmemit:   17.539139   12.185293    1.000000   19.663614  179.814086
Iteration: 28 bestvalit: 0.011826 bestmemit:   17.539139   12.185293    1.000000   19.663614  179.814086
Iteration: 29 bestvalit: 0.011826 bestmemit:   17.539139   12.185293    1.000000   19.663614  179.814086
Iteration: 30 bestvalit: 0.011826 bestmemit:   17.539139   12.185293    1.000000   19.663614  179.814086
Iteration: 31 bestvalit: 0.010800 bestmemit:   12.240690  -16.749479    1.000000   11.746720  181.127648
Iteration: 32 bestvalit: 0.010800 bestmemit:   12.240690  -16.749479    1.000000   11.746720  181.127648
Iteration: 33 bestvalit: 0.010800 bestmemit:   12.240690  -16.749479    1.000000   11.746720  181.127648
Iteration: 34 bestvalit: 0.010800 bestmemit:   12.240690  -16.749479    1.000000   11.746720  181.127648
Iteration: 35 bestvalit: 0.010800 bestmemit:   12.240690  -16.749479    1.000000   11.746720  181.127648
Iteration: 36 bestvalit: 0.009890 bestmemit:    3.014699  -17.363904    1.000000   11.746720   44.348878
Iteration: 37 bestvalit: 0.009563 bestmemit:    4.998833  -17.363904    1.000000   11.746720   44.348878
Iteration: 38 bestvalit: 0.009563 bestmemit:    4.998833  -17.363904    1.000000   11.746720   44.348878
Iteration: 39 bestvalit: 0.009563 bestmemit:    4.998833  -17.363904    1.000000   11.746720   44.348878
Iteration: 40 bestvalit: 0.005597 bestmemit:   39.400634  -37.690037    1.000000   16.288811    2.951012
Iteration: 41 bestvalit: 0.005597 bestmemit:   39.400634  -37.690037    1.000000   16.288811    2.951012
Iteration: 42 bestvalit: 0.005597 bestmemit:   39.400634  -37.690037    1.000000   16.288811    2.951012
Iteration: 43 bestvalit: 0.005597 bestmemit:   39.400634  -37.690037    1.000000   16.288811    2.951012
Iteration: 44 bestvalit: 0.005597 bestmemit:   39.400634  -37.690037    1.000000   16.288811    2.951012
Iteration: 45 bestvalit: 0.005597 bestmemit:   39.400634  -37.690037    1.000000   16.288811    2.951012
Iteration: 46 bestvalit: 0.005597 bestmemit:   39.400634  -37.690037    1.000000   16.288811    2.951012
Iteration: 47 bestvalit: 0.005009 bestmemit:   26.698150  -30.535337    1.000000   16.288811    2.951012
Iteration: 48 bestvalit: 0.005009 bestmemit:   26.698150  -30.535337    1.000000   16.288811    2.951012
Iteration: 49 bestvalit: 0.005009 bestmemit:   26.698150  -30.535337    1.000000   16.288811    2.951012
Iteration: 50 bestvalit: 0.005009 bestmemit:   26.698150  -30.535337    1.000000   16.288811    2.951012
Iteration: 51 bestvalit: 0.005009 bestmemit:   26.698150  -30.535337    1.000000   16.288811    2.951012
Iteration: 52 bestvalit: 0.005009 bestmemit:   26.698150  -30.535337    1.000000   16.288811    2.951012
Iteration: 53 bestvalit: 0.005009 bestmemit:   26.698150  -30.535337    1.000000   16.288811    2.951012
Iteration: 54 bestvalit: 0.004611 bestmemit:   24.701266  -13.391998    1.000000   16.288811    2.951012
Iteration: 55 bestvalit: 0.004170 bestmemit:   19.893535  -19.920719    1.000000   10.906866    3.538409
Iteration: 56 bestvalit: 0.004170 bestmemit:   19.893535  -19.920719    1.000000   10.906866    3.538409
Iteration: 57 bestvalit: 0.004170 bestmemit:   19.893535  -19.920719    1.000000   10.906866    3.538409
Iteration: 58 bestvalit: 0.004170 bestmemit:   19.893535  -19.920719    1.000000   10.906866    3.538409
Iteration: 59 bestvalit: 0.004170 bestmemit:   19.893535  -19.920719    1.000000   10.906866    3.538409
Iteration: 60 bestvalit: 0.004170 bestmemit:   19.893535  -19.920719    1.000000   10.906866    3.538409
Iteration: 61 bestvalit: 0.004170 bestmemit:   19.893535  -19.920719    1.000000   10.906866    3.538409
Iteration: 62 bestvalit: 0.003505 bestmemit:   27.348931  -18.520883    1.000000   12.143046    2.018555
Iteration: 63 bestvalit: 0.003505 bestmemit:   27.348931  -18.520883    1.000000   12.143046    2.018555
Iteration: 64 bestvalit: 0.003505 bestmemit:   27.348931  -18.520883    1.000000   12.143046    2.018555
Iteration: 65 bestvalit: 0.003505 bestmemit:   27.348931  -18.520883    1.000000   12.143046    2.018555
Iteration: 66 bestvalit: 0.003224 bestmemit:   34.061442  -18.492052    1.000000    8.206393    0.640474
Iteration: 67 bestvalit: 0.003224 bestmemit:   34.061442  -18.492052    1.000000    8.206393    0.640474
Iteration: 68 bestvalit: 0.003224 bestmemit:   34.061442  -18.492052    1.000000    8.206393    0.640474
Iteration: 69 bestvalit: 0.003224 bestmemit:   34.061442  -18.492052    1.000000    8.206393    0.640474
Iteration: 70 bestvalit: 0.002866 bestmemit:   25.997950  -18.440104    1.000000    8.733999    1.221749
Iteration: 71 bestvalit: 0.002866 bestmemit:   25.997950  -18.440104    1.000000    8.733999    1.221749
Iteration: 72 bestvalit: 0.002866 bestmemit:   25.997950  -18.440104    1.000000    8.733999    1.221749
Iteration: 73 bestvalit: 0.002866 bestmemit:   25.997950  -18.440104    1.000000    8.733999    1.221749
Iteration: 74 bestvalit: 0.002866 bestmemit:   25.997950  -18.440104    1.000000    8.733999    1.221749
Iteration: 75 bestvalit: 0.002866 bestmemit:   25.997950  -18.440104    1.000000    8.733999    1.221749
Iteration: 76 bestvalit: 0.002866 bestmemit:   25.997950  -18.440104    1.000000    8.733999    1.221749
Iteration: 77 bestvalit: 0.002866 bestmemit:   25.997950  -18.440104    1.000000    8.733999    1.221749
Iteration: 78 bestvalit: 0.002866 bestmemit:   25.997950  -18.440104    1.000000    8.733999    1.221749
Iteration: 79 bestvalit: 0.002866 bestmemit:   25.997950  -18.440104    1.000000    8.733999    1.221749
Iteration: 80 bestvalit: 0.002096 bestmemit:   19.685610   -8.394658    1.000000    5.231201    1.025884
Iteration: 81 bestvalit: 0.002096 bestmemit:   19.685610   -8.394658    1.000000    5.231201    1.025884
Iteration: 82 bestvalit: 0.002096 bestmemit:   19.685610   -8.394658    1.000000    5.231201    1.025884
Iteration: 83 bestvalit: 0.002096 bestmemit:   19.685610   -8.394658    1.000000    5.231201    1.025884
Iteration: 84 bestvalit: 0.002096 bestmemit:   19.685610   -8.394658    1.000000    5.231201    1.025884
Iteration: 85 bestvalit: 0.002096 bestmemit:   19.685610   -8.394658    1.000000    5.231201    1.025884
Iteration: 86 bestvalit: 0.002096 bestmemit:   19.685610   -8.394658    1.000000    5.231201    1.025884
Iteration: 87 bestvalit: 0.002096 bestmemit:   19.685610   -8.394658    1.000000    5.231201    1.025884
Iteration: 88 bestvalit: 0.002096 bestmemit:   19.685610   -8.394658    1.000000    5.231201    1.025884
Iteration: 89 bestvalit: 0.002096 bestmemit:   19.685610   -8.394658    1.000000    5.231201    1.025884
Iteration: 90 bestvalit: 0.002096 bestmemit:   19.685610   -8.394658    1.000000    5.231201    1.025884
Iteration: 91 bestvalit: 0.002096 bestmemit:   19.685610   -8.394658    1.000000    5.231201    1.025884
Iteration: 92 bestvalit: 0.002096 bestmemit:   19.685610   -8.394658    1.000000    5.231201    1.025884
Iteration: 93 bestvalit: 0.002096 bestmemit:   19.685610   -8.394658    1.000000    5.231201    1.025884
Iteration: 94 bestvalit: 0.002096 bestmemit:   19.685610   -8.394658    1.000000    5.231201    1.025884
Iteration: 95 bestvalit: 0.002057 bestmemit:   10.688036    2.388083    1.000000    2.098503    0.747472
Iteration: 96 bestvalit: 0.002057 bestmemit:   10.688036    2.388083    1.000000    2.098503    0.747472
Iteration: 97 bestvalit: 0.001821 bestmemit:    8.969589    4.731936    1.000000    2.927094    0.445586
Iteration: 98 bestvalit: 0.001821 bestmemit:    8.969589    4.731936    1.000000    2.927094    0.445586
Iteration: 99 bestvalit: 0.001686 bestmemit:    5.162853    7.099642    1.000000    0.502424    0.128966
Iteration: 100 bestvalit: 0.001686 bestmemit:    5.162853    7.099642    1.000000    0.502424    0.128966
Iteration: 101 bestvalit: 0.001686 bestmemit:    5.162853    7.099642    1.000000    0.502424    0.128966
Iteration: 102 bestvalit: 0.001686 bestmemit:    5.162853    7.099642    1.000000    0.502424    0.128966
Iteration: 103 bestvalit: 0.001686 bestmemit:    5.162853    7.099642    1.000000    0.502424    0.128966
Iteration: 104 bestvalit: 0.001686 bestmemit:    5.162853    7.099642    1.000000    0.502424    0.128966
Iteration: 105 bestvalit: 0.001686 bestmemit:    5.162853    7.099642    1.000000    0.502424    0.128966
Iteration: 106 bestvalit: 0.001686 bestmemit:    5.162853    7.099642    1.000000    0.502424    0.128966
Iteration: 107 bestvalit: 0.001686 bestmemit:    5.162853    7.099642    1.000000    0.502424    0.128966
Iteration: 108 bestvalit: 0.001686 bestmemit:    5.162853    7.099642    1.000000    0.502424    0.128966
Iteration: 109 bestvalit: 0.001686 bestmemit:    5.162853    7.099642    1.000000    0.502424    0.128966
Iteration: 110 bestvalit: 0.001686 bestmemit:    5.162853    7.099642    1.000000    0.502424    0.128966
Iteration: 111 bestvalit: 0.001686 bestmemit:    5.162853    7.099642    1.000000    0.502424    0.128966
Iteration: 112 bestvalit: 0.001686 bestmemit:    5.162853    7.099642    1.000000    0.502424    0.128966
Iteration: 113 bestvalit: 0.001686 bestmemit:    5.162853    7.099642    1.000000    0.502424    0.128966
Iteration: 114 bestvalit: 0.001686 bestmemit:    5.162853    7.099642    1.000000    0.502424    0.128966
Iteration: 115 bestvalit: 0.001686 bestmemit:    5.162853    7.099642    1.000000    0.502424    0.128966
Iteration: 116 bestvalit: 0.001686 bestmemit:    5.162853    7.099642    1.000000    0.502424    0.128966
Iteration: 117 bestvalit: 0.001657 bestmemit:   11.766054    0.314461    1.000000    2.307658    0.417564
Iteration: 118 bestvalit: 0.001657 bestmemit:   11.766054    0.314461    1.000000    2.307658    0.417564
Iteration: 119 bestvalit: 0.001657 bestmemit:   11.766054    0.314461    1.000000    2.307658    0.417564
Iteration: 120 bestvalit: 0.001657 bestmemit:   11.766054    0.314461    1.000000    2.307658    0.417564
Iteration: 121 bestvalit: 0.001657 bestmemit:   11.766054    0.314461    1.000000    2.307658    0.417564
Iteration: 122 bestvalit: 0.001657 bestmemit:   11.766054    0.314461    1.000000    2.307658    0.417564
Iteration: 123 bestvalit: 0.001657 bestmemit:   11.766054    0.314461    1.000000    2.307658    0.417564
Iteration: 124 bestvalit: 0.001657 bestmemit:   11.766054    0.314461    1.000000    2.307658    0.417564
Iteration: 125 bestvalit: 0.001657 bestmemit:   11.766054    0.314461    1.000000    2.307658    0.417564
Iteration: 126 bestvalit: 0.001657 bestmemit:   11.766054    0.314461    1.000000    2.307658    0.417564
Iteration: 127 bestvalit: 0.001657 bestmemit:   11.766054    0.314461    1.000000    2.307658    0.417564
Iteration: 128 bestvalit: 0.001657 bestmemit:   11.766054    0.314461    1.000000    2.307658    0.417564
Iteration: 129 bestvalit: 0.001657 bestmemit:   11.766054    0.314461    1.000000    2.307658    0.417564
Iteration: 130 bestvalit: 0.001657 bestmemit:   11.766054    0.314461    1.000000    2.307658    0.417564
Iteration: 131 bestvalit: 0.001656 bestmemit:   11.344998   -0.059494    1.000000    1.536606    0.425783
Iteration: 132 bestvalit: 0.001656 bestmemit:   11.344998   -0.059494    1.000000    1.536606    0.425783
Iteration: 133 bestvalit: 0.001629 bestmemit:    7.439023    6.116911    1.000000    1.310109    0.078748
Iteration: 134 bestvalit: 0.001629 bestmemit:    7.439023    6.116911    1.000000    1.310109    0.078748
Iteration: 135 bestvalit: 0.001629 bestmemit:    7.439023    6.116911    1.000000    1.310109    0.078748
Iteration: 136 bestvalit: 0.001571 bestmemit:    5.648113    6.377357    1.000000    0.055200    0.025123
Iteration: 137 bestvalit: 0.001571 bestmemit:    5.648113    6.377357    1.000000    0.055200    0.025123
Iteration: 138 bestvalit: 0.001571 bestmemit:    5.648113    6.377357    1.000000    0.055200    0.025123
Iteration: 139 bestvalit: 0.001571 bestmemit:    5.648113    6.377357    1.000000    0.055200    0.025123
Iteration: 140 bestvalit: 0.001531 bestmemit:    7.996113    4.278718    1.000000    0.812075    0.124570
Iteration: 141 bestvalit: 0.001531 bestmemit:    7.996113    4.278718    1.000000    0.812075    0.124570
Iteration: 142 bestvalit: 0.001531 bestmemit:    7.996113    4.278718    1.000000    0.812075    0.124570
Iteration: 143 bestvalit: 0.001531 bestmemit:    7.996113    4.278718    1.000000    0.812075    0.124570
Iteration: 144 bestvalit: 0.001531 bestmemit:    7.996113    4.278718    1.000000    0.812075    0.124570
Iteration: 145 bestvalit: 0.001531 bestmemit:    7.996113    4.278718    1.000000    0.812075    0.124570
Iteration: 146 bestvalit: 0.001531 bestmemit:    7.996113    4.278718    1.000000    0.812075    0.124570
Iteration: 147 bestvalit: 0.001531 bestmemit:    7.996113    4.278718    1.000000    0.812075    0.136417
Iteration: 148 bestvalit: 0.001531 bestmemit:    7.996113    4.278718    1.000000    0.812075    0.136417
Iteration: 149 bestvalit: 0.001531 bestmemit:    7.996113    4.278718    1.000000    0.812075    0.136417
Iteration: 150 bestvalit: 0.001531 bestmemit:    7.996113    4.278718    1.000000    0.812075    0.136417
Iteration: 151 bestvalit: 0.001531 bestmemit:    7.996113    4.278718    1.000000    0.812075    0.136417
Iteration: 152 bestvalit: 0.001531 bestmemit:    7.996113    4.278718    1.000000    0.812075    0.136417
Iteration: 153 bestvalit: 0.001531 bestmemit:    7.996113    4.278718    1.000000    0.812075    0.136417
Iteration: 154 bestvalit: 0.001531 bestmemit:    7.996113    4.278718    1.000000    0.812075    0.136417
Iteration: 155 bestvalit: 0.001531 bestmemit:    7.996113    4.278718    1.000000    0.812075    0.136417
Iteration: 156 bestvalit: 0.001531 bestmemit:    7.996113    4.278718    1.000000    0.812075    0.136417
Iteration: 157 bestvalit: 0.001531 bestmemit:    7.996113    4.278718    1.000000    0.812075    0.136417
Iteration: 158 bestvalit: 0.001531 bestmemit:    7.996113    4.278718    1.000000    0.812075    0.136417
Iteration: 159 bestvalit: 0.001531 bestmemit:    7.996113    4.278718    1.000000    0.812075    0.136417
Iteration: 160 bestvalit: 0.001515 bestmemit:    7.534906    5.290090    1.000000    0.554637    0.027302
Iteration: 161 bestvalit: 0.001508 bestmemit:    8.447417    3.905419    1.000000    0.272504    0.041602
Iteration: 162 bestvalit: 0.001508 bestmemit:    8.447417    3.905419    1.000000    0.272504    0.041602
Iteration: 163 bestvalit: 0.001508 bestmemit:    8.447417    3.905419    1.000000    0.272504    0.041602
Iteration: 164 bestvalit: 0.001508 bestmemit:    8.447417    3.905419    1.000000    0.272504    0.041602
Iteration: 165 bestvalit: 0.001505 bestmemit:    8.127306    3.970617    1.000000    0.349487    0.070550
Iteration: 166 bestvalit: 0.001505 bestmemit:    8.127306    3.970617    1.000000    0.349487    0.070550
Iteration: 167 bestvalit: 0.001505 bestmemit:    8.127306    3.970617    1.000000    0.349487    0.070550
Iteration: 168 bestvalit: 0.001505 bestmemit:    8.127306    3.970617    1.000000    0.349487    0.070550
Iteration: 169 bestvalit: 0.001505 bestmemit:    8.127306    3.970617    1.000000    0.349487    0.070550
Iteration: 170 bestvalit: 0.001505 bestmemit:    8.127306    3.970617    1.000000    0.349487    0.070550
Iteration: 171 bestvalit: 0.001505 bestmemit:    8.127306    3.970617    1.000000    0.349487    0.070550
Iteration: 172 bestvalit: 0.001505 bestmemit:    8.127306    3.970617    1.000000    0.349487    0.070550
Iteration: 173 bestvalit: 0.001505 bestmemit:    8.127306    3.970617    1.000000    0.349487    0.070550
Iteration: 174 bestvalit: 0.001505 bestmemit:    8.127306    3.970617    1.000000    0.349487    0.070550
Iteration: 175 bestvalit: 0.001505 bestmemit:    8.127306    3.970617    1.000000    0.349487    0.070550
Iteration: 176 bestvalit: 0.001505 bestmemit:    8.127306    3.970617    1.000000    0.349487    0.070550
Iteration: 177 bestvalit: 0.001505 bestmemit:    8.127306    3.970617    1.000000    0.349487    0.070550
Iteration: 178 bestvalit: 0.001505 bestmemit:    8.127306    3.970617    1.000000    0.349487    0.070550
Iteration: 179 bestvalit: 0.001505 bestmemit:    8.127306    3.970617    1.000000    0.349487    0.070550
Iteration: 180 bestvalit: 0.001505 bestmemit:    8.127306    3.970617    1.000000    0.349487    0.070550
Iteration: 181 bestvalit: 0.001505 bestmemit:    8.127306    3.970617    1.000000    0.349487    0.070550
Iteration: 182 bestvalit: 0.001505 bestmemit:    8.127306    3.970617    1.000000    0.349487    0.070550
Iteration: 183 bestvalit: 0.001499 bestmemit:    7.988399    4.340270    1.000000    0.237879    0.025542
Iteration: 184 bestvalit: 0.001499 bestmemit:    7.988399    4.340270    1.000000    0.237879    0.025542
Iteration: 185 bestvalit: 0.001499 bestmemit:    7.988399    4.340270    1.000000    0.237879    0.025542
Iteration: 186 bestvalit: 0.001499 bestmemit:    7.988399    4.340270    1.000000    0.237879    0.025542
Iteration: 187 bestvalit: 0.001499 bestmemit:    7.988399    4.340270    1.000000    0.237879    0.025542
Iteration: 188 bestvalit: 0.001499 bestmemit:    7.988399    4.340270    1.000000    0.237879    0.025542
Iteration: 189 bestvalit: 0.001499 bestmemit:    7.988399    4.340270    1.000000    0.237879    0.025542
Iteration: 190 bestvalit: 0.001499 bestmemit:    7.988399    4.340270    1.000000    0.237879    0.025542
Iteration: 191 bestvalit: 0.001499 bestmemit:    7.988399    4.340270    1.000000    0.237879    0.025542
Iteration: 192 bestvalit: 0.001499 bestmemit:    7.988399    4.340270    1.000000    0.237879    0.025542
Iteration: 193 bestvalit: 0.001498 bestmemit:    7.988399    4.340270    1.000000    0.240697    0.025542
Iteration: 194 bestvalit: 0.001497 bestmemit:    7.988399    4.340270    1.000000    0.384904    0.025542
Iteration: 195 bestvalit: 0.001497 bestmemit:    7.988399    4.340270    1.000000    0.384904    0.025542
Iteration: 196 bestvalit: 0.001497 bestmemit:    7.988399    4.340270    1.000000    0.384904    0.025542
Iteration: 197 bestvalit: 0.001497 bestmemit:    7.988399    4.340270    1.000000    0.384904    0.025542
Iteration: 198 bestvalit: 0.001495 bestmemit:    8.195854    4.399048    1.000000    0.407095    0.014514
Iteration: 199 bestvalit: 0.001495 bestmemit:    8.195854    4.399048    1.000000    0.407095    0.014514
Iteration: 200 bestvalit: 0.001495 bestmemit:    8.195854    4.399048    1.000000    0.405518    0.014514
Iteration: 201 bestvalit: 0.001495 bestmemit:    8.195854    4.399048    1.000000    0.405518    0.014514
Iteration: 202 bestvalit: 0.001495 bestmemit:    8.195854    4.399048    1.000000    0.405518    0.014514
Iteration: 203 bestvalit: 0.001495 bestmemit:    8.195854    4.399048    1.000000    0.405518    0.014514
Iteration: 204 bestvalit: 0.001495 bestmemit:    8.195854    4.399048    1.000000    0.405518    0.014514
Iteration: 205 bestvalit: 0.001495 bestmemit:    8.195854    4.399048    1.000000    0.405518    0.014514
Iteration: 206 bestvalit: 0.001495 bestmemit:    8.195854    4.399048    1.000000    0.405518    0.014514
Iteration: 207 bestvalit: 0.001495 bestmemit:    8.195854    4.399048    1.000000    0.405518    0.014514
Iteration: 208 bestvalit: 0.001495 bestmemit:    8.195854    4.399048    1.000000    0.405518    0.014514
Iteration: 209 bestvalit: 0.001495 bestmemit:    8.195854    4.399048    1.000000    0.405518    0.014514
Iteration: 210 bestvalit: 0.001495 bestmemit:    8.195854    4.399048    1.000000    0.405518    0.014514
Iteration: 211 bestvalit: 0.001495 bestmemit:    8.195854    4.399048    1.000000    0.405518    0.014514
Iteration: 212 bestvalit: 0.001495 bestmemit:    8.289011    4.102894    1.000000    0.349947    0.027834
Iteration: 213 bestvalit: 0.001495 bestmemit:    8.289011    4.102894    1.000000    0.349947    0.027834
Iteration: 214 bestvalit: 0.001495 bestmemit:    8.289011    4.102894    1.000000    0.349947    0.027834
Iteration: 215 bestvalit: 0.001495 bestmemit:    8.289011    4.102894    1.000000    0.349947    0.027834
Iteration: 216 bestvalit: 0.001495 bestmemit:    8.289011    4.102894    1.000000    0.349947    0.027834
Iteration: 217 bestvalit: 0.001495 bestmemit:    8.289011    4.102894    1.000000    0.349947    0.027834
Iteration: 218 bestvalit: 0.001495 bestmemit:    8.289011    4.102894    1.000000    0.349947    0.027834
Iteration: 219 bestvalit: 0.001494 bestmemit:    7.975949    4.219460    1.000000    0.213783    0.011698
Iteration: 220 bestvalit: 0.001494 bestmemit:    7.975949    4.219460    1.000000    0.213783    0.011698
Iteration: 221 bestvalit: 0.001494 bestmemit:    7.975949    4.219460    1.000000    0.213783    0.011698
Iteration: 222 bestvalit: 0.001494 bestmemit:    7.975949    4.253643    1.000000    0.213783    0.011698
Iteration: 223 bestvalit: 0.001494 bestmemit:    7.975949    4.253643    1.000000    0.213783    0.011698
Iteration: 224 bestvalit: 0.001494 bestmemit:    7.975949    4.253643    1.000000    0.213783    0.011698
Iteration: 225 bestvalit: 0.001494 bestmemit:    7.975949    4.253643    1.000000    0.213783    0.011698
Iteration: 226 bestvalit: 0.001493 bestmemit:    8.122751    4.338229    1.000000    0.276604    0.005592
Iteration: 227 bestvalit: 0.001493 bestmemit:    8.122751    4.338229    1.000000    0.276604    0.005592
Iteration: 228 bestvalit: 0.001493 bestmemit:    8.122751    4.338229    1.000000    0.276604    0.005592
Iteration: 229 bestvalit: 0.001493 bestmemit:    8.122751    4.338229    1.000000    0.276604    0.005592
Iteration: 230 bestvalit: 0.001493 bestmemit:    8.122751    4.338229    1.000000    0.276604    0.005592
Iteration: 231 bestvalit: 0.001493 bestmemit:    7.975949    4.253643    1.000000    0.213783    0.005910
Iteration: 232 bestvalit: 0.001493 bestmemit:    7.975949    4.253643    1.000000    0.213783    0.005910
Iteration: 233 bestvalit: 0.001493 bestmemit:    7.975949    4.253643    1.000000    0.213783    0.005910
Iteration: 234 bestvalit: 0.001493 bestmemit:    7.975949    4.253643    1.000000    0.213783    0.005910
Iteration: 235 bestvalit: 0.001493 bestmemit:    7.975949    4.253643    1.000000    0.213783    0.005910
Iteration: 236 bestvalit: 0.001493 bestmemit:    7.975949    4.253643    1.000000    0.213783    0.005910
Iteration: 237 bestvalit: 0.001493 bestmemit:    7.975949    4.253643    1.000000    0.213783    0.005910
Iteration: 238 bestvalit: 0.001493 bestmemit:    7.975949    4.253643    1.000000    0.213783    0.005910
Iteration: 239 bestvalit: 0.001493 bestmemit:    7.973527    4.413305    1.000000    0.251612    0.003690
Iteration: 240 bestvalit: 0.001493 bestmemit:    7.973527    4.413305    1.000000    0.251612    0.003690
Iteration: 241 bestvalit: 0.001493 bestmemit:    7.973527    4.413305    1.000000    0.251612    0.003690
Iteration: 242 bestvalit: 0.001493 bestmemit:    7.973527    4.413305    1.000000    0.251612    0.003690
Iteration: 243 bestvalit: 0.001493 bestmemit:    7.973527    4.413305    1.000000    0.251612    0.003690
Iteration: 244 bestvalit: 0.001493 bestmemit:    7.973527    4.413305    1.000000    0.251612    0.003690
Iteration: 245 bestvalit: 0.001493 bestmemit:    7.973527    4.413305    1.000000    0.251612    0.003690
Iteration: 246 bestvalit: 0.001493 bestmemit:    7.973527    4.413305    1.000000    0.251612    0.003690
Iteration: 247 bestvalit: 0.001493 bestmemit:    7.973527    4.413305    1.000000    0.251612    0.003690
Iteration: 248 bestvalit: 0.001493 bestmemit:    7.973527    4.413305    1.000000    0.251612    0.003690
Iteration: 249 bestvalit: 0.001493 bestmemit:    7.973527    4.413305    1.000000    0.251612    0.003690
Iteration: 250 bestvalit: 0.001493 bestmemit:    7.973527    4.413305    1.000000    0.251612    0.003690
Iteration: 251 bestvalit: 0.001493 bestmemit:    7.973527    4.413305    1.000000    0.251612    0.003690
Iteration: 252 bestvalit: 0.001493 bestmemit:    7.973527    4.413305    1.000000    0.251612    0.003690
Iteration: 253 bestvalit: 0.001493 bestmemit:    7.973527    4.413305    1.000000    0.251612    0.003690
Iteration: 254 bestvalit: 0.001493 bestmemit:    7.973527    4.413305    1.000000    0.251612    0.003690
Iteration: 255 bestvalit: 0.001493 bestmemit:    7.973527    4.413305    1.000000    0.251612    0.003690
Iteration: 256 bestvalit: 0.001492 bestmemit:    7.946540    4.338229    1.000000    0.221750    0.002818
Iteration: 257 bestvalit: 0.001492 bestmemit:    7.946540    4.338229    1.000000    0.221750    0.002818
Iteration: 258 bestvalit: 0.001492 bestmemit:    7.946540    4.338229    1.000000    0.221750    0.002818
Iteration: 259 bestvalit: 0.001492 bestmemit:    7.946540    4.338229    1.000000    0.221750    0.002818
Iteration: 260 bestvalit: 0.001492 bestmemit:    7.946540    4.338229    1.000000    0.221750    0.002818
Iteration: 261 bestvalit: 0.001492 bestmemit:    7.946540    4.338229    1.000000    0.221750    0.002818
Iteration: 262 bestvalit: 0.001492 bestmemit:    7.946540    4.338229    1.000000    0.221750    0.002818
Iteration: 263 bestvalit: 0.001492 bestmemit:    7.946540    4.338229    1.000000    0.221750    0.002818
Iteration: 264 bestvalit: 0.001492 bestmemit:    7.946540    4.338229    1.000000    0.221750    0.002818
Iteration: 265 bestvalit: 0.001492 bestmemit:    7.946540    4.338229    1.000000    0.221750    0.002818
Iteration: 266 bestvalit: 0.001492 bestmemit:    7.946540    4.338229    1.000000    0.221750    0.002818
Iteration: 267 bestvalit: 0.001492 bestmemit:    7.946540    4.338229    1.000000    0.221750    0.002818
Iteration: 268 bestvalit: 0.001492 bestmemit:    7.946540    4.338229    1.000000    0.221750    0.002818
Iteration: 269 bestvalit: 0.001492 bestmemit:    7.946540    4.338229    1.000000    0.221750    0.002818
Iteration: 270 bestvalit: 0.001492 bestmemit:    7.958538    4.399799    1.000000    0.227329    0.000358
Iteration: 271 bestvalit: 0.001492 bestmemit:    7.958538    4.399799    1.000000    0.227329    0.000358
Iteration: 272 bestvalit: 0.001492 bestmemit:    7.958538    4.399799    1.000000    0.227329    0.000358
Iteration: 273 bestvalit: 0.001492 bestmemit:    7.958538    4.399799    1.000000    0.227329    0.000358
Iteration: 274 bestvalit: 0.001492 bestmemit:    7.958538    4.399799    1.000000    0.227329    0.000358
Iteration: 275 bestvalit: 0.001492 bestmemit:    7.958538    4.399799    1.000000    0.227329    0.000358
Iteration: 276 bestvalit: 0.001492 bestmemit:    7.958538    4.399799    1.000000    0.227329    0.000358
Iteration: 277 bestvalit: 0.001492 bestmemit:    7.958538    4.399799    1.000000    0.227329    0.000358
Iteration: 278 bestvalit: 0.001492 bestmemit:    7.958538    4.399799    1.000000    0.227329    0.000358
Iteration: 279 bestvalit: 0.001492 bestmemit:    7.958538    4.399799    1.000000    0.227329    0.000358
Iteration: 280 bestvalit: 0.001492 bestmemit:    7.958538    4.399799    1.000000    0.227329    0.000358
Iteration: 281 bestvalit: 0.001492 bestmemit:    7.958538    4.399799    1.000000    0.227329    0.000358
Iteration: 282 bestvalit: 0.001492 bestmemit:    7.958538    4.399799    1.000000    0.227329    0.000358
Iteration: 283 bestvalit: 0.001492 bestmemit:    7.958538    4.399799    1.000000    0.227329    0.000358
Iteration: 284 bestvalit: 0.001492 bestmemit:    8.006200    4.331474    1.000000    0.231975    0.000237
Iteration: 285 bestvalit: 0.001492 bestmemit:    8.006200    4.331474    1.000000    0.231975    0.000237
Iteration: 286 bestvalit: 0.001492 bestmemit:    7.958538    4.364584    1.000000    0.227329    0.000358
Iteration: 287 bestvalit: 0.001492 bestmemit:    7.958538    4.364584    1.000000    0.227329    0.000358
Iteration: 288 bestvalit: 0.001492 bestmemit:    7.958538    4.364584    1.000000    0.227329    0.000358
Iteration: 289 bestvalit: 0.001492 bestmemit:    7.958538    4.364584    1.000000    0.227329    0.000358
Iteration: 290 bestvalit: 0.001492 bestmemit:    7.952143    4.377707    1.000000    0.223472    0.000270
Iteration: 291 bestvalit: 0.001492 bestmemit:    7.952143    4.377707    1.000000    0.223472    0.000270
Iteration: 292 bestvalit: 0.001492 bestmemit:    7.952143    4.377707    1.000000    0.223472    0.000270
Iteration: 293 bestvalit: 0.001492 bestmemit:    7.952143    4.377707    1.000000    0.223472    0.000270
Iteration: 294 bestvalit: 0.001492 bestmemit:    7.952143    4.377707    1.000000    0.223472    0.000270
Iteration: 295 bestvalit: 0.001492 bestmemit:    7.952143    4.377707    1.000000    0.223472    0.000270
Iteration: 296 bestvalit: 0.001492 bestmemit:    7.952143    4.377707    1.000000    0.223472    0.000270
Iteration: 297 bestvalit: 0.001492 bestmemit:    7.952143    4.377707    1.000000    0.223472    0.000270
Iteration: 298 bestvalit: 0.001492 bestmemit:    7.952143    4.377707    1.000000    0.223472    0.000270
Iteration: 299 bestvalit: 0.001492 bestmemit:    7.952143    4.377707    1.000000    0.223472    0.000270
Iteration: 300 bestvalit: 0.001492 bestmemit:    7.952143    4.377707    1.000000    0.223472    0.000270
Iteration: 301 bestvalit: 0.001492 bestmemit:    7.943105    4.384303    1.000000    0.218192    0.000057
Iteration: 302 bestvalit: 0.001492 bestmemit:    7.943105    4.384303    1.000000    0.218192    0.000057
Iteration: 303 bestvalit: 0.001492 bestmemit:    7.943105    4.384303    1.000000    0.218192    0.000057
Iteration: 304 bestvalit: 0.001492 bestmemit:    7.943105    4.384303    1.000000    0.218192    0.000057
Iteration: 305 bestvalit: 0.001492 bestmemit:    7.943105    4.384303    1.000000    0.218192    0.000057
Iteration: 306 bestvalit: 0.001492 bestmemit:    7.943105    4.384303    1.000000    0.218192    0.000057
Iteration: 307 bestvalit: 0.001492 bestmemit:    7.938842    4.384303    1.000000    0.218192    0.000008
Iteration: 308 bestvalit: 0.001492 bestmemit:    7.938842    4.384303    1.000000    0.218192    0.000008
Iteration: 309 bestvalit: 0.001492 bestmemit:    7.938842    4.384303    1.000000    0.218192    0.000008
Iteration: 310 bestvalit: 0.001492 bestmemit:    7.938842    4.384303    1.000000    0.218192    0.000008
Iteration: 311 bestvalit: 0.001492 bestmemit:    7.938842    4.384303    1.000000    0.218192    0.000008
Iteration: 312 bestvalit: 0.001492 bestmemit:    7.938842    4.384303    1.000000    0.218192    0.000008
Iteration: 313 bestvalit: 0.001492 bestmemit:    7.938842    4.384303    1.000000    0.218192    0.000008
Iteration: 314 bestvalit: 0.001492 bestmemit:    7.938842    4.384303    1.000000    0.218192    0.000008
Iteration: 315 bestvalit: 0.001492 bestmemit:    7.944471    4.383854    1.000000    0.220370    0.000024
Iteration: 316 bestvalit: 0.001492 bestmemit:    7.944471    4.383854    1.000000    0.220370    0.000024
Iteration: 317 bestvalit: 0.001492 bestmemit:    7.944471    4.383854    1.000000    0.220370    0.000024
Iteration: 318 bestvalit: 0.001492 bestmemit:    7.944471    4.383854    1.000000    0.220370    0.000024
Iteration: 319 bestvalit: 0.001492 bestmemit:    7.944471    4.383854    1.000000    0.220370    0.000024
Iteration: 320 bestvalit: 0.001492 bestmemit:    7.938036    4.391962    1.000000    0.222713    0.000025
Iteration: 321 bestvalit: 0.001492 bestmemit:    7.938036    4.391962    1.000000    0.222713    0.000025
Iteration: 322 bestvalit: 0.001492 bestmemit:    7.938036    4.391962    1.000000    0.222713    0.000025
Iteration: 323 bestvalit: 0.001492 bestmemit:    7.938036    4.391962    1.000000    0.222713    0.000025
Iteration: 324 bestvalit: 0.001492 bestmemit:    7.938036    4.391962    1.000000    0.222713    0.000025
Iteration: 325 bestvalit: 0.001492 bestmemit:    7.938036    4.391962    1.000000    0.222713    0.000025
Iteration: 326 bestvalit: 0.001492 bestmemit:    7.938036    4.391962    1.000000    0.222713    0.000025
Iteration: 327 bestvalit: 0.001492 bestmemit:    7.938036    4.391962    1.000000    0.222713    0.000025
Iteration: 328 bestvalit: 0.001492 bestmemit:    7.938036    4.391962    1.000000    0.222713    0.000025
Iteration: 329 bestvalit: 0.001492 bestmemit:    7.938036    4.391962    1.000000    0.222713    0.000025
Iteration: 330 bestvalit: 0.001492 bestmemit:    7.938036    4.391962    1.000000    0.222713    0.000025
Iteration: 331 bestvalit: 0.001492 bestmemit:    7.938036    4.391962    1.000000    0.222713    0.000025
Iteration: 332 bestvalit: 0.001492 bestmemit:    7.938036    4.391962    1.000000    0.222713    0.000025
Iteration: 333 bestvalit: 0.001492 bestmemit:    7.938036    4.393006    1.000000    0.222713    0.000025
Iteration: 334 bestvalit: 0.001492 bestmemit:    7.938036    4.393006    1.000000    0.222713    0.000025
Iteration: 335 bestvalit: 0.001492 bestmemit:    7.938036    4.393006    1.000000    0.222713    0.000025
Iteration: 336 bestvalit: 0.001492 bestmemit:    7.938036    4.393006    1.000000    0.222713    0.000025
Iteration: 337 bestvalit: 0.001492 bestmemit:    7.938036    4.393006    1.000000    0.222713    0.000021
Iteration: 338 bestvalit: 0.001492 bestmemit:    7.938036    4.393006    1.000000    0.222713    0.000021
Iteration: 339 bestvalit: 0.001492 bestmemit:    7.938036    4.393006    1.000000    0.222713    0.000021
Iteration: 340 bestvalit: 0.001492 bestmemit:    7.938036    4.393006    1.000000    0.222713    0.000021
Iteration: 341 bestvalit: 0.001492 bestmemit:    7.938036    4.393006    1.000000    0.222713    0.000021
Iteration: 342 bestvalit: 0.001492 bestmemit:    7.938036    4.393006    1.000000    0.222713    0.000021
Iteration: 343 bestvalit: 0.001492 bestmemit:    7.950826    4.386019    1.000000    0.224163    0.000018
Iteration: 344 bestvalit: 0.001492 bestmemit:    7.950826    4.386019    1.000000    0.224163    0.000018
Iteration: 345 bestvalit: 0.001492 bestmemit:    7.949028    4.377015    1.000000    0.221630    0.000008
Iteration: 346 bestvalit: 0.001492 bestmemit:    7.949028    4.377015    1.000000    0.221630    0.000008
Iteration: 347 bestvalit: 0.001492 bestmemit:    7.949028    4.377015    1.000000    0.221630    0.000008
Iteration: 348 bestvalit: 0.001492 bestmemit:    7.951123    4.382638    1.000000    0.224061    0.000021
Iteration: 349 bestvalit: 0.001492 bestmemit:    7.948851    4.382663    1.000000    0.222058    0.000004
Iteration: 350 bestvalit: 0.001492 bestmemit:    7.948851    4.382663    1.000000    0.222058    0.000004
Iteration: 351 bestvalit: 0.001492 bestmemit:    7.948851    4.382663    1.000000    0.222058    0.000004
Iteration: 352 bestvalit: 0.001492 bestmemit:    7.948851    4.382663    1.000000    0.222974    0.000004
Iteration: 353 bestvalit: 0.001492 bestmemit:    7.948851    4.382663    1.000000    0.222974    0.000004
Iteration: 354 bestvalit: 0.001492 bestmemit:    7.948851    4.382663    1.000000    0.222974    0.000004
Iteration: 355 bestvalit: 0.001492 bestmemit:    7.948851    4.382663    1.000000    0.222974    0.000004
Iteration: 356 bestvalit: 0.001492 bestmemit:    7.948851    4.382663    1.000000    0.222974    0.000004
Iteration: 357 bestvalit: 0.001492 bestmemit:    7.948851    4.382663    1.000000    0.222974    0.000004
Iteration: 358 bestvalit: 0.001492 bestmemit:    7.948851    4.382663    1.000000    0.222974    0.000004
Iteration: 359 bestvalit: 0.001492 bestmemit:    7.948851    4.382663    1.000000    0.222974    0.000004
Iteration: 360 bestvalit: 0.001492 bestmemit:    7.948851    4.382663    1.000000    0.222974    0.000004
Iteration: 361 bestvalit: 0.001492 bestmemit:    7.948851    4.382663    1.000000    0.222974    0.000004
Iteration: 362 bestvalit: 0.001492 bestmemit:    7.948851    4.382663    1.000000    0.222974    0.000004
Iteration: 363 bestvalit: 0.001492 bestmemit:    7.948851    4.382663    1.000000    0.222974    0.000004
Iteration: 364 bestvalit: 0.001492 bestmemit:    7.948851    4.382663    1.000000    0.222974    0.000004
Iteration: 365 bestvalit: 0.001492 bestmemit:    7.948851    4.382663    1.000000    0.222974    0.000004
Iteration: 366 bestvalit: 0.001492 bestmemit:    7.948851    4.382663    1.000000    0.222974    0.000004
Iteration: 367 bestvalit: 0.001492 bestmemit:    7.950760    4.384638    1.000000    0.225118    0.000001
Iteration: 368 bestvalit: 0.001492 bestmemit:    7.950760    4.384638    1.000000    0.225118    0.000001
Iteration: 369 bestvalit: 0.001492 bestmemit:    7.949336    4.385198    1.000000    0.224729    0.000001
Iteration: 370 bestvalit: 0.001492 bestmemit:    7.949336    4.385198    1.000000    0.224729    0.000001
Iteration: 371 bestvalit: 0.001492 bestmemit:    7.949336    4.385198    1.000000    0.224729    0.000001
Iteration: 372 bestvalit: 0.001492 bestmemit:    7.949336    4.385198    1.000000    0.224729    0.000001
Iteration: 373 bestvalit: 0.001492 bestmemit:    7.949336    4.385198    1.000000    0.224729    0.000001
Iteration: 374 bestvalit: 0.001492 bestmemit:    7.949336    4.385198    1.000000    0.224729    0.000001
Iteration: 375 bestvalit: 0.001492 bestmemit:    7.950490    4.381552    1.000000    0.223359    0.000000
Iteration: 376 bestvalit: 0.001492 bestmemit:    7.950490    4.381552    1.000000    0.223359    0.000000
Iteration: 377 bestvalit: 0.001492 bestmemit:    7.950490    4.381552    1.000000    0.223359    0.000000
Iteration: 378 bestvalit: 0.001492 bestmemit:    7.950490    4.381552    1.000000    0.223359    0.000000
Iteration: 379 bestvalit: 0.001492 bestmemit:    7.950490    4.381552    1.000000    0.223359    0.000000
Iteration: 380 bestvalit: 0.001492 bestmemit:    7.950490    4.381552    1.000000    0.223359    0.000000
Iteration: 381 bestvalit: 0.001492 bestmemit:    7.950490    4.381552    1.000000    0.223359    0.000000
Iteration: 382 bestvalit: 0.001492 bestmemit:    7.950490    4.381552    1.000000    0.223359    0.000000
Iteration: 383 bestvalit: 0.001492 bestmemit:    7.950490    4.381552    1.000000    0.223359    0.000000
Iteration: 384 bestvalit: 0.001492 bestmemit:    7.950490    4.381552    1.000000    0.223359    0.000000
Iteration: 385 bestvalit: 0.001492 bestmemit:    7.950490    4.381552    1.000000    0.223359    0.000000
Iteration: 386 bestvalit: 0.001492 bestmemit:    7.950475    4.384750    1.000000    0.224729    0.000001
Iteration: 387 bestvalit: 0.001492 bestmemit:    7.950475    4.384750    1.000000    0.224729    0.000001
Iteration: 388 bestvalit: 0.001492 bestmemit:    7.950475    4.384750    1.000000    0.224729    0.000001
Iteration: 389 bestvalit: 0.001492 bestmemit:    7.950475    4.384750    1.000000    0.224729    0.000001
Iteration: 390 bestvalit: 0.001492 bestmemit:    7.950475    4.384750    1.000000    0.224729    0.000001
Iteration: 391 bestvalit: 0.001492 bestmemit:    7.950475    4.384750    1.000000    0.224729    0.000001
Iteration: 392 bestvalit: 0.001492 bestmemit:    7.950475    4.384750    1.000000    0.224729    0.000001
Iteration: 393 bestvalit: 0.001492 bestmemit:    7.950558    4.384412    1.000000    0.224547    0.000001
Iteration: 394 bestvalit: 0.001492 bestmemit:    7.950709    4.384412    1.000000    0.224547    0.000000
Iteration: 395 bestvalit: 0.001492 bestmemit:    7.950709    4.384412    1.000000    0.224547    0.000000
Iteration: 396 bestvalit: 0.001492 bestmemit:    7.950709    4.384412    1.000000    0.224547    0.000000
Iteration: 397 bestvalit: 0.001492 bestmemit:    7.950709    4.384412    1.000000    0.224547    0.000000
Iteration: 398 bestvalit: 0.001492 bestmemit:    7.950709    4.384412    1.000000    0.224547    0.000000
Iteration: 399 bestvalit: 0.001492 bestmemit:    7.952630    4.381669    1.000000    0.224676    0.000000
Iteration: 400 bestvalit: 0.001492 bestmemit:    7.952630    4.381669    1.000000    0.224676    0.000000
Iteration: 401 bestvalit: 0.001492 bestmemit:    7.952630    4.381669    1.000000    0.224676    0.000000
Iteration: 402 bestvalit: 0.001492 bestmemit:    7.952630    4.381669    1.000000    0.224676    0.000000
Iteration: 403 bestvalit: 0.001492 bestmemit:    7.952630    4.381669    1.000000    0.224676    0.000000
Iteration: 404 bestvalit: 0.001492 bestmemit:    7.952630    4.381669    1.000000    0.224676    0.000000
Iteration: 405 bestvalit: 0.001492 bestmemit:    7.952630    4.381669    1.000000    0.224676    0.000000
Iteration: 406 bestvalit: 0.001492 bestmemit:    7.952630    4.381669    1.000000    0.224676    0.000000
Iteration: 407 bestvalit: 0.001492 bestmemit:    7.951036    4.383328    1.000000    0.224496    0.000000
Iteration: 408 bestvalit: 0.001492 bestmemit:    7.951036    4.383328    1.000000    0.224496    0.000000
Iteration: 409 bestvalit: 0.001492 bestmemit:    7.951036    4.383328    1.000000    0.224496    0.000000
Iteration: 410 bestvalit: 0.001492 bestmemit:    7.951036    4.383328    1.000000    0.224496    0.000000
Iteration: 411 bestvalit: 0.001492 bestmemit:    7.951036    4.383328    1.000000    0.224496    0.000000
Iteration: 412 bestvalit: 0.001492 bestmemit:    7.951035    4.382991    1.000000    0.224239    0.000000
Iteration: 413 bestvalit: 0.001492 bestmemit:    7.951035    4.382991    1.000000    0.224239    0.000000
Iteration: 414 bestvalit: 0.001492 bestmemit:    7.951035    4.382991    1.000000    0.224239    0.000000
Iteration: 415 bestvalit: 0.001492 bestmemit:    7.950871    4.382712    1.000000    0.224241    0.000000
Iteration: 416 bestvalit: 0.001492 bestmemit:    7.950871    4.382712    1.000000    0.224241    0.000000
Iteration: 417 bestvalit: 0.001492 bestmemit:    7.950871    4.382712    1.000000    0.224241    0.000000
Iteration: 418 bestvalit: 0.001492 bestmemit:    7.950871    4.382712    1.000000    0.224241    0.000000
Iteration: 419 bestvalit: 0.001492 bestmemit:    7.950871    4.382712    1.000000    0.224241    0.000000
Iteration: 420 bestvalit: 0.001492 bestmemit:    7.950871    4.382712    1.000000    0.224241    0.000000
Iteration: 421 bestvalit: 0.001492 bestmemit:    7.950871    4.382712    1.000000    0.224241    0.000000
Iteration: 422 bestvalit: 0.001492 bestmemit:    7.950871    4.382712    1.000000    0.224241    0.000000
Iteration: 423 bestvalit: 0.001492 bestmemit:    7.950871    4.382712    1.000000    0.224241    0.000000
Iteration: 424 bestvalit: 0.001492 bestmemit:    7.950871    4.382712    1.000000    0.224241    0.000000
Iteration: 425 bestvalit: 0.001492 bestmemit:    7.950871    4.382712    1.000000    0.224241    0.000000
Iteration: 426 bestvalit: 0.001492 bestmemit:    7.951172    4.382641    1.000000    0.224241    0.000000
Iteration: 427 bestvalit: 0.001492 bestmemit:    7.951172    4.382641    1.000000    0.224241    0.000000
Iteration: 428 bestvalit: 0.001492 bestmemit:    7.951172    4.382641    1.000000    0.224241    0.000000
Iteration: 429 bestvalit: 0.001492 bestmemit:    7.951172    4.382641    1.000000    0.224241    0.000000
Iteration: 430 bestvalit: 0.001492 bestmemit:    7.951172    4.382641    1.000000    0.224241    0.000000
Iteration: 431 bestvalit: 0.001492 bestmemit:    7.951398    4.382317    1.000000    0.224241    0.000000
Iteration: 432 bestvalit: 0.001492 bestmemit:    7.951398    4.382317    1.000000    0.224241    0.000000
Iteration: 433 bestvalit: 0.001492 bestmemit:    7.951398    4.382317    1.000000    0.224241    0.000000
Iteration: 434 bestvalit: 0.001492 bestmemit:    7.951398    4.382317    1.000000    0.224241    0.000000
Iteration: 435 bestvalit: 0.001492 bestmemit:    7.951398    4.382317    1.000000    0.224241    0.000000
Iteration: 436 bestvalit: 0.001492 bestmemit:    7.951398    4.382317    1.000000    0.224241    0.000000
Iteration: 437 bestvalit: 0.001492 bestmemit:    7.951398    4.382317    1.000000    0.224241    0.000000
Iteration: 438 bestvalit: 0.001492 bestmemit:    7.951398    4.382317    1.000000    0.224241    0.000000
Iteration: 439 bestvalit: 0.001492 bestmemit:    7.951398    4.382317    1.000000    0.224241    0.000000
Iteration: 440 bestvalit: 0.001492 bestmemit:    7.951398    4.382317    1.000000    0.224241    0.000000
Iteration: 441 bestvalit: 0.001492 bestmemit:    7.951398    4.382317    1.000000    0.224241    0.000000
Iteration: 442 bestvalit: 0.001492 bestmemit:    7.951398    4.382317    1.000000    0.224241    0.000000
Iteration: 443 bestvalit: 0.001492 bestmemit:    7.951398    4.382317    1.000000    0.224241    0.000000
Iteration: 444 bestvalit: 0.001492 bestmemit:    7.951398    4.382317    1.000000    0.224241    0.000000
Iteration: 445 bestvalit: 0.001492 bestmemit:    7.951398    4.382317    1.000000    0.224241    0.000000
Iteration: 446 bestvalit: 0.001492 bestmemit:    7.951398    4.382317    1.000000    0.224241    0.000000
Iteration: 447 bestvalit: 0.001492 bestmemit:    7.951398    4.382317    1.000000    0.224241    0.000000
Iteration: 448 bestvalit: 0.001492 bestmemit:    7.951398    4.382317    1.000000    0.224241    0.000000
Iteration: 449 bestvalit: 0.001492 bestmemit:    7.951398    4.382317    1.000000    0.224241    0.000000
Iteration: 450 bestvalit: 0.001492 bestmemit:    7.951398    4.382317    1.000000    0.224241    0.000000
Iteration: 451 bestvalit: 0.001492 bestmemit:    7.951313    4.382536    1.000000    0.224323    0.000000
Iteration: 452 bestvalit: 0.001492 bestmemit:    7.951313    4.382536    1.000000    0.224323    0.000000
Iteration: 453 bestvalit: 0.001492 bestmemit:    7.951313    4.382536    1.000000    0.224323    0.000000
Iteration: 454 bestvalit: 0.001492 bestmemit:    7.951313    4.382536    1.000000    0.224323    0.000000
Iteration: 455 bestvalit: 0.001492 bestmemit:    7.951313    4.382536    1.000000    0.224323    0.000000
Iteration: 456 bestvalit: 0.001492 bestmemit:    7.951313    4.382536    1.000000    0.224323    0.000000
Iteration: 457 bestvalit: 0.001492 bestmemit:    7.951313    4.382536    1.000000    0.224323    0.000000
Iteration: 458 bestvalit: 0.001492 bestmemit:    7.951313    4.382536    1.000000    0.224323    0.000000
Iteration: 459 bestvalit: 0.001492 bestmemit:    7.951313    4.382536    1.000000    0.224323    0.000000
Iteration: 460 bestvalit: 0.001492 bestmemit:    7.951421    4.382536    1.000000    0.224323    0.000000
Iteration: 461 bestvalit: 0.001492 bestmemit:    7.951421    4.382536    1.000000    0.224323    0.000000
Iteration: 462 bestvalit: 0.001492 bestmemit:    7.951421    4.382536    1.000000    0.224323    0.000000
Iteration: 463 bestvalit: 0.001492 bestmemit:    7.951421    4.382536    1.000000    0.224323    0.000000
Iteration: 464 bestvalit: 0.001492 bestmemit:    7.951447    4.382363    1.000000    0.224295    0.000000
Iteration: 465 bestvalit: 0.001492 bestmemit:    7.951447    4.382363    1.000000    0.224295    0.000000
Iteration: 466 bestvalit: 0.001492 bestmemit:    7.951447    4.382363    1.000000    0.224295    0.000000
Iteration: 467 bestvalit: 0.001492 bestmemit:    7.951387    4.382585    1.000000    0.224339    0.000000
Iteration: 468 bestvalit: 0.001492 bestmemit:    7.951387    4.382585    1.000000    0.224339    0.000000
Iteration: 469 bestvalit: 0.001492 bestmemit:    7.951387    4.382585    1.000000    0.224339    0.000000
Iteration: 470 bestvalit: 0.001492 bestmemit:    7.951776    4.382164    1.000000    0.224360    0.000000

***** summary of DEoptim object ***** 
best member   :  7.95178 4.38216 1 0.22436 0 
best value    :  0.00149 
after         :  470 generations 
fn evaluated  :  942 times 
*************************************
