SLURM_JOB_ID: 55402984
SLURM_JOB_USER: vsc34066
SLURM_JOB_ACCOUNT: lp_desenderlab
SLURM_JOB_NAME: par_recov_alternating_fb_sim_alpha_learn.slurm
SLURM_CLUSTER_NAME: genius
SLURM_JOB_PARTITION: batch
SLURM_ARRAY_JOB_ID: 55402977
SLURM_ARRAY_TASK_ID: 7
SLURM_NNODES: 1
SLURM_NODELIST: r22i27n05
SLURM_JOB_CPUS_PER_NODE: 8
Date: Sun Dec  3 23:43:50 CET 2023
Walltime: 01-06:00:00
========================================================================
Iteration: 1 bestvalit: 0.054410 bestmemit:   19.465170  -88.022407    1.000000  385.607868 2770.290875
Iteration: 2 bestvalit: 0.054410 bestmemit:   19.465170  -88.022407    1.000000  385.607868 2770.290875
Iteration: 3 bestvalit: 0.054410 bestmemit:   19.465170  -88.022407    1.000000  385.607868 2770.290875
Iteration: 4 bestvalit: 0.048987 bestmemit:    6.643254  -60.578657    1.000000  358.590176 1155.334919
Iteration: 5 bestvalit: 0.047589 bestmemit:   28.212661  -65.717050    1.000000  605.659960  939.215393
Iteration: 6 bestvalit: 0.031649 bestmemit:   37.567171    8.425470    1.000000  183.733610  655.864615
Iteration: 7 bestvalit: 0.031649 bestmemit:   37.567171    8.425470    1.000000  183.733610  655.864615
Iteration: 8 bestvalit: 0.017203 bestmemit:    9.161427   21.685635    1.000000  127.950201  121.260111
Iteration: 9 bestvalit: 0.017203 bestmemit:    9.161427   21.685635    1.000000  127.950201  121.260111
Iteration: 10 bestvalit: 0.017203 bestmemit:    9.161427   21.685635    1.000000  127.950201  121.260111
Iteration: 11 bestvalit: 0.017203 bestmemit:    9.161427   21.685635    1.000000  127.950201  121.260111
Iteration: 12 bestvalit: 0.017203 bestmemit:    9.161427   21.685635    1.000000  127.950201  121.260111
Iteration: 13 bestvalit: 0.017203 bestmemit:    9.161427   21.685635    1.000000  127.950201  121.260111
Iteration: 14 bestvalit: 0.017203 bestmemit:    9.161427   21.685635    1.000000  127.950201  121.260111
Iteration: 15 bestvalit: 0.017203 bestmemit:    9.161427   21.685635    1.000000  127.950201  121.260111
Iteration: 16 bestvalit: 0.017203 bestmemit:    9.161427   21.685635    1.000000  127.950201  121.260111
Iteration: 17 bestvalit: 0.017203 bestmemit:    9.161427   21.685635    1.000000  127.950201  121.260111
Iteration: 18 bestvalit: 0.006382 bestmemit:   27.099172  -23.886679    1.000000   23.642752    3.239785
Iteration: 19 bestvalit: 0.006382 bestmemit:   32.618778  -23.886679    1.000000   23.642752    3.239785
Iteration: 20 bestvalit: 0.006382 bestmemit:   32.618778  -23.886679    1.000000   23.642752    3.239785
Iteration: 21 bestvalit: 0.006382 bestmemit:   32.618778  -23.886679    1.000000   23.642752    3.239785
Iteration: 22 bestvalit: 0.006382 bestmemit:   32.618778  -23.886679    1.000000   23.642752    3.239785
Iteration: 23 bestvalit: 0.006382 bestmemit:   32.618778  -23.886679    1.000000   23.642752    3.239785
Iteration: 24 bestvalit: 0.006382 bestmemit:   32.618778  -23.886679    1.000000   23.642752    3.239785
Iteration: 25 bestvalit: 0.006382 bestmemit:   32.618778  -23.886679    1.000000   23.642752    3.239785
Iteration: 26 bestvalit: 0.006382 bestmemit:   32.618778  -23.886679    1.000000   23.642752    3.239785
Iteration: 27 bestvalit: 0.006382 bestmemit:   32.618778  -23.886679    1.000000   23.642752    3.239785
Iteration: 28 bestvalit: 0.006382 bestmemit:   32.618778  -23.886679    1.000000   23.642752    3.239785
Iteration: 29 bestvalit: 0.006382 bestmemit:   32.618778  -23.886679    1.000000   23.642752    3.239785
Iteration: 30 bestvalit: 0.005848 bestmemit:   32.675849  -13.527004    1.000000   23.642752    3.239785
Iteration: 31 bestvalit: 0.005848 bestmemit:   32.675849  -13.527004    1.000000   23.642752    3.239785
Iteration: 32 bestvalit: 0.005848 bestmemit:   32.675849  -13.527004    1.000000   23.642752    3.239785
Iteration: 33 bestvalit: 0.005848 bestmemit:   32.675849  -13.527004    1.000000   23.642752    3.239785
Iteration: 34 bestvalit: 0.005848 bestmemit:   32.675849  -13.527004    1.000000   23.642752    3.239785
Iteration: 35 bestvalit: 0.005848 bestmemit:   32.675849  -13.527004    1.000000   23.642752    3.239785
Iteration: 36 bestvalit: 0.005848 bestmemit:   32.675849  -13.527004    1.000000   23.642752    3.239785
Iteration: 37 bestvalit: 0.005848 bestmemit:   32.675849  -13.527004    1.000000   23.642752    3.239785
Iteration: 38 bestvalit: 0.005848 bestmemit:   32.675849  -13.527004    1.000000   23.642752    3.239785
Iteration: 39 bestvalit: 0.005848 bestmemit:   32.675849  -13.527004    1.000000   23.642752    3.239785
Iteration: 40 bestvalit: 0.005848 bestmemit:   32.675849  -13.527004    1.000000   23.642752    3.239785
Iteration: 41 bestvalit: 0.005848 bestmemit:   32.675849  -13.527004    1.000000   23.642752    3.239785
Iteration: 42 bestvalit: 0.004643 bestmemit:    9.161427    3.160039    1.000000   13.250433    6.898626
Iteration: 43 bestvalit: 0.004643 bestmemit:    9.161427    3.160039    1.000000   13.250433    6.898626
Iteration: 44 bestvalit: 0.004643 bestmemit:    9.161427    3.160039    1.000000   13.250433    6.898626
Iteration: 45 bestvalit: 0.004643 bestmemit:    9.161427    3.160039    1.000000   13.250433    6.898626
Iteration: 46 bestvalit: 0.004643 bestmemit:    9.161427    3.160039    1.000000   13.250433    6.898626
Iteration: 47 bestvalit: 0.004643 bestmemit:    9.161427    3.160039    1.000000   13.250433    6.898626
Iteration: 48 bestvalit: 0.003010 bestmemit:   10.855380   -0.347236    1.000000    9.375597    0.581360
Iteration: 49 bestvalit: 0.003010 bestmemit:   10.855380   -0.347236    1.000000    9.375597    0.581360
Iteration: 50 bestvalit: 0.003010 bestmemit:   10.855380   -0.347236    1.000000    9.375597    0.581360
Iteration: 51 bestvalit: 0.002897 bestmemit:   10.855380   -0.347236    1.000000    7.381823    0.581360
Iteration: 52 bestvalit: 0.002744 bestmemit:    7.479713   -1.573972    1.000000    3.851622    2.711324
Iteration: 53 bestvalit: 0.002744 bestmemit:    7.479713   -1.573972    1.000000    3.851622    2.711324
Iteration: 54 bestvalit: 0.002744 bestmemit:    7.479713   -1.573972    1.000000    3.851622    2.711324
Iteration: 55 bestvalit: 0.002744 bestmemit:    7.479713   -1.573972    1.000000    3.851622    2.711324
Iteration: 56 bestvalit: 0.002417 bestmemit:   10.855380   -0.347236    1.000000    0.306767    0.581360
Iteration: 57 bestvalit: 0.002417 bestmemit:   10.855380   -0.347236    1.000000    0.306767    0.581360
Iteration: 58 bestvalit: 0.002417 bestmemit:   10.855380   -0.347236    1.000000    0.306767    0.581360
Iteration: 59 bestvalit: 0.002417 bestmemit:   10.855380   -0.347236    1.000000    0.306767    0.581360
Iteration: 60 bestvalit: 0.002417 bestmemit:   10.855380   -0.347236    1.000000    0.306767    0.581360
Iteration: 61 bestvalit: 0.002092 bestmemit:    7.503384    2.474123    1.000000    2.852712    1.689088
Iteration: 62 bestvalit: 0.002092 bestmemit:    7.503384    2.474123    1.000000    2.852712    1.689088
Iteration: 63 bestvalit: 0.002092 bestmemit:    7.503384    2.474123    1.000000    2.852712    1.689088
Iteration: 64 bestvalit: 0.002092 bestmemit:    7.503384    2.474123    1.000000    2.852712    1.689088
Iteration: 65 bestvalit: 0.002086 bestmemit:    7.503384    2.474123    1.000000    6.500897    1.689088
Iteration: 66 bestvalit: 0.001943 bestmemit:    4.023434    4.514718    1.000000    4.346774    1.381450
Iteration: 67 bestvalit: 0.001943 bestmemit:    4.023434    4.514718    1.000000    4.346774    1.381450
Iteration: 68 bestvalit: 0.001943 bestmemit:    4.023434    4.514718    1.000000    4.346774    1.381450
Iteration: 69 bestvalit: 0.001846 bestmemit:    7.286122    5.414836    1.000000    1.181155    0.314491
Iteration: 70 bestvalit: 0.001846 bestmemit:    7.286122    5.414836    1.000000    1.181155    0.314491
Iteration: 71 bestvalit: 0.001846 bestmemit:    7.286122    5.414836    1.000000    1.181155    0.314491
Iteration: 72 bestvalit: 0.001814 bestmemit:    5.148136    4.529478    1.000000    5.288550    0.791291
Iteration: 73 bestvalit: 0.001814 bestmemit:    5.148136    4.529478    1.000000    5.288550    0.791291
Iteration: 74 bestvalit: 0.001770 bestmemit:    6.037237    4.549081    1.000000    2.089403    1.025188
Iteration: 75 bestvalit: 0.001761 bestmemit:    6.037237    4.549081    1.000000    2.602044    1.025188
Iteration: 76 bestvalit: 0.001736 bestmemit:    6.037237    4.549081    1.000000    2.602044    0.859426
Iteration: 77 bestvalit: 0.001736 bestmemit:    6.037237    4.549081    1.000000    2.602044    0.859426
Iteration: 78 bestvalit: 0.001736 bestmemit:    6.037237    4.549081    1.000000    2.602044    0.859426
Iteration: 79 bestvalit: 0.001736 bestmemit:    6.037237    4.549081    1.000000    2.602044    0.859426
Iteration: 80 bestvalit: 0.001736 bestmemit:    6.037237    4.549081    1.000000    2.602044    0.859426
Iteration: 81 bestvalit: 0.001735 bestmemit:    4.983930    6.804255    1.000000    2.535311    0.498809
Iteration: 82 bestvalit: 0.001735 bestmemit:    4.983930    6.804255    1.000000    2.535311    0.498809
Iteration: 83 bestvalit: 0.001735 bestmemit:    4.983930    6.804255    1.000000    2.535311    0.498809
Iteration: 84 bestvalit: 0.001735 bestmemit:    4.983930    6.804255    1.000000    2.535311    0.498809
Iteration: 85 bestvalit: 0.001735 bestmemit:    4.983930    6.804255    1.000000    2.535311    0.498809
Iteration: 86 bestvalit: 0.001735 bestmemit:    4.983930    6.804255    1.000000    2.535311    0.498809
Iteration: 87 bestvalit: 0.001735 bestmemit:    4.983930    6.804255    1.000000    2.535311    0.498809
Iteration: 88 bestvalit: 0.001735 bestmemit:    4.983930    6.804255    1.000000    2.535311    0.498809
Iteration: 89 bestvalit: 0.001724 bestmemit:    5.325610    6.088220    1.000000    3.280803    0.656316
Iteration: 90 bestvalit: 0.001724 bestmemit:    5.325610    6.088220    1.000000    3.280803    0.656316
Iteration: 91 bestvalit: 0.001724 bestmemit:    5.325610    6.088220    1.000000    3.280803    0.656316
Iteration: 92 bestvalit: 0.001724 bestmemit:    5.325610    6.088220    1.000000    3.280803    0.656316
Iteration: 93 bestvalit: 0.001714 bestmemit:    5.325610    6.088220    1.000000    1.561374    0.656316
Iteration: 94 bestvalit: 0.001714 bestmemit:    5.325610    6.088220    1.000000    1.561374    0.656316
Iteration: 95 bestvalit: 0.001714 bestmemit:    5.325610    6.088220    1.000000    1.561374    0.656316
Iteration: 96 bestvalit: 0.001714 bestmemit:    5.325610    6.088220    1.000000    1.561374    0.656316
Iteration: 97 bestvalit: 0.001714 bestmemit:    5.325610    6.088220    1.000000    1.561374    0.656316
Iteration: 98 bestvalit: 0.001714 bestmemit:    5.325610    6.088220    1.000000    1.561374    0.656316
Iteration: 99 bestvalit: 0.001714 bestmemit:    5.325610    6.088220    1.000000    1.561374    0.656316
Iteration: 100 bestvalit: 0.001714 bestmemit:    5.325610    6.088220    1.000000    1.561374    0.656316
Iteration: 101 bestvalit: 0.001714 bestmemit:    5.325610    6.088220    1.000000    1.561374    0.656316
Iteration: 102 bestvalit: 0.001714 bestmemit:    5.325610    6.088220    1.000000    1.561374    0.656316
Iteration: 103 bestvalit: 0.001714 bestmemit:    5.325610    6.088220    1.000000    1.561374    0.656316
Iteration: 104 bestvalit: 0.001714 bestmemit:    5.325610    6.088220    1.000000    1.561374    0.656316
Iteration: 105 bestvalit: 0.001713 bestmemit:    5.318309    5.905557    1.000000    1.613785    0.674397
Iteration: 106 bestvalit: 0.001713 bestmemit:    5.318309    5.905557    1.000000    1.613785    0.674397
Iteration: 107 bestvalit: 0.001713 bestmemit:    5.318309    5.905557    1.000000    1.613785    0.674397
Iteration: 108 bestvalit: 0.001712 bestmemit:    5.120504    6.224367    1.000000    1.501085    0.635451
Iteration: 109 bestvalit: 0.001712 bestmemit:    5.120504    6.224367    1.000000    1.501085    0.635451
Iteration: 110 bestvalit: 0.001712 bestmemit:    5.120504    6.224367    1.000000    1.501085    0.635451
Iteration: 111 bestvalit: 0.001712 bestmemit:    5.120504    6.224367    1.000000    1.501085    0.635451
Iteration: 112 bestvalit: 0.001712 bestmemit:    5.120504    6.224367    1.000000    1.501085    0.635451
Iteration: 113 bestvalit: 0.001712 bestmemit:    5.120504    6.224367    1.000000    1.501085    0.635451
Iteration: 114 bestvalit: 0.001712 bestmemit:    5.120504    6.224367    1.000000    1.501085    0.635451
Iteration: 115 bestvalit: 0.001712 bestmemit:    5.120504    6.224367    1.000000    1.501085    0.635451
Iteration: 116 bestvalit: 0.001712 bestmemit:    5.120504    6.224367    1.000000    1.501085    0.635451
Iteration: 117 bestvalit: 0.001712 bestmemit:    5.120504    6.224367    1.000000    1.501085    0.635451
Iteration: 118 bestvalit: 0.001712 bestmemit:    5.120504    6.224367    1.000000    1.501085    0.635451
Iteration: 119 bestvalit: 0.001712 bestmemit:    5.183060    6.129421    1.000000    1.469365    0.629149
Iteration: 120 bestvalit: 0.001712 bestmemit:    5.183060    6.129421    1.000000    1.469365    0.629149
Iteration: 121 bestvalit: 0.001712 bestmemit:    5.183060    6.129421    1.000000    1.469365    0.629149
Iteration: 122 bestvalit: 0.001712 bestmemit:    5.183060    6.129421    1.000000    1.469365    0.629149
Iteration: 123 bestvalit: 0.001712 bestmemit:    5.183060    6.129421    1.000000    1.469365    0.629149
Iteration: 124 bestvalit: 0.001712 bestmemit:    5.183060    6.129421    1.000000    1.469365    0.629149
Iteration: 125 bestvalit: 0.001712 bestmemit:    5.183060    6.129421    1.000000    1.469365    0.629149
Iteration: 126 bestvalit: 0.001712 bestmemit:    5.193134    5.957571    1.000000    1.594832    0.664653
Iteration: 127 bestvalit: 0.001712 bestmemit:    5.188575    5.985646    1.000000    1.419346    0.641020
Iteration: 128 bestvalit: 0.001712 bestmemit:    5.189838    6.019916    1.000000    1.392249    0.641779
Iteration: 129 bestvalit: 0.001712 bestmemit:    5.189838    6.019916    1.000000    1.392249    0.641779
Iteration: 130 bestvalit: 0.001712 bestmemit:    5.132983    6.056697    1.000000    1.446582    0.645305
Iteration: 131 bestvalit: 0.001712 bestmemit:    5.132983    6.056697    1.000000    1.446582    0.645305
Iteration: 132 bestvalit: 0.001712 bestmemit:    5.132983    6.056697    1.000000    1.446582    0.645305
Iteration: 133 bestvalit: 0.001712 bestmemit:    5.132983    6.056697    1.000000    1.446582    0.645305
Iteration: 134 bestvalit: 0.001712 bestmemit:    5.132983    6.056697    1.000000    1.446582    0.645305
Iteration: 135 bestvalit: 0.001712 bestmemit:    5.132983    6.056697    1.000000    1.446582    0.645305
Iteration: 136 bestvalit: 0.001712 bestmemit:    5.132983    6.056697    1.000000    1.446582    0.645305
Iteration: 137 bestvalit: 0.001712 bestmemit:    5.132983    6.056697    1.000000    1.446582    0.645305
Iteration: 138 bestvalit: 0.001712 bestmemit:    5.132983    6.056697    1.000000    1.446582    0.645305
Iteration: 139 bestvalit: 0.001712 bestmemit:    5.132983    6.056697    1.000000    1.446582    0.645305
Iteration: 140 bestvalit: 0.001712 bestmemit:    5.128877    6.084947    1.000000    1.483827    0.645341
Iteration: 141 bestvalit: 0.001712 bestmemit:    5.128877    6.084947    1.000000    1.483827    0.645341
Iteration: 142 bestvalit: 0.001712 bestmemit:    5.128877    6.084947    1.000000    1.483827    0.645341
Iteration: 143 bestvalit: 0.001712 bestmemit:    5.128877    6.084947    1.000000    1.483827    0.645341
Iteration: 144 bestvalit: 0.001712 bestmemit:    5.128877    6.084947    1.000000    1.483827    0.645341
Iteration: 145 bestvalit: 0.001712 bestmemit:    5.128877    6.084947    1.000000    1.483827    0.645341
Iteration: 146 bestvalit: 0.001712 bestmemit:    5.128877    6.084947    1.000000    1.483827    0.645341
Iteration: 147 bestvalit: 0.001712 bestmemit:    5.128877    6.084947    1.000000    1.483827    0.645341
Iteration: 148 bestvalit: 0.001712 bestmemit:    5.128877    6.084947    1.000000    1.483827    0.645341
Iteration: 149 bestvalit: 0.001712 bestmemit:    5.128877    6.084947    1.000000    1.483827    0.645341
Iteration: 150 bestvalit: 0.001712 bestmemit:    5.128877    6.084947    1.000000    1.483827    0.645341
Iteration: 151 bestvalit: 0.001712 bestmemit:    5.128877    6.084947    1.000000    1.483827    0.645341
Iteration: 152 bestvalit: 0.001712 bestmemit:    5.128877    6.084947    1.000000    1.483827    0.645341
Iteration: 153 bestvalit: 0.001712 bestmemit:    5.128877    6.084947    1.000000    1.483827    0.645341
Iteration: 154 bestvalit: 0.001712 bestmemit:    5.128877    6.084947    1.000000    1.483827    0.645341
Iteration: 155 bestvalit: 0.001712 bestmemit:    5.128877    6.084947    1.000000    1.483827    0.645341
Iteration: 156 bestvalit: 0.001712 bestmemit:    5.128877    6.084947    1.000000    1.483827    0.645341
Iteration: 157 bestvalit: 0.001712 bestmemit:    5.128877    6.084947    1.000000    1.483827    0.645341
Iteration: 158 bestvalit: 0.001712 bestmemit:    5.128877    6.084947    1.000000    1.483827    0.645341
Iteration: 159 bestvalit: 0.001712 bestmemit:    5.128877    6.084947    1.000000    1.483827    0.645341
Iteration: 160 bestvalit: 0.001712 bestmemit:    5.128877    6.084947    1.000000    1.483827    0.645341
Iteration: 161 bestvalit: 0.001712 bestmemit:    5.149255    6.067663    1.000000    1.477548    0.645365
Iteration: 162 bestvalit: 0.001712 bestmemit:    5.149255    6.067663    1.000000    1.477548    0.645365
Iteration: 163 bestvalit: 0.001712 bestmemit:    5.149255    6.067663    1.000000    1.477548    0.645365
Iteration: 164 bestvalit: 0.001712 bestmemit:    5.149255    6.067663    1.000000    1.477548    0.645365
Iteration: 165 bestvalit: 0.001712 bestmemit:    5.149255    6.067663    1.000000    1.477548    0.645365
Iteration: 166 bestvalit: 0.001712 bestmemit:    5.149255    6.067663    1.000000    1.477548    0.645365
Iteration: 167 bestvalit: 0.001712 bestmemit:    5.149399    6.057013    1.000000    1.474339    0.646860
Iteration: 168 bestvalit: 0.001712 bestmemit:    5.149399    6.057013    1.000000    1.474339    0.646860
Iteration: 169 bestvalit: 0.001712 bestmemit:    5.149399    6.057013    1.000000    1.474339    0.646860
Iteration: 170 bestvalit: 0.001712 bestmemit:    5.149399    6.057013    1.000000    1.474339    0.646860
Iteration: 171 bestvalit: 0.001712 bestmemit:    5.149399    6.057013    1.000000    1.474339    0.646860
Iteration: 172 bestvalit: 0.001712 bestmemit:    5.149255    6.063693    1.000000    1.472810    0.645365
Iteration: 173 bestvalit: 0.001712 bestmemit:    5.149255    6.063693    1.000000    1.472810    0.645365
Iteration: 174 bestvalit: 0.001712 bestmemit:    5.149255    6.063693    1.000000    1.472810    0.645365
Iteration: 175 bestvalit: 0.001712 bestmemit:    5.149255    6.063693    1.000000    1.472810    0.645365
Iteration: 176 bestvalit: 0.001712 bestmemit:    5.149255    6.063693    1.000000    1.472810    0.645365
Iteration: 177 bestvalit: 0.001712 bestmemit:    5.149255    6.063693    1.000000    1.472810    0.645365
Iteration: 178 bestvalit: 0.001712 bestmemit:    5.149255    6.063693    1.000000    1.472810    0.645365
Iteration: 179 bestvalit: 0.001712 bestmemit:    5.149255    6.063693    1.000000    1.472810    0.645365
Iteration: 180 bestvalit: 0.001712 bestmemit:    5.149255    6.063693    1.000000    1.472810    0.645365
Iteration: 181 bestvalit: 0.001712 bestmemit:    5.149255    6.063693    1.000000    1.472810    0.645365
Iteration: 182 bestvalit: 0.001712 bestmemit:    5.144079    6.066331    1.000000    1.467598    0.645074
Iteration: 183 bestvalit: 0.001712 bestmemit:    5.144079    6.066331    1.000000    1.467598    0.645074
Iteration: 184 bestvalit: 0.001712 bestmemit:    5.144079    6.066331    1.000000    1.467598    0.645074
Iteration: 185 bestvalit: 0.001712 bestmemit:    5.144079    6.066331    1.000000    1.467598    0.645074
Iteration: 186 bestvalit: 0.001712 bestmemit:    5.144079    6.066331    1.000000    1.467598    0.645074
Iteration: 187 bestvalit: 0.001712 bestmemit:    5.143487    6.065062    1.000000    1.468292    0.645365
Iteration: 188 bestvalit: 0.001712 bestmemit:    5.143487    6.065062    1.000000    1.468292    0.645365
Iteration: 189 bestvalit: 0.001712 bestmemit:    5.143487    6.065062    1.000000    1.468292    0.645365
Iteration: 190 bestvalit: 0.001712 bestmemit:    5.143487    6.065062    1.000000    1.468292    0.645365
Iteration: 191 bestvalit: 0.001712 bestmemit:    5.143487    6.065062    1.000000    1.468292    0.645365
Iteration: 192 bestvalit: 0.001712 bestmemit:    5.142764    6.064911    1.000000    1.474327    0.645956
Iteration: 193 bestvalit: 0.001712 bestmemit:    5.142764    6.064911    1.000000    1.474327    0.645956
Iteration: 194 bestvalit: 0.001712 bestmemit:    5.142764    6.064911    1.000000    1.474327    0.645956
Iteration: 195 bestvalit: 0.001712 bestmemit:    5.142764    6.064911    1.000000    1.474327    0.645956
Iteration: 196 bestvalit: 0.001712 bestmemit:    5.142764    6.064911    1.000000    1.474327    0.645956
Iteration: 197 bestvalit: 0.001712 bestmemit:    5.143366    6.064389    1.000000    1.474077    0.646050
Iteration: 198 bestvalit: 0.001712 bestmemit:    5.143366    6.064389    1.000000    1.474077    0.646050
Iteration: 199 bestvalit: 0.001712 bestmemit:    5.143366    6.064389    1.000000    1.474077    0.646050
Iteration: 200 bestvalit: 0.001712 bestmemit:    5.144044    6.065943    1.000000    1.470385    0.645381
Iteration: 201 bestvalit: 0.001712 bestmemit:    5.144044    6.065943    1.000000    1.470385    0.645381
Iteration: 202 bestvalit: 0.001712 bestmemit:    5.143816    6.064911    1.000000    1.474327    0.645956
Iteration: 203 bestvalit: 0.001712 bestmemit:    5.143816    6.064911    1.000000    1.474327    0.645956
Iteration: 204 bestvalit: 0.001712 bestmemit:    5.143816    6.064911    1.000000    1.474327    0.645956
Iteration: 205 bestvalit: 0.001712 bestmemit:    5.143816    6.064911    1.000000    1.474177    0.645956
Iteration: 206 bestvalit: 0.001712 bestmemit:    5.143816    6.064911    1.000000    1.474177    0.645956
Iteration: 207 bestvalit: 0.001712 bestmemit:    5.143816    6.064911    1.000000    1.474177    0.645956
Iteration: 208 bestvalit: 0.001712 bestmemit:    5.143816    6.064911    1.000000    1.474177    0.645956
Iteration: 209 bestvalit: 0.001712 bestmemit:    5.143604    6.065587    1.000000    1.471568    0.645616
Iteration: 210 bestvalit: 0.001712 bestmemit:    5.143604    6.065587    1.000000    1.471568    0.645616
Iteration: 211 bestvalit: 0.001712 bestmemit:    5.143604    6.065587    1.000000    1.471568    0.645616
Iteration: 212 bestvalit: 0.001712 bestmemit:    5.143604    6.065587    1.000000    1.471568    0.645616
Iteration: 213 bestvalit: 0.001712 bestmemit:    5.143604    6.065587    1.000000    1.471568    0.645616
Iteration: 214 bestvalit: 0.001712 bestmemit:    5.143604    6.065587    1.000000    1.471568    0.645616
Iteration: 215 bestvalit: 0.001712 bestmemit:    5.143604    6.065587    1.000000    1.471568    0.645616
Iteration: 216 bestvalit: 0.001712 bestmemit:    5.143604    6.065587    1.000000    1.471568    0.645616
Iteration: 217 bestvalit: 0.001712 bestmemit:    5.143604    6.065587    1.000000    1.471568    0.645616
Iteration: 218 bestvalit: 0.001712 bestmemit:    5.143604    6.065587    1.000000    1.471568    0.645616
Iteration: 219 bestvalit: 0.001712 bestmemit:    5.143604    6.065587    1.000000    1.471568    0.645616
Iteration: 220 bestvalit: 0.001712 bestmemit:    5.143604    6.065587    1.000000    1.471568    0.645616
Iteration: 221 bestvalit: 0.001712 bestmemit:    5.143604    6.065587    1.000000    1.471834    0.645616
Iteration: 222 bestvalit: 0.001712 bestmemit:    5.143604    6.065587    1.000000    1.471834    0.645616
Iteration: 223 bestvalit: 0.001712 bestmemit:    5.143604    6.065587    1.000000    1.471834    0.645616
Iteration: 224 bestvalit: 0.001712 bestmemit:    5.143604    6.065587    1.000000    1.471834    0.645616
Iteration: 225 bestvalit: 0.001712 bestmemit:    5.143604    6.065587    1.000000    1.471834    0.645616
Iteration: 226 bestvalit: 0.001712 bestmemit:    5.143604    6.065587    1.000000    1.471834    0.645616
Iteration: 227 bestvalit: 0.001712 bestmemit:    5.143821    6.065629    1.000000    1.472676    0.645680
Iteration: 228 bestvalit: 0.001712 bestmemit:    5.143821    6.065629    1.000000    1.472676    0.645680
Iteration: 229 bestvalit: 0.001712 bestmemit:    5.143457    6.065805    1.000000    1.472320    0.645688
Iteration: 230 bestvalit: 0.001712 bestmemit:    5.143457    6.065805    1.000000    1.472320    0.645688
Iteration: 231 bestvalit: 0.001712 bestmemit:    5.143457    6.065805    1.000000    1.472320    0.645688
Iteration: 232 bestvalit: 0.001712 bestmemit:    5.143457    6.065805    1.000000    1.472320    0.645688
Iteration: 233 bestvalit: 0.001712 bestmemit:    5.143457    6.065805    1.000000    1.472320    0.645688
Iteration: 234 bestvalit: 0.001712 bestmemit:    5.143457    6.065805    1.000000    1.472320    0.645688
Iteration: 235 bestvalit: 0.001712 bestmemit:    5.143457    6.065805    1.000000    1.472320    0.645688
Iteration: 236 bestvalit: 0.001712 bestmemit:    5.143457    6.065805    1.000000    1.472320    0.645688
Iteration: 237 bestvalit: 0.001712 bestmemit:    5.143457    6.065805    1.000000    1.472320    0.645688
Iteration: 238 bestvalit: 0.001712 bestmemit:    5.143457    6.065805    1.000000    1.472320    0.645688
Iteration: 239 bestvalit: 0.001712 bestmemit:    5.143457    6.065805    1.000000    1.472320    0.645688
Iteration: 240 bestvalit: 0.001712 bestmemit:    5.143457    6.065805    1.000000    1.472320    0.645688
Iteration: 241 bestvalit: 0.001712 bestmemit:    5.143457    6.065805    1.000000    1.472320    0.645688
Iteration: 242 bestvalit: 0.001712 bestmemit:    5.143457    6.065805    1.000000    1.472320    0.645688
Iteration: 243 bestvalit: 0.001712 bestmemit:    5.143457    6.065805    1.000000    1.472320    0.645688
Iteration: 244 bestvalit: 0.001712 bestmemit:    5.143457    6.065805    1.000000    1.472320    0.645688
Iteration: 245 bestvalit: 0.001712 bestmemit:    5.143441    6.065805    1.000000    1.472792    0.645725
Iteration: 246 bestvalit: 0.001712 bestmemit:    5.143441    6.065805    1.000000    1.472792    0.645725
Iteration: 247 bestvalit: 0.001712 bestmemit:    5.143441    6.065805    1.000000    1.472792    0.645725
Iteration: 248 bestvalit: 0.001712 bestmemit:    5.143441    6.065805    1.000000    1.472792    0.645725
Iteration: 249 bestvalit: 0.001712 bestmemit:    5.143441    6.065805    1.000000    1.472792    0.645725
Iteration: 250 bestvalit: 0.001712 bestmemit:    5.143371    6.065805    1.000000    1.472792    0.645725
Iteration: 251 bestvalit: 0.001712 bestmemit:    5.143434    6.065726    1.000000    1.472730    0.645725
Iteration: 252 bestvalit: 0.001712 bestmemit:    5.143434    6.065726    1.000000    1.472730    0.645725
Iteration: 253 bestvalit: 0.001712 bestmemit:    5.143434    6.065726    1.000000    1.472730    0.645725
Iteration: 254 bestvalit: 0.001712 bestmemit:    5.143434    6.065726    1.000000    1.472730    0.645725
Iteration: 255 bestvalit: 0.001712 bestmemit:    5.143434    6.065726    1.000000    1.472730    0.645725
Iteration: 256 bestvalit: 0.001712 bestmemit:    5.143398    6.065714    1.000000    1.472581    0.645712
Iteration: 257 bestvalit: 0.001712 bestmemit:    5.143398    6.065714    1.000000    1.472581    0.645712
Iteration: 258 bestvalit: 0.001712 bestmemit:    5.143398    6.065714    1.000000    1.472581    0.645712
Iteration: 259 bestvalit: 0.001712 bestmemit:    5.143398    6.065714    1.000000    1.472581    0.645712
Iteration: 260 bestvalit: 0.001712 bestmemit:    5.143397    6.065803    1.000000    1.472646    0.645705
Iteration: 261 bestvalit: 0.001712 bestmemit:    5.143397    6.065803    1.000000    1.472646    0.645705
Iteration: 262 bestvalit: 0.001712 bestmemit:    5.143397    6.065803    1.000000    1.472646    0.645705
Iteration: 263 bestvalit: 0.001712 bestmemit:    5.143397    6.065803    1.000000    1.472646    0.645705
Iteration: 264 bestvalit: 0.001712 bestmemit:    5.143397    6.065803    1.000000    1.472646    0.645705
Iteration: 265 bestvalit: 0.001712 bestmemit:    5.143397    6.065803    1.000000    1.472646    0.645705
Iteration: 266 bestvalit: 0.001712 bestmemit:    5.143397    6.065803    1.000000    1.472646    0.645705
Iteration: 267 bestvalit: 0.001712 bestmemit:    5.143389    6.065803    1.000000    1.472646    0.645705
Iteration: 268 bestvalit: 0.001712 bestmemit:    5.143389    6.065803    1.000000    1.472646    0.645705

***** summary of DEoptim object ***** 
best member   :  5.14339 6.0658 1 1.47265 0.64571 
best value    :  0.00171 
after         :  268 generations 
fn evaluated  :  538 times 
*************************************
