SLURM_JOB_ID: 55403001
SLURM_JOB_USER: vsc34066
SLURM_JOB_ACCOUNT: lp_desenderlab
SLURM_JOB_NAME: par_recov_alternating_fb_sim_alpha_learn.slurm
SLURM_CLUSTER_NAME: genius
SLURM_JOB_PARTITION: batch
SLURM_ARRAY_JOB_ID: 55402977
SLURM_ARRAY_TASK_ID: 24
SLURM_NNODES: 1
SLURM_NODELIST: r22i27n18
SLURM_JOB_CPUS_PER_NODE: 8
Date: Sun Dec  3 23:43:55 CET 2023
Walltime: 01-06:00:00
========================================================================
Iteration: 1 bestvalit: 0.076274 bestmemit:   17.123742  -76.665016    1.000000 2213.368281 3721.405393
Iteration: 2 bestvalit: 0.076274 bestmemit:   17.123742  -76.665016    1.000000 2213.368281 3721.405393
Iteration: 3 bestvalit: 0.076274 bestmemit:   17.123742  -76.665016    1.000000 2213.368281 3721.405393
Iteration: 4 bestvalit: 0.042098 bestmemit:   18.135473  -61.100926    1.000000   53.326043  642.681015
Iteration: 5 bestvalit: 0.041968 bestmemit:   21.113340  -61.100926    1.000000   53.326043  642.681015
Iteration: 6 bestvalit: 0.041968 bestmemit:   21.113340  -61.100926    1.000000   53.326043  642.681015
Iteration: 7 bestvalit: 0.041968 bestmemit:   21.113340  -61.100926    1.000000   53.326043  642.681015
Iteration: 8 bestvalit: 0.041968 bestmemit:   21.113340  -61.100926    1.000000   53.326043  642.681015
Iteration: 9 bestvalit: 0.041968 bestmemit:   21.113340  -61.100926    1.000000   53.326043  642.681015
Iteration: 10 bestvalit: 0.041718 bestmemit:   19.225960    1.524476    1.000000   53.326043  642.681015
Iteration: 11 bestvalit: 0.039336 bestmemit:   37.941237  -93.517204    1.000000  136.867893  168.657633
Iteration: 12 bestvalit: 0.039336 bestmemit:   37.941237  -93.517204    1.000000  136.867893  168.657633
Iteration: 13 bestvalit: 0.039336 bestmemit:   37.941237  -93.517204    1.000000  136.867893  168.657633
Iteration: 14 bestvalit: 0.024763 bestmemit:   45.054866  -23.664978    1.000000   61.385856   15.645965
Iteration: 15 bestvalit: 0.024763 bestmemit:   45.054866  -23.664978    1.000000   61.385856   15.645965
Iteration: 16 bestvalit: 0.024763 bestmemit:   45.054866  -23.664978    1.000000   61.385856   15.645965
Iteration: 17 bestvalit: 0.024678 bestmemit:   39.041855  -23.664978    1.000000   61.385856   15.645965
Iteration: 18 bestvalit: 0.024678 bestmemit:   39.041855  -23.664978    1.000000   61.385856   15.645965
Iteration: 19 bestvalit: 0.023689 bestmemit:   39.041855   36.027153    1.000000   61.385856   15.645965
Iteration: 20 bestvalit: 0.022915 bestmemit:   39.041855   50.315893    1.000000   61.385856   15.645965
Iteration: 21 bestvalit: 0.010158 bestmemit:   46.770000  -42.655509    1.000000    5.848302   84.434331
Iteration: 22 bestvalit: 0.010158 bestmemit:   46.770000  -42.655509    1.000000    5.848302   84.434331
Iteration: 23 bestvalit: 0.010158 bestmemit:   46.770000  -42.655509    1.000000    5.848302   84.434331
Iteration: 24 bestvalit: 0.010158 bestmemit:   46.770000  -42.655509    1.000000    5.848302   84.434331
Iteration: 25 bestvalit: 0.010158 bestmemit:   46.770000  -42.655509    1.000000    5.848302   84.434331
Iteration: 26 bestvalit: 0.009981 bestmemit:   46.770000  -32.984010    1.000000    5.848302   84.434331
Iteration: 27 bestvalit: 0.009981 bestmemit:   46.770000  -32.984010    1.000000    5.848302   84.434331
Iteration: 28 bestvalit: 0.009981 bestmemit:   46.770000  -32.984010    1.000000    5.848302   84.434331
Iteration: 29 bestvalit: 0.009981 bestmemit:   46.770000  -32.984010    1.000000    5.848302   84.434331
Iteration: 30 bestvalit: 0.009981 bestmemit:   46.770000  -32.984010    1.000000    5.848302   84.434331
Iteration: 31 bestvalit: 0.009981 bestmemit:   46.770000  -32.984010    1.000000    5.848302   84.434331
Iteration: 32 bestvalit: 0.008822 bestmemit:   46.770000  -32.984010    1.000000    5.848302   28.268057
Iteration: 33 bestvalit: 0.008822 bestmemit:   46.770000  -32.984010    1.000000    5.848302   28.268057
Iteration: 34 bestvalit: 0.008822 bestmemit:   46.770000  -32.984010    1.000000    5.848302   28.268057
Iteration: 35 bestvalit: 0.008822 bestmemit:   46.770000  -32.984010    1.000000    5.848302   28.268057
Iteration: 36 bestvalit: 0.008822 bestmemit:   46.770000  -32.984010    1.000000    5.848302   28.268057
Iteration: 37 bestvalit: 0.007406 bestmemit:   40.215181   10.896378    1.000000   10.590415    2.796544
Iteration: 38 bestvalit: 0.007406 bestmemit:   40.215181   10.896378    1.000000   10.590415    2.796544
Iteration: 39 bestvalit: 0.007406 bestmemit:   40.215181   10.896378    1.000000   10.590415    2.796544
Iteration: 40 bestvalit: 0.007406 bestmemit:   40.215181   10.896378    1.000000   10.590415    2.796544
Iteration: 41 bestvalit: 0.007406 bestmemit:   40.215181   10.896378    1.000000   10.590415    2.796544
Iteration: 42 bestvalit: 0.007406 bestmemit:   40.215181   10.896378    1.000000   10.590415    2.796544
Iteration: 43 bestvalit: 0.007406 bestmemit:   40.215181   10.896378    1.000000   10.590415    2.796544
Iteration: 44 bestvalit: 0.007406 bestmemit:   40.215181   10.896378    1.000000   10.590415    2.796544
Iteration: 45 bestvalit: 0.007406 bestmemit:   40.215181   10.896378    1.000000   10.590415    2.796544
Iteration: 46 bestvalit: 0.007406 bestmemit:   40.215181   10.896378    1.000000   10.590415    2.796544
Iteration: 47 bestvalit: 0.007406 bestmemit:   40.215181   10.896378    1.000000   10.590415    2.796544
Iteration: 48 bestvalit: 0.007406 bestmemit:   40.215181   10.896378    1.000000   10.590415    2.796544
Iteration: 49 bestvalit: 0.007406 bestmemit:   40.215181   10.896378    1.000000   10.590415    2.796544
Iteration: 50 bestvalit: 0.006979 bestmemit:   40.215181  -23.599807    1.000000   10.590415    2.796544
Iteration: 51 bestvalit: 0.006671 bestmemit:   40.215181    0.939382    1.000000   10.590415    2.796544
Iteration: 52 bestvalit: 0.006218 bestmemit:   47.513873   -2.273340    1.000000   10.590415    2.796544
Iteration: 53 bestvalit: 0.006218 bestmemit:   47.513873   -2.273340    1.000000   10.590415    2.796544
Iteration: 54 bestvalit: 0.006218 bestmemit:   47.513873   -2.273340    1.000000   10.590415    2.796544
Iteration: 55 bestvalit: 0.006218 bestmemit:   47.513873   -2.273340    1.000000   10.590415    2.796544
Iteration: 56 bestvalit: 0.006218 bestmemit:   47.513873   -2.273340    1.000000   10.590415    2.796544
Iteration: 57 bestvalit: 0.006218 bestmemit:   47.513873   -2.273340    1.000000   10.590415    2.796544
Iteration: 58 bestvalit: 0.006218 bestmemit:   47.513873   -2.273340    1.000000   10.590415    2.796544
Iteration: 59 bestvalit: 0.006144 bestmemit:   47.513873   -3.650188    1.000000   10.590415    2.796544
Iteration: 60 bestvalit: 0.005161 bestmemit:   28.505211   -0.155290    1.000000    4.338750    2.733195
Iteration: 61 bestvalit: 0.005161 bestmemit:   28.505211   -0.155290    1.000000    4.338750    2.733195
Iteration: 62 bestvalit: 0.005161 bestmemit:   28.505211   -0.155290    1.000000    4.338750    2.733195
Iteration: 63 bestvalit: 0.005161 bestmemit:   28.505211   -0.155290    1.000000    4.338750    2.733195
Iteration: 64 bestvalit: 0.005005 bestmemit:   28.505211   -4.322727    1.000000    4.338750    2.733195
Iteration: 65 bestvalit: 0.005005 bestmemit:   28.505211   -4.322727    1.000000    4.338750    2.733195
Iteration: 66 bestvalit: 0.005005 bestmemit:   28.505211   -4.322727    1.000000    4.338750    2.733195
Iteration: 67 bestvalit: 0.005005 bestmemit:   28.505211   -4.322727    1.000000    4.338750    2.733195
Iteration: 68 bestvalit: 0.005005 bestmemit:   28.505211   -4.322727    1.000000    4.338750    2.733195
Iteration: 69 bestvalit: 0.005005 bestmemit:   28.505211   -4.322727    1.000000    4.338750    2.733195
Iteration: 70 bestvalit: 0.005005 bestmemit:   28.505211   -4.322727    1.000000    4.338750    2.733195
Iteration: 71 bestvalit: 0.004822 bestmemit:   21.115832    0.878449    1.000000    1.799382    1.761202
Iteration: 72 bestvalit: 0.004747 bestmemit:   21.115832    0.878449    1.000000    2.683099    1.761202
Iteration: 73 bestvalit: 0.004747 bestmemit:   21.115832    0.878449    1.000000    2.683099    1.761202
Iteration: 74 bestvalit: 0.004747 bestmemit:   21.115832    0.878449    1.000000    2.683099    1.761202
Iteration: 75 bestvalit: 0.004747 bestmemit:   21.115832    0.878449    1.000000    2.683099    1.761202
Iteration: 76 bestvalit: 0.004747 bestmemit:   21.115832    0.878449    1.000000    2.683099    1.761202
Iteration: 77 bestvalit: 0.004747 bestmemit:   21.115832    0.878449    1.000000    2.683099    1.761202
Iteration: 78 bestvalit: 0.004747 bestmemit:   21.115832    0.878449    1.000000    2.683099    1.761202
Iteration: 79 bestvalit: 0.004747 bestmemit:   21.115832    0.878449    1.000000    2.683099    1.761202
Iteration: 80 bestvalit: 0.004561 bestmemit:   21.739490    1.217865    1.000000    1.910065    0.800193
Iteration: 81 bestvalit: 0.004561 bestmemit:   21.739490    1.217865    1.000000    1.910065    0.800193
Iteration: 82 bestvalit: 0.004561 bestmemit:   21.739490    1.217865    1.000000    1.910065    0.800193
Iteration: 83 bestvalit: 0.004561 bestmemit:   21.739490    1.217865    1.000000    1.910065    0.800193
Iteration: 84 bestvalit: 0.004558 bestmemit:   21.739490    1.217865    1.000000    1.860470    0.800193
Iteration: 85 bestvalit: 0.004558 bestmemit:   21.739490    1.217865    1.000000    1.860470    0.800193
Iteration: 86 bestvalit: 0.004558 bestmemit:   21.739490    1.217865    1.000000    1.860470    0.800193
Iteration: 87 bestvalit: 0.004558 bestmemit:   21.739490    1.217865    1.000000    1.860470    0.800193
Iteration: 88 bestvalit: 0.004558 bestmemit:   21.739490    1.217865    1.000000    1.860470    0.800193
Iteration: 89 bestvalit: 0.004558 bestmemit:   21.739490    1.217865    1.000000    1.860470    0.800193
Iteration: 90 bestvalit: 0.004558 bestmemit:   21.739490    1.217865    1.000000    1.860470    0.800193
Iteration: 91 bestvalit: 0.004558 bestmemit:   21.739490    1.217865    1.000000    1.860470    0.800193
Iteration: 92 bestvalit: 0.004558 bestmemit:   21.739490    1.217865    1.000000    1.860470    0.800193
Iteration: 93 bestvalit: 0.004558 bestmemit:   21.739490    1.217865    1.000000    1.860470    0.800193
Iteration: 94 bestvalit: 0.004558 bestmemit:   21.739490    1.217865    1.000000    1.860470    0.800193
Iteration: 95 bestvalit: 0.004558 bestmemit:   21.739490    1.217865    1.000000    1.860470    0.800193
Iteration: 96 bestvalit: 0.004558 bestmemit:   21.739490    1.217865    1.000000    1.860470    0.800193
Iteration: 97 bestvalit: 0.004558 bestmemit:   21.739490    1.217865    1.000000    1.860470    0.800193
Iteration: 98 bestvalit: 0.004558 bestmemit:   21.739490    1.217865    1.000000    1.860470    0.800193
Iteration: 99 bestvalit: 0.004504 bestmemit:   19.633613    3.502113    1.000000    0.812386    0.181831
Iteration: 100 bestvalit: 0.004504 bestmemit:   19.633613    3.502113    1.000000    0.812386    0.181831
Iteration: 101 bestvalit: 0.004504 bestmemit:   19.633613    3.502113    1.000000    0.812386    0.181831
Iteration: 102 bestvalit: 0.004504 bestmemit:   19.633613    3.502113    1.000000    0.812386    0.181831
Iteration: 103 bestvalit: 0.004504 bestmemit:   19.633613    3.502113    1.000000    0.812386    0.181831
Iteration: 104 bestvalit: 0.004504 bestmemit:   19.633613    3.502113    1.000000    0.812386    0.181831
Iteration: 105 bestvalit: 0.004504 bestmemit:   19.633613    3.502113    1.000000    0.812386    0.181831
Iteration: 106 bestvalit: 0.004504 bestmemit:   19.633613    3.502113    1.000000    0.812386    0.181831
Iteration: 107 bestvalit: 0.004504 bestmemit:   19.633613    3.502113    1.000000    0.812386    0.181831
Iteration: 108 bestvalit: 0.004504 bestmemit:   19.633613    3.502113    1.000000    0.812386    0.181831
Iteration: 109 bestvalit: 0.004504 bestmemit:   19.633613    3.502113    1.000000    0.812386    0.181831
Iteration: 110 bestvalit: 0.004504 bestmemit:   19.633613    3.502113    1.000000    0.812386    0.181831
Iteration: 111 bestvalit: 0.004504 bestmemit:   19.633613    3.502113    1.000000    0.812386    0.181831
Iteration: 112 bestvalit: 0.004492 bestmemit:   19.015013    3.090897    1.000000    0.333809    0.187717
Iteration: 113 bestvalit: 0.004492 bestmemit:   19.015013    3.090897    1.000000    0.333809    0.187717
Iteration: 114 bestvalit: 0.004492 bestmemit:   19.015013    3.090897    1.000000    0.333809    0.187717
Iteration: 115 bestvalit: 0.004492 bestmemit:   19.015013    3.090897    1.000000    0.333809    0.187717
Iteration: 116 bestvalit: 0.004492 bestmemit:   19.015013    3.090897    1.000000    0.333809    0.187717
Iteration: 117 bestvalit: 0.004492 bestmemit:   19.015013    3.090897    1.000000    0.333809    0.187717
Iteration: 118 bestvalit: 0.004492 bestmemit:   19.015013    3.090897    1.000000    0.333809    0.187717
Iteration: 119 bestvalit: 0.004492 bestmemit:   19.015013    3.090897    1.000000    0.333809    0.187717
Iteration: 120 bestvalit: 0.004492 bestmemit:   19.015013    3.090897    1.000000    0.333809    0.187717
Iteration: 121 bestvalit: 0.004492 bestmemit:   19.015013    3.090897    1.000000    0.333809    0.187717
Iteration: 122 bestvalit: 0.004492 bestmemit:   19.015013    3.090897    1.000000    0.333809    0.187717
Iteration: 123 bestvalit: 0.004492 bestmemit:   19.015013    3.090897    1.000000    0.333809    0.187717
Iteration: 124 bestvalit: 0.004492 bestmemit:   19.015013    3.090897    1.000000    0.333809    0.187717
Iteration: 125 bestvalit: 0.004492 bestmemit:   19.015013    3.090897    1.000000    0.333809    0.187717
Iteration: 126 bestvalit: 0.004492 bestmemit:   19.015013    3.090897    1.000000    0.333809    0.187717
Iteration: 127 bestvalit: 0.004492 bestmemit:   19.015013    3.090897    1.000000    0.333809    0.187717
Iteration: 128 bestvalit: 0.004492 bestmemit:   19.015013    3.090897    1.000000    0.333809    0.187717
Iteration: 129 bestvalit: 0.004492 bestmemit:   19.015013    3.090897    1.000000    0.333809    0.187717
Iteration: 130 bestvalit: 0.004492 bestmemit:   19.015013    3.090897    1.000000    0.333809    0.187717
Iteration: 131 bestvalit: 0.004492 bestmemit:   19.015013    3.090897    1.000000    0.333809    0.187717
Iteration: 132 bestvalit: 0.004492 bestmemit:   19.015013    3.090897    1.000000    0.333809    0.187717
Iteration: 133 bestvalit: 0.004492 bestmemit:   19.015013    3.090897    1.000000    0.333809    0.187717
Iteration: 134 bestvalit: 0.004492 bestmemit:   19.015013    3.090897    1.000000    0.333809    0.187717
Iteration: 135 bestvalit: 0.004492 bestmemit:   19.015013    3.090897    1.000000    0.333809    0.187717
Iteration: 136 bestvalit: 0.004492 bestmemit:   19.015013    3.090897    1.000000    0.333809    0.187717
Iteration: 137 bestvalit: 0.004492 bestmemit:   19.015013    3.090897    1.000000    0.333809    0.187717
Iteration: 138 bestvalit: 0.004487 bestmemit:   16.811604    3.292516    1.000000    0.153029    0.241942
Iteration: 139 bestvalit: 0.004473 bestmemit:   17.129422    3.726312    1.000000    0.140221    0.186569
Iteration: 140 bestvalit: 0.004473 bestmemit:   17.129422    3.726312    1.000000    0.140221    0.186569
Iteration: 141 bestvalit: 0.004473 bestmemit:   17.129422    3.726312    1.000000    0.140221    0.186569
Iteration: 142 bestvalit: 0.004473 bestmemit:   17.129422    3.726312    1.000000    0.140221    0.186569
Iteration: 143 bestvalit: 0.004473 bestmemit:   17.129422    3.726312    1.000000    0.140221    0.186569
Iteration: 144 bestvalit: 0.004473 bestmemit:   17.129422    3.726312    1.000000    0.140221    0.186569
Iteration: 145 bestvalit: 0.004473 bestmemit:   17.129422    3.726312    1.000000    0.140221    0.186569
Iteration: 146 bestvalit: 0.004473 bestmemit:   17.129422    3.726312    1.000000    0.140221    0.186569
Iteration: 147 bestvalit: 0.004473 bestmemit:   17.129422    3.726312    1.000000    0.140221    0.186569
Iteration: 148 bestvalit: 0.004473 bestmemit:   17.129422    3.726312    1.000000    0.140221    0.186569
Iteration: 149 bestvalit: 0.004473 bestmemit:   17.129422    3.726312    1.000000    0.140221    0.186569
Iteration: 150 bestvalit: 0.004473 bestmemit:   17.129422    3.726312    1.000000    0.140221    0.186569
Iteration: 151 bestvalit: 0.004473 bestmemit:   17.129422    3.726312    1.000000    0.140221    0.186569
Iteration: 152 bestvalit: 0.004473 bestmemit:   17.129422    3.726312    1.000000    0.140221    0.186569
Iteration: 153 bestvalit: 0.004473 bestmemit:   17.129422    3.726312    1.000000    0.140221    0.186569
Iteration: 154 bestvalit: 0.004473 bestmemit:   17.129422    3.726312    1.000000    0.140221    0.186569
Iteration: 155 bestvalit: 0.004473 bestmemit:   17.129422    3.726312    1.000000    0.140221    0.186569
Iteration: 156 bestvalit: 0.004473 bestmemit:   17.129422    3.726312    1.000000    0.140221    0.186569
Iteration: 157 bestvalit: 0.004473 bestmemit:   17.129422    3.726312    1.000000    0.140221    0.186569
Iteration: 158 bestvalit: 0.004473 bestmemit:   17.129422    3.726312    1.000000    0.140221    0.186569
Iteration: 159 bestvalit: 0.004473 bestmemit:   17.129422    3.726312    1.000000    0.140221    0.186569
Iteration: 160 bestvalit: 0.004473 bestmemit:   17.129422    3.726312    1.000000    0.140221    0.186569
Iteration: 161 bestvalit: 0.004473 bestmemit:   17.129422    3.726312    1.000000    0.140221    0.186569
Iteration: 162 bestvalit: 0.004472 bestmemit:   17.016685    3.972357    1.000000    0.175517    0.184743
Iteration: 163 bestvalit: 0.004472 bestmemit:   17.016685    3.972357    1.000000    0.175517    0.184743
Iteration: 164 bestvalit: 0.004472 bestmemit:   17.016685    3.972357    1.000000    0.175517    0.184743
Iteration: 165 bestvalit: 0.004472 bestmemit:   17.016685    3.972357    1.000000    0.175517    0.184743
Iteration: 166 bestvalit: 0.004472 bestmemit:   17.016685    3.972357    1.000000    0.175517    0.184743
Iteration: 167 bestvalit: 0.004472 bestmemit:   17.016685    3.972357    1.000000    0.175517    0.184743
Iteration: 168 bestvalit: 0.004472 bestmemit:   17.016685    3.972357    1.000000    0.175517    0.184743
Iteration: 169 bestvalit: 0.004472 bestmemit:   17.016685    3.972357    1.000000    0.175517    0.184743
Iteration: 170 bestvalit: 0.004472 bestmemit:   17.016685    3.972357    1.000000    0.175517    0.184743
Iteration: 171 bestvalit: 0.004472 bestmemit:   17.016685    3.972357    1.000000    0.175517    0.184743
Iteration: 172 bestvalit: 0.004472 bestmemit:   17.016685    3.972357    1.000000    0.175517    0.184743
Iteration: 173 bestvalit: 0.004470 bestmemit:   16.915434    4.105301    1.000000    0.213151    0.158304
Iteration: 174 bestvalit: 0.004470 bestmemit:   16.915434    4.105301    1.000000    0.213151    0.158304
Iteration: 175 bestvalit: 0.004470 bestmemit:   16.915434    4.105301    1.000000    0.213151    0.158304
Iteration: 176 bestvalit: 0.004470 bestmemit:   16.915434    4.105301    1.000000    0.213151    0.158304
Iteration: 177 bestvalit: 0.004470 bestmemit:   16.915434    4.105301    1.000000    0.213151    0.158304
Iteration: 178 bestvalit: 0.004470 bestmemit:   16.915434    4.105301    1.000000    0.213151    0.158304
Iteration: 179 bestvalit: 0.004470 bestmemit:   16.915434    4.105301    1.000000    0.213151    0.158304
Iteration: 180 bestvalit: 0.004470 bestmemit:   16.915434    4.105301    1.000000    0.213151    0.158304
Iteration: 181 bestvalit: 0.004470 bestmemit:   16.915434    4.105301    1.000000    0.213151    0.158304
Iteration: 182 bestvalit: 0.004469 bestmemit:   16.632394    4.105301    1.000000    0.042210    0.148757
Iteration: 183 bestvalit: 0.004469 bestmemit:   16.632394    4.105301    1.000000    0.042210    0.148757
Iteration: 184 bestvalit: 0.004469 bestmemit:   16.632394    4.105301    1.000000    0.042210    0.148757
Iteration: 185 bestvalit: 0.004469 bestmemit:   16.632394    4.105301    1.000000    0.042210    0.148757
Iteration: 186 bestvalit: 0.004469 bestmemit:   16.632394    4.105301    1.000000    0.042210    0.148757
Iteration: 187 bestvalit: 0.004469 bestmemit:   16.632394    4.105301    1.000000    0.042210    0.148757
Iteration: 188 bestvalit: 0.004469 bestmemit:   16.632394    4.105301    1.000000    0.042210    0.148757
Iteration: 189 bestvalit: 0.004467 bestmemit:   16.140583    4.693231    1.000000    0.084389    0.100176
Iteration: 190 bestvalit: 0.004467 bestmemit:   16.140583    4.693231    1.000000    0.084389    0.100176
Iteration: 191 bestvalit: 0.004467 bestmemit:   16.140583    4.693231    1.000000    0.084389    0.100176
Iteration: 192 bestvalit: 0.004466 bestmemit:   16.440615    4.657435    1.000000    0.021700    0.029310
Iteration: 193 bestvalit: 0.004466 bestmemit:   16.440615    4.657435    1.000000    0.021700    0.029310
Iteration: 194 bestvalit: 0.004466 bestmemit:   16.440615    4.657435    1.000000    0.021700    0.029310
Iteration: 195 bestvalit: 0.004466 bestmemit:   16.440615    4.657435    1.000000    0.021700    0.029310
Iteration: 196 bestvalit: 0.004466 bestmemit:   16.440615    4.657435    1.000000    0.021700    0.029310
Iteration: 197 bestvalit: 0.004466 bestmemit:   16.440615    4.657435    1.000000    0.021700    0.029310
Iteration: 198 bestvalit: 0.004466 bestmemit:   16.059793    4.565351    1.000000    0.008747    0.098589
Iteration: 199 bestvalit: 0.004466 bestmemit:   16.059793    4.565351    1.000000    0.008747    0.098589
Iteration: 200 bestvalit: 0.004466 bestmemit:   16.059793    4.565351    1.000000    0.008747    0.098589
Iteration: 201 bestvalit: 0.004466 bestmemit:   16.059793    4.565351    1.000000    0.008747    0.098589
Iteration: 202 bestvalit: 0.004466 bestmemit:   16.059793    4.565351    1.000000    0.008747    0.098589
Iteration: 203 bestvalit: 0.004466 bestmemit:   16.059793    4.565351    1.000000    0.008747    0.098589
Iteration: 204 bestvalit: 0.004466 bestmemit:   16.059793    4.565351    1.000000    0.008747    0.098589
Iteration: 205 bestvalit: 0.004466 bestmemit:   16.059793    4.565351    1.000000    0.008747    0.098589
Iteration: 206 bestvalit: 0.004466 bestmemit:   16.059793    4.565351    1.000000    0.008747    0.098589
Iteration: 207 bestvalit: 0.004466 bestmemit:   16.059793    4.565351    1.000000    0.008747    0.098589
Iteration: 208 bestvalit: 0.004466 bestmemit:   16.059793    4.565351    1.000000    0.008747    0.098589
Iteration: 209 bestvalit: 0.004466 bestmemit:   16.059793    4.565351    1.000000    0.008747    0.098589
Iteration: 210 bestvalit: 0.004466 bestmemit:   16.059793    4.565351    1.000000    0.008747    0.098589
Iteration: 211 bestvalit: 0.004466 bestmemit:   16.059793    4.565351    1.000000    0.008747    0.098589
Iteration: 212 bestvalit: 0.004466 bestmemit:   16.059793    4.565351    1.000000    0.008747    0.098589
Iteration: 213 bestvalit: 0.004466 bestmemit:   16.059793    4.565351    1.000000    0.008747    0.098589
Iteration: 214 bestvalit: 0.004465 bestmemit:   16.095492    4.630399    1.000000    0.018164    0.072732
Iteration: 215 bestvalit: 0.004465 bestmemit:   16.095492    4.630399    1.000000    0.018164    0.072732
Iteration: 216 bestvalit: 0.004465 bestmemit:   16.095492    4.630399    1.000000    0.018164    0.072732
Iteration: 217 bestvalit: 0.004465 bestmemit:   16.095492    4.635745    1.000000    0.018164    0.072732
Iteration: 218 bestvalit: 0.004465 bestmemit:   16.095492    4.635745    1.000000    0.018164    0.072732
Iteration: 219 bestvalit: 0.004465 bestmemit:   16.075272    4.713093    1.000000    0.010104    0.054538
Iteration: 220 bestvalit: 0.004465 bestmemit:   16.075272    4.713093    1.000000    0.010104    0.054538
Iteration: 221 bestvalit: 0.004465 bestmemit:   16.075272    4.713093    1.000000    0.010104    0.054538
Iteration: 222 bestvalit: 0.004465 bestmemit:   16.075272    4.713093    1.000000    0.010104    0.054538
Iteration: 223 bestvalit: 0.004465 bestmemit:   16.075272    4.713093    1.000000    0.010104    0.054538
Iteration: 224 bestvalit: 0.004465 bestmemit:   16.075272    4.713093    1.000000    0.010104    0.054538
Iteration: 225 bestvalit: 0.004465 bestmemit:   16.095492    4.635745    1.000000    0.004326    0.067894
Iteration: 226 bestvalit: 0.004465 bestmemit:   16.095492    4.635745    1.000000    0.004326    0.067894
Iteration: 227 bestvalit: 0.004465 bestmemit:   16.095492    4.635745    1.000000    0.004326    0.067894
Iteration: 228 bestvalit: 0.004465 bestmemit:   16.095492    4.635745    1.000000    0.004326    0.067894
Iteration: 229 bestvalit: 0.004465 bestmemit:   16.095492    4.635745    1.000000    0.004326    0.067894
Iteration: 230 bestvalit: 0.004465 bestmemit:   16.095492    4.635745    1.000000    0.004326    0.067894
Iteration: 231 bestvalit: 0.004465 bestmemit:   16.095492    4.635745    1.000000    0.004326    0.067894
Iteration: 232 bestvalit: 0.004465 bestmemit:   16.095492    4.635745    1.000000    0.004326    0.067894
Iteration: 233 bestvalit: 0.004465 bestmemit:   16.095492    4.635745    1.000000    0.004326    0.067894
Iteration: 234 bestvalit: 0.004465 bestmemit:   16.095492    4.635745    1.000000    0.004326    0.067894
Iteration: 235 bestvalit: 0.004465 bestmemit:   16.095492    4.635745    1.000000    0.004326    0.067894
Iteration: 236 bestvalit: 0.004465 bestmemit:   16.095492    4.635745    1.000000    0.004326    0.067894
Iteration: 237 bestvalit: 0.004465 bestmemit:   16.163862    4.678883    1.000000    0.002497    0.056055
Iteration: 238 bestvalit: 0.004465 bestmemit:   16.163862    4.678883    1.000000    0.002497    0.056055
Iteration: 239 bestvalit: 0.004465 bestmemit:   16.163862    4.678883    1.000000    0.002497    0.056055
Iteration: 240 bestvalit: 0.004465 bestmemit:   16.163862    4.678883    1.000000    0.002497    0.056055
Iteration: 241 bestvalit: 0.004465 bestmemit:   16.156613    4.660800    1.000000    0.001014    0.058921
Iteration: 242 bestvalit: 0.004465 bestmemit:   16.156613    4.660800    1.000000    0.001014    0.058921
Iteration: 243 bestvalit: 0.004465 bestmemit:   16.156613    4.660800    1.000000    0.001014    0.058921
Iteration: 244 bestvalit: 0.004465 bestmemit:   16.156613    4.660800    1.000000    0.001014    0.058921
Iteration: 245 bestvalit: 0.004465 bestmemit:   16.108602    4.724978    1.000000    0.000838    0.045055
Iteration: 246 bestvalit: 0.004465 bestmemit:   16.108602    4.724978    1.000000    0.000838    0.045055
Iteration: 247 bestvalit: 0.004465 bestmemit:   16.108602    4.724978    1.000000    0.000838    0.045055
Iteration: 248 bestvalit: 0.004465 bestmemit:   16.108602    4.724978    1.000000    0.000838    0.045055
Iteration: 249 bestvalit: 0.004465 bestmemit:   16.108602    4.724978    1.000000    0.000838    0.045055
Iteration: 250 bestvalit: 0.004465 bestmemit:   16.108602    4.724978    1.000000    0.000838    0.045055
Iteration: 251 bestvalit: 0.004465 bestmemit:   16.108602    4.724978    1.000000    0.000838    0.045055
Iteration: 252 bestvalit: 0.004465 bestmemit:   16.108602    4.724978    1.000000    0.000838    0.045055
Iteration: 253 bestvalit: 0.004465 bestmemit:   16.108602    4.724978    1.000000    0.000838    0.045055
Iteration: 254 bestvalit: 0.004465 bestmemit:   16.108602    4.724978    1.000000    0.000838    0.045055
Iteration: 255 bestvalit: 0.004465 bestmemit:   16.088332    4.696518    1.000000    0.000174    0.056055
Iteration: 256 bestvalit: 0.004465 bestmemit:   16.088332    4.696518    1.000000    0.000174    0.056055
Iteration: 257 bestvalit: 0.004465 bestmemit:   16.088332    4.696518    1.000000    0.000174    0.056055
Iteration: 258 bestvalit: 0.004465 bestmemit:   16.079044    4.720160    1.000000    0.000696    0.051849
Iteration: 259 bestvalit: 0.004465 bestmemit:   16.079044    4.720160    1.000000    0.000696    0.051849
Iteration: 260 bestvalit: 0.004465 bestmemit:   16.079044    4.720160    1.000000    0.000696    0.051849
Iteration: 261 bestvalit: 0.004465 bestmemit:   16.079044    4.720160    1.000000    0.000696    0.051849
Iteration: 262 bestvalit: 0.004465 bestmemit:   16.079044    4.720160    1.000000    0.000696    0.051849
Iteration: 263 bestvalit: 0.004465 bestmemit:   16.079044    4.720160    1.000000    0.000696    0.051849
Iteration: 264 bestvalit: 0.004465 bestmemit:   16.079044    4.720160    1.000000    0.000696    0.051849
Iteration: 265 bestvalit: 0.004465 bestmemit:   16.079044    4.720160    1.000000    0.000696    0.051849
Iteration: 266 bestvalit: 0.004465 bestmemit:   16.079044    4.720160    1.000000    0.000696    0.051849
Iteration: 267 bestvalit: 0.004465 bestmemit:   16.079044    4.720160    1.000000    0.000696    0.051849
Iteration: 268 bestvalit: 0.004465 bestmemit:   16.079044    4.720160    1.000000    0.000696    0.051849
Iteration: 269 bestvalit: 0.004465 bestmemit:   16.079044    4.720160    1.000000    0.000696    0.051849
Iteration: 270 bestvalit: 0.004465 bestmemit:   16.079044    4.720160    1.000000    0.000696    0.051849
Iteration: 271 bestvalit: 0.004465 bestmemit:   16.077380    4.708742    1.000000    0.000129    0.054601
Iteration: 272 bestvalit: 0.004465 bestmemit:   16.077380    4.708742    1.000000    0.000129    0.054601
Iteration: 273 bestvalit: 0.004465 bestmemit:   16.077380    4.708742    1.000000    0.000129    0.054601
Iteration: 274 bestvalit: 0.004465 bestmemit:   16.150751    4.685621    1.000000    0.000195    0.048991
Iteration: 275 bestvalit: 0.004465 bestmemit:   16.100111    4.727668    1.000000    0.000498    0.047635
Iteration: 276 bestvalit: 0.004465 bestmemit:   16.106855    4.722523    1.000000    0.000336    0.049213
Iteration: 277 bestvalit: 0.004465 bestmemit:   16.106855    4.722523    1.000000    0.000336    0.049213
Iteration: 278 bestvalit: 0.004465 bestmemit:   16.106855    4.722523    1.000000    0.000336    0.049213
Iteration: 279 bestvalit: 0.004465 bestmemit:   16.079044    4.720160    1.000000    0.000227    0.050766
Iteration: 280 bestvalit: 0.004465 bestmemit:   16.085962    4.714774    1.000000    0.000269    0.051641
Iteration: 281 bestvalit: 0.004465 bestmemit:   16.085962    4.714774    1.000000    0.000269    0.051641
Iteration: 282 bestvalit: 0.004465 bestmemit:   16.108283    4.723908    1.000000    0.000102    0.044960
Iteration: 283 bestvalit: 0.004465 bestmemit:   16.108283    4.723908    1.000000    0.000102    0.044960
Iteration: 284 bestvalit: 0.004465 bestmemit:   16.108602    4.724978    1.000000    0.000004    0.046337
Iteration: 285 bestvalit: 0.004465 bestmemit:   16.108602    4.724978    1.000000    0.000004    0.046337
Iteration: 286 bestvalit: 0.004465 bestmemit:   16.108602    4.724978    1.000000    0.000004    0.046337
Iteration: 287 bestvalit: 0.004465 bestmemit:   16.108602    4.724978    1.000000    0.000004    0.046337
Iteration: 288 bestvalit: 0.004465 bestmemit:   16.108602    4.724978    1.000000    0.000004    0.046337
Iteration: 289 bestvalit: 0.004465 bestmemit:   16.114681    4.704250    1.000000    0.000087    0.049899
Iteration: 290 bestvalit: 0.004465 bestmemit:   16.114681    4.704250    1.000000    0.000087    0.049899
Iteration: 291 bestvalit: 0.004465 bestmemit:   16.114681    4.704250    1.000000    0.000087    0.049899
Iteration: 292 bestvalit: 0.004465 bestmemit:   16.114681    4.704250    1.000000    0.000087    0.049899
Iteration: 293 bestvalit: 0.004465 bestmemit:   16.114681    4.704250    1.000000    0.000087    0.049899
Iteration: 294 bestvalit: 0.004465 bestmemit:   16.114681    4.704250    1.000000    0.000087    0.049899
Iteration: 295 bestvalit: 0.004465 bestmemit:   16.114681    4.704250    1.000000    0.000087    0.049899
Iteration: 296 bestvalit: 0.004465 bestmemit:   16.114681    4.704250    1.000000    0.000087    0.049899
Iteration: 297 bestvalit: 0.004465 bestmemit:   16.114681    4.704250    1.000000    0.000087    0.049899
Iteration: 298 bestvalit: 0.004465 bestmemit:   16.114681    4.704250    1.000000    0.000087    0.049899
Iteration: 299 bestvalit: 0.004465 bestmemit:   16.114681    4.704250    1.000000    0.000087    0.049899
Iteration: 300 bestvalit: 0.004465 bestmemit:   16.114681    4.704250    1.000000    0.000087    0.049899
Iteration: 301 bestvalit: 0.004465 bestmemit:   16.114681    4.704250    1.000000    0.000087    0.049899
Iteration: 302 bestvalit: 0.004465 bestmemit:   16.113485    4.714944    1.000000    0.000035    0.047735
Iteration: 303 bestvalit: 0.004465 bestmemit:   16.113485    4.714944    1.000000    0.000035    0.047735
Iteration: 304 bestvalit: 0.004465 bestmemit:   16.113485    4.714944    1.000000    0.000035    0.047735
Iteration: 305 bestvalit: 0.004465 bestmemit:   16.113485    4.714944    1.000000    0.000035    0.047735
Iteration: 306 bestvalit: 0.004465 bestmemit:   16.113485    4.714944    1.000000    0.000035    0.047735
Iteration: 307 bestvalit: 0.004465 bestmemit:   16.113485    4.714944    1.000000    0.000035    0.047735
Iteration: 308 bestvalit: 0.004465 bestmemit:   16.113485    4.714944    1.000000    0.000035    0.047735
Iteration: 309 bestvalit: 0.004465 bestmemit:   16.121271    4.707445    1.000000    0.000010    0.048933
Iteration: 310 bestvalit: 0.004465 bestmemit:   16.121271    4.707445    1.000000    0.000010    0.048933
Iteration: 311 bestvalit: 0.004465 bestmemit:   16.121271    4.707445    1.000000    0.000010    0.048933
Iteration: 312 bestvalit: 0.004465 bestmemit:   16.121271    4.707445    1.000000    0.000010    0.048933
Iteration: 313 bestvalit: 0.004465 bestmemit:   16.121271    4.707445    1.000000    0.000010    0.048933
Iteration: 314 bestvalit: 0.004465 bestmemit:   16.121271    4.707445    1.000000    0.000010    0.048933
Iteration: 315 bestvalit: 0.004465 bestmemit:   16.121271    4.707445    1.000000    0.000010    0.048933
Iteration: 316 bestvalit: 0.004465 bestmemit:   16.107271    4.715217    1.000000    0.000020    0.048548
Iteration: 317 bestvalit: 0.004465 bestmemit:   16.107271    4.715217    1.000000    0.000020    0.048548
Iteration: 318 bestvalit: 0.004465 bestmemit:   16.107271    4.715217    1.000000    0.000020    0.048548
Iteration: 319 bestvalit: 0.004465 bestmemit:   16.107271    4.715217    1.000000    0.000020    0.048548
Iteration: 320 bestvalit: 0.004465 bestmemit:   16.107271    4.715217    1.000000    0.000020    0.048548
Iteration: 321 bestvalit: 0.004465 bestmemit:   16.106622    4.713190    1.000000    0.000008    0.049258
Iteration: 322 bestvalit: 0.004465 bestmemit:   16.106622    4.713190    1.000000    0.000008    0.049258
Iteration: 323 bestvalit: 0.004465 bestmemit:   16.109065    4.713703    1.000000    0.000002    0.049077
Iteration: 324 bestvalit: 0.004465 bestmemit:   16.109065    4.713703    1.000000    0.000002    0.049077
Iteration: 325 bestvalit: 0.004465 bestmemit:   16.109065    4.713703    1.000000    0.000002    0.049077
Iteration: 326 bestvalit: 0.004465 bestmemit:   16.109065    4.713703    1.000000    0.000002    0.049077
Iteration: 327 bestvalit: 0.004465 bestmemit:   16.109065    4.713703    1.000000    0.000002    0.049077
Iteration: 328 bestvalit: 0.004465 bestmemit:   16.109065    4.713703    1.000000    0.000002    0.049077
Iteration: 329 bestvalit: 0.004465 bestmemit:   16.109065    4.713703    1.000000    0.000002    0.049077
Iteration: 330 bestvalit: 0.004465 bestmemit:   16.109065    4.713703    1.000000    0.000002    0.049077
Iteration: 331 bestvalit: 0.004465 bestmemit:   16.109065    4.713703    1.000000    0.000002    0.049077
Iteration: 332 bestvalit: 0.004465 bestmemit:   16.109065    4.713703    1.000000    0.000002    0.049077
Iteration: 333 bestvalit: 0.004465 bestmemit:   16.109065    4.713703    1.000000    0.000002    0.049077
Iteration: 334 bestvalit: 0.004465 bestmemit:   16.109065    4.713703    1.000000    0.000002    0.049077
Iteration: 335 bestvalit: 0.004465 bestmemit:   16.109065    4.713703    1.000000    0.000002    0.049077
Iteration: 336 bestvalit: 0.004465 bestmemit:   16.109065    4.713703    1.000000    0.000002    0.049077
Iteration: 337 bestvalit: 0.004465 bestmemit:   16.109065    4.713703    1.000000    0.000002    0.049077
Iteration: 338 bestvalit: 0.004465 bestmemit:   16.109065    4.713703    1.000000    0.000002    0.049077
Iteration: 339 bestvalit: 0.004465 bestmemit:   16.108322    4.712611    1.000000    0.000002    0.049309
Iteration: 340 bestvalit: 0.004465 bestmemit:   16.108322    4.712611    1.000000    0.000002    0.049309
Iteration: 341 bestvalit: 0.004465 bestmemit:   16.108051    4.712170    1.000000    0.000001    0.049345
Iteration: 342 bestvalit: 0.004465 bestmemit:   16.108051    4.712170    1.000000    0.000001    0.049345
Iteration: 343 bestvalit: 0.004465 bestmemit:   16.110096    4.711425    1.000000    0.000003    0.049057
Iteration: 344 bestvalit: 0.004465 bestmemit:   16.110096    4.711425    1.000000    0.000003    0.049057
Iteration: 345 bestvalit: 0.004465 bestmemit:   16.110096    4.711425    1.000000    0.000003    0.049057
Iteration: 346 bestvalit: 0.004465 bestmemit:   16.108518    4.713266    1.000000    0.000001    0.049077
Iteration: 347 bestvalit: 0.004465 bestmemit:   16.108518    4.713266    1.000000    0.000001    0.049077
Iteration: 348 bestvalit: 0.004465 bestmemit:   16.108518    4.713266    1.000000    0.000001    0.049077
Iteration: 349 bestvalit: 0.004465 bestmemit:   16.109727    4.712577    1.000000    0.000001    0.049084
Iteration: 350 bestvalit: 0.004465 bestmemit:   16.109727    4.712577    1.000000    0.000001    0.049084
Iteration: 351 bestvalit: 0.004465 bestmemit:   16.109727    4.712577    1.000000    0.000001    0.049084
Iteration: 352 bestvalit: 0.004465 bestmemit:   16.109727    4.712577    1.000000    0.000001    0.049084
Iteration: 353 bestvalit: 0.004465 bestmemit:   16.109727    4.712577    1.000000    0.000001    0.049084
Iteration: 354 bestvalit: 0.004465 bestmemit:   16.110559    4.712191    1.000000    0.000001    0.049007
Iteration: 355 bestvalit: 0.004465 bestmemit:   16.110559    4.712191    1.000000    0.000001    0.049007
Iteration: 356 bestvalit: 0.004465 bestmemit:   16.110559    4.712191    1.000000    0.000001    0.049007
Iteration: 357 bestvalit: 0.004465 bestmemit:   16.110559    4.712191    1.000000    0.000001    0.049007
Iteration: 358 bestvalit: 0.004465 bestmemit:   16.110559    4.712191    1.000000    0.000001    0.049007
Iteration: 359 bestvalit: 0.004465 bestmemit:   16.110559    4.712191    1.000000    0.000000    0.049007
Iteration: 360 bestvalit: 0.004465 bestmemit:   16.110559    4.712191    1.000000    0.000000    0.049007
Iteration: 361 bestvalit: 0.004465 bestmemit:   16.110559    4.712191    1.000000    0.000000    0.049007
Iteration: 362 bestvalit: 0.004465 bestmemit:   16.110559    4.712191    1.000000    0.000000    0.049007
Iteration: 363 bestvalit: 0.004465 bestmemit:   16.110559    4.712191    1.000000    0.000000    0.049007
Iteration: 364 bestvalit: 0.004465 bestmemit:   16.110559    4.712191    1.000000    0.000000    0.049007
Iteration: 365 bestvalit: 0.004465 bestmemit:   16.110559    4.712191    1.000000    0.000000    0.049007
Iteration: 366 bestvalit: 0.004465 bestmemit:   16.110559    4.712191    1.000000    0.000000    0.049007
Iteration: 367 bestvalit: 0.004465 bestmemit:   16.110559    4.712191    1.000000    0.000000    0.049007
Iteration: 368 bestvalit: 0.004465 bestmemit:   16.110559    4.712191    1.000000    0.000000    0.049007
Iteration: 369 bestvalit: 0.004465 bestmemit:   16.110559    4.712191    1.000000    0.000000    0.049007
Iteration: 370 bestvalit: 0.004465 bestmemit:   16.110559    4.712191    1.000000    0.000000    0.049007
Iteration: 371 bestvalit: 0.004465 bestmemit:   16.111373    4.712125    1.000000    0.000000    0.048896
Iteration: 372 bestvalit: 0.004465 bestmemit:   16.110973    4.712261    1.000000    0.000000    0.048926
Iteration: 373 bestvalit: 0.004465 bestmemit:   16.110973    4.712261    1.000000    0.000000    0.048926
Iteration: 374 bestvalit: 0.004465 bestmemit:   16.110973    4.712261    1.000000    0.000000    0.048926
Iteration: 375 bestvalit: 0.004465 bestmemit:   16.110973    4.712261    1.000000    0.000000    0.048926
Iteration: 376 bestvalit: 0.004465 bestmemit:   16.110958    4.712216    1.000000    0.000000    0.048947
Iteration: 377 bestvalit: 0.004465 bestmemit:   16.110958    4.712216    1.000000    0.000000    0.048947
Iteration: 378 bestvalit: 0.004465 bestmemit:   16.110958    4.712216    1.000000    0.000000    0.048947
Iteration: 379 bestvalit: 0.004465 bestmemit:   16.110473    4.712261    1.000000    0.000000    0.048996
Iteration: 380 bestvalit: 0.004465 bestmemit:   16.111234    4.711605    1.000000    0.000000    0.049000
Iteration: 381 bestvalit: 0.004465 bestmemit:   16.111234    4.711605    1.000000    0.000000    0.049000
Iteration: 382 bestvalit: 0.004465 bestmemit:   16.111234    4.711605    1.000000    0.000000    0.049000
Iteration: 383 bestvalit: 0.004465 bestmemit:   16.111234    4.711605    1.000000    0.000000    0.049000
Iteration: 384 bestvalit: 0.004465 bestmemit:   16.111234    4.711605    1.000000    0.000000    0.049000
Iteration: 385 bestvalit: 0.004465 bestmemit:   16.110473    4.712261    1.000000    0.000000    0.048996
Iteration: 386 bestvalit: 0.004465 bestmemit:   16.110473    4.712261    1.000000    0.000000    0.048996
Iteration: 387 bestvalit: 0.004465 bestmemit:   16.110473    4.712261    1.000000    0.000000    0.048996
Iteration: 388 bestvalit: 0.004465 bestmemit:   16.110473    4.712212    1.000000    0.000000    0.048996
Iteration: 389 bestvalit: 0.004465 bestmemit:   16.110473    4.712212    1.000000    0.000000    0.048996
Iteration: 390 bestvalit: 0.004465 bestmemit:   16.110473    4.712212    1.000000    0.000000    0.048996
Iteration: 391 bestvalit: 0.004465 bestmemit:   16.110473    4.712212    1.000000    0.000000    0.048996
Iteration: 392 bestvalit: 0.004465 bestmemit:   16.110473    4.712212    1.000000    0.000000    0.048996
Iteration: 393 bestvalit: 0.004465 bestmemit:   16.110473    4.712212    1.000000    0.000000    0.048996
Iteration: 394 bestvalit: 0.004465 bestmemit:   16.110473    4.712212    1.000000    0.000000    0.048996

***** summary of DEoptim object ***** 
best member   :  16.11047 4.71221 1 0 0.049 
best value    :  0.00446 
after         :  394 generations 
fn evaluated  :  790 times 
*************************************
