SLURM_JOB_ID: 55402979
SLURM_JOB_USER: vsc34066
SLURM_JOB_ACCOUNT: lp_desenderlab
SLURM_JOB_NAME: par_recov_alternating_fb_sim_alpha_learn.slurm
SLURM_CLUSTER_NAME: genius
SLURM_JOB_PARTITION: batch
SLURM_ARRAY_JOB_ID: 55402977
SLURM_ARRAY_TASK_ID: 2
SLURM_NNODES: 1
SLURM_NODELIST: r22i27n02
SLURM_JOB_CPUS_PER_NODE: 8
Date: Sun Dec  3 23:43:59 CET 2023
Walltime: 01-06:00:00
========================================================================
Iteration: 1 bestvalit: 0.062003 bestmemit:   25.982864   41.480516    1.000000 1310.453771  927.189698
Iteration: 2 bestvalit: 0.058743 bestmemit:   19.793622   83.126604    1.000000  921.703605  902.585604
Iteration: 3 bestvalit: 0.054756 bestmemit:   32.663394   63.131877    1.000000 1624.006731   44.322274
Iteration: 4 bestvalit: 0.054756 bestmemit:   32.663394   63.131877    1.000000 1624.006731   44.322274
Iteration: 5 bestvalit: 0.054756 bestmemit:   32.663394   63.131877    1.000000 1624.006731   44.322274
Iteration: 6 bestvalit: 0.054756 bestmemit:   32.663394   63.131877    1.000000 1624.006731   44.322274
Iteration: 7 bestvalit: 0.020184 bestmemit:   41.307251   95.341286    1.000000    5.275975   27.126793
Iteration: 8 bestvalit: 0.020184 bestmemit:   41.307251   95.341286    1.000000    5.275975   27.126793
Iteration: 9 bestvalit: 0.012523 bestmemit:   41.307251  -72.648464    1.000000    5.275975   27.126793
Iteration: 10 bestvalit: 0.012523 bestmemit:   41.307251  -72.648464    1.000000    5.275975   27.126793
Iteration: 11 bestvalit: 0.012523 bestmemit:   41.307251  -72.648464    1.000000    5.275975   27.126793
Iteration: 12 bestvalit: 0.012523 bestmemit:   41.307251  -72.648464    1.000000    5.275975   27.126793
Iteration: 13 bestvalit: 0.012523 bestmemit:   41.307251  -72.648464    1.000000    5.275975   27.126793
Iteration: 14 bestvalit: 0.012523 bestmemit:   41.307251  -72.648464    1.000000    5.275975   27.126793
Iteration: 15 bestvalit: 0.012523 bestmemit:   41.307251  -72.648464    1.000000    5.275975   27.126793
Iteration: 16 bestvalit: 0.012523 bestmemit:   41.307251  -72.648464    1.000000    5.275975   27.126793
Iteration: 17 bestvalit: 0.012523 bestmemit:   41.307251  -72.648464    1.000000    5.275975   27.126793
Iteration: 18 bestvalit: 0.012523 bestmemit:   41.307251  -72.648464    1.000000    5.275975   27.126793
Iteration: 19 bestvalit: 0.012523 bestmemit:   41.307251  -72.648464    1.000000    5.275975   27.126793
Iteration: 20 bestvalit: 0.012523 bestmemit:   41.307251  -72.648464    1.000000    5.275975   27.126793
Iteration: 21 bestvalit: 0.012523 bestmemit:   41.307251  -72.648464    1.000000    5.275975   27.126793
Iteration: 22 bestvalit: 0.012523 bestmemit:   41.307251  -72.648464    1.000000    5.275975   27.126793
Iteration: 23 bestvalit: 0.012523 bestmemit:   41.307251  -72.648464    1.000000    5.275975   27.126793
Iteration: 24 bestvalit: 0.012523 bestmemit:   41.307251  -72.648464    1.000000    5.275975   27.126793
Iteration: 25 bestvalit: 0.012523 bestmemit:   41.307251  -72.648464    1.000000    5.275975   27.126793
Iteration: 26 bestvalit: 0.012523 bestmemit:   41.307251  -72.648464    1.000000    5.275975   27.126793
Iteration: 27 bestvalit: 0.012523 bestmemit:   41.307251  -72.648464    1.000000    5.275975   27.126793
Iteration: 28 bestvalit: 0.012523 bestmemit:   41.307251  -72.648464    1.000000    5.275975   27.126793
Iteration: 29 bestvalit: 0.011294 bestmemit:    9.736846  -12.171043    1.000000   30.568623   16.194558
Iteration: 30 bestvalit: 0.010749 bestmemit:    9.736846  -64.026526    1.000000   30.568623   16.194558
Iteration: 31 bestvalit: 0.010749 bestmemit:    9.736846  -64.026526    1.000000   30.568623   16.194558
Iteration: 32 bestvalit: 0.010749 bestmemit:    9.736846  -64.026526    1.000000   30.568623   16.194558
Iteration: 33 bestvalit: 0.010749 bestmemit:    9.736846  -64.026526    1.000000   30.568623   16.194558
Iteration: 34 bestvalit: 0.010749 bestmemit:    9.736846  -64.026526    1.000000   30.568623   16.194558
Iteration: 35 bestvalit: 0.010749 bestmemit:    9.736846  -64.026526    1.000000   30.568623   16.194558
Iteration: 36 bestvalit: 0.010703 bestmemit:   36.833499  -23.387263    1.000000   23.462885   22.757522
Iteration: 37 bestvalit: 0.010703 bestmemit:   36.833499  -23.387263    1.000000   23.462885   22.757522
Iteration: 38 bestvalit: 0.008773 bestmemit:   47.478772  -64.026526    1.000000   30.568623   16.194558
Iteration: 39 bestvalit: 0.008773 bestmemit:   47.478772  -64.026526    1.000000   30.568623   16.194558
Iteration: 40 bestvalit: 0.007951 bestmemit:   46.891663  -60.254129    1.000000   37.288097    5.547638
Iteration: 41 bestvalit: 0.007951 bestmemit:   46.891663  -60.254129    1.000000   37.288097    5.547638
Iteration: 42 bestvalit: 0.007951 bestmemit:   46.891663  -60.254129    1.000000   37.288097    5.547638
Iteration: 43 bestvalit: 0.007951 bestmemit:   46.891663  -60.254129    1.000000   37.288097    5.547638
Iteration: 44 bestvalit: 0.007951 bestmemit:   46.891663  -60.254129    1.000000   37.288097    5.547638
Iteration: 45 bestvalit: 0.007951 bestmemit:   46.891663  -60.254129    1.000000   37.288097    5.547638
Iteration: 46 bestvalit: 0.006443 bestmemit:   21.640590  -35.406136    1.000000    5.275975    7.330402
Iteration: 47 bestvalit: 0.005918 bestmemit:   30.646043  -46.375403    1.000000    8.335963    3.992454
Iteration: 48 bestvalit: 0.005918 bestmemit:   30.646043  -46.375403    1.000000    8.335963    3.992454
Iteration: 49 bestvalit: 0.005431 bestmemit:   30.646043  -22.983127    1.000000    8.335963    3.992454
Iteration: 50 bestvalit: 0.004330 bestmemit:   15.509413  -14.631820    1.000000    8.335963    3.992454
Iteration: 51 bestvalit: 0.004330 bestmemit:   15.509413  -14.631820    1.000000    8.335963    3.992454
Iteration: 52 bestvalit: 0.004330 bestmemit:   15.509413  -14.631820    1.000000    8.335963    3.992454
Iteration: 53 bestvalit: 0.004330 bestmemit:   15.509413  -14.631820    1.000000    8.335963    3.992454
Iteration: 54 bestvalit: 0.004330 bestmemit:   15.509413  -14.631820    1.000000    8.335963    3.992454
Iteration: 55 bestvalit: 0.004330 bestmemit:   15.509413  -14.631820    1.000000    8.335963    3.992454
Iteration: 56 bestvalit: 0.004330 bestmemit:   15.509413  -14.631820    1.000000    8.335963    3.992454
Iteration: 57 bestvalit: 0.004330 bestmemit:   15.509413  -14.631820    1.000000    8.335963    3.992454
Iteration: 58 bestvalit: 0.004330 bestmemit:   15.509413  -14.631820    1.000000    8.335963    3.992454
Iteration: 59 bestvalit: 0.004330 bestmemit:   15.509413  -14.631820    1.000000    8.335963    3.992454
Iteration: 60 bestvalit: 0.004057 bestmemit:    9.886715  -16.862357    1.000000    4.473885    4.193413
Iteration: 61 bestvalit: 0.004057 bestmemit:    9.886715  -16.862357    1.000000    4.473885    4.193413
Iteration: 62 bestvalit: 0.004057 bestmemit:    9.886715  -16.862357    1.000000    4.473885    4.193413
Iteration: 63 bestvalit: 0.004057 bestmemit:    9.886715  -16.862357    1.000000    4.473885    4.193413
Iteration: 64 bestvalit: 0.004057 bestmemit:    9.886715  -16.862357    1.000000    4.473885    4.193413
Iteration: 65 bestvalit: 0.003987 bestmemit:    9.886715  -16.862357    1.000000    7.417499    4.193413
Iteration: 66 bestvalit: 0.003987 bestmemit:    9.886715  -16.862357    1.000000    7.417499    4.193413
Iteration: 67 bestvalit: 0.003987 bestmemit:    9.886715  -16.862357    1.000000    7.417499    4.193413
Iteration: 68 bestvalit: 0.003987 bestmemit:    9.886715  -16.862357    1.000000    7.417499    4.193413
Iteration: 69 bestvalit: 0.003987 bestmemit:    9.886715  -16.862357    1.000000    7.417499    4.193413
Iteration: 70 bestvalit: 0.003987 bestmemit:    9.886715  -16.862357    1.000000    7.417499    4.193413
Iteration: 71 bestvalit: 0.003751 bestmemit:   12.386370  -16.536045    1.000000    6.969576    2.080320
Iteration: 72 bestvalit: 0.003751 bestmemit:   12.386370  -16.536045    1.000000    6.969576    2.080320
Iteration: 73 bestvalit: 0.003751 bestmemit:   12.386370  -16.536045    1.000000    6.969576    2.080320
Iteration: 74 bestvalit: 0.003751 bestmemit:   12.386370  -16.536045    1.000000    6.969576    2.080320
Iteration: 75 bestvalit: 0.003751 bestmemit:   12.386370  -16.536045    1.000000    6.969576    2.080320
Iteration: 76 bestvalit: 0.003751 bestmemit:   12.386370  -16.536045    1.000000    6.969576    2.080320
Iteration: 77 bestvalit: 0.003751 bestmemit:   12.386370  -16.536045    1.000000    6.969576    2.080320
Iteration: 78 bestvalit: 0.003738 bestmemit:   11.395693  -13.992318    1.000000    5.227950    3.332215
Iteration: 79 bestvalit: 0.003738 bestmemit:   11.395693  -13.992318    1.000000    5.227950    3.332215
Iteration: 80 bestvalit: 0.003738 bestmemit:   11.395693  -13.992318    1.000000    5.227950    3.332215
Iteration: 81 bestvalit: 0.003726 bestmemit:   14.804352  -16.570962    1.000000    8.285546    2.489172
Iteration: 82 bestvalit: 0.003700 bestmemit:    9.508833  -14.311726    1.000000    5.237359    3.333540
Iteration: 83 bestvalit: 0.003696 bestmemit:   11.103570  -14.698175    1.000000    5.231838    3.202044
Iteration: 84 bestvalit: 0.003562 bestmemit:    5.899819   -7.099974    1.000000    3.710042    2.050542
Iteration: 85 bestvalit: 0.003498 bestmemit:   10.792018   -8.255888    1.000000    4.839674    1.671026
Iteration: 86 bestvalit: 0.003498 bestmemit:   10.792018   -8.255888    1.000000    4.839674    1.671026
Iteration: 87 bestvalit: 0.003498 bestmemit:   10.792018   -8.255888    1.000000    4.839674    1.671026
Iteration: 88 bestvalit: 0.003488 bestmemit:    8.825197   -8.334962    1.000000    3.925699    2.427015
Iteration: 89 bestvalit: 0.003488 bestmemit:    8.825197   -8.334962    1.000000    3.925699    2.427015
Iteration: 90 bestvalit: 0.003488 bestmemit:    8.825197   -8.334962    1.000000    3.925699    2.427015
Iteration: 91 bestvalit: 0.003488 bestmemit:    8.825197   -8.334962    1.000000    3.925699    2.427015
Iteration: 92 bestvalit: 0.003471 bestmemit:    8.667102  -10.171804    1.000000    5.271251    2.297040
Iteration: 93 bestvalit: 0.003460 bestmemit:   10.241689   -7.869905    1.000000    4.180960    1.857893
Iteration: 94 bestvalit: 0.003460 bestmemit:   10.241689   -7.869905    1.000000    4.180960    1.857893
Iteration: 95 bestvalit: 0.003460 bestmemit:   10.241689   -7.869905    1.000000    4.180960    1.857893
Iteration: 96 bestvalit: 0.003460 bestmemit:   10.241689   -7.869905    1.000000    4.180960    1.857893
Iteration: 97 bestvalit: 0.003460 bestmemit:   10.241689   -7.869905    1.000000    4.180960    1.857893
Iteration: 98 bestvalit: 0.003460 bestmemit:   10.241689   -7.869905    1.000000    4.180960    1.857893
Iteration: 99 bestvalit: 0.003460 bestmemit:   10.241689   -7.869905    1.000000    4.180960    1.857893
Iteration: 100 bestvalit: 0.003456 bestmemit:    7.842204   -7.539881    1.000000    4.373669    1.967918
Iteration: 101 bestvalit: 0.003456 bestmemit:    7.842204   -7.539881    1.000000    4.373669    1.967918
Iteration: 102 bestvalit: 0.003456 bestmemit:    7.842204   -7.539881    1.000000    4.373669    1.967918
Iteration: 103 bestvalit: 0.003456 bestmemit:    7.842204   -7.539881    1.000000    4.373669    1.967918
Iteration: 104 bestvalit: 0.003456 bestmemit:    7.842204   -7.539881    1.000000    4.373669    1.967918
Iteration: 105 bestvalit: 0.003456 bestmemit:    7.842204   -7.539881    1.000000    4.373669    1.967918
Iteration: 106 bestvalit: 0.003456 bestmemit:   11.147185   -9.232183    1.000000    4.180960    1.857893
Iteration: 107 bestvalit: 0.003455 bestmemit:   11.168885  -10.306325    1.000000    4.846921    1.925953
Iteration: 108 bestvalit: 0.003455 bestmemit:   11.168885  -10.306325    1.000000    4.846921    1.925953
Iteration: 109 bestvalit: 0.003450 bestmemit:    8.825197   -8.334962    1.000000    4.875945    2.084437
Iteration: 110 bestvalit: 0.003442 bestmemit:    8.682093   -8.445521    1.000000    4.392802    2.189884
Iteration: 111 bestvalit: 0.003442 bestmemit:    8.682093   -8.445521    1.000000    4.392802    2.189884
Iteration: 112 bestvalit: 0.003442 bestmemit:    8.682093   -8.445521    1.000000    4.392802    2.189884
Iteration: 113 bestvalit: 0.003442 bestmemit:    8.682093   -8.445521    1.000000    4.392802    2.189884
Iteration: 114 bestvalit: 0.003442 bestmemit:    8.682093   -8.445521    1.000000    4.392802    2.189884
Iteration: 115 bestvalit: 0.003442 bestmemit:    8.682093   -8.445521    1.000000    4.392802    2.189884
Iteration: 116 bestvalit: 0.003442 bestmemit:    8.682093   -8.445521    1.000000    4.392802    2.189884
Iteration: 117 bestvalit: 0.003442 bestmemit:    8.682093   -8.445521    1.000000    4.392802    2.189884
Iteration: 118 bestvalit: 0.003442 bestmemit:    8.682093   -8.445521    1.000000    4.392802    2.189884
Iteration: 119 bestvalit: 0.003439 bestmemit:    9.834406   -9.466084    1.000000    4.632608    2.045265
Iteration: 120 bestvalit: 0.003439 bestmemit:    9.834406   -9.466084    1.000000    4.632608    2.045265
Iteration: 121 bestvalit: 0.003439 bestmemit:    9.834406   -9.466084    1.000000    4.632608    2.045265
Iteration: 122 bestvalit: 0.003439 bestmemit:    9.834406   -9.466084    1.000000    4.632608    2.045265
Iteration: 123 bestvalit: 0.003439 bestmemit:    9.834406   -9.466084    1.000000    4.632608    2.045265
Iteration: 124 bestvalit: 0.003438 bestmemit:    9.213711   -8.982934    1.000000    4.105009    2.059467
Iteration: 125 bestvalit: 0.003438 bestmemit:    9.213711   -8.982934    1.000000    4.105009    2.059467
Iteration: 126 bestvalit: 0.003436 bestmemit:    9.213711   -8.982934    1.000000    4.313657    2.059467
Iteration: 127 bestvalit: 0.003436 bestmemit:    9.213711   -8.982934    1.000000    4.313657    2.059467
Iteration: 128 bestvalit: 0.003436 bestmemit:    9.213711   -8.982934    1.000000    4.313657    2.059467
Iteration: 129 bestvalit: 0.003436 bestmemit:    9.213711   -8.982934    1.000000    4.313657    2.059467
Iteration: 130 bestvalit: 0.003436 bestmemit:    9.213711   -8.982934    1.000000    4.313657    2.059467
Iteration: 131 bestvalit: 0.003436 bestmemit:    9.213711   -8.982934    1.000000    4.313657    2.059467
Iteration: 132 bestvalit: 0.003436 bestmemit:    9.213711   -8.982934    1.000000    4.313657    2.059467
Iteration: 133 bestvalit: 0.003436 bestmemit:    9.213711   -8.982934    1.000000    4.313657    2.059467
Iteration: 134 bestvalit: 0.003436 bestmemit:    9.213711   -8.982934    1.000000    4.313657    2.059467
Iteration: 135 bestvalit: 0.003436 bestmemit:    9.213711   -8.982934    1.000000    4.313657    2.059467
Iteration: 136 bestvalit: 0.003436 bestmemit:    9.213711   -8.982934    1.000000    4.313657    2.059467
Iteration: 137 bestvalit: 0.003436 bestmemit:    9.213711   -8.982934    1.000000    4.313657    2.059467
Iteration: 138 bestvalit: 0.003436 bestmemit:    9.213711   -8.982934    1.000000    4.313657    2.059467
Iteration: 139 bestvalit: 0.003436 bestmemit:    9.187678   -8.761118    1.000000    4.264094    2.080661
Iteration: 140 bestvalit: 0.003436 bestmemit:    9.363481   -8.874378    1.000000    4.180960    2.001037
Iteration: 141 bestvalit: 0.003436 bestmemit:    9.363481   -8.874378    1.000000    4.180960    2.001037
Iteration: 142 bestvalit: 0.003436 bestmemit:    9.363481   -8.874378    1.000000    4.180960    2.001037
Iteration: 143 bestvalit: 0.003435 bestmemit:    9.126333   -8.512605    1.000000    4.254057    2.017391
Iteration: 144 bestvalit: 0.003435 bestmemit:    9.126333   -8.512605    1.000000    4.254057    2.017391
Iteration: 145 bestvalit: 0.003435 bestmemit:    9.126333   -8.512605    1.000000    4.254057    2.017391
Iteration: 146 bestvalit: 0.003435 bestmemit:    9.126333   -8.512605    1.000000    4.254057    2.017391
Iteration: 147 bestvalit: 0.003435 bestmemit:    9.126333   -8.512605    1.000000    4.254057    2.017391
Iteration: 148 bestvalit: 0.003435 bestmemit:    9.126333   -8.512605    1.000000    4.254057    2.017391
Iteration: 149 bestvalit: 0.003435 bestmemit:    9.126333   -8.512605    1.000000    4.254057    2.017391
Iteration: 150 bestvalit: 0.003435 bestmemit:    9.126333   -8.512605    1.000000    4.254057    2.017391
Iteration: 151 bestvalit: 0.003435 bestmemit:    9.126333   -8.512605    1.000000    4.254057    2.017391
Iteration: 152 bestvalit: 0.003435 bestmemit:    9.126333   -8.512605    1.000000    4.254057    2.017391
Iteration: 153 bestvalit: 0.003435 bestmemit:    9.126333   -8.512605    1.000000    4.254057    2.017391
Iteration: 154 bestvalit: 0.003435 bestmemit:    9.126333   -8.512605    1.000000    4.254057    2.017391
Iteration: 155 bestvalit: 0.003435 bestmemit:    9.156905   -8.593760    1.000000    4.235469    2.011923
Iteration: 156 bestvalit: 0.003435 bestmemit:    9.427797   -8.670791    1.000000    4.207776    1.982401
Iteration: 157 bestvalit: 0.003435 bestmemit:    9.427797   -8.670791    1.000000    4.207776    1.982401
Iteration: 158 bestvalit: 0.003435 bestmemit:    9.192655   -8.593760    1.000000    4.210684    2.011923
Iteration: 159 bestvalit: 0.003435 bestmemit:    9.192655   -8.593760    1.000000    4.210684    2.011923
Iteration: 160 bestvalit: 0.003435 bestmemit:    9.192655   -8.593760    1.000000    4.210684    2.011923
Iteration: 161 bestvalit: 0.003435 bestmemit:    9.192655   -8.593760    1.000000    4.210684    2.011923
Iteration: 162 bestvalit: 0.003435 bestmemit:    9.231486   -8.620755    1.000000    4.224192    2.018650
Iteration: 163 bestvalit: 0.003435 bestmemit:    9.231486   -8.620755    1.000000    4.224192    2.018650
Iteration: 164 bestvalit: 0.003435 bestmemit:    9.231486   -8.620755    1.000000    4.224192    2.018650
Iteration: 165 bestvalit: 0.003435 bestmemit:    9.231486   -8.620755    1.000000    4.224192    2.018650
Iteration: 166 bestvalit: 0.003435 bestmemit:    9.329926   -8.595851    1.000000    4.176825    1.989229
Iteration: 167 bestvalit: 0.003435 bestmemit:    9.329926   -8.595851    1.000000    4.176825    1.989229
Iteration: 168 bestvalit: 0.003435 bestmemit:    9.290072   -8.617737    1.000000    4.212348    1.999851
Iteration: 169 bestvalit: 0.003435 bestmemit:    9.290072   -8.617737    1.000000    4.212348    1.999851
Iteration: 170 bestvalit: 0.003435 bestmemit:    9.290072   -8.617737    1.000000    4.212348    1.999851
Iteration: 171 bestvalit: 0.003435 bestmemit:    9.334916   -8.645077    1.000000    4.212348    1.999851
Iteration: 172 bestvalit: 0.003435 bestmemit:    9.334916   -8.645077    1.000000    4.212348    1.999851
Iteration: 173 bestvalit: 0.003435 bestmemit:    9.334916   -8.645077    1.000000    4.212348    1.999851
Iteration: 174 bestvalit: 0.003435 bestmemit:    9.334916   -8.645077    1.000000    4.212348    1.999851
Iteration: 175 bestvalit: 0.003435 bestmemit:    9.312948   -8.644612    1.000000    4.212041    2.007936
Iteration: 176 bestvalit: 0.003435 bestmemit:    9.312948   -8.644612    1.000000    4.212041    2.007936
Iteration: 177 bestvalit: 0.003435 bestmemit:    9.312948   -8.644612    1.000000    4.212041    2.007936
Iteration: 178 bestvalit: 0.003435 bestmemit:    9.312948   -8.644612    1.000000    4.212041    2.007936
Iteration: 179 bestvalit: 0.003435 bestmemit:    9.312948   -8.644612    1.000000    4.212041    2.007936
Iteration: 180 bestvalit: 0.003435 bestmemit:    9.312948   -8.644612    1.000000    4.212041    2.007936
Iteration: 181 bestvalit: 0.003435 bestmemit:    9.295060   -8.605208    1.000000    4.204601    2.006145
Iteration: 182 bestvalit: 0.003435 bestmemit:    9.295060   -8.605208    1.000000    4.204601    2.006145
Iteration: 183 bestvalit: 0.003435 bestmemit:    9.295060   -8.605208    1.000000    4.204601    2.006145
Iteration: 184 bestvalit: 0.003435 bestmemit:    9.295060   -8.605208    1.000000    4.204601    2.006145
Iteration: 185 bestvalit: 0.003435 bestmemit:    9.295060   -8.605208    1.000000    4.204601    2.006145
Iteration: 186 bestvalit: 0.003435 bestmemit:    9.295060   -8.605208    1.000000    4.204601    2.006145
Iteration: 187 bestvalit: 0.003435 bestmemit:    9.301212   -8.595428    1.000000    4.196486    2.002467
Iteration: 188 bestvalit: 0.003435 bestmemit:    9.301212   -8.595428    1.000000    4.196486    2.002467
Iteration: 189 bestvalit: 0.003435 bestmemit:    9.301212   -8.595428    1.000000    4.196486    2.002467
Iteration: 190 bestvalit: 0.003435 bestmemit:    9.300011   -8.599237    1.000000    4.204407    2.004568
Iteration: 191 bestvalit: 0.003435 bestmemit:    9.300011   -8.599237    1.000000    4.204407    2.004568
Iteration: 192 bestvalit: 0.003435 bestmemit:    9.300011   -8.599237    1.000000    4.204407    2.004568
Iteration: 193 bestvalit: 0.003435 bestmemit:    9.296917   -8.589035    1.000000    4.197194    2.002678
Iteration: 194 bestvalit: 0.003435 bestmemit:    9.296917   -8.589035    1.000000    4.197194    2.002678
Iteration: 195 bestvalit: 0.003435 bestmemit:    9.296917   -8.589035    1.000000    4.197194    2.002678
Iteration: 196 bestvalit: 0.003435 bestmemit:    9.308221   -8.605062    1.000000    4.204663    2.002678
Iteration: 197 bestvalit: 0.003435 bestmemit:    9.299286   -8.603965    1.000000    4.204288    2.004641
Iteration: 198 bestvalit: 0.003435 bestmemit:    9.299286   -8.603965    1.000000    4.204288    2.004641
Iteration: 199 bestvalit: 0.003435 bestmemit:    9.297339   -8.599237    1.000000    4.204407    2.004568
Iteration: 200 bestvalit: 0.003435 bestmemit:    9.290231   -8.586682    1.000000    4.199767    2.003328
Iteration: 201 bestvalit: 0.003435 bestmemit:    9.290231   -8.586682    1.000000    4.199767    2.003328
Iteration: 202 bestvalit: 0.003435 bestmemit:    9.290231   -8.586682    1.000000    4.199767    2.003328
Iteration: 203 bestvalit: 0.003435 bestmemit:    9.290231   -8.586682    1.000000    4.199767    2.003328
Iteration: 204 bestvalit: 0.003435 bestmemit:    9.290231   -8.586682    1.000000    4.199767    2.003328
Iteration: 205 bestvalit: 0.003435 bestmemit:    9.296305   -8.597895    1.000000    4.204915    2.003542
Iteration: 206 bestvalit: 0.003435 bestmemit:    9.296305   -8.597895    1.000000    4.204915    2.003542
Iteration: 207 bestvalit: 0.003435 bestmemit:    9.296305   -8.597895    1.000000    4.204915    2.003542
Iteration: 208 bestvalit: 0.003435 bestmemit:    9.296305   -8.597895    1.000000    4.204915    2.003542
Iteration: 209 bestvalit: 0.003435 bestmemit:    9.296305   -8.597895    1.000000    4.204326    2.003542
Iteration: 210 bestvalit: 0.003435 bestmemit:    9.296305   -8.597895    1.000000    4.204326    2.003542
Iteration: 211 bestvalit: 0.003435 bestmemit:    9.296305   -8.597895    1.000000    4.204326    2.003542
Iteration: 212 bestvalit: 0.003435 bestmemit:    9.296305   -8.597895    1.000000    4.204326    2.003542
Iteration: 213 bestvalit: 0.003435 bestmemit:    9.296475   -8.595423    1.000000    4.202282    2.003154
Iteration: 214 bestvalit: 0.003435 bestmemit:    9.296475   -8.595423    1.000000    4.202282    2.003154
Iteration: 215 bestvalit: 0.003435 bestmemit:    9.296475   -8.595423    1.000000    4.202282    2.003154
Iteration: 216 bestvalit: 0.003435 bestmemit:    9.296475   -8.595423    1.000000    4.202282    2.003154
Iteration: 217 bestvalit: 0.003435 bestmemit:    9.296475   -8.595423    1.000000    4.202282    2.003154
Iteration: 218 bestvalit: 0.003435 bestmemit:    9.296475   -8.595423    1.000000    4.202282    2.003154
Iteration: 219 bestvalit: 0.003435 bestmemit:    9.296475   -8.595423    1.000000    4.202282    2.003154
Iteration: 220 bestvalit: 0.003435 bestmemit:    9.296475   -8.595423    1.000000    4.202282    2.003154
Iteration: 221 bestvalit: 0.003435 bestmemit:    9.296475   -8.595423    1.000000    4.202282    2.003154
Iteration: 222 bestvalit: 0.003435 bestmemit:    9.296475   -8.595423    1.000000    4.202282    2.003154
Iteration: 223 bestvalit: 0.003435 bestmemit:    9.296420   -8.594228    1.000000    4.201795    2.002690
Iteration: 224 bestvalit: 0.003435 bestmemit:    9.296420   -8.594228    1.000000    4.201795    2.002690
Iteration: 225 bestvalit: 0.003435 bestmemit:    9.295516   -8.595957    1.000000    4.203637    2.003192
Iteration: 226 bestvalit: 0.003435 bestmemit:    9.295516   -8.595957    1.000000    4.203637    2.003192
Iteration: 227 bestvalit: 0.003435 bestmemit:    9.295516   -8.595957    1.000000    4.203637    2.003192
Iteration: 228 bestvalit: 0.003435 bestmemit:    9.295516   -8.595957    1.000000    4.203637    2.003192
Iteration: 229 bestvalit: 0.003435 bestmemit:    9.295516   -8.595957    1.000000    4.203637    2.003192
Iteration: 230 bestvalit: 0.003435 bestmemit:    9.294691   -8.594201    1.000000    4.203384    2.002939
Iteration: 231 bestvalit: 0.003435 bestmemit:    9.294691   -8.594201    1.000000    4.203384    2.002939
Iteration: 232 bestvalit: 0.003435 bestmemit:    9.294691   -8.594201    1.000000    4.203384    2.002939
Iteration: 233 bestvalit: 0.003435 bestmemit:    9.294691   -8.594201    1.000000    4.203384    2.002939
Iteration: 234 bestvalit: 0.003435 bestmemit:    9.294691   -8.594201    1.000000    4.202940    2.002997
Iteration: 235 bestvalit: 0.003435 bestmemit:    9.294691   -8.594201    1.000000    4.202940    2.002997
Iteration: 236 bestvalit: 0.003435 bestmemit:    9.294691   -8.594201    1.000000    4.202940    2.002997
Iteration: 237 bestvalit: 0.003435 bestmemit:    9.294691   -8.594201    1.000000    4.202940    2.002997
Iteration: 238 bestvalit: 0.003435 bestmemit:    9.294691   -8.594201    1.000000    4.202940    2.002997
Iteration: 239 bestvalit: 0.003435 bestmemit:    9.294691   -8.594201    1.000000    4.202940    2.002997
Iteration: 240 bestvalit: 0.003435 bestmemit:    9.294691   -8.594201    1.000000    4.202940    2.002997
Iteration: 241 bestvalit: 0.003435 bestmemit:    9.294691   -8.594201    1.000000    4.202940    2.002997
Iteration: 242 bestvalit: 0.003435 bestmemit:    9.294691   -8.594201    1.000000    4.202940    2.002997
Iteration: 243 bestvalit: 0.003435 bestmemit:    9.294691   -8.594201    1.000000    4.202940    2.002997
Iteration: 244 bestvalit: 0.003435 bestmemit:    9.294691   -8.594201    1.000000    4.202940    2.002997
Iteration: 245 bestvalit: 0.003435 bestmemit:    9.294691   -8.594201    1.000000    4.202940    2.002997
Iteration: 246 bestvalit: 0.003435 bestmemit:    9.294691   -8.594201    1.000000    4.202940    2.002997
Iteration: 247 bestvalit: 0.003435 bestmemit:    9.294691   -8.594201    1.000000    4.202940    2.002997
Iteration: 248 bestvalit: 0.003435 bestmemit:    9.294691   -8.594201    1.000000    4.202940    2.002997
Iteration: 249 bestvalit: 0.003435 bestmemit:    9.294691   -8.594201    1.000000    4.202940    2.002997
Iteration: 250 bestvalit: 0.003435 bestmemit:    9.294691   -8.594201    1.000000    4.202940    2.002997
Iteration: 251 bestvalit: 0.003435 bestmemit:    9.294035   -8.593941    1.000000    4.203019    2.003050
Iteration: 252 bestvalit: 0.003435 bestmemit:    9.294035   -8.593941    1.000000    4.203019    2.003050
Iteration: 253 bestvalit: 0.003435 bestmemit:    9.293663   -8.593094    1.000000    4.202543    2.003076
Iteration: 254 bestvalit: 0.003435 bestmemit:    9.293437   -8.593451    1.000000    4.202573    2.003097
Iteration: 255 bestvalit: 0.003435 bestmemit:    9.293437   -8.593451    1.000000    4.202573    2.003097
Iteration: 256 bestvalit: 0.003435 bestmemit:    9.293437   -8.593451    1.000000    4.202573    2.003097
Iteration: 257 bestvalit: 0.003435 bestmemit:    9.293437   -8.593451    1.000000    4.202573    2.003097
Iteration: 258 bestvalit: 0.003435 bestmemit:    9.293437   -8.593451    1.000000    4.202573    2.003097
Iteration: 259 bestvalit: 0.003435 bestmemit:    9.293437   -8.593451    1.000000    4.202573    2.003097
Iteration: 260 bestvalit: 0.003435 bestmemit:    9.293437   -8.593451    1.000000    4.202573    2.003097
Iteration: 261 bestvalit: 0.003435 bestmemit:    9.293437   -8.593451    1.000000    4.202573    2.003097
Iteration: 262 bestvalit: 0.003435 bestmemit:    9.293663   -8.593366    1.000000    4.202543    2.003076
Iteration: 263 bestvalit: 0.003435 bestmemit:    9.293663   -8.593366    1.000000    4.202543    2.003076
Iteration: 264 bestvalit: 0.003435 bestmemit:    9.293663   -8.593366    1.000000    4.202543    2.003076
Iteration: 265 bestvalit: 0.003435 bestmemit:    9.293663   -8.593366    1.000000    4.202708    2.003076
Iteration: 266 bestvalit: 0.003435 bestmemit:    9.293663   -8.593366    1.000000    4.202708    2.003076
Iteration: 267 bestvalit: 0.003435 bestmemit:    9.293663   -8.593366    1.000000    4.202708    2.003076
Iteration: 268 bestvalit: 0.003435 bestmemit:    9.293663   -8.593366    1.000000    4.202708    2.003076
Iteration: 269 bestvalit: 0.003435 bestmemit:    9.293663   -8.593366    1.000000    4.202708    2.003076
Iteration: 270 bestvalit: 0.003435 bestmemit:    9.293663   -8.593366    1.000000    4.202708    2.003076
Iteration: 271 bestvalit: 0.003435 bestmemit:    9.293663   -8.593366    1.000000    4.202708    2.003076
Iteration: 272 bestvalit: 0.003435 bestmemit:    9.293663   -8.593366    1.000000    4.202708    2.003076
Iteration: 273 bestvalit: 0.003435 bestmemit:    9.293663   -8.593366    1.000000    4.202708    2.003076
Iteration: 274 bestvalit: 0.003435 bestmemit:    9.293663   -8.593366    1.000000    4.202708    2.003076
Iteration: 275 bestvalit: 0.003435 bestmemit:    9.293862   -8.593501    1.000000    4.202708    2.003051
Iteration: 276 bestvalit: 0.003435 bestmemit:    9.293862   -8.593501    1.000000    4.202708    2.003051

***** summary of DEoptim object ***** 
best member   :  9.29386 -8.5935 1 4.20271 2.00305 
best value    :  0.00343 
after         :  276 generations 
fn evaluated  :  554 times 
*************************************
