SLURM_JOB_ID: 55403068
SLURM_JOB_USER: vsc34066
SLURM_JOB_ACCOUNT: lp_desenderlab
SLURM_JOB_NAME: par_recov_alternating_fb_sim_alpha_learn.slurm
SLURM_CLUSTER_NAME: genius
SLURM_JOB_PARTITION: batch
SLURM_ARRAY_JOB_ID: 55402977
SLURM_ARRAY_TASK_ID: 91
SLURM_NNODES: 1
SLURM_NODELIST: r22i13n06
SLURM_JOB_CPUS_PER_NODE: 8
Date: Sun Dec  3 23:44:00 CET 2023
Walltime: 01-06:00:00
========================================================================
Iteration: 1 bestvalit: 0.025961 bestmemit:   12.503783   68.867980    1.000000    8.151644  877.306091
Iteration: 2 bestvalit: 0.025961 bestmemit:   12.503783   68.867980    1.000000    8.151644  877.306091
Iteration: 3 bestvalit: 0.025961 bestmemit:   12.503783   68.867980    1.000000    8.151644  877.306091
Iteration: 4 bestvalit: 0.025961 bestmemit:   12.503783   68.867980    1.000000    8.151644  877.306091
Iteration: 5 bestvalit: 0.025961 bestmemit:   12.503783   68.867980    1.000000    8.151644  877.306091
Iteration: 6 bestvalit: 0.025961 bestmemit:   12.503783   68.867980    1.000000    8.151644  877.306091
Iteration: 7 bestvalit: 0.025961 bestmemit:   12.503783   68.867980    1.000000    8.151644  877.306091
Iteration: 8 bestvalit: 0.025961 bestmemit:   12.503783   68.867980    1.000000    8.151644  877.306091
Iteration: 9 bestvalit: 0.025961 bestmemit:   12.503783   68.867980    1.000000    8.151644  877.306091
Iteration: 10 bestvalit: 0.025961 bestmemit:   12.503783   68.867980    1.000000    8.151644  877.306091
Iteration: 11 bestvalit: 0.025961 bestmemit:   12.503783   68.867980    1.000000    8.151644  877.306091
Iteration: 12 bestvalit: 0.025961 bestmemit:   12.503783   68.867980    1.000000    8.151644  877.306091
Iteration: 13 bestvalit: 0.024967 bestmemit:   15.334250   68.867980    1.000000    8.151644  877.306091
Iteration: 14 bestvalit: 0.024967 bestmemit:   15.334250   68.867980    1.000000    8.151644  877.306091
Iteration: 15 bestvalit: 0.024967 bestmemit:   15.334250   68.867980    1.000000    8.151644  877.306091
Iteration: 16 bestvalit: 0.024967 bestmemit:   15.334250   68.867980    1.000000    8.151644  877.306091
Iteration: 17 bestvalit: 0.024967 bestmemit:   15.334250   68.867980    1.000000    8.151644  877.306091
Iteration: 18 bestvalit: 0.024967 bestmemit:   15.334250   68.867980    1.000000    8.151644  877.306091
Iteration: 19 bestvalit: 0.024967 bestmemit:   15.334250   68.867980    1.000000    8.151644  877.306091
Iteration: 20 bestvalit: 0.024772 bestmemit:   15.959633   68.867980    1.000000    8.151644  877.306091
Iteration: 21 bestvalit: 0.024772 bestmemit:   15.959633   68.867980    1.000000    8.151644  877.306091
Iteration: 22 bestvalit: 0.022538 bestmemit:   23.705817   87.445531    1.000000    8.151644  877.306091
Iteration: 23 bestvalit: 0.016363 bestmemit:   19.533412   24.955159    1.000000   27.554408  157.637781
Iteration: 24 bestvalit: 0.016363 bestmemit:   19.533412   24.955159    1.000000   27.554408  157.637781
Iteration: 25 bestvalit: 0.016363 bestmemit:   19.533412   24.955159    1.000000   27.554408  157.637781
Iteration: 26 bestvalit: 0.016363 bestmemit:   19.533412   24.955159    1.000000   27.554408  157.637781
Iteration: 27 bestvalit: 0.016363 bestmemit:   19.533412   24.955159    1.000000   27.554408  157.637781
Iteration: 28 bestvalit: 0.016363 bestmemit:   19.533412   24.955159    1.000000   27.554408  157.637781
Iteration: 29 bestvalit: 0.016363 bestmemit:   19.533412   24.955159    1.000000   27.554408  157.637781
Iteration: 30 bestvalit: 0.016363 bestmemit:   19.533412   24.955159    1.000000   27.554408  157.637781
Iteration: 31 bestvalit: 0.016328 bestmemit:   19.533412    9.229101    1.000000   27.554408  157.637781
Iteration: 32 bestvalit: 0.011494 bestmemit:   17.547365   87.445531    1.000000    8.151644  282.894752
Iteration: 33 bestvalit: 0.011494 bestmemit:   17.547365   87.445531    1.000000    8.151644  282.894752
Iteration: 34 bestvalit: 0.011416 bestmemit:   18.081346   88.263728    1.000000    8.151644  282.894752
Iteration: 35 bestvalit: 0.011416 bestmemit:   18.081346   88.263728    1.000000    8.151644  282.894752
Iteration: 36 bestvalit: 0.011416 bestmemit:   18.081346   88.263728    1.000000    8.151644  282.894752
Iteration: 37 bestvalit: 0.011416 bestmemit:   18.081346   88.263728    1.000000    8.151644  282.894752
Iteration: 38 bestvalit: 0.011416 bestmemit:   18.081346   88.263728    1.000000    8.151644  282.894752
Iteration: 39 bestvalit: 0.011416 bestmemit:   18.081346   88.263728    1.000000    8.151644  282.894752
Iteration: 40 bestvalit: 0.011416 bestmemit:   18.081346   88.263728    1.000000    8.151644  282.894752
Iteration: 41 bestvalit: 0.011416 bestmemit:   18.081346   88.263728    1.000000    8.151644  282.894752
Iteration: 42 bestvalit: 0.011416 bestmemit:   18.081346   88.263728    1.000000    8.151644  282.894752
Iteration: 43 bestvalit: 0.008501 bestmemit:   28.662518   89.679664    1.000000    1.196496   80.747459
Iteration: 44 bestvalit: 0.008445 bestmemit:   41.438866   92.178350    1.000000    5.647788   65.836717
Iteration: 45 bestvalit: 0.008143 bestmemit:   34.930915   18.384963    1.000000    5.732268  113.221673
Iteration: 46 bestvalit: 0.008143 bestmemit:   34.930915   18.384963    1.000000    5.732268  113.221673
Iteration: 47 bestvalit: 0.007809 bestmemit:   36.725648   19.010515    1.000000    4.463865   87.422037
Iteration: 48 bestvalit: 0.007809 bestmemit:   36.725648   19.010515    1.000000    4.463865   87.422037
Iteration: 49 bestvalit: 0.007558 bestmemit:   24.523094   37.751189    1.000000    3.933946   80.747459
Iteration: 50 bestvalit: 0.007185 bestmemit:   34.930915   18.384963    1.000000    5.732268   28.625532
Iteration: 51 bestvalit: 0.007185 bestmemit:   34.930915   18.384963    1.000000    5.732268   28.625532
Iteration: 52 bestvalit: 0.007027 bestmemit:   36.984744   17.087998    1.000000    4.609861   23.608498
Iteration: 53 bestvalit: 0.007027 bestmemit:   36.984744   17.087998    1.000000    4.609861   23.608498
Iteration: 54 bestvalit: 0.007027 bestmemit:   36.984744   17.087998    1.000000    4.609861   23.608498
Iteration: 55 bestvalit: 0.006786 bestmemit:   36.984744   17.087998    1.000000    4.609861   16.415526
Iteration: 56 bestvalit: 0.006654 bestmemit:   19.016425   18.587563    1.000000    0.880978   35.618813
Iteration: 57 bestvalit: 0.006654 bestmemit:   19.016425   18.587563    1.000000    0.880978   35.618813
Iteration: 58 bestvalit: 0.006162 bestmemit:    9.985563   18.587563    1.000000    0.880978   35.618813
Iteration: 59 bestvalit: 0.005993 bestmemit:   39.437926   16.238907    1.000000    9.610966    0.014610
Iteration: 60 bestvalit: 0.005662 bestmemit:   38.734091  -10.168565    1.000000    5.072975    8.119769
Iteration: 61 bestvalit: 0.005662 bestmemit:   38.734091  -10.168565    1.000000    5.072975    8.119769
Iteration: 62 bestvalit: 0.005420 bestmemit:   23.317080  -10.168565    1.000000    5.072975    8.119769
Iteration: 63 bestvalit: 0.005420 bestmemit:   23.317080  -10.168565    1.000000    5.072975    8.119769
Iteration: 64 bestvalit: 0.005420 bestmemit:   23.317080  -10.168565    1.000000    5.072975    8.119769
Iteration: 65 bestvalit: 0.005420 bestmemit:   23.317080  -10.168565    1.000000    5.072975    8.119769
Iteration: 66 bestvalit: 0.005216 bestmemit:   43.912412   -3.579943    1.000000    5.732179    1.924230
Iteration: 67 bestvalit: 0.005216 bestmemit:   43.912412   -3.579943    1.000000    5.732179    1.924230
Iteration: 68 bestvalit: 0.005216 bestmemit:   43.912412   -3.579943    1.000000    5.732179    1.924230
Iteration: 69 bestvalit: 0.005216 bestmemit:   43.912412   -3.579943    1.000000    5.732179    1.924230
Iteration: 70 bestvalit: 0.005216 bestmemit:   43.912412   -3.579943    1.000000    5.732179    1.924230
Iteration: 71 bestvalit: 0.005190 bestmemit:   12.599726   16.238907    1.000000    4.816561    0.014610
Iteration: 72 bestvalit: 0.005190 bestmemit:   12.599726   16.238907    1.000000    4.816561    0.014610
Iteration: 73 bestvalit: 0.005156 bestmemit:   12.599726   16.238907    1.000000    4.618740    0.014610
Iteration: 74 bestvalit: 0.005156 bestmemit:   12.599726   16.238907    1.000000    4.618740    0.014610
Iteration: 75 bestvalit: 0.004913 bestmemit:   17.429283   -2.413135    1.000000    2.773285    8.119769
Iteration: 76 bestvalit: 0.004644 bestmemit:   10.302016    7.877493    1.000000    0.561103    6.536334
Iteration: 77 bestvalit: 0.004644 bestmemit:   10.302016    7.877493    1.000000    0.561103    6.536334
Iteration: 78 bestvalit: 0.004644 bestmemit:   10.302016    7.877493    1.000000    0.561103    6.536334
Iteration: 79 bestvalit: 0.004644 bestmemit:   10.302016    7.877493    1.000000    0.561103    6.536334
Iteration: 80 bestvalit: 0.004551 bestmemit:   10.302016    7.877493    1.000000    0.559086    4.775045
Iteration: 81 bestvalit: 0.004551 bestmemit:   10.302016    7.877493    1.000000    0.559086    4.775045
Iteration: 82 bestvalit: 0.004551 bestmemit:   10.302016    7.877493    1.000000    0.559086    4.775045
Iteration: 83 bestvalit: 0.004434 bestmemit:   10.302016    7.877493    1.000000    0.559086    1.977719
Iteration: 84 bestvalit: 0.004434 bestmemit:   10.302016    7.877493    1.000000    0.559086    1.977719
Iteration: 85 bestvalit: 0.004434 bestmemit:   10.302016    7.877493    1.000000    0.559086    1.977719
Iteration: 86 bestvalit: 0.004434 bestmemit:   10.302016    7.877493    1.000000    0.559086    1.977719
Iteration: 87 bestvalit: 0.004434 bestmemit:   10.302016    7.877493    1.000000    0.559086    1.977719
Iteration: 88 bestvalit: 0.004434 bestmemit:   10.302016    7.877493    1.000000    0.559086    1.977719
Iteration: 89 bestvalit: 0.004434 bestmemit:   10.302016    7.877493    1.000000    0.559086    1.977719
Iteration: 90 bestvalit: 0.004434 bestmemit:   10.302016    7.877493    1.000000    0.559086    1.977719
Iteration: 91 bestvalit: 0.004434 bestmemit:   10.302016    7.877493    1.000000    0.559086    1.977719
Iteration: 92 bestvalit: 0.004434 bestmemit:   10.302016    7.877493    1.000000    0.559086    1.977719
Iteration: 93 bestvalit: 0.004424 bestmemit:   10.302016    8.989284    1.000000    0.559086    1.977719
Iteration: 94 bestvalit: 0.004424 bestmemit:   10.302016    8.989284    1.000000    0.559086    1.977719
Iteration: 95 bestvalit: 0.004424 bestmemit:   10.302016    8.989284    1.000000    0.559086    1.977719
Iteration: 96 bestvalit: 0.004424 bestmemit:   10.302016    8.989284    1.000000    0.559086    1.977719
Iteration: 97 bestvalit: 0.004424 bestmemit:   10.302016    8.989284    1.000000    0.559086    1.977719
Iteration: 98 bestvalit: 0.004424 bestmemit:   10.302016    8.989284    1.000000    0.559086    1.977719
Iteration: 99 bestvalit: 0.004424 bestmemit:   10.302016    8.989284    1.000000    0.559086    1.977719
Iteration: 100 bestvalit: 0.004403 bestmemit:   14.385813    8.865746    1.000000    1.287445    0.908651
Iteration: 101 bestvalit: 0.004403 bestmemit:   14.385813    8.865746    1.000000    1.287445    0.908651
Iteration: 102 bestvalit: 0.004403 bestmemit:   14.385813    8.865746    1.000000    1.287445    0.908651
Iteration: 103 bestvalit: 0.004403 bestmemit:   14.385813    8.865746    1.000000    1.287445    0.908651
Iteration: 104 bestvalit: 0.004403 bestmemit:   14.385813    8.865746    1.000000    1.287445    0.908651
Iteration: 105 bestvalit: 0.004403 bestmemit:   14.385813    8.865746    1.000000    1.287445    0.908651
Iteration: 106 bestvalit: 0.004403 bestmemit:   14.385813    8.865746    1.000000    1.287445    0.908651
Iteration: 107 bestvalit: 0.004403 bestmemit:   14.385813    8.865746    1.000000    1.287445    0.908651
Iteration: 108 bestvalit: 0.004403 bestmemit:   14.385813    8.865746    1.000000    1.287445    0.908651
Iteration: 109 bestvalit: 0.004403 bestmemit:   14.385813    8.865746    1.000000    1.287445    0.908651
Iteration: 110 bestvalit: 0.004403 bestmemit:   14.385813    8.865746    1.000000    1.287445    0.908651
Iteration: 111 bestvalit: 0.004403 bestmemit:   14.385813    8.865746    1.000000    1.287445    0.908651
Iteration: 112 bestvalit: 0.004403 bestmemit:   14.385813    8.865746    1.000000    1.287445    0.908651
Iteration: 113 bestvalit: 0.004382 bestmemit:   15.309984    5.615394    1.000000    1.538583    1.721397
Iteration: 114 bestvalit: 0.004382 bestmemit:   15.309984    5.615394    1.000000    1.538583    1.721397
Iteration: 115 bestvalit: 0.004382 bestmemit:   15.309984    5.615394    1.000000    1.538583    1.721397
Iteration: 116 bestvalit: 0.004382 bestmemit:   15.309984    5.615394    1.000000    1.538583    1.721397
Iteration: 117 bestvalit: 0.004382 bestmemit:   15.309984    5.615394    1.000000    1.538583    1.721397
Iteration: 118 bestvalit: 0.004382 bestmemit:   15.309984    5.615394    1.000000    1.538583    1.721397
Iteration: 119 bestvalit: 0.004382 bestmemit:   15.309984    5.615394    1.000000    1.538583    1.721397
Iteration: 120 bestvalit: 0.004381 bestmemit:   14.772783    5.865530    1.000000    1.471961    1.674616
Iteration: 121 bestvalit: 0.004381 bestmemit:   14.772783    5.865530    1.000000    1.471961    1.674616
Iteration: 122 bestvalit: 0.004381 bestmemit:   14.772783    5.865530    1.000000    1.471961    1.674616
Iteration: 123 bestvalit: 0.004381 bestmemit:   14.772783    5.865530    1.000000    1.471961    1.674616
Iteration: 124 bestvalit: 0.004378 bestmemit:   14.772783    6.337843    1.000000    1.471961    1.674616
Iteration: 125 bestvalit: 0.004378 bestmemit:   14.772783    6.337843    1.000000    1.471961    1.674616
Iteration: 126 bestvalit: 0.004378 bestmemit:   14.772783    6.337843    1.000000    1.471961    1.674616
Iteration: 127 bestvalit: 0.004378 bestmemit:   14.772783    6.337843    1.000000    1.471961    1.674616
Iteration: 128 bestvalit: 0.004378 bestmemit:   14.772783    6.337843    1.000000    1.471961    1.674616
Iteration: 129 bestvalit: 0.004378 bestmemit:   14.772783    6.337843    1.000000    1.471961    1.674616
Iteration: 130 bestvalit: 0.004378 bestmemit:   14.772783    6.337843    1.000000    1.471961    1.674616
Iteration: 131 bestvalit: 0.004378 bestmemit:   14.772783    6.337843    1.000000    1.471961    1.674616
Iteration: 132 bestvalit: 0.004378 bestmemit:   14.772783    6.337843    1.000000    1.471961    1.674616
Iteration: 133 bestvalit: 0.004378 bestmemit:   14.772783    6.337843    1.000000    1.471961    1.674616
Iteration: 134 bestvalit: 0.004378 bestmemit:   14.772783    6.337843    1.000000    1.471961    1.674616
Iteration: 135 bestvalit: 0.004378 bestmemit:   14.772783    6.337843    1.000000    1.471961    1.674616
Iteration: 136 bestvalit: 0.004378 bestmemit:   14.772783    6.337843    1.000000    1.471961    1.674616
Iteration: 137 bestvalit: 0.004378 bestmemit:   14.772783    6.337843    1.000000    1.471961    1.674616
Iteration: 138 bestvalit: 0.004378 bestmemit:   14.772783    6.337843    1.000000    1.471961    1.674616
Iteration: 139 bestvalit: 0.004378 bestmemit:   14.772783    6.337843    1.000000    1.471961    1.674616
Iteration: 140 bestvalit: 0.004378 bestmemit:   14.772783    6.337843    1.000000    1.471961    1.674616
Iteration: 141 bestvalit: 0.004378 bestmemit:   14.772783    6.337843    1.000000    1.471961    1.674616
Iteration: 142 bestvalit: 0.004378 bestmemit:   14.772783    6.337843    1.000000    1.471961    1.674616
Iteration: 143 bestvalit: 0.004378 bestmemit:   14.772783    6.337843    1.000000    1.471961    1.674616
Iteration: 144 bestvalit: 0.004378 bestmemit:   14.772783    6.337843    1.000000    1.471961    1.674616
Iteration: 145 bestvalit: 0.004378 bestmemit:   14.772783    6.337843    1.000000    1.471961    1.674616
Iteration: 146 bestvalit: 0.004378 bestmemit:   14.772783    6.337843    1.000000    1.471961    1.674616
Iteration: 147 bestvalit: 0.004378 bestmemit:   14.772783    6.337843    1.000000    1.471961    1.674616
Iteration: 148 bestvalit: 0.004378 bestmemit:   14.772783    6.337843    1.000000    1.471961    1.674616
Iteration: 149 bestvalit: 0.004378 bestmemit:   14.038277    7.232551    1.000000    1.396836    1.547897
Iteration: 150 bestvalit: 0.004378 bestmemit:   14.038277    7.232551    1.000000    1.396836    1.547897
Iteration: 151 bestvalit: 0.004378 bestmemit:   14.117466    6.641651    1.000000    1.304901    1.650341
Iteration: 152 bestvalit: 0.004378 bestmemit:   14.117466    6.641651    1.000000    1.304901    1.650341
Iteration: 153 bestvalit: 0.004378 bestmemit:   13.585815    7.028489    1.000000    1.290553    1.622416
Iteration: 154 bestvalit: 0.004377 bestmemit:   14.045075    7.140245    1.000000    1.362413    1.610266
Iteration: 155 bestvalit: 0.004377 bestmemit:   14.045075    7.140245    1.000000    1.362413    1.610266
Iteration: 156 bestvalit: 0.004377 bestmemit:   13.670938    7.354011    1.000000    1.288471    1.543557
Iteration: 157 bestvalit: 0.004377 bestmemit:   13.670938    7.354011    1.000000    1.288471    1.543557
Iteration: 158 bestvalit: 0.004377 bestmemit:   13.670938    7.354011    1.000000    1.288471    1.543557
Iteration: 159 bestvalit: 0.004377 bestmemit:   13.670938    7.354011    1.000000    1.288471    1.543557
Iteration: 160 bestvalit: 0.004377 bestmemit:   13.670938    7.354011    1.000000    1.288471    1.543557
Iteration: 161 bestvalit: 0.004377 bestmemit:   13.859255    7.126942    1.000000    1.325775    1.573849
Iteration: 162 bestvalit: 0.004377 bestmemit:   13.859255    7.126942    1.000000    1.325775    1.573849
Iteration: 163 bestvalit: 0.004377 bestmemit:   13.859255    7.126942    1.000000    1.325775    1.573849
Iteration: 164 bestvalit: 0.004377 bestmemit:   13.859255    7.126942    1.000000    1.325775    1.573849
Iteration: 165 bestvalit: 0.004377 bestmemit:   13.859255    7.126942    1.000000    1.325775    1.573849
Iteration: 166 bestvalit: 0.004377 bestmemit:   13.859255    7.126942    1.000000    1.283439    1.548478
Iteration: 167 bestvalit: 0.004377 bestmemit:   13.859255    7.126942    1.000000    1.283439    1.548478
Iteration: 168 bestvalit: 0.004377 bestmemit:   13.859255    7.126942    1.000000    1.283439    1.548478
Iteration: 169 bestvalit: 0.004377 bestmemit:   13.859255    7.126942    1.000000    1.283439    1.548478
Iteration: 170 bestvalit: 0.004377 bestmemit:   13.859255    7.126942    1.000000    1.283439    1.548478
Iteration: 171 bestvalit: 0.004377 bestmemit:   13.859255    7.126942    1.000000    1.283439    1.548478
Iteration: 172 bestvalit: 0.004377 bestmemit:   13.859255    7.126942    1.000000    1.283439    1.548478
Iteration: 173 bestvalit: 0.004377 bestmemit:   13.859255    7.126942    1.000000    1.283439    1.548478
Iteration: 174 bestvalit: 0.004377 bestmemit:   13.859255    7.126942    1.000000    1.283439    1.548478
Iteration: 175 bestvalit: 0.004377 bestmemit:   13.859255    7.126942    1.000000    1.283439    1.548478
Iteration: 176 bestvalit: 0.004377 bestmemit:   13.859255    7.126942    1.000000    1.283439    1.548478
Iteration: 177 bestvalit: 0.004377 bestmemit:   13.859255    7.126942    1.000000    1.283439    1.548478
Iteration: 178 bestvalit: 0.004377 bestmemit:   13.859255    7.126942    1.000000    1.283439    1.548478
Iteration: 179 bestvalit: 0.004377 bestmemit:   13.859255    7.126942    1.000000    1.283439    1.548478
Iteration: 180 bestvalit: 0.004377 bestmemit:   13.859255    7.126942    1.000000    1.283439    1.548478
Iteration: 181 bestvalit: 0.004377 bestmemit:   13.859255    7.126942    1.000000    1.283439    1.548478
Iteration: 182 bestvalit: 0.004377 bestmemit:   13.859255    7.126942    1.000000    1.283439    1.548478
Iteration: 183 bestvalit: 0.004377 bestmemit:   13.859255    7.126942    1.000000    1.283439    1.548478
Iteration: 184 bestvalit: 0.004377 bestmemit:   13.859255    7.126942    1.000000    1.283439    1.548478
Iteration: 185 bestvalit: 0.004377 bestmemit:   13.859255    7.133100    1.000000    1.283439    1.548478
Iteration: 186 bestvalit: 0.004377 bestmemit:   13.859255    7.133100    1.000000    1.283439    1.548478
Iteration: 187 bestvalit: 0.004377 bestmemit:   13.859255    7.133100    1.000000    1.283439    1.548478
Iteration: 188 bestvalit: 0.004377 bestmemit:   13.859255    7.133100    1.000000    1.283439    1.548478
Iteration: 189 bestvalit: 0.004377 bestmemit:   13.859255    7.133100    1.000000    1.283439    1.548478
Iteration: 190 bestvalit: 0.004377 bestmemit:   13.859255    7.133100    1.000000    1.283439    1.548478
Iteration: 191 bestvalit: 0.004377 bestmemit:   13.932327    7.174844    1.000000    1.313836    1.556405
Iteration: 192 bestvalit: 0.004377 bestmemit:   13.932327    7.174844    1.000000    1.313836    1.556405
Iteration: 193 bestvalit: 0.004377 bestmemit:   13.932327    7.108780    1.000000    1.313836    1.556405
Iteration: 194 bestvalit: 0.004377 bestmemit:   13.932327    7.108780    1.000000    1.313836    1.556405
Iteration: 195 bestvalit: 0.004377 bestmemit:   13.932327    7.108780    1.000000    1.313836    1.556405
Iteration: 196 bestvalit: 0.004377 bestmemit:   13.932327    7.108780    1.000000    1.313836    1.556405
Iteration: 197 bestvalit: 0.004377 bestmemit:   13.932327    7.108780    1.000000    1.313836    1.556405
Iteration: 198 bestvalit: 0.004377 bestmemit:   13.932327    7.108780    1.000000    1.313836    1.556405
Iteration: 199 bestvalit: 0.004377 bestmemit:   13.932327    7.108780    1.000000    1.313836    1.556405
Iteration: 200 bestvalit: 0.004377 bestmemit:   13.932327    7.108780    1.000000    1.313836    1.556405
Iteration: 201 bestvalit: 0.004377 bestmemit:   13.932327    7.108780    1.000000    1.313836    1.556405
Iteration: 202 bestvalit: 0.004377 bestmemit:   13.932327    7.108780    1.000000    1.313836    1.556405
Iteration: 203 bestvalit: 0.004377 bestmemit:   13.932327    7.108780    1.000000    1.313836    1.556405
Iteration: 204 bestvalit: 0.004377 bestmemit:   13.899292    7.049770    1.000000    1.308928    1.592519
Iteration: 205 bestvalit: 0.004377 bestmemit:   13.899292    7.049770    1.000000    1.308928    1.592519
Iteration: 206 bestvalit: 0.004377 bestmemit:   13.965307    7.057489    1.000000    1.310774    1.574712
Iteration: 207 bestvalit: 0.004377 bestmemit:   13.965307    7.057489    1.000000    1.310774    1.574712
Iteration: 208 bestvalit: 0.004377 bestmemit:   13.965307    7.057489    1.000000    1.310774    1.574712
Iteration: 209 bestvalit: 0.004377 bestmemit:   13.965307    7.057489    1.000000    1.310774    1.574712
Iteration: 210 bestvalit: 0.004377 bestmemit:   13.965307    7.057489    1.000000    1.310774    1.574712
Iteration: 211 bestvalit: 0.004377 bestmemit:   13.965307    7.057489    1.000000    1.310774    1.574712
Iteration: 212 bestvalit: 0.004377 bestmemit:   13.965307    7.057489    1.000000    1.310774    1.574712
Iteration: 213 bestvalit: 0.004377 bestmemit:   13.965307    7.057489    1.000000    1.310774    1.574712
Iteration: 214 bestvalit: 0.004377 bestmemit:   13.965307    7.057489    1.000000    1.310774    1.574712
Iteration: 215 bestvalit: 0.004377 bestmemit:   13.965307    7.057489    1.000000    1.310774    1.574712
Iteration: 216 bestvalit: 0.004377 bestmemit:   13.940373    7.075741    1.000000    1.310083    1.580687
Iteration: 217 bestvalit: 0.004377 bestmemit:   13.940373    7.075741    1.000000    1.310083    1.580687
Iteration: 218 bestvalit: 0.004377 bestmemit:   13.940373    7.075741    1.000000    1.310083    1.580687
Iteration: 219 bestvalit: 0.004377 bestmemit:   13.940373    7.063949    1.000000    1.310083    1.580687
Iteration: 220 bestvalit: 0.004377 bestmemit:   13.940373    7.063949    1.000000    1.310083    1.580687
Iteration: 221 bestvalit: 0.004377 bestmemit:   13.940373    7.063949    1.000000    1.310083    1.580687
Iteration: 222 bestvalit: 0.004377 bestmemit:   13.940373    7.063949    1.000000    1.310083    1.580687
Iteration: 223 bestvalit: 0.004377 bestmemit:   13.950553    7.063949    1.000000    1.313883    1.580506
Iteration: 224 bestvalit: 0.004377 bestmemit:   13.950553    7.063949    1.000000    1.313883    1.580506
Iteration: 225 bestvalit: 0.004377 bestmemit:   13.950553    7.063949    1.000000    1.313883    1.580506
Iteration: 226 bestvalit: 0.004377 bestmemit:   13.950553    7.063949    1.000000    1.313883    1.580506
Iteration: 227 bestvalit: 0.004377 bestmemit:   13.950553    7.063949    1.000000    1.313883    1.580506
Iteration: 228 bestvalit: 0.004377 bestmemit:   13.922361    7.103048    1.000000    1.310795    1.570429
Iteration: 229 bestvalit: 0.004377 bestmemit:   13.922361    7.103048    1.000000    1.310795    1.570429
Iteration: 230 bestvalit: 0.004377 bestmemit:   13.922361    7.103048    1.000000    1.310795    1.570429
Iteration: 231 bestvalit: 0.004377 bestmemit:   13.922361    7.103048    1.000000    1.310795    1.570429
Iteration: 232 bestvalit: 0.004377 bestmemit:   13.922361    7.103048    1.000000    1.310795    1.570429
Iteration: 233 bestvalit: 0.004377 bestmemit:   13.922361    7.103048    1.000000    1.310795    1.570429
Iteration: 234 bestvalit: 0.004377 bestmemit:   13.922361    7.103048    1.000000    1.310795    1.570429
Iteration: 235 bestvalit: 0.004377 bestmemit:   13.922361    7.103048    1.000000    1.310795    1.570429
Iteration: 236 bestvalit: 0.004377 bestmemit:   13.922361    7.103048    1.000000    1.310795    1.570429
Iteration: 237 bestvalit: 0.004377 bestmemit:   13.922361    7.103048    1.000000    1.310795    1.570429
Iteration: 238 bestvalit: 0.004377 bestmemit:   13.933483    7.088489    1.000000    1.309223    1.569331
Iteration: 239 bestvalit: 0.004377 bestmemit:   13.933483    7.088489    1.000000    1.309223    1.571601
Iteration: 240 bestvalit: 0.004377 bestmemit:   13.933483    7.088489    1.000000    1.309223    1.571601
Iteration: 241 bestvalit: 0.004377 bestmemit:   13.933483    7.088489    1.000000    1.309223    1.571601
Iteration: 242 bestvalit: 0.004377 bestmemit:   13.933483    7.088489    1.000000    1.309223    1.571601
Iteration: 243 bestvalit: 0.004377 bestmemit:   13.933483    7.088489    1.000000    1.309223    1.571601
Iteration: 244 bestvalit: 0.004377 bestmemit:   13.933483    7.088489    1.000000    1.309223    1.571601
Iteration: 245 bestvalit: 0.004377 bestmemit:   13.933483    7.088489    1.000000    1.309223    1.571601
Iteration: 246 bestvalit: 0.004377 bestmemit:   13.933483    7.088489    1.000000    1.309223    1.571601
Iteration: 247 bestvalit: 0.004377 bestmemit:   13.933483    7.088489    1.000000    1.309223    1.571601
Iteration: 248 bestvalit: 0.004377 bestmemit:   13.933483    7.088489    1.000000    1.309223    1.571601
Iteration: 249 bestvalit: 0.004377 bestmemit:   13.933483    7.088489    1.000000    1.309223    1.571601
Iteration: 250 bestvalit: 0.004377 bestmemit:   13.933483    7.088489    1.000000    1.309223    1.571601
Iteration: 251 bestvalit: 0.004377 bestmemit:   13.933483    7.088489    1.000000    1.309223    1.571601
Iteration: 252 bestvalit: 0.004377 bestmemit:   13.933483    7.088489    1.000000    1.309223    1.571601
Iteration: 253 bestvalit: 0.004377 bestmemit:   13.933483    7.088489    1.000000    1.309223    1.571601
Iteration: 254 bestvalit: 0.004377 bestmemit:   13.918047    7.087907    1.000000    1.309677    1.575967
Iteration: 255 bestvalit: 0.004377 bestmemit:   13.918047    7.087907    1.000000    1.309677    1.575967
Iteration: 256 bestvalit: 0.004377 bestmemit:   13.918047    7.087907    1.000000    1.309677    1.575967
Iteration: 257 bestvalit: 0.004377 bestmemit:   13.918047    7.087907    1.000000    1.309677    1.575967
Iteration: 258 bestvalit: 0.004377 bestmemit:   13.938079    7.070899    1.000000    1.313883    1.577783
Iteration: 259 bestvalit: 0.004377 bestmemit:   13.938079    7.070899    1.000000    1.313883    1.577783
Iteration: 260 bestvalit: 0.004377 bestmemit:   13.939738    7.078011    1.000000    1.311935    1.574765
Iteration: 261 bestvalit: 0.004377 bestmemit:   13.939738    7.078011    1.000000    1.311935    1.574765
Iteration: 262 bestvalit: 0.004377 bestmemit:   13.939738    7.078011    1.000000    1.311935    1.574765
Iteration: 263 bestvalit: 0.004377 bestmemit:   13.939738    7.078011    1.000000    1.311935    1.574765
Iteration: 264 bestvalit: 0.004377 bestmemit:   13.939738    7.078011    1.000000    1.311935    1.574765
Iteration: 265 bestvalit: 0.004377 bestmemit:   13.939738    7.078011    1.000000    1.311935    1.574765
Iteration: 266 bestvalit: 0.004377 bestmemit:   13.939738    7.078011    1.000000    1.311935    1.574765
Iteration: 267 bestvalit: 0.004377 bestmemit:   13.939738    7.078011    1.000000    1.311935    1.574765
Iteration: 268 bestvalit: 0.004377 bestmemit:   13.939738    7.078011    1.000000    1.311935    1.574765
Iteration: 269 bestvalit: 0.004377 bestmemit:   13.939738    7.077200    1.000000    1.311935    1.574765
Iteration: 270 bestvalit: 0.004377 bestmemit:   13.939738    7.077200    1.000000    1.311935    1.574765
Iteration: 271 bestvalit: 0.004377 bestmemit:   13.939738    7.077200    1.000000    1.311935    1.574765
Iteration: 272 bestvalit: 0.004377 bestmemit:   13.939738    7.077200    1.000000    1.311935    1.574765
Iteration: 273 bestvalit: 0.004377 bestmemit:   13.939738    7.077200    1.000000    1.311935    1.574765
Iteration: 274 bestvalit: 0.004377 bestmemit:   13.939738    7.077200    1.000000    1.311935    1.574765
Iteration: 275 bestvalit: 0.004377 bestmemit:   13.937230    7.079371    1.000000    1.311873    1.574317
Iteration: 276 bestvalit: 0.004377 bestmemit:   13.937230    7.079371    1.000000    1.311873    1.574317
Iteration: 277 bestvalit: 0.004377 bestmemit:   13.937230    7.079371    1.000000    1.311873    1.574317
Iteration: 278 bestvalit: 0.004377 bestmemit:   13.937230    7.079371    1.000000    1.311873    1.574317
Iteration: 279 bestvalit: 0.004377 bestmemit:   13.937230    7.079371    1.000000    1.311873    1.574317
Iteration: 280 bestvalit: 0.004377 bestmemit:   13.937230    7.079371    1.000000    1.311873    1.574317
Iteration: 281 bestvalit: 0.004377 bestmemit:   13.937230    7.079371    1.000000    1.311873    1.574317
Iteration: 282 bestvalit: 0.004377 bestmemit:   13.937230    7.079371    1.000000    1.311873    1.574317
Iteration: 283 bestvalit: 0.004377 bestmemit:   13.937230    7.079371    1.000000    1.311873    1.574317
Iteration: 284 bestvalit: 0.004377 bestmemit:   13.937230    7.079371    1.000000    1.311873    1.574317
Iteration: 285 bestvalit: 0.004377 bestmemit:   13.937230    7.079371    1.000000    1.311873    1.574317
Iteration: 286 bestvalit: 0.004377 bestmemit:   13.937230    7.079371    1.000000    1.311873    1.574794
Iteration: 287 bestvalit: 0.004377 bestmemit:   13.937230    7.079371    1.000000    1.311873    1.574794
Iteration: 288 bestvalit: 0.004377 bestmemit:   13.937230    7.079371    1.000000    1.311873    1.574794
Iteration: 289 bestvalit: 0.004377 bestmemit:   13.937230    7.079371    1.000000    1.311873    1.574794
Iteration: 290 bestvalit: 0.004377 bestmemit:   13.937230    7.079371    1.000000    1.311873    1.574794
Iteration: 291 bestvalit: 0.004377 bestmemit:   13.929106    7.083662    1.000000    1.311031    1.575160
Iteration: 292 bestvalit: 0.004377 bestmemit:   13.929106    7.083662    1.000000    1.311031    1.575160
Iteration: 293 bestvalit: 0.004377 bestmemit:   13.929106    7.083662    1.000000    1.311031    1.575160
Iteration: 294 bestvalit: 0.004377 bestmemit:   13.929106    7.083662    1.000000    1.311031    1.575160
Iteration: 295 bestvalit: 0.004377 bestmemit:   13.929106    7.083662    1.000000    1.311031    1.575160
Iteration: 296 bestvalit: 0.004377 bestmemit:   13.929106    7.083662    1.000000    1.311031    1.575424
Iteration: 297 bestvalit: 0.004377 bestmemit:   13.936747    7.079117    1.000000    1.312143    1.575102
Iteration: 298 bestvalit: 0.004377 bestmemit:   13.936747    7.079117    1.000000    1.312143    1.575102
Iteration: 299 bestvalit: 0.004377 bestmemit:   13.936747    7.079117    1.000000    1.312143    1.575102
Iteration: 300 bestvalit: 0.004377 bestmemit:   13.936747    7.079117    1.000000    1.312143    1.575102
Iteration: 301 bestvalit: 0.004377 bestmemit:   13.936747    7.079117    1.000000    1.312143    1.575102
Iteration: 302 bestvalit: 0.004377 bestmemit:   13.936747    7.079117    1.000000    1.312143    1.575102
Iteration: 303 bestvalit: 0.004377 bestmemit:   13.934641    7.082663    1.000000    1.311736    1.574382
Iteration: 304 bestvalit: 0.004377 bestmemit:   13.936485    7.079590    1.000000    1.312136    1.575093
Iteration: 305 bestvalit: 0.004377 bestmemit:   13.936485    7.079590    1.000000    1.312136    1.575093
Iteration: 306 bestvalit: 0.004377 bestmemit:   13.936485    7.079590    1.000000    1.312136    1.575093
Iteration: 307 bestvalit: 0.004377 bestmemit:   13.936485    7.079590    1.000000    1.312136    1.575093
Iteration: 308 bestvalit: 0.004377 bestmemit:   13.936485    7.079590    1.000000    1.312136    1.575093
Iteration: 309 bestvalit: 0.004377 bestmemit:   13.936485    7.079590    1.000000    1.312136    1.575093
Iteration: 310 bestvalit: 0.004377 bestmemit:   13.936485    7.079590    1.000000    1.312136    1.575093
Iteration: 311 bestvalit: 0.004377 bestmemit:   13.936485    7.079590    1.000000    1.312136    1.575093
Iteration: 312 bestvalit: 0.004377 bestmemit:   13.936485    7.079590    1.000000    1.312136    1.575093
Iteration: 313 bestvalit: 0.004377 bestmemit:   13.936485    7.079590    1.000000    1.312136    1.575093
Iteration: 314 bestvalit: 0.004377 bestmemit:   13.936485    7.079590    1.000000    1.312136    1.575093
Iteration: 315 bestvalit: 0.004377 bestmemit:   13.934940    7.082091    1.000000    1.311650    1.574771
Iteration: 316 bestvalit: 0.004377 bestmemit:   13.934940    7.082091    1.000000    1.311650    1.574771
Iteration: 317 bestvalit: 0.004377 bestmemit:   13.933804    7.082091    1.000000    1.311650    1.575153
Iteration: 318 bestvalit: 0.004377 bestmemit:   13.933804    7.082091    1.000000    1.311650    1.575153
Iteration: 319 bestvalit: 0.004377 bestmemit:   13.933804    7.082077    1.000000    1.311650    1.575153
Iteration: 320 bestvalit: 0.004377 bestmemit:   13.933804    7.082077    1.000000    1.311650    1.575153
Iteration: 321 bestvalit: 0.004377 bestmemit:   13.933310    7.081577    1.000000    1.311738    1.575239
Iteration: 322 bestvalit: 0.004377 bestmemit:   13.933310    7.081577    1.000000    1.311738    1.575239
Iteration: 323 bestvalit: 0.004377 bestmemit:   13.933310    7.081577    1.000000    1.311738    1.575239
Iteration: 324 bestvalit: 0.004377 bestmemit:   13.933310    7.081577    1.000000    1.311738    1.575239
Iteration: 325 bestvalit: 0.004377 bestmemit:   13.933310    7.081577    1.000000    1.311738    1.575239
Iteration: 326 bestvalit: 0.004377 bestmemit:   13.933310    7.081577    1.000000    1.311738    1.575239
Iteration: 327 bestvalit: 0.004377 bestmemit:   13.933310    7.081577    1.000000    1.311738    1.575239
Iteration: 328 bestvalit: 0.004377 bestmemit:   13.933310    7.081577    1.000000    1.311738    1.575239
Iteration: 329 bestvalit: 0.004377 bestmemit:   13.933310    7.081577    1.000000    1.311738    1.575239
Iteration: 330 bestvalit: 0.004377 bestmemit:   13.933310    7.081577    1.000000    1.311738    1.575239
Iteration: 331 bestvalit: 0.004377 bestmemit:   13.933310    7.081577    1.000000    1.311738    1.575239
Iteration: 332 bestvalit: 0.004377 bestmemit:   13.933310    7.081613    1.000000    1.311738    1.575239
Iteration: 333 bestvalit: 0.004377 bestmemit:   13.933310    7.081613    1.000000    1.311738    1.575239
Iteration: 334 bestvalit: 0.004377 bestmemit:   13.933310    7.081613    1.000000    1.311738    1.575239
Iteration: 335 bestvalit: 0.004377 bestmemit:   13.933310    7.081613    1.000000    1.311738    1.575239
Iteration: 336 bestvalit: 0.004377 bestmemit:   13.933310    7.081613    1.000000    1.311738    1.575239
Iteration: 337 bestvalit: 0.004377 bestmemit:   13.933763    7.081560    1.000000    1.311762    1.575292
Iteration: 338 bestvalit: 0.004377 bestmemit:   13.933763    7.081560    1.000000    1.311762    1.575292
Iteration: 339 bestvalit: 0.004377 bestmemit:   13.933763    7.081502    1.000000    1.311762    1.575292
Iteration: 340 bestvalit: 0.004377 bestmemit:   13.933293    7.081645    1.000000    1.311607    1.575316
Iteration: 341 bestvalit: 0.004377 bestmemit:   13.933293    7.081645    1.000000    1.311607    1.575316
Iteration: 342 bestvalit: 0.004377 bestmemit:   13.933293    7.081645    1.000000    1.311607    1.575316
Iteration: 343 bestvalit: 0.004377 bestmemit:   13.933293    7.081645    1.000000    1.311607    1.575316
Iteration: 344 bestvalit: 0.004377 bestmemit:   13.933293    7.081645    1.000000    1.311607    1.575316
Iteration: 345 bestvalit: 0.004377 bestmemit:   13.933293    7.081645    1.000000    1.311607    1.575316
Iteration: 346 bestvalit: 0.004377 bestmemit:   13.933310    7.082163    1.000000    1.311646    1.575029

***** summary of DEoptim object ***** 
best member   :  13.93331 7.08216 1 1.31165 1.57503 
best value    :  0.00438 
after         :  346 generations 
fn evaluated  :  694 times 
*************************************
