SLURM_JOB_ID: 55402988
SLURM_JOB_USER: vsc34066
SLURM_JOB_ACCOUNT: lp_desenderlab
SLURM_JOB_NAME: par_recov_alternating_fb_sim_alpha_learn.slurm
SLURM_CLUSTER_NAME: genius
SLURM_JOB_PARTITION: batch
SLURM_ARRAY_JOB_ID: 55402977
SLURM_ARRAY_TASK_ID: 11
SLURM_NNODES: 1
SLURM_NODELIST: r22i27n09
SLURM_JOB_CPUS_PER_NODE: 8
Date: Sun Dec  3 23:43:53 CET 2023
Walltime: 01-06:00:00
========================================================================
Iteration: 1 bestvalit: 0.036488 bestmemit:    0.894911    4.703586    1.000000  339.256767 1628.134495
Iteration: 2 bestvalit: 0.032481 bestmemit:   37.357595   12.531442    1.000000  527.914841  192.820511
Iteration: 3 bestvalit: 0.032481 bestmemit:   37.357595   12.531442    1.000000  527.914841  192.820511
Iteration: 4 bestvalit: 0.032481 bestmemit:   37.357595   12.531442    1.000000  527.914841  192.820511
Iteration: 5 bestvalit: 0.014633 bestmemit:    2.491551    2.113311    1.000000   40.774280   74.515643
Iteration: 6 bestvalit: 0.014633 bestmemit:    2.491551    2.113311    1.000000   40.774280   74.515643
Iteration: 7 bestvalit: 0.014633 bestmemit:    2.491551    2.113311    1.000000   40.774280   74.515643
Iteration: 8 bestvalit: 0.014633 bestmemit:    2.491551    2.113311    1.000000   40.774280   74.515643
Iteration: 9 bestvalit: 0.014633 bestmemit:    2.491551    2.113311    1.000000   40.774280   74.515643
Iteration: 10 bestvalit: 0.014633 bestmemit:    2.491551    2.113311    1.000000   40.774280   74.515643
Iteration: 11 bestvalit: 0.014633 bestmemit:    2.491551    2.113311    1.000000   40.774280   74.515643
Iteration: 12 bestvalit: 0.014633 bestmemit:    2.491551    2.113311    1.000000   40.774280   74.515643
Iteration: 13 bestvalit: 0.014633 bestmemit:    2.491551    2.113311    1.000000   40.774280   74.515643
Iteration: 14 bestvalit: 0.014633 bestmemit:    2.491551    2.113311    1.000000   40.774280   74.515643
Iteration: 15 bestvalit: 0.014633 bestmemit:    2.491551    2.113311    1.000000   40.774280   74.515643
Iteration: 16 bestvalit: 0.014633 bestmemit:    2.491551    2.113311    1.000000   40.774280   74.515643
Iteration: 17 bestvalit: 0.014633 bestmemit:    2.491551    2.113311    1.000000   40.774280   74.515643
Iteration: 18 bestvalit: 0.014633 bestmemit:    2.491551    2.113311    1.000000   40.774280   74.515643
Iteration: 19 bestvalit: 0.014633 bestmemit:    2.491551    2.113311    1.000000   40.774280   74.515643
Iteration: 20 bestvalit: 0.009739 bestmemit:   10.794337   40.201550    1.000000   15.008645   38.122757
Iteration: 21 bestvalit: 0.009739 bestmemit:   10.794337   40.201550    1.000000   15.008645   38.122757
Iteration: 22 bestvalit: 0.008225 bestmemit:   10.794337   -9.182123    1.000000   15.008645   38.122757
Iteration: 23 bestvalit: 0.008225 bestmemit:   10.794337   -9.182123    1.000000   15.008645   38.122757
Iteration: 24 bestvalit: 0.008225 bestmemit:   10.794337   -9.182123    1.000000   15.008645   38.122757
Iteration: 25 bestvalit: 0.008225 bestmemit:   10.794337   -9.182123    1.000000   15.008645   38.122757
Iteration: 26 bestvalit: 0.008225 bestmemit:   10.794337   -9.182123    1.000000   15.008645   38.122757
Iteration: 27 bestvalit: 0.008225 bestmemit:   10.794337   -9.182123    1.000000   15.008645   38.122757
Iteration: 28 bestvalit: 0.008225 bestmemit:   10.794337   -9.182123    1.000000   15.008645   38.122757
Iteration: 29 bestvalit: 0.008225 bestmemit:   10.794337   -9.182123    1.000000   15.008645   38.122757
Iteration: 30 bestvalit: 0.008225 bestmemit:   10.794337   -9.182123    1.000000   15.008645   38.122757
Iteration: 31 bestvalit: 0.008225 bestmemit:   10.794337   -9.182123    1.000000   15.008645   38.122757
Iteration: 32 bestvalit: 0.008225 bestmemit:   10.794337   -9.182123    1.000000   15.008645   38.122757
Iteration: 33 bestvalit: 0.008054 bestmemit:   15.051955   -9.182123    1.000000   15.008645   38.122757
Iteration: 34 bestvalit: 0.005211 bestmemit:   15.461530    6.462933    1.000000    8.171249   13.591799
Iteration: 35 bestvalit: 0.005211 bestmemit:   15.461530    6.462933    1.000000    8.171249   13.591799
Iteration: 36 bestvalit: 0.005211 bestmemit:   15.461530    6.462933    1.000000    8.171249   13.591799
Iteration: 37 bestvalit: 0.005211 bestmemit:   15.461530    6.462933    1.000000    8.171249   13.591799
Iteration: 38 bestvalit: 0.005211 bestmemit:   15.461530    6.462933    1.000000    8.171249   13.591799
Iteration: 39 bestvalit: 0.004394 bestmemit:   20.126887   -2.852520    1.000000   17.891534    6.832871
Iteration: 40 bestvalit: 0.004172 bestmemit:    6.092828    6.462933    1.000000    8.171249   13.591799
Iteration: 41 bestvalit: 0.004172 bestmemit:    6.092828    6.462933    1.000000    8.171249   13.591799
Iteration: 42 bestvalit: 0.004061 bestmemit:   20.126887   -2.852520    1.000000    8.658727    6.832871
Iteration: 43 bestvalit: 0.003223 bestmemit:   15.119077   -2.852520    1.000000    8.658727    6.832871
Iteration: 44 bestvalit: 0.003223 bestmemit:   15.119077   -2.852520    1.000000    8.658727    6.832871
Iteration: 45 bestvalit: 0.003223 bestmemit:   15.119077   -2.852520    1.000000    8.658727    6.832871
Iteration: 46 bestvalit: 0.003223 bestmemit:   15.119077   -2.852520    1.000000    8.658727    6.832871
Iteration: 47 bestvalit: 0.003223 bestmemit:   15.119077   -2.852520    1.000000    8.658727    6.832871
Iteration: 48 bestvalit: 0.003223 bestmemit:   15.119077   -2.852520    1.000000    8.658727    6.832871
Iteration: 49 bestvalit: 0.003223 bestmemit:   15.119077   -2.852520    1.000000    8.658727    6.832871
Iteration: 50 bestvalit: 0.003223 bestmemit:   15.119077   -2.852520    1.000000    8.658727    6.832871
Iteration: 51 bestvalit: 0.003223 bestmemit:   15.119077   -2.852520    1.000000    8.658727    6.832871
Iteration: 52 bestvalit: 0.003223 bestmemit:   15.119077   -2.852520    1.000000    8.658727    6.832871
Iteration: 53 bestvalit: 0.001976 bestmemit:    8.674978   -0.749669    1.000000    9.115678    4.749683
Iteration: 54 bestvalit: 0.001976 bestmemit:    8.674978   -0.749669    1.000000    9.115678    4.749683
Iteration: 55 bestvalit: 0.001790 bestmemit:   15.832012   -2.852520    1.000000    8.658727    0.901325
Iteration: 56 bestvalit: 0.001790 bestmemit:   15.832012   -2.852520    1.000000    8.658727    0.901325
Iteration: 57 bestvalit: 0.001790 bestmemit:   15.832012   -2.852520    1.000000    8.658727    0.901325
Iteration: 58 bestvalit: 0.001790 bestmemit:   15.832012   -2.852520    1.000000    8.658727    0.901325
Iteration: 59 bestvalit: 0.001790 bestmemit:   15.832012   -2.852520    1.000000    8.658727    0.901325
Iteration: 60 bestvalit: 0.001790 bestmemit:   15.832012   -2.852520    1.000000    8.658727    0.901325
Iteration: 61 bestvalit: 0.001790 bestmemit:   15.832012   -2.852520    1.000000    8.658727    0.901325
Iteration: 62 bestvalit: 0.001790 bestmemit:   15.832012   -2.852520    1.000000    8.658727    0.901325
Iteration: 63 bestvalit: 0.001790 bestmemit:   15.832012   -2.852520    1.000000    8.658727    0.901325
Iteration: 64 bestvalit: 0.001687 bestmemit:    9.369434   -3.887626    1.000000    6.412967    2.000585
Iteration: 65 bestvalit: 0.001687 bestmemit:    9.369434   -3.887626    1.000000    6.412967    2.000585
Iteration: 66 bestvalit: 0.001418 bestmemit:    6.354191    2.966286    1.000000    7.888831    0.587427
Iteration: 67 bestvalit: 0.001264 bestmemit:    9.369434    3.575138    1.000000    6.412967    2.000585
Iteration: 68 bestvalit: 0.001264 bestmemit:    9.369434    3.575138    1.000000    6.412967    2.000585
Iteration: 69 bestvalit: 0.001149 bestmemit:    4.860236    5.394475    1.000000    2.711358    3.671578
Iteration: 70 bestvalit: 0.001149 bestmemit:    4.860236    5.394475    1.000000    2.711358    3.671578
Iteration: 71 bestvalit: 0.000934 bestmemit:    7.232312    4.081978    1.000000    1.085268    0.706995
Iteration: 72 bestvalit: 0.000934 bestmemit:    7.232312    4.081978    1.000000    1.085268    0.706995
Iteration: 73 bestvalit: 0.000896 bestmemit:    7.298766    4.324573    1.000000    4.903675    1.115234
Iteration: 74 bestvalit: 0.000896 bestmemit:    7.298766    4.324573    1.000000    4.903675    1.115234
Iteration: 75 bestvalit: 0.000896 bestmemit:    7.298766    4.324573    1.000000    4.903675    1.115234
Iteration: 76 bestvalit: 0.000896 bestmemit:    7.298766    4.324573    1.000000    4.903675    1.115234
Iteration: 77 bestvalit: 0.000881 bestmemit:    5.421552    4.324573    1.000000    4.903675    1.115234
Iteration: 78 bestvalit: 0.000815 bestmemit:    4.236248    4.894868    1.000000    3.590085    1.653592
Iteration: 79 bestvalit: 0.000790 bestmemit:    4.372722    8.640492    1.000000    3.400218    0.319521
Iteration: 80 bestvalit: 0.000773 bestmemit:    2.458956    9.996699    1.000000    3.795558    0.371308
Iteration: 81 bestvalit: 0.000773 bestmemit:    2.458956    9.996699    1.000000    3.795558    0.371308
Iteration: 82 bestvalit: 0.000773 bestmemit:    2.458956    9.996699    1.000000    3.795558    0.371308
Iteration: 83 bestvalit: 0.000773 bestmemit:    2.458956    9.996699    1.000000    3.795558    0.371308
Iteration: 84 bestvalit: 0.000770 bestmemit:    5.421552    6.987612    1.000000    3.197792    0.756716
Iteration: 85 bestvalit: 0.000769 bestmemit:    4.326544    7.770249    1.000000    4.701197    0.650484
Iteration: 86 bestvalit: 0.000769 bestmemit:    4.326544    7.770249    1.000000    4.701197    0.650484
Iteration: 87 bestvalit: 0.000769 bestmemit:    4.326544    7.770249    1.000000    4.701197    0.650484
Iteration: 88 bestvalit: 0.000757 bestmemit:    4.483102    8.178413    1.000000    3.906563    0.698385
Iteration: 89 bestvalit: 0.000757 bestmemit:    4.483102    8.178413    1.000000    3.906563    0.698385
Iteration: 90 bestvalit: 0.000727 bestmemit:    2.360523    8.996954    1.000000    3.197792    0.756716
Iteration: 91 bestvalit: 0.000724 bestmemit:    2.263440    8.350193    1.000000    1.434629    1.711536
Iteration: 92 bestvalit: 0.000724 bestmemit:    2.263440    8.350193    1.000000    1.434629    1.711536
Iteration: 93 bestvalit: 0.000717 bestmemit:    3.676375    8.413201    1.000000    1.775637    0.868908
Iteration: 94 bestvalit: 0.000717 bestmemit:    3.676375    8.413201    1.000000    1.775637    0.868908
Iteration: 95 bestvalit: 0.000717 bestmemit:    3.676375    8.413201    1.000000    1.775637    0.868908
Iteration: 96 bestvalit: 0.000717 bestmemit:    3.676375    8.413201    1.000000    1.775637    0.868908
Iteration: 97 bestvalit: 0.000713 bestmemit:    3.149799    8.350193    1.000000    1.434629    1.258067
Iteration: 98 bestvalit: 0.000713 bestmemit:    3.149799    8.350193    1.000000    1.434629    1.258067
Iteration: 99 bestvalit: 0.000713 bestmemit:    3.149799    8.350193    1.000000    1.434629    1.258067
Iteration: 100 bestvalit: 0.000713 bestmemit:    3.149799    8.350193    1.000000    1.434629    1.258067
Iteration: 101 bestvalit: 0.000710 bestmemit:    3.034492    8.120961    1.000000    2.627150    1.111592
Iteration: 102 bestvalit: 0.000709 bestmemit:    3.034492    8.120961    1.000000    2.543326    1.111592
Iteration: 103 bestvalit: 0.000709 bestmemit:    3.034492    8.120961    1.000000    2.543326    1.111592
Iteration: 104 bestvalit: 0.000709 bestmemit:    3.034492    8.120961    1.000000    2.543326    1.111592
Iteration: 105 bestvalit: 0.000709 bestmemit:    3.034492    8.120961    1.000000    2.543326    1.111592
Iteration: 106 bestvalit: 0.000709 bestmemit:    3.034492    8.120961    1.000000    2.543326    1.111592
Iteration: 107 bestvalit: 0.000709 bestmemit:    3.034492    8.120961    1.000000    2.543326    1.111592
Iteration: 108 bestvalit: 0.000709 bestmemit:    3.034492    8.120961    1.000000    2.543326    1.111592
Iteration: 109 bestvalit: 0.000709 bestmemit:    3.034492    8.120961    1.000000    2.543326    1.111592
Iteration: 110 bestvalit: 0.000709 bestmemit:    2.879749    8.694844    1.000000    2.687212    0.885078
Iteration: 111 bestvalit: 0.000709 bestmemit:    2.879749    8.694844    1.000000    2.687212    0.885078
Iteration: 112 bestvalit: 0.000709 bestmemit:    2.879749    8.694844    1.000000    2.687212    0.885078
Iteration: 113 bestvalit: 0.000709 bestmemit:    2.879749    8.694844    1.000000    2.687212    0.885078
Iteration: 114 bestvalit: 0.000709 bestmemit:    2.582752    8.688719    1.000000    1.428724    1.174201
Iteration: 115 bestvalit: 0.000709 bestmemit:    2.582752    8.688719    1.000000    1.428724    1.174201
Iteration: 116 bestvalit: 0.000709 bestmemit:    2.582752    8.688719    1.000000    1.428724    1.174201
Iteration: 117 bestvalit: 0.000708 bestmemit:    3.050338    8.134202    1.000000    1.956086    1.063308
Iteration: 118 bestvalit: 0.000706 bestmemit:    3.050338    8.338907    1.000000    1.956086    1.063308
Iteration: 119 bestvalit: 0.000706 bestmemit:    3.050338    8.338907    1.000000    1.956086    1.063308
Iteration: 120 bestvalit: 0.000706 bestmemit:    3.050338    8.338907    1.000000    1.956086    1.063308
Iteration: 121 bestvalit: 0.000706 bestmemit:    3.050338    8.338907    1.000000    1.956086    1.063308
Iteration: 122 bestvalit: 0.000706 bestmemit:    3.050338    8.338907    1.000000    1.956086    1.063308
Iteration: 123 bestvalit: 0.000706 bestmemit:    3.050338    8.338907    1.000000    1.956086    1.063308
Iteration: 124 bestvalit: 0.000706 bestmemit:    3.050338    8.338907    1.000000    1.956086    1.063308
Iteration: 125 bestvalit: 0.000706 bestmemit:    3.050338    8.338907    1.000000    1.956086    1.063308
Iteration: 126 bestvalit: 0.000706 bestmemit:    3.050338    8.338907    1.000000    1.956086    1.063308
Iteration: 127 bestvalit: 0.000706 bestmemit:    3.050338    8.338907    1.000000    1.956086    1.063308
Iteration: 128 bestvalit: 0.000706 bestmemit:    3.050338    8.338907    1.000000    1.956086    1.063308
Iteration: 129 bestvalit: 0.000706 bestmemit:    3.050338    8.338907    1.000000    1.956086    1.063308
Iteration: 130 bestvalit: 0.000706 bestmemit:    3.050338    8.338907    1.000000    1.956086    1.063308
Iteration: 131 bestvalit: 0.000706 bestmemit:    2.895251    8.487742    1.000000    1.899675    1.048497
Iteration: 132 bestvalit: 0.000706 bestmemit:    2.895251    8.487742    1.000000    2.162266    1.048497
Iteration: 133 bestvalit: 0.000706 bestmemit:    2.895251    8.487742    1.000000    2.162266    1.048497
Iteration: 134 bestvalit: 0.000706 bestmemit:    2.874661    8.487742    1.000000    2.162266    1.048497
Iteration: 135 bestvalit: 0.000706 bestmemit:    2.874661    8.487742    1.000000    2.162266    1.048497
Iteration: 136 bestvalit: 0.000706 bestmemit:    2.874661    8.487742    1.000000    2.162266    1.048497
Iteration: 137 bestvalit: 0.000706 bestmemit:    2.874661    8.487742    1.000000    2.162266    1.048497
Iteration: 138 bestvalit: 0.000706 bestmemit:    2.874661    8.487742    1.000000    2.162266    1.048497
Iteration: 139 bestvalit: 0.000706 bestmemit:    2.874661    8.487742    1.000000    2.162266    1.048497
Iteration: 140 bestvalit: 0.000706 bestmemit:    2.874661    8.487742    1.000000    2.162266    1.048497
Iteration: 141 bestvalit: 0.000706 bestmemit:    2.874661    8.487742    1.000000    2.162266    1.048497
Iteration: 142 bestvalit: 0.000706 bestmemit:    2.874661    8.487742    1.000000    2.162266    1.048497
Iteration: 143 bestvalit: 0.000706 bestmemit:    2.874661    8.487742    1.000000    2.088145    1.048497
Iteration: 144 bestvalit: 0.000706 bestmemit:    2.874661    8.487742    1.000000    2.088145    1.048497
Iteration: 145 bestvalit: 0.000706 bestmemit:    2.874661    8.487742    1.000000    2.088145    1.048497
Iteration: 146 bestvalit: 0.000706 bestmemit:    2.874661    8.487742    1.000000    2.088145    1.048497
Iteration: 147 bestvalit: 0.000706 bestmemit:    2.874661    8.487742    1.000000    2.088145    1.048497
Iteration: 148 bestvalit: 0.000706 bestmemit:    2.874661    8.487742    1.000000    2.088145    1.048497
Iteration: 149 bestvalit: 0.000706 bestmemit:    2.874661    8.487742    1.000000    2.088145    1.048497
Iteration: 150 bestvalit: 0.000706 bestmemit:    2.846906    8.532692    1.000000    2.085879    1.037729
Iteration: 151 bestvalit: 0.000706 bestmemit:    2.846906    8.532692    1.000000    2.085879    1.037729
Iteration: 152 bestvalit: 0.000706 bestmemit:    2.846906    8.532692    1.000000    2.085879    1.037729
Iteration: 153 bestvalit: 0.000706 bestmemit:    2.846906    8.532692    1.000000    2.085879    1.037729
Iteration: 154 bestvalit: 0.000706 bestmemit:    2.846906    8.532692    1.000000    2.085879    1.037729
Iteration: 155 bestvalit: 0.000706 bestmemit:    2.846906    8.532692    1.000000    2.085879    1.037729
Iteration: 156 bestvalit: 0.000706 bestmemit:    2.846906    8.532692    1.000000    2.085879    1.037729
Iteration: 157 bestvalit: 0.000706 bestmemit:    2.846906    8.532692    1.000000    2.085879    1.037729
Iteration: 158 bestvalit: 0.000706 bestmemit:    2.846906    8.532692    1.000000    2.085879    1.037729
Iteration: 159 bestvalit: 0.000706 bestmemit:    2.846906    8.532692    1.000000    2.085879    1.037729
Iteration: 160 bestvalit: 0.000706 bestmemit:    2.825712    8.566102    1.000000    2.043096    1.036835
Iteration: 161 bestvalit: 0.000706 bestmemit:    2.825712    8.566102    1.000000    2.043096    1.036835
Iteration: 162 bestvalit: 0.000706 bestmemit:    2.825712    8.566102    1.000000    2.043096    1.036835
Iteration: 163 bestvalit: 0.000706 bestmemit:    2.825712    8.566102    1.000000    2.043096    1.036835
Iteration: 164 bestvalit: 0.000706 bestmemit:    2.825712    8.566102    1.000000    2.043096    1.036835
Iteration: 165 bestvalit: 0.000706 bestmemit:    2.825712    8.566102    1.000000    2.043096    1.036835
Iteration: 166 bestvalit: 0.000706 bestmemit:    2.869971    8.572216    1.000000    2.033520    1.037496
Iteration: 167 bestvalit: 0.000706 bestmemit:    2.869971    8.572216    1.000000    2.033520    1.037496
Iteration: 168 bestvalit: 0.000706 bestmemit:    2.869971    8.572216    1.000000    2.033520    1.037496
Iteration: 169 bestvalit: 0.000706 bestmemit:    2.851994    8.531276    1.000000    2.019999    1.056253
Iteration: 170 bestvalit: 0.000706 bestmemit:    2.851994    8.531276    1.000000    2.019999    1.056253
Iteration: 171 bestvalit: 0.000706 bestmemit:    2.851994    8.531276    1.000000    2.019999    1.056253
Iteration: 172 bestvalit: 0.000706 bestmemit:    2.851994    8.531276    1.000000    2.019999    1.056253
Iteration: 173 bestvalit: 0.000706 bestmemit:    2.854281    8.558988    1.000000    2.041121    1.042703
Iteration: 174 bestvalit: 0.000706 bestmemit:    2.854281    8.558988    1.000000    2.041121    1.042703
Iteration: 175 bestvalit: 0.000706 bestmemit:    2.854281    8.558988    1.000000    2.041121    1.042703
Iteration: 176 bestvalit: 0.000706 bestmemit:    2.854281    8.558988    1.000000    2.041121    1.042703
Iteration: 177 bestvalit: 0.000706 bestmemit:    2.854281    8.558988    1.000000    2.041121    1.040396
Iteration: 178 bestvalit: 0.000706 bestmemit:    2.854281    8.558988    1.000000    2.041121    1.040396
Iteration: 179 bestvalit: 0.000706 bestmemit:    2.854281    8.558988    1.000000    2.041121    1.040396
Iteration: 180 bestvalit: 0.000706 bestmemit:    2.854281    8.558988    1.000000    2.041121    1.040396
Iteration: 181 bestvalit: 0.000706 bestmemit:    2.854281    8.558988    1.000000    2.041121    1.040396
Iteration: 182 bestvalit: 0.000706 bestmemit:    2.854281    8.558988    1.000000    2.041121    1.040396
Iteration: 183 bestvalit: 0.000706 bestmemit:    2.854281    8.558988    1.000000    2.041121    1.040396
Iteration: 184 bestvalit: 0.000706 bestmemit:    2.854281    8.558988    1.000000    2.018216    1.040396
Iteration: 185 bestvalit: 0.000706 bestmemit:    2.854281    8.558988    1.000000    2.018216    1.040396
Iteration: 186 bestvalit: 0.000706 bestmemit:    2.854281    8.558988    1.000000    2.018216    1.040396
Iteration: 187 bestvalit: 0.000706 bestmemit:    2.854281    8.558988    1.000000    2.018216    1.040396
Iteration: 188 bestvalit: 0.000706 bestmemit:    2.854281    8.558988    1.000000    2.018216    1.040396
Iteration: 189 bestvalit: 0.000706 bestmemit:    2.859338    8.541669    1.000000    2.024261    1.046827
Iteration: 190 bestvalit: 0.000706 bestmemit:    2.859338    8.541669    1.000000    2.024261    1.046570
Iteration: 191 bestvalit: 0.000706 bestmemit:    2.859338    8.541669    1.000000    2.024261    1.046570
Iteration: 192 bestvalit: 0.000706 bestmemit:    2.859338    8.541669    1.000000    2.024261    1.046570
Iteration: 193 bestvalit: 0.000706 bestmemit:    2.859338    8.541669    1.000000    2.024261    1.046570
Iteration: 194 bestvalit: 0.000706 bestmemit:    2.856493    8.558282    1.000000    2.021822    1.041762
Iteration: 195 bestvalit: 0.000706 bestmemit:    2.856340    8.547901    1.000000    2.022097    1.044802
Iteration: 196 bestvalit: 0.000706 bestmemit:    2.856340    8.547901    1.000000    2.022097    1.044802
Iteration: 197 bestvalit: 0.000706 bestmemit:    2.856340    8.547901    1.000000    2.022097    1.044802
Iteration: 198 bestvalit: 0.000706 bestmemit:    2.856340    8.547901    1.000000    2.022097    1.044802
Iteration: 199 bestvalit: 0.000706 bestmemit:    2.856340    8.547901    1.000000    2.022097    1.044802
Iteration: 200 bestvalit: 0.000706 bestmemit:    2.856340    8.547901    1.000000    2.022097    1.044802
Iteration: 201 bestvalit: 0.000706 bestmemit:    2.869802    8.543060    1.000000    2.033145    1.041157
Iteration: 202 bestvalit: 0.000706 bestmemit:    2.863709    8.543678    1.000000    2.021883    1.044219
Iteration: 203 bestvalit: 0.000706 bestmemit:    2.863709    8.543678    1.000000    2.021883    1.044219
Iteration: 204 bestvalit: 0.000706 bestmemit:    2.863709    8.543678    1.000000    2.021883    1.044219
Iteration: 205 bestvalit: 0.000706 bestmemit:    2.863709    8.543678    1.000000    2.021883    1.044219
Iteration: 206 bestvalit: 0.000706 bestmemit:    2.863709    8.543678    1.000000    2.021883    1.044219
Iteration: 207 bestvalit: 0.000706 bestmemit:    2.864901    8.545177    1.000000    2.026445    1.043149
Iteration: 208 bestvalit: 0.000706 bestmemit:    2.864901    8.545177    1.000000    2.026445    1.043149
Iteration: 209 bestvalit: 0.000706 bestmemit:    2.864901    8.545177    1.000000    2.026445    1.043149
Iteration: 210 bestvalit: 0.000706 bestmemit:    2.864901    8.545177    1.000000    2.026445    1.043149
Iteration: 211 bestvalit: 0.000706 bestmemit:    2.864901    8.545177    1.000000    2.026445    1.043149
Iteration: 212 bestvalit: 0.000706 bestmemit:    2.864901    8.545177    1.000000    2.026445    1.043149
Iteration: 213 bestvalit: 0.000706 bestmemit:    2.864901    8.545177    1.000000    2.026445    1.043149
Iteration: 214 bestvalit: 0.000706 bestmemit:    2.864901    8.545177    1.000000    2.026445    1.043149
Iteration: 215 bestvalit: 0.000706 bestmemit:    2.860958    8.549876    1.000000    2.029760    1.041157
Iteration: 216 bestvalit: 0.000706 bestmemit:    2.860958    8.549876    1.000000    2.029760    1.041157
Iteration: 217 bestvalit: 0.000706 bestmemit:    2.860958    8.549876    1.000000    2.029760    1.041157
Iteration: 218 bestvalit: 0.000706 bestmemit:    2.860958    8.549876    1.000000    2.029760    1.041157
Iteration: 219 bestvalit: 0.000706 bestmemit:    2.860958    8.549876    1.000000    2.029760    1.041157
Iteration: 220 bestvalit: 0.000706 bestmemit:    2.860958    8.549876    1.000000    2.029760    1.041157
Iteration: 221 bestvalit: 0.000706 bestmemit:    2.860958    8.549876    1.000000    2.029760    1.041157
Iteration: 222 bestvalit: 0.000706 bestmemit:    2.860958    8.549876    1.000000    2.029760    1.041157
Iteration: 223 bestvalit: 0.000706 bestmemit:    2.860958    8.549876    1.000000    2.029760    1.041157
Iteration: 224 bestvalit: 0.000706 bestmemit:    2.860958    8.549876    1.000000    2.029760    1.041196
Iteration: 225 bestvalit: 0.000706 bestmemit:    2.860958    8.549876    1.000000    2.029760    1.041196
Iteration: 226 bestvalit: 0.000706 bestmemit:    2.860958    8.549876    1.000000    2.029760    1.041196
Iteration: 227 bestvalit: 0.000706 bestmemit:    2.860958    8.549876    1.000000    2.029760    1.041196
Iteration: 228 bestvalit: 0.000706 bestmemit:    2.860958    8.549876    1.000000    2.029760    1.041196
Iteration: 229 bestvalit: 0.000706 bestmemit:    2.860958    8.549876    1.000000    2.029760    1.041196
Iteration: 230 bestvalit: 0.000706 bestmemit:    2.860958    8.549876    1.000000    2.029760    1.041196
Iteration: 231 bestvalit: 0.000706 bestmemit:    2.860958    8.549876    1.000000    2.029760    1.041196
Iteration: 232 bestvalit: 0.000706 bestmemit:    2.860958    8.549876    1.000000    2.029760    1.041196
Iteration: 233 bestvalit: 0.000706 bestmemit:    2.861380    8.549412    1.000000    2.028893    1.041379
Iteration: 234 bestvalit: 0.000706 bestmemit:    2.861380    8.549412    1.000000    2.028893    1.041379
Iteration: 235 bestvalit: 0.000706 bestmemit:    2.861380    8.549412    1.000000    2.028893    1.041379
Iteration: 236 bestvalit: 0.000706 bestmemit:    2.862002    8.549022    1.000000    2.029798    1.041252
Iteration: 237 bestvalit: 0.000706 bestmemit:    2.862002    8.549022    1.000000    2.029798    1.041252
Iteration: 238 bestvalit: 0.000706 bestmemit:    2.861945    8.548690    1.000000    2.029309    1.041627
Iteration: 239 bestvalit: 0.000706 bestmemit:    2.861945    8.548690    1.000000    2.029309    1.041627
Iteration: 240 bestvalit: 0.000706 bestmemit:    2.861945    8.548690    1.000000    2.029309    1.041627
Iteration: 241 bestvalit: 0.000706 bestmemit:    2.861945    8.548690    1.000000    2.029309    1.041627
Iteration: 242 bestvalit: 0.000706 bestmemit:    2.861920    8.549092    1.000000    2.029054    1.041489
Iteration: 243 bestvalit: 0.000706 bestmemit:    2.862409    8.548388    1.000000    2.028967    1.041428
Iteration: 244 bestvalit: 0.000706 bestmemit:    2.862409    8.548388    1.000000    2.028967    1.041428
Iteration: 245 bestvalit: 0.000706 bestmemit:    2.862409    8.548388    1.000000    2.028967    1.041428
Iteration: 246 bestvalit: 0.000706 bestmemit:    2.862409    8.548388    1.000000    2.028967    1.041428
Iteration: 247 bestvalit: 0.000706 bestmemit:    2.862409    8.548388    1.000000    2.028967    1.041428
Iteration: 248 bestvalit: 0.000706 bestmemit:    2.862409    8.548388    1.000000    2.029335    1.041428
Iteration: 249 bestvalit: 0.000706 bestmemit:    2.862409    8.548388    1.000000    2.029335    1.041428
Iteration: 250 bestvalit: 0.000706 bestmemit:    2.862480    8.548263    1.000000    2.028452    1.041564
Iteration: 251 bestvalit: 0.000706 bestmemit:    2.862295    8.548277    1.000000    2.028612    1.041707
Iteration: 252 bestvalit: 0.000706 bestmemit:    2.862295    8.548277    1.000000    2.028612    1.041707
Iteration: 253 bestvalit: 0.000706 bestmemit:    2.862295    8.548277    1.000000    2.028612    1.041707
Iteration: 254 bestvalit: 0.000706 bestmemit:    2.862295    8.548277    1.000000    2.028612    1.041707
Iteration: 255 bestvalit: 0.000706 bestmemit:    2.862295    8.548277    1.000000    2.028612    1.041707
Iteration: 256 bestvalit: 0.000706 bestmemit:    2.862295    8.548277    1.000000    2.028612    1.041707
Iteration: 257 bestvalit: 0.000706 bestmemit:    2.862295    8.548277    1.000000    2.028612    1.041707
Iteration: 258 bestvalit: 0.000706 bestmemit:    2.862295    8.548277    1.000000    2.028612    1.041707
Iteration: 259 bestvalit: 0.000706 bestmemit:    2.862378    8.548419    1.000000    2.028370    1.041718
Iteration: 260 bestvalit: 0.000706 bestmemit:    2.862378    8.548419    1.000000    2.028370    1.041718
Iteration: 261 bestvalit: 0.000706 bestmemit:    2.862378    8.548419    1.000000    2.028370    1.041718
Iteration: 262 bestvalit: 0.000706 bestmemit:    2.862378    8.548419    1.000000    2.028370    1.041718
Iteration: 263 bestvalit: 0.000706 bestmemit:    2.862378    8.548419    1.000000    2.028370    1.041718
Iteration: 264 bestvalit: 0.000706 bestmemit:    2.862378    8.548419    1.000000    2.028370    1.041718
Iteration: 265 bestvalit: 0.000706 bestmemit:    2.862378    8.548419    1.000000    2.028370    1.041718
Iteration: 266 bestvalit: 0.000706 bestmemit:    2.862378    8.548419    1.000000    2.028370    1.041718
Iteration: 267 bestvalit: 0.000706 bestmemit:    2.862442    8.548457    1.000000    2.028659    1.041636
Iteration: 268 bestvalit: 0.000706 bestmemit:    2.862482    8.548296    1.000000    2.028612    1.041707
Iteration: 269 bestvalit: 0.000706 bestmemit:    2.862482    8.548296    1.000000    2.028612    1.041707
Iteration: 270 bestvalit: 0.000706 bestmemit:    2.862482    8.548296    1.000000    2.028612    1.041707
Iteration: 271 bestvalit: 0.000706 bestmemit:    2.862482    8.548296    1.000000    2.028612    1.041707
Iteration: 272 bestvalit: 0.000706 bestmemit:    2.862482    8.548296    1.000000    2.028612    1.041707
Iteration: 273 bestvalit: 0.000706 bestmemit:    2.862482    8.548296    1.000000    2.028612    1.041707
Iteration: 274 bestvalit: 0.000706 bestmemit:    2.862482    8.548296    1.000000    2.028612    1.041707
Iteration: 275 bestvalit: 0.000706 bestmemit:    2.862482    8.548296    1.000000    2.028612    1.041707
Iteration: 276 bestvalit: 0.000706 bestmemit:    2.862482    8.548296    1.000000    2.028612    1.041707
Iteration: 277 bestvalit: 0.000706 bestmemit:    2.862482    8.548296    1.000000    2.028612    1.041707
Iteration: 278 bestvalit: 0.000706 bestmemit:    2.862482    8.548296    1.000000    2.028612    1.041707
Iteration: 279 bestvalit: 0.000706 bestmemit:    2.862482    8.548296    1.000000    2.028612    1.041707
Iteration: 280 bestvalit: 0.000706 bestmemit:    2.862482    8.548296    1.000000    2.028612    1.041707
Iteration: 281 bestvalit: 0.000706 bestmemit:    2.862482    8.548296    1.000000    2.028612    1.041707
Iteration: 282 bestvalit: 0.000706 bestmemit:    2.862482    8.548296    1.000000    2.028523    1.041707
Iteration: 283 bestvalit: 0.000706 bestmemit:    2.862653    8.548112    1.000000    2.028678    1.041699
Iteration: 284 bestvalit: 0.000706 bestmemit:    2.862653    8.548112    1.000000    2.028666    1.041699
Iteration: 285 bestvalit: 0.000706 bestmemit:    2.862653    8.548112    1.000000    2.028666    1.041699
Iteration: 286 bestvalit: 0.000706 bestmemit:    2.862653    8.548112    1.000000    2.028639    1.041699
Iteration: 287 bestvalit: 0.000706 bestmemit:    2.862653    8.548112    1.000000    2.028639    1.041699
Iteration: 288 bestvalit: 0.000706 bestmemit:    2.862653    8.548112    1.000000    2.028639    1.041699
Iteration: 289 bestvalit: 0.000706 bestmemit:    2.862653    8.548112    1.000000    2.028639    1.041699
Iteration: 290 bestvalit: 0.000706 bestmemit:    2.862554    8.548171    1.000000    2.028681    1.041678
Iteration: 291 bestvalit: 0.000706 bestmemit:    2.862554    8.548171    1.000000    2.028681    1.041678
Iteration: 292 bestvalit: 0.000706 bestmemit:    2.862554    8.548171    1.000000    2.028681    1.041678
Iteration: 293 bestvalit: 0.000706 bestmemit:    2.862554    8.548171    1.000000    2.028681    1.041678
Iteration: 294 bestvalit: 0.000706 bestmemit:    2.862554    8.548261    1.000000    2.028681    1.041678
Iteration: 295 bestvalit: 0.000706 bestmemit:    2.862554    8.548261    1.000000    2.028681    1.041678
Iteration: 296 bestvalit: 0.000706 bestmemit:    2.862554    8.548261    1.000000    2.028681    1.041678
Iteration: 297 bestvalit: 0.000706 bestmemit:    2.862554    8.548261    1.000000    2.028681    1.041678
Iteration: 298 bestvalit: 0.000706 bestmemit:    2.862554    8.548261    1.000000    2.028681    1.041678
Iteration: 299 bestvalit: 0.000706 bestmemit:    2.862554    8.548261    1.000000    2.028681    1.041678
Iteration: 300 bestvalit: 0.000706 bestmemit:    2.862554    8.548261    1.000000    2.028681    1.041678
Iteration: 301 bestvalit: 0.000706 bestmemit:    2.862554    8.548261    1.000000    2.028681    1.041678
Iteration: 302 bestvalit: 0.000706 bestmemit:    2.862554    8.548261    1.000000    2.028681    1.041678
Iteration: 303 bestvalit: 0.000706 bestmemit:    2.862575    8.548218    1.000000    2.028637    1.041676
Iteration: 304 bestvalit: 0.000706 bestmemit:    2.862575    8.548218    1.000000    2.028637    1.041676

***** summary of DEoptim object ***** 
best member   :  2.86257 8.54822 1 2.02864 1.04168 
best value    :  0.00071 
after         :  304 generations 
fn evaluated  :  610 times 
*************************************
