SLURM_JOB_ID: 55403003
SLURM_JOB_USER: vsc34066
SLURM_JOB_ACCOUNT: lp_desenderlab
SLURM_JOB_NAME: par_recov_alternating_fb_sim_alpha_learn.slurm
SLURM_CLUSTER_NAME: genius
SLURM_JOB_PARTITION: batch
SLURM_ARRAY_JOB_ID: 55402977
SLURM_ARRAY_TASK_ID: 26
SLURM_NNODES: 1
SLURM_NODELIST: r22i27n18
SLURM_JOB_CPUS_PER_NODE: 8
Date: Sun Dec  3 23:43:58 CET 2023
Walltime: 01-06:00:00
========================================================================
Iteration: 1 bestvalit: 0.061718 bestmemit:   28.449079   64.307430    1.000000 1556.205382  932.277401
Iteration: 2 bestvalit: 0.056285 bestmemit:   12.549230   34.530918    1.000000  171.876268 1367.704528
Iteration: 3 bestvalit: 0.055885 bestmemit:   29.056830   36.200463    1.000000 2150.731385  207.172497
Iteration: 4 bestvalit: 0.055885 bestmemit:   29.056830   36.200463    1.000000 2150.731385  207.172497
Iteration: 5 bestvalit: 0.033546 bestmemit:    5.369882   38.986079    1.000000  873.637390  205.779059
Iteration: 6 bestvalit: 0.033546 bestmemit:    5.369882   38.986079    1.000000  873.637390  205.779059
Iteration: 7 bestvalit: 0.033546 bestmemit:    5.369882   38.986079    1.000000  873.637390  205.779059
Iteration: 8 bestvalit: 0.033546 bestmemit:    5.369882   38.986079    1.000000  873.637390  205.779059
Iteration: 9 bestvalit: 0.032149 bestmemit:   13.509401  -37.746079    1.000000  845.539858  130.335717
Iteration: 10 bestvalit: 0.032149 bestmemit:   13.509401  -37.746079    1.000000  845.539858  130.335717
Iteration: 11 bestvalit: 0.032145 bestmemit:   16.736297  -37.746079    1.000000  845.539858  130.335717
Iteration: 12 bestvalit: 0.032145 bestmemit:   16.736297  -37.746079    1.000000  845.539858  130.335717
Iteration: 13 bestvalit: 0.021871 bestmemit:    8.529919  -35.223612    1.000000  195.315777  190.860550
Iteration: 14 bestvalit: 0.021871 bestmemit:    8.529919  -35.223612    1.000000  195.315777  190.860550
Iteration: 15 bestvalit: 0.021688 bestmemit:   24.980579  -99.039972    1.000000  192.197968  109.906577
Iteration: 16 bestvalit: 0.021688 bestmemit:   24.980579  -99.039972    1.000000  192.197968  109.906577
Iteration: 17 bestvalit: 0.021688 bestmemit:   24.980579  -99.039972    1.000000  192.197968  109.906577
Iteration: 18 bestvalit: 0.021688 bestmemit:   24.980579  -99.039972    1.000000  192.197968  109.906577
Iteration: 19 bestvalit: 0.021054 bestmemit:    8.529919   10.306185    1.000000  195.315777  190.860550
Iteration: 20 bestvalit: 0.019986 bestmemit:   24.980579   -7.686344    1.000000  192.197968  109.906577
Iteration: 21 bestvalit: 0.019986 bestmemit:   24.980579   -7.686344    1.000000  192.197968  109.906577
Iteration: 22 bestvalit: 0.019986 bestmemit:   24.980579   -7.686344    1.000000  192.197968  109.906577
Iteration: 23 bestvalit: 0.019986 bestmemit:   24.980579   -7.686344    1.000000  192.197968  109.906577
Iteration: 24 bestvalit: 0.019986 bestmemit:   24.980579   -7.686344    1.000000  192.197968  109.906577
Iteration: 25 bestvalit: 0.019986 bestmemit:   24.980579   -7.686344    1.000000  192.197968  109.906577
Iteration: 26 bestvalit: 0.019986 bestmemit:   24.980579   -7.686344    1.000000  192.197968  109.906577
Iteration: 27 bestvalit: 0.018764 bestmemit:   37.238518  -14.274674    1.000000   99.664675  131.003131
Iteration: 28 bestvalit: 0.015550 bestmemit:   37.238518  -14.274674    1.000000   29.387137  131.003131
Iteration: 29 bestvalit: 0.015550 bestmemit:   37.238518  -14.274674    1.000000   29.387137  131.003131
Iteration: 30 bestvalit: 0.015544 bestmemit:   37.238518  -14.956243    1.000000   29.387137  131.003131
Iteration: 31 bestvalit: 0.015110 bestmemit:   40.797287  -26.798113    1.000000   29.387137  131.003131
Iteration: 32 bestvalit: 0.015110 bestmemit:   40.797287  -26.798113    1.000000   29.387137  131.003131
Iteration: 33 bestvalit: 0.013103 bestmemit:   40.436058  -40.521535    1.000000   14.473047  216.796989
Iteration: 34 bestvalit: 0.010808 bestmemit:   29.909194  -13.249582    1.000000   33.106618    4.780029
Iteration: 35 bestvalit: 0.009234 bestmemit:   31.600338  -17.212225    1.000000    0.335788  226.120997
Iteration: 36 bestvalit: 0.009234 bestmemit:   31.600338  -17.212225    1.000000    0.335788  226.120997
Iteration: 37 bestvalit: 0.009234 bestmemit:   31.600338  -17.212225    1.000000    0.335788  226.120997
Iteration: 38 bestvalit: 0.008343 bestmemit:   31.600338  -17.212225    1.000000    0.335788  152.623967
Iteration: 39 bestvalit: 0.008343 bestmemit:   31.600338  -17.212225    1.000000    0.335788  152.623967
Iteration: 40 bestvalit: 0.008343 bestmemit:   31.600338  -17.212225    1.000000    0.335788  152.623967
Iteration: 41 bestvalit: 0.008343 bestmemit:   31.600338  -17.212225    1.000000    0.335788  152.623967
Iteration: 42 bestvalit: 0.008343 bestmemit:   31.600338  -17.212225    1.000000    0.335788  152.623967
Iteration: 43 bestvalit: 0.008284 bestmemit:   31.600338   -6.270279    1.000000    0.335788  152.623967
Iteration: 44 bestvalit: 0.008284 bestmemit:   31.600338   -6.270279    1.000000    0.335788  152.623967
Iteration: 45 bestvalit: 0.007284 bestmemit:   37.212836  -14.652337    1.000000    0.907612   88.831880
Iteration: 46 bestvalit: 0.007284 bestmemit:   37.212836  -14.652337    1.000000    0.907612   88.831880
Iteration: 47 bestvalit: 0.006532 bestmemit:   37.212836  -14.652337    1.000000    0.907612   57.928730
Iteration: 48 bestvalit: 0.006532 bestmemit:   37.212836  -14.652337    1.000000    0.907612   57.928730
Iteration: 49 bestvalit: 0.006388 bestmemit:   22.841560    7.260560    1.000000    5.798007   30.497501
Iteration: 50 bestvalit: 0.003400 bestmemit:   16.154513   13.477985    1.000000    0.475617   13.148095
Iteration: 51 bestvalit: 0.003400 bestmemit:   16.154513   13.477985    1.000000    0.475617   13.148095
Iteration: 52 bestvalit: 0.003400 bestmemit:   16.154513   13.477985    1.000000    0.475617   13.148095
Iteration: 53 bestvalit: 0.003400 bestmemit:   16.154513   13.477985    1.000000    0.475617   13.148095
Iteration: 54 bestvalit: 0.003400 bestmemit:   16.154513   13.477985    1.000000    0.475617   13.148095
Iteration: 55 bestvalit: 0.003400 bestmemit:   16.154513   13.477985    1.000000    0.475617   13.148095
Iteration: 56 bestvalit: 0.002444 bestmemit:   22.378753    5.925815    1.000000    1.914662    4.242660
Iteration: 57 bestvalit: 0.002444 bestmemit:   22.378753    5.925815    1.000000    1.914662    4.242660
Iteration: 58 bestvalit: 0.002444 bestmemit:   22.378753    5.925815    1.000000    1.914662    4.242660
Iteration: 59 bestvalit: 0.002444 bestmemit:   22.378753    5.925815    1.000000    1.914662    4.242660
Iteration: 60 bestvalit: 0.002413 bestmemit:   15.510862    9.229872    1.000000    2.505465    0.442944
Iteration: 61 bestvalit: 0.002413 bestmemit:   15.510862    9.229872    1.000000    2.505465    0.442944
Iteration: 62 bestvalit: 0.002413 bestmemit:   15.510862    9.229872    1.000000    2.505465    0.442944
Iteration: 63 bestvalit: 0.002413 bestmemit:   15.510862    9.229872    1.000000    2.505465    0.442944
Iteration: 64 bestvalit: 0.002413 bestmemit:   15.510862    9.229872    1.000000    2.505465    0.442944
Iteration: 65 bestvalit: 0.002195 bestmemit:   22.378753    5.925815    1.000000    2.899089    4.242660
Iteration: 66 bestvalit: 0.002191 bestmemit:   21.475796    5.925815    1.000000    2.899089    4.242660
Iteration: 67 bestvalit: 0.002191 bestmemit:   21.475796    5.925815    1.000000    2.899089    4.242660
Iteration: 68 bestvalit: 0.002191 bestmemit:   21.475796    5.925815    1.000000    2.899089    4.242660
Iteration: 69 bestvalit: 0.002155 bestmemit:   34.264892    2.518881    1.000000    6.247254    3.385252
Iteration: 70 bestvalit: 0.002155 bestmemit:   34.264892    2.518881    1.000000    6.247254    3.385252
Iteration: 71 bestvalit: 0.002155 bestmemit:   34.264892    2.518881    1.000000    6.247254    3.385252
Iteration: 72 bestvalit: 0.002155 bestmemit:   34.264892    2.518881    1.000000    6.247254    3.385252
Iteration: 73 bestvalit: 0.002121 bestmemit:   34.264892    2.518881    1.000000    5.980784    3.343010
Iteration: 74 bestvalit: 0.002121 bestmemit:   34.264892    2.518881    1.000000    5.980784    3.343010
Iteration: 75 bestvalit: 0.002121 bestmemit:   34.264892    2.518881    1.000000    5.980784    3.343010
Iteration: 76 bestvalit: 0.002026 bestmemit:   24.027028    5.871948    1.000000    4.636333    1.977908
Iteration: 77 bestvalit: 0.002026 bestmemit:   24.027028    5.871948    1.000000    4.636333    1.977908
Iteration: 78 bestvalit: 0.002026 bestmemit:   24.027028    5.871948    1.000000    4.636333    1.977908
Iteration: 79 bestvalit: 0.002026 bestmemit:   24.027028    5.871948    1.000000    4.636333    1.977908
Iteration: 80 bestvalit: 0.002026 bestmemit:   24.027028    5.871948    1.000000    4.636333    1.977908
Iteration: 81 bestvalit: 0.002026 bestmemit:   24.027028    5.871948    1.000000    4.636333    1.977908
Iteration: 82 bestvalit: 0.002026 bestmemit:   24.027028    5.871948    1.000000    4.636333    1.977908
Iteration: 83 bestvalit: 0.002026 bestmemit:   24.027028    5.871948    1.000000    4.636333    1.977908
Iteration: 84 bestvalit: 0.002026 bestmemit:   24.027028    5.871948    1.000000    4.636333    1.977908
Iteration: 85 bestvalit: 0.002026 bestmemit:   24.027028    5.871948    1.000000    4.636333    1.977908
Iteration: 86 bestvalit: 0.002026 bestmemit:   24.027028    5.871948    1.000000    4.636333    1.977908
Iteration: 87 bestvalit: 0.002019 bestmemit:   28.003118    3.503164    1.000000    4.557784    2.482142
Iteration: 88 bestvalit: 0.002019 bestmemit:   28.003118    3.503164    1.000000    4.557784    2.482142
Iteration: 89 bestvalit: 0.002019 bestmemit:   28.003118    3.503164    1.000000    4.557784    2.482142
Iteration: 90 bestvalit: 0.002010 bestmemit:   28.030405    3.877618    1.000000    4.763187    2.242240
Iteration: 91 bestvalit: 0.002010 bestmemit:   28.030405    3.877618    1.000000    4.763187    2.242240
Iteration: 92 bestvalit: 0.002010 bestmemit:   28.030405    3.877618    1.000000    4.763187    2.242240
Iteration: 93 bestvalit: 0.002007 bestmemit:   28.292595    4.178992    1.000000    4.763187    2.242240
Iteration: 94 bestvalit: 0.002007 bestmemit:   28.292595    4.178992    1.000000    4.763187    2.242240
Iteration: 95 bestvalit: 0.002006 bestmemit:   28.852355    4.178992    1.000000    4.763187    2.242240
Iteration: 96 bestvalit: 0.002006 bestmemit:   28.852355    4.178992    1.000000    4.763187    2.242240
Iteration: 97 bestvalit: 0.002006 bestmemit:   28.852355    4.178992    1.000000    4.763187    2.242240
Iteration: 98 bestvalit: 0.002006 bestmemit:   28.852355    4.178992    1.000000    4.763187    2.242240
Iteration: 99 bestvalit: 0.002006 bestmemit:   28.852355    4.178992    1.000000    4.763187    2.242240
Iteration: 100 bestvalit: 0.002006 bestmemit:   28.852355    4.178992    1.000000    4.763187    2.242240
Iteration: 101 bestvalit: 0.002004 bestmemit:   28.003118    4.717639    1.000000    4.758457    1.869512
Iteration: 102 bestvalit: 0.002004 bestmemit:   28.003118    4.717639    1.000000    4.758457    1.869512
Iteration: 103 bestvalit: 0.002004 bestmemit:   28.003118    4.717639    1.000000    4.758457    1.869512
Iteration: 104 bestvalit: 0.002004 bestmemit:   28.003118    4.717639    1.000000    4.758457    1.869512
Iteration: 105 bestvalit: 0.002004 bestmemit:   28.003118    4.717639    1.000000    4.758457    1.869512
Iteration: 106 bestvalit: 0.002003 bestmemit:   28.590293    3.988058    1.000000    4.673290    1.927832
Iteration: 107 bestvalit: 0.002003 bestmemit:   28.590293    3.988058    1.000000    4.673290    1.927832
Iteration: 108 bestvalit: 0.002003 bestmemit:   28.590293    3.988058    1.000000    4.673290    1.927832
Iteration: 109 bestvalit: 0.002003 bestmemit:   28.590293    3.988058    1.000000    4.673290    1.927832
Iteration: 110 bestvalit: 0.002003 bestmemit:   28.590293    3.988058    1.000000    4.673290    1.927832
Iteration: 111 bestvalit: 0.002003 bestmemit:   28.590293    3.988058    1.000000    4.673290    1.927832
Iteration: 112 bestvalit: 0.002003 bestmemit:   28.590293    3.988058    1.000000    4.673290    1.927832
Iteration: 113 bestvalit: 0.002003 bestmemit:   28.590293    3.988058    1.000000    4.673290    1.927832
Iteration: 114 bestvalit: 0.002003 bestmemit:   28.590293    3.988058    1.000000    4.673290    1.927832
Iteration: 115 bestvalit: 0.002003 bestmemit:   28.590293    3.988058    1.000000    4.673290    1.927832
Iteration: 116 bestvalit: 0.002003 bestmemit:   28.590293    3.988058    1.000000    4.673290    1.927832
Iteration: 117 bestvalit: 0.002003 bestmemit:   28.590293    3.988058    1.000000    4.673290    1.927832
Iteration: 118 bestvalit: 0.002003 bestmemit:   28.590293    3.988058    1.000000    4.673290    1.927832
Iteration: 119 bestvalit: 0.002003 bestmemit:   28.590293    3.988058    1.000000    4.673290    1.927832
Iteration: 120 bestvalit: 0.002003 bestmemit:   28.590293    3.988058    1.000000    4.673290    1.927832
Iteration: 121 bestvalit: 0.002003 bestmemit:   28.590293    3.988058    1.000000    4.673290    1.927832
Iteration: 122 bestvalit: 0.002003 bestmemit:   28.590293    3.988058    1.000000    4.673290    1.927832
Iteration: 123 bestvalit: 0.002003 bestmemit:   28.590293    3.988058    1.000000    4.673290    1.927832
Iteration: 124 bestvalit: 0.002003 bestmemit:   28.590293    3.988058    1.000000    4.673290    1.927832
Iteration: 125 bestvalit: 0.002003 bestmemit:   28.590293    3.988058    1.000000    4.673290    1.927832
Iteration: 126 bestvalit: 0.002003 bestmemit:   28.590293    3.988058    1.000000    4.673290    1.927832
Iteration: 127 bestvalit: 0.002003 bestmemit:   28.590293    3.988058    1.000000    4.673290    1.927832
Iteration: 128 bestvalit: 0.002003 bestmemit:   28.590293    3.988058    1.000000    4.673290    1.927832
Iteration: 129 bestvalit: 0.002003 bestmemit:   28.590293    3.988058    1.000000    4.673290    1.927832
Iteration: 130 bestvalit: 0.002003 bestmemit:   28.590293    3.988058    1.000000    4.673290    1.927832
Iteration: 131 bestvalit: 0.002003 bestmemit:   28.590293    3.988058    1.000000    4.673290    1.927832
Iteration: 132 bestvalit: 0.002003 bestmemit:   28.590293    3.988058    1.000000    4.673290    1.927832
Iteration: 133 bestvalit: 0.002003 bestmemit:   28.590293    3.988058    1.000000    4.673290    1.927832
Iteration: 134 bestvalit: 0.002003 bestmemit:   28.590293    3.988058    1.000000    4.673290    1.927832
Iteration: 135 bestvalit: 0.002003 bestmemit:   28.052547    4.299037    1.000000    4.663563    1.977051
Iteration: 136 bestvalit: 0.002003 bestmemit:   28.052547    4.299037    1.000000    4.663563    1.977051
Iteration: 137 bestvalit: 0.002003 bestmemit:   28.052547    4.299037    1.000000    4.663563    1.977051
Iteration: 138 bestvalit: 0.002003 bestmemit:   28.052547    4.299037    1.000000    4.663563    1.977051
Iteration: 139 bestvalit: 0.002003 bestmemit:   28.052547    4.299037    1.000000    4.663563    1.977051
Iteration: 140 bestvalit: 0.002003 bestmemit:   28.052547    4.299037    1.000000    4.663563    1.977051
Iteration: 141 bestvalit: 0.002003 bestmemit:   28.052547    4.299037    1.000000    4.663563    1.977051
Iteration: 142 bestvalit: 0.002003 bestmemit:   28.052547    4.299037    1.000000    4.663563    1.977051
Iteration: 143 bestvalit: 0.002003 bestmemit:   28.052547    4.299037    1.000000    4.663563    1.977051
Iteration: 144 bestvalit: 0.002003 bestmemit:   28.052547    4.299037    1.000000    4.663563    1.977051
Iteration: 145 bestvalit: 0.002003 bestmemit:   28.052547    4.299037    1.000000    4.663563    1.935982
Iteration: 146 bestvalit: 0.002003 bestmemit:   28.052547    4.299037    1.000000    4.663563    1.935982
Iteration: 147 bestvalit: 0.002003 bestmemit:   28.052547    4.299037    1.000000    4.663563    1.935982
Iteration: 148 bestvalit: 0.002003 bestmemit:   28.052547    4.299037    1.000000    4.663563    1.935982
Iteration: 149 bestvalit: 0.002003 bestmemit:   28.052547    4.299037    1.000000    4.663563    1.935982
Iteration: 150 bestvalit: 0.002003 bestmemit:   28.052547    4.299037    1.000000    4.663563    1.935982
Iteration: 151 bestvalit: 0.002003 bestmemit:   28.052547    4.299037    1.000000    4.663563    1.935982
Iteration: 152 bestvalit: 0.002003 bestmemit:   28.052547    4.299037    1.000000    4.663563    1.935982
Iteration: 153 bestvalit: 0.002003 bestmemit:   28.052547    4.299037    1.000000    4.663563    1.935982
Iteration: 154 bestvalit: 0.002003 bestmemit:   28.052547    4.299037    1.000000    4.663563    1.935982
Iteration: 155 bestvalit: 0.002003 bestmemit:   28.052547    4.299037    1.000000    4.663563    1.935982
Iteration: 156 bestvalit: 0.002003 bestmemit:   27.659165    4.513631    1.000000    4.649236    1.953791
Iteration: 157 bestvalit: 0.002003 bestmemit:   27.659165    4.513631    1.000000    4.649236    1.953791
Iteration: 158 bestvalit: 0.002003 bestmemit:   27.659165    4.513631    1.000000    4.649236    1.953791
Iteration: 159 bestvalit: 0.002003 bestmemit:   28.020386    4.279703    1.000000    4.677150    1.953757
Iteration: 160 bestvalit: 0.002003 bestmemit:   27.821969    4.394392    1.000000    4.653273    1.960358
Iteration: 161 bestvalit: 0.002003 bestmemit:   27.821969    4.394392    1.000000    4.653273    1.960358
Iteration: 162 bestvalit: 0.002003 bestmemit:   27.821969    4.394392    1.000000    4.653273    1.960358
Iteration: 163 bestvalit: 0.002003 bestmemit:   27.821969    4.394392    1.000000    4.653273    1.960358
Iteration: 164 bestvalit: 0.002003 bestmemit:   27.821969    4.394392    1.000000    4.653273    1.960358
Iteration: 165 bestvalit: 0.002003 bestmemit:   27.809033    4.416962    1.000000    4.661823    1.934870
Iteration: 166 bestvalit: 0.002003 bestmemit:   27.809033    4.416962    1.000000    4.661823    1.934870
Iteration: 167 bestvalit: 0.002003 bestmemit:   27.809033    4.416962    1.000000    4.661823    1.934870
Iteration: 168 bestvalit: 0.002003 bestmemit:   27.885974    4.399092    1.000000    4.670869    1.932068
Iteration: 169 bestvalit: 0.002003 bestmemit:   27.885974    4.399092    1.000000    4.670869    1.932068
Iteration: 170 bestvalit: 0.002003 bestmemit:   27.885974    4.399092    1.000000    4.670869    1.932068
Iteration: 171 bestvalit: 0.002003 bestmemit:   27.885974    4.399092    1.000000    4.670869    1.932068
Iteration: 172 bestvalit: 0.002003 bestmemit:   27.993433    4.334005    1.000000    4.676093    1.941510
Iteration: 173 bestvalit: 0.002003 bestmemit:   27.993433    4.334005    1.000000    4.676093    1.941510
Iteration: 174 bestvalit: 0.002003 bestmemit:   27.936887    4.385289    1.000000    4.674226    1.952213
Iteration: 175 bestvalit: 0.002003 bestmemit:   27.936887    4.385289    1.000000    4.674226    1.952213
Iteration: 176 bestvalit: 0.002003 bestmemit:   27.936887    4.385289    1.000000    4.674226    1.952213
Iteration: 177 bestvalit: 0.002003 bestmemit:   27.936887    4.385289    1.000000    4.674226    1.952213
Iteration: 178 bestvalit: 0.002003 bestmemit:   27.859640    4.389705    1.000000    4.662177    1.946917
Iteration: 179 bestvalit: 0.002003 bestmemit:   27.859640    4.389705    1.000000    4.662177    1.946917
Iteration: 180 bestvalit: 0.002003 bestmemit:   27.859640    4.389705    1.000000    4.662177    1.946917
Iteration: 181 bestvalit: 0.002003 bestmemit:   27.859640    4.389705    1.000000    4.662177    1.946917
Iteration: 182 bestvalit: 0.002003 bestmemit:   27.859640    4.389705    1.000000    4.662177    1.946917
Iteration: 183 bestvalit: 0.002003 bestmemit:   27.859640    4.389705    1.000000    4.662177    1.946917
Iteration: 184 bestvalit: 0.002003 bestmemit:   27.859640    4.389705    1.000000    4.662177    1.946917
Iteration: 185 bestvalit: 0.002003 bestmemit:   27.859640    4.389705    1.000000    4.662177    1.946917
Iteration: 186 bestvalit: 0.002003 bestmemit:   27.904641    4.396626    1.000000    4.672319    1.950785
Iteration: 187 bestvalit: 0.002003 bestmemit:   27.904641    4.396626    1.000000    4.672319    1.950785
Iteration: 188 bestvalit: 0.002003 bestmemit:   27.904641    4.396626    1.000000    4.672319    1.948165
Iteration: 189 bestvalit: 0.002003 bestmemit:   27.895718    4.388360    1.000000    4.671597    1.942889
Iteration: 190 bestvalit: 0.002003 bestmemit:   27.895718    4.388360    1.000000    4.671597    1.942889
Iteration: 191 bestvalit: 0.002003 bestmemit:   27.895718    4.388360    1.000000    4.671597    1.942889
Iteration: 192 bestvalit: 0.002003 bestmemit:   27.895718    4.388360    1.000000    4.671597    1.942889
Iteration: 193 bestvalit: 0.002003 bestmemit:   27.895718    4.388360    1.000000    4.671597    1.942889
Iteration: 194 bestvalit: 0.002003 bestmemit:   27.895718    4.388360    1.000000    4.671597    1.942889
Iteration: 195 bestvalit: 0.002003 bestmemit:   27.895718    4.388360    1.000000    4.671597    1.942889
Iteration: 196 bestvalit: 0.002003 bestmemit:   27.895718    4.388360    1.000000    4.671597    1.942889
Iteration: 197 bestvalit: 0.002003 bestmemit:   27.895718    4.388360    1.000000    4.671597    1.942889
Iteration: 198 bestvalit: 0.002003 bestmemit:   27.895718    4.388360    1.000000    4.671597    1.942889
Iteration: 199 bestvalit: 0.002003 bestmemit:   27.895718    4.388360    1.000000    4.671597    1.942889
Iteration: 200 bestvalit: 0.002003 bestmemit:   27.895718    4.388360    1.000000    4.671597    1.942889
Iteration: 201 bestvalit: 0.002003 bestmemit:   27.895718    4.388360    1.000000    4.671597    1.942889
Iteration: 202 bestvalit: 0.002003 bestmemit:   27.895718    4.388360    1.000000    4.671597    1.942889
Iteration: 203 bestvalit: 0.002003 bestmemit:   27.895718    4.388360    1.000000    4.671597    1.942889
Iteration: 204 bestvalit: 0.002003 bestmemit:   27.895718    4.388360    1.000000    4.671597    1.942889
Iteration: 205 bestvalit: 0.002003 bestmemit:   27.895718    4.388360    1.000000    4.671597    1.942889
Iteration: 206 bestvalit: 0.002003 bestmemit:   27.895718    4.388360    1.000000    4.671597    1.942889
Iteration: 207 bestvalit: 0.002003 bestmemit:   27.910863    4.386331    1.000000    4.671298    1.945631
Iteration: 208 bestvalit: 0.002003 bestmemit:   27.910863    4.386331    1.000000    4.671298    1.945631
Iteration: 209 bestvalit: 0.002003 bestmemit:   27.910863    4.386331    1.000000    4.671298    1.945631
Iteration: 210 bestvalit: 0.002003 bestmemit:   27.903697    4.385908    1.000000    4.672522    1.945185
Iteration: 211 bestvalit: 0.002003 bestmemit:   27.909264    4.379111    1.000000    4.670331    1.945134
Iteration: 212 bestvalit: 0.002003 bestmemit:   27.909264    4.379111    1.000000    4.670331    1.945134
Iteration: 213 bestvalit: 0.002003 bestmemit:   27.909264    4.379111    1.000000    4.670331    1.945134
Iteration: 214 bestvalit: 0.002003 bestmemit:   27.909264    4.379111    1.000000    4.670331    1.945134
Iteration: 215 bestvalit: 0.002003 bestmemit:   27.909264    4.379111    1.000000    4.670331    1.945134
Iteration: 216 bestvalit: 0.002003 bestmemit:   27.909264    4.379111    1.000000    4.670331    1.945134
Iteration: 217 bestvalit: 0.002003 bestmemit:   27.909264    4.379111    1.000000    4.670331    1.945134
Iteration: 218 bestvalit: 0.002003 bestmemit:   27.890204    4.393229    1.000000    4.669383    1.946468
Iteration: 219 bestvalit: 0.002003 bestmemit:   27.890204    4.393229    1.000000    4.669383    1.946468
Iteration: 220 bestvalit: 0.002003 bestmemit:   27.890204    4.393229    1.000000    4.669383    1.946468
Iteration: 221 bestvalit: 0.002003 bestmemit:   27.890204    4.393229    1.000000    4.669383    1.946468
Iteration: 222 bestvalit: 0.002003 bestmemit:   27.890204    4.393229    1.000000    4.669383    1.946468
Iteration: 223 bestvalit: 0.002003 bestmemit:   27.890204    4.392476    1.000000    4.669383    1.946468
Iteration: 224 bestvalit: 0.002003 bestmemit:   27.890204    4.392476    1.000000    4.669383    1.946468
Iteration: 225 bestvalit: 0.002003 bestmemit:   27.890204    4.392476    1.000000    4.669383    1.946468
Iteration: 226 bestvalit: 0.002003 bestmemit:   27.890204    4.392476    1.000000    4.669383    1.946468
Iteration: 227 bestvalit: 0.002003 bestmemit:   27.890204    4.392476    1.000000    4.669383    1.946468
Iteration: 228 bestvalit: 0.002003 bestmemit:   27.890204    4.392476    1.000000    4.669383    1.946468
Iteration: 229 bestvalit: 0.002003 bestmemit:   27.894754    4.389653    1.000000    4.669690    1.945969
Iteration: 230 bestvalit: 0.002003 bestmemit:   27.890620    4.390413    1.000000    4.668965    1.944981
Iteration: 231 bestvalit: 0.002003 bestmemit:   27.890620    4.390413    1.000000    4.668965    1.944981
Iteration: 232 bestvalit: 0.002003 bestmemit:   27.890620    4.390413    1.000000    4.668965    1.944981
Iteration: 233 bestvalit: 0.002003 bestmemit:   27.890620    4.390413    1.000000    4.668965    1.944981
Iteration: 234 bestvalit: 0.002003 bestmemit:   27.893135    4.389653    1.000000    4.669690    1.945942
Iteration: 235 bestvalit: 0.002003 bestmemit:   27.891207    4.391601    1.000000    4.669371    1.945543
Iteration: 236 bestvalit: 0.002003 bestmemit:   27.891207    4.391601    1.000000    4.669371    1.945543
Iteration: 237 bestvalit: 0.002003 bestmemit:   27.891207    4.391601    1.000000    4.669371    1.945543
Iteration: 238 bestvalit: 0.002003 bestmemit:   27.891207    4.391601    1.000000    4.669371    1.945543
Iteration: 239 bestvalit: 0.002003 bestmemit:   27.891207    4.391601    1.000000    4.669371    1.945543
Iteration: 240 bestvalit: 0.002003 bestmemit:   27.891207    4.391601    1.000000    4.669371    1.945543
Iteration: 241 bestvalit: 0.002003 bestmemit:   27.893479    4.388670    1.000000    4.669571    1.944928
Iteration: 242 bestvalit: 0.002003 bestmemit:   27.893479    4.388670    1.000000    4.669571    1.944928
Iteration: 243 bestvalit: 0.002003 bestmemit:   27.893479    4.388670    1.000000    4.669571    1.944928
Iteration: 244 bestvalit: 0.002003 bestmemit:   27.893479    4.388670    1.000000    4.669571    1.944928
Iteration: 245 bestvalit: 0.002003 bestmemit:   27.893479    4.388670    1.000000    4.669571    1.944928
Iteration: 246 bestvalit: 0.002003 bestmemit:   27.893479    4.388670    1.000000    4.669571    1.944928
Iteration: 247 bestvalit: 0.002003 bestmemit:   27.893479    4.388670    1.000000    4.669571    1.944928
Iteration: 248 bestvalit: 0.002003 bestmemit:   27.886529    4.392104    1.000000    4.668618    1.945372
Iteration: 249 bestvalit: 0.002003 bestmemit:   27.886529    4.392104    1.000000    4.668618    1.945372
Iteration: 250 bestvalit: 0.002003 bestmemit:   27.886752    4.391727    1.000000    4.668967    1.945400
Iteration: 251 bestvalit: 0.002003 bestmemit:   27.886752    4.391727    1.000000    4.668967    1.945400
Iteration: 252 bestvalit: 0.002003 bestmemit:   27.886752    4.391727    1.000000    4.668967    1.945400
Iteration: 253 bestvalit: 0.002003 bestmemit:   27.891901    4.390149    1.000000    4.669348    1.945227
Iteration: 254 bestvalit: 0.002003 bestmemit:   27.889720    4.390717    1.000000    4.669170    1.945515
Iteration: 255 bestvalit: 0.002003 bestmemit:   27.889720    4.390717    1.000000    4.669170    1.945515
Iteration: 256 bestvalit: 0.002003 bestmemit:   27.889720    4.390717    1.000000    4.669170    1.945515
Iteration: 257 bestvalit: 0.002003 bestmemit:   27.889720    4.390717    1.000000    4.669170    1.945515
Iteration: 258 bestvalit: 0.002003 bestmemit:   27.889720    4.390717    1.000000    4.669170    1.945515
Iteration: 259 bestvalit: 0.002003 bestmemit:   27.889720    4.390717    1.000000    4.669170    1.945515
Iteration: 260 bestvalit: 0.002003 bestmemit:   27.889720    4.390717    1.000000    4.669170    1.945515
Iteration: 261 bestvalit: 0.002003 bestmemit:   27.889720    4.390717    1.000000    4.669170    1.945515
Iteration: 262 bestvalit: 0.002003 bestmemit:   27.889720    4.390717    1.000000    4.669170    1.945515
Iteration: 263 bestvalit: 0.002003 bestmemit:   27.889720    4.390717    1.000000    4.669170    1.945515
Iteration: 264 bestvalit: 0.002003 bestmemit:   27.889720    4.390717    1.000000    4.669170    1.945515
Iteration: 265 bestvalit: 0.002003 bestmemit:   27.889720    4.390717    1.000000    4.669170    1.945515
Iteration: 266 bestvalit: 0.002003 bestmemit:   27.889720    4.390717    1.000000    4.669170    1.945515
Iteration: 267 bestvalit: 0.002003 bestmemit:   27.889720    4.390717    1.000000    4.669170    1.945515
Iteration: 268 bestvalit: 0.002003 bestmemit:   27.889720    4.390717    1.000000    4.669170    1.945515
Iteration: 269 bestvalit: 0.002003 bestmemit:   27.889720    4.390717    1.000000    4.669170    1.945515
Iteration: 270 bestvalit: 0.002003 bestmemit:   27.889720    4.390717    1.000000    4.669170    1.945515
Iteration: 271 bestvalit: 0.002003 bestmemit:   27.889720    4.390717    1.000000    4.669170    1.945515
Iteration: 272 bestvalit: 0.002003 bestmemit:   27.889720    4.390717    1.000000    4.669170    1.945515
Iteration: 273 bestvalit: 0.002003 bestmemit:   27.889720    4.390717    1.000000    4.669170    1.945409
Iteration: 274 bestvalit: 0.002003 bestmemit:   27.889720    4.390717    1.000000    4.669170    1.945409
Iteration: 275 bestvalit: 0.002003 bestmemit:   27.889720    4.390717    1.000000    4.669170    1.945409
Iteration: 276 bestvalit: 0.002003 bestmemit:   27.889720    4.390717    1.000000    4.669170    1.945409
Iteration: 277 bestvalit: 0.002003 bestmemit:   27.890362    4.390451    1.000000    4.669268    1.945508
Iteration: 278 bestvalit: 0.002003 bestmemit:   27.890391    4.390362    1.000000    4.669208    1.945418
Iteration: 279 bestvalit: 0.002003 bestmemit:   27.890391    4.390362    1.000000    4.669208    1.945418
Iteration: 280 bestvalit: 0.002003 bestmemit:   27.890391    4.390362    1.000000    4.669208    1.945418
Iteration: 281 bestvalit: 0.002003 bestmemit:   27.890391    4.390362    1.000000    4.669208    1.945418
Iteration: 282 bestvalit: 0.002003 bestmemit:   27.890391    4.390362    1.000000    4.669274    1.945418
Iteration: 283 bestvalit: 0.002003 bestmemit:   27.890391    4.390362    1.000000    4.669274    1.945418
Iteration: 284 bestvalit: 0.002003 bestmemit:   27.890391    4.390362    1.000000    4.669274    1.945418
Iteration: 285 bestvalit: 0.002003 bestmemit:   27.890391    4.390362    1.000000    4.669274    1.945418
Iteration: 286 bestvalit: 0.002003 bestmemit:   27.890391    4.390362    1.000000    4.669274    1.945418
Iteration: 287 bestvalit: 0.002003 bestmemit:   27.890391    4.390362    1.000000    4.669274    1.945418
Iteration: 288 bestvalit: 0.002003 bestmemit:   27.890391    4.390362    1.000000    4.669274    1.945418
Iteration: 289 bestvalit: 0.002003 bestmemit:   27.890391    4.390362    1.000000    4.669274    1.945418

***** summary of DEoptim object ***** 
best member   :  27.89039 4.39036 1 4.66927 1.94542 
best value    :  0.002 
after         :  289 generations 
fn evaluated  :  580 times 
*************************************
