SLURM_JOB_ID: 55403037
SLURM_JOB_USER: vsc34066
SLURM_JOB_ACCOUNT: lp_desenderlab
SLURM_JOB_NAME: par_recov_alternating_fb_sim_alpha_learn.slurm
SLURM_CLUSTER_NAME: genius
SLURM_JOB_PARTITION: batch
SLURM_ARRAY_JOB_ID: 55402977
SLURM_ARRAY_TASK_ID: 60
SLURM_NNODES: 1
SLURM_NODELIST: r23i27n06
SLURM_JOB_CPUS_PER_NODE: 8
Date: Sun Dec  3 23:44:08 CET 2023
Walltime: 01-06:00:00
========================================================================
Iteration: 1 bestvalit: 0.035028 bestmemit:   16.266058   79.984407    1.000000 1717.678383  295.010834
Iteration: 2 bestvalit: 0.035028 bestmemit:   16.266058   79.984407    1.000000 1717.678383  295.010834
Iteration: 3 bestvalit: 0.035028 bestmemit:   16.266058   79.984407    1.000000 1717.678383  295.010834
Iteration: 4 bestvalit: 0.034182 bestmemit:   11.322443   88.647618    1.000000 1717.678383  295.010834
Iteration: 5 bestvalit: 0.034182 bestmemit:   11.322443   88.647618    1.000000 1717.678383  295.010834
Iteration: 6 bestvalit: 0.017443 bestmemit:   32.661873   83.398196    1.000000  278.406477  158.120519
Iteration: 7 bestvalit: 0.017443 bestmemit:   32.661873   83.398196    1.000000  278.406477  158.120519
Iteration: 8 bestvalit: 0.017443 bestmemit:   32.661873   83.398196    1.000000  278.406477  158.120519
Iteration: 9 bestvalit: 0.017443 bestmemit:   32.661873   83.398196    1.000000  278.406477  158.120519
Iteration: 10 bestvalit: 0.017443 bestmemit:   32.661873   83.398196    1.000000  278.406477  158.120519
Iteration: 11 bestvalit: 0.017443 bestmemit:   32.661873   83.398196    1.000000  278.406477  158.120519
Iteration: 12 bestvalit: 0.017443 bestmemit:   32.661873   83.398196    1.000000  278.406477  158.120519
Iteration: 13 bestvalit: 0.017443 bestmemit:   32.661873   83.398196    1.000000  278.406477  158.120519
Iteration: 14 bestvalit: 0.017443 bestmemit:   32.661873   83.398196    1.000000  278.406477  158.120519
Iteration: 15 bestvalit: 0.017443 bestmemit:   32.661873   83.398196    1.000000  278.406477  158.120519
Iteration: 16 bestvalit: 0.013847 bestmemit:   12.696095  -13.060767    1.000000   26.618204  434.999014
Iteration: 17 bestvalit: 0.013847 bestmemit:   12.696095  -13.060767    1.000000   26.618204  434.999014
Iteration: 18 bestvalit: 0.013847 bestmemit:   12.696095  -13.060767    1.000000   26.618204  434.999014
Iteration: 19 bestvalit: 0.013847 bestmemit:   12.696095  -13.060767    1.000000   26.618204  434.999014
Iteration: 20 bestvalit: 0.013847 bestmemit:   12.696095  -13.060767    1.000000   26.618204  434.999014
Iteration: 21 bestvalit: 0.013785 bestmemit:   12.696095    0.483431    1.000000   26.618204  434.999014
Iteration: 22 bestvalit: 0.013785 bestmemit:   12.696095    0.483431    1.000000   26.618204  434.999014
Iteration: 23 bestvalit: 0.013785 bestmemit:   12.696095    0.483431    1.000000   26.618204  434.999014
Iteration: 24 bestvalit: 0.013785 bestmemit:   12.696095    0.483431    1.000000   26.618204  434.999014
Iteration: 25 bestvalit: 0.013785 bestmemit:   12.696095    0.483431    1.000000   26.618204  434.999014
Iteration: 26 bestvalit: 0.013785 bestmemit:   12.696095    0.483431    1.000000   26.618204  434.999014
Iteration: 27 bestvalit: 0.012274 bestmemit:   12.696095    0.483431    1.000000   26.618204  291.012119
Iteration: 28 bestvalit: 0.012274 bestmemit:   12.696095    0.483431    1.000000   26.618204  291.012119
Iteration: 29 bestvalit: 0.012204 bestmemit:   18.369227    0.483431    1.000000   26.618204  291.012119
Iteration: 30 bestvalit: 0.012204 bestmemit:   18.369227    0.483431    1.000000   26.618204  291.012119
Iteration: 31 bestvalit: 0.011603 bestmemit:   26.691662  -19.550410    1.000000   31.639432  167.734672
Iteration: 32 bestvalit: 0.011603 bestmemit:   26.691662  -19.550410    1.000000   31.639432  167.734672
Iteration: 33 bestvalit: 0.011603 bestmemit:   26.691662  -19.550410    1.000000   31.639432  167.734672
Iteration: 34 bestvalit: 0.011009 bestmemit:   14.638792   22.304756    1.000000   12.217536  286.687847
Iteration: 35 bestvalit: 0.011009 bestmemit:   14.638792   22.304756    1.000000   12.217536  286.687847
Iteration: 36 bestvalit: 0.010582 bestmemit:   14.638792   22.304756    1.000000   12.217536  229.374719
Iteration: 37 bestvalit: 0.010198 bestmemit:    6.523375   59.855215    1.000000    8.401230  181.340614
Iteration: 38 bestvalit: 0.009504 bestmemit:   48.986978  -41.254170    1.000000   65.701352   13.927730
Iteration: 39 bestvalit: 0.009504 bestmemit:   48.986978  -41.254170    1.000000   65.701352   13.927730
Iteration: 40 bestvalit: 0.009504 bestmemit:   48.986978  -41.254170    1.000000   65.701352   13.927730
Iteration: 41 bestvalit: 0.009504 bestmemit:   48.986978  -41.254170    1.000000   65.701352   13.927730
Iteration: 42 bestvalit: 0.009504 bestmemit:   48.986978  -41.254170    1.000000   65.701352   13.927730
Iteration: 43 bestvalit: 0.009504 bestmemit:   48.986978  -41.254170    1.000000   65.701352   13.927730
Iteration: 44 bestvalit: 0.009504 bestmemit:   48.986978  -41.254170    1.000000   65.701352   13.927730
Iteration: 45 bestvalit: 0.009504 bestmemit:   48.986978  -41.254170    1.000000   65.701352   13.927730
Iteration: 46 bestvalit: 0.009504 bestmemit:   48.986978  -41.254170    1.000000   65.701352   13.927730
Iteration: 47 bestvalit: 0.009504 bestmemit:   48.986978  -41.254170    1.000000   65.701352   13.927730
Iteration: 48 bestvalit: 0.007434 bestmemit:   35.071524   -7.557993    1.000000   12.051939    3.085886
Iteration: 49 bestvalit: 0.007434 bestmemit:   35.071524   -7.557993    1.000000   12.051939    3.085886
Iteration: 50 bestvalit: 0.006202 bestmemit:   35.071524   -7.557993    1.000000   33.469260    3.085886
Iteration: 51 bestvalit: 0.006202 bestmemit:   35.071524   -7.557993    1.000000   33.469260    3.085886
Iteration: 52 bestvalit: 0.006202 bestmemit:   35.071524   -7.557993    1.000000   33.469260    3.085886
Iteration: 53 bestvalit: 0.006202 bestmemit:   35.071524   -7.557993    1.000000   33.469260    3.085886
Iteration: 54 bestvalit: 0.006202 bestmemit:   35.071524   -7.557993    1.000000   33.469260    3.085886
Iteration: 55 bestvalit: 0.006202 bestmemit:   35.071524   -7.557993    1.000000   33.469260    3.085886
Iteration: 56 bestvalit: 0.006202 bestmemit:   35.071524   -7.557993    1.000000   33.469260    3.085886
Iteration: 57 bestvalit: 0.006202 bestmemit:   35.071524   -7.557993    1.000000   33.469260    3.085886
Iteration: 58 bestvalit: 0.006202 bestmemit:   35.071524   -7.557993    1.000000   33.469260    3.085886
Iteration: 59 bestvalit: 0.006202 bestmemit:   35.071524   -7.557993    1.000000   33.469260    3.085886
Iteration: 60 bestvalit: 0.006202 bestmemit:   35.071524   -7.557993    1.000000   33.469260    3.085886
Iteration: 61 bestvalit: 0.005469 bestmemit:    6.523375    7.843649    1.000000    8.401230    6.092373
Iteration: 62 bestvalit: 0.005469 bestmemit:    6.523375    7.843649    1.000000    8.401230    6.092373
Iteration: 63 bestvalit: 0.005469 bestmemit:    6.523375    7.843649    1.000000    8.401230    6.092373
Iteration: 64 bestvalit: 0.005469 bestmemit:    6.523375    7.843649    1.000000    8.401230    6.092373
Iteration: 65 bestvalit: 0.005469 bestmemit:    6.523375    7.843649    1.000000    8.401230    6.092373
Iteration: 66 bestvalit: 0.004848 bestmemit:    4.555670    1.026220    1.000000   11.087071    4.799694
Iteration: 67 bestvalit: 0.004848 bestmemit:    4.555670    1.026220    1.000000   11.087071    4.799694
Iteration: 68 bestvalit: 0.004848 bestmemit:    4.555670    1.026220    1.000000   11.087071    4.799694
Iteration: 69 bestvalit: 0.004848 bestmemit:    4.555670    1.026220    1.000000   11.087071    4.799694
Iteration: 70 bestvalit: 0.004848 bestmemit:    4.555670    1.026220    1.000000   11.087071    4.799694
Iteration: 71 bestvalit: 0.004848 bestmemit:    4.555670    1.026220    1.000000   11.087071    4.799694
Iteration: 72 bestvalit: 0.004251 bestmemit:    4.555670    1.026220    1.000000    6.722596    4.799694
Iteration: 73 bestvalit: 0.003762 bestmemit:    4.555670    1.026220    1.000000    6.722596    3.327429
Iteration: 74 bestvalit: 0.003762 bestmemit:    4.555670    1.026220    1.000000    6.722596    3.327429
Iteration: 75 bestvalit: 0.003762 bestmemit:    4.555670    1.026220    1.000000    6.722596    3.327429
Iteration: 76 bestvalit: 0.003762 bestmemit:    4.555670    1.026220    1.000000    6.722596    3.327429
Iteration: 77 bestvalit: 0.003762 bestmemit:    4.555670    1.026220    1.000000    6.722596    3.327429
Iteration: 78 bestvalit: 0.003550 bestmemit:    0.200890    5.768786    1.000000    2.382834    6.833085
Iteration: 79 bestvalit: 0.003550 bestmemit:    0.200890    5.768786    1.000000    2.382834    6.833085
Iteration: 80 bestvalit: 0.003543 bestmemit:    0.200890    5.153320    1.000000    2.382834    6.833085
Iteration: 81 bestvalit: 0.003543 bestmemit:    0.200890    5.153320    1.000000    2.382834    6.833085
Iteration: 82 bestvalit: 0.003543 bestmemit:    0.200890    5.153320    1.000000    2.382834    6.833085
Iteration: 83 bestvalit: 0.003543 bestmemit:    0.200890    5.153320    1.000000    2.382834    6.833085
Iteration: 84 bestvalit: 0.001967 bestmemit:    1.378656    4.109607    1.000000    1.899715    0.211485
Iteration: 85 bestvalit: 0.001967 bestmemit:    1.378656    4.109607    1.000000    1.899715    0.211485
Iteration: 86 bestvalit: 0.001896 bestmemit:    8.424958    2.074595    1.000000    5.484697    0.064205
Iteration: 87 bestvalit: 0.001462 bestmemit:    8.424958    2.074595    1.000000    2.050218    0.064205
Iteration: 88 bestvalit: 0.001462 bestmemit:    8.424958    2.074595    1.000000    2.050218    0.064205
Iteration: 89 bestvalit: 0.001462 bestmemit:    8.424958    2.074595    1.000000    2.050218    0.064205
Iteration: 90 bestvalit: 0.001462 bestmemit:    8.424958    2.074595    1.000000    2.050218    0.064205
Iteration: 91 bestvalit: 0.001462 bestmemit:    8.424958    2.074595    1.000000    2.050218    0.064205
Iteration: 92 bestvalit: 0.001462 bestmemit:    8.424958    2.074595    1.000000    2.050218    0.064205
Iteration: 93 bestvalit: 0.001462 bestmemit:    8.424958    2.074595    1.000000    2.050218    0.064205
Iteration: 94 bestvalit: 0.001462 bestmemit:    8.424958    2.074595    1.000000    2.050218    0.064205
Iteration: 95 bestvalit: 0.001462 bestmemit:    8.424958    2.074595    1.000000    2.050218    0.064205
Iteration: 96 bestvalit: 0.001462 bestmemit:    8.424958    2.074595    1.000000    2.050218    0.064205
Iteration: 97 bestvalit: 0.001462 bestmemit:    8.424958    2.074595    1.000000    2.050218    0.064205
Iteration: 98 bestvalit: 0.001421 bestmemit:    1.378656    5.413254    1.000000    1.899715    0.211485
Iteration: 99 bestvalit: 0.001421 bestmemit:    1.378656    5.413254    1.000000    1.899715    0.211485
Iteration: 100 bestvalit: 0.001407 bestmemit:    1.378656    5.413254    1.000000    1.899715    0.378425
Iteration: 101 bestvalit: 0.001407 bestmemit:    1.378656    5.413254    1.000000    1.899715    0.378425
Iteration: 102 bestvalit: 0.001407 bestmemit:    1.378656    5.413254    1.000000    1.899715    0.378425
Iteration: 103 bestvalit: 0.001258 bestmemit:    3.726114    4.175241    1.000000    0.268775    0.422853
Iteration: 104 bestvalit: 0.000913 bestmemit:    3.056633    7.830504    1.000000    0.077498    0.031240
Iteration: 105 bestvalit: 0.000913 bestmemit:    3.056633    7.830504    1.000000    0.077498    0.031240
Iteration: 106 bestvalit: 0.000913 bestmemit:    3.056633    7.830504    1.000000    0.077498    0.031240
Iteration: 107 bestvalit: 0.000913 bestmemit:    3.056633    7.830504    1.000000    0.077498    0.031240
Iteration: 108 bestvalit: 0.000913 bestmemit:    3.056633    7.830504    1.000000    0.077498    0.031240
Iteration: 109 bestvalit: 0.000913 bestmemit:    3.056633    7.830504    1.000000    0.077498    0.031240
Iteration: 110 bestvalit: 0.000913 bestmemit:    3.056633    7.830504    1.000000    0.077498    0.031240
Iteration: 111 bestvalit: 0.000913 bestmemit:    3.056633    7.830504    1.000000    0.077498    0.031240
Iteration: 112 bestvalit: 0.000913 bestmemit:    3.056633    7.830504    1.000000    0.077498    0.031240
Iteration: 113 bestvalit: 0.000913 bestmemit:    3.056633    7.830504    1.000000    0.077498    0.031240
Iteration: 114 bestvalit: 0.000913 bestmemit:    3.056633    7.830504    1.000000    0.077498    0.031240
Iteration: 115 bestvalit: 0.000913 bestmemit:    3.056633    7.830504    1.000000    0.077498    0.031240
Iteration: 116 bestvalit: 0.000913 bestmemit:    3.056633    7.830504    1.000000    0.077498    0.031240
Iteration: 117 bestvalit: 0.000913 bestmemit:    3.056633    7.830504    1.000000    0.077498    0.031240
Iteration: 118 bestvalit: 0.000913 bestmemit:    3.056633    7.830504    1.000000    0.077498    0.031240
Iteration: 119 bestvalit: 0.000913 bestmemit:    3.056633    7.830504    1.000000    0.077498    0.031240
Iteration: 120 bestvalit: 0.000913 bestmemit:    3.056633    7.830504    1.000000    0.077498    0.031240
Iteration: 121 bestvalit: 0.000913 bestmemit:    3.056633    7.830504    1.000000    0.077498    0.031240
Iteration: 122 bestvalit: 0.000913 bestmemit:    3.056633    7.830504    1.000000    0.077498    0.031240
Iteration: 123 bestvalit: 0.000913 bestmemit:    3.056633    7.830504    1.000000    0.077498    0.031240
Iteration: 124 bestvalit: 0.000913 bestmemit:    3.056633    7.830504    1.000000    0.077498    0.031240
Iteration: 125 bestvalit: 0.000903 bestmemit:    3.663173    7.362111    1.000000    0.077498    0.031240
Iteration: 126 bestvalit: 0.000903 bestmemit:    3.663173    7.362111    1.000000    0.077498    0.031240
Iteration: 127 bestvalit: 0.000903 bestmemit:    3.663173    7.362111    1.000000    0.077498    0.031240
Iteration: 128 bestvalit: 0.000903 bestmemit:    3.663173    7.362111    1.000000    0.077498    0.031240
Iteration: 129 bestvalit: 0.000903 bestmemit:    3.663173    7.362111    1.000000    0.077498    0.031240
Iteration: 130 bestvalit: 0.000903 bestmemit:    3.663173    7.362111    1.000000    0.077498    0.031240
Iteration: 131 bestvalit: 0.000903 bestmemit:    3.663173    7.362111    1.000000    0.077498    0.031240
Iteration: 132 bestvalit: 0.000903 bestmemit:    3.663173    7.362111    1.000000    0.077498    0.031240
Iteration: 133 bestvalit: 0.000903 bestmemit:    3.663173    7.362111    1.000000    0.077498    0.031240
Iteration: 134 bestvalit: 0.000903 bestmemit:    3.663173    7.362111    1.000000    0.077498    0.031240
Iteration: 135 bestvalit: 0.000892 bestmemit:    3.663173    7.362111    1.000000    0.021665    0.007125
Iteration: 136 bestvalit: 0.000892 bestmemit:    3.663173    7.362111    1.000000    0.021665    0.007125
Iteration: 137 bestvalit: 0.000892 bestmemit:    3.663173    7.362111    1.000000    0.021665    0.007125
Iteration: 138 bestvalit: 0.000892 bestmemit:    3.663173    7.362111    1.000000    0.021665    0.007125
Iteration: 139 bestvalit: 0.000892 bestmemit:    3.663173    7.362111    1.000000    0.021665    0.007125
Iteration: 140 bestvalit: 0.000892 bestmemit:    3.663173    7.362111    1.000000    0.021665    0.007125
Iteration: 141 bestvalit: 0.000892 bestmemit:    3.663173    7.362111    1.000000    0.021665    0.007125
Iteration: 142 bestvalit: 0.000892 bestmemit:    3.663173    7.362111    1.000000    0.021665    0.007125
Iteration: 143 bestvalit: 0.000892 bestmemit:    3.663173    7.362111    1.000000    0.021665    0.007125
Iteration: 144 bestvalit: 0.000892 bestmemit:    3.663173    7.362111    1.000000    0.021665    0.007125
Iteration: 145 bestvalit: 0.000892 bestmemit:    3.663173    7.362111    1.000000    0.021665    0.007125
Iteration: 146 bestvalit: 0.000892 bestmemit:    3.663173    7.362111    1.000000    0.021665    0.007125
Iteration: 147 bestvalit: 0.000892 bestmemit:    3.663173    7.362111    1.000000    0.021665    0.007125
Iteration: 148 bestvalit: 0.000892 bestmemit:    3.663173    7.362111    1.000000    0.021665    0.007125
Iteration: 149 bestvalit: 0.000892 bestmemit:    3.663173    7.362111    1.000000    0.021665    0.007125
Iteration: 150 bestvalit: 0.000892 bestmemit:    3.663173    7.362111    1.000000    0.021665    0.007125
Iteration: 151 bestvalit: 0.000892 bestmemit:    3.663173    7.362111    1.000000    0.021665    0.007125
Iteration: 152 bestvalit: 0.000892 bestmemit:    3.663173    7.362111    1.000000    0.021665    0.007125
Iteration: 153 bestvalit: 0.000890 bestmemit:    3.639818    7.172738    1.000000    0.014197    0.026363
Iteration: 154 bestvalit: 0.000890 bestmemit:    3.639818    7.172738    1.000000    0.014197    0.026363
Iteration: 155 bestvalit: 0.000890 bestmemit:    3.639818    7.172738    1.000000    0.014197    0.026363
Iteration: 156 bestvalit: 0.000890 bestmemit:    3.639818    7.172738    1.000000    0.005118    0.026363
Iteration: 157 bestvalit: 0.000890 bestmemit:    3.639818    7.172738    1.000000    0.005118    0.026363
Iteration: 158 bestvalit: 0.000890 bestmemit:    3.639818    7.172738    1.000000    0.005118    0.026363
Iteration: 159 bestvalit: 0.000890 bestmemit:    3.639818    7.172738    1.000000    0.005118    0.026363
Iteration: 160 bestvalit: 0.000890 bestmemit:    3.639818    7.172738    1.000000    0.005118    0.026363
Iteration: 161 bestvalit: 0.000890 bestmemit:    3.639818    7.172738    1.000000    0.005118    0.026363
Iteration: 162 bestvalit: 0.000890 bestmemit:    3.639818    7.172738    1.000000    0.005118    0.026363
Iteration: 163 bestvalit: 0.000889 bestmemit:    3.872454    7.104885    1.000000    0.019814    0.006080
Iteration: 164 bestvalit: 0.000889 bestmemit:    3.872454    7.104885    1.000000    0.019814    0.006080
Iteration: 165 bestvalit: 0.000889 bestmemit:    3.872454    7.104885    1.000000    0.019814    0.006080
Iteration: 166 bestvalit: 0.000889 bestmemit:    3.872454    7.104885    1.000000    0.019814    0.006080
Iteration: 167 bestvalit: 0.000889 bestmemit:    3.872454    7.104885    1.000000    0.019814    0.006080
Iteration: 168 bestvalit: 0.000889 bestmemit:    3.872454    7.104885    1.000000    0.019814    0.006080
Iteration: 169 bestvalit: 0.000889 bestmemit:    3.872454    7.104885    1.000000    0.019814    0.006080
Iteration: 170 bestvalit: 0.000889 bestmemit:    3.872454    7.104885    1.000000    0.019814    0.006080
Iteration: 171 bestvalit: 0.000889 bestmemit:    3.872454    7.104187    1.000000    0.019814    0.006080
Iteration: 172 bestvalit: 0.000889 bestmemit:    3.872454    7.104187    1.000000    0.019814    0.006080
Iteration: 173 bestvalit: 0.000889 bestmemit:    3.872454    7.104187    1.000000    0.019814    0.006080
Iteration: 174 bestvalit: 0.000889 bestmemit:    3.872454    7.104187    1.000000    0.019814    0.006080
Iteration: 175 bestvalit: 0.000889 bestmemit:    3.872454    7.104187    1.000000    0.019814    0.006080
Iteration: 176 bestvalit: 0.000889 bestmemit:    3.872454    7.104187    1.000000    0.019814    0.006080
Iteration: 177 bestvalit: 0.000889 bestmemit:    3.872454    7.104187    1.000000    0.019814    0.006080
Iteration: 178 bestvalit: 0.000889 bestmemit:    3.872454    7.104187    1.000000    0.019814    0.006080
Iteration: 179 bestvalit: 0.000889 bestmemit:    3.872454    7.104187    1.000000    0.019814    0.006080
Iteration: 180 bestvalit: 0.000889 bestmemit:    3.838308    7.128586    1.000000    0.004533    0.010793
Iteration: 181 bestvalit: 0.000889 bestmemit:    3.838308    7.128586    1.000000    0.004533    0.010793
Iteration: 182 bestvalit: 0.000889 bestmemit:    3.838308    7.128586    1.000000    0.004533    0.010793
Iteration: 183 bestvalit: 0.000889 bestmemit:    3.838308    7.128586    1.000000    0.004533    0.010793
Iteration: 184 bestvalit: 0.000889 bestmemit:    3.838308    7.128586    1.000000    0.004533    0.010793
Iteration: 185 bestvalit: 0.000889 bestmemit:    3.819892    7.108657    1.000000    0.004533    0.010793
Iteration: 186 bestvalit: 0.000889 bestmemit:    3.819892    7.108657    1.000000    0.004533    0.010793
Iteration: 187 bestvalit: 0.000889 bestmemit:    3.872454    7.104187    1.000000    0.000359    0.009208
Iteration: 188 bestvalit: 0.000889 bestmemit:    3.872454    7.104187    1.000000    0.000359    0.009208
Iteration: 189 bestvalit: 0.000889 bestmemit:    3.872454    7.104187    1.000000    0.000359    0.009208
Iteration: 190 bestvalit: 0.000888 bestmemit:    3.736836    7.192052    1.000000    0.004402    0.002393
Iteration: 191 bestvalit: 0.000888 bestmemit:    3.736836    7.192052    1.000000    0.004402    0.002393
Iteration: 192 bestvalit: 0.000888 bestmemit:    3.736836    7.192052    1.000000    0.004402    0.002393
Iteration: 193 bestvalit: 0.000888 bestmemit:    3.736836    7.192052    1.000000    0.004402    0.002393
Iteration: 194 bestvalit: 0.000888 bestmemit:    3.736836    7.192052    1.000000    0.004402    0.002393
Iteration: 195 bestvalit: 0.000888 bestmemit:    3.736836    7.192052    1.000000    0.004402    0.002393
Iteration: 196 bestvalit: 0.000888 bestmemit:    3.736836    7.192052    1.000000    0.004402    0.002393
Iteration: 197 bestvalit: 0.000888 bestmemit:    3.736836    7.192052    1.000000    0.004402    0.002393
Iteration: 198 bestvalit: 0.000888 bestmemit:    3.736836    7.192052    1.000000    0.004402    0.002393
Iteration: 199 bestvalit: 0.000888 bestmemit:    3.807737    7.160049    1.000000    0.007953    0.001727
Iteration: 200 bestvalit: 0.000888 bestmemit:    3.807737    7.160049    1.000000    0.007953    0.001727
Iteration: 201 bestvalit: 0.000888 bestmemit:    3.761869    7.217722    1.000000    0.002693    0.001922
Iteration: 202 bestvalit: 0.000888 bestmemit:    3.819684    7.150454    1.000000    0.003398    0.000105
Iteration: 203 bestvalit: 0.000888 bestmemit:    3.819684    7.150454    1.000000    0.003398    0.000105
Iteration: 204 bestvalit: 0.000888 bestmemit:    3.819684    7.150454    1.000000    0.003398    0.000105
Iteration: 205 bestvalit: 0.000888 bestmemit:    3.783116    7.185117    1.000000    0.000359    0.000348
Iteration: 206 bestvalit: 0.000888 bestmemit:    3.783116    7.185117    1.000000    0.000359    0.000348
Iteration: 207 bestvalit: 0.000888 bestmemit:    3.783116    7.185117    1.000000    0.000359    0.000348
Iteration: 208 bestvalit: 0.000888 bestmemit:    3.783116    7.185117    1.000000    0.000359    0.000348
Iteration: 209 bestvalit: 0.000888 bestmemit:    3.783116    7.185117    1.000000    0.000359    0.000348
Iteration: 210 bestvalit: 0.000888 bestmemit:    3.783116    7.185117    1.000000    0.000359    0.000348
Iteration: 211 bestvalit: 0.000888 bestmemit:    3.783116    7.185117    1.000000    0.000359    0.000348
Iteration: 212 bestvalit: 0.000888 bestmemit:    3.783116    7.185117    1.000000    0.000359    0.000348
Iteration: 213 bestvalit: 0.000888 bestmemit:    3.783116    7.185117    1.000000    0.000359    0.000348
Iteration: 214 bestvalit: 0.000888 bestmemit:    3.783116    7.185117    1.000000    0.000359    0.000348
Iteration: 215 bestvalit: 0.000888 bestmemit:    3.783116    7.185117    1.000000    0.000359    0.000348
Iteration: 216 bestvalit: 0.000888 bestmemit:    3.793408    7.185117    1.000000    0.000359    0.000621
Iteration: 217 bestvalit: 0.000888 bestmemit:    3.793408    7.185117    1.000000    0.000359    0.000621
Iteration: 218 bestvalit: 0.000888 bestmemit:    3.793408    7.185117    1.000000    0.000359    0.000621
Iteration: 219 bestvalit: 0.000888 bestmemit:    3.796651    7.188422    1.000000    0.000290    0.000177
Iteration: 220 bestvalit: 0.000888 bestmemit:    3.796651    7.188422    1.000000    0.000290    0.000177
Iteration: 221 bestvalit: 0.000888 bestmemit:    3.796651    7.188422    1.000000    0.000290    0.000177
Iteration: 222 bestvalit: 0.000888 bestmemit:    3.796651    7.188422    1.000000    0.000290    0.000177
Iteration: 223 bestvalit: 0.000888 bestmemit:    3.796651    7.188422    1.000000    0.000290    0.000177
Iteration: 224 bestvalit: 0.000888 bestmemit:    3.796651    7.188422    1.000000    0.000290    0.000177
Iteration: 225 bestvalit: 0.000888 bestmemit:    3.796651    7.188422    1.000000    0.000290    0.000177
Iteration: 226 bestvalit: 0.000888 bestmemit:    3.796651    7.188422    1.000000    0.000290    0.000177
Iteration: 227 bestvalit: 0.000888 bestmemit:    3.796651    7.188422    1.000000    0.000290    0.000177
Iteration: 228 bestvalit: 0.000888 bestmemit:    3.790508    7.190581    1.000000    0.000408    0.000094
Iteration: 229 bestvalit: 0.000888 bestmemit:    3.796651    7.188422    1.000000    0.000068    0.000177
Iteration: 230 bestvalit: 0.000888 bestmemit:    3.796651    7.188422    1.000000    0.000068    0.000177
Iteration: 231 bestvalit: 0.000888 bestmemit:    3.796651    7.188422    1.000000    0.000068    0.000177
Iteration: 232 bestvalit: 0.000888 bestmemit:    3.802651    7.180485    1.000000    0.000294    0.000174
Iteration: 233 bestvalit: 0.000888 bestmemit:    3.802651    7.180485    1.000000    0.000118    0.000174
Iteration: 234 bestvalit: 0.000888 bestmemit:    3.802651    7.180485    1.000000    0.000118    0.000174
Iteration: 235 bestvalit: 0.000888 bestmemit:    3.789750    7.188365    1.000000    0.000045    0.000002
Iteration: 236 bestvalit: 0.000888 bestmemit:    3.789750    7.188365    1.000000    0.000045    0.000002
Iteration: 237 bestvalit: 0.000888 bestmemit:    3.789750    7.188365    1.000000    0.000045    0.000002
Iteration: 238 bestvalit: 0.000888 bestmemit:    3.789750    7.188365    1.000000    0.000045    0.000002
Iteration: 239 bestvalit: 0.000888 bestmemit:    3.810983    7.175650    1.000000    0.000289    0.000023
Iteration: 240 bestvalit: 0.000888 bestmemit:    3.810983    7.175650    1.000000    0.000289    0.000023
Iteration: 241 bestvalit: 0.000888 bestmemit:    3.804012    7.177264    1.000000    0.000106    0.000094
Iteration: 242 bestvalit: 0.000888 bestmemit:    3.804012    7.177264    1.000000    0.000106    0.000094
Iteration: 243 bestvalit: 0.000888 bestmemit:    3.804012    7.177264    1.000000    0.000106    0.000094
Iteration: 244 bestvalit: 0.000888 bestmemit:    3.804012    7.177264    1.000000    0.000106    0.000094
Iteration: 245 bestvalit: 0.000888 bestmemit:    3.808001    7.175650    1.000000    0.000289    0.000023
Iteration: 246 bestvalit: 0.000888 bestmemit:    3.822977    7.166481    1.000000    0.000134    0.000027
Iteration: 247 bestvalit: 0.000888 bestmemit:    3.819684    7.167387    1.000000    0.000002    0.000105
Iteration: 248 bestvalit: 0.000888 bestmemit:    3.819684    7.167387    1.000000    0.000002    0.000105
Iteration: 249 bestvalit: 0.000888 bestmemit:    3.819684    7.167387    1.000000    0.000002    0.000105
Iteration: 250 bestvalit: 0.000888 bestmemit:    3.819684    7.167387    1.000000    0.000002    0.000105
Iteration: 251 bestvalit: 0.000888 bestmemit:    3.816441    7.171192    1.000000    0.000028    0.000070
Iteration: 252 bestvalit: 0.000888 bestmemit:    3.821864    7.166517    1.000000    0.000065    0.000002
Iteration: 253 bestvalit: 0.000888 bestmemit:    3.821864    7.166517    1.000000    0.000065    0.000002
Iteration: 254 bestvalit: 0.000888 bestmemit:    3.820132    7.168783    1.000000    0.000045    0.000002
Iteration: 255 bestvalit: 0.000888 bestmemit:    3.820132    7.168783    1.000000    0.000045    0.000002
Iteration: 256 bestvalit: 0.000888 bestmemit:    3.820132    7.168783    1.000000    0.000045    0.000002
Iteration: 257 bestvalit: 0.000888 bestmemit:    3.809208    7.175969    1.000000    0.000003    0.000018
Iteration: 258 bestvalit: 0.000888 bestmemit:    3.815531    7.170243    1.000000    0.000021    0.000009
Iteration: 259 bestvalit: 0.000888 bestmemit:    3.815531    7.170243    1.000000    0.000021    0.000009
Iteration: 260 bestvalit: 0.000888 bestmemit:    3.815531    7.170243    1.000000    0.000021    0.000009
Iteration: 261 bestvalit: 0.000888 bestmemit:    3.814306    7.170872    1.000000    0.000013    0.000002
Iteration: 262 bestvalit: 0.000888 bestmemit:    3.814306    7.170872    1.000000    0.000013    0.000002
Iteration: 263 bestvalit: 0.000888 bestmemit:    3.814306    7.170872    1.000000    0.000013    0.000002
Iteration: 264 bestvalit: 0.000888 bestmemit:    3.814306    7.170872    1.000000    0.000013    0.000002
Iteration: 265 bestvalit: 0.000888 bestmemit:    3.814306    7.170872    1.000000    0.000013    0.000002
Iteration: 266 bestvalit: 0.000888 bestmemit:    3.814306    7.170872    1.000000    0.000013    0.000002
Iteration: 267 bestvalit: 0.000888 bestmemit:    3.814306    7.170872    1.000000    0.000013    0.000002
Iteration: 268 bestvalit: 0.000888 bestmemit:    3.814306    7.170872    1.000000    0.000013    0.000002
Iteration: 269 bestvalit: 0.000888 bestmemit:    3.814306    7.170872    1.000000    0.000013    0.000002
Iteration: 270 bestvalit: 0.000888 bestmemit:    3.814306    7.170872    1.000000    0.000013    0.000002
Iteration: 271 bestvalit: 0.000888 bestmemit:    3.814306    7.170872    1.000000    0.000013    0.000002
Iteration: 272 bestvalit: 0.000888 bestmemit:    3.814306    7.170872    1.000000    0.000013    0.000002
Iteration: 273 bestvalit: 0.000888 bestmemit:    3.814306    7.170872    1.000000    0.000013    0.000002
Iteration: 274 bestvalit: 0.000888 bestmemit:    3.814306    7.170872    1.000000    0.000013    0.000002
Iteration: 275 bestvalit: 0.000888 bestmemit:    3.817973    7.169154    1.000000    0.000005    0.000002
Iteration: 276 bestvalit: 0.000888 bestmemit:    3.816656    7.169024    1.000000    0.000000    0.000004
Iteration: 277 bestvalit: 0.000888 bestmemit:    3.816656    7.169024    1.000000    0.000000    0.000004
Iteration: 278 bestvalit: 0.000888 bestmemit:    3.816656    7.169108    1.000000    0.000000    0.000004
Iteration: 279 bestvalit: 0.000888 bestmemit:    3.814973    7.171213    1.000000    0.000002    0.000001
Iteration: 280 bestvalit: 0.000888 bestmemit:    3.814973    7.171213    1.000000    0.000002    0.000001
Iteration: 281 bestvalit: 0.000888 bestmemit:    3.814973    7.171213    1.000000    0.000002    0.000001
Iteration: 282 bestvalit: 0.000888 bestmemit:    3.814973    7.171213    1.000000    0.000002    0.000001
Iteration: 283 bestvalit: 0.000888 bestmemit:    3.814973    7.171213    1.000000    0.000002    0.000001
Iteration: 284 bestvalit: 0.000888 bestmemit:    3.814973    7.171213    1.000000    0.000002    0.000001
Iteration: 285 bestvalit: 0.000888 bestmemit:    3.814973    7.171213    1.000000    0.000002    0.000001
Iteration: 286 bestvalit: 0.000888 bestmemit:    3.814973    7.171213    1.000000    0.000002    0.000001
Iteration: 287 bestvalit: 0.000888 bestmemit:    3.814973    7.171213    1.000000    0.000002    0.000001
Iteration: 288 bestvalit: 0.000888 bestmemit:    3.814208    7.171259    1.000000    0.000001    0.000001
Iteration: 289 bestvalit: 0.000888 bestmemit:    3.814208    7.171259    1.000000    0.000001    0.000001
Iteration: 290 bestvalit: 0.000888 bestmemit:    3.814208    7.171259    1.000000    0.000001    0.000001
Iteration: 291 bestvalit: 0.000888 bestmemit:    3.814208    7.171259    1.000000    0.000001    0.000001
Iteration: 292 bestvalit: 0.000888 bestmemit:    3.814208    7.171259    1.000000    0.000001    0.000001
Iteration: 293 bestvalit: 0.000888 bestmemit:    3.814208    7.171259    1.000000    0.000001    0.000001
Iteration: 294 bestvalit: 0.000888 bestmemit:    3.814208    7.171259    1.000000    0.000001    0.000001
Iteration: 295 bestvalit: 0.000888 bestmemit:    3.814208    7.171259    1.000000    0.000001    0.000001
Iteration: 296 bestvalit: 0.000888 bestmemit:    3.814973    7.170851    1.000000    0.000002    0.000001
Iteration: 297 bestvalit: 0.000888 bestmemit:    3.814598    7.170732    1.000000    0.000001    0.000000
Iteration: 298 bestvalit: 0.000888 bestmemit:    3.814598    7.170732    1.000000    0.000001    0.000000
Iteration: 299 bestvalit: 0.000888 bestmemit:    3.814598    7.170732    1.000000    0.000001    0.000000
Iteration: 300 bestvalit: 0.000888 bestmemit:    3.814525    7.171027    1.000000    0.000001    0.000000
Iteration: 301 bestvalit: 0.000888 bestmemit:    3.814525    7.171027    1.000000    0.000001    0.000000
Iteration: 302 bestvalit: 0.000888 bestmemit:    3.814110    7.171413    1.000000    0.000001    0.000000
Iteration: 303 bestvalit: 0.000888 bestmemit:    3.814973    7.170851    1.000000    0.000000    0.000001
Iteration: 304 bestvalit: 0.000888 bestmemit:    3.814973    7.170851    1.000000    0.000000    0.000001
Iteration: 305 bestvalit: 0.000888 bestmemit:    3.814973    7.170851    1.000000    0.000000    0.000001
Iteration: 306 bestvalit: 0.000888 bestmemit:    3.814973    7.170851    1.000000    0.000000    0.000001
Iteration: 307 bestvalit: 0.000888 bestmemit:    3.814973    7.170851    1.000000    0.000000    0.000001
Iteration: 308 bestvalit: 0.000888 bestmemit:    3.814254    7.171586    1.000000    0.000000    0.000000
Iteration: 309 bestvalit: 0.000888 bestmemit:    3.814254    7.171586    1.000000    0.000000    0.000000
Iteration: 310 bestvalit: 0.000888 bestmemit:    3.815091    7.170873    1.000000    0.000000    0.000000
Iteration: 311 bestvalit: 0.000888 bestmemit:    3.815091    7.170873    1.000000    0.000000    0.000000
Iteration: 312 bestvalit: 0.000888 bestmemit:    3.815091    7.170873    1.000000    0.000000    0.000000
Iteration: 313 bestvalit: 0.000888 bestmemit:    3.815091    7.170873    1.000000    0.000000    0.000000
Iteration: 314 bestvalit: 0.000888 bestmemit:    3.815091    7.170873    1.000000    0.000000    0.000000
Iteration: 315 bestvalit: 0.000888 bestmemit:    3.815091    7.170873    1.000000    0.000000    0.000000
Iteration: 316 bestvalit: 0.000888 bestmemit:    3.815091    7.170873    1.000000    0.000000    0.000000
Iteration: 317 bestvalit: 0.000888 bestmemit:    3.814886    7.170798    1.000000    0.000000    0.000000
Iteration: 318 bestvalit: 0.000888 bestmemit:    3.815271    7.170812    1.000000    0.000000    0.000000
Iteration: 319 bestvalit: 0.000888 bestmemit:    3.815271    7.170812    1.000000    0.000000    0.000000
Iteration: 320 bestvalit: 0.000888 bestmemit:    3.814661    7.171092    1.000000    0.000000    0.000000
Iteration: 321 bestvalit: 0.000888 bestmemit:    3.814661    7.171092    1.000000    0.000000    0.000000
Iteration: 322 bestvalit: 0.000888 bestmemit:    3.814661    7.171092    1.000000    0.000000    0.000000
Iteration: 323 bestvalit: 0.000888 bestmemit:    3.814661    7.171092    1.000000    0.000000    0.000000
Iteration: 324 bestvalit: 0.000888 bestmemit:    3.814661    7.171092    1.000000    0.000000    0.000000
Iteration: 325 bestvalit: 0.000888 bestmemit:    3.814661    7.171092    1.000000    0.000000    0.000000
Iteration: 326 bestvalit: 0.000888 bestmemit:    3.814661    7.171092    1.000000    0.000000    0.000000
Iteration: 327 bestvalit: 0.000888 bestmemit:    3.815159    7.170700    1.000000    0.000000    0.000000
Iteration: 328 bestvalit: 0.000888 bestmemit:    3.815159    7.170700    1.000000    0.000000    0.000000
Iteration: 329 bestvalit: 0.000888 bestmemit:    3.815159    7.170700    1.000000    0.000000    0.000000
Iteration: 330 bestvalit: 0.000888 bestmemit:    3.815159    7.170700    1.000000    0.000000    0.000000
Iteration: 331 bestvalit: 0.000888 bestmemit:    3.815159    7.170700    1.000000    0.000000    0.000000
Iteration: 332 bestvalit: 0.000888 bestmemit:    3.815107    7.170748    1.000000    0.000000    0.000000
Iteration: 333 bestvalit: 0.000888 bestmemit:    3.814894    7.170888    1.000000    0.000000    0.000000
Iteration: 334 bestvalit: 0.000888 bestmemit:    3.814894    7.170888    1.000000    0.000000    0.000000
Iteration: 335 bestvalit: 0.000888 bestmemit:    3.814894    7.170888    1.000000    0.000000    0.000000
Iteration: 336 bestvalit: 0.000888 bestmemit:    3.814894    7.170888    1.000000    0.000000    0.000000
Iteration: 337 bestvalit: 0.000888 bestmemit:    3.814894    7.170888    1.000000    0.000000    0.000000
Iteration: 338 bestvalit: 0.000888 bestmemit:    3.814883    7.170928    1.000000    0.000000    0.000000
Iteration: 339 bestvalit: 0.000888 bestmemit:    3.815058    7.170819    1.000000    0.000000    0.000000
Iteration: 340 bestvalit: 0.000888 bestmemit:    3.815058    7.170819    1.000000    0.000000    0.000000
Iteration: 341 bestvalit: 0.000888 bestmemit:    3.815058    7.170819    1.000000    0.000000    0.000000
Iteration: 342 bestvalit: 0.000888 bestmemit:    3.815058    7.170819    1.000000    0.000000    0.000000
Iteration: 343 bestvalit: 0.000888 bestmemit:    3.814941    7.170955    1.000000    0.000000    0.000000
Iteration: 344 bestvalit: 0.000888 bestmemit:    3.814822    7.170978    1.000000    0.000000    0.000000
Iteration: 345 bestvalit: 0.000888 bestmemit:    3.814822    7.170978    1.000000    0.000000    0.000000
Iteration: 346 bestvalit: 0.000888 bestmemit:    3.814887    7.170928    1.000000    0.000000    0.000000
Iteration: 347 bestvalit: 0.000888 bestmemit:    3.814887    7.170928    1.000000    0.000000    0.000000
Iteration: 348 bestvalit: 0.000888 bestmemit:    3.814887    7.170928    1.000000    0.000000    0.000000
Iteration: 349 bestvalit: 0.000888 bestmemit:    3.814887    7.170928    1.000000    0.000000    0.000000
Iteration: 350 bestvalit: 0.000888 bestmemit:    3.814887    7.170928    1.000000    0.000000    0.000000
Iteration: 351 bestvalit: 0.000888 bestmemit:    3.814887    7.170928    1.000000    0.000000    0.000000
Iteration: 352 bestvalit: 0.000888 bestmemit:    3.814887    7.170928    1.000000    0.000000    0.000000
Iteration: 353 bestvalit: 0.000888 bestmemit:    3.814887    7.170928    1.000000    0.000000    0.000000
Iteration: 354 bestvalit: 0.000888 bestmemit:    3.814887    7.170928    1.000000    0.000000    0.000000
Iteration: 355 bestvalit: 0.000888 bestmemit:    3.814887    7.170928    1.000000    0.000000    0.000000
Iteration: 356 bestvalit: 0.000888 bestmemit:    3.814843    7.170985    1.000000    0.000000    0.000000
Iteration: 357 bestvalit: 0.000888 bestmemit:    3.814843    7.170985    1.000000    0.000000    0.000000
Iteration: 358 bestvalit: 0.000888 bestmemit:    3.814843    7.170985    1.000000    0.000000    0.000000
Iteration: 359 bestvalit: 0.000888 bestmemit:    3.814843    7.170985    1.000000    0.000000    0.000000
Iteration: 360 bestvalit: 0.000888 bestmemit:    3.814871    7.170963    1.000000    0.000000    0.000000
Iteration: 361 bestvalit: 0.000888 bestmemit:    3.814871    7.170963    1.000000    0.000000    0.000000
Iteration: 362 bestvalit: 0.000888 bestmemit:    3.814871    7.170963    1.000000    0.000000    0.000000
Iteration: 363 bestvalit: 0.000888 bestmemit:    3.814871    7.170963    1.000000    0.000000    0.000000
Iteration: 364 bestvalit: 0.000888 bestmemit:    3.814871    7.170963    1.000000    0.000000    0.000000
Iteration: 365 bestvalit: 0.000888 bestmemit:    3.814871    7.170963    1.000000    0.000000    0.000000
Iteration: 366 bestvalit: 0.000888 bestmemit:    3.814842    7.170982    1.000000    0.000000    0.000000
Iteration: 367 bestvalit: 0.000888 bestmemit:    3.814842    7.170982    1.000000    0.000000    0.000000
Iteration: 368 bestvalit: 0.000888 bestmemit:    3.814842    7.170982    1.000000    0.000000    0.000000
Iteration: 369 bestvalit: 0.000888 bestmemit:    3.814842    7.170982    1.000000    0.000000    0.000000
Iteration: 370 bestvalit: 0.000888 bestmemit:    3.814842    7.170982    1.000000    0.000000    0.000000
Iteration: 371 bestvalit: 0.000888 bestmemit:    3.814862    7.170975    1.000000    0.000000    0.000000

***** summary of DEoptim object ***** 
best member   :  3.81486 7.17098 1 0 0 
best value    :  0.00089 
after         :  371 generations 
fn evaluated  :  744 times 
*************************************
