SLURM_JOB_ID: 55402992
SLURM_JOB_USER: vsc34066
SLURM_JOB_ACCOUNT: lp_desenderlab
SLURM_JOB_NAME: par_recov_alternating_fb_sim_alpha_learn.slurm
SLURM_CLUSTER_NAME: genius
SLURM_JOB_PARTITION: batch
SLURM_ARRAY_JOB_ID: 55402977
SLURM_ARRAY_TASK_ID: 15
SLURM_NNODES: 1
SLURM_NODELIST: r22i27n12
SLURM_JOB_CPUS_PER_NODE: 8
Date: Sun Dec  3 23:43:53 CET 2023
Walltime: 01-06:00:00
========================================================================
Iteration: 1 bestvalit: 0.052392 bestmemit:   28.704794  -52.296303    1.000000  852.252080  211.692927
Iteration: 2 bestvalit: 0.052392 bestmemit:   28.704794  -52.296303    1.000000  852.252080  211.692927
Iteration: 3 bestvalit: 0.052392 bestmemit:   28.704794  -52.296303    1.000000  852.252080  211.692927
Iteration: 4 bestvalit: 0.052392 bestmemit:   28.704794  -52.296303    1.000000  852.252080  211.692927
Iteration: 5 bestvalit: 0.046897 bestmemit:   33.914866  -63.959726    1.000000  474.285395  282.382228
Iteration: 6 bestvalit: 0.046452 bestmemit:   33.914866  -38.475934    1.000000  474.285395  282.382228
Iteration: 7 bestvalit: 0.046452 bestmemit:   33.914866  -38.475934    1.000000  474.285395  282.382228
Iteration: 8 bestvalit: 0.046452 bestmemit:   33.914866  -38.475934    1.000000  474.285395  282.382228
Iteration: 9 bestvalit: 0.046452 bestmemit:   33.914866  -38.475934    1.000000  474.285395  282.382228
Iteration: 10 bestvalit: 0.046452 bestmemit:   33.914866  -38.475934    1.000000  474.285395  282.382228
Iteration: 11 bestvalit: 0.029571 bestmemit:   44.445364   73.570625    1.000000  143.418111  270.997009
Iteration: 12 bestvalit: 0.029571 bestmemit:   44.445364   73.570625    1.000000  143.418111  270.997009
Iteration: 13 bestvalit: 0.029571 bestmemit:   44.445364   73.570625    1.000000  143.418111  270.997009
Iteration: 14 bestvalit: 0.029571 bestmemit:   44.445364   73.570625    1.000000  143.418111  270.997009
Iteration: 15 bestvalit: 0.027870 bestmemit:    5.617185   -7.132328    1.000000   37.727000  451.426796
Iteration: 16 bestvalit: 0.027870 bestmemit:    5.617185   -7.132328    1.000000   37.727000  451.426796
Iteration: 17 bestvalit: 0.027785 bestmemit:    5.617185    0.800203    1.000000   37.727000  451.426796
Iteration: 18 bestvalit: 0.025295 bestmemit:   16.588947   22.090894    1.000000   70.541798  293.158537
Iteration: 19 bestvalit: 0.025295 bestmemit:   16.588947   22.090894    1.000000   70.541798  293.158537
Iteration: 20 bestvalit: 0.017600 bestmemit:   14.212961   43.679311    1.000000   61.121389   47.483781
Iteration: 21 bestvalit: 0.017600 bestmemit:   14.212961   43.679311    1.000000   61.121389   47.483781
Iteration: 22 bestvalit: 0.017600 bestmemit:   14.212961   43.679311    1.000000   61.121389   47.483781
Iteration: 23 bestvalit: 0.017600 bestmemit:   14.212961   43.679311    1.000000   61.121389   47.483781
Iteration: 24 bestvalit: 0.017371 bestmemit:   14.950311   18.155813    1.000000  138.805004    2.166406
Iteration: 25 bestvalit: 0.017371 bestmemit:   14.950311   18.155813    1.000000  138.805004    2.166406
Iteration: 26 bestvalit: 0.016457 bestmemit:    9.389962    4.725183    1.000000   29.186189   87.264427
Iteration: 27 bestvalit: 0.015819 bestmemit:   13.135428   59.594668    1.000000    0.043003  194.651463
Iteration: 28 bestvalit: 0.015790 bestmemit:   13.135428   48.685281    1.000000    0.043003  194.651463
Iteration: 29 bestvalit: 0.015549 bestmemit:    9.959290   48.685281    1.000000    0.043003  194.651463
Iteration: 30 bestvalit: 0.015549 bestmemit:    9.959290   48.685281    1.000000    0.043003  194.651463
Iteration: 31 bestvalit: 0.015549 bestmemit:    9.959290   48.685281    1.000000    0.043003  194.651463
Iteration: 32 bestvalit: 0.015549 bestmemit:    9.959290   48.685281    1.000000    0.043003  194.651463
Iteration: 33 bestvalit: 0.015019 bestmemit:   32.668029   32.844641    1.000000   18.852007   41.209793
Iteration: 34 bestvalit: 0.015019 bestmemit:   32.668029   32.844641    1.000000   18.852007   41.209793
Iteration: 35 bestvalit: 0.012198 bestmemit:   14.950311   15.999296    1.000000   55.615109    2.166406
Iteration: 36 bestvalit: 0.012198 bestmemit:   14.950311   15.999296    1.000000   55.615109    2.166406
Iteration: 37 bestvalit: 0.012198 bestmemit:   14.950311   15.999296    1.000000   55.615109    2.166406
Iteration: 38 bestvalit: 0.012198 bestmemit:   14.950311   15.999296    1.000000   55.615109    2.166406
Iteration: 39 bestvalit: 0.012198 bestmemit:   14.950311   15.999296    1.000000   55.615109    2.166406
Iteration: 40 bestvalit: 0.012198 bestmemit:   14.950311   15.999296    1.000000   55.615109    2.166406
Iteration: 41 bestvalit: 0.012198 bestmemit:   14.950311   15.999296    1.000000   55.615109    2.166406
Iteration: 42 bestvalit: 0.012198 bestmemit:   14.950311   15.999296    1.000000   55.615109    2.166406
Iteration: 43 bestvalit: 0.012198 bestmemit:   14.950311   15.999296    1.000000   55.615109    2.166406
Iteration: 44 bestvalit: 0.012198 bestmemit:   14.950311   15.999296    1.000000   55.615109    2.166406
Iteration: 45 bestvalit: 0.008833 bestmemit:   31.436366  -17.078974    1.000000    3.708329    2.166406
Iteration: 46 bestvalit: 0.008833 bestmemit:   31.436366  -17.078974    1.000000    3.708329    2.166406
Iteration: 47 bestvalit: 0.008833 bestmemit:   31.436366  -17.078974    1.000000    3.708329    2.166406
Iteration: 48 bestvalit: 0.008833 bestmemit:   31.436366  -17.078974    1.000000    3.708329    2.166406
Iteration: 49 bestvalit: 0.008833 bestmemit:   31.436366  -17.078974    1.000000    3.708329    2.166406
Iteration: 50 bestvalit: 0.008833 bestmemit:   31.436366  -17.078974    1.000000    3.708329    2.166406
Iteration: 51 bestvalit: 0.008833 bestmemit:   31.436366  -17.078974    1.000000    3.708329    2.166406
Iteration: 52 bestvalit: 0.008833 bestmemit:   31.436366  -17.078974    1.000000    3.708329    2.166406
Iteration: 53 bestvalit: 0.008649 bestmemit:   48.669149   -8.911741    1.000000   15.051766    2.414200
Iteration: 54 bestvalit: 0.008359 bestmemit:   48.669149  -28.865840    1.000000   15.051766    2.414200
Iteration: 55 bestvalit: 0.007270 bestmemit:   42.182120  -12.473367    1.000000    7.047876    1.190659
Iteration: 56 bestvalit: 0.007270 bestmemit:   42.182120  -12.473367    1.000000    7.047876    1.190659
Iteration: 57 bestvalit: 0.007270 bestmemit:   42.182120  -12.473367    1.000000    7.047876    1.190659
Iteration: 58 bestvalit: 0.007270 bestmemit:   42.182120  -12.473367    1.000000    7.047876    1.190659
Iteration: 59 bestvalit: 0.007270 bestmemit:   42.182120  -12.473367    1.000000    7.047876    1.190659
Iteration: 60 bestvalit: 0.007270 bestmemit:   42.182120  -12.473367    1.000000    7.047876    1.190659
Iteration: 61 bestvalit: 0.007270 bestmemit:   42.182120  -12.473367    1.000000    7.047876    1.190659
Iteration: 62 bestvalit: 0.007270 bestmemit:   42.182120  -12.473367    1.000000    7.047876    1.190659
Iteration: 63 bestvalit: 0.007270 bestmemit:   42.182120  -12.473367    1.000000    7.047876    1.190659
Iteration: 64 bestvalit: 0.007270 bestmemit:   42.182120  -12.473367    1.000000    7.047876    1.190659
Iteration: 65 bestvalit: 0.007241 bestmemit:   41.349796  -12.473367    1.000000    7.047876    1.190659
Iteration: 66 bestvalit: 0.007241 bestmemit:   41.349796  -12.473367    1.000000    7.047876    1.190659
Iteration: 67 bestvalit: 0.007241 bestmemit:   41.349796  -12.473367    1.000000    7.047876    1.190659
Iteration: 68 bestvalit: 0.007241 bestmemit:   41.349796  -12.473367    1.000000    7.047876    1.190659
Iteration: 69 bestvalit: 0.007241 bestmemit:   41.349796  -12.473367    1.000000    7.047876    1.190659
Iteration: 70 bestvalit: 0.007193 bestmemit:   25.275324   -9.087540    1.000000    6.045797    1.378215
Iteration: 71 bestvalit: 0.007193 bestmemit:   25.275324   -9.087540    1.000000    6.045797    1.378215
Iteration: 72 bestvalit: 0.007193 bestmemit:   25.275324   -9.087540    1.000000    6.045797    1.378215
Iteration: 73 bestvalit: 0.007193 bestmemit:   25.275324   -9.087540    1.000000    6.045797    1.378215
Iteration: 74 bestvalit: 0.007193 bestmemit:   25.275324   -9.087540    1.000000    6.045797    1.378215
Iteration: 75 bestvalit: 0.007193 bestmemit:   25.275324   -9.087540    1.000000    6.045797    1.378215
Iteration: 76 bestvalit: 0.007193 bestmemit:   25.275324   -9.087540    1.000000    6.045797    1.378215
Iteration: 77 bestvalit: 0.007108 bestmemit:   20.808799   -3.898843    1.000000    4.315154    1.227060
Iteration: 78 bestvalit: 0.007108 bestmemit:   20.808799   -3.898843    1.000000    4.315154    1.227060
Iteration: 79 bestvalit: 0.007086 bestmemit:   30.506670   -9.893859    1.000000    3.997738    1.059223
Iteration: 80 bestvalit: 0.006995 bestmemit:   35.085189  -10.369742    1.000000    3.522602    0.522719
Iteration: 81 bestvalit: 0.006995 bestmemit:   35.085189  -10.369742    1.000000    3.522602    0.522719
Iteration: 82 bestvalit: 0.006936 bestmemit:   30.658276   -5.401907    1.000000    4.686388    0.695090
Iteration: 83 bestvalit: 0.006936 bestmemit:   30.658276   -5.401907    1.000000    4.686388    0.695090
Iteration: 84 bestvalit: 0.006808 bestmemit:   26.203231   -8.703236    1.000000    3.381776    0.707030
Iteration: 85 bestvalit: 0.006760 bestmemit:   26.203231   -5.808870    1.000000    3.381776    0.707030
Iteration: 86 bestvalit: 0.006760 bestmemit:   26.203231   -5.808870    1.000000    3.381776    0.707030
Iteration: 87 bestvalit: 0.006760 bestmemit:   26.203231   -5.808870    1.000000    3.381776    0.707030
Iteration: 88 bestvalit: 0.006760 bestmemit:   26.203231   -5.808870    1.000000    3.381776    0.707030
Iteration: 89 bestvalit: 0.006760 bestmemit:   26.203231   -5.808870    1.000000    3.381776    0.707030
Iteration: 90 bestvalit: 0.006760 bestmemit:   26.203231   -5.808870    1.000000    3.381776    0.707030
Iteration: 91 bestvalit: 0.006760 bestmemit:   26.203231   -5.808870    1.000000    3.381776    0.707030
Iteration: 92 bestvalit: 0.006747 bestmemit:   27.158885   -5.928524    1.000000    3.781314    0.629293
Iteration: 93 bestvalit: 0.006611 bestmemit:   18.818237    0.983996    1.000000    1.323250    0.141671
Iteration: 94 bestvalit: 0.006611 bestmemit:   18.818237    0.983996    1.000000    1.323250    0.141671
Iteration: 95 bestvalit: 0.006611 bestmemit:   18.818237    0.983996    1.000000    1.323250    0.141671
Iteration: 96 bestvalit: 0.006611 bestmemit:   18.818237    0.983996    1.000000    1.323250    0.141671
Iteration: 97 bestvalit: 0.006611 bestmemit:   18.818237    0.983996    1.000000    1.323250    0.141671
Iteration: 98 bestvalit: 0.006611 bestmemit:   18.818237    0.983996    1.000000    1.323250    0.141671
Iteration: 99 bestvalit: 0.006611 bestmemit:   18.818237    0.983996    1.000000    1.323250    0.141671
Iteration: 100 bestvalit: 0.006610 bestmemit:   16.816359   -0.951592    1.000000    0.535026    0.291199
Iteration: 101 bestvalit: 0.006595 bestmemit:   20.536381   -2.199020    1.000000    1.515709    0.342472
Iteration: 102 bestvalit: 0.006595 bestmemit:   20.536381   -2.199020    1.000000    1.515709    0.342472
Iteration: 103 bestvalit: 0.006595 bestmemit:   20.536381   -2.199020    1.000000    1.515709    0.342472
Iteration: 104 bestvalit: 0.006595 bestmemit:   20.536381   -2.199020    1.000000    1.515709    0.342472
Iteration: 105 bestvalit: 0.006595 bestmemit:   20.536381   -2.199020    1.000000    1.515709    0.342472
Iteration: 106 bestvalit: 0.006595 bestmemit:   20.536381   -2.199020    1.000000    1.515709    0.342472
Iteration: 107 bestvalit: 0.006595 bestmemit:   20.536381   -2.199020    1.000000    1.515709    0.342472
Iteration: 108 bestvalit: 0.006595 bestmemit:   20.536381   -2.199020    1.000000    1.515709    0.342472
Iteration: 109 bestvalit: 0.006595 bestmemit:   20.536381   -2.199020    1.000000    1.515709    0.342472
Iteration: 110 bestvalit: 0.006595 bestmemit:   20.536381   -2.199020    1.000000    1.515709    0.342472
Iteration: 111 bestvalit: 0.006595 bestmemit:   20.536381   -2.199020    1.000000    1.515709    0.342472
Iteration: 112 bestvalit: 0.006579 bestmemit:   19.102153    0.565215    1.000000    1.013696    0.054851
Iteration: 113 bestvalit: 0.006579 bestmemit:   19.102153    0.565215    1.000000    1.013696    0.054851
Iteration: 114 bestvalit: 0.006579 bestmemit:   19.102153    0.565215    1.000000    1.013696    0.054851
Iteration: 115 bestvalit: 0.006579 bestmemit:   19.102153    0.565215    1.000000    1.013696    0.054851
Iteration: 116 bestvalit: 0.006579 bestmemit:   19.102153    0.565215    1.000000    1.013696    0.054851
Iteration: 117 bestvalit: 0.006579 bestmemit:   19.102153    0.565215    1.000000    1.013696    0.054851
Iteration: 118 bestvalit: 0.006579 bestmemit:   19.102153    0.565215    1.000000    1.013696    0.054851
Iteration: 119 bestvalit: 0.006548 bestmemit:   17.088197    1.261460    1.000000    0.517813    0.054851
Iteration: 120 bestvalit: 0.006548 bestmemit:   17.088197    1.261460    1.000000    0.517813    0.054851
Iteration: 121 bestvalit: 0.006548 bestmemit:   17.088197    1.261460    1.000000    0.517813    0.054851
Iteration: 122 bestvalit: 0.006548 bestmemit:   17.088197    1.261460    1.000000    0.517813    0.054851
Iteration: 123 bestvalit: 0.006548 bestmemit:   17.088197    1.261460    1.000000    0.517813    0.054851
Iteration: 124 bestvalit: 0.006548 bestmemit:   17.088197    1.261460    1.000000    0.517813    0.054851
Iteration: 125 bestvalit: 0.006548 bestmemit:   17.088197    1.261460    1.000000    0.517813    0.054851
Iteration: 126 bestvalit: 0.006548 bestmemit:   17.088197    1.261460    1.000000    0.517813    0.054851
Iteration: 127 bestvalit: 0.006548 bestmemit:   17.088197    1.261460    1.000000    0.517813    0.054851
Iteration: 128 bestvalit: 0.006548 bestmemit:   17.088197    1.261460    1.000000    0.517813    0.054851
Iteration: 129 bestvalit: 0.006548 bestmemit:   17.088197    1.261460    1.000000    0.517813    0.054851
Iteration: 130 bestvalit: 0.006548 bestmemit:   17.088197    1.261460    1.000000    0.517813    0.054851
Iteration: 131 bestvalit: 0.006548 bestmemit:   17.088197    1.261460    1.000000    0.517813    0.054851
Iteration: 132 bestvalit: 0.006548 bestmemit:   17.088197    1.261460    1.000000    0.517813    0.054851
Iteration: 133 bestvalit: 0.006548 bestmemit:   17.088197    1.261460    1.000000    0.517813    0.054851
Iteration: 134 bestvalit: 0.006548 bestmemit:   17.088197    1.261460    1.000000    0.517813    0.054851
Iteration: 135 bestvalit: 0.006548 bestmemit:   17.088197    1.261460    1.000000    0.517813    0.054851
Iteration: 136 bestvalit: 0.006548 bestmemit:   17.088197    1.261460    1.000000    0.517813    0.054851
Iteration: 137 bestvalit: 0.006548 bestmemit:   17.088197    1.299801    1.000000    0.632736    0.054851
Iteration: 138 bestvalit: 0.006548 bestmemit:   17.088197    1.299801    1.000000    0.632736    0.054851
Iteration: 139 bestvalit: 0.006548 bestmemit:   17.088197    1.299801    1.000000    0.632736    0.054851
Iteration: 140 bestvalit: 0.006548 bestmemit:   17.088197    1.299801    1.000000    0.632736    0.054851
Iteration: 141 bestvalit: 0.006548 bestmemit:   17.088197    1.299801    1.000000    0.632736    0.054851
Iteration: 142 bestvalit: 0.006547 bestmemit:   18.063847    0.447097    1.000000    0.629487    0.069876
Iteration: 143 bestvalit: 0.006547 bestmemit:   18.063847    0.447097    1.000000    0.658682    0.069876
Iteration: 144 bestvalit: 0.006544 bestmemit:   17.551083    0.393431    1.000000    0.231344    0.018474
Iteration: 145 bestvalit: 0.006544 bestmemit:   17.551083    0.393431    1.000000    0.231344    0.018474
Iteration: 146 bestvalit: 0.006544 bestmemit:   17.551083    0.393431    1.000000    0.231344    0.018474
Iteration: 147 bestvalit: 0.006544 bestmemit:   17.551083    0.393431    1.000000    0.231344    0.018474
Iteration: 148 bestvalit: 0.006544 bestmemit:   17.551083    0.393431    1.000000    0.231344    0.018474
Iteration: 149 bestvalit: 0.006544 bestmemit:   17.329599    0.748362    1.000000    0.674825    0.070124
Iteration: 150 bestvalit: 0.006544 bestmemit:   17.329599    0.748362    1.000000    0.674825    0.070124
Iteration: 151 bestvalit: 0.006544 bestmemit:   17.329599    0.748362    1.000000    0.674825    0.070124
Iteration: 152 bestvalit: 0.006544 bestmemit:   17.329599    0.748362    1.000000    0.674825    0.070124
Iteration: 153 bestvalit: 0.006544 bestmemit:   17.329599    0.748362    1.000000    0.674825    0.070124
Iteration: 154 bestvalit: 0.006544 bestmemit:   17.329599    0.748362    1.000000    0.674825    0.070124
Iteration: 155 bestvalit: 0.006544 bestmemit:   17.329599    0.748362    1.000000    0.674825    0.070124
Iteration: 156 bestvalit: 0.006544 bestmemit:   17.329599    0.748362    1.000000    0.674825    0.070124
Iteration: 157 bestvalit: 0.006544 bestmemit:   17.329599    0.748362    1.000000    0.674825    0.070124
Iteration: 158 bestvalit: 0.006540 bestmemit:   17.329599    0.748362    1.000000    0.548483    0.070124
Iteration: 159 bestvalit: 0.006540 bestmemit:   17.329599    0.748362    1.000000    0.548483    0.070124
Iteration: 160 bestvalit: 0.006540 bestmemit:   17.329599    0.748362    1.000000    0.548483    0.070124
Iteration: 161 bestvalit: 0.006540 bestmemit:   17.329599    0.748362    1.000000    0.548483    0.070124
Iteration: 162 bestvalit: 0.006540 bestmemit:   17.329599    0.748362    1.000000    0.548483    0.070124
Iteration: 163 bestvalit: 0.006540 bestmemit:   17.329599    0.748362    1.000000    0.548483    0.070124
Iteration: 164 bestvalit: 0.006540 bestmemit:   17.329599    0.748362    1.000000    0.548483    0.070124
Iteration: 165 bestvalit: 0.006540 bestmemit:   17.329599    0.748362    1.000000    0.548483    0.070124
Iteration: 166 bestvalit: 0.006540 bestmemit:   17.329599    0.748362    1.000000    0.548483    0.070124
Iteration: 167 bestvalit: 0.006540 bestmemit:   17.032479    0.688128    1.000000    0.566096    0.081886
Iteration: 168 bestvalit: 0.006539 bestmemit:   17.329599    0.748362    1.000000    0.349400    0.038412
Iteration: 169 bestvalit: 0.006539 bestmemit:   17.329599    0.748362    1.000000    0.349400    0.038412
Iteration: 170 bestvalit: 0.006539 bestmemit:   17.329599    0.748362    1.000000    0.349400    0.038412
Iteration: 171 bestvalit: 0.006539 bestmemit:   17.329599    0.748362    1.000000    0.349400    0.038412
Iteration: 172 bestvalit: 0.006538 bestmemit:   17.298823    0.655809    1.000000    0.349400    0.038412
Iteration: 173 bestvalit: 0.006538 bestmemit:   17.298823    0.655809    1.000000    0.349400    0.038412
Iteration: 174 bestvalit: 0.006538 bestmemit:   17.138632    0.751976    1.000000    0.473469    0.066652
Iteration: 175 bestvalit: 0.006538 bestmemit:   17.138632    0.751976    1.000000    0.473469    0.066652
Iteration: 176 bestvalit: 0.006538 bestmemit:   17.138632    0.751976    1.000000    0.473469    0.066652
Iteration: 177 bestvalit: 0.006535 bestmemit:   16.533432    1.165459    1.000000    0.315003    0.028567
Iteration: 178 bestvalit: 0.006535 bestmemit:   16.533432    1.165459    1.000000    0.315003    0.028567
Iteration: 179 bestvalit: 0.006535 bestmemit:   16.533432    1.165459    1.000000    0.315003    0.028567
Iteration: 180 bestvalit: 0.006535 bestmemit:   16.463080    1.387402    1.000000    0.257197    0.005510
Iteration: 181 bestvalit: 0.006534 bestmemit:   16.466072    1.326304    1.000000    0.228207    0.002032
Iteration: 182 bestvalit: 0.006534 bestmemit:   16.518770    1.197143    1.000000    0.246231    0.023420
Iteration: 183 bestvalit: 0.006534 bestmemit:   16.518770    1.197143    1.000000    0.246231    0.023420
Iteration: 184 bestvalit: 0.006534 bestmemit:   16.518770    1.197143    1.000000    0.246231    0.023420
Iteration: 185 bestvalit: 0.006534 bestmemit:   16.518770    1.197143    1.000000    0.246231    0.023420
Iteration: 186 bestvalit: 0.006534 bestmemit:   16.518770    1.197143    1.000000    0.246231    0.023420
Iteration: 187 bestvalit: 0.006534 bestmemit:   16.518770    1.197143    1.000000    0.246231    0.023420
Iteration: 188 bestvalit: 0.006534 bestmemit:   16.027900    1.529272    1.000000    0.089648    0.006268
Iteration: 189 bestvalit: 0.006534 bestmemit:   16.027900    1.529272    1.000000    0.089648    0.006268
Iteration: 190 bestvalit: 0.006534 bestmemit:   16.027900    1.529272    1.000000    0.089648    0.006268
Iteration: 191 bestvalit: 0.006534 bestmemit:   16.027900    1.529272    1.000000    0.089648    0.006268
Iteration: 192 bestvalit: 0.006534 bestmemit:   16.027900    1.529272    1.000000    0.089648    0.006268
Iteration: 193 bestvalit: 0.006534 bestmemit:   16.027900    1.529272    1.000000    0.089648    0.006268
Iteration: 194 bestvalit: 0.006534 bestmemit:   16.027900    1.529272    1.000000    0.089648    0.006268
Iteration: 195 bestvalit: 0.006534 bestmemit:   16.027900    1.529272    1.000000    0.089648    0.006268
Iteration: 196 bestvalit: 0.006534 bestmemit:   16.027900    1.529272    1.000000    0.089648    0.006268
Iteration: 197 bestvalit: 0.006534 bestmemit:   16.027900    1.529272    1.000000    0.089648    0.006268
Iteration: 198 bestvalit: 0.006533 bestmemit:   16.361656    1.251576    1.000000    0.089648    0.006268
Iteration: 199 bestvalit: 0.006533 bestmemit:   16.361656    1.251576    1.000000    0.089648    0.006268
Iteration: 200 bestvalit: 0.006533 bestmemit:   16.361656    1.251576    1.000000    0.089648    0.006268
Iteration: 201 bestvalit: 0.006533 bestmemit:   16.361656    1.251576    1.000000    0.089648    0.006268
Iteration: 202 bestvalit: 0.006533 bestmemit:   16.361656    1.251576    1.000000    0.089648    0.006268
Iteration: 203 bestvalit: 0.006533 bestmemit:   16.361656    1.251576    1.000000    0.089648    0.006268
Iteration: 204 bestvalit: 0.006533 bestmemit:   16.269370    1.313441    1.000000    0.111167    0.007391
Iteration: 205 bestvalit: 0.006533 bestmemit:   16.269370    1.313441    1.000000    0.111167    0.007391
Iteration: 206 bestvalit: 0.006533 bestmemit:   16.269370    1.313441    1.000000    0.111167    0.007391
Iteration: 207 bestvalit: 0.006533 bestmemit:   16.269370    1.313441    1.000000    0.111167    0.007391
Iteration: 208 bestvalit: 0.006533 bestmemit:   16.269370    1.313441    1.000000    0.111167    0.007391
Iteration: 209 bestvalit: 0.006533 bestmemit:   16.269370    1.313441    1.000000    0.111167    0.007391
Iteration: 210 bestvalit: 0.006533 bestmemit:   16.269370    1.313441    1.000000    0.111167    0.007391
Iteration: 211 bestvalit: 0.006533 bestmemit:   16.269370    1.313441    1.000000    0.111167    0.007391
Iteration: 212 bestvalit: 0.006533 bestmemit:   16.269370    1.313441    1.000000    0.111167    0.007391
Iteration: 213 bestvalit: 0.006533 bestmemit:   16.269370    1.313441    1.000000    0.111167    0.007391
Iteration: 214 bestvalit: 0.006533 bestmemit:   16.269370    1.313441    1.000000    0.111167    0.007391
Iteration: 215 bestvalit: 0.006533 bestmemit:   16.269370    1.313441    1.000000    0.111167    0.007391
Iteration: 216 bestvalit: 0.006533 bestmemit:   16.269370    1.313441    1.000000    0.111167    0.007391
Iteration: 217 bestvalit: 0.006533 bestmemit:   16.269370    1.313441    1.000000    0.111167    0.007391
Iteration: 218 bestvalit: 0.006533 bestmemit:   16.269370    1.313441    1.000000    0.111167    0.007391
Iteration: 219 bestvalit: 0.006533 bestmemit:   16.269370    1.313441    1.000000    0.111167    0.007391
Iteration: 220 bestvalit: 0.006533 bestmemit:   16.269370    1.313441    1.000000    0.111167    0.007391
Iteration: 221 bestvalit: 0.006533 bestmemit:   16.066121    1.464996    1.000000    0.092531    0.005374
Iteration: 222 bestvalit: 0.006533 bestmemit:   16.269370    1.313441    1.000000    0.111167    0.000325
Iteration: 223 bestvalit: 0.006533 bestmemit:   16.269370    1.313441    1.000000    0.111167    0.000325
Iteration: 224 bestvalit: 0.006533 bestmemit:   16.269370    1.313441    1.000000    0.111167    0.000325
Iteration: 225 bestvalit: 0.006533 bestmemit:   16.269370    1.313441    1.000000    0.078044    0.000325
Iteration: 226 bestvalit: 0.006533 bestmemit:   16.269370    1.313441    1.000000    0.078044    0.000325
Iteration: 227 bestvalit: 0.006533 bestmemit:   16.269370    1.313441    1.000000    0.078044    0.000325
Iteration: 228 bestvalit: 0.006533 bestmemit:   16.269370    1.313441    1.000000    0.078044    0.000325
Iteration: 229 bestvalit: 0.006533 bestmemit:   16.269370    1.313441    1.000000    0.078044    0.000325
Iteration: 230 bestvalit: 0.006533 bestmemit:   16.269370    1.313441    1.000000    0.078044    0.000325
Iteration: 231 bestvalit: 0.006533 bestmemit:   16.269370    1.313441    1.000000    0.078044    0.000325
Iteration: 232 bestvalit: 0.006533 bestmemit:   16.269370    1.313441    1.000000    0.078044    0.000325
Iteration: 233 bestvalit: 0.006533 bestmemit:   16.269370    1.313441    1.000000    0.078044    0.000325
Iteration: 234 bestvalit: 0.006533 bestmemit:   16.269370    1.313441    1.000000    0.078044    0.000325
Iteration: 235 bestvalit: 0.006533 bestmemit:   16.269370    1.313441    1.000000    0.078044    0.000325
Iteration: 236 bestvalit: 0.006533 bestmemit:   16.269370    1.313441    1.000000    0.081714    0.000325
Iteration: 237 bestvalit: 0.006533 bestmemit:   16.269370    1.313441    1.000000    0.081714    0.000325
Iteration: 238 bestvalit: 0.006533 bestmemit:   16.100332    1.385651    1.000000    0.084729    0.003805
Iteration: 239 bestvalit: 0.006533 bestmemit:   16.100332    1.385651    1.000000    0.084729    0.003805
Iteration: 240 bestvalit: 0.006533 bestmemit:   16.100332    1.385651    1.000000    0.084729    0.003805
Iteration: 241 bestvalit: 0.006533 bestmemit:   16.228557    1.353158    1.000000    0.102403    0.001081
Iteration: 242 bestvalit: 0.006533 bestmemit:   16.228557    1.353158    1.000000    0.102403    0.001081
Iteration: 243 bestvalit: 0.006533 bestmemit:   16.228557    1.353158    1.000000    0.102403    0.001081
Iteration: 244 bestvalit: 0.006533 bestmemit:   16.228557    1.353158    1.000000    0.102403    0.001081
Iteration: 245 bestvalit: 0.006533 bestmemit:   16.112343    1.409427    1.000000    0.097815    0.000413
Iteration: 246 bestvalit: 0.006533 bestmemit:   16.112343    1.409427    1.000000    0.097815    0.000413
Iteration: 247 bestvalit: 0.006533 bestmemit:   16.112343    1.409427    1.000000    0.097815    0.000413
Iteration: 248 bestvalit: 0.006533 bestmemit:   16.112343    1.409427    1.000000    0.097815    0.000413
Iteration: 249 bestvalit: 0.006533 bestmemit:   16.112343    1.442313    1.000000    0.097815    0.000413
Iteration: 250 bestvalit: 0.006533 bestmemit:   16.112343    1.442313    1.000000    0.097815    0.000413
Iteration: 251 bestvalit: 0.006533 bestmemit:   16.112343    1.442313    1.000000    0.097815    0.000413
Iteration: 252 bestvalit: 0.006533 bestmemit:   16.112343    1.442313    1.000000    0.097815    0.000413
Iteration: 253 bestvalit: 0.006533 bestmemit:   16.112343    1.442313    1.000000    0.097815    0.000413
Iteration: 254 bestvalit: 0.006533 bestmemit:   16.112343    1.442313    1.000000    0.097815    0.000413
Iteration: 255 bestvalit: 0.006533 bestmemit:   16.112343    1.442313    1.000000    0.097815    0.000413
Iteration: 256 bestvalit: 0.006533 bestmemit:   16.030617    1.474113    1.000000    0.084228    0.000052
Iteration: 257 bestvalit: 0.006533 bestmemit:   16.030617    1.474113    1.000000    0.084228    0.000052
Iteration: 258 bestvalit: 0.006533 bestmemit:   16.030617    1.474113    1.000000    0.084228    0.000052
Iteration: 259 bestvalit: 0.006533 bestmemit:   16.030617    1.474113    1.000000    0.084228    0.000052
Iteration: 260 bestvalit: 0.006533 bestmemit:   16.030617    1.474113    1.000000    0.084228    0.000052
Iteration: 261 bestvalit: 0.006533 bestmemit:   16.030617    1.474113    1.000000    0.084228    0.000052
Iteration: 262 bestvalit: 0.006533 bestmemit:   16.030617    1.474113    1.000000    0.084228    0.000052
Iteration: 263 bestvalit: 0.006533 bestmemit:   16.030617    1.474113    1.000000    0.084228    0.000052
Iteration: 264 bestvalit: 0.006533 bestmemit:   16.119729    1.403373    1.000000    0.084540    0.000238
Iteration: 265 bestvalit: 0.006533 bestmemit:   16.119729    1.403373    1.000000    0.084540    0.000238
Iteration: 266 bestvalit: 0.006533 bestmemit:   16.119729    1.403373    1.000000    0.084540    0.000238
Iteration: 267 bestvalit: 0.006533 bestmemit:   16.119729    1.403373    1.000000    0.084540    0.000238
Iteration: 268 bestvalit: 0.006533 bestmemit:   16.119729    1.403373    1.000000    0.084540    0.000238
Iteration: 269 bestvalit: 0.006533 bestmemit:   16.119729    1.403373    1.000000    0.084540    0.000238
Iteration: 270 bestvalit: 0.006533 bestmemit:   16.106092    1.417318    1.000000    0.079599    0.000247
Iteration: 271 bestvalit: 0.006533 bestmemit:   16.106092    1.417318    1.000000    0.079599    0.000247
Iteration: 272 bestvalit: 0.006533 bestmemit:   16.086216    1.426832    1.000000    0.077047    0.000056
Iteration: 273 bestvalit: 0.006533 bestmemit:   16.086216    1.426832    1.000000    0.077047    0.000056
Iteration: 274 bestvalit: 0.006533 bestmemit:   16.086216    1.426832    1.000000    0.077047    0.000056
Iteration: 275 bestvalit: 0.006533 bestmemit:   16.086216    1.426832    1.000000    0.077047    0.000056
Iteration: 276 bestvalit: 0.006533 bestmemit:   16.086216    1.426832    1.000000    0.077047    0.000056
Iteration: 277 bestvalit: 0.006533 bestmemit:   16.086216    1.426832    1.000000    0.077047    0.000056
Iteration: 278 bestvalit: 0.006533 bestmemit:   16.086216    1.426832    1.000000    0.077047    0.000056
Iteration: 279 bestvalit: 0.006533 bestmemit:   16.086216    1.426832    1.000000    0.077047    0.000056
Iteration: 280 bestvalit: 0.006533 bestmemit:   16.086216    1.426832    1.000000    0.077047    0.000056
Iteration: 281 bestvalit: 0.006533 bestmemit:   16.086216    1.426832    1.000000    0.077047    0.000056
Iteration: 282 bestvalit: 0.006533 bestmemit:   16.086216    1.426832    1.000000    0.077047    0.000056
Iteration: 283 bestvalit: 0.006533 bestmemit:   16.086216    1.426832    1.000000    0.077047    0.000056
Iteration: 284 bestvalit: 0.006533 bestmemit:   16.086216    1.426832    1.000000    0.077047    0.000056
Iteration: 285 bestvalit: 0.006533 bestmemit:   16.086216    1.426832    1.000000    0.077047    0.000056
Iteration: 286 bestvalit: 0.006533 bestmemit:   16.086216    1.426832    1.000000    0.077047    0.000056
Iteration: 287 bestvalit: 0.006533 bestmemit:   16.086216    1.426832    1.000000    0.077047    0.000056
Iteration: 288 bestvalit: 0.006533 bestmemit:   16.086216    1.426832    1.000000    0.077047    0.000056
Iteration: 289 bestvalit: 0.006533 bestmemit:   16.086216    1.426832    1.000000    0.077047    0.000056
Iteration: 290 bestvalit: 0.006533 bestmemit:   16.086216    1.423182    1.000000    0.077047    0.000056
Iteration: 291 bestvalit: 0.006533 bestmemit:   16.086216    1.423182    1.000000    0.077047    0.000056
Iteration: 292 bestvalit: 0.006533 bestmemit:   16.086216    1.423182    1.000000    0.077047    0.000056
Iteration: 293 bestvalit: 0.006533 bestmemit:   16.073722    1.428592    1.000000    0.073721    0.000072
Iteration: 294 bestvalit: 0.006533 bestmemit:   16.073722    1.428592    1.000000    0.073721    0.000072
Iteration: 295 bestvalit: 0.006533 bestmemit:   16.073722    1.428592    1.000000    0.073721    0.000072
Iteration: 296 bestvalit: 0.006533 bestmemit:   16.073722    1.428592    1.000000    0.073721    0.000072
Iteration: 297 bestvalit: 0.006533 bestmemit:   16.070366    1.431696    1.000000    0.074889    0.000013
Iteration: 298 bestvalit: 0.006533 bestmemit:   16.070366    1.431696    1.000000    0.074889    0.000013
Iteration: 299 bestvalit: 0.006533 bestmemit:   16.070366    1.431696    1.000000    0.074889    0.000013
Iteration: 300 bestvalit: 0.006533 bestmemit:   16.070366    1.431696    1.000000    0.074889    0.000013
Iteration: 301 bestvalit: 0.006533 bestmemit:   16.070366    1.431696    1.000000    0.074889    0.000013
Iteration: 302 bestvalit: 0.006533 bestmemit:   16.070366    1.431696    1.000000    0.074889    0.000013
Iteration: 303 bestvalit: 0.006533 bestmemit:   16.070366    1.431696    1.000000    0.074889    0.000013
Iteration: 304 bestvalit: 0.006533 bestmemit:   16.070366    1.431696    1.000000    0.074889    0.000013
Iteration: 305 bestvalit: 0.006533 bestmemit:   16.070366    1.431696    1.000000    0.074889    0.000013
Iteration: 306 bestvalit: 0.006533 bestmemit:   16.070366    1.431696    1.000000    0.074889    0.000013
Iteration: 307 bestvalit: 0.006533 bestmemit:   16.070366    1.431696    1.000000    0.074889    0.000013
Iteration: 308 bestvalit: 0.006533 bestmemit:   16.070366    1.431696    1.000000    0.074889    0.000013
Iteration: 309 bestvalit: 0.006533 bestmemit:   16.070366    1.431696    1.000000    0.074889    0.000013
Iteration: 310 bestvalit: 0.006533 bestmemit:   16.070366    1.431696    1.000000    0.074889    0.000013
Iteration: 311 bestvalit: 0.006533 bestmemit:   16.070366    1.431696    1.000000    0.074889    0.000013
Iteration: 312 bestvalit: 0.006533 bestmemit:   16.070366    1.431696    1.000000    0.074889    0.000013
Iteration: 313 bestvalit: 0.006533 bestmemit:   16.070366    1.431696    1.000000    0.074889    0.000013
Iteration: 314 bestvalit: 0.006533 bestmemit:   16.070366    1.431696    1.000000    0.074889    0.000013
Iteration: 315 bestvalit: 0.006533 bestmemit:   16.066591    1.434181    1.000000    0.074356    0.000000
Iteration: 316 bestvalit: 0.006533 bestmemit:   16.066591    1.434181    1.000000    0.074356    0.000000
Iteration: 317 bestvalit: 0.006533 bestmemit:   16.066591    1.434181    1.000000    0.074356    0.000000
Iteration: 318 bestvalit: 0.006533 bestmemit:   16.066591    1.434181    1.000000    0.074356    0.000000
Iteration: 319 bestvalit: 0.006533 bestmemit:   16.066591    1.434181    1.000000    0.074356    0.000000
Iteration: 320 bestvalit: 0.006533 bestmemit:   16.066591    1.434181    1.000000    0.074356    0.000000
Iteration: 321 bestvalit: 0.006533 bestmemit:   16.066591    1.434181    1.000000    0.074356    0.000000
Iteration: 322 bestvalit: 0.006533 bestmemit:   16.066591    1.434181    1.000000    0.074356    0.000000
Iteration: 323 bestvalit: 0.006533 bestmemit:   16.067311    1.432377    1.000000    0.073778    0.000003
Iteration: 324 bestvalit: 0.006533 bestmemit:   16.067311    1.432377    1.000000    0.073778    0.000003
Iteration: 325 bestvalit: 0.006533 bestmemit:   16.067311    1.432377    1.000000    0.073778    0.000003
Iteration: 326 bestvalit: 0.006533 bestmemit:   16.067311    1.432377    1.000000    0.073778    0.000003
Iteration: 327 bestvalit: 0.006533 bestmemit:   16.067311    1.432377    1.000000    0.073778    0.000003
Iteration: 328 bestvalit: 0.006533 bestmemit:   16.067311    1.432377    1.000000    0.073778    0.000003
Iteration: 329 bestvalit: 0.006533 bestmemit:   16.067311    1.432377    1.000000    0.073778    0.000003
Iteration: 330 bestvalit: 0.006533 bestmemit:   16.067311    1.432377    1.000000    0.073778    0.000003
Iteration: 331 bestvalit: 0.006533 bestmemit:   16.067311    1.432377    1.000000    0.073778    0.000003
Iteration: 332 bestvalit: 0.006533 bestmemit:   16.067311    1.432377    1.000000    0.073778    0.000003
Iteration: 333 bestvalit: 0.006533 bestmemit:   16.067311    1.432377    1.000000    0.073778    0.000003
Iteration: 334 bestvalit: 0.006533 bestmemit:   16.067311    1.432377    1.000000    0.073778    0.000003
Iteration: 335 bestvalit: 0.006533 bestmemit:   16.070412    1.430246    1.000000    0.074211    0.000001
Iteration: 336 bestvalit: 0.006533 bestmemit:   16.070412    1.430246    1.000000    0.074211    0.000001
Iteration: 337 bestvalit: 0.006533 bestmemit:   16.070412    1.430246    1.000000    0.074211    0.000001
Iteration: 338 bestvalit: 0.006533 bestmemit:   16.070412    1.430246    1.000000    0.074211    0.000001
Iteration: 339 bestvalit: 0.006533 bestmemit:   16.070412    1.430246    1.000000    0.074211    0.000001
Iteration: 340 bestvalit: 0.006533 bestmemit:   16.070412    1.430246    1.000000    0.074211    0.000001
Iteration: 341 bestvalit: 0.006533 bestmemit:   16.070412    1.430246    1.000000    0.074211    0.000001
Iteration: 342 bestvalit: 0.006533 bestmemit:   16.070412    1.430246    1.000000    0.074211    0.000001
Iteration: 343 bestvalit: 0.006533 bestmemit:   16.070412    1.430246    1.000000    0.074211    0.000001
Iteration: 344 bestvalit: 0.006533 bestmemit:   16.069567    1.430403    1.000000    0.073656    0.000000
Iteration: 345 bestvalit: 0.006533 bestmemit:   16.069567    1.430403    1.000000    0.073656    0.000000
Iteration: 346 bestvalit: 0.006533 bestmemit:   16.069567    1.430403    1.000000    0.073656    0.000000
Iteration: 347 bestvalit: 0.006533 bestmemit:   16.069567    1.430403    1.000000    0.073656    0.000000
Iteration: 348 bestvalit: 0.006533 bestmemit:   16.069567    1.430403    1.000000    0.073656    0.000000
Iteration: 349 bestvalit: 0.006533 bestmemit:   16.069567    1.430403    1.000000    0.073656    0.000000
Iteration: 350 bestvalit: 0.006533 bestmemit:   16.069567    1.430403    1.000000    0.073656    0.000000
Iteration: 351 bestvalit: 0.006533 bestmemit:   16.069567    1.430403    1.000000    0.073656    0.000000
Iteration: 352 bestvalit: 0.006533 bestmemit:   16.069567    1.430403    1.000000    0.073656    0.000000
Iteration: 353 bestvalit: 0.006533 bestmemit:   16.069567    1.430403    1.000000    0.073656    0.000000
Iteration: 354 bestvalit: 0.006533 bestmemit:   16.069567    1.430403    1.000000    0.073656    0.000000
Iteration: 355 bestvalit: 0.006533 bestmemit:   16.069567    1.430403    1.000000    0.073656    0.000000
Iteration: 356 bestvalit: 0.006533 bestmemit:   16.069567    1.430403    1.000000    0.073656    0.000000
Iteration: 357 bestvalit: 0.006533 bestmemit:   16.068964    1.431635    1.000000    0.074010    0.000000
Iteration: 358 bestvalit: 0.006533 bestmemit:   16.068964    1.431635    1.000000    0.074010    0.000000
Iteration: 359 bestvalit: 0.006533 bestmemit:   16.068964    1.431635    1.000000    0.074010    0.000000
Iteration: 360 bestvalit: 0.006533 bestmemit:   16.068490    1.431070    1.000000    0.073656    0.000000
Iteration: 361 bestvalit: 0.006533 bestmemit:   16.068490    1.431070    1.000000    0.073656    0.000000
Iteration: 362 bestvalit: 0.006533 bestmemit:   16.068490    1.431070    1.000000    0.073656    0.000000
Iteration: 363 bestvalit: 0.006533 bestmemit:   16.068490    1.431070    1.000000    0.073656    0.000000
Iteration: 364 bestvalit: 0.006533 bestmemit:   16.066840    1.431622    1.000000    0.073338    0.000000
Iteration: 365 bestvalit: 0.006533 bestmemit:   16.066840    1.431622    1.000000    0.073338    0.000000
Iteration: 366 bestvalit: 0.006533 bestmemit:   16.066840    1.431622    1.000000    0.073338    0.000000
Iteration: 367 bestvalit: 0.006533 bestmemit:   16.066840    1.431622    1.000000    0.073338    0.000000
Iteration: 368 bestvalit: 0.006533 bestmemit:   16.066840    1.431622    1.000000    0.073338    0.000000
Iteration: 369 bestvalit: 0.006533 bestmemit:   16.066840    1.431622    1.000000    0.073338    0.000000
Iteration: 370 bestvalit: 0.006533 bestmemit:   16.068794    1.431315    1.000000    0.074024    0.000000
Iteration: 371 bestvalit: 0.006533 bestmemit:   16.068065    1.431318    1.000000    0.073767    0.000000
Iteration: 372 bestvalit: 0.006533 bestmemit:   16.068065    1.431318    1.000000    0.073767    0.000000
Iteration: 373 bestvalit: 0.006533 bestmemit:   16.068065    1.431318    1.000000    0.073767    0.000000
Iteration: 374 bestvalit: 0.006533 bestmemit:   16.068065    1.431318    1.000000    0.073767    0.000000
Iteration: 375 bestvalit: 0.006533 bestmemit:   16.068065    1.431318    1.000000    0.073767    0.000000
Iteration: 376 bestvalit: 0.006533 bestmemit:   16.068065    1.431318    1.000000    0.073767    0.000000
Iteration: 377 bestvalit: 0.006533 bestmemit:   16.068065    1.431318    1.000000    0.073767    0.000000
Iteration: 378 bestvalit: 0.006533 bestmemit:   16.068065    1.431318    1.000000    0.073767    0.000000
Iteration: 379 bestvalit: 0.006533 bestmemit:   16.068065    1.431318    1.000000    0.073767    0.000000
Iteration: 380 bestvalit: 0.006533 bestmemit:   16.068065    1.431318    1.000000    0.073767    0.000000
Iteration: 381 bestvalit: 0.006533 bestmemit:   16.068413    1.431295    1.000000    0.073828    0.000000
Iteration: 382 bestvalit: 0.006533 bestmemit:   16.068413    1.431295    1.000000    0.073828    0.000000
Iteration: 383 bestvalit: 0.006533 bestmemit:   16.068045    1.431708    1.000000    0.073828    0.000000
Iteration: 384 bestvalit: 0.006533 bestmemit:   16.068045    1.431708    1.000000    0.073828    0.000000
Iteration: 385 bestvalit: 0.006533 bestmemit:   16.068045    1.431708    1.000000    0.073828    0.000000
Iteration: 386 bestvalit: 0.006533 bestmemit:   16.068045    1.431708    1.000000    0.073828    0.000000

***** summary of DEoptim object ***** 
best member   :  16.06804 1.43171 1 0.07383 0 
best value    :  0.00653 
after         :  386 generations 
fn evaluated  :  774 times 
*************************************
