SLURM_JOB_ID: 55403077
SLURM_JOB_USER: vsc34066
SLURM_JOB_ACCOUNT: lp_desenderlab
SLURM_JOB_NAME: par_recov_alternating_fb_sim_alpha_learn.slurm
SLURM_CLUSTER_NAME: genius
SLURM_JOB_PARTITION: batch
SLURM_ARRAY_JOB_ID: 55402977
SLURM_ARRAY_TASK_ID: 100
SLURM_NNODES: 1
SLURM_NODELIST: r22i13n08
SLURM_JOB_CPUS_PER_NODE: 8
Date: Sun Dec  3 23:44:12 CET 2023
Walltime: 01-06:00:00
========================================================================
Iteration: 1 bestvalit: 0.033635 bestmemit:   23.994364   63.442769    1.000000  325.657769  114.524083
Iteration: 2 bestvalit: 0.033635 bestmemit:   23.994364   63.442769    1.000000  325.657769  114.524083
Iteration: 3 bestvalit: 0.032827 bestmemit:   23.994364   74.967719    1.000000  325.657769  114.524083
Iteration: 4 bestvalit: 0.032827 bestmemit:   23.994364   74.967719    1.000000  325.657769  114.524083
Iteration: 5 bestvalit: 0.032827 bestmemit:   23.994364   74.967719    1.000000  325.657769  114.524083
Iteration: 6 bestvalit: 0.032827 bestmemit:   23.994364   74.967719    1.000000  325.657769  114.524083
Iteration: 7 bestvalit: 0.032508 bestmemit:   23.818956   79.805913    1.000000  325.657769  114.524083
Iteration: 8 bestvalit: 0.032508 bestmemit:   23.818956   79.805913    1.000000  325.657769  114.524083
Iteration: 9 bestvalit: 0.032508 bestmemit:   23.818956   79.805913    1.000000  325.657769  114.524083
Iteration: 10 bestvalit: 0.032508 bestmemit:   23.818956   79.805913    1.000000  325.657769  114.524083
Iteration: 11 bestvalit: 0.032508 bestmemit:   23.818956   79.805913    1.000000  325.657769  114.524083
Iteration: 12 bestvalit: 0.032508 bestmemit:   23.818956   79.805913    1.000000  325.657769  114.524083
Iteration: 13 bestvalit: 0.032508 bestmemit:   23.818956   79.805913    1.000000  325.657769  114.524083
Iteration: 14 bestvalit: 0.032508 bestmemit:   23.818956   79.805913    1.000000  325.657769  114.524083
Iteration: 15 bestvalit: 0.032508 bestmemit:   23.818956   79.805913    1.000000  325.657769  114.524083
Iteration: 16 bestvalit: 0.032508 bestmemit:   23.818956   79.805913    1.000000  325.657769  114.524083
Iteration: 17 bestvalit: 0.032508 bestmemit:   23.818956   79.805913    1.000000  325.657769  114.524083
Iteration: 18 bestvalit: 0.032508 bestmemit:   23.818956   79.805913    1.000000  325.657769  114.524083
Iteration: 19 bestvalit: 0.032508 bestmemit:   23.818956   79.805913    1.000000  325.657769  114.524083
Iteration: 20 bestvalit: 0.032508 bestmemit:   23.818956   79.805913    1.000000  325.657769  114.524083
Iteration: 21 bestvalit: 0.032508 bestmemit:   23.818956   79.805913    1.000000  325.657769  114.524083
Iteration: 22 bestvalit: 0.012258 bestmemit:   39.371868  -19.747863    1.000000    3.591051  780.894337
Iteration: 23 bestvalit: 0.012258 bestmemit:   39.371868  -19.747863    1.000000    3.591051  780.894337
Iteration: 24 bestvalit: 0.012258 bestmemit:   39.371868  -19.747863    1.000000    3.591051  780.894337
Iteration: 25 bestvalit: 0.012258 bestmemit:   39.371868  -19.747863    1.000000    3.591051  780.894337
Iteration: 26 bestvalit: 0.012258 bestmemit:   39.371868  -19.747863    1.000000    3.591051  780.894337
Iteration: 27 bestvalit: 0.012258 bestmemit:   39.371868  -19.747863    1.000000    3.591051  780.894337
Iteration: 28 bestvalit: 0.012258 bestmemit:   39.371868  -19.747863    1.000000    3.591051  780.894337
Iteration: 29 bestvalit: 0.012258 bestmemit:   39.371868  -19.747863    1.000000    3.591051  780.894337
Iteration: 30 bestvalit: 0.012258 bestmemit:   39.371868  -19.747863    1.000000    3.591051  780.894337
Iteration: 31 bestvalit: 0.012258 bestmemit:   39.371868  -19.747863    1.000000    3.591051  780.894337
Iteration: 32 bestvalit: 0.012258 bestmemit:   39.371868  -19.747863    1.000000    3.591051  780.894337
Iteration: 33 bestvalit: 0.012258 bestmemit:   39.371868  -19.747863    1.000000    3.591051  780.894337
Iteration: 34 bestvalit: 0.009980 bestmemit:   23.818956  -33.135872    1.000000    8.397835  114.524083
Iteration: 35 bestvalit: 0.009980 bestmemit:   23.818956  -33.135872    1.000000    8.397835  114.524083
Iteration: 36 bestvalit: 0.009980 bestmemit:   23.818956  -33.135872    1.000000    8.397835  114.524083
Iteration: 37 bestvalit: 0.009980 bestmemit:   23.818956  -33.135872    1.000000    8.397835  114.524083
Iteration: 38 bestvalit: 0.009980 bestmemit:   23.818956  -33.135872    1.000000    8.397835  114.524083
Iteration: 39 bestvalit: 0.008518 bestmemit:   40.391646  -33.135872    1.000000    8.397835  114.524083
Iteration: 40 bestvalit: 0.006969 bestmemit:   34.606351   11.679836    1.000000    8.397835    1.749379
Iteration: 41 bestvalit: 0.006969 bestmemit:   34.606351   11.679836    1.000000    8.397835    1.749379
Iteration: 42 bestvalit: 0.006916 bestmemit:    3.454937   21.655535    1.000000    8.397835    1.749379
Iteration: 43 bestvalit: 0.006916 bestmemit:    3.454937   21.655535    1.000000    8.397835    1.749379
Iteration: 44 bestvalit: 0.006916 bestmemit:    3.454937   21.655535    1.000000    8.397835    1.749379
Iteration: 45 bestvalit: 0.006834 bestmemit:    4.470078   21.655535    1.000000    8.397835    1.749379
Iteration: 46 bestvalit: 0.006321 bestmemit:   15.917640   21.655535    1.000000    8.397835    1.749379
Iteration: 47 bestvalit: 0.006321 bestmemit:   15.917640   21.655535    1.000000    8.397835    1.749379
Iteration: 48 bestvalit: 0.006321 bestmemit:   15.917640   21.655535    1.000000    8.397835    1.749379
Iteration: 49 bestvalit: 0.006321 bestmemit:   15.917640   21.655535    1.000000    8.397835    1.749379
Iteration: 50 bestvalit: 0.006321 bestmemit:   15.917640   21.655535    1.000000    8.397835    1.749379
Iteration: 51 bestvalit: 0.005709 bestmemit:   38.947785   21.655535    1.000000    8.397835    1.749379
Iteration: 52 bestvalit: 0.005709 bestmemit:   38.947785   21.655535    1.000000    8.397835    1.749379
Iteration: 53 bestvalit: 0.005687 bestmemit:   16.695882   45.956078    1.000000    0.493966   11.850858
Iteration: 54 bestvalit: 0.005687 bestmemit:   16.695882   45.956078    1.000000    0.493966   11.850858
Iteration: 55 bestvalit: 0.005687 bestmemit:   16.695882   45.956078    1.000000    0.493966   11.850858
Iteration: 56 bestvalit: 0.005687 bestmemit:   16.695882   45.956078    1.000000    0.493966   11.850858
Iteration: 57 bestvalit: 0.005687 bestmemit:   16.695882   45.956078    1.000000    0.493966   11.850858
Iteration: 58 bestvalit: 0.005687 bestmemit:   16.695882   45.956078    1.000000    0.493966   11.850858
Iteration: 59 bestvalit: 0.005687 bestmemit:   16.695882   45.956078    1.000000    0.493966   11.850858
Iteration: 60 bestvalit: 0.005687 bestmemit:   16.695882   45.956078    1.000000    0.493966   11.850858
Iteration: 61 bestvalit: 0.005288 bestmemit:   38.947785   21.655535    1.000000    4.005727    1.749379
Iteration: 62 bestvalit: 0.005288 bestmemit:   38.947785   21.655535    1.000000    4.005727    1.749379
Iteration: 63 bestvalit: 0.005288 bestmemit:   38.947785   21.655535    1.000000    4.005727    1.749379
Iteration: 64 bestvalit: 0.005288 bestmemit:   38.947785   21.655535    1.000000    4.005727    1.749379
Iteration: 65 bestvalit: 0.005288 bestmemit:   38.947785   21.655535    1.000000    4.005727    1.749379
Iteration: 66 bestvalit: 0.005206 bestmemit:   14.255851   14.237695    1.000000    1.319954   11.548540
Iteration: 67 bestvalit: 0.005149 bestmemit:   16.695882   28.003519    1.000000    0.493966   11.850858
Iteration: 68 bestvalit: 0.005029 bestmemit:   37.307557  -12.955766    1.000000    3.112564    4.968993
Iteration: 69 bestvalit: 0.004923 bestmemit:   16.695882   -2.390606    1.000000    0.493966   11.850858
Iteration: 70 bestvalit: 0.004923 bestmemit:   16.695882   -2.390606    1.000000    0.493966   11.850858
Iteration: 71 bestvalit: 0.004923 bestmemit:   16.695882   -2.390606    1.000000    0.493966   11.850858
Iteration: 72 bestvalit: 0.004923 bestmemit:   16.695882   -2.390606    1.000000    0.493966   11.850858
Iteration: 73 bestvalit: 0.004923 bestmemit:   16.695882   -2.390606    1.000000    0.493966   11.850858
Iteration: 74 bestvalit: 0.004923 bestmemit:   16.695882   -2.390606    1.000000    0.493966   11.850858
Iteration: 75 bestvalit: 0.004923 bestmemit:   16.695882   -2.390606    1.000000    0.493966   11.850858
Iteration: 76 bestvalit: 0.004861 bestmemit:   16.695882    0.426269    1.000000    0.493966   11.850858
Iteration: 77 bestvalit: 0.004861 bestmemit:   16.695882    0.426269    1.000000    0.493966   11.850858
Iteration: 78 bestvalit: 0.004861 bestmemit:   16.695882    0.426269    1.000000    0.493966   11.850858
Iteration: 79 bestvalit: 0.004861 bestmemit:   16.695882    0.426269    1.000000    0.493966   11.850858
Iteration: 80 bestvalit: 0.004766 bestmemit:   24.138590   12.740769    1.000000    2.225284    4.730285
Iteration: 81 bestvalit: 0.004766 bestmemit:   24.138590   12.740769    1.000000    2.225284    4.730285
Iteration: 82 bestvalit: 0.004572 bestmemit:   18.211646    8.530063    1.000000    1.484880    3.275523
Iteration: 83 bestvalit: 0.004533 bestmemit:   19.147841    3.666089    1.000000    0.923640    4.345323
Iteration: 84 bestvalit: 0.004533 bestmemit:   19.147841    3.666089    1.000000    0.923640    4.345323
Iteration: 85 bestvalit: 0.004533 bestmemit:   19.147841    3.666089    1.000000    0.923640    4.345323
Iteration: 86 bestvalit: 0.004533 bestmemit:   19.147841    3.666089    1.000000    0.923640    4.345323
Iteration: 87 bestvalit: 0.004533 bestmemit:   19.147841    3.666089    1.000000    0.923640    4.345323
Iteration: 88 bestvalit: 0.004530 bestmemit:   19.147841    3.796741    1.000000    0.923640    4.345323
Iteration: 89 bestvalit: 0.004486 bestmemit:   18.939120    9.726794    1.000000    0.775621    3.177831
Iteration: 90 bestvalit: 0.004460 bestmemit:   15.831592    9.726794    1.000000    0.775621    3.177831
Iteration: 91 bestvalit: 0.004460 bestmemit:   15.831592    9.726794    1.000000    0.775621    3.177831
Iteration: 92 bestvalit: 0.004460 bestmemit:   15.831592    9.726794    1.000000    0.775621    3.177831
Iteration: 93 bestvalit: 0.004460 bestmemit:   15.831592    9.726794    1.000000    0.775621    3.177831
Iteration: 94 bestvalit: 0.004460 bestmemit:   15.831592    9.726794    1.000000    0.775621    3.177831
Iteration: 95 bestvalit: 0.004442 bestmemit:   15.097495   14.793395    1.000000    0.576416    0.866960
Iteration: 96 bestvalit: 0.004442 bestmemit:   15.097495   14.793395    1.000000    0.576416    0.866960
Iteration: 97 bestvalit: 0.004442 bestmemit:   15.097495   14.793395    1.000000    0.576416    0.866960
Iteration: 98 bestvalit: 0.004442 bestmemit:   15.097495   14.793395    1.000000    0.576416    0.866960
Iteration: 99 bestvalit: 0.004442 bestmemit:   15.097495   14.793395    1.000000    0.576416    0.866960
Iteration: 100 bestvalit: 0.004442 bestmemit:   15.097495   14.793395    1.000000    0.576416    0.866960
Iteration: 101 bestvalit: 0.004430 bestmemit:   14.779388   12.937795    1.000000    0.493735    1.284785
Iteration: 102 bestvalit: 0.004430 bestmemit:   14.779388   12.937795    1.000000    0.493735    1.284785
Iteration: 103 bestvalit: 0.004430 bestmemit:   14.779388   12.937795    1.000000    0.493735    1.284785
Iteration: 104 bestvalit: 0.004430 bestmemit:   14.779388   12.937795    1.000000    0.493735    1.284785
Iteration: 105 bestvalit: 0.004427 bestmemit:   14.779388   12.937795    1.000000    0.437464    1.284785
Iteration: 106 bestvalit: 0.004427 bestmemit:   14.779388   12.937795    1.000000    0.437464    1.284785
Iteration: 107 bestvalit: 0.004427 bestmemit:   14.779388   12.937795    1.000000    0.437464    1.284785
Iteration: 108 bestvalit: 0.004427 bestmemit:   16.321389   11.316507    1.000000    0.598758    1.439101
Iteration: 109 bestvalit: 0.004427 bestmemit:   16.321389   11.316507    1.000000    0.598758    1.439101
Iteration: 110 bestvalit: 0.004427 bestmemit:   16.321389   11.316507    1.000000    0.598758    1.439101
Iteration: 111 bestvalit: 0.004427 bestmemit:   16.321389   11.316507    1.000000    0.598758    1.439101
Iteration: 112 bestvalit: 0.004426 bestmemit:   15.793517   12.506830    1.000000    0.598758    1.439101
Iteration: 113 bestvalit: 0.004426 bestmemit:   15.793517   12.506830    1.000000    0.598758    1.439101
Iteration: 114 bestvalit: 0.004426 bestmemit:   15.793517   12.506830    1.000000    0.598758    1.439101
Iteration: 115 bestvalit: 0.004426 bestmemit:   15.793517   12.506830    1.000000    0.598758    1.439101
Iteration: 116 bestvalit: 0.004426 bestmemit:   15.793517   12.506830    1.000000    0.598758    1.439101
Iteration: 117 bestvalit: 0.004426 bestmemit:   15.793517   12.506830    1.000000    0.598758    1.439101
Iteration: 118 bestvalit: 0.004426 bestmemit:   15.793517   12.506830    1.000000    0.598758    1.439101
Iteration: 119 bestvalit: 0.004426 bestmemit:   15.793517   12.506830    1.000000    0.598758    1.439101
Iteration: 120 bestvalit: 0.004426 bestmemit:   15.793517   12.506830    1.000000    0.598758    1.439101
Iteration: 121 bestvalit: 0.004426 bestmemit:   15.793517   12.506830    1.000000    0.598758    1.439101
Iteration: 122 bestvalit: 0.004426 bestmemit:   15.793517   12.506830    1.000000    0.598758    1.439101
Iteration: 123 bestvalit: 0.004426 bestmemit:   15.793517   12.506830    1.000000    0.598758    1.439101
Iteration: 124 bestvalit: 0.004426 bestmemit:   15.793517   12.506830    1.000000    0.598758    1.439101
Iteration: 125 bestvalit: 0.004426 bestmemit:   15.793517   12.506830    1.000000    0.598758    1.439101
Iteration: 126 bestvalit: 0.004426 bestmemit:   15.793517   12.506830    1.000000    0.598758    1.439101
Iteration: 127 bestvalit: 0.004426 bestmemit:   15.793517   12.506830    1.000000    0.598758    1.439101
Iteration: 128 bestvalit: 0.004426 bestmemit:   15.793517   12.506830    1.000000    0.598758    1.439101
Iteration: 129 bestvalit: 0.004425 bestmemit:   16.321672   11.241968    1.000000    0.605091    1.796046
Iteration: 130 bestvalit: 0.004425 bestmemit:   16.321672   11.241968    1.000000    0.605091    1.796046
Iteration: 131 bestvalit: 0.004425 bestmemit:   16.321672   11.241968    1.000000    0.605091    1.796046
Iteration: 132 bestvalit: 0.004425 bestmemit:   16.321672   11.241968    1.000000    0.605091    1.796046
Iteration: 133 bestvalit: 0.004425 bestmemit:   16.321672   11.241968    1.000000    0.605091    1.796046
Iteration: 134 bestvalit: 0.004425 bestmemit:   16.321672   11.241968    1.000000    0.605091    1.796046
Iteration: 135 bestvalit: 0.004425 bestmemit:   16.021711   11.438480    1.000000    0.576172    1.786205
Iteration: 136 bestvalit: 0.004425 bestmemit:   16.182593   11.903961    1.000000    0.533796    1.282784
Iteration: 137 bestvalit: 0.004425 bestmemit:   16.182593   11.903961    1.000000    0.533796    1.282784
Iteration: 138 bestvalit: 0.004425 bestmemit:   15.767947   12.302840    1.000000    0.518165    1.524618
Iteration: 139 bestvalit: 0.004425 bestmemit:   15.834946   12.488516    1.000000    0.545667    1.321420
Iteration: 140 bestvalit: 0.004425 bestmemit:   15.834946   12.476946    1.000000    0.545667    1.321420
Iteration: 141 bestvalit: 0.004425 bestmemit:   15.767947   12.302840    1.000000    0.518165    1.330002
Iteration: 142 bestvalit: 0.004425 bestmemit:   15.767947   12.302840    1.000000    0.518165    1.330002
Iteration: 143 bestvalit: 0.004425 bestmemit:   15.767947   12.302840    1.000000    0.518165    1.330002
Iteration: 144 bestvalit: 0.004425 bestmemit:   15.767947   12.302840    1.000000    0.518165    1.330002
Iteration: 145 bestvalit: 0.004425 bestmemit:   15.767947   12.302840    1.000000    0.518165    1.330002
Iteration: 146 bestvalit: 0.004425 bestmemit:   15.775877   12.302840    1.000000    0.518165    1.330002
Iteration: 147 bestvalit: 0.004424 bestmemit:   15.794415   11.909361    1.000000    0.517334    1.513225
Iteration: 148 bestvalit: 0.004424 bestmemit:   15.794415   11.909361    1.000000    0.517334    1.513225
Iteration: 149 bestvalit: 0.004424 bestmemit:   15.794415   11.909361    1.000000    0.517334    1.513225
Iteration: 150 bestvalit: 0.004424 bestmemit:   15.991517   11.930149    1.000000    0.565098    1.518319
Iteration: 151 bestvalit: 0.004424 bestmemit:   15.991517   11.930149    1.000000    0.565098    1.518319
Iteration: 152 bestvalit: 0.004424 bestmemit:   15.991517   11.930149    1.000000    0.565098    1.518319
Iteration: 153 bestvalit: 0.004424 bestmemit:   15.991517   11.930149    1.000000    0.565098    1.518319
Iteration: 154 bestvalit: 0.004424 bestmemit:   15.991517   11.930149    1.000000    0.565098    1.518319
Iteration: 155 bestvalit: 0.004424 bestmemit:   15.991517   11.930149    1.000000    0.565098    1.518319
Iteration: 156 bestvalit: 0.004424 bestmemit:   15.991517   11.930149    1.000000    0.565098    1.518319
Iteration: 157 bestvalit: 0.004424 bestmemit:   15.991517   11.930149    1.000000    0.565098    1.518319
Iteration: 158 bestvalit: 0.004424 bestmemit:   15.991517   11.930149    1.000000    0.565098    1.518319
Iteration: 159 bestvalit: 0.004424 bestmemit:   15.991517   11.930149    1.000000    0.565098    1.518319
Iteration: 160 bestvalit: 0.004424 bestmemit:   16.043047   11.971476    1.000000    0.565098    1.456283
Iteration: 161 bestvalit: 0.004424 bestmemit:   16.043047   11.971476    1.000000    0.565098    1.456283
Iteration: 162 bestvalit: 0.004424 bestmemit:   16.043047   11.971476    1.000000    0.565098    1.456283
Iteration: 163 bestvalit: 0.004424 bestmemit:   16.043047   11.971476    1.000000    0.565098    1.456283
Iteration: 164 bestvalit: 0.004424 bestmemit:   16.043047   11.971476    1.000000    0.565098    1.456283
Iteration: 165 bestvalit: 0.004424 bestmemit:   16.043047   11.971476    1.000000    0.565098    1.456283
Iteration: 166 bestvalit: 0.004424 bestmemit:   16.043047   11.971476    1.000000    0.562772    1.456283
Iteration: 167 bestvalit: 0.004424 bestmemit:   16.043047   11.971476    1.000000    0.562772    1.456283
Iteration: 168 bestvalit: 0.004424 bestmemit:   16.043047   11.971476    1.000000    0.562772    1.456283
Iteration: 169 bestvalit: 0.004424 bestmemit:   16.043047   11.971476    1.000000    0.562772    1.456283
Iteration: 170 bestvalit: 0.004424 bestmemit:   16.043047   11.971476    1.000000    0.562772    1.456283
Iteration: 171 bestvalit: 0.004424 bestmemit:   16.043047   11.971476    1.000000    0.562772    1.456283
Iteration: 172 bestvalit: 0.004424 bestmemit:   16.043047   11.971476    1.000000    0.562772    1.456283
Iteration: 173 bestvalit: 0.004424 bestmemit:   16.043047   11.971476    1.000000    0.562772    1.456283
Iteration: 174 bestvalit: 0.004424 bestmemit:   16.043047   11.971476    1.000000    0.562772    1.456283
Iteration: 175 bestvalit: 0.004424 bestmemit:   16.043047   11.971476    1.000000    0.562772    1.456283
Iteration: 176 bestvalit: 0.004424 bestmemit:   16.043047   11.971476    1.000000    0.562772    1.456283
Iteration: 177 bestvalit: 0.004424 bestmemit:   16.043047   11.971476    1.000000    0.562772    1.456283
Iteration: 178 bestvalit: 0.004424 bestmemit:   16.043047   11.971476    1.000000    0.562772    1.456283
Iteration: 179 bestvalit: 0.004424 bestmemit:   16.043047   11.971476    1.000000    0.562772    1.456283
Iteration: 180 bestvalit: 0.004424 bestmemit:   16.043047   11.971476    1.000000    0.562772    1.456283
Iteration: 181 bestvalit: 0.004424 bestmemit:   16.043047   11.971476    1.000000    0.562772    1.456283
Iteration: 182 bestvalit: 0.004424 bestmemit:   16.043047   11.971476    1.000000    0.562772    1.456283
Iteration: 183 bestvalit: 0.004424 bestmemit:   16.043047   11.971476    1.000000    0.562772    1.456283
Iteration: 184 bestvalit: 0.004424 bestmemit:   16.043047   11.971476    1.000000    0.562772    1.456283
Iteration: 185 bestvalit: 0.004424 bestmemit:   16.043047   11.971476    1.000000    0.562772    1.456283
Iteration: 186 bestvalit: 0.004424 bestmemit:   16.043047   11.971476    1.000000    0.562772    1.456283
Iteration: 187 bestvalit: 0.004424 bestmemit:   16.043047   11.971476    1.000000    0.562772    1.456283
Iteration: 188 bestvalit: 0.004424 bestmemit:   16.043047   11.971476    1.000000    0.562772    1.456283
Iteration: 189 bestvalit: 0.004424 bestmemit:   16.043047   11.971476    1.000000    0.562772    1.456283
Iteration: 190 bestvalit: 0.004424 bestmemit:   15.971043   12.046110    1.000000    0.552020    1.456755
Iteration: 191 bestvalit: 0.004424 bestmemit:   16.022173   12.027963    1.000000    0.553619    1.452352
Iteration: 192 bestvalit: 0.004424 bestmemit:   16.022173   12.027963    1.000000    0.553619    1.452352
Iteration: 193 bestvalit: 0.004424 bestmemit:   16.022173   12.027963    1.000000    0.553619    1.452352
Iteration: 194 bestvalit: 0.004424 bestmemit:   16.022173   12.027963    1.000000    0.553619    1.452352
Iteration: 195 bestvalit: 0.004424 bestmemit:   16.022173   12.027963    1.000000    0.553619    1.452352
Iteration: 196 bestvalit: 0.004424 bestmemit:   16.022173   12.027963    1.000000    0.553619    1.452352
Iteration: 197 bestvalit: 0.004424 bestmemit:   16.022173   12.027963    1.000000    0.553619    1.452352
Iteration: 198 bestvalit: 0.004424 bestmemit:   16.022173   12.027963    1.000000    0.553619    1.452352
Iteration: 199 bestvalit: 0.004424 bestmemit:   16.063494   11.982425    1.000000    0.557866    1.463295
Iteration: 200 bestvalit: 0.004424 bestmemit:   16.063494   11.982425    1.000000    0.557866    1.463295
Iteration: 201 bestvalit: 0.004424 bestmemit:   16.063494   11.982425    1.000000    0.557866    1.463295
Iteration: 202 bestvalit: 0.004424 bestmemit:   16.063494   11.982425    1.000000    0.557866    1.463295
Iteration: 203 bestvalit: 0.004424 bestmemit:   16.063494   11.982425    1.000000    0.557866    1.463295
Iteration: 204 bestvalit: 0.004424 bestmemit:   16.063494   11.982425    1.000000    0.557866    1.463295
Iteration: 205 bestvalit: 0.004424 bestmemit:   16.063494   11.982425    1.000000    0.557866    1.463295
Iteration: 206 bestvalit: 0.004424 bestmemit:   16.063494   11.982425    1.000000    0.557866    1.463295
Iteration: 207 bestvalit: 0.004424 bestmemit:   16.063494   11.982425    1.000000    0.557866    1.463295
Iteration: 208 bestvalit: 0.004424 bestmemit:   16.063494   11.982425    1.000000    0.557866    1.463295
Iteration: 209 bestvalit: 0.004424 bestmemit:   16.063494   11.982425    1.000000    0.557866    1.463295
Iteration: 210 bestvalit: 0.004424 bestmemit:   16.063494   11.982425    1.000000    0.557866    1.463295
Iteration: 211 bestvalit: 0.004424 bestmemit:   16.063494   11.982425    1.000000    0.557866    1.463295
Iteration: 212 bestvalit: 0.004424 bestmemit:   16.063494   11.982425    1.000000    0.557866    1.463295
Iteration: 213 bestvalit: 0.004424 bestmemit:   16.000521   12.014785    1.000000    0.551583    1.456265
Iteration: 214 bestvalit: 0.004424 bestmemit:   16.000521   12.014785    1.000000    0.551583    1.456265
Iteration: 215 bestvalit: 0.004424 bestmemit:   16.000521   12.014785    1.000000    0.551583    1.456265
Iteration: 216 bestvalit: 0.004424 bestmemit:   16.000521   12.014785    1.000000    0.551583    1.456265
Iteration: 217 bestvalit: 0.004424 bestmemit:   16.028117   11.998509    1.000000    0.552041    1.456990
Iteration: 218 bestvalit: 0.004424 bestmemit:   16.028117   11.998509    1.000000    0.552041    1.456990
Iteration: 219 bestvalit: 0.004424 bestmemit:   16.028117   11.998509    1.000000    0.552041    1.456990
Iteration: 220 bestvalit: 0.004424 bestmemit:   16.028117   11.998509    1.000000    0.552041    1.456990
Iteration: 221 bestvalit: 0.004424 bestmemit:   16.028117   11.987143    1.000000    0.552041    1.456990
Iteration: 222 bestvalit: 0.004424 bestmemit:   16.028117   11.987143    1.000000    0.552041    1.456990
Iteration: 223 bestvalit: 0.004424 bestmemit:   16.028117   11.987143    1.000000    0.552041    1.456990
Iteration: 224 bestvalit: 0.004424 bestmemit:   16.028117   11.987143    1.000000    0.552306    1.456990
Iteration: 225 bestvalit: 0.004424 bestmemit:   16.028117   11.987143    1.000000    0.552306    1.456990
Iteration: 226 bestvalit: 0.004424 bestmemit:   16.028117   11.987143    1.000000    0.552306    1.456990
Iteration: 227 bestvalit: 0.004424 bestmemit:   16.028117   11.987143    1.000000    0.552306    1.456990
Iteration: 228 bestvalit: 0.004424 bestmemit:   16.028117   11.989361    1.000000    0.552306    1.456990
Iteration: 229 bestvalit: 0.004424 bestmemit:   16.028117   11.989361    1.000000    0.552306    1.456990
Iteration: 230 bestvalit: 0.004424 bestmemit:   16.028117   11.989361    1.000000    0.552306    1.456990
Iteration: 231 bestvalit: 0.004424 bestmemit:   16.028117   11.989361    1.000000    0.552306    1.456990
Iteration: 232 bestvalit: 0.004424 bestmemit:   16.028117   11.989361    1.000000    0.552306    1.456990
Iteration: 233 bestvalit: 0.004424 bestmemit:   16.028117   11.989361    1.000000    0.552306    1.456990
Iteration: 234 bestvalit: 0.004424 bestmemit:   16.028117   11.989361    1.000000    0.552306    1.456990
Iteration: 235 bestvalit: 0.004424 bestmemit:   16.028117   11.989361    1.000000    0.552306    1.456990
Iteration: 236 bestvalit: 0.004424 bestmemit:   16.041388   11.995296    1.000000    0.556318    1.460639
Iteration: 237 bestvalit: 0.004424 bestmemit:   16.041388   11.995296    1.000000    0.556318    1.460639
Iteration: 238 bestvalit: 0.004424 bestmemit:   16.041388   11.995296    1.000000    0.556318    1.460639
Iteration: 239 bestvalit: 0.004424 bestmemit:   16.022473   11.998704    1.000000    0.553902    1.458884
Iteration: 240 bestvalit: 0.004424 bestmemit:   16.022473   11.998704    1.000000    0.553902    1.458884
Iteration: 241 bestvalit: 0.004424 bestmemit:   16.022904   11.995885    1.000000    0.553988    1.459520
Iteration: 242 bestvalit: 0.004424 bestmemit:   16.022904   11.995885    1.000000    0.553988    1.459520
Iteration: 243 bestvalit: 0.004424 bestmemit:   16.022904   11.995885    1.000000    0.553988    1.459520
Iteration: 244 bestvalit: 0.004424 bestmemit:   16.022904   11.995885    1.000000    0.553988    1.459520
Iteration: 245 bestvalit: 0.004424 bestmemit:   16.022904   11.995885    1.000000    0.553988    1.459520
Iteration: 246 bestvalit: 0.004424 bestmemit:   16.022904   11.995885    1.000000    0.553988    1.459520
Iteration: 247 bestvalit: 0.004424 bestmemit:   16.022904   11.995885    1.000000    0.553988    1.459520
Iteration: 248 bestvalit: 0.004424 bestmemit:   16.022904   11.995885    1.000000    0.553988    1.459520
Iteration: 249 bestvalit: 0.004424 bestmemit:   16.022904   11.995885    1.000000    0.553988    1.459520
Iteration: 250 bestvalit: 0.004424 bestmemit:   16.022904   11.995885    1.000000    0.553988    1.459520
Iteration: 251 bestvalit: 0.004424 bestmemit:   16.022904   11.995885    1.000000    0.553988    1.459520
Iteration: 252 bestvalit: 0.004424 bestmemit:   16.028815   11.985070    1.000000    0.554139    1.462358
Iteration: 253 bestvalit: 0.004424 bestmemit:   16.028815   11.985070    1.000000    0.554139    1.462358
Iteration: 254 bestvalit: 0.004424 bestmemit:   16.028815   11.985070    1.000000    0.554139    1.462358
Iteration: 255 bestvalit: 0.004424 bestmemit:   16.028815   11.985070    1.000000    0.554139    1.462358
Iteration: 256 bestvalit: 0.004424 bestmemit:   16.028815   11.985070    1.000000    0.554139    1.462358
Iteration: 257 bestvalit: 0.004424 bestmemit:   16.028815   11.985070    1.000000    0.554139    1.462358
Iteration: 258 bestvalit: 0.004424 bestmemit:   16.030914   11.989398    1.000000    0.554836    1.461141
Iteration: 259 bestvalit: 0.004424 bestmemit:   16.030914   11.989398    1.000000    0.554836    1.461141
Iteration: 260 bestvalit: 0.004424 bestmemit:   16.030914   11.989398    1.000000    0.554836    1.461141
Iteration: 261 bestvalit: 0.004424 bestmemit:   16.030914   11.989398    1.000000    0.554836    1.461141
Iteration: 262 bestvalit: 0.004424 bestmemit:   16.030914   11.989398    1.000000    0.554836    1.461141
Iteration: 263 bestvalit: 0.004424 bestmemit:   16.030914   11.989398    1.000000    0.554836    1.461141
Iteration: 264 bestvalit: 0.004424 bestmemit:   16.030914   11.990420    1.000000    0.554836    1.461141
Iteration: 265 bestvalit: 0.004424 bestmemit:   16.030914   11.990420    1.000000    0.554836    1.461141
Iteration: 266 bestvalit: 0.004424 bestmemit:   16.030914   11.990420    1.000000    0.554836    1.461141
Iteration: 267 bestvalit: 0.004424 bestmemit:   16.030914   11.990420    1.000000    0.554836    1.461141
Iteration: 268 bestvalit: 0.004424 bestmemit:   16.030914   11.990420    1.000000    0.554836    1.461141
Iteration: 269 bestvalit: 0.004424 bestmemit:   16.030914   11.990420    1.000000    0.554836    1.461141
Iteration: 270 bestvalit: 0.004424 bestmemit:   16.030914   11.990420    1.000000    0.554836    1.461141
Iteration: 271 bestvalit: 0.004424 bestmemit:   16.030914   11.990420    1.000000    0.554836    1.461141
Iteration: 272 bestvalit: 0.004424 bestmemit:   16.030914   11.990420    1.000000    0.554836    1.461141
Iteration: 273 bestvalit: 0.004424 bestmemit:   16.030914   11.990420    1.000000    0.554836    1.461141
Iteration: 274 bestvalit: 0.004424 bestmemit:   16.030914   11.990420    1.000000    0.554836    1.461141
Iteration: 275 bestvalit: 0.004424 bestmemit:   16.030914   11.990420    1.000000    0.554836    1.461141
Iteration: 276 bestvalit: 0.004424 bestmemit:   16.030333   11.988331    1.000000    0.554648    1.461339
Iteration: 277 bestvalit: 0.004424 bestmemit:   16.030333   11.988331    1.000000    0.554648    1.461339
Iteration: 278 bestvalit: 0.004424 bestmemit:   16.030333   11.988331    1.000000    0.554648    1.461339
Iteration: 279 bestvalit: 0.004424 bestmemit:   16.030333   11.988331    1.000000    0.554648    1.461339
Iteration: 280 bestvalit: 0.004424 bestmemit:   16.030333   11.988331    1.000000    0.554648    1.461339
Iteration: 281 bestvalit: 0.004424 bestmemit:   16.030333   11.988331    1.000000    0.554648    1.461339
Iteration: 282 bestvalit: 0.004424 bestmemit:   16.030333   11.988331    1.000000    0.554648    1.461339
Iteration: 283 bestvalit: 0.004424 bestmemit:   16.030333   11.988331    1.000000    0.554648    1.461339
Iteration: 284 bestvalit: 0.004424 bestmemit:   16.030333   11.988331    1.000000    0.554648    1.461339
Iteration: 285 bestvalit: 0.004424 bestmemit:   16.030333   11.988331    1.000000    0.554648    1.461339
Iteration: 286 bestvalit: 0.004424 bestmemit:   16.031457   11.988133    1.000000    0.554408    1.460720
Iteration: 287 bestvalit: 0.004424 bestmemit:   16.031457   11.988133    1.000000    0.554408    1.460720
Iteration: 288 bestvalit: 0.004424 bestmemit:   16.031457   11.988133    1.000000    0.554408    1.460720
Iteration: 289 bestvalit: 0.004424 bestmemit:   16.030333   11.988331    1.000000    0.554648    1.462320
Iteration: 290 bestvalit: 0.004424 bestmemit:   16.030333   11.988331    1.000000    0.554648    1.462320
Iteration: 291 bestvalit: 0.004424 bestmemit:   16.030007   11.989644    1.000000    0.554435    1.460704
Iteration: 292 bestvalit: 0.004424 bestmemit:   16.030007   11.989644    1.000000    0.554435    1.460704
Iteration: 293 bestvalit: 0.004424 bestmemit:   16.030007   11.989644    1.000000    0.554435    1.460704
Iteration: 294 bestvalit: 0.004424 bestmemit:   16.030007   11.989644    1.000000    0.554435    1.460704
Iteration: 295 bestvalit: 0.004424 bestmemit:   16.030007   11.989644    1.000000    0.554435    1.460704
Iteration: 296 bestvalit: 0.004424 bestmemit:   16.030007   11.989644    1.000000    0.554435    1.460704
Iteration: 297 bestvalit: 0.004424 bestmemit:   16.028810   11.989070    1.000000    0.554328    1.461370
Iteration: 298 bestvalit: 0.004424 bestmemit:   16.028810   11.989070    1.000000    0.554328    1.461370
Iteration: 299 bestvalit: 0.004424 bestmemit:   16.028810   11.989070    1.000000    0.554328    1.461370
Iteration: 300 bestvalit: 0.004424 bestmemit:   16.031009   11.988356    1.000000    0.554637    1.462135
Iteration: 301 bestvalit: 0.004424 bestmemit:   16.031009   11.988356    1.000000    0.554637    1.461654
Iteration: 302 bestvalit: 0.004424 bestmemit:   16.031009   11.988356    1.000000    0.554637    1.461654
Iteration: 303 bestvalit: 0.004424 bestmemit:   16.031009   11.988356    1.000000    0.554637    1.461654
Iteration: 304 bestvalit: 0.004424 bestmemit:   16.031009   11.988356    1.000000    0.554637    1.461654
Iteration: 305 bestvalit: 0.004424 bestmemit:   16.031009   11.988356    1.000000    0.554637    1.461654
Iteration: 306 bestvalit: 0.004424 bestmemit:   16.031009   11.988356    1.000000    0.554637    1.461654
Iteration: 307 bestvalit: 0.004424 bestmemit:   16.031009   11.988356    1.000000    0.554637    1.461654
Iteration: 308 bestvalit: 0.004424 bestmemit:   16.031009   11.988356    1.000000    0.554637    1.461654
Iteration: 309 bestvalit: 0.004424 bestmemit:   16.031009   11.988356    1.000000    0.554637    1.461654
Iteration: 310 bestvalit: 0.004424 bestmemit:   16.031009   11.988356    1.000000    0.554637    1.461654
Iteration: 311 bestvalit: 0.004424 bestmemit:   16.031009   11.988356    1.000000    0.554637    1.461654
Iteration: 312 bestvalit: 0.004424 bestmemit:   16.031009   11.988356    1.000000    0.554637    1.461654
Iteration: 313 bestvalit: 0.004424 bestmemit:   16.031009   11.988356    1.000000    0.554637    1.461654
Iteration: 314 bestvalit: 0.004424 bestmemit:   16.031009   11.988356    1.000000    0.554637    1.461654
Iteration: 315 bestvalit: 0.004424 bestmemit:   16.031009   11.988356    1.000000    0.554637    1.461654
Iteration: 316 bestvalit: 0.004424 bestmemit:   16.031009   11.988356    1.000000    0.554637    1.461654
Iteration: 317 bestvalit: 0.004424 bestmemit:   16.031009   11.988356    1.000000    0.554637    1.461654
Iteration: 318 bestvalit: 0.004424 bestmemit:   16.031009   11.988356    1.000000    0.554637    1.461654
Iteration: 319 bestvalit: 0.004424 bestmemit:   16.031009   11.988356    1.000000    0.554637    1.461654
Iteration: 320 bestvalit: 0.004424 bestmemit:   16.031009   11.988356    1.000000    0.554637    1.461654
Iteration: 321 bestvalit: 0.004424 bestmemit:   16.031009   11.988356    1.000000    0.554637    1.461654
Iteration: 322 bestvalit: 0.004424 bestmemit:   16.031009   11.988356    1.000000    0.554637    1.461654
Iteration: 323 bestvalit: 0.004424 bestmemit:   16.031009   11.988356    1.000000    0.554637    1.461654

***** summary of DEoptim object ***** 
best member   :  16.03101 11.98836 1 0.55464 1.46165 
best value    :  0.00442 
after         :  323 generations 
fn evaluated  :  648 times 
*************************************
