SLURM_JOB_ID: 55403061
SLURM_JOB_USER: vsc34066
SLURM_JOB_ACCOUNT: lp_desenderlab
SLURM_JOB_NAME: par_recov_alternating_fb_sim_alpha_learn.slurm
SLURM_CLUSTER_NAME: genius
SLURM_JOB_PARTITION: batch
SLURM_ARRAY_JOB_ID: 55402977
SLURM_ARRAY_TASK_ID: 84
SLURM_NNODES: 1
SLURM_NODELIST: r22i13n04
SLURM_JOB_CPUS_PER_NODE: 8
Date: Sun Dec  3 23:44:07 CET 2023
Walltime: 01-06:00:00
========================================================================
Iteration: 1 bestvalit: 0.033541 bestmemit:    5.398621  -38.482225    1.000000  376.455337  311.001833
Iteration: 2 bestvalit: 0.033541 bestmemit:    5.398621  -38.482225    1.000000  376.455337  311.001833
Iteration: 3 bestvalit: 0.027806 bestmemit:   11.819075   27.653946    1.000000  177.879618  173.045604
Iteration: 4 bestvalit: 0.027806 bestmemit:   11.819075   27.653946    1.000000  177.879618  173.045604
Iteration: 5 bestvalit: 0.027806 bestmemit:   11.819075   27.653946    1.000000  177.879618  173.045604
Iteration: 6 bestvalit: 0.027806 bestmemit:   11.819075   27.653946    1.000000  177.879618  173.045604
Iteration: 7 bestvalit: 0.027470 bestmemit:   45.897917   27.653946    1.000000  177.879618  173.045604
Iteration: 8 bestvalit: 0.027122 bestmemit:   45.897917  -73.010508    1.000000  177.879618  173.045604
Iteration: 9 bestvalit: 0.027122 bestmemit:   45.897917  -73.010508    1.000000  177.879618  173.045604
Iteration: 10 bestvalit: 0.027122 bestmemit:   45.897917  -73.010508    1.000000  177.879618  173.045604
Iteration: 11 bestvalit: 0.026694 bestmemit:    8.524647  -59.072800    1.000000   71.080385  257.144093
Iteration: 12 bestvalit: 0.026694 bestmemit:    8.524647  -59.072800    1.000000   71.080385  257.144093
Iteration: 13 bestvalit: 0.026694 bestmemit:    8.524647  -59.072800    1.000000   71.080385  257.144093
Iteration: 14 bestvalit: 0.019233 bestmemit:   48.770628   -1.023234    1.000000    2.169413  108.229816
Iteration: 15 bestvalit: 0.019233 bestmemit:   48.770628   -1.023234    1.000000    2.169413  108.229816
Iteration: 16 bestvalit: 0.019233 bestmemit:   48.770628   -1.023234    1.000000    2.169413  108.229816
Iteration: 17 bestvalit: 0.019233 bestmemit:   48.770628   -1.023234    1.000000    2.169413  108.229816
Iteration: 18 bestvalit: 0.019233 bestmemit:   48.770628   -1.023234    1.000000    2.169413  108.229816
Iteration: 19 bestvalit: 0.019233 bestmemit:   48.770628   -1.023234    1.000000    2.169413  108.229816
Iteration: 20 bestvalit: 0.019233 bestmemit:   48.770628   -1.023234    1.000000    2.169413  108.229816
Iteration: 21 bestvalit: 0.019233 bestmemit:   48.770628   -1.023234    1.000000    2.169413  108.229816
Iteration: 22 bestvalit: 0.019233 bestmemit:   48.770628   -1.023234    1.000000    2.169413  108.229816
Iteration: 23 bestvalit: 0.019120 bestmemit:   48.770628   -8.650205    1.000000    2.169413  108.229816
Iteration: 24 bestvalit: 0.019120 bestmemit:   48.770628   -8.650205    1.000000    2.169413  108.229816
Iteration: 25 bestvalit: 0.019120 bestmemit:   48.770628   -8.650205    1.000000    2.169413  108.229816
Iteration: 26 bestvalit: 0.019120 bestmemit:   48.770628   -8.650205    1.000000    2.169413  108.229816
Iteration: 27 bestvalit: 0.019120 bestmemit:   48.770628   -8.650205    1.000000    2.169413  108.229816
Iteration: 28 bestvalit: 0.019120 bestmemit:   48.770628   -8.650205    1.000000    2.169413  108.229816
Iteration: 29 bestvalit: 0.019120 bestmemit:   48.770628   -8.650205    1.000000    2.169413  108.229816
Iteration: 30 bestvalit: 0.019120 bestmemit:   48.770628   -8.650205    1.000000    2.169413  108.229816
Iteration: 31 bestvalit: 0.019120 bestmemit:   48.770628   -8.650205    1.000000    2.169413  108.229816
Iteration: 32 bestvalit: 0.019120 bestmemit:   48.770628   -8.650205    1.000000    2.169413  108.229816
Iteration: 33 bestvalit: 0.018220 bestmemit:   44.259109  -34.931944    1.000000   26.292259   13.494383
Iteration: 34 bestvalit: 0.018220 bestmemit:   44.259109  -34.931944    1.000000   26.292259   13.494383
Iteration: 35 bestvalit: 0.018220 bestmemit:   44.259109  -34.931944    1.000000   26.292259   13.494383
Iteration: 36 bestvalit: 0.018220 bestmemit:   44.259109  -34.931944    1.000000   26.292259   13.494383
Iteration: 37 bestvalit: 0.018220 bestmemit:   44.259109  -34.931944    1.000000   26.292259   13.494383
Iteration: 38 bestvalit: 0.018220 bestmemit:   44.259109  -34.931944    1.000000   26.292259   13.494383
Iteration: 39 bestvalit: 0.018220 bestmemit:   44.259109  -34.931944    1.000000   26.292259   13.494383
Iteration: 40 bestvalit: 0.018220 bestmemit:   44.259109  -34.931944    1.000000   26.292259   13.494383
Iteration: 41 bestvalit: 0.018220 bestmemit:   44.259109  -34.931944    1.000000   26.292259   13.494383
Iteration: 42 bestvalit: 0.018220 bestmemit:   44.259109  -34.931944    1.000000   26.292259   13.494383
Iteration: 43 bestvalit: 0.018220 bestmemit:   44.259109  -34.931944    1.000000   26.292259   13.494383
Iteration: 44 bestvalit: 0.018220 bestmemit:   44.259109  -34.931944    1.000000   26.292259   13.494383
Iteration: 45 bestvalit: 0.018220 bestmemit:   44.259109  -34.931944    1.000000   26.292259   13.494383
Iteration: 46 bestvalit: 0.018220 bestmemit:   44.259109  -34.931944    1.000000   26.292259   13.494383
Iteration: 47 bestvalit: 0.018220 bestmemit:   44.259109  -34.931944    1.000000   26.292259   13.494383
Iteration: 48 bestvalit: 0.017724 bestmemit:   42.991058  -30.254586    1.000000   19.585670   14.406269
Iteration: 49 bestvalit: 0.017486 bestmemit:   47.251156  -36.854299    1.000000   19.585670   14.406269
Iteration: 50 bestvalit: 0.017486 bestmemit:   47.251156  -36.854299    1.000000   19.585670   14.406269
Iteration: 51 bestvalit: 0.017486 bestmemit:   47.251156  -36.854299    1.000000   19.585670   14.406269
Iteration: 52 bestvalit: 0.016371 bestmemit:   47.434809  -18.159382    1.000000   10.108289    5.541939
Iteration: 53 bestvalit: 0.016371 bestmemit:   47.434809  -18.159382    1.000000   10.108289    5.541939
Iteration: 54 bestvalit: 0.016371 bestmemit:   47.434809  -18.159382    1.000000   10.108289    5.541939
Iteration: 55 bestvalit: 0.016371 bestmemit:   47.434809  -18.159382    1.000000   10.108289    5.541939
Iteration: 56 bestvalit: 0.016371 bestmemit:   47.434809  -18.159382    1.000000   10.108289    5.541939
Iteration: 57 bestvalit: 0.016371 bestmemit:   47.434809  -18.159382    1.000000   10.108289    5.541939
Iteration: 58 bestvalit: 0.016371 bestmemit:   47.434809  -18.159382    1.000000   10.108289    5.541939
Iteration: 59 bestvalit: 0.016371 bestmemit:   47.434809  -18.159382    1.000000   10.108289    5.541939
Iteration: 60 bestvalit: 0.016371 bestmemit:   47.434809  -18.159382    1.000000   10.108289    5.541939
Iteration: 61 bestvalit: 0.016371 bestmemit:   47.434809  -18.159382    1.000000   10.108289    5.541939
Iteration: 62 bestvalit: 0.016092 bestmemit:   44.091785   -9.037690    1.000000    7.482328    1.888383
Iteration: 63 bestvalit: 0.016092 bestmemit:   44.091785   -9.037690    1.000000    7.482328    1.888383
Iteration: 64 bestvalit: 0.016092 bestmemit:   44.091785   -9.037690    1.000000    7.482328    1.888383
Iteration: 65 bestvalit: 0.015898 bestmemit:   48.590353  -15.432174    1.000000   18.713476    2.599134
Iteration: 66 bestvalit: 0.015860 bestmemit:   48.590353  -15.432174    1.000000   17.468554    2.599134
Iteration: 67 bestvalit: 0.015824 bestmemit:   48.590353  -15.432174    1.000000   15.214930    2.599134
Iteration: 68 bestvalit: 0.015824 bestmemit:   48.590353  -15.432174    1.000000   15.214930    2.599134
Iteration: 69 bestvalit: 0.015795 bestmemit:   49.442929  -16.520802    1.000000   12.028419    2.225487
Iteration: 70 bestvalit: 0.015786 bestmemit:   49.805281  -16.485818    1.000000   13.960850    2.510952
Iteration: 71 bestvalit: 0.015786 bestmemit:   49.805281  -16.485818    1.000000   13.960850    2.510952
Iteration: 72 bestvalit: 0.015786 bestmemit:   49.805281  -16.485818    1.000000   13.960850    2.510952
Iteration: 73 bestvalit: 0.015786 bestmemit:   49.805281  -16.485818    1.000000   13.960850    2.510952
Iteration: 74 bestvalit: 0.015786 bestmemit:   49.805281  -16.485818    1.000000   13.960850    2.510952
Iteration: 75 bestvalit: 0.015786 bestmemit:   49.805281  -16.485818    1.000000   13.960850    2.510952
Iteration: 76 bestvalit: 0.015781 bestmemit:   49.805281  -18.106196    1.000000   13.960850    2.510952
Iteration: 77 bestvalit: 0.015781 bestmemit:   49.805281  -18.106196    1.000000   13.960850    2.510952
Iteration: 78 bestvalit: 0.015781 bestmemit:   49.805281  -18.106196    1.000000   13.960850    2.510952
Iteration: 79 bestvalit: 0.015781 bestmemit:   49.805281  -18.106196    1.000000   13.960850    2.510952
Iteration: 80 bestvalit: 0.015781 bestmemit:   49.805281  -18.106196    1.000000   13.960850    2.510952
Iteration: 81 bestvalit: 0.015781 bestmemit:   49.805281  -18.106196    1.000000   13.960850    2.510952
Iteration: 82 bestvalit: 0.015781 bestmemit:   49.805281  -18.106196    1.000000   13.960850    2.510952
Iteration: 83 bestvalit: 0.015781 bestmemit:   49.805281  -18.106196    1.000000   13.960850    2.510952
Iteration: 84 bestvalit: 0.015781 bestmemit:   49.805281  -18.106196    1.000000   13.960850    2.510952
Iteration: 85 bestvalit: 0.015780 bestmemit:   49.697785  -16.520802    1.000000   12.028419    1.896299
Iteration: 86 bestvalit: 0.015777 bestmemit:   49.862835  -16.520802    1.000000   12.028419    1.896299
Iteration: 87 bestvalit: 0.015777 bestmemit:   49.862835  -16.520802    1.000000   12.028419    1.896299
Iteration: 88 bestvalit: 0.015777 bestmemit:   49.862835  -16.520802    1.000000   12.028419    1.896299
Iteration: 89 bestvalit: 0.015773 bestmemit:   49.586037  -16.745707    1.000000   15.214930    2.064605
Iteration: 90 bestvalit: 0.015773 bestmemit:   49.586037  -16.745707    1.000000   15.214930    2.064605
Iteration: 91 bestvalit: 0.015773 bestmemit:   49.586037  -16.745707    1.000000   15.214930    2.064605
Iteration: 92 bestvalit: 0.015772 bestmemit:   49.962139  -17.444998    1.000000   14.932763    2.492608
Iteration: 93 bestvalit: 0.015769 bestmemit:   49.586037  -16.745707    1.000000   14.329100    2.064605
Iteration: 94 bestvalit: 0.015769 bestmemit:   49.586037  -16.745707    1.000000   14.329100    2.064605
Iteration: 95 bestvalit: 0.015769 bestmemit:   49.586037  -16.745707    1.000000   14.329100    2.064605
Iteration: 96 bestvalit: 0.015769 bestmemit:   49.586037  -16.745707    1.000000   14.329100    2.064605
Iteration: 97 bestvalit: 0.015769 bestmemit:   49.586037  -16.745707    1.000000   14.329100    2.064605
Iteration: 98 bestvalit: 0.015769 bestmemit:   49.586037  -16.745707    1.000000   14.329100    2.064605
Iteration: 99 bestvalit: 0.015769 bestmemit:   49.586037  -16.745707    1.000000   14.329100    2.064605
Iteration: 100 bestvalit: 0.015769 bestmemit:   49.586037  -16.745707    1.000000   14.329100    2.064605
Iteration: 101 bestvalit: 0.015769 bestmemit:   49.586037  -16.745707    1.000000   14.329100    2.064605
Iteration: 102 bestvalit: 0.015765 bestmemit:   49.847055  -16.745707    1.000000   14.329100    2.064605
Iteration: 103 bestvalit: 0.015765 bestmemit:   49.847055  -16.745707    1.000000   14.329100    2.064605
Iteration: 104 bestvalit: 0.015765 bestmemit:   49.847055  -16.745707    1.000000   14.329100    2.064605
Iteration: 105 bestvalit: 0.015765 bestmemit:   49.847055  -16.745707    1.000000   14.329100    2.064605
Iteration: 106 bestvalit: 0.015765 bestmemit:   49.847055  -16.745707    1.000000   14.329100    2.064605
Iteration: 107 bestvalit: 0.015765 bestmemit:   49.964118  -17.172602    1.000000   13.937520    2.172668
Iteration: 108 bestvalit: 0.015765 bestmemit:   49.964118  -17.172602    1.000000   13.937520    2.172668
Iteration: 109 bestvalit: 0.015765 bestmemit:   49.964118  -17.172602    1.000000   13.937520    2.172668
Iteration: 110 bestvalit: 0.015765 bestmemit:   49.964118  -17.172602    1.000000   13.937520    2.172668
Iteration: 111 bestvalit: 0.015765 bestmemit:   49.964118  -17.172602    1.000000   13.937520    2.172668
Iteration: 112 bestvalit: 0.015765 bestmemit:   49.964118  -17.172602    1.000000   13.937520    2.172668
Iteration: 113 bestvalit: 0.015765 bestmemit:   49.961897  -17.059602    1.000000   14.799328    2.091264
Iteration: 114 bestvalit: 0.015765 bestmemit:   49.961897  -17.059602    1.000000   14.799328    2.091264
Iteration: 115 bestvalit: 0.015765 bestmemit:   49.961897  -17.059602    1.000000   14.799328    2.091264
Iteration: 116 bestvalit: 0.015763 bestmemit:   49.991620  -16.745707    1.000000   14.329100    2.064605
Iteration: 117 bestvalit: 0.015763 bestmemit:   49.991620  -16.745707    1.000000   14.329100    2.080484
Iteration: 118 bestvalit: 0.015763 bestmemit:   49.991620  -16.745707    1.000000   14.329100    2.080484
Iteration: 119 bestvalit: 0.015763 bestmemit:   49.991620  -16.745707    1.000000   14.329100    2.080484
Iteration: 120 bestvalit: 0.015763 bestmemit:   49.991620  -16.745707    1.000000   14.329100    2.080484
Iteration: 121 bestvalit: 0.015763 bestmemit:   49.991620  -16.745707    1.000000   14.329100    2.080484
Iteration: 122 bestvalit: 0.015763 bestmemit:   49.991620  -16.679893    1.000000   14.329100    2.080484
Iteration: 123 bestvalit: 0.015763 bestmemit:   49.991620  -16.679893    1.000000   14.329100    2.080484
Iteration: 124 bestvalit: 0.015763 bestmemit:   49.991620  -16.679893    1.000000   14.329100    2.080484
Iteration: 125 bestvalit: 0.015763 bestmemit:   49.991620  -16.679893    1.000000   14.329100    2.080484
Iteration: 126 bestvalit: 0.015763 bestmemit:   49.991620  -16.679893    1.000000   14.329100    2.080484
Iteration: 127 bestvalit: 0.015762 bestmemit:   49.990787  -16.563564    1.000000   14.135701    2.063596
Iteration: 128 bestvalit: 0.015762 bestmemit:   49.990787  -16.563564    1.000000   14.135701    2.063596
Iteration: 129 bestvalit: 0.015762 bestmemit:   49.990787  -16.563564    1.000000   14.135701    2.063596
Iteration: 130 bestvalit: 0.015762 bestmemit:   49.990787  -16.563564    1.000000   14.135701    2.063596
Iteration: 131 bestvalit: 0.015762 bestmemit:   49.990787  -16.563564    1.000000   14.135701    2.063596
Iteration: 132 bestvalit: 0.015762 bestmemit:   49.990787  -16.563564    1.000000   14.135701    2.063596
Iteration: 133 bestvalit: 0.015762 bestmemit:   49.990787  -16.563564    1.000000   14.135701    2.063596
Iteration: 134 bestvalit: 0.015762 bestmemit:   49.990787  -16.563564    1.000000   14.135701    2.063596
Iteration: 135 bestvalit: 0.015762 bestmemit:   49.990787  -16.563564    1.000000   14.135701    2.063596
Iteration: 136 bestvalit: 0.015762 bestmemit:   49.990787  -16.563564    1.000000   14.135701    2.063596
Iteration: 137 bestvalit: 0.015762 bestmemit:   49.990787  -16.563564    1.000000   14.135701    2.063596
Iteration: 138 bestvalit: 0.015762 bestmemit:   49.990787  -16.563564    1.000000   14.135701    2.063596
Iteration: 139 bestvalit: 0.015762 bestmemit:   49.990787  -16.563564    1.000000   14.135701    2.063596
Iteration: 140 bestvalit: 0.015762 bestmemit:   49.990787  -16.563564    1.000000   14.135701    2.063596
Iteration: 141 bestvalit: 0.015762 bestmemit:   49.990787  -16.563564    1.000000   14.135701    2.063596
Iteration: 142 bestvalit: 0.015762 bestmemit:   49.994126  -16.560687    1.000000   14.263829    2.077742
Iteration: 143 bestvalit: 0.015762 bestmemit:   49.994126  -16.560687    1.000000   14.263829    2.077742
Iteration: 144 bestvalit: 0.015762 bestmemit:   49.994126  -16.560687    1.000000   14.263829    2.077742
Iteration: 145 bestvalit: 0.015762 bestmemit:   49.994126  -16.560687    1.000000   14.263829    2.077742
Iteration: 146 bestvalit: 0.015762 bestmemit:   49.994126  -16.560687    1.000000   14.263829    2.077742
Iteration: 147 bestvalit: 0.015762 bestmemit:   49.994126  -16.560687    1.000000   14.263829    2.077742
Iteration: 148 bestvalit: 0.015762 bestmemit:   49.994126  -16.560687    1.000000   14.263829    2.077742
Iteration: 149 bestvalit: 0.015762 bestmemit:   49.994126  -16.560687    1.000000   14.263829    2.077742
Iteration: 150 bestvalit: 0.015762 bestmemit:   49.994126  -16.560687    1.000000   14.263829    2.077742
Iteration: 151 bestvalit: 0.015762 bestmemit:   49.994126  -16.560687    1.000000   14.263829    2.077742
Iteration: 152 bestvalit: 0.015762 bestmemit:   49.996605  -16.373394    1.000000   14.057885    2.057279
Iteration: 153 bestvalit: 0.015762 bestmemit:   49.996605  -16.373394    1.000000   14.057885    2.057279
Iteration: 154 bestvalit: 0.015762 bestmemit:   49.996605  -16.373394    1.000000   14.057885    2.057279
Iteration: 155 bestvalit: 0.015762 bestmemit:   49.996605  -16.373394    1.000000   14.057885    2.057279
Iteration: 156 bestvalit: 0.015762 bestmemit:   49.996605  -16.373394    1.000000   14.057885    2.057279
Iteration: 157 bestvalit: 0.015762 bestmemit:   49.996605  -16.373394    1.000000   14.057885    2.057279
Iteration: 158 bestvalit: 0.015762 bestmemit:   49.996605  -16.373394    1.000000   14.057885    2.057279
Iteration: 159 bestvalit: 0.015762 bestmemit:   49.996605  -16.373394    1.000000   14.057885    2.057279
Iteration: 160 bestvalit: 0.015762 bestmemit:   49.996605  -16.373394    1.000000   14.057885    2.057279
Iteration: 161 bestvalit: 0.015762 bestmemit:   49.996605  -16.373394    1.000000   14.057885    2.057279
Iteration: 162 bestvalit: 0.015762 bestmemit:   49.997059  -16.446716    1.000000   14.116960    2.065777
Iteration: 163 bestvalit: 0.015762 bestmemit:   49.997059  -16.446716    1.000000   14.116960    2.065777
Iteration: 164 bestvalit: 0.015762 bestmemit:   49.997059  -16.446716    1.000000   14.116960    2.065777
Iteration: 165 bestvalit: 0.015762 bestmemit:   49.997059  -16.446716    1.000000   14.116960    2.065777
Iteration: 166 bestvalit: 0.015762 bestmemit:   49.997059  -16.446716    1.000000   14.116960    2.065777
Iteration: 167 bestvalit: 0.015762 bestmemit:   49.997059  -16.446716    1.000000   14.116960    2.065777
Iteration: 168 bestvalit: 0.015762 bestmemit:   49.998994  -16.393494    1.000000   14.173575    2.059315
Iteration: 169 bestvalit: 0.015762 bestmemit:   49.998994  -16.402143    1.000000   14.173575    2.059315
Iteration: 170 bestvalit: 0.015762 bestmemit:   49.998994  -16.402143    1.000000   14.173575    2.059315
Iteration: 171 bestvalit: 0.015762 bestmemit:   49.998994  -16.402143    1.000000   14.173575    2.059315
Iteration: 172 bestvalit: 0.015762 bestmemit:   49.999760  -16.360530    1.000000   14.074970    2.056963
Iteration: 173 bestvalit: 0.015762 bestmemit:   49.999760  -16.360530    1.000000   14.074970    2.056963
Iteration: 174 bestvalit: 0.015762 bestmemit:   49.999760  -16.360530    1.000000   14.074970    2.056963
Iteration: 175 bestvalit: 0.015762 bestmemit:   49.999319  -16.373394    1.000000   14.057885    2.047803
Iteration: 176 bestvalit: 0.015762 bestmemit:   49.999319  -16.373394    1.000000   14.057885    2.047803
Iteration: 177 bestvalit: 0.015762 bestmemit:   49.999319  -16.373394    1.000000   14.057885    2.047803
Iteration: 178 bestvalit: 0.015762 bestmemit:   49.999319  -16.373394    1.000000   14.057885    2.047803
Iteration: 179 bestvalit: 0.015762 bestmemit:   49.999319  -16.373394    1.000000   14.057885    2.047803
Iteration: 180 bestvalit: 0.015762 bestmemit:   49.999748  -16.348768    1.000000   14.094434    2.050479
Iteration: 181 bestvalit: 0.015762 bestmemit:   49.999795  -16.482136    1.000000   14.165644    2.067976
Iteration: 182 bestvalit: 0.015762 bestmemit:   49.999795  -16.482136    1.000000   14.165644    2.067976
Iteration: 183 bestvalit: 0.015762 bestmemit:   49.999795  -16.482136    1.000000   14.165644    2.067976
Iteration: 184 bestvalit: 0.015762 bestmemit:   49.999902  -16.474777    1.000000   14.133882    2.066965
Iteration: 185 bestvalit: 0.015762 bestmemit:   49.999978  -16.385022    1.000000   14.084813    2.052468
Iteration: 186 bestvalit: 0.015762 bestmemit:   49.999978  -16.385022    1.000000   14.084813    2.052468
Iteration: 187 bestvalit: 0.015762 bestmemit:   49.999978  -16.385022    1.000000   14.084813    2.052468
Iteration: 188 bestvalit: 0.015762 bestmemit:   49.999978  -16.385022    1.000000   14.084813    2.052468
Iteration: 189 bestvalit: 0.015762 bestmemit:   49.999978  -16.385022    1.000000   14.084813    2.052468
Iteration: 190 bestvalit: 0.015762 bestmemit:   49.999978  -16.385022    1.000000   14.084813    2.052468
Iteration: 191 bestvalit: 0.015762 bestmemit:   49.999978  -16.385022    1.000000   14.084813    2.052468
Iteration: 192 bestvalit: 0.015762 bestmemit:   49.999978  -16.385022    1.000000   14.084813    2.052468
Iteration: 193 bestvalit: 0.015762 bestmemit:   49.999978  -16.385022    1.000000   14.084813    2.052468
Iteration: 194 bestvalit: 0.015762 bestmemit:   49.999982  -16.432708    1.000000   14.120535    2.055315
Iteration: 195 bestvalit: 0.015762 bestmemit:   49.999982  -16.432708    1.000000   14.120535    2.055315
Iteration: 196 bestvalit: 0.015762 bestmemit:   49.999982  -16.432708    1.000000   14.120535    2.055315
Iteration: 197 bestvalit: 0.015762 bestmemit:   49.999982  -16.421453    1.000000   14.120535    2.055315
Iteration: 198 bestvalit: 0.015762 bestmemit:   49.999982  -16.421453    1.000000   14.120535    2.055315
Iteration: 199 bestvalit: 0.015762 bestmemit:   49.999982  -16.421453    1.000000   14.120535    2.055315
Iteration: 200 bestvalit: 0.015762 bestmemit:   49.999982  -16.421453    1.000000   14.120535    2.055315
Iteration: 201 bestvalit: 0.015762 bestmemit:   49.999982  -16.421453    1.000000   14.120535    2.055315
Iteration: 202 bestvalit: 0.015762 bestmemit:   49.999982  -16.421453    1.000000   14.120535    2.055315
Iteration: 203 bestvalit: 0.015762 bestmemit:   49.999940  -16.432288    1.000000   14.116154    2.059020
Iteration: 204 bestvalit: 0.015762 bestmemit:   49.999989  -16.419158    1.000000   14.103367    2.058319
Iteration: 205 bestvalit: 0.015762 bestmemit:   49.999991  -16.419362    1.000000   14.105750    2.058675
Iteration: 206 bestvalit: 0.015762 bestmemit:   49.999991  -16.419362    1.000000   14.105750    2.058675
Iteration: 207 bestvalit: 0.015762 bestmemit:   49.999991  -16.419362    1.000000   14.105750    2.058675
Iteration: 208 bestvalit: 0.015762 bestmemit:   49.999991  -16.419362    1.000000   14.105750    2.058675
Iteration: 209 bestvalit: 0.015762 bestmemit:   49.999991  -16.419362    1.000000   14.105750    2.058675
Iteration: 210 bestvalit: 0.015762 bestmemit:   49.999991  -16.419362    1.000000   14.105750    2.058675
Iteration: 211 bestvalit: 0.015762 bestmemit:   49.999991  -16.423120    1.000000   14.105750    2.058675
Iteration: 212 bestvalit: 0.015762 bestmemit:   49.999991  -16.423120    1.000000   14.105750    2.058675
Iteration: 213 bestvalit: 0.015762 bestmemit:   49.999995  -16.413762    1.000000   14.111079    2.057038
Iteration: 214 bestvalit: 0.015762 bestmemit:   49.999995  -16.413762    1.000000   14.111079    2.057038
Iteration: 215 bestvalit: 0.015762 bestmemit:   49.999995  -16.432429    1.000000   14.116808    2.058456
Iteration: 216 bestvalit: 0.015762 bestmemit:   49.999995  -16.432429    1.000000   14.116808    2.058456
Iteration: 217 bestvalit: 0.015762 bestmemit:   49.999995  -16.432429    1.000000   14.116808    2.058456
Iteration: 218 bestvalit: 0.015762 bestmemit:   49.999995  -16.432429    1.000000   14.116808    2.058456
Iteration: 219 bestvalit: 0.015762 bestmemit:   49.999995  -16.432429    1.000000   14.116808    2.058456
Iteration: 220 bestvalit: 0.015762 bestmemit:   49.999995  -16.432429    1.000000   14.116808    2.058456
Iteration: 221 bestvalit: 0.015762 bestmemit:   49.999991  -16.423120    1.000000   14.105750    2.056762
Iteration: 222 bestvalit: 0.015762 bestmemit:   49.999991  -16.423120    1.000000   14.105750    2.056762
Iteration: 223 bestvalit: 0.015762 bestmemit:   49.999995  -16.416977    1.000000   14.105452    2.057038
Iteration: 224 bestvalit: 0.015762 bestmemit:   49.999995  -16.416977    1.000000   14.105452    2.057038
Iteration: 225 bestvalit: 0.015762 bestmemit:   49.999995  -16.416977    1.000000   14.105452    2.057038
Iteration: 226 bestvalit: 0.015762 bestmemit:   49.999995  -16.416977    1.000000   14.105452    2.057038
Iteration: 227 bestvalit: 0.015762 bestmemit:   49.999993  -16.426413    1.000000   14.112640    2.058490
Iteration: 228 bestvalit: 0.015762 bestmemit:   49.999994  -16.426413    1.000000   14.112640    2.058490
Iteration: 229 bestvalit: 0.015762 bestmemit:   49.999994  -16.426413    1.000000   14.112640    2.058490
Iteration: 230 bestvalit: 0.015762 bestmemit:   49.999999  -16.430961    1.000000   14.113097    2.058319
Iteration: 231 bestvalit: 0.015762 bestmemit:   49.999999  -16.430961    1.000000   14.113097    2.058319
Iteration: 232 bestvalit: 0.015762 bestmemit:   49.999999  -16.430961    1.000000   14.113097    2.058319
Iteration: 233 bestvalit: 0.015762 bestmemit:   49.999999  -16.430961    1.000000   14.113097    2.058319
Iteration: 234 bestvalit: 0.015762 bestmemit:   49.999999  -16.430961    1.000000   14.113097    2.058319
Iteration: 235 bestvalit: 0.015762 bestmemit:   49.999999  -16.430961    1.000000   14.113097    2.058319
Iteration: 236 bestvalit: 0.015762 bestmemit:   49.999999  -16.430961    1.000000   14.113097    2.058319
Iteration: 237 bestvalit: 0.015762 bestmemit:   49.999999  -16.430961    1.000000   14.113097    2.058319
Iteration: 238 bestvalit: 0.015762 bestmemit:   49.999999  -16.430961    1.000000   14.113097    2.058319
Iteration: 239 bestvalit: 0.015762 bestmemit:   49.999999  -16.430961    1.000000   14.113097    2.058319
Iteration: 240 bestvalit: 0.015762 bestmemit:   49.999999  -16.430961    1.000000   14.113097    2.058319
Iteration: 241 bestvalit: 0.015762 bestmemit:   49.999998  -16.429238    1.000000   14.115280    2.058918
Iteration: 242 bestvalit: 0.015762 bestmemit:   49.999998  -16.429238    1.000000   14.115280    2.058918
Iteration: 243 bestvalit: 0.015762 bestmemit:   49.999999  -16.426549    1.000000   14.110143    2.057366
Iteration: 244 bestvalit: 0.015762 bestmemit:   49.999999  -16.424057    1.000000   14.108732    2.057160
Iteration: 245 bestvalit: 0.015762 bestmemit:   49.999999  -16.424057    1.000000   14.108732    2.057160
Iteration: 246 bestvalit: 0.015762 bestmemit:   49.999999  -16.424057    1.000000   14.108732    2.057160
Iteration: 247 bestvalit: 0.015762 bestmemit:   49.999999  -16.424057    1.000000   14.108732    2.057160
Iteration: 248 bestvalit: 0.015762 bestmemit:   49.999999  -16.424057    1.000000   14.108732    2.057160
Iteration: 249 bestvalit: 0.015762 bestmemit:   49.999999  -16.424057    1.000000   14.108732    2.057160
Iteration: 250 bestvalit: 0.015762 bestmemit:   49.999999  -16.424057    1.000000   14.108732    2.057160
Iteration: 251 bestvalit: 0.015762 bestmemit:   49.999999  -16.424057    1.000000   14.108732    2.057160
Iteration: 252 bestvalit: 0.015762 bestmemit:   49.999999  -16.424057    1.000000   14.108732    2.057160
Iteration: 253 bestvalit: 0.015762 bestmemit:   49.999999  -16.425827    1.000000   14.111463    2.057823
Iteration: 254 bestvalit: 0.015762 bestmemit:   49.999999  -16.425827    1.000000   14.111463    2.057823
Iteration: 255 bestvalit: 0.015762 bestmemit:   49.999999  -16.425827    1.000000   14.111463    2.057823
Iteration: 256 bestvalit: 0.015762 bestmemit:   49.999999  -16.425827    1.000000   14.111463    2.057823
Iteration: 257 bestvalit: 0.015762 bestmemit:   49.999999  -16.425827    1.000000   14.111463    2.057823
Iteration: 258 bestvalit: 0.015762 bestmemit:   49.999999  -16.425827    1.000000   14.111463    2.057823
Iteration: 259 bestvalit: 0.015762 bestmemit:   49.999999  -16.425827    1.000000   14.111463    2.057823
Iteration: 260 bestvalit: 0.015762 bestmemit:   49.999999  -16.425827    1.000000   14.111463    2.057823
Iteration: 261 bestvalit: 0.015762 bestmemit:   49.999999  -16.425827    1.000000   14.111463    2.057823
Iteration: 262 bestvalit: 0.015762 bestmemit:   50.000000  -16.423131    1.000000   14.108806    2.057795
Iteration: 263 bestvalit: 0.015762 bestmemit:   50.000000  -16.422481    1.000000   14.108563    2.057356
Iteration: 264 bestvalit: 0.015762 bestmemit:   50.000000  -16.422481    1.000000   14.108563    2.057356
Iteration: 265 bestvalit: 0.015762 bestmemit:   50.000000  -16.422481    1.000000   14.108563    2.057356
Iteration: 266 bestvalit: 0.015762 bestmemit:   50.000000  -16.422481    1.000000   14.108563    2.057356
Iteration: 267 bestvalit: 0.015762 bestmemit:   50.000000  -16.422481    1.000000   14.108563    2.057356
Iteration: 268 bestvalit: 0.015762 bestmemit:   50.000000  -16.422481    1.000000   14.108563    2.057356
Iteration: 269 bestvalit: 0.015762 bestmemit:   50.000000  -16.422481    1.000000   14.108563    2.057356
Iteration: 270 bestvalit: 0.015762 bestmemit:   50.000000  -16.422481    1.000000   14.108563    2.057356
Iteration: 271 bestvalit: 0.015762 bestmemit:   50.000000  -16.422481    1.000000   14.108563    2.057356
Iteration: 272 bestvalit: 0.015762 bestmemit:   50.000000  -16.422481    1.000000   14.108563    2.057356
Iteration: 273 bestvalit: 0.015762 bestmemit:   50.000000  -16.422481    1.000000   14.108563    2.057356
Iteration: 274 bestvalit: 0.015762 bestmemit:   50.000000  -16.422481    1.000000   14.108563    2.057356
Iteration: 275 bestvalit: 0.015762 bestmemit:   50.000000  -16.422481    1.000000   14.108563    2.057356

***** summary of DEoptim object ***** 
best member   :  50 -16.42248 1 14.10856 2.05736 
best value    :  0.01576 
after         :  275 generations 
fn evaluated  :  552 times 
*************************************
