SLURM_JOB_ID: 55336572
SLURM_JOB_USER: vsc34066
SLURM_JOB_ACCOUNT: lp_desenderlab
SLURM_JOB_NAME: fit_alternating_fb_beta_learn.slurm
SLURM_CLUSTER_NAME: genius
SLURM_JOB_PARTITION: batch
SLURM_ARRAY_JOB_ID: 55336494
SLURM_ARRAY_TASK_ID: 78
SLURM_NNODES: 1
SLURM_NODELIST: r23i13n17
SLURM_JOB_CPUS_PER_NODE: 8
Date: Tue Nov  7 16:44:16 CET 2023
Walltime: 00-23:00:00
========================================================================
Iteration: 1 bestvalit: 0.002577 bestmemit:    8.000308   11.897874    1.000000    0.000000  680.833468
Iteration: 2 bestvalit: 0.001992 bestmemit:    0.214426   11.897874    1.000000    0.000000  680.833468
Iteration: 3 bestvalit: 0.001992 bestmemit:    0.214426   11.897874    1.000000    0.000000  680.833468
Iteration: 4 bestvalit: 0.001992 bestmemit:    0.214426   11.897874    1.000000    0.000000  680.833468
Iteration: 5 bestvalit: 0.001992 bestmemit:    0.214426   11.897874    1.000000    0.000000  680.833468
Iteration: 6 bestvalit: 0.001992 bestmemit:    0.214426   11.897874    1.000000    0.000000  680.833468
Iteration: 7 bestvalit: 0.001992 bestmemit:    0.214426   11.897874    1.000000    0.000000  680.833468
Iteration: 8 bestvalit: 0.001759 bestmemit:    0.333396    9.857311    1.000000    0.000000  615.676623
Iteration: 9 bestvalit: 0.001759 bestmemit:    0.333396    9.857311    1.000000    0.000000  615.676623
Iteration: 10 bestvalit: 0.001759 bestmemit:    0.333396   36.785345    1.000000    0.000000  615.676623
Iteration: 11 bestvalit: 0.001759 bestmemit:    0.333396   36.785345    1.000000    0.000000  615.676623
Iteration: 12 bestvalit: 0.001751 bestmemit:    0.333396   36.785345    1.000000    0.000000  615.676623
Iteration: 13 bestvalit: 0.001751 bestmemit:    0.333396   36.785345    1.000000    0.000000  615.676623
Iteration: 14 bestvalit: 0.001751 bestmemit:    0.333396   36.785345    1.000000    0.000000  615.676623
Iteration: 15 bestvalit: 0.001751 bestmemit:    0.333396   36.785345    1.000000    0.000000  615.676623
Iteration: 16 bestvalit: 0.001744 bestmemit:    1.727355  -21.071496    1.000000    0.000000  599.860074
Iteration: 17 bestvalit: 0.001645 bestmemit:    1.727355   -8.498305    1.000000    0.000000  599.860074
Iteration: 18 bestvalit: 0.001645 bestmemit:    1.727355   -8.498305    1.000000    0.000000  599.860074
Iteration: 19 bestvalit: 0.001645 bestmemit:    1.727355   -8.498305    1.000000    0.000000  599.860074
Iteration: 20 bestvalit: 0.001645 bestmemit:    1.727355   -8.498305    1.000000    0.000000  599.860074
Iteration: 21 bestvalit: 0.001645 bestmemit:    1.727355   -8.498305    1.000000    0.000000  599.860074
Iteration: 22 bestvalit: 0.001645 bestmemit:    1.727355   -8.498305    1.000000    0.000000  599.860074
Iteration: 23 bestvalit: 0.001645 bestmemit:    1.727355   -8.498305    1.000000    0.000000  599.860074
Iteration: 24 bestvalit: 0.001645 bestmemit:    1.727355   -8.498305    1.000000    0.000000  599.860074
Iteration: 25 bestvalit: 0.001645 bestmemit:    1.727355   -8.498305    1.000000    0.000000  599.860074
Iteration: 26 bestvalit: 0.001645 bestmemit:    1.727355   -8.498305    1.000000    0.000000  599.860074
Iteration: 27 bestvalit: 0.001645 bestmemit:    1.727355   -8.498305    1.000000    0.000000  599.860074
Iteration: 28 bestvalit: 0.001645 bestmemit:    1.727355   -8.498305    1.000000    0.000000  599.860074
Iteration: 29 bestvalit: 0.001645 bestmemit:    1.727355   -8.498305    1.000000    0.000000  599.860074
Iteration: 30 bestvalit: 0.001645 bestmemit:    1.727355   -8.498305    1.000000    0.000000  599.860074
Iteration: 31 bestvalit: 0.001645 bestmemit:    1.727355   -8.498305    1.000000    0.000000  599.860074
Iteration: 32 bestvalit: 0.001645 bestmemit:    1.727355   -8.498305    1.000000    0.000000  599.860074
Iteration: 33 bestvalit: 0.001645 bestmemit:    1.727355   -8.498305    1.000000    0.000000  599.860074
Iteration: 34 bestvalit: 0.001645 bestmemit:    1.727355   -8.498305    1.000000    0.000000  599.860074
Iteration: 35 bestvalit: 0.001645 bestmemit:    1.727355   -8.498305    1.000000    0.000000  599.860074
Iteration: 36 bestvalit: 0.001645 bestmemit:    1.727355   -8.498305    1.000000    0.000000  599.860074
Iteration: 37 bestvalit: 0.001645 bestmemit:    1.727355   -8.498305    1.000000    0.000000  599.860074
Iteration: 38 bestvalit: 0.001645 bestmemit:    1.727355   -8.498305    1.000000    0.000000  599.860074
Iteration: 39 bestvalit: 0.001645 bestmemit:    1.727355   -8.498305    1.000000    0.000000  599.860074
Iteration: 40 bestvalit: 0.001645 bestmemit:    1.727355   -8.498305    1.000000    0.000000  599.860074
Iteration: 41 bestvalit: 0.001645 bestmemit:    1.727355   -8.498305    1.000000    0.000000  599.860074
Iteration: 42 bestvalit: 0.001645 bestmemit:    1.727355   -8.498305    1.000000    0.000000  599.860074
Iteration: 43 bestvalit: 0.001645 bestmemit:    1.727355   -8.498305    1.000000    0.000000  599.860074
Iteration: 44 bestvalit: 0.001645 bestmemit:    1.727355   -8.498305    1.000000    0.000000  599.860074
Iteration: 45 bestvalit: 0.001645 bestmemit:    1.727355   -8.498305    1.000000    0.000000  599.860074
Iteration: 46 bestvalit: 0.001645 bestmemit:    1.727355   -8.498305    1.000000    0.000000  599.860074
Iteration: 47 bestvalit: 0.001645 bestmemit:    1.727355   -8.498305    1.000000    0.000000  599.860074
Iteration: 48 bestvalit: 0.001645 bestmemit:    1.727355   -8.498305    1.000000    0.000000  599.860074
Iteration: 49 bestvalit: 0.001645 bestmemit:    1.727355   -8.498305    1.000000    0.000000  599.860074
Iteration: 50 bestvalit: 0.001645 bestmemit:    1.727355   -8.498305    1.000000    0.000000  599.860074
Iteration: 51 bestvalit: 0.001645 bestmemit:    1.727355   -8.498305    1.000000    0.000000  599.860074
Iteration: 52 bestvalit: 0.001645 bestmemit:    1.727355   -8.498305    1.000000    0.000000  599.860074
Iteration: 53 bestvalit: 0.001645 bestmemit:    1.727355   -8.498305    1.000000    0.000000  599.860074
Iteration: 54 bestvalit: 0.001645 bestmemit:    1.727355   -8.498305    1.000000    0.000000  599.860074
Iteration: 55 bestvalit: 0.001645 bestmemit:    1.727355   -8.498305    1.000000    0.000000  599.860074
Iteration: 56 bestvalit: 0.001645 bestmemit:    1.727355   -8.498305    1.000000    0.000000  599.860074
Iteration: 57 bestvalit: 0.001645 bestmemit:    1.727355   -8.498305    1.000000    0.000000  599.860074
Iteration: 58 bestvalit: 0.001645 bestmemit:    1.727355   -8.498305    1.000000    0.000000  599.860074
Iteration: 59 bestvalit: 0.001645 bestmemit:    1.727355   -8.498305    1.000000    0.000000  599.860074
Iteration: 60 bestvalit: 0.001645 bestmemit:    1.727355   -8.498305    1.000000    0.000000  599.860074
Iteration: 61 bestvalit: 0.001645 bestmemit:    1.727355   -8.498305    1.000000    0.000000  599.860074
Iteration: 62 bestvalit: 0.001645 bestmemit:    1.727355   -8.498305    1.000000    0.000000  599.860074
Iteration: 63 bestvalit: 0.001645 bestmemit:    1.727355   -8.498305    1.000000    0.000000  599.860074
Iteration: 64 bestvalit: 0.001645 bestmemit:    1.727355   -8.498305    1.000000    0.000000  599.860074
Iteration: 65 bestvalit: 0.001645 bestmemit:    1.727355   -8.498305    1.000000    0.000000  599.860074
Iteration: 66 bestvalit: 0.001645 bestmemit:    1.727355   -8.498305    1.000000    0.000000  599.860074
Iteration: 67 bestvalit: 0.001645 bestmemit:    1.727355   -8.498305    1.000000    0.000000  599.860074
Iteration: 68 bestvalit: 0.001645 bestmemit:    1.727355   -8.498305    1.000000    0.000000  599.860074
Iteration: 69 bestvalit: 0.001634 bestmemit:    1.928393    2.887915    1.000000    0.000000  601.328000
Iteration: 70 bestvalit: 0.001634 bestmemit:    1.928393    2.887915    1.000000    0.000000  601.328000
Iteration: 71 bestvalit: 0.001634 bestmemit:    1.928393    2.887915    1.000000    0.000000  601.328000
Iteration: 72 bestvalit: 0.001634 bestmemit:    1.928393    2.887915    1.000000    0.000000  601.328000
Iteration: 73 bestvalit: 0.001634 bestmemit:    1.928393    2.887915    1.000000    0.000000  601.328000
Iteration: 74 bestvalit: 0.001634 bestmemit:    1.928393    2.887915    1.000000    0.000000  601.328000
Iteration: 75 bestvalit: 0.001634 bestmemit:    1.928393    2.887915    1.000000    0.000000  601.328000
Iteration: 76 bestvalit: 0.001634 bestmemit:    1.928393    2.887915    1.000000    0.000000  601.328000
Iteration: 77 bestvalit: 0.001634 bestmemit:    1.928393    2.887915    1.000000    0.000000  601.328000
Iteration: 78 bestvalit: 0.001634 bestmemit:    1.928393    2.887915    1.000000    0.000000  601.328000
Iteration: 79 bestvalit: 0.001634 bestmemit:    1.928393    2.887915    1.000000    0.000000  601.328000
Iteration: 80 bestvalit: 0.001634 bestmemit:    1.928393    2.887915    1.000000    0.000000  601.328000
Iteration: 81 bestvalit: 0.001634 bestmemit:    1.928393    2.887915    1.000000    0.000000  601.328000
Iteration: 82 bestvalit: 0.001634 bestmemit:    1.928393    2.887915    1.000000    0.000000  601.328000
Iteration: 83 bestvalit: 0.001634 bestmemit:    1.928393    2.887915    1.000000    0.000000  601.328000
Iteration: 84 bestvalit: 0.001634 bestmemit:    1.928393    2.887915    1.000000    0.000000  601.328000
Iteration: 85 bestvalit: 0.001634 bestmemit:    1.928393    2.887915    1.000000    0.000000  601.328000
Iteration: 86 bestvalit: 0.001634 bestmemit:    1.928393    2.887915    1.000000    0.000000  601.328000
Iteration: 87 bestvalit: 0.001634 bestmemit:    1.928393    2.887915    1.000000    0.000000  601.328000
Iteration: 88 bestvalit: 0.001634 bestmemit:    1.928393    2.887915    1.000000    0.000000  601.328000
Iteration: 89 bestvalit: 0.001634 bestmemit:    1.928393    2.887915    1.000000    0.000000  601.328000
Iteration: 90 bestvalit: 0.001634 bestmemit:    1.928393    2.887915    1.000000    0.000000  601.328000
Iteration: 91 bestvalit: 0.001634 bestmemit:    1.928393    2.887915    1.000000    0.000000  601.328000
Iteration: 92 bestvalit: 0.001634 bestmemit:    1.928393    2.887915    1.000000    0.000000  601.328000
Iteration: 93 bestvalit: 0.001634 bestmemit:    1.928393    2.887915    1.000000    0.000000  601.328000
Iteration: 94 bestvalit: 0.001634 bestmemit:    1.928393    2.887915    1.000000    0.000000  601.328000
Iteration: 95 bestvalit: 0.001634 bestmemit:    1.928393    2.887915    1.000000    0.000000  601.328000
Iteration: 96 bestvalit: 0.001634 bestmemit:    1.928393    2.887915    1.000000    0.000000  601.328000
Iteration: 97 bestvalit: 0.001634 bestmemit:    1.928393    2.887915    1.000000    0.000000  601.328000
Iteration: 98 bestvalit: 0.001634 bestmemit:    1.928393    2.887915    1.000000    0.000000  601.328000
Iteration: 99 bestvalit: 0.001634 bestmemit:    1.928393    2.887915    1.000000    0.000000  601.328000
Iteration: 100 bestvalit: 0.001634 bestmemit:    1.928393    2.887915    1.000000    0.000000  601.328000
Iteration: 101 bestvalit: 0.001634 bestmemit:    2.090822  -14.901970    1.000000    0.000000  606.036754
Iteration: 102 bestvalit: 0.001634 bestmemit:    2.090822  -14.901970    1.000000    0.000000  606.036754
Iteration: 103 bestvalit: 0.001634 bestmemit:    2.090822  -14.901970    1.000000    0.000000  606.036754
Iteration: 104 bestvalit: 0.001634 bestmemit:    2.090822  -14.901970    1.000000    0.000000  606.036754
Iteration: 105 bestvalit: 0.001634 bestmemit:    2.090822  -14.901970    1.000000    0.000000  606.036754
Iteration: 106 bestvalit: 0.001634 bestmemit:    2.090822  -14.901970    1.000000    0.000000  606.036754
Iteration: 107 bestvalit: 0.001634 bestmemit:    2.090822  -14.901970    1.000000    0.000000  606.036754
Iteration: 108 bestvalit: 0.001634 bestmemit:    2.090822  -14.901970    1.000000    0.000000  606.036754
Iteration: 109 bestvalit: 0.001634 bestmemit:    2.090822  -14.901970    1.000000    0.000000  606.036754
Iteration: 110 bestvalit: 0.001634 bestmemit:    2.090822  -14.901970    1.000000    0.000000  606.036754
Iteration: 111 bestvalit: 0.001634 bestmemit:    2.090822  -14.901970    1.000000    0.000000  606.036754
Iteration: 112 bestvalit: 0.001634 bestmemit:    2.090822  -14.901970    1.000000    0.000000  606.036754
Iteration: 113 bestvalit: 0.001634 bestmemit:    2.090822  -14.901970    1.000000    0.000000  606.036754
Iteration: 114 bestvalit: 0.001634 bestmemit:    2.090822  -14.901970    1.000000    0.000000  606.036754
Iteration: 115 bestvalit: 0.001634 bestmemit:    2.090822  -14.901970    1.000000    0.000000  606.036754
Iteration: 116 bestvalit: 0.001634 bestmemit:    2.090822  -14.901970    1.000000    0.000000  606.036754
Iteration: 117 bestvalit: 0.001634 bestmemit:    2.090822  -14.901970    1.000000    0.000000  606.036754
Iteration: 118 bestvalit: 0.001625 bestmemit:    1.819833   -5.855508    1.000000    0.000000  607.670774
Iteration: 119 bestvalit: 0.001625 bestmemit:    1.819833   -5.855508    1.000000    0.000000  607.670774
Iteration: 120 bestvalit: 0.001625 bestmemit:    1.819833   -5.855508    1.000000    0.000000  607.670774
Iteration: 121 bestvalit: 0.001625 bestmemit:    1.819833   -5.855508    1.000000    0.000000  607.670774
Iteration: 122 bestvalit: 0.001625 bestmemit:    1.819833   -5.855508    1.000000    0.000000  607.670774
Iteration: 123 bestvalit: 0.001625 bestmemit:    1.819833   -5.855508    1.000000    0.000000  607.670774
Iteration: 124 bestvalit: 0.001625 bestmemit:    1.819833   -5.855508    1.000000    0.000000  607.670774
Iteration: 125 bestvalit: 0.001625 bestmemit:    1.819833   -5.855508    1.000000    0.000000  607.670774
Iteration: 126 bestvalit: 0.001625 bestmemit:    1.819833   -5.855508    1.000000    0.000000  607.670774
Iteration: 127 bestvalit: 0.001625 bestmemit:    1.819833   -5.855508    1.000000    0.000000  607.670774
Iteration: 128 bestvalit: 0.001625 bestmemit:    1.819833   -5.855508    1.000000    0.000000  607.670774
Iteration: 129 bestvalit: 0.001625 bestmemit:    1.819833   -5.855508    1.000000    0.000000  607.670774
Iteration: 130 bestvalit: 0.001625 bestmemit:    1.819833   -5.855508    1.000000    0.000000  607.670774
Iteration: 131 bestvalit: 0.001625 bestmemit:    1.819833   -5.855508    1.000000    0.000000  607.670774
Iteration: 132 bestvalit: 0.001625 bestmemit:    1.819833   -5.855508    1.000000    0.000000  607.670774
Iteration: 133 bestvalit: 0.001625 bestmemit:    1.819833   -5.855508    1.000000    0.000000  607.670774
Iteration: 134 bestvalit: 0.001625 bestmemit:    1.819833   -5.855508    1.000000    0.000000  607.670774
Iteration: 135 bestvalit: 0.001625 bestmemit:    1.819833   -5.855508    1.000000    0.000000  607.670774
Iteration: 136 bestvalit: 0.001625 bestmemit:    1.819833   -5.855508    1.000000    0.000000  607.670774
Iteration: 137 bestvalit: 0.001625 bestmemit:    1.819833   -5.855508    1.000000    0.000000  607.670774
Iteration: 138 bestvalit: 0.001625 bestmemit:    1.819833   -5.855508    1.000000    0.000000  607.670774
Iteration: 139 bestvalit: 0.001625 bestmemit:    1.819833   -5.855508    1.000000    0.000000  607.670774
Iteration: 140 bestvalit: 0.001625 bestmemit:    1.819833   -5.855508    1.000000    0.000000  607.670774
Iteration: 141 bestvalit: 0.001625 bestmemit:    1.819833   -5.855508    1.000000    0.000000  607.670774
Iteration: 142 bestvalit: 0.001625 bestmemit:    1.819833   -5.855508    1.000000    0.000000  607.670774
Iteration: 143 bestvalit: 0.001625 bestmemit:    1.819833   -5.855508    1.000000    0.000000  607.670774
Iteration: 144 bestvalit: 0.001625 bestmemit:    1.819833   -5.855508    1.000000    0.000000  607.670774
Iteration: 145 bestvalit: 0.001625 bestmemit:    1.819833   -5.855508    1.000000    0.000000  607.670774
Iteration: 146 bestvalit: 0.001625 bestmemit:    1.819833   -5.855508    1.000000    0.000000  607.670774
Iteration: 147 bestvalit: 0.001625 bestmemit:    1.819833   -5.855508    1.000000    0.000000  607.670774
Iteration: 148 bestvalit: 0.001625 bestmemit:    1.819833   -5.855508    1.000000    0.000000  607.670774
Iteration: 149 bestvalit: 0.001625 bestmemit:    1.819833   -5.855508    1.000000    0.000000  607.670774
Iteration: 150 bestvalit: 0.001625 bestmemit:    1.819833   -5.855508    1.000000    0.000000  607.670774
Iteration: 151 bestvalit: 0.001625 bestmemit:    1.819833   -5.855508    1.000000    0.000000  607.670774
Iteration: 152 bestvalit: 0.001625 bestmemit:    1.819833   -5.855508    1.000000    0.000000  607.670774
Iteration: 153 bestvalit: 0.001625 bestmemit:    1.819833   -5.855508    1.000000    0.000000  607.670774
Iteration: 154 bestvalit: 0.001625 bestmemit:    1.819833   -5.855508    1.000000    0.000000  607.670774
Iteration: 155 bestvalit: 0.001625 bestmemit:    1.819833   -5.855508    1.000000    0.000000  607.670774
Iteration: 156 bestvalit: 0.001625 bestmemit:    1.819833   -5.855508    1.000000    0.000000  607.670774
Iteration: 157 bestvalit: 0.001625 bestmemit:    1.819833   -5.855508    1.000000    0.000000  607.670774
Iteration: 158 bestvalit: 0.001625 bestmemit:    1.819833   -5.855508    1.000000    0.000000  607.670774
Iteration: 159 bestvalit: 0.001625 bestmemit:    1.819833   -5.855508    1.000000    0.000000  607.670774
Iteration: 160 bestvalit: 0.001625 bestmemit:    1.819833   -5.855508    1.000000    0.000000  607.670774
Iteration: 161 bestvalit: 0.001625 bestmemit:    1.819833   -5.855508    1.000000    0.000000  607.670774
Iteration: 162 bestvalit: 0.001625 bestmemit:    1.819833   -5.855508    1.000000    0.000000  607.670774
Iteration: 163 bestvalit: 0.001625 bestmemit:    1.819833   -5.855508    1.000000    0.000000  607.670774
Iteration: 164 bestvalit: 0.001625 bestmemit:    1.819833   -5.855508    1.000000    0.000000  607.670774
Iteration: 165 bestvalit: 0.001625 bestmemit:    1.819833   -5.855508    1.000000    0.000000  607.670774
Iteration: 166 bestvalit: 0.001622 bestmemit:    2.175454  -11.450008    1.000000    0.000000  603.749932
Iteration: 167 bestvalit: 0.001622 bestmemit:    2.175454  -11.450008    1.000000    0.000000  603.749932
Iteration: 168 bestvalit: 0.001622 bestmemit:    2.175454  -11.450008    1.000000    0.000000  603.749932
Iteration: 169 bestvalit: 0.001610 bestmemit:    2.613603  -55.396657    1.000000    0.000000  601.516650
Iteration: 170 bestvalit: 0.001610 bestmemit:    2.613603  -55.396657    1.000000    0.000000  601.516650
Iteration: 171 bestvalit: 0.001610 bestmemit:    2.613603  -55.396657    1.000000    0.000000  601.516650
Iteration: 172 bestvalit: 0.001610 bestmemit:    2.613603  -55.396657    1.000000    0.000000  601.516650
Iteration: 173 bestvalit: 0.001610 bestmemit:    2.613603  -55.396657    1.000000    0.000000  601.516650
Iteration: 174 bestvalit: 0.001610 bestmemit:    2.613603  -55.396657    1.000000    0.000000  601.516650
Iteration: 175 bestvalit: 0.001610 bestmemit:    2.613603  -55.396657    1.000000    0.000000  601.516650
Iteration: 176 bestvalit: 0.001610 bestmemit:    2.613603  -55.396657    1.000000    0.000000  601.516650
Iteration: 177 bestvalit: 0.001610 bestmemit:    2.613603  -55.396657    1.000000    0.000000  601.516650
Iteration: 178 bestvalit: 0.001610 bestmemit:    2.613603  -55.396657    1.000000    0.000000  601.516650
Iteration: 179 bestvalit: 0.001610 bestmemit:    2.613603  -55.396657    1.000000    0.000000  601.516650
Iteration: 180 bestvalit: 0.001610 bestmemit:    2.613603  -55.396657    1.000000    0.000000  601.516650
Iteration: 181 bestvalit: 0.001610 bestmemit:    2.613603  -55.396657    1.000000    0.000000  601.516650
Iteration: 182 bestvalit: 0.001610 bestmemit:    2.613603  -55.396657    1.000000    0.000000  601.516650
Iteration: 183 bestvalit: 0.001610 bestmemit:    2.613603  -55.396657    1.000000    0.000000  601.516650
Iteration: 184 bestvalit: 0.001610 bestmemit:    2.613603  -55.396657    1.000000    0.000000  601.516650
Iteration: 185 bestvalit: 0.001610 bestmemit:    2.613603  -55.396657    1.000000    0.000000  601.516650
Iteration: 186 bestvalit: 0.001610 bestmemit:    2.613603  -55.396657    1.000000    0.000000  601.516650
Iteration: 187 bestvalit: 0.001610 bestmemit:    2.613603  -55.396657    1.000000    0.000000  601.516650
Iteration: 188 bestvalit: 0.001610 bestmemit:    2.613603  -55.396657    1.000000    0.000000  601.516650
Iteration: 189 bestvalit: 0.001610 bestmemit:    2.613603  -55.396657    1.000000    0.000000  601.516650
Iteration: 190 bestvalit: 0.001610 bestmemit:    2.613603  -55.396657    1.000000    0.000000  601.516650
Iteration: 191 bestvalit: 0.001610 bestmemit:    2.613603  -55.396657    1.000000    0.000000  601.516650
Iteration: 192 bestvalit: 0.001610 bestmemit:    2.613603  -55.396657    1.000000    0.000000  601.516650
Iteration: 193 bestvalit: 0.001610 bestmemit:    2.613603  -55.396657    1.000000    0.000000  601.516650
Iteration: 194 bestvalit: 0.001610 bestmemit:    2.613603  -55.396657    1.000000    0.000000  601.516650
Iteration: 195 bestvalit: 0.001610 bestmemit:    2.613603  -55.396657    1.000000    0.000000  601.516650
Iteration: 196 bestvalit: 0.001610 bestmemit:    2.613603  -55.396657    1.000000    0.000000  601.516650
Iteration: 197 bestvalit: 0.001610 bestmemit:    2.613603  -55.396657    1.000000    0.000000  601.516650
Iteration: 198 bestvalit: 0.001610 bestmemit:    2.613603  -55.396657    1.000000    0.000000  601.516650
Iteration: 199 bestvalit: 0.001610 bestmemit:    2.613603  -55.396657    1.000000    0.000000  601.516650
Iteration: 200 bestvalit: 0.001610 bestmemit:    2.613603  -55.396657    1.000000    0.000000  601.516650
Iteration: 201 bestvalit: 0.001610 bestmemit:    2.613603  -55.396657    1.000000    0.000000  601.516650
Iteration: 202 bestvalit: 0.001610 bestmemit:    2.613603  -55.396657    1.000000    0.000000  601.516650
Iteration: 203 bestvalit: 0.001610 bestmemit:    2.613603  -55.396657    1.000000    0.000000  601.516650
Iteration: 204 bestvalit: 0.001610 bestmemit:    2.613603  -55.396657    1.000000    0.000000  601.516650
Iteration: 205 bestvalit: 0.001610 bestmemit:    2.613603  -55.396657    1.000000    0.000000  601.516650
Iteration: 206 bestvalit: 0.001610 bestmemit:    2.613603  -55.396657    1.000000    0.000000  601.516650
Iteration: 207 bestvalit: 0.001610 bestmemit:    2.613603  -55.396657    1.000000    0.000000  601.516650
Iteration: 208 bestvalit: 0.001610 bestmemit:    2.613603  -55.396657    1.000000    0.000000  601.516650
Iteration: 209 bestvalit: 0.001610 bestmemit:    2.613603  -55.396657    1.000000    0.000000  601.516650
Iteration: 210 bestvalit: 0.001610 bestmemit:    2.613603  -55.396657    1.000000    0.000000  601.516650
Iteration: 211 bestvalit: 0.001610 bestmemit:    2.613603  -55.396657    1.000000    0.000000  601.516650
Iteration: 212 bestvalit: 0.001610 bestmemit:    2.613603  -55.396657    1.000000    0.000000  601.516650
Iteration: 213 bestvalit: 0.001610 bestmemit:    2.613603  -55.396657    1.000000    0.000000  601.516650
Iteration: 214 bestvalit: 0.001610 bestmemit:    2.613603  -55.396657    1.000000    0.000000  601.516650
Iteration: 215 bestvalit: 0.001610 bestmemit:    2.613603  -55.396657    1.000000    0.000000  601.516650
Iteration: 216 bestvalit: 0.001610 bestmemit:    2.613603  -55.396657    1.000000    0.000000  601.516650
Iteration: 217 bestvalit: 0.001610 bestmemit:    2.613603  -55.396657    1.000000    0.000000  601.516650
Iteration: 218 bestvalit: 0.001610 bestmemit:    2.613603  -55.396657    1.000000    0.000000  601.516650
Iteration: 219 bestvalit: 0.001610 bestmemit:    2.613603  -55.396657    1.000000    0.000000  601.516650
Iteration: 220 bestvalit: 0.001610 bestmemit:    2.613603  -55.396657    1.000000    0.000000  601.516650
Iteration: 221 bestvalit: 0.001610 bestmemit:    2.613603  -55.396657    1.000000    0.000000  601.516650
Iteration: 222 bestvalit: 0.001610 bestmemit:    2.613603  -55.396657    1.000000    0.000000  601.516650
Iteration: 223 bestvalit: 0.001610 bestmemit:    2.613603  -55.396657    1.000000    0.000000  601.516650
Iteration: 224 bestvalit: 0.001610 bestmemit:    2.613603  -55.396657    1.000000    0.000000  601.516650
Iteration: 225 bestvalit: 0.001610 bestmemit:    2.613603  -55.396657    1.000000    0.000000  601.516650
Iteration: 226 bestvalit: 0.001610 bestmemit:    2.613603  -55.396657    1.000000    0.000000  601.516650
Iteration: 227 bestvalit: 0.001610 bestmemit:    2.613603  -55.396657    1.000000    0.000000  601.516650
Iteration: 228 bestvalit: 0.001610 bestmemit:    2.613603  -55.396657    1.000000    0.000000  601.516650
Iteration: 229 bestvalit: 0.001610 bestmemit:    2.613603  -55.396657    1.000000    0.000000  601.516650
Iteration: 230 bestvalit: 0.001610 bestmemit:    2.613603  -55.396657    1.000000    0.000000  601.516650
Iteration: 231 bestvalit: 0.001610 bestmemit:    2.613603  -55.396657    1.000000    0.000000  601.516650
Iteration: 232 bestvalit: 0.001610 bestmemit:    2.613603  -55.396657    1.000000    0.000000  601.516650
Iteration: 233 bestvalit: 0.001610 bestmemit:    2.613603  -55.396657    1.000000    0.000000  601.516650
Iteration: 234 bestvalit: 0.001610 bestmemit:    2.613603  -55.396657    1.000000    0.000000  601.516650
Iteration: 235 bestvalit: 0.001610 bestmemit:    2.613603  -55.396657    1.000000    0.000000  601.516650
Iteration: 236 bestvalit: 0.001610 bestmemit:    2.613603  -55.396657    1.000000    0.000000  601.516650
Iteration: 237 bestvalit: 0.001610 bestmemit:    2.613603  -55.396657    1.000000    0.000000  601.516650
Iteration: 238 bestvalit: 0.001610 bestmemit:    2.613603  -55.396657    1.000000    0.000000  601.516650
Iteration: 239 bestvalit: 0.001610 bestmemit:    2.613603  -55.396657    1.000000    0.000000  601.516650
Iteration: 240 bestvalit: 0.001610 bestmemit:    2.613603  -55.396657    1.000000    0.000000  601.516650
Iteration: 241 bestvalit: 0.001610 bestmemit:    2.613603  -55.396657    1.000000    0.000000  601.516650
Iteration: 242 bestvalit: 0.001610 bestmemit:    2.613603  -55.396657    1.000000    0.000000  601.516650
Iteration: 243 bestvalit: 0.001610 bestmemit:    2.613603  -55.396657    1.000000    0.000000  601.516650
Iteration: 244 bestvalit: 0.001610 bestmemit:    2.613603  -55.396657    1.000000    0.000000  601.516650
Iteration: 245 bestvalit: 0.001610 bestmemit:    2.613603  -55.396657    1.000000    0.000000  601.516650
Iteration: 246 bestvalit: 0.001610 bestmemit:    2.613603  -55.396657    1.000000    0.000000  601.516650
Iteration: 247 bestvalit: 0.001610 bestmemit:    2.613603  -55.396657    1.000000    0.000000  601.516650
Iteration: 248 bestvalit: 0.001610 bestmemit:    2.613603  -55.396657    1.000000    0.000000  601.516650
Iteration: 249 bestvalit: 0.001610 bestmemit:    2.613603  -55.396657    1.000000    0.000000  601.516650
Iteration: 250 bestvalit: 0.001610 bestmemit:    2.613603  -55.396657    1.000000    0.000000  601.516650
Iteration: 251 bestvalit: 0.001610 bestmemit:    2.613603  -55.396657    1.000000    0.000000  601.516650
Iteration: 252 bestvalit: 0.001610 bestmemit:    2.613603  -55.396657    1.000000    0.000000  601.516650
Iteration: 253 bestvalit: 0.001610 bestmemit:    2.613603  -55.396657    1.000000    0.000000  601.516650
Iteration: 254 bestvalit: 0.001610 bestmemit:    2.613603  -55.396657    1.000000    0.000000  601.516650
Iteration: 255 bestvalit: 0.001610 bestmemit:    2.613603  -55.396657    1.000000    0.000000  601.516650
Iteration: 256 bestvalit: 0.001610 bestmemit:    2.613603  -55.396657    1.000000    0.000000  601.516650
Iteration: 257 bestvalit: 0.001610 bestmemit:    2.613603  -55.396657    1.000000    0.000000  601.516650
Iteration: 258 bestvalit: 0.001610 bestmemit:    2.613603  -55.396657    1.000000    0.000000  601.516650
Iteration: 259 bestvalit: 0.001610 bestmemit:    2.613603  -55.396657    1.000000    0.000000  601.516650
Iteration: 260 bestvalit: 0.001610 bestmemit:    2.613603  -55.396657    1.000000    0.000000  601.516650
Iteration: 261 bestvalit: 0.001610 bestmemit:    2.613603  -55.396657    1.000000    0.000000  601.516650
Iteration: 262 bestvalit: 0.001610 bestmemit:    2.613603  -55.396657    1.000000    0.000000  601.516650
Iteration: 263 bestvalit: 0.001610 bestmemit:    2.613603  -55.396657    1.000000    0.000000  601.516650
Iteration: 264 bestvalit: 0.001610 bestmemit:    2.613603  -55.396657    1.000000    0.000000  601.516650
Iteration: 265 bestvalit: 0.001610 bestmemit:    2.613603  -55.396657    1.000000    0.000000  601.516650
Iteration: 266 bestvalit: 0.001610 bestmemit:    2.613603  -55.396657    1.000000    0.000000  601.516650
Iteration: 267 bestvalit: 0.001610 bestmemit:    2.613603  -55.396657    1.000000    0.000000  601.516650
Iteration: 268 bestvalit: 0.001610 bestmemit:    2.613603  -55.396657    1.000000    0.000000  601.516650
Iteration: 269 bestvalit: 0.001610 bestmemit:    2.613603  -55.396657    1.000000    0.000000  601.516650
Iteration: 270 bestvalit: 0.001610 bestmemit:    2.613603  -55.396657    1.000000    0.000000  601.516650

***** summary of DEoptim object ***** 
best member   :  2.6136 -55.39666 1 0 601.5167 
best value    :  0.00161 
after         :  270 generations 
fn evaluated  :  542 times 
*************************************
