SLURM_JOB_ID: 55336542
SLURM_JOB_USER: vsc34066
SLURM_JOB_ACCOUNT: lp_desenderlab
SLURM_JOB_NAME: fit_alternating_fb_beta_learn.slurm
SLURM_CLUSTER_NAME: genius
SLURM_JOB_PARTITION: batch
SLURM_ARRAY_JOB_ID: 55336494
SLURM_ARRAY_TASK_ID: 48
SLURM_NNODES: 1
SLURM_NODELIST: r23i13n10
SLURM_JOB_CPUS_PER_NODE: 8
Date: Tue Nov  7 16:43:54 CET 2023
Walltime: 00-23:00:00
========================================================================
Iteration: 1 bestvalit: 0.002087 bestmemit:    0.061159  -69.290372    1.000000    0.000000  510.207277
Iteration: 2 bestvalit: 0.002087 bestmemit:    0.061159  -69.290372    1.000000    0.000000  510.207277
Iteration: 3 bestvalit: 0.002087 bestmemit:    0.061159  -69.290372    1.000000    0.000000  510.207277
Iteration: 4 bestvalit: 0.002087 bestmemit:    0.061159  -69.290372    1.000000    0.000000  510.207277
Iteration: 5 bestvalit: 0.002022 bestmemit:    6.821537  -26.988926    1.000000    0.000000  766.972419
Iteration: 6 bestvalit: 0.001891 bestmemit:    0.061159    3.482107    1.000000    0.000000  510.207277
Iteration: 7 bestvalit: 0.001891 bestmemit:    0.061159    6.915656    1.000000    0.000000  510.207277
Iteration: 8 bestvalit: 0.001891 bestmemit:    0.061159    6.915656    1.000000    0.000000  510.207277
Iteration: 9 bestvalit: 0.001891 bestmemit:    0.061159    6.915656    1.000000    0.000000  510.207277
Iteration: 10 bestvalit: 0.001664 bestmemit:    5.455736   37.368060    1.000000    0.000000  695.291751
Iteration: 11 bestvalit: 0.001453 bestmemit:    0.486588    6.551982    1.000000    0.000000  733.536289
Iteration: 12 bestvalit: 0.001453 bestmemit:    0.486588    6.551982    1.000000    0.000000  733.536289
Iteration: 13 bestvalit: 0.001453 bestmemit:    1.064216  -17.593231    1.000000    0.000000  732.001615
Iteration: 14 bestvalit: 0.001271 bestmemit:    1.168853   38.172994    1.000000    0.000000  653.797132
Iteration: 15 bestvalit: 0.001271 bestmemit:    1.168853   38.172994    1.000000    0.000000  653.797132
Iteration: 16 bestvalit: 0.001248 bestmemit:    1.168853   38.172994    1.000000    0.000000  653.797132
Iteration: 17 bestvalit: 0.001248 bestmemit:    1.168853   38.172994    1.000000    0.000000  653.797132
Iteration: 18 bestvalit: 0.001248 bestmemit:    1.168853   38.172994    1.000000    0.000000  653.797132
Iteration: 19 bestvalit: 0.001248 bestmemit:    1.168853   38.172994    1.000000    0.000000  653.797132
Iteration: 20 bestvalit: 0.001248 bestmemit:    1.168853   38.172994    1.000000    0.000000  653.797132
Iteration: 21 bestvalit: 0.001237 bestmemit:    1.168853  -11.100913    1.000000    0.000000  653.797132
Iteration: 22 bestvalit: 0.001237 bestmemit:    1.168853  -11.100913    1.000000    0.000000  653.797132
Iteration: 23 bestvalit: 0.001237 bestmemit:    1.168853  -11.100913    1.000000    0.000000  653.797132
Iteration: 24 bestvalit: 0.001237 bestmemit:    1.168853  -11.100913    1.000000    0.000000  653.797132
Iteration: 25 bestvalit: 0.001237 bestmemit:    1.168853  -11.100913    1.000000    0.000000  653.797132
Iteration: 26 bestvalit: 0.001237 bestmemit:    1.168853  -11.100913    1.000000    0.000000  653.797132
Iteration: 27 bestvalit: 0.001223 bestmemit:    1.800312   12.945318    1.000000    0.000000  645.196344
Iteration: 28 bestvalit: 0.001223 bestmemit:    1.800312   12.945318    1.000000    0.000000  645.196344
Iteration: 29 bestvalit: 0.001223 bestmemit:    1.800312   12.945318    1.000000    0.000000  645.196344
Iteration: 30 bestvalit: 0.001223 bestmemit:    1.800312   12.945318    1.000000    0.000000  645.196344
Iteration: 31 bestvalit: 0.001223 bestmemit:    1.800312   12.945318    1.000000    0.000000  645.196344
Iteration: 32 bestvalit: 0.001217 bestmemit:    1.506845   13.656052    1.000000    0.000000  637.557388
Iteration: 33 bestvalit: 0.001217 bestmemit:    1.506845   13.656052    1.000000    0.000000  637.557388
Iteration: 34 bestvalit: 0.001217 bestmemit:    1.506845   13.656052    1.000000    0.000000  637.557388
Iteration: 35 bestvalit: 0.001217 bestmemit:    1.506845   13.656052    1.000000    0.000000  637.557388
Iteration: 36 bestvalit: 0.001217 bestmemit:    1.506845   13.656052    1.000000    0.000000  637.557388
Iteration: 37 bestvalit: 0.001217 bestmemit:    1.506845   13.656052    1.000000    0.000000  637.557388
Iteration: 38 bestvalit: 0.001216 bestmemit:    1.136786   -0.884485    1.000000    0.000000  637.524722
Iteration: 39 bestvalit: 0.001216 bestmemit:    1.136786   -0.884485    1.000000    0.000000  637.524722
Iteration: 40 bestvalit: 0.001216 bestmemit:    1.136786   -0.884485    1.000000    0.000000  637.524722
Iteration: 41 bestvalit: 0.001216 bestmemit:    1.136786   -0.884485    1.000000    0.000000  637.524722
Iteration: 42 bestvalit: 0.001216 bestmemit:    1.136786   -0.884485    1.000000    0.000000  637.524722
Iteration: 43 bestvalit: 0.001216 bestmemit:    1.136786   -0.884485    1.000000    0.000000  637.524722
Iteration: 44 bestvalit: 0.001216 bestmemit:    1.136786   -0.884485    1.000000    0.000000  637.524722
Iteration: 45 bestvalit: 0.001216 bestmemit:    1.136786   -0.884485    1.000000    0.000000  637.524722
Iteration: 46 bestvalit: 0.001216 bestmemit:    1.136786   -0.884485    1.000000    0.000000  637.524722
Iteration: 47 bestvalit: 0.001216 bestmemit:    1.136786   -0.884485    1.000000    0.000000  637.524722
Iteration: 48 bestvalit: 0.001216 bestmemit:    1.136786   -0.884485    1.000000    0.000000  637.524722
Iteration: 49 bestvalit: 0.001216 bestmemit:    1.136786   -0.884485    1.000000    0.000000  637.524722
Iteration: 50 bestvalit: 0.001216 bestmemit:    1.136786   -0.884485    1.000000    0.000000  637.524722
Iteration: 51 bestvalit: 0.001216 bestmemit:    1.136786   -0.884485    1.000000    0.000000  637.524722
Iteration: 52 bestvalit: 0.001216 bestmemit:    1.136786   -0.884485    1.000000    0.000000  637.524722
Iteration: 53 bestvalit: 0.001216 bestmemit:    1.136786   -0.884485    1.000000    0.000000  637.524722
Iteration: 54 bestvalit: 0.001216 bestmemit:    1.136786   -0.884485    1.000000    0.000000  637.524722
Iteration: 55 bestvalit: 0.001216 bestmemit:    1.136786   -0.884485    1.000000    0.000000  637.524722
Iteration: 56 bestvalit: 0.001216 bestmemit:    1.136786   -0.884485    1.000000    0.000000  637.524722
Iteration: 57 bestvalit: 0.001216 bestmemit:    1.136786   -0.884485    1.000000    0.000000  637.524722
Iteration: 58 bestvalit: 0.001216 bestmemit:    1.136786   -0.884485    1.000000    0.000000  637.524722
Iteration: 59 bestvalit: 0.001216 bestmemit:    1.136786   -0.884485    1.000000    0.000000  637.524722
Iteration: 60 bestvalit: 0.001216 bestmemit:    1.136786   -0.884485    1.000000    0.000000  637.524722
Iteration: 61 bestvalit: 0.001216 bestmemit:    1.136786   -0.884485    1.000000    0.000000  637.524722
Iteration: 62 bestvalit: 0.001216 bestmemit:    1.136786   -0.884485    1.000000    0.000000  637.524722
Iteration: 63 bestvalit: 0.001216 bestmemit:    1.136786   -0.884485    1.000000    0.000000  637.524722
Iteration: 64 bestvalit: 0.001216 bestmemit:    1.136786   -0.884485    1.000000    0.000000  637.524722
Iteration: 65 bestvalit: 0.001216 bestmemit:    1.136786   -0.884485    1.000000    0.000000  637.524722
Iteration: 66 bestvalit: 0.001216 bestmemit:    1.136786   -0.884485    1.000000    0.000000  637.524722
Iteration: 67 bestvalit: 0.001216 bestmemit:    1.136786   -0.884485    1.000000    0.000000  637.524722
Iteration: 68 bestvalit: 0.001216 bestmemit:    1.136786   -0.884485    1.000000    0.000000  637.524722
Iteration: 69 bestvalit: 0.001216 bestmemit:    1.136786   -0.884485    1.000000    0.000000  637.524722
Iteration: 70 bestvalit: 0.001216 bestmemit:    1.136786   -0.884485    1.000000    0.000000  637.524722
Iteration: 71 bestvalit: 0.001216 bestmemit:    1.136786   -0.884485    1.000000    0.000000  637.524722
Iteration: 72 bestvalit: 0.001216 bestmemit:    1.136786   -0.884485    1.000000    0.000000  637.524722
Iteration: 73 bestvalit: 0.001216 bestmemit:    1.136786   -0.884485    1.000000    0.000000  637.524722
Iteration: 74 bestvalit: 0.001216 bestmemit:    1.136786   -0.884485    1.000000    0.000000  637.524722
Iteration: 75 bestvalit: 0.001216 bestmemit:    1.136786   -0.884485    1.000000    0.000000  637.524722
Iteration: 76 bestvalit: 0.001216 bestmemit:    1.136786   -0.884485    1.000000    0.000000  637.524722
Iteration: 77 bestvalit: 0.001216 bestmemit:    1.136786   -0.884485    1.000000    0.000000  637.524722
Iteration: 78 bestvalit: 0.001216 bestmemit:    1.136786   -0.884485    1.000000    0.000000  637.524722
Iteration: 79 bestvalit: 0.001216 bestmemit:    1.136786   -0.884485    1.000000    0.000000  637.524722
Iteration: 80 bestvalit: 0.001216 bestmemit:    1.136786   -0.884485    1.000000    0.000000  637.524722
Iteration: 81 bestvalit: 0.001216 bestmemit:    1.136786   -0.884485    1.000000    0.000000  637.524722
Iteration: 82 bestvalit: 0.001216 bestmemit:    1.136786   -0.884485    1.000000    0.000000  637.524722
Iteration: 83 bestvalit: 0.001216 bestmemit:    1.136786   -0.884485    1.000000    0.000000  637.524722
Iteration: 84 bestvalit: 0.001216 bestmemit:    1.136786   -0.884485    1.000000    0.000000  637.524722
Iteration: 85 bestvalit: 0.001216 bestmemit:    1.136786   -0.884485    1.000000    0.000000  637.524722
Iteration: 86 bestvalit: 0.001216 bestmemit:    1.136786   -0.884485    1.000000    0.000000  637.524722
Iteration: 87 bestvalit: 0.001216 bestmemit:    1.136786   -0.884485    1.000000    0.000000  637.524722
Iteration: 88 bestvalit: 0.001216 bestmemit:    1.136786   -0.884485    1.000000    0.000000  637.524722
Iteration: 89 bestvalit: 0.001216 bestmemit:    1.136786   -0.884485    1.000000    0.000000  637.524722
Iteration: 90 bestvalit: 0.001216 bestmemit:    1.136786   -0.884485    1.000000    0.000000  637.524722
Iteration: 91 bestvalit: 0.001216 bestmemit:    1.136786   -0.884485    1.000000    0.000000  637.524722
Iteration: 92 bestvalit: 0.001216 bestmemit:    1.136786   -0.884485    1.000000    0.000000  637.524722
Iteration: 93 bestvalit: 0.001216 bestmemit:    1.136786   -0.884485    1.000000    0.000000  637.524722
Iteration: 94 bestvalit: 0.001216 bestmemit:    1.136786   -0.884485    1.000000    0.000000  637.524722
Iteration: 95 bestvalit: 0.001216 bestmemit:    1.136786   -0.884485    1.000000    0.000000  637.524722
Iteration: 96 bestvalit: 0.001216 bestmemit:    1.136786   -0.884485    1.000000    0.000000  637.524722
Iteration: 97 bestvalit: 0.001216 bestmemit:    1.136786   -0.884485    1.000000    0.000000  637.524722
Iteration: 98 bestvalit: 0.001216 bestmemit:    1.136786   -0.884485    1.000000    0.000000  637.524722
Iteration: 99 bestvalit: 0.001216 bestmemit:    1.136786   -0.884485    1.000000    0.000000  637.524722
Iteration: 100 bestvalit: 0.001216 bestmemit:    1.136786   -0.884485    1.000000    0.000000  637.524722
Iteration: 101 bestvalit: 0.001216 bestmemit:    1.136786   -0.884485    1.000000    0.000000  637.524722
Iteration: 102 bestvalit: 0.001216 bestmemit:    1.136786   -0.884485    1.000000    0.000000  637.524722
Iteration: 103 bestvalit: 0.001216 bestmemit:    1.136786   -0.884485    1.000000    0.000000  637.524722
Iteration: 104 bestvalit: 0.001216 bestmemit:    1.136786   -0.884485    1.000000    0.000000  637.524722
Iteration: 105 bestvalit: 0.001216 bestmemit:    1.136786   -0.884485    1.000000    0.000000  637.524722
Iteration: 106 bestvalit: 0.001216 bestmemit:    1.136786   -0.884485    1.000000    0.000000  637.524722
Iteration: 107 bestvalit: 0.001215 bestmemit:    1.165331    6.039163    1.000000    0.000000  639.148084
Iteration: 108 bestvalit: 0.001215 bestmemit:    1.165331    6.039163    1.000000    0.000000  639.148084
Iteration: 109 bestvalit: 0.001215 bestmemit:    1.165331    6.039163    1.000000    0.000000  639.148084
Iteration: 110 bestvalit: 0.001215 bestmemit:    1.165331    6.039163    1.000000    0.000000  639.148084
Iteration: 111 bestvalit: 0.001215 bestmemit:    1.165331    6.039163    1.000000    0.000000  639.148084
Iteration: 112 bestvalit: 0.001215 bestmemit:    1.165331    6.039163    1.000000    0.000000  639.148084
Iteration: 113 bestvalit: 0.001215 bestmemit:    1.165331    6.039163    1.000000    0.000000  639.148084
Iteration: 114 bestvalit: 0.001215 bestmemit:    1.165331    6.039163    1.000000    0.000000  639.148084
Iteration: 115 bestvalit: 0.001215 bestmemit:    1.165331    6.039163    1.000000    0.000000  639.148084
Iteration: 116 bestvalit: 0.001215 bestmemit:    1.165331    6.039163    1.000000    0.000000  639.148084
Iteration: 117 bestvalit: 0.001215 bestmemit:    1.165331    6.039163    1.000000    0.000000  639.148084
Iteration: 118 bestvalit: 0.001215 bestmemit:    1.165331    6.039163    1.000000    0.000000  639.148084
Iteration: 119 bestvalit: 0.001215 bestmemit:    1.165331    6.039163    1.000000    0.000000  639.148084
Iteration: 120 bestvalit: 0.001215 bestmemit:    1.165331    6.039163    1.000000    0.000000  639.148084
Iteration: 121 bestvalit: 0.001215 bestmemit:    1.165331    6.039163    1.000000    0.000000  639.148084
Iteration: 122 bestvalit: 0.001215 bestmemit:    1.165331    6.039163    1.000000    0.000000  639.148084
Iteration: 123 bestvalit: 0.001215 bestmemit:    1.165331    6.039163    1.000000    0.000000  639.148084
Iteration: 124 bestvalit: 0.001215 bestmemit:    1.165331    6.039163    1.000000    0.000000  639.148084
Iteration: 125 bestvalit: 0.001215 bestmemit:    1.165331    6.039163    1.000000    0.000000  639.148084
Iteration: 126 bestvalit: 0.001215 bestmemit:    1.165331    6.039163    1.000000    0.000000  639.148084
Iteration: 127 bestvalit: 0.001215 bestmemit:    1.165331    6.039163    1.000000    0.000000  639.148084
Iteration: 128 bestvalit: 0.001215 bestmemit:    1.165331    6.039163    1.000000    0.000000  639.148084
Iteration: 129 bestvalit: 0.001215 bestmemit:    1.165331    6.039163    1.000000    0.000000  639.148084
Iteration: 130 bestvalit: 0.001215 bestmemit:    1.165331    6.039163    1.000000    0.000000  639.148084
Iteration: 131 bestvalit: 0.001215 bestmemit:    1.165331    6.039163    1.000000    0.000000  639.148084
Iteration: 132 bestvalit: 0.001215 bestmemit:    1.165331    6.039163    1.000000    0.000000  639.148084
Iteration: 133 bestvalit: 0.001215 bestmemit:    1.165331    6.039163    1.000000    0.000000  639.148084
Iteration: 134 bestvalit: 0.001215 bestmemit:    1.165331    6.039163    1.000000    0.000000  639.148084
Iteration: 135 bestvalit: 0.001215 bestmemit:    1.165331    6.039163    1.000000    0.000000  639.148084
Iteration: 136 bestvalit: 0.001215 bestmemit:    1.165331    6.039163    1.000000    0.000000  639.148084
Iteration: 137 bestvalit: 0.001215 bestmemit:    1.165331    6.039163    1.000000    0.000000  639.148084
Iteration: 138 bestvalit: 0.001215 bestmemit:    1.165331    6.039163    1.000000    0.000000  639.148084
Iteration: 139 bestvalit: 0.001215 bestmemit:    1.165331    6.039163    1.000000    0.000000  639.148084
Iteration: 140 bestvalit: 0.001215 bestmemit:    1.165331    6.039163    1.000000    0.000000  639.148084
Iteration: 141 bestvalit: 0.001215 bestmemit:    1.165331    6.039163    1.000000    0.000000  639.148084
Iteration: 142 bestvalit: 0.001215 bestmemit:    1.165331    6.039163    1.000000    0.000000  639.148084
Iteration: 143 bestvalit: 0.001215 bestmemit:    1.165331    6.039163    1.000000    0.000000  639.148084
Iteration: 144 bestvalit: 0.001215 bestmemit:    1.165331    6.039163    1.000000    0.000000  639.148084
Iteration: 145 bestvalit: 0.001215 bestmemit:    1.165331    6.039163    1.000000    0.000000  639.148084
Iteration: 146 bestvalit: 0.001215 bestmemit:    1.165331    6.039163    1.000000    0.000000  639.148084
Iteration: 147 bestvalit: 0.001215 bestmemit:    1.165331    6.039163    1.000000    0.000000  639.148084
Iteration: 148 bestvalit: 0.001215 bestmemit:    1.165331    6.039163    1.000000    0.000000  639.148084
Iteration: 149 bestvalit: 0.001215 bestmemit:    1.165331    6.039163    1.000000    0.000000  639.148084
Iteration: 150 bestvalit: 0.001215 bestmemit:    1.165331    6.039163    1.000000    0.000000  639.148084
Iteration: 151 bestvalit: 0.001215 bestmemit:    1.165331    6.039163    1.000000    0.000000  639.148084
Iteration: 152 bestvalit: 0.001215 bestmemit:    1.165331    6.039163    1.000000    0.000000  639.148084
Iteration: 153 bestvalit: 0.001215 bestmemit:    1.165331    6.039163    1.000000    0.000000  639.148084
Iteration: 154 bestvalit: 0.001215 bestmemit:    1.165331    6.039163    1.000000    0.000000  639.148084
Iteration: 155 bestvalit: 0.001215 bestmemit:    1.165331    6.039163    1.000000    0.000000  639.148084
Iteration: 156 bestvalit: 0.001215 bestmemit:    1.165331    6.039163    1.000000    0.000000  639.148084
Iteration: 157 bestvalit: 0.001215 bestmemit:    1.165331    6.039163    1.000000    0.000000  639.148084
Iteration: 158 bestvalit: 0.001215 bestmemit:    1.165331    6.039163    1.000000    0.000000  639.148084
Iteration: 159 bestvalit: 0.001215 bestmemit:    1.165331    6.039163    1.000000    0.000000  639.148084
Iteration: 160 bestvalit: 0.001215 bestmemit:    1.165331    6.039163    1.000000    0.000000  639.148084
Iteration: 161 bestvalit: 0.001211 bestmemit:    1.622144   -1.451899    1.000000    0.000000  645.144599
Iteration: 162 bestvalit: 0.001211 bestmemit:    1.622144   -1.451899    1.000000    0.000000  645.144599
Iteration: 163 bestvalit: 0.001211 bestmemit:    1.622144   -1.451899    1.000000    0.000000  645.144599
Iteration: 164 bestvalit: 0.001211 bestmemit:    1.622144   -1.451899    1.000000    0.000000  645.144599
Iteration: 165 bestvalit: 0.001211 bestmemit:    1.622144   -1.451899    1.000000    0.000000  645.144599
Iteration: 166 bestvalit: 0.001211 bestmemit:    1.622144   -1.451899    1.000000    0.000000  645.144599
Iteration: 167 bestvalit: 0.001211 bestmemit:    1.622144   -1.451899    1.000000    0.000000  645.144599
Iteration: 168 bestvalit: 0.001211 bestmemit:    1.622144   -1.451899    1.000000    0.000000  645.144599
Iteration: 169 bestvalit: 0.001211 bestmemit:    1.622144   -1.451899    1.000000    0.000000  645.144599
Iteration: 170 bestvalit: 0.001211 bestmemit:    1.622144   -1.451899    1.000000    0.000000  645.144599
Iteration: 171 bestvalit: 0.001211 bestmemit:    1.622144   -1.451899    1.000000    0.000000  645.144599
Iteration: 172 bestvalit: 0.001211 bestmemit:    1.622144   -1.451899    1.000000    0.000000  645.144599
Iteration: 173 bestvalit: 0.001209 bestmemit:    1.600450   19.352495    1.000000    0.000000  652.685653
Iteration: 174 bestvalit: 0.001209 bestmemit:    1.600450   19.352495    1.000000    0.000000  652.685653
Iteration: 175 bestvalit: 0.001206 bestmemit:    1.933567   14.471897    1.000000    0.000000  640.620134
Iteration: 176 bestvalit: 0.001206 bestmemit:    1.933567   14.471897    1.000000    0.000000  640.620134
Iteration: 177 bestvalit: 0.001206 bestmemit:    1.933567   14.471897    1.000000    0.000000  640.620134
Iteration: 178 bestvalit: 0.001206 bestmemit:    1.933567   14.471897    1.000000    0.000000  640.620134
Iteration: 179 bestvalit: 0.001206 bestmemit:    1.933567   14.471897    1.000000    0.000000  640.620134
Iteration: 180 bestvalit: 0.001206 bestmemit:    1.933567   14.471897    1.000000    0.000000  640.620134
Iteration: 181 bestvalit: 0.001206 bestmemit:    1.933567   14.471897    1.000000    0.000000  640.620134
Iteration: 182 bestvalit: 0.001206 bestmemit:    1.933567   14.471897    1.000000    0.000000  640.620134
Iteration: 183 bestvalit: 0.001206 bestmemit:    1.933567   14.471897    1.000000    0.000000  640.620134
Iteration: 184 bestvalit: 0.001206 bestmemit:    1.933567   14.471897    1.000000    0.000000  640.620134
Iteration: 185 bestvalit: 0.001206 bestmemit:    1.933567   14.471897    1.000000    0.000000  640.620134
Iteration: 186 bestvalit: 0.001206 bestmemit:    1.933567   14.471897    1.000000    0.000000  640.620134
Iteration: 187 bestvalit: 0.001206 bestmemit:    1.933567   14.471897    1.000000    0.000000  640.620134
Iteration: 188 bestvalit: 0.001206 bestmemit:    1.933567   14.471897    1.000000    0.000000  640.620134
Iteration: 189 bestvalit: 0.001206 bestmemit:    1.933567   14.471897    1.000000    0.000000  640.620134
Iteration: 190 bestvalit: 0.001206 bestmemit:    1.933567   14.471897    1.000000    0.000000  640.620134
Iteration: 191 bestvalit: 0.001206 bestmemit:    1.933567   14.471897    1.000000    0.000000  640.620134
Iteration: 192 bestvalit: 0.001206 bestmemit:    1.933567   14.471897    1.000000    0.000000  640.620134
Iteration: 193 bestvalit: 0.001206 bestmemit:    1.933567   14.471897    1.000000    0.000000  640.620134
Iteration: 194 bestvalit: 0.001206 bestmemit:    1.933567   14.471897    1.000000    0.000000  640.620134
Iteration: 195 bestvalit: 0.001206 bestmemit:    1.933567   14.471897    1.000000    0.000000  640.620134
Iteration: 196 bestvalit: 0.001206 bestmemit:    1.933567   14.471897    1.000000    0.000000  640.620134
Iteration: 197 bestvalit: 0.001206 bestmemit:    1.933567   14.471897    1.000000    0.000000  640.620134
Iteration: 198 bestvalit: 0.001206 bestmemit:    1.933567   14.471897    1.000000    0.000000  640.620134
Iteration: 199 bestvalit: 0.001206 bestmemit:    1.933567   14.471897    1.000000    0.000000  640.620134
Iteration: 200 bestvalit: 0.001206 bestmemit:    1.933567   14.471897    1.000000    0.000000  640.620134
Iteration: 201 bestvalit: 0.001206 bestmemit:    1.933567   14.471897    1.000000    0.000000  640.620134
Iteration: 202 bestvalit: 0.001206 bestmemit:    1.933567   14.471897    1.000000    0.000000  640.620134
Iteration: 203 bestvalit: 0.001206 bestmemit:    1.933567   14.471897    1.000000    0.000000  640.620134
Iteration: 204 bestvalit: 0.001206 bestmemit:    1.933567   14.471897    1.000000    0.000000  640.620134
Iteration: 205 bestvalit: 0.001206 bestmemit:    1.933567   14.471897    1.000000    0.000000  640.620134
Iteration: 206 bestvalit: 0.001206 bestmemit:    1.933567   14.471897    1.000000    0.000000  640.620134
Iteration: 207 bestvalit: 0.001206 bestmemit:    1.933567   14.471897    1.000000    0.000000  640.620134
Iteration: 208 bestvalit: 0.001206 bestmemit:    1.933567   14.471897    1.000000    0.000000  640.620134
Iteration: 209 bestvalit: 0.001206 bestmemit:    1.933567   14.471897    1.000000    0.000000  640.620134
Iteration: 210 bestvalit: 0.001206 bestmemit:    1.933567   14.471897    1.000000    0.000000  640.620134
Iteration: 211 bestvalit: 0.001206 bestmemit:    1.933567   14.471897    1.000000    0.000000  640.620134
Iteration: 212 bestvalit: 0.001206 bestmemit:    1.933567   14.471897    1.000000    0.000000  640.620134
Iteration: 213 bestvalit: 0.001206 bestmemit:    1.933567   14.471897    1.000000    0.000000  640.620134
Iteration: 214 bestvalit: 0.001206 bestmemit:    1.933567   14.471897    1.000000    0.000000  640.620134
Iteration: 215 bestvalit: 0.001206 bestmemit:    1.933567   14.471897    1.000000    0.000000  640.620134
Iteration: 216 bestvalit: 0.001206 bestmemit:    1.933567   14.471897    1.000000    0.000000  640.620134
Iteration: 217 bestvalit: 0.001206 bestmemit:    1.933567   14.471897    1.000000    0.000000  640.620134
Iteration: 218 bestvalit: 0.001206 bestmemit:    1.933567   14.471897    1.000000    0.000000  640.620134
Iteration: 219 bestvalit: 0.001206 bestmemit:    1.933567   14.471897    1.000000    0.000000  640.620134
Iteration: 220 bestvalit: 0.001206 bestmemit:    1.933567   14.471897    1.000000    0.000000  640.620134
Iteration: 221 bestvalit: 0.001206 bestmemit:    1.933567   14.471897    1.000000    0.000000  640.620134
Iteration: 222 bestvalit: 0.001206 bestmemit:    1.933567   14.471897    1.000000    0.000000  640.620134
Iteration: 223 bestvalit: 0.001206 bestmemit:    1.933567   14.471897    1.000000    0.000000  640.620134
Iteration: 224 bestvalit: 0.001206 bestmemit:    1.933567   14.471897    1.000000    0.000000  640.620134
Iteration: 225 bestvalit: 0.001206 bestmemit:    1.933567   14.471897    1.000000    0.000000  640.620134
Iteration: 226 bestvalit: 0.001206 bestmemit:    1.933567   14.471897    1.000000    0.000000  640.620134
Iteration: 227 bestvalit: 0.001206 bestmemit:    1.933567   14.471897    1.000000    0.000000  640.620134
Iteration: 228 bestvalit: 0.001203 bestmemit:    1.723366    9.714323    1.000000    0.000000  634.523284
Iteration: 229 bestvalit: 0.001203 bestmemit:    1.723366    9.714323    1.000000    0.000000  634.523284
Iteration: 230 bestvalit: 0.001203 bestmemit:    1.723366    9.714323    1.000000    0.000000  634.523284
Iteration: 231 bestvalit: 0.001203 bestmemit:    1.723366    9.714323    1.000000    0.000000  634.523284
Iteration: 232 bestvalit: 0.001203 bestmemit:    1.723366    9.714323    1.000000    0.000000  634.523284
Iteration: 233 bestvalit: 0.001203 bestmemit:    1.723366    9.714323    1.000000    0.000000  634.523284
Iteration: 234 bestvalit: 0.001203 bestmemit:    1.723366    9.714323    1.000000    0.000000  634.523284
Iteration: 235 bestvalit: 0.001203 bestmemit:    1.723366    9.714323    1.000000    0.000000  634.523284
Iteration: 236 bestvalit: 0.001203 bestmemit:    1.723366    9.714323    1.000000    0.000000  634.523284
Iteration: 237 bestvalit: 0.001203 bestmemit:    1.723366    9.714323    1.000000    0.000000  634.523284
Iteration: 238 bestvalit: 0.001203 bestmemit:    1.723366    9.714323    1.000000    0.000000  634.523284
Iteration: 239 bestvalit: 0.001203 bestmemit:    1.723366    9.714323    1.000000    0.000000  634.523284
Iteration: 240 bestvalit: 0.001203 bestmemit:    1.723366    9.714323    1.000000    0.000000  634.523284
Iteration: 241 bestvalit: 0.001203 bestmemit:    1.723366    9.714323    1.000000    0.000000  634.523284
Iteration: 242 bestvalit: 0.001203 bestmemit:    1.723366    9.714323    1.000000    0.000000  634.523284
Iteration: 243 bestvalit: 0.001203 bestmemit:    1.723366    9.714323    1.000000    0.000000  634.523284
Iteration: 244 bestvalit: 0.001203 bestmemit:    1.723366    9.714323    1.000000    0.000000  634.523284
Iteration: 245 bestvalit: 0.001203 bestmemit:    1.723366    9.714323    1.000000    0.000000  634.523284
Iteration: 246 bestvalit: 0.001203 bestmemit:    1.723366    9.714323    1.000000    0.000000  634.523284
Iteration: 247 bestvalit: 0.001203 bestmemit:    1.723366    9.714323    1.000000    0.000000  634.523284
Iteration: 248 bestvalit: 0.001203 bestmemit:    1.723366    9.714323    1.000000    0.000000  634.523284
Iteration: 249 bestvalit: 0.001203 bestmemit:    1.723366    9.714323    1.000000    0.000000  634.523284
Iteration: 250 bestvalit: 0.001203 bestmemit:    1.723366    9.714323    1.000000    0.000000  634.523284
Iteration: 251 bestvalit: 0.001203 bestmemit:    1.723366    9.714323    1.000000    0.000000  634.523284
Iteration: 252 bestvalit: 0.001203 bestmemit:    1.723366    9.714323    1.000000    0.000000  634.523284
Iteration: 253 bestvalit: 0.001203 bestmemit:    1.723366    9.714323    1.000000    0.000000  634.523284
Iteration: 254 bestvalit: 0.001203 bestmemit:    1.723366    9.714323    1.000000    0.000000  634.523284
Iteration: 255 bestvalit: 0.001203 bestmemit:    1.723366    9.714323    1.000000    0.000000  634.523284
Iteration: 256 bestvalit: 0.001203 bestmemit:    1.723366    9.714323    1.000000    0.000000  634.523284
Iteration: 257 bestvalit: 0.001203 bestmemit:    1.723366    9.714323    1.000000    0.000000  634.523284
Iteration: 258 bestvalit: 0.001203 bestmemit:    1.723366    9.714323    1.000000    0.000000  634.523284
Iteration: 259 bestvalit: 0.001203 bestmemit:    1.723366    9.714323    1.000000    0.000000  634.523284
Iteration: 260 bestvalit: 0.001203 bestmemit:    1.723366    9.714323    1.000000    0.000000  634.523284
Iteration: 261 bestvalit: 0.001203 bestmemit:    1.723366    9.714323    1.000000    0.000000  634.523284
Iteration: 262 bestvalit: 0.001203 bestmemit:    1.723366    9.714323    1.000000    0.000000  634.523284
Iteration: 263 bestvalit: 0.001203 bestmemit:    1.723366    9.714323    1.000000    0.000000  634.523284
Iteration: 264 bestvalit: 0.001203 bestmemit:    1.723366    9.714323    1.000000    0.000000  634.523284
Iteration: 265 bestvalit: 0.001203 bestmemit:    1.723366    9.714323    1.000000    0.000000  634.523284
Iteration: 266 bestvalit: 0.001203 bestmemit:    1.723366    9.714323    1.000000    0.000000  634.523284
Iteration: 267 bestvalit: 0.001203 bestmemit:    1.723366    9.714323    1.000000    0.000000  634.523284
Iteration: 268 bestvalit: 0.001203 bestmemit:    1.723366    9.714323    1.000000    0.000000  634.523284
Iteration: 269 bestvalit: 0.001203 bestmemit:    1.723366    9.714323    1.000000    0.000000  634.523284
Iteration: 270 bestvalit: 0.001203 bestmemit:    1.723366    9.714323    1.000000    0.000000  634.523284
Iteration: 271 bestvalit: 0.001203 bestmemit:    1.723366    9.714323    1.000000    0.000000  634.523284
Iteration: 272 bestvalit: 0.001203 bestmemit:    1.723366    9.714323    1.000000    0.000000  634.523284
Iteration: 273 bestvalit: 0.001203 bestmemit:    1.723366    9.714323    1.000000    0.000000  634.523284
Iteration: 274 bestvalit: 0.001203 bestmemit:    1.723366    9.714323    1.000000    0.000000  634.523284
Iteration: 275 bestvalit: 0.001203 bestmemit:    1.723366    9.714323    1.000000    0.000000  634.523284
Iteration: 276 bestvalit: 0.001203 bestmemit:    1.723366    9.714323    1.000000    0.000000  634.523284
Iteration: 277 bestvalit: 0.001203 bestmemit:    1.723366    9.714323    1.000000    0.000000  634.523284
Iteration: 278 bestvalit: 0.001203 bestmemit:    1.723366    9.714323    1.000000    0.000000  634.523284
Iteration: 279 bestvalit: 0.001203 bestmemit:    1.723366    9.714323    1.000000    0.000000  634.523284
Iteration: 280 bestvalit: 0.001203 bestmemit:    1.723366    9.714323    1.000000    0.000000  634.523284
Iteration: 281 bestvalit: 0.001203 bestmemit:    1.723366    9.714323    1.000000    0.000000  634.523284
Iteration: 282 bestvalit: 0.001203 bestmemit:    1.723366    9.714323    1.000000    0.000000  634.523284
Iteration: 283 bestvalit: 0.001203 bestmemit:    1.723366    9.714323    1.000000    0.000000  634.523284
Iteration: 284 bestvalit: 0.001203 bestmemit:    1.723366    9.714323    1.000000    0.000000  634.523284
Iteration: 285 bestvalit: 0.001203 bestmemit:    1.723366    9.714323    1.000000    0.000000  634.523284
Iteration: 286 bestvalit: 0.001203 bestmemit:    1.723366    9.714323    1.000000    0.000000  634.523284
Iteration: 287 bestvalit: 0.001203 bestmemit:    1.723366    9.714323    1.000000    0.000000  634.523284
Iteration: 288 bestvalit: 0.001203 bestmemit:    1.723366    9.714323    1.000000    0.000000  634.523284
Iteration: 289 bestvalit: 0.001203 bestmemit:    1.723366    9.714323    1.000000    0.000000  634.523284
Iteration: 290 bestvalit: 0.001203 bestmemit:    1.723366    9.714323    1.000000    0.000000  634.523284
Iteration: 291 bestvalit: 0.001203 bestmemit:    1.723366    9.714323    1.000000    0.000000  634.523284
Iteration: 292 bestvalit: 0.001203 bestmemit:    1.723366    9.714323    1.000000    0.000000  634.523284
Iteration: 293 bestvalit: 0.001203 bestmemit:    1.723366    9.714323    1.000000    0.000000  634.523284
Iteration: 294 bestvalit: 0.001203 bestmemit:    1.723366    9.714323    1.000000    0.000000  634.523284
Iteration: 295 bestvalit: 0.001203 bestmemit:    1.723366    9.714323    1.000000    0.000000  634.523284
Iteration: 296 bestvalit: 0.001203 bestmemit:    1.723366    9.714323    1.000000    0.000000  634.523284
Iteration: 297 bestvalit: 0.001203 bestmemit:    1.723366    9.714323    1.000000    0.000000  634.523284
Iteration: 298 bestvalit: 0.001203 bestmemit:    1.723366    9.714323    1.000000    0.000000  634.523284
Iteration: 299 bestvalit: 0.001203 bestmemit:    1.723366    9.714323    1.000000    0.000000  634.523284
Iteration: 300 bestvalit: 0.001203 bestmemit:    1.723366    9.714323    1.000000    0.000000  634.523284
Iteration: 301 bestvalit: 0.001203 bestmemit:    1.723366    9.714323    1.000000    0.000000  634.523284
Iteration: 302 bestvalit: 0.001203 bestmemit:    1.723366    9.714323    1.000000    0.000000  634.523284
Iteration: 303 bestvalit: 0.001203 bestmemit:    1.723366    9.714323    1.000000    0.000000  634.523284
Iteration: 304 bestvalit: 0.001203 bestmemit:    1.723366    9.714323    1.000000    0.000000  634.523284
Iteration: 305 bestvalit: 0.001203 bestmemit:    1.723366    9.714323    1.000000    0.000000  634.523284
Iteration: 306 bestvalit: 0.001203 bestmemit:    1.723366    9.714323    1.000000    0.000000  634.523284
Iteration: 307 bestvalit: 0.001203 bestmemit:    1.723366    9.714323    1.000000    0.000000  634.523284
Iteration: 308 bestvalit: 0.001203 bestmemit:    1.723366    9.714323    1.000000    0.000000  634.523284
Iteration: 309 bestvalit: 0.001203 bestmemit:    1.723366    9.714323    1.000000    0.000000  634.523284
Iteration: 310 bestvalit: 0.001203 bestmemit:    1.723366    9.714323    1.000000    0.000000  634.523284
Iteration: 311 bestvalit: 0.001203 bestmemit:    1.723366    9.714323    1.000000    0.000000  634.523284
Iteration: 312 bestvalit: 0.001203 bestmemit:    1.723366    9.714323    1.000000    0.000000  634.523284
Iteration: 313 bestvalit: 0.001203 bestmemit:    1.723366    9.714323    1.000000    0.000000  634.523284
Iteration: 314 bestvalit: 0.001203 bestmemit:    1.723366    9.714323    1.000000    0.000000  634.523284
Iteration: 315 bestvalit: 0.001203 bestmemit:    1.723366    9.714323    1.000000    0.000000  634.523284
Iteration: 316 bestvalit: 0.001203 bestmemit:    1.723366    9.714323    1.000000    0.000000  634.523284
Iteration: 317 bestvalit: 0.001203 bestmemit:    1.723366    9.714323    1.000000    0.000000  634.523284
Iteration: 318 bestvalit: 0.001203 bestmemit:    1.723366    9.714323    1.000000    0.000000  634.523284
Iteration: 319 bestvalit: 0.001203 bestmemit:    1.723366    9.714323    1.000000    0.000000  634.523284
Iteration: 320 bestvalit: 0.001203 bestmemit:    1.723366    9.714323    1.000000    0.000000  634.523284
Iteration: 321 bestvalit: 0.001203 bestmemit:    1.723366    9.714323    1.000000    0.000000  634.523284
Iteration: 322 bestvalit: 0.001203 bestmemit:    1.723366    9.714323    1.000000    0.000000  634.523284
Iteration: 323 bestvalit: 0.001203 bestmemit:    1.723366    9.714323    1.000000    0.000000  634.523284
Iteration: 324 bestvalit: 0.001203 bestmemit:    1.723366    9.714323    1.000000    0.000000  634.523284
Iteration: 325 bestvalit: 0.001203 bestmemit:    1.723366    9.714323    1.000000    0.000000  634.523284
Iteration: 326 bestvalit: 0.001203 bestmemit:    1.723366    9.714323    1.000000    0.000000  634.523284
Iteration: 327 bestvalit: 0.001203 bestmemit:    1.723366    9.714323    1.000000    0.000000  634.523284
Iteration: 328 bestvalit: 0.001203 bestmemit:    1.723366    9.714323    1.000000    0.000000  634.523284
Iteration: 329 bestvalit: 0.001203 bestmemit:    1.723366    9.714323    1.000000    0.000000  634.523284

***** summary of DEoptim object ***** 
best member   :  1.72337 9.71432 1 0 634.5233 
best value    :  0.0012 
after         :  329 generations 
fn evaluated  :  660 times 
*************************************
