SLURM_JOB_ID: 55336509
SLURM_JOB_USER: vsc34066
SLURM_JOB_ACCOUNT: lp_desenderlab
SLURM_JOB_NAME: fit_alternating_fb_beta_learn.slurm
SLURM_CLUSTER_NAME: genius
SLURM_JOB_PARTITION: batch
SLURM_ARRAY_JOB_ID: 55336494
SLURM_ARRAY_TASK_ID: 15
SLURM_NNODES: 1
SLURM_NODELIST: r22i13n23
SLURM_JOB_CPUS_PER_NODE: 8
Date: Tue Nov  7 16:44:02 CET 2023
Walltime: 00-23:00:00
========================================================================
Iteration: 1 bestvalit: 0.001468 bestmemit:    4.598553   80.882540    1.000000    0.000000  570.422681
Iteration: 2 bestvalit: 0.001468 bestmemit:    4.598553   80.882540    1.000000    0.000000  570.422681
Iteration: 3 bestvalit: 0.001468 bestmemit:    4.598553   80.882540    1.000000    0.000000  570.422681
Iteration: 4 bestvalit: 0.001468 bestmemit:    4.598553   80.882540    1.000000    0.000000  570.422681
Iteration: 5 bestvalit: 0.001468 bestmemit:    4.598553   80.882540    1.000000    0.000000  570.422681
Iteration: 6 bestvalit: 0.001278 bestmemit:    3.224525   35.326089    1.000000    0.000000  575.193177
Iteration: 7 bestvalit: 0.001278 bestmemit:    3.224525   35.326089    1.000000    0.000000  575.193177
Iteration: 8 bestvalit: 0.001278 bestmemit:    3.224525   35.326089    1.000000    0.000000  575.193177
Iteration: 9 bestvalit: 0.001278 bestmemit:    3.224525   35.326089    1.000000    0.000000  575.193177
Iteration: 10 bestvalit: 0.001253 bestmemit:    2.366605   35.326089    1.000000    0.000000  575.193177
Iteration: 11 bestvalit: 0.001253 bestmemit:    2.366605   35.326089    1.000000    0.000000  575.193177
Iteration: 12 bestvalit: 0.001249 bestmemit:    2.366605   35.326089    1.000000    0.000000  575.193177
Iteration: 13 bestvalit: 0.001249 bestmemit:    2.366605   35.326089    1.000000    0.000000  575.193177
Iteration: 14 bestvalit: 0.001249 bestmemit:    2.366605   35.326089    1.000000    0.000000  575.193177
Iteration: 15 bestvalit: 0.001149 bestmemit:    1.495550  -33.518184    1.000000    0.000000  635.462464
Iteration: 16 bestvalit: 0.001149 bestmemit:    1.495550  -33.518184    1.000000    0.000000  635.462464
Iteration: 17 bestvalit: 0.001149 bestmemit:    1.495550  -33.518184    1.000000    0.000000  635.462464
Iteration: 18 bestvalit: 0.001149 bestmemit:    1.495550  -33.518184    1.000000    0.000000  635.462464
Iteration: 19 bestvalit: 0.001149 bestmemit:    1.495550  -33.518184    1.000000    0.000000  635.462464
Iteration: 20 bestvalit: 0.001149 bestmemit:    1.495550  -33.518184    1.000000    0.000000  635.462464
Iteration: 21 bestvalit: 0.001149 bestmemit:    1.495550  -33.518184    1.000000    0.000000  635.462464
Iteration: 22 bestvalit: 0.001149 bestmemit:    1.495550  -33.518184    1.000000    0.000000  635.462464
Iteration: 23 bestvalit: 0.001149 bestmemit:    1.495550  -33.518184    1.000000    0.000000  635.462464
Iteration: 24 bestvalit: 0.001149 bestmemit:    1.495550  -33.518184    1.000000    0.000000  635.462464
Iteration: 25 bestvalit: 0.001146 bestmemit:    1.400529  -35.778409    1.000000    0.000000  609.895214
Iteration: 26 bestvalit: 0.001146 bestmemit:    1.400529  -35.778409    1.000000    0.000000  609.895214
Iteration: 27 bestvalit: 0.001137 bestmemit:    1.471472  -31.547745    1.000000    0.000000  627.790207
Iteration: 28 bestvalit: 0.001137 bestmemit:    1.471472  -31.547745    1.000000    0.000000  627.790207
Iteration: 29 bestvalit: 0.001137 bestmemit:    1.471472  -31.547745    1.000000    0.000000  627.790207
Iteration: 30 bestvalit: 0.001137 bestmemit:    1.471472  -31.547745    1.000000    0.000000  627.790207
Iteration: 31 bestvalit: 0.001130 bestmemit:    2.186584  -43.511300    1.000000    0.000000  635.589634
Iteration: 32 bestvalit: 0.001130 bestmemit:    2.186584  -43.511300    1.000000    0.000000  635.589634
Iteration: 33 bestvalit: 0.001130 bestmemit:    2.186584  -43.511300    1.000000    0.000000  635.589634
Iteration: 34 bestvalit: 0.001130 bestmemit:    2.186584  -43.511300    1.000000    0.000000  635.589634
Iteration: 35 bestvalit: 0.001130 bestmemit:    2.186584  -43.511300    1.000000    0.000000  635.589634
Iteration: 36 bestvalit: 0.001130 bestmemit:    2.186584  -43.511300    1.000000    0.000000  635.589634
Iteration: 37 bestvalit: 0.001121 bestmemit:    1.471472  -31.547745    1.000000    0.000000  627.790207
Iteration: 38 bestvalit: 0.001121 bestmemit:    1.471472  -31.547745    1.000000    0.000000  627.790207
Iteration: 39 bestvalit: 0.001121 bestmemit:    1.471472  -31.547745    1.000000    0.000000  627.790207
Iteration: 40 bestvalit: 0.001121 bestmemit:    1.471472  -31.547745    1.000000    0.000000  627.790207
Iteration: 41 bestvalit: 0.001121 bestmemit:    1.471472  -31.547745    1.000000    0.000000  627.790207
Iteration: 42 bestvalit: 0.001121 bestmemit:    1.471472  -31.547745    1.000000    0.000000  627.790207
Iteration: 43 bestvalit: 0.001121 bestmemit:    1.471472  -31.547745    1.000000    0.000000  627.790207
Iteration: 44 bestvalit: 0.001121 bestmemit:    1.471472  -31.547745    1.000000    0.000000  627.790207
Iteration: 45 bestvalit: 0.001121 bestmemit:    1.471472  -31.547745    1.000000    0.000000  627.790207
Iteration: 46 bestvalit: 0.001121 bestmemit:    1.471472  -31.547745    1.000000    0.000000  627.790207
Iteration: 47 bestvalit: 0.001121 bestmemit:    1.471472  -31.547745    1.000000    0.000000  627.790207
Iteration: 48 bestvalit: 0.001121 bestmemit:    1.471472  -31.547745    1.000000    0.000000  627.790207
Iteration: 49 bestvalit: 0.001121 bestmemit:    1.471472  -31.547745    1.000000    0.000000  627.790207
Iteration: 50 bestvalit: 0.001121 bestmemit:    1.471472  -31.547745    1.000000    0.000000  627.790207
Iteration: 51 bestvalit: 0.001121 bestmemit:    1.471472  -31.547745    1.000000    0.000000  627.790207
Iteration: 52 bestvalit: 0.001121 bestmemit:    1.471472  -31.547745    1.000000    0.000000  627.790207
Iteration: 53 bestvalit: 0.001121 bestmemit:    1.471472  -31.547745    1.000000    0.000000  627.790207
Iteration: 54 bestvalit: 0.001121 bestmemit:    1.471472  -31.547745    1.000000    0.000000  627.790207
Iteration: 55 bestvalit: 0.001120 bestmemit:    1.540263    0.791823    1.000000    0.000000  632.652322
Iteration: 56 bestvalit: 0.001120 bestmemit:    1.540263    0.791823    1.000000    0.000000  632.652322
Iteration: 57 bestvalit: 0.001120 bestmemit:    1.540263    0.791823    1.000000    0.000000  632.652322
Iteration: 58 bestvalit: 0.001120 bestmemit:    1.540263    0.791823    1.000000    0.000000  632.652322
Iteration: 59 bestvalit: 0.001120 bestmemit:    1.540263    0.791823    1.000000    0.000000  632.652322
Iteration: 60 bestvalit: 0.001120 bestmemit:    1.540263    0.791823    1.000000    0.000000  632.652322
Iteration: 61 bestvalit: 0.001120 bestmemit:    1.540263    0.791823    1.000000    0.000000  632.652322
Iteration: 62 bestvalit: 0.001120 bestmemit:    1.540263    0.791823    1.000000    0.000000  632.652322
Iteration: 63 bestvalit: 0.001119 bestmemit:    1.650359  -29.989471    1.000000    0.000000  620.504217
Iteration: 64 bestvalit: 0.001119 bestmemit:    1.650359  -29.989471    1.000000    0.000000  620.504217
Iteration: 65 bestvalit: 0.001119 bestmemit:    1.650359  -29.989471    1.000000    0.000000  620.504217
Iteration: 66 bestvalit: 0.001119 bestmemit:    1.650359  -29.989471    1.000000    0.000000  620.504217
Iteration: 67 bestvalit: 0.001119 bestmemit:    1.650359  -29.989471    1.000000    0.000000  620.504217
Iteration: 68 bestvalit: 0.001119 bestmemit:    1.650359  -29.989471    1.000000    0.000000  620.504217
Iteration: 69 bestvalit: 0.001119 bestmemit:    1.650359  -29.989471    1.000000    0.000000  620.504217
Iteration: 70 bestvalit: 0.001119 bestmemit:    1.650359  -29.989471    1.000000    0.000000  620.504217
Iteration: 71 bestvalit: 0.001119 bestmemit:    1.650359  -29.989471    1.000000    0.000000  620.504217
Iteration: 72 bestvalit: 0.001119 bestmemit:    1.650359  -29.989471    1.000000    0.000000  620.504217
Iteration: 73 bestvalit: 0.001118 bestmemit:    1.579522  -19.986677    1.000000    0.000000  627.200221
Iteration: 74 bestvalit: 0.001118 bestmemit:    1.579522  -19.986677    1.000000    0.000000  627.200221
Iteration: 75 bestvalit: 0.001118 bestmemit:    2.156028  -11.946385    1.000000    0.000000  630.681600
Iteration: 76 bestvalit: 0.001118 bestmemit:    2.156028  -11.946385    1.000000    0.000000  630.681600
Iteration: 77 bestvalit: 0.001118 bestmemit:    2.156028  -11.946385    1.000000    0.000000  630.681600
Iteration: 78 bestvalit: 0.001118 bestmemit:    2.156028  -11.946385    1.000000    0.000000  630.681600
Iteration: 79 bestvalit: 0.001118 bestmemit:    2.156028  -11.946385    1.000000    0.000000  630.681600
Iteration: 80 bestvalit: 0.001118 bestmemit:    2.156028  -11.946385    1.000000    0.000000  630.681600
Iteration: 81 bestvalit: 0.001118 bestmemit:    2.156028  -11.946385    1.000000    0.000000  630.681600
Iteration: 82 bestvalit: 0.001108 bestmemit:    1.752973  -33.895307    1.000000    0.000000  627.999812
Iteration: 83 bestvalit: 0.001108 bestmemit:    1.752973  -33.895307    1.000000    0.000000  627.999812
Iteration: 84 bestvalit: 0.001108 bestmemit:    1.752973  -33.895307    1.000000    0.000000  627.999812
Iteration: 85 bestvalit: 0.001095 bestmemit:    2.227201   23.923537    1.000000    0.000000  632.272149
Iteration: 86 bestvalit: 0.001095 bestmemit:    2.227201   23.923537    1.000000    0.000000  632.272149
Iteration: 87 bestvalit: 0.001095 bestmemit:    2.227201   23.923537    1.000000    0.000000  632.272149
Iteration: 88 bestvalit: 0.001095 bestmemit:    2.227201   23.923537    1.000000    0.000000  632.272149
Iteration: 89 bestvalit: 0.001095 bestmemit:    2.227201   23.923537    1.000000    0.000000  632.272149
Iteration: 90 bestvalit: 0.001095 bestmemit:    2.227201   23.923537    1.000000    0.000000  632.272149
Iteration: 91 bestvalit: 0.001095 bestmemit:    2.227201   23.923537    1.000000    0.000000  632.272149
Iteration: 92 bestvalit: 0.001095 bestmemit:    2.227201   23.923537    1.000000    0.000000  632.272149
Iteration: 93 bestvalit: 0.001095 bestmemit:    2.227201   23.923537    1.000000    0.000000  632.272149
Iteration: 94 bestvalit: 0.001095 bestmemit:    2.227201   23.923537    1.000000    0.000000  632.272149
Iteration: 95 bestvalit: 0.001095 bestmemit:    2.227201   23.923537    1.000000    0.000000  632.272149
Iteration: 96 bestvalit: 0.001095 bestmemit:    2.227201   23.923537    1.000000    0.000000  632.272149
Iteration: 97 bestvalit: 0.001095 bestmemit:    2.227201   23.923537    1.000000    0.000000  632.272149
Iteration: 98 bestvalit: 0.001095 bestmemit:    2.227201   23.923537    1.000000    0.000000  632.272149
Iteration: 99 bestvalit: 0.001095 bestmemit:    2.227201   23.923537    1.000000    0.000000  632.272149
Iteration: 100 bestvalit: 0.001095 bestmemit:    2.227201   23.923537    1.000000    0.000000  632.272149
Iteration: 101 bestvalit: 0.001095 bestmemit:    2.227201   23.923537    1.000000    0.000000  632.272149
Iteration: 102 bestvalit: 0.001095 bestmemit:    2.227201   23.923537    1.000000    0.000000  632.272149
Iteration: 103 bestvalit: 0.001095 bestmemit:    2.227201   23.923537    1.000000    0.000000  632.272149
Iteration: 104 bestvalit: 0.001095 bestmemit:    2.227201   23.923537    1.000000    0.000000  632.272149
Iteration: 105 bestvalit: 0.001095 bestmemit:    2.227201   23.923537    1.000000    0.000000  632.272149
Iteration: 106 bestvalit: 0.001095 bestmemit:    2.227201   23.923537    1.000000    0.000000  632.272149
Iteration: 107 bestvalit: 0.001095 bestmemit:    2.227201   23.923537    1.000000    0.000000  632.272149
Iteration: 108 bestvalit: 0.001095 bestmemit:    2.227201   23.923537    1.000000    0.000000  632.272149
Iteration: 109 bestvalit: 0.001095 bestmemit:    2.227201   23.923537    1.000000    0.000000  632.272149
Iteration: 110 bestvalit: 0.001095 bestmemit:    2.227201   23.923537    1.000000    0.000000  632.272149
Iteration: 111 bestvalit: 0.001095 bestmemit:    2.227201   23.923537    1.000000    0.000000  632.272149
Iteration: 112 bestvalit: 0.001095 bestmemit:    2.227201   23.923537    1.000000    0.000000  632.272149
Iteration: 113 bestvalit: 0.001095 bestmemit:    2.227201   23.923537    1.000000    0.000000  632.272149
Iteration: 114 bestvalit: 0.001095 bestmemit:    2.227201   23.923537    1.000000    0.000000  632.272149
Iteration: 115 bestvalit: 0.001095 bestmemit:    2.227201   23.923537    1.000000    0.000000  632.272149
Iteration: 116 bestvalit: 0.001095 bestmemit:    2.227201   23.923537    1.000000    0.000000  632.272149
Iteration: 117 bestvalit: 0.001095 bestmemit:    2.227201   23.923537    1.000000    0.000000  632.272149
Iteration: 118 bestvalit: 0.001095 bestmemit:    2.227201   23.923537    1.000000    0.000000  632.272149
Iteration: 119 bestvalit: 0.001095 bestmemit:    2.227201   23.923537    1.000000    0.000000  632.272149
Iteration: 120 bestvalit: 0.001095 bestmemit:    2.227201   23.923537    1.000000    0.000000  632.272149
Iteration: 121 bestvalit: 0.001095 bestmemit:    2.227201   23.923537    1.000000    0.000000  632.272149
Iteration: 122 bestvalit: 0.001095 bestmemit:    2.227201   23.923537    1.000000    0.000000  632.272149
Iteration: 123 bestvalit: 0.001095 bestmemit:    2.227201   23.923537    1.000000    0.000000  632.272149
Iteration: 124 bestvalit: 0.001095 bestmemit:    2.227201   23.923537    1.000000    0.000000  632.272149
Iteration: 125 bestvalit: 0.001095 bestmemit:    2.227201   23.923537    1.000000    0.000000  632.272149
Iteration: 126 bestvalit: 0.001095 bestmemit:    2.227201   23.923537    1.000000    0.000000  632.272149
Iteration: 127 bestvalit: 0.001095 bestmemit:    2.227201   23.923537    1.000000    0.000000  632.272149
Iteration: 128 bestvalit: 0.001095 bestmemit:    2.227201   23.923537    1.000000    0.000000  632.272149
Iteration: 129 bestvalit: 0.001095 bestmemit:    2.227201   23.923537    1.000000    0.000000  632.272149
Iteration: 130 bestvalit: 0.001095 bestmemit:    2.227201   23.923537    1.000000    0.000000  632.272149
Iteration: 131 bestvalit: 0.001095 bestmemit:    2.227201   23.923537    1.000000    0.000000  632.272149
Iteration: 132 bestvalit: 0.001095 bestmemit:    2.227201   23.923537    1.000000    0.000000  632.272149
Iteration: 133 bestvalit: 0.001095 bestmemit:    2.227201   23.923537    1.000000    0.000000  632.272149
Iteration: 134 bestvalit: 0.001095 bestmemit:    2.227201   23.923537    1.000000    0.000000  632.272149
Iteration: 135 bestvalit: 0.001095 bestmemit:    2.227201   23.923537    1.000000    0.000000  632.272149
Iteration: 136 bestvalit: 0.001095 bestmemit:    2.227201   23.923537    1.000000    0.000000  632.272149
Iteration: 137 bestvalit: 0.001095 bestmemit:    2.227201   23.923537    1.000000    0.000000  632.272149
Iteration: 138 bestvalit: 0.001095 bestmemit:    2.227201   23.923537    1.000000    0.000000  632.272149
Iteration: 139 bestvalit: 0.001095 bestmemit:    2.227201   23.923537    1.000000    0.000000  632.272149
Iteration: 140 bestvalit: 0.001095 bestmemit:    2.227201   23.923537    1.000000    0.000000  632.272149
Iteration: 141 bestvalit: 0.001095 bestmemit:    2.227201   23.923537    1.000000    0.000000  632.272149
Iteration: 142 bestvalit: 0.001095 bestmemit:    2.227201   23.923537    1.000000    0.000000  632.272149
Iteration: 143 bestvalit: 0.001095 bestmemit:    2.227201   23.923537    1.000000    0.000000  632.272149
Iteration: 144 bestvalit: 0.001095 bestmemit:    2.227201   23.923537    1.000000    0.000000  632.272149
Iteration: 145 bestvalit: 0.001095 bestmemit:    2.227201   23.923537    1.000000    0.000000  632.272149
Iteration: 146 bestvalit: 0.001095 bestmemit:    2.227201   23.923537    1.000000    0.000000  632.272149
Iteration: 147 bestvalit: 0.001095 bestmemit:    2.227201   23.923537    1.000000    0.000000  632.272149
Iteration: 148 bestvalit: 0.001095 bestmemit:    2.227201   23.923537    1.000000    0.000000  632.272149
Iteration: 149 bestvalit: 0.001095 bestmemit:    2.227201   23.923537    1.000000    0.000000  632.272149
Iteration: 150 bestvalit: 0.001095 bestmemit:    2.227201   23.923537    1.000000    0.000000  632.272149
Iteration: 151 bestvalit: 0.001095 bestmemit:    2.227201   23.923537    1.000000    0.000000  632.272149
Iteration: 152 bestvalit: 0.001095 bestmemit:    2.227201   23.923537    1.000000    0.000000  632.272149
Iteration: 153 bestvalit: 0.001095 bestmemit:    2.227201   23.923537    1.000000    0.000000  632.272149
Iteration: 154 bestvalit: 0.001095 bestmemit:    2.227201   23.923537    1.000000    0.000000  632.272149
Iteration: 155 bestvalit: 0.001095 bestmemit:    2.227201   23.923537    1.000000    0.000000  632.272149
Iteration: 156 bestvalit: 0.001095 bestmemit:    2.227201   23.923537    1.000000    0.000000  632.272149
Iteration: 157 bestvalit: 0.001095 bestmemit:    2.227201   23.923537    1.000000    0.000000  632.272149
Iteration: 158 bestvalit: 0.001095 bestmemit:    2.227201   23.923537    1.000000    0.000000  632.272149
Iteration: 159 bestvalit: 0.001095 bestmemit:    2.227201   23.923537    1.000000    0.000000  632.272149
Iteration: 160 bestvalit: 0.001095 bestmemit:    2.227201   23.923537    1.000000    0.000000  632.272149
Iteration: 161 bestvalit: 0.001095 bestmemit:    2.227201   23.923537    1.000000    0.000000  632.272149
Iteration: 162 bestvalit: 0.001095 bestmemit:    2.227201   23.923537    1.000000    0.000000  632.272149
Iteration: 163 bestvalit: 0.001095 bestmemit:    2.227201   23.923537    1.000000    0.000000  632.272149
Iteration: 164 bestvalit: 0.001095 bestmemit:    2.227201   23.923537    1.000000    0.000000  632.272149
Iteration: 165 bestvalit: 0.001095 bestmemit:    2.227201   23.923537    1.000000    0.000000  632.272149
Iteration: 166 bestvalit: 0.001095 bestmemit:    2.227201   23.923537    1.000000    0.000000  632.272149
Iteration: 167 bestvalit: 0.001095 bestmemit:    2.227201   23.923537    1.000000    0.000000  632.272149
Iteration: 168 bestvalit: 0.001095 bestmemit:    2.227201   23.923537    1.000000    0.000000  632.272149
Iteration: 169 bestvalit: 0.001095 bestmemit:    2.227201   23.923537    1.000000    0.000000  632.272149
Iteration: 170 bestvalit: 0.001095 bestmemit:    2.227201   23.923537    1.000000    0.000000  632.272149
Iteration: 171 bestvalit: 0.001095 bestmemit:    2.227201   23.923537    1.000000    0.000000  632.272149
Iteration: 172 bestvalit: 0.001095 bestmemit:    2.227201   23.923537    1.000000    0.000000  632.272149
Iteration: 173 bestvalit: 0.001095 bestmemit:    2.227201   23.923537    1.000000    0.000000  632.272149
Iteration: 174 bestvalit: 0.001095 bestmemit:    2.227201   23.923537    1.000000    0.000000  632.272149
Iteration: 175 bestvalit: 0.001095 bestmemit:    2.227201   23.923537    1.000000    0.000000  632.272149
Iteration: 176 bestvalit: 0.001095 bestmemit:    2.227201   23.923537    1.000000    0.000000  632.272149
Iteration: 177 bestvalit: 0.001095 bestmemit:    2.227201   23.923537    1.000000    0.000000  632.272149
Iteration: 178 bestvalit: 0.001095 bestmemit:    2.227201   23.923537    1.000000    0.000000  632.272149
Iteration: 179 bestvalit: 0.001095 bestmemit:    2.227201   23.923537    1.000000    0.000000  632.272149
Iteration: 180 bestvalit: 0.001095 bestmemit:    2.227201   23.923537    1.000000    0.000000  632.272149
Iteration: 181 bestvalit: 0.001095 bestmemit:    2.227201   23.923537    1.000000    0.000000  632.272149
Iteration: 182 bestvalit: 0.001095 bestmemit:    2.227201   23.923537    1.000000    0.000000  632.272149
Iteration: 183 bestvalit: 0.001095 bestmemit:    2.227201   23.923537    1.000000    0.000000  632.272149
Iteration: 184 bestvalit: 0.001095 bestmemit:    2.227201   23.923537    1.000000    0.000000  632.272149
Iteration: 185 bestvalit: 0.001095 bestmemit:    2.227201   23.923537    1.000000    0.000000  632.272149
Iteration: 186 bestvalit: 0.001095 bestmemit:    2.227201   23.923537    1.000000    0.000000  632.272149

***** summary of DEoptim object ***** 
best member   :  2.2272 23.92354 1 0 632.2722 
best value    :  0.0011 
after         :  186 generations 
fn evaluated  :  374 times 
*************************************
