SLURM_JOB_ID: 55336538
SLURM_JOB_USER: vsc34066
SLURM_JOB_ACCOUNT: lp_desenderlab
SLURM_JOB_NAME: fit_alternating_fb_beta_learn.slurm
SLURM_CLUSTER_NAME: genius
SLURM_JOB_PARTITION: batch
SLURM_ARRAY_JOB_ID: 55336494
SLURM_ARRAY_TASK_ID: 44
SLURM_NNODES: 2
SLURM_NODELIST: r23i13n[05,10]
SLURM_JOB_CPUS_PER_NODE: 4(x2)
Date: Tue Nov  7 16:43:55 CET 2023
Walltime: 00-23:00:00
========================================================================
Iteration: 1 bestvalit: 0.002500 bestmemit:   10.230248   52.625198    1.000000    0.000000  754.063462
Iteration: 2 bestvalit: 0.001253 bestmemit:    0.251445  -23.015901    1.000000    0.000000  690.613328
Iteration: 3 bestvalit: 0.001253 bestmemit:    0.251445  -23.015901    1.000000    0.000000  690.613328
Iteration: 4 bestvalit: 0.001253 bestmemit:    0.251445  -23.015901    1.000000    0.000000  690.613328
Iteration: 5 bestvalit: 0.001253 bestmemit:    0.251445  -23.015901    1.000000    0.000000  690.613328
Iteration: 6 bestvalit: 0.001253 bestmemit:    0.251445  -23.015901    1.000000    0.000000  690.613328
Iteration: 7 bestvalit: 0.001253 bestmemit:    0.251445  -23.015901    1.000000    0.000000  690.613328
Iteration: 8 bestvalit: 0.001252 bestmemit:    0.251445  -23.015901    1.000000    0.000000  690.613328
Iteration: 9 bestvalit: 0.001135 bestmemit:    0.736273  -50.980917    1.000000    0.000000  635.426500
Iteration: 10 bestvalit: 0.001135 bestmemit:    0.736273  -50.980917    1.000000    0.000000  635.426500
Iteration: 11 bestvalit: 0.001135 bestmemit:    0.736273  -50.980917    1.000000    0.000000  635.426500
Iteration: 12 bestvalit: 0.001135 bestmemit:    0.736273  -50.980917    1.000000    0.000000  635.426500
Iteration: 13 bestvalit: 0.001135 bestmemit:    0.736273  -50.980917    1.000000    0.000000  635.426500
Iteration: 14 bestvalit: 0.001135 bestmemit:    0.736273  -50.980917    1.000000    0.000000  635.426500
Iteration: 15 bestvalit: 0.001118 bestmemit:    1.290820  -34.473264    1.000000    0.000000  622.258876
Iteration: 16 bestvalit: 0.001118 bestmemit:    1.290820  -34.473264    1.000000    0.000000  622.258876
Iteration: 17 bestvalit: 0.001118 bestmemit:    1.290820  -34.473264    1.000000    0.000000  622.258876
Iteration: 18 bestvalit: 0.001118 bestmemit:    1.290820  -34.473264    1.000000    0.000000  622.258876
Iteration: 19 bestvalit: 0.001118 bestmemit:    1.290820  -34.473264    1.000000    0.000000  622.258876
Iteration: 20 bestvalit: 0.001118 bestmemit:    1.290820  -34.473264    1.000000    0.000000  622.258876
Iteration: 21 bestvalit: 0.001089 bestmemit:    1.290820  -34.473264    1.000000    0.000000  622.258876
Iteration: 22 bestvalit: 0.001071 bestmemit:    2.152170  -27.587829    1.000000    0.000000  623.370918
Iteration: 23 bestvalit: 0.001071 bestmemit:    2.152170  -27.587829    1.000000    0.000000  623.370918
Iteration: 24 bestvalit: 0.001071 bestmemit:    2.152170  -27.587829    1.000000    0.000000  623.370918
Iteration: 25 bestvalit: 0.001071 bestmemit:    2.152170  -27.587829    1.000000    0.000000  623.370918
Iteration: 26 bestvalit: 0.001071 bestmemit:    2.152170  -27.587829    1.000000    0.000000  623.370918
Iteration: 27 bestvalit: 0.001071 bestmemit:    2.152170  -27.587829    1.000000    0.000000  623.370918
Iteration: 28 bestvalit: 0.001071 bestmemit:    2.152170  -27.587829    1.000000    0.000000  623.370918
Iteration: 29 bestvalit: 0.001071 bestmemit:    2.152170  -27.587829    1.000000    0.000000  623.370918
Iteration: 30 bestvalit: 0.001071 bestmemit:    2.152170  -27.587829    1.000000    0.000000  623.370918
Iteration: 31 bestvalit: 0.001071 bestmemit:    2.152170  -27.587829    1.000000    0.000000  623.370918
Iteration: 32 bestvalit: 0.001071 bestmemit:    2.152170  -27.587829    1.000000    0.000000  623.370918
Iteration: 33 bestvalit: 0.001071 bestmemit:    2.152170  -27.587829    1.000000    0.000000  623.370918
Iteration: 34 bestvalit: 0.001071 bestmemit:    2.152170  -27.587829    1.000000    0.000000  623.370918
Iteration: 35 bestvalit: 0.001069 bestmemit:    1.807654   -3.717031    1.000000    0.000000  629.880397
Iteration: 36 bestvalit: 0.001069 bestmemit:    1.807654   -3.717031    1.000000    0.000000  629.880397
Iteration: 37 bestvalit: 0.001069 bestmemit:    1.807654   -3.717031    1.000000    0.000000  629.880397
Iteration: 38 bestvalit: 0.001069 bestmemit:    1.807654   -3.717031    1.000000    0.000000  629.880397
Iteration: 39 bestvalit: 0.001069 bestmemit:    3.014085   -8.933344    1.000000    0.000000  636.119621
Iteration: 40 bestvalit: 0.001069 bestmemit:    3.014085   -8.933344    1.000000    0.000000  636.119621
Iteration: 41 bestvalit: 0.001069 bestmemit:    3.014085   -8.933344    1.000000    0.000000  636.119621
Iteration: 42 bestvalit: 0.001069 bestmemit:    3.014085   -8.933344    1.000000    0.000000  636.119621
Iteration: 43 bestvalit: 0.001069 bestmemit:    3.014085   -8.933344    1.000000    0.000000  636.119621
Iteration: 44 bestvalit: 0.001069 bestmemit:    3.014085   -8.933344    1.000000    0.000000  636.119621
Iteration: 45 bestvalit: 0.001069 bestmemit:    3.014085   -8.933344    1.000000    0.000000  636.119621
Iteration: 46 bestvalit: 0.001069 bestmemit:    3.014085   -8.933344    1.000000    0.000000  636.119621
Iteration: 47 bestvalit: 0.001069 bestmemit:    3.014085   -8.933344    1.000000    0.000000  636.119621
Iteration: 48 bestvalit: 0.001069 bestmemit:    3.014085   -8.933344    1.000000    0.000000  636.119621
Iteration: 49 bestvalit: 0.001069 bestmemit:    3.014085   -8.933344    1.000000    0.000000  636.119621
Iteration: 50 bestvalit: 0.001069 bestmemit:    3.014085   -8.933344    1.000000    0.000000  636.119621
Iteration: 51 bestvalit: 0.001069 bestmemit:    3.014085   -8.933344    1.000000    0.000000  636.119621
Iteration: 52 bestvalit: 0.001069 bestmemit:    3.014085   -8.933344    1.000000    0.000000  636.119621
Iteration: 53 bestvalit: 0.001069 bestmemit:    3.014085   -8.933344    1.000000    0.000000  636.119621
Iteration: 54 bestvalit: 0.001069 bestmemit:    3.014085   -8.933344    1.000000    0.000000  636.119621
Iteration: 55 bestvalit: 0.001069 bestmemit:    3.014085   -8.933344    1.000000    0.000000  636.119621
Iteration: 56 bestvalit: 0.001069 bestmemit:    3.014085   -8.933344    1.000000    0.000000  636.119621
Iteration: 57 bestvalit: 0.001069 bestmemit:    3.014085   -8.933344    1.000000    0.000000  636.119621
Iteration: 58 bestvalit: 0.001069 bestmemit:    3.014085   -8.933344    1.000000    0.000000  636.119621
Iteration: 59 bestvalit: 0.001069 bestmemit:    3.014085   -8.933344    1.000000    0.000000  636.119621
Iteration: 60 bestvalit: 0.001069 bestmemit:    3.014085   -8.933344    1.000000    0.000000  636.119621
Iteration: 61 bestvalit: 0.001069 bestmemit:    3.014085   -8.933344    1.000000    0.000000  636.119621
Iteration: 62 bestvalit: 0.001069 bestmemit:    3.014085   -8.933344    1.000000    0.000000  636.119621
Iteration: 63 bestvalit: 0.001069 bestmemit:    3.014085   -8.933344    1.000000    0.000000  636.119621
Iteration: 64 bestvalit: 0.001069 bestmemit:    3.014085   -8.933344    1.000000    0.000000  636.119621
Iteration: 65 bestvalit: 0.001069 bestmemit:    3.014085   -8.933344    1.000000    0.000000  636.119621
Iteration: 66 bestvalit: 0.001069 bestmemit:    3.014085   -8.933344    1.000000    0.000000  636.119621
Iteration: 67 bestvalit: 0.001069 bestmemit:    3.014085   -8.933344    1.000000    0.000000  636.119621
Iteration: 68 bestvalit: 0.001069 bestmemit:    3.014085   -8.933344    1.000000    0.000000  636.119621
Iteration: 69 bestvalit: 0.001069 bestmemit:    3.014085   -8.933344    1.000000    0.000000  636.119621
Iteration: 70 bestvalit: 0.001069 bestmemit:    3.014085   -8.933344    1.000000    0.000000  636.119621
Iteration: 71 bestvalit: 0.001069 bestmemit:    3.014085   -8.933344    1.000000    0.000000  636.119621
Iteration: 72 bestvalit: 0.001069 bestmemit:    3.014085   -8.933344    1.000000    0.000000  636.119621
Iteration: 73 bestvalit: 0.001069 bestmemit:    3.014085   -8.933344    1.000000    0.000000  636.119621
Iteration: 74 bestvalit: 0.001069 bestmemit:    3.014085   -8.933344    1.000000    0.000000  636.119621
Iteration: 75 bestvalit: 0.001069 bestmemit:    3.014085   -8.933344    1.000000    0.000000  636.119621
Iteration: 76 bestvalit: 0.001069 bestmemit:    3.014085   -8.933344    1.000000    0.000000  636.119621
Iteration: 77 bestvalit: 0.001069 bestmemit:    3.014085   -8.933344    1.000000    0.000000  636.119621
Iteration: 78 bestvalit: 0.001069 bestmemit:    3.014085   -8.933344    1.000000    0.000000  636.119621
Iteration: 79 bestvalit: 0.001069 bestmemit:    3.014085   -8.933344    1.000000    0.000000  636.119621
Iteration: 80 bestvalit: 0.001069 bestmemit:    3.014085   -8.933344    1.000000    0.000000  636.119621
Iteration: 81 bestvalit: 0.001069 bestmemit:    3.014085   -8.933344    1.000000    0.000000  636.119621
Iteration: 82 bestvalit: 0.001069 bestmemit:    3.014085   -8.933344    1.000000    0.000000  636.119621
Iteration: 83 bestvalit: 0.001069 bestmemit:    3.014085   -8.933344    1.000000    0.000000  636.119621
Iteration: 84 bestvalit: 0.001069 bestmemit:    3.014085   -8.933344    1.000000    0.000000  636.119621
Iteration: 85 bestvalit: 0.001069 bestmemit:    3.014085   -8.933344    1.000000    0.000000  636.119621
Iteration: 86 bestvalit: 0.001069 bestmemit:    3.014085   -8.933344    1.000000    0.000000  636.119621
Iteration: 87 bestvalit: 0.001069 bestmemit:    3.014085   -8.933344    1.000000    0.000000  636.119621
Iteration: 88 bestvalit: 0.001069 bestmemit:    3.014085   -8.933344    1.000000    0.000000  636.119621
Iteration: 89 bestvalit: 0.001069 bestmemit:    3.014085   -8.933344    1.000000    0.000000  636.119621
Iteration: 90 bestvalit: 0.001069 bestmemit:    3.014085   -8.933344    1.000000    0.000000  636.119621
Iteration: 91 bestvalit: 0.001069 bestmemit:    3.014085   -8.933344    1.000000    0.000000  636.119621
Iteration: 92 bestvalit: 0.001069 bestmemit:    3.014085   -8.933344    1.000000    0.000000  636.119621
Iteration: 93 bestvalit: 0.001069 bestmemit:    3.014085   -8.933344    1.000000    0.000000  636.119621
Iteration: 94 bestvalit: 0.001069 bestmemit:    3.014085   -8.933344    1.000000    0.000000  636.119621
Iteration: 95 bestvalit: 0.001069 bestmemit:    3.014085   -8.933344    1.000000    0.000000  636.119621
Iteration: 96 bestvalit: 0.001068 bestmemit:    2.459550  -23.252806    1.000000    0.000000  628.101551
Iteration: 97 bestvalit: 0.001068 bestmemit:    2.459550  -23.252806    1.000000    0.000000  628.101551
Iteration: 98 bestvalit: 0.001068 bestmemit:    2.459550  -23.252806    1.000000    0.000000  628.101551
Iteration: 99 bestvalit: 0.001068 bestmemit:    2.459550  -23.252806    1.000000    0.000000  628.101551
Iteration: 100 bestvalit: 0.001068 bestmemit:    2.459550  -23.252806    1.000000    0.000000  628.101551
Iteration: 101 bestvalit: 0.001068 bestmemit:    2.459550  -23.252806    1.000000    0.000000  628.101551
Iteration: 102 bestvalit: 0.001067 bestmemit:    2.228630  -21.787394    1.000000    0.000000  622.258876
Iteration: 103 bestvalit: 0.001067 bestmemit:    2.228630  -21.787394    1.000000    0.000000  622.258876
Iteration: 104 bestvalit: 0.001067 bestmemit:    2.228630  -21.787394    1.000000    0.000000  622.258876
Iteration: 105 bestvalit: 0.001067 bestmemit:    2.228630  -21.787394    1.000000    0.000000  622.258876
Iteration: 106 bestvalit: 0.001067 bestmemit:    2.228630  -21.787394    1.000000    0.000000  622.258876
Iteration: 107 bestvalit: 0.001067 bestmemit:    2.228630  -21.787394    1.000000    0.000000  622.258876
Iteration: 108 bestvalit: 0.001067 bestmemit:    2.228630  -21.787394    1.000000    0.000000  622.258876
Iteration: 109 bestvalit: 0.001067 bestmemit:    2.228630  -21.787394    1.000000    0.000000  622.258876
Iteration: 110 bestvalit: 0.001067 bestmemit:    2.228630  -21.787394    1.000000    0.000000  622.258876
Iteration: 111 bestvalit: 0.001067 bestmemit:    2.228630  -21.787394    1.000000    0.000000  622.258876
Iteration: 112 bestvalit: 0.001067 bestmemit:    2.228630  -21.787394    1.000000    0.000000  622.258876
Iteration: 113 bestvalit: 0.001067 bestmemit:    2.228630  -21.787394    1.000000    0.000000  622.258876
Iteration: 114 bestvalit: 0.001067 bestmemit:    2.228630  -21.787394    1.000000    0.000000  622.258876
Iteration: 115 bestvalit: 0.001067 bestmemit:    2.228630  -21.787394    1.000000    0.000000  622.258876
Iteration: 116 bestvalit: 0.001066 bestmemit:    2.579092   30.213813    1.000000    0.000000  628.405505
Iteration: 117 bestvalit: 0.001066 bestmemit:    2.579092   30.213813    1.000000    0.000000  628.405505
Iteration: 118 bestvalit: 0.001066 bestmemit:    2.579092   30.213813    1.000000    0.000000  628.405505
Iteration: 119 bestvalit: 0.001066 bestmemit:    2.579092   30.213813    1.000000    0.000000  628.405505
Iteration: 120 bestvalit: 0.001066 bestmemit:    2.579092   30.213813    1.000000    0.000000  628.405505
Iteration: 121 bestvalit: 0.001066 bestmemit:    2.579092   30.213813    1.000000    0.000000  628.405505
Iteration: 122 bestvalit: 0.001066 bestmemit:    2.579092   30.213813    1.000000    0.000000  628.405505
Iteration: 123 bestvalit: 0.001066 bestmemit:    2.579092   30.213813    1.000000    0.000000  628.405505
Iteration: 124 bestvalit: 0.001066 bestmemit:    2.579092   30.213813    1.000000    0.000000  628.405505
Iteration: 125 bestvalit: 0.001066 bestmemit:    2.579092   30.213813    1.000000    0.000000  628.405505
Iteration: 126 bestvalit: 0.001066 bestmemit:    2.579092   30.213813    1.000000    0.000000  628.405505
Iteration: 127 bestvalit: 0.001066 bestmemit:    2.579092   30.213813    1.000000    0.000000  628.405505
Iteration: 128 bestvalit: 0.001066 bestmemit:    2.579092   30.213813    1.000000    0.000000  628.405505
Iteration: 129 bestvalit: 0.001066 bestmemit:    2.579092   30.213813    1.000000    0.000000  628.405505
Iteration: 130 bestvalit: 0.001066 bestmemit:    2.579092   30.213813    1.000000    0.000000  628.405505
Iteration: 131 bestvalit: 0.001066 bestmemit:    2.579092   30.213813    1.000000    0.000000  628.405505
Iteration: 132 bestvalit: 0.001066 bestmemit:    2.579092   30.213813    1.000000    0.000000  628.405505
Iteration: 133 bestvalit: 0.001066 bestmemit:    2.579092   30.213813    1.000000    0.000000  628.405505
Iteration: 134 bestvalit: 0.001066 bestmemit:    2.579092   30.213813    1.000000    0.000000  628.405505
Iteration: 135 bestvalit: 0.001066 bestmemit:    2.579092   30.213813    1.000000    0.000000  628.405505
Iteration: 136 bestvalit: 0.001066 bestmemit:    2.579092   30.213813    1.000000    0.000000  628.405505
Iteration: 137 bestvalit: 0.001066 bestmemit:    2.579092   30.213813    1.000000    0.000000  628.405505
Iteration: 138 bestvalit: 0.001066 bestmemit:    2.579092   30.213813    1.000000    0.000000  628.405505
Iteration: 139 bestvalit: 0.001066 bestmemit:    2.579092   30.213813    1.000000    0.000000  628.405505
Iteration: 140 bestvalit: 0.001066 bestmemit:    2.579092   30.213813    1.000000    0.000000  628.405505
Iteration: 141 bestvalit: 0.001066 bestmemit:    2.579092   30.213813    1.000000    0.000000  628.405505
Iteration: 142 bestvalit: 0.001066 bestmemit:    2.579092   30.213813    1.000000    0.000000  628.405505
Iteration: 143 bestvalit: 0.001066 bestmemit:    2.579092   30.213813    1.000000    0.000000  628.405505
Iteration: 144 bestvalit: 0.001066 bestmemit:    2.579092   30.213813    1.000000    0.000000  628.405505
Iteration: 145 bestvalit: 0.001066 bestmemit:    2.579092   30.213813    1.000000    0.000000  628.405505
Iteration: 146 bestvalit: 0.001066 bestmemit:    2.579092   30.213813    1.000000    0.000000  628.405505
Iteration: 147 bestvalit: 0.001066 bestmemit:    2.579092   30.213813    1.000000    0.000000  628.405505
Iteration: 148 bestvalit: 0.001057 bestmemit:    2.779073   19.944730    1.000000    0.000000  633.958846
Iteration: 149 bestvalit: 0.001057 bestmemit:    2.779073   19.944730    1.000000    0.000000  633.958846
Iteration: 150 bestvalit: 0.001057 bestmemit:    2.779073   19.944730    1.000000    0.000000  633.958846
Iteration: 151 bestvalit: 0.001057 bestmemit:    2.779073   19.944730    1.000000    0.000000  633.958846
Iteration: 152 bestvalit: 0.001057 bestmemit:    2.779073   19.944730    1.000000    0.000000  633.958846
Iteration: 153 bestvalit: 0.001057 bestmemit:    2.779073   19.944730    1.000000    0.000000  633.958846
Iteration: 154 bestvalit: 0.001057 bestmemit:    2.779073   19.944730    1.000000    0.000000  633.958846
Iteration: 155 bestvalit: 0.001057 bestmemit:    2.779073   19.944730    1.000000    0.000000  633.958846
Iteration: 156 bestvalit: 0.001057 bestmemit:    2.779073   19.944730    1.000000    0.000000  633.958846
Iteration: 157 bestvalit: 0.001057 bestmemit:    2.779073   19.944730    1.000000    0.000000  633.958846
Iteration: 158 bestvalit: 0.001057 bestmemit:    2.779073   19.944730    1.000000    0.000000  633.958846
Iteration: 159 bestvalit: 0.001057 bestmemit:    2.779073   19.944730    1.000000    0.000000  633.958846
Iteration: 160 bestvalit: 0.001057 bestmemit:    2.779073   19.944730    1.000000    0.000000  633.958846
Iteration: 161 bestvalit: 0.001057 bestmemit:    2.779073   19.944730    1.000000    0.000000  633.958846
Iteration: 162 bestvalit: 0.001057 bestmemit:    2.779073   19.944730    1.000000    0.000000  633.958846
Iteration: 163 bestvalit: 0.001057 bestmemit:    2.779073   19.944730    1.000000    0.000000  633.958846
Iteration: 164 bestvalit: 0.001056 bestmemit:    2.769945  -13.139814    1.000000    0.000000  635.505148
Iteration: 165 bestvalit: 0.001056 bestmemit:    2.769945  -13.139814    1.000000    0.000000  635.505148
Iteration: 166 bestvalit: 0.001056 bestmemit:    2.769945  -13.139814    1.000000    0.000000  635.505148
Iteration: 167 bestvalit: 0.001056 bestmemit:    2.769945  -13.139814    1.000000    0.000000  635.505148
Iteration: 168 bestvalit: 0.001056 bestmemit:    2.769945  -13.139814    1.000000    0.000000  635.505148
Iteration: 169 bestvalit: 0.001056 bestmemit:    2.769945  -13.139814    1.000000    0.000000  635.505148
Iteration: 170 bestvalit: 0.001056 bestmemit:    2.769945  -13.139814    1.000000    0.000000  635.505148
Iteration: 171 bestvalit: 0.001052 bestmemit:    2.404384    7.145882    1.000000    0.000000  621.062831
Iteration: 172 bestvalit: 0.001052 bestmemit:    2.404384    7.145882    1.000000    0.000000  621.062831
Iteration: 173 bestvalit: 0.001052 bestmemit:    2.404384    7.145882    1.000000    0.000000  621.062831
Iteration: 174 bestvalit: 0.001052 bestmemit:    2.404384    7.145882    1.000000    0.000000  621.062831
Iteration: 175 bestvalit: 0.001052 bestmemit:    2.404384    7.145882    1.000000    0.000000  621.062831
Iteration: 176 bestvalit: 0.001052 bestmemit:    2.404384    7.145882    1.000000    0.000000  621.062831
Iteration: 177 bestvalit: 0.001052 bestmemit:    2.404384    7.145882    1.000000    0.000000  621.062831
Iteration: 178 bestvalit: 0.001052 bestmemit:    2.404384    7.145882    1.000000    0.000000  621.062831
Iteration: 179 bestvalit: 0.001052 bestmemit:    2.404384    7.145882    1.000000    0.000000  621.062831
Iteration: 180 bestvalit: 0.001052 bestmemit:    2.404384    7.145882    1.000000    0.000000  621.062831
Iteration: 181 bestvalit: 0.001052 bestmemit:    2.404384    7.145882    1.000000    0.000000  621.062831
Iteration: 182 bestvalit: 0.001052 bestmemit:    2.404384    7.145882    1.000000    0.000000  621.062831
Iteration: 183 bestvalit: 0.001052 bestmemit:    2.404384    7.145882    1.000000    0.000000  621.062831
Iteration: 184 bestvalit: 0.001052 bestmemit:    2.404384    7.145882    1.000000    0.000000  621.062831
Iteration: 185 bestvalit: 0.001052 bestmemit:    2.404384    7.145882    1.000000    0.000000  621.062831
Iteration: 186 bestvalit: 0.001052 bestmemit:    2.404384    7.145882    1.000000    0.000000  621.062831
Iteration: 187 bestvalit: 0.001052 bestmemit:    2.404384    7.145882    1.000000    0.000000  621.062831
Iteration: 188 bestvalit: 0.001052 bestmemit:    2.404384    7.145882    1.000000    0.000000  621.062831
Iteration: 189 bestvalit: 0.001052 bestmemit:    2.404384    7.145882    1.000000    0.000000  621.062831
Iteration: 190 bestvalit: 0.001052 bestmemit:    2.404384    7.145882    1.000000    0.000000  621.062831
Iteration: 191 bestvalit: 0.001052 bestmemit:    2.404384    7.145882    1.000000    0.000000  621.062831
Iteration: 192 bestvalit: 0.001052 bestmemit:    2.404384    7.145882    1.000000    0.000000  621.062831
Iteration: 193 bestvalit: 0.001052 bestmemit:    2.404384    7.145882    1.000000    0.000000  621.062831
Iteration: 194 bestvalit: 0.001052 bestmemit:    2.404384    7.145882    1.000000    0.000000  621.062831
Iteration: 195 bestvalit: 0.001052 bestmemit:    2.404384    7.145882    1.000000    0.000000  621.062831
Iteration: 196 bestvalit: 0.001052 bestmemit:    2.404384    7.145882    1.000000    0.000000  621.062831
Iteration: 197 bestvalit: 0.001052 bestmemit:    2.404384    7.145882    1.000000    0.000000  621.062831
Iteration: 198 bestvalit: 0.001052 bestmemit:    2.404384    7.145882    1.000000    0.000000  621.062831
Iteration: 199 bestvalit: 0.001052 bestmemit:    2.404384    7.145882    1.000000    0.000000  621.062831
Iteration: 200 bestvalit: 0.001052 bestmemit:    2.404384    7.145882    1.000000    0.000000  621.062831
Iteration: 201 bestvalit: 0.001052 bestmemit:    2.404384    7.145882    1.000000    0.000000  621.062831
Iteration: 202 bestvalit: 0.001052 bestmemit:    2.404384    7.145882    1.000000    0.000000  621.062831
Iteration: 203 bestvalit: 0.001052 bestmemit:    2.404384    7.145882    1.000000    0.000000  621.062831
Iteration: 204 bestvalit: 0.001052 bestmemit:    2.404384    7.145882    1.000000    0.000000  621.062831
Iteration: 205 bestvalit: 0.001052 bestmemit:    2.404384    7.145882    1.000000    0.000000  621.062831
Iteration: 206 bestvalit: 0.001052 bestmemit:    2.404384    7.145882    1.000000    0.000000  621.062831
Iteration: 207 bestvalit: 0.001052 bestmemit:    2.404384    7.145882    1.000000    0.000000  621.062831
Iteration: 208 bestvalit: 0.001052 bestmemit:    2.404384    7.145882    1.000000    0.000000  621.062831
Iteration: 209 bestvalit: 0.001052 bestmemit:    2.404384    7.145882    1.000000    0.000000  621.062831
Iteration: 210 bestvalit: 0.001052 bestmemit:    2.404384    7.145882    1.000000    0.000000  621.062831
Iteration: 211 bestvalit: 0.001052 bestmemit:    2.404384    7.145882    1.000000    0.000000  621.062831
Iteration: 212 bestvalit: 0.001052 bestmemit:    2.404384    7.145882    1.000000    0.000000  621.062831
Iteration: 213 bestvalit: 0.001052 bestmemit:    2.404384    7.145882    1.000000    0.000000  621.062831
Iteration: 214 bestvalit: 0.001052 bestmemit:    2.404384    7.145882    1.000000    0.000000  621.062831
Iteration: 215 bestvalit: 0.001052 bestmemit:    2.404384    7.145882    1.000000    0.000000  621.062831
Iteration: 216 bestvalit: 0.001052 bestmemit:    2.404384    7.145882    1.000000    0.000000  621.062831
Iteration: 217 bestvalit: 0.001052 bestmemit:    2.404384    7.145882    1.000000    0.000000  621.062831
Iteration: 218 bestvalit: 0.001052 bestmemit:    2.404384    7.145882    1.000000    0.000000  621.062831
Iteration: 219 bestvalit: 0.001052 bestmemit:    2.404384    7.145882    1.000000    0.000000  621.062831
Iteration: 220 bestvalit: 0.001052 bestmemit:    2.404384    7.145882    1.000000    0.000000  621.062831
Iteration: 221 bestvalit: 0.001052 bestmemit:    2.404384    7.145882    1.000000    0.000000  621.062831
Iteration: 222 bestvalit: 0.001052 bestmemit:    2.404384    7.145882    1.000000    0.000000  621.062831
Iteration: 223 bestvalit: 0.001052 bestmemit:    2.404384    7.145882    1.000000    0.000000  621.062831
Iteration: 224 bestvalit: 0.001052 bestmemit:    2.404384    7.145882    1.000000    0.000000  621.062831
Iteration: 225 bestvalit: 0.001052 bestmemit:    2.404384    7.145882    1.000000    0.000000  621.062831
Iteration: 226 bestvalit: 0.001052 bestmemit:    2.404384    7.145882    1.000000    0.000000  621.062831
Iteration: 227 bestvalit: 0.001052 bestmemit:    2.404384    7.145882    1.000000    0.000000  621.062831
Iteration: 228 bestvalit: 0.001052 bestmemit:    2.404384    7.145882    1.000000    0.000000  621.062831
Iteration: 229 bestvalit: 0.001052 bestmemit:    2.404384    7.145882    1.000000    0.000000  621.062831
Iteration: 230 bestvalit: 0.001052 bestmemit:    2.404384    7.145882    1.000000    0.000000  621.062831
Iteration: 231 bestvalit: 0.001052 bestmemit:    2.404384    7.145882    1.000000    0.000000  621.062831
Iteration: 232 bestvalit: 0.001052 bestmemit:    2.404384    7.145882    1.000000    0.000000  621.062831
Iteration: 233 bestvalit: 0.001052 bestmemit:    2.404384    7.145882    1.000000    0.000000  621.062831
Iteration: 234 bestvalit: 0.001052 bestmemit:    2.404384    7.145882    1.000000    0.000000  621.062831
Iteration: 235 bestvalit: 0.001052 bestmemit:    2.404384    7.145882    1.000000    0.000000  621.062831
Iteration: 236 bestvalit: 0.001052 bestmemit:    2.404384    7.145882    1.000000    0.000000  621.062831
Iteration: 237 bestvalit: 0.001052 bestmemit:    2.404384    7.145882    1.000000    0.000000  621.062831
Iteration: 238 bestvalit: 0.001052 bestmemit:    2.404384    7.145882    1.000000    0.000000  621.062831
Iteration: 239 bestvalit: 0.001052 bestmemit:    2.404384    7.145882    1.000000    0.000000  621.062831
Iteration: 240 bestvalit: 0.001052 bestmemit:    2.404384    7.145882    1.000000    0.000000  621.062831
Iteration: 241 bestvalit: 0.001052 bestmemit:    2.404384    7.145882    1.000000    0.000000  621.062831
Iteration: 242 bestvalit: 0.001052 bestmemit:    2.404384    7.145882    1.000000    0.000000  621.062831
Iteration: 243 bestvalit: 0.001052 bestmemit:    2.404384    7.145882    1.000000    0.000000  621.062831
Iteration: 244 bestvalit: 0.001052 bestmemit:    2.404384    7.145882    1.000000    0.000000  621.062831
Iteration: 245 bestvalit: 0.001052 bestmemit:    2.404384    7.145882    1.000000    0.000000  621.062831
Iteration: 246 bestvalit: 0.001052 bestmemit:    2.404384    7.145882    1.000000    0.000000  621.062831
Iteration: 247 bestvalit: 0.001052 bestmemit:    2.404384    7.145882    1.000000    0.000000  621.062831
Iteration: 248 bestvalit: 0.001052 bestmemit:    2.404384    7.145882    1.000000    0.000000  621.062831
Iteration: 249 bestvalit: 0.001052 bestmemit:    2.404384    7.145882    1.000000    0.000000  621.062831
Iteration: 250 bestvalit: 0.001052 bestmemit:    2.404384    7.145882    1.000000    0.000000  621.062831
Iteration: 251 bestvalit: 0.001052 bestmemit:    2.404384    7.145882    1.000000    0.000000  621.062831
Iteration: 252 bestvalit: 0.001052 bestmemit:    2.404384    7.145882    1.000000    0.000000  621.062831
Iteration: 253 bestvalit: 0.001052 bestmemit:    2.404384    7.145882    1.000000    0.000000  621.062831
Iteration: 254 bestvalit: 0.001052 bestmemit:    2.404384    7.145882    1.000000    0.000000  621.062831
Iteration: 255 bestvalit: 0.001052 bestmemit:    2.404384    7.145882    1.000000    0.000000  621.062831
Iteration: 256 bestvalit: 0.001052 bestmemit:    2.404384    7.145882    1.000000    0.000000  621.062831
Iteration: 257 bestvalit: 0.001052 bestmemit:    2.404384    7.145882    1.000000    0.000000  621.062831
Iteration: 258 bestvalit: 0.001052 bestmemit:    2.404384    7.145882    1.000000    0.000000  621.062831
Iteration: 259 bestvalit: 0.001052 bestmemit:    2.404384    7.145882    1.000000    0.000000  621.062831
Iteration: 260 bestvalit: 0.001052 bestmemit:    2.404384    7.145882    1.000000    0.000000  621.062831
Iteration: 261 bestvalit: 0.001052 bestmemit:    2.404384    7.145882    1.000000    0.000000  621.062831
Iteration: 262 bestvalit: 0.001052 bestmemit:    2.404384    7.145882    1.000000    0.000000  621.062831
Iteration: 263 bestvalit: 0.001052 bestmemit:    2.404384    7.145882    1.000000    0.000000  621.062831
Iteration: 264 bestvalit: 0.001052 bestmemit:    2.404384    7.145882    1.000000    0.000000  621.062831
Iteration: 265 bestvalit: 0.001052 bestmemit:    2.404384    7.145882    1.000000    0.000000  621.062831
Iteration: 266 bestvalit: 0.001052 bestmemit:    2.404384    7.145882    1.000000    0.000000  621.062831
Iteration: 267 bestvalit: 0.001052 bestmemit:    2.404384    7.145882    1.000000    0.000000  621.062831
Iteration: 268 bestvalit: 0.001052 bestmemit:    2.404384    7.145882    1.000000    0.000000  621.062831
Iteration: 269 bestvalit: 0.001052 bestmemit:    2.404384    7.145882    1.000000    0.000000  621.062831
Iteration: 270 bestvalit: 0.001052 bestmemit:    2.404384    7.145882    1.000000    0.000000  621.062831
Iteration: 271 bestvalit: 0.001052 bestmemit:    2.404384    7.145882    1.000000    0.000000  621.062831
Iteration: 272 bestvalit: 0.001052 bestmemit:    2.404384    7.145882    1.000000    0.000000  621.062831

***** summary of DEoptim object ***** 
best member   :  2.40438 7.14588 1 0 621.0628 
best value    :  0.00105 
after         :  272 generations 
fn evaluated  :  546 times 
*************************************
