SLURM_JOB_ID: 55336543
SLURM_JOB_USER: vsc34066
SLURM_JOB_ACCOUNT: lp_desenderlab
SLURM_JOB_NAME: fit_alternating_fb_beta_learn.slurm
SLURM_CLUSTER_NAME: genius
SLURM_JOB_PARTITION: batch
SLURM_ARRAY_JOB_ID: 55336494
SLURM_ARRAY_TASK_ID: 49
SLURM_NNODES: 1
SLURM_NODELIST: r23i13n11
SLURM_JOB_CPUS_PER_NODE: 8
Date: Tue Nov  7 16:43:58 CET 2023
Walltime: 00-23:00:00
========================================================================
Iteration: 1 bestvalit: 0.005108 bestmemit:   11.620775   46.406491    1.000000    0.000000  853.468766
Iteration: 2 bestvalit: 0.005108 bestmemit:   11.620775   46.406491    1.000000    0.000000  853.468766
Iteration: 3 bestvalit: 0.005108 bestmemit:   11.620775   46.406491    1.000000    0.000000  853.468766
Iteration: 4 bestvalit: 0.005108 bestmemit:   11.620775   46.406491    1.000000    0.000000  853.468766
Iteration: 5 bestvalit: 0.005108 bestmemit:   11.620775   46.406491    1.000000    0.000000  853.468766
Iteration: 6 bestvalit: 0.005108 bestmemit:   11.620775   46.406491    1.000000    0.000000  853.468766
Iteration: 7 bestvalit: 0.005108 bestmemit:   11.620775   46.406491    1.000000    0.000000  853.468766
Iteration: 8 bestvalit: 0.003025 bestmemit:    8.788698   60.125659    1.000000    0.000000  683.335289
Iteration: 9 bestvalit: 0.002132 bestmemit:    0.056688  -49.330319    1.000000    0.000000  725.331571
Iteration: 10 bestvalit: 0.002130 bestmemit:    0.056688  -49.330319    1.000000    0.000000  725.331571
Iteration: 11 bestvalit: 0.002130 bestmemit:    0.056688  -49.330319    1.000000    0.000000  725.331571
Iteration: 12 bestvalit: 0.001783 bestmemit:    0.821394  -95.748518    1.000000    0.000000  621.533437
Iteration: 13 bestvalit: 0.001597 bestmemit:    4.458124  -48.573599    1.000000    0.000000  630.805087
Iteration: 14 bestvalit: 0.001597 bestmemit:    4.458124  -48.573599    1.000000    0.000000  630.805087
Iteration: 15 bestvalit: 0.001597 bestmemit:    4.458124  -48.573599    1.000000    0.000000  630.805087
Iteration: 16 bestvalit: 0.001445 bestmemit:    0.821394  -51.870590    1.000000    0.000000  621.533437
Iteration: 17 bestvalit: 0.001445 bestmemit:    0.821394  -51.870590    1.000000    0.000000  621.533437
Iteration: 18 bestvalit: 0.001445 bestmemit:    0.821394  -51.870590    1.000000    0.000000  621.533437
Iteration: 19 bestvalit: 0.001445 bestmemit:    0.821394  -51.870590    1.000000    0.000000  621.533437
Iteration: 20 bestvalit: 0.001445 bestmemit:    0.821394  -51.870590    1.000000    0.000000  621.533437
Iteration: 21 bestvalit: 0.001414 bestmemit:    1.284732  -51.336941    1.000000    0.000000  602.745626
Iteration: 22 bestvalit: 0.001414 bestmemit:    1.284732  -51.336941    1.000000    0.000000  602.745626
Iteration: 23 bestvalit: 0.001414 bestmemit:    1.284732  -51.336941    1.000000    0.000000  602.745626
Iteration: 24 bestvalit: 0.001414 bestmemit:    1.284732  -51.336941    1.000000    0.000000  602.745626
Iteration: 25 bestvalit: 0.001414 bestmemit:    1.284732  -51.336941    1.000000    0.000000  602.745626
Iteration: 26 bestvalit: 0.001414 bestmemit:    1.284732  -51.336941    1.000000    0.000000  602.745626
Iteration: 27 bestvalit: 0.001414 bestmemit:    1.284732  -51.336941    1.000000    0.000000  602.745626
Iteration: 28 bestvalit: 0.001394 bestmemit:    1.854813  -16.864591    1.000000    0.000000  632.854558
Iteration: 29 bestvalit: 0.001394 bestmemit:    1.854813  -16.864591    1.000000    0.000000  632.854558
Iteration: 30 bestvalit: 0.001394 bestmemit:    1.854813  -16.864591    1.000000    0.000000  632.854558
Iteration: 31 bestvalit: 0.001394 bestmemit:    1.938615  -37.902571    1.000000    0.000000  611.444114
Iteration: 32 bestvalit: 0.001390 bestmemit:    1.938615   15.950589    1.000000    0.000000  611.444114
Iteration: 33 bestvalit: 0.001345 bestmemit:    2.380394   -1.288705    1.000000    0.000000  582.862515
Iteration: 34 bestvalit: 0.001345 bestmemit:    2.380394   -1.288705    1.000000    0.000000  582.862515
Iteration: 35 bestvalit: 0.001345 bestmemit:    2.380394   -1.288705    1.000000    0.000000  582.862515
Iteration: 36 bestvalit: 0.001339 bestmemit:    2.003818  -49.397657    1.000000    0.000000  614.610587
Iteration: 37 bestvalit: 0.001339 bestmemit:    2.003818  -49.397657    1.000000    0.000000  614.610587
Iteration: 38 bestvalit: 0.001339 bestmemit:    2.003818  -49.397657    1.000000    0.000000  614.610587
Iteration: 39 bestvalit: 0.001339 bestmemit:    2.003818  -49.397657    1.000000    0.000000  614.610587
Iteration: 40 bestvalit: 0.001339 bestmemit:    2.003818  -49.397657    1.000000    0.000000  614.610587
Iteration: 41 bestvalit: 0.001339 bestmemit:    2.003818  -49.397657    1.000000    0.000000  614.610587
Iteration: 42 bestvalit: 0.001339 bestmemit:    2.003818  -49.397657    1.000000    0.000000  614.610587
Iteration: 43 bestvalit: 0.001334 bestmemit:    2.275161    6.572413    1.000000    0.000000  607.962453
Iteration: 44 bestvalit: 0.001334 bestmemit:    2.275161    6.572413    1.000000    0.000000  607.962453
Iteration: 45 bestvalit: 0.001334 bestmemit:    2.275161    6.572413    1.000000    0.000000  607.962453
Iteration: 46 bestvalit: 0.001334 bestmemit:    2.275161    6.572413    1.000000    0.000000  607.962453
Iteration: 47 bestvalit: 0.001331 bestmemit:    2.054733  -45.496110    1.000000    0.000000  607.396273
Iteration: 48 bestvalit: 0.001331 bestmemit:    2.054733  -45.496110    1.000000    0.000000  607.396273
Iteration: 49 bestvalit: 0.001331 bestmemit:    2.054733  -45.496110    1.000000    0.000000  607.396273
Iteration: 50 bestvalit: 0.001331 bestmemit:    2.054733  -45.496110    1.000000    0.000000  607.396273
Iteration: 51 bestvalit: 0.001331 bestmemit:    2.054733  -45.496110    1.000000    0.000000  607.396273
Iteration: 52 bestvalit: 0.001331 bestmemit:    2.054733  -45.496110    1.000000    0.000000  607.396273
Iteration: 53 bestvalit: 0.001331 bestmemit:    2.054733  -45.496110    1.000000    0.000000  607.396273
Iteration: 54 bestvalit: 0.001331 bestmemit:    2.054733  -45.496110    1.000000    0.000000  607.396273
Iteration: 55 bestvalit: 0.001331 bestmemit:    2.054733  -45.496110    1.000000    0.000000  607.396273
Iteration: 56 bestvalit: 0.001331 bestmemit:    2.054733  -45.496110    1.000000    0.000000  607.396273
Iteration: 57 bestvalit: 0.001331 bestmemit:    2.054733  -45.496110    1.000000    0.000000  607.396273
Iteration: 58 bestvalit: 0.001331 bestmemit:    2.054733  -45.496110    1.000000    0.000000  607.396273
Iteration: 59 bestvalit: 0.001331 bestmemit:    2.054733  -45.496110    1.000000    0.000000  607.396273
Iteration: 60 bestvalit: 0.001331 bestmemit:    2.054733  -45.496110    1.000000    0.000000  607.396273
Iteration: 61 bestvalit: 0.001331 bestmemit:    2.054733  -45.496110    1.000000    0.000000  607.396273
Iteration: 62 bestvalit: 0.001316 bestmemit:    2.424873  -10.920109    1.000000    0.000000  607.804133
Iteration: 63 bestvalit: 0.001316 bestmemit:    2.424873  -10.920109    1.000000    0.000000  607.804133
Iteration: 64 bestvalit: 0.001316 bestmemit:    2.424873  -10.920109    1.000000    0.000000  607.804133
Iteration: 65 bestvalit: 0.001316 bestmemit:    2.424873  -10.920109    1.000000    0.000000  607.804133
Iteration: 66 bestvalit: 0.001316 bestmemit:    2.424873  -10.920109    1.000000    0.000000  607.804133
Iteration: 67 bestvalit: 0.001316 bestmemit:    2.424873  -10.920109    1.000000    0.000000  607.804133
Iteration: 68 bestvalit: 0.001316 bestmemit:    2.424873  -10.920109    1.000000    0.000000  607.804133
Iteration: 69 bestvalit: 0.001316 bestmemit:    2.424873  -10.920109    1.000000    0.000000  607.804133
Iteration: 70 bestvalit: 0.001316 bestmemit:    2.424873  -10.920109    1.000000    0.000000  607.804133
Iteration: 71 bestvalit: 0.001316 bestmemit:    2.424873  -10.920109    1.000000    0.000000  607.804133
Iteration: 72 bestvalit: 0.001316 bestmemit:    2.424873  -10.920109    1.000000    0.000000  607.804133
Iteration: 73 bestvalit: 0.001316 bestmemit:    2.424873  -10.920109    1.000000    0.000000  607.804133
Iteration: 74 bestvalit: 0.001316 bestmemit:    2.424873  -10.920109    1.000000    0.000000  607.804133
Iteration: 75 bestvalit: 0.001316 bestmemit:    2.424873  -10.920109    1.000000    0.000000  607.804133
Iteration: 76 bestvalit: 0.001316 bestmemit:    2.424873  -10.920109    1.000000    0.000000  607.804133
Iteration: 77 bestvalit: 0.001316 bestmemit:    2.424873  -10.920109    1.000000    0.000000  607.804133
Iteration: 78 bestvalit: 0.001316 bestmemit:    2.424873  -10.920109    1.000000    0.000000  607.804133
Iteration: 79 bestvalit: 0.001316 bestmemit:    2.424873  -10.920109    1.000000    0.000000  607.804133
Iteration: 80 bestvalit: 0.001316 bestmemit:    2.424873  -10.920109    1.000000    0.000000  607.804133
Iteration: 81 bestvalit: 0.001316 bestmemit:    2.424873  -10.920109    1.000000    0.000000  607.804133
Iteration: 82 bestvalit: 0.001316 bestmemit:    2.424873  -10.920109    1.000000    0.000000  607.804133
Iteration: 83 bestvalit: 0.001316 bestmemit:    2.424873  -10.920109    1.000000    0.000000  607.804133
Iteration: 84 bestvalit: 0.001316 bestmemit:    2.424873  -10.920109    1.000000    0.000000  607.804133
Iteration: 85 bestvalit: 0.001316 bestmemit:    2.424873  -10.920109    1.000000    0.000000  607.804133
Iteration: 86 bestvalit: 0.001316 bestmemit:    2.424873  -10.920109    1.000000    0.000000  607.804133
Iteration: 87 bestvalit: 0.001316 bestmemit:    2.424873  -10.920109    1.000000    0.000000  607.804133
Iteration: 88 bestvalit: 0.001316 bestmemit:    2.424873  -10.920109    1.000000    0.000000  607.804133
Iteration: 89 bestvalit: 0.001316 bestmemit:    2.424873  -10.920109    1.000000    0.000000  607.804133
Iteration: 90 bestvalit: 0.001316 bestmemit:    2.424873  -10.920109    1.000000    0.000000  607.804133
Iteration: 91 bestvalit: 0.001316 bestmemit:    2.424873  -10.920109    1.000000    0.000000  607.804133
Iteration: 92 bestvalit: 0.001316 bestmemit:    2.424873  -10.920109    1.000000    0.000000  607.804133
Iteration: 93 bestvalit: 0.001316 bestmemit:    2.424873  -10.920109    1.000000    0.000000  607.804133
Iteration: 94 bestvalit: 0.001316 bestmemit:    2.424873  -10.920109    1.000000    0.000000  607.804133
Iteration: 95 bestvalit: 0.001316 bestmemit:    2.424873  -10.920109    1.000000    0.000000  607.804133
Iteration: 96 bestvalit: 0.001316 bestmemit:    2.424873  -10.920109    1.000000    0.000000  607.804133
Iteration: 97 bestvalit: 0.001316 bestmemit:    2.424873  -10.920109    1.000000    0.000000  607.804133
Iteration: 98 bestvalit: 0.001316 bestmemit:    2.424873  -10.920109    1.000000    0.000000  607.804133
Iteration: 99 bestvalit: 0.001316 bestmemit:    2.424873  -10.920109    1.000000    0.000000  607.804133
Iteration: 100 bestvalit: 0.001316 bestmemit:    2.424873  -10.920109    1.000000    0.000000  607.804133
Iteration: 101 bestvalit: 0.001316 bestmemit:    2.424873  -10.920109    1.000000    0.000000  607.804133
Iteration: 102 bestvalit: 0.001316 bestmemit:    2.424873  -10.920109    1.000000    0.000000  607.804133
Iteration: 103 bestvalit: 0.001316 bestmemit:    2.424873  -10.920109    1.000000    0.000000  607.804133
Iteration: 104 bestvalit: 0.001316 bestmemit:    2.424873  -10.920109    1.000000    0.000000  607.804133
Iteration: 105 bestvalit: 0.001316 bestmemit:    2.424873  -10.920109    1.000000    0.000000  607.804133
Iteration: 106 bestvalit: 0.001316 bestmemit:    2.424873  -10.920109    1.000000    0.000000  607.804133
Iteration: 107 bestvalit: 0.001316 bestmemit:    2.424873  -10.920109    1.000000    0.000000  607.804133
Iteration: 108 bestvalit: 0.001316 bestmemit:    2.424873  -10.920109    1.000000    0.000000  607.804133
Iteration: 109 bestvalit: 0.001316 bestmemit:    2.424873  -10.920109    1.000000    0.000000  607.804133
Iteration: 110 bestvalit: 0.001316 bestmemit:    2.424873  -10.920109    1.000000    0.000000  607.804133
Iteration: 111 bestvalit: 0.001316 bestmemit:    2.424873  -10.920109    1.000000    0.000000  607.804133
Iteration: 112 bestvalit: 0.001316 bestmemit:    2.424873  -10.920109    1.000000    0.000000  607.804133
Iteration: 113 bestvalit: 0.001316 bestmemit:    2.424873  -10.920109    1.000000    0.000000  607.804133
Iteration: 114 bestvalit: 0.001316 bestmemit:    2.424873  -10.920109    1.000000    0.000000  607.804133
Iteration: 115 bestvalit: 0.001316 bestmemit:    2.424873  -10.920109    1.000000    0.000000  607.804133
Iteration: 116 bestvalit: 0.001316 bestmemit:    2.424873  -10.920109    1.000000    0.000000  607.804133
Iteration: 117 bestvalit: 0.001316 bestmemit:    2.424873  -10.920109    1.000000    0.000000  607.804133
Iteration: 118 bestvalit: 0.001302 bestmemit:    2.388610   -3.478938    1.000000    0.000000  606.947463
Iteration: 119 bestvalit: 0.001302 bestmemit:    2.388610   -3.478938    1.000000    0.000000  606.947463
Iteration: 120 bestvalit: 0.001302 bestmemit:    2.388610   -3.478938    1.000000    0.000000  606.947463
Iteration: 121 bestvalit: 0.001302 bestmemit:    2.388610   -3.478938    1.000000    0.000000  606.947463
Iteration: 122 bestvalit: 0.001302 bestmemit:    2.388610   -3.478938    1.000000    0.000000  606.947463
Iteration: 123 bestvalit: 0.001302 bestmemit:    2.388610   -3.478938    1.000000    0.000000  606.947463
Iteration: 124 bestvalit: 0.001302 bestmemit:    2.388610   -3.478938    1.000000    0.000000  606.947463
Iteration: 125 bestvalit: 0.001302 bestmemit:    2.388610   -3.478938    1.000000    0.000000  606.947463
Iteration: 126 bestvalit: 0.001302 bestmemit:    2.388610   -3.478938    1.000000    0.000000  606.947463
Iteration: 127 bestvalit: 0.001302 bestmemit:    2.388610   -3.478938    1.000000    0.000000  606.947463
Iteration: 128 bestvalit: 0.001302 bestmemit:    2.388610   -3.478938    1.000000    0.000000  606.947463
Iteration: 129 bestvalit: 0.001302 bestmemit:    2.388610   -3.478938    1.000000    0.000000  606.947463
Iteration: 130 bestvalit: 0.001302 bestmemit:    2.388610   -3.478938    1.000000    0.000000  606.947463
Iteration: 131 bestvalit: 0.001302 bestmemit:    2.388610   -3.478938    1.000000    0.000000  606.947463
Iteration: 132 bestvalit: 0.001302 bestmemit:    2.388610   -3.478938    1.000000    0.000000  606.947463
Iteration: 133 bestvalit: 0.001302 bestmemit:    2.388610   -3.478938    1.000000    0.000000  606.947463
Iteration: 134 bestvalit: 0.001302 bestmemit:    2.388610   -3.478938    1.000000    0.000000  606.947463
Iteration: 135 bestvalit: 0.001302 bestmemit:    2.388610   -3.478938    1.000000    0.000000  606.947463
Iteration: 136 bestvalit: 0.001302 bestmemit:    2.388610   -3.478938    1.000000    0.000000  606.947463
Iteration: 137 bestvalit: 0.001302 bestmemit:    2.388610   -3.478938    1.000000    0.000000  606.947463
Iteration: 138 bestvalit: 0.001302 bestmemit:    2.388610   -3.478938    1.000000    0.000000  606.947463
Iteration: 139 bestvalit: 0.001302 bestmemit:    2.388610   -3.478938    1.000000    0.000000  606.947463
Iteration: 140 bestvalit: 0.001302 bestmemit:    2.388610   -3.478938    1.000000    0.000000  606.947463
Iteration: 141 bestvalit: 0.001302 bestmemit:    2.388610   -3.478938    1.000000    0.000000  606.947463
Iteration: 142 bestvalit: 0.001302 bestmemit:    2.388610   -3.478938    1.000000    0.000000  606.947463
Iteration: 143 bestvalit: 0.001302 bestmemit:    2.388610   -3.478938    1.000000    0.000000  606.947463
Iteration: 144 bestvalit: 0.001302 bestmemit:    2.388610   -3.478938    1.000000    0.000000  606.947463
Iteration: 145 bestvalit: 0.001302 bestmemit:    2.388610   -3.478938    1.000000    0.000000  606.947463
Iteration: 146 bestvalit: 0.001302 bestmemit:    2.388610   -3.478938    1.000000    0.000000  606.947463
Iteration: 147 bestvalit: 0.001302 bestmemit:    2.388610   -3.478938    1.000000    0.000000  606.947463
Iteration: 148 bestvalit: 0.001302 bestmemit:    2.388610   -3.478938    1.000000    0.000000  606.947463
Iteration: 149 bestvalit: 0.001302 bestmemit:    2.388610   -3.478938    1.000000    0.000000  606.947463
Iteration: 150 bestvalit: 0.001302 bestmemit:    2.388610   -3.478938    1.000000    0.000000  606.947463
Iteration: 151 bestvalit: 0.001302 bestmemit:    2.388610   -3.478938    1.000000    0.000000  606.947463
Iteration: 152 bestvalit: 0.001302 bestmemit:    2.388610   -3.478938    1.000000    0.000000  606.947463
Iteration: 153 bestvalit: 0.001302 bestmemit:    2.388610   -3.478938    1.000000    0.000000  606.947463
Iteration: 154 bestvalit: 0.001302 bestmemit:    2.388610   -3.478938    1.000000    0.000000  606.947463
Iteration: 155 bestvalit: 0.001302 bestmemit:    2.388610   -3.478938    1.000000    0.000000  606.947463
Iteration: 156 bestvalit: 0.001302 bestmemit:    2.388610   -3.478938    1.000000    0.000000  606.947463
Iteration: 157 bestvalit: 0.001302 bestmemit:    2.388610   -3.478938    1.000000    0.000000  606.947463
Iteration: 158 bestvalit: 0.001302 bestmemit:    2.388610   -3.478938    1.000000    0.000000  606.947463
Iteration: 159 bestvalit: 0.001302 bestmemit:    2.388610   -3.478938    1.000000    0.000000  606.947463
Iteration: 160 bestvalit: 0.001302 bestmemit:    2.388610   -3.478938    1.000000    0.000000  606.947463
Iteration: 161 bestvalit: 0.001302 bestmemit:    2.388610   -3.478938    1.000000    0.000000  606.947463
Iteration: 162 bestvalit: 0.001302 bestmemit:    2.388610   -3.478938    1.000000    0.000000  606.947463
Iteration: 163 bestvalit: 0.001302 bestmemit:    2.388610   -3.478938    1.000000    0.000000  606.947463
Iteration: 164 bestvalit: 0.001302 bestmemit:    2.388610   -3.478938    1.000000    0.000000  606.947463
Iteration: 165 bestvalit: 0.001302 bestmemit:    2.388610   -3.478938    1.000000    0.000000  606.947463
Iteration: 166 bestvalit: 0.001302 bestmemit:    2.388610   -3.478938    1.000000    0.000000  606.947463
Iteration: 167 bestvalit: 0.001302 bestmemit:    2.388610   -3.478938    1.000000    0.000000  606.947463
Iteration: 168 bestvalit: 0.001302 bestmemit:    2.388610   -3.478938    1.000000    0.000000  606.947463
Iteration: 169 bestvalit: 0.001302 bestmemit:    2.388610   -3.478938    1.000000    0.000000  606.947463
Iteration: 170 bestvalit: 0.001302 bestmemit:    2.388610   -3.478938    1.000000    0.000000  606.947463
Iteration: 171 bestvalit: 0.001302 bestmemit:    2.388610   -3.478938    1.000000    0.000000  606.947463
Iteration: 172 bestvalit: 0.001302 bestmemit:    2.388610   -3.478938    1.000000    0.000000  606.947463
Iteration: 173 bestvalit: 0.001302 bestmemit:    2.388610   -3.478938    1.000000    0.000000  606.947463
Iteration: 174 bestvalit: 0.001302 bestmemit:    2.388610   -3.478938    1.000000    0.000000  606.947463
Iteration: 175 bestvalit: 0.001302 bestmemit:    2.388610   -3.478938    1.000000    0.000000  606.947463
Iteration: 176 bestvalit: 0.001302 bestmemit:    2.388610   -3.478938    1.000000    0.000000  606.947463
Iteration: 177 bestvalit: 0.001302 bestmemit:    2.388610   -3.478938    1.000000    0.000000  606.947463
Iteration: 178 bestvalit: 0.001302 bestmemit:    2.388610   -3.478938    1.000000    0.000000  606.947463
Iteration: 179 bestvalit: 0.001302 bestmemit:    2.388610   -3.478938    1.000000    0.000000  606.947463
Iteration: 180 bestvalit: 0.001302 bestmemit:    2.388610   -3.478938    1.000000    0.000000  606.947463
Iteration: 181 bestvalit: 0.001302 bestmemit:    2.388610   -3.478938    1.000000    0.000000  606.947463
Iteration: 182 bestvalit: 0.001302 bestmemit:    2.388610   -3.478938    1.000000    0.000000  606.947463
Iteration: 183 bestvalit: 0.001302 bestmemit:    2.388610   -3.478938    1.000000    0.000000  606.947463
Iteration: 184 bestvalit: 0.001302 bestmemit:    2.388610   -3.478938    1.000000    0.000000  606.947463
Iteration: 185 bestvalit: 0.001302 bestmemit:    2.388610   -3.478938    1.000000    0.000000  606.947463
Iteration: 186 bestvalit: 0.001302 bestmemit:    2.388610   -3.478938    1.000000    0.000000  606.947463
Iteration: 187 bestvalit: 0.001302 bestmemit:    2.388610   -3.478938    1.000000    0.000000  606.947463
Iteration: 188 bestvalit: 0.001302 bestmemit:    2.388610   -3.478938    1.000000    0.000000  606.947463
Iteration: 189 bestvalit: 0.001302 bestmemit:    2.388610   -3.478938    1.000000    0.000000  606.947463
Iteration: 190 bestvalit: 0.001302 bestmemit:    2.388610   -3.478938    1.000000    0.000000  606.947463
Iteration: 191 bestvalit: 0.001302 bestmemit:    2.388610   -3.478938    1.000000    0.000000  606.947463
Iteration: 192 bestvalit: 0.001302 bestmemit:    2.388610   -3.478938    1.000000    0.000000  606.947463
Iteration: 193 bestvalit: 0.001302 bestmemit:    2.388610   -3.478938    1.000000    0.000000  606.947463
Iteration: 194 bestvalit: 0.001302 bestmemit:    2.388610   -3.478938    1.000000    0.000000  606.947463
Iteration: 195 bestvalit: 0.001302 bestmemit:    2.388610   -3.478938    1.000000    0.000000  606.947463
Iteration: 196 bestvalit: 0.001302 bestmemit:    2.388610   -3.478938    1.000000    0.000000  606.947463
Iteration: 197 bestvalit: 0.001302 bestmemit:    2.388610   -3.478938    1.000000    0.000000  606.947463
Iteration: 198 bestvalit: 0.001302 bestmemit:    2.388610   -3.478938    1.000000    0.000000  606.947463
Iteration: 199 bestvalit: 0.001302 bestmemit:    2.388610   -3.478938    1.000000    0.000000  606.947463
Iteration: 200 bestvalit: 0.001302 bestmemit:    2.388610   -3.478938    1.000000    0.000000  606.947463
Iteration: 201 bestvalit: 0.001302 bestmemit:    2.388610   -3.478938    1.000000    0.000000  606.947463
Iteration: 202 bestvalit: 0.001302 bestmemit:    2.388610   -3.478938    1.000000    0.000000  606.947463
Iteration: 203 bestvalit: 0.001302 bestmemit:    2.388610   -3.478938    1.000000    0.000000  606.947463
Iteration: 204 bestvalit: 0.001302 bestmemit:    2.388610   -3.478938    1.000000    0.000000  606.947463
Iteration: 205 bestvalit: 0.001302 bestmemit:    2.388610   -3.478938    1.000000    0.000000  606.947463
Iteration: 206 bestvalit: 0.001302 bestmemit:    2.388610   -3.478938    1.000000    0.000000  606.947463
Iteration: 207 bestvalit: 0.001302 bestmemit:    2.388610   -3.478938    1.000000    0.000000  606.947463
Iteration: 208 bestvalit: 0.001302 bestmemit:    2.388610   -3.478938    1.000000    0.000000  606.947463
Iteration: 209 bestvalit: 0.001302 bestmemit:    2.388610   -3.478938    1.000000    0.000000  606.947463
Iteration: 210 bestvalit: 0.001302 bestmemit:    2.388610   -3.478938    1.000000    0.000000  606.947463
Iteration: 211 bestvalit: 0.001302 bestmemit:    2.388610   -3.478938    1.000000    0.000000  606.947463
Iteration: 212 bestvalit: 0.001302 bestmemit:    2.388610   -3.478938    1.000000    0.000000  606.947463
Iteration: 213 bestvalit: 0.001302 bestmemit:    2.388610   -3.478938    1.000000    0.000000  606.947463
Iteration: 214 bestvalit: 0.001302 bestmemit:    2.388610   -3.478938    1.000000    0.000000  606.947463
Iteration: 215 bestvalit: 0.001302 bestmemit:    2.388610   -3.478938    1.000000    0.000000  606.947463
Iteration: 216 bestvalit: 0.001302 bestmemit:    2.388610   -3.478938    1.000000    0.000000  606.947463
Iteration: 217 bestvalit: 0.001302 bestmemit:    2.388610   -3.478938    1.000000    0.000000  606.947463
Iteration: 218 bestvalit: 0.001302 bestmemit:    2.388610   -3.478938    1.000000    0.000000  606.947463
Iteration: 219 bestvalit: 0.001302 bestmemit:    2.388610   -3.478938    1.000000    0.000000  606.947463

***** summary of DEoptim object ***** 
best member   :  2.38861 -3.47894 1 0 606.9475 
best value    :  0.0013 
after         :  219 generations 
fn evaluated  :  440 times 
*************************************
