SLURM_JOB_ID: 55336565
SLURM_JOB_USER: vsc34066
SLURM_JOB_ACCOUNT: lp_desenderlab
SLURM_JOB_NAME: fit_alternating_fb_beta_learn.slurm
SLURM_CLUSTER_NAME: genius
SLURM_JOB_PARTITION: batch
SLURM_ARRAY_JOB_ID: 55336494
SLURM_ARRAY_TASK_ID: 71
SLURM_NNODES: 2
SLURM_NODELIST: r23i13n[15-16]
SLURM_JOB_CPUS_PER_NODE: 4(x2)
Date: Tue Nov  7 16:43:55 CET 2023
Walltime: 00-23:00:00
========================================================================
Iteration: 1 bestvalit: 0.006053 bestmemit:   20.488493   20.893856    1.000000    0.000000  477.944990
Iteration: 2 bestvalit: 0.006053 bestmemit:   20.488493   20.893856    1.000000    0.000000  477.944990
Iteration: 3 bestvalit: 0.006053 bestmemit:   20.488493   20.893856    1.000000    0.000000  477.944990
Iteration: 4 bestvalit: 0.001778 bestmemit:    3.836269  -60.776100    1.000000    0.000000  644.052324
Iteration: 5 bestvalit: 0.001439 bestmemit:    1.318231   42.611510    1.000000    0.000000  611.371454
Iteration: 6 bestvalit: 0.001439 bestmemit:    1.318231   42.611510    1.000000    0.000000  611.371454
Iteration: 7 bestvalit: 0.001439 bestmemit:    1.318231   42.611510    1.000000    0.000000  611.371454
Iteration: 8 bestvalit: 0.001439 bestmemit:    1.318231   42.611510    1.000000    0.000000  611.371454
Iteration: 9 bestvalit: 0.001439 bestmemit:    1.318231   42.611510    1.000000    0.000000  611.371454
Iteration: 10 bestvalit: 0.001439 bestmemit:    1.318231   42.611510    1.000000    0.000000  611.371454
Iteration: 11 bestvalit: 0.001439 bestmemit:    1.318231   42.611510    1.000000    0.000000  611.371454
Iteration: 12 bestvalit: 0.001439 bestmemit:    1.318231   42.611510    1.000000    0.000000  611.371454
Iteration: 13 bestvalit: 0.001356 bestmemit:    1.646681   56.049127    1.000000    0.000000  530.339875
Iteration: 14 bestvalit: 0.001356 bestmemit:    1.646681   56.049127    1.000000    0.000000  530.339875
Iteration: 15 bestvalit: 0.001356 bestmemit:    1.646681   56.049127    1.000000    0.000000  530.339875
Iteration: 16 bestvalit: 0.001356 bestmemit:    1.646681   56.049127    1.000000    0.000000  530.339875
Iteration: 17 bestvalit: 0.001356 bestmemit:    1.646681   56.049127    1.000000    0.000000  530.339875
Iteration: 18 bestvalit: 0.001345 bestmemit:    1.150415   32.236172    1.000000    0.000000  497.134261
Iteration: 19 bestvalit: 0.001244 bestmemit:    1.646681   13.889599    1.000000    0.000000  530.339875
Iteration: 20 bestvalit: 0.001244 bestmemit:    1.646681   13.889599    1.000000    0.000000  530.339875
Iteration: 21 bestvalit: 0.001244 bestmemit:    1.646681   13.889599    1.000000    0.000000  530.339875
Iteration: 22 bestvalit: 0.001217 bestmemit:    1.083233   -8.424662    1.000000    0.000000  547.950721
Iteration: 23 bestvalit: 0.001217 bestmemit:    1.083233   -8.424662    1.000000    0.000000  547.950721
Iteration: 24 bestvalit: 0.001217 bestmemit:    1.083233   -8.424662    1.000000    0.000000  547.950721
Iteration: 25 bestvalit: 0.001217 bestmemit:    1.319522    4.049868    1.000000    0.000000  552.443017
Iteration: 26 bestvalit: 0.001217 bestmemit:    1.319522    4.049868    1.000000    0.000000  552.443017
Iteration: 27 bestvalit: 0.001217 bestmemit:    1.319522    4.049868    1.000000    0.000000  552.443017
Iteration: 28 bestvalit: 0.001217 bestmemit:    1.319522    4.049868    1.000000    0.000000  552.443017
Iteration: 29 bestvalit: 0.001217 bestmemit:    1.319522    4.049868    1.000000    0.000000  552.443017
Iteration: 30 bestvalit: 0.001211 bestmemit:    0.919163  -11.081070    1.000000    0.000000  538.018865
Iteration: 31 bestvalit: 0.001211 bestmemit:    0.919163  -11.081070    1.000000    0.000000  538.018865
Iteration: 32 bestvalit: 0.001211 bestmemit:    0.919163  -11.081070    1.000000    0.000000  538.018865
Iteration: 33 bestvalit: 0.001202 bestmemit:    1.083233   -8.424662    1.000000    0.000000  534.334372
Iteration: 34 bestvalit: 0.001202 bestmemit:    1.083233   -8.424662    1.000000    0.000000  534.334372
Iteration: 35 bestvalit: 0.001198 bestmemit:    1.548838  -15.863760    1.000000    0.000000  542.627970
Iteration: 36 bestvalit: 0.001198 bestmemit:    1.548838  -15.863760    1.000000    0.000000  542.627970
Iteration: 37 bestvalit: 0.001190 bestmemit:    2.275562    0.329363    1.000000    0.000000  543.812993
Iteration: 38 bestvalit: 0.001190 bestmemit:    2.275562    0.329363    1.000000    0.000000  543.812993
Iteration: 39 bestvalit: 0.001190 bestmemit:    2.275562    0.329363    1.000000    0.000000  543.812993
Iteration: 40 bestvalit: 0.001190 bestmemit:    2.275562    0.329363    1.000000    0.000000  543.812993
Iteration: 41 bestvalit: 0.001188 bestmemit:    2.106451   -9.669498    1.000000    0.000000  545.316460
Iteration: 42 bestvalit: 0.001188 bestmemit:    2.106451   -9.669498    1.000000    0.000000  545.316460
Iteration: 43 bestvalit: 0.001188 bestmemit:    2.106451   -9.669498    1.000000    0.000000  545.316460
Iteration: 44 bestvalit: 0.001188 bestmemit:    2.106451   -9.669498    1.000000    0.000000  545.316460
Iteration: 45 bestvalit: 0.001188 bestmemit:    2.106451   -9.669498    1.000000    0.000000  545.316460
Iteration: 46 bestvalit: 0.001188 bestmemit:    2.106451   -9.669498    1.000000    0.000000  545.316460
Iteration: 47 bestvalit: 0.001188 bestmemit:    2.106451   -9.669498    1.000000    0.000000  545.316460
Iteration: 48 bestvalit: 0.001188 bestmemit:    2.106451   -9.669498    1.000000    0.000000  545.316460
Iteration: 49 bestvalit: 0.001188 bestmemit:    2.106451   -9.669498    1.000000    0.000000  545.316460
Iteration: 50 bestvalit: 0.001188 bestmemit:    2.106451   -9.669498    1.000000    0.000000  545.316460
Iteration: 51 bestvalit: 0.001188 bestmemit:    2.106451   -9.669498    1.000000    0.000000  545.316460
Iteration: 52 bestvalit: 0.001188 bestmemit:    2.106451   -9.669498    1.000000    0.000000  545.316460
Iteration: 53 bestvalit: 0.001188 bestmemit:    2.106451   -9.669498    1.000000    0.000000  545.316460
Iteration: 54 bestvalit: 0.001188 bestmemit:    2.106451   -9.669498    1.000000    0.000000  545.316460
Iteration: 55 bestvalit: 0.001188 bestmemit:    2.106451   -9.669498    1.000000    0.000000  545.316460
Iteration: 56 bestvalit: 0.001188 bestmemit:    2.106451   -9.669498    1.000000    0.000000  545.316460
Iteration: 57 bestvalit: 0.001188 bestmemit:    2.106451   -9.669498    1.000000    0.000000  545.316460
Iteration: 58 bestvalit: 0.001188 bestmemit:    2.106451   -9.669498    1.000000    0.000000  545.316460
Iteration: 59 bestvalit: 0.001188 bestmemit:    2.106451   -9.669498    1.000000    0.000000  545.316460
Iteration: 60 bestvalit: 0.001188 bestmemit:    2.106451   -9.669498    1.000000    0.000000  545.316460
Iteration: 61 bestvalit: 0.001188 bestmemit:    2.106451   -9.669498    1.000000    0.000000  545.316460
Iteration: 62 bestvalit: 0.001188 bestmemit:    2.106451   -9.669498    1.000000    0.000000  545.316460
Iteration: 63 bestvalit: 0.001188 bestmemit:    2.106451   -9.669498    1.000000    0.000000  545.316460
Iteration: 64 bestvalit: 0.001185 bestmemit:    2.099845   -0.643769    1.000000    0.000000  550.642052
Iteration: 65 bestvalit: 0.001185 bestmemit:    2.099845   -0.643769    1.000000    0.000000  550.642052
Iteration: 66 bestvalit: 0.001185 bestmemit:    2.099845   -0.643769    1.000000    0.000000  550.642052
Iteration: 67 bestvalit: 0.001185 bestmemit:    2.099845   -0.643769    1.000000    0.000000  550.642052
Iteration: 68 bestvalit: 0.001185 bestmemit:    2.099845   -0.643769    1.000000    0.000000  550.642052
Iteration: 69 bestvalit: 0.001185 bestmemit:    2.099845   -0.643769    1.000000    0.000000  550.642052
Iteration: 70 bestvalit: 0.001185 bestmemit:    2.099845   -0.643769    1.000000    0.000000  550.642052
Iteration: 71 bestvalit: 0.001185 bestmemit:    2.099845   -0.643769    1.000000    0.000000  550.642052
Iteration: 72 bestvalit: 0.001185 bestmemit:    2.099845   -0.643769    1.000000    0.000000  550.642052
Iteration: 73 bestvalit: 0.001185 bestmemit:    2.099845   -0.643769    1.000000    0.000000  550.642052
Iteration: 74 bestvalit: 0.001185 bestmemit:    2.099845   -0.643769    1.000000    0.000000  550.642052
Iteration: 75 bestvalit: 0.001182 bestmemit:    2.306967   20.406655    1.000000    0.000000  545.610019
Iteration: 76 bestvalit: 0.001182 bestmemit:    2.306967   20.406655    1.000000    0.000000  545.610019
Iteration: 77 bestvalit: 0.001182 bestmemit:    2.306967   20.406655    1.000000    0.000000  545.610019
Iteration: 78 bestvalit: 0.001182 bestmemit:    2.306967   20.406655    1.000000    0.000000  545.610019
Iteration: 79 bestvalit: 0.001182 bestmemit:    2.306967   20.406655    1.000000    0.000000  545.610019
Iteration: 80 bestvalit: 0.001182 bestmemit:    2.306967   20.406655    1.000000    0.000000  545.610019
Iteration: 81 bestvalit: 0.001182 bestmemit:    2.306967   20.406655    1.000000    0.000000  545.610019
Iteration: 82 bestvalit: 0.001182 bestmemit:    2.306967   20.406655    1.000000    0.000000  545.610019
Iteration: 83 bestvalit: 0.001182 bestmemit:    2.306967   20.406655    1.000000    0.000000  545.610019
Iteration: 84 bestvalit: 0.001182 bestmemit:    2.306967   20.406655    1.000000    0.000000  545.610019
Iteration: 85 bestvalit: 0.001182 bestmemit:    2.306967   20.406655    1.000000    0.000000  545.610019
Iteration: 86 bestvalit: 0.001182 bestmemit:    2.306967   20.406655    1.000000    0.000000  545.610019
Iteration: 87 bestvalit: 0.001182 bestmemit:    2.306967   20.406655    1.000000    0.000000  545.610019
Iteration: 88 bestvalit: 0.001182 bestmemit:    2.306967   20.406655    1.000000    0.000000  545.610019
Iteration: 89 bestvalit: 0.001182 bestmemit:    2.306967   20.406655    1.000000    0.000000  545.610019
Iteration: 90 bestvalit: 0.001182 bestmemit:    2.306967   20.406655    1.000000    0.000000  545.610019
Iteration: 91 bestvalit: 0.001182 bestmemit:    2.306967   20.406655    1.000000    0.000000  545.610019
Iteration: 92 bestvalit: 0.001182 bestmemit:    2.306967   20.406655    1.000000    0.000000  545.610019
Iteration: 93 bestvalit: 0.001182 bestmemit:    2.306967   20.406655    1.000000    0.000000  545.610019
Iteration: 94 bestvalit: 0.001182 bestmemit:    2.306967   20.406655    1.000000    0.000000  545.610019
Iteration: 95 bestvalit: 0.001182 bestmemit:    2.306967   20.406655    1.000000    0.000000  545.610019
Iteration: 96 bestvalit: 0.001182 bestmemit:    2.306967   20.406655    1.000000    0.000000  545.610019
Iteration: 97 bestvalit: 0.001182 bestmemit:    2.306967   20.406655    1.000000    0.000000  545.610019
Iteration: 98 bestvalit: 0.001182 bestmemit:    2.306967   20.406655    1.000000    0.000000  545.610019
Iteration: 99 bestvalit: 0.001182 bestmemit:    2.306967   20.406655    1.000000    0.000000  545.610019
Iteration: 100 bestvalit: 0.001182 bestmemit:    2.306967   20.406655    1.000000    0.000000  545.610019
Iteration: 101 bestvalit: 0.001182 bestmemit:    2.306967   20.406655    1.000000    0.000000  545.610019
Iteration: 102 bestvalit: 0.001182 bestmemit:    2.306967   20.406655    1.000000    0.000000  545.610019
Iteration: 103 bestvalit: 0.001182 bestmemit:    2.306967   20.406655    1.000000    0.000000  545.610019
Iteration: 104 bestvalit: 0.001182 bestmemit:    2.306967   20.406655    1.000000    0.000000  545.610019
Iteration: 105 bestvalit: 0.001182 bestmemit:    2.306967   20.406655    1.000000    0.000000  545.610019
Iteration: 106 bestvalit: 0.001182 bestmemit:    2.306967   20.406655    1.000000    0.000000  545.610019
Iteration: 107 bestvalit: 0.001182 bestmemit:    2.306967   20.406655    1.000000    0.000000  545.610019
Iteration: 108 bestvalit: 0.001182 bestmemit:    2.306967   20.406655    1.000000    0.000000  545.610019
Iteration: 109 bestvalit: 0.001182 bestmemit:    2.306967   20.406655    1.000000    0.000000  545.610019
Iteration: 110 bestvalit: 0.001182 bestmemit:    2.306967   20.406655    1.000000    0.000000  545.610019
Iteration: 111 bestvalit: 0.001182 bestmemit:    2.306967   20.406655    1.000000    0.000000  545.610019
Iteration: 112 bestvalit: 0.001182 bestmemit:    2.306967   20.406655    1.000000    0.000000  545.610019
Iteration: 113 bestvalit: 0.001182 bestmemit:    2.306967   20.406655    1.000000    0.000000  545.610019
Iteration: 114 bestvalit: 0.001182 bestmemit:    2.306967   20.406655    1.000000    0.000000  545.610019
Iteration: 115 bestvalit: 0.001182 bestmemit:    2.306967   20.406655    1.000000    0.000000  545.610019
Iteration: 116 bestvalit: 0.001182 bestmemit:    2.306967   20.406655    1.000000    0.000000  545.610019
Iteration: 117 bestvalit: 0.001182 bestmemit:    2.306967   20.406655    1.000000    0.000000  545.610019
Iteration: 118 bestvalit: 0.001182 bestmemit:    2.306967   20.406655    1.000000    0.000000  545.610019
Iteration: 119 bestvalit: 0.001182 bestmemit:    2.306967   20.406655    1.000000    0.000000  545.610019
Iteration: 120 bestvalit: 0.001182 bestmemit:    2.306967   20.406655    1.000000    0.000000  545.610019
Iteration: 121 bestvalit: 0.001182 bestmemit:    2.306967   20.406655    1.000000    0.000000  545.610019
Iteration: 122 bestvalit: 0.001182 bestmemit:    2.306967   20.406655    1.000000    0.000000  545.610019
Iteration: 123 bestvalit: 0.001182 bestmemit:    2.306967   20.406655    1.000000    0.000000  545.610019
Iteration: 124 bestvalit: 0.001182 bestmemit:    2.306967   20.406655    1.000000    0.000000  545.610019
Iteration: 125 bestvalit: 0.001182 bestmemit:    2.306967   20.406655    1.000000    0.000000  545.610019
Iteration: 126 bestvalit: 0.001182 bestmemit:    2.306967   20.406655    1.000000    0.000000  545.610019
Iteration: 127 bestvalit: 0.001182 bestmemit:    2.306967   20.406655    1.000000    0.000000  545.610019
Iteration: 128 bestvalit: 0.001182 bestmemit:    2.306967   20.406655    1.000000    0.000000  545.610019
Iteration: 129 bestvalit: 0.001182 bestmemit:    2.306967   20.406655    1.000000    0.000000  545.610019
Iteration: 130 bestvalit: 0.001182 bestmemit:    2.306967   20.406655    1.000000    0.000000  545.610019
Iteration: 131 bestvalit: 0.001182 bestmemit:    2.306967   20.406655    1.000000    0.000000  545.610019
Iteration: 132 bestvalit: 0.001182 bestmemit:    2.306967   20.406655    1.000000    0.000000  545.610019
Iteration: 133 bestvalit: 0.001182 bestmemit:    2.306967   20.406655    1.000000    0.000000  545.610019
Iteration: 134 bestvalit: 0.001182 bestmemit:    2.306967   20.406655    1.000000    0.000000  545.610019
Iteration: 135 bestvalit: 0.001182 bestmemit:    2.306967   20.406655    1.000000    0.000000  545.610019
Iteration: 136 bestvalit: 0.001182 bestmemit:    2.306967   20.406655    1.000000    0.000000  545.610019
Iteration: 137 bestvalit: 0.001182 bestmemit:    2.306967   20.406655    1.000000    0.000000  545.610019
Iteration: 138 bestvalit: 0.001182 bestmemit:    2.306967   20.406655    1.000000    0.000000  545.610019
Iteration: 139 bestvalit: 0.001182 bestmemit:    2.306967   20.406655    1.000000    0.000000  545.610019
Iteration: 140 bestvalit: 0.001170 bestmemit:    1.631706  -28.078217    1.000000    0.000000  548.199013
Iteration: 141 bestvalit: 0.001170 bestmemit:    1.631706  -28.078217    1.000000    0.000000  548.199013
Iteration: 142 bestvalit: 0.001170 bestmemit:    1.631706  -28.078217    1.000000    0.000000  548.199013
Iteration: 143 bestvalit: 0.001170 bestmemit:    1.631706  -28.078217    1.000000    0.000000  548.199013
Iteration: 144 bestvalit: 0.001170 bestmemit:    1.631706  -28.078217    1.000000    0.000000  548.199013
Iteration: 145 bestvalit: 0.001170 bestmemit:    1.631706  -28.078217    1.000000    0.000000  548.199013
Iteration: 146 bestvalit: 0.001170 bestmemit:    1.631706  -28.078217    1.000000    0.000000  548.199013
Iteration: 147 bestvalit: 0.001170 bestmemit:    1.631706  -28.078217    1.000000    0.000000  548.199013
Iteration: 148 bestvalit: 0.001170 bestmemit:    1.631706  -28.078217    1.000000    0.000000  548.199013
Iteration: 149 bestvalit: 0.001170 bestmemit:    1.631706  -28.078217    1.000000    0.000000  548.199013
Iteration: 150 bestvalit: 0.001170 bestmemit:    1.631706  -28.078217    1.000000    0.000000  548.199013
Iteration: 151 bestvalit: 0.001170 bestmemit:    1.631706  -28.078217    1.000000    0.000000  548.199013
Iteration: 152 bestvalit: 0.001170 bestmemit:    1.631706  -28.078217    1.000000    0.000000  548.199013
Iteration: 153 bestvalit: 0.001170 bestmemit:    1.631706  -28.078217    1.000000    0.000000  548.199013
Iteration: 154 bestvalit: 0.001170 bestmemit:    1.631706  -28.078217    1.000000    0.000000  548.199013
Iteration: 155 bestvalit: 0.001170 bestmemit:    1.631706  -28.078217    1.000000    0.000000  548.199013
Iteration: 156 bestvalit: 0.001170 bestmemit:    1.631706  -28.078217    1.000000    0.000000  548.199013
Iteration: 157 bestvalit: 0.001170 bestmemit:    1.631706  -28.078217    1.000000    0.000000  548.199013
Iteration: 158 bestvalit: 0.001170 bestmemit:    1.631706  -28.078217    1.000000    0.000000  548.199013
Iteration: 159 bestvalit: 0.001170 bestmemit:    1.631706  -28.078217    1.000000    0.000000  548.199013
Iteration: 160 bestvalit: 0.001170 bestmemit:    1.631706  -28.078217    1.000000    0.000000  548.199013
Iteration: 161 bestvalit: 0.001170 bestmemit:    1.631706  -28.078217    1.000000    0.000000  548.199013
Iteration: 162 bestvalit: 0.001170 bestmemit:    1.631706  -28.078217    1.000000    0.000000  548.199013
Iteration: 163 bestvalit: 0.001170 bestmemit:    1.631706  -28.078217    1.000000    0.000000  548.199013
Iteration: 164 bestvalit: 0.001170 bestmemit:    1.631706  -28.078217    1.000000    0.000000  548.199013
Iteration: 165 bestvalit: 0.001170 bestmemit:    1.631706  -28.078217    1.000000    0.000000  548.199013
Iteration: 166 bestvalit: 0.001170 bestmemit:    1.631706  -28.078217    1.000000    0.000000  548.199013
Iteration: 167 bestvalit: 0.001170 bestmemit:    1.631706  -28.078217    1.000000    0.000000  548.199013
Iteration: 168 bestvalit: 0.001170 bestmemit:    1.631706  -28.078217    1.000000    0.000000  548.199013
Iteration: 169 bestvalit: 0.001170 bestmemit:    1.631706  -28.078217    1.000000    0.000000  548.199013
Iteration: 170 bestvalit: 0.001170 bestmemit:    1.631706  -28.078217    1.000000    0.000000  548.199013
Iteration: 171 bestvalit: 0.001170 bestmemit:    1.631706  -28.078217    1.000000    0.000000  548.199013
Iteration: 172 bestvalit: 0.001170 bestmemit:    1.631706  -28.078217    1.000000    0.000000  548.199013
Iteration: 173 bestvalit: 0.001170 bestmemit:    1.631706  -28.078217    1.000000    0.000000  548.199013
Iteration: 174 bestvalit: 0.001170 bestmemit:    1.631706  -28.078217    1.000000    0.000000  548.199013
Iteration: 175 bestvalit: 0.001170 bestmemit:    1.631706  -28.078217    1.000000    0.000000  548.199013
Iteration: 176 bestvalit: 0.001170 bestmemit:    1.631706  -28.078217    1.000000    0.000000  548.199013
Iteration: 177 bestvalit: 0.001170 bestmemit:    1.631706  -28.078217    1.000000    0.000000  548.199013
Iteration: 178 bestvalit: 0.001170 bestmemit:    1.631706  -28.078217    1.000000    0.000000  548.199013
Iteration: 179 bestvalit: 0.001170 bestmemit:    1.631706  -28.078217    1.000000    0.000000  548.199013
Iteration: 180 bestvalit: 0.001170 bestmemit:    1.631706  -28.078217    1.000000    0.000000  548.199013
Iteration: 181 bestvalit: 0.001170 bestmemit:    1.631706  -28.078217    1.000000    0.000000  548.199013
Iteration: 182 bestvalit: 0.001170 bestmemit:    1.631706  -28.078217    1.000000    0.000000  548.199013
Iteration: 183 bestvalit: 0.001170 bestmemit:    1.631706  -28.078217    1.000000    0.000000  548.199013
Iteration: 184 bestvalit: 0.001170 bestmemit:    1.631706  -28.078217    1.000000    0.000000  548.199013
Iteration: 185 bestvalit: 0.001170 bestmemit:    1.631706  -28.078217    1.000000    0.000000  548.199013
Iteration: 186 bestvalit: 0.001170 bestmemit:    1.631706  -28.078217    1.000000    0.000000  548.199013
Iteration: 187 bestvalit: 0.001170 bestmemit:    1.631706  -28.078217    1.000000    0.000000  548.199013
Iteration: 188 bestvalit: 0.001170 bestmemit:    1.631706  -28.078217    1.000000    0.000000  548.199013
Iteration: 189 bestvalit: 0.001170 bestmemit:    1.631706  -28.078217    1.000000    0.000000  548.199013
Iteration: 190 bestvalit: 0.001170 bestmemit:    1.631706  -28.078217    1.000000    0.000000  548.199013
Iteration: 191 bestvalit: 0.001170 bestmemit:    1.631706  -28.078217    1.000000    0.000000  548.199013
Iteration: 192 bestvalit: 0.001170 bestmemit:    1.631706  -28.078217    1.000000    0.000000  548.199013
Iteration: 193 bestvalit: 0.001170 bestmemit:    1.631706  -28.078217    1.000000    0.000000  548.199013
Iteration: 194 bestvalit: 0.001170 bestmemit:    1.631706  -28.078217    1.000000    0.000000  548.199013
Iteration: 195 bestvalit: 0.001170 bestmemit:    1.631706  -28.078217    1.000000    0.000000  548.199013
Iteration: 196 bestvalit: 0.001170 bestmemit:    1.631706  -28.078217    1.000000    0.000000  548.199013
Iteration: 197 bestvalit: 0.001170 bestmemit:    1.631706  -28.078217    1.000000    0.000000  548.199013
Iteration: 198 bestvalit: 0.001170 bestmemit:    1.631706  -28.078217    1.000000    0.000000  548.199013
Iteration: 199 bestvalit: 0.001170 bestmemit:    1.631706  -28.078217    1.000000    0.000000  548.199013
Iteration: 200 bestvalit: 0.001170 bestmemit:    1.631706  -28.078217    1.000000    0.000000  548.199013
Iteration: 201 bestvalit: 0.001170 bestmemit:    1.631706  -28.078217    1.000000    0.000000  548.199013
Iteration: 202 bestvalit: 0.001170 bestmemit:    1.631706  -28.078217    1.000000    0.000000  548.199013
Iteration: 203 bestvalit: 0.001170 bestmemit:    1.631706  -28.078217    1.000000    0.000000  548.199013
Iteration: 204 bestvalit: 0.001170 bestmemit:    1.631706  -28.078217    1.000000    0.000000  548.199013
Iteration: 205 bestvalit: 0.001170 bestmemit:    1.631706  -28.078217    1.000000    0.000000  548.199013
Iteration: 206 bestvalit: 0.001170 bestmemit:    1.631706  -28.078217    1.000000    0.000000  548.199013
Iteration: 207 bestvalit: 0.001170 bestmemit:    1.631706  -28.078217    1.000000    0.000000  548.199013
Iteration: 208 bestvalit: 0.001170 bestmemit:    1.631706  -28.078217    1.000000    0.000000  548.199013
Iteration: 209 bestvalit: 0.001170 bestmemit:    1.631706  -28.078217    1.000000    0.000000  548.199013
Iteration: 210 bestvalit: 0.001170 bestmemit:    1.631706  -28.078217    1.000000    0.000000  548.199013
Iteration: 211 bestvalit: 0.001170 bestmemit:    1.631706  -28.078217    1.000000    0.000000  548.199013
Iteration: 212 bestvalit: 0.001170 bestmemit:    1.631706  -28.078217    1.000000    0.000000  548.199013
Iteration: 213 bestvalit: 0.001170 bestmemit:    1.631706  -28.078217    1.000000    0.000000  548.199013
Iteration: 214 bestvalit: 0.001170 bestmemit:    1.631706  -28.078217    1.000000    0.000000  548.199013
Iteration: 215 bestvalit: 0.001170 bestmemit:    1.631706  -28.078217    1.000000    0.000000  548.199013
Iteration: 216 bestvalit: 0.001170 bestmemit:    1.631706  -28.078217    1.000000    0.000000  548.199013
Iteration: 217 bestvalit: 0.001170 bestmemit:    1.631706  -28.078217    1.000000    0.000000  548.199013
Iteration: 218 bestvalit: 0.001170 bestmemit:    1.631706  -28.078217    1.000000    0.000000  548.199013
Iteration: 219 bestvalit: 0.001170 bestmemit:    1.631706  -28.078217    1.000000    0.000000  548.199013
Iteration: 220 bestvalit: 0.001170 bestmemit:    1.631706  -28.078217    1.000000    0.000000  548.199013
Iteration: 221 bestvalit: 0.001170 bestmemit:    1.631706  -28.078217    1.000000    0.000000  548.199013
Iteration: 222 bestvalit: 0.001170 bestmemit:    1.631706  -28.078217    1.000000    0.000000  548.199013
Iteration: 223 bestvalit: 0.001170 bestmemit:    1.631706  -28.078217    1.000000    0.000000  548.199013
Iteration: 224 bestvalit: 0.001170 bestmemit:    1.631706  -28.078217    1.000000    0.000000  548.199013
Iteration: 225 bestvalit: 0.001170 bestmemit:    1.631706  -28.078217    1.000000    0.000000  548.199013
Iteration: 226 bestvalit: 0.001170 bestmemit:    1.631706  -28.078217    1.000000    0.000000  548.199013
Iteration: 227 bestvalit: 0.001170 bestmemit:    1.631706  -28.078217    1.000000    0.000000  548.199013
Iteration: 228 bestvalit: 0.001170 bestmemit:    1.631706  -28.078217    1.000000    0.000000  548.199013
Iteration: 229 bestvalit: 0.001170 bestmemit:    1.631706  -28.078217    1.000000    0.000000  548.199013
Iteration: 230 bestvalit: 0.001170 bestmemit:    1.631706  -28.078217    1.000000    0.000000  548.199013
Iteration: 231 bestvalit: 0.001170 bestmemit:    1.631706  -28.078217    1.000000    0.000000  548.199013
Iteration: 232 bestvalit: 0.001170 bestmemit:    1.631706  -28.078217    1.000000    0.000000  548.199013
Iteration: 233 bestvalit: 0.001170 bestmemit:    1.631706  -28.078217    1.000000    0.000000  548.199013
Iteration: 234 bestvalit: 0.001170 bestmemit:    1.631706  -28.078217    1.000000    0.000000  548.199013
Iteration: 235 bestvalit: 0.001170 bestmemit:    1.631706  -28.078217    1.000000    0.000000  548.199013
Iteration: 236 bestvalit: 0.001170 bestmemit:    1.631706  -28.078217    1.000000    0.000000  548.199013
Iteration: 237 bestvalit: 0.001170 bestmemit:    1.631706  -28.078217    1.000000    0.000000  548.199013
Iteration: 238 bestvalit: 0.001170 bestmemit:    1.631706  -28.078217    1.000000    0.000000  548.199013
Iteration: 239 bestvalit: 0.001170 bestmemit:    1.631706  -28.078217    1.000000    0.000000  548.199013
Iteration: 240 bestvalit: 0.001170 bestmemit:    1.631706  -28.078217    1.000000    0.000000  548.199013
Iteration: 241 bestvalit: 0.001170 bestmemit:    1.631706  -28.078217    1.000000    0.000000  548.199013

***** summary of DEoptim object ***** 
best member   :  1.63171 -28.07822 1 0 548.199 
best value    :  0.00117 
after         :  241 generations 
fn evaluated  :  484 times 
*************************************
