SLURM_JOB_ID: 55336523
SLURM_JOB_USER: vsc34066
SLURM_JOB_ACCOUNT: lp_desenderlab
SLURM_JOB_NAME: fit_alternating_fb_beta_learn.slurm
SLURM_CLUSTER_NAME: genius
SLURM_JOB_PARTITION: batch
SLURM_ARRAY_JOB_ID: 55336494
SLURM_ARRAY_TASK_ID: 29
SLURM_NNODES: 1
SLURM_NODELIST: r23i27n07
SLURM_JOB_CPUS_PER_NODE: 8
Date: Tue Nov  7 16:44:04 CET 2023
Walltime: 00-23:00:00
========================================================================
Iteration: 1 bestvalit: 0.002577 bestmemit:    4.528842   76.195748    1.000000    0.000000  960.321696
Iteration: 2 bestvalit: 0.002577 bestmemit:    4.528842   76.195748    1.000000    0.000000  960.321696
Iteration: 3 bestvalit: 0.002577 bestmemit:    4.528842   76.195748    1.000000    0.000000  960.321696
Iteration: 4 bestvalit: 0.002577 bestmemit:    4.528842   76.195748    1.000000    0.000000  960.321696
Iteration: 5 bestvalit: 0.001644 bestmemit:    6.723905   23.828118    1.000000    0.000000  721.796537
Iteration: 6 bestvalit: 0.001644 bestmemit:    6.723905   23.828118    1.000000    0.000000  721.796537
Iteration: 7 bestvalit: 0.001644 bestmemit:    6.723905   23.828118    1.000000    0.000000  721.796537
Iteration: 8 bestvalit: 0.001644 bestmemit:    6.723905   23.828118    1.000000    0.000000  721.796537
Iteration: 9 bestvalit: 0.001644 bestmemit:    6.723905   23.828118    1.000000    0.000000  721.796537
Iteration: 10 bestvalit: 0.001644 bestmemit:    6.723905   23.828118    1.000000    0.000000  721.796537
Iteration: 11 bestvalit: 0.001644 bestmemit:    6.723905   23.828118    1.000000    0.000000  721.796537
Iteration: 12 bestvalit: 0.001496 bestmemit:    5.378957   51.610971    1.000000    0.000000  672.508553
Iteration: 13 bestvalit: 0.001496 bestmemit:    5.378957   51.610971    1.000000    0.000000  672.508553
Iteration: 14 bestvalit: 0.001496 bestmemit:    5.378957   51.610971    1.000000    0.000000  672.508553
Iteration: 15 bestvalit: 0.001496 bestmemit:    5.378957   51.610971    1.000000    0.000000  672.508553
Iteration: 16 bestvalit: 0.001495 bestmemit:    0.110956   14.183071    1.000000    0.000000  783.365969
Iteration: 17 bestvalit: 0.001326 bestmemit:    3.801588   35.483118    1.000000    0.000000  665.048854
Iteration: 18 bestvalit: 0.001294 bestmemit:    1.941663   16.990898    1.000000    0.000000  647.928420
Iteration: 19 bestvalit: 0.001271 bestmemit:    3.962833  -70.160058    1.000000    0.000000  695.147588
Iteration: 20 bestvalit: 0.001207 bestmemit:    1.941663   16.990898    1.000000    0.000000  698.969646
Iteration: 21 bestvalit: 0.001207 bestmemit:    1.941663   16.990898    1.000000    0.000000  698.969646
Iteration: 22 bestvalit: 0.001207 bestmemit:    1.941663   16.990898    1.000000    0.000000  698.969646
Iteration: 23 bestvalit: 0.001207 bestmemit:    1.941663   16.990898    1.000000    0.000000  698.969646
Iteration: 24 bestvalit: 0.001207 bestmemit:    1.941663   16.990898    1.000000    0.000000  698.969646
Iteration: 25 bestvalit: 0.001207 bestmemit:    1.941663   16.990898    1.000000    0.000000  698.969646
Iteration: 26 bestvalit: 0.001207 bestmemit:    1.941663   16.990898    1.000000    0.000000  698.969646
Iteration: 27 bestvalit: 0.001207 bestmemit:    1.941663   16.990898    1.000000    0.000000  698.969646
Iteration: 28 bestvalit: 0.001207 bestmemit:    1.941663   16.990898    1.000000    0.000000  698.969646
Iteration: 29 bestvalit: 0.001207 bestmemit:    1.941663   16.990898    1.000000    0.000000  698.969646
Iteration: 30 bestvalit: 0.001207 bestmemit:    1.941663   16.990898    1.000000    0.000000  698.969646
Iteration: 31 bestvalit: 0.001158 bestmemit:    2.758055   -1.615987    1.000000    0.000000  685.149018
Iteration: 32 bestvalit: 0.001158 bestmemit:    2.758055   -1.615987    1.000000    0.000000  685.149018
Iteration: 33 bestvalit: 0.001158 bestmemit:    2.758055   -1.615987    1.000000    0.000000  685.149018
Iteration: 34 bestvalit: 0.001158 bestmemit:    2.758055   -1.615987    1.000000    0.000000  685.149018
Iteration: 35 bestvalit: 0.001158 bestmemit:    2.758055   -1.615987    1.000000    0.000000  685.149018
Iteration: 36 bestvalit: 0.001158 bestmemit:    2.758055   -1.615987    1.000000    0.000000  685.149018
Iteration: 37 bestvalit: 0.001158 bestmemit:    2.758055   -1.615987    1.000000    0.000000  685.149018
Iteration: 38 bestvalit: 0.001158 bestmemit:    2.758055   -1.615987    1.000000    0.000000  685.149018
Iteration: 39 bestvalit: 0.001158 bestmemit:    2.758055   -1.615987    1.000000    0.000000  685.149018
Iteration: 40 bestvalit: 0.001158 bestmemit:    2.758055   -1.615987    1.000000    0.000000  685.149018
Iteration: 41 bestvalit: 0.001158 bestmemit:    2.758055   -1.615987    1.000000    0.000000  685.149018
Iteration: 42 bestvalit: 0.001158 bestmemit:    2.758055   -1.615987    1.000000    0.000000  685.149018
Iteration: 43 bestvalit: 0.001158 bestmemit:    2.758055   -1.615987    1.000000    0.000000  685.149018
Iteration: 44 bestvalit: 0.001158 bestmemit:    2.758055   -1.615987    1.000000    0.000000  685.149018
Iteration: 45 bestvalit: 0.001158 bestmemit:    2.758055   -1.615987    1.000000    0.000000  685.149018
Iteration: 46 bestvalit: 0.001158 bestmemit:    2.758055   -1.615987    1.000000    0.000000  685.149018
Iteration: 47 bestvalit: 0.001158 bestmemit:    2.758055   -1.615987    1.000000    0.000000  685.149018
Iteration: 48 bestvalit: 0.001158 bestmemit:    2.758055   -1.615987    1.000000    0.000000  685.149018
Iteration: 49 bestvalit: 0.001158 bestmemit:    2.758055   -1.615987    1.000000    0.000000  685.149018
Iteration: 50 bestvalit: 0.001158 bestmemit:    2.758055   -1.615987    1.000000    0.000000  685.149018
Iteration: 51 bestvalit: 0.001158 bestmemit:    2.758055   -1.615987    1.000000    0.000000  685.149018
Iteration: 52 bestvalit: 0.001158 bestmemit:    2.758055   -1.615987    1.000000    0.000000  685.149018
Iteration: 53 bestvalit: 0.001158 bestmemit:    2.758055   -1.615987    1.000000    0.000000  685.149018
Iteration: 54 bestvalit: 0.001158 bestmemit:    2.758055   -1.615987    1.000000    0.000000  685.149018
Iteration: 55 bestvalit: 0.001158 bestmemit:    2.758055   -1.615987    1.000000    0.000000  685.149018
Iteration: 56 bestvalit: 0.001158 bestmemit:    2.758055   -1.615987    1.000000    0.000000  685.149018
Iteration: 57 bestvalit: 0.001158 bestmemit:    2.758055   -1.615987    1.000000    0.000000  685.149018
Iteration: 58 bestvalit: 0.001158 bestmemit:    2.758055   -1.615987    1.000000    0.000000  685.149018
Iteration: 59 bestvalit: 0.001158 bestmemit:    2.758055   -1.615987    1.000000    0.000000  685.149018
Iteration: 60 bestvalit: 0.001158 bestmemit:    2.758055   -1.615987    1.000000    0.000000  685.149018
Iteration: 61 bestvalit: 0.001158 bestmemit:    2.758055   -1.615987    1.000000    0.000000  685.149018
Iteration: 62 bestvalit: 0.001158 bestmemit:    2.758055   -1.615987    1.000000    0.000000  685.149018
Iteration: 63 bestvalit: 0.001158 bestmemit:    2.758055   -1.615987    1.000000    0.000000  685.149018
Iteration: 64 bestvalit: 0.001158 bestmemit:    2.758055   -1.615987    1.000000    0.000000  685.149018
Iteration: 65 bestvalit: 0.001158 bestmemit:    2.758055   -1.615987    1.000000    0.000000  685.149018
Iteration: 66 bestvalit: 0.001158 bestmemit:    2.758055   -1.615987    1.000000    0.000000  685.149018
Iteration: 67 bestvalit: 0.001158 bestmemit:    2.758055   -1.615987    1.000000    0.000000  685.149018
Iteration: 68 bestvalit: 0.001158 bestmemit:    2.758055   -1.615987    1.000000    0.000000  685.149018
Iteration: 69 bestvalit: 0.001158 bestmemit:    2.758055   -1.615987    1.000000    0.000000  685.149018
Iteration: 70 bestvalit: 0.001158 bestmemit:    2.758055   -1.615987    1.000000    0.000000  685.149018
Iteration: 71 bestvalit: 0.001158 bestmemit:    2.758055   -1.615987    1.000000    0.000000  685.149018
Iteration: 72 bestvalit: 0.001158 bestmemit:    2.758055   -1.615987    1.000000    0.000000  685.149018
Iteration: 73 bestvalit: 0.001158 bestmemit:    2.758055   -1.615987    1.000000    0.000000  685.149018
Iteration: 74 bestvalit: 0.001158 bestmemit:    2.758055   -1.615987    1.000000    0.000000  685.149018
Iteration: 75 bestvalit: 0.001158 bestmemit:    2.758055   -1.615987    1.000000    0.000000  685.149018
Iteration: 76 bestvalit: 0.001158 bestmemit:    2.758055   -1.615987    1.000000    0.000000  685.149018
Iteration: 77 bestvalit: 0.001158 bestmemit:    2.758055   -1.615987    1.000000    0.000000  685.149018
Iteration: 78 bestvalit: 0.001158 bestmemit:    2.758055   -1.615987    1.000000    0.000000  685.149018
Iteration: 79 bestvalit: 0.001158 bestmemit:    2.758055   -1.615987    1.000000    0.000000  685.149018
Iteration: 80 bestvalit: 0.001158 bestmemit:    2.758055   -1.615987    1.000000    0.000000  685.149018
Iteration: 81 bestvalit: 0.001158 bestmemit:    2.758055   -1.615987    1.000000    0.000000  685.149018
Iteration: 82 bestvalit: 0.001158 bestmemit:    2.758055   -1.615987    1.000000    0.000000  685.149018
Iteration: 83 bestvalit: 0.001158 bestmemit:    2.758055   -1.615987    1.000000    0.000000  685.149018
Iteration: 84 bestvalit: 0.001158 bestmemit:    2.758055   -1.615987    1.000000    0.000000  685.149018
Iteration: 85 bestvalit: 0.001158 bestmemit:    2.758055   -1.615987    1.000000    0.000000  685.149018
Iteration: 86 bestvalit: 0.001158 bestmemit:    2.758055   -1.615987    1.000000    0.000000  685.149018
Iteration: 87 bestvalit: 0.001158 bestmemit:    2.758055   -1.615987    1.000000    0.000000  685.149018
Iteration: 88 bestvalit: 0.001158 bestmemit:    2.758055   -1.615987    1.000000    0.000000  685.149018
Iteration: 89 bestvalit: 0.001158 bestmemit:    2.758055   -1.615987    1.000000    0.000000  685.149018
Iteration: 90 bestvalit: 0.001158 bestmemit:    2.758055   -1.615987    1.000000    0.000000  685.149018
Iteration: 91 bestvalit: 0.001158 bestmemit:    2.758055   -1.615987    1.000000    0.000000  685.149018
Iteration: 92 bestvalit: 0.001158 bestmemit:    2.758055   -1.615987    1.000000    0.000000  685.149018
Iteration: 93 bestvalit: 0.001158 bestmemit:    2.758055   -1.615987    1.000000    0.000000  685.149018
Iteration: 94 bestvalit: 0.001158 bestmemit:    2.758055   -1.615987    1.000000    0.000000  685.149018
Iteration: 95 bestvalit: 0.001158 bestmemit:    2.758055   -1.615987    1.000000    0.000000  685.149018
Iteration: 96 bestvalit: 0.001158 bestmemit:    2.758055   -1.615987    1.000000    0.000000  685.149018
Iteration: 97 bestvalit: 0.001158 bestmemit:    2.758055   -1.615987    1.000000    0.000000  685.149018
Iteration: 98 bestvalit: 0.001158 bestmemit:    2.758055   -1.615987    1.000000    0.000000  685.149018
Iteration: 99 bestvalit: 0.001158 bestmemit:    2.758055   -1.615987    1.000000    0.000000  685.149018
Iteration: 100 bestvalit: 0.001158 bestmemit:    2.758055   -1.615987    1.000000    0.000000  685.149018
Iteration: 101 bestvalit: 0.001158 bestmemit:    2.758055   -1.615987    1.000000    0.000000  685.149018
Iteration: 102 bestvalit: 0.001158 bestmemit:    2.758055   -1.615987    1.000000    0.000000  685.149018
Iteration: 103 bestvalit: 0.001158 bestmemit:    2.758055   -1.615987    1.000000    0.000000  685.149018
Iteration: 104 bestvalit: 0.001158 bestmemit:    2.758055   -1.615987    1.000000    0.000000  685.149018
Iteration: 105 bestvalit: 0.001158 bestmemit:    2.758055   -1.615987    1.000000    0.000000  685.149018
Iteration: 106 bestvalit: 0.001158 bestmemit:    2.758055   -1.615987    1.000000    0.000000  685.149018
Iteration: 107 bestvalit: 0.001158 bestmemit:    2.758055   -1.615987    1.000000    0.000000  685.149018
Iteration: 108 bestvalit: 0.001158 bestmemit:    2.758055   -1.615987    1.000000    0.000000  685.149018
Iteration: 109 bestvalit: 0.001158 bestmemit:    2.758055   -1.615987    1.000000    0.000000  685.149018
Iteration: 110 bestvalit: 0.001158 bestmemit:    2.758055   -1.615987    1.000000    0.000000  685.149018
Iteration: 111 bestvalit: 0.001158 bestmemit:    2.758055   -1.615987    1.000000    0.000000  685.149018
Iteration: 112 bestvalit: 0.001158 bestmemit:    2.758055   -1.615987    1.000000    0.000000  685.149018
Iteration: 113 bestvalit: 0.001158 bestmemit:    2.758055   -1.615987    1.000000    0.000000  685.149018
Iteration: 114 bestvalit: 0.001158 bestmemit:    2.758055   -1.615987    1.000000    0.000000  685.149018
Iteration: 115 bestvalit: 0.001158 bestmemit:    2.758055   -1.615987    1.000000    0.000000  685.149018
Iteration: 116 bestvalit: 0.001158 bestmemit:    2.758055   -1.615987    1.000000    0.000000  685.149018
Iteration: 117 bestvalit: 0.001158 bestmemit:    2.758055   -1.615987    1.000000    0.000000  685.149018
Iteration: 118 bestvalit: 0.001158 bestmemit:    2.758055   -1.615987    1.000000    0.000000  685.149018
Iteration: 119 bestvalit: 0.001158 bestmemit:    2.758055   -1.615987    1.000000    0.000000  685.149018
Iteration: 120 bestvalit: 0.001153 bestmemit:    2.554866   -0.422304    1.000000    0.000000  701.046850
Iteration: 121 bestvalit: 0.001153 bestmemit:    2.554866   -0.422304    1.000000    0.000000  701.046850
Iteration: 122 bestvalit: 0.001153 bestmemit:    2.554866   -0.422304    1.000000    0.000000  701.046850
Iteration: 123 bestvalit: 0.001153 bestmemit:    2.554866   -0.422304    1.000000    0.000000  701.046850
Iteration: 124 bestvalit: 0.001153 bestmemit:    2.554866   -0.422304    1.000000    0.000000  701.046850
Iteration: 125 bestvalit: 0.001153 bestmemit:    2.554866   -0.422304    1.000000    0.000000  701.046850
Iteration: 126 bestvalit: 0.001153 bestmemit:    2.554866   -0.422304    1.000000    0.000000  701.046850
Iteration: 127 bestvalit: 0.001153 bestmemit:    2.554866   -0.422304    1.000000    0.000000  701.046850
Iteration: 128 bestvalit: 0.001153 bestmemit:    2.554866   -0.422304    1.000000    0.000000  701.046850
Iteration: 129 bestvalit: 0.001153 bestmemit:    2.554866   -0.422304    1.000000    0.000000  701.046850
Iteration: 130 bestvalit: 0.001153 bestmemit:    2.554866   -0.422304    1.000000    0.000000  701.046850
Iteration: 131 bestvalit: 0.001153 bestmemit:    2.554866   -0.422304    1.000000    0.000000  701.046850
Iteration: 132 bestvalit: 0.001153 bestmemit:    2.554866   -0.422304    1.000000    0.000000  701.046850
Iteration: 133 bestvalit: 0.001153 bestmemit:    2.554866   -0.422304    1.000000    0.000000  701.046850
Iteration: 134 bestvalit: 0.001153 bestmemit:    2.554866   -0.422304    1.000000    0.000000  701.046850
Iteration: 135 bestvalit: 0.001153 bestmemit:    2.554866   -0.422304    1.000000    0.000000  701.046850
Iteration: 136 bestvalit: 0.001153 bestmemit:    2.554866   -0.422304    1.000000    0.000000  701.046850
Iteration: 137 bestvalit: 0.001153 bestmemit:    2.554866   -0.422304    1.000000    0.000000  701.046850
Iteration: 138 bestvalit: 0.001153 bestmemit:    2.554866   -0.422304    1.000000    0.000000  701.046850
Iteration: 139 bestvalit: 0.001153 bestmemit:    2.554866   -0.422304    1.000000    0.000000  701.046850
Iteration: 140 bestvalit: 0.001153 bestmemit:    2.554866   -0.422304    1.000000    0.000000  701.046850
Iteration: 141 bestvalit: 0.001153 bestmemit:    2.554866   -0.422304    1.000000    0.000000  701.046850
Iteration: 142 bestvalit: 0.001153 bestmemit:    2.554866   -0.422304    1.000000    0.000000  701.046850
Iteration: 143 bestvalit: 0.001153 bestmemit:    2.554866   -0.422304    1.000000    0.000000  701.046850
Iteration: 144 bestvalit: 0.001153 bestmemit:    2.554866   -0.422304    1.000000    0.000000  701.046850
Iteration: 145 bestvalit: 0.001153 bestmemit:    2.554866   -0.422304    1.000000    0.000000  701.046850
Iteration: 146 bestvalit: 0.001153 bestmemit:    2.554866   -0.422304    1.000000    0.000000  701.046850
Iteration: 147 bestvalit: 0.001153 bestmemit:    2.554866   -0.422304    1.000000    0.000000  701.046850
Iteration: 148 bestvalit: 0.001153 bestmemit:    2.554866   -0.422304    1.000000    0.000000  701.046850
Iteration: 149 bestvalit: 0.001153 bestmemit:    2.554866   -0.422304    1.000000    0.000000  701.046850
Iteration: 150 bestvalit: 0.001153 bestmemit:    2.554866   -0.422304    1.000000    0.000000  701.046850
Iteration: 151 bestvalit: 0.001153 bestmemit:    2.554866   -0.422304    1.000000    0.000000  701.046850
Iteration: 152 bestvalit: 0.001153 bestmemit:    2.554866   -0.422304    1.000000    0.000000  701.046850
Iteration: 153 bestvalit: 0.001153 bestmemit:    2.554866   -0.422304    1.000000    0.000000  701.046850
Iteration: 154 bestvalit: 0.001153 bestmemit:    2.554866   -0.422304    1.000000    0.000000  701.046850
Iteration: 155 bestvalit: 0.001153 bestmemit:    2.554866   -0.422304    1.000000    0.000000  701.046850
Iteration: 156 bestvalit: 0.001153 bestmemit:    2.554866   -0.422304    1.000000    0.000000  701.046850
Iteration: 157 bestvalit: 0.001153 bestmemit:    2.554866   -0.422304    1.000000    0.000000  701.046850
Iteration: 158 bestvalit: 0.001153 bestmemit:    2.554866   -0.422304    1.000000    0.000000  701.046850
Iteration: 159 bestvalit: 0.001153 bestmemit:    2.554866   -0.422304    1.000000    0.000000  701.046850
Iteration: 160 bestvalit: 0.001153 bestmemit:    2.554866   -0.422304    1.000000    0.000000  701.046850
Iteration: 161 bestvalit: 0.001153 bestmemit:    2.554866   -0.422304    1.000000    0.000000  701.046850
Iteration: 162 bestvalit: 0.001153 bestmemit:    2.554866   -0.422304    1.000000    0.000000  701.046850
Iteration: 163 bestvalit: 0.001153 bestmemit:    2.554866   -0.422304    1.000000    0.000000  701.046850
Iteration: 164 bestvalit: 0.001153 bestmemit:    2.554866   -0.422304    1.000000    0.000000  701.046850
Iteration: 165 bestvalit: 0.001153 bestmemit:    2.554866   -0.422304    1.000000    0.000000  701.046850
Iteration: 166 bestvalit: 0.001153 bestmemit:    2.554866   -0.422304    1.000000    0.000000  701.046850
Iteration: 167 bestvalit: 0.001153 bestmemit:    2.554866   -0.422304    1.000000    0.000000  701.046850
Iteration: 168 bestvalit: 0.001153 bestmemit:    2.554866   -0.422304    1.000000    0.000000  701.046850
Iteration: 169 bestvalit: 0.001152 bestmemit:    2.989640   28.967431    1.000000    0.000000  698.375083
Iteration: 170 bestvalit: 0.001152 bestmemit:    2.989640   28.967431    1.000000    0.000000  698.375083
Iteration: 171 bestvalit: 0.001152 bestmemit:    2.989640   28.967431    1.000000    0.000000  698.375083
Iteration: 172 bestvalit: 0.001152 bestmemit:    2.989640   28.967431    1.000000    0.000000  698.375083
Iteration: 173 bestvalit: 0.001152 bestmemit:    2.989640   28.967431    1.000000    0.000000  698.375083
Iteration: 174 bestvalit: 0.001152 bestmemit:    2.989640   28.967431    1.000000    0.000000  698.375083
Iteration: 175 bestvalit: 0.001152 bestmemit:    2.989640   28.967431    1.000000    0.000000  698.375083
Iteration: 176 bestvalit: 0.001152 bestmemit:    2.989640   28.967431    1.000000    0.000000  698.375083
Iteration: 177 bestvalit: 0.001152 bestmemit:    2.989640   28.967431    1.000000    0.000000  698.375083
Iteration: 178 bestvalit: 0.001152 bestmemit:    2.989640   28.967431    1.000000    0.000000  698.375083
Iteration: 179 bestvalit: 0.001152 bestmemit:    2.989640   28.967431    1.000000    0.000000  698.375083
Iteration: 180 bestvalit: 0.001152 bestmemit:    2.989640   28.967431    1.000000    0.000000  698.375083
Iteration: 181 bestvalit: 0.001152 bestmemit:    2.989640   28.967431    1.000000    0.000000  698.375083
Iteration: 182 bestvalit: 0.001152 bestmemit:    2.989640   28.967431    1.000000    0.000000  698.375083
Iteration: 183 bestvalit: 0.001152 bestmemit:    2.989640   28.967431    1.000000    0.000000  698.375083
Iteration: 184 bestvalit: 0.001152 bestmemit:    2.989640   28.967431    1.000000    0.000000  698.375083
Iteration: 185 bestvalit: 0.001152 bestmemit:    2.989640   28.967431    1.000000    0.000000  698.375083
Iteration: 186 bestvalit: 0.001152 bestmemit:    2.989640   28.967431    1.000000    0.000000  698.375083
Iteration: 187 bestvalit: 0.001152 bestmemit:    2.989640   28.967431    1.000000    0.000000  698.375083
Iteration: 188 bestvalit: 0.001152 bestmemit:    2.989640   28.967431    1.000000    0.000000  698.375083
Iteration: 189 bestvalit: 0.001152 bestmemit:    2.989640   28.967431    1.000000    0.000000  698.375083
Iteration: 190 bestvalit: 0.001152 bestmemit:    2.989640   28.967431    1.000000    0.000000  698.375083
Iteration: 191 bestvalit: 0.001152 bestmemit:    2.989640   28.967431    1.000000    0.000000  698.375083
Iteration: 192 bestvalit: 0.001152 bestmemit:    2.989640   28.967431    1.000000    0.000000  698.375083
Iteration: 193 bestvalit: 0.001152 bestmemit:    2.989640   28.967431    1.000000    0.000000  698.375083
Iteration: 194 bestvalit: 0.001152 bestmemit:    2.989640   28.967431    1.000000    0.000000  698.375083
Iteration: 195 bestvalit: 0.001152 bestmemit:    2.989640   28.967431    1.000000    0.000000  698.375083
Iteration: 196 bestvalit: 0.001152 bestmemit:    2.989640   28.967431    1.000000    0.000000  698.375083
Iteration: 197 bestvalit: 0.001152 bestmemit:    2.989640   28.967431    1.000000    0.000000  698.375083
Iteration: 198 bestvalit: 0.001152 bestmemit:    2.989640   28.967431    1.000000    0.000000  698.375083
Iteration: 199 bestvalit: 0.001152 bestmemit:    2.989640   28.967431    1.000000    0.000000  698.375083
Iteration: 200 bestvalit: 0.001152 bestmemit:    2.989640   28.967431    1.000000    0.000000  698.375083
Iteration: 201 bestvalit: 0.001152 bestmemit:    2.989640   28.967431    1.000000    0.000000  698.375083
Iteration: 202 bestvalit: 0.001152 bestmemit:    2.989640   28.967431    1.000000    0.000000  698.375083
Iteration: 203 bestvalit: 0.001152 bestmemit:    2.989640   28.967431    1.000000    0.000000  698.375083
Iteration: 204 bestvalit: 0.001152 bestmemit:    2.989640   28.967431    1.000000    0.000000  698.375083
Iteration: 205 bestvalit: 0.001152 bestmemit:    2.989640   28.967431    1.000000    0.000000  698.375083
Iteration: 206 bestvalit: 0.001152 bestmemit:    2.989640   28.967431    1.000000    0.000000  698.375083
Iteration: 207 bestvalit: 0.001152 bestmemit:    2.989640   28.967431    1.000000    0.000000  698.375083
Iteration: 208 bestvalit: 0.001152 bestmemit:    2.989640   28.967431    1.000000    0.000000  698.375083
Iteration: 209 bestvalit: 0.001152 bestmemit:    2.989640   28.967431    1.000000    0.000000  698.375083
Iteration: 210 bestvalit: 0.001152 bestmemit:    2.989640   28.967431    1.000000    0.000000  698.375083
Iteration: 211 bestvalit: 0.001152 bestmemit:    2.989640   28.967431    1.000000    0.000000  698.375083
Iteration: 212 bestvalit: 0.001152 bestmemit:    2.989640   28.967431    1.000000    0.000000  698.375083
Iteration: 213 bestvalit: 0.001152 bestmemit:    2.989640   28.967431    1.000000    0.000000  698.375083
Iteration: 214 bestvalit: 0.001152 bestmemit:    2.989640   28.967431    1.000000    0.000000  698.375083
Iteration: 215 bestvalit: 0.001152 bestmemit:    2.989640   28.967431    1.000000    0.000000  698.375083
Iteration: 216 bestvalit: 0.001152 bestmemit:    2.989640   28.967431    1.000000    0.000000  698.375083
Iteration: 217 bestvalit: 0.001152 bestmemit:    2.989640   28.967431    1.000000    0.000000  698.375083
Iteration: 218 bestvalit: 0.001152 bestmemit:    2.989640   28.967431    1.000000    0.000000  698.375083
Iteration: 219 bestvalit: 0.001152 bestmemit:    2.989640   28.967431    1.000000    0.000000  698.375083
Iteration: 220 bestvalit: 0.001152 bestmemit:    2.989640   28.967431    1.000000    0.000000  698.375083
Iteration: 221 bestvalit: 0.001152 bestmemit:    2.989640   28.967431    1.000000    0.000000  698.375083
Iteration: 222 bestvalit: 0.001152 bestmemit:    2.989640   28.967431    1.000000    0.000000  698.375083
Iteration: 223 bestvalit: 0.001152 bestmemit:    2.989640   28.967431    1.000000    0.000000  698.375083
Iteration: 224 bestvalit: 0.001152 bestmemit:    2.989640   28.967431    1.000000    0.000000  698.375083
Iteration: 225 bestvalit: 0.001152 bestmemit:    2.989640   28.967431    1.000000    0.000000  698.375083
Iteration: 226 bestvalit: 0.001152 bestmemit:    2.989640   28.967431    1.000000    0.000000  698.375083
Iteration: 227 bestvalit: 0.001152 bestmemit:    2.989640   28.967431    1.000000    0.000000  698.375083
Iteration: 228 bestvalit: 0.001152 bestmemit:    2.989640   28.967431    1.000000    0.000000  698.375083
Iteration: 229 bestvalit: 0.001152 bestmemit:    2.989640   28.967431    1.000000    0.000000  698.375083
Iteration: 230 bestvalit: 0.001152 bestmemit:    2.989640   28.967431    1.000000    0.000000  698.375083
Iteration: 231 bestvalit: 0.001152 bestmemit:    2.989640   28.967431    1.000000    0.000000  698.375083
Iteration: 232 bestvalit: 0.001152 bestmemit:    2.989640   28.967431    1.000000    0.000000  698.375083
Iteration: 233 bestvalit: 0.001152 bestmemit:    2.989640   28.967431    1.000000    0.000000  698.375083
Iteration: 234 bestvalit: 0.001152 bestmemit:    2.989640   28.967431    1.000000    0.000000  698.375083
Iteration: 235 bestvalit: 0.001152 bestmemit:    2.989640   28.967431    1.000000    0.000000  698.375083
Iteration: 236 bestvalit: 0.001152 bestmemit:    2.989640   28.967431    1.000000    0.000000  698.375083
Iteration: 237 bestvalit: 0.001152 bestmemit:    2.989640   28.967431    1.000000    0.000000  698.375083
Iteration: 238 bestvalit: 0.001152 bestmemit:    2.989640   28.967431    1.000000    0.000000  698.375083
Iteration: 239 bestvalit: 0.001152 bestmemit:    2.989640   28.967431    1.000000    0.000000  698.375083
Iteration: 240 bestvalit: 0.001152 bestmemit:    2.989640   28.967431    1.000000    0.000000  698.375083
Iteration: 241 bestvalit: 0.001152 bestmemit:    2.989640   28.967431    1.000000    0.000000  698.375083
Iteration: 242 bestvalit: 0.001152 bestmemit:    2.989640   28.967431    1.000000    0.000000  698.375083
Iteration: 243 bestvalit: 0.001152 bestmemit:    2.989640   28.967431    1.000000    0.000000  698.375083
Iteration: 244 bestvalit: 0.001152 bestmemit:    2.989640   28.967431    1.000000    0.000000  698.375083
Iteration: 245 bestvalit: 0.001152 bestmemit:    2.989640   28.967431    1.000000    0.000000  698.375083
Iteration: 246 bestvalit: 0.001152 bestmemit:    2.989640   28.967431    1.000000    0.000000  698.375083
Iteration: 247 bestvalit: 0.001152 bestmemit:    2.989640   28.967431    1.000000    0.000000  698.375083
Iteration: 248 bestvalit: 0.001152 bestmemit:    2.989640   28.967431    1.000000    0.000000  698.375083
Iteration: 249 bestvalit: 0.001152 bestmemit:    2.989640   28.967431    1.000000    0.000000  698.375083
Iteration: 250 bestvalit: 0.001152 bestmemit:    2.989640   28.967431    1.000000    0.000000  698.375083
Iteration: 251 bestvalit: 0.001152 bestmemit:    2.989640   28.967431    1.000000    0.000000  698.375083
Iteration: 252 bestvalit: 0.001152 bestmemit:    2.989640   28.967431    1.000000    0.000000  698.375083
Iteration: 253 bestvalit: 0.001152 bestmemit:    2.989640   28.967431    1.000000    0.000000  698.375083
Iteration: 254 bestvalit: 0.001152 bestmemit:    2.989640   28.967431    1.000000    0.000000  698.375083
Iteration: 255 bestvalit: 0.001152 bestmemit:    2.989640   28.967431    1.000000    0.000000  698.375083
Iteration: 256 bestvalit: 0.001152 bestmemit:    2.989640   28.967431    1.000000    0.000000  698.375083
Iteration: 257 bestvalit: 0.001152 bestmemit:    2.989640   28.967431    1.000000    0.000000  698.375083
Iteration: 258 bestvalit: 0.001152 bestmemit:    2.989640   28.967431    1.000000    0.000000  698.375083
Iteration: 259 bestvalit: 0.001152 bestmemit:    2.989640   28.967431    1.000000    0.000000  698.375083
Iteration: 260 bestvalit: 0.001152 bestmemit:    2.989640   28.967431    1.000000    0.000000  698.375083
Iteration: 261 bestvalit: 0.001152 bestmemit:    2.989640   28.967431    1.000000    0.000000  698.375083
Iteration: 262 bestvalit: 0.001152 bestmemit:    2.989640   28.967431    1.000000    0.000000  698.375083
Iteration: 263 bestvalit: 0.001152 bestmemit:    2.989640   28.967431    1.000000    0.000000  698.375083
Iteration: 264 bestvalit: 0.001152 bestmemit:    2.989640   28.967431    1.000000    0.000000  698.375083
Iteration: 265 bestvalit: 0.001152 bestmemit:    2.989640   28.967431    1.000000    0.000000  698.375083
Iteration: 266 bestvalit: 0.001152 bestmemit:    2.989640   28.967431    1.000000    0.000000  698.375083
Iteration: 267 bestvalit: 0.001152 bestmemit:    2.989640   28.967431    1.000000    0.000000  698.375083
Iteration: 268 bestvalit: 0.001152 bestmemit:    2.989640   28.967431    1.000000    0.000000  698.375083
Iteration: 269 bestvalit: 0.001152 bestmemit:    2.989640   28.967431    1.000000    0.000000  698.375083
Iteration: 270 bestvalit: 0.001152 bestmemit:    2.989640   28.967431    1.000000    0.000000  698.375083

***** summary of DEoptim object ***** 
best member   :  2.98964 28.96743 1 0 698.3751 
best value    :  0.00115 
after         :  270 generations 
fn evaluated  :  542 times 
*************************************
