SLURM_JOB_ID: 55336585
SLURM_JOB_USER: vsc34066
SLURM_JOB_ACCOUNT: lp_desenderlab
SLURM_JOB_NAME: fit_alternating_fb_beta_learn.slurm
SLURM_CLUSTER_NAME: genius
SLURM_JOB_PARTITION: batch
SLURM_ARRAY_JOB_ID: 55336494
SLURM_ARRAY_TASK_ID: 91
SLURM_NNODES: 1
SLURM_NODELIST: r23i13n20
SLURM_JOB_CPUS_PER_NODE: 8
Date: Tue Nov  7 16:44:33 CET 2023
Walltime: 00-23:00:00
========================================================================
Iteration: 1 bestvalit: 0.003329 bestmemit:    8.840785  -75.718250    1.000000    0.000000  446.143243
Iteration: 2 bestvalit: 0.002942 bestmemit:    8.003209    8.751573    1.000000    0.000000  638.351198
Iteration: 3 bestvalit: 0.002049 bestmemit:    4.005492  -31.807640    1.000000    0.000000  461.526068
Iteration: 4 bestvalit: 0.002049 bestmemit:    4.005492  -31.807640    1.000000    0.000000  461.526068
Iteration: 5 bestvalit: 0.002049 bestmemit:    4.005492  -31.807640    1.000000    0.000000  461.526068
Iteration: 6 bestvalit: 0.001906 bestmemit:    4.005492  -31.807640    1.000000    0.000000  461.526068
Iteration: 7 bestvalit: 0.001906 bestmemit:    4.005492  -31.807640    1.000000    0.000000  461.526068
Iteration: 8 bestvalit: 0.001906 bestmemit:    4.005492  -31.807640    1.000000    0.000000  461.526068
Iteration: 9 bestvalit: 0.001906 bestmemit:    4.005492  -31.807640    1.000000    0.000000  461.526068
Iteration: 10 bestvalit: 0.001906 bestmemit:    4.005492  -31.807640    1.000000    0.000000  461.526068
Iteration: 11 bestvalit: 0.001906 bestmemit:    4.005492  -31.807640    1.000000    0.000000  461.526068
Iteration: 12 bestvalit: 0.001906 bestmemit:    4.005492  -31.807640    1.000000    0.000000  461.526068
Iteration: 13 bestvalit: 0.001906 bestmemit:    4.005492  -31.807640    1.000000    0.000000  461.526068
Iteration: 14 bestvalit: 0.001906 bestmemit:    4.005492  -31.807640    1.000000    0.000000  461.526068
Iteration: 15 bestvalit: 0.001906 bestmemit:    4.005492  -31.807640    1.000000    0.000000  461.526068
Iteration: 16 bestvalit: 0.001906 bestmemit:    4.005492  -31.807640    1.000000    0.000000  461.526068
Iteration: 17 bestvalit: 0.001906 bestmemit:    4.005492  -31.807640    1.000000    0.000000  461.526068
Iteration: 18 bestvalit: 0.001906 bestmemit:    2.156354   29.510135    1.000000    0.000000  459.801728
Iteration: 19 bestvalit: 0.001906 bestmemit:    2.156354   29.510135    1.000000    0.000000  459.801728
Iteration: 20 bestvalit: 0.001780 bestmemit:    2.198377  -24.331144    1.000000    0.000000  506.983330
Iteration: 21 bestvalit: 0.001780 bestmemit:    2.198377  -24.331144    1.000000    0.000000  506.983330
Iteration: 22 bestvalit: 0.001780 bestmemit:    2.198377  -24.331144    1.000000    0.000000  506.983330
Iteration: 23 bestvalit: 0.001780 bestmemit:    2.198377  -24.331144    1.000000    0.000000  506.983330
Iteration: 24 bestvalit: 0.001780 bestmemit:    2.198377  -24.331144    1.000000    0.000000  506.983330
Iteration: 25 bestvalit: 0.001766 bestmemit:    2.802200  -21.418052    1.000000    0.000000  504.193825
Iteration: 26 bestvalit: 0.001766 bestmemit:    2.802200  -21.418052    1.000000    0.000000  504.193825
Iteration: 27 bestvalit: 0.001766 bestmemit:    2.802200  -21.418052    1.000000    0.000000  504.193825
Iteration: 28 bestvalit: 0.001766 bestmemit:    2.802200  -21.418052    1.000000    0.000000  504.193825
Iteration: 29 bestvalit: 0.001766 bestmemit:    2.802200  -21.418052    1.000000    0.000000  504.193825
Iteration: 30 bestvalit: 0.001761 bestmemit:    2.802200  -21.418052    1.000000    0.000000  504.193825
Iteration: 31 bestvalit: 0.001753 bestmemit:    2.218578  -15.223671    1.000000    0.000000  496.299134
Iteration: 32 bestvalit: 0.001753 bestmemit:    2.218578  -15.223671    1.000000    0.000000  496.299134
Iteration: 33 bestvalit: 0.001753 bestmemit:    2.218578  -15.223671    1.000000    0.000000  496.299134
Iteration: 34 bestvalit: 0.001737 bestmemit:    3.366323   11.555478    1.000000    0.000000  503.410375
Iteration: 35 bestvalit: 0.001737 bestmemit:    3.366323   11.555478    1.000000    0.000000  503.410375
Iteration: 36 bestvalit: 0.001737 bestmemit:    3.366323   11.555478    1.000000    0.000000  503.410375
Iteration: 37 bestvalit: 0.001737 bestmemit:    3.366323   11.555478    1.000000    0.000000  503.410375
Iteration: 38 bestvalit: 0.001737 bestmemit:    3.366323   11.555478    1.000000    0.000000  503.410375
Iteration: 39 bestvalit: 0.001723 bestmemit:    2.907540   -7.569696    1.000000    0.000000  503.684792
Iteration: 40 bestvalit: 0.001707 bestmemit:    2.877708   -6.947151    1.000000    0.000000  503.310791
Iteration: 41 bestvalit: 0.001707 bestmemit:    2.877708   -6.947151    1.000000    0.000000  503.310791
Iteration: 42 bestvalit: 0.001707 bestmemit:    2.877708   -6.947151    1.000000    0.000000  503.310791
Iteration: 43 bestvalit: 0.001707 bestmemit:    2.877708   -6.947151    1.000000    0.000000  503.310791
Iteration: 44 bestvalit: 0.001707 bestmemit:    2.877708   -6.947151    1.000000    0.000000  503.310791
Iteration: 45 bestvalit: 0.001707 bestmemit:    2.877708   -6.947151    1.000000    0.000000  503.310791
Iteration: 46 bestvalit: 0.001707 bestmemit:    2.877708   -6.947151    1.000000    0.000000  503.310791
Iteration: 47 bestvalit: 0.001707 bestmemit:    2.877708   -6.947151    1.000000    0.000000  503.310791
Iteration: 48 bestvalit: 0.001707 bestmemit:    2.877708   -6.947151    1.000000    0.000000  503.310791
Iteration: 49 bestvalit: 0.001707 bestmemit:    2.877708   -6.947151    1.000000    0.000000  503.310791
Iteration: 50 bestvalit: 0.001707 bestmemit:    2.877708   -6.947151    1.000000    0.000000  503.310791
Iteration: 51 bestvalit: 0.001707 bestmemit:    2.877708   -6.947151    1.000000    0.000000  503.310791
Iteration: 52 bestvalit: 0.001707 bestmemit:    2.877708   -6.947151    1.000000    0.000000  503.310791
Iteration: 53 bestvalit: 0.001707 bestmemit:    2.877708   -6.947151    1.000000    0.000000  503.310791
Iteration: 54 bestvalit: 0.001707 bestmemit:    2.877708   -6.947151    1.000000    0.000000  503.310791
Iteration: 55 bestvalit: 0.001707 bestmemit:    2.877708   -6.947151    1.000000    0.000000  503.310791
Iteration: 56 bestvalit: 0.001707 bestmemit:    2.877708   -6.947151    1.000000    0.000000  503.310791
Iteration: 57 bestvalit: 0.001707 bestmemit:    2.877708   -6.947151    1.000000    0.000000  503.310791
Iteration: 58 bestvalit: 0.001707 bestmemit:    2.877708   -6.947151    1.000000    0.000000  503.310791
Iteration: 59 bestvalit: 0.001707 bestmemit:    2.877708   -6.947151    1.000000    0.000000  503.310791
Iteration: 60 bestvalit: 0.001707 bestmemit:    2.877708   -6.947151    1.000000    0.000000  503.310791
Iteration: 61 bestvalit: 0.001707 bestmemit:    2.877708   -6.947151    1.000000    0.000000  503.310791
Iteration: 62 bestvalit: 0.001707 bestmemit:    2.877708   -6.947151    1.000000    0.000000  503.310791
Iteration: 63 bestvalit: 0.001707 bestmemit:    2.877708   -6.947151    1.000000    0.000000  503.310791
Iteration: 64 bestvalit: 0.001707 bestmemit:    2.877708   -6.947151    1.000000    0.000000  503.310791
Iteration: 65 bestvalit: 0.001707 bestmemit:    2.877708   -6.947151    1.000000    0.000000  503.310791
Iteration: 66 bestvalit: 0.001707 bestmemit:    2.877708   -6.947151    1.000000    0.000000  503.310791
Iteration: 67 bestvalit: 0.001707 bestmemit:    2.877708   -6.947151    1.000000    0.000000  503.310791
Iteration: 68 bestvalit: 0.001707 bestmemit:    2.877708   -6.947151    1.000000    0.000000  503.310791
Iteration: 69 bestvalit: 0.001707 bestmemit:    2.877708   -6.947151    1.000000    0.000000  503.310791
Iteration: 70 bestvalit: 0.001707 bestmemit:    2.877708   -6.947151    1.000000    0.000000  503.310791
Iteration: 71 bestvalit: 0.001707 bestmemit:    2.877708   -6.947151    1.000000    0.000000  503.310791
Iteration: 72 bestvalit: 0.001707 bestmemit:    2.877708   -6.947151    1.000000    0.000000  503.310791
Iteration: 73 bestvalit: 0.001707 bestmemit:    2.877708   -6.947151    1.000000    0.000000  503.310791
Iteration: 74 bestvalit: 0.001682 bestmemit:    3.829874   12.530033    1.000000    0.000000  503.607594
Iteration: 75 bestvalit: 0.001682 bestmemit:    3.829874   12.530033    1.000000    0.000000  503.607594
Iteration: 76 bestvalit: 0.001682 bestmemit:    3.829874   12.530033    1.000000    0.000000  503.607594
Iteration: 77 bestvalit: 0.001682 bestmemit:    3.829874   12.530033    1.000000    0.000000  503.607594
Iteration: 78 bestvalit: 0.001682 bestmemit:    3.829874   12.530033    1.000000    0.000000  503.607594
Iteration: 79 bestvalit: 0.001682 bestmemit:    3.829874   12.530033    1.000000    0.000000  503.607594
Iteration: 80 bestvalit: 0.001682 bestmemit:    3.829874   12.530033    1.000000    0.000000  503.607594
Iteration: 81 bestvalit: 0.001682 bestmemit:    3.829874   12.530033    1.000000    0.000000  503.607594
Iteration: 82 bestvalit: 0.001682 bestmemit:    3.829874   12.530033    1.000000    0.000000  503.607594
Iteration: 83 bestvalit: 0.001682 bestmemit:    3.829874   12.530033    1.000000    0.000000  503.607594
Iteration: 84 bestvalit: 0.001682 bestmemit:    3.829874   12.530033    1.000000    0.000000  503.607594
Iteration: 85 bestvalit: 0.001682 bestmemit:    3.829874   12.530033    1.000000    0.000000  503.607594
Iteration: 86 bestvalit: 0.001682 bestmemit:    3.829874   12.530033    1.000000    0.000000  503.607594
Iteration: 87 bestvalit: 0.001682 bestmemit:    3.829874   12.530033    1.000000    0.000000  503.607594
Iteration: 88 bestvalit: 0.001682 bestmemit:    3.829874   12.530033    1.000000    0.000000  503.607594
Iteration: 89 bestvalit: 0.001682 bestmemit:    3.829874   12.530033    1.000000    0.000000  503.607594
Iteration: 90 bestvalit: 0.001682 bestmemit:    3.829874   12.530033    1.000000    0.000000  503.607594
Iteration: 91 bestvalit: 0.001682 bestmemit:    3.829874   12.530033    1.000000    0.000000  503.607594
Iteration: 92 bestvalit: 0.001682 bestmemit:    3.829874   12.530033    1.000000    0.000000  503.607594
Iteration: 93 bestvalit: 0.001682 bestmemit:    3.829874   12.530033    1.000000    0.000000  503.607594
Iteration: 94 bestvalit: 0.001682 bestmemit:    3.829874   12.530033    1.000000    0.000000  503.607594
Iteration: 95 bestvalit: 0.001682 bestmemit:    3.829874   12.530033    1.000000    0.000000  503.607594
Iteration: 96 bestvalit: 0.001682 bestmemit:    3.829874   12.530033    1.000000    0.000000  503.607594
Iteration: 97 bestvalit: 0.001682 bestmemit:    3.829874   12.530033    1.000000    0.000000  503.607594
Iteration: 98 bestvalit: 0.001682 bestmemit:    3.829874   12.530033    1.000000    0.000000  503.607594
Iteration: 99 bestvalit: 0.001682 bestmemit:    3.829874   12.530033    1.000000    0.000000  503.607594
Iteration: 100 bestvalit: 0.001682 bestmemit:    3.829874   12.530033    1.000000    0.000000  503.607594
Iteration: 101 bestvalit: 0.001682 bestmemit:    3.829874   12.530033    1.000000    0.000000  503.607594
Iteration: 102 bestvalit: 0.001682 bestmemit:    3.829874   12.530033    1.000000    0.000000  503.607594
Iteration: 103 bestvalit: 0.001682 bestmemit:    3.829874   12.530033    1.000000    0.000000  503.607594
Iteration: 104 bestvalit: 0.001682 bestmemit:    3.829874   12.530033    1.000000    0.000000  503.607594
Iteration: 105 bestvalit: 0.001682 bestmemit:    3.829874   12.530033    1.000000    0.000000  503.607594
Iteration: 106 bestvalit: 0.001682 bestmemit:    3.829874   12.530033    1.000000    0.000000  503.607594
Iteration: 107 bestvalit: 0.001682 bestmemit:    3.829874   12.530033    1.000000    0.000000  503.607594
Iteration: 108 bestvalit: 0.001682 bestmemit:    3.829874   12.530033    1.000000    0.000000  503.607594
Iteration: 109 bestvalit: 0.001682 bestmemit:    3.829874   12.530033    1.000000    0.000000  503.607594
Iteration: 110 bestvalit: 0.001682 bestmemit:    3.829874   12.530033    1.000000    0.000000  503.607594
Iteration: 111 bestvalit: 0.001682 bestmemit:    3.829874   12.530033    1.000000    0.000000  503.607594
Iteration: 112 bestvalit: 0.001682 bestmemit:    3.829874   12.530033    1.000000    0.000000  503.607594
Iteration: 113 bestvalit: 0.001682 bestmemit:    3.829874   12.530033    1.000000    0.000000  503.607594
Iteration: 114 bestvalit: 0.001682 bestmemit:    3.829874   12.530033    1.000000    0.000000  503.607594
Iteration: 115 bestvalit: 0.001682 bestmemit:    3.829874   12.530033    1.000000    0.000000  503.607594
Iteration: 116 bestvalit: 0.001682 bestmemit:    3.829874   12.530033    1.000000    0.000000  503.607594
Iteration: 117 bestvalit: 0.001682 bestmemit:    3.829874   12.530033    1.000000    0.000000  503.607594
Iteration: 118 bestvalit: 0.001682 bestmemit:    3.829874   12.530033    1.000000    0.000000  503.607594
Iteration: 119 bestvalit: 0.001682 bestmemit:    3.829874   12.530033    1.000000    0.000000  503.607594
Iteration: 120 bestvalit: 0.001671 bestmemit:    3.265113  -10.509613    1.000000    0.000000  499.015834
Iteration: 121 bestvalit: 0.001671 bestmemit:    3.265113  -10.509613    1.000000    0.000000  499.015834
Iteration: 122 bestvalit: 0.001671 bestmemit:    3.265113  -10.509613    1.000000    0.000000  499.015834
Iteration: 123 bestvalit: 0.001671 bestmemit:    3.265113  -10.509613    1.000000    0.000000  499.015834
Iteration: 124 bestvalit: 0.001671 bestmemit:    3.265113  -10.509613    1.000000    0.000000  499.015834
Iteration: 125 bestvalit: 0.001671 bestmemit:    3.265113  -10.509613    1.000000    0.000000  499.015834
Iteration: 126 bestvalit: 0.001671 bestmemit:    3.265113  -10.509613    1.000000    0.000000  499.015834
Iteration: 127 bestvalit: 0.001671 bestmemit:    3.265113  -10.509613    1.000000    0.000000  499.015834
Iteration: 128 bestvalit: 0.001671 bestmemit:    3.265113  -10.509613    1.000000    0.000000  499.015834
Iteration: 129 bestvalit: 0.001671 bestmemit:    3.265113  -10.509613    1.000000    0.000000  499.015834
Iteration: 130 bestvalit: 0.001671 bestmemit:    3.265113  -10.509613    1.000000    0.000000  499.015834
Iteration: 131 bestvalit: 0.001671 bestmemit:    3.265113  -10.509613    1.000000    0.000000  499.015834
Iteration: 132 bestvalit: 0.001671 bestmemit:    3.265113  -10.509613    1.000000    0.000000  499.015834
Iteration: 133 bestvalit: 0.001671 bestmemit:    3.265113  -10.509613    1.000000    0.000000  499.015834
Iteration: 134 bestvalit: 0.001671 bestmemit:    3.265113  -10.509613    1.000000    0.000000  499.015834
Iteration: 135 bestvalit: 0.001671 bestmemit:    3.265113  -10.509613    1.000000    0.000000  499.015834
Iteration: 136 bestvalit: 0.001671 bestmemit:    3.265113  -10.509613    1.000000    0.000000  499.015834
Iteration: 137 bestvalit: 0.001671 bestmemit:    3.265113  -10.509613    1.000000    0.000000  499.015834
Iteration: 138 bestvalit: 0.001671 bestmemit:    3.265113  -10.509613    1.000000    0.000000  499.015834
Iteration: 139 bestvalit: 0.001671 bestmemit:    3.265113  -10.509613    1.000000    0.000000  499.015834
Iteration: 140 bestvalit: 0.001671 bestmemit:    3.265113  -10.509613    1.000000    0.000000  499.015834
Iteration: 141 bestvalit: 0.001671 bestmemit:    3.265113  -10.509613    1.000000    0.000000  499.015834
Iteration: 142 bestvalit: 0.001671 bestmemit:    3.265113  -10.509613    1.000000    0.000000  499.015834
Iteration: 143 bestvalit: 0.001671 bestmemit:    3.265113  -10.509613    1.000000    0.000000  499.015834
Iteration: 144 bestvalit: 0.001671 bestmemit:    3.265113  -10.509613    1.000000    0.000000  499.015834
Iteration: 145 bestvalit: 0.001671 bestmemit:    3.265113  -10.509613    1.000000    0.000000  499.015834
Iteration: 146 bestvalit: 0.001671 bestmemit:    3.265113  -10.509613    1.000000    0.000000  499.015834
Iteration: 147 bestvalit: 0.001671 bestmemit:    3.265113  -10.509613    1.000000    0.000000  499.015834
Iteration: 148 bestvalit: 0.001671 bestmemit:    3.265113  -10.509613    1.000000    0.000000  499.015834
Iteration: 149 bestvalit: 0.001671 bestmemit:    3.265113  -10.509613    1.000000    0.000000  499.015834
Iteration: 150 bestvalit: 0.001671 bestmemit:    3.265113  -10.509613    1.000000    0.000000  499.015834
Iteration: 151 bestvalit: 0.001671 bestmemit:    3.265113  -10.509613    1.000000    0.000000  499.015834
Iteration: 152 bestvalit: 0.001668 bestmemit:    3.653473    6.181249    1.000000    0.000000  507.560334
Iteration: 153 bestvalit: 0.001668 bestmemit:    3.653473    6.181249    1.000000    0.000000  507.560334
Iteration: 154 bestvalit: 0.001668 bestmemit:    3.653473    6.181249    1.000000    0.000000  507.560334
Iteration: 155 bestvalit: 0.001668 bestmemit:    3.653473    6.181249    1.000000    0.000000  507.560334
Iteration: 156 bestvalit: 0.001668 bestmemit:    3.653473    6.181249    1.000000    0.000000  507.560334
Iteration: 157 bestvalit: 0.001668 bestmemit:    3.653473    6.181249    1.000000    0.000000  507.560334
Iteration: 158 bestvalit: 0.001668 bestmemit:    3.653473    6.181249    1.000000    0.000000  507.560334
Iteration: 159 bestvalit: 0.001668 bestmemit:    3.653473    6.181249    1.000000    0.000000  507.560334
Iteration: 160 bestvalit: 0.001668 bestmemit:    3.653473    6.181249    1.000000    0.000000  507.560334
Iteration: 161 bestvalit: 0.001668 bestmemit:    3.653473    6.181249    1.000000    0.000000  507.560334
Iteration: 162 bestvalit: 0.001668 bestmemit:    3.653473    6.181249    1.000000    0.000000  507.560334
Iteration: 163 bestvalit: 0.001668 bestmemit:    3.653473    6.181249    1.000000    0.000000  507.560334
Iteration: 164 bestvalit: 0.001668 bestmemit:    3.653473    6.181249    1.000000    0.000000  507.560334
Iteration: 165 bestvalit: 0.001668 bestmemit:    3.653473    6.181249    1.000000    0.000000  507.560334
Iteration: 166 bestvalit: 0.001668 bestmemit:    3.653473    6.181249    1.000000    0.000000  507.560334
Iteration: 167 bestvalit: 0.001668 bestmemit:    3.653473    6.181249    1.000000    0.000000  507.560334
Iteration: 168 bestvalit: 0.001668 bestmemit:    3.653473    6.181249    1.000000    0.000000  507.560334
Iteration: 169 bestvalit: 0.001668 bestmemit:    3.653473    6.181249    1.000000    0.000000  507.560334
Iteration: 170 bestvalit: 0.001668 bestmemit:    3.653473    6.181249    1.000000    0.000000  507.560334
Iteration: 171 bestvalit: 0.001668 bestmemit:    3.653473    6.181249    1.000000    0.000000  507.560334
Iteration: 172 bestvalit: 0.001668 bestmemit:    3.653473    6.181249    1.000000    0.000000  507.560334
Iteration: 173 bestvalit: 0.001668 bestmemit:    3.653473    6.181249    1.000000    0.000000  507.560334
Iteration: 174 bestvalit: 0.001668 bestmemit:    3.653473    6.181249    1.000000    0.000000  507.560334
Iteration: 175 bestvalit: 0.001668 bestmemit:    3.653473    6.181249    1.000000    0.000000  507.560334
Iteration: 176 bestvalit: 0.001668 bestmemit:    3.653473    6.181249    1.000000    0.000000  507.560334
Iteration: 177 bestvalit: 0.001668 bestmemit:    3.653473    6.181249    1.000000    0.000000  507.560334
Iteration: 178 bestvalit: 0.001668 bestmemit:    3.653473    6.181249    1.000000    0.000000  507.560334
Iteration: 179 bestvalit: 0.001668 bestmemit:    3.653473    6.181249    1.000000    0.000000  507.560334
Iteration: 180 bestvalit: 0.001668 bestmemit:    3.653473    6.181249    1.000000    0.000000  507.560334
Iteration: 181 bestvalit: 0.001668 bestmemit:    3.653473    6.181249    1.000000    0.000000  507.560334
Iteration: 182 bestvalit: 0.001668 bestmemit:    3.653473    6.181249    1.000000    0.000000  507.560334
Iteration: 183 bestvalit: 0.001668 bestmemit:    3.653473    6.181249    1.000000    0.000000  507.560334
Iteration: 184 bestvalit: 0.001668 bestmemit:    3.653473    6.181249    1.000000    0.000000  507.560334
Iteration: 185 bestvalit: 0.001668 bestmemit:    3.653473    6.181249    1.000000    0.000000  507.560334
Iteration: 186 bestvalit: 0.001668 bestmemit:    3.653473    6.181249    1.000000    0.000000  507.560334
Iteration: 187 bestvalit: 0.001668 bestmemit:    3.653473    6.181249    1.000000    0.000000  507.560334
Iteration: 188 bestvalit: 0.001668 bestmemit:    3.653473    6.181249    1.000000    0.000000  507.560334
Iteration: 189 bestvalit: 0.001668 bestmemit:    3.653473    6.181249    1.000000    0.000000  507.560334
Iteration: 190 bestvalit: 0.001668 bestmemit:    3.653473    6.181249    1.000000    0.000000  507.560334
Iteration: 191 bestvalit: 0.001668 bestmemit:    3.653473    6.181249    1.000000    0.000000  507.560334
Iteration: 192 bestvalit: 0.001668 bestmemit:    3.653473    6.181249    1.000000    0.000000  507.560334
Iteration: 193 bestvalit: 0.001668 bestmemit:    3.653473    6.181249    1.000000    0.000000  507.560334
Iteration: 194 bestvalit: 0.001668 bestmemit:    3.653473    6.181249    1.000000    0.000000  507.560334
Iteration: 195 bestvalit: 0.001668 bestmemit:    3.653473    6.181249    1.000000    0.000000  507.560334
Iteration: 196 bestvalit: 0.001668 bestmemit:    3.653473    6.181249    1.000000    0.000000  507.560334
Iteration: 197 bestvalit: 0.001668 bestmemit:    3.653473    6.181249    1.000000    0.000000  507.560334
Iteration: 198 bestvalit: 0.001668 bestmemit:    3.653473    6.181249    1.000000    0.000000  507.560334
Iteration: 199 bestvalit: 0.001668 bestmemit:    3.653473    6.181249    1.000000    0.000000  507.560334
Iteration: 200 bestvalit: 0.001668 bestmemit:    3.653473    6.181249    1.000000    0.000000  507.560334
Iteration: 201 bestvalit: 0.001668 bestmemit:    3.653473    6.181249    1.000000    0.000000  507.560334
Iteration: 202 bestvalit: 0.001668 bestmemit:    3.653473    6.181249    1.000000    0.000000  507.560334
Iteration: 203 bestvalit: 0.001668 bestmemit:    3.653473    6.181249    1.000000    0.000000  507.560334
Iteration: 204 bestvalit: 0.001668 bestmemit:    3.653473    6.181249    1.000000    0.000000  507.560334
Iteration: 205 bestvalit: 0.001668 bestmemit:    3.653473    6.181249    1.000000    0.000000  507.560334
Iteration: 206 bestvalit: 0.001660 bestmemit:    2.992631   -5.368437    1.000000    0.000000  512.017075
Iteration: 207 bestvalit: 0.001660 bestmemit:    2.992631   -5.368437    1.000000    0.000000  512.017075
Iteration: 208 bestvalit: 0.001660 bestmemit:    2.992631   -5.368437    1.000000    0.000000  512.017075
Iteration: 209 bestvalit: 0.001660 bestmemit:    2.992631   -5.368437    1.000000    0.000000  512.017075
Iteration: 210 bestvalit: 0.001660 bestmemit:    2.992631   -5.368437    1.000000    0.000000  512.017075
Iteration: 211 bestvalit: 0.001660 bestmemit:    2.992631   -5.368437    1.000000    0.000000  512.017075
Iteration: 212 bestvalit: 0.001660 bestmemit:    2.992631   -5.368437    1.000000    0.000000  512.017075
Iteration: 213 bestvalit: 0.001660 bestmemit:    2.992631   -5.368437    1.000000    0.000000  512.017075
Iteration: 214 bestvalit: 0.001660 bestmemit:    2.992631   -5.368437    1.000000    0.000000  512.017075
Iteration: 215 bestvalit: 0.001660 bestmemit:    2.992631   -5.368437    1.000000    0.000000  512.017075
Iteration: 216 bestvalit: 0.001660 bestmemit:    2.992631   -5.368437    1.000000    0.000000  512.017075
Iteration: 217 bestvalit: 0.001660 bestmemit:    2.992631   -5.368437    1.000000    0.000000  512.017075
Iteration: 218 bestvalit: 0.001660 bestmemit:    2.992631   -5.368437    1.000000    0.000000  512.017075
Iteration: 219 bestvalit: 0.001660 bestmemit:    2.992631   -5.368437    1.000000    0.000000  512.017075
Iteration: 220 bestvalit: 0.001660 bestmemit:    2.992631   -5.368437    1.000000    0.000000  512.017075
Iteration: 221 bestvalit: 0.001660 bestmemit:    2.992631   -5.368437    1.000000    0.000000  512.017075
Iteration: 222 bestvalit: 0.001660 bestmemit:    2.992631   -5.368437    1.000000    0.000000  512.017075
Iteration: 223 bestvalit: 0.001660 bestmemit:    2.992631   -5.368437    1.000000    0.000000  512.017075
Iteration: 224 bestvalit: 0.001660 bestmemit:    2.992631   -5.368437    1.000000    0.000000  512.017075
Iteration: 225 bestvalit: 0.001660 bestmemit:    2.992631   -5.368437    1.000000    0.000000  512.017075
Iteration: 226 bestvalit: 0.001660 bestmemit:    2.992631   -5.368437    1.000000    0.000000  512.017075
Iteration: 227 bestvalit: 0.001660 bestmemit:    2.992631   -5.368437    1.000000    0.000000  512.017075
Iteration: 228 bestvalit: 0.001660 bestmemit:    2.992631   -5.368437    1.000000    0.000000  512.017075
Iteration: 229 bestvalit: 0.001660 bestmemit:    2.992631   -5.368437    1.000000    0.000000  512.017075
Iteration: 230 bestvalit: 0.001660 bestmemit:    2.992631   -5.368437    1.000000    0.000000  512.017075
Iteration: 231 bestvalit: 0.001660 bestmemit:    2.992631   -5.368437    1.000000    0.000000  512.017075
Iteration: 232 bestvalit: 0.001660 bestmemit:    2.992631   -5.368437    1.000000    0.000000  512.017075
Iteration: 233 bestvalit: 0.001660 bestmemit:    2.992631   -5.368437    1.000000    0.000000  512.017075
Iteration: 234 bestvalit: 0.001660 bestmemit:    2.992631   -5.368437    1.000000    0.000000  512.017075
Iteration: 235 bestvalit: 0.001660 bestmemit:    2.992631   -5.368437    1.000000    0.000000  512.017075
Iteration: 236 bestvalit: 0.001660 bestmemit:    2.992631   -5.368437    1.000000    0.000000  512.017075
Iteration: 237 bestvalit: 0.001660 bestmemit:    2.992631   -5.368437    1.000000    0.000000  512.017075
Iteration: 238 bestvalit: 0.001660 bestmemit:    2.992631   -5.368437    1.000000    0.000000  512.017075
Iteration: 239 bestvalit: 0.001660 bestmemit:    2.992631   -5.368437    1.000000    0.000000  512.017075
Iteration: 240 bestvalit: 0.001660 bestmemit:    2.992631   -5.368437    1.000000    0.000000  512.017075
Iteration: 241 bestvalit: 0.001660 bestmemit:    2.992631   -5.368437    1.000000    0.000000  512.017075
Iteration: 242 bestvalit: 0.001660 bestmemit:    2.992631   -5.368437    1.000000    0.000000  512.017075
Iteration: 243 bestvalit: 0.001660 bestmemit:    2.992631   -5.368437    1.000000    0.000000  512.017075
Iteration: 244 bestvalit: 0.001660 bestmemit:    2.992631   -5.368437    1.000000    0.000000  512.017075
Iteration: 245 bestvalit: 0.001660 bestmemit:    2.992631   -5.368437    1.000000    0.000000  512.017075
Iteration: 246 bestvalit: 0.001660 bestmemit:    2.992631   -5.368437    1.000000    0.000000  512.017075
Iteration: 247 bestvalit: 0.001660 bestmemit:    2.992631   -5.368437    1.000000    0.000000  512.017075
Iteration: 248 bestvalit: 0.001660 bestmemit:    2.992631   -5.368437    1.000000    0.000000  512.017075
Iteration: 249 bestvalit: 0.001660 bestmemit:    2.992631   -5.368437    1.000000    0.000000  512.017075
Iteration: 250 bestvalit: 0.001660 bestmemit:    2.992631   -5.368437    1.000000    0.000000  512.017075
Iteration: 251 bestvalit: 0.001660 bestmemit:    2.992631   -5.368437    1.000000    0.000000  512.017075
Iteration: 252 bestvalit: 0.001660 bestmemit:    2.992631   -5.368437    1.000000    0.000000  512.017075
Iteration: 253 bestvalit: 0.001660 bestmemit:    2.992631   -5.368437    1.000000    0.000000  512.017075
Iteration: 254 bestvalit: 0.001660 bestmemit:    2.992631   -5.368437    1.000000    0.000000  512.017075
Iteration: 255 bestvalit: 0.001660 bestmemit:    2.992631   -5.368437    1.000000    0.000000  512.017075
Iteration: 256 bestvalit: 0.001660 bestmemit:    2.992631   -5.368437    1.000000    0.000000  512.017075
Iteration: 257 bestvalit: 0.001660 bestmemit:    2.992631   -5.368437    1.000000    0.000000  512.017075
Iteration: 258 bestvalit: 0.001660 bestmemit:    2.992631   -5.368437    1.000000    0.000000  512.017075
Iteration: 259 bestvalit: 0.001660 bestmemit:    2.992631   -5.368437    1.000000    0.000000  512.017075
Iteration: 260 bestvalit: 0.001660 bestmemit:    2.992631   -5.368437    1.000000    0.000000  512.017075
Iteration: 261 bestvalit: 0.001660 bestmemit:    2.992631   -5.368437    1.000000    0.000000  512.017075
Iteration: 262 bestvalit: 0.001660 bestmemit:    2.992631   -5.368437    1.000000    0.000000  512.017075
Iteration: 263 bestvalit: 0.001660 bestmemit:    2.992631   -5.368437    1.000000    0.000000  512.017075
Iteration: 264 bestvalit: 0.001660 bestmemit:    2.992631   -5.368437    1.000000    0.000000  512.017075
Iteration: 265 bestvalit: 0.001660 bestmemit:    2.992631   -5.368437    1.000000    0.000000  512.017075
Iteration: 266 bestvalit: 0.001660 bestmemit:    2.992631   -5.368437    1.000000    0.000000  512.017075
Iteration: 267 bestvalit: 0.001660 bestmemit:    2.992631   -5.368437    1.000000    0.000000  512.017075
Iteration: 268 bestvalit: 0.001660 bestmemit:    2.992631   -5.368437    1.000000    0.000000  512.017075
Iteration: 269 bestvalit: 0.001660 bestmemit:    2.992631   -5.368437    1.000000    0.000000  512.017075
Iteration: 270 bestvalit: 0.001660 bestmemit:    2.992631   -5.368437    1.000000    0.000000  512.017075
Iteration: 271 bestvalit: 0.001660 bestmemit:    2.992631   -5.368437    1.000000    0.000000  512.017075
Iteration: 272 bestvalit: 0.001660 bestmemit:    2.992631   -5.368437    1.000000    0.000000  512.017075
Iteration: 273 bestvalit: 0.001660 bestmemit:    2.992631   -5.368437    1.000000    0.000000  512.017075
Iteration: 274 bestvalit: 0.001660 bestmemit:    2.992631   -5.368437    1.000000    0.000000  512.017075
Iteration: 275 bestvalit: 0.001660 bestmemit:    2.992631   -5.368437    1.000000    0.000000  512.017075
Iteration: 276 bestvalit: 0.001660 bestmemit:    2.992631   -5.368437    1.000000    0.000000  512.017075
Iteration: 277 bestvalit: 0.001660 bestmemit:    2.992631   -5.368437    1.000000    0.000000  512.017075
Iteration: 278 bestvalit: 0.001660 bestmemit:    2.992631   -5.368437    1.000000    0.000000  512.017075
Iteration: 279 bestvalit: 0.001660 bestmemit:    2.992631   -5.368437    1.000000    0.000000  512.017075
Iteration: 280 bestvalit: 0.001660 bestmemit:    2.992631   -5.368437    1.000000    0.000000  512.017075
Iteration: 281 bestvalit: 0.001660 bestmemit:    2.992631   -5.368437    1.000000    0.000000  512.017075
Iteration: 282 bestvalit: 0.001660 bestmemit:    2.992631   -5.368437    1.000000    0.000000  512.017075
Iteration: 283 bestvalit: 0.001660 bestmemit:    2.992631   -5.368437    1.000000    0.000000  512.017075
Iteration: 284 bestvalit: 0.001660 bestmemit:    2.992631   -5.368437    1.000000    0.000000  512.017075
Iteration: 285 bestvalit: 0.001660 bestmemit:    2.992631   -5.368437    1.000000    0.000000  512.017075
Iteration: 286 bestvalit: 0.001660 bestmemit:    2.992631   -5.368437    1.000000    0.000000  512.017075
Iteration: 287 bestvalit: 0.001660 bestmemit:    2.992631   -5.368437    1.000000    0.000000  512.017075
Iteration: 288 bestvalit: 0.001660 bestmemit:    2.992631   -5.368437    1.000000    0.000000  512.017075
Iteration: 289 bestvalit: 0.001660 bestmemit:    2.992631   -5.368437    1.000000    0.000000  512.017075
Iteration: 290 bestvalit: 0.001660 bestmemit:    2.992631   -5.368437    1.000000    0.000000  512.017075
Iteration: 291 bestvalit: 0.001660 bestmemit:    2.992631   -5.368437    1.000000    0.000000  512.017075
Iteration: 292 bestvalit: 0.001660 bestmemit:    2.992631   -5.368437    1.000000    0.000000  512.017075
Iteration: 293 bestvalit: 0.001660 bestmemit:    2.992631   -5.368437    1.000000    0.000000  512.017075
Iteration: 294 bestvalit: 0.001660 bestmemit:    2.992631   -5.368437    1.000000    0.000000  512.017075
Iteration: 295 bestvalit: 0.001660 bestmemit:    2.992631   -5.368437    1.000000    0.000000  512.017075
Iteration: 296 bestvalit: 0.001660 bestmemit:    2.992631   -5.368437    1.000000    0.000000  512.017075
Iteration: 297 bestvalit: 0.001660 bestmemit:    2.992631   -5.368437    1.000000    0.000000  512.017075
Iteration: 298 bestvalit: 0.001660 bestmemit:    2.992631   -5.368437    1.000000    0.000000  512.017075
Iteration: 299 bestvalit: 0.001660 bestmemit:    2.992631   -5.368437    1.000000    0.000000  512.017075
Iteration: 300 bestvalit: 0.001660 bestmemit:    2.992631   -5.368437    1.000000    0.000000  512.017075
Iteration: 301 bestvalit: 0.001660 bestmemit:    2.992631   -5.368437    1.000000    0.000000  512.017075
Iteration: 302 bestvalit: 0.001660 bestmemit:    2.992631   -5.368437    1.000000    0.000000  512.017075
Iteration: 303 bestvalit: 0.001660 bestmemit:    2.992631   -5.368437    1.000000    0.000000  512.017075
Iteration: 304 bestvalit: 0.001660 bestmemit:    2.992631   -5.368437    1.000000    0.000000  512.017075
Iteration: 305 bestvalit: 0.001660 bestmemit:    2.992631   -5.368437    1.000000    0.000000  512.017075
Iteration: 306 bestvalit: 0.001660 bestmemit:    2.992631   -5.368437    1.000000    0.000000  512.017075
Iteration: 307 bestvalit: 0.001660 bestmemit:    2.992631   -5.368437    1.000000    0.000000  512.017075

***** summary of DEoptim object ***** 
best member   :  2.99263 -5.36844 1 0 512.0171 
best value    :  0.00166 
after         :  307 generations 
fn evaluated  :  616 times 
*************************************
