SLURM_JOB_ID: 55336498
SLURM_JOB_USER: vsc34066
SLURM_JOB_ACCOUNT: lp_desenderlab
SLURM_JOB_NAME: fit_alternating_fb_beta_learn.slurm
SLURM_CLUSTER_NAME: genius
SLURM_JOB_PARTITION: batch
SLURM_ARRAY_JOB_ID: 55336494
SLURM_ARRAY_TASK_ID: 4
SLURM_NNODES: 1
SLURM_NODELIST: r22i27n20
SLURM_JOB_CPUS_PER_NODE: 8
Date: Tue Nov  7 16:43:54 CET 2023
Walltime: 00-23:00:00
========================================================================
Iteration: 1 bestvalit: 0.003049 bestmemit:   10.401335  -53.400949    1.000000    0.000000  680.968726
Iteration: 2 bestvalit: 0.002210 bestmemit:    7.726885  -65.791168    1.000000    0.000000  603.833357
Iteration: 3 bestvalit: 0.002210 bestmemit:    7.726885  -65.791168    1.000000    0.000000  603.833357
Iteration: 4 bestvalit: 0.001584 bestmemit:    1.709294  -53.184418    1.000000    0.000000  680.968726
Iteration: 5 bestvalit: 0.001584 bestmemit:    1.709294  -53.184418    1.000000    0.000000  680.968726
Iteration: 6 bestvalit: 0.001584 bestmemit:    1.709294  -53.184418    1.000000    0.000000  680.968726
Iteration: 7 bestvalit: 0.001584 bestmemit:    1.709294  -53.184418    1.000000    0.000000  680.968726
Iteration: 8 bestvalit: 0.001584 bestmemit:    1.709294  -53.184418    1.000000    0.000000  680.968726
Iteration: 9 bestvalit: 0.001584 bestmemit:    1.709294  -53.184418    1.000000    0.000000  680.968726
Iteration: 10 bestvalit: 0.001584 bestmemit:    1.709294  -53.184418    1.000000    0.000000  680.968726
Iteration: 11 bestvalit: 0.001547 bestmemit:    0.472276    9.606669    1.000000    0.000000  669.647823
Iteration: 12 bestvalit: 0.001547 bestmemit:    0.472276    9.606669    1.000000    0.000000  669.647823
Iteration: 13 bestvalit: 0.001485 bestmemit:    2.047079  -33.352541    1.000000    0.000000  642.017313
Iteration: 14 bestvalit: 0.001485 bestmemit:    2.047079  -33.352541    1.000000    0.000000  642.017313
Iteration: 15 bestvalit: 0.001471 bestmemit:    1.646310  -10.605198    1.000000    0.000000  616.180381
Iteration: 16 bestvalit: 0.001471 bestmemit:    1.646310  -10.605198    1.000000    0.000000  616.180381
Iteration: 17 bestvalit: 0.001471 bestmemit:    1.646310  -10.605198    1.000000    0.000000  616.180381
Iteration: 18 bestvalit: 0.001446 bestmemit:    1.646310  -10.605198    1.000000    0.000000  621.596635
Iteration: 19 bestvalit: 0.001446 bestmemit:    1.646310  -10.605198    1.000000    0.000000  621.596635
Iteration: 20 bestvalit: 0.001446 bestmemit:    1.646310  -10.605198    1.000000    0.000000  621.596635
Iteration: 21 bestvalit: 0.001446 bestmemit:    1.646310  -10.605198    1.000000    0.000000  621.596635
Iteration: 22 bestvalit: 0.001446 bestmemit:    1.646310  -10.605198    1.000000    0.000000  621.596635
Iteration: 23 bestvalit: 0.001444 bestmemit:    1.709294  -26.089492    1.000000    0.000000  629.854544
Iteration: 24 bestvalit: 0.001444 bestmemit:    1.709294  -26.089492    1.000000    0.000000  629.854544
Iteration: 25 bestvalit: 0.001444 bestmemit:    1.709294  -26.089492    1.000000    0.000000  629.854544
Iteration: 26 bestvalit: 0.001444 bestmemit:    1.709294  -26.089492    1.000000    0.000000  629.854544
Iteration: 27 bestvalit: 0.001444 bestmemit:    1.709294  -26.089492    1.000000    0.000000  629.854544
Iteration: 28 bestvalit: 0.001432 bestmemit:    2.489438  -20.234954    1.000000    0.000000  639.677896
Iteration: 29 bestvalit: 0.001432 bestmemit:    2.489438  -20.234954    1.000000    0.000000  639.677896
Iteration: 30 bestvalit: 0.001432 bestmemit:    2.489438  -20.234954    1.000000    0.000000  639.677896
Iteration: 31 bestvalit: 0.001432 bestmemit:    2.489438  -20.234954    1.000000    0.000000  639.677896
Iteration: 32 bestvalit: 0.001432 bestmemit:    2.489438  -20.234954    1.000000    0.000000  639.677896
Iteration: 33 bestvalit: 0.001432 bestmemit:    2.489438  -20.234954    1.000000    0.000000  639.677896
Iteration: 34 bestvalit: 0.001432 bestmemit:    2.489438  -20.234954    1.000000    0.000000  639.677896
Iteration: 35 bestvalit: 0.001432 bestmemit:    2.489438  -20.234954    1.000000    0.000000  639.677896
Iteration: 36 bestvalit: 0.001432 bestmemit:    2.489438  -20.234954    1.000000    0.000000  639.677896
Iteration: 37 bestvalit: 0.001431 bestmemit:    1.709294  -26.089492    1.000000    0.000000  629.854544
Iteration: 38 bestvalit: 0.001430 bestmemit:    2.626911  -29.319539    1.000000    0.000000  649.843388
Iteration: 39 bestvalit: 0.001430 bestmemit:    2.626911  -29.319539    1.000000    0.000000  649.843388
Iteration: 40 bestvalit: 0.001430 bestmemit:    2.626911  -29.319539    1.000000    0.000000  649.843388
Iteration: 41 bestvalit: 0.001430 bestmemit:    2.626911  -29.319539    1.000000    0.000000  649.843388
Iteration: 42 bestvalit: 0.001430 bestmemit:    2.626911  -29.319539    1.000000    0.000000  649.843388
Iteration: 43 bestvalit: 0.001430 bestmemit:    2.626911  -29.319539    1.000000    0.000000  649.843388
Iteration: 44 bestvalit: 0.001430 bestmemit:    2.626911  -29.319539    1.000000    0.000000  649.843388
Iteration: 45 bestvalit: 0.001430 bestmemit:    2.626911  -29.319539    1.000000    0.000000  649.843388
Iteration: 46 bestvalit: 0.001430 bestmemit:    2.626911  -29.319539    1.000000    0.000000  649.843388
Iteration: 47 bestvalit: 0.001430 bestmemit:    2.626911  -29.319539    1.000000    0.000000  649.843388
Iteration: 48 bestvalit: 0.001430 bestmemit:    2.626911  -29.319539    1.000000    0.000000  649.843388
Iteration: 49 bestvalit: 0.001430 bestmemit:    2.626911  -29.319539    1.000000    0.000000  649.843388
Iteration: 50 bestvalit: 0.001430 bestmemit:    2.626911  -29.319539    1.000000    0.000000  649.843388
Iteration: 51 bestvalit: 0.001430 bestmemit:    2.626911  -29.319539    1.000000    0.000000  649.843388
Iteration: 52 bestvalit: 0.001407 bestmemit:    2.532393  -23.410881    1.000000    0.000000  634.976196
Iteration: 53 bestvalit: 0.001407 bestmemit:    2.532393  -23.410881    1.000000    0.000000  634.976196
Iteration: 54 bestvalit: 0.001407 bestmemit:    2.532393  -23.410881    1.000000    0.000000  634.976196
Iteration: 55 bestvalit: 0.001407 bestmemit:    2.532393  -23.410881    1.000000    0.000000  634.976196
Iteration: 56 bestvalit: 0.001407 bestmemit:    2.532393  -23.410881    1.000000    0.000000  634.976196
Iteration: 57 bestvalit: 0.001407 bestmemit:    2.532393  -23.410881    1.000000    0.000000  634.976196
Iteration: 58 bestvalit: 0.001407 bestmemit:    2.532393  -23.410881    1.000000    0.000000  634.976196
Iteration: 59 bestvalit: 0.001407 bestmemit:    2.532393  -23.410881    1.000000    0.000000  634.976196
Iteration: 60 bestvalit: 0.001407 bestmemit:    2.532393  -23.410881    1.000000    0.000000  634.976196
Iteration: 61 bestvalit: 0.001407 bestmemit:    2.532393  -23.410881    1.000000    0.000000  634.976196
Iteration: 62 bestvalit: 0.001407 bestmemit:    2.532393  -23.410881    1.000000    0.000000  634.976196
Iteration: 63 bestvalit: 0.001407 bestmemit:    2.532393  -23.410881    1.000000    0.000000  634.976196
Iteration: 64 bestvalit: 0.001407 bestmemit:    2.532393  -23.410881    1.000000    0.000000  634.976196
Iteration: 65 bestvalit: 0.001407 bestmemit:    2.532393  -23.410881    1.000000    0.000000  634.976196
Iteration: 66 bestvalit: 0.001407 bestmemit:    2.532393  -23.410881    1.000000    0.000000  634.976196
Iteration: 67 bestvalit: 0.001407 bestmemit:    2.532393  -23.410881    1.000000    0.000000  634.976196
Iteration: 68 bestvalit: 0.001407 bestmemit:    2.532393  -23.410881    1.000000    0.000000  634.976196
Iteration: 69 bestvalit: 0.001407 bestmemit:    2.532393  -23.410881    1.000000    0.000000  634.976196
Iteration: 70 bestvalit: 0.001407 bestmemit:    2.532393  -23.410881    1.000000    0.000000  634.976196
Iteration: 71 bestvalit: 0.001407 bestmemit:    2.532393  -23.410881    1.000000    0.000000  634.976196
Iteration: 72 bestvalit: 0.001407 bestmemit:    2.532393  -23.410881    1.000000    0.000000  634.976196
Iteration: 73 bestvalit: 0.001407 bestmemit:    2.532393  -23.410881    1.000000    0.000000  634.976196
Iteration: 74 bestvalit: 0.001407 bestmemit:    2.532393  -23.410881    1.000000    0.000000  634.976196
Iteration: 75 bestvalit: 0.001407 bestmemit:    2.532393  -23.410881    1.000000    0.000000  634.976196
Iteration: 76 bestvalit: 0.001407 bestmemit:    2.532393  -23.410881    1.000000    0.000000  634.976196
Iteration: 77 bestvalit: 0.001407 bestmemit:    2.532393  -23.410881    1.000000    0.000000  634.976196
Iteration: 78 bestvalit: 0.001407 bestmemit:    2.532393  -23.410881    1.000000    0.000000  634.976196
Iteration: 79 bestvalit: 0.001407 bestmemit:    2.532393  -23.410881    1.000000    0.000000  634.976196
Iteration: 80 bestvalit: 0.001407 bestmemit:    2.532393  -23.410881    1.000000    0.000000  634.976196
Iteration: 81 bestvalit: 0.001407 bestmemit:    2.532393  -23.410881    1.000000    0.000000  634.976196
Iteration: 82 bestvalit: 0.001407 bestmemit:    2.532393  -23.410881    1.000000    0.000000  634.976196
Iteration: 83 bestvalit: 0.001407 bestmemit:    2.532393  -23.410881    1.000000    0.000000  634.976196
Iteration: 84 bestvalit: 0.001407 bestmemit:    2.532393  -23.410881    1.000000    0.000000  634.976196
Iteration: 85 bestvalit: 0.001407 bestmemit:    2.532393  -23.410881    1.000000    0.000000  634.976196
Iteration: 86 bestvalit: 0.001407 bestmemit:    2.532393  -23.410881    1.000000    0.000000  634.976196
Iteration: 87 bestvalit: 0.001407 bestmemit:    2.532393  -23.410881    1.000000    0.000000  634.976196
Iteration: 88 bestvalit: 0.001407 bestmemit:    2.532393  -23.410881    1.000000    0.000000  634.976196
Iteration: 89 bestvalit: 0.001407 bestmemit:    2.532393  -23.410881    1.000000    0.000000  634.976196
Iteration: 90 bestvalit: 0.001407 bestmemit:    2.532393  -23.410881    1.000000    0.000000  634.976196
Iteration: 91 bestvalit: 0.001407 bestmemit:    2.532393  -23.410881    1.000000    0.000000  634.976196
Iteration: 92 bestvalit: 0.001407 bestmemit:    2.532393  -23.410881    1.000000    0.000000  634.976196
Iteration: 93 bestvalit: 0.001407 bestmemit:    2.532393  -23.410881    1.000000    0.000000  634.976196
Iteration: 94 bestvalit: 0.001407 bestmemit:    2.532393  -23.410881    1.000000    0.000000  634.976196
Iteration: 95 bestvalit: 0.001407 bestmemit:    2.532393  -23.410881    1.000000    0.000000  634.976196
Iteration: 96 bestvalit: 0.001407 bestmemit:    2.532393  -23.410881    1.000000    0.000000  634.976196
Iteration: 97 bestvalit: 0.001407 bestmemit:    2.532393  -23.410881    1.000000    0.000000  634.976196
Iteration: 98 bestvalit: 0.001407 bestmemit:    2.532393  -23.410881    1.000000    0.000000  634.976196
Iteration: 99 bestvalit: 0.001407 bestmemit:    2.532393  -23.410881    1.000000    0.000000  634.976196
Iteration: 100 bestvalit: 0.001407 bestmemit:    2.532393  -23.410881    1.000000    0.000000  634.976196
Iteration: 101 bestvalit: 0.001407 bestmemit:    2.532393  -23.410881    1.000000    0.000000  634.976196
Iteration: 102 bestvalit: 0.001407 bestmemit:    2.532393  -23.410881    1.000000    0.000000  634.976196
Iteration: 103 bestvalit: 0.001407 bestmemit:    2.532393  -23.410881    1.000000    0.000000  634.976196
Iteration: 104 bestvalit: 0.001407 bestmemit:    2.532393  -23.410881    1.000000    0.000000  634.976196
Iteration: 105 bestvalit: 0.001407 bestmemit:    2.532393  -23.410881    1.000000    0.000000  634.976196
Iteration: 106 bestvalit: 0.001407 bestmemit:    2.532393  -23.410881    1.000000    0.000000  634.976196
Iteration: 107 bestvalit: 0.001407 bestmemit:    2.532393  -23.410881    1.000000    0.000000  634.976196
Iteration: 108 bestvalit: 0.001407 bestmemit:    2.532393  -23.410881    1.000000    0.000000  634.976196
Iteration: 109 bestvalit: 0.001407 bestmemit:    2.532393  -23.410881    1.000000    0.000000  634.976196
Iteration: 110 bestvalit: 0.001407 bestmemit:    2.532393  -23.410881    1.000000    0.000000  634.976196
Iteration: 111 bestvalit: 0.001407 bestmemit:    2.532393  -23.410881    1.000000    0.000000  634.976196
Iteration: 112 bestvalit: 0.001407 bestmemit:    2.532393  -23.410881    1.000000    0.000000  634.976196
Iteration: 113 bestvalit: 0.001407 bestmemit:    2.532393  -23.410881    1.000000    0.000000  634.976196
Iteration: 114 bestvalit: 0.001407 bestmemit:    2.532393  -23.410881    1.000000    0.000000  634.976196
Iteration: 115 bestvalit: 0.001407 bestmemit:    2.532393  -23.410881    1.000000    0.000000  634.976196
Iteration: 116 bestvalit: 0.001407 bestmemit:    2.532393  -23.410881    1.000000    0.000000  634.976196
Iteration: 117 bestvalit: 0.001407 bestmemit:    2.532393  -23.410881    1.000000    0.000000  634.976196
Iteration: 118 bestvalit: 0.001407 bestmemit:    2.532393  -23.410881    1.000000    0.000000  634.976196
Iteration: 119 bestvalit: 0.001407 bestmemit:    2.532393  -23.410881    1.000000    0.000000  634.976196
Iteration: 120 bestvalit: 0.001407 bestmemit:    2.532393  -23.410881    1.000000    0.000000  634.976196
Iteration: 121 bestvalit: 0.001407 bestmemit:    2.532393  -23.410881    1.000000    0.000000  634.976196
Iteration: 122 bestvalit: 0.001407 bestmemit:    2.532393  -23.410881    1.000000    0.000000  634.976196
Iteration: 123 bestvalit: 0.001407 bestmemit:    2.532393  -23.410881    1.000000    0.000000  634.976196
Iteration: 124 bestvalit: 0.001407 bestmemit:    2.532393  -23.410881    1.000000    0.000000  634.976196
Iteration: 125 bestvalit: 0.001407 bestmemit:    2.532393  -23.410881    1.000000    0.000000  634.976196
Iteration: 126 bestvalit: 0.001407 bestmemit:    2.532393  -23.410881    1.000000    0.000000  634.976196
Iteration: 127 bestvalit: 0.001407 bestmemit:    2.532393  -23.410881    1.000000    0.000000  634.976196
Iteration: 128 bestvalit: 0.001407 bestmemit:    2.532393  -23.410881    1.000000    0.000000  634.976196
Iteration: 129 bestvalit: 0.001407 bestmemit:    2.532393  -23.410881    1.000000    0.000000  634.976196
Iteration: 130 bestvalit: 0.001407 bestmemit:    2.532393  -23.410881    1.000000    0.000000  634.976196
Iteration: 131 bestvalit: 0.001407 bestmemit:    2.532393  -23.410881    1.000000    0.000000  634.976196
Iteration: 132 bestvalit: 0.001407 bestmemit:    2.532393  -23.410881    1.000000    0.000000  634.976196
Iteration: 133 bestvalit: 0.001407 bestmemit:    2.532393  -23.410881    1.000000    0.000000  634.976196
Iteration: 134 bestvalit: 0.001407 bestmemit:    2.532393  -23.410881    1.000000    0.000000  634.976196
Iteration: 135 bestvalit: 0.001407 bestmemit:    2.532393  -23.410881    1.000000    0.000000  634.976196
Iteration: 136 bestvalit: 0.001407 bestmemit:    2.532393  -23.410881    1.000000    0.000000  634.976196
Iteration: 137 bestvalit: 0.001407 bestmemit:    2.532393  -23.410881    1.000000    0.000000  634.976196
Iteration: 138 bestvalit: 0.001407 bestmemit:    2.532393  -23.410881    1.000000    0.000000  634.976196
Iteration: 139 bestvalit: 0.001407 bestmemit:    2.532393  -23.410881    1.000000    0.000000  634.976196
Iteration: 140 bestvalit: 0.001407 bestmemit:    2.532393  -23.410881    1.000000    0.000000  634.976196
Iteration: 141 bestvalit: 0.001407 bestmemit:    2.532393  -23.410881    1.000000    0.000000  634.976196
Iteration: 142 bestvalit: 0.001407 bestmemit:    2.532393  -23.410881    1.000000    0.000000  634.976196
Iteration: 143 bestvalit: 0.001407 bestmemit:    2.532393  -23.410881    1.000000    0.000000  634.976196
Iteration: 144 bestvalit: 0.001407 bestmemit:    2.532393  -23.410881    1.000000    0.000000  634.976196
Iteration: 145 bestvalit: 0.001407 bestmemit:    2.532393  -23.410881    1.000000    0.000000  634.976196
Iteration: 146 bestvalit: 0.001407 bestmemit:    2.532393  -23.410881    1.000000    0.000000  634.976196
Iteration: 147 bestvalit: 0.001407 bestmemit:    2.532393  -23.410881    1.000000    0.000000  634.976196
Iteration: 148 bestvalit: 0.001407 bestmemit:    2.532393  -23.410881    1.000000    0.000000  634.976196
Iteration: 149 bestvalit: 0.001407 bestmemit:    2.532393  -23.410881    1.000000    0.000000  634.976196
Iteration: 150 bestvalit: 0.001407 bestmemit:    2.532393  -23.410881    1.000000    0.000000  634.976196
Iteration: 151 bestvalit: 0.001407 bestmemit:    2.532393  -23.410881    1.000000    0.000000  634.976196
Iteration: 152 bestvalit: 0.001407 bestmemit:    2.532393  -23.410881    1.000000    0.000000  634.976196
Iteration: 153 bestvalit: 0.001407 bestmemit:    2.532393  -23.410881    1.000000    0.000000  634.976196

***** summary of DEoptim object ***** 
best member   :  2.53239 -23.41088 1 0 634.9762 
best value    :  0.00141 
after         :  153 generations 
fn evaluated  :  308 times 
*************************************
