SLURM_JOB_ID: 55336517
SLURM_JOB_USER: vsc34066
SLURM_JOB_ACCOUNT: lp_desenderlab
SLURM_JOB_NAME: fit_alternating_fb_beta_learn.slurm
SLURM_CLUSTER_NAME: genius
SLURM_JOB_PARTITION: batch
SLURM_ARRAY_JOB_ID: 55336494
SLURM_ARRAY_TASK_ID: 23
SLURM_NNODES: 1
SLURM_NODELIST: r23i27n05
SLURM_JOB_CPUS_PER_NODE: 8
Date: Tue Nov  7 16:43:59 CET 2023
Walltime: 00-23:00:00
========================================================================
Iteration: 1 bestvalit: 0.013836 bestmemit:   32.065843   79.287411    1.000000    0.000000  891.400478
Iteration: 2 bestvalit: 0.012366 bestmemit:   23.956218   -7.625030    1.000000    0.000000 1031.048837
Iteration: 3 bestvalit: 0.010845 bestmemit:   23.956218   -7.625030    1.000000    0.000000 1031.048837
Iteration: 4 bestvalit: 0.010845 bestmemit:   23.956218   -7.625030    1.000000    0.000000 1031.048837
Iteration: 5 bestvalit: 0.010845 bestmemit:   23.956218   -7.625030    1.000000    0.000000 1031.048837
Iteration: 6 bestvalit: 0.007773 bestmemit:    7.901647  -32.690324    1.000000    0.000000 1129.513175
Iteration: 7 bestvalit: 0.006777 bestmemit:    6.429859  -61.685222    1.000000    0.000000 1129.513175
Iteration: 8 bestvalit: 0.002437 bestmemit:    1.677517   32.710961    1.000000    0.000000  800.432270
Iteration: 9 bestvalit: 0.002429 bestmemit:    5.085769  -19.219131    1.000000    0.000000  704.605289
Iteration: 10 bestvalit: 0.002429 bestmemit:    5.085769  -19.219131    1.000000    0.000000  704.605289
Iteration: 11 bestvalit: 0.002298 bestmemit:    5.085769  -19.219131    1.000000    0.000000  704.605289
Iteration: 12 bestvalit: 0.002298 bestmemit:    5.085769  -19.219131    1.000000    0.000000  704.605289
Iteration: 13 bestvalit: 0.002298 bestmemit:    5.085769  -19.219131    1.000000    0.000000  704.605289
Iteration: 14 bestvalit: 0.001718 bestmemit:    2.700181  -38.973623    1.000000    0.000000  650.571832
Iteration: 15 bestvalit: 0.001718 bestmemit:    2.700181  -38.973623    1.000000    0.000000  650.571832
Iteration: 16 bestvalit: 0.001718 bestmemit:    2.700181  -38.973623    1.000000    0.000000  650.571832
Iteration: 17 bestvalit: 0.001611 bestmemit:    2.400664  -53.552856    1.000000    0.000000  641.964787
Iteration: 18 bestvalit: 0.001611 bestmemit:    2.400664  -53.552856    1.000000    0.000000  641.964787
Iteration: 19 bestvalit: 0.001611 bestmemit:    2.400664  -53.552856    1.000000    0.000000  641.964787
Iteration: 20 bestvalit: 0.001611 bestmemit:    2.400664  -53.552856    1.000000    0.000000  641.964787
Iteration: 21 bestvalit: 0.001611 bestmemit:    2.400664  -53.552856    1.000000    0.000000  641.964787
Iteration: 22 bestvalit: 0.001611 bestmemit:    2.400664  -53.552856    1.000000    0.000000  641.964787
Iteration: 23 bestvalit: 0.001611 bestmemit:    2.400664  -53.552856    1.000000    0.000000  641.964787
Iteration: 24 bestvalit: 0.001605 bestmemit:    2.400664  -53.552856    1.000000    0.000000  641.964787
Iteration: 25 bestvalit: 0.001589 bestmemit:    1.443929  -13.652101    1.000000    0.000000  667.897226
Iteration: 26 bestvalit: 0.001589 bestmemit:    1.443929  -13.652101    1.000000    0.000000  667.897226
Iteration: 27 bestvalit: 0.001589 bestmemit:    1.443929  -13.652101    1.000000    0.000000  667.897226
Iteration: 28 bestvalit: 0.001589 bestmemit:    1.443929  -13.652101    1.000000    0.000000  667.897226
Iteration: 29 bestvalit: 0.001589 bestmemit:    1.443929  -13.652101    1.000000    0.000000  667.897226
Iteration: 30 bestvalit: 0.001589 bestmemit:    1.443929  -13.652101    1.000000    0.000000  667.897226
Iteration: 31 bestvalit: 0.001589 bestmemit:    1.443929  -13.652101    1.000000    0.000000  667.897226
Iteration: 32 bestvalit: 0.001589 bestmemit:    1.443929  -13.652101    1.000000    0.000000  667.897226
Iteration: 33 bestvalit: 0.001589 bestmemit:    1.443929  -13.652101    1.000000    0.000000  667.897226
Iteration: 34 bestvalit: 0.001584 bestmemit:    2.400664  -54.334523    1.000000    0.000000  641.964787
Iteration: 35 bestvalit: 0.001584 bestmemit:    2.400664  -54.334523    1.000000    0.000000  641.964787
Iteration: 36 bestvalit: 0.001584 bestmemit:    2.400664  -54.334523    1.000000    0.000000  641.964787
Iteration: 37 bestvalit: 0.001584 bestmemit:    2.400664  -54.334523    1.000000    0.000000  641.964787
Iteration: 38 bestvalit: 0.001577 bestmemit:    1.856438   21.320570    1.000000    0.000000  657.096391
Iteration: 39 bestvalit: 0.001577 bestmemit:    1.856438   21.320570    1.000000    0.000000  657.096391
Iteration: 40 bestvalit: 0.001577 bestmemit:    1.856438   21.320570    1.000000    0.000000  657.096391
Iteration: 41 bestvalit: 0.001577 bestmemit:    1.856438   21.320570    1.000000    0.000000  657.096391
Iteration: 42 bestvalit: 0.001577 bestmemit:    1.856438   21.320570    1.000000    0.000000  657.096391
Iteration: 43 bestvalit: 0.001570 bestmemit:    1.856438   21.320570    1.000000    0.000000  657.096391
Iteration: 44 bestvalit: 0.001570 bestmemit:    1.856438   21.320570    1.000000    0.000000  657.096391
Iteration: 45 bestvalit: 0.001570 bestmemit:    1.856438   21.320570    1.000000    0.000000  657.096391
Iteration: 46 bestvalit: 0.001570 bestmemit:    1.856438   21.320570    1.000000    0.000000  657.096391
Iteration: 47 bestvalit: 0.001570 bestmemit:    1.856438   21.320570    1.000000    0.000000  657.096391
Iteration: 48 bestvalit: 0.001570 bestmemit:    1.856438   21.320570    1.000000    0.000000  657.096391
Iteration: 49 bestvalit: 0.001566 bestmemit:    2.151424  -59.395836    1.000000    0.000000  656.767465
Iteration: 50 bestvalit: 0.001566 bestmemit:    2.151424  -59.395836    1.000000    0.000000  656.767465
Iteration: 51 bestvalit: 0.001566 bestmemit:    2.151424  -59.395836    1.000000    0.000000  656.767465
Iteration: 52 bestvalit: 0.001566 bestmemit:    2.151424  -59.395836    1.000000    0.000000  656.767465
Iteration: 53 bestvalit: 0.001566 bestmemit:    2.151424  -59.395836    1.000000    0.000000  656.767465
Iteration: 54 bestvalit: 0.001566 bestmemit:    2.151424  -59.395836    1.000000    0.000000  656.767465
Iteration: 55 bestvalit: 0.001566 bestmemit:    2.151424  -59.395836    1.000000    0.000000  656.767465
Iteration: 56 bestvalit: 0.001566 bestmemit:    2.151424  -59.395836    1.000000    0.000000  656.767465
Iteration: 57 bestvalit: 0.001561 bestmemit:    2.074155  -44.936799    1.000000    0.000000  673.632256
Iteration: 58 bestvalit: 0.001561 bestmemit:    2.074155  -44.936799    1.000000    0.000000  673.632256
Iteration: 59 bestvalit: 0.001561 bestmemit:    2.074155  -44.936799    1.000000    0.000000  673.632256
Iteration: 60 bestvalit: 0.001561 bestmemit:    2.074155  -44.936799    1.000000    0.000000  673.632256
Iteration: 61 bestvalit: 0.001561 bestmemit:    2.074155  -44.936799    1.000000    0.000000  673.632256
Iteration: 62 bestvalit: 0.001561 bestmemit:    2.074155  -44.936799    1.000000    0.000000  673.632256
Iteration: 63 bestvalit: 0.001561 bestmemit:    2.074155  -44.936799    1.000000    0.000000  673.632256
Iteration: 64 bestvalit: 0.001561 bestmemit:    2.074155  -44.936799    1.000000    0.000000  673.632256
Iteration: 65 bestvalit: 0.001561 bestmemit:    2.074155  -44.936799    1.000000    0.000000  673.632256
Iteration: 66 bestvalit: 0.001561 bestmemit:    2.074155  -44.936799    1.000000    0.000000  673.632256
Iteration: 67 bestvalit: 0.001530 bestmemit:    1.749374  -29.096595    1.000000    0.000000  682.030961
Iteration: 68 bestvalit: 0.001530 bestmemit:    1.749374  -29.096595    1.000000    0.000000  682.030961
Iteration: 69 bestvalit: 0.001530 bestmemit:    1.749374  -29.096595    1.000000    0.000000  682.030961
Iteration: 70 bestvalit: 0.001530 bestmemit:    1.749374  -29.096595    1.000000    0.000000  682.030961
Iteration: 71 bestvalit: 0.001530 bestmemit:    1.749374  -29.096595    1.000000    0.000000  682.030961
Iteration: 72 bestvalit: 0.001530 bestmemit:    1.749374  -29.096595    1.000000    0.000000  682.030961
Iteration: 73 bestvalit: 0.001530 bestmemit:    1.749374  -29.096595    1.000000    0.000000  682.030961
Iteration: 74 bestvalit: 0.001530 bestmemit:    1.749374  -29.096595    1.000000    0.000000  682.030961
Iteration: 75 bestvalit: 0.001530 bestmemit:    1.749374  -29.096595    1.000000    0.000000  682.030961
Iteration: 76 bestvalit: 0.001530 bestmemit:    1.749374  -29.096595    1.000000    0.000000  682.030961
Iteration: 77 bestvalit: 0.001530 bestmemit:    1.749374  -29.096595    1.000000    0.000000  682.030961
Iteration: 78 bestvalit: 0.001530 bestmemit:    1.749374  -29.096595    1.000000    0.000000  682.030961
Iteration: 79 bestvalit: 0.001530 bestmemit:    1.749374  -29.096595    1.000000    0.000000  682.030961
Iteration: 80 bestvalit: 0.001530 bestmemit:    1.749374  -29.096595    1.000000    0.000000  682.030961
Iteration: 81 bestvalit: 0.001530 bestmemit:    1.749374  -29.096595    1.000000    0.000000  682.030961
Iteration: 82 bestvalit: 0.001530 bestmemit:    1.749374  -29.096595    1.000000    0.000000  682.030961
Iteration: 83 bestvalit: 0.001530 bestmemit:    1.749374  -29.096595    1.000000    0.000000  682.030961
Iteration: 84 bestvalit: 0.001530 bestmemit:    1.749374  -29.096595    1.000000    0.000000  682.030961
Iteration: 85 bestvalit: 0.001530 bestmemit:    1.749374  -29.096595    1.000000    0.000000  682.030961
Iteration: 86 bestvalit: 0.001530 bestmemit:    1.749374  -29.096595    1.000000    0.000000  682.030961
Iteration: 87 bestvalit: 0.001530 bestmemit:    1.749374  -29.096595    1.000000    0.000000  682.030961
Iteration: 88 bestvalit: 0.001530 bestmemit:    1.749374  -29.096595    1.000000    0.000000  682.030961
Iteration: 89 bestvalit: 0.001530 bestmemit:    1.749374  -29.096595    1.000000    0.000000  682.030961
Iteration: 90 bestvalit: 0.001530 bestmemit:    1.749374  -29.096595    1.000000    0.000000  682.030961
Iteration: 91 bestvalit: 0.001530 bestmemit:    1.749374  -29.096595    1.000000    0.000000  682.030961
Iteration: 92 bestvalit: 0.001530 bestmemit:    1.749374  -29.096595    1.000000    0.000000  682.030961
Iteration: 93 bestvalit: 0.001530 bestmemit:    1.749374  -29.096595    1.000000    0.000000  682.030961
Iteration: 94 bestvalit: 0.001530 bestmemit:    1.749374  -29.096595    1.000000    0.000000  682.030961
Iteration: 95 bestvalit: 0.001530 bestmemit:    1.749374  -29.096595    1.000000    0.000000  682.030961
Iteration: 96 bestvalit: 0.001530 bestmemit:    1.749374  -29.096595    1.000000    0.000000  682.030961
Iteration: 97 bestvalit: 0.001530 bestmemit:    1.749374  -29.096595    1.000000    0.000000  682.030961
Iteration: 98 bestvalit: 0.001530 bestmemit:    1.749374  -29.096595    1.000000    0.000000  682.030961
Iteration: 99 bestvalit: 0.001530 bestmemit:    1.749374  -29.096595    1.000000    0.000000  682.030961
Iteration: 100 bestvalit: 0.001530 bestmemit:    1.749374  -29.096595    1.000000    0.000000  682.030961
Iteration: 101 bestvalit: 0.001530 bestmemit:    1.749374  -29.096595    1.000000    0.000000  682.030961
Iteration: 102 bestvalit: 0.001530 bestmemit:    1.749374  -29.096595    1.000000    0.000000  682.030961
Iteration: 103 bestvalit: 0.001530 bestmemit:    1.749374  -29.096595    1.000000    0.000000  682.030961
Iteration: 104 bestvalit: 0.001530 bestmemit:    1.749374  -29.096595    1.000000    0.000000  682.030961
Iteration: 105 bestvalit: 0.001530 bestmemit:    1.749374  -29.096595    1.000000    0.000000  682.030961
Iteration: 106 bestvalit: 0.001530 bestmemit:    1.749374  -29.096595    1.000000    0.000000  682.030961
Iteration: 107 bestvalit: 0.001530 bestmemit:    1.749374  -29.096595    1.000000    0.000000  682.030961
Iteration: 108 bestvalit: 0.001530 bestmemit:    1.749374  -29.096595    1.000000    0.000000  682.030961
Iteration: 109 bestvalit: 0.001530 bestmemit:    1.749374  -29.096595    1.000000    0.000000  682.030961
Iteration: 110 bestvalit: 0.001530 bestmemit:    1.749374  -29.096595    1.000000    0.000000  682.030961
Iteration: 111 bestvalit: 0.001530 bestmemit:    1.749374  -29.096595    1.000000    0.000000  682.030961
Iteration: 112 bestvalit: 0.001530 bestmemit:    1.749374  -29.096595    1.000000    0.000000  682.030961
Iteration: 113 bestvalit: 0.001530 bestmemit:    1.749374  -29.096595    1.000000    0.000000  682.030961
Iteration: 114 bestvalit: 0.001530 bestmemit:    1.749374  -29.096595    1.000000    0.000000  682.030961
Iteration: 115 bestvalit: 0.001530 bestmemit:    1.749374  -29.096595    1.000000    0.000000  682.030961
Iteration: 116 bestvalit: 0.001530 bestmemit:    1.749374  -29.096595    1.000000    0.000000  682.030961
Iteration: 117 bestvalit: 0.001530 bestmemit:    1.749374  -29.096595    1.000000    0.000000  682.030961
Iteration: 118 bestvalit: 0.001530 bestmemit:    1.749374  -29.096595    1.000000    0.000000  682.030961
Iteration: 119 bestvalit: 0.001530 bestmemit:    1.749374  -29.096595    1.000000    0.000000  682.030961
Iteration: 120 bestvalit: 0.001530 bestmemit:    1.749374  -29.096595    1.000000    0.000000  682.030961
Iteration: 121 bestvalit: 0.001530 bestmemit:    1.749374  -29.096595    1.000000    0.000000  682.030961
Iteration: 122 bestvalit: 0.001530 bestmemit:    1.749374  -29.096595    1.000000    0.000000  682.030961
Iteration: 123 bestvalit: 0.001530 bestmemit:    1.749374  -29.096595    1.000000    0.000000  682.030961
Iteration: 124 bestvalit: 0.001530 bestmemit:    1.749374  -29.096595    1.000000    0.000000  682.030961
Iteration: 125 bestvalit: 0.001530 bestmemit:    1.749374  -29.096595    1.000000    0.000000  682.030961
Iteration: 126 bestvalit: 0.001530 bestmemit:    1.749374  -29.096595    1.000000    0.000000  682.030961
Iteration: 127 bestvalit: 0.001530 bestmemit:    1.749374  -29.096595    1.000000    0.000000  682.030961
Iteration: 128 bestvalit: 0.001530 bestmemit:    1.749374  -29.096595    1.000000    0.000000  682.030961
Iteration: 129 bestvalit: 0.001530 bestmemit:    1.749374  -29.096595    1.000000    0.000000  682.030961
Iteration: 130 bestvalit: 0.001530 bestmemit:    1.749374  -29.096595    1.000000    0.000000  682.030961
Iteration: 131 bestvalit: 0.001530 bestmemit:    1.749374  -29.096595    1.000000    0.000000  682.030961
Iteration: 132 bestvalit: 0.001530 bestmemit:    1.749374  -29.096595    1.000000    0.000000  682.030961
Iteration: 133 bestvalit: 0.001530 bestmemit:    1.749374  -29.096595    1.000000    0.000000  682.030961
Iteration: 134 bestvalit: 0.001530 bestmemit:    1.749374  -29.096595    1.000000    0.000000  682.030961
Iteration: 135 bestvalit: 0.001530 bestmemit:    1.749374  -29.096595    1.000000    0.000000  682.030961
Iteration: 136 bestvalit: 0.001530 bestmemit:    1.749374  -29.096595    1.000000    0.000000  682.030961
Iteration: 137 bestvalit: 0.001530 bestmemit:    1.749374  -29.096595    1.000000    0.000000  682.030961
Iteration: 138 bestvalit: 0.001530 bestmemit:    1.749374  -29.096595    1.000000    0.000000  682.030961
Iteration: 139 bestvalit: 0.001530 bestmemit:    1.749374  -29.096595    1.000000    0.000000  682.030961
Iteration: 140 bestvalit: 0.001530 bestmemit:    1.749374  -29.096595    1.000000    0.000000  682.030961
Iteration: 141 bestvalit: 0.001530 bestmemit:    1.749374  -29.096595    1.000000    0.000000  682.030961
Iteration: 142 bestvalit: 0.001530 bestmemit:    1.749374  -29.096595    1.000000    0.000000  682.030961
Iteration: 143 bestvalit: 0.001530 bestmemit:    1.749374  -29.096595    1.000000    0.000000  682.030961
Iteration: 144 bestvalit: 0.001530 bestmemit:    1.749374  -29.096595    1.000000    0.000000  682.030961
Iteration: 145 bestvalit: 0.001530 bestmemit:    1.749374  -29.096595    1.000000    0.000000  682.030961
Iteration: 146 bestvalit: 0.001528 bestmemit:    2.705796  -27.535141    1.000000    0.000000  657.661686
Iteration: 147 bestvalit: 0.001528 bestmemit:    2.705796  -27.535141    1.000000    0.000000  657.661686
Iteration: 148 bestvalit: 0.001528 bestmemit:    2.705796  -27.535141    1.000000    0.000000  657.661686
Iteration: 149 bestvalit: 0.001528 bestmemit:    2.705796  -27.535141    1.000000    0.000000  657.661686
Iteration: 150 bestvalit: 0.001528 bestmemit:    2.705796  -27.535141    1.000000    0.000000  657.661686
Iteration: 151 bestvalit: 0.001528 bestmemit:    2.705796  -27.535141    1.000000    0.000000  657.661686
Iteration: 152 bestvalit: 0.001528 bestmemit:    2.705796  -27.535141    1.000000    0.000000  657.661686
Iteration: 153 bestvalit: 0.001528 bestmemit:    2.705796  -27.535141    1.000000    0.000000  657.661686
Iteration: 154 bestvalit: 0.001528 bestmemit:    2.705796  -27.535141    1.000000    0.000000  657.661686
Iteration: 155 bestvalit: 0.001528 bestmemit:    2.705796  -27.535141    1.000000    0.000000  657.661686
Iteration: 156 bestvalit: 0.001528 bestmemit:    2.705796  -27.535141    1.000000    0.000000  657.661686
Iteration: 157 bestvalit: 0.001528 bestmemit:    2.705796  -27.535141    1.000000    0.000000  657.661686
Iteration: 158 bestvalit: 0.001528 bestmemit:    2.705796  -27.535141    1.000000    0.000000  657.661686
Iteration: 159 bestvalit: 0.001528 bestmemit:    2.705796  -27.535141    1.000000    0.000000  657.661686
Iteration: 160 bestvalit: 0.001528 bestmemit:    2.705796  -27.535141    1.000000    0.000000  657.661686
Iteration: 161 bestvalit: 0.001528 bestmemit:    2.705796  -27.535141    1.000000    0.000000  657.661686
Iteration: 162 bestvalit: 0.001528 bestmemit:    2.705796  -27.535141    1.000000    0.000000  657.661686
Iteration: 163 bestvalit: 0.001528 bestmemit:    2.705796  -27.535141    1.000000    0.000000  657.661686
Iteration: 164 bestvalit: 0.001528 bestmemit:    2.705796  -27.535141    1.000000    0.000000  657.661686
Iteration: 165 bestvalit: 0.001528 bestmemit:    2.705796  -27.535141    1.000000    0.000000  657.661686
Iteration: 166 bestvalit: 0.001528 bestmemit:    2.705796  -27.535141    1.000000    0.000000  657.661686
Iteration: 167 bestvalit: 0.001528 bestmemit:    2.705796  -27.535141    1.000000    0.000000  657.661686
Iteration: 168 bestvalit: 0.001528 bestmemit:    2.705796  -27.535141    1.000000    0.000000  657.661686
Iteration: 169 bestvalit: 0.001528 bestmemit:    2.705796  -27.535141    1.000000    0.000000  657.661686
Iteration: 170 bestvalit: 0.001528 bestmemit:    2.705796  -27.535141    1.000000    0.000000  657.661686
Iteration: 171 bestvalit: 0.001528 bestmemit:    2.705796  -27.535141    1.000000    0.000000  657.661686
Iteration: 172 bestvalit: 0.001528 bestmemit:    2.705796  -27.535141    1.000000    0.000000  657.661686
Iteration: 173 bestvalit: 0.001528 bestmemit:    2.705796  -27.535141    1.000000    0.000000  657.661686
Iteration: 174 bestvalit: 0.001528 bestmemit:    2.705796  -27.535141    1.000000    0.000000  657.661686
Iteration: 175 bestvalit: 0.001528 bestmemit:    2.705796  -27.535141    1.000000    0.000000  657.661686
Iteration: 176 bestvalit: 0.001528 bestmemit:    2.705796  -27.535141    1.000000    0.000000  657.661686
Iteration: 177 bestvalit: 0.001528 bestmemit:    2.705796  -27.535141    1.000000    0.000000  657.661686
Iteration: 178 bestvalit: 0.001528 bestmemit:    2.705796  -27.535141    1.000000    0.000000  657.661686
Iteration: 179 bestvalit: 0.001528 bestmemit:    2.705796  -27.535141    1.000000    0.000000  657.661686
Iteration: 180 bestvalit: 0.001528 bestmemit:    2.705796  -27.535141    1.000000    0.000000  657.661686
Iteration: 181 bestvalit: 0.001528 bestmemit:    2.705796  -27.535141    1.000000    0.000000  657.661686
Iteration: 182 bestvalit: 0.001528 bestmemit:    2.705796  -27.535141    1.000000    0.000000  657.661686
Iteration: 183 bestvalit: 0.001528 bestmemit:    2.705796  -27.535141    1.000000    0.000000  657.661686
Iteration: 184 bestvalit: 0.001528 bestmemit:    2.705796  -27.535141    1.000000    0.000000  657.661686
Iteration: 185 bestvalit: 0.001528 bestmemit:    2.705796  -27.535141    1.000000    0.000000  657.661686
Iteration: 186 bestvalit: 0.001528 bestmemit:    2.705796  -27.535141    1.000000    0.000000  657.661686
Iteration: 187 bestvalit: 0.001528 bestmemit:    2.705796  -27.535141    1.000000    0.000000  657.661686
Iteration: 188 bestvalit: 0.001528 bestmemit:    2.705796  -27.535141    1.000000    0.000000  657.661686
Iteration: 189 bestvalit: 0.001528 bestmemit:    2.705796  -27.535141    1.000000    0.000000  657.661686
Iteration: 190 bestvalit: 0.001528 bestmemit:    2.705796  -27.535141    1.000000    0.000000  657.661686
Iteration: 191 bestvalit: 0.001503 bestmemit:    2.151424  -59.395836    1.000000    0.000000  656.767465
Iteration: 192 bestvalit: 0.001503 bestmemit:    2.151424  -59.395836    1.000000    0.000000  656.767465
Iteration: 193 bestvalit: 0.001503 bestmemit:    2.151424  -59.395836    1.000000    0.000000  656.767465
Iteration: 194 bestvalit: 0.001503 bestmemit:    2.151424  -59.395836    1.000000    0.000000  656.767465
Iteration: 195 bestvalit: 0.001503 bestmemit:    2.151424  -59.395836    1.000000    0.000000  656.767465
Iteration: 196 bestvalit: 0.001503 bestmemit:    2.151424  -59.395836    1.000000    0.000000  656.767465
Iteration: 197 bestvalit: 0.001503 bestmemit:    2.151424  -59.395836    1.000000    0.000000  656.767465
Iteration: 198 bestvalit: 0.001503 bestmemit:    2.151424  -59.395836    1.000000    0.000000  656.767465
Iteration: 199 bestvalit: 0.001503 bestmemit:    2.151424  -59.395836    1.000000    0.000000  656.767465
Iteration: 200 bestvalit: 0.001503 bestmemit:    2.151424  -59.395836    1.000000    0.000000  656.767465
Iteration: 201 bestvalit: 0.001503 bestmemit:    2.151424  -59.395836    1.000000    0.000000  656.767465
Iteration: 202 bestvalit: 0.001503 bestmemit:    2.151424  -59.395836    1.000000    0.000000  656.767465
Iteration: 203 bestvalit: 0.001503 bestmemit:    2.151424  -59.395836    1.000000    0.000000  656.767465
Iteration: 204 bestvalit: 0.001503 bestmemit:    2.151424  -59.395836    1.000000    0.000000  656.767465
Iteration: 205 bestvalit: 0.001503 bestmemit:    2.151424  -59.395836    1.000000    0.000000  656.767465
Iteration: 206 bestvalit: 0.001503 bestmemit:    2.151424  -59.395836    1.000000    0.000000  656.767465
Iteration: 207 bestvalit: 0.001503 bestmemit:    2.151424  -59.395836    1.000000    0.000000  656.767465
Iteration: 208 bestvalit: 0.001503 bestmemit:    2.151424  -59.395836    1.000000    0.000000  656.767465
Iteration: 209 bestvalit: 0.001503 bestmemit:    2.151424  -59.395836    1.000000    0.000000  656.767465
Iteration: 210 bestvalit: 0.001503 bestmemit:    2.151424  -59.395836    1.000000    0.000000  656.767465
Iteration: 211 bestvalit: 0.001503 bestmemit:    2.151424  -59.395836    1.000000    0.000000  656.767465
Iteration: 212 bestvalit: 0.001503 bestmemit:    2.151424  -59.395836    1.000000    0.000000  656.767465
Iteration: 213 bestvalit: 0.001503 bestmemit:    2.151424  -59.395836    1.000000    0.000000  656.767465
Iteration: 214 bestvalit: 0.001503 bestmemit:    2.151424  -59.395836    1.000000    0.000000  656.767465
Iteration: 215 bestvalit: 0.001503 bestmemit:    2.151424  -59.395836    1.000000    0.000000  656.767465
Iteration: 216 bestvalit: 0.001503 bestmemit:    2.151424  -59.395836    1.000000    0.000000  656.767465
Iteration: 217 bestvalit: 0.001503 bestmemit:    2.151424  -59.395836    1.000000    0.000000  656.767465
Iteration: 218 bestvalit: 0.001503 bestmemit:    2.151424  -59.395836    1.000000    0.000000  656.767465
Iteration: 219 bestvalit: 0.001503 bestmemit:    2.151424  -59.395836    1.000000    0.000000  656.767465
Iteration: 220 bestvalit: 0.001503 bestmemit:    2.151424  -59.395836    1.000000    0.000000  656.767465
Iteration: 221 bestvalit: 0.001503 bestmemit:    2.151424  -59.395836    1.000000    0.000000  656.767465
Iteration: 222 bestvalit: 0.001503 bestmemit:    2.151424  -59.395836    1.000000    0.000000  656.767465
Iteration: 223 bestvalit: 0.001503 bestmemit:    2.151424  -59.395836    1.000000    0.000000  656.767465
Iteration: 224 bestvalit: 0.001503 bestmemit:    2.151424  -59.395836    1.000000    0.000000  656.767465
Iteration: 225 bestvalit: 0.001503 bestmemit:    2.151424  -59.395836    1.000000    0.000000  656.767465
Iteration: 226 bestvalit: 0.001503 bestmemit:    2.151424  -59.395836    1.000000    0.000000  656.767465
Iteration: 227 bestvalit: 0.001503 bestmemit:    2.151424  -59.395836    1.000000    0.000000  656.767465
Iteration: 228 bestvalit: 0.001503 bestmemit:    2.151424  -59.395836    1.000000    0.000000  656.767465
Iteration: 229 bestvalit: 0.001503 bestmemit:    2.151424  -59.395836    1.000000    0.000000  656.767465
Iteration: 230 bestvalit: 0.001503 bestmemit:    2.151424  -59.395836    1.000000    0.000000  656.767465
Iteration: 231 bestvalit: 0.001503 bestmemit:    2.151424  -59.395836    1.000000    0.000000  656.767465
Iteration: 232 bestvalit: 0.001503 bestmemit:    2.151424  -59.395836    1.000000    0.000000  656.767465
Iteration: 233 bestvalit: 0.001503 bestmemit:    2.151424  -59.395836    1.000000    0.000000  656.767465
Iteration: 234 bestvalit: 0.001503 bestmemit:    2.151424  -59.395836    1.000000    0.000000  656.767465
Iteration: 235 bestvalit: 0.001503 bestmemit:    2.151424  -59.395836    1.000000    0.000000  656.767465
Iteration: 236 bestvalit: 0.001503 bestmemit:    2.151424  -59.395836    1.000000    0.000000  656.767465
Iteration: 237 bestvalit: 0.001503 bestmemit:    2.151424  -59.395836    1.000000    0.000000  656.767465
Iteration: 238 bestvalit: 0.001503 bestmemit:    2.151424  -59.395836    1.000000    0.000000  656.767465
Iteration: 239 bestvalit: 0.001503 bestmemit:    2.151424  -59.395836    1.000000    0.000000  656.767465
Iteration: 240 bestvalit: 0.001503 bestmemit:    2.151424  -59.395836    1.000000    0.000000  656.767465
Iteration: 241 bestvalit: 0.001503 bestmemit:    2.151424  -59.395836    1.000000    0.000000  656.767465
Iteration: 242 bestvalit: 0.001503 bestmemit:    2.151424  -59.395836    1.000000    0.000000  656.767465
Iteration: 243 bestvalit: 0.001503 bestmemit:    2.151424  -59.395836    1.000000    0.000000  656.767465
Iteration: 244 bestvalit: 0.001503 bestmemit:    2.151424  -59.395836    1.000000    0.000000  656.767465
Iteration: 245 bestvalit: 0.001503 bestmemit:    2.151424  -59.395836    1.000000    0.000000  656.767465
Iteration: 246 bestvalit: 0.001503 bestmemit:    2.151424  -59.395836    1.000000    0.000000  656.767465
Iteration: 247 bestvalit: 0.001503 bestmemit:    2.151424  -59.395836    1.000000    0.000000  656.767465
Iteration: 248 bestvalit: 0.001503 bestmemit:    2.151424  -59.395836    1.000000    0.000000  656.767465
Iteration: 249 bestvalit: 0.001503 bestmemit:    2.151424  -59.395836    1.000000    0.000000  656.767465
Iteration: 250 bestvalit: 0.001503 bestmemit:    2.151424  -59.395836    1.000000    0.000000  656.767465
Iteration: 251 bestvalit: 0.001503 bestmemit:    2.151424  -59.395836    1.000000    0.000000  656.767465
Iteration: 252 bestvalit: 0.001503 bestmemit:    2.151424  -59.395836    1.000000    0.000000  656.767465
Iteration: 253 bestvalit: 0.001503 bestmemit:    2.151424  -59.395836    1.000000    0.000000  656.767465
Iteration: 254 bestvalit: 0.001503 bestmemit:    2.151424  -59.395836    1.000000    0.000000  656.767465
Iteration: 255 bestvalit: 0.001503 bestmemit:    2.151424  -59.395836    1.000000    0.000000  656.767465
Iteration: 256 bestvalit: 0.001503 bestmemit:    2.151424  -59.395836    1.000000    0.000000  656.767465
Iteration: 257 bestvalit: 0.001503 bestmemit:    2.151424  -59.395836    1.000000    0.000000  656.767465
Iteration: 258 bestvalit: 0.001503 bestmemit:    2.151424  -59.395836    1.000000    0.000000  656.767465
Iteration: 259 bestvalit: 0.001503 bestmemit:    2.151424  -59.395836    1.000000    0.000000  656.767465
Iteration: 260 bestvalit: 0.001503 bestmemit:    2.151424  -59.395836    1.000000    0.000000  656.767465
Iteration: 261 bestvalit: 0.001503 bestmemit:    2.151424  -59.395836    1.000000    0.000000  656.767465
Iteration: 262 bestvalit: 0.001503 bestmemit:    2.151424  -59.395836    1.000000    0.000000  656.767465
Iteration: 263 bestvalit: 0.001503 bestmemit:    2.151424  -59.395836    1.000000    0.000000  656.767465
Iteration: 264 bestvalit: 0.001503 bestmemit:    2.151424  -59.395836    1.000000    0.000000  656.767465
Iteration: 265 bestvalit: 0.001503 bestmemit:    2.151424  -59.395836    1.000000    0.000000  656.767465
Iteration: 266 bestvalit: 0.001503 bestmemit:    2.151424  -59.395836    1.000000    0.000000  656.767465
Iteration: 267 bestvalit: 0.001503 bestmemit:    2.151424  -59.395836    1.000000    0.000000  656.767465
Iteration: 268 bestvalit: 0.001503 bestmemit:    2.151424  -59.395836    1.000000    0.000000  656.767465
Iteration: 269 bestvalit: 0.001503 bestmemit:    2.151424  -59.395836    1.000000    0.000000  656.767465
Iteration: 270 bestvalit: 0.001503 bestmemit:    2.151424  -59.395836    1.000000    0.000000  656.767465
Iteration: 271 bestvalit: 0.001503 bestmemit:    2.151424  -59.395836    1.000000    0.000000  656.767465
Iteration: 272 bestvalit: 0.001503 bestmemit:    2.151424  -59.395836    1.000000    0.000000  656.767465
Iteration: 273 bestvalit: 0.001503 bestmemit:    2.151424  -59.395836    1.000000    0.000000  656.767465
Iteration: 274 bestvalit: 0.001503 bestmemit:    2.151424  -59.395836    1.000000    0.000000  656.767465
Iteration: 275 bestvalit: 0.001503 bestmemit:    2.151424  -59.395836    1.000000    0.000000  656.767465
Iteration: 276 bestvalit: 0.001503 bestmemit:    2.151424  -59.395836    1.000000    0.000000  656.767465
Iteration: 277 bestvalit: 0.001503 bestmemit:    2.151424  -59.395836    1.000000    0.000000  656.767465
Iteration: 278 bestvalit: 0.001503 bestmemit:    2.151424  -59.395836    1.000000    0.000000  656.767465
Iteration: 279 bestvalit: 0.001503 bestmemit:    2.151424  -59.395836    1.000000    0.000000  656.767465
Iteration: 280 bestvalit: 0.001503 bestmemit:    2.151424  -59.395836    1.000000    0.000000  656.767465
Iteration: 281 bestvalit: 0.001503 bestmemit:    2.151424  -59.395836    1.000000    0.000000  656.767465
Iteration: 282 bestvalit: 0.001503 bestmemit:    2.151424  -59.395836    1.000000    0.000000  656.767465
Iteration: 283 bestvalit: 0.001503 bestmemit:    2.151424  -59.395836    1.000000    0.000000  656.767465
Iteration: 284 bestvalit: 0.001503 bestmemit:    2.151424  -59.395836    1.000000    0.000000  656.767465
Iteration: 285 bestvalit: 0.001503 bestmemit:    2.151424  -59.395836    1.000000    0.000000  656.767465
Iteration: 286 bestvalit: 0.001503 bestmemit:    2.151424  -59.395836    1.000000    0.000000  656.767465
Iteration: 287 bestvalit: 0.001503 bestmemit:    2.151424  -59.395836    1.000000    0.000000  656.767465
Iteration: 288 bestvalit: 0.001503 bestmemit:    2.151424  -59.395836    1.000000    0.000000  656.767465
Iteration: 289 bestvalit: 0.001503 bestmemit:    2.151424  -59.395836    1.000000    0.000000  656.767465
Iteration: 290 bestvalit: 0.001503 bestmemit:    2.151424  -59.395836    1.000000    0.000000  656.767465
Iteration: 291 bestvalit: 0.001503 bestmemit:    2.151424  -59.395836    1.000000    0.000000  656.767465
Iteration: 292 bestvalit: 0.001503 bestmemit:    2.151424  -59.395836    1.000000    0.000000  656.767465

***** summary of DEoptim object ***** 
best member   :  2.15142 -59.39584 1 0 656.7675 
best value    :  0.0015 
after         :  292 generations 
fn evaluated  :  586 times 
*************************************
