SLURM_JOB_ID: 55336569
SLURM_JOB_USER: vsc34066
SLURM_JOB_ACCOUNT: lp_desenderlab
SLURM_JOB_NAME: fit_alternating_fb_beta_learn.slurm
SLURM_CLUSTER_NAME: genius
SLURM_JOB_PARTITION: batch
SLURM_ARRAY_JOB_ID: 55336494
SLURM_ARRAY_TASK_ID: 75
SLURM_NNODES: 1
SLURM_NODELIST: r23i13n16
SLURM_JOB_CPUS_PER_NODE: 8
Date: Tue Nov  7 16:43:54 CET 2023
Walltime: 00-23:00:00
========================================================================
Iteration: 1 bestvalit: 0.003276 bestmemit:   17.478993  -73.900306    1.000000    0.000000  565.144311
Iteration: 2 bestvalit: 0.002274 bestmemit:   12.253627   27.590575    1.000000    0.000000  550.943750
Iteration: 3 bestvalit: 0.002263 bestmemit:   12.852301  -73.900306    1.000000    0.000000  565.144311
Iteration: 4 bestvalit: 0.002263 bestmemit:   12.852301  -73.900306    1.000000    0.000000  565.144311
Iteration: 5 bestvalit: 0.002263 bestmemit:   12.852301  -73.900306    1.000000    0.000000  565.144311
Iteration: 6 bestvalit: 0.001349 bestmemit:    2.062287  -76.333139    1.000000    0.000000  489.512020
Iteration: 7 bestvalit: 0.001304 bestmemit:    1.583347    4.859565    1.000000    0.000000  478.151571
Iteration: 8 bestvalit: 0.001304 bestmemit:    1.583347    4.859565    1.000000    0.000000  478.151571
Iteration: 9 bestvalit: 0.000970 bestmemit:    1.753935   41.259863    1.000000    0.000000  559.941211
Iteration: 10 bestvalit: 0.000941 bestmemit:    1.753935   41.259863    1.000000    0.000000  559.941211
Iteration: 11 bestvalit: 0.000941 bestmemit:    1.753935   41.259863    1.000000    0.000000  559.941211
Iteration: 12 bestvalit: 0.000941 bestmemit:    1.753935   41.259863    1.000000    0.000000  559.941211
Iteration: 13 bestvalit: 0.000941 bestmemit:    1.753935   41.259863    1.000000    0.000000  559.941211
Iteration: 14 bestvalit: 0.000941 bestmemit:    1.753935   41.259863    1.000000    0.000000  559.941211
Iteration: 15 bestvalit: 0.000941 bestmemit:    1.753935   41.259863    1.000000    0.000000  559.941211
Iteration: 16 bestvalit: 0.000941 bestmemit:    1.753935   41.259863    1.000000    0.000000  559.941211
Iteration: 17 bestvalit: 0.000941 bestmemit:    1.753935   41.259863    1.000000    0.000000  559.941211
Iteration: 18 bestvalit: 0.000941 bestmemit:    1.753935   41.259863    1.000000    0.000000  559.941211
Iteration: 19 bestvalit: 0.000941 bestmemit:    1.753935   41.259863    1.000000    0.000000  559.941211
Iteration: 20 bestvalit: 0.000941 bestmemit:    1.753935   41.259863    1.000000    0.000000  559.941211
Iteration: 21 bestvalit: 0.000941 bestmemit:    1.753935   41.259863    1.000000    0.000000  559.941211
Iteration: 22 bestvalit: 0.000941 bestmemit:    1.753935   41.259863    1.000000    0.000000  559.941211
Iteration: 23 bestvalit: 0.000941 bestmemit:    1.753935   41.259863    1.000000    0.000000  559.941211
Iteration: 24 bestvalit: 0.000938 bestmemit:    1.733349   -1.194976    1.000000    0.000000  572.581647
Iteration: 25 bestvalit: 0.000938 bestmemit:    1.733349   -1.194976    1.000000    0.000000  572.581647
Iteration: 26 bestvalit: 0.000938 bestmemit:    1.733349   -1.194976    1.000000    0.000000  572.581647
Iteration: 27 bestvalit: 0.000938 bestmemit:    1.733349   -1.194976    1.000000    0.000000  572.581647
Iteration: 28 bestvalit: 0.000925 bestmemit:    2.508051   21.031864    1.000000    0.000000  555.214238
Iteration: 29 bestvalit: 0.000925 bestmemit:    2.508051   21.031864    1.000000    0.000000  555.214238
Iteration: 30 bestvalit: 0.000925 bestmemit:    2.508051   21.031864    1.000000    0.000000  555.214238
Iteration: 31 bestvalit: 0.000925 bestmemit:    2.508051   21.031864    1.000000    0.000000  555.214238
Iteration: 32 bestvalit: 0.000925 bestmemit:    2.508051   21.031864    1.000000    0.000000  555.214238
Iteration: 33 bestvalit: 0.000925 bestmemit:    2.508051   21.031864    1.000000    0.000000  555.214238
Iteration: 34 bestvalit: 0.000925 bestmemit:    2.508051   21.031864    1.000000    0.000000  555.214238
Iteration: 35 bestvalit: 0.000925 bestmemit:    2.508051   21.031864    1.000000    0.000000  555.214238
Iteration: 36 bestvalit: 0.000925 bestmemit:    2.508051   21.031864    1.000000    0.000000  555.214238
Iteration: 37 bestvalit: 0.000925 bestmemit:    2.181207   -8.713569    1.000000    0.000000  569.723339
Iteration: 38 bestvalit: 0.000925 bestmemit:    2.181207   -8.713569    1.000000    0.000000  569.723339
Iteration: 39 bestvalit: 0.000925 bestmemit:    2.181207   -8.713569    1.000000    0.000000  569.723339
Iteration: 40 bestvalit: 0.000925 bestmemit:    2.181207   -8.713569    1.000000    0.000000  569.723339
Iteration: 41 bestvalit: 0.000925 bestmemit:    2.181207   -8.713569    1.000000    0.000000  569.723339
Iteration: 42 bestvalit: 0.000925 bestmemit:    2.181207   -8.713569    1.000000    0.000000  569.723339
Iteration: 43 bestvalit: 0.000925 bestmemit:    2.181207   -8.713569    1.000000    0.000000  569.723339
Iteration: 44 bestvalit: 0.000925 bestmemit:    2.181207   -8.713569    1.000000    0.000000  569.723339
Iteration: 45 bestvalit: 0.000925 bestmemit:    2.181207   -8.713569    1.000000    0.000000  569.723339
Iteration: 46 bestvalit: 0.000925 bestmemit:    2.181207   -8.713569    1.000000    0.000000  569.723339
Iteration: 47 bestvalit: 0.000925 bestmemit:    2.181207   -8.713569    1.000000    0.000000  569.723339
Iteration: 48 bestvalit: 0.000925 bestmemit:    2.181207   -8.713569    1.000000    0.000000  569.723339
Iteration: 49 bestvalit: 0.000925 bestmemit:    2.181207   -8.713569    1.000000    0.000000  569.723339
Iteration: 50 bestvalit: 0.000925 bestmemit:    2.181207   -8.713569    1.000000    0.000000  569.723339
Iteration: 51 bestvalit: 0.000925 bestmemit:    2.181207   -8.713569    1.000000    0.000000  569.723339
Iteration: 52 bestvalit: 0.000925 bestmemit:    2.181207   -8.713569    1.000000    0.000000  569.723339
Iteration: 53 bestvalit: 0.000925 bestmemit:    2.181207   -8.713569    1.000000    0.000000  569.723339
Iteration: 54 bestvalit: 0.000925 bestmemit:    2.181207   -8.713569    1.000000    0.000000  569.723339
Iteration: 55 bestvalit: 0.000925 bestmemit:    2.181207   -8.713569    1.000000    0.000000  569.723339
Iteration: 56 bestvalit: 0.000925 bestmemit:    2.181207   -8.713569    1.000000    0.000000  569.723339
Iteration: 57 bestvalit: 0.000925 bestmemit:    2.181207   -8.713569    1.000000    0.000000  569.723339
Iteration: 58 bestvalit: 0.000925 bestmemit:    2.181207   -8.713569    1.000000    0.000000  569.723339
Iteration: 59 bestvalit: 0.000925 bestmemit:    2.181207   -8.713569    1.000000    0.000000  569.723339
Iteration: 60 bestvalit: 0.000925 bestmemit:    2.181207   -8.713569    1.000000    0.000000  569.723339
Iteration: 61 bestvalit: 0.000925 bestmemit:    2.181207   -8.713569    1.000000    0.000000  569.723339
Iteration: 62 bestvalit: 0.000925 bestmemit:    2.181207   -8.713569    1.000000    0.000000  569.723339
Iteration: 63 bestvalit: 0.000925 bestmemit:    2.181207   -8.713569    1.000000    0.000000  569.723339
Iteration: 64 bestvalit: 0.000925 bestmemit:    2.181207   -8.713569    1.000000    0.000000  569.723339
Iteration: 65 bestvalit: 0.000925 bestmemit:    2.181207   -8.713569    1.000000    0.000000  569.723339
Iteration: 66 bestvalit: 0.000925 bestmemit:    2.181207   -8.713569    1.000000    0.000000  569.723339
Iteration: 67 bestvalit: 0.000925 bestmemit:    2.181207   -8.713569    1.000000    0.000000  569.723339
Iteration: 68 bestvalit: 0.000925 bestmemit:    2.181207   -8.713569    1.000000    0.000000  569.723339
Iteration: 69 bestvalit: 0.000925 bestmemit:    2.181207   -8.713569    1.000000    0.000000  569.723339
Iteration: 70 bestvalit: 0.000925 bestmemit:    2.181207   -8.713569    1.000000    0.000000  569.723339
Iteration: 71 bestvalit: 0.000925 bestmemit:    2.181207   -8.713569    1.000000    0.000000  569.723339
Iteration: 72 bestvalit: 0.000925 bestmemit:    2.181207   -8.713569    1.000000    0.000000  569.723339
Iteration: 73 bestvalit: 0.000925 bestmemit:    2.181207   -8.713569    1.000000    0.000000  569.723339
Iteration: 74 bestvalit: 0.000925 bestmemit:    2.181207   -8.713569    1.000000    0.000000  569.723339
Iteration: 75 bestvalit: 0.000925 bestmemit:    2.181207   -8.713569    1.000000    0.000000  569.723339
Iteration: 76 bestvalit: 0.000925 bestmemit:    2.181207   -8.713569    1.000000    0.000000  569.723339
Iteration: 77 bestvalit: 0.000925 bestmemit:    2.181207   -8.713569    1.000000    0.000000  569.723339
Iteration: 78 bestvalit: 0.000925 bestmemit:    2.181207   -8.713569    1.000000    0.000000  569.723339
Iteration: 79 bestvalit: 0.000925 bestmemit:    2.181207   -8.713569    1.000000    0.000000  569.723339
Iteration: 80 bestvalit: 0.000925 bestmemit:    2.181207   -8.713569    1.000000    0.000000  569.723339
Iteration: 81 bestvalit: 0.000922 bestmemit:    2.039696  -17.191917    1.000000    0.000000  561.094987
Iteration: 82 bestvalit: 0.000922 bestmemit:    2.039696  -17.191917    1.000000    0.000000  561.094987
Iteration: 83 bestvalit: 0.000922 bestmemit:    2.039696  -17.191917    1.000000    0.000000  561.094987
Iteration: 84 bestvalit: 0.000882 bestmemit:    2.074720  -15.244239    1.000000    0.000000  570.061816
Iteration: 85 bestvalit: 0.000882 bestmemit:    2.074720  -15.244239    1.000000    0.000000  570.061816
Iteration: 86 bestvalit: 0.000882 bestmemit:    2.074720  -15.244239    1.000000    0.000000  570.061816
Iteration: 87 bestvalit: 0.000882 bestmemit:    2.074720  -15.244239    1.000000    0.000000  570.061816
Iteration: 88 bestvalit: 0.000882 bestmemit:    2.074720  -15.244239    1.000000    0.000000  570.061816
Iteration: 89 bestvalit: 0.000882 bestmemit:    2.074720  -15.244239    1.000000    0.000000  570.061816
Iteration: 90 bestvalit: 0.000882 bestmemit:    2.074720  -15.244239    1.000000    0.000000  570.061816
Iteration: 91 bestvalit: 0.000882 bestmemit:    2.074720  -15.244239    1.000000    0.000000  570.061816
Iteration: 92 bestvalit: 0.000882 bestmemit:    2.074720  -15.244239    1.000000    0.000000  570.061816
Iteration: 93 bestvalit: 0.000882 bestmemit:    2.074720  -15.244239    1.000000    0.000000  570.061816
Iteration: 94 bestvalit: 0.000882 bestmemit:    2.074720  -15.244239    1.000000    0.000000  570.061816
Iteration: 95 bestvalit: 0.000882 bestmemit:    2.074720  -15.244239    1.000000    0.000000  570.061816
Iteration: 96 bestvalit: 0.000882 bestmemit:    2.074720  -15.244239    1.000000    0.000000  570.061816
Iteration: 97 bestvalit: 0.000882 bestmemit:    2.074720  -15.244239    1.000000    0.000000  570.061816
Iteration: 98 bestvalit: 0.000882 bestmemit:    2.074720  -15.244239    1.000000    0.000000  570.061816
Iteration: 99 bestvalit: 0.000882 bestmemit:    2.074720  -15.244239    1.000000    0.000000  570.061816
Iteration: 100 bestvalit: 0.000882 bestmemit:    2.074720  -15.244239    1.000000    0.000000  570.061816
Iteration: 101 bestvalit: 0.000882 bestmemit:    2.074720  -15.244239    1.000000    0.000000  570.061816
Iteration: 102 bestvalit: 0.000882 bestmemit:    2.074720  -15.244239    1.000000    0.000000  570.061816
Iteration: 103 bestvalit: 0.000882 bestmemit:    2.074720  -15.244239    1.000000    0.000000  570.061816
Iteration: 104 bestvalit: 0.000882 bestmemit:    2.074720  -15.244239    1.000000    0.000000  570.061816
Iteration: 105 bestvalit: 0.000882 bestmemit:    2.074720  -15.244239    1.000000    0.000000  570.061816
Iteration: 106 bestvalit: 0.000882 bestmemit:    2.074720  -15.244239    1.000000    0.000000  570.061816
Iteration: 107 bestvalit: 0.000882 bestmemit:    2.074720  -15.244239    1.000000    0.000000  570.061816
Iteration: 108 bestvalit: 0.000882 bestmemit:    2.074720  -15.244239    1.000000    0.000000  570.061816
Iteration: 109 bestvalit: 0.000882 bestmemit:    2.074720  -15.244239    1.000000    0.000000  570.061816
Iteration: 110 bestvalit: 0.000882 bestmemit:    2.074720  -15.244239    1.000000    0.000000  570.061816
Iteration: 111 bestvalit: 0.000882 bestmemit:    2.074720  -15.244239    1.000000    0.000000  570.061816
Iteration: 112 bestvalit: 0.000882 bestmemit:    2.074720  -15.244239    1.000000    0.000000  570.061816
Iteration: 113 bestvalit: 0.000882 bestmemit:    2.074720  -15.244239    1.000000    0.000000  570.061816
Iteration: 114 bestvalit: 0.000882 bestmemit:    2.074720  -15.244239    1.000000    0.000000  570.061816
Iteration: 115 bestvalit: 0.000882 bestmemit:    2.074720  -15.244239    1.000000    0.000000  570.061816
Iteration: 116 bestvalit: 0.000882 bestmemit:    2.074720  -15.244239    1.000000    0.000000  570.061816
Iteration: 117 bestvalit: 0.000882 bestmemit:    2.074720  -15.244239    1.000000    0.000000  570.061816
Iteration: 118 bestvalit: 0.000882 bestmemit:    2.074720  -15.244239    1.000000    0.000000  570.061816
Iteration: 119 bestvalit: 0.000882 bestmemit:    2.074720  -15.244239    1.000000    0.000000  570.061816
Iteration: 120 bestvalit: 0.000882 bestmemit:    2.074720  -15.244239    1.000000    0.000000  570.061816
Iteration: 121 bestvalit: 0.000882 bestmemit:    2.074720  -15.244239    1.000000    0.000000  570.061816
Iteration: 122 bestvalit: 0.000882 bestmemit:    2.074720  -15.244239    1.000000    0.000000  570.061816
Iteration: 123 bestvalit: 0.000882 bestmemit:    2.074720  -15.244239    1.000000    0.000000  570.061816
Iteration: 124 bestvalit: 0.000882 bestmemit:    2.074720  -15.244239    1.000000    0.000000  570.061816
Iteration: 125 bestvalit: 0.000882 bestmemit:    2.074720  -15.244239    1.000000    0.000000  570.061816
Iteration: 126 bestvalit: 0.000882 bestmemit:    2.074720  -15.244239    1.000000    0.000000  570.061816
Iteration: 127 bestvalit: 0.000882 bestmemit:    2.074720  -15.244239    1.000000    0.000000  570.061816
Iteration: 128 bestvalit: 0.000882 bestmemit:    2.074720  -15.244239    1.000000    0.000000  570.061816
Iteration: 129 bestvalit: 0.000882 bestmemit:    2.074720  -15.244239    1.000000    0.000000  570.061816
Iteration: 130 bestvalit: 0.000882 bestmemit:    2.074720  -15.244239    1.000000    0.000000  570.061816
Iteration: 131 bestvalit: 0.000882 bestmemit:    2.074720  -15.244239    1.000000    0.000000  570.061816
Iteration: 132 bestvalit: 0.000882 bestmemit:    2.074720  -15.244239    1.000000    0.000000  570.061816
Iteration: 133 bestvalit: 0.000882 bestmemit:    2.074720  -15.244239    1.000000    0.000000  570.061816
Iteration: 134 bestvalit: 0.000882 bestmemit:    2.074720  -15.244239    1.000000    0.000000  570.061816
Iteration: 135 bestvalit: 0.000882 bestmemit:    2.074720  -15.244239    1.000000    0.000000  570.061816
Iteration: 136 bestvalit: 0.000882 bestmemit:    2.074720  -15.244239    1.000000    0.000000  570.061816
Iteration: 137 bestvalit: 0.000882 bestmemit:    2.074720  -15.244239    1.000000    0.000000  570.061816
Iteration: 138 bestvalit: 0.000882 bestmemit:    2.074720  -15.244239    1.000000    0.000000  570.061816
Iteration: 139 bestvalit: 0.000882 bestmemit:    2.074720  -15.244239    1.000000    0.000000  570.061816
Iteration: 140 bestvalit: 0.000882 bestmemit:    2.074720  -15.244239    1.000000    0.000000  570.061816
Iteration: 141 bestvalit: 0.000882 bestmemit:    2.074720  -15.244239    1.000000    0.000000  570.061816
Iteration: 142 bestvalit: 0.000882 bestmemit:    2.074720  -15.244239    1.000000    0.000000  570.061816
Iteration: 143 bestvalit: 0.000882 bestmemit:    2.074720  -15.244239    1.000000    0.000000  570.061816
Iteration: 144 bestvalit: 0.000882 bestmemit:    2.074720  -15.244239    1.000000    0.000000  570.061816
Iteration: 145 bestvalit: 0.000882 bestmemit:    2.074720  -15.244239    1.000000    0.000000  570.061816
Iteration: 146 bestvalit: 0.000882 bestmemit:    2.074720  -15.244239    1.000000    0.000000  570.061816
Iteration: 147 bestvalit: 0.000882 bestmemit:    2.074720  -15.244239    1.000000    0.000000  570.061816
Iteration: 148 bestvalit: 0.000882 bestmemit:    2.074720  -15.244239    1.000000    0.000000  570.061816
Iteration: 149 bestvalit: 0.000882 bestmemit:    2.074720  -15.244239    1.000000    0.000000  570.061816
Iteration: 150 bestvalit: 0.000882 bestmemit:    2.074720  -15.244239    1.000000    0.000000  570.061816
Iteration: 151 bestvalit: 0.000882 bestmemit:    2.074720  -15.244239    1.000000    0.000000  570.061816
Iteration: 152 bestvalit: 0.000882 bestmemit:    2.074720  -15.244239    1.000000    0.000000  570.061816
Iteration: 153 bestvalit: 0.000882 bestmemit:    2.074720  -15.244239    1.000000    0.000000  570.061816
Iteration: 154 bestvalit: 0.000882 bestmemit:    2.074720  -15.244239    1.000000    0.000000  570.061816
Iteration: 155 bestvalit: 0.000882 bestmemit:    2.074720  -15.244239    1.000000    0.000000  570.061816
Iteration: 156 bestvalit: 0.000882 bestmemit:    2.074720  -15.244239    1.000000    0.000000  570.061816
Iteration: 157 bestvalit: 0.000882 bestmemit:    2.074720  -15.244239    1.000000    0.000000  570.061816
Iteration: 158 bestvalit: 0.000882 bestmemit:    2.074720  -15.244239    1.000000    0.000000  570.061816
Iteration: 159 bestvalit: 0.000882 bestmemit:    2.074720  -15.244239    1.000000    0.000000  570.061816
Iteration: 160 bestvalit: 0.000882 bestmemit:    2.074720  -15.244239    1.000000    0.000000  570.061816
Iteration: 161 bestvalit: 0.000882 bestmemit:    2.074720  -15.244239    1.000000    0.000000  570.061816
Iteration: 162 bestvalit: 0.000882 bestmemit:    2.074720  -15.244239    1.000000    0.000000  570.061816
Iteration: 163 bestvalit: 0.000882 bestmemit:    2.074720  -15.244239    1.000000    0.000000  570.061816
Iteration: 164 bestvalit: 0.000882 bestmemit:    2.074720  -15.244239    1.000000    0.000000  570.061816
Iteration: 165 bestvalit: 0.000882 bestmemit:    2.074720  -15.244239    1.000000    0.000000  570.061816
Iteration: 166 bestvalit: 0.000882 bestmemit:    2.074720  -15.244239    1.000000    0.000000  570.061816
Iteration: 167 bestvalit: 0.000882 bestmemit:    2.074720  -15.244239    1.000000    0.000000  570.061816
Iteration: 168 bestvalit: 0.000882 bestmemit:    2.074720  -15.244239    1.000000    0.000000  570.061816
Iteration: 169 bestvalit: 0.000882 bestmemit:    2.074720  -15.244239    1.000000    0.000000  570.061816
Iteration: 170 bestvalit: 0.000882 bestmemit:    2.074720  -15.244239    1.000000    0.000000  570.061816
Iteration: 171 bestvalit: 0.000882 bestmemit:    2.074720  -15.244239    1.000000    0.000000  570.061816
Iteration: 172 bestvalit: 0.000882 bestmemit:    2.074720  -15.244239    1.000000    0.000000  570.061816
Iteration: 173 bestvalit: 0.000882 bestmemit:    2.074720  -15.244239    1.000000    0.000000  570.061816
Iteration: 174 bestvalit: 0.000882 bestmemit:    2.074720  -15.244239    1.000000    0.000000  570.061816
Iteration: 175 bestvalit: 0.000882 bestmemit:    2.074720  -15.244239    1.000000    0.000000  570.061816
Iteration: 176 bestvalit: 0.000882 bestmemit:    2.074720  -15.244239    1.000000    0.000000  570.061816
Iteration: 177 bestvalit: 0.000882 bestmemit:    2.074720  -15.244239    1.000000    0.000000  570.061816
Iteration: 178 bestvalit: 0.000882 bestmemit:    2.074720  -15.244239    1.000000    0.000000  570.061816
Iteration: 179 bestvalit: 0.000882 bestmemit:    2.074720  -15.244239    1.000000    0.000000  570.061816
Iteration: 180 bestvalit: 0.000882 bestmemit:    2.074720  -15.244239    1.000000    0.000000  570.061816
Iteration: 181 bestvalit: 0.000882 bestmemit:    2.074720  -15.244239    1.000000    0.000000  570.061816
Iteration: 182 bestvalit: 0.000882 bestmemit:    2.074720  -15.244239    1.000000    0.000000  570.061816
Iteration: 183 bestvalit: 0.000882 bestmemit:    2.074720  -15.244239    1.000000    0.000000  570.061816
Iteration: 184 bestvalit: 0.000882 bestmemit:    2.074720  -15.244239    1.000000    0.000000  570.061816
Iteration: 185 bestvalit: 0.000882 bestmemit:    2.074720  -15.244239    1.000000    0.000000  570.061816

***** summary of DEoptim object ***** 
best member   :  2.07472 -15.24424 1 0 570.0618 
best value    :  0.00088 
after         :  185 generations 
fn evaluated  :  372 times 
*************************************
