SLURM_JOB_ID: 55336544
SLURM_JOB_USER: vsc34066
SLURM_JOB_ACCOUNT: lp_desenderlab
SLURM_JOB_NAME: fit_alternating_fb_beta_learn.slurm
SLURM_CLUSTER_NAME: genius
SLURM_JOB_PARTITION: batch
SLURM_ARRAY_JOB_ID: 55336494
SLURM_ARRAY_TASK_ID: 50
SLURM_NNODES: 1
SLURM_NODELIST: r23i13n11
SLURM_JOB_CPUS_PER_NODE: 8
Date: Tue Nov  7 16:44:03 CET 2023
Walltime: 00-23:00:00
========================================================================
Iteration: 1 bestvalit: 0.002832 bestmemit:   10.210662   95.832687    1.000000    0.000000  694.466613
Iteration: 2 bestvalit: 0.002173 bestmemit:    7.284041   81.467115    1.000000    0.000000  554.341152
Iteration: 3 bestvalit: 0.002173 bestmemit:    7.284041   81.467115    1.000000    0.000000  554.341152
Iteration: 4 bestvalit: 0.002173 bestmemit:    7.284041   81.467115    1.000000    0.000000  554.341152
Iteration: 5 bestvalit: 0.001373 bestmemit:    1.303866  -20.581524    1.000000    0.000000  653.267889
Iteration: 6 bestvalit: 0.001373 bestmemit:    1.303866  -20.581524    1.000000    0.000000  653.267889
Iteration: 7 bestvalit: 0.001373 bestmemit:    1.303866  -20.581524    1.000000    0.000000  653.267889
Iteration: 8 bestvalit: 0.001373 bestmemit:    1.303866  -20.581524    1.000000    0.000000  653.267889
Iteration: 9 bestvalit: 0.001373 bestmemit:    1.303866  -20.581524    1.000000    0.000000  653.267889
Iteration: 10 bestvalit: 0.001373 bestmemit:    1.303866  -20.581524    1.000000    0.000000  653.267889
Iteration: 11 bestvalit: 0.001373 bestmemit:    1.303866  -20.581524    1.000000    0.000000  653.267889
Iteration: 12 bestvalit: 0.001373 bestmemit:    1.303866  -20.581524    1.000000    0.000000  653.267889
Iteration: 13 bestvalit: 0.001373 bestmemit:    1.303866  -20.581524    1.000000    0.000000  653.267889
Iteration: 14 bestvalit: 0.001373 bestmemit:    1.303866  -20.581524    1.000000    0.000000  653.267889
Iteration: 15 bestvalit: 0.001373 bestmemit:    1.303866  -20.581524    1.000000    0.000000  653.267889
Iteration: 16 bestvalit: 0.001373 bestmemit:    1.303866  -20.581524    1.000000    0.000000  653.267889
Iteration: 17 bestvalit: 0.001373 bestmemit:    1.303866  -20.581524    1.000000    0.000000  653.267889
Iteration: 18 bestvalit: 0.001360 bestmemit:    0.825239   43.297877    1.000000    0.000000  614.980995
Iteration: 19 bestvalit: 0.001335 bestmemit:    0.825239   43.297877    1.000000    0.000000  614.980995
Iteration: 20 bestvalit: 0.001335 bestmemit:    0.825239   43.297877    1.000000    0.000000  614.980995
Iteration: 21 bestvalit: 0.001335 bestmemit:    0.825239   43.297877    1.000000    0.000000  614.980995
Iteration: 22 bestvalit: 0.001335 bestmemit:    0.825239   43.297877    1.000000    0.000000  614.980995
Iteration: 23 bestvalit: 0.001335 bestmemit:    0.825239   43.297877    1.000000    0.000000  614.980995
Iteration: 24 bestvalit: 0.001325 bestmemit:    0.825239   43.297877    1.000000    0.000000  614.980995
Iteration: 25 bestvalit: 0.001325 bestmemit:    0.825239   43.297877    1.000000    0.000000  614.980995
Iteration: 26 bestvalit: 0.001319 bestmemit:    1.458701  -23.228978    1.000000    0.000000  625.258488
Iteration: 27 bestvalit: 0.001319 bestmemit:    1.458701  -23.228978    1.000000    0.000000  625.258488
Iteration: 28 bestvalit: 0.001319 bestmemit:    1.458701  -23.228978    1.000000    0.000000  625.258488
Iteration: 29 bestvalit: 0.001319 bestmemit:    1.458701  -23.228978    1.000000    0.000000  625.258488
Iteration: 30 bestvalit: 0.001319 bestmemit:    1.458701  -23.228978    1.000000    0.000000  625.258488
Iteration: 31 bestvalit: 0.001319 bestmemit:    1.458701  -23.228978    1.000000    0.000000  625.258488
Iteration: 32 bestvalit: 0.001319 bestmemit:    1.458701  -23.228978    1.000000    0.000000  625.258488
Iteration: 33 bestvalit: 0.001314 bestmemit:    1.402946  -30.560751    1.000000    0.000000  614.772526
Iteration: 34 bestvalit: 0.001314 bestmemit:    1.402946  -30.560751    1.000000    0.000000  614.772526
Iteration: 35 bestvalit: 0.001302 bestmemit:    2.441306   36.603437    1.000000    0.000000  610.989535
Iteration: 36 bestvalit: 0.001302 bestmemit:    2.441306   36.603437    1.000000    0.000000  610.989535
Iteration: 37 bestvalit: 0.001302 bestmemit:    2.441306   36.603437    1.000000    0.000000  610.989535
Iteration: 38 bestvalit: 0.001302 bestmemit:    2.441306   36.603437    1.000000    0.000000  610.989535
Iteration: 39 bestvalit: 0.001302 bestmemit:    2.441306   36.603437    1.000000    0.000000  610.989535
Iteration: 40 bestvalit: 0.001302 bestmemit:    2.441306   36.603437    1.000000    0.000000  610.989535
Iteration: 41 bestvalit: 0.001302 bestmemit:    2.441306   36.603437    1.000000    0.000000  610.989535
Iteration: 42 bestvalit: 0.001302 bestmemit:    2.441306   36.603437    1.000000    0.000000  610.989535
Iteration: 43 bestvalit: 0.001302 bestmemit:    2.441306   36.603437    1.000000    0.000000  610.989535
Iteration: 44 bestvalit: 0.001302 bestmemit:    2.441306   36.603437    1.000000    0.000000  610.989535
Iteration: 45 bestvalit: 0.001302 bestmemit:    2.441306   36.603437    1.000000    0.000000  610.989535
Iteration: 46 bestvalit: 0.001302 bestmemit:    2.441306   36.603437    1.000000    0.000000  610.989535
Iteration: 47 bestvalit: 0.001302 bestmemit:    2.441306   36.603437    1.000000    0.000000  610.989535
Iteration: 48 bestvalit: 0.001302 bestmemit:    2.441306   36.603437    1.000000    0.000000  610.989535
Iteration: 49 bestvalit: 0.001302 bestmemit:    2.441306   36.603437    1.000000    0.000000  610.989535
Iteration: 50 bestvalit: 0.001302 bestmemit:    2.441306   36.603437    1.000000    0.000000  610.989535
Iteration: 51 bestvalit: 0.001302 bestmemit:    2.441306   36.603437    1.000000    0.000000  610.989535
Iteration: 52 bestvalit: 0.001302 bestmemit:    2.441306   36.603437    1.000000    0.000000  610.989535
Iteration: 53 bestvalit: 0.001302 bestmemit:    2.441306   36.603437    1.000000    0.000000  610.989535
Iteration: 54 bestvalit: 0.001302 bestmemit:    2.441306   36.603437    1.000000    0.000000  610.989535
Iteration: 55 bestvalit: 0.001302 bestmemit:    2.441306   36.603437    1.000000    0.000000  610.989535
Iteration: 56 bestvalit: 0.001302 bestmemit:    2.441306   36.603437    1.000000    0.000000  610.989535
Iteration: 57 bestvalit: 0.001302 bestmemit:    2.441306   36.603437    1.000000    0.000000  610.989535
Iteration: 58 bestvalit: 0.001302 bestmemit:    2.441306   36.603437    1.000000    0.000000  610.989535
Iteration: 59 bestvalit: 0.001302 bestmemit:    2.441306   36.603437    1.000000    0.000000  610.989535
Iteration: 60 bestvalit: 0.001302 bestmemit:    2.441306   36.603437    1.000000    0.000000  610.989535
Iteration: 61 bestvalit: 0.001302 bestmemit:    2.441306   36.603437    1.000000    0.000000  610.989535
Iteration: 62 bestvalit: 0.001302 bestmemit:    2.441306   36.603437    1.000000    0.000000  610.989535
Iteration: 63 bestvalit: 0.001302 bestmemit:    2.441306   36.603437    1.000000    0.000000  610.989535
Iteration: 64 bestvalit: 0.001299 bestmemit:    1.576972  -28.598340    1.000000    0.000000  616.402447
Iteration: 65 bestvalit: 0.001299 bestmemit:    1.576972  -28.598340    1.000000    0.000000  616.402447
Iteration: 66 bestvalit: 0.001299 bestmemit:    1.576972  -28.598340    1.000000    0.000000  616.402447
Iteration: 67 bestvalit: 0.001299 bestmemit:    1.576972  -28.598340    1.000000    0.000000  616.402447
Iteration: 68 bestvalit: 0.001299 bestmemit:    1.576972  -28.598340    1.000000    0.000000  616.402447
Iteration: 69 bestvalit: 0.001299 bestmemit:    1.576972  -28.598340    1.000000    0.000000  616.402447
Iteration: 70 bestvalit: 0.001299 bestmemit:    1.576972  -28.598340    1.000000    0.000000  616.402447
Iteration: 71 bestvalit: 0.001299 bestmemit:    1.576972  -28.598340    1.000000    0.000000  616.402447
Iteration: 72 bestvalit: 0.001299 bestmemit:    1.576972  -28.598340    1.000000    0.000000  616.402447
Iteration: 73 bestvalit: 0.001299 bestmemit:    1.576972  -28.598340    1.000000    0.000000  616.402447
Iteration: 74 bestvalit: 0.001299 bestmemit:    1.576972  -28.598340    1.000000    0.000000  616.402447
Iteration: 75 bestvalit: 0.001299 bestmemit:    1.576972  -28.598340    1.000000    0.000000  616.402447
Iteration: 76 bestvalit: 0.001295 bestmemit:    1.553139   31.560501    1.000000    0.000000  625.943711
Iteration: 77 bestvalit: 0.001295 bestmemit:    1.553139   31.560501    1.000000    0.000000  625.943711
Iteration: 78 bestvalit: 0.001295 bestmemit:    1.553139   31.560501    1.000000    0.000000  625.943711
Iteration: 79 bestvalit: 0.001295 bestmemit:    1.553139   31.560501    1.000000    0.000000  625.943711
Iteration: 80 bestvalit: 0.001295 bestmemit:    1.553139   31.560501    1.000000    0.000000  625.943711
Iteration: 81 bestvalit: 0.001295 bestmemit:    1.553139   31.560501    1.000000    0.000000  625.943711
Iteration: 82 bestvalit: 0.001295 bestmemit:    1.553139   31.560501    1.000000    0.000000  625.943711
Iteration: 83 bestvalit: 0.001295 bestmemit:    1.553139   31.560501    1.000000    0.000000  625.943711
Iteration: 84 bestvalit: 0.001295 bestmemit:    1.553139   31.560501    1.000000    0.000000  625.943711
Iteration: 85 bestvalit: 0.001295 bestmemit:    1.553139   31.560501    1.000000    0.000000  625.943711
Iteration: 86 bestvalit: 0.001295 bestmemit:    1.553139   31.560501    1.000000    0.000000  625.943711
Iteration: 87 bestvalit: 0.001295 bestmemit:    1.553139   31.560501    1.000000    0.000000  625.943711
Iteration: 88 bestvalit: 0.001295 bestmemit:    1.553139   31.560501    1.000000    0.000000  625.943711
Iteration: 89 bestvalit: 0.001295 bestmemit:    1.553139   31.560501    1.000000    0.000000  625.943711
Iteration: 90 bestvalit: 0.001295 bestmemit:    1.553139   31.560501    1.000000    0.000000  625.943711
Iteration: 91 bestvalit: 0.001295 bestmemit:    1.553139   31.560501    1.000000    0.000000  625.943711
Iteration: 92 bestvalit: 0.001295 bestmemit:    1.553139   31.560501    1.000000    0.000000  625.943711
Iteration: 93 bestvalit: 0.001295 bestmemit:    1.553139   31.560501    1.000000    0.000000  625.943711
Iteration: 94 bestvalit: 0.001295 bestmemit:    1.553139   31.560501    1.000000    0.000000  625.943711
Iteration: 95 bestvalit: 0.001295 bestmemit:    1.553139   31.560501    1.000000    0.000000  625.943711
Iteration: 96 bestvalit: 0.001295 bestmemit:    1.553139   31.560501    1.000000    0.000000  625.943711
Iteration: 97 bestvalit: 0.001295 bestmemit:    1.553139   31.560501    1.000000    0.000000  625.943711
Iteration: 98 bestvalit: 0.001295 bestmemit:    1.553139   31.560501    1.000000    0.000000  625.943711
Iteration: 99 bestvalit: 0.001295 bestmemit:    1.553139   31.560501    1.000000    0.000000  625.943711
Iteration: 100 bestvalit: 0.001295 bestmemit:    1.553139   31.560501    1.000000    0.000000  625.943711
Iteration: 101 bestvalit: 0.001295 bestmemit:    1.553139   31.560501    1.000000    0.000000  625.943711
Iteration: 102 bestvalit: 0.001295 bestmemit:    1.553139   31.560501    1.000000    0.000000  625.943711
Iteration: 103 bestvalit: 0.001280 bestmemit:    1.276746  -50.580445    1.000000    0.000000  624.108115
Iteration: 104 bestvalit: 0.001280 bestmemit:    1.276746  -50.580445    1.000000    0.000000  624.108115
Iteration: 105 bestvalit: 0.001280 bestmemit:    1.276746  -50.580445    1.000000    0.000000  624.108115
Iteration: 106 bestvalit: 0.001280 bestmemit:    1.276746  -50.580445    1.000000    0.000000  624.108115
Iteration: 107 bestvalit: 0.001280 bestmemit:    1.276746  -50.580445    1.000000    0.000000  624.108115
Iteration: 108 bestvalit: 0.001280 bestmemit:    1.276746  -50.580445    1.000000    0.000000  624.108115
Iteration: 109 bestvalit: 0.001280 bestmemit:    1.276746  -50.580445    1.000000    0.000000  624.108115
Iteration: 110 bestvalit: 0.001280 bestmemit:    1.276746  -50.580445    1.000000    0.000000  624.108115
Iteration: 111 bestvalit: 0.001280 bestmemit:    1.276746  -50.580445    1.000000    0.000000  624.108115
Iteration: 112 bestvalit: 0.001280 bestmemit:    1.276746  -50.580445    1.000000    0.000000  624.108115
Iteration: 113 bestvalit: 0.001280 bestmemit:    1.276746  -50.580445    1.000000    0.000000  624.108115
Iteration: 114 bestvalit: 0.001280 bestmemit:    1.276746  -50.580445    1.000000    0.000000  624.108115
Iteration: 115 bestvalit: 0.001280 bestmemit:    1.276746  -50.580445    1.000000    0.000000  624.108115
Iteration: 116 bestvalit: 0.001280 bestmemit:    1.276746  -50.580445    1.000000    0.000000  624.108115
Iteration: 117 bestvalit: 0.001280 bestmemit:    1.276746  -50.580445    1.000000    0.000000  624.108115
Iteration: 118 bestvalit: 0.001280 bestmemit:    1.276746  -50.580445    1.000000    0.000000  624.108115
Iteration: 119 bestvalit: 0.001280 bestmemit:    1.276746  -50.580445    1.000000    0.000000  624.108115
Iteration: 120 bestvalit: 0.001280 bestmemit:    1.276746  -50.580445    1.000000    0.000000  624.108115
Iteration: 121 bestvalit: 0.001280 bestmemit:    1.276746  -50.580445    1.000000    0.000000  624.108115
Iteration: 122 bestvalit: 0.001280 bestmemit:    1.276746  -50.580445    1.000000    0.000000  624.108115
Iteration: 123 bestvalit: 0.001280 bestmemit:    1.276746  -50.580445    1.000000    0.000000  624.108115
Iteration: 124 bestvalit: 0.001280 bestmemit:    1.276746  -50.580445    1.000000    0.000000  624.108115
Iteration: 125 bestvalit: 0.001280 bestmemit:    1.276746  -50.580445    1.000000    0.000000  624.108115
Iteration: 126 bestvalit: 0.001280 bestmemit:    1.276746  -50.580445    1.000000    0.000000  624.108115
Iteration: 127 bestvalit: 0.001280 bestmemit:    1.276746  -50.580445    1.000000    0.000000  624.108115
Iteration: 128 bestvalit: 0.001280 bestmemit:    1.276746  -50.580445    1.000000    0.000000  624.108115
Iteration: 129 bestvalit: 0.001280 bestmemit:    1.276746  -50.580445    1.000000    0.000000  624.108115
Iteration: 130 bestvalit: 0.001280 bestmemit:    1.276746  -50.580445    1.000000    0.000000  624.108115
Iteration: 131 bestvalit: 0.001280 bestmemit:    1.276746  -50.580445    1.000000    0.000000  624.108115
Iteration: 132 bestvalit: 0.001280 bestmemit:    1.276746  -50.580445    1.000000    0.000000  624.108115
Iteration: 133 bestvalit: 0.001280 bestmemit:    1.276746  -50.580445    1.000000    0.000000  624.108115
Iteration: 134 bestvalit: 0.001280 bestmemit:    1.276746  -50.580445    1.000000    0.000000  624.108115
Iteration: 135 bestvalit: 0.001280 bestmemit:    1.276746  -50.580445    1.000000    0.000000  624.108115
Iteration: 136 bestvalit: 0.001280 bestmemit:    1.276746  -50.580445    1.000000    0.000000  624.108115
Iteration: 137 bestvalit: 0.001280 bestmemit:    1.276746  -50.580445    1.000000    0.000000  624.108115
Iteration: 138 bestvalit: 0.001280 bestmemit:    1.276746  -50.580445    1.000000    0.000000  624.108115
Iteration: 139 bestvalit: 0.001280 bestmemit:    1.276746  -50.580445    1.000000    0.000000  624.108115
Iteration: 140 bestvalit: 0.001280 bestmemit:    1.276746  -50.580445    1.000000    0.000000  624.108115
Iteration: 141 bestvalit: 0.001280 bestmemit:    1.276746  -50.580445    1.000000    0.000000  624.108115
Iteration: 142 bestvalit: 0.001280 bestmemit:    1.276746  -50.580445    1.000000    0.000000  624.108115
Iteration: 143 bestvalit: 0.001280 bestmemit:    1.276746  -50.580445    1.000000    0.000000  624.108115
Iteration: 144 bestvalit: 0.001280 bestmemit:    1.276746  -50.580445    1.000000    0.000000  624.108115
Iteration: 145 bestvalit: 0.001280 bestmemit:    1.276746  -50.580445    1.000000    0.000000  624.108115
Iteration: 146 bestvalit: 0.001280 bestmemit:    1.276746  -50.580445    1.000000    0.000000  624.108115
Iteration: 147 bestvalit: 0.001280 bestmemit:    1.276746  -50.580445    1.000000    0.000000  624.108115
Iteration: 148 bestvalit: 0.001280 bestmemit:    1.276746  -50.580445    1.000000    0.000000  624.108115
Iteration: 149 bestvalit: 0.001280 bestmemit:    1.276746  -50.580445    1.000000    0.000000  624.108115
Iteration: 150 bestvalit: 0.001280 bestmemit:    1.276746  -50.580445    1.000000    0.000000  624.108115
Iteration: 151 bestvalit: 0.001280 bestmemit:    1.276746  -50.580445    1.000000    0.000000  624.108115
Iteration: 152 bestvalit: 0.001280 bestmemit:    1.276746  -50.580445    1.000000    0.000000  624.108115
Iteration: 153 bestvalit: 0.001280 bestmemit:    1.276746  -50.580445    1.000000    0.000000  624.108115
Iteration: 154 bestvalit: 0.001280 bestmemit:    1.276746  -50.580445    1.000000    0.000000  624.108115
Iteration: 155 bestvalit: 0.001280 bestmemit:    1.276746  -50.580445    1.000000    0.000000  624.108115
Iteration: 156 bestvalit: 0.001280 bestmemit:    1.276746  -50.580445    1.000000    0.000000  624.108115
Iteration: 157 bestvalit: 0.001280 bestmemit:    1.276746  -50.580445    1.000000    0.000000  624.108115
Iteration: 158 bestvalit: 0.001280 bestmemit:    1.276746  -50.580445    1.000000    0.000000  624.108115
Iteration: 159 bestvalit: 0.001280 bestmemit:    1.276746  -50.580445    1.000000    0.000000  624.108115
Iteration: 160 bestvalit: 0.001280 bestmemit:    1.276746  -50.580445    1.000000    0.000000  624.108115
Iteration: 161 bestvalit: 0.001280 bestmemit:    1.276746  -50.580445    1.000000    0.000000  624.108115
Iteration: 162 bestvalit: 0.001280 bestmemit:    1.276746  -50.580445    1.000000    0.000000  624.108115
Iteration: 163 bestvalit: 0.001280 bestmemit:    1.276746  -50.580445    1.000000    0.000000  624.108115
Iteration: 164 bestvalit: 0.001280 bestmemit:    1.276746  -50.580445    1.000000    0.000000  624.108115
Iteration: 165 bestvalit: 0.001280 bestmemit:    1.276746  -50.580445    1.000000    0.000000  624.108115
Iteration: 166 bestvalit: 0.001280 bestmemit:    1.276746  -50.580445    1.000000    0.000000  624.108115
Iteration: 167 bestvalit: 0.001280 bestmemit:    1.276746  -50.580445    1.000000    0.000000  624.108115
Iteration: 168 bestvalit: 0.001280 bestmemit:    1.276746  -50.580445    1.000000    0.000000  624.108115
Iteration: 169 bestvalit: 0.001280 bestmemit:    1.276746  -50.580445    1.000000    0.000000  624.108115
Iteration: 170 bestvalit: 0.001280 bestmemit:    1.276746  -50.580445    1.000000    0.000000  624.108115
Iteration: 171 bestvalit: 0.001280 bestmemit:    1.276746  -50.580445    1.000000    0.000000  624.108115
Iteration: 172 bestvalit: 0.001280 bestmemit:    1.276746  -50.580445    1.000000    0.000000  624.108115
Iteration: 173 bestvalit: 0.001280 bestmemit:    1.276746  -50.580445    1.000000    0.000000  624.108115
Iteration: 174 bestvalit: 0.001280 bestmemit:    1.276746  -50.580445    1.000000    0.000000  624.108115
Iteration: 175 bestvalit: 0.001280 bestmemit:    1.276746  -50.580445    1.000000    0.000000  624.108115
Iteration: 176 bestvalit: 0.001280 bestmemit:    1.276746  -50.580445    1.000000    0.000000  624.108115
Iteration: 177 bestvalit: 0.001280 bestmemit:    1.276746  -50.580445    1.000000    0.000000  624.108115
Iteration: 178 bestvalit: 0.001280 bestmemit:    1.276746  -50.580445    1.000000    0.000000  624.108115
Iteration: 179 bestvalit: 0.001280 bestmemit:    1.276746  -50.580445    1.000000    0.000000  624.108115
Iteration: 180 bestvalit: 0.001280 bestmemit:    1.276746  -50.580445    1.000000    0.000000  624.108115
Iteration: 181 bestvalit: 0.001280 bestmemit:    1.276746  -50.580445    1.000000    0.000000  624.108115
Iteration: 182 bestvalit: 0.001280 bestmemit:    1.276746  -50.580445    1.000000    0.000000  624.108115
Iteration: 183 bestvalit: 0.001280 bestmemit:    1.276746  -50.580445    1.000000    0.000000  624.108115
Iteration: 184 bestvalit: 0.001280 bestmemit:    1.276746  -50.580445    1.000000    0.000000  624.108115
Iteration: 185 bestvalit: 0.001280 bestmemit:    1.276746  -50.580445    1.000000    0.000000  624.108115
Iteration: 186 bestvalit: 0.001280 bestmemit:    1.276746  -50.580445    1.000000    0.000000  624.108115
Iteration: 187 bestvalit: 0.001280 bestmemit:    1.276746  -50.580445    1.000000    0.000000  624.108115
Iteration: 188 bestvalit: 0.001280 bestmemit:    1.276746  -50.580445    1.000000    0.000000  624.108115
Iteration: 189 bestvalit: 0.001280 bestmemit:    1.276746  -50.580445    1.000000    0.000000  624.108115
Iteration: 190 bestvalit: 0.001280 bestmemit:    1.276746  -50.580445    1.000000    0.000000  624.108115
Iteration: 191 bestvalit: 0.001280 bestmemit:    1.276746  -50.580445    1.000000    0.000000  624.108115
Iteration: 192 bestvalit: 0.001280 bestmemit:    1.276746  -50.580445    1.000000    0.000000  624.108115
Iteration: 193 bestvalit: 0.001280 bestmemit:    1.276746  -50.580445    1.000000    0.000000  624.108115
Iteration: 194 bestvalit: 0.001280 bestmemit:    1.276746  -50.580445    1.000000    0.000000  624.108115
Iteration: 195 bestvalit: 0.001280 bestmemit:    1.276746  -50.580445    1.000000    0.000000  624.108115
Iteration: 196 bestvalit: 0.001280 bestmemit:    1.276746  -50.580445    1.000000    0.000000  624.108115
Iteration: 197 bestvalit: 0.001280 bestmemit:    1.276746  -50.580445    1.000000    0.000000  624.108115
Iteration: 198 bestvalit: 0.001280 bestmemit:    1.276746  -50.580445    1.000000    0.000000  624.108115
Iteration: 199 bestvalit: 0.001280 bestmemit:    1.276746  -50.580445    1.000000    0.000000  624.108115
Iteration: 200 bestvalit: 0.001280 bestmemit:    1.276746  -50.580445    1.000000    0.000000  624.108115
Iteration: 201 bestvalit: 0.001280 bestmemit:    1.276746  -50.580445    1.000000    0.000000  624.108115
Iteration: 202 bestvalit: 0.001280 bestmemit:    1.276746  -50.580445    1.000000    0.000000  624.108115
Iteration: 203 bestvalit: 0.001280 bestmemit:    1.276746  -50.580445    1.000000    0.000000  624.108115
Iteration: 204 bestvalit: 0.001280 bestmemit:    1.276746  -50.580445    1.000000    0.000000  624.108115

***** summary of DEoptim object ***** 
best member   :  1.27675 -50.58044 1 0 624.1081 
best value    :  0.00128 
after         :  204 generations 
fn evaluated  :  410 times 
*************************************
