SLURM_JOB_ID: 55336499
SLURM_JOB_USER: vsc34066
SLURM_JOB_ACCOUNT: lp_desenderlab
SLURM_JOB_NAME: fit_alternating_fb_beta_learn.slurm
SLURM_CLUSTER_NAME: genius
SLURM_JOB_PARTITION: batch
SLURM_ARRAY_JOB_ID: 55336494
SLURM_ARRAY_TASK_ID: 5
SLURM_NNODES: 1
SLURM_NODELIST: r22i13n03
SLURM_JOB_CPUS_PER_NODE: 8
Date: Tue Nov  7 16:43:54 CET 2023
Walltime: 00-23:00:00
========================================================================
Iteration: 1 bestvalit: 0.002150 bestmemit:   18.753610  -44.530586    1.000000    0.000000  905.145304
Iteration: 2 bestvalit: 0.001788 bestmemit:    4.665794   11.670392    1.000000    0.000000  905.145304
Iteration: 3 bestvalit: 0.001788 bestmemit:    4.665794   11.670392    1.000000    0.000000  905.145304
Iteration: 4 bestvalit: 0.001244 bestmemit:    3.576398  -16.236370    1.000000    0.000000  587.121996
Iteration: 5 bestvalit: 0.001221 bestmemit:    6.992618   23.443755    1.000000    0.000000  720.466315
Iteration: 6 bestvalit: 0.001221 bestmemit:    6.992618   23.443755    1.000000    0.000000  720.466315
Iteration: 7 bestvalit: 0.001164 bestmemit:    3.576398    4.912829    1.000000    0.000000  587.121996
Iteration: 8 bestvalit: 0.001164 bestmemit:    3.576398    4.912829    1.000000    0.000000  587.121996
Iteration: 9 bestvalit: 0.001164 bestmemit:    3.576398    4.912829    1.000000    0.000000  587.121996
Iteration: 10 bestvalit: 0.001164 bestmemit:    3.576398    4.912829    1.000000    0.000000  587.121996
Iteration: 11 bestvalit: 0.001164 bestmemit:    3.576398    4.912829    1.000000    0.000000  587.121996
Iteration: 12 bestvalit: 0.001164 bestmemit:    3.576398    4.912829    1.000000    0.000000  587.121996
Iteration: 13 bestvalit: 0.001096 bestmemit:    2.584600  -21.655409    1.000000    0.000000  676.447966
Iteration: 14 bestvalit: 0.001096 bestmemit:    2.584600  -21.655409    1.000000    0.000000  676.447966
Iteration: 15 bestvalit: 0.001096 bestmemit:    2.584600  -21.655409    1.000000    0.000000  676.447966
Iteration: 16 bestvalit: 0.001096 bestmemit:    2.584600  -21.655409    1.000000    0.000000  676.447966
Iteration: 17 bestvalit: 0.001096 bestmemit:    2.584600  -21.655409    1.000000    0.000000  676.447966
Iteration: 18 bestvalit: 0.001096 bestmemit:    2.584600  -21.655409    1.000000    0.000000  676.447966
Iteration: 19 bestvalit: 0.001096 bestmemit:    2.584600  -21.655409    1.000000    0.000000  676.447966
Iteration: 20 bestvalit: 0.001096 bestmemit:    2.584600  -21.655409    1.000000    0.000000  676.447966
Iteration: 21 bestvalit: 0.001096 bestmemit:    2.584600  -21.655409    1.000000    0.000000  676.447966
Iteration: 22 bestvalit: 0.001096 bestmemit:    2.584600  -21.655409    1.000000    0.000000  676.447966
Iteration: 23 bestvalit: 0.001073 bestmemit:    1.258313   -2.830230    1.000000    0.000000  659.821609
Iteration: 24 bestvalit: 0.001066 bestmemit:    1.495777  -21.655409    1.000000    0.000000  676.447966
Iteration: 25 bestvalit: 0.001066 bestmemit:    1.495777  -21.655409    1.000000    0.000000  676.447966
Iteration: 26 bestvalit: 0.001066 bestmemit:    1.495777  -21.655409    1.000000    0.000000  676.447966
Iteration: 27 bestvalit: 0.001059 bestmemit:    2.098625  -34.179306    1.000000    0.000000  646.854629
Iteration: 28 bestvalit: 0.001059 bestmemit:    2.098625  -34.179306    1.000000    0.000000  646.854629
Iteration: 29 bestvalit: 0.001056 bestmemit:    4.416805  -43.777594    1.000000    0.000000  663.214537
Iteration: 30 bestvalit: 0.001056 bestmemit:    4.416805  -43.777594    1.000000    0.000000  663.214537
Iteration: 31 bestvalit: 0.001056 bestmemit:    4.416805  -43.777594    1.000000    0.000000  663.214537
Iteration: 32 bestvalit: 0.001056 bestmemit:    4.416805  -43.777594    1.000000    0.000000  663.214537
Iteration: 33 bestvalit: 0.001056 bestmemit:    4.416805  -43.777594    1.000000    0.000000  663.214537
Iteration: 34 bestvalit: 0.001056 bestmemit:    4.416805  -43.777594    1.000000    0.000000  663.214537
Iteration: 35 bestvalit: 0.001056 bestmemit:    4.416805  -43.777594    1.000000    0.000000  663.214537
Iteration: 36 bestvalit: 0.001056 bestmemit:    4.416805  -43.777594    1.000000    0.000000  663.214537
Iteration: 37 bestvalit: 0.001056 bestmemit:    4.416805  -43.777594    1.000000    0.000000  663.214537
Iteration: 38 bestvalit: 0.001056 bestmemit:    4.416805  -43.777594    1.000000    0.000000  663.214537
Iteration: 39 bestvalit: 0.001056 bestmemit:    4.416805  -43.777594    1.000000    0.000000  663.214537
Iteration: 40 bestvalit: 0.001056 bestmemit:    4.416805  -43.777594    1.000000    0.000000  663.214537
Iteration: 41 bestvalit: 0.001056 bestmemit:    4.416805  -43.777594    1.000000    0.000000  663.214537
Iteration: 42 bestvalit: 0.001056 bestmemit:    4.416805  -43.777594    1.000000    0.000000  663.214537
Iteration: 43 bestvalit: 0.001056 bestmemit:    4.416805  -43.777594    1.000000    0.000000  663.214537
Iteration: 44 bestvalit: 0.001056 bestmemit:    4.416805  -43.777594    1.000000    0.000000  663.214537
Iteration: 45 bestvalit: 0.001056 bestmemit:    4.416805  -43.777594    1.000000    0.000000  663.214537
Iteration: 46 bestvalit: 0.001056 bestmemit:    4.416805  -43.777594    1.000000    0.000000  663.214537
Iteration: 47 bestvalit: 0.001056 bestmemit:    4.416805  -43.777594    1.000000    0.000000  663.214537
Iteration: 48 bestvalit: 0.001054 bestmemit:    4.002575   -6.251989    1.000000    0.000000  676.773889
Iteration: 49 bestvalit: 0.001054 bestmemit:    4.002575   -6.251989    1.000000    0.000000  676.773889
Iteration: 50 bestvalit: 0.001039 bestmemit:    3.523599  -42.465737    1.000000    0.000000  645.557199
Iteration: 51 bestvalit: 0.001039 bestmemit:    3.523599  -42.465737    1.000000    0.000000  645.557199
Iteration: 52 bestvalit: 0.001039 bestmemit:    3.523599  -42.465737    1.000000    0.000000  645.557199
Iteration: 53 bestvalit: 0.001039 bestmemit:    3.523599  -42.465737    1.000000    0.000000  645.557199
Iteration: 54 bestvalit: 0.001039 bestmemit:    3.523599  -42.465737    1.000000    0.000000  645.557199
Iteration: 55 bestvalit: 0.001039 bestmemit:    3.523599  -42.465737    1.000000    0.000000  645.557199
Iteration: 56 bestvalit: 0.001039 bestmemit:    3.523599  -42.465737    1.000000    0.000000  645.557199
Iteration: 57 bestvalit: 0.001039 bestmemit:    3.523599  -42.465737    1.000000    0.000000  645.557199
Iteration: 58 bestvalit: 0.001039 bestmemit:    3.523599  -42.465737    1.000000    0.000000  645.557199
Iteration: 59 bestvalit: 0.001039 bestmemit:    3.523599  -42.465737    1.000000    0.000000  645.557199
Iteration: 60 bestvalit: 0.001039 bestmemit:    3.523599  -42.465737    1.000000    0.000000  645.557199
Iteration: 61 bestvalit: 0.001039 bestmemit:    3.523599  -42.465737    1.000000    0.000000  645.557199
Iteration: 62 bestvalit: 0.001039 bestmemit:    3.523599  -42.465737    1.000000    0.000000  645.557199
Iteration: 63 bestvalit: 0.001039 bestmemit:    3.523599  -42.465737    1.000000    0.000000  645.557199
Iteration: 64 bestvalit: 0.001039 bestmemit:    3.523599  -42.465737    1.000000    0.000000  645.557199
Iteration: 65 bestvalit: 0.001039 bestmemit:    3.523599  -42.465737    1.000000    0.000000  645.557199
Iteration: 66 bestvalit: 0.001039 bestmemit:    3.523599  -42.465737    1.000000    0.000000  645.557199
Iteration: 67 bestvalit: 0.001039 bestmemit:    3.523599  -42.465737    1.000000    0.000000  645.557199
Iteration: 68 bestvalit: 0.001039 bestmemit:    3.523599  -42.465737    1.000000    0.000000  645.557199
Iteration: 69 bestvalit: 0.001039 bestmemit:    3.523599  -42.465737    1.000000    0.000000  645.557199
Iteration: 70 bestvalit: 0.001039 bestmemit:    3.523599  -42.465737    1.000000    0.000000  645.557199
Iteration: 71 bestvalit: 0.001039 bestmemit:    3.523599  -42.465737    1.000000    0.000000  645.557199
Iteration: 72 bestvalit: 0.001039 bestmemit:    3.523599  -42.465737    1.000000    0.000000  645.557199
Iteration: 73 bestvalit: 0.001039 bestmemit:    3.523599  -42.465737    1.000000    0.000000  645.557199
Iteration: 74 bestvalit: 0.001039 bestmemit:    3.523599  -42.465737    1.000000    0.000000  645.557199
Iteration: 75 bestvalit: 0.001039 bestmemit:    3.523599  -42.465737    1.000000    0.000000  645.557199
Iteration: 76 bestvalit: 0.001039 bestmemit:    3.523599  -42.465737    1.000000    0.000000  645.557199
Iteration: 77 bestvalit: 0.001039 bestmemit:    3.523599  -42.465737    1.000000    0.000000  645.557199
Iteration: 78 bestvalit: 0.001039 bestmemit:    3.523599  -42.465737    1.000000    0.000000  645.557199
Iteration: 79 bestvalit: 0.001039 bestmemit:    3.523599  -42.465737    1.000000    0.000000  645.557199
Iteration: 80 bestvalit: 0.001039 bestmemit:    3.523599  -42.465737    1.000000    0.000000  645.557199
Iteration: 81 bestvalit: 0.001039 bestmemit:    3.523599  -42.465737    1.000000    0.000000  645.557199
Iteration: 82 bestvalit: 0.001039 bestmemit:    3.523599  -42.465737    1.000000    0.000000  645.557199
Iteration: 83 bestvalit: 0.001039 bestmemit:    3.523599  -42.465737    1.000000    0.000000  645.557199
Iteration: 84 bestvalit: 0.001039 bestmemit:    3.523599  -42.465737    1.000000    0.000000  645.557199
Iteration: 85 bestvalit: 0.001039 bestmemit:    3.523599  -42.465737    1.000000    0.000000  645.557199
Iteration: 86 bestvalit: 0.001039 bestmemit:    3.523599  -42.465737    1.000000    0.000000  645.557199
Iteration: 87 bestvalit: 0.001039 bestmemit:    3.523599  -42.465737    1.000000    0.000000  645.557199
Iteration: 88 bestvalit: 0.001039 bestmemit:    3.523599  -42.465737    1.000000    0.000000  645.557199
Iteration: 89 bestvalit: 0.001039 bestmemit:    3.523599  -42.465737    1.000000    0.000000  645.557199
Iteration: 90 bestvalit: 0.001039 bestmemit:    3.523599  -42.465737    1.000000    0.000000  645.557199
Iteration: 91 bestvalit: 0.001039 bestmemit:    3.523599  -42.465737    1.000000    0.000000  645.557199
Iteration: 92 bestvalit: 0.001039 bestmemit:    3.523599  -42.465737    1.000000    0.000000  645.557199
Iteration: 93 bestvalit: 0.001039 bestmemit:    3.523599  -42.465737    1.000000    0.000000  645.557199
Iteration: 94 bestvalit: 0.001039 bestmemit:    3.523599  -42.465737    1.000000    0.000000  645.557199
Iteration: 95 bestvalit: 0.001039 bestmemit:    3.523599  -42.465737    1.000000    0.000000  645.557199
Iteration: 96 bestvalit: 0.001039 bestmemit:    3.523599  -42.465737    1.000000    0.000000  645.557199
Iteration: 97 bestvalit: 0.001039 bestmemit:    3.523599  -42.465737    1.000000    0.000000  645.557199
Iteration: 98 bestvalit: 0.001039 bestmemit:    3.523599  -42.465737    1.000000    0.000000  645.557199
Iteration: 99 bestvalit: 0.001039 bestmemit:    3.523599  -42.465737    1.000000    0.000000  645.557199
Iteration: 100 bestvalit: 0.001039 bestmemit:    3.523599  -42.465737    1.000000    0.000000  645.557199
Iteration: 101 bestvalit: 0.001039 bestmemit:    3.523599  -42.465737    1.000000    0.000000  645.557199
Iteration: 102 bestvalit: 0.001039 bestmemit:    3.523599  -42.465737    1.000000    0.000000  645.557199
Iteration: 103 bestvalit: 0.001039 bestmemit:    3.523599  -42.465737    1.000000    0.000000  645.557199
Iteration: 104 bestvalit: 0.001039 bestmemit:    3.523599  -42.465737    1.000000    0.000000  645.557199
Iteration: 105 bestvalit: 0.001039 bestmemit:    3.523599  -42.465737    1.000000    0.000000  645.557199
Iteration: 106 bestvalit: 0.001039 bestmemit:    3.523599  -42.465737    1.000000    0.000000  645.557199
Iteration: 107 bestvalit: 0.001039 bestmemit:    3.523599  -42.465737    1.000000    0.000000  645.557199
Iteration: 108 bestvalit: 0.001039 bestmemit:    3.523599  -42.465737    1.000000    0.000000  645.557199
Iteration: 109 bestvalit: 0.001039 bestmemit:    3.523599  -42.465737    1.000000    0.000000  645.557199
Iteration: 110 bestvalit: 0.001039 bestmemit:    3.523599  -42.465737    1.000000    0.000000  645.557199
Iteration: 111 bestvalit: 0.001039 bestmemit:    3.523599  -42.465737    1.000000    0.000000  645.557199
Iteration: 112 bestvalit: 0.001039 bestmemit:    1.820018   -5.510497    1.000000    0.000000  648.184508
Iteration: 113 bestvalit: 0.001039 bestmemit:    1.820018   -5.510497    1.000000    0.000000  648.184508
Iteration: 114 bestvalit: 0.001039 bestmemit:    1.820018   -5.510497    1.000000    0.000000  648.184508
Iteration: 115 bestvalit: 0.001039 bestmemit:    1.820018   -5.510497    1.000000    0.000000  648.184508
Iteration: 116 bestvalit: 0.001039 bestmemit:    1.820018   -5.510497    1.000000    0.000000  648.184508
Iteration: 117 bestvalit: 0.001039 bestmemit:    1.820018   -5.510497    1.000000    0.000000  648.184508
Iteration: 118 bestvalit: 0.001039 bestmemit:    1.820018   -5.510497    1.000000    0.000000  648.184508
Iteration: 119 bestvalit: 0.001039 bestmemit:    1.820018   -5.510497    1.000000    0.000000  648.184508
Iteration: 120 bestvalit: 0.001039 bestmemit:    1.820018   -5.510497    1.000000    0.000000  648.184508
Iteration: 121 bestvalit: 0.001039 bestmemit:    1.820018   -5.510497    1.000000    0.000000  648.184508
Iteration: 122 bestvalit: 0.001039 bestmemit:    1.820018   -5.510497    1.000000    0.000000  648.184508
Iteration: 123 bestvalit: 0.001039 bestmemit:    1.820018   -5.510497    1.000000    0.000000  648.184508
Iteration: 124 bestvalit: 0.001039 bestmemit:    1.820018   -5.510497    1.000000    0.000000  648.184508
Iteration: 125 bestvalit: 0.001039 bestmemit:    1.820018   -5.510497    1.000000    0.000000  648.184508
Iteration: 126 bestvalit: 0.001039 bestmemit:    1.820018   -5.510497    1.000000    0.000000  648.184508
Iteration: 127 bestvalit: 0.001039 bestmemit:    1.820018   -5.510497    1.000000    0.000000  648.184508
Iteration: 128 bestvalit: 0.001039 bestmemit:    1.820018   -5.510497    1.000000    0.000000  648.184508
Iteration: 129 bestvalit: 0.001039 bestmemit:    1.820018   -5.510497    1.000000    0.000000  648.184508
Iteration: 130 bestvalit: 0.001039 bestmemit:    1.820018   -5.510497    1.000000    0.000000  648.184508
Iteration: 131 bestvalit: 0.001039 bestmemit:    1.820018   -5.510497    1.000000    0.000000  648.184508
Iteration: 132 bestvalit: 0.001039 bestmemit:    1.820018   -5.510497    1.000000    0.000000  648.184508
Iteration: 133 bestvalit: 0.001039 bestmemit:    1.820018   -5.510497    1.000000    0.000000  648.184508
Iteration: 134 bestvalit: 0.001039 bestmemit:    1.820018   -5.510497    1.000000    0.000000  648.184508
Iteration: 135 bestvalit: 0.001039 bestmemit:    1.820018   -5.510497    1.000000    0.000000  648.184508
Iteration: 136 bestvalit: 0.001039 bestmemit:    1.820018   -5.510497    1.000000    0.000000  648.184508
Iteration: 137 bestvalit: 0.001039 bestmemit:    1.820018   -5.510497    1.000000    0.000000  648.184508
Iteration: 138 bestvalit: 0.001039 bestmemit:    1.820018   -5.510497    1.000000    0.000000  648.184508
Iteration: 139 bestvalit: 0.001039 bestmemit:    1.820018   -5.510497    1.000000    0.000000  648.184508
Iteration: 140 bestvalit: 0.001039 bestmemit:    1.820018   -5.510497    1.000000    0.000000  648.184508
Iteration: 141 bestvalit: 0.001039 bestmemit:    1.820018   -5.510497    1.000000    0.000000  648.184508
Iteration: 142 bestvalit: 0.001039 bestmemit:    1.820018   -5.510497    1.000000    0.000000  648.184508
Iteration: 143 bestvalit: 0.001039 bestmemit:    1.820018   -5.510497    1.000000    0.000000  648.184508
Iteration: 144 bestvalit: 0.001039 bestmemit:    1.820018   -5.510497    1.000000    0.000000  648.184508
Iteration: 145 bestvalit: 0.001039 bestmemit:    1.820018   -5.510497    1.000000    0.000000  648.184508
Iteration: 146 bestvalit: 0.001039 bestmemit:    1.820018   -5.510497    1.000000    0.000000  648.184508
Iteration: 147 bestvalit: 0.001039 bestmemit:    1.820018   -5.510497    1.000000    0.000000  648.184508
Iteration: 148 bestvalit: 0.001039 bestmemit:    1.820018   -5.510497    1.000000    0.000000  648.184508
Iteration: 149 bestvalit: 0.001039 bestmemit:    1.820018   -5.510497    1.000000    0.000000  648.184508
Iteration: 150 bestvalit: 0.001039 bestmemit:    1.820018   -5.510497    1.000000    0.000000  648.184508
Iteration: 151 bestvalit: 0.001039 bestmemit:    1.820018   -5.510497    1.000000    0.000000  648.184508
Iteration: 152 bestvalit: 0.001039 bestmemit:    1.820018   -5.510497    1.000000    0.000000  648.184508
Iteration: 153 bestvalit: 0.001027 bestmemit:    2.915201  -24.882451    1.000000    0.000000  651.061474
Iteration: 154 bestvalit: 0.001027 bestmemit:    2.915201  -24.882451    1.000000    0.000000  651.061474
Iteration: 155 bestvalit: 0.001027 bestmemit:    2.915201  -24.882451    1.000000    0.000000  651.061474
Iteration: 156 bestvalit: 0.001027 bestmemit:    2.915201  -24.882451    1.000000    0.000000  651.061474
Iteration: 157 bestvalit: 0.001027 bestmemit:    2.915201  -24.882451    1.000000    0.000000  651.061474
Iteration: 158 bestvalit: 0.001027 bestmemit:    2.915201  -24.882451    1.000000    0.000000  651.061474
Iteration: 159 bestvalit: 0.001027 bestmemit:    2.915201  -24.882451    1.000000    0.000000  651.061474
Iteration: 160 bestvalit: 0.001027 bestmemit:    2.915201  -24.882451    1.000000    0.000000  651.061474
Iteration: 161 bestvalit: 0.001027 bestmemit:    2.915201  -24.882451    1.000000    0.000000  651.061474
Iteration: 162 bestvalit: 0.001027 bestmemit:    2.915201  -24.882451    1.000000    0.000000  651.061474
Iteration: 163 bestvalit: 0.001027 bestmemit:    2.915201  -24.882451    1.000000    0.000000  651.061474
Iteration: 164 bestvalit: 0.001027 bestmemit:    2.915201  -24.882451    1.000000    0.000000  651.061474
Iteration: 165 bestvalit: 0.001027 bestmemit:    2.915201  -24.882451    1.000000    0.000000  651.061474
Iteration: 166 bestvalit: 0.001027 bestmemit:    2.915201  -24.882451    1.000000    0.000000  651.061474
Iteration: 167 bestvalit: 0.001027 bestmemit:    2.915201  -24.882451    1.000000    0.000000  651.061474
Iteration: 168 bestvalit: 0.001027 bestmemit:    2.915201  -24.882451    1.000000    0.000000  651.061474
Iteration: 169 bestvalit: 0.001027 bestmemit:    2.915201  -24.882451    1.000000    0.000000  651.061474
Iteration: 170 bestvalit: 0.001027 bestmemit:    2.915201  -24.882451    1.000000    0.000000  651.061474
Iteration: 171 bestvalit: 0.001027 bestmemit:    2.915201  -24.882451    1.000000    0.000000  651.061474
Iteration: 172 bestvalit: 0.001027 bestmemit:    2.915201  -24.882451    1.000000    0.000000  651.061474
Iteration: 173 bestvalit: 0.001027 bestmemit:    2.915201  -24.882451    1.000000    0.000000  651.061474
Iteration: 174 bestvalit: 0.001027 bestmemit:    2.915201  -24.882451    1.000000    0.000000  651.061474
Iteration: 175 bestvalit: 0.001027 bestmemit:    2.915201  -24.882451    1.000000    0.000000  651.061474
Iteration: 176 bestvalit: 0.001027 bestmemit:    2.915201  -24.882451    1.000000    0.000000  651.061474
Iteration: 177 bestvalit: 0.001027 bestmemit:    2.915201  -24.882451    1.000000    0.000000  651.061474
Iteration: 178 bestvalit: 0.001027 bestmemit:    2.915201  -24.882451    1.000000    0.000000  651.061474
Iteration: 179 bestvalit: 0.001027 bestmemit:    2.915201  -24.882451    1.000000    0.000000  651.061474
Iteration: 180 bestvalit: 0.001027 bestmemit:    2.915201  -24.882451    1.000000    0.000000  651.061474
Iteration: 181 bestvalit: 0.001027 bestmemit:    2.915201  -24.882451    1.000000    0.000000  651.061474
Iteration: 182 bestvalit: 0.001027 bestmemit:    2.915201  -24.882451    1.000000    0.000000  651.061474
Iteration: 183 bestvalit: 0.001027 bestmemit:    2.915201  -24.882451    1.000000    0.000000  651.061474
Iteration: 184 bestvalit: 0.001027 bestmemit:    2.915201  -24.882451    1.000000    0.000000  651.061474
Iteration: 185 bestvalit: 0.001027 bestmemit:    2.915201  -24.882451    1.000000    0.000000  651.061474
Iteration: 186 bestvalit: 0.001027 bestmemit:    2.915201  -24.882451    1.000000    0.000000  651.061474
Iteration: 187 bestvalit: 0.001027 bestmemit:    2.915201  -24.882451    1.000000    0.000000  651.061474
Iteration: 188 bestvalit: 0.001027 bestmemit:    2.915201  -24.882451    1.000000    0.000000  651.061474
Iteration: 189 bestvalit: 0.001027 bestmemit:    2.915201  -24.882451    1.000000    0.000000  651.061474
Iteration: 190 bestvalit: 0.001027 bestmemit:    2.915201  -24.882451    1.000000    0.000000  651.061474
Iteration: 191 bestvalit: 0.001027 bestmemit:    2.915201  -24.882451    1.000000    0.000000  651.061474
Iteration: 192 bestvalit: 0.001027 bestmemit:    2.915201  -24.882451    1.000000    0.000000  651.061474
Iteration: 193 bestvalit: 0.001027 bestmemit:    2.915201  -24.882451    1.000000    0.000000  651.061474
Iteration: 194 bestvalit: 0.001027 bestmemit:    2.915201  -24.882451    1.000000    0.000000  651.061474
Iteration: 195 bestvalit: 0.001027 bestmemit:    2.915201  -24.882451    1.000000    0.000000  651.061474
Iteration: 196 bestvalit: 0.001027 bestmemit:    2.915201  -24.882451    1.000000    0.000000  651.061474
Iteration: 197 bestvalit: 0.001027 bestmemit:    2.915201  -24.882451    1.000000    0.000000  651.061474
Iteration: 198 bestvalit: 0.001027 bestmemit:    2.915201  -24.882451    1.000000    0.000000  651.061474
Iteration: 199 bestvalit: 0.001027 bestmemit:    2.915201  -24.882451    1.000000    0.000000  651.061474
Iteration: 200 bestvalit: 0.001027 bestmemit:    2.915201  -24.882451    1.000000    0.000000  651.061474
Iteration: 201 bestvalit: 0.001027 bestmemit:    2.915201  -24.882451    1.000000    0.000000  651.061474
Iteration: 202 bestvalit: 0.001027 bestmemit:    2.915201  -24.882451    1.000000    0.000000  651.061474
Iteration: 203 bestvalit: 0.001027 bestmemit:    2.915201  -24.882451    1.000000    0.000000  651.061474
Iteration: 204 bestvalit: 0.001027 bestmemit:    2.915201  -24.882451    1.000000    0.000000  651.061474
Iteration: 205 bestvalit: 0.001027 bestmemit:    2.915201  -24.882451    1.000000    0.000000  651.061474
Iteration: 206 bestvalit: 0.001027 bestmemit:    2.915201  -24.882451    1.000000    0.000000  651.061474
Iteration: 207 bestvalit: 0.001027 bestmemit:    2.915201  -24.882451    1.000000    0.000000  651.061474
Iteration: 208 bestvalit: 0.001027 bestmemit:    2.915201  -24.882451    1.000000    0.000000  651.061474
Iteration: 209 bestvalit: 0.001027 bestmemit:    2.915201  -24.882451    1.000000    0.000000  651.061474
Iteration: 210 bestvalit: 0.001027 bestmemit:    2.915201  -24.882451    1.000000    0.000000  651.061474
Iteration: 211 bestvalit: 0.001027 bestmemit:    2.915201  -24.882451    1.000000    0.000000  651.061474
Iteration: 212 bestvalit: 0.001027 bestmemit:    2.915201  -24.882451    1.000000    0.000000  651.061474
Iteration: 213 bestvalit: 0.001027 bestmemit:    2.915201  -24.882451    1.000000    0.000000  651.061474
Iteration: 214 bestvalit: 0.001027 bestmemit:    2.915201  -24.882451    1.000000    0.000000  651.061474
Iteration: 215 bestvalit: 0.001027 bestmemit:    2.915201  -24.882451    1.000000    0.000000  651.061474
Iteration: 216 bestvalit: 0.001027 bestmemit:    2.915201  -24.882451    1.000000    0.000000  651.061474
Iteration: 217 bestvalit: 0.001027 bestmemit:    2.915201  -24.882451    1.000000    0.000000  651.061474
Iteration: 218 bestvalit: 0.001027 bestmemit:    2.915201  -24.882451    1.000000    0.000000  651.061474
Iteration: 219 bestvalit: 0.001027 bestmemit:    2.915201  -24.882451    1.000000    0.000000  651.061474
Iteration: 220 bestvalit: 0.001027 bestmemit:    2.915201  -24.882451    1.000000    0.000000  651.061474
Iteration: 221 bestvalit: 0.001027 bestmemit:    2.915201  -24.882451    1.000000    0.000000  651.061474
Iteration: 222 bestvalit: 0.001027 bestmemit:    2.915201  -24.882451    1.000000    0.000000  651.061474
Iteration: 223 bestvalit: 0.001027 bestmemit:    2.915201  -24.882451    1.000000    0.000000  651.061474
Iteration: 224 bestvalit: 0.001027 bestmemit:    2.915201  -24.882451    1.000000    0.000000  651.061474
Iteration: 225 bestvalit: 0.001027 bestmemit:    2.915201  -24.882451    1.000000    0.000000  651.061474
Iteration: 226 bestvalit: 0.001027 bestmemit:    2.915201  -24.882451    1.000000    0.000000  651.061474
Iteration: 227 bestvalit: 0.001027 bestmemit:    2.915201  -24.882451    1.000000    0.000000  651.061474
Iteration: 228 bestvalit: 0.001027 bestmemit:    2.915201  -24.882451    1.000000    0.000000  651.061474
Iteration: 229 bestvalit: 0.001027 bestmemit:    2.915201  -24.882451    1.000000    0.000000  651.061474
Iteration: 230 bestvalit: 0.001027 bestmemit:    2.915201  -24.882451    1.000000    0.000000  651.061474
Iteration: 231 bestvalit: 0.001027 bestmemit:    2.915201  -24.882451    1.000000    0.000000  651.061474
Iteration: 232 bestvalit: 0.001027 bestmemit:    2.915201  -24.882451    1.000000    0.000000  651.061474
Iteration: 233 bestvalit: 0.001027 bestmemit:    2.915201  -24.882451    1.000000    0.000000  651.061474
Iteration: 234 bestvalit: 0.001027 bestmemit:    2.915201  -24.882451    1.000000    0.000000  651.061474
Iteration: 235 bestvalit: 0.001027 bestmemit:    2.915201  -24.882451    1.000000    0.000000  651.061474
Iteration: 236 bestvalit: 0.001027 bestmemit:    2.915201  -24.882451    1.000000    0.000000  651.061474
Iteration: 237 bestvalit: 0.001027 bestmemit:    2.915201  -24.882451    1.000000    0.000000  651.061474
Iteration: 238 bestvalit: 0.001027 bestmemit:    2.915201  -24.882451    1.000000    0.000000  651.061474
Iteration: 239 bestvalit: 0.001027 bestmemit:    2.915201  -24.882451    1.000000    0.000000  651.061474
Iteration: 240 bestvalit: 0.001027 bestmemit:    2.915201  -24.882451    1.000000    0.000000  651.061474
Iteration: 241 bestvalit: 0.001027 bestmemit:    2.915201  -24.882451    1.000000    0.000000  651.061474
Iteration: 242 bestvalit: 0.001027 bestmemit:    2.915201  -24.882451    1.000000    0.000000  651.061474
Iteration: 243 bestvalit: 0.001027 bestmemit:    2.915201  -24.882451    1.000000    0.000000  651.061474
Iteration: 244 bestvalit: 0.001027 bestmemit:    2.915201  -24.882451    1.000000    0.000000  651.061474
Iteration: 245 bestvalit: 0.001027 bestmemit:    2.915201  -24.882451    1.000000    0.000000  651.061474
Iteration: 246 bestvalit: 0.001027 bestmemit:    2.915201  -24.882451    1.000000    0.000000  651.061474
Iteration: 247 bestvalit: 0.001027 bestmemit:    2.915201  -24.882451    1.000000    0.000000  651.061474
Iteration: 248 bestvalit: 0.001027 bestmemit:    2.915201  -24.882451    1.000000    0.000000  651.061474
Iteration: 249 bestvalit: 0.001027 bestmemit:    2.915201  -24.882451    1.000000    0.000000  651.061474
Iteration: 250 bestvalit: 0.001027 bestmemit:    2.915201  -24.882451    1.000000    0.000000  651.061474
Iteration: 251 bestvalit: 0.001027 bestmemit:    2.915201  -24.882451    1.000000    0.000000  651.061474
Iteration: 252 bestvalit: 0.001027 bestmemit:    2.915201  -24.882451    1.000000    0.000000  651.061474
Iteration: 253 bestvalit: 0.001027 bestmemit:    2.915201  -24.882451    1.000000    0.000000  651.061474
Iteration: 254 bestvalit: 0.001027 bestmemit:    2.915201  -24.882451    1.000000    0.000000  651.061474

***** summary of DEoptim object ***** 
best member   :  2.9152 -24.88245 1 0 651.0615 
best value    :  0.00103 
after         :  254 generations 
fn evaluated  :  510 times 
*************************************
