SLURM_JOB_ID: 55336571
SLURM_JOB_USER: vsc34066
SLURM_JOB_ACCOUNT: lp_desenderlab
SLURM_JOB_NAME: fit_alternating_fb_beta_learn.slurm
SLURM_CLUSTER_NAME: genius
SLURM_JOB_PARTITION: batch
SLURM_ARRAY_JOB_ID: 55336494
SLURM_ARRAY_TASK_ID: 77
SLURM_NNODES: 1
SLURM_NODELIST: r23i13n17
SLURM_JOB_CPUS_PER_NODE: 8
Date: Tue Nov  7 16:44:09 CET 2023
Walltime: 00-23:00:00
========================================================================
Iteration: 1 bestvalit: 0.001943 bestmemit:    4.212552   40.172156    1.000000    0.000000  450.759237
Iteration: 2 bestvalit: 0.001943 bestmemit:    4.212552   40.172156    1.000000    0.000000  450.759237
Iteration: 3 bestvalit: 0.001879 bestmemit:    1.075431   37.468092    1.000000    0.000000  450.759237
Iteration: 4 bestvalit: 0.001879 bestmemit:    1.075431   37.468092    1.000000    0.000000  450.759237
Iteration: 5 bestvalit: 0.001872 bestmemit:    1.075431   37.468092    1.000000    0.000000  450.759237
Iteration: 6 bestvalit: 0.001872 bestmemit:    1.075431   37.468092    1.000000    0.000000  450.759237
Iteration: 7 bestvalit: 0.001872 bestmemit:    1.075431   37.468092    1.000000    0.000000  450.759237
Iteration: 8 bestvalit: 0.001872 bestmemit:    1.075431   37.468092    1.000000    0.000000  450.759237
Iteration: 9 bestvalit: 0.001872 bestmemit:    1.075431   37.468092    1.000000    0.000000  450.759237
Iteration: 10 bestvalit: 0.001825 bestmemit:    1.075431   21.753362    1.000000    0.000000  450.759237
Iteration: 11 bestvalit: 0.001825 bestmemit:    1.075431    9.944214    1.000000    0.000000  450.759237
Iteration: 12 bestvalit: 0.001370 bestmemit:    1.340072   27.180228    1.000000    0.000000  608.791448
Iteration: 13 bestvalit: 0.001285 bestmemit:    1.340072   27.180228    1.000000    0.000000  516.736589
Iteration: 14 bestvalit: 0.001258 bestmemit:    1.340072   27.180228    1.000000    0.000000  516.736589
Iteration: 15 bestvalit: 0.001245 bestmemit:    2.460186   -5.137799    1.000000    0.000000  588.112268
Iteration: 16 bestvalit: 0.001245 bestmemit:    2.460186   -5.137799    1.000000    0.000000  588.112268
Iteration: 17 bestvalit: 0.001245 bestmemit:    2.460186   -5.137799    1.000000    0.000000  588.112268
Iteration: 18 bestvalit: 0.001245 bestmemit:    2.460186   -5.137799    1.000000    0.000000  588.112268
Iteration: 19 bestvalit: 0.001245 bestmemit:    2.460186   -5.137799    1.000000    0.000000  588.112268
Iteration: 20 bestvalit: 0.001212 bestmemit:    2.460186   -5.137799    1.000000    0.000000  588.112268
Iteration: 21 bestvalit: 0.001212 bestmemit:    2.460186   -5.137799    1.000000    0.000000  588.112268
Iteration: 22 bestvalit: 0.001212 bestmemit:    2.087870  -39.926209    1.000000    0.000000  564.137372
Iteration: 23 bestvalit: 0.001212 bestmemit:    2.087870  -39.926209    1.000000    0.000000  564.137372
Iteration: 24 bestvalit: 0.001212 bestmemit:    2.087870  -39.926209    1.000000    0.000000  564.137372
Iteration: 25 bestvalit: 0.001212 bestmemit:    2.087870  -39.926209    1.000000    0.000000  564.137372
Iteration: 26 bestvalit: 0.001189 bestmemit:    3.144150   18.606053    1.000000    0.000000  549.033262
Iteration: 27 bestvalit: 0.001189 bestmemit:    3.144150   18.606053    1.000000    0.000000  549.033262
Iteration: 28 bestvalit: 0.001183 bestmemit:    2.087870   32.099274    1.000000    0.000000  564.137372
Iteration: 29 bestvalit: 0.001183 bestmemit:    2.087870   32.099274    1.000000    0.000000  564.137372
Iteration: 30 bestvalit: 0.001183 bestmemit:    2.087870   32.099274    1.000000    0.000000  564.137372
Iteration: 31 bestvalit: 0.001183 bestmemit:    2.087870   32.099274    1.000000    0.000000  564.137372
Iteration: 32 bestvalit: 0.001183 bestmemit:    2.087870   32.099274    1.000000    0.000000  564.137372
Iteration: 33 bestvalit: 0.001183 bestmemit:    2.087870   32.099274    1.000000    0.000000  564.137372
Iteration: 34 bestvalit: 0.001183 bestmemit:    2.087870   32.099274    1.000000    0.000000  564.137372
Iteration: 35 bestvalit: 0.001167 bestmemit:    1.617640   23.007418    1.000000    0.000000  549.033262
Iteration: 36 bestvalit: 0.001167 bestmemit:    1.617640   23.007418    1.000000    0.000000  549.033262
Iteration: 37 bestvalit: 0.001167 bestmemit:    1.617640   23.007418    1.000000    0.000000  549.033262
Iteration: 38 bestvalit: 0.001167 bestmemit:    2.087870   32.099274    1.000000    0.000000  564.137372
Iteration: 39 bestvalit: 0.001167 bestmemit:    2.087870   32.099274    1.000000    0.000000  564.137372
Iteration: 40 bestvalit: 0.001167 bestmemit:    2.087870   32.099274    1.000000    0.000000  564.137372
Iteration: 41 bestvalit: 0.001167 bestmemit:    2.087870   32.099274    1.000000    0.000000  564.137372
Iteration: 42 bestvalit: 0.001167 bestmemit:    2.087870   32.099274    1.000000    0.000000  564.137372
Iteration: 43 bestvalit: 0.001167 bestmemit:    2.087870   32.099274    1.000000    0.000000  564.137372
Iteration: 44 bestvalit: 0.001165 bestmemit:    2.612522   26.865717    1.000000    0.000000  551.136515
Iteration: 45 bestvalit: 0.001165 bestmemit:    2.612522   26.865717    1.000000    0.000000  551.136515
Iteration: 46 bestvalit: 0.001165 bestmemit:    2.612522   26.865717    1.000000    0.000000  551.136515
Iteration: 47 bestvalit: 0.001163 bestmemit:    3.270904    5.926076    1.000000    0.000000  557.208391
Iteration: 48 bestvalit: 0.001163 bestmemit:    3.270904    5.926076    1.000000    0.000000  557.208391
Iteration: 49 bestvalit: 0.001163 bestmemit:    3.270904    5.926076    1.000000    0.000000  557.208391
Iteration: 50 bestvalit: 0.001163 bestmemit:    3.270904    5.926076    1.000000    0.000000  557.208391
Iteration: 51 bestvalit: 0.001163 bestmemit:    3.270904    5.926076    1.000000    0.000000  557.208391
Iteration: 52 bestvalit: 0.001163 bestmemit:    3.270904    5.926076    1.000000    0.000000  557.208391
Iteration: 53 bestvalit: 0.001163 bestmemit:    3.270904    5.926076    1.000000    0.000000  557.208391
Iteration: 54 bestvalit: 0.001163 bestmemit:    3.270904    5.926076    1.000000    0.000000  557.208391
Iteration: 55 bestvalit: 0.001163 bestmemit:    3.270904    5.926076    1.000000    0.000000  557.208391
Iteration: 56 bestvalit: 0.001163 bestmemit:    3.270904    5.926076    1.000000    0.000000  557.208391
Iteration: 57 bestvalit: 0.001163 bestmemit:    3.270904    5.926076    1.000000    0.000000  557.208391
Iteration: 58 bestvalit: 0.001163 bestmemit:    3.270904    5.926076    1.000000    0.000000  557.208391
Iteration: 59 bestvalit: 0.001163 bestmemit:    3.270904    5.926076    1.000000    0.000000  557.208391
Iteration: 60 bestvalit: 0.001163 bestmemit:    3.270904    5.926076    1.000000    0.000000  557.208391
Iteration: 61 bestvalit: 0.001163 bestmemit:    3.270904    5.926076    1.000000    0.000000  557.208391
Iteration: 62 bestvalit: 0.001162 bestmemit:    2.450556    4.746196    1.000000    0.000000  559.608826
Iteration: 63 bestvalit: 0.001162 bestmemit:    2.450556    4.746196    1.000000    0.000000  559.608826
Iteration: 64 bestvalit: 0.001162 bestmemit:    2.450556    4.746196    1.000000    0.000000  559.608826
Iteration: 65 bestvalit: 0.001162 bestmemit:    2.450556    4.746196    1.000000    0.000000  559.608826
Iteration: 66 bestvalit: 0.001162 bestmemit:    2.450556    4.746196    1.000000    0.000000  559.608826
Iteration: 67 bestvalit: 0.001162 bestmemit:    2.450556    4.746196    1.000000    0.000000  559.608826
Iteration: 68 bestvalit: 0.001162 bestmemit:    2.450556    4.746196    1.000000    0.000000  559.608826
Iteration: 69 bestvalit: 0.001162 bestmemit:    2.450556    4.746196    1.000000    0.000000  559.608826
Iteration: 70 bestvalit: 0.001162 bestmemit:    2.450556    4.746196    1.000000    0.000000  559.608826
Iteration: 71 bestvalit: 0.001162 bestmemit:    2.450556    4.746196    1.000000    0.000000  559.608826
Iteration: 72 bestvalit: 0.001162 bestmemit:    2.450556    4.746196    1.000000    0.000000  559.608826
Iteration: 73 bestvalit: 0.001162 bestmemit:    2.450556    4.746196    1.000000    0.000000  559.608826
Iteration: 74 bestvalit: 0.001162 bestmemit:    2.450556    4.746196    1.000000    0.000000  559.608826
Iteration: 75 bestvalit: 0.001162 bestmemit:    2.450556    4.746196    1.000000    0.000000  559.608826
Iteration: 76 bestvalit: 0.001158 bestmemit:    3.270904  -19.655948    1.000000    0.000000  557.208391
Iteration: 77 bestvalit: 0.001158 bestmemit:    3.270904  -19.655948    1.000000    0.000000  557.208391
Iteration: 78 bestvalit: 0.001158 bestmemit:    3.270904  -19.655948    1.000000    0.000000  557.208391
Iteration: 79 bestvalit: 0.001158 bestmemit:    3.270904  -19.655948    1.000000    0.000000  557.208391
Iteration: 80 bestvalit: 0.001158 bestmemit:    3.270904  -19.655948    1.000000    0.000000  557.208391
Iteration: 81 bestvalit: 0.001158 bestmemit:    2.397974    4.941996    1.000000    0.000000  556.036638
Iteration: 82 bestvalit: 0.001158 bestmemit:    2.397974    4.941996    1.000000    0.000000  556.036638
Iteration: 83 bestvalit: 0.001158 bestmemit:    2.397974    4.941996    1.000000    0.000000  556.036638
Iteration: 84 bestvalit: 0.001158 bestmemit:    2.397974    4.941996    1.000000    0.000000  556.036638
Iteration: 85 bestvalit: 0.001158 bestmemit:    2.397974    4.941996    1.000000    0.000000  556.036638
Iteration: 86 bestvalit: 0.001158 bestmemit:    2.397974    4.941996    1.000000    0.000000  556.036638
Iteration: 87 bestvalit: 0.001158 bestmemit:    2.397974    4.941996    1.000000    0.000000  556.036638
Iteration: 88 bestvalit: 0.001154 bestmemit:    3.607553    4.799332    1.000000    0.000000  567.836615
Iteration: 89 bestvalit: 0.001154 bestmemit:    3.607553    4.799332    1.000000    0.000000  567.836615
Iteration: 90 bestvalit: 0.001147 bestmemit:    2.397974  -12.600155    1.000000    0.000000  556.036638
Iteration: 91 bestvalit: 0.001147 bestmemit:    2.397974  -12.600155    1.000000    0.000000  556.036638
Iteration: 92 bestvalit: 0.001147 bestmemit:    2.397974  -12.600155    1.000000    0.000000  556.036638
Iteration: 93 bestvalit: 0.001147 bestmemit:    2.397974  -12.600155    1.000000    0.000000  556.036638
Iteration: 94 bestvalit: 0.001147 bestmemit:    2.397974  -12.600155    1.000000    0.000000  556.036638
Iteration: 95 bestvalit: 0.001147 bestmemit:    2.397974  -12.600155    1.000000    0.000000  556.036638
Iteration: 96 bestvalit: 0.001147 bestmemit:    2.397974  -12.600155    1.000000    0.000000  556.036638
Iteration: 97 bestvalit: 0.001147 bestmemit:    2.397974  -12.600155    1.000000    0.000000  556.036638
Iteration: 98 bestvalit: 0.001147 bestmemit:    2.397974  -12.600155    1.000000    0.000000  556.036638
Iteration: 99 bestvalit: 0.001147 bestmemit:    2.397974  -12.600155    1.000000    0.000000  556.036638
Iteration: 100 bestvalit: 0.001132 bestmemit:    2.348049   -7.072253    1.000000    0.000000  552.041238
Iteration: 101 bestvalit: 0.001132 bestmemit:    2.348049   -7.072253    1.000000    0.000000  552.041238
Iteration: 102 bestvalit: 0.001132 bestmemit:    2.348049   -7.072253    1.000000    0.000000  552.041238
Iteration: 103 bestvalit: 0.001132 bestmemit:    2.348049   -7.072253    1.000000    0.000000  552.041238
Iteration: 104 bestvalit: 0.001132 bestmemit:    2.348049   -7.072253    1.000000    0.000000  552.041238
Iteration: 105 bestvalit: 0.001132 bestmemit:    2.348049   -7.072253    1.000000    0.000000  552.041238
Iteration: 106 bestvalit: 0.001132 bestmemit:    2.348049   -7.072253    1.000000    0.000000  552.041238
Iteration: 107 bestvalit: 0.001132 bestmemit:    2.348049   -7.072253    1.000000    0.000000  552.041238
Iteration: 108 bestvalit: 0.001132 bestmemit:    2.348049   -7.072253    1.000000    0.000000  552.041238
Iteration: 109 bestvalit: 0.001132 bestmemit:    2.348049   -7.072253    1.000000    0.000000  552.041238
Iteration: 110 bestvalit: 0.001132 bestmemit:    2.348049   -7.072253    1.000000    0.000000  552.041238
Iteration: 111 bestvalit: 0.001132 bestmemit:    2.348049   -7.072253    1.000000    0.000000  552.041238
Iteration: 112 bestvalit: 0.001132 bestmemit:    2.348049   -7.072253    1.000000    0.000000  552.041238
Iteration: 113 bestvalit: 0.001132 bestmemit:    2.348049   -7.072253    1.000000    0.000000  552.041238
Iteration: 114 bestvalit: 0.001132 bestmemit:    2.348049   -7.072253    1.000000    0.000000  552.041238
Iteration: 115 bestvalit: 0.001132 bestmemit:    2.348049   -7.072253    1.000000    0.000000  552.041238
Iteration: 116 bestvalit: 0.001132 bestmemit:    2.348049   -7.072253    1.000000    0.000000  552.041238
Iteration: 117 bestvalit: 0.001132 bestmemit:    2.348049   -7.072253    1.000000    0.000000  552.041238
Iteration: 118 bestvalit: 0.001132 bestmemit:    2.348049   -7.072253    1.000000    0.000000  552.041238
Iteration: 119 bestvalit: 0.001132 bestmemit:    2.348049   -7.072253    1.000000    0.000000  552.041238
Iteration: 120 bestvalit: 0.001132 bestmemit:    2.348049   -7.072253    1.000000    0.000000  552.041238
Iteration: 121 bestvalit: 0.001132 bestmemit:    2.348049   -7.072253    1.000000    0.000000  552.041238
Iteration: 122 bestvalit: 0.001132 bestmemit:    2.348049   -7.072253    1.000000    0.000000  552.041238
Iteration: 123 bestvalit: 0.001132 bestmemit:    2.348049   -7.072253    1.000000    0.000000  552.041238
Iteration: 124 bestvalit: 0.001132 bestmemit:    2.348049   -7.072253    1.000000    0.000000  552.041238
Iteration: 125 bestvalit: 0.001132 bestmemit:    2.348049   -7.072253    1.000000    0.000000  552.041238
Iteration: 126 bestvalit: 0.001132 bestmemit:    2.348049   -7.072253    1.000000    0.000000  552.041238
Iteration: 127 bestvalit: 0.001132 bestmemit:    2.348049   -7.072253    1.000000    0.000000  552.041238
Iteration: 128 bestvalit: 0.001132 bestmemit:    2.348049   -7.072253    1.000000    0.000000  552.041238
Iteration: 129 bestvalit: 0.001132 bestmemit:    2.348049   -7.072253    1.000000    0.000000  552.041238
Iteration: 130 bestvalit: 0.001132 bestmemit:    2.348049   -7.072253    1.000000    0.000000  552.041238
Iteration: 131 bestvalit: 0.001132 bestmemit:    2.348049   -7.072253    1.000000    0.000000  552.041238
Iteration: 132 bestvalit: 0.001132 bestmemit:    2.348049   -7.072253    1.000000    0.000000  552.041238
Iteration: 133 bestvalit: 0.001132 bestmemit:    2.348049   -7.072253    1.000000    0.000000  552.041238
Iteration: 134 bestvalit: 0.001132 bestmemit:    2.348049   -7.072253    1.000000    0.000000  552.041238
Iteration: 135 bestvalit: 0.001132 bestmemit:    2.348049   -7.072253    1.000000    0.000000  552.041238
Iteration: 136 bestvalit: 0.001132 bestmemit:    2.348049   -7.072253    1.000000    0.000000  552.041238
Iteration: 137 bestvalit: 0.001132 bestmemit:    2.348049   -7.072253    1.000000    0.000000  552.041238
Iteration: 138 bestvalit: 0.001132 bestmemit:    2.348049   -7.072253    1.000000    0.000000  552.041238
Iteration: 139 bestvalit: 0.001132 bestmemit:    2.348049   -7.072253    1.000000    0.000000  552.041238
Iteration: 140 bestvalit: 0.001132 bestmemit:    2.348049   -7.072253    1.000000    0.000000  552.041238
Iteration: 141 bestvalit: 0.001132 bestmemit:    2.348049   -7.072253    1.000000    0.000000  552.041238
Iteration: 142 bestvalit: 0.001132 bestmemit:    2.348049   -7.072253    1.000000    0.000000  552.041238
Iteration: 143 bestvalit: 0.001132 bestmemit:    2.348049   -7.072253    1.000000    0.000000  552.041238
Iteration: 144 bestvalit: 0.001132 bestmemit:    2.348049   -7.072253    1.000000    0.000000  552.041238
Iteration: 145 bestvalit: 0.001132 bestmemit:    2.348049   -7.072253    1.000000    0.000000  552.041238
Iteration: 146 bestvalit: 0.001132 bestmemit:    2.348049   -7.072253    1.000000    0.000000  552.041238
Iteration: 147 bestvalit: 0.001132 bestmemit:    2.348049   -7.072253    1.000000    0.000000  552.041238
Iteration: 148 bestvalit: 0.001132 bestmemit:    2.348049   -7.072253    1.000000    0.000000  552.041238
Iteration: 149 bestvalit: 0.001132 bestmemit:    2.348049   -7.072253    1.000000    0.000000  552.041238
Iteration: 150 bestvalit: 0.001132 bestmemit:    2.348049   -7.072253    1.000000    0.000000  552.041238
Iteration: 151 bestvalit: 0.001132 bestmemit:    2.348049   -7.072253    1.000000    0.000000  552.041238
Iteration: 152 bestvalit: 0.001132 bestmemit:    2.348049   -7.072253    1.000000    0.000000  552.041238
Iteration: 153 bestvalit: 0.001132 bestmemit:    2.348049   -7.072253    1.000000    0.000000  552.041238
Iteration: 154 bestvalit: 0.001132 bestmemit:    2.348049   -7.072253    1.000000    0.000000  552.041238
Iteration: 155 bestvalit: 0.001132 bestmemit:    2.348049   -7.072253    1.000000    0.000000  552.041238
Iteration: 156 bestvalit: 0.001132 bestmemit:    2.348049   -7.072253    1.000000    0.000000  552.041238
Iteration: 157 bestvalit: 0.001132 bestmemit:    2.348049   -7.072253    1.000000    0.000000  552.041238
Iteration: 158 bestvalit: 0.001132 bestmemit:    2.348049   -7.072253    1.000000    0.000000  552.041238
Iteration: 159 bestvalit: 0.001132 bestmemit:    2.348049   -7.072253    1.000000    0.000000  552.041238
Iteration: 160 bestvalit: 0.001132 bestmemit:    2.348049   -7.072253    1.000000    0.000000  552.041238
Iteration: 161 bestvalit: 0.001132 bestmemit:    2.348049   -7.072253    1.000000    0.000000  552.041238
Iteration: 162 bestvalit: 0.001132 bestmemit:    2.348049   -7.072253    1.000000    0.000000  552.041238
Iteration: 163 bestvalit: 0.001132 bestmemit:    2.348049   -7.072253    1.000000    0.000000  552.041238
Iteration: 164 bestvalit: 0.001132 bestmemit:    2.348049   -7.072253    1.000000    0.000000  552.041238
Iteration: 165 bestvalit: 0.001132 bestmemit:    2.348049   -7.072253    1.000000    0.000000  552.041238
Iteration: 166 bestvalit: 0.001132 bestmemit:    2.348049   -7.072253    1.000000    0.000000  552.041238
Iteration: 167 bestvalit: 0.001132 bestmemit:    2.348049   -7.072253    1.000000    0.000000  552.041238
Iteration: 168 bestvalit: 0.001132 bestmemit:    2.348049   -7.072253    1.000000    0.000000  552.041238
Iteration: 169 bestvalit: 0.001132 bestmemit:    2.348049   -7.072253    1.000000    0.000000  552.041238
Iteration: 170 bestvalit: 0.001132 bestmemit:    2.348049   -7.072253    1.000000    0.000000  552.041238
Iteration: 171 bestvalit: 0.001132 bestmemit:    2.348049   -7.072253    1.000000    0.000000  552.041238
Iteration: 172 bestvalit: 0.001132 bestmemit:    2.348049   -7.072253    1.000000    0.000000  552.041238
Iteration: 173 bestvalit: 0.001132 bestmemit:    2.348049   -7.072253    1.000000    0.000000  552.041238
Iteration: 174 bestvalit: 0.001132 bestmemit:    2.348049   -7.072253    1.000000    0.000000  552.041238
Iteration: 175 bestvalit: 0.001132 bestmemit:    2.348049   -7.072253    1.000000    0.000000  552.041238
Iteration: 176 bestvalit: 0.001132 bestmemit:    2.348049   -7.072253    1.000000    0.000000  552.041238
Iteration: 177 bestvalit: 0.001132 bestmemit:    2.348049   -7.072253    1.000000    0.000000  552.041238
Iteration: 178 bestvalit: 0.001132 bestmemit:    2.348049   -7.072253    1.000000    0.000000  552.041238
Iteration: 179 bestvalit: 0.001132 bestmemit:    2.348049   -7.072253    1.000000    0.000000  552.041238
Iteration: 180 bestvalit: 0.001132 bestmemit:    2.348049   -7.072253    1.000000    0.000000  552.041238
Iteration: 181 bestvalit: 0.001132 bestmemit:    2.348049   -7.072253    1.000000    0.000000  552.041238
Iteration: 182 bestvalit: 0.001132 bestmemit:    2.348049   -7.072253    1.000000    0.000000  552.041238
Iteration: 183 bestvalit: 0.001121 bestmemit:    2.450556    4.746196    1.000000    0.000000  559.608826
Iteration: 184 bestvalit: 0.001121 bestmemit:    2.450556    4.746196    1.000000    0.000000  559.608826
Iteration: 185 bestvalit: 0.001121 bestmemit:    2.450556    4.746196    1.000000    0.000000  559.608826
Iteration: 186 bestvalit: 0.001121 bestmemit:    2.450556    4.746196    1.000000    0.000000  559.608826
Iteration: 187 bestvalit: 0.001121 bestmemit:    2.450556    4.746196    1.000000    0.000000  559.608826
Iteration: 188 bestvalit: 0.001121 bestmemit:    2.450556    4.746196    1.000000    0.000000  559.608826
Iteration: 189 bestvalit: 0.001121 bestmemit:    2.450556    4.746196    1.000000    0.000000  559.608826
Iteration: 190 bestvalit: 0.001121 bestmemit:    2.450556    4.746196    1.000000    0.000000  559.608826
Iteration: 191 bestvalit: 0.001121 bestmemit:    2.450556    4.746196    1.000000    0.000000  559.608826
Iteration: 192 bestvalit: 0.001121 bestmemit:    2.450556    4.746196    1.000000    0.000000  559.608826
Iteration: 193 bestvalit: 0.001121 bestmemit:    2.450556    4.746196    1.000000    0.000000  559.608826
Iteration: 194 bestvalit: 0.001121 bestmemit:    2.450556    4.746196    1.000000    0.000000  559.608826
Iteration: 195 bestvalit: 0.001121 bestmemit:    2.450556    4.746196    1.000000    0.000000  559.608826
Iteration: 196 bestvalit: 0.001121 bestmemit:    2.450556    4.746196    1.000000    0.000000  559.608826
Iteration: 197 bestvalit: 0.001121 bestmemit:    2.450556    4.746196    1.000000    0.000000  559.608826
Iteration: 198 bestvalit: 0.001121 bestmemit:    2.450556    4.746196    1.000000    0.000000  559.608826
Iteration: 199 bestvalit: 0.001121 bestmemit:    2.450556    4.746196    1.000000    0.000000  559.608826
Iteration: 200 bestvalit: 0.001121 bestmemit:    2.450556    4.746196    1.000000    0.000000  559.608826
Iteration: 201 bestvalit: 0.001121 bestmemit:    2.450556    4.746196    1.000000    0.000000  559.608826
Iteration: 202 bestvalit: 0.001121 bestmemit:    2.450556    4.746196    1.000000    0.000000  559.608826
Iteration: 203 bestvalit: 0.001121 bestmemit:    2.450556    4.746196    1.000000    0.000000  559.608826
Iteration: 204 bestvalit: 0.001121 bestmemit:    2.450556    4.746196    1.000000    0.000000  559.608826
Iteration: 205 bestvalit: 0.001121 bestmemit:    2.450556    4.746196    1.000000    0.000000  559.608826
Iteration: 206 bestvalit: 0.001121 bestmemit:    2.450556    4.746196    1.000000    0.000000  559.608826
Iteration: 207 bestvalit: 0.001121 bestmemit:    2.450556    4.746196    1.000000    0.000000  559.608826
Iteration: 208 bestvalit: 0.001121 bestmemit:    2.450556    4.746196    1.000000    0.000000  559.608826
Iteration: 209 bestvalit: 0.001121 bestmemit:    2.450556    4.746196    1.000000    0.000000  559.608826
Iteration: 210 bestvalit: 0.001121 bestmemit:    2.450556    4.746196    1.000000    0.000000  559.608826
Iteration: 211 bestvalit: 0.001121 bestmemit:    2.450556    4.746196    1.000000    0.000000  559.608826
Iteration: 212 bestvalit: 0.001121 bestmemit:    2.450556    4.746196    1.000000    0.000000  559.608826
Iteration: 213 bestvalit: 0.001121 bestmemit:    2.450556    4.746196    1.000000    0.000000  559.608826
Iteration: 214 bestvalit: 0.001121 bestmemit:    2.450556    4.746196    1.000000    0.000000  559.608826
Iteration: 215 bestvalit: 0.001121 bestmemit:    2.450556    4.746196    1.000000    0.000000  559.608826
Iteration: 216 bestvalit: 0.001121 bestmemit:    2.450556    4.746196    1.000000    0.000000  559.608826
Iteration: 217 bestvalit: 0.001121 bestmemit:    2.450556    4.746196    1.000000    0.000000  559.608826
Iteration: 218 bestvalit: 0.001121 bestmemit:    2.450556    4.746196    1.000000    0.000000  559.608826
Iteration: 219 bestvalit: 0.001121 bestmemit:    2.450556    4.746196    1.000000    0.000000  559.608826
Iteration: 220 bestvalit: 0.001121 bestmemit:    2.450556    4.746196    1.000000    0.000000  559.608826
Iteration: 221 bestvalit: 0.001121 bestmemit:    2.450556    4.746196    1.000000    0.000000  559.608826
Iteration: 222 bestvalit: 0.001121 bestmemit:    2.450556    4.746196    1.000000    0.000000  559.608826
Iteration: 223 bestvalit: 0.001121 bestmemit:    2.450556    4.746196    1.000000    0.000000  559.608826
Iteration: 224 bestvalit: 0.001121 bestmemit:    2.450556    4.746196    1.000000    0.000000  559.608826
Iteration: 225 bestvalit: 0.001121 bestmemit:    2.450556    4.746196    1.000000    0.000000  559.608826
Iteration: 226 bestvalit: 0.001121 bestmemit:    2.450556    4.746196    1.000000    0.000000  559.608826
Iteration: 227 bestvalit: 0.001121 bestmemit:    2.450556    4.746196    1.000000    0.000000  559.608826
Iteration: 228 bestvalit: 0.001121 bestmemit:    2.450556    4.746196    1.000000    0.000000  559.608826
Iteration: 229 bestvalit: 0.001121 bestmemit:    2.450556    4.746196    1.000000    0.000000  559.608826
Iteration: 230 bestvalit: 0.001121 bestmemit:    2.450556    4.746196    1.000000    0.000000  559.608826
Iteration: 231 bestvalit: 0.001121 bestmemit:    2.450556    4.746196    1.000000    0.000000  559.608826
Iteration: 232 bestvalit: 0.001121 bestmemit:    2.450556    4.746196    1.000000    0.000000  559.608826
Iteration: 233 bestvalit: 0.001121 bestmemit:    2.450556    4.746196    1.000000    0.000000  559.608826
Iteration: 234 bestvalit: 0.001121 bestmemit:    2.450556    4.746196    1.000000    0.000000  559.608826
Iteration: 235 bestvalit: 0.001121 bestmemit:    2.450556    4.746196    1.000000    0.000000  559.608826
Iteration: 236 bestvalit: 0.001121 bestmemit:    2.450556    4.746196    1.000000    0.000000  559.608826
Iteration: 237 bestvalit: 0.001121 bestmemit:    2.450556    4.746196    1.000000    0.000000  559.608826
Iteration: 238 bestvalit: 0.001121 bestmemit:    2.450556    4.746196    1.000000    0.000000  559.608826
Iteration: 239 bestvalit: 0.001121 bestmemit:    2.450556    4.746196    1.000000    0.000000  559.608826
Iteration: 240 bestvalit: 0.001121 bestmemit:    2.450556    4.746196    1.000000    0.000000  559.608826
Iteration: 241 bestvalit: 0.001121 bestmemit:    2.450556    4.746196    1.000000    0.000000  559.608826
Iteration: 242 bestvalit: 0.001121 bestmemit:    2.450556    4.746196    1.000000    0.000000  559.608826
Iteration: 243 bestvalit: 0.001121 bestmemit:    2.450556    4.746196    1.000000    0.000000  559.608826
Iteration: 244 bestvalit: 0.001121 bestmemit:    2.450556    4.746196    1.000000    0.000000  559.608826
Iteration: 245 bestvalit: 0.001121 bestmemit:    2.450556    4.746196    1.000000    0.000000  559.608826
Iteration: 246 bestvalit: 0.001121 bestmemit:    2.450556    4.746196    1.000000    0.000000  559.608826
Iteration: 247 bestvalit: 0.001121 bestmemit:    2.450556    4.746196    1.000000    0.000000  559.608826
Iteration: 248 bestvalit: 0.001121 bestmemit:    2.450556    4.746196    1.000000    0.000000  559.608826
Iteration: 249 bestvalit: 0.001121 bestmemit:    2.450556    4.746196    1.000000    0.000000  559.608826
Iteration: 250 bestvalit: 0.001121 bestmemit:    2.450556    4.746196    1.000000    0.000000  559.608826
Iteration: 251 bestvalit: 0.001121 bestmemit:    2.450556    4.746196    1.000000    0.000000  559.608826
Iteration: 252 bestvalit: 0.001121 bestmemit:    2.450556    4.746196    1.000000    0.000000  559.608826
Iteration: 253 bestvalit: 0.001121 bestmemit:    2.450556    4.746196    1.000000    0.000000  559.608826
Iteration: 254 bestvalit: 0.001121 bestmemit:    2.450556    4.746196    1.000000    0.000000  559.608826
Iteration: 255 bestvalit: 0.001121 bestmemit:    2.450556    4.746196    1.000000    0.000000  559.608826
Iteration: 256 bestvalit: 0.001121 bestmemit:    2.450556    4.746196    1.000000    0.000000  559.608826
Iteration: 257 bestvalit: 0.001121 bestmemit:    2.450556    4.746196    1.000000    0.000000  559.608826
Iteration: 258 bestvalit: 0.001121 bestmemit:    2.450556    4.746196    1.000000    0.000000  559.608826
Iteration: 259 bestvalit: 0.001121 bestmemit:    2.450556    4.746196    1.000000    0.000000  559.608826
Iteration: 260 bestvalit: 0.001121 bestmemit:    2.450556    4.746196    1.000000    0.000000  559.608826
Iteration: 261 bestvalit: 0.001121 bestmemit:    2.450556    4.746196    1.000000    0.000000  559.608826
Iteration: 262 bestvalit: 0.001121 bestmemit:    2.450556    4.746196    1.000000    0.000000  559.608826
Iteration: 263 bestvalit: 0.001121 bestmemit:    2.450556    4.746196    1.000000    0.000000  559.608826
Iteration: 264 bestvalit: 0.001121 bestmemit:    2.450556    4.746196    1.000000    0.000000  559.608826
Iteration: 265 bestvalit: 0.001121 bestmemit:    2.450556    4.746196    1.000000    0.000000  559.608826
Iteration: 266 bestvalit: 0.001121 bestmemit:    2.450556    4.746196    1.000000    0.000000  559.608826
Iteration: 267 bestvalit: 0.001121 bestmemit:    2.450556    4.746196    1.000000    0.000000  559.608826
Iteration: 268 bestvalit: 0.001121 bestmemit:    2.450556    4.746196    1.000000    0.000000  559.608826
Iteration: 269 bestvalit: 0.001121 bestmemit:    2.450556    4.746196    1.000000    0.000000  559.608826
Iteration: 270 bestvalit: 0.001121 bestmemit:    2.450556    4.746196    1.000000    0.000000  559.608826
Iteration: 271 bestvalit: 0.001121 bestmemit:    2.450556    4.746196    1.000000    0.000000  559.608826
Iteration: 272 bestvalit: 0.001121 bestmemit:    2.450556    4.746196    1.000000    0.000000  559.608826
Iteration: 273 bestvalit: 0.001121 bestmemit:    2.450556    4.746196    1.000000    0.000000  559.608826
Iteration: 274 bestvalit: 0.001121 bestmemit:    2.450556    4.746196    1.000000    0.000000  559.608826
Iteration: 275 bestvalit: 0.001121 bestmemit:    2.450556    4.746196    1.000000    0.000000  559.608826
Iteration: 276 bestvalit: 0.001121 bestmemit:    2.450556    4.746196    1.000000    0.000000  559.608826
Iteration: 277 bestvalit: 0.001121 bestmemit:    2.450556    4.746196    1.000000    0.000000  559.608826
Iteration: 278 bestvalit: 0.001121 bestmemit:    2.450556    4.746196    1.000000    0.000000  559.608826
Iteration: 279 bestvalit: 0.001121 bestmemit:    2.450556    4.746196    1.000000    0.000000  559.608826
Iteration: 280 bestvalit: 0.001121 bestmemit:    2.450556    4.746196    1.000000    0.000000  559.608826
Iteration: 281 bestvalit: 0.001121 bestmemit:    2.450556    4.746196    1.000000    0.000000  559.608826
Iteration: 282 bestvalit: 0.001121 bestmemit:    2.450556    4.746196    1.000000    0.000000  559.608826
Iteration: 283 bestvalit: 0.001121 bestmemit:    2.450556    4.746196    1.000000    0.000000  559.608826
Iteration: 284 bestvalit: 0.001121 bestmemit:    2.450556    4.746196    1.000000    0.000000  559.608826

***** summary of DEoptim object ***** 
best member   :  2.45056 4.7462 1 0 559.6088 
best value    :  0.00112 
after         :  284 generations 
fn evaluated  :  570 times 
*************************************
