SLURM_JOB_ID: 55336547
SLURM_JOB_USER: vsc34066
SLURM_JOB_ACCOUNT: lp_desenderlab
SLURM_JOB_NAME: fit_alternating_fb_beta_learn.slurm
SLURM_CLUSTER_NAME: genius
SLURM_JOB_PARTITION: batch
SLURM_ARRAY_JOB_ID: 55336494
SLURM_ARRAY_TASK_ID: 53
SLURM_NNODES: 2
SLURM_NODELIST: r23i13n[11-12]
SLURM_JOB_CPUS_PER_NODE: 4(x2)
Date: Tue Nov  7 16:43:55 CET 2023
Walltime: 00-23:00:00
========================================================================
Iteration: 1 bestvalit: 0.003404 bestmemit:   10.242528  -68.692475    1.000000    0.000000  749.269261
Iteration: 2 bestvalit: 0.003404 bestmemit:   10.242528  -68.692475    1.000000    0.000000  749.269261
Iteration: 3 bestvalit: 0.003098 bestmemit:   10.242528  -68.692475    1.000000    0.000000  749.269261
Iteration: 4 bestvalit: 0.003098 bestmemit:   10.242528  -68.692475    1.000000    0.000000  749.269261
Iteration: 5 bestvalit: 0.003098 bestmemit:   10.242528  -68.692475    1.000000    0.000000  749.269261
Iteration: 6 bestvalit: 0.003098 bestmemit:   10.242528  -68.692475    1.000000    0.000000  749.269261
Iteration: 7 bestvalit: 0.003098 bestmemit:   10.242528  -68.692475    1.000000    0.000000  749.269261
Iteration: 8 bestvalit: 0.002291 bestmemit:   10.154900   74.601098    1.000000    0.000000  571.343995
Iteration: 9 bestvalit: 0.002291 bestmemit:   10.154900   74.601098    1.000000    0.000000  571.343995
Iteration: 10 bestvalit: 0.002291 bestmemit:   10.154900   74.601098    1.000000    0.000000  571.343995
Iteration: 11 bestvalit: 0.002291 bestmemit:   10.154900   74.601098    1.000000    0.000000  571.343995
Iteration: 12 bestvalit: 0.002042 bestmemit:    6.773364  -40.024942    1.000000    0.000000  620.112401
Iteration: 13 bestvalit: 0.001852 bestmemit:    6.610514   74.601098    1.000000    0.000000  571.343995
Iteration: 14 bestvalit: 0.001639 bestmemit:    6.773364  -40.024942    1.000000    0.000000  549.185863
Iteration: 15 bestvalit: 0.001639 bestmemit:    6.773364  -40.024942    1.000000    0.000000  549.185863
Iteration: 16 bestvalit: 0.001639 bestmemit:    6.773364  -40.024942    1.000000    0.000000  549.185863
Iteration: 17 bestvalit: 0.001639 bestmemit:    6.773364  -40.024942    1.000000    0.000000  549.185863
Iteration: 18 bestvalit: 0.001639 bestmemit:    6.773364  -40.024942    1.000000    0.000000  549.185863
Iteration: 19 bestvalit: 0.001639 bestmemit:    6.773364  -40.024942    1.000000    0.000000  549.185863
Iteration: 20 bestvalit: 0.001462 bestmemit:    2.588411  -15.174561    1.000000    0.000000  547.173798
Iteration: 21 bestvalit: 0.001443 bestmemit:    2.588411  -15.174561    1.000000    0.000000  547.173798
Iteration: 22 bestvalit: 0.001443 bestmemit:    2.588411  -15.174561    1.000000    0.000000  547.173798
Iteration: 23 bestvalit: 0.001443 bestmemit:    2.588411  -15.174561    1.000000    0.000000  547.173798
Iteration: 24 bestvalit: 0.001443 bestmemit:    2.588411  -15.174561    1.000000    0.000000  547.173798
Iteration: 25 bestvalit: 0.001443 bestmemit:    2.588411  -15.174561    1.000000    0.000000  547.173798
Iteration: 26 bestvalit: 0.001425 bestmemit:    2.588411  -15.174561    1.000000    0.000000  547.173798
Iteration: 27 bestvalit: 0.001425 bestmemit:    2.588411  -15.174561    1.000000    0.000000  547.173798
Iteration: 28 bestvalit: 0.001425 bestmemit:    2.588411  -15.174561    1.000000    0.000000  547.173798
Iteration: 29 bestvalit: 0.001425 bestmemit:    2.588411  -15.174561    1.000000    0.000000  547.173798
Iteration: 30 bestvalit: 0.001425 bestmemit:    2.588411  -15.174561    1.000000    0.000000  547.173798
Iteration: 31 bestvalit: 0.001425 bestmemit:    2.588411  -15.174561    1.000000    0.000000  547.173798
Iteration: 32 bestvalit: 0.001425 bestmemit:    2.588411  -15.174561    1.000000    0.000000  547.173798
Iteration: 33 bestvalit: 0.001378 bestmemit:    2.588411  -15.174561    1.000000    0.000000  547.173798
Iteration: 34 bestvalit: 0.001378 bestmemit:    2.588411  -15.174561    1.000000    0.000000  547.173798
Iteration: 35 bestvalit: 0.001378 bestmemit:    2.588411  -15.174561    1.000000    0.000000  547.173798
Iteration: 36 bestvalit: 0.001378 bestmemit:    2.588411  -15.174561    1.000000    0.000000  547.173798
Iteration: 37 bestvalit: 0.001378 bestmemit:    2.588411  -15.174561    1.000000    0.000000  547.173798
Iteration: 38 bestvalit: 0.001378 bestmemit:    2.588411  -15.174561    1.000000    0.000000  547.173798
Iteration: 39 bestvalit: 0.001378 bestmemit:    2.588411  -15.174561    1.000000    0.000000  547.173798
Iteration: 40 bestvalit: 0.001378 bestmemit:    2.588411  -15.174561    1.000000    0.000000  547.173798
Iteration: 41 bestvalit: 0.001378 bestmemit:    2.588411  -15.174561    1.000000    0.000000  547.173798
Iteration: 42 bestvalit: 0.001378 bestmemit:    2.588411  -15.174561    1.000000    0.000000  547.173798
Iteration: 43 bestvalit: 0.001378 bestmemit:    2.588411  -15.174561    1.000000    0.000000  547.173798
Iteration: 44 bestvalit: 0.001378 bestmemit:    2.588411  -15.174561    1.000000    0.000000  547.173798
Iteration: 45 bestvalit: 0.001378 bestmemit:    2.588411  -15.174561    1.000000    0.000000  547.173798
Iteration: 46 bestvalit: 0.001378 bestmemit:    2.588411  -15.174561    1.000000    0.000000  547.173798
Iteration: 47 bestvalit: 0.001378 bestmemit:    2.588411  -15.174561    1.000000    0.000000  547.173798
Iteration: 48 bestvalit: 0.001378 bestmemit:    2.588411  -15.174561    1.000000    0.000000  547.173798
Iteration: 49 bestvalit: 0.001360 bestmemit:    3.188949   29.959586    1.000000    0.000000  552.652526
Iteration: 50 bestvalit: 0.001360 bestmemit:    3.188949   29.959586    1.000000    0.000000  552.652526
Iteration: 51 bestvalit: 0.001360 bestmemit:    3.188949   29.959586    1.000000    0.000000  552.652526
Iteration: 52 bestvalit: 0.001360 bestmemit:    3.188949   29.959586    1.000000    0.000000  552.652526
Iteration: 53 bestvalit: 0.001360 bestmemit:    3.188949   29.959586    1.000000    0.000000  552.652526
Iteration: 54 bestvalit: 0.001360 bestmemit:    3.188949   29.959586    1.000000    0.000000  552.652526
Iteration: 55 bestvalit: 0.001360 bestmemit:    3.188949   29.959586    1.000000    0.000000  552.652526
Iteration: 56 bestvalit: 0.001360 bestmemit:    3.188949   29.959586    1.000000    0.000000  552.652526
Iteration: 57 bestvalit: 0.001360 bestmemit:    3.188949   29.959586    1.000000    0.000000  552.652526
Iteration: 58 bestvalit: 0.001360 bestmemit:    3.188949   29.959586    1.000000    0.000000  552.652526
Iteration: 59 bestvalit: 0.001360 bestmemit:    3.188949   29.959586    1.000000    0.000000  552.652526
Iteration: 60 bestvalit: 0.001360 bestmemit:    3.188949   29.959586    1.000000    0.000000  552.652526
Iteration: 61 bestvalit: 0.001360 bestmemit:    3.188949   29.959586    1.000000    0.000000  552.652526
Iteration: 62 bestvalit: 0.001360 bestmemit:    3.188949   29.959586    1.000000    0.000000  552.652526
Iteration: 63 bestvalit: 0.001360 bestmemit:    3.188949   29.959586    1.000000    0.000000  552.652526
Iteration: 64 bestvalit: 0.001360 bestmemit:    3.188949   29.959586    1.000000    0.000000  552.652526
Iteration: 65 bestvalit: 0.001360 bestmemit:    3.188949   29.959586    1.000000    0.000000  552.652526
Iteration: 66 bestvalit: 0.001360 bestmemit:    3.188949   29.959586    1.000000    0.000000  552.652526
Iteration: 67 bestvalit: 0.001360 bestmemit:    3.188949   29.959586    1.000000    0.000000  552.652526
Iteration: 68 bestvalit: 0.001360 bestmemit:    3.188949   29.959586    1.000000    0.000000  552.652526
Iteration: 69 bestvalit: 0.001360 bestmemit:    3.188949   29.959586    1.000000    0.000000  552.652526
Iteration: 70 bestvalit: 0.001360 bestmemit:    3.188949   29.959586    1.000000    0.000000  552.652526
Iteration: 71 bestvalit: 0.001360 bestmemit:    3.188949   29.959586    1.000000    0.000000  552.652526
Iteration: 72 bestvalit: 0.001360 bestmemit:    3.188949   29.959586    1.000000    0.000000  552.652526
Iteration: 73 bestvalit: 0.001360 bestmemit:    3.188949   29.959586    1.000000    0.000000  552.652526
Iteration: 74 bestvalit: 0.001360 bestmemit:    3.188949   29.959586    1.000000    0.000000  552.652526
Iteration: 75 bestvalit: 0.001360 bestmemit:    3.188949   29.959586    1.000000    0.000000  552.652526
Iteration: 76 bestvalit: 0.001360 bestmemit:    3.188949   29.959586    1.000000    0.000000  552.652526
Iteration: 77 bestvalit: 0.001360 bestmemit:    3.188949   29.959586    1.000000    0.000000  552.652526
Iteration: 78 bestvalit: 0.001360 bestmemit:    3.188949   29.959586    1.000000    0.000000  552.652526
Iteration: 79 bestvalit: 0.001360 bestmemit:    3.188949   29.959586    1.000000    0.000000  552.652526
Iteration: 80 bestvalit: 0.001360 bestmemit:    3.188949   29.959586    1.000000    0.000000  552.652526
Iteration: 81 bestvalit: 0.001360 bestmemit:    3.188949   29.959586    1.000000    0.000000  552.652526
Iteration: 82 bestvalit: 0.001360 bestmemit:    3.188949   29.959586    1.000000    0.000000  552.652526
Iteration: 83 bestvalit: 0.001360 bestmemit:    3.188949   29.959586    1.000000    0.000000  552.652526
Iteration: 84 bestvalit: 0.001360 bestmemit:    3.188949   29.959586    1.000000    0.000000  552.652526
Iteration: 85 bestvalit: 0.001360 bestmemit:    3.188949   29.959586    1.000000    0.000000  552.652526
Iteration: 86 bestvalit: 0.001360 bestmemit:    3.188949   29.959586    1.000000    0.000000  552.652526
Iteration: 87 bestvalit: 0.001360 bestmemit:    3.188949   29.959586    1.000000    0.000000  552.652526
Iteration: 88 bestvalit: 0.001360 bestmemit:    3.188949   29.959586    1.000000    0.000000  552.652526
Iteration: 89 bestvalit: 0.001360 bestmemit:    3.188949   29.959586    1.000000    0.000000  552.652526
Iteration: 90 bestvalit: 0.001360 bestmemit:    3.188949   29.959586    1.000000    0.000000  552.652526
Iteration: 91 bestvalit: 0.001360 bestmemit:    3.188949   29.959586    1.000000    0.000000  552.652526
Iteration: 92 bestvalit: 0.001360 bestmemit:    3.188949   29.959586    1.000000    0.000000  552.652526
Iteration: 93 bestvalit: 0.001360 bestmemit:    3.188949   29.959586    1.000000    0.000000  552.652526
Iteration: 94 bestvalit: 0.001360 bestmemit:    3.188949   29.959586    1.000000    0.000000  552.652526
Iteration: 95 bestvalit: 0.001360 bestmemit:    3.188949   29.959586    1.000000    0.000000  552.652526
Iteration: 96 bestvalit: 0.001360 bestmemit:    3.188949   29.959586    1.000000    0.000000  552.652526
Iteration: 97 bestvalit: 0.001360 bestmemit:    3.188949   29.959586    1.000000    0.000000  552.652526
Iteration: 98 bestvalit: 0.001360 bestmemit:    3.188949   29.959586    1.000000    0.000000  552.652526
Iteration: 99 bestvalit: 0.001360 bestmemit:    3.188949   29.959586    1.000000    0.000000  552.652526
Iteration: 100 bestvalit: 0.001360 bestmemit:    3.188949   29.959586    1.000000    0.000000  552.652526
Iteration: 101 bestvalit: 0.001360 bestmemit:    3.188949   29.959586    1.000000    0.000000  552.652526
Iteration: 102 bestvalit: 0.001360 bestmemit:    3.188949   29.959586    1.000000    0.000000  552.652526
Iteration: 103 bestvalit: 0.001360 bestmemit:    3.188949   29.959586    1.000000    0.000000  552.652526
Iteration: 104 bestvalit: 0.001360 bestmemit:    3.188949   29.959586    1.000000    0.000000  552.652526
Iteration: 105 bestvalit: 0.001360 bestmemit:    3.188949   29.959586    1.000000    0.000000  552.652526
Iteration: 106 bestvalit: 0.001360 bestmemit:    3.188949   29.959586    1.000000    0.000000  552.652526
Iteration: 107 bestvalit: 0.001360 bestmemit:    3.188949   29.959586    1.000000    0.000000  552.652526
Iteration: 108 bestvalit: 0.001360 bestmemit:    3.188949   29.959586    1.000000    0.000000  552.652526
Iteration: 109 bestvalit: 0.001360 bestmemit:    3.188949   29.959586    1.000000    0.000000  552.652526
Iteration: 110 bestvalit: 0.001360 bestmemit:    3.188949   29.959586    1.000000    0.000000  552.652526
Iteration: 111 bestvalit: 0.001360 bestmemit:    3.188949   29.959586    1.000000    0.000000  552.652526
Iteration: 112 bestvalit: 0.001360 bestmemit:    3.188949   29.959586    1.000000    0.000000  552.652526
Iteration: 113 bestvalit: 0.001360 bestmemit:    3.188949   29.959586    1.000000    0.000000  552.652526
Iteration: 114 bestvalit: 0.001360 bestmemit:    3.188949   29.959586    1.000000    0.000000  552.652526
Iteration: 115 bestvalit: 0.001360 bestmemit:    3.188949   29.959586    1.000000    0.000000  552.652526
Iteration: 116 bestvalit: 0.001360 bestmemit:    3.188949   29.959586    1.000000    0.000000  552.652526
Iteration: 117 bestvalit: 0.001360 bestmemit:    3.188949   29.959586    1.000000    0.000000  552.652526
Iteration: 118 bestvalit: 0.001360 bestmemit:    3.188949   29.959586    1.000000    0.000000  552.652526
Iteration: 119 bestvalit: 0.001360 bestmemit:    3.188949   29.959586    1.000000    0.000000  552.652526
Iteration: 120 bestvalit: 0.001360 bestmemit:    3.188949   29.959586    1.000000    0.000000  552.652526
Iteration: 121 bestvalit: 0.001360 bestmemit:    3.188949   29.959586    1.000000    0.000000  552.652526
Iteration: 122 bestvalit: 0.001360 bestmemit:    3.188949   29.959586    1.000000    0.000000  552.652526
Iteration: 123 bestvalit: 0.001360 bestmemit:    3.188949   29.959586    1.000000    0.000000  552.652526
Iteration: 124 bestvalit: 0.001360 bestmemit:    3.188949   29.959586    1.000000    0.000000  552.652526
Iteration: 125 bestvalit: 0.001360 bestmemit:    3.188949   29.959586    1.000000    0.000000  552.652526
Iteration: 126 bestvalit: 0.001360 bestmemit:    3.188949   29.959586    1.000000    0.000000  552.652526
Iteration: 127 bestvalit: 0.001360 bestmemit:    3.188949   29.959586    1.000000    0.000000  552.652526
Iteration: 128 bestvalit: 0.001360 bestmemit:    3.188949   29.959586    1.000000    0.000000  552.652526
Iteration: 129 bestvalit: 0.001360 bestmemit:    3.188949   29.959586    1.000000    0.000000  552.652526
Iteration: 130 bestvalit: 0.001360 bestmemit:    3.188949   29.959586    1.000000    0.000000  552.652526
Iteration: 131 bestvalit: 0.001360 bestmemit:    3.188949   29.959586    1.000000    0.000000  552.652526
Iteration: 132 bestvalit: 0.001360 bestmemit:    3.188949   29.959586    1.000000    0.000000  552.652526
Iteration: 133 bestvalit: 0.001360 bestmemit:    3.188949   29.959586    1.000000    0.000000  552.652526
Iteration: 134 bestvalit: 0.001360 bestmemit:    3.188949   29.959586    1.000000    0.000000  552.652526
Iteration: 135 bestvalit: 0.001360 bestmemit:    3.188949   29.959586    1.000000    0.000000  552.652526
Iteration: 136 bestvalit: 0.001360 bestmemit:    3.188949   29.959586    1.000000    0.000000  552.652526
Iteration: 137 bestvalit: 0.001360 bestmemit:    3.188949   29.959586    1.000000    0.000000  552.652526
Iteration: 138 bestvalit: 0.001360 bestmemit:    3.188949   29.959586    1.000000    0.000000  552.652526
Iteration: 139 bestvalit: 0.001360 bestmemit:    3.188949   29.959586    1.000000    0.000000  552.652526
Iteration: 140 bestvalit: 0.001360 bestmemit:    3.188949   29.959586    1.000000    0.000000  552.652526
Iteration: 141 bestvalit: 0.001360 bestmemit:    3.188949   29.959586    1.000000    0.000000  552.652526
Iteration: 142 bestvalit: 0.001360 bestmemit:    3.188949   29.959586    1.000000    0.000000  552.652526
Iteration: 143 bestvalit: 0.001360 bestmemit:    3.188949   29.959586    1.000000    0.000000  552.652526
Iteration: 144 bestvalit: 0.001360 bestmemit:    3.188949   29.959586    1.000000    0.000000  552.652526
Iteration: 145 bestvalit: 0.001360 bestmemit:    3.188949   29.959586    1.000000    0.000000  552.652526
Iteration: 146 bestvalit: 0.001360 bestmemit:    3.188949   29.959586    1.000000    0.000000  552.652526
Iteration: 147 bestvalit: 0.001360 bestmemit:    3.188949   29.959586    1.000000    0.000000  552.652526
Iteration: 148 bestvalit: 0.001360 bestmemit:    3.188949   29.959586    1.000000    0.000000  552.652526
Iteration: 149 bestvalit: 0.001360 bestmemit:    3.188949   29.959586    1.000000    0.000000  552.652526
Iteration: 150 bestvalit: 0.001360 bestmemit:    3.188949   29.959586    1.000000    0.000000  552.652526

***** summary of DEoptim object ***** 
best member   :  3.18895 29.95959 1 0 552.6525 
best value    :  0.00136 
after         :  150 generations 
fn evaluated  :  302 times 
*************************************
