SLURM_JOB_ID: 55336545
SLURM_JOB_USER: vsc34066
SLURM_JOB_ACCOUNT: lp_desenderlab
SLURM_JOB_NAME: fit_alternating_fb_beta_learn.slurm
SLURM_CLUSTER_NAME: genius
SLURM_JOB_PARTITION: batch
SLURM_ARRAY_JOB_ID: 55336494
SLURM_ARRAY_TASK_ID: 51
SLURM_NNODES: 1
SLURM_NODELIST: r23i13n11
SLURM_JOB_CPUS_PER_NODE: 8
Date: Tue Nov  7 16:44:02 CET 2023
Walltime: 00-23:00:00
========================================================================
Iteration: 1 bestvalit: 0.002273 bestmemit:    2.667352    8.773442    1.000000    0.000000  832.753852
Iteration: 2 bestvalit: 0.002273 bestmemit:    2.667352    8.773442    1.000000    0.000000  832.753852
Iteration: 3 bestvalit: 0.002273 bestmemit:    2.667352    8.773442    1.000000    0.000000  832.753852
Iteration: 4 bestvalit: 0.002161 bestmemit:   10.032465   -0.495372    1.000000    0.000000  665.067937
Iteration: 5 bestvalit: 0.001472 bestmemit:    0.451388   -2.872413    1.000000    0.000000  694.737964
Iteration: 6 bestvalit: 0.001461 bestmemit:    0.451388   -2.872413    1.000000    0.000000  694.737964
Iteration: 7 bestvalit: 0.001461 bestmemit:    0.451388   -2.872413    1.000000    0.000000  694.737964
Iteration: 8 bestvalit: 0.001461 bestmemit:    0.451388   -2.872413    1.000000    0.000000  694.737964
Iteration: 9 bestvalit: 0.001461 bestmemit:    0.451388   -2.872413    1.000000    0.000000  694.737964
Iteration: 10 bestvalit: 0.001461 bestmemit:    0.451388   -2.872413    1.000000    0.000000  694.737964
Iteration: 11 bestvalit: 0.001367 bestmemit:    1.165376  -53.370518    1.000000    0.000000  652.233366
Iteration: 12 bestvalit: 0.001339 bestmemit:    2.760686  -53.370518    1.000000    0.000000  652.233366
Iteration: 13 bestvalit: 0.001339 bestmemit:    2.760686  -53.370518    1.000000    0.000000  652.233366
Iteration: 14 bestvalit: 0.001339 bestmemit:    2.760686  -53.370518    1.000000    0.000000  652.233366
Iteration: 15 bestvalit: 0.001339 bestmemit:    2.760686  -53.370518    1.000000    0.000000  652.233366
Iteration: 16 bestvalit: 0.001339 bestmemit:    2.760686  -53.370518    1.000000    0.000000  652.233366
Iteration: 17 bestvalit: 0.001339 bestmemit:    2.760686  -53.370518    1.000000    0.000000  652.233366
Iteration: 18 bestvalit: 0.001339 bestmemit:    2.760686  -53.370518    1.000000    0.000000  652.233366
Iteration: 19 bestvalit: 0.001339 bestmemit:    2.760686  -53.370518    1.000000    0.000000  652.233366
Iteration: 20 bestvalit: 0.001339 bestmemit:    2.760686  -53.370518    1.000000    0.000000  652.233366
Iteration: 21 bestvalit: 0.001339 bestmemit:    2.760686  -53.370518    1.000000    0.000000  652.233366
Iteration: 22 bestvalit: 0.001339 bestmemit:    2.760686  -53.370518    1.000000    0.000000  652.233366
Iteration: 23 bestvalit: 0.001339 bestmemit:    2.760686  -53.370518    1.000000    0.000000  652.233366
Iteration: 24 bestvalit: 0.001339 bestmemit:    2.760686  -53.370518    1.000000    0.000000  652.233366
Iteration: 25 bestvalit: 0.001338 bestmemit:    2.125666  -53.370518    1.000000    0.000000  675.581570
Iteration: 26 bestvalit: 0.001338 bestmemit:    2.125666  -53.370518    1.000000    0.000000  675.581570
Iteration: 27 bestvalit: 0.001332 bestmemit:    3.111786  -35.305114    1.000000    0.000000  652.878084
Iteration: 28 bestvalit: 0.001332 bestmemit:    3.111786  -35.305114    1.000000    0.000000  652.878084
Iteration: 29 bestvalit: 0.001332 bestmemit:    3.111786  -35.305114    1.000000    0.000000  652.878084
Iteration: 30 bestvalit: 0.001332 bestmemit:    3.111786  -35.305114    1.000000    0.000000  652.878084
Iteration: 31 bestvalit: 0.001332 bestmemit:    3.111786  -35.305114    1.000000    0.000000  652.878084
Iteration: 32 bestvalit: 0.001332 bestmemit:    3.111786  -35.305114    1.000000    0.000000  652.878084
Iteration: 33 bestvalit: 0.001332 bestmemit:    3.111786  -35.305114    1.000000    0.000000  652.878084
Iteration: 34 bestvalit: 0.001332 bestmemit:    3.111786  -35.305114    1.000000    0.000000  652.878084
Iteration: 35 bestvalit: 0.001332 bestmemit:    3.111786  -35.305114    1.000000    0.000000  652.878084
Iteration: 36 bestvalit: 0.001321 bestmemit:    3.100838  -21.081984    1.000000    0.000000  659.940049
Iteration: 37 bestvalit: 0.001321 bestmemit:    3.100838  -21.081984    1.000000    0.000000  659.940049
Iteration: 38 bestvalit: 0.001321 bestmemit:    3.100838  -21.081984    1.000000    0.000000  659.940049
Iteration: 39 bestvalit: 0.001321 bestmemit:    3.100838  -21.081984    1.000000    0.000000  659.940049
Iteration: 40 bestvalit: 0.001308 bestmemit:    2.325010  -40.783873    1.000000    0.000000  651.811980
Iteration: 41 bestvalit: 0.001308 bestmemit:    2.325010  -40.783873    1.000000    0.000000  651.811980
Iteration: 42 bestvalit: 0.001308 bestmemit:    2.325010  -40.783873    1.000000    0.000000  651.811980
Iteration: 43 bestvalit: 0.001308 bestmemit:    2.325010  -40.783873    1.000000    0.000000  651.811980
Iteration: 44 bestvalit: 0.001308 bestmemit:    2.325010  -40.783873    1.000000    0.000000  651.811980
Iteration: 45 bestvalit: 0.001308 bestmemit:    2.325010  -40.783873    1.000000    0.000000  651.811980
Iteration: 46 bestvalit: 0.001308 bestmemit:    2.325010  -40.783873    1.000000    0.000000  651.811980
Iteration: 47 bestvalit: 0.001308 bestmemit:    2.325010  -40.783873    1.000000    0.000000  651.811980
Iteration: 48 bestvalit: 0.001308 bestmemit:    2.325010  -40.783873    1.000000    0.000000  651.811980
Iteration: 49 bestvalit: 0.001308 bestmemit:    2.325010  -40.783873    1.000000    0.000000  651.811980
Iteration: 50 bestvalit: 0.001308 bestmemit:    2.325010  -40.783873    1.000000    0.000000  651.811980
Iteration: 51 bestvalit: 0.001308 bestmemit:    2.325010  -40.783873    1.000000    0.000000  651.811980
Iteration: 52 bestvalit: 0.001308 bestmemit:    2.325010  -40.783873    1.000000    0.000000  651.811980
Iteration: 53 bestvalit: 0.001308 bestmemit:    2.325010  -40.783873    1.000000    0.000000  651.811980
Iteration: 54 bestvalit: 0.001308 bestmemit:    2.325010  -40.783873    1.000000    0.000000  651.811980
Iteration: 55 bestvalit: 0.001308 bestmemit:    2.325010  -40.783873    1.000000    0.000000  651.811980
Iteration: 56 bestvalit: 0.001308 bestmemit:    2.325010  -40.783873    1.000000    0.000000  651.811980
Iteration: 57 bestvalit: 0.001308 bestmemit:    2.325010  -40.783873    1.000000    0.000000  651.811980
Iteration: 58 bestvalit: 0.001308 bestmemit:    2.325010  -40.783873    1.000000    0.000000  651.811980
Iteration: 59 bestvalit: 0.001308 bestmemit:    2.325010  -40.783873    1.000000    0.000000  651.811980
Iteration: 60 bestvalit: 0.001308 bestmemit:    2.325010  -40.783873    1.000000    0.000000  651.811980
Iteration: 61 bestvalit: 0.001308 bestmemit:    2.325010  -40.783873    1.000000    0.000000  651.811980
Iteration: 62 bestvalit: 0.001308 bestmemit:    2.325010  -40.783873    1.000000    0.000000  651.811980
Iteration: 63 bestvalit: 0.001308 bestmemit:    2.325010  -40.783873    1.000000    0.000000  651.811980
Iteration: 64 bestvalit: 0.001308 bestmemit:    2.325010  -40.783873    1.000000    0.000000  651.811980
Iteration: 65 bestvalit: 0.001308 bestmemit:    2.325010  -40.783873    1.000000    0.000000  651.811980
Iteration: 66 bestvalit: 0.001308 bestmemit:    2.325010  -40.783873    1.000000    0.000000  651.811980
Iteration: 67 bestvalit: 0.001308 bestmemit:    2.325010  -40.783873    1.000000    0.000000  651.811980
Iteration: 68 bestvalit: 0.001308 bestmemit:    2.325010  -40.783873    1.000000    0.000000  651.811980
Iteration: 69 bestvalit: 0.001308 bestmemit:    2.325010  -40.783873    1.000000    0.000000  651.811980
Iteration: 70 bestvalit: 0.001308 bestmemit:    2.325010  -40.783873    1.000000    0.000000  651.811980
Iteration: 71 bestvalit: 0.001308 bestmemit:    2.325010  -40.783873    1.000000    0.000000  651.811980
Iteration: 72 bestvalit: 0.001305 bestmemit:    2.497573  -24.572576    1.000000    0.000000  649.166769
Iteration: 73 bestvalit: 0.001305 bestmemit:    2.497573  -24.572576    1.000000    0.000000  649.166769
Iteration: 74 bestvalit: 0.001305 bestmemit:    2.497573  -24.572576    1.000000    0.000000  649.166769
Iteration: 75 bestvalit: 0.001305 bestmemit:    2.497573  -24.572576    1.000000    0.000000  649.166769
Iteration: 76 bestvalit: 0.001305 bestmemit:    2.497573  -24.572576    1.000000    0.000000  649.166769
Iteration: 77 bestvalit: 0.001305 bestmemit:    2.497573  -24.572576    1.000000    0.000000  649.166769
Iteration: 78 bestvalit: 0.001305 bestmemit:    2.497573  -24.572576    1.000000    0.000000  649.166769
Iteration: 79 bestvalit: 0.001305 bestmemit:    2.497573  -24.572576    1.000000    0.000000  649.166769
Iteration: 80 bestvalit: 0.001305 bestmemit:    2.497573  -24.572576    1.000000    0.000000  649.166769
Iteration: 81 bestvalit: 0.001305 bestmemit:    2.497573  -24.572576    1.000000    0.000000  649.166769
Iteration: 82 bestvalit: 0.001305 bestmemit:    2.497573  -24.572576    1.000000    0.000000  649.166769
Iteration: 83 bestvalit: 0.001305 bestmemit:    2.497573  -24.572576    1.000000    0.000000  649.166769
Iteration: 84 bestvalit: 0.001305 bestmemit:    2.497573  -24.572576    1.000000    0.000000  649.166769
Iteration: 85 bestvalit: 0.001305 bestmemit:    2.497573  -24.572576    1.000000    0.000000  649.166769
Iteration: 86 bestvalit: 0.001298 bestmemit:    2.752442  -17.811182    1.000000    0.000000  641.772764
Iteration: 87 bestvalit: 0.001298 bestmemit:    2.752442  -17.811182    1.000000    0.000000  641.772764
Iteration: 88 bestvalit: 0.001298 bestmemit:    2.752442  -17.811182    1.000000    0.000000  641.772764
Iteration: 89 bestvalit: 0.001298 bestmemit:    2.752442  -17.811182    1.000000    0.000000  641.772764
Iteration: 90 bestvalit: 0.001298 bestmemit:    2.752442  -17.811182    1.000000    0.000000  641.772764
Iteration: 91 bestvalit: 0.001298 bestmemit:    2.752442  -17.811182    1.000000    0.000000  641.772764
Iteration: 92 bestvalit: 0.001298 bestmemit:    2.752442  -17.811182    1.000000    0.000000  641.772764
Iteration: 93 bestvalit: 0.001298 bestmemit:    2.752442  -17.811182    1.000000    0.000000  641.772764
Iteration: 94 bestvalit: 0.001298 bestmemit:    2.752442  -17.811182    1.000000    0.000000  641.772764
Iteration: 95 bestvalit: 0.001298 bestmemit:    2.752442  -17.811182    1.000000    0.000000  641.772764
Iteration: 96 bestvalit: 0.001298 bestmemit:    2.752442  -17.811182    1.000000    0.000000  641.772764
Iteration: 97 bestvalit: 0.001298 bestmemit:    2.752442  -17.811182    1.000000    0.000000  641.772764
Iteration: 98 bestvalit: 0.001298 bestmemit:    2.752442  -17.811182    1.000000    0.000000  641.772764
Iteration: 99 bestvalit: 0.001298 bestmemit:    2.752442  -17.811182    1.000000    0.000000  641.772764
Iteration: 100 bestvalit: 0.001298 bestmemit:    2.752442  -17.811182    1.000000    0.000000  641.772764
Iteration: 101 bestvalit: 0.001298 bestmemit:    2.752442  -17.811182    1.000000    0.000000  641.772764
Iteration: 102 bestvalit: 0.001298 bestmemit:    2.752442  -17.811182    1.000000    0.000000  641.772764
Iteration: 103 bestvalit: 0.001298 bestmemit:    2.752442  -17.811182    1.000000    0.000000  641.772764
Iteration: 104 bestvalit: 0.001298 bestmemit:    2.752442  -17.811182    1.000000    0.000000  641.772764
Iteration: 105 bestvalit: 0.001298 bestmemit:    2.752442  -17.811182    1.000000    0.000000  641.772764
Iteration: 106 bestvalit: 0.001298 bestmemit:    2.752442  -17.811182    1.000000    0.000000  641.772764
Iteration: 107 bestvalit: 0.001298 bestmemit:    2.752442  -17.811182    1.000000    0.000000  641.772764
Iteration: 108 bestvalit: 0.001298 bestmemit:    2.752442  -17.811182    1.000000    0.000000  641.772764
Iteration: 109 bestvalit: 0.001298 bestmemit:    2.752442  -17.811182    1.000000    0.000000  641.772764
Iteration: 110 bestvalit: 0.001298 bestmemit:    2.752442  -17.811182    1.000000    0.000000  641.772764
Iteration: 111 bestvalit: 0.001298 bestmemit:    2.752442  -17.811182    1.000000    0.000000  641.772764
Iteration: 112 bestvalit: 0.001298 bestmemit:    2.752442  -17.811182    1.000000    0.000000  641.772764
Iteration: 113 bestvalit: 0.001298 bestmemit:    2.752442  -17.811182    1.000000    0.000000  641.772764
Iteration: 114 bestvalit: 0.001298 bestmemit:    2.752442  -17.811182    1.000000    0.000000  641.772764
Iteration: 115 bestvalit: 0.001298 bestmemit:    2.752442  -17.811182    1.000000    0.000000  641.772764
Iteration: 116 bestvalit: 0.001298 bestmemit:    2.752442  -17.811182    1.000000    0.000000  641.772764
Iteration: 117 bestvalit: 0.001298 bestmemit:    2.752442  -17.811182    1.000000    0.000000  641.772764
Iteration: 118 bestvalit: 0.001298 bestmemit:    2.752442  -17.811182    1.000000    0.000000  641.772764
Iteration: 119 bestvalit: 0.001298 bestmemit:    2.752442  -17.811182    1.000000    0.000000  641.772764
Iteration: 120 bestvalit: 0.001298 bestmemit:    2.752442  -17.811182    1.000000    0.000000  641.772764
Iteration: 121 bestvalit: 0.001298 bestmemit:    2.752442  -17.811182    1.000000    0.000000  641.772764
Iteration: 122 bestvalit: 0.001298 bestmemit:    2.752442  -17.811182    1.000000    0.000000  641.772764
Iteration: 123 bestvalit: 0.001298 bestmemit:    2.752442  -17.811182    1.000000    0.000000  641.772764
Iteration: 124 bestvalit: 0.001298 bestmemit:    2.752442  -17.811182    1.000000    0.000000  641.772764
Iteration: 125 bestvalit: 0.001298 bestmemit:    2.752442  -17.811182    1.000000    0.000000  641.772764
Iteration: 126 bestvalit: 0.001298 bestmemit:    2.752442  -17.811182    1.000000    0.000000  641.772764
Iteration: 127 bestvalit: 0.001298 bestmemit:    2.752442  -17.811182    1.000000    0.000000  641.772764
Iteration: 128 bestvalit: 0.001298 bestmemit:    2.714213  -23.641921    1.000000    0.000000  642.685794
Iteration: 129 bestvalit: 0.001298 bestmemit:    2.714213  -23.641921    1.000000    0.000000  642.685794
Iteration: 130 bestvalit: 0.001298 bestmemit:    2.714213  -23.641921    1.000000    0.000000  642.685794
Iteration: 131 bestvalit: 0.001298 bestmemit:    2.714213  -23.641921    1.000000    0.000000  642.685794
Iteration: 132 bestvalit: 0.001298 bestmemit:    2.714213  -23.641921    1.000000    0.000000  642.685794
Iteration: 133 bestvalit: 0.001298 bestmemit:    2.714213  -23.641921    1.000000    0.000000  642.685794
Iteration: 134 bestvalit: 0.001298 bestmemit:    2.714213  -23.641921    1.000000    0.000000  642.685794
Iteration: 135 bestvalit: 0.001298 bestmemit:    2.714213  -23.641921    1.000000    0.000000  642.685794
Iteration: 136 bestvalit: 0.001298 bestmemit:    2.714213  -23.641921    1.000000    0.000000  642.685794
Iteration: 137 bestvalit: 0.001298 bestmemit:    2.714213  -23.641921    1.000000    0.000000  642.685794
Iteration: 138 bestvalit: 0.001298 bestmemit:    2.714213  -23.641921    1.000000    0.000000  642.685794
Iteration: 139 bestvalit: 0.001298 bestmemit:    2.714213  -23.641921    1.000000    0.000000  642.685794
Iteration: 140 bestvalit: 0.001298 bestmemit:    2.714213  -23.641921    1.000000    0.000000  642.685794
Iteration: 141 bestvalit: 0.001298 bestmemit:    2.714213  -23.641921    1.000000    0.000000  642.685794
Iteration: 142 bestvalit: 0.001298 bestmemit:    2.714213  -23.641921    1.000000    0.000000  642.685794
Iteration: 143 bestvalit: 0.001298 bestmemit:    2.714213  -23.641921    1.000000    0.000000  642.685794
Iteration: 144 bestvalit: 0.001298 bestmemit:    2.714213  -23.641921    1.000000    0.000000  642.685794
Iteration: 145 bestvalit: 0.001298 bestmemit:    2.714213  -23.641921    1.000000    0.000000  642.685794
Iteration: 146 bestvalit: 0.001298 bestmemit:    2.714213  -23.641921    1.000000    0.000000  642.685794
Iteration: 147 bestvalit: 0.001298 bestmemit:    2.714213  -23.641921    1.000000    0.000000  642.685794
Iteration: 148 bestvalit: 0.001298 bestmemit:    2.714213  -23.641921    1.000000    0.000000  642.685794
Iteration: 149 bestvalit: 0.001298 bestmemit:    2.714213  -23.641921    1.000000    0.000000  642.685794
Iteration: 150 bestvalit: 0.001298 bestmemit:    2.714213  -23.641921    1.000000    0.000000  642.685794
Iteration: 151 bestvalit: 0.001298 bestmemit:    2.714213  -23.641921    1.000000    0.000000  642.685794
Iteration: 152 bestvalit: 0.001298 bestmemit:    2.714213  -23.641921    1.000000    0.000000  642.685794
Iteration: 153 bestvalit: 0.001298 bestmemit:    2.714213  -23.641921    1.000000    0.000000  642.685794
Iteration: 154 bestvalit: 0.001298 bestmemit:    2.714213  -23.641921    1.000000    0.000000  642.685794
Iteration: 155 bestvalit: 0.001298 bestmemit:    2.714213  -23.641921    1.000000    0.000000  642.685794
Iteration: 156 bestvalit: 0.001298 bestmemit:    2.714213  -23.641921    1.000000    0.000000  642.685794
Iteration: 157 bestvalit: 0.001298 bestmemit:    2.714213  -23.641921    1.000000    0.000000  642.685794
Iteration: 158 bestvalit: 0.001298 bestmemit:    2.714213  -23.641921    1.000000    0.000000  642.685794
Iteration: 159 bestvalit: 0.001298 bestmemit:    2.714213  -23.641921    1.000000    0.000000  642.685794
Iteration: 160 bestvalit: 0.001298 bestmemit:    2.714213  -23.641921    1.000000    0.000000  642.685794
Iteration: 161 bestvalit: 0.001298 bestmemit:    2.714213  -23.641921    1.000000    0.000000  642.685794
Iteration: 162 bestvalit: 0.001298 bestmemit:    2.714213  -23.641921    1.000000    0.000000  642.685794
Iteration: 163 bestvalit: 0.001298 bestmemit:    2.714213  -23.641921    1.000000    0.000000  642.685794
Iteration: 164 bestvalit: 0.001298 bestmemit:    2.714213  -23.641921    1.000000    0.000000  642.685794
Iteration: 165 bestvalit: 0.001298 bestmemit:    2.714213  -23.641921    1.000000    0.000000  642.685794
Iteration: 166 bestvalit: 0.001298 bestmemit:    2.714213  -23.641921    1.000000    0.000000  642.685794
Iteration: 167 bestvalit: 0.001298 bestmemit:    2.714213  -23.641921    1.000000    0.000000  642.685794
Iteration: 168 bestvalit: 0.001298 bestmemit:    2.714213  -23.641921    1.000000    0.000000  642.685794
Iteration: 169 bestvalit: 0.001298 bestmemit:    2.714213  -23.641921    1.000000    0.000000  642.685794
Iteration: 170 bestvalit: 0.001298 bestmemit:    2.714213  -23.641921    1.000000    0.000000  642.685794
Iteration: 171 bestvalit: 0.001298 bestmemit:    2.714213  -23.641921    1.000000    0.000000  642.685794
Iteration: 172 bestvalit: 0.001298 bestmemit:    2.714213  -23.641921    1.000000    0.000000  642.685794
Iteration: 173 bestvalit: 0.001298 bestmemit:    2.714213  -23.641921    1.000000    0.000000  642.685794
Iteration: 174 bestvalit: 0.001298 bestmemit:    2.714213  -23.641921    1.000000    0.000000  642.685794
Iteration: 175 bestvalit: 0.001298 bestmemit:    2.714213  -23.641921    1.000000    0.000000  642.685794
Iteration: 176 bestvalit: 0.001298 bestmemit:    2.714213  -23.641921    1.000000    0.000000  642.685794
Iteration: 177 bestvalit: 0.001298 bestmemit:    2.714213  -23.641921    1.000000    0.000000  642.685794
Iteration: 178 bestvalit: 0.001298 bestmemit:    2.714213  -23.641921    1.000000    0.000000  642.685794
Iteration: 179 bestvalit: 0.001298 bestmemit:    2.714213  -23.641921    1.000000    0.000000  642.685794
Iteration: 180 bestvalit: 0.001298 bestmemit:    2.714213  -23.641921    1.000000    0.000000  642.685794
Iteration: 181 bestvalit: 0.001298 bestmemit:    2.714213  -23.641921    1.000000    0.000000  642.685794
Iteration: 182 bestvalit: 0.001298 bestmemit:    2.714213  -23.641921    1.000000    0.000000  642.685794
Iteration: 183 bestvalit: 0.001298 bestmemit:    2.714213  -23.641921    1.000000    0.000000  642.685794
Iteration: 184 bestvalit: 0.001298 bestmemit:    2.714213  -23.641921    1.000000    0.000000  642.685794
Iteration: 185 bestvalit: 0.001298 bestmemit:    2.714213  -23.641921    1.000000    0.000000  642.685794
Iteration: 186 bestvalit: 0.001298 bestmemit:    2.714213  -23.641921    1.000000    0.000000  642.685794
Iteration: 187 bestvalit: 0.001298 bestmemit:    2.714213  -23.641921    1.000000    0.000000  642.685794
Iteration: 188 bestvalit: 0.001298 bestmemit:    2.714213  -23.641921    1.000000    0.000000  642.685794
Iteration: 189 bestvalit: 0.001298 bestmemit:    2.714213  -23.641921    1.000000    0.000000  642.685794
Iteration: 190 bestvalit: 0.001298 bestmemit:    2.714213  -23.641921    1.000000    0.000000  642.685794
Iteration: 191 bestvalit: 0.001298 bestmemit:    2.714213  -23.641921    1.000000    0.000000  642.685794
Iteration: 192 bestvalit: 0.001298 bestmemit:    2.714213  -23.641921    1.000000    0.000000  642.685794
Iteration: 193 bestvalit: 0.001298 bestmemit:    2.714213  -23.641921    1.000000    0.000000  642.685794
Iteration: 194 bestvalit: 0.001298 bestmemit:    2.714213  -23.641921    1.000000    0.000000  642.685794
Iteration: 195 bestvalit: 0.001298 bestmemit:    2.714213  -23.641921    1.000000    0.000000  642.685794
Iteration: 196 bestvalit: 0.001298 bestmemit:    2.714213  -23.641921    1.000000    0.000000  642.685794
Iteration: 197 bestvalit: 0.001298 bestmemit:    2.714213  -23.641921    1.000000    0.000000  642.685794
Iteration: 198 bestvalit: 0.001298 bestmemit:    2.714213  -23.641921    1.000000    0.000000  642.685794
Iteration: 199 bestvalit: 0.001298 bestmemit:    2.714213  -23.641921    1.000000    0.000000  642.685794
Iteration: 200 bestvalit: 0.001298 bestmemit:    2.714213  -23.641921    1.000000    0.000000  642.685794
Iteration: 201 bestvalit: 0.001298 bestmemit:    2.714213  -23.641921    1.000000    0.000000  642.685794
Iteration: 202 bestvalit: 0.001298 bestmemit:    2.714213  -23.641921    1.000000    0.000000  642.685794
Iteration: 203 bestvalit: 0.001298 bestmemit:    2.714213  -23.641921    1.000000    0.000000  642.685794
Iteration: 204 bestvalit: 0.001298 bestmemit:    2.714213  -23.641921    1.000000    0.000000  642.685794
Iteration: 205 bestvalit: 0.001298 bestmemit:    2.714213  -23.641921    1.000000    0.000000  642.685794
Iteration: 206 bestvalit: 0.001298 bestmemit:    2.714213  -23.641921    1.000000    0.000000  642.685794
Iteration: 207 bestvalit: 0.001298 bestmemit:    2.714213  -23.641921    1.000000    0.000000  642.685794
Iteration: 208 bestvalit: 0.001298 bestmemit:    2.714213  -23.641921    1.000000    0.000000  642.685794
Iteration: 209 bestvalit: 0.001298 bestmemit:    2.714213  -23.641921    1.000000    0.000000  642.685794
Iteration: 210 bestvalit: 0.001298 bestmemit:    2.714213  -23.641921    1.000000    0.000000  642.685794
Iteration: 211 bestvalit: 0.001298 bestmemit:    2.714213  -23.641921    1.000000    0.000000  642.685794
Iteration: 212 bestvalit: 0.001298 bestmemit:    2.714213  -23.641921    1.000000    0.000000  642.685794
Iteration: 213 bestvalit: 0.001298 bestmemit:    2.714213  -23.641921    1.000000    0.000000  642.685794
Iteration: 214 bestvalit: 0.001298 bestmemit:    2.714213  -23.641921    1.000000    0.000000  642.685794
Iteration: 215 bestvalit: 0.001298 bestmemit:    2.714213  -23.641921    1.000000    0.000000  642.685794
Iteration: 216 bestvalit: 0.001298 bestmemit:    2.714213  -23.641921    1.000000    0.000000  642.685794
Iteration: 217 bestvalit: 0.001298 bestmemit:    2.714213  -23.641921    1.000000    0.000000  642.685794
Iteration: 218 bestvalit: 0.001298 bestmemit:    2.714213  -23.641921    1.000000    0.000000  642.685794
Iteration: 219 bestvalit: 0.001298 bestmemit:    2.714213  -23.641921    1.000000    0.000000  642.685794
Iteration: 220 bestvalit: 0.001298 bestmemit:    2.714213  -23.641921    1.000000    0.000000  642.685794
Iteration: 221 bestvalit: 0.001298 bestmemit:    2.714213  -23.641921    1.000000    0.000000  642.685794
Iteration: 222 bestvalit: 0.001298 bestmemit:    2.714213  -23.641921    1.000000    0.000000  642.685794
Iteration: 223 bestvalit: 0.001298 bestmemit:    2.714213  -23.641921    1.000000    0.000000  642.685794
Iteration: 224 bestvalit: 0.001298 bestmemit:    2.714213  -23.641921    1.000000    0.000000  642.685794
Iteration: 225 bestvalit: 0.001298 bestmemit:    2.714213  -23.641921    1.000000    0.000000  642.685794
Iteration: 226 bestvalit: 0.001298 bestmemit:    2.714213  -23.641921    1.000000    0.000000  642.685794
Iteration: 227 bestvalit: 0.001298 bestmemit:    2.714213  -23.641921    1.000000    0.000000  642.685794
Iteration: 228 bestvalit: 0.001298 bestmemit:    2.714213  -23.641921    1.000000    0.000000  642.685794
Iteration: 229 bestvalit: 0.001298 bestmemit:    2.714213  -23.641921    1.000000    0.000000  642.685794

***** summary of DEoptim object ***** 
best member   :  2.71421 -23.64192 1 0 642.6858 
best value    :  0.0013 
after         :  229 generations 
fn evaluated  :  460 times 
*************************************
