SLURM_JOB_ID: 55336551
SLURM_JOB_USER: vsc34066
SLURM_JOB_ACCOUNT: lp_desenderlab
SLURM_JOB_NAME: fit_alternating_fb_beta_learn.slurm
SLURM_CLUSTER_NAME: genius
SLURM_JOB_PARTITION: batch
SLURM_ARRAY_JOB_ID: 55336494
SLURM_ARRAY_TASK_ID: 57
SLURM_NNODES: 1
SLURM_NODELIST: r23i13n12
SLURM_JOB_CPUS_PER_NODE: 8
Date: Tue Nov  7 16:43:59 CET 2023
Walltime: 00-23:00:00
========================================================================
Iteration: 1 bestvalit: 0.001553 bestmemit:    0.364423  -86.123655    1.000000    0.000000  582.063303
Iteration: 2 bestvalit: 0.001553 bestmemit:    0.364423  -86.123655    1.000000    0.000000  582.063303
Iteration: 3 bestvalit: 0.001553 bestmemit:    0.364423  -86.123655    1.000000    0.000000  582.063303
Iteration: 4 bestvalit: 0.001553 bestmemit:    0.364423  -86.123655    1.000000    0.000000  582.063303
Iteration: 5 bestvalit: 0.001547 bestmemit:    0.364423  -86.123655    1.000000    0.000000  582.063303
Iteration: 6 bestvalit: 0.001547 bestmemit:    0.364423  -86.123655    1.000000    0.000000  582.063303
Iteration: 7 bestvalit: 0.001547 bestmemit:    0.364423  -86.123655    1.000000    0.000000  582.063303
Iteration: 8 bestvalit: 0.001547 bestmemit:    0.364423  -86.123655    1.000000    0.000000  582.063303
Iteration: 9 bestvalit: 0.001547 bestmemit:    0.364423  -86.123655    1.000000    0.000000  582.063303
Iteration: 10 bestvalit: 0.001320 bestmemit:    0.364423   29.593933    1.000000    0.000000  582.063303
Iteration: 11 bestvalit: 0.001320 bestmemit:    0.364423   29.593933    1.000000    0.000000  582.063303
Iteration: 12 bestvalit: 0.001320 bestmemit:    0.364423   29.593933    1.000000    0.000000  582.063303
Iteration: 13 bestvalit: 0.001316 bestmemit:    0.364423   29.593933    1.000000    0.000000  582.063303
Iteration: 14 bestvalit: 0.001271 bestmemit:    1.190368  -15.591819    1.000000    0.000000  562.133633
Iteration: 15 bestvalit: 0.001271 bestmemit:    1.190368  -15.591819    1.000000    0.000000  562.133633
Iteration: 16 bestvalit: 0.001266 bestmemit:    0.993462   29.593933    1.000000    0.000000  582.063303
Iteration: 17 bestvalit: 0.001266 bestmemit:    0.993462   29.593933    1.000000    0.000000  582.063303
Iteration: 18 bestvalit: 0.001266 bestmemit:    0.993462   29.593933    1.000000    0.000000  582.063303
Iteration: 19 bestvalit: 0.001266 bestmemit:    0.993462   29.593933    1.000000    0.000000  582.063303
Iteration: 20 bestvalit: 0.001266 bestmemit:    0.993462   29.593933    1.000000    0.000000  582.063303
Iteration: 21 bestvalit: 0.001264 bestmemit:    1.519498   25.000080    1.000000    0.000000  567.813412
Iteration: 22 bestvalit: 0.001249 bestmemit:    1.519498   25.000080    1.000000    0.000000  567.813412
Iteration: 23 bestvalit: 0.001242 bestmemit:    1.997929   35.145214    1.000000    0.000000  578.258271
Iteration: 24 bestvalit: 0.001242 bestmemit:    1.997929   35.145214    1.000000    0.000000  578.258271
Iteration: 25 bestvalit: 0.001242 bestmemit:    1.997929   35.145214    1.000000    0.000000  578.258271
Iteration: 26 bestvalit: 0.001242 bestmemit:    1.997929   35.145214    1.000000    0.000000  578.258271
Iteration: 27 bestvalit: 0.001242 bestmemit:    1.997929   35.145214    1.000000    0.000000  578.258271
Iteration: 28 bestvalit: 0.001242 bestmemit:    1.997929   35.145214    1.000000    0.000000  578.258271
Iteration: 29 bestvalit: 0.001242 bestmemit:    1.997929   35.145214    1.000000    0.000000  578.258271
Iteration: 30 bestvalit: 0.001242 bestmemit:    1.997929   35.145214    1.000000    0.000000  578.258271
Iteration: 31 bestvalit: 0.001242 bestmemit:    1.997929   35.145214    1.000000    0.000000  578.258271
Iteration: 32 bestvalit: 0.001242 bestmemit:    1.997929   35.145214    1.000000    0.000000  578.258271
Iteration: 33 bestvalit: 0.001242 bestmemit:    1.997929   35.145214    1.000000    0.000000  578.258271
Iteration: 34 bestvalit: 0.001242 bestmemit:    1.997929   35.145214    1.000000    0.000000  578.258271
Iteration: 35 bestvalit: 0.001242 bestmemit:    1.997929   35.145214    1.000000    0.000000  578.258271
Iteration: 36 bestvalit: 0.001242 bestmemit:    1.997929   35.145214    1.000000    0.000000  578.258271
Iteration: 37 bestvalit: 0.001242 bestmemit:    1.997929   35.145214    1.000000    0.000000  578.258271
Iteration: 38 bestvalit: 0.001242 bestmemit:    1.997929   35.145214    1.000000    0.000000  578.258271
Iteration: 39 bestvalit: 0.001242 bestmemit:    1.997929   35.145214    1.000000    0.000000  578.258271
Iteration: 40 bestvalit: 0.001242 bestmemit:    1.997929   35.145214    1.000000    0.000000  578.258271
Iteration: 41 bestvalit: 0.001242 bestmemit:    1.997929   35.145214    1.000000    0.000000  578.258271
Iteration: 42 bestvalit: 0.001242 bestmemit:    1.997929   35.145214    1.000000    0.000000  578.258271
Iteration: 43 bestvalit: 0.001242 bestmemit:    1.997929   35.145214    1.000000    0.000000  578.258271
Iteration: 44 bestvalit: 0.001242 bestmemit:    1.997929   35.145214    1.000000    0.000000  578.258271
Iteration: 45 bestvalit: 0.001242 bestmemit:    1.997929   35.145214    1.000000    0.000000  578.258271
Iteration: 46 bestvalit: 0.001242 bestmemit:    1.997929   35.145214    1.000000    0.000000  578.258271
Iteration: 47 bestvalit: 0.001242 bestmemit:    1.997929   35.145214    1.000000    0.000000  578.258271
Iteration: 48 bestvalit: 0.001242 bestmemit:    1.997929   35.145214    1.000000    0.000000  578.258271
Iteration: 49 bestvalit: 0.001214 bestmemit:    2.646998   23.464240    1.000000    0.000000  568.811260
Iteration: 50 bestvalit: 0.001214 bestmemit:    2.646998   23.464240    1.000000    0.000000  568.811260
Iteration: 51 bestvalit: 0.001214 bestmemit:    2.646998   23.464240    1.000000    0.000000  568.811260
Iteration: 52 bestvalit: 0.001214 bestmemit:    2.646998   23.464240    1.000000    0.000000  568.811260
Iteration: 53 bestvalit: 0.001214 bestmemit:    2.646998   23.464240    1.000000    0.000000  568.811260
Iteration: 54 bestvalit: 0.001214 bestmemit:    2.646998   23.464240    1.000000    0.000000  568.811260
Iteration: 55 bestvalit: 0.001214 bestmemit:    2.646998   23.464240    1.000000    0.000000  568.811260
Iteration: 56 bestvalit: 0.001214 bestmemit:    2.646998   23.464240    1.000000    0.000000  568.811260
Iteration: 57 bestvalit: 0.001214 bestmemit:    2.646998   23.464240    1.000000    0.000000  568.811260
Iteration: 58 bestvalit: 0.001214 bestmemit:    2.646998   23.464240    1.000000    0.000000  568.811260
Iteration: 59 bestvalit: 0.001214 bestmemit:    2.646998   23.464240    1.000000    0.000000  568.811260
Iteration: 60 bestvalit: 0.001214 bestmemit:    2.646998   23.464240    1.000000    0.000000  568.811260
Iteration: 61 bestvalit: 0.001214 bestmemit:    2.646998   23.464240    1.000000    0.000000  568.811260
Iteration: 62 bestvalit: 0.001214 bestmemit:    2.646998   23.464240    1.000000    0.000000  568.811260
Iteration: 63 bestvalit: 0.001212 bestmemit:    2.212263   33.834830    1.000000    0.000000  567.349130
Iteration: 64 bestvalit: 0.001212 bestmemit:    2.212263   33.834830    1.000000    0.000000  567.349130
Iteration: 65 bestvalit: 0.001212 bestmemit:    2.212263   33.834830    1.000000    0.000000  567.349130
Iteration: 66 bestvalit: 0.001212 bestmemit:    2.212263   33.834830    1.000000    0.000000  567.349130
Iteration: 67 bestvalit: 0.001212 bestmemit:    2.212263   33.834830    1.000000    0.000000  567.349130
Iteration: 68 bestvalit: 0.001212 bestmemit:    2.212263   33.834830    1.000000    0.000000  567.349130
Iteration: 69 bestvalit: 0.001212 bestmemit:    2.212263   33.834830    1.000000    0.000000  567.349130
Iteration: 70 bestvalit: 0.001212 bestmemit:    2.212263   33.834830    1.000000    0.000000  567.349130
Iteration: 71 bestvalit: 0.001212 bestmemit:    2.212263   33.834830    1.000000    0.000000  567.349130
Iteration: 72 bestvalit: 0.001212 bestmemit:    2.212263   33.834830    1.000000    0.000000  567.349130
Iteration: 73 bestvalit: 0.001212 bestmemit:    2.212263   33.834830    1.000000    0.000000  567.349130
Iteration: 74 bestvalit: 0.001212 bestmemit:    2.212263   33.834830    1.000000    0.000000  567.349130
Iteration: 75 bestvalit: 0.001212 bestmemit:    2.212263   33.834830    1.000000    0.000000  567.349130
Iteration: 76 bestvalit: 0.001212 bestmemit:    2.212263   33.834830    1.000000    0.000000  567.349130
Iteration: 77 bestvalit: 0.001212 bestmemit:    2.212263   33.834830    1.000000    0.000000  567.349130
Iteration: 78 bestvalit: 0.001212 bestmemit:    2.212263   33.834830    1.000000    0.000000  567.349130
Iteration: 79 bestvalit: 0.001212 bestmemit:    2.212263   33.834830    1.000000    0.000000  567.349130
Iteration: 80 bestvalit: 0.001212 bestmemit:    2.212263   33.834830    1.000000    0.000000  567.349130
Iteration: 81 bestvalit: 0.001212 bestmemit:    2.212263   33.834830    1.000000    0.000000  567.349130
Iteration: 82 bestvalit: 0.001212 bestmemit:    2.212263   33.834830    1.000000    0.000000  567.349130
Iteration: 83 bestvalit: 0.001212 bestmemit:    2.212263   33.834830    1.000000    0.000000  567.349130
Iteration: 84 bestvalit: 0.001212 bestmemit:    2.212263   33.834830    1.000000    0.000000  567.349130
Iteration: 85 bestvalit: 0.001212 bestmemit:    2.212263   33.834830    1.000000    0.000000  567.349130
Iteration: 86 bestvalit: 0.001212 bestmemit:    2.212263   33.834830    1.000000    0.000000  567.349130
Iteration: 87 bestvalit: 0.001212 bestmemit:    2.212263   33.834830    1.000000    0.000000  567.349130
Iteration: 88 bestvalit: 0.001212 bestmemit:    2.212263   33.834830    1.000000    0.000000  567.349130
Iteration: 89 bestvalit: 0.001212 bestmemit:    2.212263   33.834830    1.000000    0.000000  567.349130
Iteration: 90 bestvalit: 0.001212 bestmemit:    2.212263   33.834830    1.000000    0.000000  567.349130
Iteration: 91 bestvalit: 0.001212 bestmemit:    2.212263   33.834830    1.000000    0.000000  567.349130
Iteration: 92 bestvalit: 0.001212 bestmemit:    2.212263   33.834830    1.000000    0.000000  567.349130
Iteration: 93 bestvalit: 0.001212 bestmemit:    2.212263   33.834830    1.000000    0.000000  567.349130
Iteration: 94 bestvalit: 0.001212 bestmemit:    2.212263   33.834830    1.000000    0.000000  567.349130
Iteration: 95 bestvalit: 0.001212 bestmemit:    2.212263   33.834830    1.000000    0.000000  567.349130
Iteration: 96 bestvalit: 0.001212 bestmemit:    2.212263   33.834830    1.000000    0.000000  567.349130
Iteration: 97 bestvalit: 0.001212 bestmemit:    2.212263   33.834830    1.000000    0.000000  567.349130
Iteration: 98 bestvalit: 0.001212 bestmemit:    2.212263   33.834830    1.000000    0.000000  567.349130
Iteration: 99 bestvalit: 0.001212 bestmemit:    2.212263   33.834830    1.000000    0.000000  567.349130
Iteration: 100 bestvalit: 0.001212 bestmemit:    2.212263   33.834830    1.000000    0.000000  567.349130
Iteration: 101 bestvalit: 0.001212 bestmemit:    2.212263   33.834830    1.000000    0.000000  567.349130
Iteration: 102 bestvalit: 0.001212 bestmemit:    2.212263   33.834830    1.000000    0.000000  567.349130
Iteration: 103 bestvalit: 0.001212 bestmemit:    2.212263   33.834830    1.000000    0.000000  567.349130
Iteration: 104 bestvalit: 0.001212 bestmemit:    2.212263   33.834830    1.000000    0.000000  567.349130
Iteration: 105 bestvalit: 0.001212 bestmemit:    2.212263   33.834830    1.000000    0.000000  567.349130
Iteration: 106 bestvalit: 0.001212 bestmemit:    2.212263   33.834830    1.000000    0.000000  567.349130
Iteration: 107 bestvalit: 0.001212 bestmemit:    2.212263   33.834830    1.000000    0.000000  567.349130
Iteration: 108 bestvalit: 0.001212 bestmemit:    2.212263   33.834830    1.000000    0.000000  567.349130
Iteration: 109 bestvalit: 0.001212 bestmemit:    2.212263   33.834830    1.000000    0.000000  567.349130
Iteration: 110 bestvalit: 0.001212 bestmemit:    2.212263   33.834830    1.000000    0.000000  567.349130
Iteration: 111 bestvalit: 0.001212 bestmemit:    2.212263   33.834830    1.000000    0.000000  567.349130
Iteration: 112 bestvalit: 0.001212 bestmemit:    2.212263   33.834830    1.000000    0.000000  567.349130
Iteration: 113 bestvalit: 0.001212 bestmemit:    2.212263   33.834830    1.000000    0.000000  567.349130
Iteration: 114 bestvalit: 0.001212 bestmemit:    2.212263   33.834830    1.000000    0.000000  567.349130
Iteration: 115 bestvalit: 0.001212 bestmemit:    2.212263   33.834830    1.000000    0.000000  567.349130
Iteration: 116 bestvalit: 0.001212 bestmemit:    2.212263   33.834830    1.000000    0.000000  567.349130
Iteration: 117 bestvalit: 0.001212 bestmemit:    2.212263   33.834830    1.000000    0.000000  567.349130
Iteration: 118 bestvalit: 0.001212 bestmemit:    2.212263   33.834830    1.000000    0.000000  567.349130
Iteration: 119 bestvalit: 0.001212 bestmemit:    2.212263   33.834830    1.000000    0.000000  567.349130
Iteration: 120 bestvalit: 0.001212 bestmemit:    2.212263   33.834830    1.000000    0.000000  567.349130
Iteration: 121 bestvalit: 0.001212 bestmemit:    2.212263   33.834830    1.000000    0.000000  567.349130
Iteration: 122 bestvalit: 0.001212 bestmemit:    2.212263   33.834830    1.000000    0.000000  567.349130
Iteration: 123 bestvalit: 0.001212 bestmemit:    2.212263   33.834830    1.000000    0.000000  567.349130
Iteration: 124 bestvalit: 0.001212 bestmemit:    2.212263   33.834830    1.000000    0.000000  567.349130
Iteration: 125 bestvalit: 0.001212 bestmemit:    2.212263   33.834830    1.000000    0.000000  567.349130
Iteration: 126 bestvalit: 0.001212 bestmemit:    2.212263   33.834830    1.000000    0.000000  567.349130
Iteration: 127 bestvalit: 0.001200 bestmemit:    2.507250   24.017294    1.000000    0.000000  573.311898
Iteration: 128 bestvalit: 0.001200 bestmemit:    2.507250   24.017294    1.000000    0.000000  573.311898
Iteration: 129 bestvalit: 0.001200 bestmemit:    2.507250   24.017294    1.000000    0.000000  573.311898
Iteration: 130 bestvalit: 0.001200 bestmemit:    2.507250   24.017294    1.000000    0.000000  573.311898
Iteration: 131 bestvalit: 0.001200 bestmemit:    2.507250   24.017294    1.000000    0.000000  573.311898
Iteration: 132 bestvalit: 0.001200 bestmemit:    2.507250   24.017294    1.000000    0.000000  573.311898
Iteration: 133 bestvalit: 0.001200 bestmemit:    2.507250   24.017294    1.000000    0.000000  573.311898
Iteration: 134 bestvalit: 0.001200 bestmemit:    2.507250   24.017294    1.000000    0.000000  573.311898
Iteration: 135 bestvalit: 0.001200 bestmemit:    2.507250   24.017294    1.000000    0.000000  573.311898
Iteration: 136 bestvalit: 0.001200 bestmemit:    2.507250   24.017294    1.000000    0.000000  573.311898
Iteration: 137 bestvalit: 0.001200 bestmemit:    2.507250   24.017294    1.000000    0.000000  573.311898
Iteration: 138 bestvalit: 0.001200 bestmemit:    2.507250   24.017294    1.000000    0.000000  573.311898
Iteration: 139 bestvalit: 0.001200 bestmemit:    2.507250   24.017294    1.000000    0.000000  573.311898
Iteration: 140 bestvalit: 0.001200 bestmemit:    2.507250   24.017294    1.000000    0.000000  573.311898
Iteration: 141 bestvalit: 0.001200 bestmemit:    2.507250   24.017294    1.000000    0.000000  573.311898
Iteration: 142 bestvalit: 0.001200 bestmemit:    2.507250   24.017294    1.000000    0.000000  573.311898
Iteration: 143 bestvalit: 0.001200 bestmemit:    2.507250   24.017294    1.000000    0.000000  573.311898
Iteration: 144 bestvalit: 0.001200 bestmemit:    2.507250   24.017294    1.000000    0.000000  573.311898
Iteration: 145 bestvalit: 0.001200 bestmemit:    2.507250   24.017294    1.000000    0.000000  573.311898
Iteration: 146 bestvalit: 0.001200 bestmemit:    2.507250   24.017294    1.000000    0.000000  573.311898
Iteration: 147 bestvalit: 0.001200 bestmemit:    2.507250   24.017294    1.000000    0.000000  573.311898
Iteration: 148 bestvalit: 0.001200 bestmemit:    2.507250   24.017294    1.000000    0.000000  573.311898
Iteration: 149 bestvalit: 0.001200 bestmemit:    2.507250   24.017294    1.000000    0.000000  573.311898
Iteration: 150 bestvalit: 0.001200 bestmemit:    2.507250   24.017294    1.000000    0.000000  573.311898
Iteration: 151 bestvalit: 0.001200 bestmemit:    2.507250   24.017294    1.000000    0.000000  573.311898
Iteration: 152 bestvalit: 0.001200 bestmemit:    2.507250   24.017294    1.000000    0.000000  573.311898
Iteration: 153 bestvalit: 0.001200 bestmemit:    2.507250   24.017294    1.000000    0.000000  573.311898
Iteration: 154 bestvalit: 0.001200 bestmemit:    2.507250   24.017294    1.000000    0.000000  573.311898
Iteration: 155 bestvalit: 0.001200 bestmemit:    2.507250   24.017294    1.000000    0.000000  573.311898
Iteration: 156 bestvalit: 0.001200 bestmemit:    2.507250   24.017294    1.000000    0.000000  573.311898
Iteration: 157 bestvalit: 0.001200 bestmemit:    2.507250   24.017294    1.000000    0.000000  573.311898
Iteration: 158 bestvalit: 0.001200 bestmemit:    2.507250   24.017294    1.000000    0.000000  573.311898
Iteration: 159 bestvalit: 0.001200 bestmemit:    2.507250   24.017294    1.000000    0.000000  573.311898
Iteration: 160 bestvalit: 0.001200 bestmemit:    2.507250   24.017294    1.000000    0.000000  573.311898
Iteration: 161 bestvalit: 0.001200 bestmemit:    2.507250   24.017294    1.000000    0.000000  573.311898
Iteration: 162 bestvalit: 0.001200 bestmemit:    2.507250   24.017294    1.000000    0.000000  573.311898
Iteration: 163 bestvalit: 0.001200 bestmemit:    2.507250   24.017294    1.000000    0.000000  573.311898
Iteration: 164 bestvalit: 0.001200 bestmemit:    2.507250   24.017294    1.000000    0.000000  573.311898
Iteration: 165 bestvalit: 0.001200 bestmemit:    2.507250   24.017294    1.000000    0.000000  573.311898
Iteration: 166 bestvalit: 0.001200 bestmemit:    2.507250   24.017294    1.000000    0.000000  573.311898
Iteration: 167 bestvalit: 0.001200 bestmemit:    2.507250   24.017294    1.000000    0.000000  573.311898
Iteration: 168 bestvalit: 0.001200 bestmemit:    2.507250   24.017294    1.000000    0.000000  573.311898
Iteration: 169 bestvalit: 0.001200 bestmemit:    2.507250   24.017294    1.000000    0.000000  573.311898
Iteration: 170 bestvalit: 0.001200 bestmemit:    2.507250   24.017294    1.000000    0.000000  573.311898
Iteration: 171 bestvalit: 0.001200 bestmemit:    2.507250   24.017294    1.000000    0.000000  573.311898
Iteration: 172 bestvalit: 0.001200 bestmemit:    2.507250   24.017294    1.000000    0.000000  573.311898
Iteration: 173 bestvalit: 0.001200 bestmemit:    2.507250   24.017294    1.000000    0.000000  573.311898
Iteration: 174 bestvalit: 0.001200 bestmemit:    2.507250   24.017294    1.000000    0.000000  573.311898
Iteration: 175 bestvalit: 0.001200 bestmemit:    2.507250   24.017294    1.000000    0.000000  573.311898
Iteration: 176 bestvalit: 0.001200 bestmemit:    2.507250   24.017294    1.000000    0.000000  573.311898
Iteration: 177 bestvalit: 0.001200 bestmemit:    2.507250   24.017294    1.000000    0.000000  573.311898
Iteration: 178 bestvalit: 0.001200 bestmemit:    2.507250   24.017294    1.000000    0.000000  573.311898
Iteration: 179 bestvalit: 0.001200 bestmemit:    2.507250   24.017294    1.000000    0.000000  573.311898
Iteration: 180 bestvalit: 0.001200 bestmemit:    2.507250   24.017294    1.000000    0.000000  573.311898
Iteration: 181 bestvalit: 0.001200 bestmemit:    2.507250   24.017294    1.000000    0.000000  573.311898
Iteration: 182 bestvalit: 0.001200 bestmemit:    2.507250   24.017294    1.000000    0.000000  573.311898
Iteration: 183 bestvalit: 0.001200 bestmemit:    2.507250   24.017294    1.000000    0.000000  573.311898
Iteration: 184 bestvalit: 0.001200 bestmemit:    2.507250   24.017294    1.000000    0.000000  573.311898
Iteration: 185 bestvalit: 0.001200 bestmemit:    2.507250   24.017294    1.000000    0.000000  573.311898
Iteration: 186 bestvalit: 0.001200 bestmemit:    2.507250   24.017294    1.000000    0.000000  573.311898
Iteration: 187 bestvalit: 0.001200 bestmemit:    2.507250   24.017294    1.000000    0.000000  573.311898
Iteration: 188 bestvalit: 0.001200 bestmemit:    2.507250   24.017294    1.000000    0.000000  573.311898
Iteration: 189 bestvalit: 0.001200 bestmemit:    2.507250   24.017294    1.000000    0.000000  573.311898
Iteration: 190 bestvalit: 0.001200 bestmemit:    2.507250   24.017294    1.000000    0.000000  573.311898
Iteration: 191 bestvalit: 0.001200 bestmemit:    2.507250   24.017294    1.000000    0.000000  573.311898
Iteration: 192 bestvalit: 0.001200 bestmemit:    2.507250   24.017294    1.000000    0.000000  573.311898
Iteration: 193 bestvalit: 0.001200 bestmemit:    2.507250   24.017294    1.000000    0.000000  573.311898
Iteration: 194 bestvalit: 0.001200 bestmemit:    2.507250   24.017294    1.000000    0.000000  573.311898
Iteration: 195 bestvalit: 0.001200 bestmemit:    2.507250   24.017294    1.000000    0.000000  573.311898
Iteration: 196 bestvalit: 0.001200 bestmemit:    2.507250   24.017294    1.000000    0.000000  573.311898
Iteration: 197 bestvalit: 0.001200 bestmemit:    2.507250   24.017294    1.000000    0.000000  573.311898
Iteration: 198 bestvalit: 0.001200 bestmemit:    2.507250   24.017294    1.000000    0.000000  573.311898
Iteration: 199 bestvalit: 0.001200 bestmemit:    2.507250   24.017294    1.000000    0.000000  573.311898
Iteration: 200 bestvalit: 0.001200 bestmemit:    2.507250   24.017294    1.000000    0.000000  573.311898
Iteration: 201 bestvalit: 0.001200 bestmemit:    2.507250   24.017294    1.000000    0.000000  573.311898
Iteration: 202 bestvalit: 0.001200 bestmemit:    2.507250   24.017294    1.000000    0.000000  573.311898
Iteration: 203 bestvalit: 0.001200 bestmemit:    2.507250   24.017294    1.000000    0.000000  573.311898
Iteration: 204 bestvalit: 0.001200 bestmemit:    2.507250   24.017294    1.000000    0.000000  573.311898
Iteration: 205 bestvalit: 0.001200 bestmemit:    2.507250   24.017294    1.000000    0.000000  573.311898
Iteration: 206 bestvalit: 0.001200 bestmemit:    2.507250   24.017294    1.000000    0.000000  573.311898
Iteration: 207 bestvalit: 0.001200 bestmemit:    2.507250   24.017294    1.000000    0.000000  573.311898
Iteration: 208 bestvalit: 0.001200 bestmemit:    2.507250   24.017294    1.000000    0.000000  573.311898
Iteration: 209 bestvalit: 0.001200 bestmemit:    2.507250   24.017294    1.000000    0.000000  573.311898
Iteration: 210 bestvalit: 0.001200 bestmemit:    2.507250   24.017294    1.000000    0.000000  573.311898
Iteration: 211 bestvalit: 0.001200 bestmemit:    2.507250   24.017294    1.000000    0.000000  573.311898
Iteration: 212 bestvalit: 0.001200 bestmemit:    2.507250   24.017294    1.000000    0.000000  573.311898
Iteration: 213 bestvalit: 0.001200 bestmemit:    2.507250   24.017294    1.000000    0.000000  573.311898
Iteration: 214 bestvalit: 0.001200 bestmemit:    2.507250   24.017294    1.000000    0.000000  573.311898
Iteration: 215 bestvalit: 0.001200 bestmemit:    2.507250   24.017294    1.000000    0.000000  573.311898
Iteration: 216 bestvalit: 0.001200 bestmemit:    2.507250   24.017294    1.000000    0.000000  573.311898
Iteration: 217 bestvalit: 0.001200 bestmemit:    2.507250   24.017294    1.000000    0.000000  573.311898
Iteration: 218 bestvalit: 0.001200 bestmemit:    2.507250   24.017294    1.000000    0.000000  573.311898
Iteration: 219 bestvalit: 0.001200 bestmemit:    2.507250   24.017294    1.000000    0.000000  573.311898
Iteration: 220 bestvalit: 0.001200 bestmemit:    2.507250   24.017294    1.000000    0.000000  573.311898
Iteration: 221 bestvalit: 0.001200 bestmemit:    2.507250   24.017294    1.000000    0.000000  573.311898
Iteration: 222 bestvalit: 0.001200 bestmemit:    2.507250   24.017294    1.000000    0.000000  573.311898
Iteration: 223 bestvalit: 0.001200 bestmemit:    2.507250   24.017294    1.000000    0.000000  573.311898
Iteration: 224 bestvalit: 0.001200 bestmemit:    2.507250   24.017294    1.000000    0.000000  573.311898
Iteration: 225 bestvalit: 0.001200 bestmemit:    2.507250   24.017294    1.000000    0.000000  573.311898
Iteration: 226 bestvalit: 0.001200 bestmemit:    2.507250   24.017294    1.000000    0.000000  573.311898
Iteration: 227 bestvalit: 0.001200 bestmemit:    2.507250   24.017294    1.000000    0.000000  573.311898
Iteration: 228 bestvalit: 0.001200 bestmemit:    2.507250   24.017294    1.000000    0.000000  573.311898

***** summary of DEoptim object ***** 
best member   :  2.50725 24.01729 1 0 573.3119 
best value    :  0.0012 
after         :  228 generations 
fn evaluated  :  458 times 
*************************************
