SLURM_JOB_ID: 55336537
SLURM_JOB_USER: vsc34066
SLURM_JOB_ACCOUNT: lp_desenderlab
SLURM_JOB_NAME: fit_alternating_fb_beta_learn.slurm
SLURM_CLUSTER_NAME: genius
SLURM_JOB_PARTITION: batch
SLURM_ARRAY_JOB_ID: 55336494
SLURM_ARRAY_TASK_ID: 43
SLURM_NNODES: 1
SLURM_NODELIST: r23i27n13
SLURM_JOB_CPUS_PER_NODE: 8
Date: Tue Nov  7 16:44:03 CET 2023
Walltime: 00-23:00:00
========================================================================
Iteration: 1 bestvalit: 0.001064 bestmemit:    2.988872   48.073727    1.000000    0.000000  566.484458
Iteration: 2 bestvalit: 0.001053 bestmemit:    2.988872   48.073727    1.000000    0.000000  566.484458
Iteration: 3 bestvalit: 0.001053 bestmemit:    2.988872   48.073727    1.000000    0.000000  566.484458
Iteration: 4 bestvalit: 0.001053 bestmemit:    2.988872   48.073727    1.000000    0.000000  566.484458
Iteration: 5 bestvalit: 0.001053 bestmemit:    2.988872   48.073727    1.000000    0.000000  566.484458
Iteration: 6 bestvalit: 0.001053 bestmemit:    2.988872   48.073727    1.000000    0.000000  566.484458
Iteration: 7 bestvalit: 0.001053 bestmemit:    2.988872   48.073727    1.000000    0.000000  566.484458
Iteration: 8 bestvalit: 0.001053 bestmemit:    2.988872   48.073727    1.000000    0.000000  566.484458
Iteration: 9 bestvalit: 0.001053 bestmemit:    2.988872   48.073727    1.000000    0.000000  566.484458
Iteration: 10 bestvalit: 0.001053 bestmemit:    2.988872   48.073727    1.000000    0.000000  566.484458
Iteration: 11 bestvalit: 0.001053 bestmemit:    2.988872   48.073727    1.000000    0.000000  566.484458
Iteration: 12 bestvalit: 0.001042 bestmemit:    2.988872   28.612159    1.000000    0.000000  566.484458
Iteration: 13 bestvalit: 0.001042 bestmemit:    2.988872   28.612159    1.000000    0.000000  566.484458
Iteration: 14 bestvalit: 0.001042 bestmemit:    2.988872   28.612159    1.000000    0.000000  566.484458
Iteration: 15 bestvalit: 0.001042 bestmemit:    2.988872   28.612159    1.000000    0.000000  566.484458
Iteration: 16 bestvalit: 0.001042 bestmemit:    2.988872   28.612159    1.000000    0.000000  566.484458
Iteration: 17 bestvalit: 0.001004 bestmemit:    3.149645   52.523224    1.000000    0.000000  687.457945
Iteration: 18 bestvalit: 0.001004 bestmemit:    3.149645   52.523224    1.000000    0.000000  687.457945
Iteration: 19 bestvalit: 0.001004 bestmemit:    3.149645   52.523224    1.000000    0.000000  687.457945
Iteration: 20 bestvalit: 0.001004 bestmemit:    3.149645   52.523224    1.000000    0.000000  687.457945
Iteration: 21 bestvalit: 0.000990 bestmemit:    1.607158   64.377898    1.000000    0.000000  635.839348
Iteration: 22 bestvalit: 0.000990 bestmemit:    1.607158   64.377898    1.000000    0.000000  635.839348
Iteration: 23 bestvalit: 0.000990 bestmemit:    1.607158   64.377898    1.000000    0.000000  635.839348
Iteration: 24 bestvalit: 0.000989 bestmemit:    2.199033   -1.269551    1.000000    0.000000  601.839451
Iteration: 25 bestvalit: 0.000940 bestmemit:    2.379077  -19.148289    1.000000    0.000000  628.633879
Iteration: 26 bestvalit: 0.000940 bestmemit:    2.379077  -19.148289    1.000000    0.000000  628.633879
Iteration: 27 bestvalit: 0.000940 bestmemit:    2.379077  -19.148289    1.000000    0.000000  628.633879
Iteration: 28 bestvalit: 0.000940 bestmemit:    2.379077  -19.148289    1.000000    0.000000  628.633879
Iteration: 29 bestvalit: 0.000940 bestmemit:    2.379077  -19.148289    1.000000    0.000000  628.633879
Iteration: 30 bestvalit: 0.000940 bestmemit:    2.379077  -19.148289    1.000000    0.000000  628.633879
Iteration: 31 bestvalit: 0.000940 bestmemit:    2.379077  -19.148289    1.000000    0.000000  628.633879
Iteration: 32 bestvalit: 0.000940 bestmemit:    2.379077  -19.148289    1.000000    0.000000  628.633879
Iteration: 33 bestvalit: 0.000940 bestmemit:    2.379077  -19.148289    1.000000    0.000000  628.633879
Iteration: 34 bestvalit: 0.000940 bestmemit:    1.925788   56.557123    1.000000    0.000000  629.689493
Iteration: 35 bestvalit: 0.000940 bestmemit:    1.925788   56.557123    1.000000    0.000000  629.689493
Iteration: 36 bestvalit: 0.000940 bestmemit:    1.925788   56.557123    1.000000    0.000000  629.689493
Iteration: 37 bestvalit: 0.000940 bestmemit:    1.925788   56.557123    1.000000    0.000000  629.689493
Iteration: 38 bestvalit: 0.000940 bestmemit:    1.925788   56.557123    1.000000    0.000000  629.689493
Iteration: 39 bestvalit: 0.000940 bestmemit:    1.925788   56.557123    1.000000    0.000000  629.689493
Iteration: 40 bestvalit: 0.000940 bestmemit:    1.925788   56.557123    1.000000    0.000000  629.689493
Iteration: 41 bestvalit: 0.000940 bestmemit:    1.925788   56.557123    1.000000    0.000000  629.689493
Iteration: 42 bestvalit: 0.000940 bestmemit:    1.925788   56.557123    1.000000    0.000000  629.689493
Iteration: 43 bestvalit: 0.000933 bestmemit:    2.518517   10.869827    1.000000    0.000000  634.907252
Iteration: 44 bestvalit: 0.000933 bestmemit:    2.518517   10.869827    1.000000    0.000000  634.907252
Iteration: 45 bestvalit: 0.000933 bestmemit:    2.518517   10.869827    1.000000    0.000000  634.907252
Iteration: 46 bestvalit: 0.000933 bestmemit:    2.518517   10.869827    1.000000    0.000000  634.907252
Iteration: 47 bestvalit: 0.000933 bestmemit:    2.518517   10.869827    1.000000    0.000000  634.907252
Iteration: 48 bestvalit: 0.000933 bestmemit:    2.518517   10.869827    1.000000    0.000000  634.907252
Iteration: 49 bestvalit: 0.000933 bestmemit:    2.518517   10.869827    1.000000    0.000000  634.907252
Iteration: 50 bestvalit: 0.000933 bestmemit:    2.518517   10.869827    1.000000    0.000000  634.907252
Iteration: 51 bestvalit: 0.000933 bestmemit:    2.518517   10.869827    1.000000    0.000000  634.907252
Iteration: 52 bestvalit: 0.000933 bestmemit:    2.518517   10.869827    1.000000    0.000000  634.907252
Iteration: 53 bestvalit: 0.000933 bestmemit:    2.518517   10.869827    1.000000    0.000000  634.907252
Iteration: 54 bestvalit: 0.000930 bestmemit:    1.694273   -4.505299    1.000000    0.000000  635.231587
Iteration: 55 bestvalit: 0.000930 bestmemit:    1.694273   -4.505299    1.000000    0.000000  635.231587
Iteration: 56 bestvalit: 0.000929 bestmemit:    2.075752   34.805309    1.000000    0.000000  624.062190
Iteration: 57 bestvalit: 0.000929 bestmemit:    2.075752   34.805309    1.000000    0.000000  624.062190
Iteration: 58 bestvalit: 0.000929 bestmemit:    2.075752   34.805309    1.000000    0.000000  624.062190
Iteration: 59 bestvalit: 0.000929 bestmemit:    2.075752   34.805309    1.000000    0.000000  624.062190
Iteration: 60 bestvalit: 0.000929 bestmemit:    2.075752   34.805309    1.000000    0.000000  624.062190
Iteration: 61 bestvalit: 0.000929 bestmemit:    2.075752   34.805309    1.000000    0.000000  624.062190
Iteration: 62 bestvalit: 0.000929 bestmemit:    2.075752   34.805309    1.000000    0.000000  624.062190
Iteration: 63 bestvalit: 0.000927 bestmemit:    2.075752   42.887445    1.000000    0.000000  624.062190
Iteration: 64 bestvalit: 0.000923 bestmemit:    2.632491   -2.129823    1.000000    0.000000  631.793880
Iteration: 65 bestvalit: 0.000923 bestmemit:    2.632491   -2.129823    1.000000    0.000000  631.793880
Iteration: 66 bestvalit: 0.000923 bestmemit:    2.632491   -2.129823    1.000000    0.000000  631.793880
Iteration: 67 bestvalit: 0.000923 bestmemit:    2.632491   -2.129823    1.000000    0.000000  631.793880
Iteration: 68 bestvalit: 0.000923 bestmemit:    2.632491   -2.129823    1.000000    0.000000  631.793880
Iteration: 69 bestvalit: 0.000923 bestmemit:    2.632491   -2.129823    1.000000    0.000000  631.793880
Iteration: 70 bestvalit: 0.000923 bestmemit:    2.632491   -2.129823    1.000000    0.000000  631.793880
Iteration: 71 bestvalit: 0.000923 bestmemit:    2.632491   -2.129823    1.000000    0.000000  631.793880
Iteration: 72 bestvalit: 0.000923 bestmemit:    2.632491   -2.129823    1.000000    0.000000  631.793880
Iteration: 73 bestvalit: 0.000923 bestmemit:    2.632491   -2.129823    1.000000    0.000000  631.793880
Iteration: 74 bestvalit: 0.000923 bestmemit:    2.632491   -2.129823    1.000000    0.000000  631.793880
Iteration: 75 bestvalit: 0.000923 bestmemit:    2.632491   -2.129823    1.000000    0.000000  631.793880
Iteration: 76 bestvalit: 0.000923 bestmemit:    2.632491   -2.129823    1.000000    0.000000  631.793880
Iteration: 77 bestvalit: 0.000923 bestmemit:    2.632491   -2.129823    1.000000    0.000000  631.793880
Iteration: 78 bestvalit: 0.000923 bestmemit:    2.632491   -2.129823    1.000000    0.000000  631.793880
Iteration: 79 bestvalit: 0.000923 bestmemit:    2.632491   -2.129823    1.000000    0.000000  631.793880
Iteration: 80 bestvalit: 0.000923 bestmemit:    2.632491   -2.129823    1.000000    0.000000  631.793880
Iteration: 81 bestvalit: 0.000923 bestmemit:    2.632491   -2.129823    1.000000    0.000000  631.793880
Iteration: 82 bestvalit: 0.000923 bestmemit:    2.632491   -2.129823    1.000000    0.000000  631.793880
Iteration: 83 bestvalit: 0.000923 bestmemit:    2.632491   -2.129823    1.000000    0.000000  631.793880
Iteration: 84 bestvalit: 0.000923 bestmemit:    2.632491   -2.129823    1.000000    0.000000  631.793880
Iteration: 85 bestvalit: 0.000923 bestmemit:    2.632491   -2.129823    1.000000    0.000000  631.793880
Iteration: 86 bestvalit: 0.000923 bestmemit:    2.632491   -2.129823    1.000000    0.000000  631.793880
Iteration: 87 bestvalit: 0.000923 bestmemit:    2.632491   -2.129823    1.000000    0.000000  631.793880
Iteration: 88 bestvalit: 0.000915 bestmemit:    2.075752   32.940606    1.000000    0.000000  624.062190
Iteration: 89 bestvalit: 0.000915 bestmemit:    2.075752   32.940606    1.000000    0.000000  624.062190
Iteration: 90 bestvalit: 0.000915 bestmemit:    2.075752   32.940606    1.000000    0.000000  624.062190
Iteration: 91 bestvalit: 0.000915 bestmemit:    2.075752   32.940606    1.000000    0.000000  624.062190
Iteration: 92 bestvalit: 0.000915 bestmemit:    2.075752   32.940606    1.000000    0.000000  624.062190
Iteration: 93 bestvalit: 0.000915 bestmemit:    2.075752   32.940606    1.000000    0.000000  624.062190
Iteration: 94 bestvalit: 0.000915 bestmemit:    2.075752   32.940606    1.000000    0.000000  624.062190
Iteration: 95 bestvalit: 0.000915 bestmemit:    2.075752   32.940606    1.000000    0.000000  624.062190
Iteration: 96 bestvalit: 0.000915 bestmemit:    2.075752   32.940606    1.000000    0.000000  624.062190
Iteration: 97 bestvalit: 0.000915 bestmemit:    2.075752   32.940606    1.000000    0.000000  624.062190
Iteration: 98 bestvalit: 0.000915 bestmemit:    2.075752   32.940606    1.000000    0.000000  624.062190
Iteration: 99 bestvalit: 0.000915 bestmemit:    2.075752   32.940606    1.000000    0.000000  624.062190
Iteration: 100 bestvalit: 0.000915 bestmemit:    2.075752   32.940606    1.000000    0.000000  624.062190
Iteration: 101 bestvalit: 0.000915 bestmemit:    2.075752   32.940606    1.000000    0.000000  624.062190
Iteration: 102 bestvalit: 0.000915 bestmemit:    2.075752   32.940606    1.000000    0.000000  624.062190
Iteration: 103 bestvalit: 0.000915 bestmemit:    2.075752   32.940606    1.000000    0.000000  624.062190
Iteration: 104 bestvalit: 0.000915 bestmemit:    2.075752   32.940606    1.000000    0.000000  624.062190
Iteration: 105 bestvalit: 0.000915 bestmemit:    2.075752   32.940606    1.000000    0.000000  624.062190
Iteration: 106 bestvalit: 0.000915 bestmemit:    2.075752   32.940606    1.000000    0.000000  624.062190
Iteration: 107 bestvalit: 0.000915 bestmemit:    2.075752   32.940606    1.000000    0.000000  624.062190
Iteration: 108 bestvalit: 0.000915 bestmemit:    2.075752   32.940606    1.000000    0.000000  624.062190
Iteration: 109 bestvalit: 0.000915 bestmemit:    2.075752   32.940606    1.000000    0.000000  624.062190
Iteration: 110 bestvalit: 0.000915 bestmemit:    2.075752   32.940606    1.000000    0.000000  624.062190
Iteration: 111 bestvalit: 0.000915 bestmemit:    2.075752   32.940606    1.000000    0.000000  624.062190
Iteration: 112 bestvalit: 0.000915 bestmemit:    2.075752   32.940606    1.000000    0.000000  624.062190
Iteration: 113 bestvalit: 0.000915 bestmemit:    2.075752   32.940606    1.000000    0.000000  624.062190
Iteration: 114 bestvalit: 0.000915 bestmemit:    2.075752   32.940606    1.000000    0.000000  624.062190
Iteration: 115 bestvalit: 0.000915 bestmemit:    2.075752   32.940606    1.000000    0.000000  624.062190
Iteration: 116 bestvalit: 0.000915 bestmemit:    2.075752   32.940606    1.000000    0.000000  624.062190
Iteration: 117 bestvalit: 0.000915 bestmemit:    2.075752   32.940606    1.000000    0.000000  624.062190
Iteration: 118 bestvalit: 0.000915 bestmemit:    2.075752   32.940606    1.000000    0.000000  624.062190
Iteration: 119 bestvalit: 0.000915 bestmemit:    2.075752   32.940606    1.000000    0.000000  624.062190
Iteration: 120 bestvalit: 0.000915 bestmemit:    2.075752   32.940606    1.000000    0.000000  624.062190
Iteration: 121 bestvalit: 0.000915 bestmemit:    2.075752   32.940606    1.000000    0.000000  624.062190
Iteration: 122 bestvalit: 0.000915 bestmemit:    2.075752   32.940606    1.000000    0.000000  624.062190
Iteration: 123 bestvalit: 0.000915 bestmemit:    2.075752   32.940606    1.000000    0.000000  624.062190
Iteration: 124 bestvalit: 0.000915 bestmemit:    2.075752   32.940606    1.000000    0.000000  624.062190
Iteration: 125 bestvalit: 0.000915 bestmemit:    2.075752   32.940606    1.000000    0.000000  624.062190
Iteration: 126 bestvalit: 0.000915 bestmemit:    2.075752   32.940606    1.000000    0.000000  624.062190
Iteration: 127 bestvalit: 0.000915 bestmemit:    2.075752   32.940606    1.000000    0.000000  624.062190
Iteration: 128 bestvalit: 0.000915 bestmemit:    2.075752   32.940606    1.000000    0.000000  624.062190
Iteration: 129 bestvalit: 0.000915 bestmemit:    2.075752   32.940606    1.000000    0.000000  624.062190
Iteration: 130 bestvalit: 0.000915 bestmemit:    2.075752   32.940606    1.000000    0.000000  624.062190
Iteration: 131 bestvalit: 0.000915 bestmemit:    2.075752   32.940606    1.000000    0.000000  624.062190
Iteration: 132 bestvalit: 0.000915 bestmemit:    2.075752   32.940606    1.000000    0.000000  624.062190
Iteration: 133 bestvalit: 0.000915 bestmemit:    2.075752   32.940606    1.000000    0.000000  624.062190
Iteration: 134 bestvalit: 0.000915 bestmemit:    2.075752   32.940606    1.000000    0.000000  624.062190
Iteration: 135 bestvalit: 0.000915 bestmemit:    2.075752   32.940606    1.000000    0.000000  624.062190
Iteration: 136 bestvalit: 0.000915 bestmemit:    2.075752   32.940606    1.000000    0.000000  624.062190
Iteration: 137 bestvalit: 0.000915 bestmemit:    2.075752   32.940606    1.000000    0.000000  624.062190
Iteration: 138 bestvalit: 0.000915 bestmemit:    2.075752   32.940606    1.000000    0.000000  624.062190
Iteration: 139 bestvalit: 0.000915 bestmemit:    2.075752   32.940606    1.000000    0.000000  624.062190
Iteration: 140 bestvalit: 0.000915 bestmemit:    2.075752   32.940606    1.000000    0.000000  624.062190
Iteration: 141 bestvalit: 0.000915 bestmemit:    2.075752   32.940606    1.000000    0.000000  624.062190
Iteration: 142 bestvalit: 0.000915 bestmemit:    2.075752   32.940606    1.000000    0.000000  624.062190
Iteration: 143 bestvalit: 0.000915 bestmemit:    2.075752   32.940606    1.000000    0.000000  624.062190
Iteration: 144 bestvalit: 0.000915 bestmemit:    2.075752   32.940606    1.000000    0.000000  624.062190
Iteration: 145 bestvalit: 0.000915 bestmemit:    2.075752   32.940606    1.000000    0.000000  624.062190
Iteration: 146 bestvalit: 0.000915 bestmemit:    2.075752   32.940606    1.000000    0.000000  624.062190
Iteration: 147 bestvalit: 0.000915 bestmemit:    2.075752   32.940606    1.000000    0.000000  624.062190
Iteration: 148 bestvalit: 0.000915 bestmemit:    2.075752   32.940606    1.000000    0.000000  624.062190
Iteration: 149 bestvalit: 0.000915 bestmemit:    2.075752   32.940606    1.000000    0.000000  624.062190
Iteration: 150 bestvalit: 0.000915 bestmemit:    2.075752   32.940606    1.000000    0.000000  624.062190
Iteration: 151 bestvalit: 0.000915 bestmemit:    2.075752   32.940606    1.000000    0.000000  624.062190
Iteration: 152 bestvalit: 0.000915 bestmemit:    2.075752   32.940606    1.000000    0.000000  624.062190
Iteration: 153 bestvalit: 0.000915 bestmemit:    2.075752   32.940606    1.000000    0.000000  624.062190
Iteration: 154 bestvalit: 0.000915 bestmemit:    2.075752   32.940606    1.000000    0.000000  624.062190
Iteration: 155 bestvalit: 0.000915 bestmemit:    2.075752   32.940606    1.000000    0.000000  624.062190
Iteration: 156 bestvalit: 0.000915 bestmemit:    2.075752   32.940606    1.000000    0.000000  624.062190
Iteration: 157 bestvalit: 0.000915 bestmemit:    2.075752   32.940606    1.000000    0.000000  624.062190
Iteration: 158 bestvalit: 0.000915 bestmemit:    2.075752   32.940606    1.000000    0.000000  624.062190
Iteration: 159 bestvalit: 0.000915 bestmemit:    2.075752   32.940606    1.000000    0.000000  624.062190
Iteration: 160 bestvalit: 0.000915 bestmemit:    2.075752   32.940606    1.000000    0.000000  624.062190
Iteration: 161 bestvalit: 0.000915 bestmemit:    2.075752   32.940606    1.000000    0.000000  624.062190
Iteration: 162 bestvalit: 0.000915 bestmemit:    2.075752   32.940606    1.000000    0.000000  624.062190
Iteration: 163 bestvalit: 0.000915 bestmemit:    2.075752   32.940606    1.000000    0.000000  624.062190
Iteration: 164 bestvalit: 0.000915 bestmemit:    2.075752   32.940606    1.000000    0.000000  624.062190
Iteration: 165 bestvalit: 0.000915 bestmemit:    2.075752   32.940606    1.000000    0.000000  624.062190
Iteration: 166 bestvalit: 0.000915 bestmemit:    2.075752   32.940606    1.000000    0.000000  624.062190
Iteration: 167 bestvalit: 0.000915 bestmemit:    2.075752   32.940606    1.000000    0.000000  624.062190
Iteration: 168 bestvalit: 0.000915 bestmemit:    2.075752   32.940606    1.000000    0.000000  624.062190
Iteration: 169 bestvalit: 0.000915 bestmemit:    2.075752   32.940606    1.000000    0.000000  624.062190
Iteration: 170 bestvalit: 0.000915 bestmemit:    2.075752   32.940606    1.000000    0.000000  624.062190
Iteration: 171 bestvalit: 0.000915 bestmemit:    2.075752   32.940606    1.000000    0.000000  624.062190
Iteration: 172 bestvalit: 0.000915 bestmemit:    2.075752   32.940606    1.000000    0.000000  624.062190
Iteration: 173 bestvalit: 0.000915 bestmemit:    2.075752   32.940606    1.000000    0.000000  624.062190
Iteration: 174 bestvalit: 0.000915 bestmemit:    2.075752   32.940606    1.000000    0.000000  624.062190
Iteration: 175 bestvalit: 0.000915 bestmemit:    2.075752   32.940606    1.000000    0.000000  624.062190
Iteration: 176 bestvalit: 0.000915 bestmemit:    2.075752   32.940606    1.000000    0.000000  624.062190
Iteration: 177 bestvalit: 0.000915 bestmemit:    2.075752   32.940606    1.000000    0.000000  624.062190
Iteration: 178 bestvalit: 0.000915 bestmemit:    2.075752   32.940606    1.000000    0.000000  624.062190
Iteration: 179 bestvalit: 0.000915 bestmemit:    2.075752   32.940606    1.000000    0.000000  624.062190
Iteration: 180 bestvalit: 0.000915 bestmemit:    2.075752   32.940606    1.000000    0.000000  624.062190
Iteration: 181 bestvalit: 0.000915 bestmemit:    2.075752   32.940606    1.000000    0.000000  624.062190
Iteration: 182 bestvalit: 0.000915 bestmemit:    2.075752   32.940606    1.000000    0.000000  624.062190
Iteration: 183 bestvalit: 0.000915 bestmemit:    2.075752   32.940606    1.000000    0.000000  624.062190
Iteration: 184 bestvalit: 0.000915 bestmemit:    2.075752   32.940606    1.000000    0.000000  624.062190
Iteration: 185 bestvalit: 0.000915 bestmemit:    2.075752   32.940606    1.000000    0.000000  624.062190
Iteration: 186 bestvalit: 0.000915 bestmemit:    2.075752   32.940606    1.000000    0.000000  624.062190
Iteration: 187 bestvalit: 0.000915 bestmemit:    2.075752   32.940606    1.000000    0.000000  624.062190
Iteration: 188 bestvalit: 0.000915 bestmemit:    2.075752   32.940606    1.000000    0.000000  624.062190
Iteration: 189 bestvalit: 0.000915 bestmemit:    2.075752   32.940606    1.000000    0.000000  624.062190

***** summary of DEoptim object ***** 
best member   :  2.07575 32.94061 1 0 624.0622 
best value    :  0.00092 
after         :  189 generations 
fn evaluated  :  380 times 
*************************************
