SLURM_JOB_ID: 55336534
SLURM_JOB_USER: vsc34066
SLURM_JOB_ACCOUNT: lp_desenderlab
SLURM_JOB_NAME: fit_alternating_fb_beta_learn.slurm
SLURM_CLUSTER_NAME: genius
SLURM_JOB_PARTITION: batch
SLURM_ARRAY_JOB_ID: 55336494
SLURM_ARRAY_TASK_ID: 40
SLURM_NNODES: 1
SLURM_NODELIST: r23i27n13
SLURM_JOB_CPUS_PER_NODE: 8
Date: Tue Nov  7 16:43:54 CET 2023
Walltime: 00-23:00:00
========================================================================
Iteration: 1 bestvalit: 0.004063 bestmemit:    0.596570   80.355998    1.000000    0.000000  988.030850
Iteration: 2 bestvalit: 0.004063 bestmemit:    0.596570   80.355998    1.000000    0.000000  988.030850
Iteration: 3 bestvalit: 0.004063 bestmemit:    0.596570   80.355998    1.000000    0.000000  988.030850
Iteration: 4 bestvalit: 0.004063 bestmemit:    0.596570   80.355998    1.000000    0.000000  988.030850
Iteration: 5 bestvalit: 0.002211 bestmemit:    4.676043   39.267604    1.000000    0.000000  584.132636
Iteration: 6 bestvalit: 0.002211 bestmemit:    4.676043   39.267604    1.000000    0.000000  584.132636
Iteration: 7 bestvalit: 0.002167 bestmemit:    4.676043   39.267604    1.000000    0.000000  584.132636
Iteration: 8 bestvalit: 0.002167 bestmemit:    4.676043   39.267604    1.000000    0.000000  584.132636
Iteration: 9 bestvalit: 0.002167 bestmemit:    4.676043   39.267604    1.000000    0.000000  584.132636
Iteration: 10 bestvalit: 0.002167 bestmemit:    4.676043   39.267604    1.000000    0.000000  584.132636
Iteration: 11 bestvalit: 0.002167 bestmemit:    4.676043   39.267604    1.000000    0.000000  584.132636
Iteration: 12 bestvalit: 0.002167 bestmemit:    4.676043   39.267604    1.000000    0.000000  584.132636
Iteration: 13 bestvalit: 0.002167 bestmemit:    4.676043   39.267604    1.000000    0.000000  584.132636
Iteration: 14 bestvalit: 0.001910 bestmemit:    2.351487   81.875107    1.000000    0.000000  731.960268
Iteration: 15 bestvalit: 0.001910 bestmemit:    2.351487   81.875107    1.000000    0.000000  731.960268
Iteration: 16 bestvalit: 0.001703 bestmemit:    1.745498   11.446499    1.000000    0.000000  668.037474
Iteration: 17 bestvalit: 0.001703 bestmemit:    1.745498   11.446499    1.000000    0.000000  668.037474
Iteration: 18 bestvalit: 0.001659 bestmemit:    2.350595   20.970044    1.000000    0.000000  657.247477
Iteration: 19 bestvalit: 0.001659 bestmemit:    2.350595   20.970044    1.000000    0.000000  657.247477
Iteration: 20 bestvalit: 0.001653 bestmemit:    1.721165   37.763726    1.000000    0.000000  668.037474
Iteration: 21 bestvalit: 0.001653 bestmemit:    1.721165   37.763726    1.000000    0.000000  668.037474
Iteration: 22 bestvalit: 0.001653 bestmemit:    1.721165   37.763726    1.000000    0.000000  668.037474
Iteration: 23 bestvalit: 0.001653 bestmemit:    1.721165   37.763726    1.000000    0.000000  668.037474
Iteration: 24 bestvalit: 0.001653 bestmemit:    1.721165   37.763726    1.000000    0.000000  668.037474
Iteration: 25 bestvalit: 0.001653 bestmemit:    1.721165   37.763726    1.000000    0.000000  668.037474
Iteration: 26 bestvalit: 0.001634 bestmemit:    2.337908   26.574196    1.000000    0.000000  668.216673
Iteration: 27 bestvalit: 0.001634 bestmemit:    2.337908   26.574196    1.000000    0.000000  668.216673
Iteration: 28 bestvalit: 0.001634 bestmemit:    2.337908   26.574196    1.000000    0.000000  668.216673
Iteration: 29 bestvalit: 0.001628 bestmemit:    2.337908   26.574196    1.000000    0.000000  668.216673
Iteration: 30 bestvalit: 0.001628 bestmemit:    2.337908   26.574196    1.000000    0.000000  668.216673
Iteration: 31 bestvalit: 0.001628 bestmemit:    2.337908   26.574196    1.000000    0.000000  668.216673
Iteration: 32 bestvalit: 0.001628 bestmemit:    2.337908   26.574196    1.000000    0.000000  668.216673
Iteration: 33 bestvalit: 0.001628 bestmemit:    2.337908   26.574196    1.000000    0.000000  668.216673
Iteration: 34 bestvalit: 0.001628 bestmemit:    2.337908   26.574196    1.000000    0.000000  668.216673
Iteration: 35 bestvalit: 0.001628 bestmemit:    2.337908   26.574196    1.000000    0.000000  668.216673
Iteration: 36 bestvalit: 0.001628 bestmemit:    2.337908   26.574196    1.000000    0.000000  668.216673
Iteration: 37 bestvalit: 0.001628 bestmemit:    2.337908   26.574196    1.000000    0.000000  668.216673
Iteration: 38 bestvalit: 0.001611 bestmemit:    1.848164    0.166127    1.000000    0.000000  676.821602
Iteration: 39 bestvalit: 0.001611 bestmemit:    1.848164    0.166127    1.000000    0.000000  676.821602
Iteration: 40 bestvalit: 0.001609 bestmemit:    1.721165   37.763726    1.000000    0.000000  668.037474
Iteration: 41 bestvalit: 0.001609 bestmemit:    1.721165   37.763726    1.000000    0.000000  668.037474
Iteration: 42 bestvalit: 0.001609 bestmemit:    1.721165   37.763726    1.000000    0.000000  668.037474
Iteration: 43 bestvalit: 0.001609 bestmemit:    1.721165   37.763726    1.000000    0.000000  668.037474
Iteration: 44 bestvalit: 0.001609 bestmemit:    1.721165   37.763726    1.000000    0.000000  668.037474
Iteration: 45 bestvalit: 0.001609 bestmemit:    1.721165   37.763726    1.000000    0.000000  668.037474
Iteration: 46 bestvalit: 0.001609 bestmemit:    1.721165   37.763726    1.000000    0.000000  668.037474
Iteration: 47 bestvalit: 0.001609 bestmemit:    1.721165   37.763726    1.000000    0.000000  668.037474
Iteration: 48 bestvalit: 0.001609 bestmemit:    1.721165   37.763726    1.000000    0.000000  668.037474
Iteration: 49 bestvalit: 0.001609 bestmemit:    1.721165   37.763726    1.000000    0.000000  668.037474
Iteration: 50 bestvalit: 0.001609 bestmemit:    1.721165   37.763726    1.000000    0.000000  668.037474
Iteration: 51 bestvalit: 0.001609 bestmemit:    1.721165   37.763726    1.000000    0.000000  668.037474
Iteration: 52 bestvalit: 0.001609 bestmemit:    1.721165   37.763726    1.000000    0.000000  668.037474
Iteration: 53 bestvalit: 0.001609 bestmemit:    1.721165   37.763726    1.000000    0.000000  668.037474
Iteration: 54 bestvalit: 0.001609 bestmemit:    1.721165   37.763726    1.000000    0.000000  668.037474
Iteration: 55 bestvalit: 0.001609 bestmemit:    1.721165   37.763726    1.000000    0.000000  668.037474
Iteration: 56 bestvalit: 0.001609 bestmemit:    1.721165   37.763726    1.000000    0.000000  668.037474
Iteration: 57 bestvalit: 0.001609 bestmemit:    1.721165   37.763726    1.000000    0.000000  668.037474
Iteration: 58 bestvalit: 0.001609 bestmemit:    1.721165   37.763726    1.000000    0.000000  668.037474
Iteration: 59 bestvalit: 0.001609 bestmemit:    1.721165   37.763726    1.000000    0.000000  668.037474
Iteration: 60 bestvalit: 0.001609 bestmemit:    1.721165   37.763726    1.000000    0.000000  668.037474
Iteration: 61 bestvalit: 0.001609 bestmemit:    1.721165   37.763726    1.000000    0.000000  668.037474
Iteration: 62 bestvalit: 0.001609 bestmemit:    1.721165   37.763726    1.000000    0.000000  668.037474
Iteration: 63 bestvalit: 0.001609 bestmemit:    1.721165   37.763726    1.000000    0.000000  668.037474
Iteration: 64 bestvalit: 0.001609 bestmemit:    1.721165   37.763726    1.000000    0.000000  668.037474
Iteration: 65 bestvalit: 0.001609 bestmemit:    1.721165   37.763726    1.000000    0.000000  668.037474
Iteration: 66 bestvalit: 0.001609 bestmemit:    1.721165   37.763726    1.000000    0.000000  668.037474
Iteration: 67 bestvalit: 0.001609 bestmemit:    1.721165   37.763726    1.000000    0.000000  668.037474
Iteration: 68 bestvalit: 0.001609 bestmemit:    1.721165   37.763726    1.000000    0.000000  668.037474
Iteration: 69 bestvalit: 0.001609 bestmemit:    1.721165   37.763726    1.000000    0.000000  668.037474
Iteration: 70 bestvalit: 0.001609 bestmemit:    1.721165   37.763726    1.000000    0.000000  668.037474
Iteration: 71 bestvalit: 0.001609 bestmemit:    1.721165   37.763726    1.000000    0.000000  668.037474
Iteration: 72 bestvalit: 0.001609 bestmemit:    1.721165   37.763726    1.000000    0.000000  668.037474
Iteration: 73 bestvalit: 0.001609 bestmemit:    1.721165   37.763726    1.000000    0.000000  668.037474
Iteration: 74 bestvalit: 0.001609 bestmemit:    1.721165   37.763726    1.000000    0.000000  668.037474
Iteration: 75 bestvalit: 0.001609 bestmemit:    1.721165   37.763726    1.000000    0.000000  668.037474
Iteration: 76 bestvalit: 0.001609 bestmemit:    1.721165   37.763726    1.000000    0.000000  668.037474
Iteration: 77 bestvalit: 0.001609 bestmemit:    1.721165   37.763726    1.000000    0.000000  668.037474
Iteration: 78 bestvalit: 0.001609 bestmemit:    1.721165   37.763726    1.000000    0.000000  668.037474
Iteration: 79 bestvalit: 0.001609 bestmemit:    1.721165   37.763726    1.000000    0.000000  668.037474
Iteration: 80 bestvalit: 0.001609 bestmemit:    1.721165   37.763726    1.000000    0.000000  668.037474
Iteration: 81 bestvalit: 0.001609 bestmemit:    1.721165   37.763726    1.000000    0.000000  668.037474
Iteration: 82 bestvalit: 0.001609 bestmemit:    1.721165   37.763726    1.000000    0.000000  668.037474
Iteration: 83 bestvalit: 0.001609 bestmemit:    1.721165   37.763726    1.000000    0.000000  668.037474
Iteration: 84 bestvalit: 0.001609 bestmemit:    1.721165   37.763726    1.000000    0.000000  668.037474
Iteration: 85 bestvalit: 0.001609 bestmemit:    1.721165   37.763726    1.000000    0.000000  668.037474
Iteration: 86 bestvalit: 0.001609 bestmemit:    1.679250   25.705072    1.000000    0.000000  671.731377
Iteration: 87 bestvalit: 0.001609 bestmemit:    1.679250   25.705072    1.000000    0.000000  671.731377
Iteration: 88 bestvalit: 0.001609 bestmemit:    1.679250   25.705072    1.000000    0.000000  671.731377
Iteration: 89 bestvalit: 0.001609 bestmemit:    1.679250   25.705072    1.000000    0.000000  671.731377
Iteration: 90 bestvalit: 0.001609 bestmemit:    1.679250   25.705072    1.000000    0.000000  671.731377
Iteration: 91 bestvalit: 0.001609 bestmemit:    1.679250   25.705072    1.000000    0.000000  671.731377
Iteration: 92 bestvalit: 0.001609 bestmemit:    1.679250   25.705072    1.000000    0.000000  671.731377
Iteration: 93 bestvalit: 0.001609 bestmemit:    1.679250   25.705072    1.000000    0.000000  671.731377
Iteration: 94 bestvalit: 0.001609 bestmemit:    1.679250   25.705072    1.000000    0.000000  671.731377
Iteration: 95 bestvalit: 0.001609 bestmemit:    1.679250   25.705072    1.000000    0.000000  671.731377
Iteration: 96 bestvalit: 0.001609 bestmemit:    1.679250   25.705072    1.000000    0.000000  671.731377
Iteration: 97 bestvalit: 0.001598 bestmemit:    2.295877   30.634154    1.000000    0.000000  671.015372
Iteration: 98 bestvalit: 0.001598 bestmemit:    2.295877   30.634154    1.000000    0.000000  671.015372
Iteration: 99 bestvalit: 0.001598 bestmemit:    2.295877   30.634154    1.000000    0.000000  671.015372
Iteration: 100 bestvalit: 0.001598 bestmemit:    2.295877   30.634154    1.000000    0.000000  671.015372
Iteration: 101 bestvalit: 0.001598 bestmemit:    2.295877   30.634154    1.000000    0.000000  671.015372
Iteration: 102 bestvalit: 0.001598 bestmemit:    2.295877   30.634154    1.000000    0.000000  671.015372
Iteration: 103 bestvalit: 0.001598 bestmemit:    2.295877   30.634154    1.000000    0.000000  671.015372
Iteration: 104 bestvalit: 0.001598 bestmemit:    2.295877   30.634154    1.000000    0.000000  671.015372
Iteration: 105 bestvalit: 0.001598 bestmemit:    2.295877   30.634154    1.000000    0.000000  671.015372
Iteration: 106 bestvalit: 0.001598 bestmemit:    2.295877   30.634154    1.000000    0.000000  671.015372
Iteration: 107 bestvalit: 0.001598 bestmemit:    2.295877   30.634154    1.000000    0.000000  671.015372
Iteration: 108 bestvalit: 0.001598 bestmemit:    2.295877   30.634154    1.000000    0.000000  671.015372
Iteration: 109 bestvalit: 0.001598 bestmemit:    2.295877   30.634154    1.000000    0.000000  671.015372
Iteration: 110 bestvalit: 0.001598 bestmemit:    2.295877   30.634154    1.000000    0.000000  671.015372
Iteration: 111 bestvalit: 0.001598 bestmemit:    2.295877   30.634154    1.000000    0.000000  671.015372
Iteration: 112 bestvalit: 0.001598 bestmemit:    2.295877   30.634154    1.000000    0.000000  671.015372
Iteration: 113 bestvalit: 0.001598 bestmemit:    2.295877   30.634154    1.000000    0.000000  671.015372
Iteration: 114 bestvalit: 0.001598 bestmemit:    2.295877   30.634154    1.000000    0.000000  671.015372
Iteration: 115 bestvalit: 0.001598 bestmemit:    2.295877   30.634154    1.000000    0.000000  671.015372
Iteration: 116 bestvalit: 0.001598 bestmemit:    2.295877   30.634154    1.000000    0.000000  671.015372
Iteration: 117 bestvalit: 0.001598 bestmemit:    2.295877   30.634154    1.000000    0.000000  671.015372
Iteration: 118 bestvalit: 0.001598 bestmemit:    2.295877   30.634154    1.000000    0.000000  671.015372
Iteration: 119 bestvalit: 0.001598 bestmemit:    2.295877   30.634154    1.000000    0.000000  671.015372
Iteration: 120 bestvalit: 0.001598 bestmemit:    2.295877   30.634154    1.000000    0.000000  671.015372
Iteration: 121 bestvalit: 0.001598 bestmemit:    2.295877   30.634154    1.000000    0.000000  671.015372
Iteration: 122 bestvalit: 0.001598 bestmemit:    2.295877   30.634154    1.000000    0.000000  671.015372
Iteration: 123 bestvalit: 0.001598 bestmemit:    2.295877   30.634154    1.000000    0.000000  671.015372
Iteration: 124 bestvalit: 0.001598 bestmemit:    2.295877   30.634154    1.000000    0.000000  671.015372
Iteration: 125 bestvalit: 0.001598 bestmemit:    2.295877   30.634154    1.000000    0.000000  671.015372
Iteration: 126 bestvalit: 0.001598 bestmemit:    2.295877   30.634154    1.000000    0.000000  671.015372
Iteration: 127 bestvalit: 0.001598 bestmemit:    2.295877   30.634154    1.000000    0.000000  671.015372
Iteration: 128 bestvalit: 0.001598 bestmemit:    2.295877   30.634154    1.000000    0.000000  671.015372
Iteration: 129 bestvalit: 0.001598 bestmemit:    2.295877   30.634154    1.000000    0.000000  671.015372
Iteration: 130 bestvalit: 0.001598 bestmemit:    2.295877   30.634154    1.000000    0.000000  671.015372
Iteration: 131 bestvalit: 0.001598 bestmemit:    2.295877   30.634154    1.000000    0.000000  671.015372
Iteration: 132 bestvalit: 0.001598 bestmemit:    2.295877   30.634154    1.000000    0.000000  671.015372
Iteration: 133 bestvalit: 0.001598 bestmemit:    2.295877   30.634154    1.000000    0.000000  671.015372
Iteration: 134 bestvalit: 0.001598 bestmemit:    2.295877   30.634154    1.000000    0.000000  671.015372
Iteration: 135 bestvalit: 0.001598 bestmemit:    2.295877   30.634154    1.000000    0.000000  671.015372
Iteration: 136 bestvalit: 0.001598 bestmemit:    2.295877   30.634154    1.000000    0.000000  671.015372
Iteration: 137 bestvalit: 0.001598 bestmemit:    2.295877   30.634154    1.000000    0.000000  671.015372
Iteration: 138 bestvalit: 0.001598 bestmemit:    2.295877   30.634154    1.000000    0.000000  671.015372
Iteration: 139 bestvalit: 0.001598 bestmemit:    2.295877   30.634154    1.000000    0.000000  671.015372
Iteration: 140 bestvalit: 0.001598 bestmemit:    2.295877   30.634154    1.000000    0.000000  671.015372
Iteration: 141 bestvalit: 0.001598 bestmemit:    2.295877   30.634154    1.000000    0.000000  671.015372
Iteration: 142 bestvalit: 0.001598 bestmemit:    2.295877   30.634154    1.000000    0.000000  671.015372
Iteration: 143 bestvalit: 0.001598 bestmemit:    2.295877   30.634154    1.000000    0.000000  671.015372
Iteration: 144 bestvalit: 0.001598 bestmemit:    2.295877   30.634154    1.000000    0.000000  671.015372
Iteration: 145 bestvalit: 0.001598 bestmemit:    2.295877   30.634154    1.000000    0.000000  671.015372
Iteration: 146 bestvalit: 0.001598 bestmemit:    2.295877   30.634154    1.000000    0.000000  671.015372
Iteration: 147 bestvalit: 0.001598 bestmemit:    2.295877   30.634154    1.000000    0.000000  671.015372
Iteration: 148 bestvalit: 0.001598 bestmemit:    2.295877   30.634154    1.000000    0.000000  671.015372
Iteration: 149 bestvalit: 0.001598 bestmemit:    2.295877   30.634154    1.000000    0.000000  671.015372
Iteration: 150 bestvalit: 0.001598 bestmemit:    2.295877   30.634154    1.000000    0.000000  671.015372
Iteration: 151 bestvalit: 0.001598 bestmemit:    2.295877   30.634154    1.000000    0.000000  671.015372
Iteration: 152 bestvalit: 0.001598 bestmemit:    2.295877   30.634154    1.000000    0.000000  671.015372
Iteration: 153 bestvalit: 0.001598 bestmemit:    2.295877   30.634154    1.000000    0.000000  671.015372
Iteration: 154 bestvalit: 0.001598 bestmemit:    2.295877   30.634154    1.000000    0.000000  671.015372
Iteration: 155 bestvalit: 0.001598 bestmemit:    2.295877   30.634154    1.000000    0.000000  671.015372
Iteration: 156 bestvalit: 0.001598 bestmemit:    2.295877   30.634154    1.000000    0.000000  671.015372
Iteration: 157 bestvalit: 0.001598 bestmemit:    2.295877   30.634154    1.000000    0.000000  671.015372
Iteration: 158 bestvalit: 0.001598 bestmemit:    2.295877   30.634154    1.000000    0.000000  671.015372
Iteration: 159 bestvalit: 0.001598 bestmemit:    2.295877   30.634154    1.000000    0.000000  671.015372
Iteration: 160 bestvalit: 0.001598 bestmemit:    2.295877   30.634154    1.000000    0.000000  671.015372
Iteration: 161 bestvalit: 0.001598 bestmemit:    2.295877   30.634154    1.000000    0.000000  671.015372
Iteration: 162 bestvalit: 0.001598 bestmemit:    2.295877   30.634154    1.000000    0.000000  671.015372
Iteration: 163 bestvalit: 0.001598 bestmemit:    2.295877   30.634154    1.000000    0.000000  671.015372
Iteration: 164 bestvalit: 0.001598 bestmemit:    2.295877   30.634154    1.000000    0.000000  671.015372
Iteration: 165 bestvalit: 0.001598 bestmemit:    2.295877   30.634154    1.000000    0.000000  671.015372
Iteration: 166 bestvalit: 0.001598 bestmemit:    2.295877   30.634154    1.000000    0.000000  671.015372
Iteration: 167 bestvalit: 0.001598 bestmemit:    2.295877   30.634154    1.000000    0.000000  671.015372
Iteration: 168 bestvalit: 0.001598 bestmemit:    2.295877   30.634154    1.000000    0.000000  671.015372
Iteration: 169 bestvalit: 0.001598 bestmemit:    2.295877   30.634154    1.000000    0.000000  671.015372
Iteration: 170 bestvalit: 0.001598 bestmemit:    2.295877   30.634154    1.000000    0.000000  671.015372
Iteration: 171 bestvalit: 0.001598 bestmemit:    2.295877   30.634154    1.000000    0.000000  671.015372
Iteration: 172 bestvalit: 0.001598 bestmemit:    2.295877   30.634154    1.000000    0.000000  671.015372
Iteration: 173 bestvalit: 0.001598 bestmemit:    2.295877   30.634154    1.000000    0.000000  671.015372
Iteration: 174 bestvalit: 0.001598 bestmemit:    2.295877   30.634154    1.000000    0.000000  671.015372
Iteration: 175 bestvalit: 0.001598 bestmemit:    2.295877   30.634154    1.000000    0.000000  671.015372
Iteration: 176 bestvalit: 0.001598 bestmemit:    2.295877   30.634154    1.000000    0.000000  671.015372
Iteration: 177 bestvalit: 0.001598 bestmemit:    2.295877   30.634154    1.000000    0.000000  671.015372
Iteration: 178 bestvalit: 0.001598 bestmemit:    2.295877   30.634154    1.000000    0.000000  671.015372
Iteration: 179 bestvalit: 0.001598 bestmemit:    2.295877   30.634154    1.000000    0.000000  671.015372
Iteration: 180 bestvalit: 0.001598 bestmemit:    2.295877   30.634154    1.000000    0.000000  671.015372
Iteration: 181 bestvalit: 0.001598 bestmemit:    2.295877   30.634154    1.000000    0.000000  671.015372
Iteration: 182 bestvalit: 0.001598 bestmemit:    2.295877   30.634154    1.000000    0.000000  671.015372
Iteration: 183 bestvalit: 0.001598 bestmemit:    2.295877   30.634154    1.000000    0.000000  671.015372
Iteration: 184 bestvalit: 0.001598 bestmemit:    2.295877   30.634154    1.000000    0.000000  671.015372
Iteration: 185 bestvalit: 0.001598 bestmemit:    2.295877   30.634154    1.000000    0.000000  671.015372
Iteration: 186 bestvalit: 0.001598 bestmemit:    2.295877   30.634154    1.000000    0.000000  671.015372
Iteration: 187 bestvalit: 0.001598 bestmemit:    2.295877   30.634154    1.000000    0.000000  671.015372
Iteration: 188 bestvalit: 0.001598 bestmemit:    2.295877   30.634154    1.000000    0.000000  671.015372
Iteration: 189 bestvalit: 0.001598 bestmemit:    2.295877   30.634154    1.000000    0.000000  671.015372
Iteration: 190 bestvalit: 0.001598 bestmemit:    2.295877   30.634154    1.000000    0.000000  671.015372
Iteration: 191 bestvalit: 0.001598 bestmemit:    2.295877   30.634154    1.000000    0.000000  671.015372
Iteration: 192 bestvalit: 0.001598 bestmemit:    2.295877   30.634154    1.000000    0.000000  671.015372
Iteration: 193 bestvalit: 0.001592 bestmemit:    1.935643   15.364920    1.000000    0.000000  669.663652
Iteration: 194 bestvalit: 0.001592 bestmemit:    1.935643   15.364920    1.000000    0.000000  669.663652
Iteration: 195 bestvalit: 0.001592 bestmemit:    1.935643   15.364920    1.000000    0.000000  669.663652
Iteration: 196 bestvalit: 0.001586 bestmemit:    2.200111   25.705072    1.000000    0.000000  671.731377
Iteration: 197 bestvalit: 0.001586 bestmemit:    2.200111   25.705072    1.000000    0.000000  671.731377
Iteration: 198 bestvalit: 0.001586 bestmemit:    2.200111   25.705072    1.000000    0.000000  671.731377
Iteration: 199 bestvalit: 0.001586 bestmemit:    2.200111   25.705072    1.000000    0.000000  671.731377
Iteration: 200 bestvalit: 0.001586 bestmemit:    2.200111   25.705072    1.000000    0.000000  671.731377
Iteration: 201 bestvalit: 0.001586 bestmemit:    2.200111   25.705072    1.000000    0.000000  671.731377
Iteration: 202 bestvalit: 0.001586 bestmemit:    2.200111   25.705072    1.000000    0.000000  671.731377
Iteration: 203 bestvalit: 0.001586 bestmemit:    2.200111   25.705072    1.000000    0.000000  671.731377
Iteration: 204 bestvalit: 0.001586 bestmemit:    2.200111   25.705072    1.000000    0.000000  671.731377
Iteration: 205 bestvalit: 0.001586 bestmemit:    2.200111   25.705072    1.000000    0.000000  671.731377
Iteration: 206 bestvalit: 0.001586 bestmemit:    2.200111   25.705072    1.000000    0.000000  671.731377
Iteration: 207 bestvalit: 0.001586 bestmemit:    2.200111   25.705072    1.000000    0.000000  671.731377
Iteration: 208 bestvalit: 0.001586 bestmemit:    2.200111   25.705072    1.000000    0.000000  671.731377
Iteration: 209 bestvalit: 0.001586 bestmemit:    2.200111   25.705072    1.000000    0.000000  671.731377
Iteration: 210 bestvalit: 0.001586 bestmemit:    2.200111   25.705072    1.000000    0.000000  671.731377
Iteration: 211 bestvalit: 0.001586 bestmemit:    2.200111   25.705072    1.000000    0.000000  671.731377
Iteration: 212 bestvalit: 0.001586 bestmemit:    2.200111   25.705072    1.000000    0.000000  671.731377
Iteration: 213 bestvalit: 0.001586 bestmemit:    2.200111   25.705072    1.000000    0.000000  671.731377
Iteration: 214 bestvalit: 0.001586 bestmemit:    2.200111   25.705072    1.000000    0.000000  671.731377
Iteration: 215 bestvalit: 0.001586 bestmemit:    2.200111   25.705072    1.000000    0.000000  671.731377
Iteration: 216 bestvalit: 0.001586 bestmemit:    2.200111   25.705072    1.000000    0.000000  671.731377
Iteration: 217 bestvalit: 0.001586 bestmemit:    2.200111   25.705072    1.000000    0.000000  671.731377
Iteration: 218 bestvalit: 0.001586 bestmemit:    2.200111   25.705072    1.000000    0.000000  671.731377
Iteration: 219 bestvalit: 0.001586 bestmemit:    2.200111   25.705072    1.000000    0.000000  671.731377
Iteration: 220 bestvalit: 0.001586 bestmemit:    2.200111   25.705072    1.000000    0.000000  671.731377
Iteration: 221 bestvalit: 0.001586 bestmemit:    2.200111   25.705072    1.000000    0.000000  671.731377
Iteration: 222 bestvalit: 0.001586 bestmemit:    2.200111   25.705072    1.000000    0.000000  671.731377
Iteration: 223 bestvalit: 0.001586 bestmemit:    2.200111   25.705072    1.000000    0.000000  671.731377
Iteration: 224 bestvalit: 0.001586 bestmemit:    2.200111   25.705072    1.000000    0.000000  671.731377
Iteration: 225 bestvalit: 0.001586 bestmemit:    2.200111   25.705072    1.000000    0.000000  671.731377
Iteration: 226 bestvalit: 0.001586 bestmemit:    2.200111   25.705072    1.000000    0.000000  671.731377
Iteration: 227 bestvalit: 0.001586 bestmemit:    2.200111   25.705072    1.000000    0.000000  671.731377
Iteration: 228 bestvalit: 0.001586 bestmemit:    2.200111   25.705072    1.000000    0.000000  671.731377
Iteration: 229 bestvalit: 0.001586 bestmemit:    2.200111   25.705072    1.000000    0.000000  671.731377
Iteration: 230 bestvalit: 0.001586 bestmemit:    2.200111   25.705072    1.000000    0.000000  671.731377
Iteration: 231 bestvalit: 0.001586 bestmemit:    2.200111   25.705072    1.000000    0.000000  671.731377
Iteration: 232 bestvalit: 0.001586 bestmemit:    2.200111   25.705072    1.000000    0.000000  671.731377
Iteration: 233 bestvalit: 0.001586 bestmemit:    2.200111   25.705072    1.000000    0.000000  671.731377
Iteration: 234 bestvalit: 0.001586 bestmemit:    2.200111   25.705072    1.000000    0.000000  671.731377
Iteration: 235 bestvalit: 0.001586 bestmemit:    2.200111   25.705072    1.000000    0.000000  671.731377
Iteration: 236 bestvalit: 0.001586 bestmemit:    2.200111   25.705072    1.000000    0.000000  671.731377
Iteration: 237 bestvalit: 0.001586 bestmemit:    2.200111   25.705072    1.000000    0.000000  671.731377
Iteration: 238 bestvalit: 0.001586 bestmemit:    2.200111   25.705072    1.000000    0.000000  671.731377
Iteration: 239 bestvalit: 0.001586 bestmemit:    2.200111   25.705072    1.000000    0.000000  671.731377
Iteration: 240 bestvalit: 0.001586 bestmemit:    2.200111   25.705072    1.000000    0.000000  671.731377
Iteration: 241 bestvalit: 0.001578 bestmemit:    1.848164    0.166127    1.000000    0.000000  665.306619
Iteration: 242 bestvalit: 0.001578 bestmemit:    1.848164    0.166127    1.000000    0.000000  665.306619
Iteration: 243 bestvalit: 0.001578 bestmemit:    1.848164    0.166127    1.000000    0.000000  665.306619
Iteration: 244 bestvalit: 0.001578 bestmemit:    1.848164    0.166127    1.000000    0.000000  665.306619
Iteration: 245 bestvalit: 0.001578 bestmemit:    1.848164    0.166127    1.000000    0.000000  665.306619
Iteration: 246 bestvalit: 0.001578 bestmemit:    1.848164    0.166127    1.000000    0.000000  665.306619
Iteration: 247 bestvalit: 0.001578 bestmemit:    1.848164    0.166127    1.000000    0.000000  665.306619
Iteration: 248 bestvalit: 0.001578 bestmemit:    1.848164    0.166127    1.000000    0.000000  665.306619
Iteration: 249 bestvalit: 0.001578 bestmemit:    1.848164    0.166127    1.000000    0.000000  665.306619
Iteration: 250 bestvalit: 0.001578 bestmemit:    1.848164    0.166127    1.000000    0.000000  665.306619
Iteration: 251 bestvalit: 0.001578 bestmemit:    1.848164    0.166127    1.000000    0.000000  665.306619
Iteration: 252 bestvalit: 0.001578 bestmemit:    1.848164    0.166127    1.000000    0.000000  665.306619
Iteration: 253 bestvalit: 0.001578 bestmemit:    1.848164    0.166127    1.000000    0.000000  665.306619
Iteration: 254 bestvalit: 0.001578 bestmemit:    1.848164    0.166127    1.000000    0.000000  665.306619
Iteration: 255 bestvalit: 0.001578 bestmemit:    1.848164    0.166127    1.000000    0.000000  665.306619
Iteration: 256 bestvalit: 0.001578 bestmemit:    1.848164    0.166127    1.000000    0.000000  665.306619
Iteration: 257 bestvalit: 0.001578 bestmemit:    1.848164    0.166127    1.000000    0.000000  665.306619
Iteration: 258 bestvalit: 0.001578 bestmemit:    1.848164    0.166127    1.000000    0.000000  665.306619
Iteration: 259 bestvalit: 0.001578 bestmemit:    1.848164    0.166127    1.000000    0.000000  665.306619
Iteration: 260 bestvalit: 0.001578 bestmemit:    1.848164    0.166127    1.000000    0.000000  665.306619
Iteration: 261 bestvalit: 0.001578 bestmemit:    1.848164    0.166127    1.000000    0.000000  665.306619
Iteration: 262 bestvalit: 0.001578 bestmemit:    1.848164    0.166127    1.000000    0.000000  665.306619
Iteration: 263 bestvalit: 0.001578 bestmemit:    1.848164    0.166127    1.000000    0.000000  665.306619
Iteration: 264 bestvalit: 0.001578 bestmemit:    1.848164    0.166127    1.000000    0.000000  665.306619
Iteration: 265 bestvalit: 0.001578 bestmemit:    1.848164    0.166127    1.000000    0.000000  665.306619
Iteration: 266 bestvalit: 0.001578 bestmemit:    1.848164    0.166127    1.000000    0.000000  665.306619
Iteration: 267 bestvalit: 0.001578 bestmemit:    1.848164    0.166127    1.000000    0.000000  665.306619
Iteration: 268 bestvalit: 0.001578 bestmemit:    1.848164    0.166127    1.000000    0.000000  665.306619
Iteration: 269 bestvalit: 0.001578 bestmemit:    1.848164    0.166127    1.000000    0.000000  665.306619
Iteration: 270 bestvalit: 0.001578 bestmemit:    1.848164    0.166127    1.000000    0.000000  665.306619
Iteration: 271 bestvalit: 0.001578 bestmemit:    1.848164    0.166127    1.000000    0.000000  665.306619
Iteration: 272 bestvalit: 0.001578 bestmemit:    1.848164    0.166127    1.000000    0.000000  665.306619
Iteration: 273 bestvalit: 0.001578 bestmemit:    1.848164    0.166127    1.000000    0.000000  665.306619
Iteration: 274 bestvalit: 0.001578 bestmemit:    1.848164    0.166127    1.000000    0.000000  665.306619
Iteration: 275 bestvalit: 0.001578 bestmemit:    1.848164    0.166127    1.000000    0.000000  665.306619
Iteration: 276 bestvalit: 0.001578 bestmemit:    1.848164    0.166127    1.000000    0.000000  665.306619
Iteration: 277 bestvalit: 0.001578 bestmemit:    1.848164    0.166127    1.000000    0.000000  665.306619
Iteration: 278 bestvalit: 0.001578 bestmemit:    1.848164    0.166127    1.000000    0.000000  665.306619
Iteration: 279 bestvalit: 0.001578 bestmemit:    1.848164    0.166127    1.000000    0.000000  665.306619
Iteration: 280 bestvalit: 0.001578 bestmemit:    1.848164    0.166127    1.000000    0.000000  665.306619
Iteration: 281 bestvalit: 0.001578 bestmemit:    1.848164    0.166127    1.000000    0.000000  665.306619
Iteration: 282 bestvalit: 0.001578 bestmemit:    1.848164    0.166127    1.000000    0.000000  665.306619
Iteration: 283 bestvalit: 0.001578 bestmemit:    1.848164    0.166127    1.000000    0.000000  665.306619
Iteration: 284 bestvalit: 0.001578 bestmemit:    1.848164    0.166127    1.000000    0.000000  665.306619
Iteration: 285 bestvalit: 0.001578 bestmemit:    1.848164    0.166127    1.000000    0.000000  665.306619
Iteration: 286 bestvalit: 0.001578 bestmemit:    1.848164    0.166127    1.000000    0.000000  665.306619
Iteration: 287 bestvalit: 0.001578 bestmemit:    1.848164    0.166127    1.000000    0.000000  665.306619
Iteration: 288 bestvalit: 0.001578 bestmemit:    1.848164    0.166127    1.000000    0.000000  665.306619
Iteration: 289 bestvalit: 0.001578 bestmemit:    1.848164    0.166127    1.000000    0.000000  665.306619
Iteration: 290 bestvalit: 0.001578 bestmemit:    1.848164    0.166127    1.000000    0.000000  665.306619
Iteration: 291 bestvalit: 0.001578 bestmemit:    1.848164    0.166127    1.000000    0.000000  665.306619
Iteration: 292 bestvalit: 0.001578 bestmemit:    1.848164    0.166127    1.000000    0.000000  665.306619
Iteration: 293 bestvalit: 0.001578 bestmemit:    1.848164    0.166127    1.000000    0.000000  665.306619
Iteration: 294 bestvalit: 0.001578 bestmemit:    1.848164    0.166127    1.000000    0.000000  665.306619
Iteration: 295 bestvalit: 0.001578 bestmemit:    1.848164    0.166127    1.000000    0.000000  665.306619
Iteration: 296 bestvalit: 0.001578 bestmemit:    1.848164    0.166127    1.000000    0.000000  665.306619
Iteration: 297 bestvalit: 0.001578 bestmemit:    1.848164    0.166127    1.000000    0.000000  665.306619
Iteration: 298 bestvalit: 0.001578 bestmemit:    1.848164    0.166127    1.000000    0.000000  665.306619
Iteration: 299 bestvalit: 0.001578 bestmemit:    1.848164    0.166127    1.000000    0.000000  665.306619
Iteration: 300 bestvalit: 0.001578 bestmemit:    1.848164    0.166127    1.000000    0.000000  665.306619
Iteration: 301 bestvalit: 0.001578 bestmemit:    1.848164    0.166127    1.000000    0.000000  665.306619
Iteration: 302 bestvalit: 0.001578 bestmemit:    1.848164    0.166127    1.000000    0.000000  665.306619
Iteration: 303 bestvalit: 0.001578 bestmemit:    1.848164    0.166127    1.000000    0.000000  665.306619
Iteration: 304 bestvalit: 0.001578 bestmemit:    1.848164    0.166127    1.000000    0.000000  665.306619
Iteration: 305 bestvalit: 0.001578 bestmemit:    1.848164    0.166127    1.000000    0.000000  665.306619
Iteration: 306 bestvalit: 0.001578 bestmemit:    1.848164    0.166127    1.000000    0.000000  665.306619
Iteration: 307 bestvalit: 0.001578 bestmemit:    1.848164    0.166127    1.000000    0.000000  665.306619
Iteration: 308 bestvalit: 0.001578 bestmemit:    1.848164    0.166127    1.000000    0.000000  665.306619
Iteration: 309 bestvalit: 0.001578 bestmemit:    1.848164    0.166127    1.000000    0.000000  665.306619
Iteration: 310 bestvalit: 0.001578 bestmemit:    1.848164    0.166127    1.000000    0.000000  665.306619
Iteration: 311 bestvalit: 0.001578 bestmemit:    1.848164    0.166127    1.000000    0.000000  665.306619
Iteration: 312 bestvalit: 0.001578 bestmemit:    1.848164    0.166127    1.000000    0.000000  665.306619
Iteration: 313 bestvalit: 0.001578 bestmemit:    1.848164    0.166127    1.000000    0.000000  665.306619
Iteration: 314 bestvalit: 0.001578 bestmemit:    1.848164    0.166127    1.000000    0.000000  665.306619
Iteration: 315 bestvalit: 0.001578 bestmemit:    1.848164    0.166127    1.000000    0.000000  665.306619
Iteration: 316 bestvalit: 0.001578 bestmemit:    1.848164    0.166127    1.000000    0.000000  665.306619
Iteration: 317 bestvalit: 0.001578 bestmemit:    1.848164    0.166127    1.000000    0.000000  665.306619
Iteration: 318 bestvalit: 0.001578 bestmemit:    1.848164    0.166127    1.000000    0.000000  665.306619
Iteration: 319 bestvalit: 0.001578 bestmemit:    1.848164    0.166127    1.000000    0.000000  665.306619
Iteration: 320 bestvalit: 0.001578 bestmemit:    1.848164    0.166127    1.000000    0.000000  665.306619
Iteration: 321 bestvalit: 0.001578 bestmemit:    1.848164    0.166127    1.000000    0.000000  665.306619
Iteration: 322 bestvalit: 0.001578 bestmemit:    1.848164    0.166127    1.000000    0.000000  665.306619
Iteration: 323 bestvalit: 0.001578 bestmemit:    1.848164    0.166127    1.000000    0.000000  665.306619
Iteration: 324 bestvalit: 0.001578 bestmemit:    1.848164    0.166127    1.000000    0.000000  665.306619
Iteration: 325 bestvalit: 0.001578 bestmemit:    1.848164    0.166127    1.000000    0.000000  665.306619
Iteration: 326 bestvalit: 0.001578 bestmemit:    1.848164    0.166127    1.000000    0.000000  665.306619
Iteration: 327 bestvalit: 0.001578 bestmemit:    1.848164    0.166127    1.000000    0.000000  665.306619
Iteration: 328 bestvalit: 0.001578 bestmemit:    1.848164    0.166127    1.000000    0.000000  665.306619
Iteration: 329 bestvalit: 0.001578 bestmemit:    1.848164    0.166127    1.000000    0.000000  665.306619
Iteration: 330 bestvalit: 0.001578 bestmemit:    1.848164    0.166127    1.000000    0.000000  665.306619
Iteration: 331 bestvalit: 0.001578 bestmemit:    1.848164    0.166127    1.000000    0.000000  665.306619
Iteration: 332 bestvalit: 0.001578 bestmemit:    1.848164    0.166127    1.000000    0.000000  665.306619
Iteration: 333 bestvalit: 0.001578 bestmemit:    1.848164    0.166127    1.000000    0.000000  665.306619
Iteration: 334 bestvalit: 0.001578 bestmemit:    1.848164    0.166127    1.000000    0.000000  665.306619
Iteration: 335 bestvalit: 0.001578 bestmemit:    1.848164    0.166127    1.000000    0.000000  665.306619
Iteration: 336 bestvalit: 0.001578 bestmemit:    1.848164    0.166127    1.000000    0.000000  665.306619
Iteration: 337 bestvalit: 0.001578 bestmemit:    1.848164    0.166127    1.000000    0.000000  665.306619
Iteration: 338 bestvalit: 0.001578 bestmemit:    1.848164    0.166127    1.000000    0.000000  665.306619
Iteration: 339 bestvalit: 0.001578 bestmemit:    1.848164    0.166127    1.000000    0.000000  665.306619
Iteration: 340 bestvalit: 0.001578 bestmemit:    1.848164    0.166127    1.000000    0.000000  665.306619
Iteration: 341 bestvalit: 0.001578 bestmemit:    1.848164    0.166127    1.000000    0.000000  665.306619
Iteration: 342 bestvalit: 0.001578 bestmemit:    1.848164    0.166127    1.000000    0.000000  665.306619

***** summary of DEoptim object ***** 
best member   :  1.84816 0.16613 1 0 665.3066 
best value    :  0.00158 
after         :  342 generations 
fn evaluated  :  686 times 
*************************************
