SLURM_JOB_ID: 55336531
SLURM_JOB_USER: vsc34066
SLURM_JOB_ACCOUNT: lp_desenderlab
SLURM_JOB_NAME: fit_alternating_fb_beta_learn.slurm
SLURM_CLUSTER_NAME: genius
SLURM_JOB_PARTITION: batch
SLURM_ARRAY_JOB_ID: 55336494
SLURM_ARRAY_TASK_ID: 37
SLURM_NNODES: 1
SLURM_NODELIST: r23i27n09
SLURM_JOB_CPUS_PER_NODE: 8
Date: Tue Nov  7 16:43:57 CET 2023
Walltime: 00-23:00:00
========================================================================
Iteration: 1 bestvalit: 0.004453 bestmemit:   47.504864  -63.416020    1.000000    0.000000  926.580939
Iteration: 2 bestvalit: 0.004453 bestmemit:   47.504864  -63.416020    1.000000    0.000000  926.580939
Iteration: 3 bestvalit: 0.004453 bestmemit:   47.504864  -63.416020    1.000000    0.000000  926.580939
Iteration: 4 bestvalit: 0.004453 bestmemit:   47.504864  -63.416020    1.000000    0.000000  926.580939
Iteration: 5 bestvalit: 0.001169 bestmemit:    2.096643  -63.416020    1.000000    0.000000  926.580939
Iteration: 6 bestvalit: 0.001169 bestmemit:    2.096643  -63.416020    1.000000    0.000000  926.580939
Iteration: 7 bestvalit: 0.001169 bestmemit:    2.096643  -63.416020    1.000000    0.000000  926.580939
Iteration: 8 bestvalit: 0.001080 bestmemit:    6.081196   36.231367    1.000000    0.000000  853.495721
Iteration: 9 bestvalit: 0.001040 bestmemit:    6.081196   -7.145567    1.000000    0.000000  853.495721
Iteration: 10 bestvalit: 0.001040 bestmemit:    6.081196   -7.145567    1.000000    0.000000  853.495721
Iteration: 11 bestvalit: 0.000838 bestmemit:    4.616410  -54.992131    1.000000    0.000000  750.158121
Iteration: 12 bestvalit: 0.000838 bestmemit:    4.616410  -54.992131    1.000000    0.000000  750.158121
Iteration: 13 bestvalit: 0.000838 bestmemit:    4.616410  -54.992131    1.000000    0.000000  750.158121
Iteration: 14 bestvalit: 0.000758 bestmemit:    4.616410   36.406285    1.000000    0.000000  750.158121
Iteration: 15 bestvalit: 0.000758 bestmemit:    4.616410   36.406285    1.000000    0.000000  750.158121
Iteration: 16 bestvalit: 0.000756 bestmemit:    2.096643  -63.416020    1.000000    0.000000  750.227379
Iteration: 17 bestvalit: 0.000756 bestmemit:    2.096643  -63.416020    1.000000    0.000000  750.227379
Iteration: 18 bestvalit: 0.000729 bestmemit:    0.791843   31.953585    1.000000    0.000000  727.742804
Iteration: 19 bestvalit: 0.000718 bestmemit:    1.918415   24.137168    1.000000    0.000000  727.955125
Iteration: 20 bestvalit: 0.000718 bestmemit:    1.918415   24.137168    1.000000    0.000000  727.955125
Iteration: 21 bestvalit: 0.000718 bestmemit:    1.918415   24.137168    1.000000    0.000000  727.955125
Iteration: 22 bestvalit: 0.000718 bestmemit:    1.918415   24.137168    1.000000    0.000000  727.955125
Iteration: 23 bestvalit: 0.000718 bestmemit:    1.918415   24.137168    1.000000    0.000000  727.955125
Iteration: 24 bestvalit: 0.000718 bestmemit:    1.918415   24.137168    1.000000    0.000000  727.955125
Iteration: 25 bestvalit: 0.000718 bestmemit:    1.918415   24.137168    1.000000    0.000000  727.955125
Iteration: 26 bestvalit: 0.000718 bestmemit:    1.918415   24.137168    1.000000    0.000000  727.955125
Iteration: 27 bestvalit: 0.000718 bestmemit:    1.918415   24.137168    1.000000    0.000000  727.955125
Iteration: 28 bestvalit: 0.000718 bestmemit:    1.918415   24.137168    1.000000    0.000000  727.955125
Iteration: 29 bestvalit: 0.000718 bestmemit:    1.918415   24.137168    1.000000    0.000000  727.955125
Iteration: 30 bestvalit: 0.000718 bestmemit:    1.918415   24.137168    1.000000    0.000000  727.955125
Iteration: 31 bestvalit: 0.000718 bestmemit:    1.918415   24.137168    1.000000    0.000000  727.955125
Iteration: 32 bestvalit: 0.000709 bestmemit:    3.211145  -13.587773    1.000000    0.000000  730.841621
Iteration: 33 bestvalit: 0.000709 bestmemit:    3.211145  -13.587773    1.000000    0.000000  730.841621
Iteration: 34 bestvalit: 0.000709 bestmemit:    3.211145  -13.587773    1.000000    0.000000  730.841621
Iteration: 35 bestvalit: 0.000709 bestmemit:    3.211145  -13.587773    1.000000    0.000000  730.841621
Iteration: 36 bestvalit: 0.000709 bestmemit:    3.211145  -13.587773    1.000000    0.000000  730.841621
Iteration: 37 bestvalit: 0.000709 bestmemit:    3.211145  -13.587773    1.000000    0.000000  730.841621
Iteration: 38 bestvalit: 0.000709 bestmemit:    3.211145  -13.587773    1.000000    0.000000  730.841621
Iteration: 39 bestvalit: 0.000709 bestmemit:    3.211145  -13.587773    1.000000    0.000000  730.841621
Iteration: 40 bestvalit: 0.000709 bestmemit:    3.211145  -13.587773    1.000000    0.000000  730.841621
Iteration: 41 bestvalit: 0.000709 bestmemit:    3.211145  -13.587773    1.000000    0.000000  730.841621
Iteration: 42 bestvalit: 0.000709 bestmemit:    3.211145  -13.587773    1.000000    0.000000  730.841621
Iteration: 43 bestvalit: 0.000709 bestmemit:    3.211145  -13.587773    1.000000    0.000000  730.841621
Iteration: 44 bestvalit: 0.000709 bestmemit:    3.211145  -13.587773    1.000000    0.000000  730.841621
Iteration: 45 bestvalit: 0.000709 bestmemit:    3.211145  -13.587773    1.000000    0.000000  730.841621
Iteration: 46 bestvalit: 0.000709 bestmemit:    3.211145  -13.587773    1.000000    0.000000  730.841621
Iteration: 47 bestvalit: 0.000709 bestmemit:    3.211145  -13.587773    1.000000    0.000000  730.841621
Iteration: 48 bestvalit: 0.000709 bestmemit:    3.211145  -13.587773    1.000000    0.000000  730.841621
Iteration: 49 bestvalit: 0.000709 bestmemit:    3.211145  -13.587773    1.000000    0.000000  730.841621
Iteration: 50 bestvalit: 0.000709 bestmemit:    3.211145  -13.587773    1.000000    0.000000  730.841621
Iteration: 51 bestvalit: 0.000709 bestmemit:    3.211145  -13.587773    1.000000    0.000000  730.841621
Iteration: 52 bestvalit: 0.000709 bestmemit:    3.211145  -13.587773    1.000000    0.000000  730.841621
Iteration: 53 bestvalit: 0.000709 bestmemit:    3.211145  -13.587773    1.000000    0.000000  730.841621
Iteration: 54 bestvalit: 0.000709 bestmemit:    3.211145  -13.587773    1.000000    0.000000  730.841621
Iteration: 55 bestvalit: 0.000709 bestmemit:    3.211145  -13.587773    1.000000    0.000000  730.841621
Iteration: 56 bestvalit: 0.000709 bestmemit:    3.211145  -13.587773    1.000000    0.000000  730.841621
Iteration: 57 bestvalit: 0.000709 bestmemit:    3.211145  -13.587773    1.000000    0.000000  730.841621
Iteration: 58 bestvalit: 0.000709 bestmemit:    3.211145  -13.587773    1.000000    0.000000  730.841621
Iteration: 59 bestvalit: 0.000706 bestmemit:    2.882526   14.309191    1.000000    0.000000  724.348317
Iteration: 60 bestvalit: 0.000706 bestmemit:    2.882526   14.309191    1.000000    0.000000  724.348317
Iteration: 61 bestvalit: 0.000706 bestmemit:    2.882526   14.309191    1.000000    0.000000  724.348317
Iteration: 62 bestvalit: 0.000706 bestmemit:    2.882526   14.309191    1.000000    0.000000  724.348317
Iteration: 63 bestvalit: 0.000706 bestmemit:    2.882526   14.309191    1.000000    0.000000  724.348317
Iteration: 64 bestvalit: 0.000706 bestmemit:    2.882526   14.309191    1.000000    0.000000  724.348317
Iteration: 65 bestvalit: 0.000706 bestmemit:    2.882526   14.309191    1.000000    0.000000  724.348317
Iteration: 66 bestvalit: 0.000706 bestmemit:    2.882526   14.309191    1.000000    0.000000  724.348317
Iteration: 67 bestvalit: 0.000706 bestmemit:    2.882526   14.309191    1.000000    0.000000  724.348317
Iteration: 68 bestvalit: 0.000706 bestmemit:    2.882526   14.309191    1.000000    0.000000  724.348317
Iteration: 69 bestvalit: 0.000706 bestmemit:    2.882526   14.309191    1.000000    0.000000  724.348317
Iteration: 70 bestvalit: 0.000706 bestmemit:    2.882526   14.309191    1.000000    0.000000  724.348317
Iteration: 71 bestvalit: 0.000700 bestmemit:    3.248251  -11.463917    1.000000    0.000000  740.254623
Iteration: 72 bestvalit: 0.000700 bestmemit:    3.248251  -11.463917    1.000000    0.000000  740.254623
Iteration: 73 bestvalit: 0.000700 bestmemit:    3.248251  -11.463917    1.000000    0.000000  740.254623
Iteration: 74 bestvalit: 0.000700 bestmemit:    3.248251  -11.463917    1.000000    0.000000  740.254623
Iteration: 75 bestvalit: 0.000700 bestmemit:    3.248251  -11.463917    1.000000    0.000000  740.254623
Iteration: 76 bestvalit: 0.000700 bestmemit:    3.248251  -11.463917    1.000000    0.000000  740.254623
Iteration: 77 bestvalit: 0.000700 bestmemit:    3.248251  -11.463917    1.000000    0.000000  740.254623
Iteration: 78 bestvalit: 0.000700 bestmemit:    3.248251  -11.463917    1.000000    0.000000  740.254623
Iteration: 79 bestvalit: 0.000700 bestmemit:    3.248251  -11.463917    1.000000    0.000000  740.254623
Iteration: 80 bestvalit: 0.000700 bestmemit:    3.248251  -11.463917    1.000000    0.000000  740.254623
Iteration: 81 bestvalit: 0.000700 bestmemit:    3.248251  -11.463917    1.000000    0.000000  740.254623
Iteration: 82 bestvalit: 0.000700 bestmemit:    3.248251  -11.463917    1.000000    0.000000  740.254623
Iteration: 83 bestvalit: 0.000700 bestmemit:    3.248251  -11.463917    1.000000    0.000000  740.254623
Iteration: 84 bestvalit: 0.000700 bestmemit:    3.248251  -11.463917    1.000000    0.000000  740.254623
Iteration: 85 bestvalit: 0.000700 bestmemit:    3.248251  -11.463917    1.000000    0.000000  740.254623
Iteration: 86 bestvalit: 0.000700 bestmemit:    3.248251  -11.463917    1.000000    0.000000  740.254623
Iteration: 87 bestvalit: 0.000700 bestmemit:    3.248251  -11.463917    1.000000    0.000000  740.254623
Iteration: 88 bestvalit: 0.000700 bestmemit:    3.248251  -11.463917    1.000000    0.000000  740.254623
Iteration: 89 bestvalit: 0.000700 bestmemit:    3.248251  -11.463917    1.000000    0.000000  740.254623
Iteration: 90 bestvalit: 0.000700 bestmemit:    3.248251  -11.463917    1.000000    0.000000  740.254623
Iteration: 91 bestvalit: 0.000700 bestmemit:    3.248251  -11.463917    1.000000    0.000000  740.254623
Iteration: 92 bestvalit: 0.000700 bestmemit:    3.248251  -11.463917    1.000000    0.000000  740.254623
Iteration: 93 bestvalit: 0.000700 bestmemit:    3.248251  -11.463917    1.000000    0.000000  740.254623
Iteration: 94 bestvalit: 0.000700 bestmemit:    3.248251  -11.463917    1.000000    0.000000  740.254623
Iteration: 95 bestvalit: 0.000700 bestmemit:    3.248251  -11.463917    1.000000    0.000000  740.254623
Iteration: 96 bestvalit: 0.000700 bestmemit:    3.248251  -11.463917    1.000000    0.000000  740.254623
Iteration: 97 bestvalit: 0.000700 bestmemit:    3.248251  -11.463917    1.000000    0.000000  740.254623
Iteration: 98 bestvalit: 0.000700 bestmemit:    3.248251  -11.463917    1.000000    0.000000  740.254623
Iteration: 99 bestvalit: 0.000700 bestmemit:    3.248251  -11.463917    1.000000    0.000000  740.254623
Iteration: 100 bestvalit: 0.000700 bestmemit:    3.248251  -11.463917    1.000000    0.000000  740.254623
Iteration: 101 bestvalit: 0.000700 bestmemit:    3.248251  -11.463917    1.000000    0.000000  740.254623
Iteration: 102 bestvalit: 0.000700 bestmemit:    3.248251  -11.463917    1.000000    0.000000  740.254623
Iteration: 103 bestvalit: 0.000700 bestmemit:    3.248251  -11.463917    1.000000    0.000000  740.254623
Iteration: 104 bestvalit: 0.000700 bestmemit:    3.248251  -11.463917    1.000000    0.000000  740.254623
Iteration: 105 bestvalit: 0.000700 bestmemit:    3.248251  -11.463917    1.000000    0.000000  740.254623
Iteration: 106 bestvalit: 0.000700 bestmemit:    3.248251  -11.463917    1.000000    0.000000  740.254623
Iteration: 107 bestvalit: 0.000700 bestmemit:    3.248251  -11.463917    1.000000    0.000000  740.254623
Iteration: 108 bestvalit: 0.000700 bestmemit:    3.248251  -11.463917    1.000000    0.000000  740.254623
Iteration: 109 bestvalit: 0.000700 bestmemit:    3.248251  -11.463917    1.000000    0.000000  740.254623
Iteration: 110 bestvalit: 0.000700 bestmemit:    3.248251  -11.463917    1.000000    0.000000  740.254623
Iteration: 111 bestvalit: 0.000700 bestmemit:    3.248251  -11.463917    1.000000    0.000000  740.254623
Iteration: 112 bestvalit: 0.000700 bestmemit:    3.248251  -11.463917    1.000000    0.000000  740.254623
Iteration: 113 bestvalit: 0.000697 bestmemit:    2.641261  -37.250503    1.000000    0.000000  738.315921
Iteration: 114 bestvalit: 0.000697 bestmemit:    2.641261  -37.250503    1.000000    0.000000  738.315921
Iteration: 115 bestvalit: 0.000697 bestmemit:    2.641261  -37.250503    1.000000    0.000000  738.315921
Iteration: 116 bestvalit: 0.000697 bestmemit:    2.641261  -37.250503    1.000000    0.000000  738.315921
Iteration: 117 bestvalit: 0.000697 bestmemit:    2.641261  -37.250503    1.000000    0.000000  738.315921
Iteration: 118 bestvalit: 0.000697 bestmemit:    2.641261  -37.250503    1.000000    0.000000  738.315921
Iteration: 119 bestvalit: 0.000697 bestmemit:    2.641261  -37.250503    1.000000    0.000000  738.315921
Iteration: 120 bestvalit: 0.000697 bestmemit:    2.641261  -37.250503    1.000000    0.000000  738.315921
Iteration: 121 bestvalit: 0.000697 bestmemit:    2.641261  -37.250503    1.000000    0.000000  738.315921
Iteration: 122 bestvalit: 0.000697 bestmemit:    2.641261  -37.250503    1.000000    0.000000  738.315921
Iteration: 123 bestvalit: 0.000697 bestmemit:    2.641261  -37.250503    1.000000    0.000000  738.315921
Iteration: 124 bestvalit: 0.000697 bestmemit:    2.641261  -37.250503    1.000000    0.000000  738.315921
Iteration: 125 bestvalit: 0.000697 bestmemit:    2.641261  -37.250503    1.000000    0.000000  738.315921
Iteration: 126 bestvalit: 0.000697 bestmemit:    2.641261  -37.250503    1.000000    0.000000  738.315921
Iteration: 127 bestvalit: 0.000697 bestmemit:    2.641261  -37.250503    1.000000    0.000000  738.315921
Iteration: 128 bestvalit: 0.000697 bestmemit:    2.641261  -37.250503    1.000000    0.000000  738.315921
Iteration: 129 bestvalit: 0.000697 bestmemit:    2.641261  -37.250503    1.000000    0.000000  738.315921
Iteration: 130 bestvalit: 0.000697 bestmemit:    2.641261  -37.250503    1.000000    0.000000  738.315921
Iteration: 131 bestvalit: 0.000697 bestmemit:    2.641261  -37.250503    1.000000    0.000000  738.315921
Iteration: 132 bestvalit: 0.000697 bestmemit:    2.641261  -37.250503    1.000000    0.000000  738.315921
Iteration: 133 bestvalit: 0.000697 bestmemit:    2.641261  -37.250503    1.000000    0.000000  738.315921
Iteration: 134 bestvalit: 0.000697 bestmemit:    2.641261  -37.250503    1.000000    0.000000  738.315921
Iteration: 135 bestvalit: 0.000697 bestmemit:    2.641261  -37.250503    1.000000    0.000000  738.315921
Iteration: 136 bestvalit: 0.000697 bestmemit:    2.641261  -37.250503    1.000000    0.000000  738.315921
Iteration: 137 bestvalit: 0.000697 bestmemit:    2.641261  -37.250503    1.000000    0.000000  738.315921
Iteration: 138 bestvalit: 0.000697 bestmemit:    2.641261  -37.250503    1.000000    0.000000  738.315921
Iteration: 139 bestvalit: 0.000697 bestmemit:    2.641261  -37.250503    1.000000    0.000000  738.315921
Iteration: 140 bestvalit: 0.000697 bestmemit:    2.641261  -37.250503    1.000000    0.000000  738.315921
Iteration: 141 bestvalit: 0.000697 bestmemit:    2.641261  -37.250503    1.000000    0.000000  738.315921
Iteration: 142 bestvalit: 0.000697 bestmemit:    2.641261  -37.250503    1.000000    0.000000  738.315921
Iteration: 143 bestvalit: 0.000697 bestmemit:    2.641261  -37.250503    1.000000    0.000000  738.315921
Iteration: 144 bestvalit: 0.000697 bestmemit:    2.641261  -37.250503    1.000000    0.000000  738.315921
Iteration: 145 bestvalit: 0.000697 bestmemit:    2.641261  -37.250503    1.000000    0.000000  738.315921
Iteration: 146 bestvalit: 0.000697 bestmemit:    2.641261  -37.250503    1.000000    0.000000  738.315921
Iteration: 147 bestvalit: 0.000697 bestmemit:    2.641261  -37.250503    1.000000    0.000000  738.315921
Iteration: 148 bestvalit: 0.000697 bestmemit:    2.641261  -37.250503    1.000000    0.000000  738.315921
Iteration: 149 bestvalit: 0.000697 bestmemit:    2.641261  -37.250503    1.000000    0.000000  738.315921
Iteration: 150 bestvalit: 0.000697 bestmemit:    2.641261  -37.250503    1.000000    0.000000  738.315921
Iteration: 151 bestvalit: 0.000697 bestmemit:    2.641261  -37.250503    1.000000    0.000000  738.315921
Iteration: 152 bestvalit: 0.000697 bestmemit:    2.641261  -37.250503    1.000000    0.000000  738.315921
Iteration: 153 bestvalit: 0.000697 bestmemit:    2.641261  -37.250503    1.000000    0.000000  738.315921
Iteration: 154 bestvalit: 0.000697 bestmemit:    2.641261  -37.250503    1.000000    0.000000  738.315921
Iteration: 155 bestvalit: 0.000697 bestmemit:    2.641261  -37.250503    1.000000    0.000000  738.315921
Iteration: 156 bestvalit: 0.000697 bestmemit:    2.641261  -37.250503    1.000000    0.000000  738.315921
Iteration: 157 bestvalit: 0.000697 bestmemit:    2.641261  -37.250503    1.000000    0.000000  738.315921
Iteration: 158 bestvalit: 0.000697 bestmemit:    2.641261  -37.250503    1.000000    0.000000  738.315921
Iteration: 159 bestvalit: 0.000697 bestmemit:    2.641261  -37.250503    1.000000    0.000000  738.315921
Iteration: 160 bestvalit: 0.000697 bestmemit:    2.641261  -37.250503    1.000000    0.000000  738.315921
Iteration: 161 bestvalit: 0.000697 bestmemit:    2.641261  -37.250503    1.000000    0.000000  738.315921
Iteration: 162 bestvalit: 0.000697 bestmemit:    2.641261  -37.250503    1.000000    0.000000  738.315921
Iteration: 163 bestvalit: 0.000697 bestmemit:    2.641261  -37.250503    1.000000    0.000000  738.315921
Iteration: 164 bestvalit: 0.000697 bestmemit:    2.641261  -37.250503    1.000000    0.000000  738.315921
Iteration: 165 bestvalit: 0.000694 bestmemit:    2.610424  -41.028548    1.000000    0.000000  749.721286
Iteration: 166 bestvalit: 0.000694 bestmemit:    2.610424  -41.028548    1.000000    0.000000  749.721286
Iteration: 167 bestvalit: 0.000694 bestmemit:    2.610424  -41.028548    1.000000    0.000000  749.721286
Iteration: 168 bestvalit: 0.000694 bestmemit:    2.610424  -41.028548    1.000000    0.000000  749.721286
Iteration: 169 bestvalit: 0.000694 bestmemit:    2.610424  -41.028548    1.000000    0.000000  749.721286
Iteration: 170 bestvalit: 0.000694 bestmemit:    2.610424  -41.028548    1.000000    0.000000  749.721286
Iteration: 171 bestvalit: 0.000694 bestmemit:    2.610424  -41.028548    1.000000    0.000000  749.721286
Iteration: 172 bestvalit: 0.000694 bestmemit:    2.610424  -41.028548    1.000000    0.000000  749.721286
Iteration: 173 bestvalit: 0.000694 bestmemit:    2.610424  -41.028548    1.000000    0.000000  749.721286
Iteration: 174 bestvalit: 0.000694 bestmemit:    2.610424  -41.028548    1.000000    0.000000  749.721286
Iteration: 175 bestvalit: 0.000694 bestmemit:    2.610424  -41.028548    1.000000    0.000000  749.721286
Iteration: 176 bestvalit: 0.000694 bestmemit:    2.610424  -41.028548    1.000000    0.000000  749.721286
Iteration: 177 bestvalit: 0.000694 bestmemit:    2.610424  -41.028548    1.000000    0.000000  749.721286
Iteration: 178 bestvalit: 0.000694 bestmemit:    2.610424  -41.028548    1.000000    0.000000  749.721286
Iteration: 179 bestvalit: 0.000694 bestmemit:    2.610424  -41.028548    1.000000    0.000000  749.721286
Iteration: 180 bestvalit: 0.000694 bestmemit:    2.610424  -41.028548    1.000000    0.000000  749.721286
Iteration: 181 bestvalit: 0.000694 bestmemit:    2.610424  -41.028548    1.000000    0.000000  749.721286
Iteration: 182 bestvalit: 0.000694 bestmemit:    2.610424  -41.028548    1.000000    0.000000  749.721286
Iteration: 183 bestvalit: 0.000694 bestmemit:    2.610424  -41.028548    1.000000    0.000000  749.721286
Iteration: 184 bestvalit: 0.000694 bestmemit:    2.610424  -41.028548    1.000000    0.000000  749.721286
Iteration: 185 bestvalit: 0.000694 bestmemit:    2.610424  -41.028548    1.000000    0.000000  749.721286
Iteration: 186 bestvalit: 0.000694 bestmemit:    2.610424  -41.028548    1.000000    0.000000  749.721286
Iteration: 187 bestvalit: 0.000694 bestmemit:    2.610424  -41.028548    1.000000    0.000000  749.721286
Iteration: 188 bestvalit: 0.000694 bestmemit:    2.610424  -41.028548    1.000000    0.000000  749.721286
Iteration: 189 bestvalit: 0.000694 bestmemit:    2.610424  -41.028548    1.000000    0.000000  749.721286
Iteration: 190 bestvalit: 0.000694 bestmemit:    2.610424  -41.028548    1.000000    0.000000  749.721286
Iteration: 191 bestvalit: 0.000694 bestmemit:    2.610424  -41.028548    1.000000    0.000000  749.721286
Iteration: 192 bestvalit: 0.000694 bestmemit:    2.610424  -41.028548    1.000000    0.000000  749.721286
Iteration: 193 bestvalit: 0.000694 bestmemit:    2.610424  -41.028548    1.000000    0.000000  749.721286
Iteration: 194 bestvalit: 0.000694 bestmemit:    2.610424  -41.028548    1.000000    0.000000  749.721286
Iteration: 195 bestvalit: 0.000694 bestmemit:    2.610424  -41.028548    1.000000    0.000000  749.721286
Iteration: 196 bestvalit: 0.000694 bestmemit:    2.610424  -41.028548    1.000000    0.000000  749.721286
Iteration: 197 bestvalit: 0.000694 bestmemit:    2.610424  -41.028548    1.000000    0.000000  749.721286
Iteration: 198 bestvalit: 0.000694 bestmemit:    2.610424  -41.028548    1.000000    0.000000  749.721286
Iteration: 199 bestvalit: 0.000694 bestmemit:    2.610424  -41.028548    1.000000    0.000000  749.721286
Iteration: 200 bestvalit: 0.000694 bestmemit:    2.610424  -41.028548    1.000000    0.000000  749.721286
Iteration: 201 bestvalit: 0.000694 bestmemit:    2.610424  -41.028548    1.000000    0.000000  749.721286
Iteration: 202 bestvalit: 0.000694 bestmemit:    2.610424  -41.028548    1.000000    0.000000  749.721286
Iteration: 203 bestvalit: 0.000694 bestmemit:    2.610424  -41.028548    1.000000    0.000000  749.721286
Iteration: 204 bestvalit: 0.000694 bestmemit:    2.610424  -41.028548    1.000000    0.000000  749.721286
Iteration: 205 bestvalit: 0.000694 bestmemit:    2.610424  -41.028548    1.000000    0.000000  749.721286
Iteration: 206 bestvalit: 0.000694 bestmemit:    2.610424  -41.028548    1.000000    0.000000  749.721286
Iteration: 207 bestvalit: 0.000694 bestmemit:    2.610424  -41.028548    1.000000    0.000000  749.721286
Iteration: 208 bestvalit: 0.000694 bestmemit:    2.610424  -41.028548    1.000000    0.000000  749.721286
Iteration: 209 bestvalit: 0.000694 bestmemit:    2.610424  -41.028548    1.000000    0.000000  749.721286
Iteration: 210 bestvalit: 0.000694 bestmemit:    2.610424  -41.028548    1.000000    0.000000  749.721286
Iteration: 211 bestvalit: 0.000694 bestmemit:    2.610424  -41.028548    1.000000    0.000000  749.721286
Iteration: 212 bestvalit: 0.000694 bestmemit:    2.610424  -41.028548    1.000000    0.000000  749.721286
Iteration: 213 bestvalit: 0.000694 bestmemit:    2.610424  -41.028548    1.000000    0.000000  749.721286
Iteration: 214 bestvalit: 0.000694 bestmemit:    2.610424  -41.028548    1.000000    0.000000  749.721286
Iteration: 215 bestvalit: 0.000694 bestmemit:    2.610424  -41.028548    1.000000    0.000000  749.721286
Iteration: 216 bestvalit: 0.000694 bestmemit:    2.610424  -41.028548    1.000000    0.000000  749.721286
Iteration: 217 bestvalit: 0.000694 bestmemit:    2.610424  -41.028548    1.000000    0.000000  749.721286
Iteration: 218 bestvalit: 0.000694 bestmemit:    2.610424  -41.028548    1.000000    0.000000  749.721286
Iteration: 219 bestvalit: 0.000694 bestmemit:    2.610424  -41.028548    1.000000    0.000000  749.721286
Iteration: 220 bestvalit: 0.000694 bestmemit:    2.610424  -41.028548    1.000000    0.000000  749.721286
Iteration: 221 bestvalit: 0.000694 bestmemit:    2.610424  -41.028548    1.000000    0.000000  749.721286
Iteration: 222 bestvalit: 0.000694 bestmemit:    2.610424  -41.028548    1.000000    0.000000  749.721286
Iteration: 223 bestvalit: 0.000694 bestmemit:    2.610424  -41.028548    1.000000    0.000000  749.721286
Iteration: 224 bestvalit: 0.000694 bestmemit:    2.610424  -41.028548    1.000000    0.000000  749.721286
Iteration: 225 bestvalit: 0.000694 bestmemit:    2.610424  -41.028548    1.000000    0.000000  749.721286
Iteration: 226 bestvalit: 0.000694 bestmemit:    2.610424  -41.028548    1.000000    0.000000  749.721286
Iteration: 227 bestvalit: 0.000694 bestmemit:    2.610424  -41.028548    1.000000    0.000000  749.721286
Iteration: 228 bestvalit: 0.000694 bestmemit:    2.610424  -41.028548    1.000000    0.000000  749.721286
Iteration: 229 bestvalit: 0.000694 bestmemit:    2.610424  -41.028548    1.000000    0.000000  749.721286
Iteration: 230 bestvalit: 0.000694 bestmemit:    2.610424  -41.028548    1.000000    0.000000  749.721286
Iteration: 231 bestvalit: 0.000694 bestmemit:    2.610424  -41.028548    1.000000    0.000000  749.721286
Iteration: 232 bestvalit: 0.000694 bestmemit:    2.610424  -41.028548    1.000000    0.000000  749.721286
Iteration: 233 bestvalit: 0.000694 bestmemit:    2.610424  -41.028548    1.000000    0.000000  749.721286
Iteration: 234 bestvalit: 0.000694 bestmemit:    2.610424  -41.028548    1.000000    0.000000  749.721286
Iteration: 235 bestvalit: 0.000694 bestmemit:    2.610424  -41.028548    1.000000    0.000000  749.721286
Iteration: 236 bestvalit: 0.000694 bestmemit:    2.610424  -41.028548    1.000000    0.000000  749.721286
Iteration: 237 bestvalit: 0.000694 bestmemit:    2.610424  -41.028548    1.000000    0.000000  749.721286
Iteration: 238 bestvalit: 0.000694 bestmemit:    2.610424  -41.028548    1.000000    0.000000  749.721286
Iteration: 239 bestvalit: 0.000694 bestmemit:    2.610424  -41.028548    1.000000    0.000000  749.721286
Iteration: 240 bestvalit: 0.000694 bestmemit:    2.610424  -41.028548    1.000000    0.000000  749.721286
Iteration: 241 bestvalit: 0.000694 bestmemit:    2.610424  -41.028548    1.000000    0.000000  749.721286
Iteration: 242 bestvalit: 0.000694 bestmemit:    2.610424  -41.028548    1.000000    0.000000  749.721286
Iteration: 243 bestvalit: 0.000694 bestmemit:    2.610424  -41.028548    1.000000    0.000000  749.721286
Iteration: 244 bestvalit: 0.000694 bestmemit:    2.610424  -41.028548    1.000000    0.000000  749.721286
Iteration: 245 bestvalit: 0.000694 bestmemit:    2.610424  -41.028548    1.000000    0.000000  749.721286
Iteration: 246 bestvalit: 0.000694 bestmemit:    2.610424  -41.028548    1.000000    0.000000  749.721286
Iteration: 247 bestvalit: 0.000694 bestmemit:    2.610424  -41.028548    1.000000    0.000000  749.721286
Iteration: 248 bestvalit: 0.000694 bestmemit:    2.610424  -41.028548    1.000000    0.000000  749.721286
Iteration: 249 bestvalit: 0.000694 bestmemit:    2.610424  -41.028548    1.000000    0.000000  749.721286
Iteration: 250 bestvalit: 0.000694 bestmemit:    2.610424  -41.028548    1.000000    0.000000  749.721286
Iteration: 251 bestvalit: 0.000694 bestmemit:    2.610424  -41.028548    1.000000    0.000000  749.721286
Iteration: 252 bestvalit: 0.000694 bestmemit:    2.610424  -41.028548    1.000000    0.000000  749.721286
Iteration: 253 bestvalit: 0.000694 bestmemit:    2.610424  -41.028548    1.000000    0.000000  749.721286
Iteration: 254 bestvalit: 0.000694 bestmemit:    2.610424  -41.028548    1.000000    0.000000  749.721286
Iteration: 255 bestvalit: 0.000694 bestmemit:    2.610424  -41.028548    1.000000    0.000000  749.721286
Iteration: 256 bestvalit: 0.000694 bestmemit:    2.610424  -41.028548    1.000000    0.000000  749.721286
Iteration: 257 bestvalit: 0.000694 bestmemit:    2.610424  -41.028548    1.000000    0.000000  749.721286
Iteration: 258 bestvalit: 0.000694 bestmemit:    2.610424  -41.028548    1.000000    0.000000  749.721286
Iteration: 259 bestvalit: 0.000694 bestmemit:    2.610424  -41.028548    1.000000    0.000000  749.721286
Iteration: 260 bestvalit: 0.000694 bestmemit:    2.610424  -41.028548    1.000000    0.000000  749.721286
Iteration: 261 bestvalit: 0.000694 bestmemit:    2.610424  -41.028548    1.000000    0.000000  749.721286
Iteration: 262 bestvalit: 0.000694 bestmemit:    2.610424  -41.028548    1.000000    0.000000  749.721286
Iteration: 263 bestvalit: 0.000694 bestmemit:    2.610424  -41.028548    1.000000    0.000000  749.721286
Iteration: 264 bestvalit: 0.000694 bestmemit:    2.610424  -41.028548    1.000000    0.000000  749.721286
Iteration: 265 bestvalit: 0.000694 bestmemit:    2.610424  -41.028548    1.000000    0.000000  749.721286
Iteration: 266 bestvalit: 0.000694 bestmemit:    2.610424  -41.028548    1.000000    0.000000  749.721286

***** summary of DEoptim object ***** 
best member   :  2.61042 -41.02855 1 0 749.7213 
best value    :  0.00069 
after         :  266 generations 
fn evaluated  :  534 times 
*************************************
