SLURM_JOB_ID: 55336591
SLURM_JOB_USER: vsc34066
SLURM_JOB_ACCOUNT: lp_desenderlab
SLURM_JOB_NAME: fit_alternating_fb_beta_learn.slurm
SLURM_CLUSTER_NAME: genius
SLURM_JOB_PARTITION: batch
SLURM_ARRAY_JOB_ID: 55336494
SLURM_ARRAY_TASK_ID: 97
SLURM_NNODES: 1
SLURM_NODELIST: r23i13n22
SLURM_JOB_CPUS_PER_NODE: 8
Date: Tue Nov  7 16:44:17 CET 2023
Walltime: 00-23:00:00
========================================================================
Iteration: 1 bestvalit: 0.004023 bestmemit:    7.167436   -4.542226    1.000000    0.000000  375.305296
Iteration: 2 bestvalit: 0.001753 bestmemit:    7.167436   -4.542226    1.000000    0.000000  686.567810
Iteration: 3 bestvalit: 0.001723 bestmemit:    7.167436  -89.671855    1.000000    0.000000  686.567810
Iteration: 4 bestvalit: 0.001723 bestmemit:    7.167436  -89.671855    1.000000    0.000000  686.567810
Iteration: 5 bestvalit: 0.001717 bestmemit:    4.918836  -89.671855    1.000000    0.000000  686.567810
Iteration: 6 bestvalit: 0.001470 bestmemit:    1.308599  -26.251733    1.000000    0.000000  545.667515
Iteration: 7 bestvalit: 0.001378 bestmemit:    3.877129   27.167445    1.000000    0.000000  652.308660
Iteration: 8 bestvalit: 0.001378 bestmemit:    3.877129   27.167445    1.000000    0.000000  652.308660
Iteration: 9 bestvalit: 0.001378 bestmemit:    3.877129   27.167445    1.000000    0.000000  652.308660
Iteration: 10 bestvalit: 0.001378 bestmemit:    3.877129   27.167445    1.000000    0.000000  652.308660
Iteration: 11 bestvalit: 0.001369 bestmemit:    3.877129    5.768016    1.000000    0.000000  652.308660
Iteration: 12 bestvalit: 0.001369 bestmemit:    3.877129    5.768016    1.000000    0.000000  652.308660
Iteration: 13 bestvalit: 0.001310 bestmemit:    3.877129    5.768016    1.000000    0.000000  652.308660
Iteration: 14 bestvalit: 0.001310 bestmemit:    3.877129    5.768016    1.000000    0.000000  652.308660
Iteration: 15 bestvalit: 0.001310 bestmemit:    3.877129    5.768016    1.000000    0.000000  652.308660
Iteration: 16 bestvalit: 0.001310 bestmemit:    3.877129    5.768016    1.000000    0.000000  652.308660
Iteration: 17 bestvalit: 0.001310 bestmemit:    3.877129    5.768016    1.000000    0.000000  652.308660
Iteration: 18 bestvalit: 0.001310 bestmemit:    3.877129    5.768016    1.000000    0.000000  652.308660
Iteration: 19 bestvalit: 0.001275 bestmemit:    3.538708   52.939915    1.000000    0.000000  604.263645
Iteration: 20 bestvalit: 0.001260 bestmemit:    3.919310   33.588229    1.000000    0.000000  589.715998
Iteration: 21 bestvalit: 0.001260 bestmemit:    3.919310   33.588229    1.000000    0.000000  589.715998
Iteration: 22 bestvalit: 0.001260 bestmemit:    3.919310   33.588229    1.000000    0.000000  589.715998
Iteration: 23 bestvalit: 0.001260 bestmemit:    3.919310   33.588229    1.000000    0.000000  589.715998
Iteration: 24 bestvalit: 0.001249 bestmemit:    3.538708   52.939915    1.000000    0.000000  604.263645
Iteration: 25 bestvalit: 0.001227 bestmemit:    2.955978   47.027911    1.000000    0.000000  607.367985
Iteration: 26 bestvalit: 0.001227 bestmemit:    2.955978   47.027911    1.000000    0.000000  607.367985
Iteration: 27 bestvalit: 0.001227 bestmemit:    2.955978   47.027911    1.000000    0.000000  607.367985
Iteration: 28 bestvalit: 0.001227 bestmemit:    2.955978   47.027911    1.000000    0.000000  607.367985
Iteration: 29 bestvalit: 0.001227 bestmemit:    2.955978   47.027911    1.000000    0.000000  607.367985
Iteration: 30 bestvalit: 0.001227 bestmemit:    2.955978   47.027911    1.000000    0.000000  607.367985
Iteration: 31 bestvalit: 0.001227 bestmemit:    2.955978   47.027911    1.000000    0.000000  607.367985
Iteration: 32 bestvalit: 0.001227 bestmemit:    2.955978   47.027911    1.000000    0.000000  607.367985
Iteration: 33 bestvalit: 0.001227 bestmemit:    2.955978   47.027911    1.000000    0.000000  607.367985
Iteration: 34 bestvalit: 0.001227 bestmemit:    2.955978   47.027911    1.000000    0.000000  607.367985
Iteration: 35 bestvalit: 0.001227 bestmemit:    2.955978   47.027911    1.000000    0.000000  607.367985
Iteration: 36 bestvalit: 0.001227 bestmemit:    2.955978   47.027911    1.000000    0.000000  607.367985
Iteration: 37 bestvalit: 0.001227 bestmemit:    2.955978   47.027911    1.000000    0.000000  607.367985
Iteration: 38 bestvalit: 0.001227 bestmemit:    2.955978   47.027911    1.000000    0.000000  607.367985
Iteration: 39 bestvalit: 0.001227 bestmemit:    2.955978   47.027911    1.000000    0.000000  607.367985
Iteration: 40 bestvalit: 0.001227 bestmemit:    2.955978   47.027911    1.000000    0.000000  607.367985
Iteration: 41 bestvalit: 0.001227 bestmemit:    2.955978   47.027911    1.000000    0.000000  607.367985
Iteration: 42 bestvalit: 0.001227 bestmemit:    2.955978   47.027911    1.000000    0.000000  607.367985
Iteration: 43 bestvalit: 0.001227 bestmemit:    2.955978   47.027911    1.000000    0.000000  607.367985
Iteration: 44 bestvalit: 0.001227 bestmemit:    2.955978   47.027911    1.000000    0.000000  607.367985
Iteration: 45 bestvalit: 0.001227 bestmemit:    2.955978   47.027911    1.000000    0.000000  607.367985
Iteration: 46 bestvalit: 0.001227 bestmemit:    2.955978   47.027911    1.000000    0.000000  607.367985
Iteration: 47 bestvalit: 0.001227 bestmemit:    2.955978   47.027911    1.000000    0.000000  607.367985
Iteration: 48 bestvalit: 0.001227 bestmemit:    2.955978   47.027911    1.000000    0.000000  607.367985
Iteration: 49 bestvalit: 0.001227 bestmemit:    2.955978   47.027911    1.000000    0.000000  607.367985
Iteration: 50 bestvalit: 0.001221 bestmemit:    3.087340   33.806557    1.000000    0.000000  613.565516
Iteration: 51 bestvalit: 0.001221 bestmemit:    3.087340   33.806557    1.000000    0.000000  613.565516
Iteration: 52 bestvalit: 0.001221 bestmemit:    3.087340   33.806557    1.000000    0.000000  613.565516
Iteration: 53 bestvalit: 0.001221 bestmemit:    3.087340   33.806557    1.000000    0.000000  613.565516
Iteration: 54 bestvalit: 0.001201 bestmemit:    3.607356   32.129306    1.000000    0.000000  609.721892
Iteration: 55 bestvalit: 0.001201 bestmemit:    3.607356   32.129306    1.000000    0.000000  609.721892
Iteration: 56 bestvalit: 0.001201 bestmemit:    3.607356   32.129306    1.000000    0.000000  609.721892
Iteration: 57 bestvalit: 0.001201 bestmemit:    3.607356   32.129306    1.000000    0.000000  609.721892
Iteration: 58 bestvalit: 0.001201 bestmemit:    3.607356   32.129306    1.000000    0.000000  609.721892
Iteration: 59 bestvalit: 0.001201 bestmemit:    3.607356   32.129306    1.000000    0.000000  609.721892
Iteration: 60 bestvalit: 0.001201 bestmemit:    3.607356   32.129306    1.000000    0.000000  609.721892
Iteration: 61 bestvalit: 0.001201 bestmemit:    3.607356   32.129306    1.000000    0.000000  609.721892
Iteration: 62 bestvalit: 0.001201 bestmemit:    3.607356   32.129306    1.000000    0.000000  609.721892
Iteration: 63 bestvalit: 0.001201 bestmemit:    3.607356   32.129306    1.000000    0.000000  609.721892
Iteration: 64 bestvalit: 0.001201 bestmemit:    3.607356   32.129306    1.000000    0.000000  609.721892
Iteration: 65 bestvalit: 0.001201 bestmemit:    3.607356   32.129306    1.000000    0.000000  609.721892
Iteration: 66 bestvalit: 0.001201 bestmemit:    3.607356   32.129306    1.000000    0.000000  609.721892
Iteration: 67 bestvalit: 0.001201 bestmemit:    3.607356   32.129306    1.000000    0.000000  609.721892
Iteration: 68 bestvalit: 0.001201 bestmemit:    3.607356   32.129306    1.000000    0.000000  609.721892
Iteration: 69 bestvalit: 0.001201 bestmemit:    3.607356   32.129306    1.000000    0.000000  609.721892
Iteration: 70 bestvalit: 0.001201 bestmemit:    3.607356   32.129306    1.000000    0.000000  609.721892
Iteration: 71 bestvalit: 0.001188 bestmemit:    3.549916   27.843145    1.000000    0.000000  612.364896
Iteration: 72 bestvalit: 0.001188 bestmemit:    3.549916   27.843145    1.000000    0.000000  612.364896
Iteration: 73 bestvalit: 0.001188 bestmemit:    3.549916   27.843145    1.000000    0.000000  612.364896
Iteration: 74 bestvalit: 0.001188 bestmemit:    3.549916   27.843145    1.000000    0.000000  612.364896
Iteration: 75 bestvalit: 0.001188 bestmemit:    3.549916   27.843145    1.000000    0.000000  612.364896
Iteration: 76 bestvalit: 0.001188 bestmemit:    3.549916   27.843145    1.000000    0.000000  612.364896
Iteration: 77 bestvalit: 0.001188 bestmemit:    3.549916   27.843145    1.000000    0.000000  612.364896
Iteration: 78 bestvalit: 0.001188 bestmemit:    3.549916   27.843145    1.000000    0.000000  612.364896
Iteration: 79 bestvalit: 0.001188 bestmemit:    3.549916   27.843145    1.000000    0.000000  612.364896
Iteration: 80 bestvalit: 0.001188 bestmemit:    3.549916   27.843145    1.000000    0.000000  612.364896
Iteration: 81 bestvalit: 0.001188 bestmemit:    3.549916   27.843145    1.000000    0.000000  612.364896
Iteration: 82 bestvalit: 0.001188 bestmemit:    3.549916   27.843145    1.000000    0.000000  612.364896
Iteration: 83 bestvalit: 0.001188 bestmemit:    3.549916   27.843145    1.000000    0.000000  612.364896
Iteration: 84 bestvalit: 0.001188 bestmemit:    3.549916   27.843145    1.000000    0.000000  612.364896
Iteration: 85 bestvalit: 0.001188 bestmemit:    3.549916   27.843145    1.000000    0.000000  612.364896
Iteration: 86 bestvalit: 0.001188 bestmemit:    3.549916   27.843145    1.000000    0.000000  612.364896
Iteration: 87 bestvalit: 0.001188 bestmemit:    3.549916   27.843145    1.000000    0.000000  612.364896
Iteration: 88 bestvalit: 0.001188 bestmemit:    3.549916   27.843145    1.000000    0.000000  612.364896
Iteration: 89 bestvalit: 0.001188 bestmemit:    3.549916   27.843145    1.000000    0.000000  612.364896
Iteration: 90 bestvalit: 0.001188 bestmemit:    3.549916   27.843145    1.000000    0.000000  612.364896
Iteration: 91 bestvalit: 0.001188 bestmemit:    3.549916   27.843145    1.000000    0.000000  612.364896
Iteration: 92 bestvalit: 0.001188 bestmemit:    3.549916   27.843145    1.000000    0.000000  612.364896
Iteration: 93 bestvalit: 0.001188 bestmemit:    3.549916   27.843145    1.000000    0.000000  612.364896
Iteration: 94 bestvalit: 0.001188 bestmemit:    3.549916   27.843145    1.000000    0.000000  612.364896
Iteration: 95 bestvalit: 0.001188 bestmemit:    3.549916   27.843145    1.000000    0.000000  612.364896
Iteration: 96 bestvalit: 0.001188 bestmemit:    3.549916   27.843145    1.000000    0.000000  612.364896
Iteration: 97 bestvalit: 0.001188 bestmemit:    3.549916   27.843145    1.000000    0.000000  612.364896
Iteration: 98 bestvalit: 0.001188 bestmemit:    3.549916   27.843145    1.000000    0.000000  612.364896
Iteration: 99 bestvalit: 0.001188 bestmemit:    3.549916   27.843145    1.000000    0.000000  612.364896
Iteration: 100 bestvalit: 0.001188 bestmemit:    3.549916   27.843145    1.000000    0.000000  612.364896
Iteration: 101 bestvalit: 0.001188 bestmemit:    3.549916   27.843145    1.000000    0.000000  612.364896
Iteration: 102 bestvalit: 0.001188 bestmemit:    3.549916   27.843145    1.000000    0.000000  612.364896
Iteration: 103 bestvalit: 0.001188 bestmemit:    3.549916   27.843145    1.000000    0.000000  612.364896
Iteration: 104 bestvalit: 0.001188 bestmemit:    3.549916   27.843145    1.000000    0.000000  612.364896
Iteration: 105 bestvalit: 0.001188 bestmemit:    3.549916   27.843145    1.000000    0.000000  612.364896
Iteration: 106 bestvalit: 0.001188 bestmemit:    3.549916   27.843145    1.000000    0.000000  612.364896
Iteration: 107 bestvalit: 0.001188 bestmemit:    3.549916   27.843145    1.000000    0.000000  612.364896
Iteration: 108 bestvalit: 0.001188 bestmemit:    3.549916   27.843145    1.000000    0.000000  612.364896
Iteration: 109 bestvalit: 0.001188 bestmemit:    3.549916   27.843145    1.000000    0.000000  612.364896
Iteration: 110 bestvalit: 0.001188 bestmemit:    3.549916   27.843145    1.000000    0.000000  612.364896
Iteration: 111 bestvalit: 0.001188 bestmemit:    3.549916   27.843145    1.000000    0.000000  612.364896
Iteration: 112 bestvalit: 0.001188 bestmemit:    3.549916   27.843145    1.000000    0.000000  612.364896
Iteration: 113 bestvalit: 0.001188 bestmemit:    3.549916   27.843145    1.000000    0.000000  612.364896
Iteration: 114 bestvalit: 0.001188 bestmemit:    3.549916   27.843145    1.000000    0.000000  612.364896
Iteration: 115 bestvalit: 0.001188 bestmemit:    3.549916   27.843145    1.000000    0.000000  612.364896
Iteration: 116 bestvalit: 0.001188 bestmemit:    3.549916   27.843145    1.000000    0.000000  612.364896
Iteration: 117 bestvalit: 0.001188 bestmemit:    3.549916   27.843145    1.000000    0.000000  612.364896
Iteration: 118 bestvalit: 0.001188 bestmemit:    3.549916   27.843145    1.000000    0.000000  612.364896
Iteration: 119 bestvalit: 0.001188 bestmemit:    3.549916   27.843145    1.000000    0.000000  612.364896
Iteration: 120 bestvalit: 0.001188 bestmemit:    3.549916   27.843145    1.000000    0.000000  612.364896
Iteration: 121 bestvalit: 0.001188 bestmemit:    3.549916   27.843145    1.000000    0.000000  612.364896
Iteration: 122 bestvalit: 0.001188 bestmemit:    3.549916   27.843145    1.000000    0.000000  612.364896
Iteration: 123 bestvalit: 0.001188 bestmemit:    3.549916   27.843145    1.000000    0.000000  612.364896
Iteration: 124 bestvalit: 0.001188 bestmemit:    3.549916   27.843145    1.000000    0.000000  612.364896
Iteration: 125 bestvalit: 0.001188 bestmemit:    3.549916   27.843145    1.000000    0.000000  612.364896
Iteration: 126 bestvalit: 0.001188 bestmemit:    3.549916   27.843145    1.000000    0.000000  612.364896
Iteration: 127 bestvalit: 0.001188 bestmemit:    3.549916   27.843145    1.000000    0.000000  612.364896
Iteration: 128 bestvalit: 0.001188 bestmemit:    3.549916   27.843145    1.000000    0.000000  612.364896
Iteration: 129 bestvalit: 0.001188 bestmemit:    3.549916   27.843145    1.000000    0.000000  612.364896
Iteration: 130 bestvalit: 0.001188 bestmemit:    3.549916   27.843145    1.000000    0.000000  612.364896
Iteration: 131 bestvalit: 0.001188 bestmemit:    3.549916   27.843145    1.000000    0.000000  612.364896
Iteration: 132 bestvalit: 0.001188 bestmemit:    3.549916   27.843145    1.000000    0.000000  612.364896
Iteration: 133 bestvalit: 0.001188 bestmemit:    3.549916   27.843145    1.000000    0.000000  612.364896
Iteration: 134 bestvalit: 0.001188 bestmemit:    3.549916   27.843145    1.000000    0.000000  612.364896
Iteration: 135 bestvalit: 0.001188 bestmemit:    3.549916   27.843145    1.000000    0.000000  612.364896
Iteration: 136 bestvalit: 0.001188 bestmemit:    3.549916   27.843145    1.000000    0.000000  612.364896
Iteration: 137 bestvalit: 0.001188 bestmemit:    3.549916   27.843145    1.000000    0.000000  612.364896
Iteration: 138 bestvalit: 0.001188 bestmemit:    3.549916   27.843145    1.000000    0.000000  612.364896
Iteration: 139 bestvalit: 0.001188 bestmemit:    3.549916   27.843145    1.000000    0.000000  612.364896
Iteration: 140 bestvalit: 0.001188 bestmemit:    3.549916   27.843145    1.000000    0.000000  612.364896
Iteration: 141 bestvalit: 0.001188 bestmemit:    3.549916   27.843145    1.000000    0.000000  612.364896
Iteration: 142 bestvalit: 0.001188 bestmemit:    3.549916   27.843145    1.000000    0.000000  612.364896
Iteration: 143 bestvalit: 0.001188 bestmemit:    3.549916   27.843145    1.000000    0.000000  612.364896
Iteration: 144 bestvalit: 0.001188 bestmemit:    3.549916   27.843145    1.000000    0.000000  612.364896
Iteration: 145 bestvalit: 0.001188 bestmemit:    3.549916   27.843145    1.000000    0.000000  612.364896
Iteration: 146 bestvalit: 0.001188 bestmemit:    3.549916   27.843145    1.000000    0.000000  612.364896
Iteration: 147 bestvalit: 0.001188 bestmemit:    3.549916   27.843145    1.000000    0.000000  612.364896
Iteration: 148 bestvalit: 0.001188 bestmemit:    3.549916   27.843145    1.000000    0.000000  612.364896
Iteration: 149 bestvalit: 0.001188 bestmemit:    3.549916   27.843145    1.000000    0.000000  612.364896
Iteration: 150 bestvalit: 0.001188 bestmemit:    3.549916   27.843145    1.000000    0.000000  612.364896
Iteration: 151 bestvalit: 0.001188 bestmemit:    3.549916   27.843145    1.000000    0.000000  612.364896
Iteration: 152 bestvalit: 0.001188 bestmemit:    3.549916   27.843145    1.000000    0.000000  612.364896
Iteration: 153 bestvalit: 0.001188 bestmemit:    3.549916   27.843145    1.000000    0.000000  612.364896
Iteration: 154 bestvalit: 0.001188 bestmemit:    3.549916   27.843145    1.000000    0.000000  612.364896
Iteration: 155 bestvalit: 0.001188 bestmemit:    3.549916   27.843145    1.000000    0.000000  612.364896
Iteration: 156 bestvalit: 0.001188 bestmemit:    3.549916   27.843145    1.000000    0.000000  612.364896
Iteration: 157 bestvalit: 0.001188 bestmemit:    3.549916   27.843145    1.000000    0.000000  612.364896
Iteration: 158 bestvalit: 0.001188 bestmemit:    3.549916   27.843145    1.000000    0.000000  612.364896
Iteration: 159 bestvalit: 0.001188 bestmemit:    3.549916   27.843145    1.000000    0.000000  612.364896
Iteration: 160 bestvalit: 0.001188 bestmemit:    3.549916   27.843145    1.000000    0.000000  612.364896
Iteration: 161 bestvalit: 0.001188 bestmemit:    3.549916   27.843145    1.000000    0.000000  612.364896
Iteration: 162 bestvalit: 0.001188 bestmemit:    3.549916   27.843145    1.000000    0.000000  612.364896
Iteration: 163 bestvalit: 0.001184 bestmemit:    3.549916   14.855068    1.000000    0.000000  612.364896
Iteration: 164 bestvalit: 0.001184 bestmemit:    3.549916   14.855068    1.000000    0.000000  612.364896
Iteration: 165 bestvalit: 0.001184 bestmemit:    3.549916   14.855068    1.000000    0.000000  612.364896
Iteration: 166 bestvalit: 0.001184 bestmemit:    3.549916   14.855068    1.000000    0.000000  612.364896
Iteration: 167 bestvalit: 0.001184 bestmemit:    3.549916   14.855068    1.000000    0.000000  612.364896
Iteration: 168 bestvalit: 0.001184 bestmemit:    3.549916   14.855068    1.000000    0.000000  612.364896
Iteration: 169 bestvalit: 0.001184 bestmemit:    3.549916   14.855068    1.000000    0.000000  612.364896
Iteration: 170 bestvalit: 0.001184 bestmemit:    3.549916   14.855068    1.000000    0.000000  612.364896
Iteration: 171 bestvalit: 0.001184 bestmemit:    3.549916   14.855068    1.000000    0.000000  612.364896
Iteration: 172 bestvalit: 0.001184 bestmemit:    3.549916   14.855068    1.000000    0.000000  612.364896
Iteration: 173 bestvalit: 0.001184 bestmemit:    3.549916   14.855068    1.000000    0.000000  612.364896
Iteration: 174 bestvalit: 0.001184 bestmemit:    3.549916   14.855068    1.000000    0.000000  612.364896
Iteration: 175 bestvalit: 0.001184 bestmemit:    3.549916   14.855068    1.000000    0.000000  612.364896
Iteration: 176 bestvalit: 0.001184 bestmemit:    3.549916   14.855068    1.000000    0.000000  612.364896
Iteration: 177 bestvalit: 0.001184 bestmemit:    3.549916   14.855068    1.000000    0.000000  612.364896
Iteration: 178 bestvalit: 0.001184 bestmemit:    3.549916   14.855068    1.000000    0.000000  612.364896
Iteration: 179 bestvalit: 0.001184 bestmemit:    3.549916   14.855068    1.000000    0.000000  612.364896
Iteration: 180 bestvalit: 0.001184 bestmemit:    3.549916   14.855068    1.000000    0.000000  612.364896
Iteration: 181 bestvalit: 0.001184 bestmemit:    3.549916   14.855068    1.000000    0.000000  612.364896
Iteration: 182 bestvalit: 0.001184 bestmemit:    3.549916   14.855068    1.000000    0.000000  612.364896
Iteration: 183 bestvalit: 0.001184 bestmemit:    3.549916   14.855068    1.000000    0.000000  612.364896
Iteration: 184 bestvalit: 0.001184 bestmemit:    3.549916   14.855068    1.000000    0.000000  612.364896
Iteration: 185 bestvalit: 0.001184 bestmemit:    3.549916   14.855068    1.000000    0.000000  612.364896
Iteration: 186 bestvalit: 0.001184 bestmemit:    3.549916   14.855068    1.000000    0.000000  612.364896
Iteration: 187 bestvalit: 0.001184 bestmemit:    3.549916   14.855068    1.000000    0.000000  612.364896
Iteration: 188 bestvalit: 0.001184 bestmemit:    3.549916   14.855068    1.000000    0.000000  612.364896
Iteration: 189 bestvalit: 0.001184 bestmemit:    3.549916   14.855068    1.000000    0.000000  612.364896
Iteration: 190 bestvalit: 0.001184 bestmemit:    3.549916   14.855068    1.000000    0.000000  612.364896
Iteration: 191 bestvalit: 0.001184 bestmemit:    3.549916   14.855068    1.000000    0.000000  612.364896
Iteration: 192 bestvalit: 0.001184 bestmemit:    3.549916   14.855068    1.000000    0.000000  612.364896
Iteration: 193 bestvalit: 0.001184 bestmemit:    3.549916   14.855068    1.000000    0.000000  612.364896
Iteration: 194 bestvalit: 0.001184 bestmemit:    3.549916   14.855068    1.000000    0.000000  612.364896
Iteration: 195 bestvalit: 0.001184 bestmemit:    3.549916   14.855068    1.000000    0.000000  612.364896
Iteration: 196 bestvalit: 0.001184 bestmemit:    3.549916   14.855068    1.000000    0.000000  612.364896
Iteration: 197 bestvalit: 0.001184 bestmemit:    3.549916   14.855068    1.000000    0.000000  612.364896
Iteration: 198 bestvalit: 0.001184 bestmemit:    3.549916   14.855068    1.000000    0.000000  612.364896
Iteration: 199 bestvalit: 0.001184 bestmemit:    3.549916   14.855068    1.000000    0.000000  612.364896
Iteration: 200 bestvalit: 0.001184 bestmemit:    3.549916   14.855068    1.000000    0.000000  612.364896
Iteration: 201 bestvalit: 0.001184 bestmemit:    3.549916   14.855068    1.000000    0.000000  612.364896
Iteration: 202 bestvalit: 0.001184 bestmemit:    3.549916   14.855068    1.000000    0.000000  612.364896
Iteration: 203 bestvalit: 0.001184 bestmemit:    3.549916   14.855068    1.000000    0.000000  612.364896
Iteration: 204 bestvalit: 0.001184 bestmemit:    3.549916   14.855068    1.000000    0.000000  612.364896
Iteration: 205 bestvalit: 0.001184 bestmemit:    3.549916   14.855068    1.000000    0.000000  612.364896
Iteration: 206 bestvalit: 0.001184 bestmemit:    3.549916   14.855068    1.000000    0.000000  612.364896
Iteration: 207 bestvalit: 0.001184 bestmemit:    3.549916   14.855068    1.000000    0.000000  612.364896
Iteration: 208 bestvalit: 0.001184 bestmemit:    3.549916   14.855068    1.000000    0.000000  612.364896
Iteration: 209 bestvalit: 0.001184 bestmemit:    3.549916   14.855068    1.000000    0.000000  612.364896
Iteration: 210 bestvalit: 0.001184 bestmemit:    3.549916   14.855068    1.000000    0.000000  612.364896
Iteration: 211 bestvalit: 0.001184 bestmemit:    3.549916   14.855068    1.000000    0.000000  612.364896
Iteration: 212 bestvalit: 0.001184 bestmemit:    3.549916   14.855068    1.000000    0.000000  612.364896
Iteration: 213 bestvalit: 0.001184 bestmemit:    3.549916   14.855068    1.000000    0.000000  612.364896
Iteration: 214 bestvalit: 0.001184 bestmemit:    3.549916   14.855068    1.000000    0.000000  612.364896
Iteration: 215 bestvalit: 0.001184 bestmemit:    3.549916   14.855068    1.000000    0.000000  612.364896
Iteration: 216 bestvalit: 0.001184 bestmemit:    3.549916   14.855068    1.000000    0.000000  612.364896
Iteration: 217 bestvalit: 0.001184 bestmemit:    3.549916   14.855068    1.000000    0.000000  612.364896
Iteration: 218 bestvalit: 0.001184 bestmemit:    3.549916   14.855068    1.000000    0.000000  612.364896
Iteration: 219 bestvalit: 0.001184 bestmemit:    3.549916   14.855068    1.000000    0.000000  612.364896
Iteration: 220 bestvalit: 0.001184 bestmemit:    3.549916   14.855068    1.000000    0.000000  612.364896
Iteration: 221 bestvalit: 0.001184 bestmemit:    3.549916   14.855068    1.000000    0.000000  612.364896
Iteration: 222 bestvalit: 0.001184 bestmemit:    3.549916   14.855068    1.000000    0.000000  612.364896
Iteration: 223 bestvalit: 0.001184 bestmemit:    3.549916   14.855068    1.000000    0.000000  612.364896
Iteration: 224 bestvalit: 0.001184 bestmemit:    3.549916   14.855068    1.000000    0.000000  612.364896
Iteration: 225 bestvalit: 0.001184 bestmemit:    3.549916   14.855068    1.000000    0.000000  612.364896
Iteration: 226 bestvalit: 0.001184 bestmemit:    3.549916   14.855068    1.000000    0.000000  612.364896
Iteration: 227 bestvalit: 0.001184 bestmemit:    3.549916   14.855068    1.000000    0.000000  612.364896
Iteration: 228 bestvalit: 0.001184 bestmemit:    3.549916   14.855068    1.000000    0.000000  612.364896
Iteration: 229 bestvalit: 0.001184 bestmemit:    3.549916   14.855068    1.000000    0.000000  612.364896
Iteration: 230 bestvalit: 0.001184 bestmemit:    3.549916   14.855068    1.000000    0.000000  612.364896
Iteration: 231 bestvalit: 0.001184 bestmemit:    3.549916   14.855068    1.000000    0.000000  612.364896
Iteration: 232 bestvalit: 0.001184 bestmemit:    3.549916   14.855068    1.000000    0.000000  612.364896
Iteration: 233 bestvalit: 0.001184 bestmemit:    3.549916   14.855068    1.000000    0.000000  612.364896
Iteration: 234 bestvalit: 0.001184 bestmemit:    3.549916   14.855068    1.000000    0.000000  612.364896
Iteration: 235 bestvalit: 0.001184 bestmemit:    3.549916   14.855068    1.000000    0.000000  612.364896
Iteration: 236 bestvalit: 0.001184 bestmemit:    3.549916   14.855068    1.000000    0.000000  612.364896
Iteration: 237 bestvalit: 0.001184 bestmemit:    3.549916   14.855068    1.000000    0.000000  612.364896
Iteration: 238 bestvalit: 0.001184 bestmemit:    3.549916   14.855068    1.000000    0.000000  612.364896
Iteration: 239 bestvalit: 0.001184 bestmemit:    3.549916   14.855068    1.000000    0.000000  612.364896
Iteration: 240 bestvalit: 0.001184 bestmemit:    3.549916   14.855068    1.000000    0.000000  612.364896
Iteration: 241 bestvalit: 0.001184 bestmemit:    3.549916   14.855068    1.000000    0.000000  612.364896
Iteration: 242 bestvalit: 0.001184 bestmemit:    3.549916   14.855068    1.000000    0.000000  612.364896
Iteration: 243 bestvalit: 0.001184 bestmemit:    3.549916   14.855068    1.000000    0.000000  612.364896
Iteration: 244 bestvalit: 0.001184 bestmemit:    3.549916   14.855068    1.000000    0.000000  612.364896
Iteration: 245 bestvalit: 0.001184 bestmemit:    3.549916   14.855068    1.000000    0.000000  612.364896
Iteration: 246 bestvalit: 0.001184 bestmemit:    3.549916   14.855068    1.000000    0.000000  612.364896
Iteration: 247 bestvalit: 0.001184 bestmemit:    3.549916   14.855068    1.000000    0.000000  612.364896
Iteration: 248 bestvalit: 0.001184 bestmemit:    3.549916   14.855068    1.000000    0.000000  612.364896
Iteration: 249 bestvalit: 0.001184 bestmemit:    3.549916   14.855068    1.000000    0.000000  612.364896
Iteration: 250 bestvalit: 0.001184 bestmemit:    3.549916   14.855068    1.000000    0.000000  612.364896
Iteration: 251 bestvalit: 0.001184 bestmemit:    3.549916   14.855068    1.000000    0.000000  612.364896
Iteration: 252 bestvalit: 0.001184 bestmemit:    3.549916   14.855068    1.000000    0.000000  612.364896
Iteration: 253 bestvalit: 0.001184 bestmemit:    3.549916   14.855068    1.000000    0.000000  612.364896
Iteration: 254 bestvalit: 0.001184 bestmemit:    3.549916   14.855068    1.000000    0.000000  612.364896
Iteration: 255 bestvalit: 0.001184 bestmemit:    3.549916   14.855068    1.000000    0.000000  612.364896
Iteration: 256 bestvalit: 0.001184 bestmemit:    3.549916   14.855068    1.000000    0.000000  612.364896
Iteration: 257 bestvalit: 0.001184 bestmemit:    3.549916   14.855068    1.000000    0.000000  612.364896
Iteration: 258 bestvalit: 0.001184 bestmemit:    3.549916   14.855068    1.000000    0.000000  612.364896
Iteration: 259 bestvalit: 0.001184 bestmemit:    3.549916   14.855068    1.000000    0.000000  612.364896
Iteration: 260 bestvalit: 0.001184 bestmemit:    3.549916   14.855068    1.000000    0.000000  612.364896
Iteration: 261 bestvalit: 0.001184 bestmemit:    3.549916   14.855068    1.000000    0.000000  612.364896
Iteration: 262 bestvalit: 0.001184 bestmemit:    3.549916   14.855068    1.000000    0.000000  612.364896
Iteration: 263 bestvalit: 0.001184 bestmemit:    3.549916   14.855068    1.000000    0.000000  612.364896
Iteration: 264 bestvalit: 0.001184 bestmemit:    3.549916   14.855068    1.000000    0.000000  612.364896

***** summary of DEoptim object ***** 
best member   :  3.54992 14.85507 1 0 612.3649 
best value    :  0.00118 
after         :  264 generations 
fn evaluated  :  530 times 
*************************************
