SLURM_JOB_ID: 55336520
SLURM_JOB_USER: vsc34066
SLURM_JOB_ACCOUNT: lp_desenderlab
SLURM_JOB_NAME: fit_alternating_fb_beta_learn.slurm
SLURM_CLUSTER_NAME: genius
SLURM_JOB_PARTITION: batch
SLURM_ARRAY_JOB_ID: 55336494
SLURM_ARRAY_TASK_ID: 26
SLURM_NNODES: 2
SLURM_NODELIST: r23i27n[06-07]
SLURM_JOB_CPUS_PER_NODE: 4(x2)
Date: Tue Nov  7 16:43:55 CET 2023
Walltime: 00-23:00:00
========================================================================
Iteration: 1 bestvalit: 0.002512 bestmemit:    9.098806   96.013998    1.000000    0.000000  929.840400
Iteration: 2 bestvalit: 0.002512 bestmemit:    9.098806   96.013998    1.000000    0.000000  929.840400
Iteration: 3 bestvalit: 0.002512 bestmemit:    9.098806   96.013998    1.000000    0.000000  929.840400
Iteration: 4 bestvalit: 0.002022 bestmemit:    5.347474  -96.949138    1.000000    0.000000  547.756478
Iteration: 5 bestvalit: 0.001367 bestmemit:    3.120355  -97.289969    1.000000    0.000000  649.520136
Iteration: 6 bestvalit: 0.001246 bestmemit:    0.209030   62.414856    1.000000    0.000000  605.851141
Iteration: 7 bestvalit: 0.001246 bestmemit:    0.209030   62.414856    1.000000    0.000000  605.851141
Iteration: 8 bestvalit: 0.001165 bestmemit:    2.766213   -7.292406    1.000000    0.000000  667.080144
Iteration: 9 bestvalit: 0.001165 bestmemit:    2.766213   -7.292406    1.000000    0.000000  667.080144
Iteration: 10 bestvalit: 0.001113 bestmemit:    3.120355  -45.744492    1.000000    0.000000  649.520136
Iteration: 11 bestvalit: 0.001113 bestmemit:    3.120355  -45.744492    1.000000    0.000000  649.520136
Iteration: 12 bestvalit: 0.001098 bestmemit:    2.766213   -2.895293    1.000000    0.000000  667.080144
Iteration: 13 bestvalit: 0.001088 bestmemit:    2.766213   -2.895293    1.000000    0.000000  667.080144
Iteration: 14 bestvalit: 0.001080 bestmemit:    0.272152   65.468178    1.000000    0.000000  682.883418
Iteration: 15 bestvalit: 0.001080 bestmemit:    0.272152   65.468178    1.000000    0.000000  682.883418
Iteration: 16 bestvalit: 0.001080 bestmemit:    0.272152   65.468178    1.000000    0.000000  682.883418
Iteration: 17 bestvalit: 0.001075 bestmemit:    2.582951   29.319906    1.000000    0.000000  684.326515
Iteration: 18 bestvalit: 0.001075 bestmemit:    2.582951   29.319906    1.000000    0.000000  684.326515
Iteration: 19 bestvalit: 0.001075 bestmemit:    2.582951   29.319906    1.000000    0.000000  684.326515
Iteration: 20 bestvalit: 0.001075 bestmemit:    2.582951   29.319906    1.000000    0.000000  684.326515
Iteration: 21 bestvalit: 0.001062 bestmemit:    0.272152   -8.226749    1.000000    0.000000  682.883418
Iteration: 22 bestvalit: 0.001062 bestmemit:    0.272152   -8.226749    1.000000    0.000000  682.883418
Iteration: 23 bestvalit: 0.001060 bestmemit:    0.209030   30.712030    1.000000    0.000000  679.819569
Iteration: 24 bestvalit: 0.001054 bestmemit:    1.218258  -27.577799    1.000000    0.000000  697.867945
Iteration: 25 bestvalit: 0.001054 bestmemit:    1.218258  -27.577799    1.000000    0.000000  697.867945
Iteration: 26 bestvalit: 0.001050 bestmemit:    1.926061   42.308015    1.000000    0.000000  689.295412
Iteration: 27 bestvalit: 0.001050 bestmemit:    1.926061   42.308015    1.000000    0.000000  689.295412
Iteration: 28 bestvalit: 0.001044 bestmemit:    1.926061   42.308015    1.000000    0.000000  684.739639
Iteration: 29 bestvalit: 0.001037 bestmemit:    2.523528  -29.668822    1.000000    0.000000  687.724220
Iteration: 30 bestvalit: 0.001037 bestmemit:    2.523528  -29.668822    1.000000    0.000000  687.724220
Iteration: 31 bestvalit: 0.001037 bestmemit:    2.523528  -29.668822    1.000000    0.000000  687.724220
Iteration: 32 bestvalit: 0.001037 bestmemit:    2.523528  -29.668822    1.000000    0.000000  687.724220
Iteration: 33 bestvalit: 0.001037 bestmemit:    2.523528  -29.668822    1.000000    0.000000  687.724220
Iteration: 34 bestvalit: 0.001037 bestmemit:    2.523528  -29.668822    1.000000    0.000000  687.724220
Iteration: 35 bestvalit: 0.001037 bestmemit:    2.523528  -29.668822    1.000000    0.000000  687.724220
Iteration: 36 bestvalit: 0.001037 bestmemit:    2.523528  -29.668822    1.000000    0.000000  687.724220
Iteration: 37 bestvalit: 0.001037 bestmemit:    2.523528  -29.668822    1.000000    0.000000  687.724220
Iteration: 38 bestvalit: 0.001037 bestmemit:    2.523528  -29.668822    1.000000    0.000000  687.724220
Iteration: 39 bestvalit: 0.001037 bestmemit:    2.523528  -29.668822    1.000000    0.000000  687.724220
Iteration: 40 bestvalit: 0.001037 bestmemit:    2.523528  -29.668822    1.000000    0.000000  687.724220
Iteration: 41 bestvalit: 0.001037 bestmemit:    2.523528  -29.668822    1.000000    0.000000  687.724220
Iteration: 42 bestvalit: 0.001037 bestmemit:    2.523528  -29.668822    1.000000    0.000000  687.724220
Iteration: 43 bestvalit: 0.001037 bestmemit:    2.523528  -29.668822    1.000000    0.000000  687.724220
Iteration: 44 bestvalit: 0.001037 bestmemit:    2.523528  -29.668822    1.000000    0.000000  687.724220
Iteration: 45 bestvalit: 0.001037 bestmemit:    2.523528  -29.668822    1.000000    0.000000  687.724220
Iteration: 46 bestvalit: 0.001037 bestmemit:    2.523528  -29.668822    1.000000    0.000000  687.724220
Iteration: 47 bestvalit: 0.001037 bestmemit:    2.523528  -29.668822    1.000000    0.000000  687.724220
Iteration: 48 bestvalit: 0.001033 bestmemit:    2.028996   14.349244    1.000000    0.000000  692.014622
Iteration: 49 bestvalit: 0.001026 bestmemit:    1.807894  -18.593475    1.000000    0.000000  684.998968
Iteration: 50 bestvalit: 0.001026 bestmemit:    1.807894  -18.593475    1.000000    0.000000  684.998968
Iteration: 51 bestvalit: 0.001026 bestmemit:    1.807894  -18.593475    1.000000    0.000000  684.998968
Iteration: 52 bestvalit: 0.001026 bestmemit:    1.807894  -18.593475    1.000000    0.000000  684.998968
Iteration: 53 bestvalit: 0.001026 bestmemit:    1.807894  -18.593475    1.000000    0.000000  684.998968
Iteration: 54 bestvalit: 0.001026 bestmemit:    1.807894  -18.593475    1.000000    0.000000  684.998968
Iteration: 55 bestvalit: 0.001026 bestmemit:    1.807894  -18.593475    1.000000    0.000000  684.998968
Iteration: 56 bestvalit: 0.001026 bestmemit:    1.807894  -18.593475    1.000000    0.000000  684.998968
Iteration: 57 bestvalit: 0.001026 bestmemit:    1.807894  -18.593475    1.000000    0.000000  684.998968
Iteration: 58 bestvalit: 0.001026 bestmemit:    1.807894  -18.593475    1.000000    0.000000  684.998968
Iteration: 59 bestvalit: 0.001026 bestmemit:    1.807894  -18.593475    1.000000    0.000000  684.998968
Iteration: 60 bestvalit: 0.001026 bestmemit:    1.807894  -18.593475    1.000000    0.000000  684.998968
Iteration: 61 bestvalit: 0.001026 bestmemit:    1.807894  -18.593475    1.000000    0.000000  684.998968
Iteration: 62 bestvalit: 0.001026 bestmemit:    1.807894  -18.593475    1.000000    0.000000  684.998968
Iteration: 63 bestvalit: 0.001026 bestmemit:    1.807894  -18.593475    1.000000    0.000000  684.998968
Iteration: 64 bestvalit: 0.001026 bestmemit:    1.807894  -18.593475    1.000000    0.000000  684.998968
Iteration: 65 bestvalit: 0.001026 bestmemit:    1.807894  -18.593475    1.000000    0.000000  684.998968
Iteration: 66 bestvalit: 0.001026 bestmemit:    1.807894  -18.593475    1.000000    0.000000  684.998968
Iteration: 67 bestvalit: 0.001026 bestmemit:    1.807894  -18.593475    1.000000    0.000000  684.998968
Iteration: 68 bestvalit: 0.001026 bestmemit:    1.807894  -18.593475    1.000000    0.000000  684.998968
Iteration: 69 bestvalit: 0.001026 bestmemit:    1.807894  -18.593475    1.000000    0.000000  684.998968
Iteration: 70 bestvalit: 0.001026 bestmemit:    1.807894  -18.593475    1.000000    0.000000  684.998968
Iteration: 71 bestvalit: 0.001026 bestmemit:    1.807894  -18.593475    1.000000    0.000000  684.998968
Iteration: 72 bestvalit: 0.001026 bestmemit:    1.807894  -18.593475    1.000000    0.000000  684.998968
Iteration: 73 bestvalit: 0.001026 bestmemit:    1.807894  -18.593475    1.000000    0.000000  684.998968
Iteration: 74 bestvalit: 0.001026 bestmemit:    1.807894  -18.593475    1.000000    0.000000  684.998968
Iteration: 75 bestvalit: 0.001026 bestmemit:    1.807894  -18.593475    1.000000    0.000000  684.998968
Iteration: 76 bestvalit: 0.001026 bestmemit:    1.807894  -18.593475    1.000000    0.000000  684.998968
Iteration: 77 bestvalit: 0.001026 bestmemit:    1.807894  -18.593475    1.000000    0.000000  684.998968
Iteration: 78 bestvalit: 0.001026 bestmemit:    1.807894  -18.593475    1.000000    0.000000  684.998968
Iteration: 79 bestvalit: 0.001026 bestmemit:    1.807894  -18.593475    1.000000    0.000000  684.998968
Iteration: 80 bestvalit: 0.001026 bestmemit:    1.807894  -18.593475    1.000000    0.000000  684.998968
Iteration: 81 bestvalit: 0.001026 bestmemit:    1.807894  -18.593475    1.000000    0.000000  684.998968
Iteration: 82 bestvalit: 0.001026 bestmemit:    1.807894  -18.593475    1.000000    0.000000  684.998968
Iteration: 83 bestvalit: 0.001026 bestmemit:    1.807894  -18.593475    1.000000    0.000000  684.998968
Iteration: 84 bestvalit: 0.001025 bestmemit:    2.038357  -33.763860    1.000000    0.000000  690.973281
Iteration: 85 bestvalit: 0.001025 bestmemit:    2.038357  -33.763860    1.000000    0.000000  690.973281
Iteration: 86 bestvalit: 0.001025 bestmemit:    2.038357  -33.763860    1.000000    0.000000  690.973281
Iteration: 87 bestvalit: 0.001025 bestmemit:    2.038357  -33.763860    1.000000    0.000000  690.973281
Iteration: 88 bestvalit: 0.001025 bestmemit:    2.038357  -33.763860    1.000000    0.000000  690.973281
Iteration: 89 bestvalit: 0.001025 bestmemit:    2.038357  -33.763860    1.000000    0.000000  690.973281
Iteration: 90 bestvalit: 0.001025 bestmemit:    2.038357  -33.763860    1.000000    0.000000  690.973281
Iteration: 91 bestvalit: 0.001025 bestmemit:    2.038357  -33.763860    1.000000    0.000000  690.973281
Iteration: 92 bestvalit: 0.001025 bestmemit:    2.038357  -33.763860    1.000000    0.000000  690.973281
Iteration: 93 bestvalit: 0.001025 bestmemit:    2.038357  -33.763860    1.000000    0.000000  690.973281
Iteration: 94 bestvalit: 0.001025 bestmemit:    2.038357  -33.763860    1.000000    0.000000  690.973281
Iteration: 95 bestvalit: 0.001025 bestmemit:    2.038357  -33.763860    1.000000    0.000000  690.973281
Iteration: 96 bestvalit: 0.001025 bestmemit:    2.038357  -33.763860    1.000000    0.000000  690.973281
Iteration: 97 bestvalit: 0.001025 bestmemit:    2.038357  -33.763860    1.000000    0.000000  690.973281
Iteration: 98 bestvalit: 0.001025 bestmemit:    2.038357  -33.763860    1.000000    0.000000  690.973281
Iteration: 99 bestvalit: 0.001025 bestmemit:    2.038357  -33.763860    1.000000    0.000000  690.973281
Iteration: 100 bestvalit: 0.001025 bestmemit:    2.038357  -33.763860    1.000000    0.000000  690.973281
Iteration: 101 bestvalit: 0.001025 bestmemit:    2.038357  -33.763860    1.000000    0.000000  690.973281
Iteration: 102 bestvalit: 0.001025 bestmemit:    2.038357  -33.763860    1.000000    0.000000  690.973281
Iteration: 103 bestvalit: 0.001025 bestmemit:    2.038357  -33.763860    1.000000    0.000000  690.973281
Iteration: 104 bestvalit: 0.001025 bestmemit:    2.038357  -33.763860    1.000000    0.000000  690.973281
Iteration: 105 bestvalit: 0.001025 bestmemit:    2.038357  -33.763860    1.000000    0.000000  690.973281
Iteration: 106 bestvalit: 0.001025 bestmemit:    2.038357  -33.763860    1.000000    0.000000  690.973281
Iteration: 107 bestvalit: 0.001025 bestmemit:    2.038357  -33.763860    1.000000    0.000000  690.973281
Iteration: 108 bestvalit: 0.001025 bestmemit:    2.038357  -33.763860    1.000000    0.000000  690.973281
Iteration: 109 bestvalit: 0.001025 bestmemit:    2.038357  -33.763860    1.000000    0.000000  690.973281
Iteration: 110 bestvalit: 0.001025 bestmemit:    2.038357  -33.763860    1.000000    0.000000  690.973281
Iteration: 111 bestvalit: 0.001025 bestmemit:    2.038357  -33.763860    1.000000    0.000000  690.973281
Iteration: 112 bestvalit: 0.001025 bestmemit:    2.038357  -33.763860    1.000000    0.000000  690.973281
Iteration: 113 bestvalit: 0.001025 bestmemit:    2.038357  -33.763860    1.000000    0.000000  690.973281
Iteration: 114 bestvalit: 0.001025 bestmemit:    2.038357  -33.763860    1.000000    0.000000  690.973281
Iteration: 115 bestvalit: 0.001025 bestmemit:    2.038357  -33.763860    1.000000    0.000000  690.973281
Iteration: 116 bestvalit: 0.001025 bestmemit:    2.038357  -33.763860    1.000000    0.000000  690.973281
Iteration: 117 bestvalit: 0.001025 bestmemit:    2.038357  -33.763860    1.000000    0.000000  690.973281
Iteration: 118 bestvalit: 0.001025 bestmemit:    2.038357  -33.763860    1.000000    0.000000  690.973281
Iteration: 119 bestvalit: 0.001025 bestmemit:    2.038357  -33.763860    1.000000    0.000000  690.973281
Iteration: 120 bestvalit: 0.001025 bestmemit:    2.038357  -33.763860    1.000000    0.000000  690.973281
Iteration: 121 bestvalit: 0.001025 bestmemit:    2.038357  -33.763860    1.000000    0.000000  690.973281
Iteration: 122 bestvalit: 0.001025 bestmemit:    2.038357  -33.763860    1.000000    0.000000  690.973281
Iteration: 123 bestvalit: 0.001025 bestmemit:    2.038357  -33.763860    1.000000    0.000000  690.973281
Iteration: 124 bestvalit: 0.001025 bestmemit:    2.038357  -33.763860    1.000000    0.000000  690.973281
Iteration: 125 bestvalit: 0.001024 bestmemit:    1.882674  -47.221416    1.000000    0.000000  691.773643
Iteration: 126 bestvalit: 0.001024 bestmemit:    1.882674  -47.221416    1.000000    0.000000  691.773643
Iteration: 127 bestvalit: 0.001024 bestmemit:    1.882674  -47.221416    1.000000    0.000000  691.773643
Iteration: 128 bestvalit: 0.001024 bestmemit:    1.882674  -47.221416    1.000000    0.000000  691.773643
Iteration: 129 bestvalit: 0.001024 bestmemit:    1.882674  -47.221416    1.000000    0.000000  691.773643
Iteration: 130 bestvalit: 0.001024 bestmemit:    1.882674  -47.221416    1.000000    0.000000  691.773643
Iteration: 131 bestvalit: 0.001024 bestmemit:    1.882674  -47.221416    1.000000    0.000000  691.773643
Iteration: 132 bestvalit: 0.001024 bestmemit:    1.882674  -47.221416    1.000000    0.000000  691.773643
Iteration: 133 bestvalit: 0.001024 bestmemit:    1.882674  -47.221416    1.000000    0.000000  691.773643
Iteration: 134 bestvalit: 0.001024 bestmemit:    1.882674  -47.221416    1.000000    0.000000  691.773643
Iteration: 135 bestvalit: 0.001024 bestmemit:    1.882674  -47.221416    1.000000    0.000000  691.773643
Iteration: 136 bestvalit: 0.001024 bestmemit:    1.882674  -47.221416    1.000000    0.000000  691.773643
Iteration: 137 bestvalit: 0.001024 bestmemit:    1.882674  -47.221416    1.000000    0.000000  691.773643
Iteration: 138 bestvalit: 0.001024 bestmemit:    1.882674  -47.221416    1.000000    0.000000  691.773643
Iteration: 139 bestvalit: 0.001024 bestmemit:    1.882674  -47.221416    1.000000    0.000000  691.773643
Iteration: 140 bestvalit: 0.001024 bestmemit:    1.882674  -47.221416    1.000000    0.000000  691.773643
Iteration: 141 bestvalit: 0.001024 bestmemit:    1.882674  -47.221416    1.000000    0.000000  691.773643
Iteration: 142 bestvalit: 0.001024 bestmemit:    1.882674  -47.221416    1.000000    0.000000  691.773643
Iteration: 143 bestvalit: 0.001024 bestmemit:    1.882674  -47.221416    1.000000    0.000000  691.773643
Iteration: 144 bestvalit: 0.001024 bestmemit:    1.882674  -47.221416    1.000000    0.000000  691.773643
Iteration: 145 bestvalit: 0.001024 bestmemit:    1.882674  -47.221416    1.000000    0.000000  691.773643
Iteration: 146 bestvalit: 0.001024 bestmemit:    1.882674  -47.221416    1.000000    0.000000  691.773643
Iteration: 147 bestvalit: 0.001024 bestmemit:    1.882674  -47.221416    1.000000    0.000000  691.773643
Iteration: 148 bestvalit: 0.001024 bestmemit:    1.882674  -47.221416    1.000000    0.000000  691.773643
Iteration: 149 bestvalit: 0.001024 bestmemit:    1.882674  -47.221416    1.000000    0.000000  691.773643
Iteration: 150 bestvalit: 0.001024 bestmemit:    1.882674  -47.221416    1.000000    0.000000  691.773643
Iteration: 151 bestvalit: 0.001024 bestmemit:    1.882674  -47.221416    1.000000    0.000000  691.773643
Iteration: 152 bestvalit: 0.001024 bestmemit:    1.882674  -47.221416    1.000000    0.000000  691.773643
Iteration: 153 bestvalit: 0.001024 bestmemit:    1.882674  -47.221416    1.000000    0.000000  691.773643
Iteration: 154 bestvalit: 0.001024 bestmemit:    1.882674  -47.221416    1.000000    0.000000  691.773643
Iteration: 155 bestvalit: 0.001024 bestmemit:    1.882674  -47.221416    1.000000    0.000000  691.773643
Iteration: 156 bestvalit: 0.001024 bestmemit:    1.882674  -47.221416    1.000000    0.000000  691.773643
Iteration: 157 bestvalit: 0.001024 bestmemit:    1.882674  -47.221416    1.000000    0.000000  691.773643
Iteration: 158 bestvalit: 0.001024 bestmemit:    1.882674  -47.221416    1.000000    0.000000  691.773643
Iteration: 159 bestvalit: 0.001024 bestmemit:    1.882674  -47.221416    1.000000    0.000000  691.773643
Iteration: 160 bestvalit: 0.001024 bestmemit:    1.882674  -47.221416    1.000000    0.000000  691.773643
Iteration: 161 bestvalit: 0.001024 bestmemit:    1.882674  -47.221416    1.000000    0.000000  691.773643
Iteration: 162 bestvalit: 0.001024 bestmemit:    1.882674  -47.221416    1.000000    0.000000  691.773643
Iteration: 163 bestvalit: 0.001024 bestmemit:    1.882674  -47.221416    1.000000    0.000000  691.773643
Iteration: 164 bestvalit: 0.001024 bestmemit:    1.882674  -47.221416    1.000000    0.000000  691.773643
Iteration: 165 bestvalit: 0.001024 bestmemit:    1.882674  -47.221416    1.000000    0.000000  691.773643
Iteration: 166 bestvalit: 0.001024 bestmemit:    1.882674  -47.221416    1.000000    0.000000  691.773643
Iteration: 167 bestvalit: 0.001024 bestmemit:    1.882674  -47.221416    1.000000    0.000000  691.773643
Iteration: 168 bestvalit: 0.001024 bestmemit:    1.882674  -47.221416    1.000000    0.000000  691.773643
Iteration: 169 bestvalit: 0.001024 bestmemit:    1.882674  -47.221416    1.000000    0.000000  691.773643
Iteration: 170 bestvalit: 0.001024 bestmemit:    1.882674  -47.221416    1.000000    0.000000  691.773643
Iteration: 171 bestvalit: 0.001024 bestmemit:    1.882674  -47.221416    1.000000    0.000000  691.773643
Iteration: 172 bestvalit: 0.001024 bestmemit:    1.882674  -47.221416    1.000000    0.000000  691.773643
Iteration: 173 bestvalit: 0.001024 bestmemit:    1.882674  -47.221416    1.000000    0.000000  691.773643
Iteration: 174 bestvalit: 0.001024 bestmemit:    1.882674  -47.221416    1.000000    0.000000  691.773643
Iteration: 175 bestvalit: 0.001024 bestmemit:    1.882674  -47.221416    1.000000    0.000000  691.773643
Iteration: 176 bestvalit: 0.001024 bestmemit:    1.882674  -47.221416    1.000000    0.000000  691.773643
Iteration: 177 bestvalit: 0.001024 bestmemit:    1.882674  -47.221416    1.000000    0.000000  691.773643
Iteration: 178 bestvalit: 0.001024 bestmemit:    1.882674  -47.221416    1.000000    0.000000  691.773643
Iteration: 179 bestvalit: 0.001024 bestmemit:    1.882674  -47.221416    1.000000    0.000000  691.773643
Iteration: 180 bestvalit: 0.001024 bestmemit:    1.882674  -47.221416    1.000000    0.000000  691.773643
Iteration: 181 bestvalit: 0.001024 bestmemit:    1.882674  -47.221416    1.000000    0.000000  691.773643
Iteration: 182 bestvalit: 0.001024 bestmemit:    1.882674  -47.221416    1.000000    0.000000  691.773643
Iteration: 183 bestvalit: 0.001024 bestmemit:    1.882674  -47.221416    1.000000    0.000000  691.773643
Iteration: 184 bestvalit: 0.001024 bestmemit:    1.882674  -47.221416    1.000000    0.000000  691.773643
Iteration: 185 bestvalit: 0.001024 bestmemit:    1.882674  -47.221416    1.000000    0.000000  691.773643
Iteration: 186 bestvalit: 0.001024 bestmemit:    1.882674  -47.221416    1.000000    0.000000  691.773643
Iteration: 187 bestvalit: 0.001024 bestmemit:    1.882674  -47.221416    1.000000    0.000000  691.773643
Iteration: 188 bestvalit: 0.001024 bestmemit:    1.882674  -47.221416    1.000000    0.000000  691.773643
Iteration: 189 bestvalit: 0.001024 bestmemit:    1.882674  -47.221416    1.000000    0.000000  691.773643
Iteration: 190 bestvalit: 0.001024 bestmemit:    1.882674  -47.221416    1.000000    0.000000  691.773643
Iteration: 191 bestvalit: 0.001024 bestmemit:    1.882674  -47.221416    1.000000    0.000000  691.773643
Iteration: 192 bestvalit: 0.001024 bestmemit:    1.882674  -47.221416    1.000000    0.000000  691.773643
Iteration: 193 bestvalit: 0.001024 bestmemit:    1.882674  -47.221416    1.000000    0.000000  691.773643
Iteration: 194 bestvalit: 0.001024 bestmemit:    1.882674  -47.221416    1.000000    0.000000  691.773643
Iteration: 195 bestvalit: 0.001024 bestmemit:    1.882674  -47.221416    1.000000    0.000000  691.773643
Iteration: 196 bestvalit: 0.001024 bestmemit:    1.882674  -47.221416    1.000000    0.000000  691.773643
Iteration: 197 bestvalit: 0.001024 bestmemit:    1.882674  -47.221416    1.000000    0.000000  691.773643
Iteration: 198 bestvalit: 0.001024 bestmemit:    1.882674  -47.221416    1.000000    0.000000  691.773643
Iteration: 199 bestvalit: 0.001024 bestmemit:    1.882674  -47.221416    1.000000    0.000000  691.773643
Iteration: 200 bestvalit: 0.001024 bestmemit:    1.882674  -47.221416    1.000000    0.000000  691.773643
Iteration: 201 bestvalit: 0.001024 bestmemit:    1.882674  -47.221416    1.000000    0.000000  691.773643
Iteration: 202 bestvalit: 0.001024 bestmemit:    1.882674  -47.221416    1.000000    0.000000  691.773643
Iteration: 203 bestvalit: 0.001024 bestmemit:    1.882674  -47.221416    1.000000    0.000000  691.773643
Iteration: 204 bestvalit: 0.001024 bestmemit:    1.882674  -47.221416    1.000000    0.000000  691.773643
Iteration: 205 bestvalit: 0.001024 bestmemit:    1.882674  -47.221416    1.000000    0.000000  691.773643
Iteration: 206 bestvalit: 0.001024 bestmemit:    1.882674  -47.221416    1.000000    0.000000  691.773643
Iteration: 207 bestvalit: 0.001024 bestmemit:    1.882674  -47.221416    1.000000    0.000000  691.773643
Iteration: 208 bestvalit: 0.001024 bestmemit:    1.882674  -47.221416    1.000000    0.000000  691.773643
Iteration: 209 bestvalit: 0.001024 bestmemit:    1.882674  -47.221416    1.000000    0.000000  691.773643
Iteration: 210 bestvalit: 0.001024 bestmemit:    1.882674  -47.221416    1.000000    0.000000  691.773643
Iteration: 211 bestvalit: 0.001024 bestmemit:    1.882674  -47.221416    1.000000    0.000000  691.773643
Iteration: 212 bestvalit: 0.001024 bestmemit:    1.882674  -47.221416    1.000000    0.000000  691.773643
Iteration: 213 bestvalit: 0.001024 bestmemit:    1.882674  -47.221416    1.000000    0.000000  691.773643
Iteration: 214 bestvalit: 0.001024 bestmemit:    1.882674  -47.221416    1.000000    0.000000  691.773643
Iteration: 215 bestvalit: 0.001024 bestmemit:    1.882674  -47.221416    1.000000    0.000000  691.773643
Iteration: 216 bestvalit: 0.001024 bestmemit:    1.882674  -47.221416    1.000000    0.000000  691.773643
Iteration: 217 bestvalit: 0.001024 bestmemit:    1.882674  -47.221416    1.000000    0.000000  691.773643
Iteration: 218 bestvalit: 0.001024 bestmemit:    1.882674  -47.221416    1.000000    0.000000  691.773643
Iteration: 219 bestvalit: 0.001024 bestmemit:    1.882674  -47.221416    1.000000    0.000000  691.773643
Iteration: 220 bestvalit: 0.001024 bestmemit:    1.882674  -47.221416    1.000000    0.000000  691.773643
Iteration: 221 bestvalit: 0.001024 bestmemit:    1.882674  -47.221416    1.000000    0.000000  691.773643
Iteration: 222 bestvalit: 0.001024 bestmemit:    1.882674  -47.221416    1.000000    0.000000  691.773643
Iteration: 223 bestvalit: 0.001024 bestmemit:    1.882674  -47.221416    1.000000    0.000000  691.773643
Iteration: 224 bestvalit: 0.001024 bestmemit:    1.882674  -47.221416    1.000000    0.000000  691.773643
Iteration: 225 bestvalit: 0.001024 bestmemit:    1.882674  -47.221416    1.000000    0.000000  691.773643
Iteration: 226 bestvalit: 0.001024 bestmemit:    1.882674  -47.221416    1.000000    0.000000  691.773643

***** summary of DEoptim object ***** 
best member   :  1.88267 -47.22142 1 0 691.7736 
best value    :  0.00102 
after         :  226 generations 
fn evaluated  :  454 times 
*************************************
