SLURM_JOB_ID: 55336501
SLURM_JOB_USER: vsc34066
SLURM_JOB_ACCOUNT: lp_desenderlab
SLURM_JOB_NAME: fit_alternating_fb_beta_learn.slurm
SLURM_CLUSTER_NAME: genius
SLURM_JOB_PARTITION: batch
SLURM_ARRAY_JOB_ID: 55336494
SLURM_ARRAY_TASK_ID: 7
SLURM_NNODES: 1
SLURM_NODELIST: r22i13n03
SLURM_JOB_CPUS_PER_NODE: 8
Date: Tue Nov  7 16:44:23 CET 2023
Walltime: 00-23:00:00
========================================================================
Iteration: 1 bestvalit: 0.004334 bestmemit:    2.199615   54.676472    1.000000    0.000000  968.154573
Iteration: 2 bestvalit: 0.004334 bestmemit:    2.199615   54.676472    1.000000    0.000000  968.154573
Iteration: 3 bestvalit: 0.004244 bestmemit:    2.199615   54.676472    1.000000    0.000000  968.154573
Iteration: 4 bestvalit: 0.002515 bestmemit:    0.408984   83.774060    1.000000    0.000000  784.415533
Iteration: 5 bestvalit: 0.002515 bestmemit:    0.408984   83.774060    1.000000    0.000000  784.415533
Iteration: 6 bestvalit: 0.002174 bestmemit:    0.333491  -14.654911    1.000000    0.000000  740.341290
Iteration: 7 bestvalit: 0.002173 bestmemit:    0.333491   -7.563208    1.000000    0.000000  740.341290
Iteration: 8 bestvalit: 0.002173 bestmemit:    0.333491   -7.563208    1.000000    0.000000  740.341290
Iteration: 9 bestvalit: 0.002173 bestmemit:    0.333491   -7.563208    1.000000    0.000000  740.341290
Iteration: 10 bestvalit: 0.002173 bestmemit:    0.333491   -7.563208    1.000000    0.000000  740.341290
Iteration: 11 bestvalit: 0.002173 bestmemit:    0.333491   -7.563208    1.000000    0.000000  740.341290
Iteration: 12 bestvalit: 0.002173 bestmemit:    0.333491   -7.563208    1.000000    0.000000  740.341290
Iteration: 13 bestvalit: 0.002017 bestmemit:    1.805669   13.219259    1.000000    0.000000  700.621791
Iteration: 14 bestvalit: 0.002017 bestmemit:    1.805669   13.219259    1.000000    0.000000  700.621791
Iteration: 15 bestvalit: 0.002002 bestmemit:    2.238009   15.691695    1.000000    0.000000  692.960225
Iteration: 16 bestvalit: 0.002002 bestmemit:    2.238009   15.691695    1.000000    0.000000  692.960225
Iteration: 17 bestvalit: 0.002002 bestmemit:    2.238009   15.691695    1.000000    0.000000  692.960225
Iteration: 18 bestvalit: 0.002002 bestmemit:    2.238009   15.691695    1.000000    0.000000  692.960225
Iteration: 19 bestvalit: 0.002002 bestmemit:    2.238009   15.691695    1.000000    0.000000  692.960225
Iteration: 20 bestvalit: 0.002002 bestmemit:    2.238009   15.691695    1.000000    0.000000  692.960225
Iteration: 21 bestvalit: 0.001980 bestmemit:    2.244173   34.384262    1.000000    0.000000  670.501665
Iteration: 22 bestvalit: 0.001980 bestmemit:    2.244173   34.384262    1.000000    0.000000  670.501665
Iteration: 23 bestvalit: 0.001980 bestmemit:    2.244173   34.384262    1.000000    0.000000  670.501665
Iteration: 24 bestvalit: 0.001959 bestmemit:    2.669666    7.343025    1.000000    0.000000  677.334028
Iteration: 25 bestvalit: 0.001959 bestmemit:    2.669666    7.343025    1.000000    0.000000  677.334028
Iteration: 26 bestvalit: 0.001959 bestmemit:    2.669666    7.343025    1.000000    0.000000  677.334028
Iteration: 27 bestvalit: 0.001959 bestmemit:    2.669666    7.343025    1.000000    0.000000  677.334028
Iteration: 28 bestvalit: 0.001959 bestmemit:    2.669666    7.343025    1.000000    0.000000  677.334028
Iteration: 29 bestvalit: 0.001959 bestmemit:    2.669666    7.343025    1.000000    0.000000  677.334028
Iteration: 30 bestvalit: 0.001959 bestmemit:    2.669666    7.343025    1.000000    0.000000  677.334028
Iteration: 31 bestvalit: 0.001959 bestmemit:    2.669666    7.343025    1.000000    0.000000  677.334028
Iteration: 32 bestvalit: 0.001959 bestmemit:    2.669666    7.343025    1.000000    0.000000  677.334028
Iteration: 33 bestvalit: 0.001959 bestmemit:    2.669666    7.343025    1.000000    0.000000  677.334028
Iteration: 34 bestvalit: 0.001959 bestmemit:    2.669666    7.343025    1.000000    0.000000  677.334028
Iteration: 35 bestvalit: 0.001959 bestmemit:    2.669666    7.343025    1.000000    0.000000  677.334028
Iteration: 36 bestvalit: 0.001959 bestmemit:    2.669666    7.343025    1.000000    0.000000  677.334028
Iteration: 37 bestvalit: 0.001959 bestmemit:    2.669666    7.343025    1.000000    0.000000  677.334028
Iteration: 38 bestvalit: 0.001959 bestmemit:    2.669666    7.343025    1.000000    0.000000  677.334028
Iteration: 39 bestvalit: 0.001959 bestmemit:    2.669666    7.343025    1.000000    0.000000  677.334028
Iteration: 40 bestvalit: 0.001959 bestmemit:    2.669666    7.343025    1.000000    0.000000  677.334028
Iteration: 41 bestvalit: 0.001959 bestmemit:    2.669666    7.343025    1.000000    0.000000  677.334028
Iteration: 42 bestvalit: 0.001959 bestmemit:    2.669666    7.343025    1.000000    0.000000  677.334028
Iteration: 43 bestvalit: 0.001958 bestmemit:    2.462329   21.489454    1.000000    0.000000  676.954158
Iteration: 44 bestvalit: 0.001958 bestmemit:    2.462329   21.489454    1.000000    0.000000  676.954158
Iteration: 45 bestvalit: 0.001958 bestmemit:    2.462329   21.489454    1.000000    0.000000  676.954158
Iteration: 46 bestvalit: 0.001958 bestmemit:    2.462329   21.489454    1.000000    0.000000  676.954158
Iteration: 47 bestvalit: 0.001958 bestmemit:    2.462329   21.489454    1.000000    0.000000  676.954158
Iteration: 48 bestvalit: 0.001958 bestmemit:    2.462329   21.489454    1.000000    0.000000  676.954158
Iteration: 49 bestvalit: 0.001958 bestmemit:    2.462329   21.489454    1.000000    0.000000  676.954158
Iteration: 50 bestvalit: 0.001958 bestmemit:    2.462329   21.489454    1.000000    0.000000  676.954158
Iteration: 51 bestvalit: 0.001958 bestmemit:    2.462329   21.489454    1.000000    0.000000  676.954158
Iteration: 52 bestvalit: 0.001958 bestmemit:    2.462329   21.489454    1.000000    0.000000  676.954158
Iteration: 53 bestvalit: 0.001958 bestmemit:    2.462329   21.489454    1.000000    0.000000  676.954158
Iteration: 54 bestvalit: 0.001947 bestmemit:    2.680767  -56.003924    1.000000    0.000000  674.233007
Iteration: 55 bestvalit: 0.001947 bestmemit:    2.680767  -56.003924    1.000000    0.000000  674.233007
Iteration: 56 bestvalit: 0.001947 bestmemit:    2.680767  -56.003924    1.000000    0.000000  674.233007
Iteration: 57 bestvalit: 0.001935 bestmemit:    3.384933  -55.448042    1.000000    0.000000  677.334028
Iteration: 58 bestvalit: 0.001935 bestmemit:    3.384933  -55.448042    1.000000    0.000000  677.334028
Iteration: 59 bestvalit: 0.001935 bestmemit:    3.384933  -55.448042    1.000000    0.000000  677.334028
Iteration: 60 bestvalit: 0.001935 bestmemit:    3.384933  -55.448042    1.000000    0.000000  677.334028
Iteration: 61 bestvalit: 0.001935 bestmemit:    3.384933  -55.448042    1.000000    0.000000  677.334028
Iteration: 62 bestvalit: 0.001935 bestmemit:    3.384933  -55.448042    1.000000    0.000000  677.334028
Iteration: 63 bestvalit: 0.001935 bestmemit:    3.384933  -55.448042    1.000000    0.000000  677.334028
Iteration: 64 bestvalit: 0.001935 bestmemit:    3.384933  -55.448042    1.000000    0.000000  677.334028
Iteration: 65 bestvalit: 0.001935 bestmemit:    3.384933  -55.448042    1.000000    0.000000  677.334028
Iteration: 66 bestvalit: 0.001935 bestmemit:    3.384933  -55.448042    1.000000    0.000000  677.334028
Iteration: 67 bestvalit: 0.001935 bestmemit:    3.384933  -55.448042    1.000000    0.000000  677.334028
Iteration: 68 bestvalit: 0.001935 bestmemit:    3.384933  -55.448042    1.000000    0.000000  677.334028
Iteration: 69 bestvalit: 0.001935 bestmemit:    3.384933  -55.448042    1.000000    0.000000  677.334028
Iteration: 70 bestvalit: 0.001935 bestmemit:    3.384933  -55.448042    1.000000    0.000000  677.334028
Iteration: 71 bestvalit: 0.001935 bestmemit:    3.384933  -55.448042    1.000000    0.000000  677.334028
Iteration: 72 bestvalit: 0.001935 bestmemit:    3.384933  -55.448042    1.000000    0.000000  677.334028
Iteration: 73 bestvalit: 0.001934 bestmemit:    2.720432   30.453451    1.000000    0.000000  669.477125
Iteration: 74 bestvalit: 0.001934 bestmemit:    2.720432   30.453451    1.000000    0.000000  669.477125
Iteration: 75 bestvalit: 0.001934 bestmemit:    2.720432   30.453451    1.000000    0.000000  669.477125
Iteration: 76 bestvalit: 0.001934 bestmemit:    2.720432   30.453451    1.000000    0.000000  669.477125
Iteration: 77 bestvalit: 0.001934 bestmemit:    2.720432   30.453451    1.000000    0.000000  669.477125
Iteration: 78 bestvalit: 0.001934 bestmemit:    2.720432   30.453451    1.000000    0.000000  669.477125
Iteration: 79 bestvalit: 0.001934 bestmemit:    2.720432   30.453451    1.000000    0.000000  669.477125
Iteration: 80 bestvalit: 0.001934 bestmemit:    2.720432   30.453451    1.000000    0.000000  669.477125
Iteration: 81 bestvalit: 0.001934 bestmemit:    2.720432   30.453451    1.000000    0.000000  669.477125
Iteration: 82 bestvalit: 0.001934 bestmemit:    2.720432   30.453451    1.000000    0.000000  669.477125
Iteration: 83 bestvalit: 0.001934 bestmemit:    2.720432   30.453451    1.000000    0.000000  669.477125
Iteration: 84 bestvalit: 0.001934 bestmemit:    2.720432   30.453451    1.000000    0.000000  669.477125
Iteration: 85 bestvalit: 0.001934 bestmemit:    2.720432   30.453451    1.000000    0.000000  669.477125
Iteration: 86 bestvalit: 0.001934 bestmemit:    2.720432   30.453451    1.000000    0.000000  669.477125
Iteration: 87 bestvalit: 0.001934 bestmemit:    2.720432   30.453451    1.000000    0.000000  669.477125
Iteration: 88 bestvalit: 0.001934 bestmemit:    2.720432   30.453451    1.000000    0.000000  669.477125
Iteration: 89 bestvalit: 0.001934 bestmemit:    2.720432   30.453451    1.000000    0.000000  669.477125
Iteration: 90 bestvalit: 0.001934 bestmemit:    2.720432   30.453451    1.000000    0.000000  669.477125
Iteration: 91 bestvalit: 0.001934 bestmemit:    2.720432   30.453451    1.000000    0.000000  669.477125
Iteration: 92 bestvalit: 0.001934 bestmemit:    2.720432   30.453451    1.000000    0.000000  669.477125
Iteration: 93 bestvalit: 0.001934 bestmemit:    2.720432   30.453451    1.000000    0.000000  669.477125
Iteration: 94 bestvalit: 0.001934 bestmemit:    2.720432   30.453451    1.000000    0.000000  669.477125
Iteration: 95 bestvalit: 0.001934 bestmemit:    2.720432   30.453451    1.000000    0.000000  669.477125
Iteration: 96 bestvalit: 0.001934 bestmemit:    2.720432   30.453451    1.000000    0.000000  669.477125
Iteration: 97 bestvalit: 0.001934 bestmemit:    2.720432   30.453451    1.000000    0.000000  669.477125
Iteration: 98 bestvalit: 0.001934 bestmemit:    2.720432   30.453451    1.000000    0.000000  669.477125
Iteration: 99 bestvalit: 0.001934 bestmemit:    2.720432   30.453451    1.000000    0.000000  669.477125
Iteration: 100 bestvalit: 0.001934 bestmemit:    2.720432   30.453451    1.000000    0.000000  669.477125
Iteration: 101 bestvalit: 0.001934 bestmemit:    2.720432   30.453451    1.000000    0.000000  669.477125
Iteration: 102 bestvalit: 0.001934 bestmemit:    2.720432   30.453451    1.000000    0.000000  669.477125
Iteration: 103 bestvalit: 0.001934 bestmemit:    2.720432   30.453451    1.000000    0.000000  669.477125
Iteration: 104 bestvalit: 0.001934 bestmemit:    2.720432   30.453451    1.000000    0.000000  669.477125
Iteration: 105 bestvalit: 0.001934 bestmemit:    2.720432   30.453451    1.000000    0.000000  669.477125
Iteration: 106 bestvalit: 0.001934 bestmemit:    2.720432   30.453451    1.000000    0.000000  669.477125
Iteration: 107 bestvalit: 0.001934 bestmemit:    2.720432   30.453451    1.000000    0.000000  669.477125
Iteration: 108 bestvalit: 0.001934 bestmemit:    2.720432   30.453451    1.000000    0.000000  669.477125
Iteration: 109 bestvalit: 0.001931 bestmemit:    2.680767   -1.559974    1.000000    0.000000  674.233007
Iteration: 110 bestvalit: 0.001931 bestmemit:    2.680767   -1.559974    1.000000    0.000000  674.233007
Iteration: 111 bestvalit: 0.001931 bestmemit:    2.680767   -1.559974    1.000000    0.000000  674.233007
Iteration: 112 bestvalit: 0.001931 bestmemit:    2.680767   -1.559974    1.000000    0.000000  674.233007
Iteration: 113 bestvalit: 0.001931 bestmemit:    2.680767   -1.559974    1.000000    0.000000  674.233007
Iteration: 114 bestvalit: 0.001931 bestmemit:    2.680767   -1.559974    1.000000    0.000000  674.233007
Iteration: 115 bestvalit: 0.001931 bestmemit:    2.680767   -1.559974    1.000000    0.000000  674.233007
Iteration: 116 bestvalit: 0.001931 bestmemit:    2.680767   -1.559974    1.000000    0.000000  674.233007
Iteration: 117 bestvalit: 0.001931 bestmemit:    2.680767   -1.559974    1.000000    0.000000  674.233007
Iteration: 118 bestvalit: 0.001931 bestmemit:    2.680767   -1.559974    1.000000    0.000000  674.233007
Iteration: 119 bestvalit: 0.001931 bestmemit:    2.680767   -1.559974    1.000000    0.000000  674.233007
Iteration: 120 bestvalit: 0.001931 bestmemit:    2.680767   -1.559974    1.000000    0.000000  674.233007
Iteration: 121 bestvalit: 0.001931 bestmemit:    2.680767   -1.559974    1.000000    0.000000  674.233007
Iteration: 122 bestvalit: 0.001931 bestmemit:    2.680767   -1.559974    1.000000    0.000000  674.233007
Iteration: 123 bestvalit: 0.001931 bestmemit:    2.680767   -1.559974    1.000000    0.000000  674.233007
Iteration: 124 bestvalit: 0.001931 bestmemit:    2.680767   -1.559974    1.000000    0.000000  674.233007
Iteration: 125 bestvalit: 0.001931 bestmemit:    2.680767   -1.559974    1.000000    0.000000  674.233007
Iteration: 126 bestvalit: 0.001931 bestmemit:    2.680767   -1.559974    1.000000    0.000000  674.233007
Iteration: 127 bestvalit: 0.001931 bestmemit:    2.680767   -1.559974    1.000000    0.000000  674.233007
Iteration: 128 bestvalit: 0.001931 bestmemit:    2.680767   -1.559974    1.000000    0.000000  674.233007
Iteration: 129 bestvalit: 0.001931 bestmemit:    2.680767   -1.559974    1.000000    0.000000  674.233007
Iteration: 130 bestvalit: 0.001931 bestmemit:    2.680767   -1.559974    1.000000    0.000000  674.233007
Iteration: 131 bestvalit: 0.001931 bestmemit:    2.680767   -1.559974    1.000000    0.000000  674.233007
Iteration: 132 bestvalit: 0.001931 bestmemit:    2.680767   -1.559974    1.000000    0.000000  674.233007
Iteration: 133 bestvalit: 0.001931 bestmemit:    2.680767   -1.559974    1.000000    0.000000  674.233007
Iteration: 134 bestvalit: 0.001931 bestmemit:    2.680767   -1.559974    1.000000    0.000000  674.233007
Iteration: 135 bestvalit: 0.001931 bestmemit:    2.680767   -1.559974    1.000000    0.000000  674.233007
Iteration: 136 bestvalit: 0.001931 bestmemit:    2.680767   -1.559974    1.000000    0.000000  674.233007
Iteration: 137 bestvalit: 0.001931 bestmemit:    2.680767   -1.559974    1.000000    0.000000  674.233007
Iteration: 138 bestvalit: 0.001931 bestmemit:    2.680767   -1.559974    1.000000    0.000000  674.233007
Iteration: 139 bestvalit: 0.001931 bestmemit:    2.680767   -1.559974    1.000000    0.000000  674.233007
Iteration: 140 bestvalit: 0.001931 bestmemit:    2.680767   -1.559974    1.000000    0.000000  674.233007
Iteration: 141 bestvalit: 0.001931 bestmemit:    2.680767   -1.559974    1.000000    0.000000  674.233007
Iteration: 142 bestvalit: 0.001931 bestmemit:    2.680767   -1.559974    1.000000    0.000000  674.233007
Iteration: 143 bestvalit: 0.001931 bestmemit:    2.680767   -1.559974    1.000000    0.000000  674.233007
Iteration: 144 bestvalit: 0.001931 bestmemit:    2.680767   -1.559974    1.000000    0.000000  674.233007
Iteration: 145 bestvalit: 0.001931 bestmemit:    2.680767   -1.559974    1.000000    0.000000  674.233007
Iteration: 146 bestvalit: 0.001931 bestmemit:    2.680767   -1.559974    1.000000    0.000000  674.233007
Iteration: 147 bestvalit: 0.001931 bestmemit:    2.680767   -1.559974    1.000000    0.000000  674.233007
Iteration: 148 bestvalit: 0.001931 bestmemit:    2.680767   -1.559974    1.000000    0.000000  674.233007
Iteration: 149 bestvalit: 0.001931 bestmemit:    2.680767   -1.559974    1.000000    0.000000  674.233007
Iteration: 150 bestvalit: 0.001931 bestmemit:    2.680767   -1.559974    1.000000    0.000000  674.233007
Iteration: 151 bestvalit: 0.001931 bestmemit:    2.680767   -1.559974    1.000000    0.000000  674.233007
Iteration: 152 bestvalit: 0.001931 bestmemit:    2.680767   -1.559974    1.000000    0.000000  674.233007
Iteration: 153 bestvalit: 0.001931 bestmemit:    2.680767   -1.559974    1.000000    0.000000  674.233007
Iteration: 154 bestvalit: 0.001931 bestmemit:    2.680767   -1.559974    1.000000    0.000000  674.233007
Iteration: 155 bestvalit: 0.001931 bestmemit:    2.680767   -1.559974    1.000000    0.000000  674.233007
Iteration: 156 bestvalit: 0.001931 bestmemit:    2.680767   -1.559974    1.000000    0.000000  674.233007
Iteration: 157 bestvalit: 0.001931 bestmemit:    2.680767   -1.559974    1.000000    0.000000  674.233007
Iteration: 158 bestvalit: 0.001931 bestmemit:    2.680767   -1.559974    1.000000    0.000000  674.233007
Iteration: 159 bestvalit: 0.001931 bestmemit:    2.680767   -1.559974    1.000000    0.000000  674.233007
Iteration: 160 bestvalit: 0.001931 bestmemit:    2.680767   -1.559974    1.000000    0.000000  674.233007
Iteration: 161 bestvalit: 0.001931 bestmemit:    2.680767   -1.559974    1.000000    0.000000  674.233007
Iteration: 162 bestvalit: 0.001931 bestmemit:    2.680767   -1.559974    1.000000    0.000000  674.233007
Iteration: 163 bestvalit: 0.001931 bestmemit:    2.680767   -1.559974    1.000000    0.000000  674.233007
Iteration: 164 bestvalit: 0.001931 bestmemit:    2.680767   -1.559974    1.000000    0.000000  674.233007
Iteration: 165 bestvalit: 0.001931 bestmemit:    2.680767   -1.559974    1.000000    0.000000  674.233007
Iteration: 166 bestvalit: 0.001931 bestmemit:    2.680767   -1.559974    1.000000    0.000000  674.233007
Iteration: 167 bestvalit: 0.001931 bestmemit:    2.680767   -1.559974    1.000000    0.000000  674.233007
Iteration: 168 bestvalit: 0.001931 bestmemit:    2.680767   -1.559974    1.000000    0.000000  674.233007
Iteration: 169 bestvalit: 0.001931 bestmemit:    2.680767   -1.559974    1.000000    0.000000  674.233007
Iteration: 170 bestvalit: 0.001931 bestmemit:    2.680767   -1.559974    1.000000    0.000000  674.233007
Iteration: 171 bestvalit: 0.001931 bestmemit:    2.680767   -1.559974    1.000000    0.000000  674.233007
Iteration: 172 bestvalit: 0.001931 bestmemit:    2.680767   -1.559974    1.000000    0.000000  674.233007
Iteration: 173 bestvalit: 0.001931 bestmemit:    2.680767   -1.559974    1.000000    0.000000  674.233007
Iteration: 174 bestvalit: 0.001931 bestmemit:    2.680767   -1.559974    1.000000    0.000000  674.233007
Iteration: 175 bestvalit: 0.001931 bestmemit:    2.680767   -1.559974    1.000000    0.000000  674.233007
Iteration: 176 bestvalit: 0.001931 bestmemit:    2.680767   -1.559974    1.000000    0.000000  674.233007
Iteration: 177 bestvalit: 0.001931 bestmemit:    2.680767   -1.559974    1.000000    0.000000  674.233007
Iteration: 178 bestvalit: 0.001931 bestmemit:    2.680767   -1.559974    1.000000    0.000000  674.233007
Iteration: 179 bestvalit: 0.001931 bestmemit:    2.680767   -1.559974    1.000000    0.000000  674.233007
Iteration: 180 bestvalit: 0.001931 bestmemit:    2.680767   -1.559974    1.000000    0.000000  674.233007
Iteration: 181 bestvalit: 0.001931 bestmemit:    2.680767   -1.559974    1.000000    0.000000  674.233007
Iteration: 182 bestvalit: 0.001931 bestmemit:    2.680767   -1.559974    1.000000    0.000000  674.233007
Iteration: 183 bestvalit: 0.001931 bestmemit:    2.680767   -1.559974    1.000000    0.000000  674.233007
Iteration: 184 bestvalit: 0.001931 bestmemit:    2.680767   -1.559974    1.000000    0.000000  674.233007
Iteration: 185 bestvalit: 0.001931 bestmemit:    2.680767   -1.559974    1.000000    0.000000  674.233007
Iteration: 186 bestvalit: 0.001931 bestmemit:    2.680767   -1.559974    1.000000    0.000000  674.233007
Iteration: 187 bestvalit: 0.001931 bestmemit:    2.680767   -1.559974    1.000000    0.000000  674.233007
Iteration: 188 bestvalit: 0.001931 bestmemit:    2.680767   -1.559974    1.000000    0.000000  674.233007
Iteration: 189 bestvalit: 0.001931 bestmemit:    2.680767   -1.559974    1.000000    0.000000  674.233007
Iteration: 190 bestvalit: 0.001931 bestmemit:    2.680767   -1.559974    1.000000    0.000000  674.233007
Iteration: 191 bestvalit: 0.001931 bestmemit:    2.680767   -1.559974    1.000000    0.000000  674.233007
Iteration: 192 bestvalit: 0.001931 bestmemit:    2.680767   -1.559974    1.000000    0.000000  674.233007
Iteration: 193 bestvalit: 0.001931 bestmemit:    2.680767   -1.559974    1.000000    0.000000  674.233007
Iteration: 194 bestvalit: 0.001931 bestmemit:    2.680767   -1.559974    1.000000    0.000000  674.233007
Iteration: 195 bestvalit: 0.001931 bestmemit:    2.680767   -1.559974    1.000000    0.000000  674.233007
Iteration: 196 bestvalit: 0.001931 bestmemit:    2.680767   -1.559974    1.000000    0.000000  674.233007
Iteration: 197 bestvalit: 0.001931 bestmemit:    2.680767   -1.559974    1.000000    0.000000  674.233007
Iteration: 198 bestvalit: 0.001931 bestmemit:    2.680767   -1.559974    1.000000    0.000000  674.233007
Iteration: 199 bestvalit: 0.001931 bestmemit:    2.680767   -1.559974    1.000000    0.000000  674.233007
Iteration: 200 bestvalit: 0.001931 bestmemit:    2.680767   -1.559974    1.000000    0.000000  674.233007
Iteration: 201 bestvalit: 0.001931 bestmemit:    2.680767   -1.559974    1.000000    0.000000  674.233007
Iteration: 202 bestvalit: 0.001931 bestmemit:    2.680767   -1.559974    1.000000    0.000000  674.233007
Iteration: 203 bestvalit: 0.001931 bestmemit:    2.680767   -1.559974    1.000000    0.000000  674.233007
Iteration: 204 bestvalit: 0.001931 bestmemit:    2.680767   -1.559974    1.000000    0.000000  674.233007
Iteration: 205 bestvalit: 0.001931 bestmemit:    2.680767   -1.559974    1.000000    0.000000  674.233007
Iteration: 206 bestvalit: 0.001931 bestmemit:    2.680767   -1.559974    1.000000    0.000000  674.233007
Iteration: 207 bestvalit: 0.001931 bestmemit:    2.680767   -1.559974    1.000000    0.000000  674.233007
Iteration: 208 bestvalit: 0.001931 bestmemit:    2.680767   -1.559974    1.000000    0.000000  674.233007
Iteration: 209 bestvalit: 0.001909 bestmemit:    2.185842    2.056038    1.000000    0.000000  669.374864
Iteration: 210 bestvalit: 0.001909 bestmemit:    2.185842    2.056038    1.000000    0.000000  669.374864
Iteration: 211 bestvalit: 0.001909 bestmemit:    2.185842    2.056038    1.000000    0.000000  669.374864
Iteration: 212 bestvalit: 0.001909 bestmemit:    2.185842    2.056038    1.000000    0.000000  669.374864
Iteration: 213 bestvalit: 0.001909 bestmemit:    2.185842    2.056038    1.000000    0.000000  669.374864
Iteration: 214 bestvalit: 0.001909 bestmemit:    2.185842    2.056038    1.000000    0.000000  669.374864
Iteration: 215 bestvalit: 0.001909 bestmemit:    2.185842    2.056038    1.000000    0.000000  669.374864
Iteration: 216 bestvalit: 0.001909 bestmemit:    2.185842    2.056038    1.000000    0.000000  669.374864
Iteration: 217 bestvalit: 0.001909 bestmemit:    2.185842    2.056038    1.000000    0.000000  669.374864
Iteration: 218 bestvalit: 0.001909 bestmemit:    2.185842    2.056038    1.000000    0.000000  669.374864
Iteration: 219 bestvalit: 0.001909 bestmemit:    2.185842    2.056038    1.000000    0.000000  669.374864
Iteration: 220 bestvalit: 0.001909 bestmemit:    2.185842    2.056038    1.000000    0.000000  669.374864
Iteration: 221 bestvalit: 0.001909 bestmemit:    2.185842    2.056038    1.000000    0.000000  669.374864
Iteration: 222 bestvalit: 0.001909 bestmemit:    2.185842    2.056038    1.000000    0.000000  669.374864
Iteration: 223 bestvalit: 0.001909 bestmemit:    2.185842    2.056038    1.000000    0.000000  669.374864
Iteration: 224 bestvalit: 0.001909 bestmemit:    2.185842    2.056038    1.000000    0.000000  669.374864
Iteration: 225 bestvalit: 0.001909 bestmemit:    2.185842    2.056038    1.000000    0.000000  669.374864
Iteration: 226 bestvalit: 0.001909 bestmemit:    2.185842    2.056038    1.000000    0.000000  669.374864
Iteration: 227 bestvalit: 0.001909 bestmemit:    2.185842    2.056038    1.000000    0.000000  669.374864
Iteration: 228 bestvalit: 0.001909 bestmemit:    2.185842    2.056038    1.000000    0.000000  669.374864
Iteration: 229 bestvalit: 0.001909 bestmemit:    2.185842    2.056038    1.000000    0.000000  669.374864
Iteration: 230 bestvalit: 0.001909 bestmemit:    2.185842    2.056038    1.000000    0.000000  669.374864
Iteration: 231 bestvalit: 0.001909 bestmemit:    2.185842    2.056038    1.000000    0.000000  669.374864
Iteration: 232 bestvalit: 0.001909 bestmemit:    2.185842    2.056038    1.000000    0.000000  669.374864
Iteration: 233 bestvalit: 0.001909 bestmemit:    2.185842    2.056038    1.000000    0.000000  669.374864
Iteration: 234 bestvalit: 0.001909 bestmemit:    2.185842    2.056038    1.000000    0.000000  669.374864
Iteration: 235 bestvalit: 0.001909 bestmemit:    2.185842    2.056038    1.000000    0.000000  669.374864
Iteration: 236 bestvalit: 0.001909 bestmemit:    2.185842    2.056038    1.000000    0.000000  669.374864
Iteration: 237 bestvalit: 0.001909 bestmemit:    2.185842    2.056038    1.000000    0.000000  669.374864
Iteration: 238 bestvalit: 0.001909 bestmemit:    2.185842    2.056038    1.000000    0.000000  669.374864
Iteration: 239 bestvalit: 0.001909 bestmemit:    2.185842    2.056038    1.000000    0.000000  669.374864
Iteration: 240 bestvalit: 0.001909 bestmemit:    2.185842    2.056038    1.000000    0.000000  669.374864
Iteration: 241 bestvalit: 0.001909 bestmemit:    2.185842    2.056038    1.000000    0.000000  669.374864
Iteration: 242 bestvalit: 0.001909 bestmemit:    2.185842    2.056038    1.000000    0.000000  669.374864
Iteration: 243 bestvalit: 0.001909 bestmemit:    2.185842    2.056038    1.000000    0.000000  669.374864
Iteration: 244 bestvalit: 0.001909 bestmemit:    2.185842    2.056038    1.000000    0.000000  669.374864
Iteration: 245 bestvalit: 0.001909 bestmemit:    2.185842    2.056038    1.000000    0.000000  669.374864
Iteration: 246 bestvalit: 0.001909 bestmemit:    2.185842    2.056038    1.000000    0.000000  669.374864
Iteration: 247 bestvalit: 0.001909 bestmemit:    2.185842    2.056038    1.000000    0.000000  669.374864
Iteration: 248 bestvalit: 0.001909 bestmemit:    2.185842    2.056038    1.000000    0.000000  669.374864
Iteration: 249 bestvalit: 0.001909 bestmemit:    2.185842    2.056038    1.000000    0.000000  669.374864
Iteration: 250 bestvalit: 0.001909 bestmemit:    2.185842    2.056038    1.000000    0.000000  669.374864
Iteration: 251 bestvalit: 0.001909 bestmemit:    2.185842    2.056038    1.000000    0.000000  669.374864
Iteration: 252 bestvalit: 0.001909 bestmemit:    2.185842    2.056038    1.000000    0.000000  669.374864
Iteration: 253 bestvalit: 0.001909 bestmemit:    2.185842    2.056038    1.000000    0.000000  669.374864
Iteration: 254 bestvalit: 0.001909 bestmemit:    2.185842    2.056038    1.000000    0.000000  669.374864
Iteration: 255 bestvalit: 0.001909 bestmemit:    2.185842    2.056038    1.000000    0.000000  669.374864
Iteration: 256 bestvalit: 0.001909 bestmemit:    2.185842    2.056038    1.000000    0.000000  669.374864
Iteration: 257 bestvalit: 0.001909 bestmemit:    2.185842    2.056038    1.000000    0.000000  669.374864
Iteration: 258 bestvalit: 0.001909 bestmemit:    2.185842    2.056038    1.000000    0.000000  669.374864
Iteration: 259 bestvalit: 0.001909 bestmemit:    2.185842    2.056038    1.000000    0.000000  669.374864
Iteration: 260 bestvalit: 0.001909 bestmemit:    2.185842    2.056038    1.000000    0.000000  669.374864
Iteration: 261 bestvalit: 0.001909 bestmemit:    2.185842    2.056038    1.000000    0.000000  669.374864
Iteration: 262 bestvalit: 0.001909 bestmemit:    2.185842    2.056038    1.000000    0.000000  669.374864
Iteration: 263 bestvalit: 0.001909 bestmemit:    2.185842    2.056038    1.000000    0.000000  669.374864
Iteration: 264 bestvalit: 0.001909 bestmemit:    2.185842    2.056038    1.000000    0.000000  669.374864
Iteration: 265 bestvalit: 0.001909 bestmemit:    2.185842    2.056038    1.000000    0.000000  669.374864
Iteration: 266 bestvalit: 0.001909 bestmemit:    2.185842    2.056038    1.000000    0.000000  669.374864
Iteration: 267 bestvalit: 0.001909 bestmemit:    2.185842    2.056038    1.000000    0.000000  669.374864
Iteration: 268 bestvalit: 0.001909 bestmemit:    2.185842    2.056038    1.000000    0.000000  669.374864
Iteration: 269 bestvalit: 0.001909 bestmemit:    2.185842    2.056038    1.000000    0.000000  669.374864
Iteration: 270 bestvalit: 0.001909 bestmemit:    2.185842    2.056038    1.000000    0.000000  669.374864
Iteration: 271 bestvalit: 0.001909 bestmemit:    2.185842    2.056038    1.000000    0.000000  669.374864
Iteration: 272 bestvalit: 0.001909 bestmemit:    2.185842    2.056038    1.000000    0.000000  669.374864
Iteration: 273 bestvalit: 0.001909 bestmemit:    2.185842    2.056038    1.000000    0.000000  669.374864
Iteration: 274 bestvalit: 0.001909 bestmemit:    2.185842    2.056038    1.000000    0.000000  669.374864
Iteration: 275 bestvalit: 0.001909 bestmemit:    2.185842    2.056038    1.000000    0.000000  669.374864
Iteration: 276 bestvalit: 0.001909 bestmemit:    2.185842    2.056038    1.000000    0.000000  669.374864
Iteration: 277 bestvalit: 0.001909 bestmemit:    2.185842    2.056038    1.000000    0.000000  669.374864
Iteration: 278 bestvalit: 0.001909 bestmemit:    2.185842    2.056038    1.000000    0.000000  669.374864
Iteration: 279 bestvalit: 0.001909 bestmemit:    2.185842    2.056038    1.000000    0.000000  669.374864
Iteration: 280 bestvalit: 0.001909 bestmemit:    2.185842    2.056038    1.000000    0.000000  669.374864
Iteration: 281 bestvalit: 0.001909 bestmemit:    2.185842    2.056038    1.000000    0.000000  669.374864
Iteration: 282 bestvalit: 0.001909 bestmemit:    2.185842    2.056038    1.000000    0.000000  669.374864
Iteration: 283 bestvalit: 0.001909 bestmemit:    2.185842    2.056038    1.000000    0.000000  669.374864
Iteration: 284 bestvalit: 0.001909 bestmemit:    2.185842    2.056038    1.000000    0.000000  669.374864
Iteration: 285 bestvalit: 0.001909 bestmemit:    2.185842    2.056038    1.000000    0.000000  669.374864
Iteration: 286 bestvalit: 0.001909 bestmemit:    2.185842    2.056038    1.000000    0.000000  669.374864
Iteration: 287 bestvalit: 0.001909 bestmemit:    2.185842    2.056038    1.000000    0.000000  669.374864
Iteration: 288 bestvalit: 0.001909 bestmemit:    2.185842    2.056038    1.000000    0.000000  669.374864
Iteration: 289 bestvalit: 0.001909 bestmemit:    2.185842    2.056038    1.000000    0.000000  669.374864
Iteration: 290 bestvalit: 0.001909 bestmemit:    2.185842    2.056038    1.000000    0.000000  669.374864
Iteration: 291 bestvalit: 0.001909 bestmemit:    2.185842    2.056038    1.000000    0.000000  669.374864
Iteration: 292 bestvalit: 0.001909 bestmemit:    2.185842    2.056038    1.000000    0.000000  669.374864
Iteration: 293 bestvalit: 0.001909 bestmemit:    2.185842    2.056038    1.000000    0.000000  669.374864
Iteration: 294 bestvalit: 0.001909 bestmemit:    2.185842    2.056038    1.000000    0.000000  669.374864
Iteration: 295 bestvalit: 0.001909 bestmemit:    2.185842    2.056038    1.000000    0.000000  669.374864
Iteration: 296 bestvalit: 0.001909 bestmemit:    2.185842    2.056038    1.000000    0.000000  669.374864
Iteration: 297 bestvalit: 0.001909 bestmemit:    2.185842    2.056038    1.000000    0.000000  669.374864
Iteration: 298 bestvalit: 0.001909 bestmemit:    2.185842    2.056038    1.000000    0.000000  669.374864
Iteration: 299 bestvalit: 0.001909 bestmemit:    2.185842    2.056038    1.000000    0.000000  669.374864
Iteration: 300 bestvalit: 0.001909 bestmemit:    2.185842    2.056038    1.000000    0.000000  669.374864
Iteration: 301 bestvalit: 0.001909 bestmemit:    2.185842    2.056038    1.000000    0.000000  669.374864
Iteration: 302 bestvalit: 0.001909 bestmemit:    2.185842    2.056038    1.000000    0.000000  669.374864
Iteration: 303 bestvalit: 0.001909 bestmemit:    2.185842    2.056038    1.000000    0.000000  669.374864
Iteration: 304 bestvalit: 0.001909 bestmemit:    2.185842    2.056038    1.000000    0.000000  669.374864
Iteration: 305 bestvalit: 0.001909 bestmemit:    2.185842    2.056038    1.000000    0.000000  669.374864
Iteration: 306 bestvalit: 0.001909 bestmemit:    2.185842    2.056038    1.000000    0.000000  669.374864
Iteration: 307 bestvalit: 0.001909 bestmemit:    2.185842    2.056038    1.000000    0.000000  669.374864
Iteration: 308 bestvalit: 0.001909 bestmemit:    2.185842    2.056038    1.000000    0.000000  669.374864
Iteration: 309 bestvalit: 0.001909 bestmemit:    2.185842    2.056038    1.000000    0.000000  669.374864
Iteration: 310 bestvalit: 0.001909 bestmemit:    2.185842    2.056038    1.000000    0.000000  669.374864

***** summary of DEoptim object ***** 
best member   :  2.18584 2.05604 1 0 669.3749 
best value    :  0.00191 
after         :  310 generations 
fn evaluated  :  622 times 
*************************************
