SLURM_JOB_ID: 55336549
SLURM_JOB_USER: vsc34066
SLURM_JOB_ACCOUNT: lp_desenderlab
SLURM_JOB_NAME: fit_alternating_fb_beta_learn.slurm
SLURM_CLUSTER_NAME: genius
SLURM_JOB_PARTITION: batch
SLURM_ARRAY_JOB_ID: 55336494
SLURM_ARRAY_TASK_ID: 55
SLURM_NNODES: 1
SLURM_NODELIST: r23i13n12
SLURM_JOB_CPUS_PER_NODE: 8
Date: Tue Nov  7 16:43:56 CET 2023
Walltime: 00-23:00:00
========================================================================
Iteration: 1 bestvalit: 0.009412 bestmemit:    7.513869   10.823758    1.000000    0.000000 1295.479056
Iteration: 2 bestvalit: 0.006117 bestmemit:    4.009386   85.434591    1.000000    0.000000  339.065932
Iteration: 3 bestvalit: 0.004246 bestmemit:    8.927390   85.490365    1.000000    0.000000  816.866357
Iteration: 4 bestvalit: 0.003151 bestmemit:    8.897255   40.231073    1.000000    0.000000  697.983704
Iteration: 5 bestvalit: 0.002192 bestmemit:    3.046127   74.733205    1.000000    0.000000  697.983704
Iteration: 6 bestvalit: 0.002139 bestmemit:    3.046127   74.733205    1.000000    0.000000  697.983704
Iteration: 7 bestvalit: 0.002112 bestmemit:    3.046127  -56.258800    1.000000    0.000000  697.983704
Iteration: 8 bestvalit: 0.002085 bestmemit:    4.009386   53.245065    1.000000    0.000000  518.131177
Iteration: 9 bestvalit: 0.002085 bestmemit:    4.009386   53.245065    1.000000    0.000000  518.131177
Iteration: 10 bestvalit: 0.002085 bestmemit:    4.009386   53.245065    1.000000    0.000000  518.131177
Iteration: 11 bestvalit: 0.002055 bestmemit:    3.046127  -56.258800    1.000000    0.000000  697.983704
Iteration: 12 bestvalit: 0.001999 bestmemit:    3.541238   -0.763216    1.000000    0.000000  518.131177
Iteration: 13 bestvalit: 0.001794 bestmemit:    2.831673  -54.331842    1.000000    0.000000  643.194896
Iteration: 14 bestvalit: 0.001794 bestmemit:    2.831673  -54.331842    1.000000    0.000000  643.194896
Iteration: 15 bestvalit: 0.001672 bestmemit:    2.831673   -3.102668    1.000000    0.000000  643.194896
Iteration: 16 bestvalit: 0.001672 bestmemit:    2.831673   -3.102668    1.000000    0.000000  643.194896
Iteration: 17 bestvalit: 0.001672 bestmemit:    2.831673   -3.102668    1.000000    0.000000  643.194896
Iteration: 18 bestvalit: 0.001672 bestmemit:    2.831673   -3.102668    1.000000    0.000000  643.194896
Iteration: 19 bestvalit: 0.001656 bestmemit:    2.696148   -7.471282    1.000000    0.000000  606.505810
Iteration: 20 bestvalit: 0.001656 bestmemit:    2.696148   -7.471282    1.000000    0.000000  606.505810
Iteration: 21 bestvalit: 0.001546 bestmemit:    2.831673   -3.102668    1.000000    0.000000  603.085600
Iteration: 22 bestvalit: 0.001533 bestmemit:    2.162851   -5.213470    1.000000    0.000000  592.303929
Iteration: 23 bestvalit: 0.001533 bestmemit:    2.162851   -5.213470    1.000000    0.000000  592.303929
Iteration: 24 bestvalit: 0.001533 bestmemit:    2.162851   -5.213470    1.000000    0.000000  592.303929
Iteration: 25 bestvalit: 0.001533 bestmemit:    2.162851   -5.213470    1.000000    0.000000  592.303929
Iteration: 26 bestvalit: 0.001533 bestmemit:    2.162851   -5.213470    1.000000    0.000000  592.303929
Iteration: 27 bestvalit: 0.001530 bestmemit:    2.063883   -0.125938    1.000000    0.000000  606.505810
Iteration: 28 bestvalit: 0.001530 bestmemit:    2.063883   -0.125938    1.000000    0.000000  606.505810
Iteration: 29 bestvalit: 0.001530 bestmemit:    2.063883   -0.125938    1.000000    0.000000  606.505810
Iteration: 30 bestvalit: 0.001530 bestmemit:    2.063883   -0.125938    1.000000    0.000000  606.505810
Iteration: 31 bestvalit: 0.001530 bestmemit:    2.063883   -0.125938    1.000000    0.000000  606.505810
Iteration: 32 bestvalit: 0.001530 bestmemit:    2.063883   -0.125938    1.000000    0.000000  606.505810
Iteration: 33 bestvalit: 0.001530 bestmemit:    2.063883   -0.125938    1.000000    0.000000  606.505810
Iteration: 34 bestvalit: 0.001507 bestmemit:    1.279721   30.197717    1.000000    0.000000  599.378877
Iteration: 35 bestvalit: 0.001497 bestmemit:    1.770902  -33.952657    1.000000    0.000000  582.933269
Iteration: 36 bestvalit: 0.001497 bestmemit:    1.770902  -33.952657    1.000000    0.000000  582.933269
Iteration: 37 bestvalit: 0.001497 bestmemit:    1.770902  -33.952657    1.000000    0.000000  582.933269
Iteration: 38 bestvalit: 0.001497 bestmemit:    1.770902  -33.952657    1.000000    0.000000  582.933269
Iteration: 39 bestvalit: 0.001497 bestmemit:    1.770902  -33.952657    1.000000    0.000000  582.933269
Iteration: 40 bestvalit: 0.001497 bestmemit:    1.770902  -33.952657    1.000000    0.000000  582.933269
Iteration: 41 bestvalit: 0.001497 bestmemit:    1.770902  -33.952657    1.000000    0.000000  582.933269
Iteration: 42 bestvalit: 0.001497 bestmemit:    1.770902  -33.952657    1.000000    0.000000  582.933269
Iteration: 43 bestvalit: 0.001497 bestmemit:    1.770902  -33.952657    1.000000    0.000000  582.933269
Iteration: 44 bestvalit: 0.001497 bestmemit:    1.770902  -33.952657    1.000000    0.000000  582.933269
Iteration: 45 bestvalit: 0.001497 bestmemit:    1.770902  -33.952657    1.000000    0.000000  582.933269
Iteration: 46 bestvalit: 0.001497 bestmemit:    1.770902  -33.952657    1.000000    0.000000  582.933269
Iteration: 47 bestvalit: 0.001497 bestmemit:    1.770902  -33.952657    1.000000    0.000000  582.933269
Iteration: 48 bestvalit: 0.001497 bestmemit:    1.770902  -33.952657    1.000000    0.000000  582.933269
Iteration: 49 bestvalit: 0.001497 bestmemit:    1.770902  -33.952657    1.000000    0.000000  582.933269
Iteration: 50 bestvalit: 0.001497 bestmemit:    1.770902  -33.952657    1.000000    0.000000  582.933269
Iteration: 51 bestvalit: 0.001497 bestmemit:    1.770902  -33.952657    1.000000    0.000000  582.933269
Iteration: 52 bestvalit: 0.001497 bestmemit:    1.770902  -33.952657    1.000000    0.000000  582.933269
Iteration: 53 bestvalit: 0.001497 bestmemit:    1.770902  -33.952657    1.000000    0.000000  582.933269
Iteration: 54 bestvalit: 0.001497 bestmemit:    1.770902  -33.952657    1.000000    0.000000  582.933269
Iteration: 55 bestvalit: 0.001497 bestmemit:    1.770902  -33.952657    1.000000    0.000000  582.933269
Iteration: 56 bestvalit: 0.001497 bestmemit:    1.770902  -33.952657    1.000000    0.000000  582.933269
Iteration: 57 bestvalit: 0.001497 bestmemit:    1.770902  -33.952657    1.000000    0.000000  582.933269
Iteration: 58 bestvalit: 0.001497 bestmemit:    1.770902  -33.952657    1.000000    0.000000  582.933269
Iteration: 59 bestvalit: 0.001497 bestmemit:    1.770902  -33.952657    1.000000    0.000000  582.933269
Iteration: 60 bestvalit: 0.001497 bestmemit:    1.770902  -33.952657    1.000000    0.000000  582.933269
Iteration: 61 bestvalit: 0.001497 bestmemit:    1.770902  -33.952657    1.000000    0.000000  582.933269
Iteration: 62 bestvalit: 0.001497 bestmemit:    1.770902  -33.952657    1.000000    0.000000  582.933269
Iteration: 63 bestvalit: 0.001497 bestmemit:    1.770902  -33.952657    1.000000    0.000000  582.933269
Iteration: 64 bestvalit: 0.001497 bestmemit:    1.770902  -33.952657    1.000000    0.000000  582.933269
Iteration: 65 bestvalit: 0.001497 bestmemit:    1.770902  -33.952657    1.000000    0.000000  582.933269
Iteration: 66 bestvalit: 0.001497 bestmemit:    1.770902  -33.952657    1.000000    0.000000  582.933269
Iteration: 67 bestvalit: 0.001497 bestmemit:    1.770902  -33.952657    1.000000    0.000000  582.933269
Iteration: 68 bestvalit: 0.001497 bestmemit:    1.770902  -33.952657    1.000000    0.000000  582.933269
Iteration: 69 bestvalit: 0.001497 bestmemit:    1.770902  -33.952657    1.000000    0.000000  582.933269
Iteration: 70 bestvalit: 0.001497 bestmemit:    1.869973  -28.495803    1.000000    0.000000  587.757544
Iteration: 71 bestvalit: 0.001497 bestmemit:    1.869973  -28.495803    1.000000    0.000000  587.757544
Iteration: 72 bestvalit: 0.001497 bestmemit:    1.869973  -28.495803    1.000000    0.000000  587.757544
Iteration: 73 bestvalit: 0.001497 bestmemit:    1.869973  -28.495803    1.000000    0.000000  587.757544
Iteration: 74 bestvalit: 0.001484 bestmemit:    1.978820  -44.514297    1.000000    0.000000  600.071976
Iteration: 75 bestvalit: 0.001484 bestmemit:    1.978820  -44.514297    1.000000    0.000000  600.071976
Iteration: 76 bestvalit: 0.001484 bestmemit:    1.978820  -44.514297    1.000000    0.000000  600.071976
Iteration: 77 bestvalit: 0.001484 bestmemit:    1.978820  -44.514297    1.000000    0.000000  600.071976
Iteration: 78 bestvalit: 0.001484 bestmemit:    1.978820  -44.514297    1.000000    0.000000  600.071976
Iteration: 79 bestvalit: 0.001484 bestmemit:    1.978820  -44.514297    1.000000    0.000000  600.071976
Iteration: 80 bestvalit: 0.001484 bestmemit:    1.978820  -44.514297    1.000000    0.000000  600.071976
Iteration: 81 bestvalit: 0.001484 bestmemit:    1.978820  -44.514297    1.000000    0.000000  600.071976
Iteration: 82 bestvalit: 0.001484 bestmemit:    1.978820  -44.514297    1.000000    0.000000  600.071976
Iteration: 83 bestvalit: 0.001484 bestmemit:    1.978820  -44.514297    1.000000    0.000000  600.071976
Iteration: 84 bestvalit: 0.001484 bestmemit:    1.978820  -44.514297    1.000000    0.000000  600.071976
Iteration: 85 bestvalit: 0.001484 bestmemit:    1.978820  -44.514297    1.000000    0.000000  600.071976
Iteration: 86 bestvalit: 0.001484 bestmemit:    1.978820  -44.514297    1.000000    0.000000  600.071976
Iteration: 87 bestvalit: 0.001484 bestmemit:    1.978820  -44.514297    1.000000    0.000000  600.071976
Iteration: 88 bestvalit: 0.001484 bestmemit:    1.978820  -44.514297    1.000000    0.000000  600.071976
Iteration: 89 bestvalit: 0.001484 bestmemit:    1.978820  -44.514297    1.000000    0.000000  600.071976
Iteration: 90 bestvalit: 0.001484 bestmemit:    1.978820  -44.514297    1.000000    0.000000  600.071976
Iteration: 91 bestvalit: 0.001484 bestmemit:    1.978820  -44.514297    1.000000    0.000000  600.071976
Iteration: 92 bestvalit: 0.001484 bestmemit:    1.978820  -44.514297    1.000000    0.000000  600.071976
Iteration: 93 bestvalit: 0.001484 bestmemit:    1.978820  -44.514297    1.000000    0.000000  600.071976
Iteration: 94 bestvalit: 0.001484 bestmemit:    1.978820  -44.514297    1.000000    0.000000  600.071976
Iteration: 95 bestvalit: 0.001484 bestmemit:    1.978820  -44.514297    1.000000    0.000000  600.071976
Iteration: 96 bestvalit: 0.001484 bestmemit:    1.978820  -44.514297    1.000000    0.000000  600.071976
Iteration: 97 bestvalit: 0.001484 bestmemit:    1.978820  -44.514297    1.000000    0.000000  600.071976
Iteration: 98 bestvalit: 0.001484 bestmemit:    1.978820  -44.514297    1.000000    0.000000  600.071976
Iteration: 99 bestvalit: 0.001484 bestmemit:    1.978820  -44.514297    1.000000    0.000000  600.071976
Iteration: 100 bestvalit: 0.001473 bestmemit:    1.909150  -18.665128    1.000000    0.000000  595.755851
Iteration: 101 bestvalit: 0.001473 bestmemit:    1.909150  -18.665128    1.000000    0.000000  595.755851
Iteration: 102 bestvalit: 0.001473 bestmemit:    1.909150  -18.665128    1.000000    0.000000  595.755851
Iteration: 103 bestvalit: 0.001473 bestmemit:    1.909150  -18.665128    1.000000    0.000000  595.755851
Iteration: 104 bestvalit: 0.001473 bestmemit:    1.909150  -18.665128    1.000000    0.000000  595.755851
Iteration: 105 bestvalit: 0.001473 bestmemit:    1.909150  -18.665128    1.000000    0.000000  595.755851
Iteration: 106 bestvalit: 0.001473 bestmemit:    1.909150  -18.665128    1.000000    0.000000  595.755851
Iteration: 107 bestvalit: 0.001473 bestmemit:    1.909150  -18.665128    1.000000    0.000000  595.755851
Iteration: 108 bestvalit: 0.001473 bestmemit:    1.909150  -18.665128    1.000000    0.000000  595.755851
Iteration: 109 bestvalit: 0.001473 bestmemit:    1.909150  -18.665128    1.000000    0.000000  595.755851
Iteration: 110 bestvalit: 0.001473 bestmemit:    1.909150  -18.665128    1.000000    0.000000  595.755851
Iteration: 111 bestvalit: 0.001473 bestmemit:    1.909150  -18.665128    1.000000    0.000000  595.755851
Iteration: 112 bestvalit: 0.001473 bestmemit:    1.909150  -18.665128    1.000000    0.000000  595.755851
Iteration: 113 bestvalit: 0.001473 bestmemit:    1.909150  -18.665128    1.000000    0.000000  595.755851
Iteration: 114 bestvalit: 0.001473 bestmemit:    1.909150  -18.665128    1.000000    0.000000  595.755851
Iteration: 115 bestvalit: 0.001473 bestmemit:    1.909150  -18.665128    1.000000    0.000000  595.755851
Iteration: 116 bestvalit: 0.001473 bestmemit:    2.237994  -12.990538    1.000000    0.000000  593.646342
Iteration: 117 bestvalit: 0.001473 bestmemit:    2.237994  -12.990538    1.000000    0.000000  593.646342
Iteration: 118 bestvalit: 0.001473 bestmemit:    2.237994  -12.990538    1.000000    0.000000  593.646342
Iteration: 119 bestvalit: 0.001473 bestmemit:    2.237994  -12.990538    1.000000    0.000000  593.646342
Iteration: 120 bestvalit: 0.001473 bestmemit:    2.237994  -12.990538    1.000000    0.000000  593.646342
Iteration: 121 bestvalit: 0.001473 bestmemit:    2.237994  -12.990538    1.000000    0.000000  593.646342
Iteration: 122 bestvalit: 0.001473 bestmemit:    2.237994  -12.990538    1.000000    0.000000  593.646342
Iteration: 123 bestvalit: 0.001473 bestmemit:    2.237994  -12.990538    1.000000    0.000000  593.646342
Iteration: 124 bestvalit: 0.001473 bestmemit:    2.237994  -12.990538    1.000000    0.000000  593.646342
Iteration: 125 bestvalit: 0.001473 bestmemit:    2.237994  -12.990538    1.000000    0.000000  593.646342
Iteration: 126 bestvalit: 0.001473 bestmemit:    2.237994  -12.990538    1.000000    0.000000  593.646342
Iteration: 127 bestvalit: 0.001473 bestmemit:    2.237994  -12.990538    1.000000    0.000000  593.646342
Iteration: 128 bestvalit: 0.001473 bestmemit:    2.237994  -12.990538    1.000000    0.000000  593.646342
Iteration: 129 bestvalit: 0.001473 bestmemit:    2.237994  -12.990538    1.000000    0.000000  593.646342
Iteration: 130 bestvalit: 0.001473 bestmemit:    2.237994  -12.990538    1.000000    0.000000  593.646342
Iteration: 131 bestvalit: 0.001473 bestmemit:    2.237994  -12.990538    1.000000    0.000000  593.646342
Iteration: 132 bestvalit: 0.001473 bestmemit:    2.237994  -12.990538    1.000000    0.000000  593.646342
Iteration: 133 bestvalit: 0.001473 bestmemit:    2.237994  -12.990538    1.000000    0.000000  593.646342
Iteration: 134 bestvalit: 0.001473 bestmemit:    2.237994  -12.990538    1.000000    0.000000  593.646342
Iteration: 135 bestvalit: 0.001473 bestmemit:    2.237994  -12.990538    1.000000    0.000000  593.646342
Iteration: 136 bestvalit: 0.001473 bestmemit:    2.237994  -12.990538    1.000000    0.000000  593.646342
Iteration: 137 bestvalit: 0.001473 bestmemit:    2.237994  -12.990538    1.000000    0.000000  593.646342
Iteration: 138 bestvalit: 0.001473 bestmemit:    2.237994  -12.990538    1.000000    0.000000  593.646342
Iteration: 139 bestvalit: 0.001473 bestmemit:    2.237994  -12.990538    1.000000    0.000000  593.646342
Iteration: 140 bestvalit: 0.001473 bestmemit:    2.237994  -12.990538    1.000000    0.000000  593.646342
Iteration: 141 bestvalit: 0.001473 bestmemit:    2.237994  -12.990538    1.000000    0.000000  593.646342
Iteration: 142 bestvalit: 0.001473 bestmemit:    2.237994  -12.990538    1.000000    0.000000  593.646342
Iteration: 143 bestvalit: 0.001473 bestmemit:    2.237994  -12.990538    1.000000    0.000000  593.646342
Iteration: 144 bestvalit: 0.001473 bestmemit:    2.237994  -12.990538    1.000000    0.000000  593.646342
Iteration: 145 bestvalit: 0.001473 bestmemit:    2.237994  -12.990538    1.000000    0.000000  593.646342
Iteration: 146 bestvalit: 0.001473 bestmemit:    2.237994  -12.990538    1.000000    0.000000  593.646342
Iteration: 147 bestvalit: 0.001473 bestmemit:    2.237994  -12.990538    1.000000    0.000000  593.646342
Iteration: 148 bestvalit: 0.001473 bestmemit:    2.237994  -12.990538    1.000000    0.000000  593.646342
Iteration: 149 bestvalit: 0.001473 bestmemit:    2.237994  -12.990538    1.000000    0.000000  593.646342
Iteration: 150 bestvalit: 0.001473 bestmemit:    2.237994  -12.990538    1.000000    0.000000  593.646342
Iteration: 151 bestvalit: 0.001473 bestmemit:    2.237994  -12.990538    1.000000    0.000000  593.646342
Iteration: 152 bestvalit: 0.001473 bestmemit:    2.237994  -12.990538    1.000000    0.000000  593.646342
Iteration: 153 bestvalit: 0.001473 bestmemit:    2.237994  -12.990538    1.000000    0.000000  593.646342
Iteration: 154 bestvalit: 0.001473 bestmemit:    2.237994  -12.990538    1.000000    0.000000  593.646342
Iteration: 155 bestvalit: 0.001473 bestmemit:    2.237994  -12.990538    1.000000    0.000000  593.646342
Iteration: 156 bestvalit: 0.001473 bestmemit:    2.237994  -12.990538    1.000000    0.000000  593.646342
Iteration: 157 bestvalit: 0.001473 bestmemit:    2.237994  -12.990538    1.000000    0.000000  593.646342
Iteration: 158 bestvalit: 0.001473 bestmemit:    2.237994  -12.990538    1.000000    0.000000  593.646342
Iteration: 159 bestvalit: 0.001473 bestmemit:    2.237994  -12.990538    1.000000    0.000000  593.646342
Iteration: 160 bestvalit: 0.001473 bestmemit:    2.237994  -12.990538    1.000000    0.000000  593.646342
Iteration: 161 bestvalit: 0.001473 bestmemit:    2.237994  -12.990538    1.000000    0.000000  593.646342
Iteration: 162 bestvalit: 0.001473 bestmemit:    2.237994  -12.990538    1.000000    0.000000  593.646342
Iteration: 163 bestvalit: 0.001473 bestmemit:    2.237994  -12.990538    1.000000    0.000000  593.646342
Iteration: 164 bestvalit: 0.001473 bestmemit:    2.237994  -12.990538    1.000000    0.000000  593.646342
Iteration: 165 bestvalit: 0.001473 bestmemit:    2.237994  -12.990538    1.000000    0.000000  593.646342
Iteration: 166 bestvalit: 0.001473 bestmemit:    2.237994  -12.990538    1.000000    0.000000  593.646342
Iteration: 167 bestvalit: 0.001473 bestmemit:    2.237994  -12.990538    1.000000    0.000000  593.646342
Iteration: 168 bestvalit: 0.001473 bestmemit:    2.237994  -12.990538    1.000000    0.000000  593.646342
Iteration: 169 bestvalit: 0.001473 bestmemit:    2.237994  -12.990538    1.000000    0.000000  593.646342
Iteration: 170 bestvalit: 0.001473 bestmemit:    2.237994  -12.990538    1.000000    0.000000  593.646342
Iteration: 171 bestvalit: 0.001473 bestmemit:    2.237994  -12.990538    1.000000    0.000000  593.646342
Iteration: 172 bestvalit: 0.001473 bestmemit:    2.237994  -12.990538    1.000000    0.000000  593.646342
Iteration: 173 bestvalit: 0.001473 bestmemit:    2.237994  -12.990538    1.000000    0.000000  593.646342
Iteration: 174 bestvalit: 0.001473 bestmemit:    2.237994  -12.990538    1.000000    0.000000  593.646342
Iteration: 175 bestvalit: 0.001473 bestmemit:    2.237994  -12.990538    1.000000    0.000000  593.646342
Iteration: 176 bestvalit: 0.001473 bestmemit:    2.237994  -12.990538    1.000000    0.000000  593.646342
Iteration: 177 bestvalit: 0.001473 bestmemit:    2.237994  -12.990538    1.000000    0.000000  593.646342
Iteration: 178 bestvalit: 0.001473 bestmemit:    2.237994  -12.990538    1.000000    0.000000  593.646342
Iteration: 179 bestvalit: 0.001473 bestmemit:    2.237994  -12.990538    1.000000    0.000000  593.646342
Iteration: 180 bestvalit: 0.001473 bestmemit:    2.237994  -12.990538    1.000000    0.000000  593.646342
Iteration: 181 bestvalit: 0.001473 bestmemit:    2.237994  -12.990538    1.000000    0.000000  593.646342
Iteration: 182 bestvalit: 0.001473 bestmemit:    2.237994  -12.990538    1.000000    0.000000  593.646342
Iteration: 183 bestvalit: 0.001473 bestmemit:    2.237994  -12.990538    1.000000    0.000000  593.646342
Iteration: 184 bestvalit: 0.001473 bestmemit:    2.237994  -12.990538    1.000000    0.000000  593.646342
Iteration: 185 bestvalit: 0.001473 bestmemit:    2.237994  -12.990538    1.000000    0.000000  593.646342
Iteration: 186 bestvalit: 0.001473 bestmemit:    2.237994  -12.990538    1.000000    0.000000  593.646342
Iteration: 187 bestvalit: 0.001473 bestmemit:    2.237994  -12.990538    1.000000    0.000000  593.646342
Iteration: 188 bestvalit: 0.001473 bestmemit:    2.237994  -12.990538    1.000000    0.000000  593.646342
Iteration: 189 bestvalit: 0.001473 bestmemit:    2.237994  -12.990538    1.000000    0.000000  593.646342
Iteration: 190 bestvalit: 0.001473 bestmemit:    2.237994  -12.990538    1.000000    0.000000  593.646342
Iteration: 191 bestvalit: 0.001473 bestmemit:    2.237994  -12.990538    1.000000    0.000000  593.646342
Iteration: 192 bestvalit: 0.001473 bestmemit:    2.237994  -12.990538    1.000000    0.000000  593.646342
Iteration: 193 bestvalit: 0.001473 bestmemit:    2.237994  -12.990538    1.000000    0.000000  593.646342
Iteration: 194 bestvalit: 0.001473 bestmemit:    2.237994  -12.990538    1.000000    0.000000  593.646342
Iteration: 195 bestvalit: 0.001473 bestmemit:    2.237994  -12.990538    1.000000    0.000000  593.646342
Iteration: 196 bestvalit: 0.001473 bestmemit:    2.237994  -12.990538    1.000000    0.000000  593.646342
Iteration: 197 bestvalit: 0.001473 bestmemit:    2.237994  -12.990538    1.000000    0.000000  593.646342
Iteration: 198 bestvalit: 0.001473 bestmemit:    2.237994  -12.990538    1.000000    0.000000  593.646342
Iteration: 199 bestvalit: 0.001473 bestmemit:    2.237994  -12.990538    1.000000    0.000000  593.646342
Iteration: 200 bestvalit: 0.001473 bestmemit:    2.237994  -12.990538    1.000000    0.000000  593.646342
Iteration: 201 bestvalit: 0.001473 bestmemit:    2.237994  -12.990538    1.000000    0.000000  593.646342
Iteration: 202 bestvalit: 0.001473 bestmemit:    2.237994  -12.990538    1.000000    0.000000  593.646342
Iteration: 203 bestvalit: 0.001473 bestmemit:    2.237994  -12.990538    1.000000    0.000000  593.646342
Iteration: 204 bestvalit: 0.001473 bestmemit:    2.237994  -12.990538    1.000000    0.000000  593.646342
Iteration: 205 bestvalit: 0.001473 bestmemit:    2.237994  -12.990538    1.000000    0.000000  593.646342
Iteration: 206 bestvalit: 0.001473 bestmemit:    2.237994  -12.990538    1.000000    0.000000  593.646342
Iteration: 207 bestvalit: 0.001473 bestmemit:    2.237994  -12.990538    1.000000    0.000000  593.646342
Iteration: 208 bestvalit: 0.001473 bestmemit:    2.237994  -12.990538    1.000000    0.000000  593.646342
Iteration: 209 bestvalit: 0.001473 bestmemit:    2.237994  -12.990538    1.000000    0.000000  593.646342
Iteration: 210 bestvalit: 0.001473 bestmemit:    2.237994  -12.990538    1.000000    0.000000  593.646342
Iteration: 211 bestvalit: 0.001473 bestmemit:    2.237994  -12.990538    1.000000    0.000000  593.646342
Iteration: 212 bestvalit: 0.001473 bestmemit:    2.237994  -12.990538    1.000000    0.000000  593.646342
Iteration: 213 bestvalit: 0.001473 bestmemit:    2.237994  -12.990538    1.000000    0.000000  593.646342
Iteration: 214 bestvalit: 0.001473 bestmemit:    2.237994  -12.990538    1.000000    0.000000  593.646342
Iteration: 215 bestvalit: 0.001473 bestmemit:    2.237994  -12.990538    1.000000    0.000000  593.646342
Iteration: 216 bestvalit: 0.001473 bestmemit:    2.237994  -12.990538    1.000000    0.000000  593.646342
Iteration: 217 bestvalit: 0.001473 bestmemit:    2.237994  -12.990538    1.000000    0.000000  593.646342

***** summary of DEoptim object ***** 
best member   :  2.23799 -12.99054 1 0 593.6463 
best value    :  0.00147 
after         :  217 generations 
fn evaluated  :  436 times 
*************************************
