SLURM_JOB_ID: 55336508
SLURM_JOB_USER: vsc34066
SLURM_JOB_ACCOUNT: lp_desenderlab
SLURM_JOB_NAME: fit_alternating_fb_beta_learn.slurm
SLURM_CLUSTER_NAME: genius
SLURM_JOB_PARTITION: batch
SLURM_ARRAY_JOB_ID: 55336494
SLURM_ARRAY_TASK_ID: 14
SLURM_NNODES: 2
SLURM_NODELIST: r22i13n[13,23]
SLURM_JOB_CPUS_PER_NODE: 4(x2)
Date: Tue Nov  7 16:44:03 CET 2023
Walltime: 00-23:00:00
========================================================================
Iteration: 1 bestvalit: 0.005761 bestmemit:   23.125578  -58.685456    1.000000    0.000000  852.960136
Iteration: 2 bestvalit: 0.004096 bestmemit:   13.861611   -6.388471    1.000000    0.000000  967.597224
Iteration: 3 bestvalit: 0.004096 bestmemit:   13.861611   -6.388471    1.000000    0.000000  967.597224
Iteration: 4 bestvalit: 0.004096 bestmemit:   13.861611   -6.388471    1.000000    0.000000  967.597224
Iteration: 5 bestvalit: 0.004096 bestmemit:   13.861611   -6.388471    1.000000    0.000000  967.597224
Iteration: 6 bestvalit: 0.003896 bestmemit:   13.861611   -6.388471    1.000000    0.000000  967.597224
Iteration: 7 bestvalit: 0.002639 bestmemit:    9.001203  -58.685456    1.000000    0.000000  852.960136
Iteration: 8 bestvalit: 0.002639 bestmemit:    9.001203  -58.685456    1.000000    0.000000  852.960136
Iteration: 9 bestvalit: 0.002639 bestmemit:    9.001203  -58.685456    1.000000    0.000000  852.960136
Iteration: 10 bestvalit: 0.001871 bestmemit:    5.353184  -97.936076    1.000000    0.000000  753.678103
Iteration: 11 bestvalit: 0.001871 bestmemit:    5.353184  -97.936076    1.000000    0.000000  753.678103
Iteration: 12 bestvalit: 0.001822 bestmemit:    3.138441    2.722761    1.000000    0.000000  830.082506
Iteration: 13 bestvalit: 0.001822 bestmemit:    3.138441    2.722761    1.000000    0.000000  830.082506
Iteration: 14 bestvalit: 0.001822 bestmemit:    3.138441    2.722761    1.000000    0.000000  830.082506
Iteration: 15 bestvalit: 0.001610 bestmemit:    0.105206   41.746830    1.000000    0.000000  753.678103
Iteration: 16 bestvalit: 0.001610 bestmemit:    0.105206   41.746830    1.000000    0.000000  753.678103
Iteration: 17 bestvalit: 0.001610 bestmemit:    0.105206   41.746830    1.000000    0.000000  753.678103
Iteration: 18 bestvalit: 0.001575 bestmemit:    1.658955  -38.714087    1.000000    0.000000  708.300545
Iteration: 19 bestvalit: 0.001572 bestmemit:    1.658955   -5.472050    1.000000    0.000000  708.300545
Iteration: 20 bestvalit: 0.001572 bestmemit:    1.658955   -5.472050    1.000000    0.000000  708.300545
Iteration: 21 bestvalit: 0.001572 bestmemit:    1.658955   -5.472050    1.000000    0.000000  708.300545
Iteration: 22 bestvalit: 0.001566 bestmemit:    1.658955   -5.472050    1.000000    0.000000  708.300545
Iteration: 23 bestvalit: 0.001566 bestmemit:    1.658955   -5.472050    1.000000    0.000000  708.300545
Iteration: 24 bestvalit: 0.001566 bestmemit:    1.658955   -5.472050    1.000000    0.000000  708.300545
Iteration: 25 bestvalit: 0.001557 bestmemit:    1.638355    9.631585    1.000000    0.000000  744.734446
Iteration: 26 bestvalit: 0.001557 bestmemit:    1.638355    9.631585    1.000000    0.000000  744.734446
Iteration: 27 bestvalit: 0.001557 bestmemit:    1.638355    9.631585    1.000000    0.000000  744.734446
Iteration: 28 bestvalit: 0.001536 bestmemit:    2.583323   11.820368    1.000000    0.000000  716.230488
Iteration: 29 bestvalit: 0.001536 bestmemit:    2.583323   11.820368    1.000000    0.000000  716.230488
Iteration: 30 bestvalit: 0.001536 bestmemit:    2.583323   11.820368    1.000000    0.000000  716.230488
Iteration: 31 bestvalit: 0.001536 bestmemit:    2.583323   11.820368    1.000000    0.000000  716.230488
Iteration: 32 bestvalit: 0.001530 bestmemit:    1.948607   48.231516    1.000000    0.000000  724.329168
Iteration: 33 bestvalit: 0.001507 bestmemit:    2.425347   57.403970    1.000000    0.000000  737.631522
Iteration: 34 bestvalit: 0.001507 bestmemit:    2.425347   57.403970    1.000000    0.000000  737.631522
Iteration: 35 bestvalit: 0.001507 bestmemit:    2.425347   57.403970    1.000000    0.000000  737.631522
Iteration: 36 bestvalit: 0.001507 bestmemit:    2.425347   57.403970    1.000000    0.000000  737.631522
Iteration: 37 bestvalit: 0.001507 bestmemit:    2.425347   57.403970    1.000000    0.000000  737.631522
Iteration: 38 bestvalit: 0.001507 bestmemit:    2.425347   57.403970    1.000000    0.000000  737.631522
Iteration: 39 bestvalit: 0.001507 bestmemit:    2.425347   57.403970    1.000000    0.000000  737.631522
Iteration: 40 bestvalit: 0.001507 bestmemit:    2.425347   57.403970    1.000000    0.000000  737.631522
Iteration: 41 bestvalit: 0.001507 bestmemit:    2.425347   57.403970    1.000000    0.000000  737.631522
Iteration: 42 bestvalit: 0.001507 bestmemit:    2.425347   57.403970    1.000000    0.000000  737.631522
Iteration: 43 bestvalit: 0.001507 bestmemit:    2.425347   57.403970    1.000000    0.000000  737.631522
Iteration: 44 bestvalit: 0.001507 bestmemit:    2.425347   57.403970    1.000000    0.000000  737.631522
Iteration: 45 bestvalit: 0.001507 bestmemit:    2.425347   57.403970    1.000000    0.000000  737.631522
Iteration: 46 bestvalit: 0.001507 bestmemit:    2.425347   57.403970    1.000000    0.000000  737.631522
Iteration: 47 bestvalit: 0.001507 bestmemit:    2.425347   57.403970    1.000000    0.000000  737.631522
Iteration: 48 bestvalit: 0.001507 bestmemit:    2.425347   57.403970    1.000000    0.000000  737.631522
Iteration: 49 bestvalit: 0.001507 bestmemit:    2.425347   57.403970    1.000000    0.000000  737.631522
Iteration: 50 bestvalit: 0.001507 bestmemit:    2.425347   57.403970    1.000000    0.000000  737.631522
Iteration: 51 bestvalit: 0.001507 bestmemit:    2.425347   57.403970    1.000000    0.000000  737.631522
Iteration: 52 bestvalit: 0.001507 bestmemit:    2.425347   57.403970    1.000000    0.000000  737.631522
Iteration: 53 bestvalit: 0.001507 bestmemit:    2.425347   57.403970    1.000000    0.000000  737.631522
Iteration: 54 bestvalit: 0.001507 bestmemit:    2.425347   57.403970    1.000000    0.000000  737.631522
Iteration: 55 bestvalit: 0.001507 bestmemit:    2.425347   57.403970    1.000000    0.000000  737.631522
Iteration: 56 bestvalit: 0.001507 bestmemit:    2.425347   57.403970    1.000000    0.000000  737.631522
Iteration: 57 bestvalit: 0.001507 bestmemit:    2.425347   57.403970    1.000000    0.000000  737.631522
Iteration: 58 bestvalit: 0.001507 bestmemit:    2.425347   57.403970    1.000000    0.000000  737.631522
Iteration: 59 bestvalit: 0.001507 bestmemit:    2.425347   57.403970    1.000000    0.000000  737.631522
Iteration: 60 bestvalit: 0.001507 bestmemit:    2.425347   57.403970    1.000000    0.000000  737.631522
Iteration: 61 bestvalit: 0.001507 bestmemit:    2.425347   57.403970    1.000000    0.000000  737.631522
Iteration: 62 bestvalit: 0.001507 bestmemit:    2.425347   57.403970    1.000000    0.000000  737.631522
Iteration: 63 bestvalit: 0.001507 bestmemit:    2.425347   57.403970    1.000000    0.000000  737.631522
Iteration: 64 bestvalit: 0.001507 bestmemit:    2.425347   57.403970    1.000000    0.000000  737.631522
Iteration: 65 bestvalit: 0.001507 bestmemit:    2.425347   57.403970    1.000000    0.000000  737.631522
Iteration: 66 bestvalit: 0.001507 bestmemit:    2.425347   57.403970    1.000000    0.000000  737.631522
Iteration: 67 bestvalit: 0.001507 bestmemit:    2.425347   57.403970    1.000000    0.000000  737.631522
Iteration: 68 bestvalit: 0.001507 bestmemit:    2.425347   57.403970    1.000000    0.000000  737.631522
Iteration: 69 bestvalit: 0.001507 bestmemit:    2.425347   57.403970    1.000000    0.000000  737.631522
Iteration: 70 bestvalit: 0.001507 bestmemit:    2.425347   57.403970    1.000000    0.000000  737.631522
Iteration: 71 bestvalit: 0.001507 bestmemit:    2.425347   57.403970    1.000000    0.000000  737.631522
Iteration: 72 bestvalit: 0.001507 bestmemit:    2.425347   57.403970    1.000000    0.000000  737.631522
Iteration: 73 bestvalit: 0.001507 bestmemit:    2.425347   57.403970    1.000000    0.000000  737.631522
Iteration: 74 bestvalit: 0.001507 bestmemit:    2.425347   57.403970    1.000000    0.000000  737.631522
Iteration: 75 bestvalit: 0.001499 bestmemit:    2.061275   37.408636    1.000000    0.000000  734.825106
Iteration: 76 bestvalit: 0.001499 bestmemit:    2.061275   37.408636    1.000000    0.000000  734.825106
Iteration: 77 bestvalit: 0.001499 bestmemit:    2.061275   37.408636    1.000000    0.000000  734.825106
Iteration: 78 bestvalit: 0.001499 bestmemit:    2.061275   37.408636    1.000000    0.000000  734.825106
Iteration: 79 bestvalit: 0.001498 bestmemit:    2.333621   47.766317    1.000000    0.000000  735.733412
Iteration: 80 bestvalit: 0.001498 bestmemit:    2.333621   47.766317    1.000000    0.000000  735.733412
Iteration: 81 bestvalit: 0.001498 bestmemit:    2.333621   47.766317    1.000000    0.000000  735.733412
Iteration: 82 bestvalit: 0.001498 bestmemit:    2.333621   47.766317    1.000000    0.000000  735.733412
Iteration: 83 bestvalit: 0.001498 bestmemit:    2.333621   47.766317    1.000000    0.000000  735.733412
Iteration: 84 bestvalit: 0.001498 bestmemit:    2.333621   47.766317    1.000000    0.000000  735.733412
Iteration: 85 bestvalit: 0.001498 bestmemit:    2.333621   47.766317    1.000000    0.000000  735.733412
Iteration: 86 bestvalit: 0.001498 bestmemit:    2.333621   47.766317    1.000000    0.000000  735.733412
Iteration: 87 bestvalit: 0.001498 bestmemit:    2.333621   47.766317    1.000000    0.000000  735.733412
Iteration: 88 bestvalit: 0.001498 bestmemit:    2.333621   47.766317    1.000000    0.000000  735.733412
Iteration: 89 bestvalit: 0.001498 bestmemit:    2.333621   47.766317    1.000000    0.000000  735.733412
Iteration: 90 bestvalit: 0.001498 bestmemit:    2.333621   47.766317    1.000000    0.000000  735.733412
Iteration: 91 bestvalit: 0.001498 bestmemit:    2.333621   47.766317    1.000000    0.000000  735.733412
Iteration: 92 bestvalit: 0.001498 bestmemit:    2.333621   47.766317    1.000000    0.000000  735.733412
Iteration: 93 bestvalit: 0.001498 bestmemit:    2.333621   47.766317    1.000000    0.000000  735.733412
Iteration: 94 bestvalit: 0.001498 bestmemit:    2.333621   47.766317    1.000000    0.000000  735.733412
Iteration: 95 bestvalit: 0.001498 bestmemit:    2.333621   47.766317    1.000000    0.000000  735.733412
Iteration: 96 bestvalit: 0.001498 bestmemit:    2.333621   47.766317    1.000000    0.000000  735.733412
Iteration: 97 bestvalit: 0.001498 bestmemit:    2.333621   47.766317    1.000000    0.000000  735.733412
Iteration: 98 bestvalit: 0.001498 bestmemit:    2.333621   47.766317    1.000000    0.000000  735.733412
Iteration: 99 bestvalit: 0.001498 bestmemit:    2.333621   47.766317    1.000000    0.000000  735.733412
Iteration: 100 bestvalit: 0.001498 bestmemit:    2.333621   47.766317    1.000000    0.000000  735.733412
Iteration: 101 bestvalit: 0.001498 bestmemit:    2.333621   47.766317    1.000000    0.000000  735.733412
Iteration: 102 bestvalit: 0.001498 bestmemit:    2.333621   47.766317    1.000000    0.000000  735.733412
Iteration: 103 bestvalit: 0.001498 bestmemit:    2.333621   47.766317    1.000000    0.000000  735.733412
Iteration: 104 bestvalit: 0.001498 bestmemit:    2.333621   47.766317    1.000000    0.000000  735.733412
Iteration: 105 bestvalit: 0.001498 bestmemit:    2.333621   47.766317    1.000000    0.000000  735.733412
Iteration: 106 bestvalit: 0.001498 bestmemit:    2.333621   47.766317    1.000000    0.000000  735.733412
Iteration: 107 bestvalit: 0.001498 bestmemit:    2.333621   47.766317    1.000000    0.000000  735.733412
Iteration: 108 bestvalit: 0.001498 bestmemit:    2.333621   47.766317    1.000000    0.000000  735.733412
Iteration: 109 bestvalit: 0.001498 bestmemit:    2.333621   47.766317    1.000000    0.000000  735.733412
Iteration: 110 bestvalit: 0.001498 bestmemit:    2.333621   47.766317    1.000000    0.000000  735.733412
Iteration: 111 bestvalit: 0.001498 bestmemit:    2.333621   47.766317    1.000000    0.000000  735.733412
Iteration: 112 bestvalit: 0.001498 bestmemit:    2.333621   47.766317    1.000000    0.000000  735.733412
Iteration: 113 bestvalit: 0.001498 bestmemit:    2.333621   47.766317    1.000000    0.000000  735.733412
Iteration: 114 bestvalit: 0.001498 bestmemit:    2.333621   47.766317    1.000000    0.000000  735.733412
Iteration: 115 bestvalit: 0.001498 bestmemit:    2.333621   47.766317    1.000000    0.000000  735.733412
Iteration: 116 bestvalit: 0.001498 bestmemit:    2.333621   47.766317    1.000000    0.000000  735.733412
Iteration: 117 bestvalit: 0.001498 bestmemit:    2.333621   47.766317    1.000000    0.000000  735.733412
Iteration: 118 bestvalit: 0.001498 bestmemit:    2.333621   47.766317    1.000000    0.000000  735.733412
Iteration: 119 bestvalit: 0.001498 bestmemit:    2.333621   47.766317    1.000000    0.000000  735.733412
Iteration: 120 bestvalit: 0.001498 bestmemit:    2.333621   47.766317    1.000000    0.000000  735.733412
Iteration: 121 bestvalit: 0.001498 bestmemit:    2.333621   47.766317    1.000000    0.000000  735.733412
Iteration: 122 bestvalit: 0.001498 bestmemit:    2.333621   47.766317    1.000000    0.000000  735.733412
Iteration: 123 bestvalit: 0.001498 bestmemit:    2.333621   47.766317    1.000000    0.000000  735.733412
Iteration: 124 bestvalit: 0.001498 bestmemit:    2.333621   47.766317    1.000000    0.000000  735.733412
Iteration: 125 bestvalit: 0.001498 bestmemit:    2.333621   47.766317    1.000000    0.000000  735.733412
Iteration: 126 bestvalit: 0.001498 bestmemit:    2.333621   47.766317    1.000000    0.000000  735.733412
Iteration: 127 bestvalit: 0.001498 bestmemit:    2.333621   47.766317    1.000000    0.000000  735.733412
Iteration: 128 bestvalit: 0.001498 bestmemit:    2.333621   47.766317    1.000000    0.000000  735.733412
Iteration: 129 bestvalit: 0.001498 bestmemit:    2.333621   47.766317    1.000000    0.000000  735.733412
Iteration: 130 bestvalit: 0.001498 bestmemit:    2.333621   47.766317    1.000000    0.000000  735.733412
Iteration: 131 bestvalit: 0.001498 bestmemit:    2.333621   47.766317    1.000000    0.000000  735.733412
Iteration: 132 bestvalit: 0.001498 bestmemit:    2.333621   47.766317    1.000000    0.000000  735.733412
Iteration: 133 bestvalit: 0.001498 bestmemit:    2.333621   47.766317    1.000000    0.000000  735.733412
Iteration: 134 bestvalit: 0.001498 bestmemit:    2.333621   47.766317    1.000000    0.000000  735.733412
Iteration: 135 bestvalit: 0.001498 bestmemit:    2.333621   47.766317    1.000000    0.000000  735.733412
Iteration: 136 bestvalit: 0.001498 bestmemit:    2.333621   47.766317    1.000000    0.000000  735.733412
Iteration: 137 bestvalit: 0.001498 bestmemit:    2.333621   47.766317    1.000000    0.000000  735.733412
Iteration: 138 bestvalit: 0.001498 bestmemit:    2.333621   47.766317    1.000000    0.000000  735.733412
Iteration: 139 bestvalit: 0.001498 bestmemit:    2.333621   47.766317    1.000000    0.000000  735.733412
Iteration: 140 bestvalit: 0.001498 bestmemit:    2.333621   47.766317    1.000000    0.000000  735.733412
Iteration: 141 bestvalit: 0.001498 bestmemit:    2.333621   47.766317    1.000000    0.000000  735.733412
Iteration: 142 bestvalit: 0.001498 bestmemit:    2.333621   47.766317    1.000000    0.000000  735.733412
Iteration: 143 bestvalit: 0.001498 bestmemit:    2.333621   47.766317    1.000000    0.000000  735.733412
Iteration: 144 bestvalit: 0.001498 bestmemit:    2.333621   47.766317    1.000000    0.000000  735.733412
Iteration: 145 bestvalit: 0.001498 bestmemit:    2.333621   47.766317    1.000000    0.000000  735.733412
Iteration: 146 bestvalit: 0.001498 bestmemit:    2.333621   47.766317    1.000000    0.000000  735.733412
Iteration: 147 bestvalit: 0.001498 bestmemit:    2.333621   47.766317    1.000000    0.000000  735.733412
Iteration: 148 bestvalit: 0.001498 bestmemit:    2.333621   47.766317    1.000000    0.000000  735.733412
Iteration: 149 bestvalit: 0.001498 bestmemit:    2.333621   47.766317    1.000000    0.000000  735.733412
Iteration: 150 bestvalit: 0.001498 bestmemit:    2.333621   47.766317    1.000000    0.000000  735.733412
Iteration: 151 bestvalit: 0.001498 bestmemit:    2.333621   47.766317    1.000000    0.000000  735.733412
Iteration: 152 bestvalit: 0.001498 bestmemit:    2.333621   47.766317    1.000000    0.000000  735.733412
Iteration: 153 bestvalit: 0.001498 bestmemit:    2.333621   47.766317    1.000000    0.000000  735.733412
Iteration: 154 bestvalit: 0.001498 bestmemit:    2.333621   47.766317    1.000000    0.000000  735.733412
Iteration: 155 bestvalit: 0.001498 bestmemit:    2.333621   47.766317    1.000000    0.000000  735.733412
Iteration: 156 bestvalit: 0.001498 bestmemit:    2.333621   47.766317    1.000000    0.000000  735.733412
Iteration: 157 bestvalit: 0.001487 bestmemit:    2.821450   13.404231    1.000000    0.000000  726.466173
Iteration: 158 bestvalit: 0.001487 bestmemit:    2.821450   13.404231    1.000000    0.000000  726.466173
Iteration: 159 bestvalit: 0.001487 bestmemit:    2.821450   13.404231    1.000000    0.000000  726.466173
Iteration: 160 bestvalit: 0.001487 bestmemit:    2.821450   13.404231    1.000000    0.000000  726.466173
Iteration: 161 bestvalit: 0.001487 bestmemit:    2.821450   13.404231    1.000000    0.000000  726.466173
Iteration: 162 bestvalit: 0.001487 bestmemit:    2.821450   13.404231    1.000000    0.000000  726.466173
Iteration: 163 bestvalit: 0.001487 bestmemit:    2.821450   13.404231    1.000000    0.000000  726.466173
Iteration: 164 bestvalit: 0.001487 bestmemit:    2.821450   13.404231    1.000000    0.000000  726.466173
Iteration: 165 bestvalit: 0.001487 bestmemit:    2.821450   13.404231    1.000000    0.000000  726.466173
Iteration: 166 bestvalit: 0.001487 bestmemit:    2.821450   13.404231    1.000000    0.000000  726.466173
Iteration: 167 bestvalit: 0.001487 bestmemit:    2.821450   13.404231    1.000000    0.000000  726.466173
Iteration: 168 bestvalit: 0.001487 bestmemit:    2.821450   13.404231    1.000000    0.000000  726.466173
Iteration: 169 bestvalit: 0.001487 bestmemit:    2.821450   13.404231    1.000000    0.000000  726.466173
Iteration: 170 bestvalit: 0.001487 bestmemit:    2.821450   13.404231    1.000000    0.000000  726.466173
Iteration: 171 bestvalit: 0.001487 bestmemit:    2.821450   13.404231    1.000000    0.000000  726.466173
Iteration: 172 bestvalit: 0.001487 bestmemit:    2.821450   13.404231    1.000000    0.000000  726.466173
Iteration: 173 bestvalit: 0.001487 bestmemit:    2.821450   13.404231    1.000000    0.000000  726.466173
Iteration: 174 bestvalit: 0.001487 bestmemit:    2.821450   13.404231    1.000000    0.000000  726.466173
Iteration: 175 bestvalit: 0.001487 bestmemit:    2.821450   13.404231    1.000000    0.000000  726.466173
Iteration: 176 bestvalit: 0.001487 bestmemit:    2.821450   13.404231    1.000000    0.000000  726.466173
Iteration: 177 bestvalit: 0.001487 bestmemit:    2.821450   13.404231    1.000000    0.000000  726.466173
Iteration: 178 bestvalit: 0.001487 bestmemit:    2.821450   13.404231    1.000000    0.000000  726.466173
Iteration: 179 bestvalit: 0.001487 bestmemit:    2.821450   13.404231    1.000000    0.000000  726.466173
Iteration: 180 bestvalit: 0.001487 bestmemit:    2.821450   13.404231    1.000000    0.000000  726.466173
Iteration: 181 bestvalit: 0.001487 bestmemit:    2.821450   13.404231    1.000000    0.000000  726.466173
Iteration: 182 bestvalit: 0.001487 bestmemit:    2.821450   13.404231    1.000000    0.000000  726.466173
Iteration: 183 bestvalit: 0.001487 bestmemit:    2.821450   13.404231    1.000000    0.000000  726.466173
Iteration: 184 bestvalit: 0.001487 bestmemit:    2.821450   13.404231    1.000000    0.000000  726.466173
Iteration: 185 bestvalit: 0.001487 bestmemit:    2.821450   13.404231    1.000000    0.000000  726.466173
Iteration: 186 bestvalit: 0.001487 bestmemit:    2.821450   13.404231    1.000000    0.000000  726.466173
Iteration: 187 bestvalit: 0.001487 bestmemit:    2.821450   13.404231    1.000000    0.000000  726.466173
Iteration: 188 bestvalit: 0.001487 bestmemit:    2.821450   13.404231    1.000000    0.000000  726.466173
Iteration: 189 bestvalit: 0.001487 bestmemit:    2.821450   13.404231    1.000000    0.000000  726.466173
Iteration: 190 bestvalit: 0.001487 bestmemit:    2.821450   13.404231    1.000000    0.000000  726.466173
Iteration: 191 bestvalit: 0.001487 bestmemit:    2.821450   13.404231    1.000000    0.000000  726.466173
Iteration: 192 bestvalit: 0.001487 bestmemit:    2.821450   13.404231    1.000000    0.000000  726.466173
Iteration: 193 bestvalit: 0.001487 bestmemit:    2.821450   13.404231    1.000000    0.000000  726.466173
Iteration: 194 bestvalit: 0.001487 bestmemit:    2.821450   13.404231    1.000000    0.000000  726.466173
Iteration: 195 bestvalit: 0.001487 bestmemit:    2.821450   13.404231    1.000000    0.000000  726.466173
Iteration: 196 bestvalit: 0.001487 bestmemit:    2.821450   13.404231    1.000000    0.000000  726.466173
Iteration: 197 bestvalit: 0.001487 bestmemit:    2.821450   13.404231    1.000000    0.000000  726.466173
Iteration: 198 bestvalit: 0.001487 bestmemit:    2.821450   13.404231    1.000000    0.000000  726.466173
Iteration: 199 bestvalit: 0.001487 bestmemit:    2.821450   13.404231    1.000000    0.000000  726.466173
Iteration: 200 bestvalit: 0.001487 bestmemit:    2.821450   13.404231    1.000000    0.000000  726.466173
Iteration: 201 bestvalit: 0.001487 bestmemit:    2.821450   13.404231    1.000000    0.000000  726.466173
Iteration: 202 bestvalit: 0.001487 bestmemit:    2.821450   13.404231    1.000000    0.000000  726.466173
Iteration: 203 bestvalit: 0.001487 bestmemit:    2.821450   13.404231    1.000000    0.000000  726.466173
Iteration: 204 bestvalit: 0.001487 bestmemit:    2.821450   13.404231    1.000000    0.000000  726.466173
Iteration: 205 bestvalit: 0.001487 bestmemit:    2.821450   13.404231    1.000000    0.000000  726.466173
Iteration: 206 bestvalit: 0.001487 bestmemit:    2.821450   13.404231    1.000000    0.000000  726.466173
Iteration: 207 bestvalit: 0.001487 bestmemit:    2.821450   13.404231    1.000000    0.000000  726.466173
Iteration: 208 bestvalit: 0.001487 bestmemit:    2.821450   13.404231    1.000000    0.000000  726.466173
Iteration: 209 bestvalit: 0.001487 bestmemit:    2.821450   13.404231    1.000000    0.000000  726.466173
Iteration: 210 bestvalit: 0.001487 bestmemit:    2.821450   13.404231    1.000000    0.000000  726.466173
Iteration: 211 bestvalit: 0.001487 bestmemit:    2.821450   13.404231    1.000000    0.000000  726.466173
Iteration: 212 bestvalit: 0.001487 bestmemit:    2.821450   13.404231    1.000000    0.000000  726.466173
Iteration: 213 bestvalit: 0.001487 bestmemit:    2.821450   13.404231    1.000000    0.000000  726.466173
Iteration: 214 bestvalit: 0.001487 bestmemit:    2.821450   13.404231    1.000000    0.000000  726.466173
Iteration: 215 bestvalit: 0.001487 bestmemit:    2.821450   13.404231    1.000000    0.000000  726.466173
Iteration: 216 bestvalit: 0.001487 bestmemit:    2.821450   13.404231    1.000000    0.000000  726.466173
Iteration: 217 bestvalit: 0.001487 bestmemit:    2.821450   13.404231    1.000000    0.000000  726.466173
Iteration: 218 bestvalit: 0.001487 bestmemit:    2.821450   13.404231    1.000000    0.000000  726.466173
Iteration: 219 bestvalit: 0.001487 bestmemit:    2.821450   13.404231    1.000000    0.000000  726.466173
Iteration: 220 bestvalit: 0.001487 bestmemit:    2.821450   13.404231    1.000000    0.000000  726.466173
Iteration: 221 bestvalit: 0.001487 bestmemit:    2.821450   13.404231    1.000000    0.000000  726.466173
Iteration: 222 bestvalit: 0.001487 bestmemit:    2.821450   13.404231    1.000000    0.000000  726.466173
Iteration: 223 bestvalit: 0.001487 bestmemit:    2.821450   13.404231    1.000000    0.000000  726.466173
Iteration: 224 bestvalit: 0.001487 bestmemit:    2.821450   13.404231    1.000000    0.000000  726.466173
Iteration: 225 bestvalit: 0.001487 bestmemit:    2.821450   13.404231    1.000000    0.000000  726.466173
Iteration: 226 bestvalit: 0.001487 bestmemit:    2.821450   13.404231    1.000000    0.000000  726.466173
Iteration: 227 bestvalit: 0.001487 bestmemit:    2.821450   13.404231    1.000000    0.000000  726.466173
Iteration: 228 bestvalit: 0.001487 bestmemit:    2.821450   13.404231    1.000000    0.000000  726.466173
Iteration: 229 bestvalit: 0.001487 bestmemit:    2.821450   13.404231    1.000000    0.000000  726.466173
Iteration: 230 bestvalit: 0.001487 bestmemit:    2.821450   13.404231    1.000000    0.000000  726.466173
Iteration: 231 bestvalit: 0.001487 bestmemit:    2.821450   13.404231    1.000000    0.000000  726.466173
Iteration: 232 bestvalit: 0.001487 bestmemit:    2.821450   13.404231    1.000000    0.000000  726.466173
Iteration: 233 bestvalit: 0.001487 bestmemit:    2.821450   13.404231    1.000000    0.000000  726.466173
Iteration: 234 bestvalit: 0.001487 bestmemit:    2.821450   13.404231    1.000000    0.000000  726.466173
Iteration: 235 bestvalit: 0.001487 bestmemit:    2.821450   13.404231    1.000000    0.000000  726.466173
Iteration: 236 bestvalit: 0.001487 bestmemit:    2.821450   13.404231    1.000000    0.000000  726.466173
Iteration: 237 bestvalit: 0.001487 bestmemit:    2.821450   13.404231    1.000000    0.000000  726.466173
Iteration: 238 bestvalit: 0.001487 bestmemit:    2.821450   13.404231    1.000000    0.000000  726.466173
Iteration: 239 bestvalit: 0.001487 bestmemit:    2.821450   13.404231    1.000000    0.000000  726.466173
Iteration: 240 bestvalit: 0.001487 bestmemit:    2.821450   13.404231    1.000000    0.000000  726.466173
Iteration: 241 bestvalit: 0.001487 bestmemit:    2.821450   13.404231    1.000000    0.000000  726.466173
Iteration: 242 bestvalit: 0.001487 bestmemit:    2.821450   13.404231    1.000000    0.000000  726.466173
Iteration: 243 bestvalit: 0.001487 bestmemit:    2.821450   13.404231    1.000000    0.000000  726.466173
Iteration: 244 bestvalit: 0.001487 bestmemit:    2.821450   13.404231    1.000000    0.000000  726.466173
Iteration: 245 bestvalit: 0.001487 bestmemit:    2.821450   13.404231    1.000000    0.000000  726.466173
Iteration: 246 bestvalit: 0.001487 bestmemit:    2.821450   13.404231    1.000000    0.000000  726.466173
Iteration: 247 bestvalit: 0.001487 bestmemit:    2.821450   13.404231    1.000000    0.000000  726.466173
Iteration: 248 bestvalit: 0.001487 bestmemit:    2.821450   13.404231    1.000000    0.000000  726.466173
Iteration: 249 bestvalit: 0.001487 bestmemit:    2.821450   13.404231    1.000000    0.000000  726.466173
Iteration: 250 bestvalit: 0.001487 bestmemit:    2.821450   13.404231    1.000000    0.000000  726.466173
Iteration: 251 bestvalit: 0.001487 bestmemit:    2.821450   13.404231    1.000000    0.000000  726.466173
Iteration: 252 bestvalit: 0.001487 bestmemit:    2.821450   13.404231    1.000000    0.000000  726.466173
Iteration: 253 bestvalit: 0.001487 bestmemit:    2.821450   13.404231    1.000000    0.000000  726.466173
Iteration: 254 bestvalit: 0.001487 bestmemit:    2.821450   13.404231    1.000000    0.000000  726.466173
Iteration: 255 bestvalit: 0.001487 bestmemit:    2.821450   13.404231    1.000000    0.000000  726.466173
Iteration: 256 bestvalit: 0.001487 bestmemit:    2.821450   13.404231    1.000000    0.000000  726.466173
Iteration: 257 bestvalit: 0.001487 bestmemit:    2.821450   13.404231    1.000000    0.000000  726.466173
Iteration: 258 bestvalit: 0.001487 bestmemit:    2.821450   13.404231    1.000000    0.000000  726.466173

***** summary of DEoptim object ***** 
best member   :  2.82145 13.40423 1 0 726.4662 
best value    :  0.00149 
after         :  258 generations 
fn evaluated  :  518 times 
*************************************
