SLURM_JOB_ID: 55336532
SLURM_JOB_USER: vsc34066
SLURM_JOB_ACCOUNT: lp_desenderlab
SLURM_JOB_NAME: fit_alternating_fb_beta_learn.slurm
SLURM_CLUSTER_NAME: genius
SLURM_JOB_PARTITION: batch
SLURM_ARRAY_JOB_ID: 55336494
SLURM_ARRAY_TASK_ID: 38
SLURM_NNODES: 1
SLURM_NODELIST: r23i27n09
SLURM_JOB_CPUS_PER_NODE: 8
Date: Tue Nov  7 16:43:54 CET 2023
Walltime: 00-23:00:00
========================================================================
Iteration: 1 bestvalit: 0.006283 bestmemit:   11.542931  -93.923142    1.000000    0.000000 1100.496045
Iteration: 2 bestvalit: 0.006265 bestmemit:   11.542931   56.469329    1.000000    0.000000 1100.496045
Iteration: 3 bestvalit: 0.003467 bestmemit:   15.494443  -68.271273    1.000000    0.000000  566.914139
Iteration: 4 bestvalit: 0.003467 bestmemit:   15.494443  -68.271273    1.000000    0.000000  566.914139
Iteration: 5 bestvalit: 0.003467 bestmemit:   15.494443  -68.271273    1.000000    0.000000  566.914139
Iteration: 6 bestvalit: 0.001726 bestmemit:    4.439569   65.875953    1.000000    0.000000  707.826123
Iteration: 7 bestvalit: 0.001726 bestmemit:    4.439569   65.875953    1.000000    0.000000  707.826123
Iteration: 8 bestvalit: 0.001369 bestmemit:    1.999552   71.090624    1.000000    0.000000  657.742447
Iteration: 9 bestvalit: 0.001362 bestmemit:    1.999552   27.668689    1.000000    0.000000  657.742447
Iteration: 10 bestvalit: 0.001355 bestmemit:    1.999552   27.668689    1.000000    0.000000  657.742447
Iteration: 11 bestvalit: 0.001355 bestmemit:    1.999552   27.668689    1.000000    0.000000  657.742447
Iteration: 12 bestvalit: 0.001355 bestmemit:    1.999552   27.668689    1.000000    0.000000  657.742447
Iteration: 13 bestvalit: 0.001292 bestmemit:    1.999552   27.668689    1.000000    0.000000  657.742447
Iteration: 14 bestvalit: 0.001292 bestmemit:    1.999552   27.668689    1.000000    0.000000  657.742447
Iteration: 15 bestvalit: 0.001292 bestmemit:    1.999552   27.668689    1.000000    0.000000  657.742447
Iteration: 16 bestvalit: 0.001280 bestmemit:    1.835141  -29.021532    1.000000    0.000000  640.516974
Iteration: 17 bestvalit: 0.001280 bestmemit:    1.835141  -29.021532    1.000000    0.000000  640.516974
Iteration: 18 bestvalit: 0.001228 bestmemit:    1.835141  -29.021532    1.000000    0.000000  640.516974
Iteration: 19 bestvalit: 0.001228 bestmemit:    1.835141  -29.021532    1.000000    0.000000  640.516974
Iteration: 20 bestvalit: 0.001228 bestmemit:    1.835141  -29.021532    1.000000    0.000000  640.516974
Iteration: 21 bestvalit: 0.001228 bestmemit:    1.835141  -29.021532    1.000000    0.000000  640.516974
Iteration: 22 bestvalit: 0.001228 bestmemit:    1.835141  -29.021532    1.000000    0.000000  640.516974
Iteration: 23 bestvalit: 0.001228 bestmemit:    1.835141  -29.021532    1.000000    0.000000  640.516974
Iteration: 24 bestvalit: 0.001228 bestmemit:    1.835141  -29.021532    1.000000    0.000000  640.516974
Iteration: 25 bestvalit: 0.001228 bestmemit:    1.835141  -29.021532    1.000000    0.000000  640.516974
Iteration: 26 bestvalit: 0.001228 bestmemit:    1.835141  -29.021532    1.000000    0.000000  640.516974
Iteration: 27 bestvalit: 0.001228 bestmemit:    1.835141  -29.021532    1.000000    0.000000  640.516974
Iteration: 28 bestvalit: 0.001228 bestmemit:    1.835141  -29.021532    1.000000    0.000000  640.516974
Iteration: 29 bestvalit: 0.001228 bestmemit:    1.835141  -29.021532    1.000000    0.000000  640.516974
Iteration: 30 bestvalit: 0.001228 bestmemit:    1.835141  -29.021532    1.000000    0.000000  640.516974
Iteration: 31 bestvalit: 0.001228 bestmemit:    1.835141  -29.021532    1.000000    0.000000  640.516974
Iteration: 32 bestvalit: 0.001228 bestmemit:    1.835141  -29.021532    1.000000    0.000000  640.516974
Iteration: 33 bestvalit: 0.001228 bestmemit:    1.835141  -29.021532    1.000000    0.000000  640.516974
Iteration: 34 bestvalit: 0.001228 bestmemit:    1.835141  -29.021532    1.000000    0.000000  640.516974
Iteration: 35 bestvalit: 0.001209 bestmemit:    2.619508  -14.636539    1.000000    0.000000  659.976727
Iteration: 36 bestvalit: 0.001209 bestmemit:    2.619508  -14.636539    1.000000    0.000000  659.976727
Iteration: 37 bestvalit: 0.001209 bestmemit:    2.619508  -14.636539    1.000000    0.000000  659.976727
Iteration: 38 bestvalit: 0.001209 bestmemit:    2.619508  -14.636539    1.000000    0.000000  659.976727
Iteration: 39 bestvalit: 0.001209 bestmemit:    2.619508  -14.636539    1.000000    0.000000  659.976727
Iteration: 40 bestvalit: 0.001209 bestmemit:    2.619508  -14.636539    1.000000    0.000000  659.976727
Iteration: 41 bestvalit: 0.001209 bestmemit:    2.619508  -14.636539    1.000000    0.000000  659.976727
Iteration: 42 bestvalit: 0.001209 bestmemit:    2.619508  -14.636539    1.000000    0.000000  659.976727
Iteration: 43 bestvalit: 0.001209 bestmemit:    2.619508  -14.636539    1.000000    0.000000  659.976727
Iteration: 44 bestvalit: 0.001209 bestmemit:    2.619508  -14.636539    1.000000    0.000000  659.976727
Iteration: 45 bestvalit: 0.001207 bestmemit:    1.712446  -24.317987    1.000000    0.000000  642.584359
Iteration: 46 bestvalit: 0.001207 bestmemit:    1.712446  -24.317987    1.000000    0.000000  642.584359
Iteration: 47 bestvalit: 0.001207 bestmemit:    1.712446  -24.317987    1.000000    0.000000  642.584359
Iteration: 48 bestvalit: 0.001207 bestmemit:    1.712446  -24.317987    1.000000    0.000000  642.584359
Iteration: 49 bestvalit: 0.001207 bestmemit:    1.712446  -24.317987    1.000000    0.000000  642.584359
Iteration: 50 bestvalit: 0.001207 bestmemit:    1.712446  -24.317987    1.000000    0.000000  642.584359
Iteration: 51 bestvalit: 0.001207 bestmemit:    1.712446  -24.317987    1.000000    0.000000  642.584359
Iteration: 52 bestvalit: 0.001207 bestmemit:    1.712446  -24.317987    1.000000    0.000000  642.584359
Iteration: 53 bestvalit: 0.001207 bestmemit:    1.712446  -24.317987    1.000000    0.000000  642.584359
Iteration: 54 bestvalit: 0.001207 bestmemit:    1.712446  -24.317987    1.000000    0.000000  642.584359
Iteration: 55 bestvalit: 0.001207 bestmemit:    1.712446  -24.317987    1.000000    0.000000  642.584359
Iteration: 56 bestvalit: 0.001207 bestmemit:    1.712446  -24.317987    1.000000    0.000000  642.584359
Iteration: 57 bestvalit: 0.001207 bestmemit:    1.712446  -24.317987    1.000000    0.000000  642.584359
Iteration: 58 bestvalit: 0.001207 bestmemit:    1.712446  -24.317987    1.000000    0.000000  642.584359
Iteration: 59 bestvalit: 0.001207 bestmemit:    1.712446  -24.317987    1.000000    0.000000  642.584359
Iteration: 60 bestvalit: 0.001207 bestmemit:    1.712446  -24.317987    1.000000    0.000000  642.584359
Iteration: 61 bestvalit: 0.001207 bestmemit:    1.712446  -24.317987    1.000000    0.000000  642.584359
Iteration: 62 bestvalit: 0.001207 bestmemit:    1.712446  -24.317987    1.000000    0.000000  642.584359
Iteration: 63 bestvalit: 0.001207 bestmemit:    1.712446  -24.317987    1.000000    0.000000  642.584359
Iteration: 64 bestvalit: 0.001207 bestmemit:    1.712446  -24.317987    1.000000    0.000000  642.584359
Iteration: 65 bestvalit: 0.001207 bestmemit:    1.712446  -24.317987    1.000000    0.000000  642.584359
Iteration: 66 bestvalit: 0.001207 bestmemit:    1.712446  -24.317987    1.000000    0.000000  642.584359
Iteration: 67 bestvalit: 0.001207 bestmemit:    1.712446  -24.317987    1.000000    0.000000  642.584359
Iteration: 68 bestvalit: 0.001207 bestmemit:    1.712446  -24.317987    1.000000    0.000000  642.584359
Iteration: 69 bestvalit: 0.001207 bestmemit:    1.712446  -24.317987    1.000000    0.000000  642.584359
Iteration: 70 bestvalit: 0.001207 bestmemit:    1.712446  -24.317987    1.000000    0.000000  642.584359
Iteration: 71 bestvalit: 0.001207 bestmemit:    1.712446  -24.317987    1.000000    0.000000  642.584359
Iteration: 72 bestvalit: 0.001207 bestmemit:    1.712446  -24.317987    1.000000    0.000000  642.584359
Iteration: 73 bestvalit: 0.001207 bestmemit:    1.712446  -24.317987    1.000000    0.000000  642.584359
Iteration: 74 bestvalit: 0.001207 bestmemit:    1.712446  -24.317987    1.000000    0.000000  642.584359
Iteration: 75 bestvalit: 0.001207 bestmemit:    1.712446  -24.317987    1.000000    0.000000  642.584359
Iteration: 76 bestvalit: 0.001207 bestmemit:    1.712446  -24.317987    1.000000    0.000000  642.584359
Iteration: 77 bestvalit: 0.001207 bestmemit:    1.712446  -24.317987    1.000000    0.000000  642.584359
Iteration: 78 bestvalit: 0.001207 bestmemit:    1.712446  -24.317987    1.000000    0.000000  642.584359
Iteration: 79 bestvalit: 0.001207 bestmemit:    1.712446  -24.317987    1.000000    0.000000  642.584359
Iteration: 80 bestvalit: 0.001207 bestmemit:    1.712446  -24.317987    1.000000    0.000000  642.584359
Iteration: 81 bestvalit: 0.001207 bestmemit:    1.712446  -24.317987    1.000000    0.000000  642.584359
Iteration: 82 bestvalit: 0.001207 bestmemit:    1.712446  -24.317987    1.000000    0.000000  642.584359
Iteration: 83 bestvalit: 0.001207 bestmemit:    1.712446  -24.317987    1.000000    0.000000  642.584359
Iteration: 84 bestvalit: 0.001207 bestmemit:    1.712446  -24.317987    1.000000    0.000000  642.584359
Iteration: 85 bestvalit: 0.001207 bestmemit:    1.712446  -24.317987    1.000000    0.000000  642.584359
Iteration: 86 bestvalit: 0.001207 bestmemit:    1.712446  -24.317987    1.000000    0.000000  642.584359
Iteration: 87 bestvalit: 0.001207 bestmemit:    1.712446  -24.317987    1.000000    0.000000  642.584359
Iteration: 88 bestvalit: 0.001207 bestmemit:    1.712446  -24.317987    1.000000    0.000000  642.584359
Iteration: 89 bestvalit: 0.001207 bestmemit:    1.712446  -24.317987    1.000000    0.000000  642.584359
Iteration: 90 bestvalit: 0.001207 bestmemit:    1.712446  -24.317987    1.000000    0.000000  642.584359
Iteration: 91 bestvalit: 0.001207 bestmemit:    1.712446  -24.317987    1.000000    0.000000  642.584359
Iteration: 92 bestvalit: 0.001207 bestmemit:    1.712446  -24.317987    1.000000    0.000000  642.584359
Iteration: 93 bestvalit: 0.001207 bestmemit:    1.712446  -24.317987    1.000000    0.000000  642.584359
Iteration: 94 bestvalit: 0.001207 bestmemit:    1.712446  -24.317987    1.000000    0.000000  642.584359
Iteration: 95 bestvalit: 0.001207 bestmemit:    1.712446  -24.317987    1.000000    0.000000  642.584359
Iteration: 96 bestvalit: 0.001207 bestmemit:    1.712446  -24.317987    1.000000    0.000000  642.584359
Iteration: 97 bestvalit: 0.001207 bestmemit:    1.712446  -24.317987    1.000000    0.000000  642.584359
Iteration: 98 bestvalit: 0.001207 bestmemit:    1.712446  -24.317987    1.000000    0.000000  642.584359
Iteration: 99 bestvalit: 0.001207 bestmemit:    1.712446  -24.317987    1.000000    0.000000  642.584359
Iteration: 100 bestvalit: 0.001207 bestmemit:    1.712446  -24.317987    1.000000    0.000000  642.584359
Iteration: 101 bestvalit: 0.001207 bestmemit:    1.712446  -24.317987    1.000000    0.000000  642.584359
Iteration: 102 bestvalit: 0.001207 bestmemit:    1.712446  -24.317987    1.000000    0.000000  642.584359
Iteration: 103 bestvalit: 0.001207 bestmemit:    1.712446  -24.317987    1.000000    0.000000  642.584359
Iteration: 104 bestvalit: 0.001207 bestmemit:    1.712446  -24.317987    1.000000    0.000000  642.584359
Iteration: 105 bestvalit: 0.001207 bestmemit:    1.712446  -24.317987    1.000000    0.000000  642.584359
Iteration: 106 bestvalit: 0.001207 bestmemit:    1.712446  -24.317987    1.000000    0.000000  642.584359
Iteration: 107 bestvalit: 0.001207 bestmemit:    1.712446  -24.317987    1.000000    0.000000  642.584359
Iteration: 108 bestvalit: 0.001207 bestmemit:    1.712446  -24.317987    1.000000    0.000000  642.584359
Iteration: 109 bestvalit: 0.001207 bestmemit:    1.712446  -24.317987    1.000000    0.000000  642.584359
Iteration: 110 bestvalit: 0.001207 bestmemit:    1.712446  -24.317987    1.000000    0.000000  642.584359
Iteration: 111 bestvalit: 0.001207 bestmemit:    1.712446  -24.317987    1.000000    0.000000  642.584359
Iteration: 112 bestvalit: 0.001190 bestmemit:    2.472457  -18.778948    1.000000    0.000000  627.350536
Iteration: 113 bestvalit: 0.001190 bestmemit:    2.472457  -18.778948    1.000000    0.000000  627.350536
Iteration: 114 bestvalit: 0.001190 bestmemit:    2.472457  -18.778948    1.000000    0.000000  627.350536
Iteration: 115 bestvalit: 0.001190 bestmemit:    2.472457  -18.778948    1.000000    0.000000  627.350536
Iteration: 116 bestvalit: 0.001190 bestmemit:    2.472457  -18.778948    1.000000    0.000000  627.350536
Iteration: 117 bestvalit: 0.001190 bestmemit:    2.472457  -18.778948    1.000000    0.000000  627.350536
Iteration: 118 bestvalit: 0.001190 bestmemit:    2.472457  -18.778948    1.000000    0.000000  627.350536
Iteration: 119 bestvalit: 0.001190 bestmemit:    2.472457  -18.778948    1.000000    0.000000  627.350536
Iteration: 120 bestvalit: 0.001190 bestmemit:    2.472457  -18.778948    1.000000    0.000000  627.350536
Iteration: 121 bestvalit: 0.001190 bestmemit:    2.472457  -18.778948    1.000000    0.000000  627.350536
Iteration: 122 bestvalit: 0.001190 bestmemit:    2.472457  -18.778948    1.000000    0.000000  627.350536
Iteration: 123 bestvalit: 0.001190 bestmemit:    2.472457  -18.778948    1.000000    0.000000  627.350536
Iteration: 124 bestvalit: 0.001190 bestmemit:    2.472457  -18.778948    1.000000    0.000000  627.350536
Iteration: 125 bestvalit: 0.001190 bestmemit:    2.472457  -18.778948    1.000000    0.000000  627.350536
Iteration: 126 bestvalit: 0.001190 bestmemit:    2.472457  -18.778948    1.000000    0.000000  627.350536
Iteration: 127 bestvalit: 0.001190 bestmemit:    2.472457  -18.778948    1.000000    0.000000  627.350536
Iteration: 128 bestvalit: 0.001190 bestmemit:    2.472457  -18.778948    1.000000    0.000000  627.350536
Iteration: 129 bestvalit: 0.001190 bestmemit:    2.472457  -18.778948    1.000000    0.000000  627.350536
Iteration: 130 bestvalit: 0.001190 bestmemit:    2.472457  -18.778948    1.000000    0.000000  627.350536
Iteration: 131 bestvalit: 0.001190 bestmemit:    2.472457  -18.778948    1.000000    0.000000  627.350536
Iteration: 132 bestvalit: 0.001190 bestmemit:    2.472457  -18.778948    1.000000    0.000000  627.350536
Iteration: 133 bestvalit: 0.001190 bestmemit:    2.472457  -18.778948    1.000000    0.000000  627.350536
Iteration: 134 bestvalit: 0.001190 bestmemit:    2.472457  -18.778948    1.000000    0.000000  627.350536
Iteration: 135 bestvalit: 0.001190 bestmemit:    2.472457  -18.778948    1.000000    0.000000  627.350536
Iteration: 136 bestvalit: 0.001190 bestmemit:    2.472457  -18.778948    1.000000    0.000000  627.350536
Iteration: 137 bestvalit: 0.001190 bestmemit:    2.472457  -18.778948    1.000000    0.000000  627.350536
Iteration: 138 bestvalit: 0.001190 bestmemit:    2.472457  -18.778948    1.000000    0.000000  627.350536
Iteration: 139 bestvalit: 0.001190 bestmemit:    2.472457  -18.778948    1.000000    0.000000  627.350536
Iteration: 140 bestvalit: 0.001190 bestmemit:    2.472457  -18.778948    1.000000    0.000000  627.350536
Iteration: 141 bestvalit: 0.001190 bestmemit:    2.472457  -18.778948    1.000000    0.000000  627.350536
Iteration: 142 bestvalit: 0.001190 bestmemit:    2.472457  -18.778948    1.000000    0.000000  627.350536
Iteration: 143 bestvalit: 0.001190 bestmemit:    2.472457  -18.778948    1.000000    0.000000  627.350536
Iteration: 144 bestvalit: 0.001190 bestmemit:    2.472457  -18.778948    1.000000    0.000000  627.350536
Iteration: 145 bestvalit: 0.001190 bestmemit:    2.472457  -18.778948    1.000000    0.000000  627.350536
Iteration: 146 bestvalit: 0.001190 bestmemit:    2.472457  -18.778948    1.000000    0.000000  627.350536
Iteration: 147 bestvalit: 0.001190 bestmemit:    2.472457  -18.778948    1.000000    0.000000  627.350536
Iteration: 148 bestvalit: 0.001190 bestmemit:    2.472457  -18.778948    1.000000    0.000000  627.350536
Iteration: 149 bestvalit: 0.001190 bestmemit:    2.472457  -18.778948    1.000000    0.000000  627.350536
Iteration: 150 bestvalit: 0.001190 bestmemit:    2.472457  -18.778948    1.000000    0.000000  627.350536
Iteration: 151 bestvalit: 0.001190 bestmemit:    2.472457  -18.778948    1.000000    0.000000  627.350536
Iteration: 152 bestvalit: 0.001190 bestmemit:    2.472457  -18.778948    1.000000    0.000000  627.350536
Iteration: 153 bestvalit: 0.001190 bestmemit:    2.472457  -18.778948    1.000000    0.000000  627.350536
Iteration: 154 bestvalit: 0.001190 bestmemit:    2.472457  -18.778948    1.000000    0.000000  627.350536
Iteration: 155 bestvalit: 0.001190 bestmemit:    2.472457  -18.778948    1.000000    0.000000  627.350536
Iteration: 156 bestvalit: 0.001190 bestmemit:    2.472457  -18.778948    1.000000    0.000000  627.350536
Iteration: 157 bestvalit: 0.001190 bestmemit:    2.472457  -18.778948    1.000000    0.000000  627.350536
Iteration: 158 bestvalit: 0.001190 bestmemit:    2.472457  -18.778948    1.000000    0.000000  627.350536
Iteration: 159 bestvalit: 0.001190 bestmemit:    2.472457  -18.778948    1.000000    0.000000  627.350536
Iteration: 160 bestvalit: 0.001190 bestmemit:    2.472457  -18.778948    1.000000    0.000000  627.350536
Iteration: 161 bestvalit: 0.001190 bestmemit:    2.472457  -18.778948    1.000000    0.000000  627.350536
Iteration: 162 bestvalit: 0.001190 bestmemit:    2.472457  -18.778948    1.000000    0.000000  627.350536
Iteration: 163 bestvalit: 0.001190 bestmemit:    2.472457  -18.778948    1.000000    0.000000  627.350536
Iteration: 164 bestvalit: 0.001190 bestmemit:    2.472457  -18.778948    1.000000    0.000000  627.350536
Iteration: 165 bestvalit: 0.001190 bestmemit:    2.472457  -18.778948    1.000000    0.000000  627.350536
Iteration: 166 bestvalit: 0.001190 bestmemit:    2.472457  -18.778948    1.000000    0.000000  627.350536
Iteration: 167 bestvalit: 0.001190 bestmemit:    2.472457  -18.778948    1.000000    0.000000  627.350536
Iteration: 168 bestvalit: 0.001190 bestmemit:    2.472457  -18.778948    1.000000    0.000000  627.350536
Iteration: 169 bestvalit: 0.001190 bestmemit:    2.472457  -18.778948    1.000000    0.000000  627.350536
Iteration: 170 bestvalit: 0.001190 bestmemit:    2.472457  -18.778948    1.000000    0.000000  627.350536
Iteration: 171 bestvalit: 0.001190 bestmemit:    2.472457  -18.778948    1.000000    0.000000  627.350536
Iteration: 172 bestvalit: 0.001190 bestmemit:    2.472457  -18.778948    1.000000    0.000000  627.350536
Iteration: 173 bestvalit: 0.001190 bestmemit:    2.472457  -18.778948    1.000000    0.000000  627.350536
Iteration: 174 bestvalit: 0.001190 bestmemit:    2.472457  -18.778948    1.000000    0.000000  627.350536
Iteration: 175 bestvalit: 0.001190 bestmemit:    2.472457  -18.778948    1.000000    0.000000  627.350536
Iteration: 176 bestvalit: 0.001190 bestmemit:    2.472457  -18.778948    1.000000    0.000000  627.350536
Iteration: 177 bestvalit: 0.001190 bestmemit:    2.472457  -18.778948    1.000000    0.000000  627.350536
Iteration: 178 bestvalit: 0.001190 bestmemit:    2.472457  -18.778948    1.000000    0.000000  627.350536
Iteration: 179 bestvalit: 0.001190 bestmemit:    2.472457  -18.778948    1.000000    0.000000  627.350536
Iteration: 180 bestvalit: 0.001190 bestmemit:    2.472457  -18.778948    1.000000    0.000000  627.350536
Iteration: 181 bestvalit: 0.001190 bestmemit:    2.472457  -18.778948    1.000000    0.000000  627.350536
Iteration: 182 bestvalit: 0.001190 bestmemit:    2.472457  -18.778948    1.000000    0.000000  627.350536
Iteration: 183 bestvalit: 0.001190 bestmemit:    2.472457  -18.778948    1.000000    0.000000  627.350536
Iteration: 184 bestvalit: 0.001190 bestmemit:    2.472457  -18.778948    1.000000    0.000000  627.350536
Iteration: 185 bestvalit: 0.001190 bestmemit:    2.472457  -18.778948    1.000000    0.000000  627.350536
Iteration: 186 bestvalit: 0.001190 bestmemit:    2.472457  -18.778948    1.000000    0.000000  627.350536
Iteration: 187 bestvalit: 0.001190 bestmemit:    2.472457  -18.778948    1.000000    0.000000  627.350536
Iteration: 188 bestvalit: 0.001190 bestmemit:    2.472457  -18.778948    1.000000    0.000000  627.350536
Iteration: 189 bestvalit: 0.001190 bestmemit:    2.472457  -18.778948    1.000000    0.000000  627.350536
Iteration: 190 bestvalit: 0.001190 bestmemit:    2.472457  -18.778948    1.000000    0.000000  627.350536
Iteration: 191 bestvalit: 0.001190 bestmemit:    2.472457  -18.778948    1.000000    0.000000  627.350536
Iteration: 192 bestvalit: 0.001190 bestmemit:    2.472457  -18.778948    1.000000    0.000000  627.350536
Iteration: 193 bestvalit: 0.001190 bestmemit:    2.472457  -18.778948    1.000000    0.000000  627.350536
Iteration: 194 bestvalit: 0.001190 bestmemit:    2.472457  -18.778948    1.000000    0.000000  627.350536
Iteration: 195 bestvalit: 0.001190 bestmemit:    2.472457  -18.778948    1.000000    0.000000  627.350536
Iteration: 196 bestvalit: 0.001190 bestmemit:    2.472457  -18.778948    1.000000    0.000000  627.350536
Iteration: 197 bestvalit: 0.001190 bestmemit:    2.472457  -18.778948    1.000000    0.000000  627.350536
Iteration: 198 bestvalit: 0.001190 bestmemit:    2.472457  -18.778948    1.000000    0.000000  627.350536
Iteration: 199 bestvalit: 0.001190 bestmemit:    2.472457  -18.778948    1.000000    0.000000  627.350536
Iteration: 200 bestvalit: 0.001190 bestmemit:    2.472457  -18.778948    1.000000    0.000000  627.350536
Iteration: 201 bestvalit: 0.001190 bestmemit:    2.472457  -18.778948    1.000000    0.000000  627.350536
Iteration: 202 bestvalit: 0.001190 bestmemit:    2.472457  -18.778948    1.000000    0.000000  627.350536
Iteration: 203 bestvalit: 0.001190 bestmemit:    2.472457  -18.778948    1.000000    0.000000  627.350536
Iteration: 204 bestvalit: 0.001190 bestmemit:    2.472457  -18.778948    1.000000    0.000000  627.350536
Iteration: 205 bestvalit: 0.001190 bestmemit:    2.472457  -18.778948    1.000000    0.000000  627.350536
Iteration: 206 bestvalit: 0.001190 bestmemit:    2.472457  -18.778948    1.000000    0.000000  627.350536
Iteration: 207 bestvalit: 0.001190 bestmemit:    2.472457  -18.778948    1.000000    0.000000  627.350536
Iteration: 208 bestvalit: 0.001190 bestmemit:    2.472457  -18.778948    1.000000    0.000000  627.350536
Iteration: 209 bestvalit: 0.001190 bestmemit:    2.472457  -18.778948    1.000000    0.000000  627.350536
Iteration: 210 bestvalit: 0.001190 bestmemit:    2.472457  -18.778948    1.000000    0.000000  627.350536
Iteration: 211 bestvalit: 0.001190 bestmemit:    2.472457  -18.778948    1.000000    0.000000  627.350536
Iteration: 212 bestvalit: 0.001190 bestmemit:    2.472457  -18.778948    1.000000    0.000000  627.350536
Iteration: 213 bestvalit: 0.001190 bestmemit:    2.472457  -18.778948    1.000000    0.000000  627.350536

***** summary of DEoptim object ***** 
best member   :  2.47246 -18.77895 1 0 627.3505 
best value    :  0.00119 
after         :  213 generations 
fn evaluated  :  428 times 
*************************************
