SLURM_JOB_ID: 55336582
SLURM_JOB_USER: vsc34066
SLURM_JOB_ACCOUNT: lp_desenderlab
SLURM_JOB_NAME: fit_alternating_fb_beta_learn.slurm
SLURM_CLUSTER_NAME: genius
SLURM_JOB_PARTITION: batch
SLURM_ARRAY_JOB_ID: 55336494
SLURM_ARRAY_TASK_ID: 88
SLURM_NNODES: 1
SLURM_NODELIST: r23i13n19
SLURM_JOB_CPUS_PER_NODE: 8
Date: Tue Nov  7 16:44:07 CET 2023
Walltime: 00-23:00:00
========================================================================
Iteration: 1 bestvalit: 0.001525 bestmemit:    3.226305   43.644889    1.000000    0.000000  508.302054
Iteration: 2 bestvalit: 0.001487 bestmemit:    3.226305   43.644889    1.000000    0.000000  508.302054
Iteration: 3 bestvalit: 0.001487 bestmemit:    3.226305   43.644889    1.000000    0.000000  508.302054
Iteration: 4 bestvalit: 0.001487 bestmemit:    3.226305   43.644889    1.000000    0.000000  508.302054
Iteration: 5 bestvalit: 0.001487 bestmemit:    3.226305   43.644889    1.000000    0.000000  508.302054
Iteration: 6 bestvalit: 0.001487 bestmemit:    3.226305   43.644889    1.000000    0.000000  508.302054
Iteration: 7 bestvalit: 0.001487 bestmemit:    3.226305   43.644889    1.000000    0.000000  508.302054
Iteration: 8 bestvalit: 0.001487 bestmemit:    3.226305   43.644889    1.000000    0.000000  508.302054
Iteration: 9 bestvalit: 0.001475 bestmemit:    3.226305   46.277930    1.000000    0.000000  508.302054
Iteration: 10 bestvalit: 0.001475 bestmemit:    3.226305   46.277930    1.000000    0.000000  508.302054
Iteration: 11 bestvalit: 0.001475 bestmemit:    3.226305   46.277930    1.000000    0.000000  508.302054
Iteration: 12 bestvalit: 0.001475 bestmemit:    3.226305   46.277930    1.000000    0.000000  508.302054
Iteration: 13 bestvalit: 0.001475 bestmemit:    3.226305   46.277930    1.000000    0.000000  508.302054
Iteration: 14 bestvalit: 0.001475 bestmemit:    3.226305   46.277930    1.000000    0.000000  508.302054
Iteration: 15 bestvalit: 0.001475 bestmemit:    3.226305   46.277930    1.000000    0.000000  508.302054
Iteration: 16 bestvalit: 0.001475 bestmemit:    3.226305   46.277930    1.000000    0.000000  508.302054
Iteration: 17 bestvalit: 0.001462 bestmemit:    1.009896  -35.986564    1.000000    0.000000  514.128832
Iteration: 18 bestvalit: 0.001426 bestmemit:    3.158046  -45.187971    1.000000    0.000000  568.624861
Iteration: 19 bestvalit: 0.001426 bestmemit:    3.158046  -45.187971    1.000000    0.000000  568.624861
Iteration: 20 bestvalit: 0.001426 bestmemit:    3.158046  -45.187971    1.000000    0.000000  568.624861
Iteration: 21 bestvalit: 0.001410 bestmemit:    0.379407   -2.652545    1.000000    0.000000  568.404455
Iteration: 22 bestvalit: 0.001370 bestmemit:    1.931118   33.530468    1.000000    0.000000  554.453757
Iteration: 23 bestvalit: 0.001370 bestmemit:    1.931118   33.530468    1.000000    0.000000  554.453757
Iteration: 24 bestvalit: 0.001370 bestmemit:    1.931118   33.530468    1.000000    0.000000  554.453757
Iteration: 25 bestvalit: 0.001370 bestmemit:    1.931118   33.530468    1.000000    0.000000  554.453757
Iteration: 26 bestvalit: 0.001370 bestmemit:    1.931118   33.530468    1.000000    0.000000  554.453757
Iteration: 27 bestvalit: 0.001370 bestmemit:    1.931118   33.530468    1.000000    0.000000  554.453757
Iteration: 28 bestvalit: 0.001370 bestmemit:    1.931118   33.530468    1.000000    0.000000  554.453757
Iteration: 29 bestvalit: 0.001370 bestmemit:    1.931118   33.530468    1.000000    0.000000  554.453757
Iteration: 30 bestvalit: 0.001370 bestmemit:    1.931118   33.530468    1.000000    0.000000  554.453757
Iteration: 31 bestvalit: 0.001370 bestmemit:    1.931118   33.530468    1.000000    0.000000  554.453757
Iteration: 32 bestvalit: 0.001370 bestmemit:    1.931118   33.530468    1.000000    0.000000  554.453757
Iteration: 33 bestvalit: 0.001365 bestmemit:    1.669883   66.888659    1.000000    0.000000  542.935586
Iteration: 34 bestvalit: 0.001365 bestmemit:    1.669883   66.888659    1.000000    0.000000  542.935586
Iteration: 35 bestvalit: 0.001355 bestmemit:    3.584017   46.277930    1.000000    0.000000  546.834120
Iteration: 36 bestvalit: 0.001355 bestmemit:    3.584017   46.277930    1.000000    0.000000  546.834120
Iteration: 37 bestvalit: 0.001355 bestmemit:    3.584017   46.277930    1.000000    0.000000  546.834120
Iteration: 38 bestvalit: 0.001355 bestmemit:    3.584017   46.277930    1.000000    0.000000  546.834120
Iteration: 39 bestvalit: 0.001355 bestmemit:    3.584017   46.277930    1.000000    0.000000  546.834120
Iteration: 40 bestvalit: 0.001355 bestmemit:    3.584017   46.277930    1.000000    0.000000  546.834120
Iteration: 41 bestvalit: 0.001355 bestmemit:    3.584017   46.277930    1.000000    0.000000  546.834120
Iteration: 42 bestvalit: 0.001355 bestmemit:    3.584017   46.277930    1.000000    0.000000  546.834120
Iteration: 43 bestvalit: 0.001355 bestmemit:    3.584017   46.277930    1.000000    0.000000  546.834120
Iteration: 44 bestvalit: 0.001355 bestmemit:    3.584017   46.277930    1.000000    0.000000  546.834120
Iteration: 45 bestvalit: 0.001355 bestmemit:    3.584017   46.277930    1.000000    0.000000  546.834120
Iteration: 46 bestvalit: 0.001355 bestmemit:    3.584017   46.277930    1.000000    0.000000  546.834120
Iteration: 47 bestvalit: 0.001347 bestmemit:    1.876398   34.313303    1.000000    0.000000  560.023426
Iteration: 48 bestvalit: 0.001347 bestmemit:    1.876398   34.313303    1.000000    0.000000  560.023426
Iteration: 49 bestvalit: 0.001347 bestmemit:    1.876398   34.313303    1.000000    0.000000  560.023426
Iteration: 50 bestvalit: 0.001347 bestmemit:    1.876398   34.313303    1.000000    0.000000  560.023426
Iteration: 51 bestvalit: 0.001347 bestmemit:    1.876398   34.313303    1.000000    0.000000  560.023426
Iteration: 52 bestvalit: 0.001347 bestmemit:    1.876398   34.313303    1.000000    0.000000  560.023426
Iteration: 53 bestvalit: 0.001347 bestmemit:    1.876398   34.313303    1.000000    0.000000  560.023426
Iteration: 54 bestvalit: 0.001347 bestmemit:    1.876398   34.313303    1.000000    0.000000  560.023426
Iteration: 55 bestvalit: 0.001347 bestmemit:    1.876398   34.313303    1.000000    0.000000  560.023426
Iteration: 56 bestvalit: 0.001347 bestmemit:    1.876398   34.313303    1.000000    0.000000  560.023426
Iteration: 57 bestvalit: 0.001347 bestmemit:    1.876398   34.313303    1.000000    0.000000  560.023426
Iteration: 58 bestvalit: 0.001347 bestmemit:    1.876398   34.313303    1.000000    0.000000  560.023426
Iteration: 59 bestvalit: 0.001347 bestmemit:    1.876398   34.313303    1.000000    0.000000  560.023426
Iteration: 60 bestvalit: 0.001347 bestmemit:    1.876398   34.313303    1.000000    0.000000  560.023426
Iteration: 61 bestvalit: 0.001347 bestmemit:    1.876398   34.313303    1.000000    0.000000  560.023426
Iteration: 62 bestvalit: 0.001347 bestmemit:    1.876398   34.313303    1.000000    0.000000  560.023426
Iteration: 63 bestvalit: 0.001347 bestmemit:    1.876398   34.313303    1.000000    0.000000  560.023426
Iteration: 64 bestvalit: 0.001347 bestmemit:    1.876398   34.313303    1.000000    0.000000  560.023426
Iteration: 65 bestvalit: 0.001347 bestmemit:    1.876398   34.313303    1.000000    0.000000  560.023426
Iteration: 66 bestvalit: 0.001347 bestmemit:    1.876398   34.313303    1.000000    0.000000  560.023426
Iteration: 67 bestvalit: 0.001347 bestmemit:    1.876398   34.313303    1.000000    0.000000  560.023426
Iteration: 68 bestvalit: 0.001347 bestmemit:    1.876398   34.313303    1.000000    0.000000  560.023426
Iteration: 69 bestvalit: 0.001347 bestmemit:    1.876398   34.313303    1.000000    0.000000  560.023426
Iteration: 70 bestvalit: 0.001347 bestmemit:    1.876398   34.313303    1.000000    0.000000  560.023426
Iteration: 71 bestvalit: 0.001347 bestmemit:    1.876398   34.313303    1.000000    0.000000  560.023426
Iteration: 72 bestvalit: 0.001347 bestmemit:    1.876398   34.313303    1.000000    0.000000  560.023426
Iteration: 73 bestvalit: 0.001347 bestmemit:    1.876398   34.313303    1.000000    0.000000  560.023426
Iteration: 74 bestvalit: 0.001347 bestmemit:    1.876398   34.313303    1.000000    0.000000  560.023426
Iteration: 75 bestvalit: 0.001347 bestmemit:    1.876398   34.313303    1.000000    0.000000  560.023426
Iteration: 76 bestvalit: 0.001342 bestmemit:    1.931118   33.530468    1.000000    0.000000  554.453757
Iteration: 77 bestvalit: 0.001342 bestmemit:    1.931118   33.530468    1.000000    0.000000  554.453757
Iteration: 78 bestvalit: 0.001342 bestmemit:    1.931118   33.530468    1.000000    0.000000  554.453757
Iteration: 79 bestvalit: 0.001342 bestmemit:    1.931118   33.530468    1.000000    0.000000  554.453757
Iteration: 80 bestvalit: 0.001342 bestmemit:    1.931118   33.530468    1.000000    0.000000  554.453757
Iteration: 81 bestvalit: 0.001342 bestmemit:    1.931118   33.530468    1.000000    0.000000  554.453757
Iteration: 82 bestvalit: 0.001342 bestmemit:    1.931118   33.530468    1.000000    0.000000  554.453757
Iteration: 83 bestvalit: 0.001342 bestmemit:    1.931118   33.530468    1.000000    0.000000  554.453757
Iteration: 84 bestvalit: 0.001342 bestmemit:    1.931118   33.530468    1.000000    0.000000  554.453757
Iteration: 85 bestvalit: 0.001342 bestmemit:    1.931118   33.530468    1.000000    0.000000  554.453757
Iteration: 86 bestvalit: 0.001342 bestmemit:    1.931118   33.530468    1.000000    0.000000  554.453757
Iteration: 87 bestvalit: 0.001342 bestmemit:    1.931118   33.530468    1.000000    0.000000  554.453757
Iteration: 88 bestvalit: 0.001342 bestmemit:    1.931118   33.530468    1.000000    0.000000  554.453757
Iteration: 89 bestvalit: 0.001342 bestmemit:    1.931118   33.530468    1.000000    0.000000  554.453757
Iteration: 90 bestvalit: 0.001342 bestmemit:    1.931118   33.530468    1.000000    0.000000  554.453757
Iteration: 91 bestvalit: 0.001342 bestmemit:    1.931118   33.530468    1.000000    0.000000  554.453757
Iteration: 92 bestvalit: 0.001342 bestmemit:    1.931118   33.530468    1.000000    0.000000  554.453757
Iteration: 93 bestvalit: 0.001342 bestmemit:    1.931118   33.530468    1.000000    0.000000  554.453757
Iteration: 94 bestvalit: 0.001342 bestmemit:    1.931118   33.530468    1.000000    0.000000  554.453757
Iteration: 95 bestvalit: 0.001342 bestmemit:    1.931118   33.530468    1.000000    0.000000  554.453757
Iteration: 96 bestvalit: 0.001342 bestmemit:    1.931118   33.530468    1.000000    0.000000  554.453757
Iteration: 97 bestvalit: 0.001342 bestmemit:    1.931118   33.530468    1.000000    0.000000  554.453757
Iteration: 98 bestvalit: 0.001342 bestmemit:    1.931118   33.530468    1.000000    0.000000  554.453757
Iteration: 99 bestvalit: 0.001342 bestmemit:    1.931118   33.530468    1.000000    0.000000  554.453757
Iteration: 100 bestvalit: 0.001342 bestmemit:    1.931118   33.530468    1.000000    0.000000  554.453757
Iteration: 101 bestvalit: 0.001342 bestmemit:    1.931118   33.530468    1.000000    0.000000  554.453757
Iteration: 102 bestvalit: 0.001342 bestmemit:    1.931118   33.530468    1.000000    0.000000  554.453757
Iteration: 103 bestvalit: 0.001342 bestmemit:    1.931118   33.530468    1.000000    0.000000  554.453757
Iteration: 104 bestvalit: 0.001342 bestmemit:    1.931118   33.530468    1.000000    0.000000  554.453757
Iteration: 105 bestvalit: 0.001342 bestmemit:    1.931118   33.530468    1.000000    0.000000  554.453757
Iteration: 106 bestvalit: 0.001342 bestmemit:    1.931118   33.530468    1.000000    0.000000  554.453757
Iteration: 107 bestvalit: 0.001342 bestmemit:    1.931118   33.530468    1.000000    0.000000  554.453757
Iteration: 108 bestvalit: 0.001342 bestmemit:    1.931118   33.530468    1.000000    0.000000  554.453757
Iteration: 109 bestvalit: 0.001342 bestmemit:    1.931118   33.530468    1.000000    0.000000  554.453757
Iteration: 110 bestvalit: 0.001342 bestmemit:    1.931118   33.530468    1.000000    0.000000  554.453757
Iteration: 111 bestvalit: 0.001335 bestmemit:    2.137475   58.549402    1.000000    0.000000  546.204995
Iteration: 112 bestvalit: 0.001335 bestmemit:    2.137475   58.549402    1.000000    0.000000  546.204995
Iteration: 113 bestvalit: 0.001335 bestmemit:    2.137475   58.549402    1.000000    0.000000  546.204995
Iteration: 114 bestvalit: 0.001335 bestmemit:    2.137475   58.549402    1.000000    0.000000  546.204995
Iteration: 115 bestvalit: 0.001335 bestmemit:    2.137475   58.549402    1.000000    0.000000  546.204995
Iteration: 116 bestvalit: 0.001335 bestmemit:    2.137475   58.549402    1.000000    0.000000  546.204995
Iteration: 117 bestvalit: 0.001335 bestmemit:    2.137475   58.549402    1.000000    0.000000  546.204995
Iteration: 118 bestvalit: 0.001335 bestmemit:    2.137475   58.549402    1.000000    0.000000  546.204995
Iteration: 119 bestvalit: 0.001335 bestmemit:    2.137475   58.549402    1.000000    0.000000  546.204995
Iteration: 120 bestvalit: 0.001335 bestmemit:    2.137475   58.549402    1.000000    0.000000  546.204995
Iteration: 121 bestvalit: 0.001335 bestmemit:    2.137475   58.549402    1.000000    0.000000  546.204995
Iteration: 122 bestvalit: 0.001335 bestmemit:    2.137475   58.549402    1.000000    0.000000  546.204995
Iteration: 123 bestvalit: 0.001335 bestmemit:    2.137475   58.549402    1.000000    0.000000  546.204995
Iteration: 124 bestvalit: 0.001335 bestmemit:    2.137475   58.549402    1.000000    0.000000  546.204995
Iteration: 125 bestvalit: 0.001335 bestmemit:    2.137475   58.549402    1.000000    0.000000  546.204995
Iteration: 126 bestvalit: 0.001335 bestmemit:    2.137475   58.549402    1.000000    0.000000  546.204995
Iteration: 127 bestvalit: 0.001335 bestmemit:    2.137475   58.549402    1.000000    0.000000  546.204995
Iteration: 128 bestvalit: 0.001335 bestmemit:    2.137475   58.549402    1.000000    0.000000  546.204995
Iteration: 129 bestvalit: 0.001335 bestmemit:    2.137475   58.549402    1.000000    0.000000  546.204995
Iteration: 130 bestvalit: 0.001335 bestmemit:    2.137475   58.549402    1.000000    0.000000  546.204995
Iteration: 131 bestvalit: 0.001335 bestmemit:    2.137475   58.549402    1.000000    0.000000  546.204995
Iteration: 132 bestvalit: 0.001335 bestmemit:    2.137475   58.549402    1.000000    0.000000  546.204995
Iteration: 133 bestvalit: 0.001335 bestmemit:    2.137475   58.549402    1.000000    0.000000  546.204995
Iteration: 134 bestvalit: 0.001335 bestmemit:    2.137475   58.549402    1.000000    0.000000  546.204995
Iteration: 135 bestvalit: 0.001335 bestmemit:    2.137475   58.549402    1.000000    0.000000  546.204995
Iteration: 136 bestvalit: 0.001335 bestmemit:    2.137475   58.549402    1.000000    0.000000  546.204995
Iteration: 137 bestvalit: 0.001335 bestmemit:    2.137475   58.549402    1.000000    0.000000  546.204995
Iteration: 138 bestvalit: 0.001335 bestmemit:    2.137475   58.549402    1.000000    0.000000  546.204995
Iteration: 139 bestvalit: 0.001335 bestmemit:    2.137475   58.549402    1.000000    0.000000  546.204995
Iteration: 140 bestvalit: 0.001335 bestmemit:    2.137475   58.549402    1.000000    0.000000  546.204995
Iteration: 141 bestvalit: 0.001335 bestmemit:    2.137475   58.549402    1.000000    0.000000  546.204995
Iteration: 142 bestvalit: 0.001335 bestmemit:    2.137475   58.549402    1.000000    0.000000  546.204995
Iteration: 143 bestvalit: 0.001335 bestmemit:    2.137475   58.549402    1.000000    0.000000  546.204995
Iteration: 144 bestvalit: 0.001335 bestmemit:    2.137475   58.549402    1.000000    0.000000  546.204995
Iteration: 145 bestvalit: 0.001335 bestmemit:    2.137475   58.549402    1.000000    0.000000  546.204995
Iteration: 146 bestvalit: 0.001335 bestmemit:    2.137475   58.549402    1.000000    0.000000  546.204995
Iteration: 147 bestvalit: 0.001335 bestmemit:    2.137475   58.549402    1.000000    0.000000  546.204995
Iteration: 148 bestvalit: 0.001335 bestmemit:    2.137475   58.549402    1.000000    0.000000  546.204995
Iteration: 149 bestvalit: 0.001335 bestmemit:    2.137475   58.549402    1.000000    0.000000  546.204995
Iteration: 150 bestvalit: 0.001335 bestmemit:    2.137475   58.549402    1.000000    0.000000  546.204995
Iteration: 151 bestvalit: 0.001335 bestmemit:    2.137475   58.549402    1.000000    0.000000  546.204995
Iteration: 152 bestvalit: 0.001335 bestmemit:    2.137475   58.549402    1.000000    0.000000  546.204995
Iteration: 153 bestvalit: 0.001335 bestmemit:    2.137475   58.549402    1.000000    0.000000  546.204995
Iteration: 154 bestvalit: 0.001335 bestmemit:    2.137475   58.549402    1.000000    0.000000  546.204995
Iteration: 155 bestvalit: 0.001335 bestmemit:    2.137475   58.549402    1.000000    0.000000  546.204995
Iteration: 156 bestvalit: 0.001335 bestmemit:    2.137475   58.549402    1.000000    0.000000  546.204995
Iteration: 157 bestvalit: 0.001335 bestmemit:    2.137475   58.549402    1.000000    0.000000  546.204995
Iteration: 158 bestvalit: 0.001335 bestmemit:    2.137475   58.549402    1.000000    0.000000  546.204995
Iteration: 159 bestvalit: 0.001335 bestmemit:    2.137475   58.549402    1.000000    0.000000  546.204995
Iteration: 160 bestvalit: 0.001335 bestmemit:    2.137475   58.549402    1.000000    0.000000  546.204995
Iteration: 161 bestvalit: 0.001335 bestmemit:    2.137475   58.549402    1.000000    0.000000  546.204995
Iteration: 162 bestvalit: 0.001335 bestmemit:    2.137475   58.549402    1.000000    0.000000  546.204995
Iteration: 163 bestvalit: 0.001335 bestmemit:    2.137475   58.549402    1.000000    0.000000  546.204995
Iteration: 164 bestvalit: 0.001335 bestmemit:    2.137475   58.549402    1.000000    0.000000  546.204995
Iteration: 165 bestvalit: 0.001335 bestmemit:    2.137475   58.549402    1.000000    0.000000  546.204995
Iteration: 166 bestvalit: 0.001335 bestmemit:    2.137475   58.549402    1.000000    0.000000  546.204995
Iteration: 167 bestvalit: 0.001335 bestmemit:    2.137475   58.549402    1.000000    0.000000  546.204995
Iteration: 168 bestvalit: 0.001335 bestmemit:    2.137475   58.549402    1.000000    0.000000  546.204995
Iteration: 169 bestvalit: 0.001335 bestmemit:    2.137475   58.549402    1.000000    0.000000  546.204995
Iteration: 170 bestvalit: 0.001335 bestmemit:    2.137475   58.549402    1.000000    0.000000  546.204995
Iteration: 171 bestvalit: 0.001335 bestmemit:    2.137475   58.549402    1.000000    0.000000  546.204995
Iteration: 172 bestvalit: 0.001335 bestmemit:    2.137475   58.549402    1.000000    0.000000  546.204995
Iteration: 173 bestvalit: 0.001335 bestmemit:    2.137475   58.549402    1.000000    0.000000  546.204995
Iteration: 174 bestvalit: 0.001335 bestmemit:    2.137475   58.549402    1.000000    0.000000  546.204995
Iteration: 175 bestvalit: 0.001335 bestmemit:    2.137475   58.549402    1.000000    0.000000  546.204995
Iteration: 176 bestvalit: 0.001335 bestmemit:    2.137475   58.549402    1.000000    0.000000  546.204995
Iteration: 177 bestvalit: 0.001335 bestmemit:    2.137475   58.549402    1.000000    0.000000  546.204995
Iteration: 178 bestvalit: 0.001335 bestmemit:    2.137475   58.549402    1.000000    0.000000  546.204995
Iteration: 179 bestvalit: 0.001335 bestmemit:    2.137475   58.549402    1.000000    0.000000  546.204995
Iteration: 180 bestvalit: 0.001335 bestmemit:    2.137475   58.549402    1.000000    0.000000  546.204995
Iteration: 181 bestvalit: 0.001335 bestmemit:    2.137475   58.549402    1.000000    0.000000  546.204995
Iteration: 182 bestvalit: 0.001335 bestmemit:    2.137475   58.549402    1.000000    0.000000  546.204995
Iteration: 183 bestvalit: 0.001335 bestmemit:    2.137475   58.549402    1.000000    0.000000  546.204995
Iteration: 184 bestvalit: 0.001335 bestmemit:    2.137475   58.549402    1.000000    0.000000  546.204995
Iteration: 185 bestvalit: 0.001335 bestmemit:    2.137475   58.549402    1.000000    0.000000  546.204995
Iteration: 186 bestvalit: 0.001335 bestmemit:    2.137475   58.549402    1.000000    0.000000  546.204995
Iteration: 187 bestvalit: 0.001335 bestmemit:    2.137475   58.549402    1.000000    0.000000  546.204995
Iteration: 188 bestvalit: 0.001335 bestmemit:    2.137475   58.549402    1.000000    0.000000  546.204995
Iteration: 189 bestvalit: 0.001335 bestmemit:    2.137475   58.549402    1.000000    0.000000  546.204995
Iteration: 190 bestvalit: 0.001335 bestmemit:    2.137475   58.549402    1.000000    0.000000  546.204995
Iteration: 191 bestvalit: 0.001335 bestmemit:    2.137475   58.549402    1.000000    0.000000  546.204995
Iteration: 192 bestvalit: 0.001335 bestmemit:    2.137475   58.549402    1.000000    0.000000  546.204995
Iteration: 193 bestvalit: 0.001335 bestmemit:    2.137475   58.549402    1.000000    0.000000  546.204995
Iteration: 194 bestvalit: 0.001335 bestmemit:    2.137475   58.549402    1.000000    0.000000  546.204995
Iteration: 195 bestvalit: 0.001335 bestmemit:    2.137475   58.549402    1.000000    0.000000  546.204995
Iteration: 196 bestvalit: 0.001335 bestmemit:    2.137475   58.549402    1.000000    0.000000  546.204995
Iteration: 197 bestvalit: 0.001335 bestmemit:    2.137475   58.549402    1.000000    0.000000  546.204995
Iteration: 198 bestvalit: 0.001335 bestmemit:    2.137475   58.549402    1.000000    0.000000  546.204995
Iteration: 199 bestvalit: 0.001335 bestmemit:    2.137475   58.549402    1.000000    0.000000  546.204995
Iteration: 200 bestvalit: 0.001335 bestmemit:    2.137475   58.549402    1.000000    0.000000  546.204995
Iteration: 201 bestvalit: 0.001335 bestmemit:    2.137475   58.549402    1.000000    0.000000  546.204995
Iteration: 202 bestvalit: 0.001335 bestmemit:    2.137475   58.549402    1.000000    0.000000  546.204995
Iteration: 203 bestvalit: 0.001335 bestmemit:    2.137475   58.549402    1.000000    0.000000  546.204995
Iteration: 204 bestvalit: 0.001335 bestmemit:    2.137475   58.549402    1.000000    0.000000  546.204995
Iteration: 205 bestvalit: 0.001335 bestmemit:    2.137475   58.549402    1.000000    0.000000  546.204995
Iteration: 206 bestvalit: 0.001335 bestmemit:    2.137475   58.549402    1.000000    0.000000  546.204995
Iteration: 207 bestvalit: 0.001335 bestmemit:    2.137475   58.549402    1.000000    0.000000  546.204995
Iteration: 208 bestvalit: 0.001335 bestmemit:    2.137475   58.549402    1.000000    0.000000  546.204995
Iteration: 209 bestvalit: 0.001335 bestmemit:    2.137475   58.549402    1.000000    0.000000  546.204995
Iteration: 210 bestvalit: 0.001335 bestmemit:    2.137475   58.549402    1.000000    0.000000  546.204995
Iteration: 211 bestvalit: 0.001335 bestmemit:    2.137475   58.549402    1.000000    0.000000  546.204995
Iteration: 212 bestvalit: 0.001335 bestmemit:    2.137475   58.549402    1.000000    0.000000  546.204995

***** summary of DEoptim object ***** 
best member   :  2.13747 58.5494 1 0 546.205 
best value    :  0.00134 
after         :  212 generations 
fn evaluated  :  426 times 
*************************************
