SLURM_JOB_ID: 55336554
SLURM_JOB_USER: vsc34066
SLURM_JOB_ACCOUNT: lp_desenderlab
SLURM_JOB_NAME: fit_alternating_fb_beta_learn.slurm
SLURM_CLUSTER_NAME: genius
SLURM_JOB_PARTITION: batch
SLURM_ARRAY_JOB_ID: 55336494
SLURM_ARRAY_TASK_ID: 60
SLURM_NNODES: 1
SLURM_NODELIST: r23i13n13
SLURM_JOB_CPUS_PER_NODE: 8
Date: Tue Nov  7 16:43:54 CET 2023
Walltime: 00-23:00:00
========================================================================
Iteration: 1 bestvalit: 0.006226 bestmemit:   22.456996   77.993562    1.000000    0.000000  683.265380
Iteration: 2 bestvalit: 0.005764 bestmemit:   22.899412  -49.528079    1.000000    0.000000  683.265380
Iteration: 3 bestvalit: 0.004016 bestmemit:   10.717663   27.599453    1.000000    0.000000  841.881838
Iteration: 4 bestvalit: 0.002742 bestmemit:    9.387817  -49.528079    1.000000    0.000000  683.265380
Iteration: 5 bestvalit: 0.002742 bestmemit:    9.387817  -49.528079    1.000000    0.000000  683.265380
Iteration: 6 bestvalit: 0.002738 bestmemit:    9.387817  -49.528079    1.000000    0.000000  683.265380
Iteration: 7 bestvalit: 0.002738 bestmemit:    9.387817  -49.528079    1.000000    0.000000  683.265380
Iteration: 8 bestvalit: 0.002738 bestmemit:    9.387817  -49.528079    1.000000    0.000000  683.265380
Iteration: 9 bestvalit: 0.001410 bestmemit:    2.928699    2.734652    1.000000    0.000000  595.732595
Iteration: 10 bestvalit: 0.001410 bestmemit:    2.928699    2.734652    1.000000    0.000000  595.732595
Iteration: 11 bestvalit: 0.001410 bestmemit:    2.928699    2.734652    1.000000    0.000000  595.732595
Iteration: 12 bestvalit: 0.001410 bestmemit:    2.928699    2.734652    1.000000    0.000000  595.732595
Iteration: 13 bestvalit: 0.001410 bestmemit:    2.928699    2.734652    1.000000    0.000000  595.732595
Iteration: 14 bestvalit: 0.001410 bestmemit:    2.928699    2.734652    1.000000    0.000000  595.732595
Iteration: 15 bestvalit: 0.001410 bestmemit:    2.928699    2.734652    1.000000    0.000000  595.732595
Iteration: 16 bestvalit: 0.001410 bestmemit:    2.928699    2.734652    1.000000    0.000000  595.732595
Iteration: 17 bestvalit: 0.001410 bestmemit:    2.928699    2.734652    1.000000    0.000000  595.732595
Iteration: 18 bestvalit: 0.001410 bestmemit:    2.928699    2.734652    1.000000    0.000000  595.732595
Iteration: 19 bestvalit: 0.001410 bestmemit:    2.928699    2.734652    1.000000    0.000000  595.732595
Iteration: 20 bestvalit: 0.001410 bestmemit:    2.928699    2.734652    1.000000    0.000000  595.732595
Iteration: 21 bestvalit: 0.001410 bestmemit:    2.928699    2.734652    1.000000    0.000000  595.732595
Iteration: 22 bestvalit: 0.001410 bestmemit:    2.928699    2.734652    1.000000    0.000000  595.732595
Iteration: 23 bestvalit: 0.001410 bestmemit:    2.928699    2.734652    1.000000    0.000000  595.732595
Iteration: 24 bestvalit: 0.001410 bestmemit:    2.928699    2.734652    1.000000    0.000000  595.732595
Iteration: 25 bestvalit: 0.001410 bestmemit:    2.928699    2.734652    1.000000    0.000000  595.732595
Iteration: 26 bestvalit: 0.001410 bestmemit:    2.928699    2.734652    1.000000    0.000000  595.732595
Iteration: 27 bestvalit: 0.001410 bestmemit:    2.928699    2.734652    1.000000    0.000000  595.732595
Iteration: 28 bestvalit: 0.001410 bestmemit:    2.928699    2.734652    1.000000    0.000000  595.732595
Iteration: 29 bestvalit: 0.001410 bestmemit:    2.928699    2.734652    1.000000    0.000000  595.732595
Iteration: 30 bestvalit: 0.001410 bestmemit:    2.928699    2.734652    1.000000    0.000000  595.732595
Iteration: 31 bestvalit: 0.001410 bestmemit:    2.928699    2.734652    1.000000    0.000000  595.732595
Iteration: 32 bestvalit: 0.001410 bestmemit:    2.928699    2.734652    1.000000    0.000000  595.732595
Iteration: 33 bestvalit: 0.001410 bestmemit:    2.928699    2.734652    1.000000    0.000000  595.732595
Iteration: 34 bestvalit: 0.001410 bestmemit:    2.928699    2.734652    1.000000    0.000000  595.732595
Iteration: 35 bestvalit: 0.001410 bestmemit:    2.928699    2.734652    1.000000    0.000000  595.732595
Iteration: 36 bestvalit: 0.001410 bestmemit:    2.928699    2.734652    1.000000    0.000000  595.732595
Iteration: 37 bestvalit: 0.001410 bestmemit:    2.928699    2.734652    1.000000    0.000000  595.732595
Iteration: 38 bestvalit: 0.001410 bestmemit:    2.928699    2.734652    1.000000    0.000000  595.732595
Iteration: 39 bestvalit: 0.001407 bestmemit:    2.175413  -19.733128    1.000000    0.000000  608.352072
Iteration: 40 bestvalit: 0.001407 bestmemit:    2.175413  -19.733128    1.000000    0.000000  608.352072
Iteration: 41 bestvalit: 0.001395 bestmemit:    2.623321  -18.183147    1.000000    0.000000  608.352072
Iteration: 42 bestvalit: 0.001383 bestmemit:    1.758627   25.108753    1.000000    0.000000  580.069058
Iteration: 43 bestvalit: 0.001383 bestmemit:    1.758627   25.108753    1.000000    0.000000  580.069058
Iteration: 44 bestvalit: 0.001383 bestmemit:    1.758627   25.108753    1.000000    0.000000  580.069058
Iteration: 45 bestvalit: 0.001383 bestmemit:    1.758627   25.108753    1.000000    0.000000  580.069058
Iteration: 46 bestvalit: 0.001383 bestmemit:    1.758627   25.108753    1.000000    0.000000  580.069058
Iteration: 47 bestvalit: 0.001383 bestmemit:    1.758627   25.108753    1.000000    0.000000  580.069058
Iteration: 48 bestvalit: 0.001383 bestmemit:    1.758627   25.108753    1.000000    0.000000  580.069058
Iteration: 49 bestvalit: 0.001383 bestmemit:    1.758627   25.108753    1.000000    0.000000  580.069058
Iteration: 50 bestvalit: 0.001383 bestmemit:    1.758627   25.108753    1.000000    0.000000  580.069058
Iteration: 51 bestvalit: 0.001383 bestmemit:    1.758627   25.108753    1.000000    0.000000  580.069058
Iteration: 52 bestvalit: 0.001383 bestmemit:    1.758627   25.108753    1.000000    0.000000  580.069058
Iteration: 53 bestvalit: 0.001374 bestmemit:    3.036042    3.192842    1.000000    0.000000  585.323722
Iteration: 54 bestvalit: 0.001374 bestmemit:    3.036042    3.192842    1.000000    0.000000  585.323722
Iteration: 55 bestvalit: 0.001374 bestmemit:    3.036042    3.192842    1.000000    0.000000  585.323722
Iteration: 56 bestvalit: 0.001374 bestmemit:    3.036042    3.192842    1.000000    0.000000  585.323722
Iteration: 57 bestvalit: 0.001374 bestmemit:    3.036042    3.192842    1.000000    0.000000  585.323722
Iteration: 58 bestvalit: 0.001374 bestmemit:    3.036042    3.192842    1.000000    0.000000  585.323722
Iteration: 59 bestvalit: 0.001374 bestmemit:    3.036042    3.192842    1.000000    0.000000  585.323722
Iteration: 60 bestvalit: 0.001374 bestmemit:    3.036042    3.192842    1.000000    0.000000  585.323722
Iteration: 61 bestvalit: 0.001374 bestmemit:    3.036042    3.192842    1.000000    0.000000  585.323722
Iteration: 62 bestvalit: 0.001374 bestmemit:    3.036042    3.192842    1.000000    0.000000  585.323722
Iteration: 63 bestvalit: 0.001374 bestmemit:    3.036042    3.192842    1.000000    0.000000  585.323722
Iteration: 64 bestvalit: 0.001374 bestmemit:    3.036042    3.192842    1.000000    0.000000  585.323722
Iteration: 65 bestvalit: 0.001374 bestmemit:    3.036042    3.192842    1.000000    0.000000  585.323722
Iteration: 66 bestvalit: 0.001374 bestmemit:    3.036042    3.192842    1.000000    0.000000  585.323722
Iteration: 67 bestvalit: 0.001374 bestmemit:    3.036042    3.192842    1.000000    0.000000  585.323722
Iteration: 68 bestvalit: 0.001374 bestmemit:    3.036042    3.192842    1.000000    0.000000  585.323722
Iteration: 69 bestvalit: 0.001374 bestmemit:    3.036042    3.192842    1.000000    0.000000  585.323722
Iteration: 70 bestvalit: 0.001374 bestmemit:    3.036042    3.192842    1.000000    0.000000  585.323722
Iteration: 71 bestvalit: 0.001374 bestmemit:    3.036042    3.192842    1.000000    0.000000  585.323722
Iteration: 72 bestvalit: 0.001374 bestmemit:    3.036042    3.192842    1.000000    0.000000  585.323722
Iteration: 73 bestvalit: 0.001374 bestmemit:    3.036042    3.192842    1.000000    0.000000  585.323722
Iteration: 74 bestvalit: 0.001374 bestmemit:    3.036042    3.192842    1.000000    0.000000  585.323722
Iteration: 75 bestvalit: 0.001374 bestmemit:    3.036042    3.192842    1.000000    0.000000  585.323722
Iteration: 76 bestvalit: 0.001374 bestmemit:    3.036042    3.192842    1.000000    0.000000  585.323722
Iteration: 77 bestvalit: 0.001374 bestmemit:    3.036042    3.192842    1.000000    0.000000  585.323722
Iteration: 78 bestvalit: 0.001374 bestmemit:    3.036042    3.192842    1.000000    0.000000  585.323722
Iteration: 79 bestvalit: 0.001374 bestmemit:    3.036042    3.192842    1.000000    0.000000  585.323722
Iteration: 80 bestvalit: 0.001374 bestmemit:    3.036042    3.192842    1.000000    0.000000  585.323722
Iteration: 81 bestvalit: 0.001374 bestmemit:    3.036042    3.192842    1.000000    0.000000  585.323722
Iteration: 82 bestvalit: 0.001374 bestmemit:    3.036042    3.192842    1.000000    0.000000  585.323722
Iteration: 83 bestvalit: 0.001374 bestmemit:    3.036042    3.192842    1.000000    0.000000  585.323722
Iteration: 84 bestvalit: 0.001374 bestmemit:    3.036042    3.192842    1.000000    0.000000  585.323722
Iteration: 85 bestvalit: 0.001374 bestmemit:    3.036042    3.192842    1.000000    0.000000  585.323722
Iteration: 86 bestvalit: 0.001374 bestmemit:    3.036042    3.192842    1.000000    0.000000  585.323722
Iteration: 87 bestvalit: 0.001374 bestmemit:    3.036042    3.192842    1.000000    0.000000  585.323722
Iteration: 88 bestvalit: 0.001374 bestmemit:    3.036042    3.192842    1.000000    0.000000  585.323722
Iteration: 89 bestvalit: 0.001374 bestmemit:    3.036042    3.192842    1.000000    0.000000  585.323722
Iteration: 90 bestvalit: 0.001374 bestmemit:    3.036042    3.192842    1.000000    0.000000  585.323722
Iteration: 91 bestvalit: 0.001374 bestmemit:    3.036042    3.192842    1.000000    0.000000  585.323722
Iteration: 92 bestvalit: 0.001374 bestmemit:    3.036042    3.192842    1.000000    0.000000  585.323722
Iteration: 93 bestvalit: 0.001374 bestmemit:    3.036042    3.192842    1.000000    0.000000  585.323722
Iteration: 94 bestvalit: 0.001374 bestmemit:    3.036042    3.192842    1.000000    0.000000  585.323722
Iteration: 95 bestvalit: 0.001374 bestmemit:    3.036042    3.192842    1.000000    0.000000  585.323722
Iteration: 96 bestvalit: 0.001374 bestmemit:    3.036042    3.192842    1.000000    0.000000  585.323722
Iteration: 97 bestvalit: 0.001374 bestmemit:    3.036042    3.192842    1.000000    0.000000  585.323722
Iteration: 98 bestvalit: 0.001370 bestmemit:    2.678820   -6.538763    1.000000    0.000000  589.384408
Iteration: 99 bestvalit: 0.001370 bestmemit:    2.678820   -6.538763    1.000000    0.000000  589.384408
Iteration: 100 bestvalit: 0.001370 bestmemit:    2.678820   -6.538763    1.000000    0.000000  589.384408
Iteration: 101 bestvalit: 0.001370 bestmemit:    2.678820   -6.538763    1.000000    0.000000  589.384408
Iteration: 102 bestvalit: 0.001370 bestmemit:    2.678820   -6.538763    1.000000    0.000000  589.384408
Iteration: 103 bestvalit: 0.001370 bestmemit:    2.678820   -6.538763    1.000000    0.000000  589.384408
Iteration: 104 bestvalit: 0.001370 bestmemit:    2.678820   -6.538763    1.000000    0.000000  589.384408
Iteration: 105 bestvalit: 0.001370 bestmemit:    2.678820   -6.538763    1.000000    0.000000  589.384408
Iteration: 106 bestvalit: 0.001370 bestmemit:    2.678820   -6.538763    1.000000    0.000000  589.384408
Iteration: 107 bestvalit: 0.001370 bestmemit:    2.678820   -6.538763    1.000000    0.000000  589.384408
Iteration: 108 bestvalit: 0.001370 bestmemit:    2.678820   -6.538763    1.000000    0.000000  589.384408
Iteration: 109 bestvalit: 0.001370 bestmemit:    2.678820   -6.538763    1.000000    0.000000  589.384408
Iteration: 110 bestvalit: 0.001370 bestmemit:    2.678820   -6.538763    1.000000    0.000000  589.384408
Iteration: 111 bestvalit: 0.001370 bestmemit:    2.678820   -6.538763    1.000000    0.000000  589.384408
Iteration: 112 bestvalit: 0.001370 bestmemit:    2.678820   -6.538763    1.000000    0.000000  589.384408
Iteration: 113 bestvalit: 0.001370 bestmemit:    2.678820   -6.538763    1.000000    0.000000  589.384408
Iteration: 114 bestvalit: 0.001370 bestmemit:    2.678820   -6.538763    1.000000    0.000000  589.384408
Iteration: 115 bestvalit: 0.001370 bestmemit:    2.678820   -6.538763    1.000000    0.000000  589.384408
Iteration: 116 bestvalit: 0.001370 bestmemit:    2.678820   -6.538763    1.000000    0.000000  589.384408
Iteration: 117 bestvalit: 0.001370 bestmemit:    2.678820   -6.538763    1.000000    0.000000  589.384408
Iteration: 118 bestvalit: 0.001370 bestmemit:    2.678820   -6.538763    1.000000    0.000000  589.384408
Iteration: 119 bestvalit: 0.001370 bestmemit:    2.678820   -6.538763    1.000000    0.000000  589.384408
Iteration: 120 bestvalit: 0.001370 bestmemit:    2.678820   -6.538763    1.000000    0.000000  589.384408
Iteration: 121 bestvalit: 0.001370 bestmemit:    2.678820   -6.538763    1.000000    0.000000  589.384408
Iteration: 122 bestvalit: 0.001370 bestmemit:    2.678820   -6.538763    1.000000    0.000000  589.384408
Iteration: 123 bestvalit: 0.001370 bestmemit:    2.678820   -6.538763    1.000000    0.000000  589.384408
Iteration: 124 bestvalit: 0.001370 bestmemit:    2.678820   -6.538763    1.000000    0.000000  589.384408
Iteration: 125 bestvalit: 0.001370 bestmemit:    2.678820   -6.538763    1.000000    0.000000  589.384408
Iteration: 126 bestvalit: 0.001370 bestmemit:    2.678820   -6.538763    1.000000    0.000000  589.384408
Iteration: 127 bestvalit: 0.001370 bestmemit:    2.678820   -6.538763    1.000000    0.000000  589.384408
Iteration: 128 bestvalit: 0.001370 bestmemit:    2.678820   -6.538763    1.000000    0.000000  589.384408
Iteration: 129 bestvalit: 0.001370 bestmemit:    2.678820   -6.538763    1.000000    0.000000  589.384408
Iteration: 130 bestvalit: 0.001370 bestmemit:    2.678820   -6.538763    1.000000    0.000000  589.384408
Iteration: 131 bestvalit: 0.001370 bestmemit:    2.678820   -6.538763    1.000000    0.000000  589.384408
Iteration: 132 bestvalit: 0.001370 bestmemit:    2.678820   -6.538763    1.000000    0.000000  589.384408
Iteration: 133 bestvalit: 0.001370 bestmemit:    2.678820   -6.538763    1.000000    0.000000  589.384408
Iteration: 134 bestvalit: 0.001370 bestmemit:    2.678820   -6.538763    1.000000    0.000000  589.384408
Iteration: 135 bestvalit: 0.001370 bestmemit:    2.678820   -6.538763    1.000000    0.000000  589.384408
Iteration: 136 bestvalit: 0.001370 bestmemit:    2.678820   -6.538763    1.000000    0.000000  589.384408
Iteration: 137 bestvalit: 0.001370 bestmemit:    2.678820   -6.538763    1.000000    0.000000  589.384408
Iteration: 138 bestvalit: 0.001370 bestmemit:    2.678820   -6.538763    1.000000    0.000000  589.384408
Iteration: 139 bestvalit: 0.001370 bestmemit:    2.678820   -6.538763    1.000000    0.000000  589.384408
Iteration: 140 bestvalit: 0.001370 bestmemit:    2.678820   -6.538763    1.000000    0.000000  589.384408
Iteration: 141 bestvalit: 0.001370 bestmemit:    2.678820   -6.538763    1.000000    0.000000  589.384408
Iteration: 142 bestvalit: 0.001370 bestmemit:    2.678820   -6.538763    1.000000    0.000000  589.384408
Iteration: 143 bestvalit: 0.001370 bestmemit:    2.678820   -6.538763    1.000000    0.000000  589.384408
Iteration: 144 bestvalit: 0.001370 bestmemit:    2.678820   -6.538763    1.000000    0.000000  589.384408
Iteration: 145 bestvalit: 0.001370 bestmemit:    2.678820   -6.538763    1.000000    0.000000  589.384408
Iteration: 146 bestvalit: 0.001370 bestmemit:    2.678820   -6.538763    1.000000    0.000000  589.384408
Iteration: 147 bestvalit: 0.001370 bestmemit:    2.678820   -6.538763    1.000000    0.000000  589.384408
Iteration: 148 bestvalit: 0.001370 bestmemit:    2.678820   -6.538763    1.000000    0.000000  589.384408
Iteration: 149 bestvalit: 0.001370 bestmemit:    2.678820   -6.538763    1.000000    0.000000  589.384408
Iteration: 150 bestvalit: 0.001370 bestmemit:    2.678820   -6.538763    1.000000    0.000000  589.384408
Iteration: 151 bestvalit: 0.001370 bestmemit:    2.678820   -6.538763    1.000000    0.000000  589.384408
Iteration: 152 bestvalit: 0.001370 bestmemit:    2.678820   -6.538763    1.000000    0.000000  589.384408
Iteration: 153 bestvalit: 0.001370 bestmemit:    2.678820   -6.538763    1.000000    0.000000  589.384408
Iteration: 154 bestvalit: 0.001370 bestmemit:    2.678820   -6.538763    1.000000    0.000000  589.384408
Iteration: 155 bestvalit: 0.001370 bestmemit:    2.678820   -6.538763    1.000000    0.000000  589.384408
Iteration: 156 bestvalit: 0.001370 bestmemit:    2.678820   -6.538763    1.000000    0.000000  589.384408
Iteration: 157 bestvalit: 0.001370 bestmemit:    2.678820   -6.538763    1.000000    0.000000  589.384408
Iteration: 158 bestvalit: 0.001370 bestmemit:    2.678820   -6.538763    1.000000    0.000000  589.384408
Iteration: 159 bestvalit: 0.001370 bestmemit:    2.678820   -6.538763    1.000000    0.000000  589.384408
Iteration: 160 bestvalit: 0.001370 bestmemit:    2.678820   -6.538763    1.000000    0.000000  589.384408
Iteration: 161 bestvalit: 0.001370 bestmemit:    2.678820   -6.538763    1.000000    0.000000  589.384408
Iteration: 162 bestvalit: 0.001370 bestmemit:    2.678820   -6.538763    1.000000    0.000000  589.384408
Iteration: 163 bestvalit: 0.001370 bestmemit:    2.678820   -6.538763    1.000000    0.000000  589.384408
Iteration: 164 bestvalit: 0.001370 bestmemit:    2.678820   -6.538763    1.000000    0.000000  589.384408
Iteration: 165 bestvalit: 0.001370 bestmemit:    2.678820   -6.538763    1.000000    0.000000  589.384408
Iteration: 166 bestvalit: 0.001370 bestmemit:    2.678820   -6.538763    1.000000    0.000000  589.384408
Iteration: 167 bestvalit: 0.001370 bestmemit:    2.678820   -6.538763    1.000000    0.000000  589.384408
Iteration: 168 bestvalit: 0.001370 bestmemit:    2.678820   -6.538763    1.000000    0.000000  589.384408
Iteration: 169 bestvalit: 0.001370 bestmemit:    2.678820   -6.538763    1.000000    0.000000  589.384408
Iteration: 170 bestvalit: 0.001370 bestmemit:    2.678820   -6.538763    1.000000    0.000000  589.384408
Iteration: 171 bestvalit: 0.001370 bestmemit:    2.678820   -6.538763    1.000000    0.000000  589.384408
Iteration: 172 bestvalit: 0.001370 bestmemit:    2.678820   -6.538763    1.000000    0.000000  589.384408
Iteration: 173 bestvalit: 0.001370 bestmemit:    2.678820   -6.538763    1.000000    0.000000  589.384408
Iteration: 174 bestvalit: 0.001370 bestmemit:    2.678820   -6.538763    1.000000    0.000000  589.384408
Iteration: 175 bestvalit: 0.001370 bestmemit:    2.678820   -6.538763    1.000000    0.000000  589.384408
Iteration: 176 bestvalit: 0.001370 bestmemit:    2.678820   -6.538763    1.000000    0.000000  589.384408
Iteration: 177 bestvalit: 0.001370 bestmemit:    2.678820   -6.538763    1.000000    0.000000  589.384408
Iteration: 178 bestvalit: 0.001370 bestmemit:    2.678820   -6.538763    1.000000    0.000000  589.384408
Iteration: 179 bestvalit: 0.001370 bestmemit:    2.678820   -6.538763    1.000000    0.000000  589.384408
Iteration: 180 bestvalit: 0.001370 bestmemit:    2.678820   -6.538763    1.000000    0.000000  589.384408
Iteration: 181 bestvalit: 0.001370 bestmemit:    2.678820   -6.538763    1.000000    0.000000  589.384408
Iteration: 182 bestvalit: 0.001370 bestmemit:    2.678820   -6.538763    1.000000    0.000000  589.384408
Iteration: 183 bestvalit: 0.001370 bestmemit:    2.678820   -6.538763    1.000000    0.000000  589.384408
Iteration: 184 bestvalit: 0.001370 bestmemit:    2.678820   -6.538763    1.000000    0.000000  589.384408
Iteration: 185 bestvalit: 0.001370 bestmemit:    2.678820   -6.538763    1.000000    0.000000  589.384408
Iteration: 186 bestvalit: 0.001370 bestmemit:    2.678820   -6.538763    1.000000    0.000000  589.384408
Iteration: 187 bestvalit: 0.001370 bestmemit:    2.678820   -6.538763    1.000000    0.000000  589.384408
Iteration: 188 bestvalit: 0.001370 bestmemit:    2.678820   -6.538763    1.000000    0.000000  589.384408
Iteration: 189 bestvalit: 0.001370 bestmemit:    2.678820   -6.538763    1.000000    0.000000  589.384408
Iteration: 190 bestvalit: 0.001370 bestmemit:    2.678820   -6.538763    1.000000    0.000000  589.384408
Iteration: 191 bestvalit: 0.001370 bestmemit:    2.678820   -6.538763    1.000000    0.000000  589.384408
Iteration: 192 bestvalit: 0.001370 bestmemit:    2.678820   -6.538763    1.000000    0.000000  589.384408
Iteration: 193 bestvalit: 0.001368 bestmemit:    2.220605   29.239365    1.000000    0.000000  586.746384
Iteration: 194 bestvalit: 0.001368 bestmemit:    2.220605   29.239365    1.000000    0.000000  586.746384
Iteration: 195 bestvalit: 0.001368 bestmemit:    2.220605   29.239365    1.000000    0.000000  586.746384
Iteration: 196 bestvalit: 0.001368 bestmemit:    2.220605   29.239365    1.000000    0.000000  586.746384
Iteration: 197 bestvalit: 0.001368 bestmemit:    2.220605   29.239365    1.000000    0.000000  586.746384
Iteration: 198 bestvalit: 0.001368 bestmemit:    2.220605   29.239365    1.000000    0.000000  586.746384
Iteration: 199 bestvalit: 0.001368 bestmemit:    2.220605   29.239365    1.000000    0.000000  586.746384
Iteration: 200 bestvalit: 0.001368 bestmemit:    2.220605   29.239365    1.000000    0.000000  586.746384
Iteration: 201 bestvalit: 0.001368 bestmemit:    2.220605   29.239365    1.000000    0.000000  586.746384
Iteration: 202 bestvalit: 0.001368 bestmemit:    2.220605   29.239365    1.000000    0.000000  586.746384
Iteration: 203 bestvalit: 0.001368 bestmemit:    2.220605   29.239365    1.000000    0.000000  586.746384
Iteration: 204 bestvalit: 0.001368 bestmemit:    2.220605   29.239365    1.000000    0.000000  586.746384
Iteration: 205 bestvalit: 0.001368 bestmemit:    2.220605   29.239365    1.000000    0.000000  586.746384
Iteration: 206 bestvalit: 0.001368 bestmemit:    2.220605   29.239365    1.000000    0.000000  586.746384
Iteration: 207 bestvalit: 0.001368 bestmemit:    2.220605   29.239365    1.000000    0.000000  586.746384
Iteration: 208 bestvalit: 0.001368 bestmemit:    2.220605   29.239365    1.000000    0.000000  586.746384
Iteration: 209 bestvalit: 0.001368 bestmemit:    2.220605   29.239365    1.000000    0.000000  586.746384
Iteration: 210 bestvalit: 0.001368 bestmemit:    2.220605   29.239365    1.000000    0.000000  586.746384
Iteration: 211 bestvalit: 0.001368 bestmemit:    2.220605   29.239365    1.000000    0.000000  586.746384
Iteration: 212 bestvalit: 0.001368 bestmemit:    2.220605   29.239365    1.000000    0.000000  586.746384
Iteration: 213 bestvalit: 0.001368 bestmemit:    2.220605   29.239365    1.000000    0.000000  586.746384
Iteration: 214 bestvalit: 0.001368 bestmemit:    2.220605   29.239365    1.000000    0.000000  586.746384
Iteration: 215 bestvalit: 0.001368 bestmemit:    2.220605   29.239365    1.000000    0.000000  586.746384
Iteration: 216 bestvalit: 0.001368 bestmemit:    2.220605   29.239365    1.000000    0.000000  586.746384
Iteration: 217 bestvalit: 0.001368 bestmemit:    2.220605   29.239365    1.000000    0.000000  586.746384
Iteration: 218 bestvalit: 0.001368 bestmemit:    2.220605   29.239365    1.000000    0.000000  586.746384
Iteration: 219 bestvalit: 0.001368 bestmemit:    2.220605   29.239365    1.000000    0.000000  586.746384
Iteration: 220 bestvalit: 0.001368 bestmemit:    2.220605   29.239365    1.000000    0.000000  586.746384
Iteration: 221 bestvalit: 0.001368 bestmemit:    2.220605   29.239365    1.000000    0.000000  586.746384
Iteration: 222 bestvalit: 0.001368 bestmemit:    2.220605   29.239365    1.000000    0.000000  586.746384
Iteration: 223 bestvalit: 0.001368 bestmemit:    2.220605   29.239365    1.000000    0.000000  586.746384
Iteration: 224 bestvalit: 0.001368 bestmemit:    2.220605   29.239365    1.000000    0.000000  586.746384
Iteration: 225 bestvalit: 0.001368 bestmemit:    2.220605   29.239365    1.000000    0.000000  586.746384
Iteration: 226 bestvalit: 0.001368 bestmemit:    2.220605   29.239365    1.000000    0.000000  586.746384
Iteration: 227 bestvalit: 0.001368 bestmemit:    2.220605   29.239365    1.000000    0.000000  586.746384
Iteration: 228 bestvalit: 0.001368 bestmemit:    2.220605   29.239365    1.000000    0.000000  586.746384
Iteration: 229 bestvalit: 0.001368 bestmemit:    2.220605   29.239365    1.000000    0.000000  586.746384
Iteration: 230 bestvalit: 0.001368 bestmemit:    2.220605   29.239365    1.000000    0.000000  586.746384
Iteration: 231 bestvalit: 0.001368 bestmemit:    2.220605   29.239365    1.000000    0.000000  586.746384
Iteration: 232 bestvalit: 0.001368 bestmemit:    2.220605   29.239365    1.000000    0.000000  586.746384
Iteration: 233 bestvalit: 0.001368 bestmemit:    2.220605   29.239365    1.000000    0.000000  586.746384
Iteration: 234 bestvalit: 0.001368 bestmemit:    2.220605   29.239365    1.000000    0.000000  586.746384
Iteration: 235 bestvalit: 0.001368 bestmemit:    2.220605   29.239365    1.000000    0.000000  586.746384
Iteration: 236 bestvalit: 0.001368 bestmemit:    2.220605   29.239365    1.000000    0.000000  586.746384
Iteration: 237 bestvalit: 0.001368 bestmemit:    2.220605   29.239365    1.000000    0.000000  586.746384
Iteration: 238 bestvalit: 0.001368 bestmemit:    2.220605   29.239365    1.000000    0.000000  586.746384
Iteration: 239 bestvalit: 0.001368 bestmemit:    2.220605   29.239365    1.000000    0.000000  586.746384
Iteration: 240 bestvalit: 0.001368 bestmemit:    2.220605   29.239365    1.000000    0.000000  586.746384
Iteration: 241 bestvalit: 0.001368 bestmemit:    2.220605   29.239365    1.000000    0.000000  586.746384
Iteration: 242 bestvalit: 0.001368 bestmemit:    2.220605   29.239365    1.000000    0.000000  586.746384
Iteration: 243 bestvalit: 0.001368 bestmemit:    2.220605   29.239365    1.000000    0.000000  586.746384
Iteration: 244 bestvalit: 0.001368 bestmemit:    2.220605   29.239365    1.000000    0.000000  586.746384
Iteration: 245 bestvalit: 0.001368 bestmemit:    2.220605   29.239365    1.000000    0.000000  586.746384
Iteration: 246 bestvalit: 0.001368 bestmemit:    2.220605   29.239365    1.000000    0.000000  586.746384
Iteration: 247 bestvalit: 0.001368 bestmemit:    2.220605   29.239365    1.000000    0.000000  586.746384
Iteration: 248 bestvalit: 0.001368 bestmemit:    2.220605   29.239365    1.000000    0.000000  586.746384
Iteration: 249 bestvalit: 0.001368 bestmemit:    2.220605   29.239365    1.000000    0.000000  586.746384
Iteration: 250 bestvalit: 0.001368 bestmemit:    2.220605   29.239365    1.000000    0.000000  586.746384
Iteration: 251 bestvalit: 0.001368 bestmemit:    2.220605   29.239365    1.000000    0.000000  586.746384
Iteration: 252 bestvalit: 0.001368 bestmemit:    2.220605   29.239365    1.000000    0.000000  586.746384
Iteration: 253 bestvalit: 0.001368 bestmemit:    2.220605   29.239365    1.000000    0.000000  586.746384
Iteration: 254 bestvalit: 0.001368 bestmemit:    2.220605   29.239365    1.000000    0.000000  586.746384
Iteration: 255 bestvalit: 0.001368 bestmemit:    2.220605   29.239365    1.000000    0.000000  586.746384
Iteration: 256 bestvalit: 0.001368 bestmemit:    2.220605   29.239365    1.000000    0.000000  586.746384
Iteration: 257 bestvalit: 0.001368 bestmemit:    2.220605   29.239365    1.000000    0.000000  586.746384
Iteration: 258 bestvalit: 0.001368 bestmemit:    2.220605   29.239365    1.000000    0.000000  586.746384
Iteration: 259 bestvalit: 0.001368 bestmemit:    2.220605   29.239365    1.000000    0.000000  586.746384
Iteration: 260 bestvalit: 0.001368 bestmemit:    2.220605   29.239365    1.000000    0.000000  586.746384
Iteration: 261 bestvalit: 0.001368 bestmemit:    2.220605   29.239365    1.000000    0.000000  586.746384
Iteration: 262 bestvalit: 0.001368 bestmemit:    2.220605   29.239365    1.000000    0.000000  586.746384
Iteration: 263 bestvalit: 0.001368 bestmemit:    2.220605   29.239365    1.000000    0.000000  586.746384
Iteration: 264 bestvalit: 0.001368 bestmemit:    2.220605   29.239365    1.000000    0.000000  586.746384
Iteration: 265 bestvalit: 0.001368 bestmemit:    2.220605   29.239365    1.000000    0.000000  586.746384
Iteration: 266 bestvalit: 0.001368 bestmemit:    2.220605   29.239365    1.000000    0.000000  586.746384
Iteration: 267 bestvalit: 0.001365 bestmemit:    2.124819  -24.881743    1.000000    0.000000  585.348700
Iteration: 268 bestvalit: 0.001365 bestmemit:    2.124819  -24.881743    1.000000    0.000000  585.348700
Iteration: 269 bestvalit: 0.001365 bestmemit:    2.124819  -24.881743    1.000000    0.000000  585.348700
Iteration: 270 bestvalit: 0.001365 bestmemit:    2.124819  -24.881743    1.000000    0.000000  585.348700
Iteration: 271 bestvalit: 0.001365 bestmemit:    2.124819  -24.881743    1.000000    0.000000  585.348700
Iteration: 272 bestvalit: 0.001365 bestmemit:    2.124819  -24.881743    1.000000    0.000000  585.348700
Iteration: 273 bestvalit: 0.001365 bestmemit:    2.124819  -24.881743    1.000000    0.000000  585.348700
Iteration: 274 bestvalit: 0.001365 bestmemit:    2.124819  -24.881743    1.000000    0.000000  585.348700
Iteration: 275 bestvalit: 0.001365 bestmemit:    2.124819  -24.881743    1.000000    0.000000  585.348700
Iteration: 276 bestvalit: 0.001365 bestmemit:    2.124819  -24.881743    1.000000    0.000000  585.348700
Iteration: 277 bestvalit: 0.001365 bestmemit:    2.124819  -24.881743    1.000000    0.000000  585.348700
Iteration: 278 bestvalit: 0.001365 bestmemit:    2.124819  -24.881743    1.000000    0.000000  585.348700
Iteration: 279 bestvalit: 0.001365 bestmemit:    2.124819  -24.881743    1.000000    0.000000  585.348700
Iteration: 280 bestvalit: 0.001365 bestmemit:    2.124819  -24.881743    1.000000    0.000000  585.348700
Iteration: 281 bestvalit: 0.001365 bestmemit:    2.124819  -24.881743    1.000000    0.000000  585.348700
Iteration: 282 bestvalit: 0.001365 bestmemit:    2.124819  -24.881743    1.000000    0.000000  585.348700
Iteration: 283 bestvalit: 0.001365 bestmemit:    2.124819  -24.881743    1.000000    0.000000  585.348700
Iteration: 284 bestvalit: 0.001365 bestmemit:    2.124819  -24.881743    1.000000    0.000000  585.348700
Iteration: 285 bestvalit: 0.001365 bestmemit:    2.124819  -24.881743    1.000000    0.000000  585.348700
Iteration: 286 bestvalit: 0.001365 bestmemit:    2.124819  -24.881743    1.000000    0.000000  585.348700
Iteration: 287 bestvalit: 0.001365 bestmemit:    2.124819  -24.881743    1.000000    0.000000  585.348700
Iteration: 288 bestvalit: 0.001365 bestmemit:    2.124819  -24.881743    1.000000    0.000000  585.348700
Iteration: 289 bestvalit: 0.001365 bestmemit:    2.124819  -24.881743    1.000000    0.000000  585.348700
Iteration: 290 bestvalit: 0.001361 bestmemit:    3.336392  -18.796493    1.000000    0.000000  582.609439
Iteration: 291 bestvalit: 0.001361 bestmemit:    3.336392  -18.796493    1.000000    0.000000  582.609439
Iteration: 292 bestvalit: 0.001361 bestmemit:    3.336392  -18.796493    1.000000    0.000000  582.609439
Iteration: 293 bestvalit: 0.001361 bestmemit:    3.336392  -18.796493    1.000000    0.000000  582.609439
Iteration: 294 bestvalit: 0.001361 bestmemit:    3.336392  -18.796493    1.000000    0.000000  582.609439
Iteration: 295 bestvalit: 0.001361 bestmemit:    3.336392  -18.796493    1.000000    0.000000  582.609439
Iteration: 296 bestvalit: 0.001361 bestmemit:    3.336392  -18.796493    1.000000    0.000000  582.609439
Iteration: 297 bestvalit: 0.001361 bestmemit:    3.336392  -18.796493    1.000000    0.000000  582.609439
Iteration: 298 bestvalit: 0.001361 bestmemit:    3.336392  -18.796493    1.000000    0.000000  582.609439
Iteration: 299 bestvalit: 0.001361 bestmemit:    3.336392  -18.796493    1.000000    0.000000  582.609439
Iteration: 300 bestvalit: 0.001361 bestmemit:    3.336392  -18.796493    1.000000    0.000000  582.609439
Iteration: 301 bestvalit: 0.001361 bestmemit:    3.336392  -18.796493    1.000000    0.000000  582.609439
Iteration: 302 bestvalit: 0.001361 bestmemit:    3.336392  -18.796493    1.000000    0.000000  582.609439
Iteration: 303 bestvalit: 0.001361 bestmemit:    3.336392  -18.796493    1.000000    0.000000  582.609439
Iteration: 304 bestvalit: 0.001361 bestmemit:    3.336392  -18.796493    1.000000    0.000000  582.609439
Iteration: 305 bestvalit: 0.001361 bestmemit:    3.336392  -18.796493    1.000000    0.000000  582.609439
Iteration: 306 bestvalit: 0.001361 bestmemit:    3.336392  -18.796493    1.000000    0.000000  582.609439
Iteration: 307 bestvalit: 0.001361 bestmemit:    3.336392  -18.796493    1.000000    0.000000  582.609439
Iteration: 308 bestvalit: 0.001361 bestmemit:    3.336392  -18.796493    1.000000    0.000000  582.609439
Iteration: 309 bestvalit: 0.001361 bestmemit:    3.336392  -18.796493    1.000000    0.000000  582.609439
Iteration: 310 bestvalit: 0.001361 bestmemit:    3.336392  -18.796493    1.000000    0.000000  582.609439
Iteration: 311 bestvalit: 0.001361 bestmemit:    3.336392  -18.796493    1.000000    0.000000  582.609439
Iteration: 312 bestvalit: 0.001361 bestmemit:    3.336392  -18.796493    1.000000    0.000000  582.609439
Iteration: 313 bestvalit: 0.001361 bestmemit:    3.336392  -18.796493    1.000000    0.000000  582.609439
Iteration: 314 bestvalit: 0.001361 bestmemit:    3.336392  -18.796493    1.000000    0.000000  582.609439
Iteration: 315 bestvalit: 0.001361 bestmemit:    3.336392  -18.796493    1.000000    0.000000  582.609439
Iteration: 316 bestvalit: 0.001361 bestmemit:    3.336392  -18.796493    1.000000    0.000000  582.609439
Iteration: 317 bestvalit: 0.001361 bestmemit:    3.336392  -18.796493    1.000000    0.000000  582.609439
Iteration: 318 bestvalit: 0.001361 bestmemit:    3.336392  -18.796493    1.000000    0.000000  582.609439
Iteration: 319 bestvalit: 0.001361 bestmemit:    3.336392  -18.796493    1.000000    0.000000  582.609439
Iteration: 320 bestvalit: 0.001361 bestmemit:    3.336392  -18.796493    1.000000    0.000000  582.609439
Iteration: 321 bestvalit: 0.001361 bestmemit:    3.336392  -18.796493    1.000000    0.000000  582.609439
Iteration: 322 bestvalit: 0.001361 bestmemit:    3.336392  -18.796493    1.000000    0.000000  582.609439
Iteration: 323 bestvalit: 0.001361 bestmemit:    3.336392  -18.796493    1.000000    0.000000  582.609439
Iteration: 324 bestvalit: 0.001361 bestmemit:    3.336392  -18.796493    1.000000    0.000000  582.609439
Iteration: 325 bestvalit: 0.001361 bestmemit:    3.336392  -18.796493    1.000000    0.000000  582.609439
Iteration: 326 bestvalit: 0.001361 bestmemit:    3.336392  -18.796493    1.000000    0.000000  582.609439
Iteration: 327 bestvalit: 0.001361 bestmemit:    3.336392  -18.796493    1.000000    0.000000  582.609439
Iteration: 328 bestvalit: 0.001361 bestmemit:    3.336392  -18.796493    1.000000    0.000000  582.609439
Iteration: 329 bestvalit: 0.001361 bestmemit:    3.336392  -18.796493    1.000000    0.000000  582.609439
Iteration: 330 bestvalit: 0.001361 bestmemit:    3.336392  -18.796493    1.000000    0.000000  582.609439
Iteration: 331 bestvalit: 0.001361 bestmemit:    3.336392  -18.796493    1.000000    0.000000  582.609439
Iteration: 332 bestvalit: 0.001361 bestmemit:    3.336392  -18.796493    1.000000    0.000000  582.609439
Iteration: 333 bestvalit: 0.001361 bestmemit:    3.336392  -18.796493    1.000000    0.000000  582.609439
Iteration: 334 bestvalit: 0.001361 bestmemit:    3.336392  -18.796493    1.000000    0.000000  582.609439
Iteration: 335 bestvalit: 0.001361 bestmemit:    3.336392  -18.796493    1.000000    0.000000  582.609439
Iteration: 336 bestvalit: 0.001361 bestmemit:    3.336392  -18.796493    1.000000    0.000000  582.609439
Iteration: 337 bestvalit: 0.001361 bestmemit:    3.336392  -18.796493    1.000000    0.000000  582.609439
Iteration: 338 bestvalit: 0.001361 bestmemit:    3.336392  -18.796493    1.000000    0.000000  582.609439
Iteration: 339 bestvalit: 0.001361 bestmemit:    3.336392  -18.796493    1.000000    0.000000  582.609439
Iteration: 340 bestvalit: 0.001361 bestmemit:    3.336392  -18.796493    1.000000    0.000000  582.609439
Iteration: 341 bestvalit: 0.001361 bestmemit:    3.336392  -18.796493    1.000000    0.000000  582.609439
Iteration: 342 bestvalit: 0.001361 bestmemit:    3.336392  -18.796493    1.000000    0.000000  582.609439
Iteration: 343 bestvalit: 0.001361 bestmemit:    3.336392  -18.796493    1.000000    0.000000  582.609439
Iteration: 344 bestvalit: 0.001361 bestmemit:    3.336392  -18.796493    1.000000    0.000000  582.609439
Iteration: 345 bestvalit: 0.001361 bestmemit:    3.336392  -18.796493    1.000000    0.000000  582.609439
Iteration: 346 bestvalit: 0.001361 bestmemit:    3.336392  -18.796493    1.000000    0.000000  582.609439
Iteration: 347 bestvalit: 0.001361 bestmemit:    3.336392  -18.796493    1.000000    0.000000  582.609439
Iteration: 348 bestvalit: 0.001361 bestmemit:    3.336392  -18.796493    1.000000    0.000000  582.609439
Iteration: 349 bestvalit: 0.001361 bestmemit:    3.336392  -18.796493    1.000000    0.000000  582.609439
Iteration: 350 bestvalit: 0.001361 bestmemit:    3.336392  -18.796493    1.000000    0.000000  582.609439
Iteration: 351 bestvalit: 0.001361 bestmemit:    3.336392  -18.796493    1.000000    0.000000  582.609439
Iteration: 352 bestvalit: 0.001361 bestmemit:    3.336392  -18.796493    1.000000    0.000000  582.609439
Iteration: 353 bestvalit: 0.001361 bestmemit:    3.336392  -18.796493    1.000000    0.000000  582.609439
Iteration: 354 bestvalit: 0.001361 bestmemit:    3.336392  -18.796493    1.000000    0.000000  582.609439
Iteration: 355 bestvalit: 0.001361 bestmemit:    3.336392  -18.796493    1.000000    0.000000  582.609439
Iteration: 356 bestvalit: 0.001361 bestmemit:    3.336392  -18.796493    1.000000    0.000000  582.609439
Iteration: 357 bestvalit: 0.001361 bestmemit:    3.336392  -18.796493    1.000000    0.000000  582.609439
Iteration: 358 bestvalit: 0.001361 bestmemit:    3.336392  -18.796493    1.000000    0.000000  582.609439
Iteration: 359 bestvalit: 0.001361 bestmemit:    3.336392  -18.796493    1.000000    0.000000  582.609439
Iteration: 360 bestvalit: 0.001361 bestmemit:    3.336392  -18.796493    1.000000    0.000000  582.609439
Iteration: 361 bestvalit: 0.001361 bestmemit:    3.336392  -18.796493    1.000000    0.000000  582.609439
Iteration: 362 bestvalit: 0.001361 bestmemit:    3.336392  -18.796493    1.000000    0.000000  582.609439
Iteration: 363 bestvalit: 0.001361 bestmemit:    3.336392  -18.796493    1.000000    0.000000  582.609439
Iteration: 364 bestvalit: 0.001361 bestmemit:    3.336392  -18.796493    1.000000    0.000000  582.609439
Iteration: 365 bestvalit: 0.001361 bestmemit:    3.336392  -18.796493    1.000000    0.000000  582.609439
Iteration: 366 bestvalit: 0.001361 bestmemit:    3.336392  -18.796493    1.000000    0.000000  582.609439
Iteration: 367 bestvalit: 0.001361 bestmemit:    3.336392  -18.796493    1.000000    0.000000  582.609439
Iteration: 368 bestvalit: 0.001361 bestmemit:    3.336392  -18.796493    1.000000    0.000000  582.609439
Iteration: 369 bestvalit: 0.001361 bestmemit:    3.336392  -18.796493    1.000000    0.000000  582.609439
Iteration: 370 bestvalit: 0.001361 bestmemit:    3.336392  -18.796493    1.000000    0.000000  582.609439
Iteration: 371 bestvalit: 0.001361 bestmemit:    3.336392  -18.796493    1.000000    0.000000  582.609439
Iteration: 372 bestvalit: 0.001361 bestmemit:    3.336392  -18.796493    1.000000    0.000000  582.609439
Iteration: 373 bestvalit: 0.001361 bestmemit:    3.336392  -18.796493    1.000000    0.000000  582.609439
Iteration: 374 bestvalit: 0.001361 bestmemit:    3.336392  -18.796493    1.000000    0.000000  582.609439
Iteration: 375 bestvalit: 0.001361 bestmemit:    3.336392  -18.796493    1.000000    0.000000  582.609439
Iteration: 376 bestvalit: 0.001361 bestmemit:    3.336392  -18.796493    1.000000    0.000000  582.609439
Iteration: 377 bestvalit: 0.001361 bestmemit:    3.336392  -18.796493    1.000000    0.000000  582.609439
Iteration: 378 bestvalit: 0.001361 bestmemit:    3.336392  -18.796493    1.000000    0.000000  582.609439
Iteration: 379 bestvalit: 0.001361 bestmemit:    3.336392  -18.796493    1.000000    0.000000  582.609439
Iteration: 380 bestvalit: 0.001361 bestmemit:    3.336392  -18.796493    1.000000    0.000000  582.609439
Iteration: 381 bestvalit: 0.001361 bestmemit:    3.336392  -18.796493    1.000000    0.000000  582.609439
Iteration: 382 bestvalit: 0.001361 bestmemit:    3.336392  -18.796493    1.000000    0.000000  582.609439
Iteration: 383 bestvalit: 0.001361 bestmemit:    3.336392  -18.796493    1.000000    0.000000  582.609439
Iteration: 384 bestvalit: 0.001361 bestmemit:    3.336392  -18.796493    1.000000    0.000000  582.609439
Iteration: 385 bestvalit: 0.001361 bestmemit:    3.336392  -18.796493    1.000000    0.000000  582.609439
Iteration: 386 bestvalit: 0.001361 bestmemit:    3.336392  -18.796493    1.000000    0.000000  582.609439
Iteration: 387 bestvalit: 0.001361 bestmemit:    3.336392  -18.796493    1.000000    0.000000  582.609439
Iteration: 388 bestvalit: 0.001361 bestmemit:    3.336392  -18.796493    1.000000    0.000000  582.609439
Iteration: 389 bestvalit: 0.001361 bestmemit:    3.336392  -18.796493    1.000000    0.000000  582.609439
Iteration: 390 bestvalit: 0.001361 bestmemit:    3.336392  -18.796493    1.000000    0.000000  582.609439
Iteration: 391 bestvalit: 0.001361 bestmemit:    3.336392  -18.796493    1.000000    0.000000  582.609439

***** summary of DEoptim object ***** 
best member   :  3.33639 -18.79649 1 0 582.6094 
best value    :  0.00136 
after         :  391 generations 
fn evaluated  :  784 times 
*************************************
