SLURM_JOB_ID: 55336529
SLURM_JOB_USER: vsc34066
SLURM_JOB_ACCOUNT: lp_desenderlab
SLURM_JOB_NAME: fit_alternating_fb_beta_learn.slurm
SLURM_CLUSTER_NAME: genius
SLURM_JOB_PARTITION: batch
SLURM_ARRAY_JOB_ID: 55336494
SLURM_ARRAY_TASK_ID: 35
SLURM_NNODES: 2
SLURM_NODELIST: r23i27n[08-09]
SLURM_JOB_CPUS_PER_NODE: 4(x2)
Date: Tue Nov  7 16:44:04 CET 2023
Walltime: 00-23:00:00
========================================================================
Iteration: 1 bestvalit: 0.007211 bestmemit:    5.425028   89.466450    1.000000    0.000000 1156.321310
Iteration: 2 bestvalit: 0.006870 bestmemit:    5.425028   96.291492    1.000000    0.000000 1156.321310
Iteration: 3 bestvalit: 0.003135 bestmemit:   10.187319  -66.269240    1.000000    0.000000  657.429763
Iteration: 4 bestvalit: 0.001595 bestmemit:    4.032227  -63.836287    1.000000    0.000000  693.478154
Iteration: 5 bestvalit: 0.001595 bestmemit:    4.032227  -63.836287    1.000000    0.000000  693.478154
Iteration: 6 bestvalit: 0.001585 bestmemit:    2.696443   54.752711    1.000000    0.000000  559.043123
Iteration: 7 bestvalit: 0.001585 bestmemit:    2.696443   54.752711    1.000000    0.000000  559.043123
Iteration: 8 bestvalit: 0.001585 bestmemit:    2.696443   54.752711    1.000000    0.000000  559.043123
Iteration: 9 bestvalit: 0.001585 bestmemit:    2.696443   54.752711    1.000000    0.000000  559.043123
Iteration: 10 bestvalit: 0.001585 bestmemit:    2.696443   54.752711    1.000000    0.000000  559.043123
Iteration: 11 bestvalit: 0.001585 bestmemit:    2.696443   54.752711    1.000000    0.000000  559.043123
Iteration: 12 bestvalit: 0.001578 bestmemit:    4.149495   61.657044    1.000000    0.000000  590.565708
Iteration: 13 bestvalit: 0.001578 bestmemit:    4.149495   61.657044    1.000000    0.000000  590.565708
Iteration: 14 bestvalit: 0.001578 bestmemit:    4.032227  -63.836287    1.000000    0.000000  641.781192
Iteration: 15 bestvalit: 0.001462 bestmemit:    3.041069   90.229006    1.000000    0.000000  627.343297
Iteration: 16 bestvalit: 0.001462 bestmemit:    3.041069   90.229006    1.000000    0.000000  627.343297
Iteration: 17 bestvalit: 0.001462 bestmemit:    3.041069   90.229006    1.000000    0.000000  627.343297
Iteration: 18 bestvalit: 0.001386 bestmemit:    0.867098  -28.000742    1.000000    0.000000  672.850537
Iteration: 19 bestvalit: 0.001358 bestmemit:    0.023039  -16.233515    1.000000    0.000000  646.479749
Iteration: 20 bestvalit: 0.001353 bestmemit:    1.458934   56.867014    1.000000    0.000000  656.448477
Iteration: 21 bestvalit: 0.001298 bestmemit:    1.723484  -53.323275    1.000000    0.000000  627.249834
Iteration: 22 bestvalit: 0.001298 bestmemit:    1.723484  -53.323275    1.000000    0.000000  627.249834
Iteration: 23 bestvalit: 0.001298 bestmemit:    1.723484  -53.323275    1.000000    0.000000  627.249834
Iteration: 24 bestvalit: 0.001298 bestmemit:    1.723484  -53.323275    1.000000    0.000000  627.249834
Iteration: 25 bestvalit: 0.001298 bestmemit:    1.723484  -53.323275    1.000000    0.000000  627.249834
Iteration: 26 bestvalit: 0.001286 bestmemit:    1.383202   12.249650    1.000000    0.000000  633.962899
Iteration: 27 bestvalit: 0.001286 bestmemit:    1.383202   12.249650    1.000000    0.000000  633.962899
Iteration: 28 bestvalit: 0.001286 bestmemit:    1.383202   12.249650    1.000000    0.000000  633.962899
Iteration: 29 bestvalit: 0.001286 bestmemit:    1.383202   12.249650    1.000000    0.000000  633.962899
Iteration: 30 bestvalit: 0.001286 bestmemit:    1.383202   12.249650    1.000000    0.000000  633.962899
Iteration: 31 bestvalit: 0.001286 bestmemit:    1.383202   12.249650    1.000000    0.000000  633.962899
Iteration: 32 bestvalit: 0.001286 bestmemit:    1.383202   12.249650    1.000000    0.000000  633.962899
Iteration: 33 bestvalit: 0.001286 bestmemit:    1.383202   12.249650    1.000000    0.000000  633.962899
Iteration: 34 bestvalit: 0.001286 bestmemit:    1.383202   12.249650    1.000000    0.000000  633.962899
Iteration: 35 bestvalit: 0.001286 bestmemit:    1.383202   12.249650    1.000000    0.000000  633.962899
Iteration: 36 bestvalit: 0.001286 bestmemit:    1.383202   12.249650    1.000000    0.000000  633.962899
Iteration: 37 bestvalit: 0.001286 bestmemit:    1.383202   12.249650    1.000000    0.000000  633.962899
Iteration: 38 bestvalit: 0.001286 bestmemit:    1.383202   12.249650    1.000000    0.000000  633.962899
Iteration: 39 bestvalit: 0.001286 bestmemit:    1.383202   12.249650    1.000000    0.000000  633.962899
Iteration: 40 bestvalit: 0.001286 bestmemit:    1.383202   12.249650    1.000000    0.000000  633.962899
Iteration: 41 bestvalit: 0.001286 bestmemit:    1.383202   12.249650    1.000000    0.000000  633.962899
Iteration: 42 bestvalit: 0.001286 bestmemit:    1.383202   12.249650    1.000000    0.000000  633.962899
Iteration: 43 bestvalit: 0.001286 bestmemit:    1.383202   12.249650    1.000000    0.000000  633.962899
Iteration: 44 bestvalit: 0.001286 bestmemit:    1.383202   12.249650    1.000000    0.000000  633.962899
Iteration: 45 bestvalit: 0.001286 bestmemit:    1.383202   12.249650    1.000000    0.000000  633.962899
Iteration: 46 bestvalit: 0.001286 bestmemit:    1.383202   12.249650    1.000000    0.000000  633.962899
Iteration: 47 bestvalit: 0.001286 bestmemit:    1.383202   12.249650    1.000000    0.000000  633.962899
Iteration: 48 bestvalit: 0.001286 bestmemit:    1.383202   12.249650    1.000000    0.000000  633.962899
Iteration: 49 bestvalit: 0.001286 bestmemit:    1.383202   12.249650    1.000000    0.000000  633.962899
Iteration: 50 bestvalit: 0.001286 bestmemit:    1.383202   12.249650    1.000000    0.000000  633.962899
Iteration: 51 bestvalit: 0.001286 bestmemit:    1.383202   12.249650    1.000000    0.000000  633.962899
Iteration: 52 bestvalit: 0.001286 bestmemit:    1.383202   12.249650    1.000000    0.000000  633.962899
Iteration: 53 bestvalit: 0.001277 bestmemit:    1.300568   -2.723889    1.000000    0.000000  636.547258
Iteration: 54 bestvalit: 0.001277 bestmemit:    1.300568   -2.723889    1.000000    0.000000  636.547258
Iteration: 55 bestvalit: 0.001277 bestmemit:    1.300568   -2.723889    1.000000    0.000000  636.547258
Iteration: 56 bestvalit: 0.001269 bestmemit:    1.607459  -11.513035    1.000000    0.000000  639.456046
Iteration: 57 bestvalit: 0.001269 bestmemit:    1.607459  -11.513035    1.000000    0.000000  639.456046
Iteration: 58 bestvalit: 0.001269 bestmemit:    1.607459  -11.513035    1.000000    0.000000  639.456046
Iteration: 59 bestvalit: 0.001269 bestmemit:    1.607459  -11.513035    1.000000    0.000000  639.456046
Iteration: 60 bestvalit: 0.001267 bestmemit:    1.961983   54.752711    1.000000    0.000000  640.666539
Iteration: 61 bestvalit: 0.001267 bestmemit:    1.961983   54.752711    1.000000    0.000000  640.666539
Iteration: 62 bestvalit: 0.001267 bestmemit:    1.961983   54.752711    1.000000    0.000000  640.666539
Iteration: 63 bestvalit: 0.001267 bestmemit:    1.961983   54.752711    1.000000    0.000000  640.666539
Iteration: 64 bestvalit: 0.001267 bestmemit:    1.961983   54.752711    1.000000    0.000000  640.666539
Iteration: 65 bestvalit: 0.001267 bestmemit:    1.961983   54.752711    1.000000    0.000000  640.666539
Iteration: 66 bestvalit: 0.001267 bestmemit:    1.961983   54.752711    1.000000    0.000000  640.666539
Iteration: 67 bestvalit: 0.001267 bestmemit:    1.961983   54.752711    1.000000    0.000000  640.666539
Iteration: 68 bestvalit: 0.001267 bestmemit:    1.961983   54.752711    1.000000    0.000000  640.666539
Iteration: 69 bestvalit: 0.001267 bestmemit:    1.961983   54.752711    1.000000    0.000000  640.666539
Iteration: 70 bestvalit: 0.001267 bestmemit:    1.961983   54.752711    1.000000    0.000000  640.666539
Iteration: 71 bestvalit: 0.001267 bestmemit:    1.961983   54.752711    1.000000    0.000000  640.666539
Iteration: 72 bestvalit: 0.001267 bestmemit:    1.961983   54.752711    1.000000    0.000000  640.666539
Iteration: 73 bestvalit: 0.001246 bestmemit:    1.802069    8.636785    1.000000    0.000000  634.421965
Iteration: 74 bestvalit: 0.001246 bestmemit:    1.802069    8.636785    1.000000    0.000000  634.421965
Iteration: 75 bestvalit: 0.001246 bestmemit:    1.802069    8.636785    1.000000    0.000000  634.421965
Iteration: 76 bestvalit: 0.001246 bestmemit:    1.802069    8.636785    1.000000    0.000000  634.421965
Iteration: 77 bestvalit: 0.001246 bestmemit:    1.802069    8.636785    1.000000    0.000000  634.421965
Iteration: 78 bestvalit: 0.001246 bestmemit:    1.802069    8.636785    1.000000    0.000000  634.421965
Iteration: 79 bestvalit: 0.001246 bestmemit:    1.802069    8.636785    1.000000    0.000000  634.421965
Iteration: 80 bestvalit: 0.001246 bestmemit:    1.802069    8.636785    1.000000    0.000000  634.421965
Iteration: 81 bestvalit: 0.001246 bestmemit:    1.802069    8.636785    1.000000    0.000000  634.421965
Iteration: 82 bestvalit: 0.001246 bestmemit:    1.802069    8.636785    1.000000    0.000000  634.421965
Iteration: 83 bestvalit: 0.001246 bestmemit:    1.802069    8.636785    1.000000    0.000000  634.421965
Iteration: 84 bestvalit: 0.001246 bestmemit:    1.802069    8.636785    1.000000    0.000000  634.421965
Iteration: 85 bestvalit: 0.001246 bestmemit:    1.802069    8.636785    1.000000    0.000000  634.421965
Iteration: 86 bestvalit: 0.001246 bestmemit:    1.802069    8.636785    1.000000    0.000000  634.421965
Iteration: 87 bestvalit: 0.001246 bestmemit:    1.802069    8.636785    1.000000    0.000000  634.421965
Iteration: 88 bestvalit: 0.001246 bestmemit:    1.802069    8.636785    1.000000    0.000000  634.421965
Iteration: 89 bestvalit: 0.001246 bestmemit:    1.802069    8.636785    1.000000    0.000000  634.421965
Iteration: 90 bestvalit: 0.001246 bestmemit:    1.802069    8.636785    1.000000    0.000000  634.421965
Iteration: 91 bestvalit: 0.001246 bestmemit:    1.802069    8.636785    1.000000    0.000000  634.421965
Iteration: 92 bestvalit: 0.001246 bestmemit:    1.802069    8.636785    1.000000    0.000000  634.421965
Iteration: 93 bestvalit: 0.001246 bestmemit:    1.802069    8.636785    1.000000    0.000000  634.421965
Iteration: 94 bestvalit: 0.001246 bestmemit:    1.802069    8.636785    1.000000    0.000000  634.421965
Iteration: 95 bestvalit: 0.001246 bestmemit:    1.802069    8.636785    1.000000    0.000000  634.421965
Iteration: 96 bestvalit: 0.001246 bestmemit:    1.802069    8.636785    1.000000    0.000000  634.421965
Iteration: 97 bestvalit: 0.001246 bestmemit:    1.802069    8.636785    1.000000    0.000000  634.421965
Iteration: 98 bestvalit: 0.001246 bestmemit:    1.802069    8.636785    1.000000    0.000000  634.421965
Iteration: 99 bestvalit: 0.001246 bestmemit:    1.802069    8.636785    1.000000    0.000000  634.421965
Iteration: 100 bestvalit: 0.001246 bestmemit:    1.802069    8.636785    1.000000    0.000000  634.421965
Iteration: 101 bestvalit: 0.001246 bestmemit:    1.802069    8.636785    1.000000    0.000000  634.421965
Iteration: 102 bestvalit: 0.001246 bestmemit:    1.802069    8.636785    1.000000    0.000000  634.421965
Iteration: 103 bestvalit: 0.001246 bestmemit:    1.802069    8.636785    1.000000    0.000000  634.421965
Iteration: 104 bestvalit: 0.001246 bestmemit:    1.802069    8.636785    1.000000    0.000000  634.421965
Iteration: 105 bestvalit: 0.001246 bestmemit:    1.802069    8.636785    1.000000    0.000000  634.421965
Iteration: 106 bestvalit: 0.001246 bestmemit:    1.802069    8.636785    1.000000    0.000000  634.421965
Iteration: 107 bestvalit: 0.001246 bestmemit:    1.802069    8.636785    1.000000    0.000000  634.421965
Iteration: 108 bestvalit: 0.001246 bestmemit:    1.802069    8.636785    1.000000    0.000000  634.421965
Iteration: 109 bestvalit: 0.001246 bestmemit:    1.802069    8.636785    1.000000    0.000000  634.421965
Iteration: 110 bestvalit: 0.001246 bestmemit:    1.802069    8.636785    1.000000    0.000000  634.421965
Iteration: 111 bestvalit: 0.001246 bestmemit:    1.802069    8.636785    1.000000    0.000000  634.421965
Iteration: 112 bestvalit: 0.001246 bestmemit:    1.802069    8.636785    1.000000    0.000000  634.421965
Iteration: 113 bestvalit: 0.001246 bestmemit:    1.802069    8.636785    1.000000    0.000000  634.421965
Iteration: 114 bestvalit: 0.001246 bestmemit:    1.802069    8.636785    1.000000    0.000000  634.421965
Iteration: 115 bestvalit: 0.001246 bestmemit:    1.802069    8.636785    1.000000    0.000000  634.421965
Iteration: 116 bestvalit: 0.001246 bestmemit:    1.802069    8.636785    1.000000    0.000000  634.421965
Iteration: 117 bestvalit: 0.001246 bestmemit:    1.802069    8.636785    1.000000    0.000000  634.421965
Iteration: 118 bestvalit: 0.001246 bestmemit:    1.802069    8.636785    1.000000    0.000000  634.421965
Iteration: 119 bestvalit: 0.001246 bestmemit:    1.802069    8.636785    1.000000    0.000000  634.421965
Iteration: 120 bestvalit: 0.001246 bestmemit:    1.802069    8.636785    1.000000    0.000000  634.421965
Iteration: 121 bestvalit: 0.001246 bestmemit:    1.802069    8.636785    1.000000    0.000000  634.421965
Iteration: 122 bestvalit: 0.001246 bestmemit:    1.802069    8.636785    1.000000    0.000000  634.421965
Iteration: 123 bestvalit: 0.001246 bestmemit:    1.802069    8.636785    1.000000    0.000000  634.421965
Iteration: 124 bestvalit: 0.001246 bestmemit:    1.802069    8.636785    1.000000    0.000000  634.421965
Iteration: 125 bestvalit: 0.001246 bestmemit:    1.802069    8.636785    1.000000    0.000000  634.421965
Iteration: 126 bestvalit: 0.001246 bestmemit:    1.802069    8.636785    1.000000    0.000000  634.421965
Iteration: 127 bestvalit: 0.001246 bestmemit:    1.802069    8.636785    1.000000    0.000000  634.421965
Iteration: 128 bestvalit: 0.001246 bestmemit:    1.802069    8.636785    1.000000    0.000000  634.421965
Iteration: 129 bestvalit: 0.001246 bestmemit:    1.802069    8.636785    1.000000    0.000000  634.421965
Iteration: 130 bestvalit: 0.001246 bestmemit:    1.802069    8.636785    1.000000    0.000000  634.421965
Iteration: 131 bestvalit: 0.001246 bestmemit:    1.802069    8.636785    1.000000    0.000000  634.421965
Iteration: 132 bestvalit: 0.001246 bestmemit:    1.802069    8.636785    1.000000    0.000000  634.421965
Iteration: 133 bestvalit: 0.001246 bestmemit:    1.802069    8.636785    1.000000    0.000000  634.421965
Iteration: 134 bestvalit: 0.001246 bestmemit:    1.802069    8.636785    1.000000    0.000000  634.421965
Iteration: 135 bestvalit: 0.001246 bestmemit:    1.802069    8.636785    1.000000    0.000000  634.421965
Iteration: 136 bestvalit: 0.001246 bestmemit:    1.802069    8.636785    1.000000    0.000000  634.421965
Iteration: 137 bestvalit: 0.001246 bestmemit:    1.802069    8.636785    1.000000    0.000000  634.421965
Iteration: 138 bestvalit: 0.001246 bestmemit:    1.802069    8.636785    1.000000    0.000000  634.421965
Iteration: 139 bestvalit: 0.001246 bestmemit:    1.802069    8.636785    1.000000    0.000000  634.421965
Iteration: 140 bestvalit: 0.001246 bestmemit:    1.802069    8.636785    1.000000    0.000000  634.421965
Iteration: 141 bestvalit: 0.001246 bestmemit:    1.802069    8.636785    1.000000    0.000000  634.421965
Iteration: 142 bestvalit: 0.001246 bestmemit:    1.802069    8.636785    1.000000    0.000000  634.421965
Iteration: 143 bestvalit: 0.001246 bestmemit:    1.802069    8.636785    1.000000    0.000000  634.421965
Iteration: 144 bestvalit: 0.001246 bestmemit:    1.802069    8.636785    1.000000    0.000000  634.421965
Iteration: 145 bestvalit: 0.001246 bestmemit:    1.802069    8.636785    1.000000    0.000000  634.421965
Iteration: 146 bestvalit: 0.001246 bestmemit:    1.802069    8.636785    1.000000    0.000000  634.421965
Iteration: 147 bestvalit: 0.001246 bestmemit:    1.802069    8.636785    1.000000    0.000000  634.421965
Iteration: 148 bestvalit: 0.001246 bestmemit:    1.802069    8.636785    1.000000    0.000000  634.421965
Iteration: 149 bestvalit: 0.001246 bestmemit:    1.802069    8.636785    1.000000    0.000000  634.421965
Iteration: 150 bestvalit: 0.001246 bestmemit:    1.802069    8.636785    1.000000    0.000000  634.421965
Iteration: 151 bestvalit: 0.001246 bestmemit:    1.802069    8.636785    1.000000    0.000000  634.421965
Iteration: 152 bestvalit: 0.001246 bestmemit:    1.802069    8.636785    1.000000    0.000000  634.421965
Iteration: 153 bestvalit: 0.001246 bestmemit:    1.802069    8.636785    1.000000    0.000000  634.421965
Iteration: 154 bestvalit: 0.001246 bestmemit:    1.802069    8.636785    1.000000    0.000000  634.421965
Iteration: 155 bestvalit: 0.001246 bestmemit:    1.802069    8.636785    1.000000    0.000000  634.421965
Iteration: 156 bestvalit: 0.001246 bestmemit:    1.802069    8.636785    1.000000    0.000000  634.421965
Iteration: 157 bestvalit: 0.001246 bestmemit:    1.802069    8.636785    1.000000    0.000000  634.421965
Iteration: 158 bestvalit: 0.001246 bestmemit:    1.802069    8.636785    1.000000    0.000000  634.421965
Iteration: 159 bestvalit: 0.001246 bestmemit:    1.802069    8.636785    1.000000    0.000000  634.421965
Iteration: 160 bestvalit: 0.001246 bestmemit:    1.802069    8.636785    1.000000    0.000000  634.421965
Iteration: 161 bestvalit: 0.001246 bestmemit:    1.802069    8.636785    1.000000    0.000000  634.421965
Iteration: 162 bestvalit: 0.001246 bestmemit:    1.802069    8.636785    1.000000    0.000000  634.421965
Iteration: 163 bestvalit: 0.001246 bestmemit:    1.802069    8.636785    1.000000    0.000000  634.421965
Iteration: 164 bestvalit: 0.001246 bestmemit:    1.802069    8.636785    1.000000    0.000000  634.421965
Iteration: 165 bestvalit: 0.001246 bestmemit:    1.802069    8.636785    1.000000    0.000000  634.421965
Iteration: 166 bestvalit: 0.001246 bestmemit:    1.802069    8.636785    1.000000    0.000000  634.421965
Iteration: 167 bestvalit: 0.001246 bestmemit:    1.802069    8.636785    1.000000    0.000000  634.421965
Iteration: 168 bestvalit: 0.001246 bestmemit:    1.802069    8.636785    1.000000    0.000000  634.421965
Iteration: 169 bestvalit: 0.001246 bestmemit:    1.802069    8.636785    1.000000    0.000000  634.421965
Iteration: 170 bestvalit: 0.001246 bestmemit:    1.802069    8.636785    1.000000    0.000000  634.421965
Iteration: 171 bestvalit: 0.001246 bestmemit:    1.802069    8.636785    1.000000    0.000000  634.421965
Iteration: 172 bestvalit: 0.001246 bestmemit:    1.802069    8.636785    1.000000    0.000000  634.421965
Iteration: 173 bestvalit: 0.001246 bestmemit:    1.802069    8.636785    1.000000    0.000000  634.421965
Iteration: 174 bestvalit: 0.001246 bestmemit:    1.802069    8.636785    1.000000    0.000000  634.421965

***** summary of DEoptim object ***** 
best member   :  1.80207 8.63679 1 0 634.422 
best value    :  0.00125 
after         :  174 generations 
fn evaluated  :  350 times 
*************************************
