SLURM_JOB_ID: 55336518
SLURM_JOB_USER: vsc34066
SLURM_JOB_ACCOUNT: lp_desenderlab
SLURM_JOB_NAME: fit_alternating_fb_beta_learn.slurm
SLURM_CLUSTER_NAME: genius
SLURM_JOB_PARTITION: batch
SLURM_ARRAY_JOB_ID: 55336494
SLURM_ARRAY_TASK_ID: 24
SLURM_NNODES: 1
SLURM_NODELIST: r23i27n05
SLURM_JOB_CPUS_PER_NODE: 8
Date: Tue Nov  7 16:43:54 CET 2023
Walltime: 00-23:00:00
========================================================================
Iteration: 1 bestvalit: 0.002769 bestmemit:   13.866425   -4.518734    1.000000    0.000000  585.812356
Iteration: 2 bestvalit: 0.002769 bestmemit:   13.866425   -4.518734    1.000000    0.000000  585.812356
Iteration: 3 bestvalit: 0.002533 bestmemit:    0.833193    2.451287    1.000000    0.000000  431.426999
Iteration: 4 bestvalit: 0.002533 bestmemit:    0.833193    2.451287    1.000000    0.000000  431.426999
Iteration: 5 bestvalit: 0.002533 bestmemit:    0.833193    2.451287    1.000000    0.000000  431.426999
Iteration: 6 bestvalit: 0.002533 bestmemit:    0.833193    2.451287    1.000000    0.000000  431.426999
Iteration: 7 bestvalit: 0.001999 bestmemit:    6.756614  -82.986559    1.000000    0.000000  636.015231
Iteration: 8 bestvalit: 0.001773 bestmemit:    1.002055  -46.202335    1.000000    0.000000  516.816427
Iteration: 9 bestvalit: 0.001773 bestmemit:    1.002055  -46.202335    1.000000    0.000000  516.816427
Iteration: 10 bestvalit: 0.001497 bestmemit:    3.542670  -47.106168    1.000000    0.000000  582.441895
Iteration: 11 bestvalit: 0.001497 bestmemit:    3.542670  -47.106168    1.000000    0.000000  582.441895
Iteration: 12 bestvalit: 0.001475 bestmemit:    3.542670  -47.106168    1.000000    0.000000  582.441895
Iteration: 13 bestvalit: 0.001475 bestmemit:    3.542670  -47.106168    1.000000    0.000000  582.441895
Iteration: 14 bestvalit: 0.001475 bestmemit:    3.542670  -47.106168    1.000000    0.000000  582.441895
Iteration: 15 bestvalit: 0.001383 bestmemit:    0.833193    2.451287    1.000000    0.000000  583.735894
Iteration: 16 bestvalit: 0.001383 bestmemit:    0.833193    2.451287    1.000000    0.000000  583.735894
Iteration: 17 bestvalit: 0.001383 bestmemit:    0.833193    2.451287    1.000000    0.000000  583.735894
Iteration: 18 bestvalit: 0.001380 bestmemit:    0.833193    2.451287    1.000000    0.000000  583.735894
Iteration: 19 bestvalit: 0.001380 bestmemit:    0.833193    2.451287    1.000000    0.000000  583.735894
Iteration: 20 bestvalit: 0.001374 bestmemit:    3.226797   23.173106    1.000000    0.000000  623.321059
Iteration: 21 bestvalit: 0.001370 bestmemit:    2.011335   14.353677    1.000000    0.000000  593.728934
Iteration: 22 bestvalit: 0.001370 bestmemit:    2.011335   14.353677    1.000000    0.000000  593.728934
Iteration: 23 bestvalit: 0.001370 bestmemit:    2.011335   14.353677    1.000000    0.000000  593.728934
Iteration: 24 bestvalit: 0.001347 bestmemit:    2.583149  -18.224743    1.000000    0.000000  584.354764
Iteration: 25 bestvalit: 0.001347 bestmemit:    2.583149  -18.224743    1.000000    0.000000  584.354764
Iteration: 26 bestvalit: 0.001347 bestmemit:    2.583149  -18.224743    1.000000    0.000000  584.354764
Iteration: 27 bestvalit: 0.001347 bestmemit:    2.583149  -18.224743    1.000000    0.000000  584.354764
Iteration: 28 bestvalit: 0.001347 bestmemit:    2.583149  -18.224743    1.000000    0.000000  584.354764
Iteration: 29 bestvalit: 0.001340 bestmemit:    2.590031  -25.289555    1.000000    0.000000  615.284354
Iteration: 30 bestvalit: 0.001340 bestmemit:    2.590031  -25.289555    1.000000    0.000000  615.284354
Iteration: 31 bestvalit: 0.001340 bestmemit:    2.590031  -25.289555    1.000000    0.000000  615.284354
Iteration: 32 bestvalit: 0.001339 bestmemit:    2.590031  -25.289555    1.000000    0.000000  615.284354
Iteration: 33 bestvalit: 0.001339 bestmemit:    2.590031  -25.289555    1.000000    0.000000  615.284354
Iteration: 34 bestvalit: 0.001339 bestmemit:    2.590031  -25.289555    1.000000    0.000000  615.284354
Iteration: 35 bestvalit: 0.001339 bestmemit:    2.590031  -25.289555    1.000000    0.000000  615.284354
Iteration: 36 bestvalit: 0.001339 bestmemit:    2.590031  -25.289555    1.000000    0.000000  615.284354
Iteration: 37 bestvalit: 0.001339 bestmemit:    2.590031  -25.289555    1.000000    0.000000  615.284354
Iteration: 38 bestvalit: 0.001339 bestmemit:    2.590031  -25.289555    1.000000    0.000000  615.284354
Iteration: 39 bestvalit: 0.001339 bestmemit:    2.590031  -25.289555    1.000000    0.000000  615.284354
Iteration: 40 bestvalit: 0.001337 bestmemit:    1.525073  -19.361262    1.000000    0.000000  602.664599
Iteration: 41 bestvalit: 0.001336 bestmemit:    1.525073   -6.416952    1.000000    0.000000  602.664599
Iteration: 42 bestvalit: 0.001336 bestmemit:    1.525073   -6.416952    1.000000    0.000000  602.664599
Iteration: 43 bestvalit: 0.001333 bestmemit:    3.039875    6.175289    1.000000    0.000000  629.844121
Iteration: 44 bestvalit: 0.001333 bestmemit:    3.039875    6.175289    1.000000    0.000000  629.844121
Iteration: 45 bestvalit: 0.001333 bestmemit:    3.039875    6.175289    1.000000    0.000000  629.844121
Iteration: 46 bestvalit: 0.001323 bestmemit:    2.759652  -40.072426    1.000000    0.000000  627.929385
Iteration: 47 bestvalit: 0.001323 bestmemit:    2.759652  -40.072426    1.000000    0.000000  627.929385
Iteration: 48 bestvalit: 0.001323 bestmemit:    2.759652  -40.072426    1.000000    0.000000  627.929385
Iteration: 49 bestvalit: 0.001323 bestmemit:    2.759652  -40.072426    1.000000    0.000000  627.929385
Iteration: 50 bestvalit: 0.001323 bestmemit:    2.759652  -40.072426    1.000000    0.000000  627.929385
Iteration: 51 bestvalit: 0.001323 bestmemit:    2.759652  -40.072426    1.000000    0.000000  627.929385
Iteration: 52 bestvalit: 0.001323 bestmemit:    2.759652  -40.072426    1.000000    0.000000  627.929385
Iteration: 53 bestvalit: 0.001323 bestmemit:    2.759652  -40.072426    1.000000    0.000000  627.929385
Iteration: 54 bestvalit: 0.001323 bestmemit:    2.759652  -40.072426    1.000000    0.000000  627.929385
Iteration: 55 bestvalit: 0.001323 bestmemit:    2.759652  -40.072426    1.000000    0.000000  627.929385
Iteration: 56 bestvalit: 0.001316 bestmemit:    2.011335  -35.568819    1.000000    0.000000  608.940647
Iteration: 57 bestvalit: 0.001316 bestmemit:    2.011335  -35.568819    1.000000    0.000000  608.940647
Iteration: 58 bestvalit: 0.001315 bestmemit:    2.664488   22.981566    1.000000    0.000000  622.217245
Iteration: 59 bestvalit: 0.001315 bestmemit:    2.664488   22.981566    1.000000    0.000000  622.217245
Iteration: 60 bestvalit: 0.001306 bestmemit:    2.408545   20.264563    1.000000    0.000000  614.381783
Iteration: 61 bestvalit: 0.001306 bestmemit:    2.408545   20.264563    1.000000    0.000000  614.381783
Iteration: 62 bestvalit: 0.001306 bestmemit:    2.408545   20.264563    1.000000    0.000000  614.381783
Iteration: 63 bestvalit: 0.001306 bestmemit:    2.408545   20.264563    1.000000    0.000000  614.381783
Iteration: 64 bestvalit: 0.001306 bestmemit:    2.408545   20.264563    1.000000    0.000000  614.381783
Iteration: 65 bestvalit: 0.001306 bestmemit:    2.408545   20.264563    1.000000    0.000000  614.381783
Iteration: 66 bestvalit: 0.001306 bestmemit:    2.408545   20.264563    1.000000    0.000000  614.381783
Iteration: 67 bestvalit: 0.001306 bestmemit:    2.408545   20.264563    1.000000    0.000000  614.381783
Iteration: 68 bestvalit: 0.001306 bestmemit:    2.408545   20.264563    1.000000    0.000000  614.381783
Iteration: 69 bestvalit: 0.001306 bestmemit:    2.408545   20.264563    1.000000    0.000000  614.381783
Iteration: 70 bestvalit: 0.001306 bestmemit:    2.408545   20.264563    1.000000    0.000000  614.381783
Iteration: 71 bestvalit: 0.001306 bestmemit:    2.408545   20.264563    1.000000    0.000000  614.381783
Iteration: 72 bestvalit: 0.001306 bestmemit:    2.408545   20.264563    1.000000    0.000000  614.381783
Iteration: 73 bestvalit: 0.001306 bestmemit:    2.408545   20.264563    1.000000    0.000000  614.381783
Iteration: 74 bestvalit: 0.001306 bestmemit:    2.408545   20.264563    1.000000    0.000000  614.381783
Iteration: 75 bestvalit: 0.001306 bestmemit:    2.408545   20.264563    1.000000    0.000000  614.381783
Iteration: 76 bestvalit: 0.001306 bestmemit:    2.408545   20.264563    1.000000    0.000000  614.381783
Iteration: 77 bestvalit: 0.001306 bestmemit:    2.408545   20.264563    1.000000    0.000000  614.381783
Iteration: 78 bestvalit: 0.001300 bestmemit:    2.860284   29.337251    1.000000    0.000000  621.753078
Iteration: 79 bestvalit: 0.001300 bestmemit:    2.860284   29.337251    1.000000    0.000000  621.753078
Iteration: 80 bestvalit: 0.001300 bestmemit:    2.860284   29.337251    1.000000    0.000000  621.753078
Iteration: 81 bestvalit: 0.001300 bestmemit:    2.860284   29.337251    1.000000    0.000000  621.753078
Iteration: 82 bestvalit: 0.001300 bestmemit:    2.860284   29.337251    1.000000    0.000000  621.753078
Iteration: 83 bestvalit: 0.001300 bestmemit:    2.860284   29.337251    1.000000    0.000000  621.753078
Iteration: 84 bestvalit: 0.001300 bestmemit:    2.860284   29.337251    1.000000    0.000000  621.753078
Iteration: 85 bestvalit: 0.001300 bestmemit:    2.860284   29.337251    1.000000    0.000000  621.753078
Iteration: 86 bestvalit: 0.001300 bestmemit:    2.860284   29.337251    1.000000    0.000000  621.753078
Iteration: 87 bestvalit: 0.001300 bestmemit:    2.860284   29.337251    1.000000    0.000000  621.753078
Iteration: 88 bestvalit: 0.001300 bestmemit:    2.860284   29.337251    1.000000    0.000000  621.753078
Iteration: 89 bestvalit: 0.001300 bestmemit:    2.860284   29.337251    1.000000    0.000000  621.753078
Iteration: 90 bestvalit: 0.001300 bestmemit:    2.860284   29.337251    1.000000    0.000000  621.753078
Iteration: 91 bestvalit: 0.001300 bestmemit:    2.860284   29.337251    1.000000    0.000000  621.753078
Iteration: 92 bestvalit: 0.001300 bestmemit:    2.860284   29.337251    1.000000    0.000000  621.753078
Iteration: 93 bestvalit: 0.001300 bestmemit:    2.860284   29.337251    1.000000    0.000000  621.753078
Iteration: 94 bestvalit: 0.001300 bestmemit:    2.860284   29.337251    1.000000    0.000000  621.753078
Iteration: 95 bestvalit: 0.001300 bestmemit:    2.860284   29.337251    1.000000    0.000000  621.753078
Iteration: 96 bestvalit: 0.001300 bestmemit:    2.860284   29.337251    1.000000    0.000000  621.753078
Iteration: 97 bestvalit: 0.001300 bestmemit:    2.860284   29.337251    1.000000    0.000000  621.753078
Iteration: 98 bestvalit: 0.001300 bestmemit:    2.860284   29.337251    1.000000    0.000000  621.753078
Iteration: 99 bestvalit: 0.001269 bestmemit:    3.704712   12.260091    1.000000    0.000000  612.746995
Iteration: 100 bestvalit: 0.001269 bestmemit:    3.704712   12.260091    1.000000    0.000000  612.746995
Iteration: 101 bestvalit: 0.001269 bestmemit:    3.704712   12.260091    1.000000    0.000000  612.746995
Iteration: 102 bestvalit: 0.001269 bestmemit:    3.704712   12.260091    1.000000    0.000000  612.746995
Iteration: 103 bestvalit: 0.001269 bestmemit:    3.704712   12.260091    1.000000    0.000000  612.746995
Iteration: 104 bestvalit: 0.001269 bestmemit:    3.704712   12.260091    1.000000    0.000000  612.746995
Iteration: 105 bestvalit: 0.001269 bestmemit:    3.704712   12.260091    1.000000    0.000000  612.746995
Iteration: 106 bestvalit: 0.001269 bestmemit:    3.704712   12.260091    1.000000    0.000000  612.746995
Iteration: 107 bestvalit: 0.001269 bestmemit:    3.704712   12.260091    1.000000    0.000000  612.746995
Iteration: 108 bestvalit: 0.001269 bestmemit:    3.704712   12.260091    1.000000    0.000000  612.746995
Iteration: 109 bestvalit: 0.001269 bestmemit:    3.704712   12.260091    1.000000    0.000000  612.746995
Iteration: 110 bestvalit: 0.001269 bestmemit:    3.704712   12.260091    1.000000    0.000000  612.746995
Iteration: 111 bestvalit: 0.001269 bestmemit:    3.704712   12.260091    1.000000    0.000000  612.746995
Iteration: 112 bestvalit: 0.001269 bestmemit:    3.704712   12.260091    1.000000    0.000000  612.746995
Iteration: 113 bestvalit: 0.001269 bestmemit:    3.704712   12.260091    1.000000    0.000000  612.746995
Iteration: 114 bestvalit: 0.001269 bestmemit:    3.704712   12.260091    1.000000    0.000000  612.746995
Iteration: 115 bestvalit: 0.001269 bestmemit:    3.704712   12.260091    1.000000    0.000000  612.746995
Iteration: 116 bestvalit: 0.001269 bestmemit:    3.704712   12.260091    1.000000    0.000000  612.746995
Iteration: 117 bestvalit: 0.001269 bestmemit:    3.704712   12.260091    1.000000    0.000000  612.746995
Iteration: 118 bestvalit: 0.001269 bestmemit:    3.704712   12.260091    1.000000    0.000000  612.746995
Iteration: 119 bestvalit: 0.001269 bestmemit:    3.704712   12.260091    1.000000    0.000000  612.746995
Iteration: 120 bestvalit: 0.001269 bestmemit:    3.704712   12.260091    1.000000    0.000000  612.746995
Iteration: 121 bestvalit: 0.001269 bestmemit:    3.704712   12.260091    1.000000    0.000000  612.746995
Iteration: 122 bestvalit: 0.001269 bestmemit:    3.704712   12.260091    1.000000    0.000000  612.746995
Iteration: 123 bestvalit: 0.001269 bestmemit:    3.704712   12.260091    1.000000    0.000000  612.746995
Iteration: 124 bestvalit: 0.001269 bestmemit:    3.704712   12.260091    1.000000    0.000000  612.746995
Iteration: 125 bestvalit: 0.001269 bestmemit:    3.704712   12.260091    1.000000    0.000000  612.746995
Iteration: 126 bestvalit: 0.001269 bestmemit:    3.704712   12.260091    1.000000    0.000000  612.746995
Iteration: 127 bestvalit: 0.001269 bestmemit:    3.704712   12.260091    1.000000    0.000000  612.746995
Iteration: 128 bestvalit: 0.001269 bestmemit:    3.704712   12.260091    1.000000    0.000000  612.746995
Iteration: 129 bestvalit: 0.001269 bestmemit:    3.704712   12.260091    1.000000    0.000000  612.746995
Iteration: 130 bestvalit: 0.001269 bestmemit:    3.704712   12.260091    1.000000    0.000000  612.746995
Iteration: 131 bestvalit: 0.001269 bestmemit:    3.704712   12.260091    1.000000    0.000000  612.746995
Iteration: 132 bestvalit: 0.001269 bestmemit:    3.704712   12.260091    1.000000    0.000000  612.746995
Iteration: 133 bestvalit: 0.001269 bestmemit:    3.704712   12.260091    1.000000    0.000000  612.746995
Iteration: 134 bestvalit: 0.001269 bestmemit:    3.704712   12.260091    1.000000    0.000000  612.746995
Iteration: 135 bestvalit: 0.001269 bestmemit:    3.704712   12.260091    1.000000    0.000000  612.746995
Iteration: 136 bestvalit: 0.001269 bestmemit:    3.704712   12.260091    1.000000    0.000000  612.746995
Iteration: 137 bestvalit: 0.001269 bestmemit:    3.704712   12.260091    1.000000    0.000000  612.746995
Iteration: 138 bestvalit: 0.001269 bestmemit:    3.704712   12.260091    1.000000    0.000000  612.746995
Iteration: 139 bestvalit: 0.001269 bestmemit:    3.704712   12.260091    1.000000    0.000000  612.746995
Iteration: 140 bestvalit: 0.001269 bestmemit:    3.704712   12.260091    1.000000    0.000000  612.746995
Iteration: 141 bestvalit: 0.001269 bestmemit:    3.704712   12.260091    1.000000    0.000000  612.746995
Iteration: 142 bestvalit: 0.001269 bestmemit:    3.704712   12.260091    1.000000    0.000000  612.746995
Iteration: 143 bestvalit: 0.001269 bestmemit:    3.704712   12.260091    1.000000    0.000000  612.746995
Iteration: 144 bestvalit: 0.001269 bestmemit:    3.704712   12.260091    1.000000    0.000000  612.746995
Iteration: 145 bestvalit: 0.001269 bestmemit:    3.704712   12.260091    1.000000    0.000000  612.746995
Iteration: 146 bestvalit: 0.001269 bestmemit:    3.704712   12.260091    1.000000    0.000000  612.746995
Iteration: 147 bestvalit: 0.001269 bestmemit:    3.704712   12.260091    1.000000    0.000000  612.746995
Iteration: 148 bestvalit: 0.001269 bestmemit:    3.704712   12.260091    1.000000    0.000000  612.746995
Iteration: 149 bestvalit: 0.001269 bestmemit:    3.704712   12.260091    1.000000    0.000000  612.746995
Iteration: 150 bestvalit: 0.001269 bestmemit:    3.704712   12.260091    1.000000    0.000000  612.746995
Iteration: 151 bestvalit: 0.001269 bestmemit:    3.704712   12.260091    1.000000    0.000000  612.746995
Iteration: 152 bestvalit: 0.001269 bestmemit:    3.704712   12.260091    1.000000    0.000000  612.746995
Iteration: 153 bestvalit: 0.001269 bestmemit:    3.704712   12.260091    1.000000    0.000000  612.746995
Iteration: 154 bestvalit: 0.001269 bestmemit:    3.704712   12.260091    1.000000    0.000000  612.746995
Iteration: 155 bestvalit: 0.001269 bestmemit:    3.704712   12.260091    1.000000    0.000000  612.746995
Iteration: 156 bestvalit: 0.001269 bestmemit:    3.704712   12.260091    1.000000    0.000000  612.746995
Iteration: 157 bestvalit: 0.001269 bestmemit:    3.704712   12.260091    1.000000    0.000000  612.746995
Iteration: 158 bestvalit: 0.001269 bestmemit:    3.704712   12.260091    1.000000    0.000000  612.746995
Iteration: 159 bestvalit: 0.001269 bestmemit:    3.704712   12.260091    1.000000    0.000000  612.746995
Iteration: 160 bestvalit: 0.001269 bestmemit:    3.704712   12.260091    1.000000    0.000000  612.746995
Iteration: 161 bestvalit: 0.001269 bestmemit:    3.704712   12.260091    1.000000    0.000000  612.746995
Iteration: 162 bestvalit: 0.001269 bestmemit:    3.704712   12.260091    1.000000    0.000000  612.746995
Iteration: 163 bestvalit: 0.001269 bestmemit:    3.704712   12.260091    1.000000    0.000000  612.746995
Iteration: 164 bestvalit: 0.001269 bestmemit:    3.704712   12.260091    1.000000    0.000000  612.746995
Iteration: 165 bestvalit: 0.001269 bestmemit:    3.704712   12.260091    1.000000    0.000000  612.746995
Iteration: 166 bestvalit: 0.001269 bestmemit:    3.704712   12.260091    1.000000    0.000000  612.746995
Iteration: 167 bestvalit: 0.001269 bestmemit:    3.704712   12.260091    1.000000    0.000000  612.746995
Iteration: 168 bestvalit: 0.001269 bestmemit:    3.704712   12.260091    1.000000    0.000000  612.746995
Iteration: 169 bestvalit: 0.001269 bestmemit:    3.704712   12.260091    1.000000    0.000000  612.746995
Iteration: 170 bestvalit: 0.001269 bestmemit:    3.704712   12.260091    1.000000    0.000000  612.746995
Iteration: 171 bestvalit: 0.001269 bestmemit:    3.704712   12.260091    1.000000    0.000000  612.746995
Iteration: 172 bestvalit: 0.001269 bestmemit:    3.704712   12.260091    1.000000    0.000000  612.746995
Iteration: 173 bestvalit: 0.001269 bestmemit:    3.704712   12.260091    1.000000    0.000000  612.746995
Iteration: 174 bestvalit: 0.001269 bestmemit:    3.704712   12.260091    1.000000    0.000000  612.746995
Iteration: 175 bestvalit: 0.001269 bestmemit:    3.704712   12.260091    1.000000    0.000000  612.746995
Iteration: 176 bestvalit: 0.001269 bestmemit:    3.704712   12.260091    1.000000    0.000000  612.746995
Iteration: 177 bestvalit: 0.001269 bestmemit:    3.704712   12.260091    1.000000    0.000000  612.746995
Iteration: 178 bestvalit: 0.001269 bestmemit:    3.704712   12.260091    1.000000    0.000000  612.746995
Iteration: 179 bestvalit: 0.001269 bestmemit:    3.704712   12.260091    1.000000    0.000000  612.746995
Iteration: 180 bestvalit: 0.001269 bestmemit:    3.704712   12.260091    1.000000    0.000000  612.746995
Iteration: 181 bestvalit: 0.001269 bestmemit:    3.704712   12.260091    1.000000    0.000000  612.746995
Iteration: 182 bestvalit: 0.001269 bestmemit:    3.704712   12.260091    1.000000    0.000000  612.746995
Iteration: 183 bestvalit: 0.001269 bestmemit:    3.704712   12.260091    1.000000    0.000000  612.746995
Iteration: 184 bestvalit: 0.001269 bestmemit:    3.704712   12.260091    1.000000    0.000000  612.746995
Iteration: 185 bestvalit: 0.001269 bestmemit:    3.704712   12.260091    1.000000    0.000000  612.746995
Iteration: 186 bestvalit: 0.001269 bestmemit:    3.704712   12.260091    1.000000    0.000000  612.746995
Iteration: 187 bestvalit: 0.001269 bestmemit:    3.704712   12.260091    1.000000    0.000000  612.746995
Iteration: 188 bestvalit: 0.001269 bestmemit:    3.704712   12.260091    1.000000    0.000000  612.746995
Iteration: 189 bestvalit: 0.001269 bestmemit:    3.704712   12.260091    1.000000    0.000000  612.746995
Iteration: 190 bestvalit: 0.001269 bestmemit:    3.704712   12.260091    1.000000    0.000000  612.746995
Iteration: 191 bestvalit: 0.001269 bestmemit:    3.704712   12.260091    1.000000    0.000000  612.746995
Iteration: 192 bestvalit: 0.001269 bestmemit:    3.704712   12.260091    1.000000    0.000000  612.746995
Iteration: 193 bestvalit: 0.001269 bestmemit:    3.704712   12.260091    1.000000    0.000000  612.746995
Iteration: 194 bestvalit: 0.001269 bestmemit:    3.704712   12.260091    1.000000    0.000000  612.746995
Iteration: 195 bestvalit: 0.001269 bestmemit:    3.704712   12.260091    1.000000    0.000000  612.746995
Iteration: 196 bestvalit: 0.001269 bestmemit:    3.704712   12.260091    1.000000    0.000000  612.746995
Iteration: 197 bestvalit: 0.001269 bestmemit:    3.704712   12.260091    1.000000    0.000000  612.746995
Iteration: 198 bestvalit: 0.001269 bestmemit:    3.704712   12.260091    1.000000    0.000000  612.746995
Iteration: 199 bestvalit: 0.001269 bestmemit:    3.704712   12.260091    1.000000    0.000000  612.746995
Iteration: 200 bestvalit: 0.001269 bestmemit:    3.704712   12.260091    1.000000    0.000000  612.746995

***** summary of DEoptim object ***** 
best member   :  3.70471 12.26009 1 0 612.747 
best value    :  0.00127 
after         :  200 generations 
fn evaluated  :  402 times 
*************************************
