SLURM_JOB_ID: 55336539
SLURM_JOB_USER: vsc34066
SLURM_JOB_ACCOUNT: lp_desenderlab
SLURM_JOB_NAME: fit_alternating_fb_beta_learn.slurm
SLURM_CLUSTER_NAME: genius
SLURM_JOB_PARTITION: batch
SLURM_ARRAY_JOB_ID: 55336494
SLURM_ARRAY_TASK_ID: 45
SLURM_NNODES: 1
SLURM_NODELIST: r23i13n10
SLURM_JOB_CPUS_PER_NODE: 8
Date: Tue Nov  7 16:43:56 CET 2023
Walltime: 00-23:00:00
========================================================================
Iteration: 1 bestvalit: 0.005488 bestmemit:   26.510025  -92.586413    1.000000    0.000000  994.097723
Iteration: 2 bestvalit: 0.005488 bestmemit:   26.510025  -92.586413    1.000000    0.000000  994.097723
Iteration: 3 bestvalit: 0.005488 bestmemit:   26.510025  -92.586413    1.000000    0.000000  994.097723
Iteration: 4 bestvalit: 0.005488 bestmemit:   26.510025  -92.586413    1.000000    0.000000  994.097723
Iteration: 5 bestvalit: 0.005221 bestmemit:   21.752120    0.022497    1.000000    0.000000  603.663817
Iteration: 6 bestvalit: 0.002243 bestmemit:   10.345380   15.965842    1.000000    0.000000  767.229203
Iteration: 7 bestvalit: 0.002243 bestmemit:   10.345380   15.965842    1.000000    0.000000  767.229203
Iteration: 8 bestvalit: 0.001322 bestmemit:    5.828710  -63.761009    1.000000    0.000000  708.350518
Iteration: 9 bestvalit: 0.001322 bestmemit:    5.828710  -63.761009    1.000000    0.000000  708.350518
Iteration: 10 bestvalit: 0.001322 bestmemit:    5.828710  -63.761009    1.000000    0.000000  708.350518
Iteration: 11 bestvalit: 0.001322 bestmemit:    5.828710  -63.761009    1.000000    0.000000  708.350518
Iteration: 12 bestvalit: 0.001322 bestmemit:    5.828710  -63.761009    1.000000    0.000000  708.350518
Iteration: 13 bestvalit: 0.001322 bestmemit:    5.828710  -63.761009    1.000000    0.000000  708.350518
Iteration: 14 bestvalit: 0.001322 bestmemit:    5.828710  -63.761009    1.000000    0.000000  708.350518
Iteration: 15 bestvalit: 0.001322 bestmemit:    5.828710  -63.761009    1.000000    0.000000  708.350518
Iteration: 16 bestvalit: 0.001322 bestmemit:    5.828710  -63.761009    1.000000    0.000000  708.350518
Iteration: 17 bestvalit: 0.001322 bestmemit:    5.828710  -63.761009    1.000000    0.000000  708.350518
Iteration: 18 bestvalit: 0.001322 bestmemit:    5.828710  -63.761009    1.000000    0.000000  708.350518
Iteration: 19 bestvalit: 0.001214 bestmemit:    2.492952  -21.941257    1.000000    0.000000  652.595976
Iteration: 20 bestvalit: 0.001207 bestmemit:    2.267304   56.254419    1.000000    0.000000  652.576379
Iteration: 21 bestvalit: 0.001194 bestmemit:    3.212062    3.941990    1.000000    0.000000  650.894322
Iteration: 22 bestvalit: 0.001194 bestmemit:    3.212062    3.941990    1.000000    0.000000  650.894322
Iteration: 23 bestvalit: 0.001170 bestmemit:    2.492952  -21.941257    1.000000    0.000000  652.595976
Iteration: 24 bestvalit: 0.001170 bestmemit:    2.492952  -21.941257    1.000000    0.000000  652.595976
Iteration: 25 bestvalit: 0.001170 bestmemit:    2.492952  -21.941257    1.000000    0.000000  652.595976
Iteration: 26 bestvalit: 0.001170 bestmemit:    2.492952  -21.941257    1.000000    0.000000  652.595976
Iteration: 27 bestvalit: 0.001170 bestmemit:    2.492952  -21.941257    1.000000    0.000000  652.595976
Iteration: 28 bestvalit: 0.001169 bestmemit:    1.994397    1.239664    1.000000    0.000000  638.578885
Iteration: 29 bestvalit: 0.001169 bestmemit:    1.994397    1.239664    1.000000    0.000000  638.578885
Iteration: 30 bestvalit: 0.001168 bestmemit:    1.352500  -22.865927    1.000000    0.000000  655.563612
Iteration: 31 bestvalit: 0.001168 bestmemit:    1.352500  -22.865927    1.000000    0.000000  655.563612
Iteration: 32 bestvalit: 0.001168 bestmemit:    1.352500  -22.865927    1.000000    0.000000  655.563612
Iteration: 33 bestvalit: 0.001168 bestmemit:    1.352500  -22.865927    1.000000    0.000000  655.563612
Iteration: 34 bestvalit: 0.001168 bestmemit:    1.352500  -22.865927    1.000000    0.000000  655.563612
Iteration: 35 bestvalit: 0.001168 bestmemit:    1.352500  -22.865927    1.000000    0.000000  655.563612
Iteration: 36 bestvalit: 0.001168 bestmemit:    1.352500  -22.865927    1.000000    0.000000  655.563612
Iteration: 37 bestvalit: 0.001168 bestmemit:    1.352500  -22.865927    1.000000    0.000000  655.563612
Iteration: 38 bestvalit: 0.001168 bestmemit:    1.352500  -22.865927    1.000000    0.000000  655.563612
Iteration: 39 bestvalit: 0.001168 bestmemit:    1.352500  -22.865927    1.000000    0.000000  655.563612
Iteration: 40 bestvalit: 0.001168 bestmemit:    1.352500  -22.865927    1.000000    0.000000  655.563612
Iteration: 41 bestvalit: 0.001168 bestmemit:    1.352500  -22.865927    1.000000    0.000000  655.563612
Iteration: 42 bestvalit: 0.001160 bestmemit:    1.587253  -21.102397    1.000000    0.000000  652.576379
Iteration: 43 bestvalit: 0.001160 bestmemit:    1.587253  -21.102397    1.000000    0.000000  652.576379
Iteration: 44 bestvalit: 0.001160 bestmemit:    1.587253  -21.102397    1.000000    0.000000  652.576379
Iteration: 45 bestvalit: 0.001160 bestmemit:    1.587253  -21.102397    1.000000    0.000000  652.576379
Iteration: 46 bestvalit: 0.001160 bestmemit:    1.587253  -21.102397    1.000000    0.000000  652.576379
Iteration: 47 bestvalit: 0.001160 bestmemit:    1.587253  -21.102397    1.000000    0.000000  652.576379
Iteration: 48 bestvalit: 0.001160 bestmemit:    1.587253  -21.102397    1.000000    0.000000  652.576379
Iteration: 49 bestvalit: 0.001160 bestmemit:    1.587253  -21.102397    1.000000    0.000000  652.576379
Iteration: 50 bestvalit: 0.001160 bestmemit:    1.587253  -21.102397    1.000000    0.000000  652.576379
Iteration: 51 bestvalit: 0.001160 bestmemit:    1.587253  -21.102397    1.000000    0.000000  652.576379
Iteration: 52 bestvalit: 0.001160 bestmemit:    1.587253  -21.102397    1.000000    0.000000  652.576379
Iteration: 53 bestvalit: 0.001160 bestmemit:    1.587253  -21.102397    1.000000    0.000000  652.576379
Iteration: 54 bestvalit: 0.001160 bestmemit:    1.587253  -21.102397    1.000000    0.000000  652.576379
Iteration: 55 bestvalit: 0.001160 bestmemit:    1.587253  -21.102397    1.000000    0.000000  652.576379
Iteration: 56 bestvalit: 0.001160 bestmemit:    1.587253  -21.102397    1.000000    0.000000  652.576379
Iteration: 57 bestvalit: 0.001160 bestmemit:    1.587253  -21.102397    1.000000    0.000000  652.576379
Iteration: 58 bestvalit: 0.001160 bestmemit:    1.587253  -21.102397    1.000000    0.000000  652.576379
Iteration: 59 bestvalit: 0.001160 bestmemit:    1.653557  -12.399194    1.000000    0.000000  651.693831
Iteration: 60 bestvalit: 0.001160 bestmemit:    1.653557  -12.399194    1.000000    0.000000  651.693831
Iteration: 61 bestvalit: 0.001160 bestmemit:    1.653557  -12.399194    1.000000    0.000000  651.693831
Iteration: 62 bestvalit: 0.001160 bestmemit:    1.653557  -12.399194    1.000000    0.000000  651.693831
Iteration: 63 bestvalit: 0.001160 bestmemit:    1.653557  -12.399194    1.000000    0.000000  651.693831
Iteration: 64 bestvalit: 0.001160 bestmemit:    1.653557  -12.399194    1.000000    0.000000  651.693831
Iteration: 65 bestvalit: 0.001160 bestmemit:    1.653557  -12.399194    1.000000    0.000000  651.693831
Iteration: 66 bestvalit: 0.001160 bestmemit:    1.653557  -12.399194    1.000000    0.000000  651.693831
Iteration: 67 bestvalit: 0.001160 bestmemit:    1.653557  -12.399194    1.000000    0.000000  651.693831
Iteration: 68 bestvalit: 0.001152 bestmemit:    1.911641  -25.924864    1.000000    0.000000  647.782246
Iteration: 69 bestvalit: 0.001149 bestmemit:    2.069568  -52.464947    1.000000    0.000000  645.467198
Iteration: 70 bestvalit: 0.001149 bestmemit:    2.069568  -52.464947    1.000000    0.000000  645.467198
Iteration: 71 bestvalit: 0.001149 bestmemit:    2.069568  -52.464947    1.000000    0.000000  645.467198
Iteration: 72 bestvalit: 0.001149 bestmemit:    2.069568  -52.464947    1.000000    0.000000  645.467198
Iteration: 73 bestvalit: 0.001149 bestmemit:    2.069568  -52.464947    1.000000    0.000000  645.467198
Iteration: 74 bestvalit: 0.001149 bestmemit:    2.069568  -52.464947    1.000000    0.000000  645.467198
Iteration: 75 bestvalit: 0.001149 bestmemit:    2.069568  -52.464947    1.000000    0.000000  645.467198
Iteration: 76 bestvalit: 0.001149 bestmemit:    2.069568  -52.464947    1.000000    0.000000  645.467198
Iteration: 77 bestvalit: 0.001149 bestmemit:    2.069568  -52.464947    1.000000    0.000000  645.467198
Iteration: 78 bestvalit: 0.001149 bestmemit:    2.069568  -52.464947    1.000000    0.000000  645.467198
Iteration: 79 bestvalit: 0.001149 bestmemit:    2.069568  -52.464947    1.000000    0.000000  645.467198
Iteration: 80 bestvalit: 0.001149 bestmemit:    2.069568  -52.464947    1.000000    0.000000  645.467198
Iteration: 81 bestvalit: 0.001149 bestmemit:    2.069568  -52.464947    1.000000    0.000000  645.467198
Iteration: 82 bestvalit: 0.001149 bestmemit:    2.069568  -52.464947    1.000000    0.000000  645.467198
Iteration: 83 bestvalit: 0.001149 bestmemit:    2.069568  -52.464947    1.000000    0.000000  645.467198
Iteration: 84 bestvalit: 0.001149 bestmemit:    2.069568  -52.464947    1.000000    0.000000  645.467198
Iteration: 85 bestvalit: 0.001149 bestmemit:    2.069568  -52.464947    1.000000    0.000000  645.467198
Iteration: 86 bestvalit: 0.001149 bestmemit:    2.069568  -52.464947    1.000000    0.000000  645.467198
Iteration: 87 bestvalit: 0.001149 bestmemit:    2.069568  -52.464947    1.000000    0.000000  645.467198
Iteration: 88 bestvalit: 0.001149 bestmemit:    2.069568  -52.464947    1.000000    0.000000  645.467198
Iteration: 89 bestvalit: 0.001149 bestmemit:    2.069568  -52.464947    1.000000    0.000000  645.467198
Iteration: 90 bestvalit: 0.001149 bestmemit:    2.069568  -52.464947    1.000000    0.000000  645.467198
Iteration: 91 bestvalit: 0.001149 bestmemit:    2.069568  -52.464947    1.000000    0.000000  645.467198
Iteration: 92 bestvalit: 0.001149 bestmemit:    2.069568  -52.464947    1.000000    0.000000  645.467198
Iteration: 93 bestvalit: 0.001149 bestmemit:    2.069568  -52.464947    1.000000    0.000000  645.467198
Iteration: 94 bestvalit: 0.001149 bestmemit:    2.069568  -52.464947    1.000000    0.000000  645.467198
Iteration: 95 bestvalit: 0.001149 bestmemit:    2.069568  -52.464947    1.000000    0.000000  645.467198
Iteration: 96 bestvalit: 0.001149 bestmemit:    2.069568  -52.464947    1.000000    0.000000  645.467198
Iteration: 97 bestvalit: 0.001149 bestmemit:    2.069568  -52.464947    1.000000    0.000000  645.467198
Iteration: 98 bestvalit: 0.001149 bestmemit:    2.069568  -52.464947    1.000000    0.000000  645.467198
Iteration: 99 bestvalit: 0.001149 bestmemit:    2.069568  -52.464947    1.000000    0.000000  645.467198
Iteration: 100 bestvalit: 0.001149 bestmemit:    2.069568  -52.464947    1.000000    0.000000  645.467198
Iteration: 101 bestvalit: 0.001149 bestmemit:    2.069568  -52.464947    1.000000    0.000000  645.467198
Iteration: 102 bestvalit: 0.001149 bestmemit:    2.069568  -52.464947    1.000000    0.000000  645.467198
Iteration: 103 bestvalit: 0.001149 bestmemit:    2.069568  -52.464947    1.000000    0.000000  645.467198
Iteration: 104 bestvalit: 0.001149 bestmemit:    2.069568  -52.464947    1.000000    0.000000  645.467198
Iteration: 105 bestvalit: 0.001149 bestmemit:    2.069568  -52.464947    1.000000    0.000000  645.467198
Iteration: 106 bestvalit: 0.001149 bestmemit:    2.069568  -52.464947    1.000000    0.000000  645.467198
Iteration: 107 bestvalit: 0.001149 bestmemit:    2.069568  -52.464947    1.000000    0.000000  645.467198
Iteration: 108 bestvalit: 0.001149 bestmemit:    2.069568  -52.464947    1.000000    0.000000  645.467198
Iteration: 109 bestvalit: 0.001149 bestmemit:    2.069568  -52.464947    1.000000    0.000000  645.467198
Iteration: 110 bestvalit: 0.001149 bestmemit:    2.069568  -52.464947    1.000000    0.000000  645.467198
Iteration: 111 bestvalit: 0.001149 bestmemit:    2.069568  -52.464947    1.000000    0.000000  645.467198
Iteration: 112 bestvalit: 0.001149 bestmemit:    2.069568  -52.464947    1.000000    0.000000  645.467198
Iteration: 113 bestvalit: 0.001149 bestmemit:    2.069568  -52.464947    1.000000    0.000000  645.467198
Iteration: 114 bestvalit: 0.001149 bestmemit:    2.069568  -52.464947    1.000000    0.000000  645.467198
Iteration: 115 bestvalit: 0.001149 bestmemit:    2.069568  -52.464947    1.000000    0.000000  645.467198
Iteration: 116 bestvalit: 0.001149 bestmemit:    2.069568  -52.464947    1.000000    0.000000  645.467198
Iteration: 117 bestvalit: 0.001149 bestmemit:    2.069568  -52.464947    1.000000    0.000000  645.467198
Iteration: 118 bestvalit: 0.001149 bestmemit:    2.069568  -52.464947    1.000000    0.000000  645.467198
Iteration: 119 bestvalit: 0.001149 bestmemit:    2.069568  -52.464947    1.000000    0.000000  645.467198
Iteration: 120 bestvalit: 0.001149 bestmemit:    2.069568  -52.464947    1.000000    0.000000  645.467198
Iteration: 121 bestvalit: 0.001149 bestmemit:    2.069568  -52.464947    1.000000    0.000000  645.467198
Iteration: 122 bestvalit: 0.001149 bestmemit:    2.069568  -52.464947    1.000000    0.000000  645.467198
Iteration: 123 bestvalit: 0.001149 bestmemit:    2.069568  -52.464947    1.000000    0.000000  645.467198
Iteration: 124 bestvalit: 0.001149 bestmemit:    2.069568  -52.464947    1.000000    0.000000  645.467198
Iteration: 125 bestvalit: 0.001149 bestmemit:    2.069568  -52.464947    1.000000    0.000000  645.467198
Iteration: 126 bestvalit: 0.001149 bestmemit:    2.069568  -52.464947    1.000000    0.000000  645.467198
Iteration: 127 bestvalit: 0.001149 bestmemit:    2.069568  -52.464947    1.000000    0.000000  645.467198
Iteration: 128 bestvalit: 0.001149 bestmemit:    2.069568  -52.464947    1.000000    0.000000  645.467198
Iteration: 129 bestvalit: 0.001149 bestmemit:    2.069568  -52.464947    1.000000    0.000000  645.467198
Iteration: 130 bestvalit: 0.001149 bestmemit:    2.069568  -52.464947    1.000000    0.000000  645.467198
Iteration: 131 bestvalit: 0.001149 bestmemit:    2.069568  -52.464947    1.000000    0.000000  645.467198
Iteration: 132 bestvalit: 0.001149 bestmemit:    2.069568  -52.464947    1.000000    0.000000  645.467198
Iteration: 133 bestvalit: 0.001149 bestmemit:    2.069568  -52.464947    1.000000    0.000000  645.467198
Iteration: 134 bestvalit: 0.001149 bestmemit:    2.069568  -52.464947    1.000000    0.000000  645.467198
Iteration: 135 bestvalit: 0.001149 bestmemit:    2.069568  -52.464947    1.000000    0.000000  645.467198
Iteration: 136 bestvalit: 0.001149 bestmemit:    2.069568  -52.464947    1.000000    0.000000  645.467198
Iteration: 137 bestvalit: 0.001149 bestmemit:    2.069568  -52.464947    1.000000    0.000000  645.467198
Iteration: 138 bestvalit: 0.001149 bestmemit:    2.069568  -52.464947    1.000000    0.000000  645.467198
Iteration: 139 bestvalit: 0.001149 bestmemit:    2.069568  -52.464947    1.000000    0.000000  645.467198
Iteration: 140 bestvalit: 0.001149 bestmemit:    2.069568  -52.464947    1.000000    0.000000  645.467198
Iteration: 141 bestvalit: 0.001149 bestmemit:    2.069568  -52.464947    1.000000    0.000000  645.467198
Iteration: 142 bestvalit: 0.001149 bestmemit:    2.069568  -52.464947    1.000000    0.000000  645.467198
Iteration: 143 bestvalit: 0.001149 bestmemit:    2.069568  -52.464947    1.000000    0.000000  645.467198
Iteration: 144 bestvalit: 0.001149 bestmemit:    2.069568  -52.464947    1.000000    0.000000  645.467198
Iteration: 145 bestvalit: 0.001149 bestmemit:    2.069568  -52.464947    1.000000    0.000000  645.467198
Iteration: 146 bestvalit: 0.001149 bestmemit:    2.069568  -52.464947    1.000000    0.000000  645.467198
Iteration: 147 bestvalit: 0.001149 bestmemit:    2.069568  -52.464947    1.000000    0.000000  645.467198
Iteration: 148 bestvalit: 0.001149 bestmemit:    2.069568  -52.464947    1.000000    0.000000  645.467198
Iteration: 149 bestvalit: 0.001149 bestmemit:    2.069568  -52.464947    1.000000    0.000000  645.467198
Iteration: 150 bestvalit: 0.001149 bestmemit:    2.069568  -52.464947    1.000000    0.000000  645.467198
Iteration: 151 bestvalit: 0.001149 bestmemit:    2.069568  -52.464947    1.000000    0.000000  645.467198
Iteration: 152 bestvalit: 0.001149 bestmemit:    2.069568  -52.464947    1.000000    0.000000  645.467198
Iteration: 153 bestvalit: 0.001149 bestmemit:    2.069568  -52.464947    1.000000    0.000000  645.467198
Iteration: 154 bestvalit: 0.001149 bestmemit:    2.069568  -52.464947    1.000000    0.000000  645.467198
Iteration: 155 bestvalit: 0.001149 bestmemit:    2.069568  -52.464947    1.000000    0.000000  645.467198
Iteration: 156 bestvalit: 0.001149 bestmemit:    2.069568  -52.464947    1.000000    0.000000  645.467198
Iteration: 157 bestvalit: 0.001149 bestmemit:    2.069568  -52.464947    1.000000    0.000000  645.467198
Iteration: 158 bestvalit: 0.001149 bestmemit:    2.069568  -52.464947    1.000000    0.000000  645.467198
Iteration: 159 bestvalit: 0.001149 bestmemit:    2.069568  -52.464947    1.000000    0.000000  645.467198
Iteration: 160 bestvalit: 0.001148 bestmemit:    2.603207  -54.348871    1.000000    0.000000  653.659580
Iteration: 161 bestvalit: 0.001148 bestmemit:    2.603207  -54.348871    1.000000    0.000000  653.659580
Iteration: 162 bestvalit: 0.001148 bestmemit:    2.603207  -54.348871    1.000000    0.000000  653.659580
Iteration: 163 bestvalit: 0.001148 bestmemit:    2.603207  -54.348871    1.000000    0.000000  653.659580
Iteration: 164 bestvalit: 0.001145 bestmemit:    2.948311  -40.201571    1.000000    0.000000  653.282688
Iteration: 165 bestvalit: 0.001145 bestmemit:    2.948311  -40.201571    1.000000    0.000000  653.282688
Iteration: 166 bestvalit: 0.001145 bestmemit:    2.948311  -40.201571    1.000000    0.000000  653.282688
Iteration: 167 bestvalit: 0.001145 bestmemit:    2.948311  -40.201571    1.000000    0.000000  653.282688
Iteration: 168 bestvalit: 0.001145 bestmemit:    2.948311  -40.201571    1.000000    0.000000  653.282688
Iteration: 169 bestvalit: 0.001145 bestmemit:    2.948311  -40.201571    1.000000    0.000000  653.282688
Iteration: 170 bestvalit: 0.001145 bestmemit:    2.948311  -40.201571    1.000000    0.000000  653.282688
Iteration: 171 bestvalit: 0.001145 bestmemit:    2.948311  -40.201571    1.000000    0.000000  653.282688
Iteration: 172 bestvalit: 0.001145 bestmemit:    2.948311  -40.201571    1.000000    0.000000  653.282688
Iteration: 173 bestvalit: 0.001145 bestmemit:    2.948311  -40.201571    1.000000    0.000000  653.282688
Iteration: 174 bestvalit: 0.001145 bestmemit:    2.948311  -40.201571    1.000000    0.000000  653.282688
Iteration: 175 bestvalit: 0.001145 bestmemit:    2.948311  -40.201571    1.000000    0.000000  653.282688
Iteration: 176 bestvalit: 0.001145 bestmemit:    2.948311  -40.201571    1.000000    0.000000  653.282688
Iteration: 177 bestvalit: 0.001145 bestmemit:    2.948311  -40.201571    1.000000    0.000000  653.282688
Iteration: 178 bestvalit: 0.001145 bestmemit:    2.948311  -40.201571    1.000000    0.000000  653.282688
Iteration: 179 bestvalit: 0.001145 bestmemit:    2.948311  -40.201571    1.000000    0.000000  653.282688
Iteration: 180 bestvalit: 0.001145 bestmemit:    2.948311  -40.201571    1.000000    0.000000  653.282688
Iteration: 181 bestvalit: 0.001145 bestmemit:    2.948311  -40.201571    1.000000    0.000000  653.282688
Iteration: 182 bestvalit: 0.001145 bestmemit:    2.948311  -40.201571    1.000000    0.000000  653.282688
Iteration: 183 bestvalit: 0.001145 bestmemit:    2.948311  -40.201571    1.000000    0.000000  653.282688
Iteration: 184 bestvalit: 0.001145 bestmemit:    2.948311  -40.201571    1.000000    0.000000  653.282688
Iteration: 185 bestvalit: 0.001145 bestmemit:    2.948311  -40.201571    1.000000    0.000000  653.282688
Iteration: 186 bestvalit: 0.001145 bestmemit:    2.948311  -40.201571    1.000000    0.000000  653.282688
Iteration: 187 bestvalit: 0.001145 bestmemit:    2.948311  -40.201571    1.000000    0.000000  653.282688
Iteration: 188 bestvalit: 0.001145 bestmemit:    2.948311  -40.201571    1.000000    0.000000  653.282688
Iteration: 189 bestvalit: 0.001145 bestmemit:    2.948311  -40.201571    1.000000    0.000000  653.282688
Iteration: 190 bestvalit: 0.001145 bestmemit:    2.948311  -40.201571    1.000000    0.000000  653.282688
Iteration: 191 bestvalit: 0.001145 bestmemit:    2.948311  -40.201571    1.000000    0.000000  653.282688
Iteration: 192 bestvalit: 0.001145 bestmemit:    2.948311  -40.201571    1.000000    0.000000  653.282688
Iteration: 193 bestvalit: 0.001145 bestmemit:    2.948311  -40.201571    1.000000    0.000000  653.282688
Iteration: 194 bestvalit: 0.001145 bestmemit:    2.948311  -40.201571    1.000000    0.000000  653.282688
Iteration: 195 bestvalit: 0.001145 bestmemit:    2.948311  -40.201571    1.000000    0.000000  653.282688
Iteration: 196 bestvalit: 0.001145 bestmemit:    2.948311  -40.201571    1.000000    0.000000  653.282688
Iteration: 197 bestvalit: 0.001145 bestmemit:    2.948311  -40.201571    1.000000    0.000000  653.282688
Iteration: 198 bestvalit: 0.001145 bestmemit:    2.948311  -40.201571    1.000000    0.000000  653.282688
Iteration: 199 bestvalit: 0.001145 bestmemit:    2.948311  -40.201571    1.000000    0.000000  653.282688
Iteration: 200 bestvalit: 0.001145 bestmemit:    2.948311  -40.201571    1.000000    0.000000  653.282688
Iteration: 201 bestvalit: 0.001145 bestmemit:    2.948311  -40.201571    1.000000    0.000000  653.282688
Iteration: 202 bestvalit: 0.001145 bestmemit:    2.948311  -40.201571    1.000000    0.000000  653.282688
Iteration: 203 bestvalit: 0.001145 bestmemit:    2.948311  -40.201571    1.000000    0.000000  653.282688
Iteration: 204 bestvalit: 0.001145 bestmemit:    2.948311  -40.201571    1.000000    0.000000  653.282688
Iteration: 205 bestvalit: 0.001145 bestmemit:    2.948311  -40.201571    1.000000    0.000000  653.282688
Iteration: 206 bestvalit: 0.001145 bestmemit:    2.948311  -40.201571    1.000000    0.000000  653.282688
Iteration: 207 bestvalit: 0.001145 bestmemit:    2.948311  -40.201571    1.000000    0.000000  653.282688
Iteration: 208 bestvalit: 0.001145 bestmemit:    2.948311  -40.201571    1.000000    0.000000  653.282688
Iteration: 209 bestvalit: 0.001145 bestmemit:    2.948311  -40.201571    1.000000    0.000000  653.282688
Iteration: 210 bestvalit: 0.001145 bestmemit:    2.948311  -40.201571    1.000000    0.000000  653.282688
Iteration: 211 bestvalit: 0.001130 bestmemit:    2.948311    3.837483    1.000000    0.000000  653.282688
Iteration: 212 bestvalit: 0.001130 bestmemit:    2.948311    3.837483    1.000000    0.000000  653.282688
Iteration: 213 bestvalit: 0.001130 bestmemit:    2.948311    3.837483    1.000000    0.000000  653.282688
Iteration: 214 bestvalit: 0.001130 bestmemit:    2.948311    3.837483    1.000000    0.000000  653.282688
Iteration: 215 bestvalit: 0.001130 bestmemit:    2.948311    3.837483    1.000000    0.000000  653.282688
Iteration: 216 bestvalit: 0.001130 bestmemit:    2.948311    3.837483    1.000000    0.000000  653.282688
Iteration: 217 bestvalit: 0.001130 bestmemit:    2.948311    3.837483    1.000000    0.000000  653.282688
Iteration: 218 bestvalit: 0.001130 bestmemit:    2.948311    3.837483    1.000000    0.000000  653.282688
Iteration: 219 bestvalit: 0.001130 bestmemit:    2.948311    3.837483    1.000000    0.000000  653.282688
Iteration: 220 bestvalit: 0.001130 bestmemit:    2.948311    3.837483    1.000000    0.000000  653.282688
Iteration: 221 bestvalit: 0.001130 bestmemit:    2.948311    3.837483    1.000000    0.000000  653.282688
Iteration: 222 bestvalit: 0.001130 bestmemit:    2.948311    3.837483    1.000000    0.000000  653.282688
Iteration: 223 bestvalit: 0.001130 bestmemit:    2.948311    3.837483    1.000000    0.000000  653.282688
Iteration: 224 bestvalit: 0.001130 bestmemit:    2.948311    3.837483    1.000000    0.000000  653.282688
Iteration: 225 bestvalit: 0.001130 bestmemit:    2.948311    3.837483    1.000000    0.000000  653.282688
Iteration: 226 bestvalit: 0.001130 bestmemit:    2.948311    3.837483    1.000000    0.000000  653.282688
Iteration: 227 bestvalit: 0.001130 bestmemit:    2.948311    3.837483    1.000000    0.000000  653.282688
Iteration: 228 bestvalit: 0.001130 bestmemit:    2.948311    3.837483    1.000000    0.000000  653.282688
Iteration: 229 bestvalit: 0.001130 bestmemit:    2.948311    3.837483    1.000000    0.000000  653.282688
Iteration: 230 bestvalit: 0.001130 bestmemit:    2.948311    3.837483    1.000000    0.000000  653.282688
Iteration: 231 bestvalit: 0.001130 bestmemit:    2.948311    3.837483    1.000000    0.000000  653.282688
Iteration: 232 bestvalit: 0.001130 bestmemit:    2.948311    3.837483    1.000000    0.000000  653.282688
Iteration: 233 bestvalit: 0.001130 bestmemit:    2.948311    3.837483    1.000000    0.000000  653.282688
Iteration: 234 bestvalit: 0.001130 bestmemit:    2.948311    3.837483    1.000000    0.000000  653.282688
Iteration: 235 bestvalit: 0.001130 bestmemit:    2.948311    3.837483    1.000000    0.000000  653.282688
Iteration: 236 bestvalit: 0.001130 bestmemit:    2.948311    3.837483    1.000000    0.000000  653.282688
Iteration: 237 bestvalit: 0.001130 bestmemit:    2.948311    3.837483    1.000000    0.000000  653.282688
Iteration: 238 bestvalit: 0.001130 bestmemit:    2.948311    3.837483    1.000000    0.000000  653.282688
Iteration: 239 bestvalit: 0.001130 bestmemit:    2.948311    3.837483    1.000000    0.000000  653.282688
Iteration: 240 bestvalit: 0.001130 bestmemit:    2.948311    3.837483    1.000000    0.000000  653.282688
Iteration: 241 bestvalit: 0.001130 bestmemit:    2.948311    3.837483    1.000000    0.000000  653.282688
Iteration: 242 bestvalit: 0.001130 bestmemit:    2.948311    3.837483    1.000000    0.000000  653.282688
Iteration: 243 bestvalit: 0.001130 bestmemit:    2.948311    3.837483    1.000000    0.000000  653.282688
Iteration: 244 bestvalit: 0.001130 bestmemit:    2.948311    3.837483    1.000000    0.000000  653.282688
Iteration: 245 bestvalit: 0.001130 bestmemit:    2.948311    3.837483    1.000000    0.000000  653.282688
Iteration: 246 bestvalit: 0.001130 bestmemit:    2.948311    3.837483    1.000000    0.000000  653.282688
Iteration: 247 bestvalit: 0.001130 bestmemit:    2.948311    3.837483    1.000000    0.000000  653.282688
Iteration: 248 bestvalit: 0.001130 bestmemit:    2.948311    3.837483    1.000000    0.000000  653.282688
Iteration: 249 bestvalit: 0.001130 bestmemit:    2.948311    3.837483    1.000000    0.000000  653.282688
Iteration: 250 bestvalit: 0.001130 bestmemit:    2.948311    3.837483    1.000000    0.000000  653.282688
Iteration: 251 bestvalit: 0.001130 bestmemit:    2.948311    3.837483    1.000000    0.000000  653.282688
Iteration: 252 bestvalit: 0.001130 bestmemit:    2.948311    3.837483    1.000000    0.000000  653.282688
Iteration: 253 bestvalit: 0.001130 bestmemit:    2.948311    3.837483    1.000000    0.000000  653.282688
Iteration: 254 bestvalit: 0.001130 bestmemit:    2.948311    3.837483    1.000000    0.000000  653.282688
Iteration: 255 bestvalit: 0.001130 bestmemit:    2.948311    3.837483    1.000000    0.000000  653.282688
Iteration: 256 bestvalit: 0.001130 bestmemit:    2.948311    3.837483    1.000000    0.000000  653.282688
Iteration: 257 bestvalit: 0.001130 bestmemit:    2.948311    3.837483    1.000000    0.000000  653.282688
Iteration: 258 bestvalit: 0.001130 bestmemit:    2.948311    3.837483    1.000000    0.000000  653.282688
Iteration: 259 bestvalit: 0.001130 bestmemit:    2.948311    3.837483    1.000000    0.000000  653.282688
Iteration: 260 bestvalit: 0.001130 bestmemit:    2.948311    3.837483    1.000000    0.000000  653.282688
Iteration: 261 bestvalit: 0.001130 bestmemit:    2.948311    3.837483    1.000000    0.000000  653.282688
Iteration: 262 bestvalit: 0.001130 bestmemit:    2.948311    3.837483    1.000000    0.000000  653.282688
Iteration: 263 bestvalit: 0.001130 bestmemit:    2.948311    3.837483    1.000000    0.000000  653.282688
Iteration: 264 bestvalit: 0.001130 bestmemit:    2.948311    3.837483    1.000000    0.000000  653.282688
Iteration: 265 bestvalit: 0.001130 bestmemit:    2.948311    3.837483    1.000000    0.000000  653.282688
Iteration: 266 bestvalit: 0.001130 bestmemit:    2.948311    3.837483    1.000000    0.000000  653.282688
Iteration: 267 bestvalit: 0.001130 bestmemit:    2.948311    3.837483    1.000000    0.000000  653.282688
Iteration: 268 bestvalit: 0.001130 bestmemit:    2.948311    3.837483    1.000000    0.000000  653.282688
Iteration: 269 bestvalit: 0.001130 bestmemit:    2.948311    3.837483    1.000000    0.000000  653.282688
Iteration: 270 bestvalit: 0.001130 bestmemit:    2.948311    3.837483    1.000000    0.000000  653.282688
Iteration: 271 bestvalit: 0.001130 bestmemit:    2.948311    3.837483    1.000000    0.000000  653.282688
Iteration: 272 bestvalit: 0.001130 bestmemit:    2.948311    3.837483    1.000000    0.000000  653.282688
Iteration: 273 bestvalit: 0.001130 bestmemit:    2.948311    3.837483    1.000000    0.000000  653.282688
Iteration: 274 bestvalit: 0.001130 bestmemit:    2.948311    3.837483    1.000000    0.000000  653.282688
Iteration: 275 bestvalit: 0.001130 bestmemit:    2.948311    3.837483    1.000000    0.000000  653.282688
Iteration: 276 bestvalit: 0.001130 bestmemit:    2.948311    3.837483    1.000000    0.000000  653.282688
Iteration: 277 bestvalit: 0.001130 bestmemit:    2.948311    3.837483    1.000000    0.000000  653.282688
Iteration: 278 bestvalit: 0.001130 bestmemit:    2.948311    3.837483    1.000000    0.000000  653.282688
Iteration: 279 bestvalit: 0.001130 bestmemit:    2.948311    3.837483    1.000000    0.000000  653.282688
Iteration: 280 bestvalit: 0.001130 bestmemit:    2.948311    3.837483    1.000000    0.000000  653.282688
Iteration: 281 bestvalit: 0.001130 bestmemit:    2.948311    3.837483    1.000000    0.000000  653.282688
Iteration: 282 bestvalit: 0.001130 bestmemit:    2.948311    3.837483    1.000000    0.000000  653.282688
Iteration: 283 bestvalit: 0.001130 bestmemit:    2.948311    3.837483    1.000000    0.000000  653.282688
Iteration: 284 bestvalit: 0.001130 bestmemit:    2.948311    3.837483    1.000000    0.000000  653.282688
Iteration: 285 bestvalit: 0.001130 bestmemit:    2.948311    3.837483    1.000000    0.000000  653.282688
Iteration: 286 bestvalit: 0.001130 bestmemit:    2.948311    3.837483    1.000000    0.000000  653.282688
Iteration: 287 bestvalit: 0.001130 bestmemit:    2.948311    3.837483    1.000000    0.000000  653.282688
Iteration: 288 bestvalit: 0.001130 bestmemit:    2.948311    3.837483    1.000000    0.000000  653.282688
Iteration: 289 bestvalit: 0.001130 bestmemit:    2.948311    3.837483    1.000000    0.000000  653.282688
Iteration: 290 bestvalit: 0.001130 bestmemit:    2.948311    3.837483    1.000000    0.000000  653.282688
Iteration: 291 bestvalit: 0.001130 bestmemit:    2.948311    3.837483    1.000000    0.000000  653.282688
Iteration: 292 bestvalit: 0.001130 bestmemit:    2.948311    3.837483    1.000000    0.000000  653.282688
Iteration: 293 bestvalit: 0.001130 bestmemit:    2.948311    3.837483    1.000000    0.000000  653.282688
Iteration: 294 bestvalit: 0.001130 bestmemit:    2.948311    3.837483    1.000000    0.000000  653.282688
Iteration: 295 bestvalit: 0.001130 bestmemit:    2.948311    3.837483    1.000000    0.000000  653.282688
Iteration: 296 bestvalit: 0.001130 bestmemit:    2.948311    3.837483    1.000000    0.000000  653.282688
Iteration: 297 bestvalit: 0.001130 bestmemit:    2.948311    3.837483    1.000000    0.000000  653.282688
Iteration: 298 bestvalit: 0.001130 bestmemit:    2.948311    3.837483    1.000000    0.000000  653.282688
Iteration: 299 bestvalit: 0.001130 bestmemit:    2.948311    3.837483    1.000000    0.000000  653.282688
Iteration: 300 bestvalit: 0.001130 bestmemit:    2.948311    3.837483    1.000000    0.000000  653.282688
Iteration: 301 bestvalit: 0.001130 bestmemit:    2.948311    3.837483    1.000000    0.000000  653.282688
Iteration: 302 bestvalit: 0.001130 bestmemit:    2.948311    3.837483    1.000000    0.000000  653.282688
Iteration: 303 bestvalit: 0.001130 bestmemit:    2.948311    3.837483    1.000000    0.000000  653.282688
Iteration: 304 bestvalit: 0.001130 bestmemit:    2.948311    3.837483    1.000000    0.000000  653.282688
Iteration: 305 bestvalit: 0.001130 bestmemit:    2.948311    3.837483    1.000000    0.000000  653.282688
Iteration: 306 bestvalit: 0.001130 bestmemit:    2.948311    3.837483    1.000000    0.000000  653.282688
Iteration: 307 bestvalit: 0.001130 bestmemit:    2.948311    3.837483    1.000000    0.000000  653.282688
Iteration: 308 bestvalit: 0.001130 bestmemit:    2.948311    3.837483    1.000000    0.000000  653.282688
Iteration: 309 bestvalit: 0.001130 bestmemit:    2.948311    3.837483    1.000000    0.000000  653.282688
Iteration: 310 bestvalit: 0.001130 bestmemit:    2.948311    3.837483    1.000000    0.000000  653.282688
Iteration: 311 bestvalit: 0.001130 bestmemit:    2.948311    3.837483    1.000000    0.000000  653.282688
Iteration: 312 bestvalit: 0.001130 bestmemit:    2.948311    3.837483    1.000000    0.000000  653.282688

***** summary of DEoptim object ***** 
best member   :  2.94831 3.83748 1 0 653.2827 
best value    :  0.00113 
after         :  312 generations 
fn evaluated  :  626 times 
*************************************
