SLURM_JOB_ID: 55336563
SLURM_JOB_USER: vsc34066
SLURM_JOB_ACCOUNT: lp_desenderlab
SLURM_JOB_NAME: fit_alternating_fb_beta_learn.slurm
SLURM_CLUSTER_NAME: genius
SLURM_JOB_PARTITION: batch
SLURM_ARRAY_JOB_ID: 55336494
SLURM_ARRAY_TASK_ID: 69
SLURM_NNODES: 1
SLURM_NODELIST: r23i13n15
SLURM_JOB_CPUS_PER_NODE: 8
Date: Tue Nov  7 16:44:03 CET 2023
Walltime: 00-23:00:00
========================================================================
Iteration: 1 bestvalit: 0.004559 bestmemit:   15.925008  -85.283718    1.000000    0.000000  891.018673
Iteration: 2 bestvalit: 0.002826 bestmemit:   11.003358  -72.170677    1.000000    0.000000  795.652721
Iteration: 3 bestvalit: 0.002826 bestmemit:   11.003358  -72.170677    1.000000    0.000000  795.652721
Iteration: 4 bestvalit: 0.002826 bestmemit:   11.003358  -72.170677    1.000000    0.000000  795.652721
Iteration: 5 bestvalit: 0.002826 bestmemit:   11.003358  -72.170677    1.000000    0.000000  795.652721
Iteration: 6 bestvalit: 0.002826 bestmemit:   11.003358  -72.170677    1.000000    0.000000  795.652721
Iteration: 7 bestvalit: 0.002514 bestmemit:    7.069422  -83.440913    1.000000    0.000000  750.377769
Iteration: 8 bestvalit: 0.001401 bestmemit:    0.256088   13.231270    1.000000    0.000000  554.505986
Iteration: 9 bestvalit: 0.001401 bestmemit:    0.256088   13.231270    1.000000    0.000000  554.505986
Iteration: 10 bestvalit: 0.001401 bestmemit:    0.256088   13.231270    1.000000    0.000000  554.505986
Iteration: 11 bestvalit: 0.001401 bestmemit:    0.256088   13.231270    1.000000    0.000000  554.505986
Iteration: 12 bestvalit: 0.001401 bestmemit:    0.256088   13.231270    1.000000    0.000000  554.505986
Iteration: 13 bestvalit: 0.001362 bestmemit:    2.544935   13.231270    1.000000    0.000000  554.505986
Iteration: 14 bestvalit: 0.001362 bestmemit:    2.544935   13.231270    1.000000    0.000000  554.505986
Iteration: 15 bestvalit: 0.001314 bestmemit:    2.544935   13.231270    1.000000    0.000000  554.505986
Iteration: 16 bestvalit: 0.001314 bestmemit:    2.544935   13.231270    1.000000    0.000000  554.505986
Iteration: 17 bestvalit: 0.001314 bestmemit:    2.544935   13.231270    1.000000    0.000000  554.505986
Iteration: 18 bestvalit: 0.001314 bestmemit:    2.544935   13.231270    1.000000    0.000000  554.505986
Iteration: 19 bestvalit: 0.001314 bestmemit:    2.544935   13.231270    1.000000    0.000000  554.505986
Iteration: 20 bestvalit: 0.001314 bestmemit:    2.544935   13.231270    1.000000    0.000000  554.505986
Iteration: 21 bestvalit: 0.001314 bestmemit:    2.544935   13.231270    1.000000    0.000000  554.505986
Iteration: 22 bestvalit: 0.001314 bestmemit:    2.544935   13.231270    1.000000    0.000000  554.505986
Iteration: 23 bestvalit: 0.001281 bestmemit:    3.987026   24.535856    1.000000    0.000000  574.187488
Iteration: 24 bestvalit: 0.001281 bestmemit:    3.987026   24.535856    1.000000    0.000000  574.187488
Iteration: 25 bestvalit: 0.001281 bestmemit:    3.987026   24.535856    1.000000    0.000000  574.187488
Iteration: 26 bestvalit: 0.001281 bestmemit:    3.987026   24.535856    1.000000    0.000000  574.187488
Iteration: 27 bestvalit: 0.001239 bestmemit:    4.288704   13.352829    1.000000    0.000000  566.111336
Iteration: 28 bestvalit: 0.001239 bestmemit:    4.288704   13.352829    1.000000    0.000000  566.111336
Iteration: 29 bestvalit: 0.001239 bestmemit:    4.288704   13.352829    1.000000    0.000000  566.111336
Iteration: 30 bestvalit: 0.001239 bestmemit:    4.288704   13.352829    1.000000    0.000000  566.111336
Iteration: 31 bestvalit: 0.001239 bestmemit:    4.288704   13.352829    1.000000    0.000000  566.111336
Iteration: 32 bestvalit: 0.001239 bestmemit:    4.288704   13.352829    1.000000    0.000000  566.111336
Iteration: 33 bestvalit: 0.001239 bestmemit:    4.288704   13.352829    1.000000    0.000000  566.111336
Iteration: 34 bestvalit: 0.001239 bestmemit:    4.288704   13.352829    1.000000    0.000000  566.111336
Iteration: 35 bestvalit: 0.001239 bestmemit:    4.288704   13.352829    1.000000    0.000000  566.111336
Iteration: 36 bestvalit: 0.001239 bestmemit:    4.288704   13.352829    1.000000    0.000000  566.111336
Iteration: 37 bestvalit: 0.001239 bestmemit:    4.288704   13.352829    1.000000    0.000000  566.111336
Iteration: 38 bestvalit: 0.001239 bestmemit:    4.288704   13.352829    1.000000    0.000000  566.111336
Iteration: 39 bestvalit: 0.001239 bestmemit:    4.288704   13.352829    1.000000    0.000000  566.111336
Iteration: 40 bestvalit: 0.001239 bestmemit:    4.288704   13.352829    1.000000    0.000000  566.111336
Iteration: 41 bestvalit: 0.001239 bestmemit:    4.288704   13.352829    1.000000    0.000000  566.111336
Iteration: 42 bestvalit: 0.001239 bestmemit:    4.288704   13.352829    1.000000    0.000000  566.111336
Iteration: 43 bestvalit: 0.001239 bestmemit:    4.288704   13.352829    1.000000    0.000000  566.111336
Iteration: 44 bestvalit: 0.001239 bestmemit:    4.288704   13.352829    1.000000    0.000000  566.111336
Iteration: 45 bestvalit: 0.001239 bestmemit:    4.288704   13.352829    1.000000    0.000000  566.111336
Iteration: 46 bestvalit: 0.001239 bestmemit:    4.288704   13.352829    1.000000    0.000000  566.111336
Iteration: 47 bestvalit: 0.001239 bestmemit:    4.288704   13.352829    1.000000    0.000000  566.111336
Iteration: 48 bestvalit: 0.001239 bestmemit:    4.288704   13.352829    1.000000    0.000000  566.111336
Iteration: 49 bestvalit: 0.001239 bestmemit:    4.288704   13.352829    1.000000    0.000000  566.111336
Iteration: 50 bestvalit: 0.001239 bestmemit:    4.288704   13.352829    1.000000    0.000000  566.111336
Iteration: 51 bestvalit: 0.001239 bestmemit:    4.288704   13.352829    1.000000    0.000000  566.111336
Iteration: 52 bestvalit: 0.001239 bestmemit:    4.288704   13.352829    1.000000    0.000000  566.111336
Iteration: 53 bestvalit: 0.001239 bestmemit:    4.288704   13.352829    1.000000    0.000000  566.111336
Iteration: 54 bestvalit: 0.001239 bestmemit:    4.288704   13.352829    1.000000    0.000000  566.111336
Iteration: 55 bestvalit: 0.001239 bestmemit:    4.288704   13.352829    1.000000    0.000000  566.111336
Iteration: 56 bestvalit: 0.001239 bestmemit:    4.288704   13.352829    1.000000    0.000000  566.111336
Iteration: 57 bestvalit: 0.001239 bestmemit:    4.288704   13.352829    1.000000    0.000000  566.111336
Iteration: 58 bestvalit: 0.001239 bestmemit:    4.288704   13.352829    1.000000    0.000000  566.111336
Iteration: 59 bestvalit: 0.001239 bestmemit:    4.288704   13.352829    1.000000    0.000000  566.111336
Iteration: 60 bestvalit: 0.001239 bestmemit:    4.288704   13.352829    1.000000    0.000000  566.111336
Iteration: 61 bestvalit: 0.001239 bestmemit:    4.288704   13.352829    1.000000    0.000000  566.111336
Iteration: 62 bestvalit: 0.001239 bestmemit:    4.288704   13.352829    1.000000    0.000000  566.111336
Iteration: 63 bestvalit: 0.001239 bestmemit:    4.288704   13.352829    1.000000    0.000000  566.111336
Iteration: 64 bestvalit: 0.001239 bestmemit:    4.288704   13.352829    1.000000    0.000000  566.111336
Iteration: 65 bestvalit: 0.001239 bestmemit:    4.288704   13.352829    1.000000    0.000000  566.111336
Iteration: 66 bestvalit: 0.001239 bestmemit:    4.288704   13.352829    1.000000    0.000000  566.111336
Iteration: 67 bestvalit: 0.001239 bestmemit:    4.288704   13.352829    1.000000    0.000000  566.111336
Iteration: 68 bestvalit: 0.001239 bestmemit:    4.288704   13.352829    1.000000    0.000000  566.111336
Iteration: 69 bestvalit: 0.001239 bestmemit:    4.288704   13.352829    1.000000    0.000000  566.111336
Iteration: 70 bestvalit: 0.001239 bestmemit:    4.288704   13.352829    1.000000    0.000000  566.111336
Iteration: 71 bestvalit: 0.001239 bestmemit:    4.288704   13.352829    1.000000    0.000000  566.111336
Iteration: 72 bestvalit: 0.001239 bestmemit:    4.288704   13.352829    1.000000    0.000000  566.111336
Iteration: 73 bestvalit: 0.001239 bestmemit:    4.288704   13.352829    1.000000    0.000000  566.111336
Iteration: 74 bestvalit: 0.001239 bestmemit:    4.288704   13.352829    1.000000    0.000000  566.111336
Iteration: 75 bestvalit: 0.001239 bestmemit:    4.288704   13.352829    1.000000    0.000000  566.111336
Iteration: 76 bestvalit: 0.001239 bestmemit:    4.288704   13.352829    1.000000    0.000000  566.111336
Iteration: 77 bestvalit: 0.001239 bestmemit:    4.288704   13.352829    1.000000    0.000000  566.111336
Iteration: 78 bestvalit: 0.001239 bestmemit:    4.288704   13.352829    1.000000    0.000000  566.111336
Iteration: 79 bestvalit: 0.001239 bestmemit:    4.288704   13.352829    1.000000    0.000000  566.111336
Iteration: 80 bestvalit: 0.001239 bestmemit:    4.288704   13.352829    1.000000    0.000000  566.111336
Iteration: 81 bestvalit: 0.001239 bestmemit:    4.288704   13.352829    1.000000    0.000000  566.111336
Iteration: 82 bestvalit: 0.001239 bestmemit:    4.288704   13.352829    1.000000    0.000000  566.111336
Iteration: 83 bestvalit: 0.001239 bestmemit:    4.288704   13.352829    1.000000    0.000000  566.111336
Iteration: 84 bestvalit: 0.001239 bestmemit:    4.288704   13.352829    1.000000    0.000000  566.111336
Iteration: 85 bestvalit: 0.001239 bestmemit:    4.288704   13.352829    1.000000    0.000000  566.111336
Iteration: 86 bestvalit: 0.001239 bestmemit:    4.288704   13.352829    1.000000    0.000000  566.111336
Iteration: 87 bestvalit: 0.001239 bestmemit:    4.288704   13.352829    1.000000    0.000000  566.111336
Iteration: 88 bestvalit: 0.001239 bestmemit:    4.288704   13.352829    1.000000    0.000000  566.111336
Iteration: 89 bestvalit: 0.001239 bestmemit:    4.288704   13.352829    1.000000    0.000000  566.111336
Iteration: 90 bestvalit: 0.001239 bestmemit:    4.288704   13.352829    1.000000    0.000000  566.111336
Iteration: 91 bestvalit: 0.001239 bestmemit:    4.288704   13.352829    1.000000    0.000000  566.111336
Iteration: 92 bestvalit: 0.001239 bestmemit:    4.288704   13.352829    1.000000    0.000000  566.111336
Iteration: 93 bestvalit: 0.001239 bestmemit:    4.288704   13.352829    1.000000    0.000000  566.111336
Iteration: 94 bestvalit: 0.001239 bestmemit:    4.288704   13.352829    1.000000    0.000000  566.111336
Iteration: 95 bestvalit: 0.001239 bestmemit:    4.288704   13.352829    1.000000    0.000000  566.111336
Iteration: 96 bestvalit: 0.001239 bestmemit:    4.288704   13.352829    1.000000    0.000000  566.111336
Iteration: 97 bestvalit: 0.001239 bestmemit:    4.288704   13.352829    1.000000    0.000000  566.111336
Iteration: 98 bestvalit: 0.001239 bestmemit:    4.288704   13.352829    1.000000    0.000000  566.111336
Iteration: 99 bestvalit: 0.001239 bestmemit:    4.288704   13.352829    1.000000    0.000000  566.111336
Iteration: 100 bestvalit: 0.001239 bestmemit:    4.288704   13.352829    1.000000    0.000000  566.111336
Iteration: 101 bestvalit: 0.001239 bestmemit:    4.288704   13.352829    1.000000    0.000000  566.111336
Iteration: 102 bestvalit: 0.001239 bestmemit:    4.288704   13.352829    1.000000    0.000000  566.111336
Iteration: 103 bestvalit: 0.001239 bestmemit:    4.288704   13.352829    1.000000    0.000000  566.111336
Iteration: 104 bestvalit: 0.001239 bestmemit:    4.288704   13.352829    1.000000    0.000000  566.111336
Iteration: 105 bestvalit: 0.001239 bestmemit:    4.288704   13.352829    1.000000    0.000000  566.111336
Iteration: 106 bestvalit: 0.001239 bestmemit:    4.288704   13.352829    1.000000    0.000000  566.111336
Iteration: 107 bestvalit: 0.001239 bestmemit:    4.288704   13.352829    1.000000    0.000000  566.111336
Iteration: 108 bestvalit: 0.001239 bestmemit:    4.288704   13.352829    1.000000    0.000000  566.111336
Iteration: 109 bestvalit: 0.001239 bestmemit:    4.288704   13.352829    1.000000    0.000000  566.111336
Iteration: 110 bestvalit: 0.001239 bestmemit:    4.288704   13.352829    1.000000    0.000000  566.111336
Iteration: 111 bestvalit: 0.001239 bestmemit:    4.288704   13.352829    1.000000    0.000000  566.111336
Iteration: 112 bestvalit: 0.001239 bestmemit:    4.288704   13.352829    1.000000    0.000000  566.111336
Iteration: 113 bestvalit: 0.001239 bestmemit:    4.288704   13.352829    1.000000    0.000000  566.111336
Iteration: 114 bestvalit: 0.001239 bestmemit:    4.288704   13.352829    1.000000    0.000000  566.111336
Iteration: 115 bestvalit: 0.001239 bestmemit:    4.288704   13.352829    1.000000    0.000000  566.111336
Iteration: 116 bestvalit: 0.001239 bestmemit:    4.288704   13.352829    1.000000    0.000000  566.111336
Iteration: 117 bestvalit: 0.001239 bestmemit:    4.288704   13.352829    1.000000    0.000000  566.111336
Iteration: 118 bestvalit: 0.001239 bestmemit:    4.288704   13.352829    1.000000    0.000000  566.111336
Iteration: 119 bestvalit: 0.001239 bestmemit:    4.288704   13.352829    1.000000    0.000000  566.111336
Iteration: 120 bestvalit: 0.001239 bestmemit:    4.288704   13.352829    1.000000    0.000000  566.111336
Iteration: 121 bestvalit: 0.001239 bestmemit:    4.288704   13.352829    1.000000    0.000000  566.111336
Iteration: 122 bestvalit: 0.001239 bestmemit:    4.288704   13.352829    1.000000    0.000000  566.111336
Iteration: 123 bestvalit: 0.001239 bestmemit:    4.288704   13.352829    1.000000    0.000000  566.111336
Iteration: 124 bestvalit: 0.001239 bestmemit:    4.288704   13.352829    1.000000    0.000000  566.111336
Iteration: 125 bestvalit: 0.001239 bestmemit:    4.288704   13.352829    1.000000    0.000000  566.111336
Iteration: 126 bestvalit: 0.001239 bestmemit:    4.288704   13.352829    1.000000    0.000000  566.111336
Iteration: 127 bestvalit: 0.001239 bestmemit:    4.288704   13.352829    1.000000    0.000000  566.111336
Iteration: 128 bestvalit: 0.001239 bestmemit:    4.288704   13.352829    1.000000    0.000000  566.111336

***** summary of DEoptim object ***** 
best member   :  4.2887 13.35283 1 0 566.1113 
best value    :  0.00124 
after         :  128 generations 
fn evaluated  :  258 times 
*************************************
