SLURM_JOB_ID: 55336578
SLURM_JOB_USER: vsc34066
SLURM_JOB_ACCOUNT: lp_desenderlab
SLURM_JOB_NAME: fit_alternating_fb_beta_learn.slurm
SLURM_CLUSTER_NAME: genius
SLURM_JOB_PARTITION: batch
SLURM_ARRAY_JOB_ID: 55336494
SLURM_ARRAY_TASK_ID: 84
SLURM_NNODES: 1
SLURM_NODELIST: r23i13n18
SLURM_JOB_CPUS_PER_NODE: 8
Date: Tue Nov  7 16:44:15 CET 2023
Walltime: 00-23:00:00
========================================================================
Iteration: 1 bestvalit: 0.002700 bestmemit:   12.593903  -18.535846    1.000000    0.000000  634.240142
Iteration: 2 bestvalit: 0.002700 bestmemit:   12.593903  -18.535846    1.000000    0.000000  634.240142
Iteration: 3 bestvalit: 0.002700 bestmemit:   12.593903  -18.535846    1.000000    0.000000  634.240142
Iteration: 4 bestvalit: 0.002700 bestmemit:   12.593903  -18.535846    1.000000    0.000000  634.240142
Iteration: 5 bestvalit: 0.002700 bestmemit:   12.593903  -18.535846    1.000000    0.000000  634.240142
Iteration: 6 bestvalit: 0.002572 bestmemit:   12.593903  -18.535846    1.000000    0.000000  634.240142
Iteration: 7 bestvalit: 0.002572 bestmemit:   12.593903  -18.535846    1.000000    0.000000  634.240142
Iteration: 8 bestvalit: 0.002511 bestmemit:   12.593903  -18.535846    1.000000    0.000000  634.240142
Iteration: 9 bestvalit: 0.002511 bestmemit:   12.593903  -18.535846    1.000000    0.000000  634.240142
Iteration: 10 bestvalit: 0.001642 bestmemit:    6.364210  -26.499578    1.000000    0.000000  513.037934
Iteration: 11 bestvalit: 0.001642 bestmemit:    6.364210  -26.499578    1.000000    0.000000  513.037934
Iteration: 12 bestvalit: 0.001642 bestmemit:    6.364210  -26.499578    1.000000    0.000000  513.037934
Iteration: 13 bestvalit: 0.001642 bestmemit:    6.364210  -26.499578    1.000000    0.000000  513.037934
Iteration: 14 bestvalit: 0.001557 bestmemit:    3.303343   -2.526528    1.000000    0.000000  504.668135
Iteration: 15 bestvalit: 0.001522 bestmemit:    4.792097   16.551417    1.000000    0.000000  523.964290
Iteration: 16 bestvalit: 0.001522 bestmemit:    4.792097   16.551417    1.000000    0.000000  523.964290
Iteration: 17 bestvalit: 0.001490 bestmemit:    3.658323  -50.249298    1.000000    0.000000  513.814123
Iteration: 18 bestvalit: 0.001490 bestmemit:    4.362950  -44.190284    1.000000    0.000000  550.478986
Iteration: 19 bestvalit: 0.001423 bestmemit:    3.797478  -63.273499    1.000000    0.000000  550.605619
Iteration: 20 bestvalit: 0.001423 bestmemit:    3.797478  -63.273499    1.000000    0.000000  550.605619
Iteration: 21 bestvalit: 0.001423 bestmemit:    3.797478  -63.273499    1.000000    0.000000  550.605619
Iteration: 22 bestvalit: 0.001423 bestmemit:    3.797478  -63.273499    1.000000    0.000000  550.605619
Iteration: 23 bestvalit: 0.001423 bestmemit:    3.797478  -63.273499    1.000000    0.000000  550.605619
Iteration: 24 bestvalit: 0.001423 bestmemit:    3.797478  -63.273499    1.000000    0.000000  550.605619
Iteration: 25 bestvalit: 0.001409 bestmemit:    2.186180  -45.383199    1.000000    0.000000  549.732483
Iteration: 26 bestvalit: 0.001405 bestmemit:    4.039927   26.859238    1.000000    0.000000  561.094470
Iteration: 27 bestvalit: 0.001405 bestmemit:    4.039927   26.859238    1.000000    0.000000  561.094470
Iteration: 28 bestvalit: 0.001401 bestmemit:    3.102460  -37.743854    1.000000    0.000000  546.664768
Iteration: 29 bestvalit: 0.001401 bestmemit:    3.102460  -37.743854    1.000000    0.000000  546.664768
Iteration: 30 bestvalit: 0.001401 bestmemit:    3.102460  -37.743854    1.000000    0.000000  546.664768
Iteration: 31 bestvalit: 0.001401 bestmemit:    3.102460  -37.743854    1.000000    0.000000  546.664768
Iteration: 32 bestvalit: 0.001401 bestmemit:    3.102460  -37.743854    1.000000    0.000000  546.664768
Iteration: 33 bestvalit: 0.001401 bestmemit:    3.102460  -37.743854    1.000000    0.000000  546.664768
Iteration: 34 bestvalit: 0.001401 bestmemit:    3.102460  -37.743854    1.000000    0.000000  546.664768
Iteration: 35 bestvalit: 0.001401 bestmemit:    3.102460  -37.743854    1.000000    0.000000  546.664768
Iteration: 36 bestvalit: 0.001401 bestmemit:    3.102460  -37.743854    1.000000    0.000000  546.664768
Iteration: 37 bestvalit: 0.001401 bestmemit:    3.102460  -37.743854    1.000000    0.000000  546.664768
Iteration: 38 bestvalit: 0.001395 bestmemit:    3.215383  -24.318235    1.000000    0.000000  534.408413
Iteration: 39 bestvalit: 0.001395 bestmemit:    3.215383  -24.318235    1.000000    0.000000  534.408413
Iteration: 40 bestvalit: 0.001395 bestmemit:    3.215383  -24.318235    1.000000    0.000000  534.408413
Iteration: 41 bestvalit: 0.001395 bestmemit:    3.215383  -24.318235    1.000000    0.000000  534.408413
Iteration: 42 bestvalit: 0.001391 bestmemit:    2.734185  -12.340671    1.000000    0.000000  550.159935
Iteration: 43 bestvalit: 0.001371 bestmemit:    3.159830  -37.743854    1.000000    0.000000  546.664768
Iteration: 44 bestvalit: 0.001371 bestmemit:    3.159830  -37.743854    1.000000    0.000000  546.664768
Iteration: 45 bestvalit: 0.001371 bestmemit:    3.159830  -37.743854    1.000000    0.000000  546.664768
Iteration: 46 bestvalit: 0.001371 bestmemit:    3.159830  -37.743854    1.000000    0.000000  546.664768
Iteration: 47 bestvalit: 0.001371 bestmemit:    3.159830  -37.743854    1.000000    0.000000  546.664768
Iteration: 48 bestvalit: 0.001371 bestmemit:    3.159830  -37.743854    1.000000    0.000000  546.664768
Iteration: 49 bestvalit: 0.001371 bestmemit:    3.159830  -37.743854    1.000000    0.000000  546.664768
Iteration: 50 bestvalit: 0.001371 bestmemit:    3.159830  -37.743854    1.000000    0.000000  546.664768
Iteration: 51 bestvalit: 0.001371 bestmemit:    3.159830  -37.743854    1.000000    0.000000  546.664768
Iteration: 52 bestvalit: 0.001371 bestmemit:    3.159830  -37.743854    1.000000    0.000000  546.664768
Iteration: 53 bestvalit: 0.001371 bestmemit:    3.159830  -37.743854    1.000000    0.000000  546.664768
Iteration: 54 bestvalit: 0.001371 bestmemit:    3.159830  -37.743854    1.000000    0.000000  546.664768
Iteration: 55 bestvalit: 0.001371 bestmemit:    3.159830  -37.743854    1.000000    0.000000  546.664768
Iteration: 56 bestvalit: 0.001371 bestmemit:    3.159830  -37.743854    1.000000    0.000000  546.664768
Iteration: 57 bestvalit: 0.001371 bestmemit:    3.159830  -37.743854    1.000000    0.000000  546.664768
Iteration: 58 bestvalit: 0.001371 bestmemit:    3.159830  -37.743854    1.000000    0.000000  546.664768
Iteration: 59 bestvalit: 0.001371 bestmemit:    3.159830  -37.743854    1.000000    0.000000  546.664768
Iteration: 60 bestvalit: 0.001371 bestmemit:    3.159830  -37.743854    1.000000    0.000000  546.664768
Iteration: 61 bestvalit: 0.001371 bestmemit:    3.159830  -37.743854    1.000000    0.000000  546.664768
Iteration: 62 bestvalit: 0.001371 bestmemit:    3.159830  -37.743854    1.000000    0.000000  546.664768
Iteration: 63 bestvalit: 0.001371 bestmemit:    3.159830  -37.743854    1.000000    0.000000  546.664768
Iteration: 64 bestvalit: 0.001371 bestmemit:    3.159830  -37.743854    1.000000    0.000000  546.664768
Iteration: 65 bestvalit: 0.001371 bestmemit:    3.159830  -37.743854    1.000000    0.000000  546.664768
Iteration: 66 bestvalit: 0.001371 bestmemit:    3.159830  -37.743854    1.000000    0.000000  546.664768
Iteration: 67 bestvalit: 0.001371 bestmemit:    3.159830  -37.743854    1.000000    0.000000  546.664768
Iteration: 68 bestvalit: 0.001371 bestmemit:    3.159830  -37.743854    1.000000    0.000000  546.664768
Iteration: 69 bestvalit: 0.001371 bestmemit:    3.159830  -37.743854    1.000000    0.000000  546.664768
Iteration: 70 bestvalit: 0.001371 bestmemit:    3.159830  -37.743854    1.000000    0.000000  546.664768
Iteration: 71 bestvalit: 0.001371 bestmemit:    3.159830  -37.743854    1.000000    0.000000  546.664768
Iteration: 72 bestvalit: 0.001371 bestmemit:    3.159830  -37.743854    1.000000    0.000000  546.664768
Iteration: 73 bestvalit: 0.001371 bestmemit:    3.159830  -37.743854    1.000000    0.000000  546.664768
Iteration: 74 bestvalit: 0.001371 bestmemit:    3.159830  -37.743854    1.000000    0.000000  546.664768
Iteration: 75 bestvalit: 0.001371 bestmemit:    3.159830  -37.743854    1.000000    0.000000  546.664768
Iteration: 76 bestvalit: 0.001371 bestmemit:    3.159830  -37.743854    1.000000    0.000000  546.664768
Iteration: 77 bestvalit: 0.001371 bestmemit:    3.159830  -37.743854    1.000000    0.000000  546.664768
Iteration: 78 bestvalit: 0.001371 bestmemit:    3.159830  -37.743854    1.000000    0.000000  546.664768
Iteration: 79 bestvalit: 0.001371 bestmemit:    3.159830  -37.743854    1.000000    0.000000  546.664768
Iteration: 80 bestvalit: 0.001371 bestmemit:    3.159830  -37.743854    1.000000    0.000000  546.664768
Iteration: 81 bestvalit: 0.001371 bestmemit:    3.159830  -37.743854    1.000000    0.000000  546.664768
Iteration: 82 bestvalit: 0.001371 bestmemit:    3.159830  -37.743854    1.000000    0.000000  546.664768
Iteration: 83 bestvalit: 0.001371 bestmemit:    3.159830  -37.743854    1.000000    0.000000  546.664768
Iteration: 84 bestvalit: 0.001371 bestmemit:    3.159830  -37.743854    1.000000    0.000000  546.664768
Iteration: 85 bestvalit: 0.001371 bestmemit:    3.159830  -37.743854    1.000000    0.000000  546.664768
Iteration: 86 bestvalit: 0.001371 bestmemit:    3.159830  -37.743854    1.000000    0.000000  546.664768
Iteration: 87 bestvalit: 0.001371 bestmemit:    3.159830  -37.743854    1.000000    0.000000  546.664768
Iteration: 88 bestvalit: 0.001371 bestmemit:    3.159830  -37.743854    1.000000    0.000000  546.664768
Iteration: 89 bestvalit: 0.001371 bestmemit:    3.159830  -37.743854    1.000000    0.000000  546.664768
Iteration: 90 bestvalit: 0.001371 bestmemit:    3.159830  -37.743854    1.000000    0.000000  546.664768
Iteration: 91 bestvalit: 0.001371 bestmemit:    3.159830  -37.743854    1.000000    0.000000  546.664768
Iteration: 92 bestvalit: 0.001371 bestmemit:    3.159830  -37.743854    1.000000    0.000000  546.664768
Iteration: 93 bestvalit: 0.001371 bestmemit:    3.159830  -37.743854    1.000000    0.000000  546.664768
Iteration: 94 bestvalit: 0.001371 bestmemit:    3.159830  -37.743854    1.000000    0.000000  546.664768
Iteration: 95 bestvalit: 0.001371 bestmemit:    3.159830  -37.743854    1.000000    0.000000  546.664768
Iteration: 96 bestvalit: 0.001371 bestmemit:    3.159830  -37.743854    1.000000    0.000000  546.664768
Iteration: 97 bestvalit: 0.001371 bestmemit:    3.159830  -37.743854    1.000000    0.000000  546.664768
Iteration: 98 bestvalit: 0.001371 bestmemit:    3.159830  -37.743854    1.000000    0.000000  546.664768
Iteration: 99 bestvalit: 0.001371 bestmemit:    3.159830  -37.743854    1.000000    0.000000  546.664768
Iteration: 100 bestvalit: 0.001371 bestmemit:    3.159830  -37.743854    1.000000    0.000000  546.664768
Iteration: 101 bestvalit: 0.001371 bestmemit:    3.159830  -37.743854    1.000000    0.000000  546.664768
Iteration: 102 bestvalit: 0.001371 bestmemit:    3.159830  -37.743854    1.000000    0.000000  546.664768
Iteration: 103 bestvalit: 0.001371 bestmemit:    3.159830  -37.743854    1.000000    0.000000  546.664768
Iteration: 104 bestvalit: 0.001371 bestmemit:    3.159830  -37.743854    1.000000    0.000000  546.664768
Iteration: 105 bestvalit: 0.001371 bestmemit:    3.159830  -37.743854    1.000000    0.000000  546.664768
Iteration: 106 bestvalit: 0.001371 bestmemit:    3.159830  -37.743854    1.000000    0.000000  546.664768
Iteration: 107 bestvalit: 0.001371 bestmemit:    3.159830  -37.743854    1.000000    0.000000  546.664768
Iteration: 108 bestvalit: 0.001371 bestmemit:    3.159830  -37.743854    1.000000    0.000000  546.664768
Iteration: 109 bestvalit: 0.001371 bestmemit:    3.159830  -37.743854    1.000000    0.000000  546.664768
Iteration: 110 bestvalit: 0.001356 bestmemit:    3.485300  -19.781083    1.000000    0.000000  541.290153
Iteration: 111 bestvalit: 0.001356 bestmemit:    3.485300  -19.781083    1.000000    0.000000  541.290153
Iteration: 112 bestvalit: 0.001356 bestmemit:    3.485300  -19.781083    1.000000    0.000000  541.290153
Iteration: 113 bestvalit: 0.001356 bestmemit:    3.485300  -19.781083    1.000000    0.000000  541.290153
Iteration: 114 bestvalit: 0.001356 bestmemit:    3.485300  -19.781083    1.000000    0.000000  541.290153
Iteration: 115 bestvalit: 0.001356 bestmemit:    3.485300  -19.781083    1.000000    0.000000  541.290153
Iteration: 116 bestvalit: 0.001356 bestmemit:    3.485300  -19.781083    1.000000    0.000000  541.290153
Iteration: 117 bestvalit: 0.001356 bestmemit:    3.485300  -19.781083    1.000000    0.000000  541.290153
Iteration: 118 bestvalit: 0.001356 bestmemit:    3.485300  -19.781083    1.000000    0.000000  541.290153
Iteration: 119 bestvalit: 0.001356 bestmemit:    3.485300  -19.781083    1.000000    0.000000  541.290153
Iteration: 120 bestvalit: 0.001356 bestmemit:    3.485300  -19.781083    1.000000    0.000000  541.290153
Iteration: 121 bestvalit: 0.001356 bestmemit:    3.485300  -19.781083    1.000000    0.000000  541.290153
Iteration: 122 bestvalit: 0.001356 bestmemit:    3.485300  -19.781083    1.000000    0.000000  541.290153
Iteration: 123 bestvalit: 0.001356 bestmemit:    3.485300  -19.781083    1.000000    0.000000  541.290153
Iteration: 124 bestvalit: 0.001356 bestmemit:    3.485300  -19.781083    1.000000    0.000000  541.290153
Iteration: 125 bestvalit: 0.001356 bestmemit:    3.485300  -19.781083    1.000000    0.000000  541.290153
Iteration: 126 bestvalit: 0.001356 bestmemit:    3.485300  -19.781083    1.000000    0.000000  541.290153
Iteration: 127 bestvalit: 0.001356 bestmemit:    3.485300  -19.781083    1.000000    0.000000  541.290153
Iteration: 128 bestvalit: 0.001356 bestmemit:    3.485300  -19.781083    1.000000    0.000000  541.290153
Iteration: 129 bestvalit: 0.001356 bestmemit:    3.485300  -19.781083    1.000000    0.000000  541.290153
Iteration: 130 bestvalit: 0.001356 bestmemit:    3.485300  -19.781083    1.000000    0.000000  541.290153
Iteration: 131 bestvalit: 0.001356 bestmemit:    3.485300  -19.781083    1.000000    0.000000  541.290153
Iteration: 132 bestvalit: 0.001356 bestmemit:    3.485300  -19.781083    1.000000    0.000000  541.290153
Iteration: 133 bestvalit: 0.001356 bestmemit:    3.485300  -19.781083    1.000000    0.000000  541.290153
Iteration: 134 bestvalit: 0.001356 bestmemit:    3.485300  -19.781083    1.000000    0.000000  541.290153
Iteration: 135 bestvalit: 0.001356 bestmemit:    3.485300  -19.781083    1.000000    0.000000  541.290153
Iteration: 136 bestvalit: 0.001356 bestmemit:    3.485300  -19.781083    1.000000    0.000000  541.290153
Iteration: 137 bestvalit: 0.001356 bestmemit:    3.485300  -19.781083    1.000000    0.000000  541.290153
Iteration: 138 bestvalit: 0.001356 bestmemit:    3.485300  -19.781083    1.000000    0.000000  541.290153
Iteration: 139 bestvalit: 0.001356 bestmemit:    3.485300  -19.781083    1.000000    0.000000  541.290153
Iteration: 140 bestvalit: 0.001356 bestmemit:    3.485300  -19.781083    1.000000    0.000000  541.290153
Iteration: 141 bestvalit: 0.001356 bestmemit:    3.485300  -19.781083    1.000000    0.000000  541.290153
Iteration: 142 bestvalit: 0.001356 bestmemit:    3.485300  -19.781083    1.000000    0.000000  541.290153
Iteration: 143 bestvalit: 0.001356 bestmemit:    3.485300  -19.781083    1.000000    0.000000  541.290153
Iteration: 144 bestvalit: 0.001356 bestmemit:    3.485300  -19.781083    1.000000    0.000000  541.290153
Iteration: 145 bestvalit: 0.001356 bestmemit:    3.485300  -19.781083    1.000000    0.000000  541.290153
Iteration: 146 bestvalit: 0.001356 bestmemit:    3.485300  -19.781083    1.000000    0.000000  541.290153
Iteration: 147 bestvalit: 0.001356 bestmemit:    3.485300  -19.781083    1.000000    0.000000  541.290153
Iteration: 148 bestvalit: 0.001356 bestmemit:    3.485300  -19.781083    1.000000    0.000000  541.290153
Iteration: 149 bestvalit: 0.001356 bestmemit:    3.485300  -19.781083    1.000000    0.000000  541.290153
Iteration: 150 bestvalit: 0.001356 bestmemit:    3.485300  -19.781083    1.000000    0.000000  541.290153
Iteration: 151 bestvalit: 0.001356 bestmemit:    3.485300  -19.781083    1.000000    0.000000  541.290153
Iteration: 152 bestvalit: 0.001356 bestmemit:    3.485300  -19.781083    1.000000    0.000000  541.290153
Iteration: 153 bestvalit: 0.001356 bestmemit:    3.485300  -19.781083    1.000000    0.000000  541.290153
Iteration: 154 bestvalit: 0.001356 bestmemit:    3.485300  -19.781083    1.000000    0.000000  541.290153
Iteration: 155 bestvalit: 0.001356 bestmemit:    3.485300  -19.781083    1.000000    0.000000  541.290153
Iteration: 156 bestvalit: 0.001356 bestmemit:    3.485300  -19.781083    1.000000    0.000000  541.290153
Iteration: 157 bestvalit: 0.001356 bestmemit:    3.485300  -19.781083    1.000000    0.000000  541.290153
Iteration: 158 bestvalit: 0.001356 bestmemit:    3.485300  -19.781083    1.000000    0.000000  541.290153
Iteration: 159 bestvalit: 0.001356 bestmemit:    3.485300  -19.781083    1.000000    0.000000  541.290153
Iteration: 160 bestvalit: 0.001356 bestmemit:    3.485300  -19.781083    1.000000    0.000000  541.290153
Iteration: 161 bestvalit: 0.001356 bestmemit:    3.485300  -19.781083    1.000000    0.000000  541.290153
Iteration: 162 bestvalit: 0.001356 bestmemit:    3.485300  -19.781083    1.000000    0.000000  541.290153
Iteration: 163 bestvalit: 0.001356 bestmemit:    3.485300  -19.781083    1.000000    0.000000  541.290153
Iteration: 164 bestvalit: 0.001356 bestmemit:    3.485300  -19.781083    1.000000    0.000000  541.290153
Iteration: 165 bestvalit: 0.001356 bestmemit:    3.485300  -19.781083    1.000000    0.000000  541.290153
Iteration: 166 bestvalit: 0.001356 bestmemit:    3.485300  -19.781083    1.000000    0.000000  541.290153
Iteration: 167 bestvalit: 0.001356 bestmemit:    3.485300  -19.781083    1.000000    0.000000  541.290153
Iteration: 168 bestvalit: 0.001356 bestmemit:    3.485300  -19.781083    1.000000    0.000000  541.290153
Iteration: 169 bestvalit: 0.001356 bestmemit:    3.485300  -19.781083    1.000000    0.000000  541.290153
Iteration: 170 bestvalit: 0.001356 bestmemit:    3.485300  -19.781083    1.000000    0.000000  541.290153
Iteration: 171 bestvalit: 0.001356 bestmemit:    3.485300  -19.781083    1.000000    0.000000  541.290153
Iteration: 172 bestvalit: 0.001356 bestmemit:    3.485300  -19.781083    1.000000    0.000000  541.290153
Iteration: 173 bestvalit: 0.001356 bestmemit:    3.485300  -19.781083    1.000000    0.000000  541.290153
Iteration: 174 bestvalit: 0.001356 bestmemit:    3.485300  -19.781083    1.000000    0.000000  541.290153
Iteration: 175 bestvalit: 0.001356 bestmemit:    3.485300  -19.781083    1.000000    0.000000  541.290153
Iteration: 176 bestvalit: 0.001356 bestmemit:    3.485300  -19.781083    1.000000    0.000000  541.290153
Iteration: 177 bestvalit: 0.001356 bestmemit:    3.485300  -19.781083    1.000000    0.000000  541.290153
Iteration: 178 bestvalit: 0.001356 bestmemit:    3.485300  -19.781083    1.000000    0.000000  541.290153
Iteration: 179 bestvalit: 0.001356 bestmemit:    3.485300  -19.781083    1.000000    0.000000  541.290153
Iteration: 180 bestvalit: 0.001356 bestmemit:    3.485300  -19.781083    1.000000    0.000000  541.290153
Iteration: 181 bestvalit: 0.001356 bestmemit:    3.485300  -19.781083    1.000000    0.000000  541.290153
Iteration: 182 bestvalit: 0.001356 bestmemit:    3.485300  -19.781083    1.000000    0.000000  541.290153
Iteration: 183 bestvalit: 0.001356 bestmemit:    3.485300  -19.781083    1.000000    0.000000  541.290153
Iteration: 184 bestvalit: 0.001356 bestmemit:    3.485300  -19.781083    1.000000    0.000000  541.290153
Iteration: 185 bestvalit: 0.001356 bestmemit:    3.485300  -19.781083    1.000000    0.000000  541.290153
Iteration: 186 bestvalit: 0.001356 bestmemit:    3.485300  -19.781083    1.000000    0.000000  541.290153
Iteration: 187 bestvalit: 0.001356 bestmemit:    3.485300  -19.781083    1.000000    0.000000  541.290153
Iteration: 188 bestvalit: 0.001356 bestmemit:    3.485300  -19.781083    1.000000    0.000000  541.290153
Iteration: 189 bestvalit: 0.001356 bestmemit:    3.485300  -19.781083    1.000000    0.000000  541.290153
Iteration: 190 bestvalit: 0.001356 bestmemit:    3.485300  -19.781083    1.000000    0.000000  541.290153
Iteration: 191 bestvalit: 0.001356 bestmemit:    3.485300  -19.781083    1.000000    0.000000  541.290153
Iteration: 192 bestvalit: 0.001356 bestmemit:    3.485300  -19.781083    1.000000    0.000000  541.290153
Iteration: 193 bestvalit: 0.001356 bestmemit:    3.485300  -19.781083    1.000000    0.000000  541.290153
Iteration: 194 bestvalit: 0.001356 bestmemit:    3.485300  -19.781083    1.000000    0.000000  541.290153
Iteration: 195 bestvalit: 0.001356 bestmemit:    3.485300  -19.781083    1.000000    0.000000  541.290153
Iteration: 196 bestvalit: 0.001356 bestmemit:    3.485300  -19.781083    1.000000    0.000000  541.290153
Iteration: 197 bestvalit: 0.001356 bestmemit:    3.485300  -19.781083    1.000000    0.000000  541.290153
Iteration: 198 bestvalit: 0.001356 bestmemit:    3.485300  -19.781083    1.000000    0.000000  541.290153
Iteration: 199 bestvalit: 0.001356 bestmemit:    3.485300  -19.781083    1.000000    0.000000  541.290153
Iteration: 200 bestvalit: 0.001356 bestmemit:    3.485300  -19.781083    1.000000    0.000000  541.290153
Iteration: 201 bestvalit: 0.001356 bestmemit:    3.485300  -19.781083    1.000000    0.000000  541.290153
Iteration: 202 bestvalit: 0.001356 bestmemit:    3.485300  -19.781083    1.000000    0.000000  541.290153
Iteration: 203 bestvalit: 0.001356 bestmemit:    3.485300  -19.781083    1.000000    0.000000  541.290153
Iteration: 204 bestvalit: 0.001356 bestmemit:    3.485300  -19.781083    1.000000    0.000000  541.290153
Iteration: 205 bestvalit: 0.001356 bestmemit:    3.485300  -19.781083    1.000000    0.000000  541.290153
Iteration: 206 bestvalit: 0.001356 bestmemit:    3.485300  -19.781083    1.000000    0.000000  541.290153
Iteration: 207 bestvalit: 0.001356 bestmemit:    3.485300  -19.781083    1.000000    0.000000  541.290153
Iteration: 208 bestvalit: 0.001356 bestmemit:    3.485300  -19.781083    1.000000    0.000000  541.290153
Iteration: 209 bestvalit: 0.001356 bestmemit:    3.485300  -19.781083    1.000000    0.000000  541.290153
Iteration: 210 bestvalit: 0.001356 bestmemit:    3.485300  -19.781083    1.000000    0.000000  541.290153
Iteration: 211 bestvalit: 0.001356 bestmemit:    3.485300  -19.781083    1.000000    0.000000  541.290153

***** summary of DEoptim object ***** 
best member   :  3.4853 -19.78108 1 0 541.2902 
best value    :  0.00136 
after         :  211 generations 
fn evaluated  :  424 times 
*************************************
