SLURM_JOB_ID: 55336568
SLURM_JOB_USER: vsc34066
SLURM_JOB_ACCOUNT: lp_desenderlab
SLURM_JOB_NAME: fit_alternating_fb_beta_learn.slurm
SLURM_CLUSTER_NAME: genius
SLURM_JOB_PARTITION: batch
SLURM_ARRAY_JOB_ID: 55336494
SLURM_ARRAY_TASK_ID: 74
SLURM_NNODES: 1
SLURM_NODELIST: r23i13n16
SLURM_JOB_CPUS_PER_NODE: 8
Date: Tue Nov  7 16:43:56 CET 2023
Walltime: 00-23:00:00
========================================================================
Iteration: 1 bestvalit: 0.008742 bestmemit:    5.612014   55.377223    1.000000    0.000000 1247.709997
Iteration: 2 bestvalit: 0.003475 bestmemit:    5.612014   73.219928    1.000000    0.000000  833.149374
Iteration: 3 bestvalit: 0.002657 bestmemit:   13.254221  -58.315563    1.000000    0.000000  641.037849
Iteration: 4 bestvalit: 0.002657 bestmemit:   13.254221  -58.315563    1.000000    0.000000  641.037849
Iteration: 5 bestvalit: 0.002657 bestmemit:   13.254221  -58.315563    1.000000    0.000000  641.037849
Iteration: 6 bestvalit: 0.001581 bestmemit:    4.689409  -49.169288    1.000000    0.000000  566.293317
Iteration: 7 bestvalit: 0.001581 bestmemit:    4.689409  -49.169288    1.000000    0.000000  566.293317
Iteration: 8 bestvalit: 0.001573 bestmemit:    4.689409   20.872866    1.000000    0.000000  566.293317
Iteration: 9 bestvalit: 0.001573 bestmemit:    4.689409   20.872866    1.000000    0.000000  566.293317
Iteration: 10 bestvalit: 0.001573 bestmemit:    4.689409   20.872866    1.000000    0.000000  566.293317
Iteration: 11 bestvalit: 0.001573 bestmemit:    4.689409   20.872866    1.000000    0.000000  566.293317
Iteration: 12 bestvalit: 0.001573 bestmemit:    4.689409   20.872866    1.000000    0.000000  566.293317
Iteration: 13 bestvalit: 0.001573 bestmemit:    4.689409   20.872866    1.000000    0.000000  566.293317
Iteration: 14 bestvalit: 0.001484 bestmemit:    4.689409    8.289111    1.000000    0.000000  566.293317
Iteration: 15 bestvalit: 0.001484 bestmemit:    4.689409    8.289111    1.000000    0.000000  566.293317
Iteration: 16 bestvalit: 0.001484 bestmemit:    4.689409    8.289111    1.000000    0.000000  566.293317
Iteration: 17 bestvalit: 0.001484 bestmemit:    4.689409    8.289111    1.000000    0.000000  566.293317
Iteration: 18 bestvalit: 0.001484 bestmemit:    4.689409    8.289111    1.000000    0.000000  566.293317
Iteration: 19 bestvalit: 0.001484 bestmemit:    4.689409    8.289111    1.000000    0.000000  566.293317
Iteration: 20 bestvalit: 0.001484 bestmemit:    4.689409    8.289111    1.000000    0.000000  566.293317
Iteration: 21 bestvalit: 0.001484 bestmemit:    4.689409    8.289111    1.000000    0.000000  566.293317
Iteration: 22 bestvalit: 0.001475 bestmemit:    2.256780    2.382820    1.000000    0.000000  592.512486
Iteration: 23 bestvalit: 0.001475 bestmemit:    2.256780    2.382820    1.000000    0.000000  592.512486
Iteration: 24 bestvalit: 0.001475 bestmemit:    2.256780    2.382820    1.000000    0.000000  592.512486
Iteration: 25 bestvalit: 0.001475 bestmemit:    2.256780    2.382820    1.000000    0.000000  592.512486
Iteration: 26 bestvalit: 0.001475 bestmemit:    2.256780    2.382820    1.000000    0.000000  592.512486
Iteration: 27 bestvalit: 0.001467 bestmemit:    2.910624  -24.914357    1.000000    0.000000  556.069771
Iteration: 28 bestvalit: 0.001467 bestmemit:    2.910624  -24.914357    1.000000    0.000000  556.069771
Iteration: 29 bestvalit: 0.001467 bestmemit:    2.910624  -24.914357    1.000000    0.000000  556.069771
Iteration: 30 bestvalit: 0.001467 bestmemit:    2.910624  -24.914357    1.000000    0.000000  556.069771
Iteration: 31 bestvalit: 0.001463 bestmemit:    2.884562  -21.022468    1.000000    0.000000  576.629204
Iteration: 32 bestvalit: 0.001439 bestmemit:    4.336102  -14.792726    1.000000    0.000000  576.913677
Iteration: 33 bestvalit: 0.001439 bestmemit:    4.336102  -14.792726    1.000000    0.000000  576.913677
Iteration: 34 bestvalit: 0.001439 bestmemit:    4.336102  -14.792726    1.000000    0.000000  576.913677
Iteration: 35 bestvalit: 0.001439 bestmemit:    4.336102  -14.792726    1.000000    0.000000  576.913677
Iteration: 36 bestvalit: 0.001439 bestmemit:    4.336102  -14.792726    1.000000    0.000000  576.913677
Iteration: 37 bestvalit: 0.001439 bestmemit:    4.336102  -14.792726    1.000000    0.000000  576.913677
Iteration: 38 bestvalit: 0.001439 bestmemit:    4.336102  -14.792726    1.000000    0.000000  576.913677
Iteration: 39 bestvalit: 0.001439 bestmemit:    4.336102  -14.792726    1.000000    0.000000  576.913677
Iteration: 40 bestvalit: 0.001439 bestmemit:    4.336102  -14.792726    1.000000    0.000000  576.913677
Iteration: 41 bestvalit: 0.001439 bestmemit:    4.336102  -14.792726    1.000000    0.000000  576.913677
Iteration: 42 bestvalit: 0.001439 bestmemit:    4.336102  -14.792726    1.000000    0.000000  576.913677
Iteration: 43 bestvalit: 0.001439 bestmemit:    4.336102  -14.792726    1.000000    0.000000  576.913677
Iteration: 44 bestvalit: 0.001439 bestmemit:    4.336102  -14.792726    1.000000    0.000000  576.913677
Iteration: 45 bestvalit: 0.001439 bestmemit:    4.336102  -14.792726    1.000000    0.000000  576.913677
Iteration: 46 bestvalit: 0.001439 bestmemit:    4.336102  -14.792726    1.000000    0.000000  576.913677
Iteration: 47 bestvalit: 0.001439 bestmemit:    3.132080  -34.531733    1.000000    0.000000  569.359684
Iteration: 48 bestvalit: 0.001439 bestmemit:    3.132080  -34.531733    1.000000    0.000000  569.359684
Iteration: 49 bestvalit: 0.001439 bestmemit:    3.132080  -34.531733    1.000000    0.000000  569.359684
Iteration: 50 bestvalit: 0.001439 bestmemit:    3.132080  -34.531733    1.000000    0.000000  569.359684
Iteration: 51 bestvalit: 0.001439 bestmemit:    3.132080  -34.531733    1.000000    0.000000  569.359684
Iteration: 52 bestvalit: 0.001439 bestmemit:    3.132080  -34.531733    1.000000    0.000000  569.359684
Iteration: 53 bestvalit: 0.001439 bestmemit:    3.132080  -34.531733    1.000000    0.000000  569.359684
Iteration: 54 bestvalit: 0.001439 bestmemit:    3.132080  -34.531733    1.000000    0.000000  569.359684
Iteration: 55 bestvalit: 0.001416 bestmemit:    3.348024  -37.241679    1.000000    0.000000  566.490555
Iteration: 56 bestvalit: 0.001416 bestmemit:    3.348024  -37.241679    1.000000    0.000000  566.490555
Iteration: 57 bestvalit: 0.001416 bestmemit:    3.348024  -37.241679    1.000000    0.000000  566.490555
Iteration: 58 bestvalit: 0.001416 bestmemit:    3.348024  -37.241679    1.000000    0.000000  566.490555
Iteration: 59 bestvalit: 0.001416 bestmemit:    3.348024  -37.241679    1.000000    0.000000  566.490555
Iteration: 60 bestvalit: 0.001416 bestmemit:    3.348024  -37.241679    1.000000    0.000000  566.490555
Iteration: 61 bestvalit: 0.001416 bestmemit:    3.348024  -37.241679    1.000000    0.000000  566.490555
Iteration: 62 bestvalit: 0.001416 bestmemit:    3.348024  -37.241679    1.000000    0.000000  566.490555
Iteration: 63 bestvalit: 0.001416 bestmemit:    3.348024  -37.241679    1.000000    0.000000  566.490555
Iteration: 64 bestvalit: 0.001416 bestmemit:    3.348024  -37.241679    1.000000    0.000000  566.490555
Iteration: 65 bestvalit: 0.001416 bestmemit:    3.348024  -37.241679    1.000000    0.000000  566.490555
Iteration: 66 bestvalit: 0.001416 bestmemit:    3.348024  -37.241679    1.000000    0.000000  566.490555
Iteration: 67 bestvalit: 0.001416 bestmemit:    3.348024  -37.241679    1.000000    0.000000  566.490555
Iteration: 68 bestvalit: 0.001416 bestmemit:    3.348024  -37.241679    1.000000    0.000000  566.490555
Iteration: 69 bestvalit: 0.001416 bestmemit:    3.348024  -37.241679    1.000000    0.000000  566.490555
Iteration: 70 bestvalit: 0.001416 bestmemit:    3.348024  -37.241679    1.000000    0.000000  566.490555
Iteration: 71 bestvalit: 0.001416 bestmemit:    3.348024  -37.241679    1.000000    0.000000  566.490555
Iteration: 72 bestvalit: 0.001416 bestmemit:    3.348024  -37.241679    1.000000    0.000000  566.490555
Iteration: 73 bestvalit: 0.001416 bestmemit:    3.348024  -37.241679    1.000000    0.000000  566.490555
Iteration: 74 bestvalit: 0.001416 bestmemit:    3.348024  -37.241679    1.000000    0.000000  566.490555
Iteration: 75 bestvalit: 0.001416 bestmemit:    3.348024  -37.241679    1.000000    0.000000  566.490555
Iteration: 76 bestvalit: 0.001416 bestmemit:    3.348024  -37.241679    1.000000    0.000000  566.490555
Iteration: 77 bestvalit: 0.001416 bestmemit:    3.348024  -37.241679    1.000000    0.000000  566.490555
Iteration: 78 bestvalit: 0.001416 bestmemit:    3.348024  -37.241679    1.000000    0.000000  566.490555
Iteration: 79 bestvalit: 0.001416 bestmemit:    3.348024  -37.241679    1.000000    0.000000  566.490555
Iteration: 80 bestvalit: 0.001416 bestmemit:    3.348024  -37.241679    1.000000    0.000000  566.490555
Iteration: 81 bestvalit: 0.001416 bestmemit:    3.348024  -37.241679    1.000000    0.000000  566.490555
Iteration: 82 bestvalit: 0.001416 bestmemit:    3.348024  -37.241679    1.000000    0.000000  566.490555
Iteration: 83 bestvalit: 0.001416 bestmemit:    3.348024  -37.241679    1.000000    0.000000  566.490555
Iteration: 84 bestvalit: 0.001416 bestmemit:    3.348024  -37.241679    1.000000    0.000000  566.490555
Iteration: 85 bestvalit: 0.001416 bestmemit:    3.348024  -37.241679    1.000000    0.000000  566.490555
Iteration: 86 bestvalit: 0.001416 bestmemit:    3.348024  -37.241679    1.000000    0.000000  566.490555
Iteration: 87 bestvalit: 0.001416 bestmemit:    3.348024  -37.241679    1.000000    0.000000  566.490555
Iteration: 88 bestvalit: 0.001416 bestmemit:    3.348024  -37.241679    1.000000    0.000000  566.490555
Iteration: 89 bestvalit: 0.001416 bestmemit:    3.348024  -37.241679    1.000000    0.000000  566.490555
Iteration: 90 bestvalit: 0.001416 bestmemit:    3.348024  -37.241679    1.000000    0.000000  566.490555
Iteration: 91 bestvalit: 0.001416 bestmemit:    3.348024  -37.241679    1.000000    0.000000  566.490555
Iteration: 92 bestvalit: 0.001416 bestmemit:    3.348024  -37.241679    1.000000    0.000000  566.490555
Iteration: 93 bestvalit: 0.001416 bestmemit:    3.348024  -37.241679    1.000000    0.000000  566.490555
Iteration: 94 bestvalit: 0.001416 bestmemit:    3.348024  -37.241679    1.000000    0.000000  566.490555
Iteration: 95 bestvalit: 0.001416 bestmemit:    3.348024  -37.241679    1.000000    0.000000  566.490555
Iteration: 96 bestvalit: 0.001416 bestmemit:    3.348024  -37.241679    1.000000    0.000000  566.490555
Iteration: 97 bestvalit: 0.001416 bestmemit:    3.348024  -37.241679    1.000000    0.000000  566.490555
Iteration: 98 bestvalit: 0.001416 bestmemit:    3.348024  -37.241679    1.000000    0.000000  566.490555
Iteration: 99 bestvalit: 0.001416 bestmemit:    3.348024  -37.241679    1.000000    0.000000  566.490555
Iteration: 100 bestvalit: 0.001416 bestmemit:    3.348024  -37.241679    1.000000    0.000000  566.490555
Iteration: 101 bestvalit: 0.001416 bestmemit:    3.348024  -37.241679    1.000000    0.000000  566.490555
Iteration: 102 bestvalit: 0.001416 bestmemit:    3.348024  -37.241679    1.000000    0.000000  566.490555
Iteration: 103 bestvalit: 0.001416 bestmemit:    3.348024  -37.241679    1.000000    0.000000  566.490555
Iteration: 104 bestvalit: 0.001416 bestmemit:    3.348024  -37.241679    1.000000    0.000000  566.490555
Iteration: 105 bestvalit: 0.001416 bestmemit:    3.348024  -37.241679    1.000000    0.000000  566.490555
Iteration: 106 bestvalit: 0.001416 bestmemit:    3.348024  -37.241679    1.000000    0.000000  566.490555
Iteration: 107 bestvalit: 0.001416 bestmemit:    3.348024  -37.241679    1.000000    0.000000  566.490555
Iteration: 108 bestvalit: 0.001416 bestmemit:    3.348024  -37.241679    1.000000    0.000000  566.490555
Iteration: 109 bestvalit: 0.001416 bestmemit:    3.348024  -37.241679    1.000000    0.000000  566.490555
Iteration: 110 bestvalit: 0.001416 bestmemit:    3.348024  -37.241679    1.000000    0.000000  566.490555
Iteration: 111 bestvalit: 0.001416 bestmemit:    3.348024  -37.241679    1.000000    0.000000  566.490555
Iteration: 112 bestvalit: 0.001416 bestmemit:    3.348024  -37.241679    1.000000    0.000000  566.490555
Iteration: 113 bestvalit: 0.001416 bestmemit:    3.348024  -37.241679    1.000000    0.000000  566.490555
Iteration: 114 bestvalit: 0.001416 bestmemit:    3.348024  -37.241679    1.000000    0.000000  566.490555
Iteration: 115 bestvalit: 0.001416 bestmemit:    3.348024  -37.241679    1.000000    0.000000  566.490555
Iteration: 116 bestvalit: 0.001416 bestmemit:    3.348024  -37.241679    1.000000    0.000000  566.490555
Iteration: 117 bestvalit: 0.001416 bestmemit:    3.348024  -37.241679    1.000000    0.000000  566.490555
Iteration: 118 bestvalit: 0.001416 bestmemit:    3.348024  -37.241679    1.000000    0.000000  566.490555
Iteration: 119 bestvalit: 0.001416 bestmemit:    3.348024  -37.241679    1.000000    0.000000  566.490555
Iteration: 120 bestvalit: 0.001416 bestmemit:    3.348024  -37.241679    1.000000    0.000000  566.490555
Iteration: 121 bestvalit: 0.001416 bestmemit:    3.348024  -37.241679    1.000000    0.000000  566.490555
Iteration: 122 bestvalit: 0.001416 bestmemit:    3.348024  -37.241679    1.000000    0.000000  566.490555
Iteration: 123 bestvalit: 0.001416 bestmemit:    3.348024  -37.241679    1.000000    0.000000  566.490555
Iteration: 124 bestvalit: 0.001416 bestmemit:    3.348024  -37.241679    1.000000    0.000000  566.490555
Iteration: 125 bestvalit: 0.001416 bestmemit:    3.348024  -37.241679    1.000000    0.000000  566.490555
Iteration: 126 bestvalit: 0.001416 bestmemit:    3.348024  -37.241679    1.000000    0.000000  566.490555
Iteration: 127 bestvalit: 0.001416 bestmemit:    3.348024  -37.241679    1.000000    0.000000  566.490555
Iteration: 128 bestvalit: 0.001416 bestmemit:    3.348024  -37.241679    1.000000    0.000000  566.490555
Iteration: 129 bestvalit: 0.001416 bestmemit:    3.348024  -37.241679    1.000000    0.000000  566.490555
Iteration: 130 bestvalit: 0.001416 bestmemit:    3.348024  -37.241679    1.000000    0.000000  566.490555
Iteration: 131 bestvalit: 0.001416 bestmemit:    3.348024  -37.241679    1.000000    0.000000  566.490555
Iteration: 132 bestvalit: 0.001416 bestmemit:    3.348024  -37.241679    1.000000    0.000000  566.490555
Iteration: 133 bestvalit: 0.001416 bestmemit:    3.348024  -37.241679    1.000000    0.000000  566.490555
Iteration: 134 bestvalit: 0.001416 bestmemit:    3.348024  -37.241679    1.000000    0.000000  566.490555
Iteration: 135 bestvalit: 0.001416 bestmemit:    3.348024  -37.241679    1.000000    0.000000  566.490555
Iteration: 136 bestvalit: 0.001416 bestmemit:    3.348024  -37.241679    1.000000    0.000000  566.490555
Iteration: 137 bestvalit: 0.001416 bestmemit:    3.348024  -37.241679    1.000000    0.000000  566.490555
Iteration: 138 bestvalit: 0.001400 bestmemit:    3.903866    1.853240    1.000000    0.000000  570.033222
Iteration: 139 bestvalit: 0.001400 bestmemit:    3.903866    1.853240    1.000000    0.000000  570.033222
Iteration: 140 bestvalit: 0.001400 bestmemit:    3.903866    1.853240    1.000000    0.000000  570.033222
Iteration: 141 bestvalit: 0.001400 bestmemit:    3.903866    1.853240    1.000000    0.000000  570.033222
Iteration: 142 bestvalit: 0.001400 bestmemit:    3.903866    1.853240    1.000000    0.000000  570.033222
Iteration: 143 bestvalit: 0.001400 bestmemit:    3.903866    1.853240    1.000000    0.000000  570.033222
Iteration: 144 bestvalit: 0.001400 bestmemit:    3.903866    1.853240    1.000000    0.000000  570.033222
Iteration: 145 bestvalit: 0.001400 bestmemit:    3.903866    1.853240    1.000000    0.000000  570.033222
Iteration: 146 bestvalit: 0.001400 bestmemit:    3.903866    1.853240    1.000000    0.000000  570.033222
Iteration: 147 bestvalit: 0.001400 bestmemit:    3.903866    1.853240    1.000000    0.000000  570.033222
Iteration: 148 bestvalit: 0.001400 bestmemit:    3.903866    1.853240    1.000000    0.000000  570.033222
Iteration: 149 bestvalit: 0.001400 bestmemit:    3.903866    1.853240    1.000000    0.000000  570.033222
Iteration: 150 bestvalit: 0.001400 bestmemit:    3.903866    1.853240    1.000000    0.000000  570.033222
Iteration: 151 bestvalit: 0.001400 bestmemit:    3.903866    1.853240    1.000000    0.000000  570.033222
Iteration: 152 bestvalit: 0.001400 bestmemit:    3.903866    1.853240    1.000000    0.000000  570.033222
Iteration: 153 bestvalit: 0.001400 bestmemit:    3.903866    1.853240    1.000000    0.000000  570.033222
Iteration: 154 bestvalit: 0.001400 bestmemit:    3.903866    1.853240    1.000000    0.000000  570.033222
Iteration: 155 bestvalit: 0.001400 bestmemit:    3.903866    1.853240    1.000000    0.000000  570.033222
Iteration: 156 bestvalit: 0.001400 bestmemit:    3.903866    1.853240    1.000000    0.000000  570.033222
Iteration: 157 bestvalit: 0.001400 bestmemit:    3.903866    1.853240    1.000000    0.000000  570.033222
Iteration: 158 bestvalit: 0.001400 bestmemit:    3.903866    1.853240    1.000000    0.000000  570.033222
Iteration: 159 bestvalit: 0.001400 bestmemit:    3.903866    1.853240    1.000000    0.000000  570.033222
Iteration: 160 bestvalit: 0.001400 bestmemit:    3.903866    1.853240    1.000000    0.000000  570.033222
Iteration: 161 bestvalit: 0.001400 bestmemit:    3.903866    1.853240    1.000000    0.000000  570.033222
Iteration: 162 bestvalit: 0.001400 bestmemit:    3.903866    1.853240    1.000000    0.000000  570.033222
Iteration: 163 bestvalit: 0.001400 bestmemit:    3.903866    1.853240    1.000000    0.000000  570.033222
Iteration: 164 bestvalit: 0.001400 bestmemit:    3.903866    1.853240    1.000000    0.000000  570.033222
Iteration: 165 bestvalit: 0.001400 bestmemit:    3.903866    1.853240    1.000000    0.000000  570.033222
Iteration: 166 bestvalit: 0.001400 bestmemit:    3.903866    1.853240    1.000000    0.000000  570.033222
Iteration: 167 bestvalit: 0.001400 bestmemit:    3.903866    1.853240    1.000000    0.000000  570.033222
Iteration: 168 bestvalit: 0.001400 bestmemit:    3.903866    1.853240    1.000000    0.000000  570.033222
Iteration: 169 bestvalit: 0.001400 bestmemit:    3.903866    1.853240    1.000000    0.000000  570.033222
Iteration: 170 bestvalit: 0.001400 bestmemit:    3.903866    1.853240    1.000000    0.000000  570.033222
Iteration: 171 bestvalit: 0.001400 bestmemit:    3.903866    1.853240    1.000000    0.000000  570.033222
Iteration: 172 bestvalit: 0.001400 bestmemit:    3.903866    1.853240    1.000000    0.000000  570.033222
Iteration: 173 bestvalit: 0.001400 bestmemit:    3.903866    1.853240    1.000000    0.000000  570.033222
Iteration: 174 bestvalit: 0.001400 bestmemit:    3.903866    1.853240    1.000000    0.000000  570.033222
Iteration: 175 bestvalit: 0.001400 bestmemit:    3.903866    1.853240    1.000000    0.000000  570.033222
Iteration: 176 bestvalit: 0.001400 bestmemit:    3.903866    1.853240    1.000000    0.000000  570.033222
Iteration: 177 bestvalit: 0.001400 bestmemit:    3.903866    1.853240    1.000000    0.000000  570.033222
Iteration: 178 bestvalit: 0.001400 bestmemit:    3.903866    1.853240    1.000000    0.000000  570.033222
Iteration: 179 bestvalit: 0.001400 bestmemit:    3.903866    1.853240    1.000000    0.000000  570.033222
Iteration: 180 bestvalit: 0.001400 bestmemit:    3.903866    1.853240    1.000000    0.000000  570.033222
Iteration: 181 bestvalit: 0.001400 bestmemit:    3.903866    1.853240    1.000000    0.000000  570.033222
Iteration: 182 bestvalit: 0.001400 bestmemit:    3.903866    1.853240    1.000000    0.000000  570.033222
Iteration: 183 bestvalit: 0.001400 bestmemit:    3.903866    1.853240    1.000000    0.000000  570.033222
Iteration: 184 bestvalit: 0.001400 bestmemit:    3.903866    1.853240    1.000000    0.000000  570.033222
Iteration: 185 bestvalit: 0.001400 bestmemit:    3.903866    1.853240    1.000000    0.000000  570.033222
Iteration: 186 bestvalit: 0.001400 bestmemit:    3.903866    1.853240    1.000000    0.000000  570.033222
Iteration: 187 bestvalit: 0.001400 bestmemit:    3.903866    1.853240    1.000000    0.000000  570.033222
Iteration: 188 bestvalit: 0.001400 bestmemit:    3.903866    1.853240    1.000000    0.000000  570.033222
Iteration: 189 bestvalit: 0.001400 bestmemit:    3.903866    1.853240    1.000000    0.000000  570.033222
Iteration: 190 bestvalit: 0.001400 bestmemit:    3.903866    1.853240    1.000000    0.000000  570.033222
Iteration: 191 bestvalit: 0.001400 bestmemit:    3.903866    1.853240    1.000000    0.000000  570.033222
Iteration: 192 bestvalit: 0.001400 bestmemit:    3.903866    1.853240    1.000000    0.000000  570.033222
Iteration: 193 bestvalit: 0.001400 bestmemit:    3.903866    1.853240    1.000000    0.000000  570.033222
Iteration: 194 bestvalit: 0.001400 bestmemit:    3.903866    1.853240    1.000000    0.000000  570.033222
Iteration: 195 bestvalit: 0.001400 bestmemit:    3.903866    1.853240    1.000000    0.000000  570.033222
Iteration: 196 bestvalit: 0.001400 bestmemit:    3.903866    1.853240    1.000000    0.000000  570.033222
Iteration: 197 bestvalit: 0.001400 bestmemit:    3.903866    1.853240    1.000000    0.000000  570.033222
Iteration: 198 bestvalit: 0.001400 bestmemit:    3.903866    1.853240    1.000000    0.000000  570.033222
Iteration: 199 bestvalit: 0.001400 bestmemit:    3.903866    1.853240    1.000000    0.000000  570.033222
Iteration: 200 bestvalit: 0.001400 bestmemit:    3.903866    1.853240    1.000000    0.000000  570.033222
Iteration: 201 bestvalit: 0.001400 bestmemit:    3.903866    1.853240    1.000000    0.000000  570.033222
Iteration: 202 bestvalit: 0.001400 bestmemit:    3.903866    1.853240    1.000000    0.000000  570.033222
Iteration: 203 bestvalit: 0.001400 bestmemit:    3.903866    1.853240    1.000000    0.000000  570.033222
Iteration: 204 bestvalit: 0.001400 bestmemit:    3.903866    1.853240    1.000000    0.000000  570.033222
Iteration: 205 bestvalit: 0.001400 bestmemit:    3.903866    1.853240    1.000000    0.000000  570.033222
Iteration: 206 bestvalit: 0.001400 bestmemit:    3.903866    1.853240    1.000000    0.000000  570.033222
Iteration: 207 bestvalit: 0.001400 bestmemit:    3.903866    1.853240    1.000000    0.000000  570.033222
Iteration: 208 bestvalit: 0.001400 bestmemit:    3.903866    1.853240    1.000000    0.000000  570.033222
Iteration: 209 bestvalit: 0.001400 bestmemit:    3.903866    1.853240    1.000000    0.000000  570.033222
Iteration: 210 bestvalit: 0.001400 bestmemit:    3.903866    1.853240    1.000000    0.000000  570.033222
Iteration: 211 bestvalit: 0.001400 bestmemit:    3.903866    1.853240    1.000000    0.000000  570.033222
Iteration: 212 bestvalit: 0.001400 bestmemit:    3.903866    1.853240    1.000000    0.000000  570.033222
Iteration: 213 bestvalit: 0.001400 bestmemit:    3.903866    1.853240    1.000000    0.000000  570.033222
Iteration: 214 bestvalit: 0.001400 bestmemit:    3.903866    1.853240    1.000000    0.000000  570.033222
Iteration: 215 bestvalit: 0.001400 bestmemit:    3.903866    1.853240    1.000000    0.000000  570.033222
Iteration: 216 bestvalit: 0.001400 bestmemit:    3.903866    1.853240    1.000000    0.000000  570.033222
Iteration: 217 bestvalit: 0.001400 bestmemit:    3.903866    1.853240    1.000000    0.000000  570.033222
Iteration: 218 bestvalit: 0.001400 bestmemit:    3.903866    1.853240    1.000000    0.000000  570.033222
Iteration: 219 bestvalit: 0.001400 bestmemit:    3.903866    1.853240    1.000000    0.000000  570.033222
Iteration: 220 bestvalit: 0.001400 bestmemit:    3.903866    1.853240    1.000000    0.000000  570.033222
Iteration: 221 bestvalit: 0.001400 bestmemit:    3.903866    1.853240    1.000000    0.000000  570.033222
Iteration: 222 bestvalit: 0.001400 bestmemit:    3.903866    1.853240    1.000000    0.000000  570.033222
Iteration: 223 bestvalit: 0.001400 bestmemit:    3.903866    1.853240    1.000000    0.000000  570.033222
Iteration: 224 bestvalit: 0.001400 bestmemit:    3.903866    1.853240    1.000000    0.000000  570.033222
Iteration: 225 bestvalit: 0.001400 bestmemit:    3.903866    1.853240    1.000000    0.000000  570.033222
Iteration: 226 bestvalit: 0.001400 bestmemit:    3.903866    1.853240    1.000000    0.000000  570.033222
Iteration: 227 bestvalit: 0.001400 bestmemit:    3.903866    1.853240    1.000000    0.000000  570.033222
Iteration: 228 bestvalit: 0.001400 bestmemit:    3.903866    1.853240    1.000000    0.000000  570.033222
Iteration: 229 bestvalit: 0.001400 bestmemit:    3.903866    1.853240    1.000000    0.000000  570.033222
Iteration: 230 bestvalit: 0.001400 bestmemit:    3.903866    1.853240    1.000000    0.000000  570.033222
Iteration: 231 bestvalit: 0.001400 bestmemit:    3.903866    1.853240    1.000000    0.000000  570.033222
Iteration: 232 bestvalit: 0.001400 bestmemit:    3.903866    1.853240    1.000000    0.000000  570.033222
Iteration: 233 bestvalit: 0.001400 bestmemit:    3.903866    1.853240    1.000000    0.000000  570.033222
Iteration: 234 bestvalit: 0.001400 bestmemit:    3.903866    1.853240    1.000000    0.000000  570.033222
Iteration: 235 bestvalit: 0.001400 bestmemit:    3.903866    1.853240    1.000000    0.000000  570.033222
Iteration: 236 bestvalit: 0.001400 bestmemit:    3.903866    1.853240    1.000000    0.000000  570.033222
Iteration: 237 bestvalit: 0.001400 bestmemit:    3.903866    1.853240    1.000000    0.000000  570.033222
Iteration: 238 bestvalit: 0.001400 bestmemit:    3.903866    1.853240    1.000000    0.000000  570.033222
Iteration: 239 bestvalit: 0.001400 bestmemit:    3.903866    1.853240    1.000000    0.000000  570.033222

***** summary of DEoptim object ***** 
best member   :  3.90387 1.85324 1 0 570.0332 
best value    :  0.0014 
after         :  239 generations 
fn evaluated  :  480 times 
*************************************
