SLURM_JOB_ID: 55336593
SLURM_JOB_USER: vsc34066
SLURM_JOB_ACCOUNT: lp_desenderlab
SLURM_JOB_NAME: fit_alternating_fb_beta_learn.slurm
SLURM_CLUSTER_NAME: genius
SLURM_JOB_PARTITION: batch
SLURM_ARRAY_JOB_ID: 55336494
SLURM_ARRAY_TASK_ID: 99
SLURM_NNODES: 1
SLURM_NODELIST: r27i13n22
SLURM_JOB_CPUS_PER_NODE: 8
Date: Tue Nov  7 16:44:07 CET 2023
Walltime: 00-23:00:00
========================================================================
Iteration: 1 bestvalit: 0.006179 bestmemit:    2.379865  -24.013421    1.000000    0.000000  998.588623
Iteration: 2 bestvalit: 0.006073 bestmemit:    2.379865   21.363214    1.000000    0.000000  998.588623
Iteration: 3 bestvalit: 0.004912 bestmemit:    6.607040   62.212554    1.000000    0.000000  902.307353
Iteration: 4 bestvalit: 0.004829 bestmemit:    6.607040   74.884595    1.000000    0.000000  902.307353
Iteration: 5 bestvalit: 0.004040 bestmemit:   14.515208   73.756717    1.000000    0.000000  596.688492
Iteration: 6 bestvalit: 0.004040 bestmemit:   14.515208   73.756717    1.000000    0.000000  596.688492
Iteration: 7 bestvalit: 0.004040 bestmemit:   14.515208   73.756717    1.000000    0.000000  596.688492
Iteration: 8 bestvalit: 0.001573 bestmemit:    2.417059   39.742147    1.000000    0.000000  572.007200
Iteration: 9 bestvalit: 0.001573 bestmemit:    2.417059   39.742147    1.000000    0.000000  572.007200
Iteration: 10 bestvalit: 0.001573 bestmemit:    2.417059   39.742147    1.000000    0.000000  572.007200
Iteration: 11 bestvalit: 0.001573 bestmemit:    2.417059   39.742147    1.000000    0.000000  572.007200
Iteration: 12 bestvalit: 0.001573 bestmemit:    2.417059   39.742147    1.000000    0.000000  572.007200
Iteration: 13 bestvalit: 0.001573 bestmemit:    2.417059   39.742147    1.000000    0.000000  572.007200
Iteration: 14 bestvalit: 0.001573 bestmemit:    2.417059   39.742147    1.000000    0.000000  572.007200
Iteration: 15 bestvalit: 0.001573 bestmemit:    2.417059   39.742147    1.000000    0.000000  572.007200
Iteration: 16 bestvalit: 0.001573 bestmemit:    2.417059   39.742147    1.000000    0.000000  572.007200
Iteration: 17 bestvalit: 0.001573 bestmemit:    2.417059   39.742147    1.000000    0.000000  572.007200
Iteration: 18 bestvalit: 0.001573 bestmemit:    2.417059   39.742147    1.000000    0.000000  572.007200
Iteration: 19 bestvalit: 0.001573 bestmemit:    2.417059   39.742147    1.000000    0.000000  572.007200
Iteration: 20 bestvalit: 0.001573 bestmemit:    2.417059   39.742147    1.000000    0.000000  572.007200
Iteration: 21 bestvalit: 0.001573 bestmemit:    2.417059   39.742147    1.000000    0.000000  572.007200
Iteration: 22 bestvalit: 0.001573 bestmemit:    2.417059   39.742147    1.000000    0.000000  572.007200
Iteration: 23 bestvalit: 0.001573 bestmemit:    2.417059   39.742147    1.000000    0.000000  572.007200
Iteration: 24 bestvalit: 0.001573 bestmemit:    2.417059   39.742147    1.000000    0.000000  572.007200
Iteration: 25 bestvalit: 0.001573 bestmemit:    2.417059   39.742147    1.000000    0.000000  572.007200
Iteration: 26 bestvalit: 0.001570 bestmemit:    2.417059   26.815664    1.000000    0.000000  572.007200
Iteration: 27 bestvalit: 0.001570 bestmemit:    2.417059   26.815664    1.000000    0.000000  572.007200
Iteration: 28 bestvalit: 0.001570 bestmemit:    2.417059   26.815664    1.000000    0.000000  572.007200
Iteration: 29 bestvalit: 0.001570 bestmemit:    2.417059   26.815664    1.000000    0.000000  572.007200
Iteration: 30 bestvalit: 0.001570 bestmemit:    2.417059   26.815664    1.000000    0.000000  572.007200
Iteration: 31 bestvalit: 0.001570 bestmemit:    2.417059   26.815664    1.000000    0.000000  572.007200
Iteration: 32 bestvalit: 0.001570 bestmemit:    2.417059   26.815664    1.000000    0.000000  572.007200
Iteration: 33 bestvalit: 0.001570 bestmemit:    2.417059   26.815664    1.000000    0.000000  572.007200
Iteration: 34 bestvalit: 0.001559 bestmemit:    1.761824   -8.983282    1.000000    0.000000  568.595220
Iteration: 35 bestvalit: 0.001559 bestmemit:    1.761824   -8.983282    1.000000    0.000000  568.595220
Iteration: 36 bestvalit: 0.001559 bestmemit:    1.761824   -8.983282    1.000000    0.000000  568.595220
Iteration: 37 bestvalit: 0.001559 bestmemit:    1.761824   -8.983282    1.000000    0.000000  568.595220
Iteration: 38 bestvalit: 0.001559 bestmemit:    1.761824   -8.983282    1.000000    0.000000  568.595220
Iteration: 39 bestvalit: 0.001559 bestmemit:    1.761824   -8.983282    1.000000    0.000000  568.595220
Iteration: 40 bestvalit: 0.001559 bestmemit:    1.761824   -8.983282    1.000000    0.000000  568.595220
Iteration: 41 bestvalit: 0.001559 bestmemit:    1.761824   -8.983282    1.000000    0.000000  568.595220
Iteration: 42 bestvalit: 0.001559 bestmemit:    1.761824   -8.983282    1.000000    0.000000  568.595220
Iteration: 43 bestvalit: 0.001559 bestmemit:    1.761824   -8.983282    1.000000    0.000000  568.595220
Iteration: 44 bestvalit: 0.001559 bestmemit:    1.761824   -8.983282    1.000000    0.000000  568.595220
Iteration: 45 bestvalit: 0.001559 bestmemit:    1.761824   -8.983282    1.000000    0.000000  568.595220
Iteration: 46 bestvalit: 0.001559 bestmemit:    1.761824   -8.983282    1.000000    0.000000  568.595220
Iteration: 47 bestvalit: 0.001559 bestmemit:    1.761824   -8.983282    1.000000    0.000000  568.595220
Iteration: 48 bestvalit: 0.001559 bestmemit:    1.761824   -8.983282    1.000000    0.000000  568.595220
Iteration: 49 bestvalit: 0.001559 bestmemit:    1.761824   -8.983282    1.000000    0.000000  568.595220
Iteration: 50 bestvalit: 0.001550 bestmemit:    1.761824   -8.983282    1.000000    0.000000  568.595220
Iteration: 51 bestvalit: 0.001550 bestmemit:    1.761824   -8.983282    1.000000    0.000000  568.595220
Iteration: 52 bestvalit: 0.001550 bestmemit:    1.761824   -8.983282    1.000000    0.000000  568.595220
Iteration: 53 bestvalit: 0.001550 bestmemit:    1.761824   -8.983282    1.000000    0.000000  568.595220
Iteration: 54 bestvalit: 0.001550 bestmemit:    1.761824   -8.983282    1.000000    0.000000  568.595220
Iteration: 55 bestvalit: 0.001550 bestmemit:    1.761824   -8.983282    1.000000    0.000000  568.595220
Iteration: 56 bestvalit: 0.001550 bestmemit:    1.761824   -8.983282    1.000000    0.000000  568.595220
Iteration: 57 bestvalit: 0.001550 bestmemit:    1.761824   -8.983282    1.000000    0.000000  568.595220
Iteration: 58 bestvalit: 0.001550 bestmemit:    1.761824   -8.983282    1.000000    0.000000  568.595220
Iteration: 59 bestvalit: 0.001550 bestmemit:    1.761824   -8.983282    1.000000    0.000000  568.595220
Iteration: 60 bestvalit: 0.001550 bestmemit:    1.761824   -8.983282    1.000000    0.000000  568.595220
Iteration: 61 bestvalit: 0.001550 bestmemit:    1.761824   -8.983282    1.000000    0.000000  568.595220
Iteration: 62 bestvalit: 0.001550 bestmemit:    1.761824   -8.983282    1.000000    0.000000  568.595220
Iteration: 63 bestvalit: 0.001550 bestmemit:    1.761824   -8.983282    1.000000    0.000000  568.595220
Iteration: 64 bestvalit: 0.001550 bestmemit:    1.761824   -8.983282    1.000000    0.000000  568.595220
Iteration: 65 bestvalit: 0.001550 bestmemit:    1.761824   -8.983282    1.000000    0.000000  568.595220
Iteration: 66 bestvalit: 0.001550 bestmemit:    1.761824   -8.983282    1.000000    0.000000  568.595220
Iteration: 67 bestvalit: 0.001550 bestmemit:    1.761824   -8.983282    1.000000    0.000000  568.595220
Iteration: 68 bestvalit: 0.001550 bestmemit:    1.761824   -8.983282    1.000000    0.000000  568.595220
Iteration: 69 bestvalit: 0.001550 bestmemit:    1.761824   -8.983282    1.000000    0.000000  568.595220
Iteration: 70 bestvalit: 0.001550 bestmemit:    1.761824   -8.983282    1.000000    0.000000  568.595220
Iteration: 71 bestvalit: 0.001550 bestmemit:    1.761824   -8.983282    1.000000    0.000000  568.595220
Iteration: 72 bestvalit: 0.001550 bestmemit:    1.761824   -8.983282    1.000000    0.000000  568.595220
Iteration: 73 bestvalit: 0.001550 bestmemit:    1.761824   -8.983282    1.000000    0.000000  568.595220
Iteration: 74 bestvalit: 0.001550 bestmemit:    1.761824   -8.983282    1.000000    0.000000  568.595220
Iteration: 75 bestvalit: 0.001550 bestmemit:    1.761824   -8.983282    1.000000    0.000000  568.595220
Iteration: 76 bestvalit: 0.001550 bestmemit:    1.761824   -8.983282    1.000000    0.000000  568.595220
Iteration: 77 bestvalit: 0.001550 bestmemit:    1.761824   -8.983282    1.000000    0.000000  568.595220
Iteration: 78 bestvalit: 0.001550 bestmemit:    1.761824   -8.983282    1.000000    0.000000  568.595220
Iteration: 79 bestvalit: 0.001550 bestmemit:    1.761824   -8.983282    1.000000    0.000000  568.595220
Iteration: 80 bestvalit: 0.001550 bestmemit:    1.761824   -8.983282    1.000000    0.000000  568.595220
Iteration: 81 bestvalit: 0.001550 bestmemit:    1.761824   -8.983282    1.000000    0.000000  568.595220
Iteration: 82 bestvalit: 0.001550 bestmemit:    1.761824   -8.983282    1.000000    0.000000  568.595220
Iteration: 83 bestvalit: 0.001550 bestmemit:    1.761824   -8.983282    1.000000    0.000000  568.595220
Iteration: 84 bestvalit: 0.001550 bestmemit:    1.761824   -8.983282    1.000000    0.000000  568.595220
Iteration: 85 bestvalit: 0.001550 bestmemit:    1.761824   -8.983282    1.000000    0.000000  568.595220
Iteration: 86 bestvalit: 0.001550 bestmemit:    1.761824   -8.983282    1.000000    0.000000  568.595220
Iteration: 87 bestvalit: 0.001550 bestmemit:    1.761824   -8.983282    1.000000    0.000000  568.595220
Iteration: 88 bestvalit: 0.001550 bestmemit:    1.761824   -8.983282    1.000000    0.000000  568.595220
Iteration: 89 bestvalit: 0.001550 bestmemit:    1.761824   -8.983282    1.000000    0.000000  568.595220
Iteration: 90 bestvalit: 0.001550 bestmemit:    1.761824   -8.983282    1.000000    0.000000  568.595220
Iteration: 91 bestvalit: 0.001550 bestmemit:    1.761824   -8.983282    1.000000    0.000000  568.595220
Iteration: 92 bestvalit: 0.001550 bestmemit:    1.761824   -8.983282    1.000000    0.000000  568.595220
Iteration: 93 bestvalit: 0.001550 bestmemit:    1.761824   -8.983282    1.000000    0.000000  568.595220
Iteration: 94 bestvalit: 0.001550 bestmemit:    1.761824   -8.983282    1.000000    0.000000  568.595220
Iteration: 95 bestvalit: 0.001550 bestmemit:    1.761824   -8.983282    1.000000    0.000000  568.595220
Iteration: 96 bestvalit: 0.001550 bestmemit:    1.761824   -8.983282    1.000000    0.000000  568.595220
Iteration: 97 bestvalit: 0.001550 bestmemit:    1.761824   -8.983282    1.000000    0.000000  568.595220
Iteration: 98 bestvalit: 0.001550 bestmemit:    1.761824   -8.983282    1.000000    0.000000  568.595220
Iteration: 99 bestvalit: 0.001550 bestmemit:    1.761824   -8.983282    1.000000    0.000000  568.595220
Iteration: 100 bestvalit: 0.001550 bestmemit:    1.761824   -8.983282    1.000000    0.000000  568.595220
Iteration: 101 bestvalit: 0.001550 bestmemit:    1.761824   -8.983282    1.000000    0.000000  568.595220
Iteration: 102 bestvalit: 0.001550 bestmemit:    1.761824   -8.983282    1.000000    0.000000  568.595220
Iteration: 103 bestvalit: 0.001550 bestmemit:    1.761824   -8.983282    1.000000    0.000000  568.595220
Iteration: 104 bestvalit: 0.001550 bestmemit:    1.761824   -8.983282    1.000000    0.000000  568.595220
Iteration: 105 bestvalit: 0.001550 bestmemit:    2.008416   -4.876792    1.000000    0.000000  578.213004
Iteration: 106 bestvalit: 0.001550 bestmemit:    2.008416   -4.876792    1.000000    0.000000  578.213004
Iteration: 107 bestvalit: 0.001550 bestmemit:    2.008416   -4.876792    1.000000    0.000000  578.213004
Iteration: 108 bestvalit: 0.001550 bestmemit:    2.008416   -4.876792    1.000000    0.000000  578.213004
Iteration: 109 bestvalit: 0.001550 bestmemit:    2.008416   -4.876792    1.000000    0.000000  578.213004
Iteration: 110 bestvalit: 0.001550 bestmemit:    2.008416   -4.876792    1.000000    0.000000  578.213004
Iteration: 111 bestvalit: 0.001550 bestmemit:    2.008416   -4.876792    1.000000    0.000000  578.213004
Iteration: 112 bestvalit: 0.001550 bestmemit:    2.008416   -4.876792    1.000000    0.000000  578.213004
Iteration: 113 bestvalit: 0.001550 bestmemit:    2.008416   -4.876792    1.000000    0.000000  578.213004
Iteration: 114 bestvalit: 0.001550 bestmemit:    2.008416   -4.876792    1.000000    0.000000  578.213004
Iteration: 115 bestvalit: 0.001550 bestmemit:    2.008416   -4.876792    1.000000    0.000000  578.213004
Iteration: 116 bestvalit: 0.001537 bestmemit:    2.143630  -29.511727    1.000000    0.000000  579.652413
Iteration: 117 bestvalit: 0.001537 bestmemit:    2.143630  -29.511727    1.000000    0.000000  579.652413
Iteration: 118 bestvalit: 0.001537 bestmemit:    2.143630  -29.511727    1.000000    0.000000  579.652413
Iteration: 119 bestvalit: 0.001537 bestmemit:    2.143630  -29.511727    1.000000    0.000000  579.652413
Iteration: 120 bestvalit: 0.001537 bestmemit:    2.143630  -29.511727    1.000000    0.000000  579.652413
Iteration: 121 bestvalit: 0.001537 bestmemit:    2.143630  -29.511727    1.000000    0.000000  579.652413
Iteration: 122 bestvalit: 0.001537 bestmemit:    2.143630  -29.511727    1.000000    0.000000  579.652413
Iteration: 123 bestvalit: 0.001537 bestmemit:    2.143630  -29.511727    1.000000    0.000000  579.652413
Iteration: 124 bestvalit: 0.001537 bestmemit:    2.143630  -29.511727    1.000000    0.000000  579.652413
Iteration: 125 bestvalit: 0.001537 bestmemit:    2.143630  -29.511727    1.000000    0.000000  579.652413
Iteration: 126 bestvalit: 0.001537 bestmemit:    2.143630  -29.511727    1.000000    0.000000  579.652413
Iteration: 127 bestvalit: 0.001537 bestmemit:    2.143630  -29.511727    1.000000    0.000000  579.652413
Iteration: 128 bestvalit: 0.001537 bestmemit:    2.143630  -29.511727    1.000000    0.000000  579.652413
Iteration: 129 bestvalit: 0.001537 bestmemit:    2.143630  -29.511727    1.000000    0.000000  579.652413
Iteration: 130 bestvalit: 0.001537 bestmemit:    2.143630  -29.511727    1.000000    0.000000  579.652413
Iteration: 131 bestvalit: 0.001537 bestmemit:    2.143630  -29.511727    1.000000    0.000000  579.652413
Iteration: 132 bestvalit: 0.001537 bestmemit:    2.143630  -29.511727    1.000000    0.000000  579.652413
Iteration: 133 bestvalit: 0.001537 bestmemit:    2.143630  -29.511727    1.000000    0.000000  579.652413
Iteration: 134 bestvalit: 0.001537 bestmemit:    2.143630  -29.511727    1.000000    0.000000  579.652413
Iteration: 135 bestvalit: 0.001537 bestmemit:    2.143630  -29.511727    1.000000    0.000000  579.652413
Iteration: 136 bestvalit: 0.001537 bestmemit:    2.143630  -29.511727    1.000000    0.000000  579.652413
Iteration: 137 bestvalit: 0.001537 bestmemit:    2.143630  -29.511727    1.000000    0.000000  579.652413
Iteration: 138 bestvalit: 0.001537 bestmemit:    2.143630  -29.511727    1.000000    0.000000  579.652413
Iteration: 139 bestvalit: 0.001537 bestmemit:    2.143630  -29.511727    1.000000    0.000000  579.652413
Iteration: 140 bestvalit: 0.001537 bestmemit:    2.143630  -29.511727    1.000000    0.000000  579.652413
Iteration: 141 bestvalit: 0.001537 bestmemit:    2.143630  -29.511727    1.000000    0.000000  579.652413
Iteration: 142 bestvalit: 0.001537 bestmemit:    2.143630  -29.511727    1.000000    0.000000  579.652413
Iteration: 143 bestvalit: 0.001537 bestmemit:    2.143630  -29.511727    1.000000    0.000000  579.652413
Iteration: 144 bestvalit: 0.001537 bestmemit:    2.143630  -29.511727    1.000000    0.000000  579.652413
Iteration: 145 bestvalit: 0.001537 bestmemit:    2.143630  -29.511727    1.000000    0.000000  579.652413
Iteration: 146 bestvalit: 0.001537 bestmemit:    2.143630  -29.511727    1.000000    0.000000  579.652413
Iteration: 147 bestvalit: 0.001537 bestmemit:    2.143630  -29.511727    1.000000    0.000000  579.652413
Iteration: 148 bestvalit: 0.001537 bestmemit:    2.143630  -29.511727    1.000000    0.000000  579.652413
Iteration: 149 bestvalit: 0.001537 bestmemit:    2.143630  -29.511727    1.000000    0.000000  579.652413
Iteration: 150 bestvalit: 0.001537 bestmemit:    2.143630  -29.511727    1.000000    0.000000  579.652413
Iteration: 151 bestvalit: 0.001537 bestmemit:    2.143630  -29.511727    1.000000    0.000000  579.652413
Iteration: 152 bestvalit: 0.001537 bestmemit:    2.143630  -29.511727    1.000000    0.000000  579.652413
Iteration: 153 bestvalit: 0.001537 bestmemit:    2.143630  -29.511727    1.000000    0.000000  579.652413
Iteration: 154 bestvalit: 0.001537 bestmemit:    2.143630  -29.511727    1.000000    0.000000  579.652413
Iteration: 155 bestvalit: 0.001537 bestmemit:    2.143630  -29.511727    1.000000    0.000000  579.652413
Iteration: 156 bestvalit: 0.001537 bestmemit:    2.143630  -29.511727    1.000000    0.000000  579.652413
Iteration: 157 bestvalit: 0.001537 bestmemit:    2.143630  -29.511727    1.000000    0.000000  579.652413
Iteration: 158 bestvalit: 0.001537 bestmemit:    2.143630  -29.511727    1.000000    0.000000  579.652413
Iteration: 159 bestvalit: 0.001537 bestmemit:    2.143630  -29.511727    1.000000    0.000000  579.652413
Iteration: 160 bestvalit: 0.001537 bestmemit:    2.143630  -29.511727    1.000000    0.000000  579.652413
Iteration: 161 bestvalit: 0.001537 bestmemit:    2.143630  -29.511727    1.000000    0.000000  579.652413
Iteration: 162 bestvalit: 0.001537 bestmemit:    2.143630  -29.511727    1.000000    0.000000  579.652413
Iteration: 163 bestvalit: 0.001537 bestmemit:    2.143630  -29.511727    1.000000    0.000000  579.652413
Iteration: 164 bestvalit: 0.001537 bestmemit:    2.143630  -29.511727    1.000000    0.000000  579.652413
Iteration: 165 bestvalit: 0.001537 bestmemit:    2.143630  -29.511727    1.000000    0.000000  579.652413
Iteration: 166 bestvalit: 0.001537 bestmemit:    2.143630  -29.511727    1.000000    0.000000  579.652413
Iteration: 167 bestvalit: 0.001537 bestmemit:    2.143630  -29.511727    1.000000    0.000000  579.652413
Iteration: 168 bestvalit: 0.001537 bestmemit:    2.143630  -29.511727    1.000000    0.000000  579.652413
Iteration: 169 bestvalit: 0.001537 bestmemit:    2.143630  -29.511727    1.000000    0.000000  579.652413
Iteration: 170 bestvalit: 0.001529 bestmemit:    2.537683  -36.743329    1.000000    0.000000  575.757963
Iteration: 171 bestvalit: 0.001529 bestmemit:    2.537683  -36.743329    1.000000    0.000000  575.757963
Iteration: 172 bestvalit: 0.001529 bestmemit:    2.537683  -36.743329    1.000000    0.000000  575.757963
Iteration: 173 bestvalit: 0.001529 bestmemit:    2.537683  -36.743329    1.000000    0.000000  575.757963
Iteration: 174 bestvalit: 0.001525 bestmemit:    2.342160  -24.442293    1.000000    0.000000  589.391806
Iteration: 175 bestvalit: 0.001525 bestmemit:    2.342160  -24.442293    1.000000    0.000000  589.391806
Iteration: 176 bestvalit: 0.001525 bestmemit:    2.342160  -24.442293    1.000000    0.000000  589.391806
Iteration: 177 bestvalit: 0.001525 bestmemit:    2.342160  -24.442293    1.000000    0.000000  589.391806
Iteration: 178 bestvalit: 0.001525 bestmemit:    2.342160  -24.442293    1.000000    0.000000  589.391806
Iteration: 179 bestvalit: 0.001525 bestmemit:    2.342160  -24.442293    1.000000    0.000000  589.391806
Iteration: 180 bestvalit: 0.001525 bestmemit:    2.342160  -24.442293    1.000000    0.000000  589.391806
Iteration: 181 bestvalit: 0.001525 bestmemit:    2.342160  -24.442293    1.000000    0.000000  589.391806
Iteration: 182 bestvalit: 0.001525 bestmemit:    2.342160  -24.442293    1.000000    0.000000  589.391806
Iteration: 183 bestvalit: 0.001525 bestmemit:    2.342160  -24.442293    1.000000    0.000000  589.391806
Iteration: 184 bestvalit: 0.001525 bestmemit:    2.342160  -24.442293    1.000000    0.000000  589.391806
Iteration: 185 bestvalit: 0.001525 bestmemit:    2.342160  -24.442293    1.000000    0.000000  589.391806
Iteration: 186 bestvalit: 0.001525 bestmemit:    2.342160  -24.442293    1.000000    0.000000  589.391806
Iteration: 187 bestvalit: 0.001525 bestmemit:    2.342160  -24.442293    1.000000    0.000000  589.391806
Iteration: 188 bestvalit: 0.001525 bestmemit:    2.342160  -24.442293    1.000000    0.000000  589.391806
Iteration: 189 bestvalit: 0.001525 bestmemit:    2.342160  -24.442293    1.000000    0.000000  589.391806
Iteration: 190 bestvalit: 0.001525 bestmemit:    2.342160  -24.442293    1.000000    0.000000  589.391806
Iteration: 191 bestvalit: 0.001525 bestmemit:    2.342160  -24.442293    1.000000    0.000000  589.391806
Iteration: 192 bestvalit: 0.001525 bestmemit:    2.342160  -24.442293    1.000000    0.000000  589.391806
Iteration: 193 bestvalit: 0.001525 bestmemit:    2.342160  -24.442293    1.000000    0.000000  589.391806
Iteration: 194 bestvalit: 0.001525 bestmemit:    2.342160  -24.442293    1.000000    0.000000  589.391806
Iteration: 195 bestvalit: 0.001525 bestmemit:    2.342160  -24.442293    1.000000    0.000000  589.391806
Iteration: 196 bestvalit: 0.001525 bestmemit:    2.342160  -24.442293    1.000000    0.000000  589.391806
Iteration: 197 bestvalit: 0.001525 bestmemit:    2.342160  -24.442293    1.000000    0.000000  589.391806
Iteration: 198 bestvalit: 0.001525 bestmemit:    2.342160  -24.442293    1.000000    0.000000  589.391806
Iteration: 199 bestvalit: 0.001525 bestmemit:    2.342160  -24.442293    1.000000    0.000000  589.391806
Iteration: 200 bestvalit: 0.001525 bestmemit:    2.342160  -24.442293    1.000000    0.000000  589.391806
Iteration: 201 bestvalit: 0.001525 bestmemit:    2.342160  -24.442293    1.000000    0.000000  589.391806
Iteration: 202 bestvalit: 0.001525 bestmemit:    2.342160  -24.442293    1.000000    0.000000  589.391806
Iteration: 203 bestvalit: 0.001525 bestmemit:    2.342160  -24.442293    1.000000    0.000000  589.391806
Iteration: 204 bestvalit: 0.001525 bestmemit:    2.342160  -24.442293    1.000000    0.000000  589.391806
Iteration: 205 bestvalit: 0.001525 bestmemit:    2.342160  -24.442293    1.000000    0.000000  589.391806
Iteration: 206 bestvalit: 0.001525 bestmemit:    2.342160  -24.442293    1.000000    0.000000  589.391806
Iteration: 207 bestvalit: 0.001525 bestmemit:    2.342160  -24.442293    1.000000    0.000000  589.391806
Iteration: 208 bestvalit: 0.001525 bestmemit:    2.342160  -24.442293    1.000000    0.000000  589.391806
Iteration: 209 bestvalit: 0.001525 bestmemit:    2.342160  -24.442293    1.000000    0.000000  589.391806
Iteration: 210 bestvalit: 0.001525 bestmemit:    2.342160  -24.442293    1.000000    0.000000  589.391806
Iteration: 211 bestvalit: 0.001525 bestmemit:    2.342160  -24.442293    1.000000    0.000000  589.391806
Iteration: 212 bestvalit: 0.001525 bestmemit:    2.342160  -24.442293    1.000000    0.000000  589.391806
Iteration: 213 bestvalit: 0.001525 bestmemit:    2.342160  -24.442293    1.000000    0.000000  589.391806
Iteration: 214 bestvalit: 0.001525 bestmemit:    2.342160  -24.442293    1.000000    0.000000  589.391806
Iteration: 215 bestvalit: 0.001525 bestmemit:    2.342160  -24.442293    1.000000    0.000000  589.391806
Iteration: 216 bestvalit: 0.001525 bestmemit:    2.342160  -24.442293    1.000000    0.000000  589.391806
Iteration: 217 bestvalit: 0.001525 bestmemit:    2.342160  -24.442293    1.000000    0.000000  589.391806
Iteration: 218 bestvalit: 0.001525 bestmemit:    2.342160  -24.442293    1.000000    0.000000  589.391806
Iteration: 219 bestvalit: 0.001525 bestmemit:    2.342160  -24.442293    1.000000    0.000000  589.391806
Iteration: 220 bestvalit: 0.001525 bestmemit:    2.342160  -24.442293    1.000000    0.000000  589.391806
Iteration: 221 bestvalit: 0.001525 bestmemit:    2.342160  -24.442293    1.000000    0.000000  589.391806
Iteration: 222 bestvalit: 0.001525 bestmemit:    2.342160  -24.442293    1.000000    0.000000  589.391806
Iteration: 223 bestvalit: 0.001525 bestmemit:    2.342160  -24.442293    1.000000    0.000000  589.391806
Iteration: 224 bestvalit: 0.001525 bestmemit:    2.342160  -24.442293    1.000000    0.000000  589.391806
Iteration: 225 bestvalit: 0.001525 bestmemit:    2.342160  -24.442293    1.000000    0.000000  589.391806
Iteration: 226 bestvalit: 0.001525 bestmemit:    2.342160  -24.442293    1.000000    0.000000  589.391806
Iteration: 227 bestvalit: 0.001525 bestmemit:    2.342160  -24.442293    1.000000    0.000000  589.391806
Iteration: 228 bestvalit: 0.001525 bestmemit:    2.342160  -24.442293    1.000000    0.000000  589.391806
Iteration: 229 bestvalit: 0.001525 bestmemit:    2.342160  -24.442293    1.000000    0.000000  589.391806
Iteration: 230 bestvalit: 0.001525 bestmemit:    2.342160  -24.442293    1.000000    0.000000  589.391806
Iteration: 231 bestvalit: 0.001525 bestmemit:    2.342160  -24.442293    1.000000    0.000000  589.391806
Iteration: 232 bestvalit: 0.001525 bestmemit:    2.342160  -24.442293    1.000000    0.000000  589.391806
Iteration: 233 bestvalit: 0.001525 bestmemit:    2.342160  -24.442293    1.000000    0.000000  589.391806
Iteration: 234 bestvalit: 0.001525 bestmemit:    2.342160  -24.442293    1.000000    0.000000  589.391806
Iteration: 235 bestvalit: 0.001525 bestmemit:    2.342160  -24.442293    1.000000    0.000000  589.391806
Iteration: 236 bestvalit: 0.001525 bestmemit:    2.342160  -24.442293    1.000000    0.000000  589.391806
Iteration: 237 bestvalit: 0.001525 bestmemit:    2.342160  -24.442293    1.000000    0.000000  589.391806
Iteration: 238 bestvalit: 0.001525 bestmemit:    2.342160  -24.442293    1.000000    0.000000  589.391806
Iteration: 239 bestvalit: 0.001525 bestmemit:    2.342160  -24.442293    1.000000    0.000000  589.391806
Iteration: 240 bestvalit: 0.001525 bestmemit:    2.342160  -24.442293    1.000000    0.000000  589.391806
Iteration: 241 bestvalit: 0.001525 bestmemit:    2.342160  -24.442293    1.000000    0.000000  589.391806
Iteration: 242 bestvalit: 0.001525 bestmemit:    2.342160  -24.442293    1.000000    0.000000  589.391806
Iteration: 243 bestvalit: 0.001525 bestmemit:    2.342160  -24.442293    1.000000    0.000000  589.391806
Iteration: 244 bestvalit: 0.001525 bestmemit:    2.342160  -24.442293    1.000000    0.000000  589.391806
Iteration: 245 bestvalit: 0.001525 bestmemit:    2.342160  -24.442293    1.000000    0.000000  589.391806
Iteration: 246 bestvalit: 0.001525 bestmemit:    2.342160  -24.442293    1.000000    0.000000  589.391806
Iteration: 247 bestvalit: 0.001525 bestmemit:    2.342160  -24.442293    1.000000    0.000000  589.391806
Iteration: 248 bestvalit: 0.001525 bestmemit:    2.342160  -24.442293    1.000000    0.000000  589.391806
Iteration: 249 bestvalit: 0.001525 bestmemit:    2.342160  -24.442293    1.000000    0.000000  589.391806
Iteration: 250 bestvalit: 0.001525 bestmemit:    2.342160  -24.442293    1.000000    0.000000  589.391806
Iteration: 251 bestvalit: 0.001525 bestmemit:    2.342160  -24.442293    1.000000    0.000000  589.391806
Iteration: 252 bestvalit: 0.001525 bestmemit:    2.342160  -24.442293    1.000000    0.000000  589.391806
Iteration: 253 bestvalit: 0.001525 bestmemit:    2.342160  -24.442293    1.000000    0.000000  589.391806
Iteration: 254 bestvalit: 0.001525 bestmemit:    2.342160  -24.442293    1.000000    0.000000  589.391806
Iteration: 255 bestvalit: 0.001525 bestmemit:    2.342160  -24.442293    1.000000    0.000000  589.391806
Iteration: 256 bestvalit: 0.001525 bestmemit:    2.342160  -24.442293    1.000000    0.000000  589.391806
Iteration: 257 bestvalit: 0.001525 bestmemit:    2.342160  -24.442293    1.000000    0.000000  589.391806
Iteration: 258 bestvalit: 0.001525 bestmemit:    2.342160  -24.442293    1.000000    0.000000  589.391806
Iteration: 259 bestvalit: 0.001525 bestmemit:    2.342160  -24.442293    1.000000    0.000000  589.391806
Iteration: 260 bestvalit: 0.001525 bestmemit:    2.342160  -24.442293    1.000000    0.000000  589.391806
Iteration: 261 bestvalit: 0.001525 bestmemit:    2.342160  -24.442293    1.000000    0.000000  589.391806
Iteration: 262 bestvalit: 0.001525 bestmemit:    2.342160  -24.442293    1.000000    0.000000  589.391806
Iteration: 263 bestvalit: 0.001525 bestmemit:    2.342160  -24.442293    1.000000    0.000000  589.391806
Iteration: 264 bestvalit: 0.001525 bestmemit:    2.342160  -24.442293    1.000000    0.000000  589.391806
Iteration: 265 bestvalit: 0.001525 bestmemit:    2.342160  -24.442293    1.000000    0.000000  589.391806
Iteration: 266 bestvalit: 0.001525 bestmemit:    2.342160  -24.442293    1.000000    0.000000  589.391806
Iteration: 267 bestvalit: 0.001525 bestmemit:    2.342160  -24.442293    1.000000    0.000000  589.391806
Iteration: 268 bestvalit: 0.001525 bestmemit:    2.342160  -24.442293    1.000000    0.000000  589.391806
Iteration: 269 bestvalit: 0.001525 bestmemit:    2.342160  -24.442293    1.000000    0.000000  589.391806
Iteration: 270 bestvalit: 0.001525 bestmemit:    2.342160  -24.442293    1.000000    0.000000  589.391806
Iteration: 271 bestvalit: 0.001525 bestmemit:    2.342160  -24.442293    1.000000    0.000000  589.391806
Iteration: 272 bestvalit: 0.001525 bestmemit:    2.342160  -24.442293    1.000000    0.000000  589.391806
Iteration: 273 bestvalit: 0.001525 bestmemit:    2.342160  -24.442293    1.000000    0.000000  589.391806
Iteration: 274 bestvalit: 0.001525 bestmemit:    2.342160  -24.442293    1.000000    0.000000  589.391806
Iteration: 275 bestvalit: 0.001525 bestmemit:    2.342160  -24.442293    1.000000    0.000000  589.391806

***** summary of DEoptim object ***** 
best member   :  2.34216 -24.44229 1 0 589.3918 
best value    :  0.00153 
after         :  275 generations 
fn evaluated  :  552 times 
*************************************
