SLURM_JOB_ID: 55336577
SLURM_JOB_USER: vsc34066
SLURM_JOB_ACCOUNT: lp_desenderlab
SLURM_JOB_NAME: fit_alternating_fb_beta_learn.slurm
SLURM_CLUSTER_NAME: genius
SLURM_JOB_PARTITION: batch
SLURM_ARRAY_JOB_ID: 55336494
SLURM_ARRAY_TASK_ID: 83
SLURM_NNODES: 1
SLURM_NODELIST: r23i13n18
SLURM_JOB_CPUS_PER_NODE: 8
Date: Tue Nov  7 16:44:10 CET 2023
Walltime: 00-23:00:00
========================================================================
Iteration: 1 bestvalit: 0.002261 bestmemit:    5.528976   61.185012    1.000000    0.000000  547.246845
Iteration: 2 bestvalit: 0.002261 bestmemit:    5.528976   61.185012    1.000000    0.000000  547.246845
Iteration: 3 bestvalit: 0.002261 bestmemit:    5.528976   61.185012    1.000000    0.000000  547.246845
Iteration: 4 bestvalit: 0.002261 bestmemit:    5.528976   61.185012    1.000000    0.000000  547.246845
Iteration: 5 bestvalit: 0.002261 bestmemit:    5.528976   61.185012    1.000000    0.000000  547.246845
Iteration: 6 bestvalit: 0.002181 bestmemit:    5.528976   61.185012    1.000000    0.000000  547.246845
Iteration: 7 bestvalit: 0.002181 bestmemit:    5.528976   61.185012    1.000000    0.000000  547.246845
Iteration: 8 bestvalit: 0.002179 bestmemit:    4.421318  -10.903972    1.000000    0.000000  520.579261
Iteration: 9 bestvalit: 0.002102 bestmemit:    4.421318  -32.958190    1.000000    0.000000  520.579261
Iteration: 10 bestvalit: 0.002094 bestmemit:    4.421318  -32.958190    1.000000    0.000000  520.579261
Iteration: 11 bestvalit: 0.002094 bestmemit:    4.421318  -32.958190    1.000000    0.000000  520.579261
Iteration: 12 bestvalit: 0.001867 bestmemit:    4.282081  -55.526382    1.000000    0.000000  599.541602
Iteration: 13 bestvalit: 0.001801 bestmemit:    4.282081  -55.526382    1.000000    0.000000  599.541602
Iteration: 14 bestvalit: 0.001801 bestmemit:    4.282081  -55.526382    1.000000    0.000000  599.541602
Iteration: 15 bestvalit: 0.001725 bestmemit:    2.140674   30.140525    1.000000    0.000000  547.246845
Iteration: 16 bestvalit: 0.001643 bestmemit:    2.950995  -39.508748    1.000000    0.000000  593.216997
Iteration: 17 bestvalit: 0.001533 bestmemit:    0.888372   47.627086    1.000000    0.000000  632.203928
Iteration: 18 bestvalit: 0.001533 bestmemit:    0.888372   47.627086    1.000000    0.000000  632.203928
Iteration: 19 bestvalit: 0.001533 bestmemit:    0.888372   47.627086    1.000000    0.000000  632.203928
Iteration: 20 bestvalit: 0.001533 bestmemit:    0.888372   47.627086    1.000000    0.000000  632.203928
Iteration: 21 bestvalit: 0.001533 bestmemit:    0.888372   47.627086    1.000000    0.000000  632.203928
Iteration: 22 bestvalit: 0.001533 bestmemit:    0.888372   47.627086    1.000000    0.000000  632.203928
Iteration: 23 bestvalit: 0.001500 bestmemit:    0.528044   16.648652    1.000000    0.000000  599.541602
Iteration: 24 bestvalit: 0.001500 bestmemit:    0.528044   16.648652    1.000000    0.000000  599.541602
Iteration: 25 bestvalit: 0.001497 bestmemit:    0.659058   36.572308    1.000000    0.000000  611.457356
Iteration: 26 bestvalit: 0.001497 bestmemit:    0.659058   36.572308    1.000000    0.000000  611.457356
Iteration: 27 bestvalit: 0.001492 bestmemit:    0.816061   -6.841603    1.000000    0.000000  595.348289
Iteration: 28 bestvalit: 0.001492 bestmemit:    0.816061   -6.841603    1.000000    0.000000  595.348289
Iteration: 29 bestvalit: 0.001478 bestmemit:    1.666489    3.831657    1.000000    0.000000  620.363306
Iteration: 30 bestvalit: 0.001478 bestmemit:    1.666489    3.831657    1.000000    0.000000  620.363306
Iteration: 31 bestvalit: 0.001478 bestmemit:    1.666489    3.831657    1.000000    0.000000  620.363306
Iteration: 32 bestvalit: 0.001478 bestmemit:    1.666489    3.831657    1.000000    0.000000  620.363306
Iteration: 33 bestvalit: 0.001478 bestmemit:    1.666489    3.831657    1.000000    0.000000  620.363306
Iteration: 34 bestvalit: 0.001478 bestmemit:    1.666489    3.831657    1.000000    0.000000  620.363306
Iteration: 35 bestvalit: 0.001478 bestmemit:    1.666489    3.831657    1.000000    0.000000  620.363306
Iteration: 36 bestvalit: 0.001478 bestmemit:    1.666489    3.831657    1.000000    0.000000  620.363306
Iteration: 37 bestvalit: 0.001460 bestmemit:    2.046155  -41.516864    1.000000    0.000000  615.137759
Iteration: 38 bestvalit: 0.001460 bestmemit:    2.046155  -41.516864    1.000000    0.000000  615.137759
Iteration: 39 bestvalit: 0.001460 bestmemit:    2.046155  -41.516864    1.000000    0.000000  615.137759
Iteration: 40 bestvalit: 0.001460 bestmemit:    2.046155  -41.516864    1.000000    0.000000  615.137759
Iteration: 41 bestvalit: 0.001460 bestmemit:    2.046155  -41.516864    1.000000    0.000000  615.137759
Iteration: 42 bestvalit: 0.001460 bestmemit:    2.046155  -41.516864    1.000000    0.000000  615.137759
Iteration: 43 bestvalit: 0.001460 bestmemit:    2.046155  -41.516864    1.000000    0.000000  615.137759
Iteration: 44 bestvalit: 0.001460 bestmemit:    2.046155  -41.516864    1.000000    0.000000  615.137759
Iteration: 45 bestvalit: 0.001460 bestmemit:    2.046155  -41.516864    1.000000    0.000000  615.137759
Iteration: 46 bestvalit: 0.001460 bestmemit:    2.046155  -41.516864    1.000000    0.000000  615.137759
Iteration: 47 bestvalit: 0.001460 bestmemit:    2.046155  -41.516864    1.000000    0.000000  615.137759
Iteration: 48 bestvalit: 0.001460 bestmemit:    2.046155  -41.516864    1.000000    0.000000  615.137759
Iteration: 49 bestvalit: 0.001460 bestmemit:    2.046155  -41.516864    1.000000    0.000000  615.137759
Iteration: 50 bestvalit: 0.001460 bestmemit:    2.046155  -41.516864    1.000000    0.000000  615.137759
Iteration: 51 bestvalit: 0.001460 bestmemit:    2.046155  -41.516864    1.000000    0.000000  615.137759
Iteration: 52 bestvalit: 0.001460 bestmemit:    2.046155  -41.516864    1.000000    0.000000  615.137759
Iteration: 53 bestvalit: 0.001460 bestmemit:    2.046155  -41.516864    1.000000    0.000000  615.137759
Iteration: 54 bestvalit: 0.001460 bestmemit:    2.046155  -41.516864    1.000000    0.000000  615.137759
Iteration: 55 bestvalit: 0.001460 bestmemit:    2.046155  -41.516864    1.000000    0.000000  615.137759
Iteration: 56 bestvalit: 0.001460 bestmemit:    2.046155  -41.516864    1.000000    0.000000  615.137759
Iteration: 57 bestvalit: 0.001460 bestmemit:    2.046155  -41.516864    1.000000    0.000000  615.137759
Iteration: 58 bestvalit: 0.001460 bestmemit:    2.046155  -41.516864    1.000000    0.000000  615.137759
Iteration: 59 bestvalit: 0.001460 bestmemit:    2.046155  -41.516864    1.000000    0.000000  615.137759
Iteration: 60 bestvalit: 0.001460 bestmemit:    2.046155  -41.516864    1.000000    0.000000  615.137759
Iteration: 61 bestvalit: 0.001460 bestmemit:    2.046155  -41.516864    1.000000    0.000000  615.137759
Iteration: 62 bestvalit: 0.001460 bestmemit:    2.046155  -41.516864    1.000000    0.000000  615.137759
Iteration: 63 bestvalit: 0.001460 bestmemit:    2.046155  -41.516864    1.000000    0.000000  615.137759
Iteration: 64 bestvalit: 0.001460 bestmemit:    2.046155  -41.516864    1.000000    0.000000  615.137759
Iteration: 65 bestvalit: 0.001460 bestmemit:    2.046155  -41.516864    1.000000    0.000000  615.137759
Iteration: 66 bestvalit: 0.001460 bestmemit:    2.046155  -41.516864    1.000000    0.000000  615.137759
Iteration: 67 bestvalit: 0.001460 bestmemit:    2.046155  -41.516864    1.000000    0.000000  615.137759
Iteration: 68 bestvalit: 0.001460 bestmemit:    2.046155  -41.516864    1.000000    0.000000  615.137759
Iteration: 69 bestvalit: 0.001460 bestmemit:    2.046155  -41.516864    1.000000    0.000000  615.137759
Iteration: 70 bestvalit: 0.001460 bestmemit:    2.046155  -41.516864    1.000000    0.000000  615.137759
Iteration: 71 bestvalit: 0.001460 bestmemit:    2.046155  -41.516864    1.000000    0.000000  615.137759
Iteration: 72 bestvalit: 0.001460 bestmemit:    2.046155  -41.516864    1.000000    0.000000  615.137759
Iteration: 73 bestvalit: 0.001460 bestmemit:    2.046155  -41.516864    1.000000    0.000000  615.137759
Iteration: 74 bestvalit: 0.001460 bestmemit:    2.046155  -41.516864    1.000000    0.000000  615.137759
Iteration: 75 bestvalit: 0.001460 bestmemit:    2.046155  -41.516864    1.000000    0.000000  615.137759
Iteration: 76 bestvalit: 0.001460 bestmemit:    2.046155  -41.516864    1.000000    0.000000  615.137759
Iteration: 77 bestvalit: 0.001460 bestmemit:    2.046155  -41.516864    1.000000    0.000000  615.137759
Iteration: 78 bestvalit: 0.001460 bestmemit:    2.046155  -41.516864    1.000000    0.000000  615.137759
Iteration: 79 bestvalit: 0.001460 bestmemit:    2.046155  -41.516864    1.000000    0.000000  615.137759
Iteration: 80 bestvalit: 0.001460 bestmemit:    2.046155  -41.516864    1.000000    0.000000  615.137759
Iteration: 81 bestvalit: 0.001460 bestmemit:    2.046155  -41.516864    1.000000    0.000000  615.137759
Iteration: 82 bestvalit: 0.001460 bestmemit:    2.046155  -41.516864    1.000000    0.000000  615.137759
Iteration: 83 bestvalit: 0.001460 bestmemit:    2.046155  -41.516864    1.000000    0.000000  615.137759
Iteration: 84 bestvalit: 0.001460 bestmemit:    2.046155  -41.516864    1.000000    0.000000  615.137759
Iteration: 85 bestvalit: 0.001460 bestmemit:    2.046155  -41.516864    1.000000    0.000000  615.137759
Iteration: 86 bestvalit: 0.001460 bestmemit:    2.046155  -41.516864    1.000000    0.000000  615.137759
Iteration: 87 bestvalit: 0.001460 bestmemit:    2.046155  -41.516864    1.000000    0.000000  615.137759
Iteration: 88 bestvalit: 0.001460 bestmemit:    2.046155  -41.516864    1.000000    0.000000  615.137759
Iteration: 89 bestvalit: 0.001460 bestmemit:    2.046155  -41.516864    1.000000    0.000000  615.137759
Iteration: 90 bestvalit: 0.001460 bestmemit:    2.046155  -41.516864    1.000000    0.000000  615.137759
Iteration: 91 bestvalit: 0.001460 bestmemit:    2.046155  -41.516864    1.000000    0.000000  615.137759
Iteration: 92 bestvalit: 0.001460 bestmemit:    2.046155  -41.516864    1.000000    0.000000  615.137759
Iteration: 93 bestvalit: 0.001460 bestmemit:    2.046155  -41.516864    1.000000    0.000000  615.137759
Iteration: 94 bestvalit: 0.001460 bestmemit:    2.046155  -41.516864    1.000000    0.000000  615.137759
Iteration: 95 bestvalit: 0.001460 bestmemit:    2.046155  -41.516864    1.000000    0.000000  615.137759
Iteration: 96 bestvalit: 0.001460 bestmemit:    2.046155  -41.516864    1.000000    0.000000  615.137759
Iteration: 97 bestvalit: 0.001460 bestmemit:    2.046155  -41.516864    1.000000    0.000000  615.137759
Iteration: 98 bestvalit: 0.001460 bestmemit:    2.046155  -41.516864    1.000000    0.000000  615.137759
Iteration: 99 bestvalit: 0.001460 bestmemit:    2.046155  -41.516864    1.000000    0.000000  615.137759
Iteration: 100 bestvalit: 0.001460 bestmemit:    2.046155  -41.516864    1.000000    0.000000  615.137759
Iteration: 101 bestvalit: 0.001460 bestmemit:    2.046155  -41.516864    1.000000    0.000000  615.137759
Iteration: 102 bestvalit: 0.001460 bestmemit:    2.046155  -41.516864    1.000000    0.000000  615.137759
Iteration: 103 bestvalit: 0.001460 bestmemit:    2.046155  -41.516864    1.000000    0.000000  615.137759
Iteration: 104 bestvalit: 0.001460 bestmemit:    2.046155  -41.516864    1.000000    0.000000  615.137759
Iteration: 105 bestvalit: 0.001460 bestmemit:    2.046155  -41.516864    1.000000    0.000000  615.137759
Iteration: 106 bestvalit: 0.001460 bestmemit:    2.046155  -41.516864    1.000000    0.000000  615.137759
Iteration: 107 bestvalit: 0.001460 bestmemit:    2.046155  -41.516864    1.000000    0.000000  615.137759
Iteration: 108 bestvalit: 0.001460 bestmemit:    2.046155  -41.516864    1.000000    0.000000  615.137759
Iteration: 109 bestvalit: 0.001460 bestmemit:    2.046155  -41.516864    1.000000    0.000000  615.137759
Iteration: 110 bestvalit: 0.001460 bestmemit:    2.046155  -41.516864    1.000000    0.000000  615.137759
Iteration: 111 bestvalit: 0.001460 bestmemit:    2.046155  -41.516864    1.000000    0.000000  615.137759
Iteration: 112 bestvalit: 0.001460 bestmemit:    2.046155  -41.516864    1.000000    0.000000  615.137759
Iteration: 113 bestvalit: 0.001460 bestmemit:    2.046155  -41.516864    1.000000    0.000000  615.137759
Iteration: 114 bestvalit: 0.001460 bestmemit:    2.046155  -41.516864    1.000000    0.000000  615.137759
Iteration: 115 bestvalit: 0.001460 bestmemit:    2.046155  -41.516864    1.000000    0.000000  615.137759
Iteration: 116 bestvalit: 0.001460 bestmemit:    2.046155  -41.516864    1.000000    0.000000  615.137759
Iteration: 117 bestvalit: 0.001460 bestmemit:    2.046155  -41.516864    1.000000    0.000000  615.137759
Iteration: 118 bestvalit: 0.001460 bestmemit:    1.532547  -35.065240    1.000000    0.000000  611.662588
Iteration: 119 bestvalit: 0.001460 bestmemit:    1.532547  -35.065240    1.000000    0.000000  611.662588
Iteration: 120 bestvalit: 0.001460 bestmemit:    1.532547  -35.065240    1.000000    0.000000  611.662588
Iteration: 121 bestvalit: 0.001460 bestmemit:    1.532547  -35.065240    1.000000    0.000000  611.662588
Iteration: 122 bestvalit: 0.001460 bestmemit:    1.532547  -35.065240    1.000000    0.000000  611.662588
Iteration: 123 bestvalit: 0.001460 bestmemit:    1.532547  -35.065240    1.000000    0.000000  611.662588
Iteration: 124 bestvalit: 0.001460 bestmemit:    1.532547  -35.065240    1.000000    0.000000  611.662588
Iteration: 125 bestvalit: 0.001460 bestmemit:    1.532547  -35.065240    1.000000    0.000000  611.662588
Iteration: 126 bestvalit: 0.001460 bestmemit:    1.532547  -35.065240    1.000000    0.000000  611.662588
Iteration: 127 bestvalit: 0.001460 bestmemit:    1.532547  -35.065240    1.000000    0.000000  611.662588
Iteration: 128 bestvalit: 0.001460 bestmemit:    1.532547  -35.065240    1.000000    0.000000  611.662588
Iteration: 129 bestvalit: 0.001460 bestmemit:    1.532547  -35.065240    1.000000    0.000000  611.662588
Iteration: 130 bestvalit: 0.001460 bestmemit:    1.532547  -35.065240    1.000000    0.000000  611.662588
Iteration: 131 bestvalit: 0.001460 bestmemit:    1.532547  -35.065240    1.000000    0.000000  611.662588
Iteration: 132 bestvalit: 0.001460 bestmemit:    1.532547  -35.065240    1.000000    0.000000  611.662588
Iteration: 133 bestvalit: 0.001460 bestmemit:    1.532547  -35.065240    1.000000    0.000000  611.662588
Iteration: 134 bestvalit: 0.001460 bestmemit:    1.532547  -35.065240    1.000000    0.000000  611.662588
Iteration: 135 bestvalit: 0.001460 bestmemit:    1.532547  -35.065240    1.000000    0.000000  611.662588
Iteration: 136 bestvalit: 0.001460 bestmemit:    1.532547  -35.065240    1.000000    0.000000  611.662588
Iteration: 137 bestvalit: 0.001460 bestmemit:    1.532547  -35.065240    1.000000    0.000000  611.662588
Iteration: 138 bestvalit: 0.001460 bestmemit:    1.532547  -35.065240    1.000000    0.000000  611.662588
Iteration: 139 bestvalit: 0.001460 bestmemit:    1.532547  -35.065240    1.000000    0.000000  611.662588
Iteration: 140 bestvalit: 0.001460 bestmemit:    1.532547  -35.065240    1.000000    0.000000  611.662588
Iteration: 141 bestvalit: 0.001460 bestmemit:    1.532547  -35.065240    1.000000    0.000000  611.662588
Iteration: 142 bestvalit: 0.001460 bestmemit:    1.532547  -35.065240    1.000000    0.000000  611.662588
Iteration: 143 bestvalit: 0.001460 bestmemit:    1.532547  -35.065240    1.000000    0.000000  611.662588
Iteration: 144 bestvalit: 0.001451 bestmemit:    1.689834  -26.755673    1.000000    0.000000  610.503439
Iteration: 145 bestvalit: 0.001443 bestmemit:    2.162561  -36.567258    1.000000    0.000000  608.034960
Iteration: 146 bestvalit: 0.001443 bestmemit:    2.162561  -36.567258    1.000000    0.000000  608.034960
Iteration: 147 bestvalit: 0.001443 bestmemit:    2.162561  -36.567258    1.000000    0.000000  608.034960
Iteration: 148 bestvalit: 0.001443 bestmemit:    2.162561  -36.567258    1.000000    0.000000  608.034960
Iteration: 149 bestvalit: 0.001443 bestmemit:    2.162561  -36.567258    1.000000    0.000000  608.034960
Iteration: 150 bestvalit: 0.001443 bestmemit:    2.162561  -36.567258    1.000000    0.000000  608.034960
Iteration: 151 bestvalit: 0.001443 bestmemit:    2.162561  -36.567258    1.000000    0.000000  608.034960
Iteration: 152 bestvalit: 0.001443 bestmemit:    2.162561  -36.567258    1.000000    0.000000  608.034960
Iteration: 153 bestvalit: 0.001443 bestmemit:    2.162561  -36.567258    1.000000    0.000000  608.034960
Iteration: 154 bestvalit: 0.001443 bestmemit:    2.162561  -36.567258    1.000000    0.000000  608.034960
Iteration: 155 bestvalit: 0.001443 bestmemit:    2.162561  -36.567258    1.000000    0.000000  608.034960
Iteration: 156 bestvalit: 0.001443 bestmemit:    2.162561  -36.567258    1.000000    0.000000  608.034960
Iteration: 157 bestvalit: 0.001443 bestmemit:    2.162561  -36.567258    1.000000    0.000000  608.034960
Iteration: 158 bestvalit: 0.001443 bestmemit:    2.162561  -36.567258    1.000000    0.000000  608.034960
Iteration: 159 bestvalit: 0.001443 bestmemit:    2.162561  -36.567258    1.000000    0.000000  608.034960
Iteration: 160 bestvalit: 0.001443 bestmemit:    2.162561  -36.567258    1.000000    0.000000  608.034960
Iteration: 161 bestvalit: 0.001443 bestmemit:    2.162561  -36.567258    1.000000    0.000000  608.034960
Iteration: 162 bestvalit: 0.001443 bestmemit:    2.162561  -36.567258    1.000000    0.000000  608.034960
Iteration: 163 bestvalit: 0.001443 bestmemit:    2.162561  -36.567258    1.000000    0.000000  608.034960
Iteration: 164 bestvalit: 0.001443 bestmemit:    2.162561  -36.567258    1.000000    0.000000  608.034960
Iteration: 165 bestvalit: 0.001443 bestmemit:    2.162561  -36.567258    1.000000    0.000000  608.034960
Iteration: 166 bestvalit: 0.001443 bestmemit:    2.162561  -36.567258    1.000000    0.000000  608.034960
Iteration: 167 bestvalit: 0.001443 bestmemit:    2.162561  -36.567258    1.000000    0.000000  608.034960
Iteration: 168 bestvalit: 0.001443 bestmemit:    2.162561  -36.567258    1.000000    0.000000  608.034960
Iteration: 169 bestvalit: 0.001443 bestmemit:    2.162561  -36.567258    1.000000    0.000000  608.034960
Iteration: 170 bestvalit: 0.001443 bestmemit:    2.162561  -36.567258    1.000000    0.000000  608.034960
Iteration: 171 bestvalit: 0.001443 bestmemit:    2.162561  -36.567258    1.000000    0.000000  608.034960
Iteration: 172 bestvalit: 0.001443 bestmemit:    2.162561  -36.567258    1.000000    0.000000  608.034960
Iteration: 173 bestvalit: 0.001443 bestmemit:    2.162561  -36.567258    1.000000    0.000000  608.034960
Iteration: 174 bestvalit: 0.001443 bestmemit:    2.162561  -36.567258    1.000000    0.000000  608.034960
Iteration: 175 bestvalit: 0.001443 bestmemit:    2.162561  -36.567258    1.000000    0.000000  608.034960
Iteration: 176 bestvalit: 0.001443 bestmemit:    2.162561  -36.567258    1.000000    0.000000  608.034960
Iteration: 177 bestvalit: 0.001443 bestmemit:    2.162561  -36.567258    1.000000    0.000000  608.034960
Iteration: 178 bestvalit: 0.001443 bestmemit:    2.162561  -36.567258    1.000000    0.000000  608.034960
Iteration: 179 bestvalit: 0.001443 bestmemit:    2.162561  -36.567258    1.000000    0.000000  608.034960
Iteration: 180 bestvalit: 0.001443 bestmemit:    2.162561  -36.567258    1.000000    0.000000  608.034960
Iteration: 181 bestvalit: 0.001443 bestmemit:    2.162561  -36.567258    1.000000    0.000000  608.034960
Iteration: 182 bestvalit: 0.001443 bestmemit:    2.162561  -36.567258    1.000000    0.000000  608.034960
Iteration: 183 bestvalit: 0.001443 bestmemit:    2.162561  -36.567258    1.000000    0.000000  608.034960
Iteration: 184 bestvalit: 0.001443 bestmemit:    2.162561  -36.567258    1.000000    0.000000  608.034960
Iteration: 185 bestvalit: 0.001443 bestmemit:    2.162561  -36.567258    1.000000    0.000000  608.034960
Iteration: 186 bestvalit: 0.001443 bestmemit:    2.162561  -36.567258    1.000000    0.000000  608.034960
Iteration: 187 bestvalit: 0.001443 bestmemit:    2.162561  -36.567258    1.000000    0.000000  608.034960
Iteration: 188 bestvalit: 0.001443 bestmemit:    2.162561  -36.567258    1.000000    0.000000  608.034960
Iteration: 189 bestvalit: 0.001443 bestmemit:    2.162561  -36.567258    1.000000    0.000000  608.034960
Iteration: 190 bestvalit: 0.001443 bestmemit:    2.162561  -36.567258    1.000000    0.000000  608.034960
Iteration: 191 bestvalit: 0.001443 bestmemit:    2.162561  -36.567258    1.000000    0.000000  608.034960
Iteration: 192 bestvalit: 0.001443 bestmemit:    2.162561  -36.567258    1.000000    0.000000  608.034960
Iteration: 193 bestvalit: 0.001443 bestmemit:    2.162561  -36.567258    1.000000    0.000000  608.034960
Iteration: 194 bestvalit: 0.001443 bestmemit:    2.162561  -36.567258    1.000000    0.000000  608.034960
Iteration: 195 bestvalit: 0.001443 bestmemit:    2.162561  -36.567258    1.000000    0.000000  608.034960
Iteration: 196 bestvalit: 0.001443 bestmemit:    2.162561  -36.567258    1.000000    0.000000  608.034960
Iteration: 197 bestvalit: 0.001443 bestmemit:    2.162561  -36.567258    1.000000    0.000000  608.034960
Iteration: 198 bestvalit: 0.001443 bestmemit:    2.162561  -36.567258    1.000000    0.000000  608.034960
Iteration: 199 bestvalit: 0.001443 bestmemit:    2.162561  -36.567258    1.000000    0.000000  608.034960
Iteration: 200 bestvalit: 0.001443 bestmemit:    2.162561  -36.567258    1.000000    0.000000  608.034960
Iteration: 201 bestvalit: 0.001443 bestmemit:    2.162561  -36.567258    1.000000    0.000000  608.034960
Iteration: 202 bestvalit: 0.001443 bestmemit:    2.162561  -36.567258    1.000000    0.000000  608.034960
Iteration: 203 bestvalit: 0.001443 bestmemit:    2.162561  -36.567258    1.000000    0.000000  608.034960
Iteration: 204 bestvalit: 0.001443 bestmemit:    2.162561  -36.567258    1.000000    0.000000  608.034960
Iteration: 205 bestvalit: 0.001443 bestmemit:    2.162561  -36.567258    1.000000    0.000000  608.034960
Iteration: 206 bestvalit: 0.001443 bestmemit:    2.162561  -36.567258    1.000000    0.000000  608.034960
Iteration: 207 bestvalit: 0.001443 bestmemit:    2.162561  -36.567258    1.000000    0.000000  608.034960
Iteration: 208 bestvalit: 0.001443 bestmemit:    2.162561  -36.567258    1.000000    0.000000  608.034960
Iteration: 209 bestvalit: 0.001443 bestmemit:    2.162561  -36.567258    1.000000    0.000000  608.034960
Iteration: 210 bestvalit: 0.001443 bestmemit:    2.162561  -36.567258    1.000000    0.000000  608.034960
Iteration: 211 bestvalit: 0.001443 bestmemit:    2.162561  -36.567258    1.000000    0.000000  608.034960
Iteration: 212 bestvalit: 0.001443 bestmemit:    2.162561  -36.567258    1.000000    0.000000  608.034960
Iteration: 213 bestvalit: 0.001443 bestmemit:    2.162561  -36.567258    1.000000    0.000000  608.034960
Iteration: 214 bestvalit: 0.001443 bestmemit:    2.162561  -36.567258    1.000000    0.000000  608.034960
Iteration: 215 bestvalit: 0.001443 bestmemit:    2.162561  -36.567258    1.000000    0.000000  608.034960
Iteration: 216 bestvalit: 0.001443 bestmemit:    2.162561  -36.567258    1.000000    0.000000  608.034960
Iteration: 217 bestvalit: 0.001443 bestmemit:    2.162561  -36.567258    1.000000    0.000000  608.034960
Iteration: 218 bestvalit: 0.001443 bestmemit:    2.162561  -36.567258    1.000000    0.000000  608.034960
Iteration: 219 bestvalit: 0.001443 bestmemit:    2.162561  -36.567258    1.000000    0.000000  608.034960
Iteration: 220 bestvalit: 0.001443 bestmemit:    2.162561  -36.567258    1.000000    0.000000  608.034960
Iteration: 221 bestvalit: 0.001443 bestmemit:    2.162561  -36.567258    1.000000    0.000000  608.034960
Iteration: 222 bestvalit: 0.001443 bestmemit:    2.162561  -36.567258    1.000000    0.000000  608.034960
Iteration: 223 bestvalit: 0.001443 bestmemit:    2.162561  -36.567258    1.000000    0.000000  608.034960
Iteration: 224 bestvalit: 0.001443 bestmemit:    2.162561  -36.567258    1.000000    0.000000  608.034960
Iteration: 225 bestvalit: 0.001443 bestmemit:    2.162561  -36.567258    1.000000    0.000000  608.034960
Iteration: 226 bestvalit: 0.001443 bestmemit:    2.162561  -36.567258    1.000000    0.000000  608.034960
Iteration: 227 bestvalit: 0.001443 bestmemit:    2.162561  -36.567258    1.000000    0.000000  608.034960
Iteration: 228 bestvalit: 0.001443 bestmemit:    2.162561  -36.567258    1.000000    0.000000  608.034960
Iteration: 229 bestvalit: 0.001443 bestmemit:    2.162561  -36.567258    1.000000    0.000000  608.034960
Iteration: 230 bestvalit: 0.001443 bestmemit:    2.162561  -36.567258    1.000000    0.000000  608.034960
Iteration: 231 bestvalit: 0.001443 bestmemit:    2.162561  -36.567258    1.000000    0.000000  608.034960
Iteration: 232 bestvalit: 0.001443 bestmemit:    2.162561  -36.567258    1.000000    0.000000  608.034960
Iteration: 233 bestvalit: 0.001443 bestmemit:    2.162561  -36.567258    1.000000    0.000000  608.034960
Iteration: 234 bestvalit: 0.001443 bestmemit:    2.162561  -36.567258    1.000000    0.000000  608.034960
Iteration: 235 bestvalit: 0.001443 bestmemit:    2.162561  -36.567258    1.000000    0.000000  608.034960
Iteration: 236 bestvalit: 0.001443 bestmemit:    2.162561  -36.567258    1.000000    0.000000  608.034960
Iteration: 237 bestvalit: 0.001443 bestmemit:    2.162561  -36.567258    1.000000    0.000000  608.034960
Iteration: 238 bestvalit: 0.001443 bestmemit:    2.162561  -36.567258    1.000000    0.000000  608.034960
Iteration: 239 bestvalit: 0.001443 bestmemit:    2.162561  -36.567258    1.000000    0.000000  608.034960
Iteration: 240 bestvalit: 0.001443 bestmemit:    2.162561  -36.567258    1.000000    0.000000  608.034960
Iteration: 241 bestvalit: 0.001443 bestmemit:    2.162561  -36.567258    1.000000    0.000000  608.034960
Iteration: 242 bestvalit: 0.001443 bestmemit:    2.162561  -36.567258    1.000000    0.000000  608.034960
Iteration: 243 bestvalit: 0.001443 bestmemit:    2.162561  -36.567258    1.000000    0.000000  608.034960
Iteration: 244 bestvalit: 0.001443 bestmemit:    2.162561  -36.567258    1.000000    0.000000  608.034960
Iteration: 245 bestvalit: 0.001443 bestmemit:    2.162561  -36.567258    1.000000    0.000000  608.034960
Iteration: 246 bestvalit: 0.001443 bestmemit:    2.162561  -36.567258    1.000000    0.000000  608.034960

***** summary of DEoptim object ***** 
best member   :  2.16256 -36.56726 1 0 608.035 
best value    :  0.00144 
after         :  246 generations 
fn evaluated  :  494 times 
*************************************
