SLURM_JOB_ID: 55336573
SLURM_JOB_USER: vsc34066
SLURM_JOB_ACCOUNT: lp_desenderlab
SLURM_JOB_NAME: fit_alternating_fb_beta_learn.slurm
SLURM_CLUSTER_NAME: genius
SLURM_JOB_PARTITION: batch
SLURM_ARRAY_JOB_ID: 55336494
SLURM_ARRAY_TASK_ID: 79
SLURM_NNODES: 1
SLURM_NODELIST: r23i13n17
SLURM_JOB_CPUS_PER_NODE: 8
Date: Tue Nov  7 16:44:12 CET 2023
Walltime: 00-23:00:00
========================================================================
Iteration: 1 bestvalit: 0.007168 bestmemit:   19.689872  -22.991845    1.000000    0.000000  889.041354
Iteration: 2 bestvalit: 0.007168 bestmemit:   19.689872  -22.991845    1.000000    0.000000  889.041354
Iteration: 3 bestvalit: 0.007168 bestmemit:   19.689872  -22.991845    1.000000    0.000000  889.041354
Iteration: 4 bestvalit: 0.007037 bestmemit:   19.689872  -22.991845    1.000000    0.000000  889.041354
Iteration: 5 bestvalit: 0.002655 bestmemit:    6.560840  -16.560971    1.000000    0.000000  761.688388
Iteration: 6 bestvalit: 0.002655 bestmemit:    6.560840  -16.560971    1.000000    0.000000  761.688388
Iteration: 7 bestvalit: 0.002655 bestmemit:    6.560840  -16.560971    1.000000    0.000000  761.688388
Iteration: 8 bestvalit: 0.002655 bestmemit:    6.560840  -16.560971    1.000000    0.000000  761.688388
Iteration: 9 bestvalit: 0.002655 bestmemit:    6.560840  -16.560971    1.000000    0.000000  761.688388
Iteration: 10 bestvalit: 0.002520 bestmemit:    6.011661  -64.192058    1.000000    0.000000  477.368638
Iteration: 11 bestvalit: 0.002392 bestmemit:    7.510242   85.525293    1.000000    0.000000  726.889065
Iteration: 12 bestvalit: 0.002392 bestmemit:    7.510242   85.525293    1.000000    0.000000  726.889065
Iteration: 13 bestvalit: 0.001910 bestmemit:    1.959938  -93.997188    1.000000    0.000000  625.984895
Iteration: 14 bestvalit: 0.001910 bestmemit:    1.959938  -93.997188    1.000000    0.000000  625.984895
Iteration: 15 bestvalit: 0.001474 bestmemit:    1.959938   13.167274    1.000000    0.000000  625.984895
Iteration: 16 bestvalit: 0.001474 bestmemit:    1.959938   13.167274    1.000000    0.000000  625.984895
Iteration: 17 bestvalit: 0.001452 bestmemit:    1.959938  -32.642771    1.000000    0.000000  625.984895
Iteration: 18 bestvalit: 0.001452 bestmemit:    1.959938  -32.642771    1.000000    0.000000  625.984895
Iteration: 19 bestvalit: 0.001452 bestmemit:    1.959938  -32.642771    1.000000    0.000000  625.984895
Iteration: 20 bestvalit: 0.001452 bestmemit:    1.959938  -32.642771    1.000000    0.000000  625.984895
Iteration: 21 bestvalit: 0.001452 bestmemit:    1.959938  -32.642771    1.000000    0.000000  625.984895
Iteration: 22 bestvalit: 0.001452 bestmemit:    1.959938  -32.642771    1.000000    0.000000  625.984895
Iteration: 23 bestvalit: 0.001452 bestmemit:    1.959938  -32.642771    1.000000    0.000000  625.984895
Iteration: 24 bestvalit: 0.001452 bestmemit:    1.959938  -32.642771    1.000000    0.000000  625.984895
Iteration: 25 bestvalit: 0.001452 bestmemit:    1.959938  -32.642771    1.000000    0.000000  625.984895
Iteration: 26 bestvalit: 0.001452 bestmemit:    1.959938  -32.642771    1.000000    0.000000  625.984895
Iteration: 27 bestvalit: 0.001444 bestmemit:    3.699892   52.777872    1.000000    0.000000  610.054541
Iteration: 28 bestvalit: 0.001428 bestmemit:    2.945362   76.575240    1.000000    0.000000  601.078220
Iteration: 29 bestvalit: 0.001391 bestmemit:    1.502046   32.127364    1.000000    0.000000  578.889511
Iteration: 30 bestvalit: 0.001391 bestmemit:    1.502046   32.127364    1.000000    0.000000  578.889511
Iteration: 31 bestvalit: 0.001391 bestmemit:    1.502046   32.127364    1.000000    0.000000  578.889511
Iteration: 32 bestvalit: 0.001391 bestmemit:    1.502046   32.127364    1.000000    0.000000  578.889511
Iteration: 33 bestvalit: 0.001391 bestmemit:    1.502046   32.127364    1.000000    0.000000  578.889511
Iteration: 34 bestvalit: 0.001391 bestmemit:    1.502046   32.127364    1.000000    0.000000  578.889511
Iteration: 35 bestvalit: 0.001387 bestmemit:    1.949161   29.808795    1.000000    0.000000  589.464233
Iteration: 36 bestvalit: 0.001348 bestmemit:    2.050606   14.301216    1.000000    0.000000  585.437403
Iteration: 37 bestvalit: 0.001348 bestmemit:    2.050606   14.301216    1.000000    0.000000  585.437403
Iteration: 38 bestvalit: 0.001348 bestmemit:    2.050606   14.301216    1.000000    0.000000  585.437403
Iteration: 39 bestvalit: 0.001348 bestmemit:    2.050606   14.301216    1.000000    0.000000  585.437403
Iteration: 40 bestvalit: 0.001348 bestmemit:    2.050606   14.301216    1.000000    0.000000  585.437403
Iteration: 41 bestvalit: 0.001348 bestmemit:    2.050606   14.301216    1.000000    0.000000  585.437403
Iteration: 42 bestvalit: 0.001348 bestmemit:    2.050606   14.301216    1.000000    0.000000  585.437403
Iteration: 43 bestvalit: 0.001348 bestmemit:    2.050606   14.301216    1.000000    0.000000  585.437403
Iteration: 44 bestvalit: 0.001348 bestmemit:    2.050606   14.301216    1.000000    0.000000  585.437403
Iteration: 45 bestvalit: 0.001348 bestmemit:    2.050606   14.301216    1.000000    0.000000  585.437403
Iteration: 46 bestvalit: 0.001348 bestmemit:    2.050606   14.301216    1.000000    0.000000  585.437403
Iteration: 47 bestvalit: 0.001348 bestmemit:    2.050606   14.301216    1.000000    0.000000  585.437403
Iteration: 48 bestvalit: 0.001348 bestmemit:    2.050606   14.301216    1.000000    0.000000  585.437403
Iteration: 49 bestvalit: 0.001348 bestmemit:    2.050606   14.301216    1.000000    0.000000  585.437403
Iteration: 50 bestvalit: 0.001348 bestmemit:    2.050606   14.301216    1.000000    0.000000  585.437403
Iteration: 51 bestvalit: 0.001348 bestmemit:    2.050606   14.301216    1.000000    0.000000  585.437403
Iteration: 52 bestvalit: 0.001348 bestmemit:    2.050606   14.301216    1.000000    0.000000  585.437403
Iteration: 53 bestvalit: 0.001348 bestmemit:    2.050606   14.301216    1.000000    0.000000  585.437403
Iteration: 54 bestvalit: 0.001348 bestmemit:    2.050606   14.301216    1.000000    0.000000  585.437403
Iteration: 55 bestvalit: 0.001348 bestmemit:    2.050606   14.301216    1.000000    0.000000  585.437403
Iteration: 56 bestvalit: 0.001348 bestmemit:    2.050606   14.301216    1.000000    0.000000  585.437403
Iteration: 57 bestvalit: 0.001348 bestmemit:    2.050606   14.301216    1.000000    0.000000  585.437403
Iteration: 58 bestvalit: 0.001348 bestmemit:    2.050606   14.301216    1.000000    0.000000  585.437403
Iteration: 59 bestvalit: 0.001348 bestmemit:    2.050606   14.301216    1.000000    0.000000  585.437403
Iteration: 60 bestvalit: 0.001348 bestmemit:    2.050606   14.301216    1.000000    0.000000  585.437403
Iteration: 61 bestvalit: 0.001348 bestmemit:    2.050606   14.301216    1.000000    0.000000  585.437403
Iteration: 62 bestvalit: 0.001348 bestmemit:    2.050606   14.301216    1.000000    0.000000  585.437403
Iteration: 63 bestvalit: 0.001348 bestmemit:    2.050606   14.301216    1.000000    0.000000  585.437403
Iteration: 64 bestvalit: 0.001348 bestmemit:    2.050606   14.301216    1.000000    0.000000  585.437403
Iteration: 65 bestvalit: 0.001348 bestmemit:    2.050606   14.301216    1.000000    0.000000  585.437403
Iteration: 66 bestvalit: 0.001348 bestmemit:    2.050606   14.301216    1.000000    0.000000  585.437403
Iteration: 67 bestvalit: 0.001348 bestmemit:    2.050606   14.301216    1.000000    0.000000  585.437403
Iteration: 68 bestvalit: 0.001348 bestmemit:    2.050606   14.301216    1.000000    0.000000  585.437403
Iteration: 69 bestvalit: 0.001348 bestmemit:    2.050606   14.301216    1.000000    0.000000  585.437403
Iteration: 70 bestvalit: 0.001348 bestmemit:    2.050606   14.301216    1.000000    0.000000  585.437403
Iteration: 71 bestvalit: 0.001348 bestmemit:    2.050606   14.301216    1.000000    0.000000  585.437403
Iteration: 72 bestvalit: 0.001348 bestmemit:    2.050606   14.301216    1.000000    0.000000  585.437403
Iteration: 73 bestvalit: 0.001348 bestmemit:    2.050606   14.301216    1.000000    0.000000  585.437403
Iteration: 74 bestvalit: 0.001348 bestmemit:    2.050606   14.301216    1.000000    0.000000  585.437403
Iteration: 75 bestvalit: 0.001348 bestmemit:    2.050606   14.301216    1.000000    0.000000  585.437403
Iteration: 76 bestvalit: 0.001341 bestmemit:    2.186399    6.450894    1.000000    0.000000  589.313493
Iteration: 77 bestvalit: 0.001341 bestmemit:    2.186399    6.450894    1.000000    0.000000  589.313493
Iteration: 78 bestvalit: 0.001341 bestmemit:    2.186399    6.450894    1.000000    0.000000  589.313493
Iteration: 79 bestvalit: 0.001341 bestmemit:    2.186399    6.450894    1.000000    0.000000  589.313493
Iteration: 80 bestvalit: 0.001341 bestmemit:    2.186399    6.450894    1.000000    0.000000  589.313493
Iteration: 81 bestvalit: 0.001341 bestmemit:    2.186399    6.450894    1.000000    0.000000  589.313493
Iteration: 82 bestvalit: 0.001341 bestmemit:    2.186399    6.450894    1.000000    0.000000  589.313493
Iteration: 83 bestvalit: 0.001341 bestmemit:    2.186399    6.450894    1.000000    0.000000  589.313493
Iteration: 84 bestvalit: 0.001341 bestmemit:    2.186399    6.450894    1.000000    0.000000  589.313493
Iteration: 85 bestvalit: 0.001312 bestmemit:    2.186399    6.450894    1.000000    0.000000  585.185954
Iteration: 86 bestvalit: 0.001312 bestmemit:    2.186399    6.450894    1.000000    0.000000  585.185954
Iteration: 87 bestvalit: 0.001312 bestmemit:    2.186399    6.450894    1.000000    0.000000  585.185954
Iteration: 88 bestvalit: 0.001312 bestmemit:    2.186399    6.450894    1.000000    0.000000  585.185954
Iteration: 89 bestvalit: 0.001312 bestmemit:    2.186399    6.450894    1.000000    0.000000  585.185954
Iteration: 90 bestvalit: 0.001312 bestmemit:    2.186399    6.450894    1.000000    0.000000  585.185954
Iteration: 91 bestvalit: 0.001312 bestmemit:    2.186399    6.450894    1.000000    0.000000  585.185954
Iteration: 92 bestvalit: 0.001312 bestmemit:    2.186399    6.450894    1.000000    0.000000  585.185954
Iteration: 93 bestvalit: 0.001312 bestmemit:    2.186399    6.450894    1.000000    0.000000  585.185954
Iteration: 94 bestvalit: 0.001312 bestmemit:    2.186399    6.450894    1.000000    0.000000  585.185954
Iteration: 95 bestvalit: 0.001312 bestmemit:    2.186399    6.450894    1.000000    0.000000  585.185954
Iteration: 96 bestvalit: 0.001312 bestmemit:    2.186399    6.450894    1.000000    0.000000  585.185954
Iteration: 97 bestvalit: 0.001312 bestmemit:    2.186399    6.450894    1.000000    0.000000  585.185954
Iteration: 98 bestvalit: 0.001312 bestmemit:    2.186399    6.450894    1.000000    0.000000  585.185954
Iteration: 99 bestvalit: 0.001312 bestmemit:    2.186399    6.450894    1.000000    0.000000  585.185954
Iteration: 100 bestvalit: 0.001312 bestmemit:    2.186399    6.450894    1.000000    0.000000  585.185954
Iteration: 101 bestvalit: 0.001312 bestmemit:    2.186399    6.450894    1.000000    0.000000  585.185954
Iteration: 102 bestvalit: 0.001312 bestmemit:    2.186399    6.450894    1.000000    0.000000  585.185954
Iteration: 103 bestvalit: 0.001312 bestmemit:    2.186399    6.450894    1.000000    0.000000  585.185954
Iteration: 104 bestvalit: 0.001312 bestmemit:    2.186399    6.450894    1.000000    0.000000  585.185954
Iteration: 105 bestvalit: 0.001312 bestmemit:    2.186399    6.450894    1.000000    0.000000  585.185954
Iteration: 106 bestvalit: 0.001312 bestmemit:    2.186399    6.450894    1.000000    0.000000  585.185954
Iteration: 107 bestvalit: 0.001312 bestmemit:    2.186399    6.450894    1.000000    0.000000  585.185954
Iteration: 108 bestvalit: 0.001312 bestmemit:    2.186399    6.450894    1.000000    0.000000  585.185954
Iteration: 109 bestvalit: 0.001312 bestmemit:    2.186399    6.450894    1.000000    0.000000  585.185954
Iteration: 110 bestvalit: 0.001312 bestmemit:    2.186399    6.450894    1.000000    0.000000  585.185954
Iteration: 111 bestvalit: 0.001312 bestmemit:    2.186399    6.450894    1.000000    0.000000  585.185954
Iteration: 112 bestvalit: 0.001312 bestmemit:    2.186399    6.450894    1.000000    0.000000  585.185954
Iteration: 113 bestvalit: 0.001312 bestmemit:    2.186399    6.450894    1.000000    0.000000  585.185954
Iteration: 114 bestvalit: 0.001312 bestmemit:    2.186399    6.450894    1.000000    0.000000  585.185954
Iteration: 115 bestvalit: 0.001312 bestmemit:    2.186399    6.450894    1.000000    0.000000  585.185954
Iteration: 116 bestvalit: 0.001312 bestmemit:    2.186399    6.450894    1.000000    0.000000  585.185954
Iteration: 117 bestvalit: 0.001312 bestmemit:    2.186399    6.450894    1.000000    0.000000  585.185954
Iteration: 118 bestvalit: 0.001312 bestmemit:    2.186399    6.450894    1.000000    0.000000  585.185954
Iteration: 119 bestvalit: 0.001312 bestmemit:    2.186399    6.450894    1.000000    0.000000  585.185954
Iteration: 120 bestvalit: 0.001312 bestmemit:    2.186399    6.450894    1.000000    0.000000  585.185954
Iteration: 121 bestvalit: 0.001312 bestmemit:    2.186399    6.450894    1.000000    0.000000  585.185954
Iteration: 122 bestvalit: 0.001312 bestmemit:    2.186399    6.450894    1.000000    0.000000  585.185954
Iteration: 123 bestvalit: 0.001312 bestmemit:    2.186399    6.450894    1.000000    0.000000  585.185954
Iteration: 124 bestvalit: 0.001312 bestmemit:    2.186399    6.450894    1.000000    0.000000  585.185954
Iteration: 125 bestvalit: 0.001312 bestmemit:    2.186399    6.450894    1.000000    0.000000  585.185954
Iteration: 126 bestvalit: 0.001312 bestmemit:    2.186399    6.450894    1.000000    0.000000  585.185954
Iteration: 127 bestvalit: 0.001312 bestmemit:    2.186399    6.450894    1.000000    0.000000  585.185954
Iteration: 128 bestvalit: 0.001312 bestmemit:    2.186399    6.450894    1.000000    0.000000  585.185954
Iteration: 129 bestvalit: 0.001312 bestmemit:    2.186399    6.450894    1.000000    0.000000  585.185954
Iteration: 130 bestvalit: 0.001312 bestmemit:    2.186399    6.450894    1.000000    0.000000  585.185954
Iteration: 131 bestvalit: 0.001312 bestmemit:    2.186399    6.450894    1.000000    0.000000  585.185954
Iteration: 132 bestvalit: 0.001312 bestmemit:    2.186399    6.450894    1.000000    0.000000  585.185954
Iteration: 133 bestvalit: 0.001312 bestmemit:    2.186399    6.450894    1.000000    0.000000  585.185954
Iteration: 134 bestvalit: 0.001312 bestmemit:    2.186399    6.450894    1.000000    0.000000  585.185954
Iteration: 135 bestvalit: 0.001312 bestmemit:    2.186399    6.450894    1.000000    0.000000  585.185954
Iteration: 136 bestvalit: 0.001312 bestmemit:    2.186399    6.450894    1.000000    0.000000  585.185954
Iteration: 137 bestvalit: 0.001312 bestmemit:    2.186399    6.450894    1.000000    0.000000  585.185954
Iteration: 138 bestvalit: 0.001312 bestmemit:    2.186399    6.450894    1.000000    0.000000  585.185954
Iteration: 139 bestvalit: 0.001312 bestmemit:    2.186399    6.450894    1.000000    0.000000  585.185954
Iteration: 140 bestvalit: 0.001312 bestmemit:    2.186399    6.450894    1.000000    0.000000  585.185954
Iteration: 141 bestvalit: 0.001312 bestmemit:    2.186399    6.450894    1.000000    0.000000  585.185954
Iteration: 142 bestvalit: 0.001312 bestmemit:    2.186399    6.450894    1.000000    0.000000  585.185954
Iteration: 143 bestvalit: 0.001312 bestmemit:    2.186399    6.450894    1.000000    0.000000  585.185954
Iteration: 144 bestvalit: 0.001312 bestmemit:    2.186399    6.450894    1.000000    0.000000  585.185954
Iteration: 145 bestvalit: 0.001312 bestmemit:    2.186399    6.450894    1.000000    0.000000  585.185954
Iteration: 146 bestvalit: 0.001312 bestmemit:    2.186399    6.450894    1.000000    0.000000  585.185954
Iteration: 147 bestvalit: 0.001312 bestmemit:    2.186399    6.450894    1.000000    0.000000  585.185954
Iteration: 148 bestvalit: 0.001312 bestmemit:    2.186399    6.450894    1.000000    0.000000  585.185954
Iteration: 149 bestvalit: 0.001312 bestmemit:    2.186399    6.450894    1.000000    0.000000  585.185954
Iteration: 150 bestvalit: 0.001312 bestmemit:    2.186399    6.450894    1.000000    0.000000  585.185954
Iteration: 151 bestvalit: 0.001312 bestmemit:    2.186399    6.450894    1.000000    0.000000  585.185954
Iteration: 152 bestvalit: 0.001312 bestmemit:    2.186399    6.450894    1.000000    0.000000  585.185954
Iteration: 153 bestvalit: 0.001312 bestmemit:    2.186399    6.450894    1.000000    0.000000  585.185954
Iteration: 154 bestvalit: 0.001312 bestmemit:    2.186399    6.450894    1.000000    0.000000  585.185954
Iteration: 155 bestvalit: 0.001312 bestmemit:    2.186399    6.450894    1.000000    0.000000  585.185954
Iteration: 156 bestvalit: 0.001312 bestmemit:    2.186399    6.450894    1.000000    0.000000  585.185954
Iteration: 157 bestvalit: 0.001312 bestmemit:    2.186399    6.450894    1.000000    0.000000  585.185954
Iteration: 158 bestvalit: 0.001312 bestmemit:    2.186399    6.450894    1.000000    0.000000  585.185954
Iteration: 159 bestvalit: 0.001312 bestmemit:    2.186399    6.450894    1.000000    0.000000  585.185954
Iteration: 160 bestvalit: 0.001312 bestmemit:    2.186399    6.450894    1.000000    0.000000  585.185954
Iteration: 161 bestvalit: 0.001312 bestmemit:    2.186399    6.450894    1.000000    0.000000  585.185954
Iteration: 162 bestvalit: 0.001312 bestmemit:    2.186399    6.450894    1.000000    0.000000  585.185954
Iteration: 163 bestvalit: 0.001312 bestmemit:    2.186399    6.450894    1.000000    0.000000  585.185954
Iteration: 164 bestvalit: 0.001312 bestmemit:    2.186399    6.450894    1.000000    0.000000  585.185954
Iteration: 165 bestvalit: 0.001312 bestmemit:    2.186399    6.450894    1.000000    0.000000  585.185954
Iteration: 166 bestvalit: 0.001312 bestmemit:    2.186399    6.450894    1.000000    0.000000  585.185954
Iteration: 167 bestvalit: 0.001312 bestmemit:    2.186399    6.450894    1.000000    0.000000  585.185954
Iteration: 168 bestvalit: 0.001312 bestmemit:    2.186399    6.450894    1.000000    0.000000  585.185954
Iteration: 169 bestvalit: 0.001312 bestmemit:    2.186399    6.450894    1.000000    0.000000  585.185954
Iteration: 170 bestvalit: 0.001312 bestmemit:    2.186399    6.450894    1.000000    0.000000  585.185954
Iteration: 171 bestvalit: 0.001312 bestmemit:    2.186399    6.450894    1.000000    0.000000  585.185954
Iteration: 172 bestvalit: 0.001312 bestmemit:    2.186399    6.450894    1.000000    0.000000  585.185954
Iteration: 173 bestvalit: 0.001312 bestmemit:    2.186399    6.450894    1.000000    0.000000  585.185954
Iteration: 174 bestvalit: 0.001312 bestmemit:    2.186399    6.450894    1.000000    0.000000  585.185954
Iteration: 175 bestvalit: 0.001312 bestmemit:    2.186399    6.450894    1.000000    0.000000  585.185954
Iteration: 176 bestvalit: 0.001312 bestmemit:    2.186399    6.450894    1.000000    0.000000  585.185954
Iteration: 177 bestvalit: 0.001312 bestmemit:    2.186399    6.450894    1.000000    0.000000  585.185954
Iteration: 178 bestvalit: 0.001312 bestmemit:    2.186399    6.450894    1.000000    0.000000  585.185954
Iteration: 179 bestvalit: 0.001312 bestmemit:    2.186399    6.450894    1.000000    0.000000  585.185954
Iteration: 180 bestvalit: 0.001312 bestmemit:    2.186399    6.450894    1.000000    0.000000  585.185954
Iteration: 181 bestvalit: 0.001312 bestmemit:    2.186399    6.450894    1.000000    0.000000  585.185954
Iteration: 182 bestvalit: 0.001312 bestmemit:    2.186399    6.450894    1.000000    0.000000  585.185954
Iteration: 183 bestvalit: 0.001312 bestmemit:    2.186399    6.450894    1.000000    0.000000  585.185954
Iteration: 184 bestvalit: 0.001312 bestmemit:    2.186399    6.450894    1.000000    0.000000  585.185954
Iteration: 185 bestvalit: 0.001312 bestmemit:    2.186399    6.450894    1.000000    0.000000  585.185954
Iteration: 186 bestvalit: 0.001312 bestmemit:    2.186399    6.450894    1.000000    0.000000  585.185954

***** summary of DEoptim object ***** 
best member   :  2.1864 6.45089 1 0 585.186 
best value    :  0.00131 
after         :  186 generations 
fn evaluated  :  374 times 
*************************************
