SLURM_JOB_ID: 55336595
SLURM_JOB_USER: vsc34066
SLURM_JOB_ACCOUNT: lp_desenderlab
SLURM_JOB_NAME: fit_alternating_fb_beta_learn.slurm
SLURM_CLUSTER_NAME: genius
SLURM_JOB_PARTITION: batch
SLURM_ARRAY_JOB_ID: 55336494
SLURM_ARRAY_TASK_ID: 101
SLURM_NNODES: 1
SLURM_NODELIST: r27i13n22
SLURM_JOB_CPUS_PER_NODE: 8
Date: Tue Nov  7 16:44:10 CET 2023
Walltime: 00-23:00:00
========================================================================
Iteration: 1 bestvalit: 0.003175 bestmemit:    6.458813   56.989991    1.000000    0.000000  791.457461
Iteration: 2 bestvalit: 0.003175 bestmemit:    6.458813   56.989991    1.000000    0.000000  791.457461
Iteration: 3 bestvalit: 0.001425 bestmemit:    4.061633   50.310825    1.000000    0.000000  627.925193
Iteration: 4 bestvalit: 0.001425 bestmemit:    4.061633   50.310825    1.000000    0.000000  627.925193
Iteration: 5 bestvalit: 0.001425 bestmemit:    4.061633   50.310825    1.000000    0.000000  627.925193
Iteration: 6 bestvalit: 0.001425 bestmemit:    4.061633   50.310825    1.000000    0.000000  627.925193
Iteration: 7 bestvalit: 0.001425 bestmemit:    4.061633   50.310825    1.000000    0.000000  627.925193
Iteration: 8 bestvalit: 0.001425 bestmemit:    4.061633   50.310825    1.000000    0.000000  627.925193
Iteration: 9 bestvalit: 0.001425 bestmemit:    4.061633   50.310825    1.000000    0.000000  627.925193
Iteration: 10 bestvalit: 0.001425 bestmemit:    4.061633   50.310825    1.000000    0.000000  627.925193
Iteration: 11 bestvalit: 0.001425 bestmemit:    4.061633   50.310825    1.000000    0.000000  627.925193
Iteration: 12 bestvalit: 0.001425 bestmemit:    4.061633   50.310825    1.000000    0.000000  627.925193
Iteration: 13 bestvalit: 0.001305 bestmemit:    3.387133   15.962249    1.000000    0.000000  556.000674
Iteration: 14 bestvalit: 0.001305 bestmemit:    3.387133   15.962249    1.000000    0.000000  556.000674
Iteration: 15 bestvalit: 0.001305 bestmemit:    3.387133   15.962249    1.000000    0.000000  556.000674
Iteration: 16 bestvalit: 0.001305 bestmemit:    3.387133   15.962249    1.000000    0.000000  556.000674
Iteration: 17 bestvalit: 0.001305 bestmemit:    3.387133   15.962249    1.000000    0.000000  556.000674
Iteration: 18 bestvalit: 0.001305 bestmemit:    3.387133   15.962249    1.000000    0.000000  556.000674
Iteration: 19 bestvalit: 0.001305 bestmemit:    3.387133   15.962249    1.000000    0.000000  556.000674
Iteration: 20 bestvalit: 0.001293 bestmemit:    0.986248   49.846904    1.000000    0.000000  590.664085
Iteration: 21 bestvalit: 0.001278 bestmemit:    0.986248  -44.088227    1.000000    0.000000  590.664085
Iteration: 22 bestvalit: 0.001278 bestmemit:    0.986248  -44.088227    1.000000    0.000000  590.664085
Iteration: 23 bestvalit: 0.001239 bestmemit:    3.761076  -39.640587    1.000000    0.000000  593.089510
Iteration: 24 bestvalit: 0.001239 bestmemit:    3.761076  -39.640587    1.000000    0.000000  593.089510
Iteration: 25 bestvalit: 0.001239 bestmemit:    3.761076  -39.640587    1.000000    0.000000  593.089510
Iteration: 26 bestvalit: 0.001232 bestmemit:    2.876141    0.360891    1.000000    0.000000  568.187264
Iteration: 27 bestvalit: 0.001232 bestmemit:    2.876141    0.360891    1.000000    0.000000  568.187264
Iteration: 28 bestvalit: 0.001232 bestmemit:    2.876141    0.360891    1.000000    0.000000  568.187264
Iteration: 29 bestvalit: 0.001226 bestmemit:    1.695478  -19.300497    1.000000    0.000000  583.159708
Iteration: 30 bestvalit: 0.001226 bestmemit:    1.695478  -19.300497    1.000000    0.000000  583.159708
Iteration: 31 bestvalit: 0.001226 bestmemit:    1.695478  -19.300497    1.000000    0.000000  583.159708
Iteration: 32 bestvalit: 0.001226 bestmemit:    1.695478  -19.300497    1.000000    0.000000  583.159708
Iteration: 33 bestvalit: 0.001226 bestmemit:    1.695478  -19.300497    1.000000    0.000000  583.159708
Iteration: 34 bestvalit: 0.001216 bestmemit:    1.984661  -19.826375    1.000000    0.000000  585.206591
Iteration: 35 bestvalit: 0.001216 bestmemit:    1.984661  -19.826375    1.000000    0.000000  585.206591
Iteration: 36 bestvalit: 0.001216 bestmemit:    1.984661  -19.826375    1.000000    0.000000  585.206591
Iteration: 37 bestvalit: 0.001216 bestmemit:    1.984661  -19.826375    1.000000    0.000000  585.206591
Iteration: 38 bestvalit: 0.001216 bestmemit:    1.984661  -19.826375    1.000000    0.000000  585.206591
Iteration: 39 bestvalit: 0.001216 bestmemit:    1.984661  -19.826375    1.000000    0.000000  585.206591
Iteration: 40 bestvalit: 0.001216 bestmemit:    1.984661  -19.826375    1.000000    0.000000  585.206591
Iteration: 41 bestvalit: 0.001199 bestmemit:    2.534229   32.060287    1.000000    0.000000  585.098408
Iteration: 42 bestvalit: 0.001199 bestmemit:    2.534229   32.060287    1.000000    0.000000  585.098408
Iteration: 43 bestvalit: 0.001199 bestmemit:    2.534229   32.060287    1.000000    0.000000  585.098408
Iteration: 44 bestvalit: 0.001199 bestmemit:    2.534229   32.060287    1.000000    0.000000  585.098408
Iteration: 45 bestvalit: 0.001199 bestmemit:    2.534229   32.060287    1.000000    0.000000  585.098408
Iteration: 46 bestvalit: 0.001199 bestmemit:    2.534229   32.060287    1.000000    0.000000  585.098408
Iteration: 47 bestvalit: 0.001199 bestmemit:    2.534229   32.060287    1.000000    0.000000  585.098408
Iteration: 48 bestvalit: 0.001199 bestmemit:    2.534229   32.060287    1.000000    0.000000  585.098408
Iteration: 49 bestvalit: 0.001199 bestmemit:    2.534229   32.060287    1.000000    0.000000  585.098408
Iteration: 50 bestvalit: 0.001199 bestmemit:    2.534229   32.060287    1.000000    0.000000  585.098408
Iteration: 51 bestvalit: 0.001199 bestmemit:    2.534229   32.060287    1.000000    0.000000  585.098408
Iteration: 52 bestvalit: 0.001199 bestmemit:    2.534229   32.060287    1.000000    0.000000  585.098408
Iteration: 53 bestvalit: 0.001199 bestmemit:    2.534229   32.060287    1.000000    0.000000  585.098408
Iteration: 54 bestvalit: 0.001199 bestmemit:    2.534229   32.060287    1.000000    0.000000  585.098408
Iteration: 55 bestvalit: 0.001199 bestmemit:    2.534229   32.060287    1.000000    0.000000  585.098408
Iteration: 56 bestvalit: 0.001199 bestmemit:    2.534229   32.060287    1.000000    0.000000  585.098408
Iteration: 57 bestvalit: 0.001199 bestmemit:    2.534229   32.060287    1.000000    0.000000  585.098408
Iteration: 58 bestvalit: 0.001199 bestmemit:    2.534229   32.060287    1.000000    0.000000  585.098408
Iteration: 59 bestvalit: 0.001199 bestmemit:    2.534229   32.060287    1.000000    0.000000  585.098408
Iteration: 60 bestvalit: 0.001199 bestmemit:    2.534229   32.060287    1.000000    0.000000  585.098408
Iteration: 61 bestvalit: 0.001199 bestmemit:    2.534229   32.060287    1.000000    0.000000  585.098408
Iteration: 62 bestvalit: 0.001199 bestmemit:    2.534229   32.060287    1.000000    0.000000  585.098408
Iteration: 63 bestvalit: 0.001199 bestmemit:    2.534229   32.060287    1.000000    0.000000  585.098408
Iteration: 64 bestvalit: 0.001199 bestmemit:    2.534229   32.060287    1.000000    0.000000  585.098408
Iteration: 65 bestvalit: 0.001199 bestmemit:    2.534229   32.060287    1.000000    0.000000  585.098408
Iteration: 66 bestvalit: 0.001199 bestmemit:    2.534229   32.060287    1.000000    0.000000  585.098408
Iteration: 67 bestvalit: 0.001199 bestmemit:    2.534229   32.060287    1.000000    0.000000  585.098408
Iteration: 68 bestvalit: 0.001199 bestmemit:    2.534229   32.060287    1.000000    0.000000  585.098408
Iteration: 69 bestvalit: 0.001199 bestmemit:    2.534229   32.060287    1.000000    0.000000  585.098408
Iteration: 70 bestvalit: 0.001199 bestmemit:    2.534229   32.060287    1.000000    0.000000  585.098408
Iteration: 71 bestvalit: 0.001199 bestmemit:    2.534229   32.060287    1.000000    0.000000  585.098408
Iteration: 72 bestvalit: 0.001199 bestmemit:    2.534229   32.060287    1.000000    0.000000  585.098408
Iteration: 73 bestvalit: 0.001184 bestmemit:    3.097632  -23.895192    1.000000    0.000000  593.532603
Iteration: 74 bestvalit: 0.001184 bestmemit:    3.097632  -23.895192    1.000000    0.000000  593.532603
Iteration: 75 bestvalit: 0.001184 bestmemit:    3.097632  -23.895192    1.000000    0.000000  593.532603
Iteration: 76 bestvalit: 0.001184 bestmemit:    3.097632  -23.895192    1.000000    0.000000  593.532603
Iteration: 77 bestvalit: 0.001184 bestmemit:    3.097632  -23.895192    1.000000    0.000000  593.532603
Iteration: 78 bestvalit: 0.001184 bestmemit:    3.097632  -23.895192    1.000000    0.000000  593.532603
Iteration: 79 bestvalit: 0.001184 bestmemit:    3.097632  -23.895192    1.000000    0.000000  593.532603
Iteration: 80 bestvalit: 0.001184 bestmemit:    3.097632  -23.895192    1.000000    0.000000  593.532603
Iteration: 81 bestvalit: 0.001184 bestmemit:    3.097632  -23.895192    1.000000    0.000000  593.532603
Iteration: 82 bestvalit: 0.001184 bestmemit:    3.097632  -23.895192    1.000000    0.000000  593.532603
Iteration: 83 bestvalit: 0.001184 bestmemit:    3.097632  -23.895192    1.000000    0.000000  593.532603
Iteration: 84 bestvalit: 0.001184 bestmemit:    3.097632  -23.895192    1.000000    0.000000  593.532603
Iteration: 85 bestvalit: 0.001184 bestmemit:    3.097632  -23.895192    1.000000    0.000000  593.532603
Iteration: 86 bestvalit: 0.001184 bestmemit:    3.097632  -23.895192    1.000000    0.000000  593.532603
Iteration: 87 bestvalit: 0.001184 bestmemit:    3.097632  -23.895192    1.000000    0.000000  593.532603
Iteration: 88 bestvalit: 0.001184 bestmemit:    3.097632  -23.895192    1.000000    0.000000  593.532603
Iteration: 89 bestvalit: 0.001184 bestmemit:    3.097632  -23.895192    1.000000    0.000000  593.532603
Iteration: 90 bestvalit: 0.001184 bestmemit:    3.097632  -23.895192    1.000000    0.000000  593.532603
Iteration: 91 bestvalit: 0.001184 bestmemit:    3.097632  -23.895192    1.000000    0.000000  593.532603
Iteration: 92 bestvalit: 0.001184 bestmemit:    3.097632  -23.895192    1.000000    0.000000  593.532603
Iteration: 93 bestvalit: 0.001184 bestmemit:    3.097632  -23.895192    1.000000    0.000000  593.532603
Iteration: 94 bestvalit: 0.001184 bestmemit:    3.097632  -23.895192    1.000000    0.000000  593.532603
Iteration: 95 bestvalit: 0.001184 bestmemit:    3.097632  -23.895192    1.000000    0.000000  593.532603
Iteration: 96 bestvalit: 0.001184 bestmemit:    3.097632  -23.895192    1.000000    0.000000  593.532603
Iteration: 97 bestvalit: 0.001184 bestmemit:    3.097632  -23.895192    1.000000    0.000000  593.532603
Iteration: 98 bestvalit: 0.001184 bestmemit:    3.097632  -23.895192    1.000000    0.000000  593.532603
Iteration: 99 bestvalit: 0.001184 bestmemit:    3.097632  -23.895192    1.000000    0.000000  593.532603
Iteration: 100 bestvalit: 0.001184 bestmemit:    3.097632  -23.895192    1.000000    0.000000  593.532603
Iteration: 101 bestvalit: 0.001184 bestmemit:    3.097632  -23.895192    1.000000    0.000000  593.532603
Iteration: 102 bestvalit: 0.001184 bestmemit:    3.097632  -23.895192    1.000000    0.000000  593.532603
Iteration: 103 bestvalit: 0.001184 bestmemit:    3.097632  -23.895192    1.000000    0.000000  593.532603
Iteration: 104 bestvalit: 0.001184 bestmemit:    3.097632  -23.895192    1.000000    0.000000  593.532603
Iteration: 105 bestvalit: 0.001184 bestmemit:    3.097632  -23.895192    1.000000    0.000000  593.532603
Iteration: 106 bestvalit: 0.001184 bestmemit:    3.097632  -23.895192    1.000000    0.000000  593.532603
Iteration: 107 bestvalit: 0.001184 bestmemit:    3.097632  -23.895192    1.000000    0.000000  593.532603
Iteration: 108 bestvalit: 0.001184 bestmemit:    3.097632  -23.895192    1.000000    0.000000  593.532603
Iteration: 109 bestvalit: 0.001184 bestmemit:    3.097632  -23.895192    1.000000    0.000000  593.532603
Iteration: 110 bestvalit: 0.001184 bestmemit:    3.097632  -23.895192    1.000000    0.000000  593.532603
Iteration: 111 bestvalit: 0.001184 bestmemit:    3.097632  -23.895192    1.000000    0.000000  593.532603
Iteration: 112 bestvalit: 0.001184 bestmemit:    3.097632  -23.895192    1.000000    0.000000  593.532603
Iteration: 113 bestvalit: 0.001184 bestmemit:    3.097632  -23.895192    1.000000    0.000000  593.532603
Iteration: 114 bestvalit: 0.001184 bestmemit:    3.097632  -23.895192    1.000000    0.000000  593.532603
Iteration: 115 bestvalit: 0.001184 bestmemit:    3.097632  -23.895192    1.000000    0.000000  593.532603
Iteration: 116 bestvalit: 0.001184 bestmemit:    3.097632  -23.895192    1.000000    0.000000  593.532603
Iteration: 117 bestvalit: 0.001184 bestmemit:    3.097632  -23.895192    1.000000    0.000000  593.532603
Iteration: 118 bestvalit: 0.001184 bestmemit:    3.097632  -23.895192    1.000000    0.000000  593.532603
Iteration: 119 bestvalit: 0.001184 bestmemit:    3.097632  -23.895192    1.000000    0.000000  593.532603
Iteration: 120 bestvalit: 0.001184 bestmemit:    3.097632  -23.895192    1.000000    0.000000  593.532603
Iteration: 121 bestvalit: 0.001184 bestmemit:    3.097632  -23.895192    1.000000    0.000000  593.532603
Iteration: 122 bestvalit: 0.001184 bestmemit:    3.097632  -23.895192    1.000000    0.000000  593.532603
Iteration: 123 bestvalit: 0.001184 bestmemit:    3.097632  -23.895192    1.000000    0.000000  593.532603
Iteration: 124 bestvalit: 0.001184 bestmemit:    3.097632  -23.895192    1.000000    0.000000  593.532603
Iteration: 125 bestvalit: 0.001184 bestmemit:    3.097632  -23.895192    1.000000    0.000000  593.532603
Iteration: 126 bestvalit: 0.001184 bestmemit:    3.097632  -23.895192    1.000000    0.000000  593.532603
Iteration: 127 bestvalit: 0.001184 bestmemit:    3.097632  -23.895192    1.000000    0.000000  593.532603
Iteration: 128 bestvalit: 0.001184 bestmemit:    3.097632  -23.895192    1.000000    0.000000  593.532603
Iteration: 129 bestvalit: 0.001184 bestmemit:    3.097632  -23.895192    1.000000    0.000000  593.532603
Iteration: 130 bestvalit: 0.001184 bestmemit:    3.097632  -23.895192    1.000000    0.000000  593.532603
Iteration: 131 bestvalit: 0.001184 bestmemit:    3.097632  -23.895192    1.000000    0.000000  593.532603
Iteration: 132 bestvalit: 0.001184 bestmemit:    3.097632  -23.895192    1.000000    0.000000  593.532603
Iteration: 133 bestvalit: 0.001184 bestmemit:    3.097632  -23.895192    1.000000    0.000000  593.532603
Iteration: 134 bestvalit: 0.001184 bestmemit:    3.097632  -23.895192    1.000000    0.000000  593.532603
Iteration: 135 bestvalit: 0.001184 bestmemit:    3.097632  -23.895192    1.000000    0.000000  593.532603
Iteration: 136 bestvalit: 0.001184 bestmemit:    3.097632  -23.895192    1.000000    0.000000  593.532603
Iteration: 137 bestvalit: 0.001184 bestmemit:    3.097632  -23.895192    1.000000    0.000000  593.532603
Iteration: 138 bestvalit: 0.001184 bestmemit:    3.097632  -23.895192    1.000000    0.000000  593.532603
Iteration: 139 bestvalit: 0.001184 bestmemit:    3.097632  -23.895192    1.000000    0.000000  593.532603
Iteration: 140 bestvalit: 0.001184 bestmemit:    3.097632  -23.895192    1.000000    0.000000  593.532603
Iteration: 141 bestvalit: 0.001184 bestmemit:    3.097632  -23.895192    1.000000    0.000000  593.532603
Iteration: 142 bestvalit: 0.001184 bestmemit:    3.097632  -23.895192    1.000000    0.000000  593.532603
Iteration: 143 bestvalit: 0.001184 bestmemit:    3.097632  -23.895192    1.000000    0.000000  593.532603
Iteration: 144 bestvalit: 0.001184 bestmemit:    3.097632  -23.895192    1.000000    0.000000  593.532603
Iteration: 145 bestvalit: 0.001184 bestmemit:    3.097632  -23.895192    1.000000    0.000000  593.532603
Iteration: 146 bestvalit: 0.001184 bestmemit:    3.097632  -23.895192    1.000000    0.000000  593.532603
Iteration: 147 bestvalit: 0.001184 bestmemit:    3.097632  -23.895192    1.000000    0.000000  593.532603
Iteration: 148 bestvalit: 0.001184 bestmemit:    3.097632  -23.895192    1.000000    0.000000  593.532603
Iteration: 149 bestvalit: 0.001184 bestmemit:    3.097632  -23.895192    1.000000    0.000000  593.532603
Iteration: 150 bestvalit: 0.001184 bestmemit:    3.097632  -23.895192    1.000000    0.000000  593.532603
Iteration: 151 bestvalit: 0.001184 bestmemit:    3.097632  -23.895192    1.000000    0.000000  593.532603
Iteration: 152 bestvalit: 0.001184 bestmemit:    3.097632  -23.895192    1.000000    0.000000  593.532603
Iteration: 153 bestvalit: 0.001184 bestmemit:    3.097632  -23.895192    1.000000    0.000000  593.532603
Iteration: 154 bestvalit: 0.001184 bestmemit:    3.097632  -23.895192    1.000000    0.000000  593.532603
Iteration: 155 bestvalit: 0.001184 bestmemit:    3.097632  -23.895192    1.000000    0.000000  593.532603
Iteration: 156 bestvalit: 0.001184 bestmemit:    3.097632  -23.895192    1.000000    0.000000  593.532603
Iteration: 157 bestvalit: 0.001184 bestmemit:    3.097632  -23.895192    1.000000    0.000000  593.532603
Iteration: 158 bestvalit: 0.001184 bestmemit:    3.097632  -23.895192    1.000000    0.000000  593.532603
Iteration: 159 bestvalit: 0.001184 bestmemit:    3.097632  -23.895192    1.000000    0.000000  593.532603
Iteration: 160 bestvalit: 0.001184 bestmemit:    3.097632  -23.895192    1.000000    0.000000  593.532603
Iteration: 161 bestvalit: 0.001184 bestmemit:    3.097632  -23.895192    1.000000    0.000000  593.532603
Iteration: 162 bestvalit: 0.001184 bestmemit:    3.097632  -23.895192    1.000000    0.000000  593.532603
Iteration: 163 bestvalit: 0.001184 bestmemit:    3.097632  -23.895192    1.000000    0.000000  593.532603
Iteration: 164 bestvalit: 0.001184 bestmemit:    3.097632  -23.895192    1.000000    0.000000  593.532603
Iteration: 165 bestvalit: 0.001184 bestmemit:    3.097632  -23.895192    1.000000    0.000000  593.532603
Iteration: 166 bestvalit: 0.001184 bestmemit:    3.097632  -23.895192    1.000000    0.000000  593.532603
Iteration: 167 bestvalit: 0.001184 bestmemit:    3.097632  -23.895192    1.000000    0.000000  593.532603
Iteration: 168 bestvalit: 0.001184 bestmemit:    3.097632  -23.895192    1.000000    0.000000  593.532603
Iteration: 169 bestvalit: 0.001184 bestmemit:    3.097632  -23.895192    1.000000    0.000000  593.532603
Iteration: 170 bestvalit: 0.001184 bestmemit:    3.097632  -23.895192    1.000000    0.000000  593.532603
Iteration: 171 bestvalit: 0.001184 bestmemit:    3.097632  -23.895192    1.000000    0.000000  593.532603
Iteration: 172 bestvalit: 0.001184 bestmemit:    3.097632  -23.895192    1.000000    0.000000  593.532603
Iteration: 173 bestvalit: 0.001184 bestmemit:    3.097632  -23.895192    1.000000    0.000000  593.532603
Iteration: 174 bestvalit: 0.001184 bestmemit:    3.097632  -23.895192    1.000000    0.000000  593.532603

***** summary of DEoptim object ***** 
best member   :  3.09763 -23.89519 1 0 593.5326 
best value    :  0.00118 
after         :  174 generations 
fn evaluated  :  350 times 
*************************************
