SLURM_JOB_ID: 55336579
SLURM_JOB_USER: vsc34066
SLURM_JOB_ACCOUNT: lp_desenderlab
SLURM_JOB_NAME: fit_alternating_fb_beta_learn.slurm
SLURM_CLUSTER_NAME: genius
SLURM_JOB_PARTITION: batch
SLURM_ARRAY_JOB_ID: 55336494
SLURM_ARRAY_TASK_ID: 85
SLURM_NNODES: 1
SLURM_NODELIST: r23i13n19
SLURM_JOB_CPUS_PER_NODE: 8
Date: Tue Nov  7 16:44:10 CET 2023
Walltime: 00-23:00:00
========================================================================
Iteration: 1 bestvalit: 0.002371 bestmemit:   11.706149   -0.253062    1.000000    0.000000  595.385693
Iteration: 2 bestvalit: 0.002334 bestmemit:   11.706149   -0.253062    1.000000    0.000000  595.385693
Iteration: 3 bestvalit: 0.002334 bestmemit:   11.706149   -0.253062    1.000000    0.000000  595.385693
Iteration: 4 bestvalit: 0.001933 bestmemit:   11.706149   -0.253062    1.000000    0.000000  595.385693
Iteration: 5 bestvalit: 0.001933 bestmemit:   11.706149   -0.253062    1.000000    0.000000  595.385693
Iteration: 6 bestvalit: 0.001933 bestmemit:   11.706149   -0.253062    1.000000    0.000000  595.385693
Iteration: 7 bestvalit: 0.001933 bestmemit:   11.706149   -0.253062    1.000000    0.000000  595.385693
Iteration: 8 bestvalit: 0.001933 bestmemit:   11.706149   -0.253062    1.000000    0.000000  595.385693
Iteration: 9 bestvalit: 0.001933 bestmemit:   11.706149   -0.253062    1.000000    0.000000  595.385693
Iteration: 10 bestvalit: 0.001933 bestmemit:   11.706149   -0.253062    1.000000    0.000000  595.385693
Iteration: 11 bestvalit: 0.001933 bestmemit:   11.706149   -0.253062    1.000000    0.000000  595.385693
Iteration: 12 bestvalit: 0.001571 bestmemit:    0.447813   54.947322    1.000000    0.000000  596.245357
Iteration: 13 bestvalit: 0.001571 bestmemit:    0.447813   54.947322    1.000000    0.000000  596.245357
Iteration: 14 bestvalit: 0.001571 bestmemit:    0.447813   54.947322    1.000000    0.000000  596.245357
Iteration: 15 bestvalit: 0.001571 bestmemit:    0.447813   54.947322    1.000000    0.000000  596.245357
Iteration: 16 bestvalit: 0.001498 bestmemit:    4.756486   28.105208    1.000000    0.000000  535.040983
Iteration: 17 bestvalit: 0.001498 bestmemit:    4.756486   28.105208    1.000000    0.000000  535.040983
Iteration: 18 bestvalit: 0.001498 bestmemit:    4.756486   28.105208    1.000000    0.000000  535.040983
Iteration: 19 bestvalit: 0.001498 bestmemit:    4.756486   28.105208    1.000000    0.000000  535.040983
Iteration: 20 bestvalit: 0.001498 bestmemit:    4.756486   28.105208    1.000000    0.000000  535.040983
Iteration: 21 bestvalit: 0.001498 bestmemit:    4.756486   28.105208    1.000000    0.000000  535.040983
Iteration: 22 bestvalit: 0.001477 bestmemit:    5.383175  -51.802321    1.000000    0.000000  581.531747
Iteration: 23 bestvalit: 0.001458 bestmemit:    1.074672   26.429055    1.000000    0.000000  578.876506
Iteration: 24 bestvalit: 0.001448 bestmemit:    3.114829   23.539027    1.000000    0.000000  525.371721
Iteration: 25 bestvalit: 0.001447 bestmemit:    4.691711    8.042924    1.000000    0.000000  565.623993
Iteration: 26 bestvalit: 0.001447 bestmemit:    4.691711    8.042924    1.000000    0.000000  565.623993
Iteration: 27 bestvalit: 0.001422 bestmemit:    4.691711  -26.914679    1.000000    0.000000  565.623993
Iteration: 28 bestvalit: 0.001422 bestmemit:    4.691711  -26.914679    1.000000    0.000000  565.623993
Iteration: 29 bestvalit: 0.001422 bestmemit:    4.691711  -26.914679    1.000000    0.000000  565.623993
Iteration: 30 bestvalit: 0.001394 bestmemit:    3.707530  -21.559006    1.000000    0.000000  541.326366
Iteration: 31 bestvalit: 0.001394 bestmemit:    3.707530  -21.559006    1.000000    0.000000  541.326366
Iteration: 32 bestvalit: 0.001394 bestmemit:    3.707530  -21.559006    1.000000    0.000000  541.326366
Iteration: 33 bestvalit: 0.001394 bestmemit:    3.707530  -21.559006    1.000000    0.000000  541.326366
Iteration: 34 bestvalit: 0.001394 bestmemit:    3.707530  -21.559006    1.000000    0.000000  541.326366
Iteration: 35 bestvalit: 0.001394 bestmemit:    3.707530  -21.559006    1.000000    0.000000  541.326366
Iteration: 36 bestvalit: 0.001394 bestmemit:    3.707530  -21.559006    1.000000    0.000000  541.326366
Iteration: 37 bestvalit: 0.001394 bestmemit:    3.707530  -21.559006    1.000000    0.000000  541.326366
Iteration: 38 bestvalit: 0.001394 bestmemit:    3.707530  -21.559006    1.000000    0.000000  541.326366
Iteration: 39 bestvalit: 0.001388 bestmemit:    3.396506   44.669041    1.000000    0.000000  544.535437
Iteration: 40 bestvalit: 0.001379 bestmemit:    3.707530  -21.559006    1.000000    0.000000  541.326366
Iteration: 41 bestvalit: 0.001372 bestmemit:    2.810144  -16.728202    1.000000    0.000000  559.407639
Iteration: 42 bestvalit: 0.001372 bestmemit:    2.810144  -16.728202    1.000000    0.000000  559.407639
Iteration: 43 bestvalit: 0.001370 bestmemit:    2.240154  -10.238285    1.000000    0.000000  580.232819
Iteration: 44 bestvalit: 0.001370 bestmemit:    2.240154  -10.238285    1.000000    0.000000  580.232819
Iteration: 45 bestvalit: 0.001370 bestmemit:    2.240154  -10.238285    1.000000    0.000000  580.232819
Iteration: 46 bestvalit: 0.001370 bestmemit:    2.240154  -10.238285    1.000000    0.000000  580.232819
Iteration: 47 bestvalit: 0.001370 bestmemit:    2.240154  -10.238285    1.000000    0.000000  580.232819
Iteration: 48 bestvalit: 0.001370 bestmemit:    2.240154  -10.238285    1.000000    0.000000  580.232819
Iteration: 49 bestvalit: 0.001370 bestmemit:    2.240154  -10.238285    1.000000    0.000000  580.232819
Iteration: 50 bestvalit: 0.001370 bestmemit:    2.240154  -10.238285    1.000000    0.000000  580.232819
Iteration: 51 bestvalit: 0.001370 bestmemit:    2.240154  -10.238285    1.000000    0.000000  580.232819
Iteration: 52 bestvalit: 0.001370 bestmemit:    2.240154  -10.238285    1.000000    0.000000  580.232819
Iteration: 53 bestvalit: 0.001360 bestmemit:    3.344661  -22.815066    1.000000    0.000000  566.189554
Iteration: 54 bestvalit: 0.001360 bestmemit:    3.344661  -22.815066    1.000000    0.000000  566.189554
Iteration: 55 bestvalit: 0.001360 bestmemit:    3.344661  -22.815066    1.000000    0.000000  566.189554
Iteration: 56 bestvalit: 0.001360 bestmemit:    3.344661  -22.815066    1.000000    0.000000  566.189554
Iteration: 57 bestvalit: 0.001360 bestmemit:    3.344661  -22.815066    1.000000    0.000000  566.189554
Iteration: 58 bestvalit: 0.001360 bestmemit:    3.344661  -22.815066    1.000000    0.000000  566.189554
Iteration: 59 bestvalit: 0.001360 bestmemit:    3.344661  -22.815066    1.000000    0.000000  566.189554
Iteration: 60 bestvalit: 0.001360 bestmemit:    3.344661  -22.815066    1.000000    0.000000  566.189554
Iteration: 61 bestvalit: 0.001360 bestmemit:    3.344661  -22.815066    1.000000    0.000000  566.189554
Iteration: 62 bestvalit: 0.001347 bestmemit:    3.999485  -32.142044    1.000000    0.000000  558.535358
Iteration: 63 bestvalit: 0.001347 bestmemit:    3.999485  -32.142044    1.000000    0.000000  558.535358
Iteration: 64 bestvalit: 0.001347 bestmemit:    3.999485  -32.142044    1.000000    0.000000  558.535358
Iteration: 65 bestvalit: 0.001347 bestmemit:    3.999485  -32.142044    1.000000    0.000000  558.535358
Iteration: 66 bestvalit: 0.001347 bestmemit:    3.999485  -32.142044    1.000000    0.000000  558.535358
Iteration: 67 bestvalit: 0.001347 bestmemit:    3.999485  -32.142044    1.000000    0.000000  558.535358
Iteration: 68 bestvalit: 0.001347 bestmemit:    3.999485  -32.142044    1.000000    0.000000  558.535358
Iteration: 69 bestvalit: 0.001347 bestmemit:    3.999485  -32.142044    1.000000    0.000000  558.535358
Iteration: 70 bestvalit: 0.001347 bestmemit:    3.999485  -32.142044    1.000000    0.000000  558.535358
Iteration: 71 bestvalit: 0.001347 bestmemit:    3.999485  -32.142044    1.000000    0.000000  558.535358
Iteration: 72 bestvalit: 0.001347 bestmemit:    3.999485  -32.142044    1.000000    0.000000  558.535358
Iteration: 73 bestvalit: 0.001347 bestmemit:    3.999485  -32.142044    1.000000    0.000000  558.535358
Iteration: 74 bestvalit: 0.001347 bestmemit:    3.999485  -32.142044    1.000000    0.000000  558.535358
Iteration: 75 bestvalit: 0.001347 bestmemit:    3.999485  -32.142044    1.000000    0.000000  558.535358
Iteration: 76 bestvalit: 0.001347 bestmemit:    3.999485  -32.142044    1.000000    0.000000  558.535358
Iteration: 77 bestvalit: 0.001347 bestmemit:    3.999485  -32.142044    1.000000    0.000000  558.535358
Iteration: 78 bestvalit: 0.001347 bestmemit:    3.999485  -32.142044    1.000000    0.000000  558.535358
Iteration: 79 bestvalit: 0.001347 bestmemit:    3.999485  -32.142044    1.000000    0.000000  558.535358
Iteration: 80 bestvalit: 0.001347 bestmemit:    3.999485  -32.142044    1.000000    0.000000  558.535358
Iteration: 81 bestvalit: 0.001347 bestmemit:    3.999485  -32.142044    1.000000    0.000000  558.535358
Iteration: 82 bestvalit: 0.001347 bestmemit:    3.999485  -32.142044    1.000000    0.000000  558.535358
Iteration: 83 bestvalit: 0.001347 bestmemit:    3.999485  -32.142044    1.000000    0.000000  558.535358
Iteration: 84 bestvalit: 0.001347 bestmemit:    3.999485  -32.142044    1.000000    0.000000  558.535358
Iteration: 85 bestvalit: 0.001347 bestmemit:    3.999485  -32.142044    1.000000    0.000000  558.535358
Iteration: 86 bestvalit: 0.001347 bestmemit:    3.999485  -32.142044    1.000000    0.000000  558.535358
Iteration: 87 bestvalit: 0.001347 bestmemit:    3.999485  -32.142044    1.000000    0.000000  558.535358
Iteration: 88 bestvalit: 0.001347 bestmemit:    3.999485  -32.142044    1.000000    0.000000  558.535358
Iteration: 89 bestvalit: 0.001347 bestmemit:    3.999485  -32.142044    1.000000    0.000000  558.535358
Iteration: 90 bestvalit: 0.001347 bestmemit:    3.999485  -32.142044    1.000000    0.000000  558.535358
Iteration: 91 bestvalit: 0.001347 bestmemit:    3.999485  -32.142044    1.000000    0.000000  558.535358
Iteration: 92 bestvalit: 0.001347 bestmemit:    3.999485  -32.142044    1.000000    0.000000  558.535358
Iteration: 93 bestvalit: 0.001347 bestmemit:    3.999485  -32.142044    1.000000    0.000000  558.535358
Iteration: 94 bestvalit: 0.001346 bestmemit:    3.590322  -24.733720    1.000000    0.000000  556.018005
Iteration: 95 bestvalit: 0.001346 bestmemit:    3.590322  -24.733720    1.000000    0.000000  556.018005
Iteration: 96 bestvalit: 0.001346 bestmemit:    3.590322  -24.733720    1.000000    0.000000  556.018005
Iteration: 97 bestvalit: 0.001346 bestmemit:    3.590322  -24.733720    1.000000    0.000000  556.018005
Iteration: 98 bestvalit: 0.001346 bestmemit:    3.590322  -24.733720    1.000000    0.000000  556.018005
Iteration: 99 bestvalit: 0.001346 bestmemit:    3.590322  -24.733720    1.000000    0.000000  556.018005
Iteration: 100 bestvalit: 0.001346 bestmemit:    3.590322  -24.733720    1.000000    0.000000  556.018005
Iteration: 101 bestvalit: 0.001346 bestmemit:    3.590322  -24.733720    1.000000    0.000000  556.018005
Iteration: 102 bestvalit: 0.001346 bestmemit:    3.590322  -24.733720    1.000000    0.000000  556.018005
Iteration: 103 bestvalit: 0.001346 bestmemit:    3.590322  -24.733720    1.000000    0.000000  556.018005
Iteration: 104 bestvalit: 0.001346 bestmemit:    3.590322  -24.733720    1.000000    0.000000  556.018005
Iteration: 105 bestvalit: 0.001346 bestmemit:    3.590322  -24.733720    1.000000    0.000000  556.018005
Iteration: 106 bestvalit: 0.001346 bestmemit:    3.590322  -24.733720    1.000000    0.000000  556.018005
Iteration: 107 bestvalit: 0.001346 bestmemit:    3.590322  -24.733720    1.000000    0.000000  556.018005
Iteration: 108 bestvalit: 0.001346 bestmemit:    3.590322  -24.733720    1.000000    0.000000  556.018005
Iteration: 109 bestvalit: 0.001346 bestmemit:    3.590322  -24.733720    1.000000    0.000000  556.018005
Iteration: 110 bestvalit: 0.001346 bestmemit:    3.590322  -24.733720    1.000000    0.000000  556.018005
Iteration: 111 bestvalit: 0.001346 bestmemit:    3.590322  -24.733720    1.000000    0.000000  556.018005
Iteration: 112 bestvalit: 0.001346 bestmemit:    3.590322  -24.733720    1.000000    0.000000  556.018005
Iteration: 113 bestvalit: 0.001346 bestmemit:    3.590322  -24.733720    1.000000    0.000000  556.018005
Iteration: 114 bestvalit: 0.001346 bestmemit:    3.590322  -24.733720    1.000000    0.000000  556.018005
Iteration: 115 bestvalit: 0.001346 bestmemit:    3.590322  -24.733720    1.000000    0.000000  556.018005
Iteration: 116 bestvalit: 0.001346 bestmemit:    3.590322  -24.733720    1.000000    0.000000  556.018005
Iteration: 117 bestvalit: 0.001346 bestmemit:    3.590322  -24.733720    1.000000    0.000000  556.018005
Iteration: 118 bestvalit: 0.001346 bestmemit:    3.590322  -24.733720    1.000000    0.000000  556.018005
Iteration: 119 bestvalit: 0.001346 bestmemit:    3.590322  -24.733720    1.000000    0.000000  556.018005
Iteration: 120 bestvalit: 0.001346 bestmemit:    3.590322  -24.733720    1.000000    0.000000  556.018005
Iteration: 121 bestvalit: 0.001346 bestmemit:    3.590322  -24.733720    1.000000    0.000000  556.018005
Iteration: 122 bestvalit: 0.001334 bestmemit:    3.136895  -17.452326    1.000000    0.000000  554.378687
Iteration: 123 bestvalit: 0.001334 bestmemit:    3.136895  -17.452326    1.000000    0.000000  554.378687
Iteration: 124 bestvalit: 0.001334 bestmemit:    3.136895  -17.452326    1.000000    0.000000  554.378687
Iteration: 125 bestvalit: 0.001331 bestmemit:    4.387270   -9.525695    1.000000    0.000000  552.701751
Iteration: 126 bestvalit: 0.001331 bestmemit:    4.387270   -9.525695    1.000000    0.000000  552.701751
Iteration: 127 bestvalit: 0.001331 bestmemit:    4.387270   -9.525695    1.000000    0.000000  552.701751
Iteration: 128 bestvalit: 0.001331 bestmemit:    4.387270   -9.525695    1.000000    0.000000  552.701751
Iteration: 129 bestvalit: 0.001331 bestmemit:    4.387270   -9.525695    1.000000    0.000000  552.701751
Iteration: 130 bestvalit: 0.001331 bestmemit:    4.387270   -9.525695    1.000000    0.000000  552.701751
Iteration: 131 bestvalit: 0.001331 bestmemit:    4.387270   -9.525695    1.000000    0.000000  552.701751
Iteration: 132 bestvalit: 0.001331 bestmemit:    4.387270   -9.525695    1.000000    0.000000  552.701751
Iteration: 133 bestvalit: 0.001331 bestmemit:    4.387270   -9.525695    1.000000    0.000000  552.701751
Iteration: 134 bestvalit: 0.001331 bestmemit:    4.387270   -9.525695    1.000000    0.000000  552.701751
Iteration: 135 bestvalit: 0.001331 bestmemit:    4.387270   -9.525695    1.000000    0.000000  552.701751
Iteration: 136 bestvalit: 0.001331 bestmemit:    4.387270   -9.525695    1.000000    0.000000  552.701751
Iteration: 137 bestvalit: 0.001331 bestmemit:    4.387270   -9.525695    1.000000    0.000000  552.701751
Iteration: 138 bestvalit: 0.001331 bestmemit:    4.387270   -9.525695    1.000000    0.000000  552.701751
Iteration: 139 bestvalit: 0.001331 bestmemit:    4.387270   -9.525695    1.000000    0.000000  552.701751
Iteration: 140 bestvalit: 0.001331 bestmemit:    4.387270   -9.525695    1.000000    0.000000  552.701751
Iteration: 141 bestvalit: 0.001331 bestmemit:    4.387270   -9.525695    1.000000    0.000000  552.701751
Iteration: 142 bestvalit: 0.001331 bestmemit:    4.387270   -9.525695    1.000000    0.000000  552.701751
Iteration: 143 bestvalit: 0.001331 bestmemit:    4.387270   -9.525695    1.000000    0.000000  552.701751
Iteration: 144 bestvalit: 0.001331 bestmemit:    4.387270   -9.525695    1.000000    0.000000  552.701751
Iteration: 145 bestvalit: 0.001331 bestmemit:    4.387270   -9.525695    1.000000    0.000000  552.701751
Iteration: 146 bestvalit: 0.001331 bestmemit:    4.387270   -9.525695    1.000000    0.000000  552.701751
Iteration: 147 bestvalit: 0.001331 bestmemit:    4.387270   -9.525695    1.000000    0.000000  552.701751
Iteration: 148 bestvalit: 0.001331 bestmemit:    4.387270   -9.525695    1.000000    0.000000  552.701751
Iteration: 149 bestvalit: 0.001331 bestmemit:    4.387270   -9.525695    1.000000    0.000000  552.701751
Iteration: 150 bestvalit: 0.001331 bestmemit:    4.387270   -9.525695    1.000000    0.000000  552.701751
Iteration: 151 bestvalit: 0.001331 bestmemit:    4.387270   -9.525695    1.000000    0.000000  552.701751
Iteration: 152 bestvalit: 0.001331 bestmemit:    4.387270   -9.525695    1.000000    0.000000  552.701751
Iteration: 153 bestvalit: 0.001331 bestmemit:    4.387270   -9.525695    1.000000    0.000000  552.701751
Iteration: 154 bestvalit: 0.001331 bestmemit:    4.387270   -9.525695    1.000000    0.000000  552.701751
Iteration: 155 bestvalit: 0.001331 bestmemit:    4.387270   -9.525695    1.000000    0.000000  552.701751
Iteration: 156 bestvalit: 0.001331 bestmemit:    4.387270   -9.525695    1.000000    0.000000  552.701751
Iteration: 157 bestvalit: 0.001331 bestmemit:    4.387270   -9.525695    1.000000    0.000000  552.701751
Iteration: 158 bestvalit: 0.001331 bestmemit:    4.387270   -9.525695    1.000000    0.000000  552.701751
Iteration: 159 bestvalit: 0.001331 bestmemit:    4.387270   -9.525695    1.000000    0.000000  552.701751
Iteration: 160 bestvalit: 0.001331 bestmemit:    4.387270   -9.525695    1.000000    0.000000  552.701751
Iteration: 161 bestvalit: 0.001331 bestmemit:    4.387270   -9.525695    1.000000    0.000000  552.701751
Iteration: 162 bestvalit: 0.001331 bestmemit:    4.387270   -9.525695    1.000000    0.000000  552.701751
Iteration: 163 bestvalit: 0.001331 bestmemit:    4.387270   -9.525695    1.000000    0.000000  552.701751
Iteration: 164 bestvalit: 0.001331 bestmemit:    4.387270   -9.525695    1.000000    0.000000  552.701751
Iteration: 165 bestvalit: 0.001331 bestmemit:    4.387270   -9.525695    1.000000    0.000000  552.701751
Iteration: 166 bestvalit: 0.001331 bestmemit:    4.387270   -9.525695    1.000000    0.000000  552.701751
Iteration: 167 bestvalit: 0.001331 bestmemit:    4.387270   -9.525695    1.000000    0.000000  552.701751
Iteration: 168 bestvalit: 0.001331 bestmemit:    4.387270   -9.525695    1.000000    0.000000  552.701751
Iteration: 169 bestvalit: 0.001331 bestmemit:    4.387270   -9.525695    1.000000    0.000000  552.701751
Iteration: 170 bestvalit: 0.001331 bestmemit:    4.387270   -9.525695    1.000000    0.000000  552.701751
Iteration: 171 bestvalit: 0.001331 bestmemit:    4.387270   -9.525695    1.000000    0.000000  552.701751
Iteration: 172 bestvalit: 0.001331 bestmemit:    4.387270   -9.525695    1.000000    0.000000  552.701751
Iteration: 173 bestvalit: 0.001331 bestmemit:    4.387270   -9.525695    1.000000    0.000000  552.701751
Iteration: 174 bestvalit: 0.001331 bestmemit:    4.387270   -9.525695    1.000000    0.000000  552.701751
Iteration: 175 bestvalit: 0.001331 bestmemit:    4.387270   -9.525695    1.000000    0.000000  552.701751
Iteration: 176 bestvalit: 0.001331 bestmemit:    4.387270   -9.525695    1.000000    0.000000  552.701751
Iteration: 177 bestvalit: 0.001331 bestmemit:    4.387270   -9.525695    1.000000    0.000000  552.701751
Iteration: 178 bestvalit: 0.001331 bestmemit:    4.387270   -9.525695    1.000000    0.000000  552.701751
Iteration: 179 bestvalit: 0.001331 bestmemit:    4.387270   -9.525695    1.000000    0.000000  552.701751
Iteration: 180 bestvalit: 0.001331 bestmemit:    4.387270   -9.525695    1.000000    0.000000  552.701751
Iteration: 181 bestvalit: 0.001331 bestmemit:    4.387270   -9.525695    1.000000    0.000000  552.701751
Iteration: 182 bestvalit: 0.001331 bestmemit:    4.387270   -9.525695    1.000000    0.000000  552.701751
Iteration: 183 bestvalit: 0.001331 bestmemit:    4.387270   -9.525695    1.000000    0.000000  552.701751
Iteration: 184 bestvalit: 0.001331 bestmemit:    4.387270   -9.525695    1.000000    0.000000  552.701751
Iteration: 185 bestvalit: 0.001331 bestmemit:    4.387270   -9.525695    1.000000    0.000000  552.701751
Iteration: 186 bestvalit: 0.001331 bestmemit:    4.387270   -9.525695    1.000000    0.000000  552.701751
Iteration: 187 bestvalit: 0.001331 bestmemit:    4.387270   -9.525695    1.000000    0.000000  552.701751
Iteration: 188 bestvalit: 0.001331 bestmemit:    4.387270   -9.525695    1.000000    0.000000  552.701751
Iteration: 189 bestvalit: 0.001331 bestmemit:    4.387270   -9.525695    1.000000    0.000000  552.701751
Iteration: 190 bestvalit: 0.001331 bestmemit:    4.387270   -9.525695    1.000000    0.000000  552.701751
Iteration: 191 bestvalit: 0.001331 bestmemit:    4.387270   -9.525695    1.000000    0.000000  552.701751
Iteration: 192 bestvalit: 0.001331 bestmemit:    4.387270   -9.525695    1.000000    0.000000  552.701751
Iteration: 193 bestvalit: 0.001331 bestmemit:    4.387270   -9.525695    1.000000    0.000000  552.701751
Iteration: 194 bestvalit: 0.001331 bestmemit:    4.387270   -9.525695    1.000000    0.000000  552.701751
Iteration: 195 bestvalit: 0.001331 bestmemit:    4.387270   -9.525695    1.000000    0.000000  552.701751
Iteration: 196 bestvalit: 0.001331 bestmemit:    4.387270   -9.525695    1.000000    0.000000  552.701751
Iteration: 197 bestvalit: 0.001331 bestmemit:    4.387270   -9.525695    1.000000    0.000000  552.701751
Iteration: 198 bestvalit: 0.001331 bestmemit:    4.387270   -9.525695    1.000000    0.000000  552.701751
Iteration: 199 bestvalit: 0.001331 bestmemit:    4.387270   -9.525695    1.000000    0.000000  552.701751
Iteration: 200 bestvalit: 0.001331 bestmemit:    4.387270   -9.525695    1.000000    0.000000  552.701751
Iteration: 201 bestvalit: 0.001331 bestmemit:    4.387270   -9.525695    1.000000    0.000000  552.701751
Iteration: 202 bestvalit: 0.001331 bestmemit:    4.387270   -9.525695    1.000000    0.000000  552.701751
Iteration: 203 bestvalit: 0.001331 bestmemit:    4.387270   -9.525695    1.000000    0.000000  552.701751
Iteration: 204 bestvalit: 0.001331 bestmemit:    4.387270   -9.525695    1.000000    0.000000  552.701751
Iteration: 205 bestvalit: 0.001331 bestmemit:    4.387270   -9.525695    1.000000    0.000000  552.701751
Iteration: 206 bestvalit: 0.001331 bestmemit:    4.387270   -9.525695    1.000000    0.000000  552.701751
Iteration: 207 bestvalit: 0.001331 bestmemit:    4.387270   -9.525695    1.000000    0.000000  552.701751
Iteration: 208 bestvalit: 0.001331 bestmemit:    4.387270   -9.525695    1.000000    0.000000  552.701751
Iteration: 209 bestvalit: 0.001331 bestmemit:    4.387270   -9.525695    1.000000    0.000000  552.701751
Iteration: 210 bestvalit: 0.001331 bestmemit:    4.387270   -9.525695    1.000000    0.000000  552.701751
Iteration: 211 bestvalit: 0.001331 bestmemit:    4.387270   -9.525695    1.000000    0.000000  552.701751
Iteration: 212 bestvalit: 0.001331 bestmemit:    4.387270   -9.525695    1.000000    0.000000  552.701751
Iteration: 213 bestvalit: 0.001331 bestmemit:    4.387270   -9.525695    1.000000    0.000000  552.701751
Iteration: 214 bestvalit: 0.001331 bestmemit:    4.387270   -9.525695    1.000000    0.000000  552.701751
Iteration: 215 bestvalit: 0.001331 bestmemit:    4.387270   -9.525695    1.000000    0.000000  552.701751
Iteration: 216 bestvalit: 0.001331 bestmemit:    4.387270   -9.525695    1.000000    0.000000  552.701751
Iteration: 217 bestvalit: 0.001331 bestmemit:    4.387270   -9.525695    1.000000    0.000000  552.701751
Iteration: 218 bestvalit: 0.001331 bestmemit:    4.387270   -9.525695    1.000000    0.000000  552.701751
Iteration: 219 bestvalit: 0.001331 bestmemit:    4.387270   -9.525695    1.000000    0.000000  552.701751
Iteration: 220 bestvalit: 0.001331 bestmemit:    4.387270   -9.525695    1.000000    0.000000  552.701751
Iteration: 221 bestvalit: 0.001331 bestmemit:    4.387270   -9.525695    1.000000    0.000000  552.701751
Iteration: 222 bestvalit: 0.001331 bestmemit:    4.387270   -9.525695    1.000000    0.000000  552.701751
Iteration: 223 bestvalit: 0.001331 bestmemit:    4.387270   -9.525695    1.000000    0.000000  552.701751
Iteration: 224 bestvalit: 0.001331 bestmemit:    4.387270   -9.525695    1.000000    0.000000  552.701751
Iteration: 225 bestvalit: 0.001331 bestmemit:    4.387270   -9.525695    1.000000    0.000000  552.701751
Iteration: 226 bestvalit: 0.001331 bestmemit:    4.387270   -9.525695    1.000000    0.000000  552.701751

***** summary of DEoptim object ***** 
best member   :  4.38727 -9.5257 1 0 552.7017 
best value    :  0.00133 
after         :  226 generations 
fn evaluated  :  454 times 
*************************************
