SLURM_JOB_ID: 55336566
SLURM_JOB_USER: vsc34066
SLURM_JOB_ACCOUNT: lp_desenderlab
SLURM_JOB_NAME: fit_alternating_fb_beta_learn.slurm
SLURM_CLUSTER_NAME: genius
SLURM_JOB_PARTITION: batch
SLURM_ARRAY_JOB_ID: 55336494
SLURM_ARRAY_TASK_ID: 72
SLURM_NNODES: 1
SLURM_NODELIST: r23i13n16
SLURM_JOB_CPUS_PER_NODE: 8
Date: Tue Nov  7 16:43:56 CET 2023
Walltime: 00-23:00:00
========================================================================
Iteration: 1 bestvalit: 0.002467 bestmemit:    9.817164   37.711926    1.000000    0.000000  592.427126
Iteration: 2 bestvalit: 0.002467 bestmemit:    9.817164   37.711926    1.000000    0.000000  592.427126
Iteration: 3 bestvalit: 0.002467 bestmemit:    9.817164   37.711926    1.000000    0.000000  592.427126
Iteration: 4 bestvalit: 0.002467 bestmemit:    9.817164   37.711926    1.000000    0.000000  592.427126
Iteration: 5 bestvalit: 0.002249 bestmemit:    7.212629   46.916680    1.000000    0.000000  648.927176
Iteration: 6 bestvalit: 0.002249 bestmemit:    7.212629   46.916680    1.000000    0.000000  648.927176
Iteration: 7 bestvalit: 0.002237 bestmemit:    7.212629  -18.388350    1.000000    0.000000  648.927176
Iteration: 8 bestvalit: 0.002231 bestmemit:    7.212629  -18.388350    1.000000    0.000000  595.805394
Iteration: 9 bestvalit: 0.002231 bestmemit:    7.212629  -18.388350    1.000000    0.000000  595.805394
Iteration: 10 bestvalit: 0.001474 bestmemit:    1.753211   81.573167    1.000000    0.000000  574.971247
Iteration: 11 bestvalit: 0.001474 bestmemit:    1.753211   81.573167    1.000000    0.000000  574.971247
Iteration: 12 bestvalit: 0.001474 bestmemit:    1.753211   81.573167    1.000000    0.000000  574.971247
Iteration: 13 bestvalit: 0.001474 bestmemit:    1.753211   81.573167    1.000000    0.000000  574.971247
Iteration: 14 bestvalit: 0.001463 bestmemit:    1.753211   69.123329    1.000000    0.000000  574.971247
Iteration: 15 bestvalit: 0.001463 bestmemit:    1.753211   69.123329    1.000000    0.000000  574.971247
Iteration: 16 bestvalit: 0.001463 bestmemit:    1.753211   69.123329    1.000000    0.000000  574.971247
Iteration: 17 bestvalit: 0.001463 bestmemit:    1.753211   69.123329    1.000000    0.000000  574.971247
Iteration: 18 bestvalit: 0.001445 bestmemit:    0.146062   12.628602    1.000000    0.000000  574.587633
Iteration: 19 bestvalit: 0.001445 bestmemit:    0.146062   12.628602    1.000000    0.000000  574.587633
Iteration: 20 bestvalit: 0.001399 bestmemit:    1.753211   39.769346    1.000000    0.000000  574.971247
Iteration: 21 bestvalit: 0.001399 bestmemit:    1.753211   39.769346    1.000000    0.000000  574.971247
Iteration: 22 bestvalit: 0.001399 bestmemit:    1.753211   39.769346    1.000000    0.000000  574.971247
Iteration: 23 bestvalit: 0.001399 bestmemit:    1.753211   39.769346    1.000000    0.000000  574.971247
Iteration: 24 bestvalit: 0.001399 bestmemit:    1.753211   39.769346    1.000000    0.000000  574.971247
Iteration: 25 bestvalit: 0.001391 bestmemit:    2.631745   15.524331    1.000000    0.000000  582.955038
Iteration: 26 bestvalit: 0.001391 bestmemit:    2.631745   15.524331    1.000000    0.000000  582.955038
Iteration: 27 bestvalit: 0.001391 bestmemit:    2.631745   15.524331    1.000000    0.000000  582.955038
Iteration: 28 bestvalit: 0.001391 bestmemit:    2.631745   15.524331    1.000000    0.000000  582.955038
Iteration: 29 bestvalit: 0.001391 bestmemit:    2.631745   15.524331    1.000000    0.000000  582.955038
Iteration: 30 bestvalit: 0.001391 bestmemit:    2.631745   15.524331    1.000000    0.000000  582.955038
Iteration: 31 bestvalit: 0.001363 bestmemit:    2.068042  -24.660378    1.000000    0.000000  579.554784
Iteration: 32 bestvalit: 0.001363 bestmemit:    2.068042  -24.660378    1.000000    0.000000  579.554784
Iteration: 33 bestvalit: 0.001363 bestmemit:    2.068042  -24.660378    1.000000    0.000000  579.554784
Iteration: 34 bestvalit: 0.001363 bestmemit:    2.068042  -24.660378    1.000000    0.000000  579.554784
Iteration: 35 bestvalit: 0.001363 bestmemit:    2.068042  -24.660378    1.000000    0.000000  579.554784
Iteration: 36 bestvalit: 0.001363 bestmemit:    2.068042  -24.660378    1.000000    0.000000  579.554784
Iteration: 37 bestvalit: 0.001363 bestmemit:    2.068042  -24.660378    1.000000    0.000000  579.554784
Iteration: 38 bestvalit: 0.001363 bestmemit:    2.068042  -24.660378    1.000000    0.000000  579.554784
Iteration: 39 bestvalit: 0.001363 bestmemit:    2.068042  -24.660378    1.000000    0.000000  579.554784
Iteration: 40 bestvalit: 0.001363 bestmemit:    2.068042  -24.660378    1.000000    0.000000  579.554784
Iteration: 41 bestvalit: 0.001363 bestmemit:    2.068042  -24.660378    1.000000    0.000000  579.554784
Iteration: 42 bestvalit: 0.001353 bestmemit:    2.326823  -12.167060    1.000000    0.000000  577.990046
Iteration: 43 bestvalit: 0.001353 bestmemit:    2.326823  -12.167060    1.000000    0.000000  577.990046
Iteration: 44 bestvalit: 0.001353 bestmemit:    2.326823  -12.167060    1.000000    0.000000  577.990046
Iteration: 45 bestvalit: 0.001353 bestmemit:    2.326823  -12.167060    1.000000    0.000000  577.990046
Iteration: 46 bestvalit: 0.001353 bestmemit:    2.326823  -12.167060    1.000000    0.000000  577.990046
Iteration: 47 bestvalit: 0.001353 bestmemit:    2.326823  -12.167060    1.000000    0.000000  577.990046
Iteration: 48 bestvalit: 0.001353 bestmemit:    2.326823  -12.167060    1.000000    0.000000  577.990046
Iteration: 49 bestvalit: 0.001353 bestmemit:    2.326823  -12.167060    1.000000    0.000000  577.990046
Iteration: 50 bestvalit: 0.001353 bestmemit:    2.326823  -12.167060    1.000000    0.000000  577.990046
Iteration: 51 bestvalit: 0.001353 bestmemit:    2.326823  -12.167060    1.000000    0.000000  577.990046
Iteration: 52 bestvalit: 0.001353 bestmemit:    2.326823  -12.167060    1.000000    0.000000  577.990046
Iteration: 53 bestvalit: 0.001353 bestmemit:    2.326823  -12.167060    1.000000    0.000000  577.990046
Iteration: 54 bestvalit: 0.001353 bestmemit:    2.326823  -12.167060    1.000000    0.000000  577.990046
Iteration: 55 bestvalit: 0.001353 bestmemit:    2.326823  -12.167060    1.000000    0.000000  577.990046
Iteration: 56 bestvalit: 0.001353 bestmemit:    2.326823  -12.167060    1.000000    0.000000  577.990046
Iteration: 57 bestvalit: 0.001353 bestmemit:    2.326823  -12.167060    1.000000    0.000000  577.990046
Iteration: 58 bestvalit: 0.001353 bestmemit:    2.326823  -12.167060    1.000000    0.000000  577.990046
Iteration: 59 bestvalit: 0.001353 bestmemit:    2.326823  -12.167060    1.000000    0.000000  577.990046
Iteration: 60 bestvalit: 0.001353 bestmemit:    2.326823  -12.167060    1.000000    0.000000  577.990046
Iteration: 61 bestvalit: 0.001353 bestmemit:    2.326823  -12.167060    1.000000    0.000000  577.990046
Iteration: 62 bestvalit: 0.001353 bestmemit:    2.326823  -12.167060    1.000000    0.000000  577.990046
Iteration: 63 bestvalit: 0.001353 bestmemit:    2.326823  -12.167060    1.000000    0.000000  577.990046
Iteration: 64 bestvalit: 0.001353 bestmemit:    2.326823  -12.167060    1.000000    0.000000  577.990046
Iteration: 65 bestvalit: 0.001353 bestmemit:    2.326823  -12.167060    1.000000    0.000000  577.990046
Iteration: 66 bestvalit: 0.001353 bestmemit:    2.326823  -12.167060    1.000000    0.000000  577.990046
Iteration: 67 bestvalit: 0.001353 bestmemit:    2.326823  -12.167060    1.000000    0.000000  577.990046
Iteration: 68 bestvalit: 0.001353 bestmemit:    2.326823  -12.167060    1.000000    0.000000  577.990046
Iteration: 69 bestvalit: 0.001353 bestmemit:    2.326823  -12.167060    1.000000    0.000000  577.990046
Iteration: 70 bestvalit: 0.001353 bestmemit:    2.326823  -12.167060    1.000000    0.000000  577.990046
Iteration: 71 bestvalit: 0.001353 bestmemit:    2.326823  -12.167060    1.000000    0.000000  577.990046
Iteration: 72 bestvalit: 0.001353 bestmemit:    2.326823  -12.167060    1.000000    0.000000  577.990046
Iteration: 73 bestvalit: 0.001353 bestmemit:    2.326823  -12.167060    1.000000    0.000000  577.990046
Iteration: 74 bestvalit: 0.001353 bestmemit:    2.326823  -12.167060    1.000000    0.000000  577.990046
Iteration: 75 bestvalit: 0.001353 bestmemit:    2.326823  -12.167060    1.000000    0.000000  577.990046
Iteration: 76 bestvalit: 0.001353 bestmemit:    2.326823  -12.167060    1.000000    0.000000  577.990046
Iteration: 77 bestvalit: 0.001353 bestmemit:    2.326823  -12.167060    1.000000    0.000000  577.990046
Iteration: 78 bestvalit: 0.001353 bestmemit:    2.326823  -12.167060    1.000000    0.000000  577.990046
Iteration: 79 bestvalit: 0.001353 bestmemit:    2.326823  -12.167060    1.000000    0.000000  577.990046
Iteration: 80 bestvalit: 0.001353 bestmemit:    2.326823  -12.167060    1.000000    0.000000  577.990046
Iteration: 81 bestvalit: 0.001353 bestmemit:    2.326823  -12.167060    1.000000    0.000000  577.990046
Iteration: 82 bestvalit: 0.001353 bestmemit:    2.326823  -12.167060    1.000000    0.000000  577.990046
Iteration: 83 bestvalit: 0.001353 bestmemit:    2.326823  -12.167060    1.000000    0.000000  577.990046
Iteration: 84 bestvalit: 0.001353 bestmemit:    2.326823  -12.167060    1.000000    0.000000  577.990046
Iteration: 85 bestvalit: 0.001353 bestmemit:    2.326823  -12.167060    1.000000    0.000000  577.990046
Iteration: 86 bestvalit: 0.001353 bestmemit:    2.326823  -12.167060    1.000000    0.000000  577.990046
Iteration: 87 bestvalit: 0.001353 bestmemit:    2.326823  -12.167060    1.000000    0.000000  577.990046
Iteration: 88 bestvalit: 0.001353 bestmemit:    2.326823  -12.167060    1.000000    0.000000  577.990046
Iteration: 89 bestvalit: 0.001353 bestmemit:    2.326823  -12.167060    1.000000    0.000000  577.990046
Iteration: 90 bestvalit: 0.001353 bestmemit:    2.326823  -12.167060    1.000000    0.000000  577.990046
Iteration: 91 bestvalit: 0.001353 bestmemit:    2.326823  -12.167060    1.000000    0.000000  577.990046
Iteration: 92 bestvalit: 0.001353 bestmemit:    2.326823  -12.167060    1.000000    0.000000  577.990046
Iteration: 93 bestvalit: 0.001353 bestmemit:    2.326823  -12.167060    1.000000    0.000000  577.990046
Iteration: 94 bestvalit: 0.001353 bestmemit:    2.326823  -12.167060    1.000000    0.000000  577.990046
Iteration: 95 bestvalit: 0.001353 bestmemit:    2.326823  -12.167060    1.000000    0.000000  577.990046
Iteration: 96 bestvalit: 0.001353 bestmemit:    2.326823  -12.167060    1.000000    0.000000  577.990046
Iteration: 97 bestvalit: 0.001353 bestmemit:    2.326823  -12.167060    1.000000    0.000000  577.990046
Iteration: 98 bestvalit: 0.001353 bestmemit:    2.326823  -12.167060    1.000000    0.000000  577.990046
Iteration: 99 bestvalit: 0.001353 bestmemit:    2.326823  -12.167060    1.000000    0.000000  577.990046
Iteration: 100 bestvalit: 0.001353 bestmemit:    2.326823  -12.167060    1.000000    0.000000  577.990046
Iteration: 101 bestvalit: 0.001353 bestmemit:    2.326823  -12.167060    1.000000    0.000000  577.990046
Iteration: 102 bestvalit: 0.001353 bestmemit:    2.326823  -12.167060    1.000000    0.000000  577.990046
Iteration: 103 bestvalit: 0.001353 bestmemit:    2.326823  -12.167060    1.000000    0.000000  577.990046
Iteration: 104 bestvalit: 0.001353 bestmemit:    2.326823  -12.167060    1.000000    0.000000  577.990046
Iteration: 105 bestvalit: 0.001353 bestmemit:    2.326823  -12.167060    1.000000    0.000000  577.990046
Iteration: 106 bestvalit: 0.001353 bestmemit:    2.326823  -12.167060    1.000000    0.000000  577.990046
Iteration: 107 bestvalit: 0.001353 bestmemit:    2.326823  -12.167060    1.000000    0.000000  577.990046
Iteration: 108 bestvalit: 0.001353 bestmemit:    2.326823  -12.167060    1.000000    0.000000  577.990046
Iteration: 109 bestvalit: 0.001353 bestmemit:    2.326823  -12.167060    1.000000    0.000000  577.990046
Iteration: 110 bestvalit: 0.001353 bestmemit:    2.326823  -12.167060    1.000000    0.000000  577.990046
Iteration: 111 bestvalit: 0.001353 bestmemit:    2.326823  -12.167060    1.000000    0.000000  577.990046
Iteration: 112 bestvalit: 0.001353 bestmemit:    2.326823  -12.167060    1.000000    0.000000  577.990046
Iteration: 113 bestvalit: 0.001353 bestmemit:    2.326823  -12.167060    1.000000    0.000000  577.990046
Iteration: 114 bestvalit: 0.001353 bestmemit:    2.326823  -12.167060    1.000000    0.000000  577.990046
Iteration: 115 bestvalit: 0.001353 bestmemit:    2.326823  -12.167060    1.000000    0.000000  577.990046
Iteration: 116 bestvalit: 0.001353 bestmemit:    2.326823  -12.167060    1.000000    0.000000  577.990046
Iteration: 117 bestvalit: 0.001353 bestmemit:    2.326823  -12.167060    1.000000    0.000000  577.990046
Iteration: 118 bestvalit: 0.001353 bestmemit:    2.326823  -12.167060    1.000000    0.000000  577.990046
Iteration: 119 bestvalit: 0.001353 bestmemit:    2.326823  -12.167060    1.000000    0.000000  577.990046
Iteration: 120 bestvalit: 0.001353 bestmemit:    2.326823  -12.167060    1.000000    0.000000  577.990046
Iteration: 121 bestvalit: 0.001353 bestmemit:    2.326823  -12.167060    1.000000    0.000000  577.990046
Iteration: 122 bestvalit: 0.001353 bestmemit:    2.326823  -12.167060    1.000000    0.000000  577.990046
Iteration: 123 bestvalit: 0.001353 bestmemit:    2.326823  -12.167060    1.000000    0.000000  577.990046
Iteration: 124 bestvalit: 0.001353 bestmemit:    2.326823  -12.167060    1.000000    0.000000  577.990046
Iteration: 125 bestvalit: 0.001353 bestmemit:    2.326823  -12.167060    1.000000    0.000000  577.990046
Iteration: 126 bestvalit: 0.001353 bestmemit:    2.326823  -12.167060    1.000000    0.000000  577.990046
Iteration: 127 bestvalit: 0.001353 bestmemit:    2.326823  -12.167060    1.000000    0.000000  577.990046
Iteration: 128 bestvalit: 0.001353 bestmemit:    2.326823  -12.167060    1.000000    0.000000  577.990046
Iteration: 129 bestvalit: 0.001353 bestmemit:    2.326823  -12.167060    1.000000    0.000000  577.990046
Iteration: 130 bestvalit: 0.001353 bestmemit:    2.326823  -12.167060    1.000000    0.000000  577.990046
Iteration: 131 bestvalit: 0.001353 bestmemit:    2.326823  -12.167060    1.000000    0.000000  577.990046
Iteration: 132 bestvalit: 0.001353 bestmemit:    2.326823  -12.167060    1.000000    0.000000  577.990046
Iteration: 133 bestvalit: 0.001353 bestmemit:    2.326823  -12.167060    1.000000    0.000000  577.990046
Iteration: 134 bestvalit: 0.001353 bestmemit:    2.326823  -12.167060    1.000000    0.000000  577.990046
Iteration: 135 bestvalit: 0.001353 bestmemit:    2.326823  -12.167060    1.000000    0.000000  577.990046
Iteration: 136 bestvalit: 0.001353 bestmemit:    2.326823  -12.167060    1.000000    0.000000  577.990046
Iteration: 137 bestvalit: 0.001353 bestmemit:    2.326823  -12.167060    1.000000    0.000000  577.990046
Iteration: 138 bestvalit: 0.001353 bestmemit:    2.326823  -12.167060    1.000000    0.000000  577.990046
Iteration: 139 bestvalit: 0.001353 bestmemit:    2.326823  -12.167060    1.000000    0.000000  577.990046
Iteration: 140 bestvalit: 0.001353 bestmemit:    2.326823  -12.167060    1.000000    0.000000  577.990046
Iteration: 141 bestvalit: 0.001353 bestmemit:    2.326823  -12.167060    1.000000    0.000000  577.990046
Iteration: 142 bestvalit: 0.001353 bestmemit:    2.326823  -12.167060    1.000000    0.000000  577.990046
Iteration: 143 bestvalit: 0.001353 bestmemit:    2.326823  -12.167060    1.000000    0.000000  577.990046

***** summary of DEoptim object ***** 
best member   :  2.32682 -12.16706 1 0 577.99 
best value    :  0.00135 
after         :  143 generations 
fn evaluated  :  288 times 
*************************************
