SLURM_JOB_ID: 55336515
SLURM_JOB_USER: vsc34066
SLURM_JOB_ACCOUNT: lp_desenderlab
SLURM_JOB_NAME: fit_alternating_fb_beta_learn.slurm
SLURM_CLUSTER_NAME: genius
SLURM_JOB_PARTITION: batch
SLURM_ARRAY_JOB_ID: 55336494
SLURM_ARRAY_TASK_ID: 21
SLURM_NNODES: 1
SLURM_NODELIST: r23i27n05
SLURM_JOB_CPUS_PER_NODE: 8
Date: Tue Nov  7 16:44:00 CET 2023
Walltime: 00-23:00:00
========================================================================
Iteration: 1 bestvalit: 0.005595 bestmemit:   17.318939  -88.646272    1.000000    0.000000  856.501607
Iteration: 2 bestvalit: 0.005595 bestmemit:   17.318939  -88.646272    1.000000    0.000000  856.501607
Iteration: 3 bestvalit: 0.005126 bestmemit:    7.459951    5.455191    1.000000    0.000000 1034.852693
Iteration: 4 bestvalit: 0.005126 bestmemit:    7.459951    5.455191    1.000000    0.000000 1034.852693
Iteration: 5 bestvalit: 0.004745 bestmemit:    2.105418  -28.972875    1.000000    0.000000 1031.785766
Iteration: 6 bestvalit: 0.004745 bestmemit:    2.105418  -28.972875    1.000000    0.000000 1031.785766
Iteration: 7 bestvalit: 0.004745 bestmemit:    2.105418  -28.972875    1.000000    0.000000 1031.785766
Iteration: 8 bestvalit: 0.002020 bestmemit:    5.865507   14.000731    1.000000    0.000000  640.449983
Iteration: 9 bestvalit: 0.002020 bestmemit:    5.865507   14.000731    1.000000    0.000000  640.449983
Iteration: 10 bestvalit: 0.001983 bestmemit:    5.865507   14.000731    1.000000    0.000000  640.449983
Iteration: 11 bestvalit: 0.001983 bestmemit:    5.865507   14.000731    1.000000    0.000000  640.449983
Iteration: 12 bestvalit: 0.001972 bestmemit:    5.865507   14.000731    1.000000    0.000000  640.449983
Iteration: 13 bestvalit: 0.001972 bestmemit:    5.865507   14.000731    1.000000    0.000000  640.449983
Iteration: 14 bestvalit: 0.001897 bestmemit:    4.199921   -2.812648    1.000000    0.000000  708.514055
Iteration: 15 bestvalit: 0.001689 bestmemit:    2.752026  -39.988031    1.000000    0.000000  639.436746
Iteration: 16 bestvalit: 0.001681 bestmemit:    2.752026  -39.988031    1.000000    0.000000  639.436746
Iteration: 17 bestvalit: 0.001617 bestmemit:    2.752026  -39.988031    1.000000    0.000000  639.436746
Iteration: 18 bestvalit: 0.001575 bestmemit:    2.980230   -3.114205    1.000000    0.000000  640.449983
Iteration: 19 bestvalit: 0.001575 bestmemit:    2.980230   -3.114205    1.000000    0.000000  640.449983
Iteration: 20 bestvalit: 0.001550 bestmemit:    1.222228   13.812961    1.000000    0.000000  677.456452
Iteration: 21 bestvalit: 0.001550 bestmemit:    1.222228   13.812961    1.000000    0.000000  677.456452
Iteration: 22 bestvalit: 0.001550 bestmemit:    1.222228   13.812961    1.000000    0.000000  677.456452
Iteration: 23 bestvalit: 0.001550 bestmemit:    1.222228   13.812961    1.000000    0.000000  677.456452
Iteration: 24 bestvalit: 0.001550 bestmemit:    1.222228   13.812961    1.000000    0.000000  677.456452
Iteration: 25 bestvalit: 0.001550 bestmemit:    1.222228   13.812961    1.000000    0.000000  677.456452
Iteration: 26 bestvalit: 0.001550 bestmemit:    1.222228   13.812961    1.000000    0.000000  677.456452
Iteration: 27 bestvalit: 0.001550 bestmemit:    1.222228   13.812961    1.000000    0.000000  677.456452
Iteration: 28 bestvalit: 0.001550 bestmemit:    1.222228   13.812961    1.000000    0.000000  677.456452
Iteration: 29 bestvalit: 0.001550 bestmemit:    1.222228   13.812961    1.000000    0.000000  677.456452
Iteration: 30 bestvalit: 0.001550 bestmemit:    1.222228   13.812961    1.000000    0.000000  677.456452
Iteration: 31 bestvalit: 0.001550 bestmemit:    1.222228   13.812961    1.000000    0.000000  677.456452
Iteration: 32 bestvalit: 0.001550 bestmemit:    1.222228   13.812961    1.000000    0.000000  677.456452
Iteration: 33 bestvalit: 0.001550 bestmemit:    1.222228   13.812961    1.000000    0.000000  677.456452
Iteration: 34 bestvalit: 0.001550 bestmemit:    1.222228   13.812961    1.000000    0.000000  677.456452
Iteration: 35 bestvalit: 0.001550 bestmemit:    1.222228   13.812961    1.000000    0.000000  677.456452
Iteration: 36 bestvalit: 0.001550 bestmemit:    1.222228   13.812961    1.000000    0.000000  677.456452
Iteration: 37 bestvalit: 0.001550 bestmemit:    1.222228   13.812961    1.000000    0.000000  677.456452
Iteration: 38 bestvalit: 0.001550 bestmemit:    1.222228   13.812961    1.000000    0.000000  677.456452
Iteration: 39 bestvalit: 0.001550 bestmemit:    1.222228   13.812961    1.000000    0.000000  677.456452
Iteration: 40 bestvalit: 0.001550 bestmemit:    1.222228   13.812961    1.000000    0.000000  677.456452
Iteration: 41 bestvalit: 0.001543 bestmemit:    1.012490   21.677610    1.000000    0.000000  676.585291
Iteration: 42 bestvalit: 0.001543 bestmemit:    1.012490   21.677610    1.000000    0.000000  676.585291
Iteration: 43 bestvalit: 0.001543 bestmemit:    1.012490   21.677610    1.000000    0.000000  676.585291
Iteration: 44 bestvalit: 0.001500 bestmemit:    1.787448  -24.439540    1.000000    0.000000  670.357941
Iteration: 45 bestvalit: 0.001500 bestmemit:    1.787448  -24.439540    1.000000    0.000000  670.357941
Iteration: 46 bestvalit: 0.001500 bestmemit:    1.787448  -24.439540    1.000000    0.000000  670.357941
Iteration: 47 bestvalit: 0.001500 bestmemit:    1.787448  -24.439540    1.000000    0.000000  670.357941
Iteration: 48 bestvalit: 0.001500 bestmemit:    1.787448  -24.439540    1.000000    0.000000  670.357941
Iteration: 49 bestvalit: 0.001500 bestmemit:    1.787448  -24.439540    1.000000    0.000000  670.357941
Iteration: 50 bestvalit: 0.001500 bestmemit:    1.787448  -24.439540    1.000000    0.000000  670.357941
Iteration: 51 bestvalit: 0.001500 bestmemit:    1.787448  -24.439540    1.000000    0.000000  670.357941
Iteration: 52 bestvalit: 0.001500 bestmemit:    1.787448  -24.439540    1.000000    0.000000  670.357941
Iteration: 53 bestvalit: 0.001500 bestmemit:    1.787448  -24.439540    1.000000    0.000000  670.357941
Iteration: 54 bestvalit: 0.001500 bestmemit:    1.787448  -24.439540    1.000000    0.000000  670.357941
Iteration: 55 bestvalit: 0.001500 bestmemit:    1.787448  -24.439540    1.000000    0.000000  670.357941
Iteration: 56 bestvalit: 0.001500 bestmemit:    1.787448  -24.439540    1.000000    0.000000  670.357941
Iteration: 57 bestvalit: 0.001500 bestmemit:    1.787448  -24.439540    1.000000    0.000000  670.357941
Iteration: 58 bestvalit: 0.001500 bestmemit:    1.787448  -24.439540    1.000000    0.000000  670.357941
Iteration: 59 bestvalit: 0.001500 bestmemit:    1.787448  -24.439540    1.000000    0.000000  670.357941
Iteration: 60 bestvalit: 0.001500 bestmemit:    1.787448  -24.439540    1.000000    0.000000  670.357941
Iteration: 61 bestvalit: 0.001500 bestmemit:    1.787448  -24.439540    1.000000    0.000000  670.357941
Iteration: 62 bestvalit: 0.001500 bestmemit:    1.787448  -24.439540    1.000000    0.000000  670.357941
Iteration: 63 bestvalit: 0.001500 bestmemit:    1.787448  -24.439540    1.000000    0.000000  670.357941
Iteration: 64 bestvalit: 0.001500 bestmemit:    1.787448  -24.439540    1.000000    0.000000  670.357941
Iteration: 65 bestvalit: 0.001500 bestmemit:    1.787448  -24.439540    1.000000    0.000000  670.357941
Iteration: 66 bestvalit: 0.001500 bestmemit:    1.787448  -24.439540    1.000000    0.000000  670.357941
Iteration: 67 bestvalit: 0.001500 bestmemit:    1.787448  -24.439540    1.000000    0.000000  670.357941
Iteration: 68 bestvalit: 0.001500 bestmemit:    1.787448  -24.439540    1.000000    0.000000  670.357941
Iteration: 69 bestvalit: 0.001500 bestmemit:    1.787448  -24.439540    1.000000    0.000000  670.357941
Iteration: 70 bestvalit: 0.001500 bestmemit:    1.787448  -24.439540    1.000000    0.000000  670.357941
Iteration: 71 bestvalit: 0.001500 bestmemit:    1.787448  -24.439540    1.000000    0.000000  670.357941
Iteration: 72 bestvalit: 0.001500 bestmemit:    1.787448  -24.439540    1.000000    0.000000  670.357941
Iteration: 73 bestvalit: 0.001500 bestmemit:    1.787448  -24.439540    1.000000    0.000000  670.357941
Iteration: 74 bestvalit: 0.001500 bestmemit:    1.787448  -24.439540    1.000000    0.000000  670.357941
Iteration: 75 bestvalit: 0.001500 bestmemit:    1.787448  -24.439540    1.000000    0.000000  670.357941
Iteration: 76 bestvalit: 0.001500 bestmemit:    1.787448  -24.439540    1.000000    0.000000  670.357941
Iteration: 77 bestvalit: 0.001500 bestmemit:    1.787448  -24.439540    1.000000    0.000000  670.357941
Iteration: 78 bestvalit: 0.001500 bestmemit:    1.787448  -24.439540    1.000000    0.000000  670.357941
Iteration: 79 bestvalit: 0.001500 bestmemit:    1.787448  -24.439540    1.000000    0.000000  670.357941
Iteration: 80 bestvalit: 0.001500 bestmemit:    1.787448  -24.439540    1.000000    0.000000  670.357941
Iteration: 81 bestvalit: 0.001500 bestmemit:    1.787448  -24.439540    1.000000    0.000000  670.357941
Iteration: 82 bestvalit: 0.001500 bestmemit:    1.787448  -24.439540    1.000000    0.000000  670.357941
Iteration: 83 bestvalit: 0.001500 bestmemit:    1.787448  -24.439540    1.000000    0.000000  670.357941
Iteration: 84 bestvalit: 0.001500 bestmemit:    1.787448  -24.439540    1.000000    0.000000  670.357941
Iteration: 85 bestvalit: 0.001500 bestmemit:    1.787448  -24.439540    1.000000    0.000000  670.357941
Iteration: 86 bestvalit: 0.001500 bestmemit:    1.787448  -24.439540    1.000000    0.000000  670.357941
Iteration: 87 bestvalit: 0.001500 bestmemit:    1.787448  -24.439540    1.000000    0.000000  670.357941
Iteration: 88 bestvalit: 0.001500 bestmemit:    1.787448  -24.439540    1.000000    0.000000  670.357941
Iteration: 89 bestvalit: 0.001500 bestmemit:    1.787448  -24.439540    1.000000    0.000000  670.357941
Iteration: 90 bestvalit: 0.001500 bestmemit:    1.787448  -24.439540    1.000000    0.000000  670.357941
Iteration: 91 bestvalit: 0.001500 bestmemit:    1.787448  -24.439540    1.000000    0.000000  670.357941
Iteration: 92 bestvalit: 0.001500 bestmemit:    1.787448  -24.439540    1.000000    0.000000  670.357941
Iteration: 93 bestvalit: 0.001500 bestmemit:    1.787448  -24.439540    1.000000    0.000000  670.357941
Iteration: 94 bestvalit: 0.001500 bestmemit:    1.787448  -24.439540    1.000000    0.000000  670.357941
Iteration: 95 bestvalit: 0.001500 bestmemit:    1.787448  -24.439540    1.000000    0.000000  670.357941
Iteration: 96 bestvalit: 0.001500 bestmemit:    1.787448  -24.439540    1.000000    0.000000  670.357941
Iteration: 97 bestvalit: 0.001500 bestmemit:    1.787448  -24.439540    1.000000    0.000000  670.357941
Iteration: 98 bestvalit: 0.001500 bestmemit:    1.787448  -24.439540    1.000000    0.000000  670.357941
Iteration: 99 bestvalit: 0.001500 bestmemit:    1.787448  -24.439540    1.000000    0.000000  670.357941
Iteration: 100 bestvalit: 0.001500 bestmemit:    1.787448  -24.439540    1.000000    0.000000  670.357941
Iteration: 101 bestvalit: 0.001500 bestmemit:    1.787448  -24.439540    1.000000    0.000000  670.357941
Iteration: 102 bestvalit: 0.001500 bestmemit:    1.787448  -24.439540    1.000000    0.000000  670.357941
Iteration: 103 bestvalit: 0.001500 bestmemit:    1.787448  -24.439540    1.000000    0.000000  670.357941
Iteration: 104 bestvalit: 0.001500 bestmemit:    1.787448  -24.439540    1.000000    0.000000  670.357941
Iteration: 105 bestvalit: 0.001500 bestmemit:    1.787448  -24.439540    1.000000    0.000000  670.357941
Iteration: 106 bestvalit: 0.001500 bestmemit:    1.787448  -24.439540    1.000000    0.000000  670.357941
Iteration: 107 bestvalit: 0.001500 bestmemit:    1.787448  -24.439540    1.000000    0.000000  670.357941
Iteration: 108 bestvalit: 0.001500 bestmemit:    1.787448  -24.439540    1.000000    0.000000  670.357941
Iteration: 109 bestvalit: 0.001500 bestmemit:    1.787448  -24.439540    1.000000    0.000000  670.357941
Iteration: 110 bestvalit: 0.001500 bestmemit:    1.787448  -24.439540    1.000000    0.000000  670.357941
Iteration: 111 bestvalit: 0.001500 bestmemit:    1.787448  -24.439540    1.000000    0.000000  670.357941
Iteration: 112 bestvalit: 0.001500 bestmemit:    1.787448  -24.439540    1.000000    0.000000  670.357941
Iteration: 113 bestvalit: 0.001500 bestmemit:    1.787448  -24.439540    1.000000    0.000000  670.357941
Iteration: 114 bestvalit: 0.001500 bestmemit:    1.787448  -24.439540    1.000000    0.000000  670.357941
Iteration: 115 bestvalit: 0.001500 bestmemit:    1.787448  -24.439540    1.000000    0.000000  670.357941
Iteration: 116 bestvalit: 0.001500 bestmemit:    1.787448  -24.439540    1.000000    0.000000  670.357941
Iteration: 117 bestvalit: 0.001500 bestmemit:    1.787448  -24.439540    1.000000    0.000000  670.357941
Iteration: 118 bestvalit: 0.001500 bestmemit:    1.787448  -24.439540    1.000000    0.000000  670.357941
Iteration: 119 bestvalit: 0.001500 bestmemit:    1.787448  -24.439540    1.000000    0.000000  670.357941
Iteration: 120 bestvalit: 0.001500 bestmemit:    1.787448  -24.439540    1.000000    0.000000  670.357941
Iteration: 121 bestvalit: 0.001500 bestmemit:    1.787448  -24.439540    1.000000    0.000000  670.357941
Iteration: 122 bestvalit: 0.001500 bestmemit:    1.787448  -24.439540    1.000000    0.000000  670.357941
Iteration: 123 bestvalit: 0.001500 bestmemit:    1.787448  -24.439540    1.000000    0.000000  670.357941
Iteration: 124 bestvalit: 0.001500 bestmemit:    1.787448  -24.439540    1.000000    0.000000  670.357941
Iteration: 125 bestvalit: 0.001500 bestmemit:    1.787448  -24.439540    1.000000    0.000000  670.357941
Iteration: 126 bestvalit: 0.001500 bestmemit:    1.787448  -24.439540    1.000000    0.000000  670.357941
Iteration: 127 bestvalit: 0.001500 bestmemit:    1.787448  -24.439540    1.000000    0.000000  670.357941
Iteration: 128 bestvalit: 0.001500 bestmemit:    1.787448  -24.439540    1.000000    0.000000  670.357941
Iteration: 129 bestvalit: 0.001500 bestmemit:    1.787448  -24.439540    1.000000    0.000000  670.357941
Iteration: 130 bestvalit: 0.001500 bestmemit:    1.787448  -24.439540    1.000000    0.000000  670.357941
Iteration: 131 bestvalit: 0.001500 bestmemit:    1.787448  -24.439540    1.000000    0.000000  670.357941
Iteration: 132 bestvalit: 0.001500 bestmemit:    1.787448  -24.439540    1.000000    0.000000  670.357941
Iteration: 133 bestvalit: 0.001500 bestmemit:    1.787448  -24.439540    1.000000    0.000000  670.357941
Iteration: 134 bestvalit: 0.001500 bestmemit:    1.787448  -24.439540    1.000000    0.000000  670.357941
Iteration: 135 bestvalit: 0.001500 bestmemit:    1.787448  -24.439540    1.000000    0.000000  670.357941
Iteration: 136 bestvalit: 0.001500 bestmemit:    1.787448  -24.439540    1.000000    0.000000  670.357941
Iteration: 137 bestvalit: 0.001500 bestmemit:    1.787448  -24.439540    1.000000    0.000000  670.357941
Iteration: 138 bestvalit: 0.001500 bestmemit:    1.787448  -24.439540    1.000000    0.000000  670.357941
Iteration: 139 bestvalit: 0.001500 bestmemit:    1.787448  -24.439540    1.000000    0.000000  670.357941
Iteration: 140 bestvalit: 0.001500 bestmemit:    1.787448  -24.439540    1.000000    0.000000  670.357941
Iteration: 141 bestvalit: 0.001500 bestmemit:    1.787448  -24.439540    1.000000    0.000000  670.357941
Iteration: 142 bestvalit: 0.001500 bestmemit:    1.787448  -24.439540    1.000000    0.000000  670.357941
Iteration: 143 bestvalit: 0.001500 bestmemit:    1.787448  -24.439540    1.000000    0.000000  670.357941
Iteration: 144 bestvalit: 0.001500 bestmemit:    1.787448  -24.439540    1.000000    0.000000  670.357941
Iteration: 145 bestvalit: 0.001500 bestmemit:    1.787448  -24.439540    1.000000    0.000000  670.357941

***** summary of DEoptim object ***** 
best member   :  1.78745 -24.43954 1 0 670.3579 
best value    :  0.0015 
after         :  145 generations 
fn evaluated  :  292 times 
*************************************
