SLURM_JOB_ID: 55336510
SLURM_JOB_USER: vsc34066
SLURM_JOB_ACCOUNT: lp_desenderlab
SLURM_JOB_NAME: fit_alternating_fb_beta_learn.slurm
SLURM_CLUSTER_NAME: genius
SLURM_JOB_PARTITION: batch
SLURM_ARRAY_JOB_ID: 55336494
SLURM_ARRAY_TASK_ID: 16
SLURM_NNODES: 1
SLURM_NODELIST: r22i13n23
SLURM_JOB_CPUS_PER_NODE: 8
Date: Tue Nov  7 16:44:03 CET 2023
Walltime: 00-23:00:00
========================================================================
Iteration: 1 bestvalit: 0.002189 bestmemit:    6.075335  -25.090249    1.000000    0.000000  674.032352
Iteration: 2 bestvalit: 0.002096 bestmemit:    6.075335  -25.090249    1.000000    0.000000  674.032352
Iteration: 3 bestvalit: 0.002096 bestmemit:    6.075335  -25.090249    1.000000    0.000000  674.032352
Iteration: 4 bestvalit: 0.002096 bestmemit:    6.075335  -25.090249    1.000000    0.000000  674.032352
Iteration: 5 bestvalit: 0.002096 bestmemit:    6.075335  -25.090249    1.000000    0.000000  674.032352
Iteration: 6 bestvalit: 0.002096 bestmemit:    6.075335  -25.090249    1.000000    0.000000  674.032352
Iteration: 7 bestvalit: 0.002096 bestmemit:    6.075335  -25.090249    1.000000    0.000000  674.032352
Iteration: 8 bestvalit: 0.002096 bestmemit:    6.075335  -25.090249    1.000000    0.000000  674.032352
Iteration: 9 bestvalit: 0.002096 bestmemit:    6.075335  -25.090249    1.000000    0.000000  674.032352
Iteration: 10 bestvalit: 0.002096 bestmemit:    6.075335  -25.090249    1.000000    0.000000  674.032352
Iteration: 11 bestvalit: 0.002096 bestmemit:    6.075335  -25.090249    1.000000    0.000000  674.032352
Iteration: 12 bestvalit: 0.002096 bestmemit:    6.075335  -25.090249    1.000000    0.000000  674.032352
Iteration: 13 bestvalit: 0.001628 bestmemit:    2.549735   60.367051    1.000000    0.000000  649.801275
Iteration: 14 bestvalit: 0.001628 bestmemit:    2.549735   60.367051    1.000000    0.000000  649.801275
Iteration: 15 bestvalit: 0.001628 bestmemit:    2.549735   60.367051    1.000000    0.000000  649.801275
Iteration: 16 bestvalit: 0.001591 bestmemit:    2.133110  -39.651977    1.000000    0.000000  652.539576
Iteration: 17 bestvalit: 0.001589 bestmemit:    2.549735  -30.760941    1.000000    0.000000  649.801275
Iteration: 18 bestvalit: 0.001589 bestmemit:    2.549735  -30.760941    1.000000    0.000000  649.801275
Iteration: 19 bestvalit: 0.001589 bestmemit:    2.549735  -30.760941    1.000000    0.000000  649.801275
Iteration: 20 bestvalit: 0.001536 bestmemit:    0.918241  -46.701335    1.000000    0.000000  617.746215
Iteration: 21 bestvalit: 0.001536 bestmemit:    0.918241  -46.701335    1.000000    0.000000  617.746215
Iteration: 22 bestvalit: 0.001514 bestmemit:    1.434062  -35.604427    1.000000    0.000000  622.154201
Iteration: 23 bestvalit: 0.001514 bestmemit:    1.434062  -35.604427    1.000000    0.000000  622.154201
Iteration: 24 bestvalit: 0.001514 bestmemit:    1.434062  -35.604427    1.000000    0.000000  622.154201
Iteration: 25 bestvalit: 0.001514 bestmemit:    1.434062  -35.604427    1.000000    0.000000  622.154201
Iteration: 26 bestvalit: 0.001514 bestmemit:    1.434062  -35.604427    1.000000    0.000000  622.154201
Iteration: 27 bestvalit: 0.001514 bestmemit:    1.434062  -35.604427    1.000000    0.000000  622.154201
Iteration: 28 bestvalit: 0.001514 bestmemit:    1.434062  -35.604427    1.000000    0.000000  622.154201
Iteration: 29 bestvalit: 0.001514 bestmemit:    1.434062  -35.604427    1.000000    0.000000  622.154201
Iteration: 30 bestvalit: 0.001514 bestmemit:    1.434062  -35.604427    1.000000    0.000000  622.154201
Iteration: 31 bestvalit: 0.001514 bestmemit:    1.434062  -35.604427    1.000000    0.000000  622.154201
Iteration: 32 bestvalit: 0.001514 bestmemit:    1.434062  -35.604427    1.000000    0.000000  622.154201
Iteration: 33 bestvalit: 0.001514 bestmemit:    1.434062  -35.604427    1.000000    0.000000  622.154201
Iteration: 34 bestvalit: 0.001514 bestmemit:    1.434062  -35.604427    1.000000    0.000000  622.154201
Iteration: 35 bestvalit: 0.001514 bestmemit:    1.434062  -35.604427    1.000000    0.000000  622.154201
Iteration: 36 bestvalit: 0.001514 bestmemit:    1.434062  -35.604427    1.000000    0.000000  622.154201
Iteration: 37 bestvalit: 0.001514 bestmemit:    1.434062  -35.604427    1.000000    0.000000  622.154201
Iteration: 38 bestvalit: 0.001514 bestmemit:    1.434062  -35.604427    1.000000    0.000000  622.154201
Iteration: 39 bestvalit: 0.001513 bestmemit:    0.963225   19.215016    1.000000    0.000000  615.428867
Iteration: 40 bestvalit: 0.001513 bestmemit:    0.963225   19.215016    1.000000    0.000000  615.428867
Iteration: 41 bestvalit: 0.001507 bestmemit:    0.963225   19.215016    1.000000    0.000000  615.428867
Iteration: 42 bestvalit: 0.001507 bestmemit:    0.963225   19.215016    1.000000    0.000000  615.428867
Iteration: 43 bestvalit: 0.001506 bestmemit:    1.597847  -16.061832    1.000000    0.000000  624.404269
Iteration: 44 bestvalit: 0.001506 bestmemit:    1.597847  -16.061832    1.000000    0.000000  624.404269
Iteration: 45 bestvalit: 0.001506 bestmemit:    1.597847  -16.061832    1.000000    0.000000  624.404269
Iteration: 46 bestvalit: 0.001506 bestmemit:    1.597847  -16.061832    1.000000    0.000000  624.404269
Iteration: 47 bestvalit: 0.001506 bestmemit:    1.597847  -16.061832    1.000000    0.000000  624.404269
Iteration: 48 bestvalit: 0.001506 bestmemit:    1.597847  -16.061832    1.000000    0.000000  624.404269
Iteration: 49 bestvalit: 0.001506 bestmemit:    1.597847  -16.061832    1.000000    0.000000  624.404269
Iteration: 50 bestvalit: 0.001506 bestmemit:    1.597847  -16.061832    1.000000    0.000000  624.404269
Iteration: 51 bestvalit: 0.001506 bestmemit:    1.597847  -16.061832    1.000000    0.000000  624.404269
Iteration: 52 bestvalit: 0.001506 bestmemit:    1.597847  -16.061832    1.000000    0.000000  624.404269
Iteration: 53 bestvalit: 0.001493 bestmemit:    1.631077   34.066584    1.000000    0.000000  614.560773
Iteration: 54 bestvalit: 0.001493 bestmemit:    1.631077   34.066584    1.000000    0.000000  614.560773
Iteration: 55 bestvalit: 0.001493 bestmemit:    1.631077   34.066584    1.000000    0.000000  614.560773
Iteration: 56 bestvalit: 0.001493 bestmemit:    1.631077   34.066584    1.000000    0.000000  614.560773
Iteration: 57 bestvalit: 0.001493 bestmemit:    1.631077   34.066584    1.000000    0.000000  614.560773
Iteration: 58 bestvalit: 0.001493 bestmemit:    1.631077   34.066584    1.000000    0.000000  614.560773
Iteration: 59 bestvalit: 0.001493 bestmemit:    1.631077   34.066584    1.000000    0.000000  614.560773
Iteration: 60 bestvalit: 0.001493 bestmemit:    1.631077   34.066584    1.000000    0.000000  614.560773
Iteration: 61 bestvalit: 0.001493 bestmemit:    1.631077   34.066584    1.000000    0.000000  614.560773
Iteration: 62 bestvalit: 0.001493 bestmemit:    1.631077   34.066584    1.000000    0.000000  614.560773
Iteration: 63 bestvalit: 0.001493 bestmemit:    1.631077   34.066584    1.000000    0.000000  614.560773
Iteration: 64 bestvalit: 0.001493 bestmemit:    1.631077   34.066584    1.000000    0.000000  614.560773
Iteration: 65 bestvalit: 0.001493 bestmemit:    1.631077   34.066584    1.000000    0.000000  614.560773
Iteration: 66 bestvalit: 0.001493 bestmemit:    1.631077   34.066584    1.000000    0.000000  614.560773
Iteration: 67 bestvalit: 0.001493 bestmemit:    1.631077   34.066584    1.000000    0.000000  614.560773
Iteration: 68 bestvalit: 0.001493 bestmemit:    1.631077   34.066584    1.000000    0.000000  614.560773
Iteration: 69 bestvalit: 0.001493 bestmemit:    1.631077   34.066584    1.000000    0.000000  614.560773
Iteration: 70 bestvalit: 0.001492 bestmemit:    1.492398  -12.981453    1.000000    0.000000  612.250217
Iteration: 71 bestvalit: 0.001492 bestmemit:    1.492398  -12.981453    1.000000    0.000000  612.250217
Iteration: 72 bestvalit: 0.001492 bestmemit:    1.492398  -12.981453    1.000000    0.000000  612.250217
Iteration: 73 bestvalit: 0.001492 bestmemit:    1.492398  -12.981453    1.000000    0.000000  612.250217
Iteration: 74 bestvalit: 0.001492 bestmemit:    1.492398  -12.981453    1.000000    0.000000  612.250217
Iteration: 75 bestvalit: 0.001492 bestmemit:    1.492398  -12.981453    1.000000    0.000000  612.250217
Iteration: 76 bestvalit: 0.001492 bestmemit:    1.492398  -12.981453    1.000000    0.000000  612.250217
Iteration: 77 bestvalit: 0.001492 bestmemit:    1.492398  -12.981453    1.000000    0.000000  612.250217
Iteration: 78 bestvalit: 0.001492 bestmemit:    1.492398  -12.981453    1.000000    0.000000  612.250217
Iteration: 79 bestvalit: 0.001492 bestmemit:    1.492398  -12.981453    1.000000    0.000000  612.250217
Iteration: 80 bestvalit: 0.001492 bestmemit:    1.492398  -12.981453    1.000000    0.000000  612.250217
Iteration: 81 bestvalit: 0.001492 bestmemit:    1.492398  -12.981453    1.000000    0.000000  612.250217
Iteration: 82 bestvalit: 0.001492 bestmemit:    1.492398  -12.981453    1.000000    0.000000  612.250217
Iteration: 83 bestvalit: 0.001486 bestmemit:    1.459562   41.766890    1.000000    0.000000  616.845264
Iteration: 84 bestvalit: 0.001486 bestmemit:    1.459562   41.766890    1.000000    0.000000  616.845264
Iteration: 85 bestvalit: 0.001486 bestmemit:    1.459562   41.766890    1.000000    0.000000  616.845264
Iteration: 86 bestvalit: 0.001486 bestmemit:    1.459562   41.766890    1.000000    0.000000  616.845264
Iteration: 87 bestvalit: 0.001486 bestmemit:    1.459562   41.766890    1.000000    0.000000  616.845264
Iteration: 88 bestvalit: 0.001486 bestmemit:    1.459562   41.766890    1.000000    0.000000  616.845264
Iteration: 89 bestvalit: 0.001486 bestmemit:    1.459562   41.766890    1.000000    0.000000  616.845264
Iteration: 90 bestvalit: 0.001486 bestmemit:    1.459562   41.766890    1.000000    0.000000  616.845264
Iteration: 91 bestvalit: 0.001486 bestmemit:    1.459562   41.766890    1.000000    0.000000  616.845264
Iteration: 92 bestvalit: 0.001486 bestmemit:    1.459562   41.766890    1.000000    0.000000  616.845264
Iteration: 93 bestvalit: 0.001486 bestmemit:    1.459562   41.766890    1.000000    0.000000  616.845264
Iteration: 94 bestvalit: 0.001486 bestmemit:    1.459562   41.766890    1.000000    0.000000  616.845264
Iteration: 95 bestvalit: 0.001486 bestmemit:    1.459562   41.766890    1.000000    0.000000  616.845264
Iteration: 96 bestvalit: 0.001486 bestmemit:    1.459562   41.766890    1.000000    0.000000  616.845264
Iteration: 97 bestvalit: 0.001486 bestmemit:    1.459562   41.766890    1.000000    0.000000  616.845264
Iteration: 98 bestvalit: 0.001486 bestmemit:    1.459562   41.766890    1.000000    0.000000  616.845264
Iteration: 99 bestvalit: 0.001486 bestmemit:    1.459562   41.766890    1.000000    0.000000  616.845264
Iteration: 100 bestvalit: 0.001486 bestmemit:    1.459562   41.766890    1.000000    0.000000  616.845264
Iteration: 101 bestvalit: 0.001486 bestmemit:    1.459562   41.766890    1.000000    0.000000  616.845264
Iteration: 102 bestvalit: 0.001486 bestmemit:    1.459562   41.766890    1.000000    0.000000  616.845264
Iteration: 103 bestvalit: 0.001486 bestmemit:    1.459562   41.766890    1.000000    0.000000  616.845264
Iteration: 104 bestvalit: 0.001486 bestmemit:    1.459562   41.766890    1.000000    0.000000  616.845264
Iteration: 105 bestvalit: 0.001486 bestmemit:    1.459562   41.766890    1.000000    0.000000  616.845264
Iteration: 106 bestvalit: 0.001486 bestmemit:    1.459562   41.766890    1.000000    0.000000  616.845264
Iteration: 107 bestvalit: 0.001486 bestmemit:    1.459562   41.766890    1.000000    0.000000  616.845264
Iteration: 108 bestvalit: 0.001486 bestmemit:    1.459562   41.766890    1.000000    0.000000  616.845264
Iteration: 109 bestvalit: 0.001486 bestmemit:    1.459562   41.766890    1.000000    0.000000  616.845264
Iteration: 110 bestvalit: 0.001486 bestmemit:    1.459562   41.766890    1.000000    0.000000  616.845264
Iteration: 111 bestvalit: 0.001486 bestmemit:    1.459562   41.766890    1.000000    0.000000  616.845264
Iteration: 112 bestvalit: 0.001486 bestmemit:    1.459562   41.766890    1.000000    0.000000  616.845264
Iteration: 113 bestvalit: 0.001486 bestmemit:    1.459562   41.766890    1.000000    0.000000  616.845264
Iteration: 114 bestvalit: 0.001482 bestmemit:    1.162032   18.504303    1.000000    0.000000  620.982073
Iteration: 115 bestvalit: 0.001482 bestmemit:    1.162032   18.504303    1.000000    0.000000  620.982073
Iteration: 116 bestvalit: 0.001482 bestmemit:    1.162032   18.504303    1.000000    0.000000  620.982073
Iteration: 117 bestvalit: 0.001482 bestmemit:    1.162032   18.504303    1.000000    0.000000  620.982073
Iteration: 118 bestvalit: 0.001482 bestmemit:    1.162032   18.504303    1.000000    0.000000  620.982073
Iteration: 119 bestvalit: 0.001482 bestmemit:    1.162032   18.504303    1.000000    0.000000  620.982073
Iteration: 120 bestvalit: 0.001482 bestmemit:    1.162032   18.504303    1.000000    0.000000  620.982073
Iteration: 121 bestvalit: 0.001482 bestmemit:    1.162032   18.504303    1.000000    0.000000  620.982073
Iteration: 122 bestvalit: 0.001482 bestmemit:    1.162032   18.504303    1.000000    0.000000  620.982073
Iteration: 123 bestvalit: 0.001482 bestmemit:    1.162032   18.504303    1.000000    0.000000  620.982073
Iteration: 124 bestvalit: 0.001482 bestmemit:    1.162032   18.504303    1.000000    0.000000  620.982073
Iteration: 125 bestvalit: 0.001482 bestmemit:    1.162032   18.504303    1.000000    0.000000  620.982073
Iteration: 126 bestvalit: 0.001482 bestmemit:    1.162032   18.504303    1.000000    0.000000  620.982073
Iteration: 127 bestvalit: 0.001478 bestmemit:    1.459562   41.766890    1.000000    0.000000  617.888338
Iteration: 128 bestvalit: 0.001478 bestmemit:    1.459562   41.766890    1.000000    0.000000  617.888338
Iteration: 129 bestvalit: 0.001478 bestmemit:    1.459562   41.766890    1.000000    0.000000  617.888338
Iteration: 130 bestvalit: 0.001478 bestmemit:    1.459562   41.766890    1.000000    0.000000  617.888338
Iteration: 131 bestvalit: 0.001478 bestmemit:    1.459562   41.766890    1.000000    0.000000  617.888338
Iteration: 132 bestvalit: 0.001478 bestmemit:    1.459562   41.766890    1.000000    0.000000  617.888338
Iteration: 133 bestvalit: 0.001478 bestmemit:    1.459562   41.766890    1.000000    0.000000  617.888338
Iteration: 134 bestvalit: 0.001478 bestmemit:    1.459562   41.766890    1.000000    0.000000  617.888338
Iteration: 135 bestvalit: 0.001478 bestmemit:    1.459562   41.766890    1.000000    0.000000  617.888338
Iteration: 136 bestvalit: 0.001478 bestmemit:    1.459562   41.766890    1.000000    0.000000  617.888338
Iteration: 137 bestvalit: 0.001478 bestmemit:    1.459562   41.766890    1.000000    0.000000  617.888338
Iteration: 138 bestvalit: 0.001478 bestmemit:    1.459562   41.766890    1.000000    0.000000  617.888338
Iteration: 139 bestvalit: 0.001478 bestmemit:    1.459562   41.766890    1.000000    0.000000  617.888338
Iteration: 140 bestvalit: 0.001478 bestmemit:    1.459562   41.766890    1.000000    0.000000  617.888338
Iteration: 141 bestvalit: 0.001478 bestmemit:    1.459562   41.766890    1.000000    0.000000  617.888338
Iteration: 142 bestvalit: 0.001478 bestmemit:    1.459562   41.766890    1.000000    0.000000  617.888338
Iteration: 143 bestvalit: 0.001478 bestmemit:    1.459562   41.766890    1.000000    0.000000  617.888338
Iteration: 144 bestvalit: 0.001478 bestmemit:    1.459562   41.766890    1.000000    0.000000  617.888338
Iteration: 145 bestvalit: 0.001478 bestmemit:    1.459562   41.766890    1.000000    0.000000  617.888338
Iteration: 146 bestvalit: 0.001478 bestmemit:    1.459562   41.766890    1.000000    0.000000  617.888338
Iteration: 147 bestvalit: 0.001478 bestmemit:    1.459562   41.766890    1.000000    0.000000  617.888338
Iteration: 148 bestvalit: 0.001478 bestmemit:    1.459562   41.766890    1.000000    0.000000  617.888338
Iteration: 149 bestvalit: 0.001478 bestmemit:    1.459562   41.766890    1.000000    0.000000  617.888338
Iteration: 150 bestvalit: 0.001478 bestmemit:    1.459562   41.766890    1.000000    0.000000  617.888338
Iteration: 151 bestvalit: 0.001478 bestmemit:    1.459562   41.766890    1.000000    0.000000  617.888338
Iteration: 152 bestvalit: 0.001478 bestmemit:    1.459562   41.766890    1.000000    0.000000  617.888338
Iteration: 153 bestvalit: 0.001478 bestmemit:    1.459562   41.766890    1.000000    0.000000  617.888338
Iteration: 154 bestvalit: 0.001478 bestmemit:    1.459562   41.766890    1.000000    0.000000  617.888338
Iteration: 155 bestvalit: 0.001478 bestmemit:    1.459562   41.766890    1.000000    0.000000  617.888338
Iteration: 156 bestvalit: 0.001478 bestmemit:    1.459562   41.766890    1.000000    0.000000  617.888338
Iteration: 157 bestvalit: 0.001478 bestmemit:    1.459562   41.766890    1.000000    0.000000  617.888338
Iteration: 158 bestvalit: 0.001478 bestmemit:    1.459562   41.766890    1.000000    0.000000  617.888338
Iteration: 159 bestvalit: 0.001478 bestmemit:    1.459562   41.766890    1.000000    0.000000  617.888338
Iteration: 160 bestvalit: 0.001478 bestmemit:    1.459562   41.766890    1.000000    0.000000  617.888338
Iteration: 161 bestvalit: 0.001478 bestmemit:    1.459562   41.766890    1.000000    0.000000  617.888338
Iteration: 162 bestvalit: 0.001478 bestmemit:    1.459562   41.766890    1.000000    0.000000  617.888338
Iteration: 163 bestvalit: 0.001478 bestmemit:    1.459562   41.766890    1.000000    0.000000  617.888338
Iteration: 164 bestvalit: 0.001478 bestmemit:    1.459562   41.766890    1.000000    0.000000  617.888338
Iteration: 165 bestvalit: 0.001478 bestmemit:    1.459562   41.766890    1.000000    0.000000  617.888338
Iteration: 166 bestvalit: 0.001478 bestmemit:    1.459562   41.766890    1.000000    0.000000  617.888338
Iteration: 167 bestvalit: 0.001478 bestmemit:    1.459562   41.766890    1.000000    0.000000  617.888338
Iteration: 168 bestvalit: 0.001478 bestmemit:    1.459562   41.766890    1.000000    0.000000  617.888338
Iteration: 169 bestvalit: 0.001478 bestmemit:    1.459562   41.766890    1.000000    0.000000  617.888338
Iteration: 170 bestvalit: 0.001478 bestmemit:    1.459562   41.766890    1.000000    0.000000  617.888338
Iteration: 171 bestvalit: 0.001478 bestmemit:    1.459562   41.766890    1.000000    0.000000  617.888338
Iteration: 172 bestvalit: 0.001478 bestmemit:    1.459562   41.766890    1.000000    0.000000  617.888338
Iteration: 173 bestvalit: 0.001478 bestmemit:    1.459562   41.766890    1.000000    0.000000  617.888338
Iteration: 174 bestvalit: 0.001478 bestmemit:    1.459562   41.766890    1.000000    0.000000  617.888338
Iteration: 175 bestvalit: 0.001478 bestmemit:    1.459562   41.766890    1.000000    0.000000  617.888338
Iteration: 176 bestvalit: 0.001478 bestmemit:    1.459562   41.766890    1.000000    0.000000  617.888338
Iteration: 177 bestvalit: 0.001478 bestmemit:    1.459562   41.766890    1.000000    0.000000  617.888338
Iteration: 178 bestvalit: 0.001478 bestmemit:    1.459562   41.766890    1.000000    0.000000  617.888338
Iteration: 179 bestvalit: 0.001478 bestmemit:    1.459562   41.766890    1.000000    0.000000  617.888338
Iteration: 180 bestvalit: 0.001478 bestmemit:    1.459562   41.766890    1.000000    0.000000  617.888338
Iteration: 181 bestvalit: 0.001478 bestmemit:    1.459562   41.766890    1.000000    0.000000  617.888338
Iteration: 182 bestvalit: 0.001478 bestmemit:    1.459562   41.766890    1.000000    0.000000  617.888338
Iteration: 183 bestvalit: 0.001478 bestmemit:    1.459562   41.766890    1.000000    0.000000  617.888338
Iteration: 184 bestvalit: 0.001478 bestmemit:    1.459562   41.766890    1.000000    0.000000  617.888338
Iteration: 185 bestvalit: 0.001478 bestmemit:    1.459562   41.766890    1.000000    0.000000  617.888338
Iteration: 186 bestvalit: 0.001478 bestmemit:    1.459562   41.766890    1.000000    0.000000  617.888338
Iteration: 187 bestvalit: 0.001478 bestmemit:    1.459562   41.766890    1.000000    0.000000  617.888338
Iteration: 188 bestvalit: 0.001478 bestmemit:    1.459562   41.766890    1.000000    0.000000  617.888338
Iteration: 189 bestvalit: 0.001478 bestmemit:    1.459562   41.766890    1.000000    0.000000  617.888338
Iteration: 190 bestvalit: 0.001478 bestmemit:    1.459562   41.766890    1.000000    0.000000  617.888338
Iteration: 191 bestvalit: 0.001478 bestmemit:    1.459562   41.766890    1.000000    0.000000  617.888338
Iteration: 192 bestvalit: 0.001478 bestmemit:    1.459562   41.766890    1.000000    0.000000  617.888338
Iteration: 193 bestvalit: 0.001478 bestmemit:    1.459562   41.766890    1.000000    0.000000  617.888338
Iteration: 194 bestvalit: 0.001478 bestmemit:    1.459562   41.766890    1.000000    0.000000  617.888338
Iteration: 195 bestvalit: 0.001478 bestmemit:    1.459562   41.766890    1.000000    0.000000  617.888338
Iteration: 196 bestvalit: 0.001478 bestmemit:    1.459562   41.766890    1.000000    0.000000  617.888338
Iteration: 197 bestvalit: 0.001478 bestmemit:    1.459562   41.766890    1.000000    0.000000  617.888338
Iteration: 198 bestvalit: 0.001478 bestmemit:    1.459562   41.766890    1.000000    0.000000  617.888338
Iteration: 199 bestvalit: 0.001478 bestmemit:    1.459562   41.766890    1.000000    0.000000  617.888338
Iteration: 200 bestvalit: 0.001478 bestmemit:    1.459562   41.766890    1.000000    0.000000  617.888338
Iteration: 201 bestvalit: 0.001478 bestmemit:    1.459562   41.766890    1.000000    0.000000  617.888338
Iteration: 202 bestvalit: 0.001478 bestmemit:    1.459562   41.766890    1.000000    0.000000  617.888338
Iteration: 203 bestvalit: 0.001478 bestmemit:    1.459562   41.766890    1.000000    0.000000  617.888338
Iteration: 204 bestvalit: 0.001478 bestmemit:    1.459562   41.766890    1.000000    0.000000  617.888338
Iteration: 205 bestvalit: 0.001478 bestmemit:    1.459562   41.766890    1.000000    0.000000  617.888338
Iteration: 206 bestvalit: 0.001478 bestmemit:    1.459562   41.766890    1.000000    0.000000  617.888338
Iteration: 207 bestvalit: 0.001478 bestmemit:    1.459562   41.766890    1.000000    0.000000  617.888338
Iteration: 208 bestvalit: 0.001478 bestmemit:    1.459562   41.766890    1.000000    0.000000  617.888338
Iteration: 209 bestvalit: 0.001478 bestmemit:    1.459562   41.766890    1.000000    0.000000  617.888338
Iteration: 210 bestvalit: 0.001478 bestmemit:    1.459562   41.766890    1.000000    0.000000  617.888338
Iteration: 211 bestvalit: 0.001478 bestmemit:    1.459562   41.766890    1.000000    0.000000  617.888338
Iteration: 212 bestvalit: 0.001478 bestmemit:    1.459562   41.766890    1.000000    0.000000  617.888338
Iteration: 213 bestvalit: 0.001478 bestmemit:    1.459562   41.766890    1.000000    0.000000  617.888338
Iteration: 214 bestvalit: 0.001478 bestmemit:    1.459562   41.766890    1.000000    0.000000  617.888338
Iteration: 215 bestvalit: 0.001478 bestmemit:    1.459562   41.766890    1.000000    0.000000  617.888338
Iteration: 216 bestvalit: 0.001478 bestmemit:    1.459562   41.766890    1.000000    0.000000  617.888338
Iteration: 217 bestvalit: 0.001478 bestmemit:    1.459562   41.766890    1.000000    0.000000  617.888338
Iteration: 218 bestvalit: 0.001478 bestmemit:    1.459562   41.766890    1.000000    0.000000  617.888338
Iteration: 219 bestvalit: 0.001478 bestmemit:    1.459562   41.766890    1.000000    0.000000  617.888338
Iteration: 220 bestvalit: 0.001478 bestmemit:    1.459562   41.766890    1.000000    0.000000  617.888338
Iteration: 221 bestvalit: 0.001478 bestmemit:    1.459562   41.766890    1.000000    0.000000  617.888338
Iteration: 222 bestvalit: 0.001478 bestmemit:    1.459562   41.766890    1.000000    0.000000  617.888338
Iteration: 223 bestvalit: 0.001478 bestmemit:    1.459562   41.766890    1.000000    0.000000  617.888338
Iteration: 224 bestvalit: 0.001478 bestmemit:    1.459562   41.766890    1.000000    0.000000  617.888338
Iteration: 225 bestvalit: 0.001478 bestmemit:    1.459562   41.766890    1.000000    0.000000  617.888338
Iteration: 226 bestvalit: 0.001478 bestmemit:    1.459562   41.766890    1.000000    0.000000  617.888338
Iteration: 227 bestvalit: 0.001478 bestmemit:    1.459562   41.766890    1.000000    0.000000  617.888338
Iteration: 228 bestvalit: 0.001478 bestmemit:    1.459562   41.766890    1.000000    0.000000  617.888338

***** summary of DEoptim object ***** 
best member   :  1.45956 41.76689 1 0 617.8883 
best value    :  0.00148 
after         :  228 generations 
fn evaluated  :  458 times 
*************************************
