SLURM_JOB_ID: 55336540
SLURM_JOB_USER: vsc34066
SLURM_JOB_ACCOUNT: lp_desenderlab
SLURM_JOB_NAME: fit_alternating_fb_beta_learn.slurm
SLURM_CLUSTER_NAME: genius
SLURM_JOB_PARTITION: batch
SLURM_ARRAY_JOB_ID: 55336494
SLURM_ARRAY_TASK_ID: 46
SLURM_NNODES: 1
SLURM_NODELIST: r23i13n10
SLURM_JOB_CPUS_PER_NODE: 8
Date: Tue Nov  7 16:44:04 CET 2023
Walltime: 00-23:00:00
========================================================================
Iteration: 1 bestvalit: 0.003205 bestmemit:   14.007715   90.750766    1.000000    0.000000  498.763362
Iteration: 2 bestvalit: 0.003205 bestmemit:   14.007715   90.750766    1.000000    0.000000  498.763362
Iteration: 3 bestvalit: 0.001726 bestmemit:    6.964816   17.276176    1.000000    0.000000  717.226588
Iteration: 4 bestvalit: 0.001633 bestmemit:    3.650017   98.074441    1.000000    0.000000  724.846056
Iteration: 5 bestvalit: 0.001633 bestmemit:    3.650017   98.074441    1.000000    0.000000  724.846056
Iteration: 6 bestvalit: 0.001597 bestmemit:    3.650017   98.074441    1.000000    0.000000  724.846056
Iteration: 7 bestvalit: 0.001536 bestmemit:    2.308426   13.364344    1.000000    0.000000  640.426194
Iteration: 8 bestvalit: 0.001536 bestmemit:    2.308426   13.364344    1.000000    0.000000  640.426194
Iteration: 9 bestvalit: 0.001514 bestmemit:    2.108824   -4.656480    1.000000    0.000000  733.419392
Iteration: 10 bestvalit: 0.001514 bestmemit:    2.108824   -4.656480    1.000000    0.000000  733.419392
Iteration: 11 bestvalit: 0.001514 bestmemit:    2.108824   -4.656480    1.000000    0.000000  733.419392
Iteration: 12 bestvalit: 0.001514 bestmemit:    2.108824   -4.656480    1.000000    0.000000  733.419392
Iteration: 13 bestvalit: 0.001514 bestmemit:    2.108824   -4.656480    1.000000    0.000000  733.419392
Iteration: 14 bestvalit: 0.001514 bestmemit:    2.108824   -4.656480    1.000000    0.000000  733.419392
Iteration: 15 bestvalit: 0.001497 bestmemit:    3.321151  -13.927530    1.000000    0.000000  666.815712
Iteration: 16 bestvalit: 0.001497 bestmemit:    3.321151  -13.927530    1.000000    0.000000  666.815712
Iteration: 17 bestvalit: 0.001497 bestmemit:    3.321151  -13.927530    1.000000    0.000000  666.815712
Iteration: 18 bestvalit: 0.001474 bestmemit:    3.321151  -13.927530    1.000000    0.000000  666.815712
Iteration: 19 bestvalit: 0.001474 bestmemit:    3.321151  -13.927530    1.000000    0.000000  666.815712
Iteration: 20 bestvalit: 0.001474 bestmemit:    3.321151  -13.927530    1.000000    0.000000  666.815712
Iteration: 21 bestvalit: 0.001474 bestmemit:    3.321151  -13.927530    1.000000    0.000000  666.815712
Iteration: 22 bestvalit: 0.001474 bestmemit:    3.321151  -13.927530    1.000000    0.000000  666.815712
Iteration: 23 bestvalit: 0.001474 bestmemit:    3.321151  -13.927530    1.000000    0.000000  666.815712
Iteration: 24 bestvalit: 0.001474 bestmemit:    3.321151  -13.927530    1.000000    0.000000  666.815712
Iteration: 25 bestvalit: 0.001474 bestmemit:    3.321151  -13.927530    1.000000    0.000000  666.815712
Iteration: 26 bestvalit: 0.001474 bestmemit:    3.321151  -13.927530    1.000000    0.000000  666.815712
Iteration: 27 bestvalit: 0.001474 bestmemit:    3.321151  -13.927530    1.000000    0.000000  666.815712
Iteration: 28 bestvalit: 0.001474 bestmemit:    3.321151  -13.927530    1.000000    0.000000  666.815712
Iteration: 29 bestvalit: 0.001446 bestmemit:    3.694345   40.102641    1.000000    0.000000  672.156699
Iteration: 30 bestvalit: 0.001446 bestmemit:    3.694345   40.102641    1.000000    0.000000  672.156699
Iteration: 31 bestvalit: 0.001446 bestmemit:    3.694345   40.102641    1.000000    0.000000  672.156699
Iteration: 32 bestvalit: 0.001446 bestmemit:    3.694345   40.102641    1.000000    0.000000  672.156699
Iteration: 33 bestvalit: 0.001446 bestmemit:    3.694345   40.102641    1.000000    0.000000  672.156699
Iteration: 34 bestvalit: 0.001446 bestmemit:    3.694345   40.102641    1.000000    0.000000  672.156699
Iteration: 35 bestvalit: 0.001446 bestmemit:    3.694345   40.102641    1.000000    0.000000  672.156699
Iteration: 36 bestvalit: 0.001446 bestmemit:    3.694345   40.102641    1.000000    0.000000  672.156699
Iteration: 37 bestvalit: 0.001446 bestmemit:    3.694345   40.102641    1.000000    0.000000  672.156699
Iteration: 38 bestvalit: 0.001446 bestmemit:    3.694345   40.102641    1.000000    0.000000  672.156699
Iteration: 39 bestvalit: 0.001446 bestmemit:    3.694345   40.102641    1.000000    0.000000  672.156699
Iteration: 40 bestvalit: 0.001446 bestmemit:    3.694345   40.102641    1.000000    0.000000  672.156699
Iteration: 41 bestvalit: 0.001446 bestmemit:    3.694345   40.102641    1.000000    0.000000  672.156699
Iteration: 42 bestvalit: 0.001446 bestmemit:    3.694345   40.102641    1.000000    0.000000  672.156699
Iteration: 43 bestvalit: 0.001411 bestmemit:    3.632460   -2.706048    1.000000    0.000000  712.290511
Iteration: 44 bestvalit: 0.001411 bestmemit:    3.632460   -2.706048    1.000000    0.000000  712.290511
Iteration: 45 bestvalit: 0.001411 bestmemit:    3.632460   -2.706048    1.000000    0.000000  712.290511
Iteration: 46 bestvalit: 0.001411 bestmemit:    3.632460   -2.706048    1.000000    0.000000  712.290511
Iteration: 47 bestvalit: 0.001411 bestmemit:    3.632460   -2.706048    1.000000    0.000000  712.290511
Iteration: 48 bestvalit: 0.001411 bestmemit:    3.632460   -2.706048    1.000000    0.000000  712.290511
Iteration: 49 bestvalit: 0.001411 bestmemit:    3.632460   -2.706048    1.000000    0.000000  712.290511
Iteration: 50 bestvalit: 0.001411 bestmemit:    3.632460   -2.706048    1.000000    0.000000  712.290511
Iteration: 51 bestvalit: 0.001411 bestmemit:    3.632460   -2.706048    1.000000    0.000000  712.290511
Iteration: 52 bestvalit: 0.001411 bestmemit:    3.632460   -2.706048    1.000000    0.000000  712.290511
Iteration: 53 bestvalit: 0.001411 bestmemit:    3.632460   -2.706048    1.000000    0.000000  712.290511
Iteration: 54 bestvalit: 0.001411 bestmemit:    3.632460   -2.706048    1.000000    0.000000  712.290511
Iteration: 55 bestvalit: 0.001411 bestmemit:    3.632460   -2.706048    1.000000    0.000000  712.290511
Iteration: 56 bestvalit: 0.001411 bestmemit:    3.632460   -2.706048    1.000000    0.000000  712.290511
Iteration: 57 bestvalit: 0.001411 bestmemit:    3.632460   -2.706048    1.000000    0.000000  712.290511
Iteration: 58 bestvalit: 0.001411 bestmemit:    3.632460   -2.706048    1.000000    0.000000  712.290511
Iteration: 59 bestvalit: 0.001411 bestmemit:    3.632460   -2.706048    1.000000    0.000000  712.290511
Iteration: 60 bestvalit: 0.001411 bestmemit:    3.632460   -2.706048    1.000000    0.000000  712.290511
Iteration: 61 bestvalit: 0.001411 bestmemit:    3.632460   -2.706048    1.000000    0.000000  712.290511
Iteration: 62 bestvalit: 0.001411 bestmemit:    3.632460   -2.706048    1.000000    0.000000  712.290511
Iteration: 63 bestvalit: 0.001411 bestmemit:    3.632460   -2.706048    1.000000    0.000000  712.290511
Iteration: 64 bestvalit: 0.001411 bestmemit:    3.632460   -2.706048    1.000000    0.000000  712.290511
Iteration: 65 bestvalit: 0.001411 bestmemit:    3.632460   -2.706048    1.000000    0.000000  712.290511
Iteration: 66 bestvalit: 0.001411 bestmemit:    3.632460   -2.706048    1.000000    0.000000  712.290511
Iteration: 67 bestvalit: 0.001411 bestmemit:    3.632460   -2.706048    1.000000    0.000000  712.290511
Iteration: 68 bestvalit: 0.001411 bestmemit:    3.632460   -2.706048    1.000000    0.000000  712.290511
Iteration: 69 bestvalit: 0.001411 bestmemit:    3.632460   -2.706048    1.000000    0.000000  712.290511
Iteration: 70 bestvalit: 0.001411 bestmemit:    3.632460   -2.706048    1.000000    0.000000  712.290511
Iteration: 71 bestvalit: 0.001411 bestmemit:    3.632460   -2.706048    1.000000    0.000000  712.290511
Iteration: 72 bestvalit: 0.001411 bestmemit:    3.632460   -2.706048    1.000000    0.000000  712.290511
Iteration: 73 bestvalit: 0.001411 bestmemit:    3.632460   -2.706048    1.000000    0.000000  712.290511
Iteration: 74 bestvalit: 0.001411 bestmemit:    3.632460   -2.706048    1.000000    0.000000  712.290511
Iteration: 75 bestvalit: 0.001411 bestmemit:    3.632460   -2.706048    1.000000    0.000000  712.290511
Iteration: 76 bestvalit: 0.001411 bestmemit:    3.632460   -2.706048    1.000000    0.000000  712.290511
Iteration: 77 bestvalit: 0.001411 bestmemit:    3.632460   -2.706048    1.000000    0.000000  712.290511
Iteration: 78 bestvalit: 0.001411 bestmemit:    3.632460   -2.706048    1.000000    0.000000  712.290511
Iteration: 79 bestvalit: 0.001411 bestmemit:    3.632460   -2.706048    1.000000    0.000000  712.290511
Iteration: 80 bestvalit: 0.001411 bestmemit:    3.632460   -2.706048    1.000000    0.000000  712.290511
Iteration: 81 bestvalit: 0.001411 bestmemit:    3.632460   -2.706048    1.000000    0.000000  712.290511
Iteration: 82 bestvalit: 0.001411 bestmemit:    3.632460   -2.706048    1.000000    0.000000  712.290511
Iteration: 83 bestvalit: 0.001411 bestmemit:    3.632460   -2.706048    1.000000    0.000000  712.290511
Iteration: 84 bestvalit: 0.001411 bestmemit:    3.632460   -2.706048    1.000000    0.000000  712.290511
Iteration: 85 bestvalit: 0.001411 bestmemit:    3.632460   -2.706048    1.000000    0.000000  712.290511
Iteration: 86 bestvalit: 0.001411 bestmemit:    3.632460   -2.706048    1.000000    0.000000  712.290511
Iteration: 87 bestvalit: 0.001411 bestmemit:    3.632460   -2.706048    1.000000    0.000000  712.290511
Iteration: 88 bestvalit: 0.001411 bestmemit:    3.632460   -2.706048    1.000000    0.000000  712.290511
Iteration: 89 bestvalit: 0.001411 bestmemit:    3.632460   -2.706048    1.000000    0.000000  712.290511
Iteration: 90 bestvalit: 0.001411 bestmemit:    3.632460   -2.706048    1.000000    0.000000  712.290511
Iteration: 91 bestvalit: 0.001411 bestmemit:    3.632460   -2.706048    1.000000    0.000000  712.290511
Iteration: 92 bestvalit: 0.001411 bestmemit:    3.632460   -2.706048    1.000000    0.000000  712.290511
Iteration: 93 bestvalit: 0.001411 bestmemit:    3.632460   -2.706048    1.000000    0.000000  712.290511
Iteration: 94 bestvalit: 0.001411 bestmemit:    3.632460   -2.706048    1.000000    0.000000  712.290511
Iteration: 95 bestvalit: 0.001411 bestmemit:    3.632460   -2.706048    1.000000    0.000000  712.290511
Iteration: 96 bestvalit: 0.001411 bestmemit:    3.632460   -2.706048    1.000000    0.000000  712.290511
Iteration: 97 bestvalit: 0.001411 bestmemit:    3.632460   -2.706048    1.000000    0.000000  712.290511
Iteration: 98 bestvalit: 0.001411 bestmemit:    3.632460   -2.706048    1.000000    0.000000  712.290511
Iteration: 99 bestvalit: 0.001411 bestmemit:    3.632460   -2.706048    1.000000    0.000000  712.290511
Iteration: 100 bestvalit: 0.001411 bestmemit:    3.632460   -2.706048    1.000000    0.000000  712.290511
Iteration: 101 bestvalit: 0.001411 bestmemit:    3.632460   -2.706048    1.000000    0.000000  712.290511
Iteration: 102 bestvalit: 0.001411 bestmemit:    3.632460   -2.706048    1.000000    0.000000  712.290511
Iteration: 103 bestvalit: 0.001411 bestmemit:    3.632460   -2.706048    1.000000    0.000000  712.290511
Iteration: 104 bestvalit: 0.001411 bestmemit:    3.632460   -2.706048    1.000000    0.000000  712.290511
Iteration: 105 bestvalit: 0.001411 bestmemit:    3.632460   -2.706048    1.000000    0.000000  712.290511
Iteration: 106 bestvalit: 0.001411 bestmemit:    3.632460   -2.706048    1.000000    0.000000  712.290511
Iteration: 107 bestvalit: 0.001411 bestmemit:    3.632460   -2.706048    1.000000    0.000000  712.290511
Iteration: 108 bestvalit: 0.001411 bestmemit:    3.632460   -2.706048    1.000000    0.000000  712.290511
Iteration: 109 bestvalit: 0.001411 bestmemit:    3.632460   -2.706048    1.000000    0.000000  712.290511
Iteration: 110 bestvalit: 0.001411 bestmemit:    3.632460   -2.706048    1.000000    0.000000  712.290511
Iteration: 111 bestvalit: 0.001411 bestmemit:    3.632460   -2.706048    1.000000    0.000000  712.290511
Iteration: 112 bestvalit: 0.001411 bestmemit:    3.632460   -2.706048    1.000000    0.000000  712.290511
Iteration: 113 bestvalit: 0.001411 bestmemit:    3.632460   -2.706048    1.000000    0.000000  712.290511
Iteration: 114 bestvalit: 0.001411 bestmemit:    3.632460   -2.706048    1.000000    0.000000  712.290511
Iteration: 115 bestvalit: 0.001411 bestmemit:    3.632460   -2.706048    1.000000    0.000000  712.290511
Iteration: 116 bestvalit: 0.001411 bestmemit:    3.632460   -2.706048    1.000000    0.000000  712.290511
Iteration: 117 bestvalit: 0.001411 bestmemit:    3.632460   -2.706048    1.000000    0.000000  712.290511
Iteration: 118 bestvalit: 0.001411 bestmemit:    3.632460   -2.706048    1.000000    0.000000  712.290511
Iteration: 119 bestvalit: 0.001411 bestmemit:    3.632460   -2.706048    1.000000    0.000000  712.290511
Iteration: 120 bestvalit: 0.001411 bestmemit:    3.632460   -2.706048    1.000000    0.000000  712.290511
Iteration: 121 bestvalit: 0.001411 bestmemit:    3.632460   -2.706048    1.000000    0.000000  712.290511
Iteration: 122 bestvalit: 0.001411 bestmemit:    3.632460   -2.706048    1.000000    0.000000  712.290511
Iteration: 123 bestvalit: 0.001411 bestmemit:    3.632460   -2.706048    1.000000    0.000000  712.290511
Iteration: 124 bestvalit: 0.001411 bestmemit:    3.632460   -2.706048    1.000000    0.000000  712.290511
Iteration: 125 bestvalit: 0.001411 bestmemit:    3.632460   -2.706048    1.000000    0.000000  712.290511
Iteration: 126 bestvalit: 0.001411 bestmemit:    3.632460   -2.706048    1.000000    0.000000  712.290511
Iteration: 127 bestvalit: 0.001411 bestmemit:    3.632460   -2.706048    1.000000    0.000000  712.290511
Iteration: 128 bestvalit: 0.001411 bestmemit:    3.632460   -2.706048    1.000000    0.000000  712.290511
Iteration: 129 bestvalit: 0.001411 bestmemit:    3.632460   -2.706048    1.000000    0.000000  712.290511
Iteration: 130 bestvalit: 0.001411 bestmemit:    3.632460   -2.706048    1.000000    0.000000  712.290511
Iteration: 131 bestvalit: 0.001411 bestmemit:    3.632460   -2.706048    1.000000    0.000000  712.290511
Iteration: 132 bestvalit: 0.001411 bestmemit:    3.632460   -2.706048    1.000000    0.000000  712.290511
Iteration: 133 bestvalit: 0.001411 bestmemit:    3.632460   -2.706048    1.000000    0.000000  712.290511
Iteration: 134 bestvalit: 0.001411 bestmemit:    3.632460   -2.706048    1.000000    0.000000  712.290511
Iteration: 135 bestvalit: 0.001411 bestmemit:    3.632460   -2.706048    1.000000    0.000000  712.290511
Iteration: 136 bestvalit: 0.001411 bestmemit:    3.632460   -2.706048    1.000000    0.000000  712.290511
Iteration: 137 bestvalit: 0.001411 bestmemit:    3.632460   -2.706048    1.000000    0.000000  712.290511
Iteration: 138 bestvalit: 0.001411 bestmemit:    3.632460   -2.706048    1.000000    0.000000  712.290511
Iteration: 139 bestvalit: 0.001411 bestmemit:    3.632460   -2.706048    1.000000    0.000000  712.290511
Iteration: 140 bestvalit: 0.001411 bestmemit:    3.632460   -2.706048    1.000000    0.000000  712.290511
Iteration: 141 bestvalit: 0.001411 bestmemit:    3.632460   -2.706048    1.000000    0.000000  712.290511
Iteration: 142 bestvalit: 0.001411 bestmemit:    3.632460   -2.706048    1.000000    0.000000  712.290511
Iteration: 143 bestvalit: 0.001411 bestmemit:    3.632460   -2.706048    1.000000    0.000000  712.290511
Iteration: 144 bestvalit: 0.001411 bestmemit:    3.632460   -2.706048    1.000000    0.000000  712.290511

***** summary of DEoptim object ***** 
best member   :  3.63246 -2.70605 1 0 712.2905 
best value    :  0.00141 
after         :  144 generations 
fn evaluated  :  290 times 
*************************************
