SLURM_JOB_ID: 55185248
SLURM_JOB_USER: vsc34066
SLURM_JOB_ACCOUNT: lp_desenderlab
SLURM_JOB_NAME: fit_alternating_fb_trim_skip.slurm
SLURM_CLUSTER_NAME: genius
SLURM_JOB_PARTITION: batch
SLURM_ARRAY_JOB_ID: 55185173
SLURM_ARRAY_TASK_ID: 75
SLURM_NNODES: 1
SLURM_NODELIST: r25i27n15
SLURM_JOB_CPUS_PER_NODE: 8
Date: Tue Aug  8 11:36:18 CEST 2023
Walltime: 00-23:59:00
========================================================================
Iteration: 1 bestvalit: 0.005015 bestmemit:   35.584551    3.923161    1.000000  336.988873
Iteration: 2 bestvalit: 0.005015 bestmemit:   35.584551    3.923161    1.000000  336.988873
Iteration: 3 bestvalit: 0.004985 bestmemit:   28.438371  -19.318551    1.000000  279.679794
Iteration: 4 bestvalit: 0.004985 bestmemit:   28.438371  -19.318551    1.000000  279.679794
Iteration: 5 bestvalit: 0.004985 bestmemit:   28.438371  -19.318551    1.000000  279.679794
Iteration: 6 bestvalit: 0.004721 bestmemit:   28.438371   30.855584    1.000000  279.679794
Iteration: 7 bestvalit: 0.004721 bestmemit:   28.438371   30.855584    1.000000  279.679794
Iteration: 8 bestvalit: 0.004409 bestmemit:   28.438371   30.855584    1.000000  279.679794
Iteration: 9 bestvalit: 0.004409 bestmemit:   28.438371   30.855584    1.000000  279.679794
Iteration: 10 bestvalit: 0.004409 bestmemit:   28.438371   30.855584    1.000000  279.679794
Iteration: 11 bestvalit: 0.004409 bestmemit:   28.438371   30.855584    1.000000  279.679794
Iteration: 12 bestvalit: 0.004409 bestmemit:   28.438371   30.855584    1.000000  279.679794
Iteration: 13 bestvalit: 0.004409 bestmemit:   28.438371   30.855584    1.000000  279.679794
Iteration: 14 bestvalit: 0.004409 bestmemit:   28.438371   30.855584    1.000000  279.679794
Iteration: 15 bestvalit: 0.003997 bestmemit:   23.256952  -13.378376    1.000000  228.866405
Iteration: 16 bestvalit: 0.003997 bestmemit:   23.256952  -13.378376    1.000000  228.866405
Iteration: 17 bestvalit: 0.003997 bestmemit:   23.256952  -13.378376    1.000000  228.866405
Iteration: 18 bestvalit: 0.003997 bestmemit:   23.256952  -13.378376    1.000000  228.866405
Iteration: 19 bestvalit: 0.003997 bestmemit:   23.256952  -13.378376    1.000000  228.866405
Iteration: 20 bestvalit: 0.003997 bestmemit:   23.256952  -13.378376    1.000000  228.866405
Iteration: 21 bestvalit: 0.003997 bestmemit:   23.256952  -13.378376    1.000000  228.866405
Iteration: 22 bestvalit: 0.003997 bestmemit:   23.256952  -13.378376    1.000000  228.866405
Iteration: 23 bestvalit: 0.003997 bestmemit:   23.256952  -13.378376    1.000000  228.866405
Iteration: 24 bestvalit: 0.003997 bestmemit:   23.256952  -13.378376    1.000000  228.866405
Iteration: 25 bestvalit: 0.003997 bestmemit:   23.256952  -13.378376    1.000000  228.866405
Iteration: 26 bestvalit: 0.003997 bestmemit:   23.256952  -13.378376    1.000000  228.866405
Iteration: 27 bestvalit: 0.003997 bestmemit:   23.256952  -13.378376    1.000000  228.866405
Iteration: 28 bestvalit: 0.003997 bestmemit:   23.256952  -13.378376    1.000000  228.866405
Iteration: 29 bestvalit: 0.003997 bestmemit:   23.256952  -13.378376    1.000000  228.866405
Iteration: 30 bestvalit: 0.003997 bestmemit:   23.256952  -13.378376    1.000000  228.866405
Iteration: 31 bestvalit: 0.003997 bestmemit:   23.256952  -13.378376    1.000000  228.866405
Iteration: 32 bestvalit: 0.003997 bestmemit:   23.256952  -13.378376    1.000000  228.866405
Iteration: 33 bestvalit: 0.003730 bestmemit:   29.107753   17.663256    1.000000  224.407504
Iteration: 34 bestvalit: 0.003730 bestmemit:   29.107753   17.663256    1.000000  224.407504
Iteration: 35 bestvalit: 0.003730 bestmemit:   29.107753   17.663256    1.000000  224.407504
Iteration: 36 bestvalit: 0.003730 bestmemit:   29.107753   17.663256    1.000000  224.407504
Iteration: 37 bestvalit: 0.003730 bestmemit:   29.107753   17.663256    1.000000  224.407504
Iteration: 38 bestvalit: 0.003730 bestmemit:   29.107753   17.663256    1.000000  224.407504
Iteration: 39 bestvalit: 0.003730 bestmemit:   29.107753   17.663256    1.000000  224.407504
Iteration: 40 bestvalit: 0.003730 bestmemit:   29.107753   17.663256    1.000000  224.407504
Iteration: 41 bestvalit: 0.003730 bestmemit:   29.107753   17.663256    1.000000  224.407504
Iteration: 42 bestvalit: 0.003730 bestmemit:   29.107753   17.663256    1.000000  224.407504
Iteration: 43 bestvalit: 0.003730 bestmemit:   29.107753   17.663256    1.000000  224.407504
Iteration: 44 bestvalit: 0.003730 bestmemit:   29.107753   17.663256    1.000000  224.407504
Iteration: 45 bestvalit: 0.003730 bestmemit:   29.107753   17.663256    1.000000  224.407504
Iteration: 46 bestvalit: 0.003730 bestmemit:   29.107753   17.663256    1.000000  224.407504
Iteration: 47 bestvalit: 0.003730 bestmemit:   29.107753   17.663256    1.000000  224.407504
Iteration: 48 bestvalit: 0.003730 bestmemit:   29.107753   17.663256    1.000000  224.407504
Iteration: 49 bestvalit: 0.003730 bestmemit:   29.107753   17.663256    1.000000  224.407504
Iteration: 50 bestvalit: 0.003730 bestmemit:   29.107753   17.663256    1.000000  224.407504
Iteration: 51 bestvalit: 0.003730 bestmemit:   29.107753   17.663256    1.000000  224.407504
Iteration: 52 bestvalit: 0.003730 bestmemit:   29.107753   17.663256    1.000000  224.407504
Iteration: 53 bestvalit: 0.003730 bestmemit:   29.107753   17.663256    1.000000  224.407504
Iteration: 54 bestvalit: 0.003730 bestmemit:   29.107753   17.663256    1.000000  224.407504
Iteration: 55 bestvalit: 0.003730 bestmemit:   29.107753   17.663256    1.000000  224.407504
Iteration: 56 bestvalit: 0.003730 bestmemit:   29.107753   17.663256    1.000000  224.407504
Iteration: 57 bestvalit: 0.003730 bestmemit:   29.107753   17.663256    1.000000  224.407504
Iteration: 58 bestvalit: 0.003730 bestmemit:   29.107753   17.663256    1.000000  224.407504
Iteration: 59 bestvalit: 0.003730 bestmemit:   29.107753   17.663256    1.000000  224.407504
Iteration: 60 bestvalit: 0.003730 bestmemit:   29.107753   17.663256    1.000000  224.407504
Iteration: 61 bestvalit: 0.003730 bestmemit:   29.107753   17.663256    1.000000  224.407504
Iteration: 62 bestvalit: 0.003730 bestmemit:   29.107753   17.663256    1.000000  224.407504
Iteration: 63 bestvalit: 0.003730 bestmemit:   29.107753   17.663256    1.000000  224.407504
Iteration: 64 bestvalit: 0.003730 bestmemit:   29.107753   17.663256    1.000000  224.407504
Iteration: 65 bestvalit: 0.003730 bestmemit:   29.107753   17.663256    1.000000  224.407504
Iteration: 66 bestvalit: 0.003730 bestmemit:   29.107753   17.663256    1.000000  224.407504
Iteration: 67 bestvalit: 0.003730 bestmemit:   29.107753   17.663256    1.000000  224.407504
Iteration: 68 bestvalit: 0.003730 bestmemit:   29.107753   17.663256    1.000000  224.407504
Iteration: 69 bestvalit: 0.003730 bestmemit:   29.107753   17.663256    1.000000  224.407504
Iteration: 70 bestvalit: 0.003730 bestmemit:   29.107753   17.663256    1.000000  224.407504
Iteration: 71 bestvalit: 0.003730 bestmemit:   29.107753   17.663256    1.000000  224.407504
Iteration: 72 bestvalit: 0.003730 bestmemit:   29.107753   17.663256    1.000000  224.407504
Iteration: 73 bestvalit: 0.003730 bestmemit:   29.107753   17.663256    1.000000  224.407504
Iteration: 74 bestvalit: 0.003730 bestmemit:   29.107753   17.663256    1.000000  224.407504
Iteration: 75 bestvalit: 0.003730 bestmemit:   29.107753   17.663256    1.000000  224.407504
Iteration: 76 bestvalit: 0.003730 bestmemit:   29.107753   17.663256    1.000000  224.407504
Iteration: 77 bestvalit: 0.003730 bestmemit:   29.107753   17.663256    1.000000  224.407504
Iteration: 78 bestvalit: 0.003730 bestmemit:   29.107753   17.663256    1.000000  224.407504
Iteration: 79 bestvalit: 0.003730 bestmemit:   29.107753   17.663256    1.000000  224.407504
Iteration: 80 bestvalit: 0.003730 bestmemit:   29.107753   17.663256    1.000000  224.407504
Iteration: 81 bestvalit: 0.003730 bestmemit:   29.107753   17.663256    1.000000  224.407504
Iteration: 82 bestvalit: 0.003730 bestmemit:   29.107753   17.663256    1.000000  224.407504
Iteration: 83 bestvalit: 0.003730 bestmemit:   29.107753   17.663256    1.000000  224.407504
Iteration: 84 bestvalit: 0.003730 bestmemit:   29.107753   17.663256    1.000000  224.407504
Iteration: 85 bestvalit: 0.003730 bestmemit:   29.107753   17.663256    1.000000  224.407504
Iteration: 86 bestvalit: 0.003730 bestmemit:   29.107753   17.663256    1.000000  224.407504
Iteration: 87 bestvalit: 0.003730 bestmemit:   29.107753   17.663256    1.000000  224.407504
Iteration: 88 bestvalit: 0.003730 bestmemit:   29.107753   17.663256    1.000000  224.407504
Iteration: 89 bestvalit: 0.003730 bestmemit:   29.107753   17.663256    1.000000  224.407504
Iteration: 90 bestvalit: 0.003730 bestmemit:   29.107753   17.663256    1.000000  224.407504
Iteration: 91 bestvalit: 0.003730 bestmemit:   29.107753   17.663256    1.000000  224.407504
Iteration: 92 bestvalit: 0.003730 bestmemit:   29.107753   17.663256    1.000000  224.407504
Iteration: 93 bestvalit: 0.003730 bestmemit:   29.107753   17.663256    1.000000  224.407504
Iteration: 94 bestvalit: 0.003694 bestmemit:   33.841076   11.134492    1.000000  236.827955
Iteration: 95 bestvalit: 0.003694 bestmemit:   33.841076   11.134492    1.000000  236.827955
Iteration: 96 bestvalit: 0.003694 bestmemit:   33.841076   11.134492    1.000000  236.827955
Iteration: 97 bestvalit: 0.003694 bestmemit:   33.841076   11.134492    1.000000  236.827955
Iteration: 98 bestvalit: 0.003694 bestmemit:   33.841076   11.134492    1.000000  236.827955
Iteration: 99 bestvalit: 0.003694 bestmemit:   33.841076   11.134492    1.000000  236.827955
Iteration: 100 bestvalit: 0.003694 bestmemit:   33.841076   11.134492    1.000000  236.827955
Iteration: 101 bestvalit: 0.003694 bestmemit:   33.841076   11.134492    1.000000  236.827955
Iteration: 102 bestvalit: 0.003694 bestmemit:   33.841076   11.134492    1.000000  236.827955
Iteration: 103 bestvalit: 0.003694 bestmemit:   33.841076   11.134492    1.000000  236.827955
Iteration: 104 bestvalit: 0.003694 bestmemit:   33.841076   11.134492    1.000000  236.827955
Iteration: 105 bestvalit: 0.003694 bestmemit:   33.841076   11.134492    1.000000  236.827955
Iteration: 106 bestvalit: 0.003694 bestmemit:   33.841076   11.134492    1.000000  236.827955
Iteration: 107 bestvalit: 0.003694 bestmemit:   33.841076   11.134492    1.000000  236.827955
Iteration: 108 bestvalit: 0.003694 bestmemit:   33.841076   11.134492    1.000000  236.827955
Iteration: 109 bestvalit: 0.003694 bestmemit:   33.841076   11.134492    1.000000  236.827955
Iteration: 110 bestvalit: 0.003694 bestmemit:   33.841076   11.134492    1.000000  236.827955
Iteration: 111 bestvalit: 0.003694 bestmemit:   33.841076   11.134492    1.000000  236.827955
Iteration: 112 bestvalit: 0.003694 bestmemit:   33.841076   11.134492    1.000000  236.827955
Iteration: 113 bestvalit: 0.003694 bestmemit:   33.841076   11.134492    1.000000  236.827955
Iteration: 114 bestvalit: 0.003694 bestmemit:   33.841076   11.134492    1.000000  236.827955
Iteration: 115 bestvalit: 0.003694 bestmemit:   33.841076   11.134492    1.000000  236.827955
Iteration: 116 bestvalit: 0.003694 bestmemit:   33.841076   11.134492    1.000000  236.827955
Iteration: 117 bestvalit: 0.003694 bestmemit:   33.841076   11.134492    1.000000  236.827955
Iteration: 118 bestvalit: 0.003694 bestmemit:   33.841076   11.134492    1.000000  236.827955
Iteration: 119 bestvalit: 0.003694 bestmemit:   33.841076   11.134492    1.000000  236.827955
Iteration: 120 bestvalit: 0.003694 bestmemit:   33.841076   11.134492    1.000000  236.827955
Iteration: 121 bestvalit: 0.003694 bestmemit:   33.841076   11.134492    1.000000  236.827955
Iteration: 122 bestvalit: 0.003694 bestmemit:   33.841076   11.134492    1.000000  236.827955
Iteration: 123 bestvalit: 0.003694 bestmemit:   33.841076   11.134492    1.000000  236.827955
Iteration: 124 bestvalit: 0.003694 bestmemit:   33.841076   11.134492    1.000000  236.827955
Iteration: 125 bestvalit: 0.003694 bestmemit:   33.841076   11.134492    1.000000  236.827955
Iteration: 126 bestvalit: 0.003694 bestmemit:   33.841076   11.134492    1.000000  236.827955
Iteration: 127 bestvalit: 0.003694 bestmemit:   33.841076   11.134492    1.000000  236.827955
Iteration: 128 bestvalit: 0.003694 bestmemit:   33.841076   11.134492    1.000000  236.827955
Iteration: 129 bestvalit: 0.003694 bestmemit:   33.841076   11.134492    1.000000  236.827955
Iteration: 130 bestvalit: 0.003694 bestmemit:   33.841076   11.134492    1.000000  236.827955
Iteration: 131 bestvalit: 0.003694 bestmemit:   33.841076   11.134492    1.000000  236.827955
Iteration: 132 bestvalit: 0.003694 bestmemit:   33.841076   11.134492    1.000000  236.827955
Iteration: 133 bestvalit: 0.003694 bestmemit:   33.841076   11.134492    1.000000  236.827955
Iteration: 134 bestvalit: 0.003694 bestmemit:   33.841076   11.134492    1.000000  236.827955
Iteration: 135 bestvalit: 0.003694 bestmemit:   33.841076   11.134492    1.000000  236.827955
Iteration: 136 bestvalit: 0.003694 bestmemit:   33.841076   11.134492    1.000000  236.827955
Iteration: 137 bestvalit: 0.003694 bestmemit:   33.841076   11.134492    1.000000  236.827955
Iteration: 138 bestvalit: 0.003694 bestmemit:   33.841076   11.134492    1.000000  236.827955
Iteration: 139 bestvalit: 0.003694 bestmemit:   33.841076   11.134492    1.000000  236.827955
Iteration: 140 bestvalit: 0.003694 bestmemit:   33.841076   11.134492    1.000000  236.827955
Iteration: 141 bestvalit: 0.003694 bestmemit:   33.841076   11.134492    1.000000  236.827955
Iteration: 142 bestvalit: 0.003694 bestmemit:   33.841076   11.134492    1.000000  236.827955
Iteration: 143 bestvalit: 0.003694 bestmemit:   33.841076   11.134492    1.000000  236.827955
Iteration: 144 bestvalit: 0.003694 bestmemit:   33.841076   11.134492    1.000000  236.827955
Iteration: 145 bestvalit: 0.003694 bestmemit:   33.841076   11.134492    1.000000  236.827955
Iteration: 146 bestvalit: 0.003694 bestmemit:   33.841076   11.134492    1.000000  236.827955
Iteration: 147 bestvalit: 0.003694 bestmemit:   33.841076   11.134492    1.000000  236.827955
Iteration: 148 bestvalit: 0.003694 bestmemit:   33.841076   11.134492    1.000000  236.827955
Iteration: 149 bestvalit: 0.003694 bestmemit:   33.841076   11.134492    1.000000  236.827955
Iteration: 150 bestvalit: 0.003694 bestmemit:   33.841076   11.134492    1.000000  236.827955
Iteration: 151 bestvalit: 0.003694 bestmemit:   33.841076   11.134492    1.000000  236.827955
Iteration: 152 bestvalit: 0.003694 bestmemit:   33.841076   11.134492    1.000000  236.827955
Iteration: 153 bestvalit: 0.003694 bestmemit:   33.841076   11.134492    1.000000  236.827955
Iteration: 154 bestvalit: 0.003694 bestmemit:   33.841076   11.134492    1.000000  236.827955
Iteration: 155 bestvalit: 0.003694 bestmemit:   33.841076   11.134492    1.000000  236.827955
Iteration: 156 bestvalit: 0.003694 bestmemit:   33.841076   11.134492    1.000000  236.827955
Iteration: 157 bestvalit: 0.003694 bestmemit:   33.841076   11.134492    1.000000  236.827955
Iteration: 158 bestvalit: 0.003694 bestmemit:   33.841076   11.134492    1.000000  236.827955
Iteration: 159 bestvalit: 0.003694 bestmemit:   33.841076   11.134492    1.000000  236.827955
Iteration: 160 bestvalit: 0.003694 bestmemit:   33.841076   11.134492    1.000000  236.827955
Iteration: 161 bestvalit: 0.003694 bestmemit:   33.841076   11.134492    1.000000  236.827955
Iteration: 162 bestvalit: 0.003694 bestmemit:   33.841076   11.134492    1.000000  236.827955
Iteration: 163 bestvalit: 0.003694 bestmemit:   33.841076   11.134492    1.000000  236.827955
Iteration: 164 bestvalit: 0.003694 bestmemit:   33.841076   11.134492    1.000000  236.827955
Iteration: 165 bestvalit: 0.003694 bestmemit:   33.841076   11.134492    1.000000  236.827955

***** summary of DEoptim object ***** 
best member   :  33.84108 11.13449 1 236.8279 
best value    :  0.00369 
after         :  165 generations 
fn evaluated  :  332 times 
*************************************
