SLURM_JOB_ID: 55185228
SLURM_JOB_USER: vsc34066
SLURM_JOB_ACCOUNT: lp_desenderlab
SLURM_JOB_NAME: fit_alternating_fb_trim_skip.slurm
SLURM_CLUSTER_NAME: genius
SLURM_JOB_PARTITION: batch
SLURM_ARRAY_JOB_ID: 55185173
SLURM_ARRAY_TASK_ID: 55
SLURM_NNODES: 1
SLURM_NODELIST: r27i27n10
SLURM_JOB_CPUS_PER_NODE: 8
Date: Tue Aug  8 11:36:16 CEST 2023
Walltime: 00-23:59:00
========================================================================
Iteration: 1 bestvalit: 0.013216 bestmemit:    3.429687  -78.579516    1.000000  336.320416
Iteration: 2 bestvalit: 0.011095 bestmemit:   38.848897   20.606322    1.000000  201.706679
Iteration: 3 bestvalit: 0.009839 bestmemit:   43.820568  -78.579516    1.000000  211.587440
Iteration: 4 bestvalit: 0.009025 bestmemit:   38.848897   10.858292    1.000000  201.706679
Iteration: 5 bestvalit: 0.009025 bestmemit:   38.848897   10.858292    1.000000  201.706679
Iteration: 6 bestvalit: 0.009025 bestmemit:   38.848897   10.858292    1.000000  201.706679
Iteration: 7 bestvalit: 0.009025 bestmemit:   38.848897   10.858292    1.000000  201.706679
Iteration: 8 bestvalit: 0.008610 bestmemit:   49.040022   10.858292    1.000000  201.706679
Iteration: 9 bestvalit: 0.008610 bestmemit:   49.040022   10.858292    1.000000  201.706679
Iteration: 10 bestvalit: 0.008610 bestmemit:   49.040022   10.858292    1.000000  201.706679
Iteration: 11 bestvalit: 0.008570 bestmemit:   22.281615    4.055384    1.000000  148.625971
Iteration: 12 bestvalit: 0.008570 bestmemit:   22.281615    4.055384    1.000000  148.625971
Iteration: 13 bestvalit: 0.008570 bestmemit:   22.281615    4.055384    1.000000  148.625971
Iteration: 14 bestvalit: 0.008570 bestmemit:   22.281615    4.055384    1.000000  148.625971
Iteration: 15 bestvalit: 0.008570 bestmemit:   22.281615    4.055384    1.000000  148.625971
Iteration: 16 bestvalit: 0.007740 bestmemit:   35.730562   39.543984    1.000000  172.447988
Iteration: 17 bestvalit: 0.007740 bestmemit:   35.730562   39.543984    1.000000  172.447988
Iteration: 18 bestvalit: 0.007740 bestmemit:   35.730562   39.543984    1.000000  172.447988
Iteration: 19 bestvalit: 0.007740 bestmemit:   35.730562   39.543984    1.000000  172.447988
Iteration: 20 bestvalit: 0.007740 bestmemit:   35.730562   39.543984    1.000000  172.447988
Iteration: 21 bestvalit: 0.007740 bestmemit:   35.730562   39.543984    1.000000  172.447988
Iteration: 22 bestvalit: 0.007740 bestmemit:   35.730562   39.543984    1.000000  172.447988
Iteration: 23 bestvalit: 0.007740 bestmemit:   35.730562   39.543984    1.000000  172.447988
Iteration: 24 bestvalit: 0.007740 bestmemit:   35.730562   39.543984    1.000000  172.447988
Iteration: 25 bestvalit: 0.007740 bestmemit:   35.730562   39.543984    1.000000  172.447988
Iteration: 26 bestvalit: 0.007740 bestmemit:   35.730562   39.543984    1.000000  172.447988
Iteration: 27 bestvalit: 0.007740 bestmemit:   35.730562   39.543984    1.000000  172.447988
Iteration: 28 bestvalit: 0.007740 bestmemit:   35.730562   39.543984    1.000000  172.447988
Iteration: 29 bestvalit: 0.007740 bestmemit:   35.730562   39.543984    1.000000  172.447988
Iteration: 30 bestvalit: 0.007740 bestmemit:   35.730562   39.543984    1.000000  172.447988
Iteration: 31 bestvalit: 0.007740 bestmemit:   35.730562   39.543984    1.000000  172.447988
Iteration: 32 bestvalit: 0.007740 bestmemit:   35.730562   39.543984    1.000000  172.447988
Iteration: 33 bestvalit: 0.007740 bestmemit:   35.730562   39.543984    1.000000  172.447988
Iteration: 34 bestvalit: 0.007740 bestmemit:   35.730562   39.543984    1.000000  172.447988
Iteration: 35 bestvalit: 0.007740 bestmemit:   35.730562   39.543984    1.000000  172.447988
Iteration: 36 bestvalit: 0.007740 bestmemit:   35.730562   39.543984    1.000000  172.447988
Iteration: 37 bestvalit: 0.007740 bestmemit:   35.730562   39.543984    1.000000  172.447988
Iteration: 38 bestvalit: 0.007740 bestmemit:   35.730562   39.543984    1.000000  172.447988
Iteration: 39 bestvalit: 0.007740 bestmemit:   35.730562   39.543984    1.000000  172.447988
Iteration: 40 bestvalit: 0.007740 bestmemit:   35.730562   39.543984    1.000000  172.447988
Iteration: 41 bestvalit: 0.007740 bestmemit:   35.730562   39.543984    1.000000  172.447988
Iteration: 42 bestvalit: 0.007740 bestmemit:   35.730562   39.543984    1.000000  172.447988
Iteration: 43 bestvalit: 0.007740 bestmemit:   35.730562   39.543984    1.000000  172.447988
Iteration: 44 bestvalit: 0.007740 bestmemit:   35.730562   39.543984    1.000000  172.447988
Iteration: 45 bestvalit: 0.007740 bestmemit:   35.730562   39.543984    1.000000  172.447988
Iteration: 46 bestvalit: 0.007740 bestmemit:   35.730562   39.543984    1.000000  172.447988
Iteration: 47 bestvalit: 0.007740 bestmemit:   35.730562   39.543984    1.000000  172.447988
Iteration: 48 bestvalit: 0.007740 bestmemit:   35.730562   39.543984    1.000000  172.447988
Iteration: 49 bestvalit: 0.007740 bestmemit:   35.730562   39.543984    1.000000  172.447988
Iteration: 50 bestvalit: 0.007404 bestmemit:    8.220505   -3.617791    1.000000  203.309381
Iteration: 51 bestvalit: 0.007404 bestmemit:    8.220505   -3.617791    1.000000  203.309381
Iteration: 52 bestvalit: 0.007404 bestmemit:    8.220505   -3.617791    1.000000  203.309381
Iteration: 53 bestvalit: 0.007404 bestmemit:    8.220505   -3.617791    1.000000  203.309381
Iteration: 54 bestvalit: 0.007404 bestmemit:    8.220505   -3.617791    1.000000  203.309381
Iteration: 55 bestvalit: 0.007404 bestmemit:    8.220505   -3.617791    1.000000  203.309381
Iteration: 56 bestvalit: 0.007404 bestmemit:    8.220505   -3.617791    1.000000  203.309381
Iteration: 57 bestvalit: 0.007404 bestmemit:    8.220505   -3.617791    1.000000  203.309381
Iteration: 58 bestvalit: 0.007404 bestmemit:    8.220505   -3.617791    1.000000  203.309381
Iteration: 59 bestvalit: 0.007404 bestmemit:    8.220505   -3.617791    1.000000  203.309381
Iteration: 60 bestvalit: 0.007404 bestmemit:    8.220505   -3.617791    1.000000  203.309381
Iteration: 61 bestvalit: 0.007404 bestmemit:    8.220505   -3.617791    1.000000  203.309381
Iteration: 62 bestvalit: 0.007404 bestmemit:    8.220505   -3.617791    1.000000  203.309381
Iteration: 63 bestvalit: 0.007404 bestmemit:    8.220505   -3.617791    1.000000  203.309381
Iteration: 64 bestvalit: 0.007404 bestmemit:    8.220505   -3.617791    1.000000  203.309381
Iteration: 65 bestvalit: 0.007404 bestmemit:    8.220505   -3.617791    1.000000  203.309381
Iteration: 66 bestvalit: 0.007404 bestmemit:    8.220505   -3.617791    1.000000  203.309381
Iteration: 67 bestvalit: 0.007404 bestmemit:    8.220505   -3.617791    1.000000  203.309381
Iteration: 68 bestvalit: 0.007404 bestmemit:    8.220505   -3.617791    1.000000  203.309381
Iteration: 69 bestvalit: 0.007404 bestmemit:    8.220505   -3.617791    1.000000  203.309381
Iteration: 70 bestvalit: 0.007404 bestmemit:    8.220505   -3.617791    1.000000  203.309381
Iteration: 71 bestvalit: 0.007399 bestmemit:   35.548448    6.925400    1.000000  167.100753
Iteration: 72 bestvalit: 0.007399 bestmemit:   35.548448    6.925400    1.000000  167.100753
Iteration: 73 bestvalit: 0.007399 bestmemit:   35.548448    6.925400    1.000000  167.100753
Iteration: 74 bestvalit: 0.007399 bestmemit:   35.548448    6.925400    1.000000  167.100753
Iteration: 75 bestvalit: 0.007399 bestmemit:   35.548448    6.925400    1.000000  167.100753
Iteration: 76 bestvalit: 0.007399 bestmemit:   35.548448    6.925400    1.000000  167.100753
Iteration: 77 bestvalit: 0.007399 bestmemit:   35.548448    6.925400    1.000000  167.100753
Iteration: 78 bestvalit: 0.007399 bestmemit:   35.548448    6.925400    1.000000  167.100753
Iteration: 79 bestvalit: 0.007399 bestmemit:   35.548448    6.925400    1.000000  167.100753
Iteration: 80 bestvalit: 0.007399 bestmemit:   35.548448    6.925400    1.000000  167.100753
Iteration: 81 bestvalit: 0.007399 bestmemit:   35.548448    6.925400    1.000000  167.100753
Iteration: 82 bestvalit: 0.007399 bestmemit:   35.548448    6.925400    1.000000  167.100753
Iteration: 83 bestvalit: 0.007399 bestmemit:   35.548448    6.925400    1.000000  167.100753
Iteration: 84 bestvalit: 0.007399 bestmemit:   35.548448    6.925400    1.000000  167.100753
Iteration: 85 bestvalit: 0.007399 bestmemit:   35.548448    6.925400    1.000000  167.100753
Iteration: 86 bestvalit: 0.007399 bestmemit:   35.548448    6.925400    1.000000  167.100753
Iteration: 87 bestvalit: 0.007399 bestmemit:   35.548448    6.925400    1.000000  167.100753
Iteration: 88 bestvalit: 0.007399 bestmemit:   35.548448    6.925400    1.000000  167.100753
Iteration: 89 bestvalit: 0.007399 bestmemit:   35.548448    6.925400    1.000000  167.100753
Iteration: 90 bestvalit: 0.007399 bestmemit:   35.548448    6.925400    1.000000  167.100753
Iteration: 91 bestvalit: 0.007399 bestmemit:   35.548448    6.925400    1.000000  167.100753
Iteration: 92 bestvalit: 0.007399 bestmemit:   35.548448    6.925400    1.000000  167.100753
Iteration: 93 bestvalit: 0.007399 bestmemit:   35.548448    6.925400    1.000000  167.100753
Iteration: 94 bestvalit: 0.007399 bestmemit:   35.548448    6.925400    1.000000  167.100753
Iteration: 95 bestvalit: 0.007399 bestmemit:   35.548448    6.925400    1.000000  167.100753
Iteration: 96 bestvalit: 0.007399 bestmemit:   35.548448    6.925400    1.000000  167.100753
Iteration: 97 bestvalit: 0.007399 bestmemit:   35.548448    6.925400    1.000000  167.100753
Iteration: 98 bestvalit: 0.007399 bestmemit:   35.548448    6.925400    1.000000  167.100753
Iteration: 99 bestvalit: 0.007399 bestmemit:   35.548448    6.925400    1.000000  167.100753
Iteration: 100 bestvalit: 0.007399 bestmemit:   35.548448    6.925400    1.000000  167.100753
Iteration: 101 bestvalit: 0.007399 bestmemit:   35.548448    6.925400    1.000000  167.100753
Iteration: 102 bestvalit: 0.007399 bestmemit:   35.548448    6.925400    1.000000  167.100753
Iteration: 103 bestvalit: 0.007399 bestmemit:   35.548448    6.925400    1.000000  167.100753
Iteration: 104 bestvalit: 0.007399 bestmemit:   35.548448    6.925400    1.000000  167.100753
Iteration: 105 bestvalit: 0.007399 bestmemit:   35.548448    6.925400    1.000000  167.100753
Iteration: 106 bestvalit: 0.007399 bestmemit:   35.548448    6.925400    1.000000  167.100753
Iteration: 107 bestvalit: 0.007399 bestmemit:   35.548448    6.925400    1.000000  167.100753
Iteration: 108 bestvalit: 0.007399 bestmemit:   35.548448    6.925400    1.000000  167.100753
Iteration: 109 bestvalit: 0.007399 bestmemit:   35.548448    6.925400    1.000000  167.100753
Iteration: 110 bestvalit: 0.007399 bestmemit:   35.548448    6.925400    1.000000  167.100753
Iteration: 111 bestvalit: 0.007399 bestmemit:   35.548448    6.925400    1.000000  167.100753
Iteration: 112 bestvalit: 0.007399 bestmemit:   35.548448    6.925400    1.000000  167.100753
Iteration: 113 bestvalit: 0.007399 bestmemit:   35.548448    6.925400    1.000000  167.100753
Iteration: 114 bestvalit: 0.007399 bestmemit:   35.548448    6.925400    1.000000  167.100753
Iteration: 115 bestvalit: 0.007399 bestmemit:   35.548448    6.925400    1.000000  167.100753
Iteration: 116 bestvalit: 0.007399 bestmemit:   35.548448    6.925400    1.000000  167.100753
Iteration: 117 bestvalit: 0.007399 bestmemit:   35.548448    6.925400    1.000000  167.100753
Iteration: 118 bestvalit: 0.007399 bestmemit:   35.548448    6.925400    1.000000  167.100753
Iteration: 119 bestvalit: 0.007399 bestmemit:   35.548448    6.925400    1.000000  167.100753
Iteration: 120 bestvalit: 0.007399 bestmemit:   35.548448    6.925400    1.000000  167.100753
Iteration: 121 bestvalit: 0.007399 bestmemit:   35.548448    6.925400    1.000000  167.100753
Iteration: 122 bestvalit: 0.007399 bestmemit:   35.548448    6.925400    1.000000  167.100753
Iteration: 123 bestvalit: 0.007399 bestmemit:   35.548448    6.925400    1.000000  167.100753
Iteration: 124 bestvalit: 0.007399 bestmemit:   35.548448    6.925400    1.000000  167.100753
Iteration: 125 bestvalit: 0.007399 bestmemit:   35.548448    6.925400    1.000000  167.100753
Iteration: 126 bestvalit: 0.007399 bestmemit:   35.548448    6.925400    1.000000  167.100753
Iteration: 127 bestvalit: 0.007399 bestmemit:   35.548448    6.925400    1.000000  167.100753
Iteration: 128 bestvalit: 0.007399 bestmemit:   35.548448    6.925400    1.000000  167.100753
Iteration: 129 bestvalit: 0.007399 bestmemit:   35.548448    6.925400    1.000000  167.100753
Iteration: 130 bestvalit: 0.007399 bestmemit:   35.548448    6.925400    1.000000  167.100753
Iteration: 131 bestvalit: 0.007399 bestmemit:   35.548448    6.925400    1.000000  167.100753
Iteration: 132 bestvalit: 0.007399 bestmemit:   35.548448    6.925400    1.000000  167.100753
Iteration: 133 bestvalit: 0.007399 bestmemit:   35.548448    6.925400    1.000000  167.100753
Iteration: 134 bestvalit: 0.007399 bestmemit:   35.548448    6.925400    1.000000  167.100753
Iteration: 135 bestvalit: 0.007399 bestmemit:   35.548448    6.925400    1.000000  167.100753
Iteration: 136 bestvalit: 0.007399 bestmemit:   35.548448    6.925400    1.000000  167.100753
Iteration: 137 bestvalit: 0.007399 bestmemit:   35.548448    6.925400    1.000000  167.100753
Iteration: 138 bestvalit: 0.007399 bestmemit:   35.548448    6.925400    1.000000  167.100753
Iteration: 139 bestvalit: 0.007399 bestmemit:   35.548448    6.925400    1.000000  167.100753
Iteration: 140 bestvalit: 0.007399 bestmemit:   35.548448    6.925400    1.000000  167.100753
Iteration: 141 bestvalit: 0.007399 bestmemit:   35.548448    6.925400    1.000000  167.100753
Iteration: 142 bestvalit: 0.007399 bestmemit:   35.548448    6.925400    1.000000  167.100753

***** summary of DEoptim object ***** 
best member   :  35.54845 6.9254 1 167.1008 
best value    :  0.0074 
after         :  142 generations 
fn evaluated  :  286 times 
*************************************
