SLURM_JOB_ID: 55185269
SLURM_JOB_USER: vsc34066
SLURM_JOB_ACCOUNT: lp_desenderlab
SLURM_JOB_NAME: fit_alternating_fb_trim_skip.slurm
SLURM_CLUSTER_NAME: genius
SLURM_JOB_PARTITION: batch
SLURM_ARRAY_JOB_ID: 55185173
SLURM_ARRAY_TASK_ID: 93
SLURM_NNODES: 1
SLURM_NODELIST: r25i27n19
SLURM_JOB_CPUS_PER_NODE: 8
Date: Tue Aug  8 11:36:19 CEST 2023
Walltime: 00-23:59:00
========================================================================
Iteration: 1 bestvalit: 0.014519 bestmemit:   33.831198  -95.980204    1.000000  693.070967
Iteration: 2 bestvalit: 0.011673 bestmemit:   17.218180   46.260484    1.000000  613.346823
Iteration: 3 bestvalit: 0.011673 bestmemit:   17.218180   46.260484    1.000000  613.346823
Iteration: 4 bestvalit: 0.010720 bestmemit:   35.473534  -89.170249    1.000000  410.801457
Iteration: 5 bestvalit: 0.008677 bestmemit:   35.473534  -20.996653    1.000000  410.801457
Iteration: 6 bestvalit: 0.008677 bestmemit:   35.473534  -20.996653    1.000000  410.801457
Iteration: 7 bestvalit: 0.008677 bestmemit:   35.473534  -20.996653    1.000000  410.801457
Iteration: 8 bestvalit: 0.008280 bestmemit:   32.770046   61.699523    1.000000  461.371398
Iteration: 9 bestvalit: 0.008280 bestmemit:   32.770046   61.699523    1.000000  461.371398
Iteration: 10 bestvalit: 0.008280 bestmemit:   32.770046   61.699523    1.000000  461.371398
Iteration: 11 bestvalit: 0.008280 bestmemit:   32.770046   61.699523    1.000000  461.371398
Iteration: 12 bestvalit: 0.008280 bestmemit:   32.770046   61.699523    1.000000  461.371398
Iteration: 13 bestvalit: 0.008280 bestmemit:   32.770046   61.699523    1.000000  461.371398
Iteration: 14 bestvalit: 0.008280 bestmemit:   32.770046   61.699523    1.000000  461.371398
Iteration: 15 bestvalit: 0.008247 bestmemit:   19.156327   53.512434    1.000000  308.677018
Iteration: 16 bestvalit: 0.008247 bestmemit:   19.156327   53.512434    1.000000  308.677018
Iteration: 17 bestvalit: 0.008247 bestmemit:   19.156327   53.512434    1.000000  308.677018
Iteration: 18 bestvalit: 0.008247 bestmemit:   19.156327   53.512434    1.000000  308.677018
Iteration: 19 bestvalit: 0.008247 bestmemit:   19.156327   53.512434    1.000000  308.677018
Iteration: 20 bestvalit: 0.007625 bestmemit:   18.942762   36.812346    1.000000  278.960749
Iteration: 21 bestvalit: 0.007625 bestmemit:   18.942762   36.812346    1.000000  278.960749
Iteration: 22 bestvalit: 0.007625 bestmemit:   18.942762   36.812346    1.000000  278.960749
Iteration: 23 bestvalit: 0.007625 bestmemit:   18.942762   36.812346    1.000000  278.960749
Iteration: 24 bestvalit: 0.007625 bestmemit:   18.942762   36.812346    1.000000  278.960749
Iteration: 25 bestvalit: 0.007625 bestmemit:   18.942762   36.812346    1.000000  278.960749
Iteration: 26 bestvalit: 0.007625 bestmemit:   18.942762   36.812346    1.000000  278.960749
Iteration: 27 bestvalit: 0.007625 bestmemit:   18.942762   36.812346    1.000000  278.960749
Iteration: 28 bestvalit: 0.007625 bestmemit:   18.942762   36.812346    1.000000  278.960749
Iteration: 29 bestvalit: 0.007625 bestmemit:   18.942762   36.812346    1.000000  278.960749
Iteration: 30 bestvalit: 0.007625 bestmemit:   18.942762   36.812346    1.000000  278.960749
Iteration: 31 bestvalit: 0.007625 bestmemit:   18.942762   36.812346    1.000000  278.960749
Iteration: 32 bestvalit: 0.007625 bestmemit:   18.942762   36.812346    1.000000  278.960749
Iteration: 33 bestvalit: 0.007625 bestmemit:   18.942762   36.812346    1.000000  278.960749
Iteration: 34 bestvalit: 0.007625 bestmemit:   18.942762   36.812346    1.000000  278.960749
Iteration: 35 bestvalit: 0.007625 bestmemit:   18.942762   36.812346    1.000000  278.960749
Iteration: 36 bestvalit: 0.007625 bestmemit:   18.942762   36.812346    1.000000  278.960749
Iteration: 37 bestvalit: 0.007625 bestmemit:   18.942762   36.812346    1.000000  278.960749
Iteration: 38 bestvalit: 0.007625 bestmemit:   18.942762   36.812346    1.000000  278.960749
Iteration: 39 bestvalit: 0.007625 bestmemit:   18.942762   36.812346    1.000000  278.960749
Iteration: 40 bestvalit: 0.007625 bestmemit:   18.942762   36.812346    1.000000  278.960749
Iteration: 41 bestvalit: 0.007625 bestmemit:   18.942762   36.812346    1.000000  278.960749
Iteration: 42 bestvalit: 0.007625 bestmemit:   18.942762   36.812346    1.000000  278.960749
Iteration: 43 bestvalit: 0.007625 bestmemit:   18.942762   36.812346    1.000000  278.960749
Iteration: 44 bestvalit: 0.007596 bestmemit:   31.506844   48.586674    1.000000  309.288530
Iteration: 45 bestvalit: 0.007596 bestmemit:   31.506844   48.586674    1.000000  309.288530
Iteration: 46 bestvalit: 0.007596 bestmemit:   31.506844   48.586674    1.000000  309.288530
Iteration: 47 bestvalit: 0.007596 bestmemit:   31.506844   48.586674    1.000000  309.288530
Iteration: 48 bestvalit: 0.007596 bestmemit:   31.506844   48.586674    1.000000  309.288530
Iteration: 49 bestvalit: 0.007596 bestmemit:   31.506844   48.586674    1.000000  309.288530
Iteration: 50 bestvalit: 0.007596 bestmemit:   31.506844   48.586674    1.000000  309.288530
Iteration: 51 bestvalit: 0.007596 bestmemit:   31.506844   48.586674    1.000000  309.288530
Iteration: 52 bestvalit: 0.007596 bestmemit:   31.506844   48.586674    1.000000  309.288530
Iteration: 53 bestvalit: 0.007596 bestmemit:   31.506844   48.586674    1.000000  309.288530
Iteration: 54 bestvalit: 0.007596 bestmemit:   31.506844   48.586674    1.000000  309.288530
Iteration: 55 bestvalit: 0.007596 bestmemit:   31.506844   48.586674    1.000000  309.288530
Iteration: 56 bestvalit: 0.007596 bestmemit:   31.506844   48.586674    1.000000  309.288530
Iteration: 57 bestvalit: 0.007596 bestmemit:   31.506844   48.586674    1.000000  309.288530
Iteration: 58 bestvalit: 0.007596 bestmemit:   31.506844   48.586674    1.000000  309.288530
Iteration: 59 bestvalit: 0.007596 bestmemit:   31.506844   48.586674    1.000000  309.288530
Iteration: 60 bestvalit: 0.007596 bestmemit:   31.506844   48.586674    1.000000  309.288530
Iteration: 61 bestvalit: 0.007596 bestmemit:   31.506844   48.586674    1.000000  309.288530
Iteration: 62 bestvalit: 0.007462 bestmemit:   47.979276   68.109915    1.000000  285.937053
Iteration: 63 bestvalit: 0.007462 bestmemit:   47.979276   68.109915    1.000000  285.937053
Iteration: 64 bestvalit: 0.007462 bestmemit:   47.979276   68.109915    1.000000  285.937053
Iteration: 65 bestvalit: 0.007462 bestmemit:   47.979276   68.109915    1.000000  285.937053
Iteration: 66 bestvalit: 0.007462 bestmemit:   47.979276   68.109915    1.000000  285.937053
Iteration: 67 bestvalit: 0.007462 bestmemit:   47.979276   68.109915    1.000000  285.937053
Iteration: 68 bestvalit: 0.007462 bestmemit:   47.979276   68.109915    1.000000  285.937053
Iteration: 69 bestvalit: 0.007462 bestmemit:   47.979276   68.109915    1.000000  285.937053
Iteration: 70 bestvalit: 0.007462 bestmemit:   47.979276   68.109915    1.000000  285.937053
Iteration: 71 bestvalit: 0.007462 bestmemit:   47.979276   68.109915    1.000000  285.937053
Iteration: 72 bestvalit: 0.007462 bestmemit:   47.979276   68.109915    1.000000  285.937053
Iteration: 73 bestvalit: 0.007462 bestmemit:   47.979276   68.109915    1.000000  285.937053
Iteration: 74 bestvalit: 0.007462 bestmemit:   47.979276   68.109915    1.000000  285.937053
Iteration: 75 bestvalit: 0.007462 bestmemit:   47.979276   68.109915    1.000000  285.937053
Iteration: 76 bestvalit: 0.007462 bestmemit:   47.979276   68.109915    1.000000  285.937053
Iteration: 77 bestvalit: 0.007462 bestmemit:   47.979276   68.109915    1.000000  285.937053
Iteration: 78 bestvalit: 0.007462 bestmemit:   47.979276   68.109915    1.000000  285.937053
Iteration: 79 bestvalit: 0.007462 bestmemit:   47.979276   68.109915    1.000000  285.937053
Iteration: 80 bestvalit: 0.007462 bestmemit:   47.979276   68.109915    1.000000  285.937053
Iteration: 81 bestvalit: 0.007462 bestmemit:   47.979276   68.109915    1.000000  285.937053
Iteration: 82 bestvalit: 0.007462 bestmemit:   47.979276   68.109915    1.000000  285.937053
Iteration: 83 bestvalit: 0.007462 bestmemit:   47.979276   68.109915    1.000000  285.937053
Iteration: 84 bestvalit: 0.007462 bestmemit:   47.979276   68.109915    1.000000  285.937053
Iteration: 85 bestvalit: 0.007462 bestmemit:   47.979276   68.109915    1.000000  285.937053
Iteration: 86 bestvalit: 0.007462 bestmemit:   47.979276   68.109915    1.000000  285.937053
Iteration: 87 bestvalit: 0.007462 bestmemit:   47.979276   68.109915    1.000000  285.937053
Iteration: 88 bestvalit: 0.007431 bestmemit:   46.956185   22.294454    1.000000  326.738908
Iteration: 89 bestvalit: 0.007431 bestmemit:   46.956185   22.294454    1.000000  326.738908
Iteration: 90 bestvalit: 0.007431 bestmemit:   46.956185   22.294454    1.000000  326.738908
Iteration: 91 bestvalit: 0.007431 bestmemit:   46.956185   22.294454    1.000000  326.738908
Iteration: 92 bestvalit: 0.007431 bestmemit:   46.956185   22.294454    1.000000  326.738908
Iteration: 93 bestvalit: 0.007431 bestmemit:   46.956185   22.294454    1.000000  326.738908
Iteration: 94 bestvalit: 0.007431 bestmemit:   46.956185   22.294454    1.000000  326.738908
Iteration: 95 bestvalit: 0.006989 bestmemit:   38.826256    0.607758    1.000000  305.723239
Iteration: 96 bestvalit: 0.006989 bestmemit:   38.826256    0.607758    1.000000  305.723239
Iteration: 97 bestvalit: 0.006989 bestmemit:   38.826256    0.607758    1.000000  305.723239
Iteration: 98 bestvalit: 0.006989 bestmemit:   38.826256    0.607758    1.000000  305.723239
Iteration: 99 bestvalit: 0.006989 bestmemit:   38.826256    0.607758    1.000000  305.723239
Iteration: 100 bestvalit: 0.006989 bestmemit:   38.826256    0.607758    1.000000  305.723239
Iteration: 101 bestvalit: 0.006989 bestmemit:   38.826256    0.607758    1.000000  305.723239
Iteration: 102 bestvalit: 0.006989 bestmemit:   38.826256    0.607758    1.000000  305.723239
Iteration: 103 bestvalit: 0.006989 bestmemit:   38.826256    0.607758    1.000000  305.723239
Iteration: 104 bestvalit: 0.006989 bestmemit:   38.826256    0.607758    1.000000  305.723239
Iteration: 105 bestvalit: 0.006989 bestmemit:   38.826256    0.607758    1.000000  305.723239
Iteration: 106 bestvalit: 0.006989 bestmemit:   38.826256    0.607758    1.000000  305.723239
Iteration: 107 bestvalit: 0.006989 bestmemit:   38.826256    0.607758    1.000000  305.723239
Iteration: 108 bestvalit: 0.006989 bestmemit:   38.826256    0.607758    1.000000  305.723239
Iteration: 109 bestvalit: 0.006989 bestmemit:   38.826256    0.607758    1.000000  305.723239
Iteration: 110 bestvalit: 0.006989 bestmemit:   38.826256    0.607758    1.000000  305.723239
Iteration: 111 bestvalit: 0.006989 bestmemit:   38.826256    0.607758    1.000000  305.723239
Iteration: 112 bestvalit: 0.006989 bestmemit:   38.826256    0.607758    1.000000  305.723239
Iteration: 113 bestvalit: 0.006989 bestmemit:   38.826256    0.607758    1.000000  305.723239
Iteration: 114 bestvalit: 0.006989 bestmemit:   38.826256    0.607758    1.000000  305.723239
Iteration: 115 bestvalit: 0.006989 bestmemit:   38.826256    0.607758    1.000000  305.723239
Iteration: 116 bestvalit: 0.006989 bestmemit:   38.826256    0.607758    1.000000  305.723239
Iteration: 117 bestvalit: 0.006989 bestmemit:   38.826256    0.607758    1.000000  305.723239
Iteration: 118 bestvalit: 0.006989 bestmemit:   38.826256    0.607758    1.000000  305.723239
Iteration: 119 bestvalit: 0.006989 bestmemit:   38.826256    0.607758    1.000000  305.723239
Iteration: 120 bestvalit: 0.006989 bestmemit:   38.826256    0.607758    1.000000  305.723239
Iteration: 121 bestvalit: 0.006989 bestmemit:   38.826256    0.607758    1.000000  305.723239
Iteration: 122 bestvalit: 0.006989 bestmemit:   38.826256    0.607758    1.000000  305.723239
Iteration: 123 bestvalit: 0.006989 bestmemit:   38.826256    0.607758    1.000000  305.723239
Iteration: 124 bestvalit: 0.006989 bestmemit:   38.826256    0.607758    1.000000  305.723239
Iteration: 125 bestvalit: 0.006989 bestmemit:   38.826256    0.607758    1.000000  305.723239
Iteration: 126 bestvalit: 0.006989 bestmemit:   38.826256    0.607758    1.000000  305.723239
Iteration: 127 bestvalit: 0.006989 bestmemit:   38.826256    0.607758    1.000000  305.723239
Iteration: 128 bestvalit: 0.006989 bestmemit:   38.826256    0.607758    1.000000  305.723239
Iteration: 129 bestvalit: 0.006989 bestmemit:   38.826256    0.607758    1.000000  305.723239
Iteration: 130 bestvalit: 0.006989 bestmemit:   38.826256    0.607758    1.000000  305.723239
Iteration: 131 bestvalit: 0.006989 bestmemit:   38.826256    0.607758    1.000000  305.723239
Iteration: 132 bestvalit: 0.006989 bestmemit:   38.826256    0.607758    1.000000  305.723239
Iteration: 133 bestvalit: 0.006989 bestmemit:   38.826256    0.607758    1.000000  305.723239
Iteration: 134 bestvalit: 0.006989 bestmemit:   38.826256    0.607758    1.000000  305.723239
Iteration: 135 bestvalit: 0.006989 bestmemit:   38.826256    0.607758    1.000000  305.723239
Iteration: 136 bestvalit: 0.006989 bestmemit:   38.826256    0.607758    1.000000  305.723239
Iteration: 137 bestvalit: 0.006989 bestmemit:   38.826256    0.607758    1.000000  305.723239
Iteration: 138 bestvalit: 0.006989 bestmemit:   38.826256    0.607758    1.000000  305.723239
Iteration: 139 bestvalit: 0.006989 bestmemit:   38.826256    0.607758    1.000000  305.723239
Iteration: 140 bestvalit: 0.006932 bestmemit:   19.569630    5.349324    1.000000  334.995704
Iteration: 141 bestvalit: 0.006932 bestmemit:   19.569630    5.349324    1.000000  334.995704
Iteration: 142 bestvalit: 0.006932 bestmemit:   19.569630    5.349324    1.000000  334.995704
Iteration: 143 bestvalit: 0.006932 bestmemit:   19.569630    5.349324    1.000000  334.995704
Iteration: 144 bestvalit: 0.006932 bestmemit:   19.569630    5.349324    1.000000  334.995704
Iteration: 145 bestvalit: 0.006932 bestmemit:   19.569630    5.349324    1.000000  334.995704
Iteration: 146 bestvalit: 0.006932 bestmemit:   19.569630    5.349324    1.000000  334.995704
Iteration: 147 bestvalit: 0.006932 bestmemit:   19.569630    5.349324    1.000000  334.995704
Iteration: 148 bestvalit: 0.006932 bestmemit:   19.569630    5.349324    1.000000  334.995704
Iteration: 149 bestvalit: 0.006932 bestmemit:   19.569630    5.349324    1.000000  334.995704
Iteration: 150 bestvalit: 0.006932 bestmemit:   19.569630    5.349324    1.000000  334.995704
Iteration: 151 bestvalit: 0.006932 bestmemit:   19.569630    5.349324    1.000000  334.995704
Iteration: 152 bestvalit: 0.006932 bestmemit:   19.569630    5.349324    1.000000  334.995704
Iteration: 153 bestvalit: 0.006932 bestmemit:   19.569630    5.349324    1.000000  334.995704
Iteration: 154 bestvalit: 0.006932 bestmemit:   19.569630    5.349324    1.000000  334.995704
Iteration: 155 bestvalit: 0.006932 bestmemit:   19.569630    5.349324    1.000000  334.995704
Iteration: 156 bestvalit: 0.006932 bestmemit:   19.569630    5.349324    1.000000  334.995704
Iteration: 157 bestvalit: 0.006932 bestmemit:   19.569630    5.349324    1.000000  334.995704
Iteration: 158 bestvalit: 0.006932 bestmemit:   19.569630    5.349324    1.000000  334.995704
Iteration: 159 bestvalit: 0.006932 bestmemit:   19.569630    5.349324    1.000000  334.995704
Iteration: 160 bestvalit: 0.006932 bestmemit:   19.569630    5.349324    1.000000  334.995704
Iteration: 161 bestvalit: 0.006932 bestmemit:   19.569630    5.349324    1.000000  334.995704
Iteration: 162 bestvalit: 0.006932 bestmemit:   19.569630    5.349324    1.000000  334.995704
Iteration: 163 bestvalit: 0.006932 bestmemit:   19.569630    5.349324    1.000000  334.995704
Iteration: 164 bestvalit: 0.006932 bestmemit:   19.569630    5.349324    1.000000  334.995704
Iteration: 165 bestvalit: 0.006932 bestmemit:   19.569630    5.349324    1.000000  334.995704
Iteration: 166 bestvalit: 0.006932 bestmemit:   19.569630    5.349324    1.000000  334.995704
Iteration: 167 bestvalit: 0.006932 bestmemit:   19.569630    5.349324    1.000000  334.995704
Iteration: 168 bestvalit: 0.006932 bestmemit:   19.569630    5.349324    1.000000  334.995704
Iteration: 169 bestvalit: 0.006932 bestmemit:   19.569630    5.349324    1.000000  334.995704
Iteration: 170 bestvalit: 0.006932 bestmemit:   19.569630    5.349324    1.000000  334.995704
Iteration: 171 bestvalit: 0.006932 bestmemit:   19.569630    5.349324    1.000000  334.995704
Iteration: 172 bestvalit: 0.006932 bestmemit:   19.569630    5.349324    1.000000  334.995704
Iteration: 173 bestvalit: 0.006932 bestmemit:   19.569630    5.349324    1.000000  334.995704
Iteration: 174 bestvalit: 0.006932 bestmemit:   19.569630    5.349324    1.000000  334.995704
Iteration: 175 bestvalit: 0.006932 bestmemit:   19.569630    5.349324    1.000000  334.995704
Iteration: 176 bestvalit: 0.006932 bestmemit:   19.569630    5.349324    1.000000  334.995704
Iteration: 177 bestvalit: 0.006932 bestmemit:   19.569630    5.349324    1.000000  334.995704
Iteration: 178 bestvalit: 0.006932 bestmemit:   19.569630    5.349324    1.000000  334.995704
Iteration: 179 bestvalit: 0.006932 bestmemit:   19.569630    5.349324    1.000000  334.995704
Iteration: 180 bestvalit: 0.006932 bestmemit:   19.569630    5.349324    1.000000  334.995704
Iteration: 181 bestvalit: 0.006932 bestmemit:   19.569630    5.349324    1.000000  334.995704
Iteration: 182 bestvalit: 0.006932 bestmemit:   19.569630    5.349324    1.000000  334.995704
Iteration: 183 bestvalit: 0.006932 bestmemit:   19.569630    5.349324    1.000000  334.995704
Iteration: 184 bestvalit: 0.006932 bestmemit:   19.569630    5.349324    1.000000  334.995704
Iteration: 185 bestvalit: 0.006932 bestmemit:   19.569630    5.349324    1.000000  334.995704
Iteration: 186 bestvalit: 0.006932 bestmemit:   19.569630    5.349324    1.000000  334.995704
Iteration: 187 bestvalit: 0.006932 bestmemit:   19.569630    5.349324    1.000000  334.995704
Iteration: 188 bestvalit: 0.006932 bestmemit:   19.569630    5.349324    1.000000  334.995704
Iteration: 189 bestvalit: 0.006932 bestmemit:   19.569630    5.349324    1.000000  334.995704
Iteration: 190 bestvalit: 0.006932 bestmemit:   19.569630    5.349324    1.000000  334.995704
Iteration: 191 bestvalit: 0.006932 bestmemit:   19.569630    5.349324    1.000000  334.995704
Iteration: 192 bestvalit: 0.006932 bestmemit:   19.569630    5.349324    1.000000  334.995704
Iteration: 193 bestvalit: 0.006932 bestmemit:   19.569630    5.349324    1.000000  334.995704
Iteration: 194 bestvalit: 0.006932 bestmemit:   19.569630    5.349324    1.000000  334.995704
Iteration: 195 bestvalit: 0.006932 bestmemit:   19.569630    5.349324    1.000000  334.995704
Iteration: 196 bestvalit: 0.006932 bestmemit:   19.569630    5.349324    1.000000  334.995704
Iteration: 197 bestvalit: 0.006932 bestmemit:   19.569630    5.349324    1.000000  334.995704
Iteration: 198 bestvalit: 0.006932 bestmemit:   19.569630    5.349324    1.000000  334.995704
Iteration: 199 bestvalit: 0.006932 bestmemit:   19.569630    5.349324    1.000000  334.995704
Iteration: 200 bestvalit: 0.006932 bestmemit:   19.569630    5.349324    1.000000  334.995704
Iteration: 201 bestvalit: 0.006932 bestmemit:   19.569630    5.349324    1.000000  334.995704
Iteration: 202 bestvalit: 0.006932 bestmemit:   19.569630    5.349324    1.000000  334.995704
Iteration: 203 bestvalit: 0.006932 bestmemit:   19.569630    5.349324    1.000000  334.995704
Iteration: 204 bestvalit: 0.006932 bestmemit:   19.569630    5.349324    1.000000  334.995704
Iteration: 205 bestvalit: 0.006932 bestmemit:   19.569630    5.349324    1.000000  334.995704
Iteration: 206 bestvalit: 0.006932 bestmemit:   19.569630    5.349324    1.000000  334.995704
Iteration: 207 bestvalit: 0.006932 bestmemit:   19.569630    5.349324    1.000000  334.995704
Iteration: 208 bestvalit: 0.006932 bestmemit:   19.569630    5.349324    1.000000  334.995704
Iteration: 209 bestvalit: 0.006932 bestmemit:   19.569630    5.349324    1.000000  334.995704
Iteration: 210 bestvalit: 0.006932 bestmemit:   19.569630    5.349324    1.000000  334.995704
Iteration: 211 bestvalit: 0.006932 bestmemit:   19.569630    5.349324    1.000000  334.995704

***** summary of DEoptim object ***** 
best member   :  19.56963 5.34932 1 334.9957 
best value    :  0.00693 
after         :  211 generations 
fn evaluated  :  424 times 
*************************************
