SLURM_JOB_ID: 55185219
SLURM_JOB_USER: vsc34066
SLURM_JOB_ACCOUNT: lp_desenderlab
SLURM_JOB_NAME: fit_alternating_fb_trim_skip.slurm
SLURM_CLUSTER_NAME: genius
SLURM_JOB_PARTITION: batch
SLURM_ARRAY_JOB_ID: 55185173
SLURM_ARRAY_TASK_ID: 46
SLURM_NNODES: 1
SLURM_NODELIST: r27i27n04
SLURM_JOB_CPUS_PER_NODE: 8
Date: Tue Aug  8 11:36:21 CEST 2023
Walltime: 00-23:59:00
========================================================================
Iteration: 1 bestvalit: 0.005735 bestmemit:   13.744456  -13.046202    1.000000  513.723213
Iteration: 2 bestvalit: 0.005353 bestmemit:   25.235139  -19.066506    1.000000  202.746580
Iteration: 3 bestvalit: 0.004769 bestmemit:    4.300477   63.087731    1.000000  347.547465
Iteration: 4 bestvalit: 0.004769 bestmemit:    4.300477   63.087731    1.000000  347.547465
Iteration: 5 bestvalit: 0.003794 bestmemit:   11.289608   63.087731    1.000000  347.547465
Iteration: 6 bestvalit: 0.003794 bestmemit:   11.289608   63.087731    1.000000  347.547465
Iteration: 7 bestvalit: 0.003794 bestmemit:   11.289608   63.087731    1.000000  347.547465
Iteration: 8 bestvalit: 0.003541 bestmemit:   12.353196    9.130470    1.000000  353.395675
Iteration: 9 bestvalit: 0.003541 bestmemit:   12.353196    9.130470    1.000000  353.395675
Iteration: 10 bestvalit: 0.003541 bestmemit:   12.353196    9.130470    1.000000  353.395675
Iteration: 11 bestvalit: 0.003541 bestmemit:   12.353196    9.130470    1.000000  353.395675
Iteration: 12 bestvalit: 0.003541 bestmemit:   12.353196    9.130470    1.000000  353.395675
Iteration: 13 bestvalit: 0.003541 bestmemit:   12.353196    9.130470    1.000000  353.395675
Iteration: 14 bestvalit: 0.003541 bestmemit:   12.353196    9.130470    1.000000  353.395675
Iteration: 15 bestvalit: 0.003541 bestmemit:   12.353196    9.130470    1.000000  353.395675
Iteration: 16 bestvalit: 0.003541 bestmemit:   12.353196    9.130470    1.000000  353.395675
Iteration: 17 bestvalit: 0.003541 bestmemit:   12.353196    9.130470    1.000000  353.395675
Iteration: 18 bestvalit: 0.003541 bestmemit:   12.353196    9.130470    1.000000  353.395675
Iteration: 19 bestvalit: 0.003541 bestmemit:   12.353196    9.130470    1.000000  353.395675
Iteration: 20 bestvalit: 0.003541 bestmemit:   12.353196    9.130470    1.000000  353.395675
Iteration: 21 bestvalit: 0.003541 bestmemit:   12.353196    9.130470    1.000000  353.395675
Iteration: 22 bestvalit: 0.003541 bestmemit:   12.353196    9.130470    1.000000  353.395675
Iteration: 23 bestvalit: 0.003527 bestmemit:    7.971011   57.716496    1.000000  309.381148
Iteration: 24 bestvalit: 0.003187 bestmemit:   18.781057   15.203545    1.000000  373.490965
Iteration: 25 bestvalit: 0.003187 bestmemit:   18.781057   15.203545    1.000000  373.490965
Iteration: 26 bestvalit: 0.003187 bestmemit:   18.781057   15.203545    1.000000  373.490965
Iteration: 27 bestvalit: 0.003187 bestmemit:   18.781057   15.203545    1.000000  373.490965
Iteration: 28 bestvalit: 0.003187 bestmemit:   18.781057   15.203545    1.000000  373.490965
Iteration: 29 bestvalit: 0.003187 bestmemit:   18.781057   15.203545    1.000000  373.490965
Iteration: 30 bestvalit: 0.003187 bestmemit:   18.781057   15.203545    1.000000  373.490965
Iteration: 31 bestvalit: 0.003187 bestmemit:   18.781057   15.203545    1.000000  373.490965
Iteration: 32 bestvalit: 0.003187 bestmemit:   18.781057   15.203545    1.000000  373.490965
Iteration: 33 bestvalit: 0.003187 bestmemit:   18.781057   15.203545    1.000000  373.490965
Iteration: 34 bestvalit: 0.003187 bestmemit:   18.781057   15.203545    1.000000  373.490965
Iteration: 35 bestvalit: 0.003187 bestmemit:   18.781057   15.203545    1.000000  373.490965
Iteration: 36 bestvalit: 0.003187 bestmemit:   18.781057   15.203545    1.000000  373.490965
Iteration: 37 bestvalit: 0.003187 bestmemit:   18.781057   15.203545    1.000000  373.490965
Iteration: 38 bestvalit: 0.003187 bestmemit:   18.781057   15.203545    1.000000  373.490965
Iteration: 39 bestvalit: 0.003187 bestmemit:   18.781057   15.203545    1.000000  373.490965
Iteration: 40 bestvalit: 0.003187 bestmemit:   18.781057   15.203545    1.000000  373.490965
Iteration: 41 bestvalit: 0.003187 bestmemit:   18.781057   15.203545    1.000000  373.490965
Iteration: 42 bestvalit: 0.003187 bestmemit:   18.781057   15.203545    1.000000  373.490965
Iteration: 43 bestvalit: 0.003187 bestmemit:   18.781057   15.203545    1.000000  373.490965
Iteration: 44 bestvalit: 0.003187 bestmemit:   18.781057   15.203545    1.000000  373.490965
Iteration: 45 bestvalit: 0.003187 bestmemit:   18.781057   15.203545    1.000000  373.490965
Iteration: 46 bestvalit: 0.003187 bestmemit:   18.781057   15.203545    1.000000  373.490965
Iteration: 47 bestvalit: 0.003187 bestmemit:   18.781057   15.203545    1.000000  373.490965
Iteration: 48 bestvalit: 0.003187 bestmemit:   18.781057   15.203545    1.000000  373.490965
Iteration: 49 bestvalit: 0.003187 bestmemit:   18.781057   15.203545    1.000000  373.490965
Iteration: 50 bestvalit: 0.003187 bestmemit:   18.781057   15.203545    1.000000  373.490965
Iteration: 51 bestvalit: 0.003187 bestmemit:   18.781057   15.203545    1.000000  373.490965
Iteration: 52 bestvalit: 0.003187 bestmemit:   18.781057   15.203545    1.000000  373.490965
Iteration: 53 bestvalit: 0.003187 bestmemit:   18.781057   15.203545    1.000000  373.490965
Iteration: 54 bestvalit: 0.003187 bestmemit:   18.781057   15.203545    1.000000  373.490965
Iteration: 55 bestvalit: 0.003187 bestmemit:   18.781057   15.203545    1.000000  373.490965
Iteration: 56 bestvalit: 0.003187 bestmemit:   18.781057   15.203545    1.000000  373.490965
Iteration: 57 bestvalit: 0.003187 bestmemit:   18.781057   15.203545    1.000000  373.490965
Iteration: 58 bestvalit: 0.003187 bestmemit:   18.781057   15.203545    1.000000  373.490965
Iteration: 59 bestvalit: 0.003187 bestmemit:   18.781057   15.203545    1.000000  373.490965
Iteration: 60 bestvalit: 0.003187 bestmemit:   18.781057   15.203545    1.000000  373.490965
Iteration: 61 bestvalit: 0.003187 bestmemit:   18.781057   15.203545    1.000000  373.490965
Iteration: 62 bestvalit: 0.003187 bestmemit:   18.781057   15.203545    1.000000  373.490965
Iteration: 63 bestvalit: 0.003187 bestmemit:   18.781057   15.203545    1.000000  373.490965
Iteration: 64 bestvalit: 0.003187 bestmemit:   18.781057   15.203545    1.000000  373.490965
Iteration: 65 bestvalit: 0.003187 bestmemit:   18.781057   15.203545    1.000000  373.490965
Iteration: 66 bestvalit: 0.003187 bestmemit:   18.781057   15.203545    1.000000  373.490965
Iteration: 67 bestvalit: 0.003187 bestmemit:   18.781057   15.203545    1.000000  373.490965
Iteration: 68 bestvalit: 0.003187 bestmemit:   18.781057   15.203545    1.000000  373.490965
Iteration: 69 bestvalit: 0.003187 bestmemit:   18.781057   15.203545    1.000000  373.490965
Iteration: 70 bestvalit: 0.003187 bestmemit:   18.781057   15.203545    1.000000  373.490965
Iteration: 71 bestvalit: 0.003187 bestmemit:   18.781057   15.203545    1.000000  373.490965
Iteration: 72 bestvalit: 0.003187 bestmemit:   18.781057   15.203545    1.000000  373.490965
Iteration: 73 bestvalit: 0.003187 bestmemit:   18.781057   15.203545    1.000000  373.490965
Iteration: 74 bestvalit: 0.003187 bestmemit:   18.781057   15.203545    1.000000  373.490965
Iteration: 75 bestvalit: 0.003187 bestmemit:   18.781057   15.203545    1.000000  373.490965
Iteration: 76 bestvalit: 0.003187 bestmemit:   18.781057   15.203545    1.000000  373.490965
Iteration: 77 bestvalit: 0.003187 bestmemit:   18.781057   15.203545    1.000000  373.490965
Iteration: 78 bestvalit: 0.003187 bestmemit:   18.781057   15.203545    1.000000  373.490965
Iteration: 79 bestvalit: 0.003187 bestmemit:   18.781057   15.203545    1.000000  373.490965
Iteration: 80 bestvalit: 0.003187 bestmemit:   18.781057   15.203545    1.000000  373.490965
Iteration: 81 bestvalit: 0.003187 bestmemit:   18.781057   15.203545    1.000000  373.490965
Iteration: 82 bestvalit: 0.003187 bestmemit:   18.781057   15.203545    1.000000  373.490965
Iteration: 83 bestvalit: 0.003187 bestmemit:   18.781057   15.203545    1.000000  373.490965
Iteration: 84 bestvalit: 0.003187 bestmemit:   18.781057   15.203545    1.000000  373.490965
Iteration: 85 bestvalit: 0.003187 bestmemit:   18.781057   15.203545    1.000000  373.490965
Iteration: 86 bestvalit: 0.003187 bestmemit:   18.781057   15.203545    1.000000  373.490965
Iteration: 87 bestvalit: 0.003187 bestmemit:   18.781057   15.203545    1.000000  373.490965
Iteration: 88 bestvalit: 0.003187 bestmemit:   18.781057   15.203545    1.000000  373.490965
Iteration: 89 bestvalit: 0.003187 bestmemit:   18.781057   15.203545    1.000000  373.490965
Iteration: 90 bestvalit: 0.003187 bestmemit:   18.781057   15.203545    1.000000  373.490965
Iteration: 91 bestvalit: 0.003187 bestmemit:   18.781057   15.203545    1.000000  373.490965
Iteration: 92 bestvalit: 0.003187 bestmemit:   18.781057   15.203545    1.000000  373.490965
Iteration: 93 bestvalit: 0.003187 bestmemit:   18.781057   15.203545    1.000000  373.490965
Iteration: 94 bestvalit: 0.003187 bestmemit:   18.781057   15.203545    1.000000  373.490965
Iteration: 95 bestvalit: 0.003187 bestmemit:   18.781057   15.203545    1.000000  373.490965

***** summary of DEoptim object ***** 
best member   :  18.78106 15.20354 1 373.491 
best value    :  0.00319 
after         :  95 generations 
fn evaluated  :  192 times 
*************************************
