SLURM_JOB_ID: 55185253
SLURM_JOB_USER: vsc34066
SLURM_JOB_ACCOUNT: lp_desenderlab
SLURM_JOB_NAME: fit_alternating_fb_trim_skip.slurm
SLURM_CLUSTER_NAME: genius
SLURM_JOB_PARTITION: batch
SLURM_ARRAY_JOB_ID: 55185173
SLURM_ARRAY_TASK_ID: 80
SLURM_NNODES: 2
SLURM_NODELIST: r25i27n[16-17]
SLURM_JOB_CPUS_PER_NODE: 4(x2)
Date: Tue Aug  8 11:36:16 CEST 2023
Walltime: 00-23:59:00
========================================================================
Iteration: 1 bestvalit: 0.007464 bestmemit:    2.116486  -19.080825    1.000000  354.697376
Iteration: 2 bestvalit: 0.006997 bestmemit:    2.288271   -9.944356    1.000000  322.741166
Iteration: 3 bestvalit: 0.006997 bestmemit:    2.288271   -9.944356    1.000000  322.741166
Iteration: 4 bestvalit: 0.006997 bestmemit:    2.288271   -9.944356    1.000000  322.741166
Iteration: 5 bestvalit: 0.006997 bestmemit:    2.288271   -9.944356    1.000000  322.741166
Iteration: 6 bestvalit: 0.006997 bestmemit:    2.288271   -9.944356    1.000000  322.741166
Iteration: 7 bestvalit: 0.006804 bestmemit:   14.405343   -9.944356    1.000000  322.741166
Iteration: 8 bestvalit: 0.006494 bestmemit:    0.212093   31.001563    1.000000  225.154417
Iteration: 9 bestvalit: 0.006494 bestmemit:    0.212093   31.001563    1.000000  225.154417
Iteration: 10 bestvalit: 0.006494 bestmemit:    0.212093   31.001563    1.000000  225.154417
Iteration: 11 bestvalit: 0.006494 bestmemit:    0.212093   31.001563    1.000000  225.154417
Iteration: 12 bestvalit: 0.006142 bestmemit:   17.004013   17.682561    1.000000  349.269772
Iteration: 13 bestvalit: 0.006142 bestmemit:   17.004013   17.682561    1.000000  349.269772
Iteration: 14 bestvalit: 0.006142 bestmemit:   17.004013   17.682561    1.000000  349.269772
Iteration: 15 bestvalit: 0.006142 bestmemit:   17.004013   17.682561    1.000000  349.269772
Iteration: 16 bestvalit: 0.006142 bestmemit:   17.004013   17.682561    1.000000  349.269772
Iteration: 17 bestvalit: 0.006142 bestmemit:   17.004013   17.682561    1.000000  349.269772
Iteration: 18 bestvalit: 0.006142 bestmemit:   17.004013   17.682561    1.000000  349.269772
Iteration: 19 bestvalit: 0.005763 bestmemit:   20.352672  -42.043596    1.000000  293.290334
Iteration: 20 bestvalit: 0.005763 bestmemit:   20.352672  -42.043596    1.000000  293.290334
Iteration: 21 bestvalit: 0.005763 bestmemit:   20.352672  -42.043596    1.000000  293.290334
Iteration: 22 bestvalit: 0.005763 bestmemit:   20.352672  -42.043596    1.000000  293.290334
Iteration: 23 bestvalit: 0.005763 bestmemit:   20.352672  -42.043596    1.000000  293.290334
Iteration: 24 bestvalit: 0.005763 bestmemit:   20.352672  -42.043596    1.000000  293.290334
Iteration: 25 bestvalit: 0.005763 bestmemit:   20.352672  -42.043596    1.000000  293.290334
Iteration: 26 bestvalit: 0.005523 bestmemit:   16.978136   37.554170    1.000000  304.472298
Iteration: 27 bestvalit: 0.005523 bestmemit:   16.978136   37.554170    1.000000  304.472298
Iteration: 28 bestvalit: 0.005523 bestmemit:   16.978136   37.554170    1.000000  304.472298
Iteration: 29 bestvalit: 0.005523 bestmemit:   16.978136   37.554170    1.000000  304.472298
Iteration: 30 bestvalit: 0.005523 bestmemit:   16.978136   37.554170    1.000000  304.472298
Iteration: 31 bestvalit: 0.005523 bestmemit:   16.978136   37.554170    1.000000  304.472298
Iteration: 32 bestvalit: 0.005523 bestmemit:   16.978136   37.554170    1.000000  304.472298
Iteration: 33 bestvalit: 0.005523 bestmemit:   16.978136   37.554170    1.000000  304.472298
Iteration: 34 bestvalit: 0.005523 bestmemit:   16.978136   37.554170    1.000000  304.472298
Iteration: 35 bestvalit: 0.005523 bestmemit:   16.978136   37.554170    1.000000  304.472298
Iteration: 36 bestvalit: 0.005523 bestmemit:   16.978136   37.554170    1.000000  304.472298
Iteration: 37 bestvalit: 0.005523 bestmemit:   16.978136   37.554170    1.000000  304.472298
Iteration: 38 bestvalit: 0.005523 bestmemit:   16.978136   37.554170    1.000000  304.472298
Iteration: 39 bestvalit: 0.005523 bestmemit:   16.978136   37.554170    1.000000  304.472298
Iteration: 40 bestvalit: 0.005523 bestmemit:   16.978136   37.554170    1.000000  304.472298
Iteration: 41 bestvalit: 0.005523 bestmemit:   16.978136   37.554170    1.000000  304.472298
Iteration: 42 bestvalit: 0.005523 bestmemit:   16.978136   37.554170    1.000000  304.472298
Iteration: 43 bestvalit: 0.005523 bestmemit:   16.978136   37.554170    1.000000  304.472298
Iteration: 44 bestvalit: 0.005512 bestmemit:   20.352672  -42.043596    1.000000  293.290334
Iteration: 45 bestvalit: 0.005512 bestmemit:   20.352672  -42.043596    1.000000  293.290334
Iteration: 46 bestvalit: 0.005512 bestmemit:   20.352672  -42.043596    1.000000  293.290334
Iteration: 47 bestvalit: 0.005512 bestmemit:   20.352672  -42.043596    1.000000  293.290334
Iteration: 48 bestvalit: 0.005512 bestmemit:   20.352672  -42.043596    1.000000  293.290334
Iteration: 49 bestvalit: 0.005512 bestmemit:   20.352672  -42.043596    1.000000  293.290334
Iteration: 50 bestvalit: 0.005512 bestmemit:   20.352672  -42.043596    1.000000  293.290334
Iteration: 51 bestvalit: 0.005512 bestmemit:   20.352672  -42.043596    1.000000  293.290334
Iteration: 52 bestvalit: 0.005394 bestmemit:   13.657889  -44.030009    1.000000  280.695691
Iteration: 53 bestvalit: 0.005394 bestmemit:   13.657889  -44.030009    1.000000  280.695691
Iteration: 54 bestvalit: 0.005394 bestmemit:   13.657889  -44.030009    1.000000  280.695691
Iteration: 55 bestvalit: 0.005394 bestmemit:   13.657889  -44.030009    1.000000  280.695691
Iteration: 56 bestvalit: 0.005394 bestmemit:   13.657889  -44.030009    1.000000  280.695691
Iteration: 57 bestvalit: 0.005394 bestmemit:   13.657889  -44.030009    1.000000  280.695691
Iteration: 58 bestvalit: 0.005394 bestmemit:   13.657889  -44.030009    1.000000  280.695691
Iteration: 59 bestvalit: 0.005394 bestmemit:   13.657889  -44.030009    1.000000  280.695691
Iteration: 60 bestvalit: 0.005394 bestmemit:   13.657889  -44.030009    1.000000  280.695691
Iteration: 61 bestvalit: 0.005394 bestmemit:   13.657889  -44.030009    1.000000  280.695691
Iteration: 62 bestvalit: 0.005394 bestmemit:   13.657889  -44.030009    1.000000  280.695691
Iteration: 63 bestvalit: 0.005394 bestmemit:   13.657889  -44.030009    1.000000  280.695691
Iteration: 64 bestvalit: 0.005394 bestmemit:   13.657889  -44.030009    1.000000  280.695691
Iteration: 65 bestvalit: 0.005394 bestmemit:   13.657889  -44.030009    1.000000  280.695691
Iteration: 66 bestvalit: 0.005394 bestmemit:   13.657889  -44.030009    1.000000  280.695691
Iteration: 67 bestvalit: 0.005394 bestmemit:   13.657889  -44.030009    1.000000  280.695691
Iteration: 68 bestvalit: 0.005394 bestmemit:   13.657889  -44.030009    1.000000  280.695691
Iteration: 69 bestvalit: 0.005394 bestmemit:   13.657889  -44.030009    1.000000  280.695691
Iteration: 70 bestvalit: 0.005394 bestmemit:   13.657889  -44.030009    1.000000  280.695691
Iteration: 71 bestvalit: 0.005394 bestmemit:   13.657889  -44.030009    1.000000  280.695691
Iteration: 72 bestvalit: 0.005394 bestmemit:   13.657889  -44.030009    1.000000  280.695691
Iteration: 73 bestvalit: 0.005394 bestmemit:   13.657889  -44.030009    1.000000  280.695691
Iteration: 74 bestvalit: 0.005394 bestmemit:   13.657889  -44.030009    1.000000  280.695691
Iteration: 75 bestvalit: 0.005394 bestmemit:   13.657889  -44.030009    1.000000  280.695691
Iteration: 76 bestvalit: 0.005394 bestmemit:   13.657889  -44.030009    1.000000  280.695691
Iteration: 77 bestvalit: 0.005394 bestmemit:   13.657889  -44.030009    1.000000  280.695691
Iteration: 78 bestvalit: 0.005394 bestmemit:   13.657889  -44.030009    1.000000  280.695691
Iteration: 79 bestvalit: 0.005394 bestmemit:   13.657889  -44.030009    1.000000  280.695691
Iteration: 80 bestvalit: 0.005394 bestmemit:   13.657889  -44.030009    1.000000  280.695691
Iteration: 81 bestvalit: 0.005394 bestmemit:   13.657889  -44.030009    1.000000  280.695691
Iteration: 82 bestvalit: 0.005174 bestmemit:    2.530922  -30.588734    1.000000  227.897879
Iteration: 83 bestvalit: 0.005174 bestmemit:    2.530922  -30.588734    1.000000  227.897879
Iteration: 84 bestvalit: 0.005174 bestmemit:    2.530922  -30.588734    1.000000  227.897879
Iteration: 85 bestvalit: 0.005174 bestmemit:    2.530922  -30.588734    1.000000  227.897879
Iteration: 86 bestvalit: 0.005174 bestmemit:    2.530922  -30.588734    1.000000  227.897879
Iteration: 87 bestvalit: 0.005174 bestmemit:    2.530922  -30.588734    1.000000  227.897879
Iteration: 88 bestvalit: 0.005174 bestmemit:    2.530922  -30.588734    1.000000  227.897879
Iteration: 89 bestvalit: 0.005174 bestmemit:    2.530922  -30.588734    1.000000  227.897879
Iteration: 90 bestvalit: 0.005174 bestmemit:    2.530922  -30.588734    1.000000  227.897879
Iteration: 91 bestvalit: 0.005174 bestmemit:    2.530922  -30.588734    1.000000  227.897879
Iteration: 92 bestvalit: 0.005174 bestmemit:    2.530922  -30.588734    1.000000  227.897879
Iteration: 93 bestvalit: 0.005174 bestmemit:    2.530922  -30.588734    1.000000  227.897879
Iteration: 94 bestvalit: 0.005174 bestmemit:    2.530922  -30.588734    1.000000  227.897879
Iteration: 95 bestvalit: 0.005174 bestmemit:    2.530922  -30.588734    1.000000  227.897879
Iteration: 96 bestvalit: 0.005174 bestmemit:    2.530922  -30.588734    1.000000  227.897879
Iteration: 97 bestvalit: 0.005174 bestmemit:    2.530922  -30.588734    1.000000  227.897879
Iteration: 98 bestvalit: 0.005174 bestmemit:    2.530922  -30.588734    1.000000  227.897879
Iteration: 99 bestvalit: 0.005174 bestmemit:    2.530922  -30.588734    1.000000  227.897879
Iteration: 100 bestvalit: 0.005174 bestmemit:    2.530922  -30.588734    1.000000  227.897879
Iteration: 101 bestvalit: 0.005174 bestmemit:    2.530922  -30.588734    1.000000  227.897879
Iteration: 102 bestvalit: 0.005174 bestmemit:    2.530922  -30.588734    1.000000  227.897879
Iteration: 103 bestvalit: 0.005174 bestmemit:    2.530922  -30.588734    1.000000  227.897879
Iteration: 104 bestvalit: 0.005174 bestmemit:    2.530922  -30.588734    1.000000  227.897879
Iteration: 105 bestvalit: 0.005174 bestmemit:    2.530922  -30.588734    1.000000  227.897879
Iteration: 106 bestvalit: 0.005174 bestmemit:    2.530922  -30.588734    1.000000  227.897879
Iteration: 107 bestvalit: 0.005174 bestmemit:    2.530922  -30.588734    1.000000  227.897879
Iteration: 108 bestvalit: 0.005174 bestmemit:    2.530922  -30.588734    1.000000  227.897879
Iteration: 109 bestvalit: 0.005174 bestmemit:    2.530922  -30.588734    1.000000  227.897879
Iteration: 110 bestvalit: 0.005174 bestmemit:    2.530922  -30.588734    1.000000  227.897879
Iteration: 111 bestvalit: 0.004992 bestmemit:    6.586083    1.479975    1.000000  279.105460
Iteration: 112 bestvalit: 0.004992 bestmemit:    6.586083    1.479975    1.000000  279.105460
Iteration: 113 bestvalit: 0.004992 bestmemit:    6.586083    1.479975    1.000000  279.105460
Iteration: 114 bestvalit: 0.004992 bestmemit:    6.586083    1.479975    1.000000  279.105460
Iteration: 115 bestvalit: 0.004992 bestmemit:    6.586083    1.479975    1.000000  279.105460
Iteration: 116 bestvalit: 0.004992 bestmemit:    6.586083    1.479975    1.000000  279.105460
Iteration: 117 bestvalit: 0.004992 bestmemit:    6.586083    1.479975    1.000000  279.105460
Iteration: 118 bestvalit: 0.004992 bestmemit:    6.586083    1.479975    1.000000  279.105460
Iteration: 119 bestvalit: 0.004992 bestmemit:    6.586083    1.479975    1.000000  279.105460
Iteration: 120 bestvalit: 0.004992 bestmemit:    6.586083    1.479975    1.000000  279.105460
Iteration: 121 bestvalit: 0.004992 bestmemit:    6.586083    1.479975    1.000000  279.105460
Iteration: 122 bestvalit: 0.004992 bestmemit:    6.586083    1.479975    1.000000  279.105460
Iteration: 123 bestvalit: 0.004992 bestmemit:    6.586083    1.479975    1.000000  279.105460
Iteration: 124 bestvalit: 0.004992 bestmemit:    6.586083    1.479975    1.000000  279.105460
Iteration: 125 bestvalit: 0.004992 bestmemit:    6.586083    1.479975    1.000000  279.105460
Iteration: 126 bestvalit: 0.004992 bestmemit:    6.586083    1.479975    1.000000  279.105460
Iteration: 127 bestvalit: 0.004992 bestmemit:    6.586083    1.479975    1.000000  279.105460
Iteration: 128 bestvalit: 0.004992 bestmemit:    6.586083    1.479975    1.000000  279.105460
Iteration: 129 bestvalit: 0.004992 bestmemit:    6.586083    1.479975    1.000000  279.105460
Iteration: 130 bestvalit: 0.004992 bestmemit:    6.586083    1.479975    1.000000  279.105460
Iteration: 131 bestvalit: 0.004992 bestmemit:    6.586083    1.479975    1.000000  279.105460
Iteration: 132 bestvalit: 0.004992 bestmemit:    6.586083    1.479975    1.000000  279.105460
Iteration: 133 bestvalit: 0.004992 bestmemit:    6.586083    1.479975    1.000000  279.105460
Iteration: 134 bestvalit: 0.004992 bestmemit:    6.586083    1.479975    1.000000  279.105460
Iteration: 135 bestvalit: 0.004992 bestmemit:    6.586083    1.479975    1.000000  279.105460
Iteration: 136 bestvalit: 0.004992 bestmemit:    6.586083    1.479975    1.000000  279.105460
Iteration: 137 bestvalit: 0.004992 bestmemit:    6.586083    1.479975    1.000000  279.105460
Iteration: 138 bestvalit: 0.004992 bestmemit:    6.586083    1.479975    1.000000  279.105460
Iteration: 139 bestvalit: 0.004992 bestmemit:    6.586083    1.479975    1.000000  279.105460
Iteration: 140 bestvalit: 0.004992 bestmemit:    6.586083    1.479975    1.000000  279.105460
Iteration: 141 bestvalit: 0.004992 bestmemit:    6.586083    1.479975    1.000000  279.105460
Iteration: 142 bestvalit: 0.004992 bestmemit:    6.586083    1.479975    1.000000  279.105460
Iteration: 143 bestvalit: 0.004992 bestmemit:    6.586083    1.479975    1.000000  279.105460
Iteration: 144 bestvalit: 0.004992 bestmemit:    6.586083    1.479975    1.000000  279.105460
Iteration: 145 bestvalit: 0.004992 bestmemit:    6.586083    1.479975    1.000000  279.105460
Iteration: 146 bestvalit: 0.004992 bestmemit:    6.586083    1.479975    1.000000  279.105460
Iteration: 147 bestvalit: 0.004992 bestmemit:    6.586083    1.479975    1.000000  279.105460
Iteration: 148 bestvalit: 0.004992 bestmemit:    6.586083    1.479975    1.000000  279.105460
Iteration: 149 bestvalit: 0.004992 bestmemit:    6.586083    1.479975    1.000000  279.105460
Iteration: 150 bestvalit: 0.004992 bestmemit:    6.586083    1.479975    1.000000  279.105460
Iteration: 151 bestvalit: 0.004992 bestmemit:    6.586083    1.479975    1.000000  279.105460
Iteration: 152 bestvalit: 0.004992 bestmemit:    6.586083    1.479975    1.000000  279.105460
Iteration: 153 bestvalit: 0.004992 bestmemit:    6.586083    1.479975    1.000000  279.105460
Iteration: 154 bestvalit: 0.004992 bestmemit:    6.586083    1.479975    1.000000  279.105460
Iteration: 155 bestvalit: 0.004992 bestmemit:    6.586083    1.479975    1.000000  279.105460
Iteration: 156 bestvalit: 0.004992 bestmemit:    6.586083    1.479975    1.000000  279.105460
Iteration: 157 bestvalit: 0.004992 bestmemit:    6.586083    1.479975    1.000000  279.105460
Iteration: 158 bestvalit: 0.004992 bestmemit:    6.586083    1.479975    1.000000  279.105460
Iteration: 159 bestvalit: 0.004992 bestmemit:    6.586083    1.479975    1.000000  279.105460
Iteration: 160 bestvalit: 0.004992 bestmemit:    6.586083    1.479975    1.000000  279.105460
Iteration: 161 bestvalit: 0.004992 bestmemit:    6.586083    1.479975    1.000000  279.105460
Iteration: 162 bestvalit: 0.004992 bestmemit:    6.586083    1.479975    1.000000  279.105460
Iteration: 163 bestvalit: 0.004992 bestmemit:    6.586083    1.479975    1.000000  279.105460
Iteration: 164 bestvalit: 0.004992 bestmemit:    6.586083    1.479975    1.000000  279.105460
Iteration: 165 bestvalit: 0.004992 bestmemit:    6.586083    1.479975    1.000000  279.105460
Iteration: 166 bestvalit: 0.004992 bestmemit:    6.586083    1.479975    1.000000  279.105460
Iteration: 167 bestvalit: 0.004992 bestmemit:    6.586083    1.479975    1.000000  279.105460
Iteration: 168 bestvalit: 0.004992 bestmemit:    6.586083    1.479975    1.000000  279.105460
Iteration: 169 bestvalit: 0.004992 bestmemit:    6.586083    1.479975    1.000000  279.105460
Iteration: 170 bestvalit: 0.004992 bestmemit:    6.586083    1.479975    1.000000  279.105460
Iteration: 171 bestvalit: 0.004992 bestmemit:    6.586083    1.479975    1.000000  279.105460
Iteration: 172 bestvalit: 0.004992 bestmemit:    6.586083    1.479975    1.000000  279.105460
Iteration: 173 bestvalit: 0.004992 bestmemit:    6.586083    1.479975    1.000000  279.105460
Iteration: 174 bestvalit: 0.004992 bestmemit:    6.586083    1.479975    1.000000  279.105460
Iteration: 175 bestvalit: 0.004992 bestmemit:    6.586083    1.479975    1.000000  279.105460
Iteration: 176 bestvalit: 0.004992 bestmemit:    6.586083    1.479975    1.000000  279.105460
Iteration: 177 bestvalit: 0.004992 bestmemit:    6.586083    1.479975    1.000000  279.105460
Iteration: 178 bestvalit: 0.004992 bestmemit:    6.586083    1.479975    1.000000  279.105460
Iteration: 179 bestvalit: 0.004992 bestmemit:    6.586083    1.479975    1.000000  279.105460
Iteration: 180 bestvalit: 0.004992 bestmemit:    6.586083    1.479975    1.000000  279.105460
Iteration: 181 bestvalit: 0.004992 bestmemit:    6.586083    1.479975    1.000000  279.105460
Iteration: 182 bestvalit: 0.004992 bestmemit:    6.586083    1.479975    1.000000  279.105460

***** summary of DEoptim object ***** 
best member   :  6.58608 1.47998 1 279.1055 
best value    :  0.00499 
after         :  182 generations 
fn evaluated  :  366 times 
*************************************
