SLURM_JOB_ID: 55185214
SLURM_JOB_USER: vsc34066
SLURM_JOB_ACCOUNT: lp_desenderlab
SLURM_JOB_NAME: fit_alternating_fb_trim_skip.slurm
SLURM_CLUSTER_NAME: genius
SLURM_JOB_PARTITION: batch
SLURM_ARRAY_JOB_ID: 55185173
SLURM_ARRAY_TASK_ID: 41
SLURM_NNODES: 1
SLURM_NODELIST: r27i27n03
SLURM_JOB_CPUS_PER_NODE: 8
Date: Tue Aug  8 11:36:25 CEST 2023
Walltime: 00-23:59:00
========================================================================
Iteration: 1 bestvalit: 0.006896 bestmemit:    4.559950   95.603853    1.000000  202.568084
Iteration: 2 bestvalit: 0.006519 bestmemit:    4.559950   37.243608    1.000000  202.568084
Iteration: 3 bestvalit: 0.006161 bestmemit:   24.506745   11.126982    1.000000  200.948130
Iteration: 4 bestvalit: 0.006161 bestmemit:   24.506745   11.126982    1.000000  200.948130
Iteration: 5 bestvalit: 0.005888 bestmemit:   24.506745   11.126982    1.000000  200.948130
Iteration: 6 bestvalit: 0.005575 bestmemit:    2.332255   -5.698574    1.000000  224.873763
Iteration: 7 bestvalit: 0.005448 bestmemit:   21.756019   31.978884    1.000000  255.923387
Iteration: 8 bestvalit: 0.005448 bestmemit:   21.756019   31.978884    1.000000  255.923387
Iteration: 9 bestvalit: 0.005448 bestmemit:   21.756019   31.978884    1.000000  255.923387
Iteration: 10 bestvalit: 0.005448 bestmemit:   21.756019   31.978884    1.000000  255.923387
Iteration: 11 bestvalit: 0.005448 bestmemit:   21.756019   31.978884    1.000000  255.923387
Iteration: 12 bestvalit: 0.005343 bestmemit:   10.093693    5.152754    1.000000  231.879378
Iteration: 13 bestvalit: 0.005343 bestmemit:   10.093693    5.152754    1.000000  231.879378
Iteration: 14 bestvalit: 0.005343 bestmemit:   10.093693    5.152754    1.000000  231.879378
Iteration: 15 bestvalit: 0.005343 bestmemit:   10.093693    5.152754    1.000000  231.879378
Iteration: 16 bestvalit: 0.005343 bestmemit:   10.093693    5.152754    1.000000  231.879378
Iteration: 17 bestvalit: 0.005343 bestmemit:   10.093693    5.152754    1.000000  231.879378
Iteration: 18 bestvalit: 0.005343 bestmemit:   10.093693    5.152754    1.000000  231.879378
Iteration: 19 bestvalit: 0.005343 bestmemit:   10.093693    5.152754    1.000000  231.879378
Iteration: 20 bestvalit: 0.005343 bestmemit:   10.093693    5.152754    1.000000  231.879378
Iteration: 21 bestvalit: 0.005343 bestmemit:   10.093693    5.152754    1.000000  231.879378
Iteration: 22 bestvalit: 0.005211 bestmemit:    5.506700  -10.282337    1.000000  270.064306
Iteration: 23 bestvalit: 0.005209 bestmemit:   20.260981   31.245191    1.000000  256.137103
Iteration: 24 bestvalit: 0.005209 bestmemit:   20.260981   31.245191    1.000000  256.137103
Iteration: 25 bestvalit: 0.005209 bestmemit:   20.260981   31.245191    1.000000  256.137103
Iteration: 26 bestvalit: 0.005209 bestmemit:   20.260981   31.245191    1.000000  256.137103
Iteration: 27 bestvalit: 0.005209 bestmemit:   20.260981   31.245191    1.000000  256.137103
Iteration: 28 bestvalit: 0.005209 bestmemit:   20.260981   31.245191    1.000000  256.137103
Iteration: 29 bestvalit: 0.005209 bestmemit:   20.260981   31.245191    1.000000  256.137103
Iteration: 30 bestvalit: 0.005209 bestmemit:   20.260981   31.245191    1.000000  256.137103
Iteration: 31 bestvalit: 0.005209 bestmemit:   20.260981   31.245191    1.000000  256.137103
Iteration: 32 bestvalit: 0.005209 bestmemit:   20.260981   31.245191    1.000000  256.137103
Iteration: 33 bestvalit: 0.005209 bestmemit:   20.260981   31.245191    1.000000  256.137103
Iteration: 34 bestvalit: 0.005209 bestmemit:   20.260981   31.245191    1.000000  256.137103
Iteration: 35 bestvalit: 0.004995 bestmemit:   25.037877   43.058635    1.000000  234.231205
Iteration: 36 bestvalit: 0.004995 bestmemit:   25.037877   43.058635    1.000000  234.231205
Iteration: 37 bestvalit: 0.004995 bestmemit:   25.037877   43.058635    1.000000  234.231205
Iteration: 38 bestvalit: 0.004995 bestmemit:   25.037877   43.058635    1.000000  234.231205
Iteration: 39 bestvalit: 0.004995 bestmemit:   25.037877   43.058635    1.000000  234.231205
Iteration: 40 bestvalit: 0.004995 bestmemit:   25.037877   43.058635    1.000000  234.231205
Iteration: 41 bestvalit: 0.004995 bestmemit:   25.037877   43.058635    1.000000  234.231205
Iteration: 42 bestvalit: 0.004995 bestmemit:   25.037877   43.058635    1.000000  234.231205
Iteration: 43 bestvalit: 0.004995 bestmemit:   25.037877   43.058635    1.000000  234.231205
Iteration: 44 bestvalit: 0.004995 bestmemit:   25.037877   43.058635    1.000000  234.231205
Iteration: 45 bestvalit: 0.004995 bestmemit:   25.037877   43.058635    1.000000  234.231205
Iteration: 46 bestvalit: 0.004896 bestmemit:    6.638130   21.140036    1.000000  237.885604
Iteration: 47 bestvalit: 0.004896 bestmemit:    6.638130   21.140036    1.000000  237.885604
Iteration: 48 bestvalit: 0.004896 bestmemit:    6.638130   21.140036    1.000000  237.885604
Iteration: 49 bestvalit: 0.004896 bestmemit:    6.638130   21.140036    1.000000  237.885604
Iteration: 50 bestvalit: 0.004896 bestmemit:    6.638130   21.140036    1.000000  237.885604
Iteration: 51 bestvalit: 0.004896 bestmemit:    6.638130   21.140036    1.000000  237.885604
Iteration: 52 bestvalit: 0.004896 bestmemit:    6.638130   21.140036    1.000000  237.885604
Iteration: 53 bestvalit: 0.004896 bestmemit:    6.638130   21.140036    1.000000  237.885604
Iteration: 54 bestvalit: 0.004896 bestmemit:    6.638130   21.140036    1.000000  237.885604
Iteration: 55 bestvalit: 0.004896 bestmemit:    6.638130   21.140036    1.000000  237.885604
Iteration: 56 bestvalit: 0.004896 bestmemit:    6.638130   21.140036    1.000000  237.885604
Iteration: 57 bestvalit: 0.004896 bestmemit:    6.638130   21.140036    1.000000  237.885604
Iteration: 58 bestvalit: 0.004896 bestmemit:    6.638130   21.140036    1.000000  237.885604
Iteration: 59 bestvalit: 0.004896 bestmemit:    6.638130   21.140036    1.000000  237.885604
Iteration: 60 bestvalit: 0.004896 bestmemit:    6.638130   21.140036    1.000000  237.885604
Iteration: 61 bestvalit: 0.004896 bestmemit:    6.638130   21.140036    1.000000  237.885604
Iteration: 62 bestvalit: 0.004896 bestmemit:    6.638130   21.140036    1.000000  237.885604
Iteration: 63 bestvalit: 0.004896 bestmemit:    6.638130   21.140036    1.000000  237.885604
Iteration: 64 bestvalit: 0.004896 bestmemit:    6.638130   21.140036    1.000000  237.885604
Iteration: 65 bestvalit: 0.004896 bestmemit:    6.638130   21.140036    1.000000  237.885604
Iteration: 66 bestvalit: 0.004896 bestmemit:    6.638130   21.140036    1.000000  237.885604
Iteration: 67 bestvalit: 0.004896 bestmemit:    6.638130   21.140036    1.000000  237.885604
Iteration: 68 bestvalit: 0.004896 bestmemit:    6.638130   21.140036    1.000000  237.885604
Iteration: 69 bestvalit: 0.004896 bestmemit:    6.638130   21.140036    1.000000  237.885604
Iteration: 70 bestvalit: 0.004896 bestmemit:    6.638130   21.140036    1.000000  237.885604
Iteration: 71 bestvalit: 0.004896 bestmemit:    6.638130   21.140036    1.000000  237.885604
Iteration: 72 bestvalit: 0.004896 bestmemit:    6.638130   21.140036    1.000000  237.885604
Iteration: 73 bestvalit: 0.004896 bestmemit:    6.638130   21.140036    1.000000  237.885604
Iteration: 74 bestvalit: 0.004896 bestmemit:    6.638130   21.140036    1.000000  237.885604
Iteration: 75 bestvalit: 0.004896 bestmemit:    6.638130   21.140036    1.000000  237.885604
Iteration: 76 bestvalit: 0.004896 bestmemit:    6.638130   21.140036    1.000000  237.885604
Iteration: 77 bestvalit: 0.004896 bestmemit:    6.638130   21.140036    1.000000  237.885604
Iteration: 78 bestvalit: 0.004896 bestmemit:    6.638130   21.140036    1.000000  237.885604
Iteration: 79 bestvalit: 0.004896 bestmemit:    6.638130   21.140036    1.000000  237.885604
Iteration: 80 bestvalit: 0.004896 bestmemit:    6.638130   21.140036    1.000000  237.885604
Iteration: 81 bestvalit: 0.004896 bestmemit:    6.638130   21.140036    1.000000  237.885604
Iteration: 82 bestvalit: 0.004896 bestmemit:    6.638130   21.140036    1.000000  237.885604
Iteration: 83 bestvalit: 0.004896 bestmemit:    6.638130   21.140036    1.000000  237.885604
Iteration: 84 bestvalit: 0.004896 bestmemit:    6.638130   21.140036    1.000000  237.885604
Iteration: 85 bestvalit: 0.004896 bestmemit:    6.638130   21.140036    1.000000  237.885604
Iteration: 86 bestvalit: 0.004650 bestmemit:    8.417679    7.657075    1.000000  227.254393
Iteration: 87 bestvalit: 0.004650 bestmemit:    8.417679    7.657075    1.000000  227.254393
Iteration: 88 bestvalit: 0.004650 bestmemit:    8.417679    7.657075    1.000000  227.254393
Iteration: 89 bestvalit: 0.004650 bestmemit:    8.417679    7.657075    1.000000  227.254393
Iteration: 90 bestvalit: 0.004650 bestmemit:    8.417679    7.657075    1.000000  227.254393
Iteration: 91 bestvalit: 0.004650 bestmemit:    8.417679    7.657075    1.000000  227.254393
Iteration: 92 bestvalit: 0.004650 bestmemit:    8.417679    7.657075    1.000000  227.254393
Iteration: 93 bestvalit: 0.004650 bestmemit:    8.417679    7.657075    1.000000  227.254393
Iteration: 94 bestvalit: 0.004650 bestmemit:    8.417679    7.657075    1.000000  227.254393
Iteration: 95 bestvalit: 0.004650 bestmemit:    8.417679    7.657075    1.000000  227.254393
Iteration: 96 bestvalit: 0.004650 bestmemit:    8.417679    7.657075    1.000000  227.254393
Iteration: 97 bestvalit: 0.004650 bestmemit:    8.417679    7.657075    1.000000  227.254393
Iteration: 98 bestvalit: 0.004650 bestmemit:    8.417679    7.657075    1.000000  227.254393
Iteration: 99 bestvalit: 0.004650 bestmemit:    8.417679    7.657075    1.000000  227.254393
Iteration: 100 bestvalit: 0.004650 bestmemit:    8.417679    7.657075    1.000000  227.254393
Iteration: 101 bestvalit: 0.004650 bestmemit:    8.417679    7.657075    1.000000  227.254393
Iteration: 102 bestvalit: 0.004650 bestmemit:    8.417679    7.657075    1.000000  227.254393
Iteration: 103 bestvalit: 0.004650 bestmemit:    8.417679    7.657075    1.000000  227.254393
Iteration: 104 bestvalit: 0.004650 bestmemit:    8.417679    7.657075    1.000000  227.254393
Iteration: 105 bestvalit: 0.004650 bestmemit:    8.417679    7.657075    1.000000  227.254393
Iteration: 106 bestvalit: 0.004650 bestmemit:    8.417679    7.657075    1.000000  227.254393
Iteration: 107 bestvalit: 0.004650 bestmemit:    8.417679    7.657075    1.000000  227.254393
Iteration: 108 bestvalit: 0.004650 bestmemit:    8.417679    7.657075    1.000000  227.254393
Iteration: 109 bestvalit: 0.004650 bestmemit:    8.417679    7.657075    1.000000  227.254393
Iteration: 110 bestvalit: 0.004650 bestmemit:    8.417679    7.657075    1.000000  227.254393
Iteration: 111 bestvalit: 0.004650 bestmemit:    8.417679    7.657075    1.000000  227.254393
Iteration: 112 bestvalit: 0.004650 bestmemit:    8.417679    7.657075    1.000000  227.254393
Iteration: 113 bestvalit: 0.004650 bestmemit:    8.417679    7.657075    1.000000  227.254393
Iteration: 114 bestvalit: 0.004650 bestmemit:    8.417679    7.657075    1.000000  227.254393
Iteration: 115 bestvalit: 0.004650 bestmemit:    8.417679    7.657075    1.000000  227.254393
Iteration: 116 bestvalit: 0.004650 bestmemit:    8.417679    7.657075    1.000000  227.254393
Iteration: 117 bestvalit: 0.004650 bestmemit:    8.417679    7.657075    1.000000  227.254393
Iteration: 118 bestvalit: 0.004650 bestmemit:    8.417679    7.657075    1.000000  227.254393
Iteration: 119 bestvalit: 0.004650 bestmemit:    8.417679    7.657075    1.000000  227.254393
Iteration: 120 bestvalit: 0.004650 bestmemit:    8.417679    7.657075    1.000000  227.254393
Iteration: 121 bestvalit: 0.004650 bestmemit:    8.417679    7.657075    1.000000  227.254393
Iteration: 122 bestvalit: 0.004650 bestmemit:    8.417679    7.657075    1.000000  227.254393
Iteration: 123 bestvalit: 0.004650 bestmemit:    8.417679    7.657075    1.000000  227.254393
Iteration: 124 bestvalit: 0.004650 bestmemit:    8.417679    7.657075    1.000000  227.254393
Iteration: 125 bestvalit: 0.004650 bestmemit:    8.417679    7.657075    1.000000  227.254393
Iteration: 126 bestvalit: 0.004650 bestmemit:    8.417679    7.657075    1.000000  227.254393
Iteration: 127 bestvalit: 0.004650 bestmemit:    8.417679    7.657075    1.000000  227.254393
Iteration: 128 bestvalit: 0.004650 bestmemit:    8.417679    7.657075    1.000000  227.254393
Iteration: 129 bestvalit: 0.004650 bestmemit:    8.417679    7.657075    1.000000  227.254393
Iteration: 130 bestvalit: 0.004650 bestmemit:    8.417679    7.657075    1.000000  227.254393
Iteration: 131 bestvalit: 0.004650 bestmemit:    8.417679    7.657075    1.000000  227.254393
Iteration: 132 bestvalit: 0.004650 bestmemit:    8.417679    7.657075    1.000000  227.254393
Iteration: 133 bestvalit: 0.004650 bestmemit:    8.417679    7.657075    1.000000  227.254393
Iteration: 134 bestvalit: 0.004650 bestmemit:    8.417679    7.657075    1.000000  227.254393
Iteration: 135 bestvalit: 0.004650 bestmemit:    8.417679    7.657075    1.000000  227.254393
Iteration: 136 bestvalit: 0.004650 bestmemit:    8.417679    7.657075    1.000000  227.254393
Iteration: 137 bestvalit: 0.004650 bestmemit:    8.417679    7.657075    1.000000  227.254393
Iteration: 138 bestvalit: 0.004650 bestmemit:    8.417679    7.657075    1.000000  227.254393
Iteration: 139 bestvalit: 0.004650 bestmemit:    8.417679    7.657075    1.000000  227.254393
Iteration: 140 bestvalit: 0.004650 bestmemit:    8.417679    7.657075    1.000000  227.254393
Iteration: 141 bestvalit: 0.004650 bestmemit:    8.417679    7.657075    1.000000  227.254393
Iteration: 142 bestvalit: 0.004650 bestmemit:    8.417679    7.657075    1.000000  227.254393
Iteration: 143 bestvalit: 0.004650 bestmemit:    8.417679    7.657075    1.000000  227.254393
Iteration: 144 bestvalit: 0.004650 bestmemit:    8.417679    7.657075    1.000000  227.254393
Iteration: 145 bestvalit: 0.004650 bestmemit:    8.417679    7.657075    1.000000  227.254393
Iteration: 146 bestvalit: 0.004650 bestmemit:    8.417679    7.657075    1.000000  227.254393
Iteration: 147 bestvalit: 0.004650 bestmemit:    8.417679    7.657075    1.000000  227.254393
Iteration: 148 bestvalit: 0.004650 bestmemit:    8.417679    7.657075    1.000000  227.254393
Iteration: 149 bestvalit: 0.004650 bestmemit:    8.417679    7.657075    1.000000  227.254393
Iteration: 150 bestvalit: 0.004585 bestmemit:   11.960579   31.516321    1.000000  261.700435
Iteration: 151 bestvalit: 0.004585 bestmemit:   11.960579   31.516321    1.000000  261.700435
Iteration: 152 bestvalit: 0.004585 bestmemit:   11.960579   31.516321    1.000000  261.700435
Iteration: 153 bestvalit: 0.004585 bestmemit:   11.960579   31.516321    1.000000  261.700435
Iteration: 154 bestvalit: 0.004585 bestmemit:   11.960579   31.516321    1.000000  261.700435
Iteration: 155 bestvalit: 0.004585 bestmemit:   11.960579   31.516321    1.000000  261.700435
Iteration: 156 bestvalit: 0.004585 bestmemit:   11.960579   31.516321    1.000000  261.700435
Iteration: 157 bestvalit: 0.004585 bestmemit:   11.960579   31.516321    1.000000  261.700435
Iteration: 158 bestvalit: 0.004585 bestmemit:   11.960579   31.516321    1.000000  261.700435
Iteration: 159 bestvalit: 0.004585 bestmemit:   11.960579   31.516321    1.000000  261.700435
Iteration: 160 bestvalit: 0.004585 bestmemit:   11.960579   31.516321    1.000000  261.700435
Iteration: 161 bestvalit: 0.004585 bestmemit:   11.960579   31.516321    1.000000  261.700435
Iteration: 162 bestvalit: 0.004585 bestmemit:   11.960579   31.516321    1.000000  261.700435
Iteration: 163 bestvalit: 0.004585 bestmemit:   11.960579   31.516321    1.000000  261.700435
Iteration: 164 bestvalit: 0.004585 bestmemit:   11.960579   31.516321    1.000000  261.700435
Iteration: 165 bestvalit: 0.004585 bestmemit:   11.960579   31.516321    1.000000  261.700435
Iteration: 166 bestvalit: 0.004585 bestmemit:   11.960579   31.516321    1.000000  261.700435
Iteration: 167 bestvalit: 0.004585 bestmemit:   11.960579   31.516321    1.000000  261.700435
Iteration: 168 bestvalit: 0.004585 bestmemit:   11.960579   31.516321    1.000000  261.700435
Iteration: 169 bestvalit: 0.004585 bestmemit:   11.960579   31.516321    1.000000  261.700435
Iteration: 170 bestvalit: 0.004585 bestmemit:   11.960579   31.516321    1.000000  261.700435
Iteration: 171 bestvalit: 0.004585 bestmemit:   11.960579   31.516321    1.000000  261.700435
Iteration: 172 bestvalit: 0.004585 bestmemit:   11.960579   31.516321    1.000000  261.700435
Iteration: 173 bestvalit: 0.004585 bestmemit:   11.960579   31.516321    1.000000  261.700435
Iteration: 174 bestvalit: 0.004585 bestmemit:   11.960579   31.516321    1.000000  261.700435
Iteration: 175 bestvalit: 0.004585 bestmemit:   11.960579   31.516321    1.000000  261.700435
Iteration: 176 bestvalit: 0.004585 bestmemit:   11.960579   31.516321    1.000000  261.700435
Iteration: 177 bestvalit: 0.004585 bestmemit:   11.960579   31.516321    1.000000  261.700435
Iteration: 178 bestvalit: 0.004585 bestmemit:   11.960579   31.516321    1.000000  261.700435
Iteration: 179 bestvalit: 0.004585 bestmemit:   11.960579   31.516321    1.000000  261.700435
Iteration: 180 bestvalit: 0.004585 bestmemit:   11.960579   31.516321    1.000000  261.700435
Iteration: 181 bestvalit: 0.004585 bestmemit:   11.960579   31.516321    1.000000  261.700435
Iteration: 182 bestvalit: 0.004585 bestmemit:   11.960579   31.516321    1.000000  261.700435
Iteration: 183 bestvalit: 0.004585 bestmemit:   11.960579   31.516321    1.000000  261.700435
Iteration: 184 bestvalit: 0.004585 bestmemit:   11.960579   31.516321    1.000000  261.700435
Iteration: 185 bestvalit: 0.004585 bestmemit:   11.960579   31.516321    1.000000  261.700435
Iteration: 186 bestvalit: 0.004585 bestmemit:   11.960579   31.516321    1.000000  261.700435
Iteration: 187 bestvalit: 0.004585 bestmemit:   11.960579   31.516321    1.000000  261.700435
Iteration: 188 bestvalit: 0.004585 bestmemit:   11.960579   31.516321    1.000000  261.700435
Iteration: 189 bestvalit: 0.004585 bestmemit:   11.960579   31.516321    1.000000  261.700435
Iteration: 190 bestvalit: 0.004585 bestmemit:   11.960579   31.516321    1.000000  261.700435
Iteration: 191 bestvalit: 0.004585 bestmemit:   11.960579   31.516321    1.000000  261.700435
Iteration: 192 bestvalit: 0.004585 bestmemit:   11.960579   31.516321    1.000000  261.700435
Iteration: 193 bestvalit: 0.004585 bestmemit:   11.960579   31.516321    1.000000  261.700435
Iteration: 194 bestvalit: 0.004585 bestmemit:   11.960579   31.516321    1.000000  261.700435
Iteration: 195 bestvalit: 0.004585 bestmemit:   11.960579   31.516321    1.000000  261.700435
Iteration: 196 bestvalit: 0.004585 bestmemit:   11.960579   31.516321    1.000000  261.700435
Iteration: 197 bestvalit: 0.004585 bestmemit:   11.960579   31.516321    1.000000  261.700435
Iteration: 198 bestvalit: 0.004585 bestmemit:   11.960579   31.516321    1.000000  261.700435
Iteration: 199 bestvalit: 0.004585 bestmemit:   11.960579   31.516321    1.000000  261.700435
Iteration: 200 bestvalit: 0.004585 bestmemit:   11.960579   31.516321    1.000000  261.700435
Iteration: 201 bestvalit: 0.004585 bestmemit:   11.960579   31.516321    1.000000  261.700435
Iteration: 202 bestvalit: 0.004585 bestmemit:   11.960579   31.516321    1.000000  261.700435
Iteration: 203 bestvalit: 0.004585 bestmemit:   11.960579   31.516321    1.000000  261.700435
Iteration: 204 bestvalit: 0.004585 bestmemit:   11.960579   31.516321    1.000000  261.700435
Iteration: 205 bestvalit: 0.004585 bestmemit:   11.960579   31.516321    1.000000  261.700435
Iteration: 206 bestvalit: 0.004585 bestmemit:   11.960579   31.516321    1.000000  261.700435
Iteration: 207 bestvalit: 0.004585 bestmemit:   11.960579   31.516321    1.000000  261.700435
Iteration: 208 bestvalit: 0.004585 bestmemit:   11.960579   31.516321    1.000000  261.700435
Iteration: 209 bestvalit: 0.004585 bestmemit:   11.960579   31.516321    1.000000  261.700435
Iteration: 210 bestvalit: 0.004585 bestmemit:   11.960579   31.516321    1.000000  261.700435
Iteration: 211 bestvalit: 0.004585 bestmemit:   11.960579   31.516321    1.000000  261.700435
Iteration: 212 bestvalit: 0.004585 bestmemit:   11.960579   31.516321    1.000000  261.700435
Iteration: 213 bestvalit: 0.004585 bestmemit:   11.960579   31.516321    1.000000  261.700435
Iteration: 214 bestvalit: 0.004585 bestmemit:   11.960579   31.516321    1.000000  261.700435
Iteration: 215 bestvalit: 0.004585 bestmemit:   11.960579   31.516321    1.000000  261.700435
Iteration: 216 bestvalit: 0.004585 bestmemit:   11.960579   31.516321    1.000000  261.700435
Iteration: 217 bestvalit: 0.004585 bestmemit:   11.960579   31.516321    1.000000  261.700435
Iteration: 218 bestvalit: 0.004585 bestmemit:   11.960579   31.516321    1.000000  261.700435
Iteration: 219 bestvalit: 0.004585 bestmemit:   11.960579   31.516321    1.000000  261.700435
Iteration: 220 bestvalit: 0.004585 bestmemit:   11.960579   31.516321    1.000000  261.700435
Iteration: 221 bestvalit: 0.004585 bestmemit:   11.960579   31.516321    1.000000  261.700435

***** summary of DEoptim object ***** 
best member   :  11.96058 31.51632 1 261.7004 
best value    :  0.00459 
after         :  221 generations 
fn evaluated  :  444 times 
*************************************
