SLURM_JOB_ID: 55185213
SLURM_JOB_USER: vsc34066
SLURM_JOB_ACCOUNT: lp_desenderlab
SLURM_JOB_NAME: fit_alternating_fb_trim_skip.slurm
SLURM_CLUSTER_NAME: genius
SLURM_JOB_PARTITION: batch
SLURM_ARRAY_JOB_ID: 55185173
SLURM_ARRAY_TASK_ID: 40
SLURM_NNODES: 1
SLURM_NODELIST: r27i27n03
SLURM_JOB_CPUS_PER_NODE: 8
Date: Tue Aug  8 11:36:20 CEST 2023
Walltime: 00-23:59:00
========================================================================
Iteration: 1 bestvalit: 0.009209 bestmemit:   16.326627    6.737708    1.000000  301.637722
Iteration: 2 bestvalit: 0.008623 bestmemit:   25.087424   39.578763    1.000000  237.395093
Iteration: 3 bestvalit: 0.008623 bestmemit:   25.087424   39.578763    1.000000  237.395093
Iteration: 4 bestvalit: 0.008217 bestmemit:    0.777598   20.332375    1.000000  215.051482
Iteration: 5 bestvalit: 0.007400 bestmemit:   11.826829   20.332375    1.000000  215.051482
Iteration: 6 bestvalit: 0.007400 bestmemit:   11.826829   20.332375    1.000000  215.051482
Iteration: 7 bestvalit: 0.007073 bestmemit:   13.984958   39.578763    1.000000  237.395093
Iteration: 8 bestvalit: 0.007073 bestmemit:   13.984958   39.578763    1.000000  237.395093
Iteration: 9 bestvalit: 0.007073 bestmemit:   13.984958   39.578763    1.000000  237.395093
Iteration: 10 bestvalit: 0.006992 bestmemit:   34.991830   39.578763    1.000000  237.395093
Iteration: 11 bestvalit: 0.006992 bestmemit:   34.991830   39.578763    1.000000  237.395093
Iteration: 12 bestvalit: 0.006992 bestmemit:   34.991830   39.578763    1.000000  237.395093
Iteration: 13 bestvalit: 0.006992 bestmemit:   34.991830   39.578763    1.000000  237.395093
Iteration: 14 bestvalit: 0.006992 bestmemit:   34.991830   39.578763    1.000000  237.395093
Iteration: 15 bestvalit: 0.006954 bestmemit:   11.826829   20.332375    1.000000  215.051482
Iteration: 16 bestvalit: 0.006954 bestmemit:   11.826829   20.332375    1.000000  215.051482
Iteration: 17 bestvalit: 0.006954 bestmemit:   11.826829   20.332375    1.000000  215.051482
Iteration: 18 bestvalit: 0.006954 bestmemit:   11.826829   20.332375    1.000000  215.051482
Iteration: 19 bestvalit: 0.006954 bestmemit:   11.826829   20.332375    1.000000  215.051482
Iteration: 20 bestvalit: 0.006954 bestmemit:   11.826829   20.332375    1.000000  215.051482
Iteration: 21 bestvalit: 0.006954 bestmemit:   11.826829   20.332375    1.000000  215.051482
Iteration: 22 bestvalit: 0.006954 bestmemit:   11.826829   20.332375    1.000000  215.051482
Iteration: 23 bestvalit: 0.006954 bestmemit:   11.826829   20.332375    1.000000  215.051482
Iteration: 24 bestvalit: 0.006954 bestmemit:   11.826829   20.332375    1.000000  215.051482
Iteration: 25 bestvalit: 0.006954 bestmemit:   11.826829   20.332375    1.000000  215.051482
Iteration: 26 bestvalit: 0.006954 bestmemit:   11.826829   20.332375    1.000000  215.051482
Iteration: 27 bestvalit: 0.006954 bestmemit:   11.826829   20.332375    1.000000  215.051482
Iteration: 28 bestvalit: 0.006801 bestmemit:   28.525360  -52.249624    1.000000  205.093634
Iteration: 29 bestvalit: 0.006801 bestmemit:   28.525360  -52.249624    1.000000  205.093634
Iteration: 30 bestvalit: 0.006801 bestmemit:   28.525360  -52.249624    1.000000  205.093634
Iteration: 31 bestvalit: 0.006801 bestmemit:   28.525360  -52.249624    1.000000  205.093634
Iteration: 32 bestvalit: 0.006801 bestmemit:   28.525360  -52.249624    1.000000  205.093634
Iteration: 33 bestvalit: 0.006801 bestmemit:   28.525360  -52.249624    1.000000  205.093634
Iteration: 34 bestvalit: 0.006570 bestmemit:   14.212995   83.349320    1.000000  211.678983
Iteration: 35 bestvalit: 0.006570 bestmemit:   14.212995   83.349320    1.000000  211.678983
Iteration: 36 bestvalit: 0.006570 bestmemit:   14.212995   83.349320    1.000000  211.678983
Iteration: 37 bestvalit: 0.006570 bestmemit:   14.212995   83.349320    1.000000  211.678983
Iteration: 38 bestvalit: 0.006570 bestmemit:   14.212995   83.349320    1.000000  211.678983
Iteration: 39 bestvalit: 0.006570 bestmemit:   14.212995   83.349320    1.000000  211.678983
Iteration: 40 bestvalit: 0.006570 bestmemit:   14.212995   83.349320    1.000000  211.678983
Iteration: 41 bestvalit: 0.006570 bestmemit:   14.212995   83.349320    1.000000  211.678983
Iteration: 42 bestvalit: 0.006570 bestmemit:   14.212995   83.349320    1.000000  211.678983
Iteration: 43 bestvalit: 0.006570 bestmemit:   14.212995   83.349320    1.000000  211.678983
Iteration: 44 bestvalit: 0.006570 bestmemit:   14.212995   83.349320    1.000000  211.678983
Iteration: 45 bestvalit: 0.006570 bestmemit:   14.212995   83.349320    1.000000  211.678983
Iteration: 46 bestvalit: 0.006570 bestmemit:   14.212995   83.349320    1.000000  211.678983
Iteration: 47 bestvalit: 0.006570 bestmemit:   14.212995   83.349320    1.000000  211.678983
Iteration: 48 bestvalit: 0.006570 bestmemit:   14.212995   83.349320    1.000000  211.678983
Iteration: 49 bestvalit: 0.006570 bestmemit:   14.212995   83.349320    1.000000  211.678983
Iteration: 50 bestvalit: 0.006570 bestmemit:   14.212995   83.349320    1.000000  211.678983
Iteration: 51 bestvalit: 0.006570 bestmemit:   14.212995   83.349320    1.000000  211.678983
Iteration: 52 bestvalit: 0.006570 bestmemit:   14.212995   83.349320    1.000000  211.678983
Iteration: 53 bestvalit: 0.006570 bestmemit:   14.212995   83.349320    1.000000  211.678983
Iteration: 54 bestvalit: 0.006570 bestmemit:   14.212995   83.349320    1.000000  211.678983
Iteration: 55 bestvalit: 0.006570 bestmemit:   14.212995   83.349320    1.000000  211.678983
Iteration: 56 bestvalit: 0.006570 bestmemit:   14.212995   83.349320    1.000000  211.678983
Iteration: 57 bestvalit: 0.006486 bestmemit:   23.247901   76.147945    1.000000  210.584454
Iteration: 58 bestvalit: 0.006486 bestmemit:   23.247901   76.147945    1.000000  210.584454
Iteration: 59 bestvalit: 0.006486 bestmemit:   23.247901   76.147945    1.000000  210.584454
Iteration: 60 bestvalit: 0.006486 bestmemit:   23.247901   76.147945    1.000000  210.584454
Iteration: 61 bestvalit: 0.006486 bestmemit:   23.247901   76.147945    1.000000  210.584454
Iteration: 62 bestvalit: 0.006486 bestmemit:   23.247901   76.147945    1.000000  210.584454
Iteration: 63 bestvalit: 0.006486 bestmemit:   23.247901   76.147945    1.000000  210.584454
Iteration: 64 bestvalit: 0.006486 bestmemit:   23.247901   76.147945    1.000000  210.584454
Iteration: 65 bestvalit: 0.006486 bestmemit:   23.247901   76.147945    1.000000  210.584454
Iteration: 66 bestvalit: 0.006486 bestmemit:   23.247901   76.147945    1.000000  210.584454
Iteration: 67 bestvalit: 0.006486 bestmemit:   23.247901   76.147945    1.000000  210.584454
Iteration: 68 bestvalit: 0.006486 bestmemit:   23.247901   76.147945    1.000000  210.584454
Iteration: 69 bestvalit: 0.006486 bestmemit:   23.247901   76.147945    1.000000  210.584454
Iteration: 70 bestvalit: 0.006486 bestmemit:   23.247901   76.147945    1.000000  210.584454
Iteration: 71 bestvalit: 0.006486 bestmemit:   23.247901   76.147945    1.000000  210.584454
Iteration: 72 bestvalit: 0.006486 bestmemit:   23.247901   76.147945    1.000000  210.584454
Iteration: 73 bestvalit: 0.006486 bestmemit:   23.247901   76.147945    1.000000  210.584454
Iteration: 74 bestvalit: 0.006486 bestmemit:   23.247901   76.147945    1.000000  210.584454
Iteration: 75 bestvalit: 0.006486 bestmemit:   23.247901   76.147945    1.000000  210.584454
Iteration: 76 bestvalit: 0.006486 bestmemit:   23.247901   76.147945    1.000000  210.584454
Iteration: 77 bestvalit: 0.006486 bestmemit:   23.247901   76.147945    1.000000  210.584454
Iteration: 78 bestvalit: 0.006486 bestmemit:   23.247901   76.147945    1.000000  210.584454
Iteration: 79 bestvalit: 0.006486 bestmemit:   23.247901   76.147945    1.000000  210.584454
Iteration: 80 bestvalit: 0.006486 bestmemit:   23.247901   76.147945    1.000000  210.584454
Iteration: 81 bestvalit: 0.006486 bestmemit:   23.247901   76.147945    1.000000  210.584454
Iteration: 82 bestvalit: 0.006486 bestmemit:   23.247901   76.147945    1.000000  210.584454
Iteration: 83 bestvalit: 0.006486 bestmemit:   23.247901   76.147945    1.000000  210.584454
Iteration: 84 bestvalit: 0.006486 bestmemit:   23.247901   76.147945    1.000000  210.584454
Iteration: 85 bestvalit: 0.006486 bestmemit:   23.247901   76.147945    1.000000  210.584454
Iteration: 86 bestvalit: 0.006486 bestmemit:   23.247901   76.147945    1.000000  210.584454
Iteration: 87 bestvalit: 0.006407 bestmemit:   30.739082  -72.183991    1.000000  217.375189
Iteration: 88 bestvalit: 0.006407 bestmemit:   30.739082  -72.183991    1.000000  217.375189
Iteration: 89 bestvalit: 0.006407 bestmemit:   30.739082  -72.183991    1.000000  217.375189
Iteration: 90 bestvalit: 0.006407 bestmemit:   30.739082  -72.183991    1.000000  217.375189
Iteration: 91 bestvalit: 0.006407 bestmemit:   30.739082  -72.183991    1.000000  217.375189
Iteration: 92 bestvalit: 0.006407 bestmemit:   30.739082  -72.183991    1.000000  217.375189
Iteration: 93 bestvalit: 0.006407 bestmemit:   30.739082  -72.183991    1.000000  217.375189
Iteration: 94 bestvalit: 0.006407 bestmemit:   30.739082  -72.183991    1.000000  217.375189
Iteration: 95 bestvalit: 0.006407 bestmemit:   30.739082  -72.183991    1.000000  217.375189
Iteration: 96 bestvalit: 0.006407 bestmemit:   30.739082  -72.183991    1.000000  217.375189
Iteration: 97 bestvalit: 0.006407 bestmemit:   30.739082  -72.183991    1.000000  217.375189
Iteration: 98 bestvalit: 0.006407 bestmemit:   30.739082  -72.183991    1.000000  217.375189
Iteration: 99 bestvalit: 0.006407 bestmemit:   30.739082  -72.183991    1.000000  217.375189
Iteration: 100 bestvalit: 0.006407 bestmemit:   30.739082  -72.183991    1.000000  217.375189
Iteration: 101 bestvalit: 0.006407 bestmemit:   30.739082  -72.183991    1.000000  217.375189
Iteration: 102 bestvalit: 0.006407 bestmemit:   30.739082  -72.183991    1.000000  217.375189
Iteration: 103 bestvalit: 0.006407 bestmemit:   30.739082  -72.183991    1.000000  217.375189
Iteration: 104 bestvalit: 0.006407 bestmemit:   30.739082  -72.183991    1.000000  217.375189
Iteration: 105 bestvalit: 0.006407 bestmemit:   30.739082  -72.183991    1.000000  217.375189
Iteration: 106 bestvalit: 0.006407 bestmemit:   30.739082  -72.183991    1.000000  217.375189
Iteration: 107 bestvalit: 0.006407 bestmemit:   30.739082  -72.183991    1.000000  217.375189
Iteration: 108 bestvalit: 0.006407 bestmemit:   30.739082  -72.183991    1.000000  217.375189
Iteration: 109 bestvalit: 0.006407 bestmemit:   30.739082  -72.183991    1.000000  217.375189
Iteration: 110 bestvalit: 0.006407 bestmemit:   30.739082  -72.183991    1.000000  217.375189
Iteration: 111 bestvalit: 0.006407 bestmemit:   30.739082  -72.183991    1.000000  217.375189
Iteration: 112 bestvalit: 0.006407 bestmemit:   30.739082  -72.183991    1.000000  217.375189
Iteration: 113 bestvalit: 0.006407 bestmemit:   30.739082  -72.183991    1.000000  217.375189
Iteration: 114 bestvalit: 0.006407 bestmemit:   30.739082  -72.183991    1.000000  217.375189
Iteration: 115 bestvalit: 0.006407 bestmemit:   30.739082  -72.183991    1.000000  217.375189
Iteration: 116 bestvalit: 0.006407 bestmemit:   30.739082  -72.183991    1.000000  217.375189
Iteration: 117 bestvalit: 0.006407 bestmemit:   30.739082  -72.183991    1.000000  217.375189
Iteration: 118 bestvalit: 0.006407 bestmemit:   30.739082  -72.183991    1.000000  217.375189
Iteration: 119 bestvalit: 0.006407 bestmemit:   30.739082  -72.183991    1.000000  217.375189
Iteration: 120 bestvalit: 0.006407 bestmemit:   30.739082  -72.183991    1.000000  217.375189
Iteration: 121 bestvalit: 0.006407 bestmemit:   30.739082  -72.183991    1.000000  217.375189
Iteration: 122 bestvalit: 0.006407 bestmemit:   30.739082  -72.183991    1.000000  217.375189
Iteration: 123 bestvalit: 0.006407 bestmemit:   30.739082  -72.183991    1.000000  217.375189
Iteration: 124 bestvalit: 0.006407 bestmemit:   30.739082  -72.183991    1.000000  217.375189
Iteration: 125 bestvalit: 0.006407 bestmemit:   30.739082  -72.183991    1.000000  217.375189
Iteration: 126 bestvalit: 0.006407 bestmemit:   30.739082  -72.183991    1.000000  217.375189
Iteration: 127 bestvalit: 0.006407 bestmemit:   30.739082  -72.183991    1.000000  217.375189
Iteration: 128 bestvalit: 0.006407 bestmemit:   30.739082  -72.183991    1.000000  217.375189
Iteration: 129 bestvalit: 0.006407 bestmemit:   30.739082  -72.183991    1.000000  217.375189
Iteration: 130 bestvalit: 0.006407 bestmemit:   30.739082  -72.183991    1.000000  217.375189
Iteration: 131 bestvalit: 0.006407 bestmemit:   30.739082  -72.183991    1.000000  217.375189
Iteration: 132 bestvalit: 0.006407 bestmemit:   30.739082  -72.183991    1.000000  217.375189
Iteration: 133 bestvalit: 0.006407 bestmemit:   30.739082  -72.183991    1.000000  217.375189
Iteration: 134 bestvalit: 0.006407 bestmemit:   30.739082  -72.183991    1.000000  217.375189
Iteration: 135 bestvalit: 0.006407 bestmemit:   30.739082  -72.183991    1.000000  217.375189
Iteration: 136 bestvalit: 0.006407 bestmemit:   30.739082  -72.183991    1.000000  217.375189
Iteration: 137 bestvalit: 0.006407 bestmemit:   30.739082  -72.183991    1.000000  217.375189
Iteration: 138 bestvalit: 0.006407 bestmemit:   30.739082  -72.183991    1.000000  217.375189
Iteration: 139 bestvalit: 0.006407 bestmemit:   30.739082  -72.183991    1.000000  217.375189
Iteration: 140 bestvalit: 0.006407 bestmemit:   30.739082  -72.183991    1.000000  217.375189
Iteration: 141 bestvalit: 0.006407 bestmemit:   30.739082  -72.183991    1.000000  217.375189
Iteration: 142 bestvalit: 0.006407 bestmemit:   30.739082  -72.183991    1.000000  217.375189
Iteration: 143 bestvalit: 0.006407 bestmemit:   30.739082  -72.183991    1.000000  217.375189
Iteration: 144 bestvalit: 0.006407 bestmemit:   30.739082  -72.183991    1.000000  217.375189
Iteration: 145 bestvalit: 0.006407 bestmemit:   30.739082  -72.183991    1.000000  217.375189
Iteration: 146 bestvalit: 0.006407 bestmemit:   30.739082  -72.183991    1.000000  217.375189
Iteration: 147 bestvalit: 0.006407 bestmemit:   30.739082  -72.183991    1.000000  217.375189
Iteration: 148 bestvalit: 0.006407 bestmemit:   30.739082  -72.183991    1.000000  217.375189
Iteration: 149 bestvalit: 0.006407 bestmemit:   30.739082  -72.183991    1.000000  217.375189
Iteration: 150 bestvalit: 0.006407 bestmemit:   30.739082  -72.183991    1.000000  217.375189
Iteration: 151 bestvalit: 0.006407 bestmemit:   30.739082  -72.183991    1.000000  217.375189
Iteration: 152 bestvalit: 0.006407 bestmemit:   30.739082  -72.183991    1.000000  217.375189
Iteration: 153 bestvalit: 0.006407 bestmemit:   30.739082  -72.183991    1.000000  217.375189
Iteration: 154 bestvalit: 0.006407 bestmemit:   30.739082  -72.183991    1.000000  217.375189
Iteration: 155 bestvalit: 0.006407 bestmemit:   30.739082  -72.183991    1.000000  217.375189
Iteration: 156 bestvalit: 0.006407 bestmemit:   30.739082  -72.183991    1.000000  217.375189
Iteration: 157 bestvalit: 0.006407 bestmemit:   30.739082  -72.183991    1.000000  217.375189
Iteration: 158 bestvalit: 0.006407 bestmemit:   30.739082  -72.183991    1.000000  217.375189

***** summary of DEoptim object ***** 
best member   :  30.73908 -72.18399 1 217.3752 
best value    :  0.00641 
after         :  158 generations 
fn evaluated  :  318 times 
*************************************
