SLURM_JOB_ID: 55185241
SLURM_JOB_USER: vsc34066
SLURM_JOB_ACCOUNT: lp_desenderlab
SLURM_JOB_NAME: fit_alternating_fb_trim_skip.slurm
SLURM_CLUSTER_NAME: genius
SLURM_JOB_PARTITION: batch
SLURM_ARRAY_JOB_ID: 55185173
SLURM_ARRAY_TASK_ID: 68
SLURM_NNODES: 1
SLURM_NODELIST: r25i27n14
SLURM_JOB_CPUS_PER_NODE: 8
Date: Tue Aug  8 11:36:26 CEST 2023
Walltime: 00-23:59:00
========================================================================
Iteration: 1 bestvalit: 0.005231 bestmemit:   32.702730   45.589177    1.000000  257.899631
Iteration: 2 bestvalit: 0.005231 bestmemit:   32.702730   45.589177    1.000000  257.899631
Iteration: 3 bestvalit: 0.005231 bestmemit:   32.702730   45.589177    1.000000  257.899631
Iteration: 4 bestvalit: 0.005231 bestmemit:   32.702730   45.589177    1.000000  257.899631
Iteration: 5 bestvalit: 0.005231 bestmemit:   32.702730   45.589177    1.000000  257.899631
Iteration: 6 bestvalit: 0.005231 bestmemit:   32.702730   45.589177    1.000000  257.899631
Iteration: 7 bestvalit: 0.005231 bestmemit:   32.702730   45.589177    1.000000  257.899631
Iteration: 8 bestvalit: 0.005231 bestmemit:   32.702730   45.589177    1.000000  257.899631
Iteration: 9 bestvalit: 0.005231 bestmemit:   32.702730   45.589177    1.000000  257.899631
Iteration: 10 bestvalit: 0.004749 bestmemit:   33.629800   11.566895    1.000000  391.703606
Iteration: 11 bestvalit: 0.004749 bestmemit:   33.629800   11.566895    1.000000  391.703606
Iteration: 12 bestvalit: 0.004749 bestmemit:   33.629800   11.566895    1.000000  391.703606
Iteration: 13 bestvalit: 0.004749 bestmemit:   33.629800   11.566895    1.000000  391.703606
Iteration: 14 bestvalit: 0.004749 bestmemit:   33.629800   11.566895    1.000000  391.703606
Iteration: 15 bestvalit: 0.004749 bestmemit:   33.629800   11.566895    1.000000  391.703606
Iteration: 16 bestvalit: 0.004749 bestmemit:   33.629800   11.566895    1.000000  391.703606
Iteration: 17 bestvalit: 0.004749 bestmemit:   33.629800   11.566895    1.000000  391.703606
Iteration: 18 bestvalit: 0.004749 bestmemit:   33.629800   11.566895    1.000000  391.703606
Iteration: 19 bestvalit: 0.004749 bestmemit:   33.629800   11.566895    1.000000  391.703606
Iteration: 20 bestvalit: 0.004634 bestmemit:   43.235848  -12.984736    1.000000  425.811708
Iteration: 21 bestvalit: 0.004634 bestmemit:   43.235848  -12.984736    1.000000  425.811708
Iteration: 22 bestvalit: 0.004634 bestmemit:   43.235848  -12.984736    1.000000  425.811708
Iteration: 23 bestvalit: 0.004634 bestmemit:   43.235848  -12.984736    1.000000  425.811708
Iteration: 24 bestvalit: 0.004634 bestmemit:   43.235848  -12.984736    1.000000  425.811708
Iteration: 25 bestvalit: 0.004634 bestmemit:   43.235848  -12.984736    1.000000  425.811708
Iteration: 26 bestvalit: 0.004634 bestmemit:   43.235848  -12.984736    1.000000  425.811708
Iteration: 27 bestvalit: 0.004634 bestmemit:   43.235848  -12.984736    1.000000  425.811708
Iteration: 28 bestvalit: 0.004634 bestmemit:   43.235848  -12.984736    1.000000  425.811708
Iteration: 29 bestvalit: 0.004634 bestmemit:   43.235848  -12.984736    1.000000  425.811708
Iteration: 30 bestvalit: 0.004634 bestmemit:   43.235848  -12.984736    1.000000  425.811708
Iteration: 31 bestvalit: 0.004505 bestmemit:   39.743398  -23.546918    1.000000  334.348985
Iteration: 32 bestvalit: 0.004505 bestmemit:   39.743398  -23.546918    1.000000  334.348985
Iteration: 33 bestvalit: 0.004505 bestmemit:   39.743398  -23.546918    1.000000  334.348985
Iteration: 34 bestvalit: 0.004505 bestmemit:   39.743398  -23.546918    1.000000  334.348985
Iteration: 35 bestvalit: 0.004505 bestmemit:   39.743398  -23.546918    1.000000  334.348985
Iteration: 36 bestvalit: 0.004505 bestmemit:   39.743398  -23.546918    1.000000  334.348985
Iteration: 37 bestvalit: 0.004152 bestmemit:   26.067738   25.380218    1.000000  352.962922
Iteration: 38 bestvalit: 0.004152 bestmemit:   26.067738   25.380218    1.000000  352.962922
Iteration: 39 bestvalit: 0.004152 bestmemit:   26.067738   25.380218    1.000000  352.962922
Iteration: 40 bestvalit: 0.004152 bestmemit:   26.067738   25.380218    1.000000  352.962922
Iteration: 41 bestvalit: 0.004152 bestmemit:   26.067738   25.380218    1.000000  352.962922
Iteration: 42 bestvalit: 0.004152 bestmemit:   26.067738   25.380218    1.000000  352.962922
Iteration: 43 bestvalit: 0.004152 bestmemit:   26.067738   25.380218    1.000000  352.962922
Iteration: 44 bestvalit: 0.004152 bestmemit:   26.067738   25.380218    1.000000  352.962922
Iteration: 45 bestvalit: 0.004152 bestmemit:   26.067738   25.380218    1.000000  352.962922
Iteration: 46 bestvalit: 0.004152 bestmemit:   26.067738   25.380218    1.000000  352.962922
Iteration: 47 bestvalit: 0.004152 bestmemit:   26.067738   25.380218    1.000000  352.962922
Iteration: 48 bestvalit: 0.004152 bestmemit:   26.067738   25.380218    1.000000  352.962922
Iteration: 49 bestvalit: 0.004152 bestmemit:   26.067738   25.380218    1.000000  352.962922
Iteration: 50 bestvalit: 0.004152 bestmemit:   26.067738   25.380218    1.000000  352.962922
Iteration: 51 bestvalit: 0.004152 bestmemit:   26.067738   25.380218    1.000000  352.962922
Iteration: 52 bestvalit: 0.004152 bestmemit:   26.067738   25.380218    1.000000  352.962922
Iteration: 53 bestvalit: 0.004152 bestmemit:   26.067738   25.380218    1.000000  352.962922
Iteration: 54 bestvalit: 0.004152 bestmemit:   26.067738   25.380218    1.000000  352.962922
Iteration: 55 bestvalit: 0.004152 bestmemit:   26.067738   25.380218    1.000000  352.962922
Iteration: 56 bestvalit: 0.004152 bestmemit:   26.067738   25.380218    1.000000  352.962922
Iteration: 57 bestvalit: 0.004152 bestmemit:   26.067738   25.380218    1.000000  352.962922
Iteration: 58 bestvalit: 0.004152 bestmemit:   26.067738   25.380218    1.000000  352.962922
Iteration: 59 bestvalit: 0.004152 bestmemit:   26.067738   25.380218    1.000000  352.962922
Iteration: 60 bestvalit: 0.004152 bestmemit:   26.067738   25.380218    1.000000  352.962922
Iteration: 61 bestvalit: 0.004152 bestmemit:   26.067738   25.380218    1.000000  352.962922
Iteration: 62 bestvalit: 0.004152 bestmemit:   26.067738   25.380218    1.000000  352.962922
Iteration: 63 bestvalit: 0.004152 bestmemit:   26.067738   25.380218    1.000000  352.962922
Iteration: 64 bestvalit: 0.004152 bestmemit:   26.067738   25.380218    1.000000  352.962922
Iteration: 65 bestvalit: 0.004152 bestmemit:   26.067738   25.380218    1.000000  352.962922
Iteration: 66 bestvalit: 0.004152 bestmemit:   26.067738   25.380218    1.000000  352.962922
Iteration: 67 bestvalit: 0.004152 bestmemit:   26.067738   25.380218    1.000000  352.962922
Iteration: 68 bestvalit: 0.004152 bestmemit:   26.067738   25.380218    1.000000  352.962922
Iteration: 69 bestvalit: 0.004152 bestmemit:   26.067738   25.380218    1.000000  352.962922
Iteration: 70 bestvalit: 0.004152 bestmemit:   26.067738   25.380218    1.000000  352.962922
Iteration: 71 bestvalit: 0.004152 bestmemit:   26.067738   25.380218    1.000000  352.962922
Iteration: 72 bestvalit: 0.004152 bestmemit:   26.067738   25.380218    1.000000  352.962922
Iteration: 73 bestvalit: 0.004152 bestmemit:   26.067738   25.380218    1.000000  352.962922
Iteration: 74 bestvalit: 0.004152 bestmemit:   26.067738   25.380218    1.000000  352.962922
Iteration: 75 bestvalit: 0.004152 bestmemit:   26.067738   25.380218    1.000000  352.962922
Iteration: 76 bestvalit: 0.004152 bestmemit:   26.067738   25.380218    1.000000  352.962922
Iteration: 77 bestvalit: 0.004152 bestmemit:   26.067738   25.380218    1.000000  352.962922
Iteration: 78 bestvalit: 0.004152 bestmemit:   26.067738   25.380218    1.000000  352.962922
Iteration: 79 bestvalit: 0.004152 bestmemit:   26.067738   25.380218    1.000000  352.962922
Iteration: 80 bestvalit: 0.004152 bestmemit:   26.067738   25.380218    1.000000  352.962922
Iteration: 81 bestvalit: 0.004152 bestmemit:   26.067738   25.380218    1.000000  352.962922
Iteration: 82 bestvalit: 0.004152 bestmemit:   26.067738   25.380218    1.000000  352.962922
Iteration: 83 bestvalit: 0.004152 bestmemit:   26.067738   25.380218    1.000000  352.962922
Iteration: 84 bestvalit: 0.004152 bestmemit:   26.067738   25.380218    1.000000  352.962922
Iteration: 85 bestvalit: 0.004152 bestmemit:   26.067738   25.380218    1.000000  352.962922
Iteration: 86 bestvalit: 0.004152 bestmemit:   26.067738   25.380218    1.000000  352.962922
Iteration: 87 bestvalit: 0.004152 bestmemit:   26.067738   25.380218    1.000000  352.962922
Iteration: 88 bestvalit: 0.004152 bestmemit:   26.067738   25.380218    1.000000  352.962922
Iteration: 89 bestvalit: 0.004152 bestmemit:   26.067738   25.380218    1.000000  352.962922
Iteration: 90 bestvalit: 0.004152 bestmemit:   26.067738   25.380218    1.000000  352.962922
Iteration: 91 bestvalit: 0.004152 bestmemit:   26.067738   25.380218    1.000000  352.962922
Iteration: 92 bestvalit: 0.004152 bestmemit:   26.067738   25.380218    1.000000  352.962922
Iteration: 93 bestvalit: 0.004152 bestmemit:   26.067738   25.380218    1.000000  352.962922
Iteration: 94 bestvalit: 0.004152 bestmemit:   26.067738   25.380218    1.000000  352.962922
Iteration: 95 bestvalit: 0.004152 bestmemit:   26.067738   25.380218    1.000000  352.962922
Iteration: 96 bestvalit: 0.004152 bestmemit:   26.067738   25.380218    1.000000  352.962922
Iteration: 97 bestvalit: 0.004152 bestmemit:   26.067738   25.380218    1.000000  352.962922
Iteration: 98 bestvalit: 0.004152 bestmemit:   26.067738   25.380218    1.000000  352.962922
Iteration: 99 bestvalit: 0.004152 bestmemit:   26.067738   25.380218    1.000000  352.962922
Iteration: 100 bestvalit: 0.004152 bestmemit:   26.067738   25.380218    1.000000  352.962922
Iteration: 101 bestvalit: 0.004152 bestmemit:   26.067738   25.380218    1.000000  352.962922
Iteration: 102 bestvalit: 0.004152 bestmemit:   26.067738   25.380218    1.000000  352.962922
Iteration: 103 bestvalit: 0.004152 bestmemit:   26.067738   25.380218    1.000000  352.962922
Iteration: 104 bestvalit: 0.004152 bestmemit:   26.067738   25.380218    1.000000  352.962922
Iteration: 105 bestvalit: 0.004152 bestmemit:   26.067738   25.380218    1.000000  352.962922
Iteration: 106 bestvalit: 0.004152 bestmemit:   26.067738   25.380218    1.000000  352.962922
Iteration: 107 bestvalit: 0.004152 bestmemit:   26.067738   25.380218    1.000000  352.962922
Iteration: 108 bestvalit: 0.004152 bestmemit:   26.067738   25.380218    1.000000  352.962922

***** summary of DEoptim object ***** 
best member   :  26.06774 25.38022 1 352.9629 
best value    :  0.00415 
after         :  108 generations 
fn evaluated  :  218 times 
*************************************
