SLURM_JOB_ID: 55185286
SLURM_JOB_USER: vsc34066
SLURM_JOB_ACCOUNT: lp_desenderlab
SLURM_JOB_NAME: fit_alternating_fb_trim_skip.slurm
SLURM_CLUSTER_NAME: genius
SLURM_JOB_PARTITION: batch
SLURM_ARRAY_JOB_ID: 55185173
SLURM_ARRAY_TASK_ID: 105
SLURM_NNODES: 1
SLURM_NODELIST: r25i27n21
SLURM_JOB_CPUS_PER_NODE: 8
Date: Tue Aug  8 11:36:34 CEST 2023
Walltime: 00-23:59:00
========================================================================
Iteration: 1 bestvalit: 0.006929 bestmemit:   35.608446   25.419232    1.000000  258.671355
Iteration: 2 bestvalit: 0.006929 bestmemit:   35.608446   25.419232    1.000000  258.671355
Iteration: 3 bestvalit: 0.006929 bestmemit:   35.608446   25.419232    1.000000  258.671355
Iteration: 4 bestvalit: 0.006929 bestmemit:   35.608446   25.419232    1.000000  258.671355
Iteration: 5 bestvalit: 0.006929 bestmemit:   35.608446   25.419232    1.000000  258.671355
Iteration: 6 bestvalit: 0.006838 bestmemit:   34.830465   41.926541    1.000000  233.307525
Iteration: 7 bestvalit: 0.006838 bestmemit:   34.830465   41.926541    1.000000  233.307525
Iteration: 8 bestvalit: 0.005914 bestmemit:   35.608446   25.419232    1.000000  258.671355
Iteration: 9 bestvalit: 0.005914 bestmemit:   35.608446   25.419232    1.000000  258.671355
Iteration: 10 bestvalit: 0.005914 bestmemit:   35.608446   25.419232    1.000000  258.671355
Iteration: 11 bestvalit: 0.005914 bestmemit:   35.608446   25.419232    1.000000  258.671355
Iteration: 12 bestvalit: 0.005914 bestmemit:   35.608446   25.419232    1.000000  258.671355
Iteration: 13 bestvalit: 0.005914 bestmemit:   35.608446   25.419232    1.000000  258.671355
Iteration: 14 bestvalit: 0.005914 bestmemit:   35.608446   25.419232    1.000000  258.671355
Iteration: 15 bestvalit: 0.005914 bestmemit:   35.608446   25.419232    1.000000  258.671355
Iteration: 16 bestvalit: 0.005914 bestmemit:   35.608446   25.419232    1.000000  258.671355
Iteration: 17 bestvalit: 0.005914 bestmemit:   35.608446   25.419232    1.000000  258.671355
Iteration: 18 bestvalit: 0.005914 bestmemit:   35.608446   25.419232    1.000000  258.671355
Iteration: 19 bestvalit: 0.005662 bestmemit:   40.755965  -21.943727    1.000000  282.342945
Iteration: 20 bestvalit: 0.005662 bestmemit:   40.755965  -21.943727    1.000000  282.342945
Iteration: 21 bestvalit: 0.005662 bestmemit:   40.755965  -21.943727    1.000000  282.342945
Iteration: 22 bestvalit: 0.005662 bestmemit:   40.755965  -21.943727    1.000000  282.342945
Iteration: 23 bestvalit: 0.005662 bestmemit:   40.755965  -21.943727    1.000000  282.342945
Iteration: 24 bestvalit: 0.005662 bestmemit:   40.755965  -21.943727    1.000000  282.342945
Iteration: 25 bestvalit: 0.005662 bestmemit:   40.755965  -21.943727    1.000000  282.342945
Iteration: 26 bestvalit: 0.005662 bestmemit:   40.755965  -21.943727    1.000000  282.342945
Iteration: 27 bestvalit: 0.005662 bestmemit:   40.755965  -21.943727    1.000000  282.342945
Iteration: 28 bestvalit: 0.005662 bestmemit:   40.755965  -21.943727    1.000000  282.342945
Iteration: 29 bestvalit: 0.005662 bestmemit:   40.755965  -21.943727    1.000000  282.342945
Iteration: 30 bestvalit: 0.005662 bestmemit:   40.755965  -21.943727    1.000000  282.342945
Iteration: 31 bestvalit: 0.005662 bestmemit:   40.755965  -21.943727    1.000000  282.342945
Iteration: 32 bestvalit: 0.005662 bestmemit:   40.755965  -21.943727    1.000000  282.342945
Iteration: 33 bestvalit: 0.005662 bestmemit:   40.755965  -21.943727    1.000000  282.342945
Iteration: 34 bestvalit: 0.005662 bestmemit:   40.755965  -21.943727    1.000000  282.342945
Iteration: 35 bestvalit: 0.005662 bestmemit:   40.755965  -21.943727    1.000000  282.342945
Iteration: 36 bestvalit: 0.005662 bestmemit:   40.755965  -21.943727    1.000000  282.342945
Iteration: 37 bestvalit: 0.005662 bestmemit:   40.755965  -21.943727    1.000000  282.342945
Iteration: 38 bestvalit: 0.005662 bestmemit:   40.755965  -21.943727    1.000000  282.342945
Iteration: 39 bestvalit: 0.005662 bestmemit:   40.755965  -21.943727    1.000000  282.342945
Iteration: 40 bestvalit: 0.005662 bestmemit:   40.755965  -21.943727    1.000000  282.342945
Iteration: 41 bestvalit: 0.005662 bestmemit:   40.755965  -21.943727    1.000000  282.342945
Iteration: 42 bestvalit: 0.005662 bestmemit:   40.755965  -21.943727    1.000000  282.342945
Iteration: 43 bestvalit: 0.005662 bestmemit:   40.755965  -21.943727    1.000000  282.342945
Iteration: 44 bestvalit: 0.005662 bestmemit:   40.755965  -21.943727    1.000000  282.342945
Iteration: 45 bestvalit: 0.005662 bestmemit:   40.755965  -21.943727    1.000000  282.342945
Iteration: 46 bestvalit: 0.005662 bestmemit:   40.755965  -21.943727    1.000000  282.342945
Iteration: 47 bestvalit: 0.005662 bestmemit:   40.755965  -21.943727    1.000000  282.342945
Iteration: 48 bestvalit: 0.005662 bestmemit:   40.755965  -21.943727    1.000000  282.342945
Iteration: 49 bestvalit: 0.005662 bestmemit:   40.755965  -21.943727    1.000000  282.342945
Iteration: 50 bestvalit: 0.005662 bestmemit:   40.755965  -21.943727    1.000000  282.342945
Iteration: 51 bestvalit: 0.005662 bestmemit:   40.755965  -21.943727    1.000000  282.342945
Iteration: 52 bestvalit: 0.005662 bestmemit:   40.755965  -21.943727    1.000000  282.342945
Iteration: 53 bestvalit: 0.005662 bestmemit:   40.755965  -21.943727    1.000000  282.342945
Iteration: 54 bestvalit: 0.005662 bestmemit:   40.755965  -21.943727    1.000000  282.342945
Iteration: 55 bestvalit: 0.005662 bestmemit:   40.755965  -21.943727    1.000000  282.342945
Iteration: 56 bestvalit: 0.005458 bestmemit:   41.999443   43.808142    1.000000  290.429156
Iteration: 57 bestvalit: 0.005458 bestmemit:   41.999443   43.808142    1.000000  290.429156
Iteration: 58 bestvalit: 0.005458 bestmemit:   41.999443   43.808142    1.000000  290.429156
Iteration: 59 bestvalit: 0.005458 bestmemit:   41.999443   43.808142    1.000000  290.429156
Iteration: 60 bestvalit: 0.005458 bestmemit:   41.999443   43.808142    1.000000  290.429156
Iteration: 61 bestvalit: 0.005458 bestmemit:   41.999443   43.808142    1.000000  290.429156
Iteration: 62 bestvalit: 0.005458 bestmemit:   41.999443   43.808142    1.000000  290.429156
Iteration: 63 bestvalit: 0.005458 bestmemit:   41.999443   43.808142    1.000000  290.429156
Iteration: 64 bestvalit: 0.005458 bestmemit:   41.999443   43.808142    1.000000  290.429156
Iteration: 65 bestvalit: 0.005458 bestmemit:   41.999443   43.808142    1.000000  290.429156
Iteration: 66 bestvalit: 0.005458 bestmemit:   41.999443   43.808142    1.000000  290.429156
Iteration: 67 bestvalit: 0.005458 bestmemit:   41.999443   43.808142    1.000000  290.429156
Iteration: 68 bestvalit: 0.005458 bestmemit:   41.999443   43.808142    1.000000  290.429156
Iteration: 69 bestvalit: 0.005458 bestmemit:   41.999443   43.808142    1.000000  290.429156
Iteration: 70 bestvalit: 0.005458 bestmemit:   41.999443   43.808142    1.000000  290.429156
Iteration: 71 bestvalit: 0.005458 bestmemit:   41.999443   43.808142    1.000000  290.429156
Iteration: 72 bestvalit: 0.005458 bestmemit:   41.999443   43.808142    1.000000  290.429156
Iteration: 73 bestvalit: 0.005458 bestmemit:   41.999443   43.808142    1.000000  290.429156
Iteration: 74 bestvalit: 0.005458 bestmemit:   41.999443   43.808142    1.000000  290.429156
Iteration: 75 bestvalit: 0.005458 bestmemit:   41.999443   43.808142    1.000000  290.429156
Iteration: 76 bestvalit: 0.005458 bestmemit:   41.999443   43.808142    1.000000  290.429156
Iteration: 77 bestvalit: 0.005458 bestmemit:   41.999443   43.808142    1.000000  290.429156
Iteration: 78 bestvalit: 0.005458 bestmemit:   41.999443   43.808142    1.000000  290.429156
Iteration: 79 bestvalit: 0.005458 bestmemit:   41.999443   43.808142    1.000000  290.429156
Iteration: 80 bestvalit: 0.005458 bestmemit:   41.999443   43.808142    1.000000  290.429156
Iteration: 81 bestvalit: 0.005458 bestmemit:   41.999443   43.808142    1.000000  290.429156
Iteration: 82 bestvalit: 0.005458 bestmemit:   41.999443   43.808142    1.000000  290.429156
Iteration: 83 bestvalit: 0.005458 bestmemit:   41.999443   43.808142    1.000000  290.429156
Iteration: 84 bestvalit: 0.005458 bestmemit:   41.999443   43.808142    1.000000  290.429156
Iteration: 85 bestvalit: 0.005458 bestmemit:   41.999443   43.808142    1.000000  290.429156
Iteration: 86 bestvalit: 0.005458 bestmemit:   41.999443   43.808142    1.000000  290.429156
Iteration: 87 bestvalit: 0.005458 bestmemit:   41.999443   43.808142    1.000000  290.429156
Iteration: 88 bestvalit: 0.005458 bestmemit:   41.999443   43.808142    1.000000  290.429156
Iteration: 89 bestvalit: 0.005458 bestmemit:   41.999443   43.808142    1.000000  290.429156
Iteration: 90 bestvalit: 0.005458 bestmemit:   41.999443   43.808142    1.000000  290.429156
Iteration: 91 bestvalit: 0.005458 bestmemit:   41.999443   43.808142    1.000000  290.429156
Iteration: 92 bestvalit: 0.005458 bestmemit:   41.999443   43.808142    1.000000  290.429156
Iteration: 93 bestvalit: 0.005458 bestmemit:   41.999443   43.808142    1.000000  290.429156
Iteration: 94 bestvalit: 0.005458 bestmemit:   41.999443   43.808142    1.000000  290.429156
Iteration: 95 bestvalit: 0.005458 bestmemit:   41.999443   43.808142    1.000000  290.429156
Iteration: 96 bestvalit: 0.005458 bestmemit:   41.999443   43.808142    1.000000  290.429156
Iteration: 97 bestvalit: 0.005458 bestmemit:   41.999443   43.808142    1.000000  290.429156
Iteration: 98 bestvalit: 0.005458 bestmemit:   41.999443   43.808142    1.000000  290.429156
Iteration: 99 bestvalit: 0.005458 bestmemit:   41.999443   43.808142    1.000000  290.429156
Iteration: 100 bestvalit: 0.005458 bestmemit:   41.999443   43.808142    1.000000  290.429156
Iteration: 101 bestvalit: 0.005458 bestmemit:   41.999443   43.808142    1.000000  290.429156
Iteration: 102 bestvalit: 0.005458 bestmemit:   41.999443   43.808142    1.000000  290.429156
Iteration: 103 bestvalit: 0.005458 bestmemit:   41.999443   43.808142    1.000000  290.429156
Iteration: 104 bestvalit: 0.005458 bestmemit:   41.999443   43.808142    1.000000  290.429156
Iteration: 105 bestvalit: 0.005458 bestmemit:   41.999443   43.808142    1.000000  290.429156
Iteration: 106 bestvalit: 0.005458 bestmemit:   41.999443   43.808142    1.000000  290.429156
Iteration: 107 bestvalit: 0.005458 bestmemit:   41.999443   43.808142    1.000000  290.429156
Iteration: 108 bestvalit: 0.005458 bestmemit:   41.999443   43.808142    1.000000  290.429156
Iteration: 109 bestvalit: 0.005458 bestmemit:   41.999443   43.808142    1.000000  290.429156
Iteration: 110 bestvalit: 0.005458 bestmemit:   41.999443   43.808142    1.000000  290.429156
Iteration: 111 bestvalit: 0.005458 bestmemit:   41.999443   43.808142    1.000000  290.429156
Iteration: 112 bestvalit: 0.005458 bestmemit:   41.999443   43.808142    1.000000  290.429156
Iteration: 113 bestvalit: 0.005458 bestmemit:   41.999443   43.808142    1.000000  290.429156
Iteration: 114 bestvalit: 0.005458 bestmemit:   41.999443   43.808142    1.000000  290.429156
Iteration: 115 bestvalit: 0.005458 bestmemit:   41.999443   43.808142    1.000000  290.429156
Iteration: 116 bestvalit: 0.005458 bestmemit:   41.999443   43.808142    1.000000  290.429156
Iteration: 117 bestvalit: 0.005458 bestmemit:   41.999443   43.808142    1.000000  290.429156
Iteration: 118 bestvalit: 0.005458 bestmemit:   41.999443   43.808142    1.000000  290.429156
Iteration: 119 bestvalit: 0.005458 bestmemit:   41.999443   43.808142    1.000000  290.429156
Iteration: 120 bestvalit: 0.005458 bestmemit:   41.999443   43.808142    1.000000  290.429156
Iteration: 121 bestvalit: 0.005458 bestmemit:   41.999443   43.808142    1.000000  290.429156
Iteration: 122 bestvalit: 0.005458 bestmemit:   41.999443   43.808142    1.000000  290.429156
Iteration: 123 bestvalit: 0.005458 bestmemit:   41.999443   43.808142    1.000000  290.429156
Iteration: 124 bestvalit: 0.005458 bestmemit:   41.999443   43.808142    1.000000  290.429156
Iteration: 125 bestvalit: 0.005458 bestmemit:   41.999443   43.808142    1.000000  290.429156
Iteration: 126 bestvalit: 0.005458 bestmemit:   41.999443   43.808142    1.000000  290.429156
Iteration: 127 bestvalit: 0.005458 bestmemit:   41.999443   43.808142    1.000000  290.429156

***** summary of DEoptim object ***** 
best member   :  41.99944 43.80814 1 290.4292 
best value    :  0.00546 
after         :  127 generations 
fn evaluated  :  256 times 
*************************************
