SLURM_JOB_ID: 55185273
SLURM_JOB_USER: vsc34066
SLURM_JOB_ACCOUNT: lp_desenderlab
SLURM_JOB_NAME: fit_alternating_fb_trim_skip.slurm
SLURM_CLUSTER_NAME: genius
SLURM_JOB_PARTITION: batch
SLURM_ARRAY_JOB_ID: 55185173
SLURM_ARRAY_TASK_ID: 97
SLURM_NNODES: 1
SLURM_NODELIST: r25i27n20
SLURM_JOB_CPUS_PER_NODE: 8
Date: Tue Aug  8 11:36:24 CEST 2023
Walltime: 00-23:59:00
========================================================================
Iteration: 1 bestvalit: 0.009458 bestmemit:   34.792527  -94.922418    1.000000  158.150648
Iteration: 2 bestvalit: 0.009127 bestmemit:   44.475629  -42.297698    1.000000  145.103475
Iteration: 3 bestvalit: 0.009127 bestmemit:   44.475629  -42.297698    1.000000  145.103475
Iteration: 4 bestvalit: 0.008410 bestmemit:   20.826041  -94.922418    1.000000  158.150648
Iteration: 5 bestvalit: 0.006980 bestmemit:   17.166102   42.909765    1.000000  173.204359
Iteration: 6 bestvalit: 0.006980 bestmemit:   17.166102   42.909765    1.000000  173.204359
Iteration: 7 bestvalit: 0.006980 bestmemit:   17.166102   42.909765    1.000000  173.204359
Iteration: 8 bestvalit: 0.006830 bestmemit:   17.783745   95.693417    1.000000  365.208020
Iteration: 9 bestvalit: 0.005914 bestmemit:   17.783745   95.693417    1.000000  365.208020
Iteration: 10 bestvalit: 0.005914 bestmemit:   17.783745   95.693417    1.000000  365.208020
Iteration: 11 bestvalit: 0.005914 bestmemit:   17.783745   95.693417    1.000000  365.208020
Iteration: 12 bestvalit: 0.005914 bestmemit:   17.783745   95.693417    1.000000  365.208020
Iteration: 13 bestvalit: 0.005582 bestmemit:    0.415432   43.227993    1.000000  210.966947
Iteration: 14 bestvalit: 0.005459 bestmemit:   16.368471   95.693417    1.000000  365.208020
Iteration: 15 bestvalit: 0.005152 bestmemit:    7.763741   95.693417    1.000000  365.208020
Iteration: 16 bestvalit: 0.005152 bestmemit:    7.763741   95.693417    1.000000  365.208020
Iteration: 17 bestvalit: 0.005152 bestmemit:    7.763741   95.693417    1.000000  365.208020
Iteration: 18 bestvalit: 0.005152 bestmemit:    7.763741   95.693417    1.000000  365.208020
Iteration: 19 bestvalit: 0.005152 bestmemit:    7.763741   95.693417    1.000000  365.208020
Iteration: 20 bestvalit: 0.004697 bestmemit:   16.147722  -12.546252    1.000000  277.058623
Iteration: 21 bestvalit: 0.004697 bestmemit:   16.147722  -12.546252    1.000000  277.058623
Iteration: 22 bestvalit: 0.004697 bestmemit:   16.147722  -12.546252    1.000000  277.058623
Iteration: 23 bestvalit: 0.004697 bestmemit:   16.147722  -12.546252    1.000000  277.058623
Iteration: 24 bestvalit: 0.004697 bestmemit:   16.147722  -12.546252    1.000000  277.058623
Iteration: 25 bestvalit: 0.004697 bestmemit:   16.147722  -12.546252    1.000000  277.058623
Iteration: 26 bestvalit: 0.004697 bestmemit:   16.147722  -12.546252    1.000000  277.058623
Iteration: 27 bestvalit: 0.004697 bestmemit:   16.147722  -12.546252    1.000000  277.058623
Iteration: 28 bestvalit: 0.004044 bestmemit:    5.559605   49.854974    1.000000  269.002307
Iteration: 29 bestvalit: 0.004044 bestmemit:    5.559605   49.854974    1.000000  269.002307
Iteration: 30 bestvalit: 0.004044 bestmemit:    5.559605   49.854974    1.000000  269.002307
Iteration: 31 bestvalit: 0.004044 bestmemit:    5.559605   49.854974    1.000000  269.002307
Iteration: 32 bestvalit: 0.004044 bestmemit:    5.559605   49.854974    1.000000  269.002307
Iteration: 33 bestvalit: 0.004044 bestmemit:    5.559605   49.854974    1.000000  269.002307
Iteration: 34 bestvalit: 0.004044 bestmemit:    5.559605   49.854974    1.000000  269.002307
Iteration: 35 bestvalit: 0.004044 bestmemit:    5.559605   49.854974    1.000000  269.002307
Iteration: 36 bestvalit: 0.004044 bestmemit:    5.559605   49.854974    1.000000  269.002307
Iteration: 37 bestvalit: 0.004044 bestmemit:    5.559605   49.854974    1.000000  269.002307
Iteration: 38 bestvalit: 0.004044 bestmemit:    5.559605   49.854974    1.000000  269.002307
Iteration: 39 bestvalit: 0.004044 bestmemit:    5.559605   49.854974    1.000000  269.002307
Iteration: 40 bestvalit: 0.004044 bestmemit:    5.559605   49.854974    1.000000  269.002307
Iteration: 41 bestvalit: 0.004044 bestmemit:    5.559605   49.854974    1.000000  269.002307
Iteration: 42 bestvalit: 0.004044 bestmemit:    5.559605   49.854974    1.000000  269.002307
Iteration: 43 bestvalit: 0.004044 bestmemit:    5.559605   49.854974    1.000000  269.002307
Iteration: 44 bestvalit: 0.004044 bestmemit:    5.559605   49.854974    1.000000  269.002307
Iteration: 45 bestvalit: 0.004044 bestmemit:    5.559605   49.854974    1.000000  269.002307
Iteration: 46 bestvalit: 0.004044 bestmemit:    5.559605   49.854974    1.000000  269.002307
Iteration: 47 bestvalit: 0.004044 bestmemit:    5.559605   49.854974    1.000000  269.002307
Iteration: 48 bestvalit: 0.004044 bestmemit:    5.559605   49.854974    1.000000  269.002307
Iteration: 49 bestvalit: 0.004044 bestmemit:    5.559605   49.854974    1.000000  269.002307
Iteration: 50 bestvalit: 0.004044 bestmemit:    5.559605   49.854974    1.000000  269.002307
Iteration: 51 bestvalit: 0.004044 bestmemit:    5.559605   49.854974    1.000000  269.002307
Iteration: 52 bestvalit: 0.004044 bestmemit:    5.559605   49.854974    1.000000  269.002307
Iteration: 53 bestvalit: 0.004044 bestmemit:    5.559605   49.854974    1.000000  269.002307
Iteration: 54 bestvalit: 0.004044 bestmemit:    5.559605   49.854974    1.000000  269.002307
Iteration: 55 bestvalit: 0.004044 bestmemit:    5.559605   49.854974    1.000000  269.002307
Iteration: 56 bestvalit: 0.004044 bestmemit:    5.559605   49.854974    1.000000  269.002307
Iteration: 57 bestvalit: 0.004044 bestmemit:    5.559605   49.854974    1.000000  269.002307
Iteration: 58 bestvalit: 0.004044 bestmemit:    5.559605   49.854974    1.000000  269.002307
Iteration: 59 bestvalit: 0.004044 bestmemit:    5.559605   49.854974    1.000000  269.002307
Iteration: 60 bestvalit: 0.004044 bestmemit:    5.559605   49.854974    1.000000  269.002307
Iteration: 61 bestvalit: 0.004044 bestmemit:    5.559605   49.854974    1.000000  269.002307
Iteration: 62 bestvalit: 0.004044 bestmemit:    5.559605   49.854974    1.000000  269.002307
Iteration: 63 bestvalit: 0.004044 bestmemit:    5.559605   49.854974    1.000000  269.002307
Iteration: 64 bestvalit: 0.004044 bestmemit:    5.559605   49.854974    1.000000  269.002307
Iteration: 65 bestvalit: 0.004044 bestmemit:    5.559605   49.854974    1.000000  269.002307
Iteration: 66 bestvalit: 0.004044 bestmemit:    5.559605   49.854974    1.000000  269.002307
Iteration: 67 bestvalit: 0.004044 bestmemit:    5.559605   49.854974    1.000000  269.002307
Iteration: 68 bestvalit: 0.004044 bestmemit:    5.559605   49.854974    1.000000  269.002307
Iteration: 69 bestvalit: 0.004044 bestmemit:    5.559605   49.854974    1.000000  269.002307
Iteration: 70 bestvalit: 0.004044 bestmemit:    5.559605   49.854974    1.000000  269.002307
Iteration: 71 bestvalit: 0.004044 bestmemit:    5.559605   49.854974    1.000000  269.002307
Iteration: 72 bestvalit: 0.004044 bestmemit:    5.559605   49.854974    1.000000  269.002307
Iteration: 73 bestvalit: 0.004044 bestmemit:    5.559605   49.854974    1.000000  269.002307
Iteration: 74 bestvalit: 0.004044 bestmemit:    5.559605   49.854974    1.000000  269.002307
Iteration: 75 bestvalit: 0.004044 bestmemit:    5.559605   49.854974    1.000000  269.002307
Iteration: 76 bestvalit: 0.004044 bestmemit:    5.559605   49.854974    1.000000  269.002307
Iteration: 77 bestvalit: 0.004044 bestmemit:    5.559605   49.854974    1.000000  269.002307
Iteration: 78 bestvalit: 0.004044 bestmemit:    5.559605   49.854974    1.000000  269.002307
Iteration: 79 bestvalit: 0.004044 bestmemit:    5.559605   49.854974    1.000000  269.002307
Iteration: 80 bestvalit: 0.004044 bestmemit:    5.559605   49.854974    1.000000  269.002307
Iteration: 81 bestvalit: 0.004044 bestmemit:    5.559605   49.854974    1.000000  269.002307
Iteration: 82 bestvalit: 0.003683 bestmemit:   12.483798   45.700331    1.000000  293.077580
Iteration: 83 bestvalit: 0.003683 bestmemit:   12.483798   45.700331    1.000000  293.077580
Iteration: 84 bestvalit: 0.003683 bestmemit:   12.483798   45.700331    1.000000  293.077580
Iteration: 85 bestvalit: 0.003683 bestmemit:   12.483798   45.700331    1.000000  293.077580
Iteration: 86 bestvalit: 0.003683 bestmemit:   12.483798   45.700331    1.000000  293.077580
Iteration: 87 bestvalit: 0.003683 bestmemit:   12.483798   45.700331    1.000000  293.077580
Iteration: 88 bestvalit: 0.003683 bestmemit:   12.483798   45.700331    1.000000  293.077580
Iteration: 89 bestvalit: 0.003683 bestmemit:   12.483798   45.700331    1.000000  293.077580
Iteration: 90 bestvalit: 0.003683 bestmemit:   12.483798   45.700331    1.000000  293.077580
Iteration: 91 bestvalit: 0.003683 bestmemit:   12.483798   45.700331    1.000000  293.077580
Iteration: 92 bestvalit: 0.003683 bestmemit:   12.483798   45.700331    1.000000  293.077580
Iteration: 93 bestvalit: 0.003683 bestmemit:   12.483798   45.700331    1.000000  293.077580
Iteration: 94 bestvalit: 0.003683 bestmemit:   12.483798   45.700331    1.000000  293.077580
Iteration: 95 bestvalit: 0.003683 bestmemit:   12.483798   45.700331    1.000000  293.077580
Iteration: 96 bestvalit: 0.003683 bestmemit:   12.483798   45.700331    1.000000  293.077580
Iteration: 97 bestvalit: 0.003683 bestmemit:   12.483798   45.700331    1.000000  293.077580
Iteration: 98 bestvalit: 0.003683 bestmemit:   12.483798   45.700331    1.000000  293.077580
Iteration: 99 bestvalit: 0.003683 bestmemit:   12.483798   45.700331    1.000000  293.077580
Iteration: 100 bestvalit: 0.003683 bestmemit:   12.483798   45.700331    1.000000  293.077580
Iteration: 101 bestvalit: 0.003683 bestmemit:   12.483798   45.700331    1.000000  293.077580
Iteration: 102 bestvalit: 0.003683 bestmemit:   12.483798   45.700331    1.000000  293.077580
Iteration: 103 bestvalit: 0.003683 bestmemit:   12.483798   45.700331    1.000000  293.077580
Iteration: 104 bestvalit: 0.003683 bestmemit:   12.483798   45.700331    1.000000  293.077580
Iteration: 105 bestvalit: 0.003683 bestmemit:   12.483798   45.700331    1.000000  293.077580
Iteration: 106 bestvalit: 0.003683 bestmemit:   12.483798   45.700331    1.000000  293.077580
Iteration: 107 bestvalit: 0.003683 bestmemit:   12.483798   45.700331    1.000000  293.077580
Iteration: 108 bestvalit: 0.003683 bestmemit:   12.483798   45.700331    1.000000  293.077580
Iteration: 109 bestvalit: 0.003683 bestmemit:   12.483798   45.700331    1.000000  293.077580
Iteration: 110 bestvalit: 0.003683 bestmemit:   12.483798   45.700331    1.000000  293.077580
Iteration: 111 bestvalit: 0.003683 bestmemit:   12.483798   45.700331    1.000000  293.077580
Iteration: 112 bestvalit: 0.003683 bestmemit:   12.483798   45.700331    1.000000  293.077580
Iteration: 113 bestvalit: 0.003683 bestmemit:   12.483798   45.700331    1.000000  293.077580
Iteration: 114 bestvalit: 0.003683 bestmemit:   12.483798   45.700331    1.000000  293.077580
Iteration: 115 bestvalit: 0.003683 bestmemit:   12.483798   45.700331    1.000000  293.077580
Iteration: 116 bestvalit: 0.003683 bestmemit:   12.483798   45.700331    1.000000  293.077580
Iteration: 117 bestvalit: 0.003683 bestmemit:   12.483798   45.700331    1.000000  293.077580
Iteration: 118 bestvalit: 0.003683 bestmemit:   12.483798   45.700331    1.000000  293.077580
Iteration: 119 bestvalit: 0.003683 bestmemit:   12.483798   45.700331    1.000000  293.077580
Iteration: 120 bestvalit: 0.003683 bestmemit:   12.483798   45.700331    1.000000  293.077580
Iteration: 121 bestvalit: 0.003683 bestmemit:   12.483798   45.700331    1.000000  293.077580
Iteration: 122 bestvalit: 0.003683 bestmemit:   12.483798   45.700331    1.000000  293.077580
Iteration: 123 bestvalit: 0.003683 bestmemit:   12.483798   45.700331    1.000000  293.077580
Iteration: 124 bestvalit: 0.003683 bestmemit:   12.483798   45.700331    1.000000  293.077580
Iteration: 125 bestvalit: 0.003683 bestmemit:   12.483798   45.700331    1.000000  293.077580
Iteration: 126 bestvalit: 0.003683 bestmemit:   12.483798   45.700331    1.000000  293.077580
Iteration: 127 bestvalit: 0.003683 bestmemit:   12.483798   45.700331    1.000000  293.077580
Iteration: 128 bestvalit: 0.003683 bestmemit:   12.483798   45.700331    1.000000  293.077580
Iteration: 129 bestvalit: 0.003683 bestmemit:   12.483798   45.700331    1.000000  293.077580
Iteration: 130 bestvalit: 0.003683 bestmemit:   12.483798   45.700331    1.000000  293.077580
Iteration: 131 bestvalit: 0.003683 bestmemit:   12.483798   45.700331    1.000000  293.077580
Iteration: 132 bestvalit: 0.003683 bestmemit:   12.483798   45.700331    1.000000  293.077580
Iteration: 133 bestvalit: 0.003683 bestmemit:   12.483798   45.700331    1.000000  293.077580
Iteration: 134 bestvalit: 0.003683 bestmemit:   12.483798   45.700331    1.000000  293.077580
Iteration: 135 bestvalit: 0.003683 bestmemit:   12.483798   45.700331    1.000000  293.077580
Iteration: 136 bestvalit: 0.003683 bestmemit:   12.483798   45.700331    1.000000  293.077580
Iteration: 137 bestvalit: 0.003683 bestmemit:   12.483798   45.700331    1.000000  293.077580
Iteration: 138 bestvalit: 0.003683 bestmemit:   12.483798   45.700331    1.000000  293.077580
Iteration: 139 bestvalit: 0.003683 bestmemit:   12.483798   45.700331    1.000000  293.077580
Iteration: 140 bestvalit: 0.003683 bestmemit:   12.483798   45.700331    1.000000  293.077580
Iteration: 141 bestvalit: 0.003683 bestmemit:   12.483798   45.700331    1.000000  293.077580
Iteration: 142 bestvalit: 0.003683 bestmemit:   12.483798   45.700331    1.000000  293.077580
Iteration: 143 bestvalit: 0.003683 bestmemit:   12.483798   45.700331    1.000000  293.077580
Iteration: 144 bestvalit: 0.003683 bestmemit:   12.483798   45.700331    1.000000  293.077580
Iteration: 145 bestvalit: 0.003683 bestmemit:   12.483798   45.700331    1.000000  293.077580
Iteration: 146 bestvalit: 0.003683 bestmemit:   12.483798   45.700331    1.000000  293.077580
Iteration: 147 bestvalit: 0.003683 bestmemit:   12.483798   45.700331    1.000000  293.077580
Iteration: 148 bestvalit: 0.003683 bestmemit:   12.483798   45.700331    1.000000  293.077580
Iteration: 149 bestvalit: 0.003683 bestmemit:   12.483798   45.700331    1.000000  293.077580
Iteration: 150 bestvalit: 0.003683 bestmemit:   12.483798   45.700331    1.000000  293.077580
Iteration: 151 bestvalit: 0.003683 bestmemit:   12.483798   45.700331    1.000000  293.077580
Iteration: 152 bestvalit: 0.003683 bestmemit:   12.483798   45.700331    1.000000  293.077580
Iteration: 153 bestvalit: 0.003683 bestmemit:   12.483798   45.700331    1.000000  293.077580

***** summary of DEoptim object ***** 
best member   :  12.4838 45.70033 1 293.0776 
best value    :  0.00368 
after         :  153 generations 
fn evaluated  :  308 times 
*************************************
