SLURM_JOB_ID: 55185217
SLURM_JOB_USER: vsc34066
SLURM_JOB_ACCOUNT: lp_desenderlab
SLURM_JOB_NAME: fit_alternating_fb_trim_skip.slurm
SLURM_CLUSTER_NAME: genius
SLURM_JOB_PARTITION: batch
SLURM_ARRAY_JOB_ID: 55185173
SLURM_ARRAY_TASK_ID: 44
SLURM_NNODES: 2
SLURM_NODELIST: r27i27n[03-04]
SLURM_JOB_CPUS_PER_NODE: 4(x2)
Date: Tue Aug  8 11:36:17 CEST 2023
Walltime: 00-23:59:00
========================================================================
Iteration: 1 bestvalit: 0.006258 bestmemit:    5.922743  -33.087562    1.000000  201.480524
Iteration: 2 bestvalit: 0.006258 bestmemit:    5.922743  -33.087562    1.000000  201.480524
Iteration: 3 bestvalit: 0.006258 bestmemit:    5.922743  -33.087562    1.000000  201.480524
Iteration: 4 bestvalit: 0.005442 bestmemit:   14.254181   37.241317    1.000000  379.079534
Iteration: 5 bestvalit: 0.005442 bestmemit:   14.254181   37.241317    1.000000  379.079534
Iteration: 6 bestvalit: 0.005442 bestmemit:   14.254181   37.241317    1.000000  379.079534
Iteration: 7 bestvalit: 0.005442 bestmemit:   14.254181   37.241317    1.000000  379.079534
Iteration: 8 bestvalit: 0.005442 bestmemit:   14.254181   37.241317    1.000000  379.079534
Iteration: 9 bestvalit: 0.005442 bestmemit:   14.254181   37.241317    1.000000  379.079534
Iteration: 10 bestvalit: 0.005442 bestmemit:   14.254181   37.241317    1.000000  379.079534
Iteration: 11 bestvalit: 0.005442 bestmemit:   14.254181   37.241317    1.000000  379.079534
Iteration: 12 bestvalit: 0.005442 bestmemit:   14.254181   37.241317    1.000000  379.079534
Iteration: 13 bestvalit: 0.005442 bestmemit:   14.254181   37.241317    1.000000  379.079534
Iteration: 14 bestvalit: 0.005442 bestmemit:   14.254181   37.241317    1.000000  379.079534
Iteration: 15 bestvalit: 0.005442 bestmemit:   14.254181   37.241317    1.000000  379.079534
Iteration: 16 bestvalit: 0.005442 bestmemit:   14.254181   37.241317    1.000000  379.079534
Iteration: 17 bestvalit: 0.005442 bestmemit:   14.254181   37.241317    1.000000  379.079534
Iteration: 18 bestvalit: 0.005442 bestmemit:   14.254181   37.241317    1.000000  379.079534
Iteration: 19 bestvalit: 0.005442 bestmemit:   14.254181   37.241317    1.000000  379.079534
Iteration: 20 bestvalit: 0.005442 bestmemit:   14.254181   37.241317    1.000000  379.079534
Iteration: 21 bestvalit: 0.005442 bestmemit:   14.254181   37.241317    1.000000  379.079534
Iteration: 22 bestvalit: 0.005442 bestmemit:   14.254181   37.241317    1.000000  379.079534
Iteration: 23 bestvalit: 0.005433 bestmemit:   29.152691   97.718508    1.000000  280.431820
Iteration: 24 bestvalit: 0.005433 bestmemit:   29.152691   97.718508    1.000000  280.431820
Iteration: 25 bestvalit: 0.005433 bestmemit:   29.152691   97.718508    1.000000  280.431820
Iteration: 26 bestvalit: 0.005280 bestmemit:   45.714389   27.221164    1.000000  207.352608
Iteration: 27 bestvalit: 0.005280 bestmemit:   45.714389   27.221164    1.000000  207.352608
Iteration: 28 bestvalit: 0.005280 bestmemit:   45.714389   27.221164    1.000000  207.352608
Iteration: 29 bestvalit: 0.005280 bestmemit:   45.714389   27.221164    1.000000  207.352608
Iteration: 30 bestvalit: 0.005280 bestmemit:   45.714389   27.221164    1.000000  207.352608
Iteration: 31 bestvalit: 0.005280 bestmemit:   45.714389   27.221164    1.000000  207.352608
Iteration: 32 bestvalit: 0.005280 bestmemit:   45.714389   27.221164    1.000000  207.352608
Iteration: 33 bestvalit: 0.005280 bestmemit:   45.714389   27.221164    1.000000  207.352608
Iteration: 34 bestvalit: 0.005280 bestmemit:   45.714389   27.221164    1.000000  207.352608
Iteration: 35 bestvalit: 0.005280 bestmemit:   45.714389   27.221164    1.000000  207.352608
Iteration: 36 bestvalit: 0.005280 bestmemit:   45.714389   27.221164    1.000000  207.352608
Iteration: 37 bestvalit: 0.005280 bestmemit:   45.714389   27.221164    1.000000  207.352608
Iteration: 38 bestvalit: 0.005280 bestmemit:   45.714389   27.221164    1.000000  207.352608
Iteration: 39 bestvalit: 0.005280 bestmemit:   45.714389   27.221164    1.000000  207.352608
Iteration: 40 bestvalit: 0.005280 bestmemit:   45.714389   27.221164    1.000000  207.352608
Iteration: 41 bestvalit: 0.005280 bestmemit:   45.714389   27.221164    1.000000  207.352608
Iteration: 42 bestvalit: 0.005280 bestmemit:   45.714389   27.221164    1.000000  207.352608
Iteration: 43 bestvalit: 0.005280 bestmemit:   45.714389   27.221164    1.000000  207.352608
Iteration: 44 bestvalit: 0.005280 bestmemit:   45.714389   27.221164    1.000000  207.352608
Iteration: 45 bestvalit: 0.005280 bestmemit:   45.714389   27.221164    1.000000  207.352608
Iteration: 46 bestvalit: 0.005280 bestmemit:   45.714389   27.221164    1.000000  207.352608
Iteration: 47 bestvalit: 0.005280 bestmemit:   45.714389   27.221164    1.000000  207.352608
Iteration: 48 bestvalit: 0.005178 bestmemit:   36.379212   17.396315    1.000000  250.215147
Iteration: 49 bestvalit: 0.005178 bestmemit:   36.379212   17.396315    1.000000  250.215147
Iteration: 50 bestvalit: 0.005178 bestmemit:   36.379212   17.396315    1.000000  250.215147
Iteration: 51 bestvalit: 0.004968 bestmemit:   48.686310   41.686198    1.000000  254.245101
Iteration: 52 bestvalit: 0.004968 bestmemit:   48.686310   41.686198    1.000000  254.245101
Iteration: 53 bestvalit: 0.004968 bestmemit:   48.686310   41.686198    1.000000  254.245101
Iteration: 54 bestvalit: 0.004968 bestmemit:   48.686310   41.686198    1.000000  254.245101
Iteration: 55 bestvalit: 0.004968 bestmemit:   48.686310   41.686198    1.000000  254.245101
Iteration: 56 bestvalit: 0.004968 bestmemit:   48.686310   41.686198    1.000000  254.245101
Iteration: 57 bestvalit: 0.004968 bestmemit:   48.686310   41.686198    1.000000  254.245101
Iteration: 58 bestvalit: 0.004968 bestmemit:   48.686310   41.686198    1.000000  254.245101
Iteration: 59 bestvalit: 0.004968 bestmemit:   48.686310   41.686198    1.000000  254.245101
Iteration: 60 bestvalit: 0.004968 bestmemit:   48.686310   41.686198    1.000000  254.245101
Iteration: 61 bestvalit: 0.004968 bestmemit:   48.686310   41.686198    1.000000  254.245101
Iteration: 62 bestvalit: 0.004968 bestmemit:   48.686310   41.686198    1.000000  254.245101
Iteration: 63 bestvalit: 0.004968 bestmemit:   48.686310   41.686198    1.000000  254.245101
Iteration: 64 bestvalit: 0.004968 bestmemit:   48.686310   41.686198    1.000000  254.245101
Iteration: 65 bestvalit: 0.004968 bestmemit:   48.686310   41.686198    1.000000  254.245101
Iteration: 66 bestvalit: 0.004968 bestmemit:   48.686310   41.686198    1.000000  254.245101
Iteration: 67 bestvalit: 0.004968 bestmemit:   48.686310   41.686198    1.000000  254.245101
Iteration: 68 bestvalit: 0.004968 bestmemit:   48.686310   41.686198    1.000000  254.245101
Iteration: 69 bestvalit: 0.004968 bestmemit:   48.686310   41.686198    1.000000  254.245101
Iteration: 70 bestvalit: 0.004968 bestmemit:   48.686310   41.686198    1.000000  254.245101
Iteration: 71 bestvalit: 0.004968 bestmemit:   48.686310   41.686198    1.000000  254.245101
Iteration: 72 bestvalit: 0.004968 bestmemit:   48.686310   41.686198    1.000000  254.245101
Iteration: 73 bestvalit: 0.004968 bestmemit:   48.686310   41.686198    1.000000  254.245101
Iteration: 74 bestvalit: 0.004968 bestmemit:   48.686310   41.686198    1.000000  254.245101
Iteration: 75 bestvalit: 0.004968 bestmemit:   48.686310   41.686198    1.000000  254.245101
Iteration: 76 bestvalit: 0.004968 bestmemit:   48.686310   41.686198    1.000000  254.245101
Iteration: 77 bestvalit: 0.004968 bestmemit:   48.686310   41.686198    1.000000  254.245101
Iteration: 78 bestvalit: 0.004968 bestmemit:   48.686310   41.686198    1.000000  254.245101
Iteration: 79 bestvalit: 0.004968 bestmemit:   48.686310   41.686198    1.000000  254.245101
Iteration: 80 bestvalit: 0.004968 bestmemit:   48.686310   41.686198    1.000000  254.245101
Iteration: 81 bestvalit: 0.004968 bestmemit:   48.686310   41.686198    1.000000  254.245101
Iteration: 82 bestvalit: 0.004968 bestmemit:   48.686310   41.686198    1.000000  254.245101
Iteration: 83 bestvalit: 0.004968 bestmemit:   48.686310   41.686198    1.000000  254.245101
Iteration: 84 bestvalit: 0.004968 bestmemit:   48.686310   41.686198    1.000000  254.245101
Iteration: 85 bestvalit: 0.004968 bestmemit:   48.686310   41.686198    1.000000  254.245101
Iteration: 86 bestvalit: 0.004968 bestmemit:   48.686310   41.686198    1.000000  254.245101
Iteration: 87 bestvalit: 0.004968 bestmemit:   48.686310   41.686198    1.000000  254.245101
Iteration: 88 bestvalit: 0.004968 bestmemit:   48.686310   41.686198    1.000000  254.245101
Iteration: 89 bestvalit: 0.004968 bestmemit:   48.686310   41.686198    1.000000  254.245101
Iteration: 90 bestvalit: 0.004968 bestmemit:   48.686310   41.686198    1.000000  254.245101
Iteration: 91 bestvalit: 0.004968 bestmemit:   48.686310   41.686198    1.000000  254.245101
Iteration: 92 bestvalit: 0.004968 bestmemit:   48.686310   41.686198    1.000000  254.245101
Iteration: 93 bestvalit: 0.004968 bestmemit:   48.686310   41.686198    1.000000  254.245101
Iteration: 94 bestvalit: 0.004968 bestmemit:   48.686310   41.686198    1.000000  254.245101
Iteration: 95 bestvalit: 0.004968 bestmemit:   48.686310   41.686198    1.000000  254.245101
Iteration: 96 bestvalit: 0.004968 bestmemit:   48.686310   41.686198    1.000000  254.245101
Iteration: 97 bestvalit: 0.004968 bestmemit:   48.686310   41.686198    1.000000  254.245101
Iteration: 98 bestvalit: 0.004968 bestmemit:   48.686310   41.686198    1.000000  254.245101
Iteration: 99 bestvalit: 0.004968 bestmemit:   48.686310   41.686198    1.000000  254.245101
Iteration: 100 bestvalit: 0.004968 bestmemit:   48.686310   41.686198    1.000000  254.245101
Iteration: 101 bestvalit: 0.004968 bestmemit:   48.686310   41.686198    1.000000  254.245101
Iteration: 102 bestvalit: 0.004968 bestmemit:   48.686310   41.686198    1.000000  254.245101
Iteration: 103 bestvalit: 0.004968 bestmemit:   48.686310   41.686198    1.000000  254.245101
Iteration: 104 bestvalit: 0.004968 bestmemit:   48.686310   41.686198    1.000000  254.245101
Iteration: 105 bestvalit: 0.004968 bestmemit:   48.686310   41.686198    1.000000  254.245101
Iteration: 106 bestvalit: 0.004968 bestmemit:   48.686310   41.686198    1.000000  254.245101
Iteration: 107 bestvalit: 0.004968 bestmemit:   48.686310   41.686198    1.000000  254.245101
Iteration: 108 bestvalit: 0.004968 bestmemit:   48.686310   41.686198    1.000000  254.245101
Iteration: 109 bestvalit: 0.004968 bestmemit:   48.686310   41.686198    1.000000  254.245101
Iteration: 110 bestvalit: 0.004968 bestmemit:   48.686310   41.686198    1.000000  254.245101
Iteration: 111 bestvalit: 0.004968 bestmemit:   48.686310   41.686198    1.000000  254.245101
Iteration: 112 bestvalit: 0.004968 bestmemit:   48.686310   41.686198    1.000000  254.245101
Iteration: 113 bestvalit: 0.004968 bestmemit:   48.686310   41.686198    1.000000  254.245101
Iteration: 114 bestvalit: 0.004968 bestmemit:   48.686310   41.686198    1.000000  254.245101
Iteration: 115 bestvalit: 0.004968 bestmemit:   48.686310   41.686198    1.000000  254.245101
Iteration: 116 bestvalit: 0.004968 bestmemit:   48.686310   41.686198    1.000000  254.245101
Iteration: 117 bestvalit: 0.004968 bestmemit:   48.686310   41.686198    1.000000  254.245101
Iteration: 118 bestvalit: 0.004968 bestmemit:   48.686310   41.686198    1.000000  254.245101
Iteration: 119 bestvalit: 0.004968 bestmemit:   48.686310   41.686198    1.000000  254.245101
Iteration: 120 bestvalit: 0.004968 bestmemit:   48.686310   41.686198    1.000000  254.245101
Iteration: 121 bestvalit: 0.004968 bestmemit:   48.686310   41.686198    1.000000  254.245101
Iteration: 122 bestvalit: 0.004968 bestmemit:   48.686310   41.686198    1.000000  254.245101

***** summary of DEoptim object ***** 
best member   :  48.68631 41.6862 1 254.2451 
best value    :  0.00497 
after         :  122 generations 
fn evaluated  :  246 times 
*************************************
