SLURM_JOB_ID: 55185174
SLURM_JOB_USER: vsc34066
SLURM_JOB_ACCOUNT: lp_desenderlab
SLURM_JOB_NAME: fit_alternating_fb_trim_skip.slurm
SLURM_CLUSTER_NAME: genius
SLURM_JOB_PARTITION: batch
SLURM_ARRAY_JOB_ID: 55185173
SLURM_ARRAY_TASK_ID: 1
SLURM_NNODES: 3
SLURM_NODELIST: r23i27n[03,05,07]
SLURM_JOB_CPUS_PER_NODE: 2,4,2
Date: Tue Aug  8 11:36:17 CEST 2023
Walltime: 00-23:59:00
========================================================================
Iteration: 1 bestvalit: 0.006922 bestmemit:    3.859335  -83.269890    1.000000  169.195724
Iteration: 2 bestvalit: 0.006922 bestmemit:    3.859335  -83.269890    1.000000  169.195724
Iteration: 3 bestvalit: 0.006922 bestmemit:    3.859335  -83.269890    1.000000  169.195724
Iteration: 4 bestvalit: 0.006867 bestmemit:   28.507413  -20.037891    1.000000  242.866835
Iteration: 5 bestvalit: 0.006867 bestmemit:   28.507413  -20.037891    1.000000  242.866835
Iteration: 6 bestvalit: 0.006867 bestmemit:   28.507413  -20.037891    1.000000  242.866835
Iteration: 7 bestvalit: 0.006867 bestmemit:   28.507413  -20.037891    1.000000  242.866835
Iteration: 8 bestvalit: 0.005661 bestmemit:    4.016427   -0.243019    1.000000  269.139685
Iteration: 9 bestvalit: 0.005661 bestmemit:    4.016427   -0.243019    1.000000  269.139685
Iteration: 10 bestvalit: 0.005661 bestmemit:    4.016427   -0.243019    1.000000  269.139685
Iteration: 11 bestvalit: 0.005661 bestmemit:    4.016427   -0.243019    1.000000  269.139685
Iteration: 12 bestvalit: 0.005661 bestmemit:    4.016427   -0.243019    1.000000  269.139685
Iteration: 13 bestvalit: 0.005661 bestmemit:    4.016427   -0.243019    1.000000  269.139685
Iteration: 14 bestvalit: 0.005661 bestmemit:    4.016427   -0.243019    1.000000  269.139685
Iteration: 15 bestvalit: 0.005098 bestmemit:    3.823207  -29.425933    1.000000  273.937320
Iteration: 16 bestvalit: 0.005098 bestmemit:    3.823207  -29.425933    1.000000  273.937320
Iteration: 17 bestvalit: 0.005098 bestmemit:    3.823207  -29.425933    1.000000  273.937320
Iteration: 18 bestvalit: 0.005098 bestmemit:    3.823207  -29.425933    1.000000  273.937320
Iteration: 19 bestvalit: 0.005098 bestmemit:    3.823207  -29.425933    1.000000  273.937320
Iteration: 20 bestvalit: 0.005098 bestmemit:    3.823207  -29.425933    1.000000  273.937320
Iteration: 21 bestvalit: 0.005098 bestmemit:    3.823207  -29.425933    1.000000  273.937320
Iteration: 22 bestvalit: 0.005098 bestmemit:    3.823207  -29.425933    1.000000  273.937320
Iteration: 23 bestvalit: 0.005098 bestmemit:    3.823207  -29.425933    1.000000  273.937320
Iteration: 24 bestvalit: 0.005098 bestmemit:    3.823207  -29.425933    1.000000  273.937320
Iteration: 25 bestvalit: 0.005031 bestmemit:   12.788325  -55.706754    1.000000  232.242820
Iteration: 26 bestvalit: 0.005031 bestmemit:   12.788325  -55.706754    1.000000  232.242820
Iteration: 27 bestvalit: 0.005031 bestmemit:   12.788325  -55.706754    1.000000  232.242820
Iteration: 28 bestvalit: 0.005031 bestmemit:   12.788325  -55.706754    1.000000  232.242820
Iteration: 29 bestvalit: 0.005031 bestmemit:   12.788325  -55.706754    1.000000  232.242820
Iteration: 30 bestvalit: 0.005031 bestmemit:   12.788325  -55.706754    1.000000  232.242820
Iteration: 31 bestvalit: 0.005031 bestmemit:   12.788325  -55.706754    1.000000  232.242820
Iteration: 32 bestvalit: 0.005031 bestmemit:   12.788325  -55.706754    1.000000  232.242820
Iteration: 33 bestvalit: 0.005031 bestmemit:   12.788325  -55.706754    1.000000  232.242820
Iteration: 34 bestvalit: 0.005031 bestmemit:   12.788325  -55.706754    1.000000  232.242820
Iteration: 35 bestvalit: 0.005031 bestmemit:   12.788325  -55.706754    1.000000  232.242820
Iteration: 36 bestvalit: 0.005031 bestmemit:   12.788325  -55.706754    1.000000  232.242820
Iteration: 37 bestvalit: 0.005031 bestmemit:   12.788325  -55.706754    1.000000  232.242820
Iteration: 38 bestvalit: 0.005031 bestmemit:   12.788325  -55.706754    1.000000  232.242820
Iteration: 39 bestvalit: 0.005031 bestmemit:   12.788325  -55.706754    1.000000  232.242820
Iteration: 40 bestvalit: 0.005031 bestmemit:   12.788325  -55.706754    1.000000  232.242820
Iteration: 41 bestvalit: 0.005031 bestmemit:   12.788325  -55.706754    1.000000  232.242820
Iteration: 42 bestvalit: 0.005031 bestmemit:   12.788325  -55.706754    1.000000  232.242820
Iteration: 43 bestvalit: 0.005031 bestmemit:   12.788325  -55.706754    1.000000  232.242820
Iteration: 44 bestvalit: 0.005031 bestmemit:   12.788325  -55.706754    1.000000  232.242820
Iteration: 45 bestvalit: 0.005031 bestmemit:   12.788325  -55.706754    1.000000  232.242820
Iteration: 46 bestvalit: 0.005031 bestmemit:   12.788325  -55.706754    1.000000  232.242820
Iteration: 47 bestvalit: 0.005031 bestmemit:   12.788325  -55.706754    1.000000  232.242820
Iteration: 48 bestvalit: 0.005031 bestmemit:   12.788325  -55.706754    1.000000  232.242820
Iteration: 49 bestvalit: 0.005031 bestmemit:   12.788325  -55.706754    1.000000  232.242820
Iteration: 50 bestvalit: 0.005031 bestmemit:   12.788325  -55.706754    1.000000  232.242820
Iteration: 51 bestvalit: 0.005031 bestmemit:   12.788325  -55.706754    1.000000  232.242820
Iteration: 52 bestvalit: 0.005031 bestmemit:   12.788325  -55.706754    1.000000  232.242820
Iteration: 53 bestvalit: 0.005031 bestmemit:   12.788325  -55.706754    1.000000  232.242820
Iteration: 54 bestvalit: 0.005031 bestmemit:   12.788325  -55.706754    1.000000  232.242820
Iteration: 55 bestvalit: 0.005031 bestmemit:   12.788325  -55.706754    1.000000  232.242820
Iteration: 56 bestvalit: 0.005031 bestmemit:   12.788325  -55.706754    1.000000  232.242820
Iteration: 57 bestvalit: 0.005031 bestmemit:   12.788325  -55.706754    1.000000  232.242820
Iteration: 58 bestvalit: 0.005031 bestmemit:   12.788325  -55.706754    1.000000  232.242820
Iteration: 59 bestvalit: 0.005031 bestmemit:   12.788325  -55.706754    1.000000  232.242820
Iteration: 60 bestvalit: 0.005031 bestmemit:   12.788325  -55.706754    1.000000  232.242820
Iteration: 61 bestvalit: 0.005031 bestmemit:   12.788325  -55.706754    1.000000  232.242820
Iteration: 62 bestvalit: 0.005031 bestmemit:   12.788325  -55.706754    1.000000  232.242820
Iteration: 63 bestvalit: 0.005031 bestmemit:   12.788325  -55.706754    1.000000  232.242820
Iteration: 64 bestvalit: 0.005031 bestmemit:   12.788325  -55.706754    1.000000  232.242820
Iteration: 65 bestvalit: 0.005031 bestmemit:   12.788325  -55.706754    1.000000  232.242820
Iteration: 66 bestvalit: 0.005031 bestmemit:   12.788325  -55.706754    1.000000  232.242820
Iteration: 67 bestvalit: 0.005031 bestmemit:   12.788325  -55.706754    1.000000  232.242820
Iteration: 68 bestvalit: 0.005031 bestmemit:   12.788325  -55.706754    1.000000  232.242820
Iteration: 69 bestvalit: 0.005031 bestmemit:   12.788325  -55.706754    1.000000  232.242820
Iteration: 70 bestvalit: 0.005031 bestmemit:   12.788325  -55.706754    1.000000  232.242820
Iteration: 71 bestvalit: 0.005031 bestmemit:   12.788325  -55.706754    1.000000  232.242820
Iteration: 72 bestvalit: 0.005031 bestmemit:   12.788325  -55.706754    1.000000  232.242820
Iteration: 73 bestvalit: 0.005031 bestmemit:   12.788325  -55.706754    1.000000  232.242820
Iteration: 74 bestvalit: 0.005031 bestmemit:   12.788325  -55.706754    1.000000  232.242820
Iteration: 75 bestvalit: 0.005031 bestmemit:   12.788325  -55.706754    1.000000  232.242820
Iteration: 76 bestvalit: 0.005031 bestmemit:   12.788325  -55.706754    1.000000  232.242820
Iteration: 77 bestvalit: 0.005031 bestmemit:   12.788325  -55.706754    1.000000  232.242820
Iteration: 78 bestvalit: 0.005031 bestmemit:   12.788325  -55.706754    1.000000  232.242820
Iteration: 79 bestvalit: 0.005031 bestmemit:   12.788325  -55.706754    1.000000  232.242820
Iteration: 80 bestvalit: 0.005031 bestmemit:   12.788325  -55.706754    1.000000  232.242820
Iteration: 81 bestvalit: 0.005031 bestmemit:   12.788325  -55.706754    1.000000  232.242820
Iteration: 82 bestvalit: 0.005031 bestmemit:   12.788325  -55.706754    1.000000  232.242820
Iteration: 83 bestvalit: 0.005031 bestmemit:   12.788325  -55.706754    1.000000  232.242820
Iteration: 84 bestvalit: 0.005031 bestmemit:   12.788325  -55.706754    1.000000  232.242820
Iteration: 85 bestvalit: 0.005031 bestmemit:   12.788325  -55.706754    1.000000  232.242820
Iteration: 86 bestvalit: 0.005031 bestmemit:   12.788325  -55.706754    1.000000  232.242820
Iteration: 87 bestvalit: 0.005031 bestmemit:   12.788325  -55.706754    1.000000  232.242820
Iteration: 88 bestvalit: 0.005031 bestmemit:   12.788325  -55.706754    1.000000  232.242820
Iteration: 89 bestvalit: 0.005031 bestmemit:   12.788325  -55.706754    1.000000  232.242820
Iteration: 90 bestvalit: 0.005031 bestmemit:   12.788325  -55.706754    1.000000  232.242820
Iteration: 91 bestvalit: 0.005031 bestmemit:   12.788325  -55.706754    1.000000  232.242820
Iteration: 92 bestvalit: 0.005031 bestmemit:   12.788325  -55.706754    1.000000  232.242820
Iteration: 93 bestvalit: 0.005031 bestmemit:   12.788325  -55.706754    1.000000  232.242820
Iteration: 94 bestvalit: 0.005031 bestmemit:   12.788325  -55.706754    1.000000  232.242820
Iteration: 95 bestvalit: 0.005031 bestmemit:   12.788325  -55.706754    1.000000  232.242820
Iteration: 96 bestvalit: 0.005031 bestmemit:   12.788325  -55.706754    1.000000  232.242820

***** summary of DEoptim object ***** 
best member   :  12.78833 -55.70675 1 232.2428 
best value    :  0.00503 
after         :  96 generations 
fn evaluated  :  194 times 
*************************************
