SLURM_JOB_ID: 55185224
SLURM_JOB_USER: vsc34066
SLURM_JOB_ACCOUNT: lp_desenderlab
SLURM_JOB_NAME: fit_alternating_fb_trim_skip.slurm
SLURM_CLUSTER_NAME: genius
SLURM_JOB_PARTITION: batch
SLURM_ARRAY_JOB_ID: 55185173
SLURM_ARRAY_TASK_ID: 51
SLURM_NNODES: 1
SLURM_NODELIST: r27i27n06
SLURM_JOB_CPUS_PER_NODE: 8
Date: Tue Aug  8 11:36:20 CEST 2023
Walltime: 00-23:59:00
========================================================================
Iteration: 1 bestvalit: 0.005267 bestmemit:   35.012945  -94.239935    1.000000  408.270757
Iteration: 2 bestvalit: 0.005267 bestmemit:   35.012945  -94.239935    1.000000  408.270757
Iteration: 3 bestvalit: 0.005267 bestmemit:   35.012945  -94.239935    1.000000  408.270757
Iteration: 4 bestvalit: 0.005267 bestmemit:   35.012945  -94.239935    1.000000  408.270757
Iteration: 5 bestvalit: 0.005267 bestmemit:   35.012945  -94.239935    1.000000  408.270757
Iteration: 6 bestvalit: 0.005232 bestmemit:   17.270745  -81.742963    1.000000  395.092277
Iteration: 7 bestvalit: 0.005232 bestmemit:   17.270745  -81.742963    1.000000  395.092277
Iteration: 8 bestvalit: 0.005090 bestmemit:   24.931018  -91.363844    1.000000  395.092277
Iteration: 9 bestvalit: 0.005090 bestmemit:   24.931018  -91.363844    1.000000  395.092277
Iteration: 10 bestvalit: 0.004898 bestmemit:   27.255993  -15.409082    1.000000  318.086118
Iteration: 11 bestvalit: 0.004793 bestmemit:    5.218262  -15.409082    1.000000  318.086118
Iteration: 12 bestvalit: 0.004793 bestmemit:    5.218262  -15.409082    1.000000  318.086118
Iteration: 13 bestvalit: 0.004793 bestmemit:    5.218262  -15.409082    1.000000  318.086118
Iteration: 14 bestvalit: 0.004793 bestmemit:    5.218262  -15.409082    1.000000  318.086118
Iteration: 15 bestvalit: 0.004793 bestmemit:    5.218262  -15.409082    1.000000  318.086118
Iteration: 16 bestvalit: 0.004793 bestmemit:    5.218262  -15.409082    1.000000  318.086118
Iteration: 17 bestvalit: 0.004793 bestmemit:    5.218262  -15.409082    1.000000  318.086118
Iteration: 18 bestvalit: 0.004409 bestmemit:   14.359301  -39.471639    1.000000  337.433882
Iteration: 19 bestvalit: 0.004409 bestmemit:   14.359301  -39.471639    1.000000  337.433882
Iteration: 20 bestvalit: 0.004409 bestmemit:   14.359301  -39.471639    1.000000  337.433882
Iteration: 21 bestvalit: 0.004409 bestmemit:   14.359301  -39.471639    1.000000  337.433882
Iteration: 22 bestvalit: 0.004409 bestmemit:   14.359301  -39.471639    1.000000  337.433882
Iteration: 23 bestvalit: 0.004409 bestmemit:   14.359301  -39.471639    1.000000  337.433882
Iteration: 24 bestvalit: 0.004409 bestmemit:   14.359301  -39.471639    1.000000  337.433882
Iteration: 25 bestvalit: 0.004201 bestmemit:   28.868319   -7.030525    1.000000  309.580599
Iteration: 26 bestvalit: 0.004201 bestmemit:   28.868319   -7.030525    1.000000  309.580599
Iteration: 27 bestvalit: 0.004201 bestmemit:   28.868319   -7.030525    1.000000  309.580599
Iteration: 28 bestvalit: 0.004153 bestmemit:   14.462134   18.895628    1.000000  395.092277
Iteration: 29 bestvalit: 0.004153 bestmemit:   14.462134   18.895628    1.000000  395.092277
Iteration: 30 bestvalit: 0.004153 bestmemit:   14.462134   18.895628    1.000000  395.092277
Iteration: 31 bestvalit: 0.004153 bestmemit:   14.462134   18.895628    1.000000  395.092277
Iteration: 32 bestvalit: 0.004153 bestmemit:   14.462134   18.895628    1.000000  395.092277
Iteration: 33 bestvalit: 0.004153 bestmemit:   14.462134   18.895628    1.000000  395.092277
Iteration: 34 bestvalit: 0.004153 bestmemit:   14.462134   18.895628    1.000000  395.092277
Iteration: 35 bestvalit: 0.004153 bestmemit:   14.462134   18.895628    1.000000  395.092277
Iteration: 36 bestvalit: 0.004153 bestmemit:   14.462134   18.895628    1.000000  395.092277
Iteration: 37 bestvalit: 0.003853 bestmemit:    3.016042    0.977757    1.000000  332.147113
Iteration: 38 bestvalit: 0.003853 bestmemit:    3.016042    0.977757    1.000000  332.147113
Iteration: 39 bestvalit: 0.003853 bestmemit:    3.016042    0.977757    1.000000  332.147113
Iteration: 40 bestvalit: 0.003853 bestmemit:    3.016042    0.977757    1.000000  332.147113
Iteration: 41 bestvalit: 0.003853 bestmemit:    3.016042    0.977757    1.000000  332.147113
Iteration: 42 bestvalit: 0.003853 bestmemit:    3.016042    0.977757    1.000000  332.147113
Iteration: 43 bestvalit: 0.003853 bestmemit:    3.016042    0.977757    1.000000  332.147113
Iteration: 44 bestvalit: 0.003853 bestmemit:    3.016042    0.977757    1.000000  332.147113
Iteration: 45 bestvalit: 0.003853 bestmemit:    3.016042    0.977757    1.000000  332.147113
Iteration: 46 bestvalit: 0.003853 bestmemit:    3.016042    0.977757    1.000000  332.147113
Iteration: 47 bestvalit: 0.003853 bestmemit:    3.016042    0.977757    1.000000  332.147113
Iteration: 48 bestvalit: 0.003853 bestmemit:    3.016042    0.977757    1.000000  332.147113
Iteration: 49 bestvalit: 0.003853 bestmemit:    3.016042    0.977757    1.000000  332.147113
Iteration: 50 bestvalit: 0.003853 bestmemit:    3.016042    0.977757    1.000000  332.147113
Iteration: 51 bestvalit: 0.003853 bestmemit:    3.016042    0.977757    1.000000  332.147113
Iteration: 52 bestvalit: 0.003853 bestmemit:    3.016042    0.977757    1.000000  332.147113
Iteration: 53 bestvalit: 0.003853 bestmemit:    3.016042    0.977757    1.000000  332.147113
Iteration: 54 bestvalit: 0.003853 bestmemit:    3.016042    0.977757    1.000000  332.147113
Iteration: 55 bestvalit: 0.003853 bestmemit:    3.016042    0.977757    1.000000  332.147113
Iteration: 56 bestvalit: 0.003853 bestmemit:    3.016042    0.977757    1.000000  332.147113
Iteration: 57 bestvalit: 0.003853 bestmemit:    3.016042    0.977757    1.000000  332.147113
Iteration: 58 bestvalit: 0.003853 bestmemit:    3.016042    0.977757    1.000000  332.147113
Iteration: 59 bestvalit: 0.003853 bestmemit:    3.016042    0.977757    1.000000  332.147113
Iteration: 60 bestvalit: 0.003853 bestmemit:    3.016042    0.977757    1.000000  332.147113
Iteration: 61 bestvalit: 0.003853 bestmemit:    3.016042    0.977757    1.000000  332.147113
Iteration: 62 bestvalit: 0.003853 bestmemit:    3.016042    0.977757    1.000000  332.147113
Iteration: 63 bestvalit: 0.003853 bestmemit:    3.016042    0.977757    1.000000  332.147113
Iteration: 64 bestvalit: 0.003853 bestmemit:    3.016042    0.977757    1.000000  332.147113
Iteration: 65 bestvalit: 0.003853 bestmemit:    3.016042    0.977757    1.000000  332.147113
Iteration: 66 bestvalit: 0.003853 bestmemit:    3.016042    0.977757    1.000000  332.147113
Iteration: 67 bestvalit: 0.003853 bestmemit:    3.016042    0.977757    1.000000  332.147113
Iteration: 68 bestvalit: 0.003853 bestmemit:    3.016042    0.977757    1.000000  332.147113
Iteration: 69 bestvalit: 0.003853 bestmemit:    3.016042    0.977757    1.000000  332.147113
Iteration: 70 bestvalit: 0.003853 bestmemit:    3.016042    0.977757    1.000000  332.147113
Iteration: 71 bestvalit: 0.003853 bestmemit:    3.016042    0.977757    1.000000  332.147113
Iteration: 72 bestvalit: 0.003853 bestmemit:    3.016042    0.977757    1.000000  332.147113
Iteration: 73 bestvalit: 0.003853 bestmemit:    3.016042    0.977757    1.000000  332.147113
Iteration: 74 bestvalit: 0.003853 bestmemit:    3.016042    0.977757    1.000000  332.147113
Iteration: 75 bestvalit: 0.003853 bestmemit:    3.016042    0.977757    1.000000  332.147113
Iteration: 76 bestvalit: 0.003853 bestmemit:    3.016042    0.977757    1.000000  332.147113
Iteration: 77 bestvalit: 0.003853 bestmemit:    3.016042    0.977757    1.000000  332.147113
Iteration: 78 bestvalit: 0.003853 bestmemit:    3.016042    0.977757    1.000000  332.147113
Iteration: 79 bestvalit: 0.003853 bestmemit:    3.016042    0.977757    1.000000  332.147113
Iteration: 80 bestvalit: 0.003853 bestmemit:    3.016042    0.977757    1.000000  332.147113
Iteration: 81 bestvalit: 0.003853 bestmemit:    3.016042    0.977757    1.000000  332.147113
Iteration: 82 bestvalit: 0.003853 bestmemit:    3.016042    0.977757    1.000000  332.147113
Iteration: 83 bestvalit: 0.003853 bestmemit:    3.016042    0.977757    1.000000  332.147113
Iteration: 84 bestvalit: 0.003853 bestmemit:    3.016042    0.977757    1.000000  332.147113
Iteration: 85 bestvalit: 0.003853 bestmemit:    3.016042    0.977757    1.000000  332.147113
Iteration: 86 bestvalit: 0.003853 bestmemit:    3.016042    0.977757    1.000000  332.147113
Iteration: 87 bestvalit: 0.003853 bestmemit:    3.016042    0.977757    1.000000  332.147113
Iteration: 88 bestvalit: 0.003853 bestmemit:    3.016042    0.977757    1.000000  332.147113
Iteration: 89 bestvalit: 0.003853 bestmemit:    3.016042    0.977757    1.000000  332.147113
Iteration: 90 bestvalit: 0.003853 bestmemit:    3.016042    0.977757    1.000000  332.147113
Iteration: 91 bestvalit: 0.003853 bestmemit:    3.016042    0.977757    1.000000  332.147113
Iteration: 92 bestvalit: 0.003853 bestmemit:    3.016042    0.977757    1.000000  332.147113
Iteration: 93 bestvalit: 0.003853 bestmemit:    3.016042    0.977757    1.000000  332.147113
Iteration: 94 bestvalit: 0.003853 bestmemit:    3.016042    0.977757    1.000000  332.147113
Iteration: 95 bestvalit: 0.003853 bestmemit:    3.016042    0.977757    1.000000  332.147113
Iteration: 96 bestvalit: 0.003853 bestmemit:    3.016042    0.977757    1.000000  332.147113
Iteration: 97 bestvalit: 0.003853 bestmemit:    3.016042    0.977757    1.000000  332.147113
Iteration: 98 bestvalit: 0.003853 bestmemit:    3.016042    0.977757    1.000000  332.147113
Iteration: 99 bestvalit: 0.003853 bestmemit:    3.016042    0.977757    1.000000  332.147113
Iteration: 100 bestvalit: 0.003853 bestmemit:    3.016042    0.977757    1.000000  332.147113
Iteration: 101 bestvalit: 0.003853 bestmemit:    3.016042    0.977757    1.000000  332.147113
Iteration: 102 bestvalit: 0.003853 bestmemit:    3.016042    0.977757    1.000000  332.147113
Iteration: 103 bestvalit: 0.003853 bestmemit:    3.016042    0.977757    1.000000  332.147113
Iteration: 104 bestvalit: 0.003853 bestmemit:    3.016042    0.977757    1.000000  332.147113
Iteration: 105 bestvalit: 0.003853 bestmemit:    3.016042    0.977757    1.000000  332.147113
Iteration: 106 bestvalit: 0.003853 bestmemit:    3.016042    0.977757    1.000000  332.147113
Iteration: 107 bestvalit: 0.003853 bestmemit:    3.016042    0.977757    1.000000  332.147113
Iteration: 108 bestvalit: 0.003853 bestmemit:    3.016042    0.977757    1.000000  332.147113

***** summary of DEoptim object ***** 
best member   :  3.01604 0.97776 1 332.1471 
best value    :  0.00385 
after         :  108 generations 
fn evaluated  :  218 times 
*************************************
