SLURM_JOB_ID: 55185197
SLURM_JOB_USER: vsc34066
SLURM_JOB_ACCOUNT: lp_desenderlab
SLURM_JOB_NAME: fit_alternating_fb_trim_skip.slurm
SLURM_CLUSTER_NAME: genius
SLURM_JOB_PARTITION: batch
SLURM_ARRAY_JOB_ID: 55185173
SLURM_ARRAY_TASK_ID: 24
SLURM_NNODES: 2
SLURM_NODELIST: r22i27n[13,18]
SLURM_JOB_CPUS_PER_NODE: 4(x2)
Date: Tue Aug  8 11:36:16 CEST 2023
Walltime: 00-23:59:00
========================================================================
Iteration: 1 bestvalit: 0.004682 bestmemit:   48.789015   49.531625    1.000000  200.709829
Iteration: 2 bestvalit: 0.004682 bestmemit:   48.789015   49.531625    1.000000  200.709829
Iteration: 3 bestvalit: 0.004631 bestmemit:   34.792822   89.799252    1.000000  235.101869
Iteration: 4 bestvalit: 0.004631 bestmemit:   34.792822   89.799252    1.000000  235.101869
Iteration: 5 bestvalit: 0.004631 bestmemit:   34.792822   89.799252    1.000000  235.101869
Iteration: 6 bestvalit: 0.004631 bestmemit:   34.792822   89.799252    1.000000  235.101869
Iteration: 7 bestvalit: 0.004418 bestmemit:   34.420833   53.907548    1.000000  311.182258
Iteration: 8 bestvalit: 0.004329 bestmemit:   34.420833   61.724908    1.000000  311.182258
Iteration: 9 bestvalit: 0.004329 bestmemit:   34.420833   61.724908    1.000000  311.182258
Iteration: 10 bestvalit: 0.004329 bestmemit:   34.420833   61.724908    1.000000  311.182258
Iteration: 11 bestvalit: 0.004329 bestmemit:   34.420833   61.724908    1.000000  311.182258
Iteration: 12 bestvalit: 0.003550 bestmemit:   47.523196   73.699347    1.000000  344.289361
Iteration: 13 bestvalit: 0.003550 bestmemit:   47.523196   73.699347    1.000000  344.289361
Iteration: 14 bestvalit: 0.003550 bestmemit:   47.523196   73.699347    1.000000  344.289361
Iteration: 15 bestvalit: 0.003500 bestmemit:   48.789015   49.531625    1.000000  296.951397
Iteration: 16 bestvalit: 0.003500 bestmemit:   48.789015   49.531625    1.000000  296.951397
Iteration: 17 bestvalit: 0.003500 bestmemit:   48.789015   49.531625    1.000000  296.951397
Iteration: 18 bestvalit: 0.003500 bestmemit:   48.789015   49.531625    1.000000  296.951397
Iteration: 19 bestvalit: 0.003463 bestmemit:    3.369352   44.938088    1.000000  297.519730
Iteration: 20 bestvalit: 0.003463 bestmemit:    3.369352   44.938088    1.000000  297.519730
Iteration: 21 bestvalit: 0.003463 bestmemit:    3.369352   44.938088    1.000000  297.519730
Iteration: 22 bestvalit: 0.003463 bestmemit:    3.369352   44.938088    1.000000  297.519730
Iteration: 23 bestvalit: 0.003463 bestmemit:    3.369352   44.938088    1.000000  297.519730
Iteration: 24 bestvalit: 0.003463 bestmemit:    3.369352   44.938088    1.000000  297.519730
Iteration: 25 bestvalit: 0.003463 bestmemit:    3.369352   44.938088    1.000000  297.519730
Iteration: 26 bestvalit: 0.003463 bestmemit:    3.369352   44.938088    1.000000  297.519730
Iteration: 27 bestvalit: 0.003434 bestmemit:    5.695592  -46.379841    1.000000  296.157204
Iteration: 28 bestvalit: 0.003434 bestmemit:    5.695592  -46.379841    1.000000  296.157204
Iteration: 29 bestvalit: 0.003434 bestmemit:    5.695592  -46.379841    1.000000  296.157204
Iteration: 30 bestvalit: 0.003434 bestmemit:    5.695592  -46.379841    1.000000  296.157204
Iteration: 31 bestvalit: 0.003434 bestmemit:    5.695592  -46.379841    1.000000  296.157204
Iteration: 32 bestvalit: 0.003434 bestmemit:    5.695592  -46.379841    1.000000  296.157204
Iteration: 33 bestvalit: 0.003434 bestmemit:    5.695592  -46.379841    1.000000  296.157204
Iteration: 34 bestvalit: 0.003434 bestmemit:    5.695592  -46.379841    1.000000  296.157204
Iteration: 35 bestvalit: 0.003434 bestmemit:    5.695592  -46.379841    1.000000  296.157204
Iteration: 36 bestvalit: 0.003434 bestmemit:    5.695592  -46.379841    1.000000  296.157204
Iteration: 37 bestvalit: 0.003434 bestmemit:    5.695592  -46.379841    1.000000  296.157204
Iteration: 38 bestvalit: 0.003434 bestmemit:    5.695592  -46.379841    1.000000  296.157204
Iteration: 39 bestvalit: 0.003379 bestmemit:   32.140485   10.968725    1.000000  328.701813
Iteration: 40 bestvalit: 0.003379 bestmemit:   32.140485   10.968725    1.000000  328.701813
Iteration: 41 bestvalit: 0.003379 bestmemit:   32.140485   10.968725    1.000000  328.701813
Iteration: 42 bestvalit: 0.003379 bestmemit:   32.140485   10.968725    1.000000  328.701813
Iteration: 43 bestvalit: 0.003379 bestmemit:   32.140485   10.968725    1.000000  328.701813
Iteration: 44 bestvalit: 0.003379 bestmemit:   32.140485   10.968725    1.000000  328.701813
Iteration: 45 bestvalit: 0.003215 bestmemit:    2.852005   11.604553    1.000000  283.155403
Iteration: 46 bestvalit: 0.003215 bestmemit:    2.852005   11.604553    1.000000  283.155403
Iteration: 47 bestvalit: 0.003215 bestmemit:    2.852005   11.604553    1.000000  283.155403
Iteration: 48 bestvalit: 0.003215 bestmemit:    2.852005   11.604553    1.000000  283.155403
Iteration: 49 bestvalit: 0.003215 bestmemit:    2.852005   11.604553    1.000000  283.155403
Iteration: 50 bestvalit: 0.003215 bestmemit:    2.852005   11.604553    1.000000  283.155403
Iteration: 51 bestvalit: 0.003215 bestmemit:    2.852005   11.604553    1.000000  283.155403
Iteration: 52 bestvalit: 0.003215 bestmemit:    2.852005   11.604553    1.000000  283.155403
Iteration: 53 bestvalit: 0.003215 bestmemit:    2.852005   11.604553    1.000000  283.155403
Iteration: 54 bestvalit: 0.003215 bestmemit:    2.852005   11.604553    1.000000  283.155403
Iteration: 55 bestvalit: 0.003215 bestmemit:    2.852005   11.604553    1.000000  283.155403
Iteration: 56 bestvalit: 0.003215 bestmemit:    2.852005   11.604553    1.000000  283.155403
Iteration: 57 bestvalit: 0.003215 bestmemit:    2.852005   11.604553    1.000000  283.155403
Iteration: 58 bestvalit: 0.003215 bestmemit:    2.852005   11.604553    1.000000  283.155403
Iteration: 59 bestvalit: 0.003215 bestmemit:    2.852005   11.604553    1.000000  283.155403
Iteration: 60 bestvalit: 0.003215 bestmemit:    2.852005   11.604553    1.000000  283.155403
Iteration: 61 bestvalit: 0.003215 bestmemit:    2.852005   11.604553    1.000000  283.155403
Iteration: 62 bestvalit: 0.003215 bestmemit:    2.852005   11.604553    1.000000  283.155403
Iteration: 63 bestvalit: 0.003215 bestmemit:    2.852005   11.604553    1.000000  283.155403
Iteration: 64 bestvalit: 0.003215 bestmemit:    2.852005   11.604553    1.000000  283.155403
Iteration: 65 bestvalit: 0.003215 bestmemit:    2.852005   11.604553    1.000000  283.155403
Iteration: 66 bestvalit: 0.003215 bestmemit:    2.852005   11.604553    1.000000  283.155403
Iteration: 67 bestvalit: 0.003215 bestmemit:    2.852005   11.604553    1.000000  283.155403
Iteration: 68 bestvalit: 0.003215 bestmemit:    2.852005   11.604553    1.000000  283.155403
Iteration: 69 bestvalit: 0.003215 bestmemit:    2.852005   11.604553    1.000000  283.155403
Iteration: 70 bestvalit: 0.003215 bestmemit:    2.852005   11.604553    1.000000  283.155403
Iteration: 71 bestvalit: 0.003215 bestmemit:    2.852005   11.604553    1.000000  283.155403
Iteration: 72 bestvalit: 0.003215 bestmemit:    2.852005   11.604553    1.000000  283.155403
Iteration: 73 bestvalit: 0.003215 bestmemit:    2.852005   11.604553    1.000000  283.155403
Iteration: 74 bestvalit: 0.003215 bestmemit:    2.852005   11.604553    1.000000  283.155403
Iteration: 75 bestvalit: 0.003215 bestmemit:    2.852005   11.604553    1.000000  283.155403
Iteration: 76 bestvalit: 0.003215 bestmemit:    2.852005   11.604553    1.000000  283.155403
Iteration: 77 bestvalit: 0.003215 bestmemit:    2.852005   11.604553    1.000000  283.155403
Iteration: 78 bestvalit: 0.003215 bestmemit:    2.852005   11.604553    1.000000  283.155403
Iteration: 79 bestvalit: 0.003215 bestmemit:    2.852005   11.604553    1.000000  283.155403
Iteration: 80 bestvalit: 0.003215 bestmemit:    2.852005   11.604553    1.000000  283.155403
Iteration: 81 bestvalit: 0.003215 bestmemit:    2.852005   11.604553    1.000000  283.155403
Iteration: 82 bestvalit: 0.003215 bestmemit:    2.852005   11.604553    1.000000  283.155403
Iteration: 83 bestvalit: 0.003215 bestmemit:    2.852005   11.604553    1.000000  283.155403
Iteration: 84 bestvalit: 0.003215 bestmemit:    2.852005   11.604553    1.000000  283.155403
Iteration: 85 bestvalit: 0.003215 bestmemit:    2.852005   11.604553    1.000000  283.155403
Iteration: 86 bestvalit: 0.003215 bestmemit:    2.852005   11.604553    1.000000  283.155403
Iteration: 87 bestvalit: 0.003215 bestmemit:    2.852005   11.604553    1.000000  283.155403
Iteration: 88 bestvalit: 0.003215 bestmemit:    2.852005   11.604553    1.000000  283.155403
Iteration: 89 bestvalit: 0.003215 bestmemit:    2.852005   11.604553    1.000000  283.155403
Iteration: 90 bestvalit: 0.003215 bestmemit:    2.852005   11.604553    1.000000  283.155403
Iteration: 91 bestvalit: 0.003215 bestmemit:    2.852005   11.604553    1.000000  283.155403
Iteration: 92 bestvalit: 0.003215 bestmemit:    2.852005   11.604553    1.000000  283.155403
Iteration: 93 bestvalit: 0.003215 bestmemit:    2.852005   11.604553    1.000000  283.155403
Iteration: 94 bestvalit: 0.003215 bestmemit:    2.852005   11.604553    1.000000  283.155403
Iteration: 95 bestvalit: 0.003215 bestmemit:    2.852005   11.604553    1.000000  283.155403
Iteration: 96 bestvalit: 0.003215 bestmemit:    2.852005   11.604553    1.000000  283.155403
Iteration: 97 bestvalit: 0.003215 bestmemit:    2.852005   11.604553    1.000000  283.155403
Iteration: 98 bestvalit: 0.003215 bestmemit:    2.852005   11.604553    1.000000  283.155403
Iteration: 99 bestvalit: 0.003215 bestmemit:    2.852005   11.604553    1.000000  283.155403
Iteration: 100 bestvalit: 0.003215 bestmemit:    2.852005   11.604553    1.000000  283.155403
Iteration: 101 bestvalit: 0.003215 bestmemit:    2.852005   11.604553    1.000000  283.155403
Iteration: 102 bestvalit: 0.003215 bestmemit:    2.852005   11.604553    1.000000  283.155403
Iteration: 103 bestvalit: 0.003215 bestmemit:    2.852005   11.604553    1.000000  283.155403
Iteration: 104 bestvalit: 0.003215 bestmemit:    2.852005   11.604553    1.000000  283.155403
Iteration: 105 bestvalit: 0.003215 bestmemit:    2.852005   11.604553    1.000000  283.155403
Iteration: 106 bestvalit: 0.003215 bestmemit:    2.852005   11.604553    1.000000  283.155403
Iteration: 107 bestvalit: 0.003215 bestmemit:    2.852005   11.604553    1.000000  283.155403
Iteration: 108 bestvalit: 0.003215 bestmemit:    2.852005   11.604553    1.000000  283.155403
Iteration: 109 bestvalit: 0.003215 bestmemit:    2.852005   11.604553    1.000000  283.155403
Iteration: 110 bestvalit: 0.003215 bestmemit:    2.852005   11.604553    1.000000  283.155403
Iteration: 111 bestvalit: 0.003215 bestmemit:    2.852005   11.604553    1.000000  283.155403
Iteration: 112 bestvalit: 0.003215 bestmemit:    2.852005   11.604553    1.000000  283.155403
Iteration: 113 bestvalit: 0.003215 bestmemit:    2.852005   11.604553    1.000000  283.155403
Iteration: 114 bestvalit: 0.003215 bestmemit:    2.852005   11.604553    1.000000  283.155403
Iteration: 115 bestvalit: 0.003215 bestmemit:    2.852005   11.604553    1.000000  283.155403
Iteration: 116 bestvalit: 0.003215 bestmemit:    2.852005   11.604553    1.000000  283.155403

***** summary of DEoptim object ***** 
best member   :  2.852 11.60455 1 283.1554 
best value    :  0.00321 
after         :  116 generations 
fn evaluated  :  234 times 
*************************************
