SLURM_JOB_ID: 55185177
SLURM_JOB_USER: vsc34066
SLURM_JOB_ACCOUNT: lp_desenderlab
SLURM_JOB_NAME: fit_alternating_fb_trim_skip.slurm
SLURM_CLUSTER_NAME: genius
SLURM_JOB_PARTITION: batch
SLURM_ARRAY_JOB_ID: 55185173
SLURM_ARRAY_TASK_ID: 4
SLURM_NNODES: 1
SLURM_NODELIST: r23i13n01
SLURM_JOB_CPUS_PER_NODE: 8
Date: Tue Aug  8 11:36:16 CEST 2023
Walltime: 00-23:59:00
========================================================================
Iteration: 1 bestvalit: 0.006310 bestmemit:   38.832841    5.502363    1.000000  196.432695
Iteration: 2 bestvalit: 0.005809 bestmemit:   38.832841   45.104353    1.000000  196.432695
Iteration: 3 bestvalit: 0.005786 bestmemit:   28.471993   20.479667    1.000000  170.457789
Iteration: 4 bestvalit: 0.005305 bestmemit:   40.424255   69.062198    1.000000  170.457789
Iteration: 5 bestvalit: 0.005305 bestmemit:   40.424255   69.062198    1.000000  170.457789
Iteration: 6 bestvalit: 0.005305 bestmemit:   40.424255   69.062198    1.000000  170.457789
Iteration: 7 bestvalit: 0.005305 bestmemit:   40.424255   69.062198    1.000000  170.457789
Iteration: 8 bestvalit: 0.005305 bestmemit:   40.424255   69.062198    1.000000  170.457789
Iteration: 9 bestvalit: 0.005305 bestmemit:   40.424255   69.062198    1.000000  170.457789
Iteration: 10 bestvalit: 0.005305 bestmemit:   40.424255   69.062198    1.000000  170.457789
Iteration: 11 bestvalit: 0.005305 bestmemit:   40.424255   69.062198    1.000000  170.457789
Iteration: 12 bestvalit: 0.005305 bestmemit:   40.424255   69.062198    1.000000  170.457789
Iteration: 13 bestvalit: 0.005305 bestmemit:   40.424255   69.062198    1.000000  170.457789
Iteration: 14 bestvalit: 0.005305 bestmemit:   40.424255   69.062198    1.000000  170.457789
Iteration: 15 bestvalit: 0.005305 bestmemit:   40.424255   69.062198    1.000000  170.457789
Iteration: 16 bestvalit: 0.005305 bestmemit:   40.424255   69.062198    1.000000  170.457789
Iteration: 17 bestvalit: 0.005305 bestmemit:   40.424255   69.062198    1.000000  170.457789
Iteration: 18 bestvalit: 0.005305 bestmemit:   40.424255   69.062198    1.000000  170.457789
Iteration: 19 bestvalit: 0.005305 bestmemit:   40.424255   69.062198    1.000000  170.457789
Iteration: 20 bestvalit: 0.005305 bestmemit:   40.424255   69.062198    1.000000  170.457789
Iteration: 21 bestvalit: 0.005283 bestmemit:   22.802437   41.536470    1.000000  229.722190
Iteration: 22 bestvalit: 0.005269 bestmemit:   29.342590   22.468919    1.000000  188.309903
Iteration: 23 bestvalit: 0.005269 bestmemit:   29.342590   22.468919    1.000000  188.309903
Iteration: 24 bestvalit: 0.005269 bestmemit:   29.342590   22.468919    1.000000  188.309903
Iteration: 25 bestvalit: 0.005269 bestmemit:   29.342590   22.468919    1.000000  188.309903
Iteration: 26 bestvalit: 0.005085 bestmemit:   33.694607  -21.958749    1.000000  208.074796
Iteration: 27 bestvalit: 0.005085 bestmemit:   33.694607  -21.958749    1.000000  208.074796
Iteration: 28 bestvalit: 0.005085 bestmemit:   33.694607  -21.958749    1.000000  208.074796
Iteration: 29 bestvalit: 0.004957 bestmemit:   29.781848    9.813182    1.000000  199.759505
Iteration: 30 bestvalit: 0.004957 bestmemit:   29.781848    9.813182    1.000000  199.759505
Iteration: 31 bestvalit: 0.004957 bestmemit:   29.781848    9.813182    1.000000  199.759505
Iteration: 32 bestvalit: 0.004957 bestmemit:   29.781848    9.813182    1.000000  199.759505
Iteration: 33 bestvalit: 0.004957 bestmemit:   29.781848    9.813182    1.000000  199.759505
Iteration: 34 bestvalit: 0.004957 bestmemit:   29.781848    9.813182    1.000000  199.759505
Iteration: 35 bestvalit: 0.004957 bestmemit:   29.781848    9.813182    1.000000  199.759505
Iteration: 36 bestvalit: 0.004957 bestmemit:   29.781848    9.813182    1.000000  199.759505
Iteration: 37 bestvalit: 0.004957 bestmemit:   29.781848    9.813182    1.000000  199.759505
Iteration: 38 bestvalit: 0.004957 bestmemit:   29.781848    9.813182    1.000000  199.759505
Iteration: 39 bestvalit: 0.004957 bestmemit:   29.781848    9.813182    1.000000  199.759505
Iteration: 40 bestvalit: 0.004957 bestmemit:   29.781848    9.813182    1.000000  199.759505
Iteration: 41 bestvalit: 0.004957 bestmemit:   29.781848    9.813182    1.000000  199.759505
Iteration: 42 bestvalit: 0.004957 bestmemit:   29.781848    9.813182    1.000000  199.759505
Iteration: 43 bestvalit: 0.004957 bestmemit:   29.781848    9.813182    1.000000  199.759505
Iteration: 44 bestvalit: 0.004957 bestmemit:   29.781848    9.813182    1.000000  199.759505
Iteration: 45 bestvalit: 0.004957 bestmemit:   29.781848    9.813182    1.000000  199.759505
Iteration: 46 bestvalit: 0.004957 bestmemit:   29.781848    9.813182    1.000000  199.759505
Iteration: 47 bestvalit: 0.004957 bestmemit:   29.781848    9.813182    1.000000  199.759505
Iteration: 48 bestvalit: 0.004957 bestmemit:   29.781848    9.813182    1.000000  199.759505
Iteration: 49 bestvalit: 0.004948 bestmemit:   24.437574  -36.674799    1.000000  211.469612
Iteration: 50 bestvalit: 0.004948 bestmemit:   24.437574  -36.674799    1.000000  211.469612
Iteration: 51 bestvalit: 0.004948 bestmemit:   24.437574  -36.674799    1.000000  211.469612
Iteration: 52 bestvalit: 0.004948 bestmemit:   24.437574  -36.674799    1.000000  211.469612
Iteration: 53 bestvalit: 0.004948 bestmemit:   24.437574  -36.674799    1.000000  211.469612
Iteration: 54 bestvalit: 0.004948 bestmemit:   24.437574  -36.674799    1.000000  211.469612
Iteration: 55 bestvalit: 0.004948 bestmemit:   24.437574  -36.674799    1.000000  211.469612
Iteration: 56 bestvalit: 0.004937 bestmemit:   22.802437   -8.203238    1.000000  229.722190
Iteration: 57 bestvalit: 0.004937 bestmemit:   22.802437   -8.203238    1.000000  229.722190
Iteration: 58 bestvalit: 0.004937 bestmemit:   22.802437   -8.203238    1.000000  229.722190
Iteration: 59 bestvalit: 0.004937 bestmemit:   22.802437   -8.203238    1.000000  229.722190
Iteration: 60 bestvalit: 0.004937 bestmemit:   22.802437   -8.203238    1.000000  229.722190
Iteration: 61 bestvalit: 0.004937 bestmemit:   22.802437   -8.203238    1.000000  229.722190
Iteration: 62 bestvalit: 0.004937 bestmemit:   22.802437   -8.203238    1.000000  229.722190
Iteration: 63 bestvalit: 0.004937 bestmemit:   22.802437   -8.203238    1.000000  229.722190
Iteration: 64 bestvalit: 0.004937 bestmemit:   22.802437   -8.203238    1.000000  229.722190
Iteration: 65 bestvalit: 0.004937 bestmemit:   22.802437   -8.203238    1.000000  229.722190
Iteration: 66 bestvalit: 0.004937 bestmemit:   22.802437   -8.203238    1.000000  229.722190
Iteration: 67 bestvalit: 0.004937 bestmemit:   22.802437   -8.203238    1.000000  229.722190
Iteration: 68 bestvalit: 0.004884 bestmemit:   14.521082   -1.512038    1.000000  217.020308
Iteration: 69 bestvalit: 0.004884 bestmemit:   14.521082   -1.512038    1.000000  217.020308
Iteration: 70 bestvalit: 0.004884 bestmemit:   14.521082   -1.512038    1.000000  217.020308
Iteration: 71 bestvalit: 0.004884 bestmemit:   14.521082   -1.512038    1.000000  217.020308
Iteration: 72 bestvalit: 0.004884 bestmemit:   14.521082   -1.512038    1.000000  217.020308
Iteration: 73 bestvalit: 0.004884 bestmemit:   14.521082   -1.512038    1.000000  217.020308
Iteration: 74 bestvalit: 0.004884 bestmemit:   14.521082   -1.512038    1.000000  217.020308
Iteration: 75 bestvalit: 0.004884 bestmemit:   14.521082   -1.512038    1.000000  217.020308
Iteration: 76 bestvalit: 0.004884 bestmemit:   14.521082   -1.512038    1.000000  217.020308
Iteration: 77 bestvalit: 0.004884 bestmemit:   14.521082   -1.512038    1.000000  217.020308
Iteration: 78 bestvalit: 0.004884 bestmemit:   14.521082   -1.512038    1.000000  217.020308
Iteration: 79 bestvalit: 0.004884 bestmemit:   14.521082   -1.512038    1.000000  217.020308
Iteration: 80 bestvalit: 0.004884 bestmemit:   14.521082   -1.512038    1.000000  217.020308
Iteration: 81 bestvalit: 0.004884 bestmemit:   14.521082   -1.512038    1.000000  217.020308
Iteration: 82 bestvalit: 0.004884 bestmemit:   14.521082   -1.512038    1.000000  217.020308
Iteration: 83 bestvalit: 0.004884 bestmemit:   14.521082   -1.512038    1.000000  217.020308
Iteration: 84 bestvalit: 0.004884 bestmemit:   14.521082   -1.512038    1.000000  217.020308
Iteration: 85 bestvalit: 0.004884 bestmemit:   14.521082   -1.512038    1.000000  217.020308
Iteration: 86 bestvalit: 0.004884 bestmemit:   14.521082   -1.512038    1.000000  217.020308
Iteration: 87 bestvalit: 0.004884 bestmemit:   14.521082   -1.512038    1.000000  217.020308
Iteration: 88 bestvalit: 0.004884 bestmemit:   14.521082   -1.512038    1.000000  217.020308
Iteration: 89 bestvalit: 0.004884 bestmemit:   14.521082   -1.512038    1.000000  217.020308
Iteration: 90 bestvalit: 0.004884 bestmemit:   14.521082   -1.512038    1.000000  217.020308
Iteration: 91 bestvalit: 0.004884 bestmemit:   14.521082   -1.512038    1.000000  217.020308
Iteration: 92 bestvalit: 0.004884 bestmemit:   14.521082   -1.512038    1.000000  217.020308
Iteration: 93 bestvalit: 0.004884 bestmemit:   14.521082   -1.512038    1.000000  217.020308
Iteration: 94 bestvalit: 0.004884 bestmemit:   14.521082   -1.512038    1.000000  217.020308
Iteration: 95 bestvalit: 0.004884 bestmemit:   14.521082   -1.512038    1.000000  217.020308
Iteration: 96 bestvalit: 0.004884 bestmemit:   14.521082   -1.512038    1.000000  217.020308
Iteration: 97 bestvalit: 0.004879 bestmemit:   19.033552  -20.010146    1.000000  232.151543
Iteration: 98 bestvalit: 0.004879 bestmemit:   19.033552  -20.010146    1.000000  232.151543
Iteration: 99 bestvalit: 0.004879 bestmemit:   19.033552  -20.010146    1.000000  232.151543
Iteration: 100 bestvalit: 0.004879 bestmemit:   19.033552  -20.010146    1.000000  232.151543
Iteration: 101 bestvalit: 0.004879 bestmemit:   19.033552  -20.010146    1.000000  232.151543
Iteration: 102 bestvalit: 0.004879 bestmemit:   19.033552  -20.010146    1.000000  232.151543
Iteration: 103 bestvalit: 0.004879 bestmemit:   19.033552  -20.010146    1.000000  232.151543
Iteration: 104 bestvalit: 0.004879 bestmemit:   19.033552  -20.010146    1.000000  232.151543
Iteration: 105 bestvalit: 0.004879 bestmemit:   19.033552  -20.010146    1.000000  232.151543
Iteration: 106 bestvalit: 0.004879 bestmemit:   19.033552  -20.010146    1.000000  232.151543
Iteration: 107 bestvalit: 0.004879 bestmemit:   19.033552  -20.010146    1.000000  232.151543
Iteration: 108 bestvalit: 0.004879 bestmemit:   19.033552  -20.010146    1.000000  232.151543
Iteration: 109 bestvalit: 0.004879 bestmemit:   19.033552  -20.010146    1.000000  232.151543
Iteration: 110 bestvalit: 0.004879 bestmemit:   19.033552  -20.010146    1.000000  232.151543
Iteration: 111 bestvalit: 0.004879 bestmemit:   19.033552  -20.010146    1.000000  232.151543
Iteration: 112 bestvalit: 0.004879 bestmemit:   19.033552  -20.010146    1.000000  232.151543
Iteration: 113 bestvalit: 0.004879 bestmemit:   19.033552  -20.010146    1.000000  232.151543
Iteration: 114 bestvalit: 0.004879 bestmemit:   19.033552  -20.010146    1.000000  232.151543
Iteration: 115 bestvalit: 0.004879 bestmemit:   19.033552  -20.010146    1.000000  232.151543
Iteration: 116 bestvalit: 0.004879 bestmemit:   19.033552  -20.010146    1.000000  232.151543
Iteration: 117 bestvalit: 0.004879 bestmemit:   19.033552  -20.010146    1.000000  232.151543
Iteration: 118 bestvalit: 0.004757 bestmemit:   47.588569  -22.947987    1.000000  210.846010
Iteration: 119 bestvalit: 0.004757 bestmemit:   47.588569  -22.947987    1.000000  210.846010
Iteration: 120 bestvalit: 0.004757 bestmemit:   47.588569  -22.947987    1.000000  210.846010
Iteration: 121 bestvalit: 0.004757 bestmemit:   47.588569  -22.947987    1.000000  210.846010
Iteration: 122 bestvalit: 0.004757 bestmemit:   47.588569  -22.947987    1.000000  210.846010
Iteration: 123 bestvalit: 0.004757 bestmemit:   47.588569  -22.947987    1.000000  210.846010
Iteration: 124 bestvalit: 0.004757 bestmemit:   47.588569  -22.947987    1.000000  210.846010
Iteration: 125 bestvalit: 0.004757 bestmemit:   47.588569  -22.947987    1.000000  210.846010
Iteration: 126 bestvalit: 0.004757 bestmemit:   47.588569  -22.947987    1.000000  210.846010
Iteration: 127 bestvalit: 0.004757 bestmemit:   47.588569  -22.947987    1.000000  210.846010
Iteration: 128 bestvalit: 0.004757 bestmemit:   47.588569  -22.947987    1.000000  210.846010
Iteration: 129 bestvalit: 0.004757 bestmemit:   47.588569  -22.947987    1.000000  210.846010
Iteration: 130 bestvalit: 0.004757 bestmemit:   47.588569  -22.947987    1.000000  210.846010
Iteration: 131 bestvalit: 0.004757 bestmemit:   47.588569  -22.947987    1.000000  210.846010
Iteration: 132 bestvalit: 0.004757 bestmemit:   47.588569  -22.947987    1.000000  210.846010
Iteration: 133 bestvalit: 0.004757 bestmemit:   47.588569  -22.947987    1.000000  210.846010
Iteration: 134 bestvalit: 0.004757 bestmemit:   47.588569  -22.947987    1.000000  210.846010
Iteration: 135 bestvalit: 0.004757 bestmemit:   47.588569  -22.947987    1.000000  210.846010
Iteration: 136 bestvalit: 0.004757 bestmemit:   47.588569  -22.947987    1.000000  210.846010
Iteration: 137 bestvalit: 0.004757 bestmemit:   47.588569  -22.947987    1.000000  210.846010
Iteration: 138 bestvalit: 0.004757 bestmemit:   47.588569  -22.947987    1.000000  210.846010
Iteration: 139 bestvalit: 0.004757 bestmemit:   47.588569  -22.947987    1.000000  210.846010
Iteration: 140 bestvalit: 0.004757 bestmemit:   47.588569  -22.947987    1.000000  210.846010
Iteration: 141 bestvalit: 0.004757 bestmemit:   47.588569  -22.947987    1.000000  210.846010
Iteration: 142 bestvalit: 0.004757 bestmemit:   47.588569  -22.947987    1.000000  210.846010
Iteration: 143 bestvalit: 0.004757 bestmemit:   47.588569  -22.947987    1.000000  210.846010
Iteration: 144 bestvalit: 0.004757 bestmemit:   47.588569  -22.947987    1.000000  210.846010
Iteration: 145 bestvalit: 0.004757 bestmemit:   47.588569  -22.947987    1.000000  210.846010
Iteration: 146 bestvalit: 0.004757 bestmemit:   47.588569  -22.947987    1.000000  210.846010
Iteration: 147 bestvalit: 0.004757 bestmemit:   47.588569  -22.947987    1.000000  210.846010
Iteration: 148 bestvalit: 0.004757 bestmemit:   47.588569  -22.947987    1.000000  210.846010
Iteration: 149 bestvalit: 0.004757 bestmemit:   47.588569  -22.947987    1.000000  210.846010
Iteration: 150 bestvalit: 0.004757 bestmemit:   47.588569  -22.947987    1.000000  210.846010
Iteration: 151 bestvalit: 0.004757 bestmemit:   47.588569  -22.947987    1.000000  210.846010
Iteration: 152 bestvalit: 0.004757 bestmemit:   47.588569  -22.947987    1.000000  210.846010
Iteration: 153 bestvalit: 0.004757 bestmemit:   47.588569  -22.947987    1.000000  210.846010
Iteration: 154 bestvalit: 0.004757 bestmemit:   47.588569  -22.947987    1.000000  210.846010
Iteration: 155 bestvalit: 0.004757 bestmemit:   47.588569  -22.947987    1.000000  210.846010
Iteration: 156 bestvalit: 0.004757 bestmemit:   47.588569  -22.947987    1.000000  210.846010
Iteration: 157 bestvalit: 0.004757 bestmemit:   47.588569  -22.947987    1.000000  210.846010
Iteration: 158 bestvalit: 0.004757 bestmemit:   47.588569  -22.947987    1.000000  210.846010
Iteration: 159 bestvalit: 0.004757 bestmemit:   47.588569  -22.947987    1.000000  210.846010
Iteration: 160 bestvalit: 0.004757 bestmemit:   47.588569  -22.947987    1.000000  210.846010
Iteration: 161 bestvalit: 0.004757 bestmemit:   47.588569  -22.947987    1.000000  210.846010
Iteration: 162 bestvalit: 0.004757 bestmemit:   47.588569  -22.947987    1.000000  210.846010
Iteration: 163 bestvalit: 0.004757 bestmemit:   47.588569  -22.947987    1.000000  210.846010
Iteration: 164 bestvalit: 0.004757 bestmemit:   47.588569  -22.947987    1.000000  210.846010
Iteration: 165 bestvalit: 0.004757 bestmemit:   47.588569  -22.947987    1.000000  210.846010
Iteration: 166 bestvalit: 0.004757 bestmemit:   47.588569  -22.947987    1.000000  210.846010
Iteration: 167 bestvalit: 0.004757 bestmemit:   47.588569  -22.947987    1.000000  210.846010
Iteration: 168 bestvalit: 0.004757 bestmemit:   47.588569  -22.947987    1.000000  210.846010
Iteration: 169 bestvalit: 0.004757 bestmemit:   47.588569  -22.947987    1.000000  210.846010
Iteration: 170 bestvalit: 0.004757 bestmemit:   47.588569  -22.947987    1.000000  210.846010
Iteration: 171 bestvalit: 0.004757 bestmemit:   47.588569  -22.947987    1.000000  210.846010
Iteration: 172 bestvalit: 0.004757 bestmemit:   47.588569  -22.947987    1.000000  210.846010
Iteration: 173 bestvalit: 0.004757 bestmemit:   47.588569  -22.947987    1.000000  210.846010
Iteration: 174 bestvalit: 0.004757 bestmemit:   47.588569  -22.947987    1.000000  210.846010
Iteration: 175 bestvalit: 0.004757 bestmemit:   47.588569  -22.947987    1.000000  210.846010
Iteration: 176 bestvalit: 0.004757 bestmemit:   47.588569  -22.947987    1.000000  210.846010
Iteration: 177 bestvalit: 0.004757 bestmemit:   47.588569  -22.947987    1.000000  210.846010
Iteration: 178 bestvalit: 0.004757 bestmemit:   47.588569  -22.947987    1.000000  210.846010
Iteration: 179 bestvalit: 0.004757 bestmemit:   47.588569  -22.947987    1.000000  210.846010
Iteration: 180 bestvalit: 0.004757 bestmemit:   47.588569  -22.947987    1.000000  210.846010
Iteration: 181 bestvalit: 0.004757 bestmemit:   47.588569  -22.947987    1.000000  210.846010
Iteration: 182 bestvalit: 0.004757 bestmemit:   47.588569  -22.947987    1.000000  210.846010
Iteration: 183 bestvalit: 0.004757 bestmemit:   47.588569  -22.947987    1.000000  210.846010
Iteration: 184 bestvalit: 0.004757 bestmemit:   47.588569  -22.947987    1.000000  210.846010
Iteration: 185 bestvalit: 0.004757 bestmemit:   47.588569  -22.947987    1.000000  210.846010
Iteration: 186 bestvalit: 0.004757 bestmemit:   47.588569  -22.947987    1.000000  210.846010
Iteration: 187 bestvalit: 0.004757 bestmemit:   47.588569  -22.947987    1.000000  210.846010
Iteration: 188 bestvalit: 0.004757 bestmemit:   47.588569  -22.947987    1.000000  210.846010
Iteration: 189 bestvalit: 0.004757 bestmemit:   47.588569  -22.947987    1.000000  210.846010

***** summary of DEoptim object ***** 
best member   :  47.58857 -22.94799 1 210.846 
best value    :  0.00476 
after         :  189 generations 
fn evaluated  :  380 times 
*************************************
