SLURM_JOB_ID: 55185207
SLURM_JOB_USER: vsc34066
SLURM_JOB_ACCOUNT: lp_desenderlab
SLURM_JOB_NAME: fit_alternating_fb_trim_skip.slurm
SLURM_CLUSTER_NAME: genius
SLURM_JOB_PARTITION: batch
SLURM_ARRAY_JOB_ID: 55185173
SLURM_ARRAY_TASK_ID: 34
SLURM_NNODES: 1
SLURM_NODELIST: r25i13n23
SLURM_JOB_CPUS_PER_NODE: 8
Date: Tue Aug  8 11:36:16 CEST 2023
Walltime: 00-23:59:00
========================================================================
Iteration: 1 bestvalit: 0.004339 bestmemit:   22.503258  -28.054779    1.000000  382.625766
Iteration: 2 bestvalit: 0.003739 bestmemit:   24.088279   25.451589    1.000000  322.094965
Iteration: 3 bestvalit: 0.003739 bestmemit:   24.088279   25.451589    1.000000  322.094965
Iteration: 4 bestvalit: 0.003739 bestmemit:   24.088279   25.451589    1.000000  322.094965
Iteration: 5 bestvalit: 0.003739 bestmemit:   24.088279   25.451589    1.000000  322.094965
Iteration: 6 bestvalit: 0.003585 bestmemit:   44.234329   -2.124170    1.000000  409.566487
Iteration: 7 bestvalit: 0.003585 bestmemit:   44.234329   -2.124170    1.000000  409.566487
Iteration: 8 bestvalit: 0.003585 bestmemit:   44.234329   -2.124170    1.000000  409.566487
Iteration: 9 bestvalit: 0.003585 bestmemit:   44.234329   -2.124170    1.000000  409.566487
Iteration: 10 bestvalit: 0.003040 bestmemit:   12.430168  -36.829509    1.000000  331.322636
Iteration: 11 bestvalit: 0.003040 bestmemit:   12.430168  -36.829509    1.000000  331.322636
Iteration: 12 bestvalit: 0.003040 bestmemit:   12.430168  -36.829509    1.000000  331.322636
Iteration: 13 bestvalit: 0.003040 bestmemit:   12.430168  -36.829509    1.000000  331.322636
Iteration: 14 bestvalit: 0.003040 bestmemit:   12.430168  -36.829509    1.000000  331.322636
Iteration: 15 bestvalit: 0.003040 bestmemit:   12.430168  -36.829509    1.000000  331.322636
Iteration: 16 bestvalit: 0.003040 bestmemit:   12.430168  -36.829509    1.000000  331.322636
Iteration: 17 bestvalit: 0.003040 bestmemit:   12.430168  -36.829509    1.000000  331.322636
Iteration: 18 bestvalit: 0.003040 bestmemit:   12.430168  -36.829509    1.000000  331.322636
Iteration: 19 bestvalit: 0.003040 bestmemit:   12.430168  -36.829509    1.000000  331.322636
Iteration: 20 bestvalit: 0.003040 bestmemit:   12.430168  -36.829509    1.000000  331.322636
Iteration: 21 bestvalit: 0.003040 bestmemit:   12.430168  -36.829509    1.000000  331.322636
Iteration: 22 bestvalit: 0.003040 bestmemit:   12.430168  -36.829509    1.000000  331.322636
Iteration: 23 bestvalit: 0.003040 bestmemit:   12.430168  -36.829509    1.000000  331.322636
Iteration: 24 bestvalit: 0.003040 bestmemit:   12.430168  -36.829509    1.000000  331.322636
Iteration: 25 bestvalit: 0.003040 bestmemit:   12.430168  -36.829509    1.000000  331.322636
Iteration: 26 bestvalit: 0.003040 bestmemit:   12.430168  -36.829509    1.000000  331.322636
Iteration: 27 bestvalit: 0.003040 bestmemit:   12.430168  -36.829509    1.000000  331.322636
Iteration: 28 bestvalit: 0.003040 bestmemit:   12.430168  -36.829509    1.000000  331.322636
Iteration: 29 bestvalit: 0.003040 bestmemit:   12.430168  -36.829509    1.000000  331.322636
Iteration: 30 bestvalit: 0.003040 bestmemit:   12.430168  -36.829509    1.000000  331.322636
Iteration: 31 bestvalit: 0.003040 bestmemit:   12.430168  -36.829509    1.000000  331.322636
Iteration: 32 bestvalit: 0.003040 bestmemit:   12.430168  -36.829509    1.000000  331.322636
Iteration: 33 bestvalit: 0.003040 bestmemit:   12.430168  -36.829509    1.000000  331.322636
Iteration: 34 bestvalit: 0.003040 bestmemit:   12.430168  -36.829509    1.000000  331.322636
Iteration: 35 bestvalit: 0.003040 bestmemit:   12.430168  -36.829509    1.000000  331.322636
Iteration: 36 bestvalit: 0.003040 bestmemit:   12.430168  -36.829509    1.000000  331.322636
Iteration: 37 bestvalit: 0.003040 bestmemit:   12.430168  -36.829509    1.000000  331.322636
Iteration: 38 bestvalit: 0.003040 bestmemit:   12.430168  -36.829509    1.000000  331.322636
Iteration: 39 bestvalit: 0.003040 bestmemit:   12.430168  -36.829509    1.000000  331.322636
Iteration: 40 bestvalit: 0.003040 bestmemit:   12.430168  -36.829509    1.000000  331.322636
Iteration: 41 bestvalit: 0.003040 bestmemit:   12.430168  -36.829509    1.000000  331.322636
Iteration: 42 bestvalit: 0.003040 bestmemit:   12.430168  -36.829509    1.000000  331.322636
Iteration: 43 bestvalit: 0.003040 bestmemit:   12.430168  -36.829509    1.000000  331.322636
Iteration: 44 bestvalit: 0.003040 bestmemit:   12.430168  -36.829509    1.000000  331.322636
Iteration: 45 bestvalit: 0.003040 bestmemit:   12.430168  -36.829509    1.000000  331.322636
Iteration: 46 bestvalit: 0.003040 bestmemit:   12.430168  -36.829509    1.000000  331.322636
Iteration: 47 bestvalit: 0.003040 bestmemit:   12.430168  -36.829509    1.000000  331.322636
Iteration: 48 bestvalit: 0.003040 bestmemit:   12.430168  -36.829509    1.000000  331.322636
Iteration: 49 bestvalit: 0.003040 bestmemit:   12.430168  -36.829509    1.000000  331.322636
Iteration: 50 bestvalit: 0.003040 bestmemit:   12.430168  -36.829509    1.000000  331.322636
Iteration: 51 bestvalit: 0.003040 bestmemit:   12.430168  -36.829509    1.000000  331.322636
Iteration: 52 bestvalit: 0.003040 bestmemit:   12.430168  -36.829509    1.000000  331.322636
Iteration: 53 bestvalit: 0.003040 bestmemit:   12.430168  -36.829509    1.000000  331.322636
Iteration: 54 bestvalit: 0.003040 bestmemit:   12.430168  -36.829509    1.000000  331.322636
Iteration: 55 bestvalit: 0.003040 bestmemit:   12.430168  -36.829509    1.000000  331.322636
Iteration: 56 bestvalit: 0.003040 bestmemit:   12.430168  -36.829509    1.000000  331.322636
Iteration: 57 bestvalit: 0.003040 bestmemit:   12.430168  -36.829509    1.000000  331.322636
Iteration: 58 bestvalit: 0.003040 bestmemit:   12.430168  -36.829509    1.000000  331.322636
Iteration: 59 bestvalit: 0.003040 bestmemit:   12.430168  -36.829509    1.000000  331.322636
Iteration: 60 bestvalit: 0.003040 bestmemit:   12.430168  -36.829509    1.000000  331.322636
Iteration: 61 bestvalit: 0.003040 bestmemit:   12.430168  -36.829509    1.000000  331.322636
Iteration: 62 bestvalit: 0.003040 bestmemit:   12.430168  -36.829509    1.000000  331.322636
Iteration: 63 bestvalit: 0.003040 bestmemit:   12.430168  -36.829509    1.000000  331.322636
Iteration: 64 bestvalit: 0.003040 bestmemit:   12.430168  -36.829509    1.000000  331.322636
Iteration: 65 bestvalit: 0.002983 bestmemit:   18.383810  -34.812276    1.000000  359.179036
Iteration: 66 bestvalit: 0.002983 bestmemit:   18.383810  -34.812276    1.000000  359.179036
Iteration: 67 bestvalit: 0.002983 bestmemit:   18.383810  -34.812276    1.000000  359.179036
Iteration: 68 bestvalit: 0.002983 bestmemit:   18.383810  -34.812276    1.000000  359.179036
Iteration: 69 bestvalit: 0.002983 bestmemit:   18.383810  -34.812276    1.000000  359.179036
Iteration: 70 bestvalit: 0.002983 bestmemit:   18.383810  -34.812276    1.000000  359.179036
Iteration: 71 bestvalit: 0.002983 bestmemit:   18.383810  -34.812276    1.000000  359.179036
Iteration: 72 bestvalit: 0.002983 bestmemit:   18.383810  -34.812276    1.000000  359.179036
Iteration: 73 bestvalit: 0.002983 bestmemit:   18.383810  -34.812276    1.000000  359.179036
Iteration: 74 bestvalit: 0.002983 bestmemit:   18.383810  -34.812276    1.000000  359.179036
Iteration: 75 bestvalit: 0.002983 bestmemit:   18.383810  -34.812276    1.000000  359.179036
Iteration: 76 bestvalit: 0.002983 bestmemit:   18.383810  -34.812276    1.000000  359.179036
Iteration: 77 bestvalit: 0.002983 bestmemit:   18.383810  -34.812276    1.000000  359.179036
Iteration: 78 bestvalit: 0.002983 bestmemit:   18.383810  -34.812276    1.000000  359.179036
Iteration: 79 bestvalit: 0.002983 bestmemit:   18.383810  -34.812276    1.000000  359.179036
Iteration: 80 bestvalit: 0.002983 bestmemit:   18.383810  -34.812276    1.000000  359.179036
Iteration: 81 bestvalit: 0.002983 bestmemit:   18.383810  -34.812276    1.000000  359.179036
Iteration: 82 bestvalit: 0.002983 bestmemit:   18.383810  -34.812276    1.000000  359.179036
Iteration: 83 bestvalit: 0.002983 bestmemit:   18.383810  -34.812276    1.000000  359.179036
Iteration: 84 bestvalit: 0.002983 bestmemit:   18.383810  -34.812276    1.000000  359.179036
Iteration: 85 bestvalit: 0.002983 bestmemit:   18.383810  -34.812276    1.000000  359.179036
Iteration: 86 bestvalit: 0.002983 bestmemit:   18.383810  -34.812276    1.000000  359.179036
Iteration: 87 bestvalit: 0.002983 bestmemit:   18.383810  -34.812276    1.000000  359.179036
Iteration: 88 bestvalit: 0.002983 bestmemit:   18.383810  -34.812276    1.000000  359.179036
Iteration: 89 bestvalit: 0.002983 bestmemit:   18.383810  -34.812276    1.000000  359.179036
Iteration: 90 bestvalit: 0.002983 bestmemit:   18.383810  -34.812276    1.000000  359.179036
Iteration: 91 bestvalit: 0.002983 bestmemit:   18.383810  -34.812276    1.000000  359.179036
Iteration: 92 bestvalit: 0.002983 bestmemit:   18.383810  -34.812276    1.000000  359.179036
Iteration: 93 bestvalit: 0.002983 bestmemit:   18.383810  -34.812276    1.000000  359.179036
Iteration: 94 bestvalit: 0.002983 bestmemit:   18.383810  -34.812276    1.000000  359.179036
Iteration: 95 bestvalit: 0.002983 bestmemit:   18.383810  -34.812276    1.000000  359.179036
Iteration: 96 bestvalit: 0.002983 bestmemit:   18.383810  -34.812276    1.000000  359.179036
Iteration: 97 bestvalit: 0.002983 bestmemit:   18.383810  -34.812276    1.000000  359.179036
Iteration: 98 bestvalit: 0.002983 bestmemit:   18.383810  -34.812276    1.000000  359.179036
Iteration: 99 bestvalit: 0.002983 bestmemit:   18.383810  -34.812276    1.000000  359.179036
Iteration: 100 bestvalit: 0.002983 bestmemit:   18.383810  -34.812276    1.000000  359.179036
Iteration: 101 bestvalit: 0.002983 bestmemit:   18.383810  -34.812276    1.000000  359.179036
Iteration: 102 bestvalit: 0.002983 bestmemit:   18.383810  -34.812276    1.000000  359.179036
Iteration: 103 bestvalit: 0.002983 bestmemit:   18.383810  -34.812276    1.000000  359.179036
Iteration: 104 bestvalit: 0.002983 bestmemit:   18.383810  -34.812276    1.000000  359.179036
Iteration: 105 bestvalit: 0.002983 bestmemit:   18.383810  -34.812276    1.000000  359.179036
Iteration: 106 bestvalit: 0.002983 bestmemit:   18.383810  -34.812276    1.000000  359.179036
Iteration: 107 bestvalit: 0.002983 bestmemit:   18.383810  -34.812276    1.000000  359.179036
Iteration: 108 bestvalit: 0.002983 bestmemit:   18.383810  -34.812276    1.000000  359.179036
Iteration: 109 bestvalit: 0.002983 bestmemit:   18.383810  -34.812276    1.000000  359.179036
Iteration: 110 bestvalit: 0.002983 bestmemit:   18.383810  -34.812276    1.000000  359.179036
Iteration: 111 bestvalit: 0.002983 bestmemit:   18.383810  -34.812276    1.000000  359.179036
Iteration: 112 bestvalit: 0.002983 bestmemit:   18.383810  -34.812276    1.000000  359.179036
Iteration: 113 bestvalit: 0.002983 bestmemit:   18.383810  -34.812276    1.000000  359.179036
Iteration: 114 bestvalit: 0.002983 bestmemit:   18.383810  -34.812276    1.000000  359.179036
Iteration: 115 bestvalit: 0.002983 bestmemit:   18.383810  -34.812276    1.000000  359.179036
Iteration: 116 bestvalit: 0.002983 bestmemit:   18.383810  -34.812276    1.000000  359.179036
Iteration: 117 bestvalit: 0.002983 bestmemit:   18.383810  -34.812276    1.000000  359.179036
Iteration: 118 bestvalit: 0.002983 bestmemit:   18.383810  -34.812276    1.000000  359.179036
Iteration: 119 bestvalit: 0.002983 bestmemit:   18.383810  -34.812276    1.000000  359.179036
Iteration: 120 bestvalit: 0.002983 bestmemit:   18.383810  -34.812276    1.000000  359.179036
Iteration: 121 bestvalit: 0.002983 bestmemit:   18.383810  -34.812276    1.000000  359.179036
Iteration: 122 bestvalit: 0.002983 bestmemit:   18.383810  -34.812276    1.000000  359.179036
Iteration: 123 bestvalit: 0.002983 bestmemit:   18.383810  -34.812276    1.000000  359.179036
Iteration: 124 bestvalit: 0.002983 bestmemit:   18.383810  -34.812276    1.000000  359.179036
Iteration: 125 bestvalit: 0.002983 bestmemit:   18.383810  -34.812276    1.000000  359.179036
Iteration: 126 bestvalit: 0.002983 bestmemit:   18.383810  -34.812276    1.000000  359.179036
Iteration: 127 bestvalit: 0.002983 bestmemit:   18.383810  -34.812276    1.000000  359.179036
Iteration: 128 bestvalit: 0.002983 bestmemit:   18.383810  -34.812276    1.000000  359.179036
Iteration: 129 bestvalit: 0.002983 bestmemit:   18.383810  -34.812276    1.000000  359.179036
Iteration: 130 bestvalit: 0.002983 bestmemit:   18.383810  -34.812276    1.000000  359.179036
Iteration: 131 bestvalit: 0.002983 bestmemit:   18.383810  -34.812276    1.000000  359.179036
Iteration: 132 bestvalit: 0.002983 bestmemit:   18.383810  -34.812276    1.000000  359.179036
Iteration: 133 bestvalit: 0.002983 bestmemit:   18.383810  -34.812276    1.000000  359.179036
Iteration: 134 bestvalit: 0.002983 bestmemit:   18.383810  -34.812276    1.000000  359.179036
Iteration: 135 bestvalit: 0.002983 bestmemit:   18.383810  -34.812276    1.000000  359.179036
Iteration: 136 bestvalit: 0.002983 bestmemit:   18.383810  -34.812276    1.000000  359.179036

***** summary of DEoptim object ***** 
best member   :  18.38381 -34.81228 1 359.179 
best value    :  0.00298 
after         :  136 generations 
fn evaluated  :  274 times 
*************************************
