SLURM_JOB_ID: 55185184
SLURM_JOB_USER: vsc34066
SLURM_JOB_ACCOUNT: lp_desenderlab
SLURM_JOB_NAME: fit_alternating_fb_trim_skip.slurm
SLURM_CLUSTER_NAME: genius
SLURM_JOB_PARTITION: batch
SLURM_ARRAY_JOB_ID: 55185173
SLURM_ARRAY_TASK_ID: 11
SLURM_NNODES: 1
SLURM_NODELIST: r23i13n07
SLURM_JOB_CPUS_PER_NODE: 8
Date: Tue Aug  8 11:36:21 CEST 2023
Walltime: 00-23:59:00
========================================================================
Iteration: 1 bestvalit: 0.005389 bestmemit:   35.121937  -50.915651    1.000000  379.315570
Iteration: 2 bestvalit: 0.005380 bestmemit:   44.376728  -13.988644    1.000000  166.112525
Iteration: 3 bestvalit: 0.005380 bestmemit:   44.376728  -13.988644    1.000000  166.112525
Iteration: 4 bestvalit: 0.004666 bestmemit:   44.376728  -13.988644    1.000000  166.112525
Iteration: 5 bestvalit: 0.004666 bestmemit:   44.376728  -13.988644    1.000000  166.112525
Iteration: 6 bestvalit: 0.004565 bestmemit:   35.121937  -78.286271    1.000000  218.979691
Iteration: 7 bestvalit: 0.004565 bestmemit:   35.121937  -78.286271    1.000000  218.979691
Iteration: 8 bestvalit: 0.004565 bestmemit:   35.121937  -78.286271    1.000000  218.979691
Iteration: 9 bestvalit: 0.004565 bestmemit:   35.121937  -78.286271    1.000000  218.979691
Iteration: 10 bestvalit: 0.004447 bestmemit:   27.324077   22.850278    1.000000  261.900369
Iteration: 11 bestvalit: 0.004117 bestmemit:   26.034186   17.811590    1.000000  259.978687
Iteration: 12 bestvalit: 0.004117 bestmemit:   26.034186   17.811590    1.000000  259.978687
Iteration: 13 bestvalit: 0.004117 bestmemit:   26.034186   17.811590    1.000000  259.978687
Iteration: 14 bestvalit: 0.004117 bestmemit:   26.034186   17.811590    1.000000  259.978687
Iteration: 15 bestvalit: 0.004117 bestmemit:   26.034186   17.811590    1.000000  259.978687
Iteration: 16 bestvalit: 0.004117 bestmemit:   26.034186   17.811590    1.000000  259.978687
Iteration: 17 bestvalit: 0.004117 bestmemit:   26.034186   17.811590    1.000000  259.978687
Iteration: 18 bestvalit: 0.004117 bestmemit:   26.034186   17.811590    1.000000  259.978687
Iteration: 19 bestvalit: 0.004117 bestmemit:   26.034186   17.811590    1.000000  259.978687
Iteration: 20 bestvalit: 0.004117 bestmemit:   26.034186   17.811590    1.000000  259.978687
Iteration: 21 bestvalit: 0.004117 bestmemit:   26.034186   17.811590    1.000000  259.978687
Iteration: 22 bestvalit: 0.004117 bestmemit:   26.034186   17.811590    1.000000  259.978687
Iteration: 23 bestvalit: 0.004117 bestmemit:   26.034186   17.811590    1.000000  259.978687
Iteration: 24 bestvalit: 0.004117 bestmemit:   26.034186   17.811590    1.000000  259.978687
Iteration: 25 bestvalit: 0.004117 bestmemit:   26.034186   17.811590    1.000000  259.978687
Iteration: 26 bestvalit: 0.004102 bestmemit:   23.880443   -8.132850    1.000000  243.116185
Iteration: 27 bestvalit: 0.004102 bestmemit:   23.880443   -8.132850    1.000000  243.116185
Iteration: 28 bestvalit: 0.003934 bestmemit:   21.789083   -6.626955    1.000000  202.870663
Iteration: 29 bestvalit: 0.003934 bestmemit:   21.789083   -6.626955    1.000000  202.870663
Iteration: 30 bestvalit: 0.003934 bestmemit:   21.789083   -6.626955    1.000000  202.870663
Iteration: 31 bestvalit: 0.003934 bestmemit:   21.789083   -6.626955    1.000000  202.870663
Iteration: 32 bestvalit: 0.003934 bestmemit:   21.789083   -6.626955    1.000000  202.870663
Iteration: 33 bestvalit: 0.003934 bestmemit:   21.789083   -6.626955    1.000000  202.870663
Iteration: 34 bestvalit: 0.003934 bestmemit:   21.789083   -6.626955    1.000000  202.870663
Iteration: 35 bestvalit: 0.003934 bestmemit:   21.789083   -6.626955    1.000000  202.870663
Iteration: 36 bestvalit: 0.003934 bestmemit:   21.789083   -6.626955    1.000000  202.870663
Iteration: 37 bestvalit: 0.003934 bestmemit:   21.789083   -6.626955    1.000000  202.870663
Iteration: 38 bestvalit: 0.003934 bestmemit:   21.789083   -6.626955    1.000000  202.870663
Iteration: 39 bestvalit: 0.003934 bestmemit:   21.789083   -6.626955    1.000000  202.870663
Iteration: 40 bestvalit: 0.003934 bestmemit:   21.789083   -6.626955    1.000000  202.870663
Iteration: 41 bestvalit: 0.003934 bestmemit:   21.789083   -6.626955    1.000000  202.870663
Iteration: 42 bestvalit: 0.003934 bestmemit:   21.789083   -6.626955    1.000000  202.870663
Iteration: 43 bestvalit: 0.003934 bestmemit:   21.789083   -6.626955    1.000000  202.870663
Iteration: 44 bestvalit: 0.003934 bestmemit:   21.789083   -6.626955    1.000000  202.870663
Iteration: 45 bestvalit: 0.003934 bestmemit:   21.789083   -6.626955    1.000000  202.870663
Iteration: 46 bestvalit: 0.003934 bestmemit:   21.789083   -6.626955    1.000000  202.870663
Iteration: 47 bestvalit: 0.003934 bestmemit:   21.789083   -6.626955    1.000000  202.870663
Iteration: 48 bestvalit: 0.003934 bestmemit:   21.789083   -6.626955    1.000000  202.870663
Iteration: 49 bestvalit: 0.003934 bestmemit:   21.789083   -6.626955    1.000000  202.870663
Iteration: 50 bestvalit: 0.003934 bestmemit:   21.789083   -6.626955    1.000000  202.870663
Iteration: 51 bestvalit: 0.003934 bestmemit:   21.789083   -6.626955    1.000000  202.870663
Iteration: 52 bestvalit: 0.003835 bestmemit:   25.689441   34.251183    1.000000  206.154034
Iteration: 53 bestvalit: 0.003835 bestmemit:   25.689441   34.251183    1.000000  206.154034
Iteration: 54 bestvalit: 0.003835 bestmemit:   25.689441   34.251183    1.000000  206.154034
Iteration: 55 bestvalit: 0.003835 bestmemit:   25.689441   34.251183    1.000000  206.154034
Iteration: 56 bestvalit: 0.003835 bestmemit:   25.689441   34.251183    1.000000  206.154034
Iteration: 57 bestvalit: 0.003835 bestmemit:   25.689441   34.251183    1.000000  206.154034
Iteration: 58 bestvalit: 0.003835 bestmemit:   25.689441   34.251183    1.000000  206.154034
Iteration: 59 bestvalit: 0.003835 bestmemit:   25.689441   34.251183    1.000000  206.154034
Iteration: 60 bestvalit: 0.003835 bestmemit:   25.689441   34.251183    1.000000  206.154034
Iteration: 61 bestvalit: 0.003835 bestmemit:   25.689441   34.251183    1.000000  206.154034
Iteration: 62 bestvalit: 0.003835 bestmemit:   25.689441   34.251183    1.000000  206.154034
Iteration: 63 bestvalit: 0.003835 bestmemit:   25.689441   34.251183    1.000000  206.154034
Iteration: 64 bestvalit: 0.003835 bestmemit:   25.689441   34.251183    1.000000  206.154034
Iteration: 65 bestvalit: 0.003835 bestmemit:   25.689441   34.251183    1.000000  206.154034
Iteration: 66 bestvalit: 0.003835 bestmemit:   25.689441   34.251183    1.000000  206.154034
Iteration: 67 bestvalit: 0.003835 bestmemit:   25.689441   34.251183    1.000000  206.154034
Iteration: 68 bestvalit: 0.003835 bestmemit:   25.689441   34.251183    1.000000  206.154034
Iteration: 69 bestvalit: 0.003835 bestmemit:   25.689441   34.251183    1.000000  206.154034
Iteration: 70 bestvalit: 0.003835 bestmemit:   25.689441   34.251183    1.000000  206.154034
Iteration: 71 bestvalit: 0.003835 bestmemit:   25.689441   34.251183    1.000000  206.154034
Iteration: 72 bestvalit: 0.003835 bestmemit:   25.689441   34.251183    1.000000  206.154034
Iteration: 73 bestvalit: 0.003835 bestmemit:   25.689441   34.251183    1.000000  206.154034
Iteration: 74 bestvalit: 0.003835 bestmemit:   25.689441   34.251183    1.000000  206.154034
Iteration: 75 bestvalit: 0.003835 bestmemit:   25.689441   34.251183    1.000000  206.154034
Iteration: 76 bestvalit: 0.003835 bestmemit:   25.689441   34.251183    1.000000  206.154034
Iteration: 77 bestvalit: 0.003835 bestmemit:   25.689441   34.251183    1.000000  206.154034
Iteration: 78 bestvalit: 0.003835 bestmemit:   25.689441   34.251183    1.000000  206.154034
Iteration: 79 bestvalit: 0.003835 bestmemit:   25.689441   34.251183    1.000000  206.154034
Iteration: 80 bestvalit: 0.003835 bestmemit:   25.689441   34.251183    1.000000  206.154034
Iteration: 81 bestvalit: 0.003835 bestmemit:   25.689441   34.251183    1.000000  206.154034
Iteration: 82 bestvalit: 0.003789 bestmemit:   30.341345   38.307789    1.000000  239.583877
Iteration: 83 bestvalit: 0.003789 bestmemit:   30.341345   38.307789    1.000000  239.583877
Iteration: 84 bestvalit: 0.003789 bestmemit:   30.341345   38.307789    1.000000  239.583877
Iteration: 85 bestvalit: 0.003789 bestmemit:   30.341345   38.307789    1.000000  239.583877
Iteration: 86 bestvalit: 0.003789 bestmemit:   30.341345   38.307789    1.000000  239.583877
Iteration: 87 bestvalit: 0.003789 bestmemit:   30.341345   38.307789    1.000000  239.583877
Iteration: 88 bestvalit: 0.003789 bestmemit:   30.341345   38.307789    1.000000  239.583877
Iteration: 89 bestvalit: 0.003789 bestmemit:   30.341345   38.307789    1.000000  239.583877
Iteration: 90 bestvalit: 0.003789 bestmemit:   30.341345   38.307789    1.000000  239.583877
Iteration: 91 bestvalit: 0.003789 bestmemit:   30.341345   38.307789    1.000000  239.583877
Iteration: 92 bestvalit: 0.003789 bestmemit:   30.341345   38.307789    1.000000  239.583877
Iteration: 93 bestvalit: 0.003789 bestmemit:   30.341345   38.307789    1.000000  239.583877
Iteration: 94 bestvalit: 0.003789 bestmemit:   30.341345   38.307789    1.000000  239.583877
Iteration: 95 bestvalit: 0.003789 bestmemit:   30.341345   38.307789    1.000000  239.583877
Iteration: 96 bestvalit: 0.003789 bestmemit:   30.341345   38.307789    1.000000  239.583877
Iteration: 97 bestvalit: 0.003789 bestmemit:   30.341345   38.307789    1.000000  239.583877
Iteration: 98 bestvalit: 0.003789 bestmemit:   30.341345   38.307789    1.000000  239.583877
Iteration: 99 bestvalit: 0.003789 bestmemit:   30.341345   38.307789    1.000000  239.583877
Iteration: 100 bestvalit: 0.003789 bestmemit:   30.341345   38.307789    1.000000  239.583877
Iteration: 101 bestvalit: 0.003789 bestmemit:   30.341345   38.307789    1.000000  239.583877
Iteration: 102 bestvalit: 0.003789 bestmemit:   30.341345   38.307789    1.000000  239.583877
Iteration: 103 bestvalit: 0.003789 bestmemit:   30.341345   38.307789    1.000000  239.583877
Iteration: 104 bestvalit: 0.003789 bestmemit:   30.341345   38.307789    1.000000  239.583877
Iteration: 105 bestvalit: 0.003789 bestmemit:   30.341345   38.307789    1.000000  239.583877
Iteration: 106 bestvalit: 0.003789 bestmemit:   30.341345   38.307789    1.000000  239.583877
Iteration: 107 bestvalit: 0.003789 bestmemit:   30.341345   38.307789    1.000000  239.583877
Iteration: 108 bestvalit: 0.003789 bestmemit:   30.341345   38.307789    1.000000  239.583877
Iteration: 109 bestvalit: 0.003789 bestmemit:   30.341345   38.307789    1.000000  239.583877
Iteration: 110 bestvalit: 0.003789 bestmemit:   30.341345   38.307789    1.000000  239.583877
Iteration: 111 bestvalit: 0.003789 bestmemit:   30.341345   38.307789    1.000000  239.583877
Iteration: 112 bestvalit: 0.003789 bestmemit:   30.341345   38.307789    1.000000  239.583877
Iteration: 113 bestvalit: 0.003754 bestmemit:   25.160972   57.778439    1.000000  243.858500
Iteration: 114 bestvalit: 0.003754 bestmemit:   25.160972   57.778439    1.000000  243.858500
Iteration: 115 bestvalit: 0.003754 bestmemit:   25.160972   57.778439    1.000000  243.858500
Iteration: 116 bestvalit: 0.003754 bestmemit:   25.160972   57.778439    1.000000  243.858500
Iteration: 117 bestvalit: 0.003754 bestmemit:   25.160972   57.778439    1.000000  243.858500
Iteration: 118 bestvalit: 0.003754 bestmemit:   25.160972   57.778439    1.000000  243.858500
Iteration: 119 bestvalit: 0.003754 bestmemit:   25.160972   57.778439    1.000000  243.858500
Iteration: 120 bestvalit: 0.003754 bestmemit:   25.160972   57.778439    1.000000  243.858500
Iteration: 121 bestvalit: 0.003754 bestmemit:   25.160972   57.778439    1.000000  243.858500
Iteration: 122 bestvalit: 0.003754 bestmemit:   25.160972   57.778439    1.000000  243.858500
Iteration: 123 bestvalit: 0.003754 bestmemit:   25.160972   57.778439    1.000000  243.858500
Iteration: 124 bestvalit: 0.003754 bestmemit:   25.160972   57.778439    1.000000  243.858500
Iteration: 125 bestvalit: 0.003754 bestmemit:   25.160972   57.778439    1.000000  243.858500
Iteration: 126 bestvalit: 0.003754 bestmemit:   25.160972   57.778439    1.000000  243.858500
Iteration: 127 bestvalit: 0.003754 bestmemit:   25.160972   57.778439    1.000000  243.858500
Iteration: 128 bestvalit: 0.003754 bestmemit:   25.160972   57.778439    1.000000  243.858500
Iteration: 129 bestvalit: 0.003754 bestmemit:   25.160972   57.778439    1.000000  243.858500
Iteration: 130 bestvalit: 0.003754 bestmemit:   25.160972   57.778439    1.000000  243.858500
Iteration: 131 bestvalit: 0.003754 bestmemit:   25.160972   57.778439    1.000000  243.858500
Iteration: 132 bestvalit: 0.003754 bestmemit:   25.160972   57.778439    1.000000  243.858500
Iteration: 133 bestvalit: 0.003754 bestmemit:   25.160972   57.778439    1.000000  243.858500
Iteration: 134 bestvalit: 0.003754 bestmemit:   25.160972   57.778439    1.000000  243.858500
Iteration: 135 bestvalit: 0.003754 bestmemit:   25.160972   57.778439    1.000000  243.858500
Iteration: 136 bestvalit: 0.003754 bestmemit:   25.160972   57.778439    1.000000  243.858500
Iteration: 137 bestvalit: 0.003754 bestmemit:   25.160972   57.778439    1.000000  243.858500
Iteration: 138 bestvalit: 0.003754 bestmemit:   25.160972   57.778439    1.000000  243.858500
Iteration: 139 bestvalit: 0.003754 bestmemit:   25.160972   57.778439    1.000000  243.858500
Iteration: 140 bestvalit: 0.003754 bestmemit:   25.160972   57.778439    1.000000  243.858500
Iteration: 141 bestvalit: 0.003754 bestmemit:   25.160972   57.778439    1.000000  243.858500
Iteration: 142 bestvalit: 0.003754 bestmemit:   25.160972   57.778439    1.000000  243.858500
Iteration: 143 bestvalit: 0.003754 bestmemit:   25.160972   57.778439    1.000000  243.858500
Iteration: 144 bestvalit: 0.003754 bestmemit:   25.160972   57.778439    1.000000  243.858500
Iteration: 145 bestvalit: 0.003754 bestmemit:   25.160972   57.778439    1.000000  243.858500
Iteration: 146 bestvalit: 0.003754 bestmemit:   25.160972   57.778439    1.000000  243.858500
Iteration: 147 bestvalit: 0.003754 bestmemit:   25.160972   57.778439    1.000000  243.858500
Iteration: 148 bestvalit: 0.003754 bestmemit:   25.160972   57.778439    1.000000  243.858500
Iteration: 149 bestvalit: 0.003754 bestmemit:   25.160972   57.778439    1.000000  243.858500
Iteration: 150 bestvalit: 0.003754 bestmemit:   25.160972   57.778439    1.000000  243.858500
Iteration: 151 bestvalit: 0.003576 bestmemit:   25.160972   57.778439    1.000000  242.634734
Iteration: 152 bestvalit: 0.003576 bestmemit:   25.160972   57.778439    1.000000  242.634734
Iteration: 153 bestvalit: 0.003576 bestmemit:   25.160972   57.778439    1.000000  242.634734
Iteration: 154 bestvalit: 0.003576 bestmemit:   25.160972   57.778439    1.000000  242.634734
Iteration: 155 bestvalit: 0.003576 bestmemit:   25.160972   57.778439    1.000000  242.634734
Iteration: 156 bestvalit: 0.003576 bestmemit:   25.160972   57.778439    1.000000  242.634734
Iteration: 157 bestvalit: 0.003576 bestmemit:   25.160972   57.778439    1.000000  242.634734
Iteration: 158 bestvalit: 0.003576 bestmemit:   25.160972   57.778439    1.000000  242.634734
Iteration: 159 bestvalit: 0.003576 bestmemit:   25.160972   57.778439    1.000000  242.634734
Iteration: 160 bestvalit: 0.003576 bestmemit:   25.160972   57.778439    1.000000  242.634734
Iteration: 161 bestvalit: 0.003576 bestmemit:   25.160972   57.778439    1.000000  242.634734
Iteration: 162 bestvalit: 0.003576 bestmemit:   25.160972   57.778439    1.000000  242.634734
Iteration: 163 bestvalit: 0.003576 bestmemit:   25.160972   57.778439    1.000000  242.634734
Iteration: 164 bestvalit: 0.003576 bestmemit:   25.160972   57.778439    1.000000  242.634734
Iteration: 165 bestvalit: 0.003576 bestmemit:   25.160972   57.778439    1.000000  242.634734
Iteration: 166 bestvalit: 0.003576 bestmemit:   25.160972   57.778439    1.000000  242.634734
Iteration: 167 bestvalit: 0.003576 bestmemit:   25.160972   57.778439    1.000000  242.634734
Iteration: 168 bestvalit: 0.003576 bestmemit:   25.160972   57.778439    1.000000  242.634734
Iteration: 169 bestvalit: 0.003576 bestmemit:   25.160972   57.778439    1.000000  242.634734
Iteration: 170 bestvalit: 0.003576 bestmemit:   25.160972   57.778439    1.000000  242.634734
Iteration: 171 bestvalit: 0.003576 bestmemit:   25.160972   57.778439    1.000000  242.634734
Iteration: 172 bestvalit: 0.003576 bestmemit:   25.160972   57.778439    1.000000  242.634734
Iteration: 173 bestvalit: 0.003576 bestmemit:   25.160972   57.778439    1.000000  242.634734
Iteration: 174 bestvalit: 0.003576 bestmemit:   25.160972   57.778439    1.000000  242.634734
Iteration: 175 bestvalit: 0.003576 bestmemit:   25.160972   57.778439    1.000000  242.634734
Iteration: 176 bestvalit: 0.003576 bestmemit:   25.160972   57.778439    1.000000  242.634734
Iteration: 177 bestvalit: 0.003576 bestmemit:   25.160972   57.778439    1.000000  242.634734
Iteration: 178 bestvalit: 0.003576 bestmemit:   25.160972   57.778439    1.000000  242.634734
Iteration: 179 bestvalit: 0.003576 bestmemit:   25.160972   57.778439    1.000000  242.634734
Iteration: 180 bestvalit: 0.003576 bestmemit:   25.160972   57.778439    1.000000  242.634734
Iteration: 181 bestvalit: 0.003576 bestmemit:   25.160972   57.778439    1.000000  242.634734
Iteration: 182 bestvalit: 0.003576 bestmemit:   25.160972   57.778439    1.000000  242.634734
Iteration: 183 bestvalit: 0.003576 bestmemit:   25.160972   57.778439    1.000000  242.634734
Iteration: 184 bestvalit: 0.003576 bestmemit:   25.160972   57.778439    1.000000  242.634734
Iteration: 185 bestvalit: 0.003576 bestmemit:   25.160972   57.778439    1.000000  242.634734
Iteration: 186 bestvalit: 0.003576 bestmemit:   25.160972   57.778439    1.000000  242.634734
Iteration: 187 bestvalit: 0.003576 bestmemit:   25.160972   57.778439    1.000000  242.634734
Iteration: 188 bestvalit: 0.003576 bestmemit:   25.160972   57.778439    1.000000  242.634734
Iteration: 189 bestvalit: 0.003576 bestmemit:   25.160972   57.778439    1.000000  242.634734
Iteration: 190 bestvalit: 0.003576 bestmemit:   25.160972   57.778439    1.000000  242.634734
Iteration: 191 bestvalit: 0.003576 bestmemit:   25.160972   57.778439    1.000000  242.634734
Iteration: 192 bestvalit: 0.003576 bestmemit:   25.160972   57.778439    1.000000  242.634734
Iteration: 193 bestvalit: 0.003576 bestmemit:   25.160972   57.778439    1.000000  242.634734
Iteration: 194 bestvalit: 0.003576 bestmemit:   25.160972   57.778439    1.000000  242.634734
Iteration: 195 bestvalit: 0.003576 bestmemit:   25.160972   57.778439    1.000000  242.634734
Iteration: 196 bestvalit: 0.003576 bestmemit:   25.160972   57.778439    1.000000  242.634734
Iteration: 197 bestvalit: 0.003576 bestmemit:   25.160972   57.778439    1.000000  242.634734
Iteration: 198 bestvalit: 0.003576 bestmemit:   25.160972   57.778439    1.000000  242.634734
Iteration: 199 bestvalit: 0.003576 bestmemit:   25.160972   57.778439    1.000000  242.634734
Iteration: 200 bestvalit: 0.003576 bestmemit:   25.160972   57.778439    1.000000  242.634734
Iteration: 201 bestvalit: 0.003576 bestmemit:   25.160972   57.778439    1.000000  242.634734
Iteration: 202 bestvalit: 0.003576 bestmemit:   25.160972   57.778439    1.000000  242.634734
Iteration: 203 bestvalit: 0.003576 bestmemit:   25.160972   57.778439    1.000000  242.634734
Iteration: 204 bestvalit: 0.003576 bestmemit:   25.160972   57.778439    1.000000  242.634734
Iteration: 205 bestvalit: 0.003576 bestmemit:   25.160972   57.778439    1.000000  242.634734
Iteration: 206 bestvalit: 0.003576 bestmemit:   25.160972   57.778439    1.000000  242.634734
Iteration: 207 bestvalit: 0.003576 bestmemit:   25.160972   57.778439    1.000000  242.634734
Iteration: 208 bestvalit: 0.003576 bestmemit:   25.160972   57.778439    1.000000  242.634734
Iteration: 209 bestvalit: 0.003576 bestmemit:   25.160972   57.778439    1.000000  242.634734
Iteration: 210 bestvalit: 0.003576 bestmemit:   25.160972   57.778439    1.000000  242.634734
Iteration: 211 bestvalit: 0.003576 bestmemit:   25.160972   57.778439    1.000000  242.634734
Iteration: 212 bestvalit: 0.003576 bestmemit:   25.160972   57.778439    1.000000  242.634734
Iteration: 213 bestvalit: 0.003576 bestmemit:   25.160972   57.778439    1.000000  242.634734
Iteration: 214 bestvalit: 0.003576 bestmemit:   25.160972   57.778439    1.000000  242.634734
Iteration: 215 bestvalit: 0.003576 bestmemit:   25.160972   57.778439    1.000000  242.634734
Iteration: 216 bestvalit: 0.003576 bestmemit:   25.160972   57.778439    1.000000  242.634734
Iteration: 217 bestvalit: 0.003576 bestmemit:   25.160972   57.778439    1.000000  242.634734
Iteration: 218 bestvalit: 0.003576 bestmemit:   25.160972   57.778439    1.000000  242.634734
Iteration: 219 bestvalit: 0.003576 bestmemit:   25.160972   57.778439    1.000000  242.634734
Iteration: 220 bestvalit: 0.003576 bestmemit:   25.160972   57.778439    1.000000  242.634734
Iteration: 221 bestvalit: 0.003576 bestmemit:   25.160972   57.778439    1.000000  242.634734
Iteration: 222 bestvalit: 0.003576 bestmemit:   25.160972   57.778439    1.000000  242.634734

***** summary of DEoptim object ***** 
best member   :  25.16097 57.77844 1 242.6347 
best value    :  0.00358 
after         :  222 generations 
fn evaluated  :  446 times 
*************************************
