SLURM_JOB_ID: 55185246
SLURM_JOB_USER: vsc34066
SLURM_JOB_ACCOUNT: lp_desenderlab
SLURM_JOB_NAME: fit_alternating_fb_trim_skip.slurm
SLURM_CLUSTER_NAME: genius
SLURM_JOB_PARTITION: batch
SLURM_ARRAY_JOB_ID: 55185173
SLURM_ARRAY_TASK_ID: 73
SLURM_NNODES: 1
SLURM_NODELIST: r25i27n15
SLURM_JOB_CPUS_PER_NODE: 8
Date: Tue Aug  8 11:36:27 CEST 2023
Walltime: 00-23:59:00
========================================================================
Iteration: 1 bestvalit: 0.009411 bestmemit:   18.376096   84.840607    1.000000  490.943771
Iteration: 2 bestvalit: 0.009225 bestmemit:   36.605716   26.407239    1.000000  505.224029
Iteration: 3 bestvalit: 0.004335 bestmemit:   35.978885  -71.307644    1.000000  239.010738
Iteration: 4 bestvalit: 0.004335 bestmemit:   35.978885  -71.307644    1.000000  239.010738
Iteration: 5 bestvalit: 0.004335 bestmemit:   35.978885  -71.307644    1.000000  239.010738
Iteration: 6 bestvalit: 0.004335 bestmemit:   35.978885  -71.307644    1.000000  239.010738
Iteration: 7 bestvalit: 0.004335 bestmemit:   35.978885  -71.307644    1.000000  239.010738
Iteration: 8 bestvalit: 0.004335 bestmemit:   35.978885  -71.307644    1.000000  239.010738
Iteration: 9 bestvalit: 0.004335 bestmemit:   35.978885  -71.307644    1.000000  239.010738
Iteration: 10 bestvalit: 0.004335 bestmemit:   35.978885  -71.307644    1.000000  239.010738
Iteration: 11 bestvalit: 0.004210 bestmemit:    8.655848   11.522091    1.000000  258.228411
Iteration: 12 bestvalit: 0.004210 bestmemit:    8.655848   11.522091    1.000000  258.228411
Iteration: 13 bestvalit: 0.004210 bestmemit:    8.655848   11.522091    1.000000  258.228411
Iteration: 14 bestvalit: 0.003841 bestmemit:   35.978885  -37.140890    1.000000  239.010738
Iteration: 15 bestvalit: 0.003841 bestmemit:   35.978885  -37.140890    1.000000  239.010738
Iteration: 16 bestvalit: 0.003841 bestmemit:   35.978885  -37.140890    1.000000  239.010738
Iteration: 17 bestvalit: 0.003841 bestmemit:   35.978885  -37.140890    1.000000  239.010738
Iteration: 18 bestvalit: 0.003841 bestmemit:   35.978885  -37.140890    1.000000  239.010738
Iteration: 19 bestvalit: 0.003841 bestmemit:   35.978885  -37.140890    1.000000  239.010738
Iteration: 20 bestvalit: 0.003841 bestmemit:   35.978885  -37.140890    1.000000  239.010738
Iteration: 21 bestvalit: 0.003841 bestmemit:   35.978885  -37.140890    1.000000  239.010738
Iteration: 22 bestvalit: 0.003841 bestmemit:   35.978885  -37.140890    1.000000  239.010738
Iteration: 23 bestvalit: 0.003841 bestmemit:   35.978885  -37.140890    1.000000  239.010738
Iteration: 24 bestvalit: 0.003841 bestmemit:   35.978885  -37.140890    1.000000  239.010738
Iteration: 25 bestvalit: 0.003841 bestmemit:   35.978885  -37.140890    1.000000  239.010738
Iteration: 26 bestvalit: 0.003841 bestmemit:   35.978885  -37.140890    1.000000  239.010738
Iteration: 27 bestvalit: 0.003841 bestmemit:   35.978885  -37.140890    1.000000  239.010738
Iteration: 28 bestvalit: 0.003841 bestmemit:   35.978885  -37.140890    1.000000  239.010738
Iteration: 29 bestvalit: 0.003841 bestmemit:   35.978885  -37.140890    1.000000  239.010738
Iteration: 30 bestvalit: 0.003841 bestmemit:   35.978885  -37.140890    1.000000  239.010738
Iteration: 31 bestvalit: 0.003671 bestmemit:   22.714220  -53.343175    1.000000  247.110130
Iteration: 32 bestvalit: 0.003671 bestmemit:   22.714220  -53.343175    1.000000  247.110130
Iteration: 33 bestvalit: 0.003671 bestmemit:   22.714220  -53.343175    1.000000  247.110130
Iteration: 34 bestvalit: 0.003671 bestmemit:   22.714220  -53.343175    1.000000  247.110130
Iteration: 35 bestvalit: 0.003671 bestmemit:   22.714220  -53.343175    1.000000  247.110130
Iteration: 36 bestvalit: 0.003671 bestmemit:   22.714220  -53.343175    1.000000  247.110130
Iteration: 37 bestvalit: 0.003671 bestmemit:   22.714220  -53.343175    1.000000  247.110130
Iteration: 38 bestvalit: 0.003671 bestmemit:   22.714220  -53.343175    1.000000  247.110130
Iteration: 39 bestvalit: 0.003671 bestmemit:   22.714220  -53.343175    1.000000  247.110130
Iteration: 40 bestvalit: 0.003671 bestmemit:   22.714220  -53.343175    1.000000  247.110130
Iteration: 41 bestvalit: 0.003671 bestmemit:   22.714220  -53.343175    1.000000  247.110130
Iteration: 42 bestvalit: 0.003671 bestmemit:   22.714220  -53.343175    1.000000  247.110130
Iteration: 43 bestvalit: 0.003671 bestmemit:   22.714220  -53.343175    1.000000  247.110130
Iteration: 44 bestvalit: 0.003671 bestmemit:   22.714220  -53.343175    1.000000  247.110130
Iteration: 45 bestvalit: 0.003671 bestmemit:   22.714220  -53.343175    1.000000  247.110130
Iteration: 46 bestvalit: 0.003671 bestmemit:   22.714220  -53.343175    1.000000  247.110130
Iteration: 47 bestvalit: 0.003671 bestmemit:   22.714220  -53.343175    1.000000  247.110130
Iteration: 48 bestvalit: 0.003671 bestmemit:   22.714220  -53.343175    1.000000  247.110130
Iteration: 49 bestvalit: 0.003671 bestmemit:   22.714220  -53.343175    1.000000  247.110130
Iteration: 50 bestvalit: 0.003671 bestmemit:   22.714220  -53.343175    1.000000  247.110130
Iteration: 51 bestvalit: 0.003671 bestmemit:   22.714220  -53.343175    1.000000  247.110130
Iteration: 52 bestvalit: 0.003671 bestmemit:   22.714220  -53.343175    1.000000  247.110130
Iteration: 53 bestvalit: 0.003671 bestmemit:   22.714220  -53.343175    1.000000  247.110130
Iteration: 54 bestvalit: 0.003671 bestmemit:   22.714220  -53.343175    1.000000  247.110130
Iteration: 55 bestvalit: 0.003604 bestmemit:   20.730690  -53.934189    1.000000  246.306560
Iteration: 56 bestvalit: 0.003604 bestmemit:   20.730690  -53.934189    1.000000  246.306560
Iteration: 57 bestvalit: 0.003604 bestmemit:   20.730690  -53.934189    1.000000  246.306560
Iteration: 58 bestvalit: 0.003604 bestmemit:   20.730690  -53.934189    1.000000  246.306560
Iteration: 59 bestvalit: 0.003604 bestmemit:   20.730690  -53.934189    1.000000  246.306560
Iteration: 60 bestvalit: 0.003604 bestmemit:   20.730690  -53.934189    1.000000  246.306560
Iteration: 61 bestvalit: 0.003604 bestmemit:   20.730690  -53.934189    1.000000  246.306560
Iteration: 62 bestvalit: 0.003604 bestmemit:   20.730690  -53.934189    1.000000  246.306560
Iteration: 63 bestvalit: 0.003604 bestmemit:   20.730690  -53.934189    1.000000  246.306560
Iteration: 64 bestvalit: 0.003604 bestmemit:   20.730690  -53.934189    1.000000  246.306560
Iteration: 65 bestvalit: 0.003604 bestmemit:   20.730690  -53.934189    1.000000  246.306560
Iteration: 66 bestvalit: 0.003604 bestmemit:   20.730690  -53.934189    1.000000  246.306560
Iteration: 67 bestvalit: 0.003604 bestmemit:   20.730690  -53.934189    1.000000  246.306560
Iteration: 68 bestvalit: 0.003604 bestmemit:   20.730690  -53.934189    1.000000  246.306560
Iteration: 69 bestvalit: 0.003604 bestmemit:   20.730690  -53.934189    1.000000  246.306560
Iteration: 70 bestvalit: 0.003604 bestmemit:   20.730690  -53.934189    1.000000  246.306560
Iteration: 71 bestvalit: 0.003604 bestmemit:   20.730690  -53.934189    1.000000  246.306560
Iteration: 72 bestvalit: 0.003604 bestmemit:   20.730690  -53.934189    1.000000  246.306560
Iteration: 73 bestvalit: 0.003604 bestmemit:   20.730690  -53.934189    1.000000  246.306560
Iteration: 74 bestvalit: 0.003604 bestmemit:   20.730690  -53.934189    1.000000  246.306560
Iteration: 75 bestvalit: 0.003604 bestmemit:   20.730690  -53.934189    1.000000  246.306560
Iteration: 76 bestvalit: 0.003604 bestmemit:   20.730690  -53.934189    1.000000  246.306560
Iteration: 77 bestvalit: 0.003604 bestmemit:   20.730690  -53.934189    1.000000  246.306560
Iteration: 78 bestvalit: 0.003604 bestmemit:   20.730690  -53.934189    1.000000  246.306560
Iteration: 79 bestvalit: 0.003604 bestmemit:   20.730690  -53.934189    1.000000  246.306560
Iteration: 80 bestvalit: 0.003604 bestmemit:   20.730690  -53.934189    1.000000  246.306560
Iteration: 81 bestvalit: 0.003604 bestmemit:   20.730690  -53.934189    1.000000  246.306560
Iteration: 82 bestvalit: 0.003604 bestmemit:   20.730690  -53.934189    1.000000  246.306560
Iteration: 83 bestvalit: 0.003604 bestmemit:   20.730690  -53.934189    1.000000  246.306560
Iteration: 84 bestvalit: 0.003604 bestmemit:   20.730690  -53.934189    1.000000  246.306560
Iteration: 85 bestvalit: 0.003604 bestmemit:   20.730690  -53.934189    1.000000  246.306560
Iteration: 86 bestvalit: 0.003604 bestmemit:   20.730690  -53.934189    1.000000  246.306560
Iteration: 87 bestvalit: 0.003604 bestmemit:   20.730690  -53.934189    1.000000  246.306560
Iteration: 88 bestvalit: 0.003604 bestmemit:   20.730690  -53.934189    1.000000  246.306560
Iteration: 89 bestvalit: 0.003604 bestmemit:   20.730690  -53.934189    1.000000  246.306560
Iteration: 90 bestvalit: 0.003604 bestmemit:   20.730690  -53.934189    1.000000  246.306560
Iteration: 91 bestvalit: 0.003604 bestmemit:   20.730690  -53.934189    1.000000  246.306560
Iteration: 92 bestvalit: 0.003604 bestmemit:   20.730690  -53.934189    1.000000  246.306560
Iteration: 93 bestvalit: 0.003604 bestmemit:   20.730690  -53.934189    1.000000  246.306560
Iteration: 94 bestvalit: 0.003604 bestmemit:   20.730690  -53.934189    1.000000  246.306560
Iteration: 95 bestvalit: 0.003604 bestmemit:   20.730690  -53.934189    1.000000  246.306560
Iteration: 96 bestvalit: 0.003604 bestmemit:   20.730690  -53.934189    1.000000  246.306560
Iteration: 97 bestvalit: 0.003604 bestmemit:   20.730690  -53.934189    1.000000  246.306560
Iteration: 98 bestvalit: 0.003604 bestmemit:   20.730690  -53.934189    1.000000  246.306560
Iteration: 99 bestvalit: 0.003604 bestmemit:   20.730690  -53.934189    1.000000  246.306560
Iteration: 100 bestvalit: 0.003604 bestmemit:   20.730690  -53.934189    1.000000  246.306560
Iteration: 101 bestvalit: 0.003604 bestmemit:   20.730690  -53.934189    1.000000  246.306560
Iteration: 102 bestvalit: 0.003604 bestmemit:   20.730690  -53.934189    1.000000  246.306560
Iteration: 103 bestvalit: 0.003604 bestmemit:   20.730690  -53.934189    1.000000  246.306560
Iteration: 104 bestvalit: 0.003604 bestmemit:   20.730690  -53.934189    1.000000  246.306560
Iteration: 105 bestvalit: 0.003604 bestmemit:   20.730690  -53.934189    1.000000  246.306560
Iteration: 106 bestvalit: 0.003604 bestmemit:   20.730690  -53.934189    1.000000  246.306560
Iteration: 107 bestvalit: 0.003604 bestmemit:   20.730690  -53.934189    1.000000  246.306560
Iteration: 108 bestvalit: 0.003604 bestmemit:   20.730690  -53.934189    1.000000  246.306560
Iteration: 109 bestvalit: 0.003604 bestmemit:   20.730690  -53.934189    1.000000  246.306560
Iteration: 110 bestvalit: 0.003604 bestmemit:   20.730690  -53.934189    1.000000  246.306560
Iteration: 111 bestvalit: 0.003604 bestmemit:   20.730690  -53.934189    1.000000  246.306560
Iteration: 112 bestvalit: 0.003604 bestmemit:   20.730690  -53.934189    1.000000  246.306560
Iteration: 113 bestvalit: 0.003604 bestmemit:   20.730690  -53.934189    1.000000  246.306560
Iteration: 114 bestvalit: 0.003604 bestmemit:   20.730690  -53.934189    1.000000  246.306560
Iteration: 115 bestvalit: 0.003604 bestmemit:   20.730690  -53.934189    1.000000  246.306560
Iteration: 116 bestvalit: 0.003604 bestmemit:   20.730690  -53.934189    1.000000  246.306560
Iteration: 117 bestvalit: 0.003604 bestmemit:   20.730690  -53.934189    1.000000  246.306560
Iteration: 118 bestvalit: 0.003604 bestmemit:   20.730690  -53.934189    1.000000  246.306560
Iteration: 119 bestvalit: 0.003604 bestmemit:   20.730690  -53.934189    1.000000  246.306560
Iteration: 120 bestvalit: 0.003604 bestmemit:   20.730690  -53.934189    1.000000  246.306560
Iteration: 121 bestvalit: 0.003604 bestmemit:   20.730690  -53.934189    1.000000  246.306560
Iteration: 122 bestvalit: 0.003604 bestmemit:   20.730690  -53.934189    1.000000  246.306560
Iteration: 123 bestvalit: 0.003604 bestmemit:   20.730690  -53.934189    1.000000  246.306560
Iteration: 124 bestvalit: 0.003604 bestmemit:   20.730690  -53.934189    1.000000  246.306560
Iteration: 125 bestvalit: 0.003604 bestmemit:   20.730690  -53.934189    1.000000  246.306560
Iteration: 126 bestvalit: 0.003604 bestmemit:   20.730690  -53.934189    1.000000  246.306560

***** summary of DEoptim object ***** 
best member   :  20.73069 -53.93419 1 246.3066 
best value    :  0.0036 
after         :  126 generations 
fn evaluated  :  254 times 
*************************************
