SLURM_JOB_ID: 55185209
SLURM_JOB_USER: vsc34066
SLURM_JOB_ACCOUNT: lp_desenderlab
SLURM_JOB_NAME: fit_alternating_fb_trim_skip.slurm
SLURM_CLUSTER_NAME: genius
SLURM_JOB_PARTITION: batch
SLURM_ARRAY_JOB_ID: 55185173
SLURM_ARRAY_TASK_ID: 36
SLURM_NNODES: 1
SLURM_NODELIST: r27i27n01
SLURM_JOB_CPUS_PER_NODE: 8
Date: Tue Aug  8 11:36:16 CEST 2023
Walltime: 00-23:59:00
========================================================================
Iteration: 1 bestvalit: 0.007742 bestmemit:    8.209138  -52.731235    1.000000  303.527157
Iteration: 2 bestvalit: 0.006698 bestmemit:   17.874036  -52.731235    1.000000  303.527157
Iteration: 3 bestvalit: 0.006395 bestmemit:   20.626462   28.943104    1.000000  206.662030
Iteration: 4 bestvalit: 0.006395 bestmemit:   20.626462   28.943104    1.000000  206.662030
Iteration: 5 bestvalit: 0.006395 bestmemit:   20.626462   28.943104    1.000000  206.662030
Iteration: 6 bestvalit: 0.005767 bestmemit:    0.102145   66.129849    1.000000  206.662030
Iteration: 7 bestvalit: 0.005767 bestmemit:    0.102145   66.129849    1.000000  206.662030
Iteration: 8 bestvalit: 0.005767 bestmemit:    0.102145   66.129849    1.000000  206.662030
Iteration: 9 bestvalit: 0.005767 bestmemit:    0.102145   66.129849    1.000000  206.662030
Iteration: 10 bestvalit: 0.005767 bestmemit:    0.102145   66.129849    1.000000  206.662030
Iteration: 11 bestvalit: 0.005767 bestmemit:    0.102145   66.129849    1.000000  206.662030
Iteration: 12 bestvalit: 0.005767 bestmemit:    0.102145   66.129849    1.000000  206.662030
Iteration: 13 bestvalit: 0.005767 bestmemit:    0.102145   66.129849    1.000000  206.662030
Iteration: 14 bestvalit: 0.005767 bestmemit:    0.102145   66.129849    1.000000  206.662030
Iteration: 15 bestvalit: 0.005767 bestmemit:    0.102145   66.129849    1.000000  206.662030
Iteration: 16 bestvalit: 0.005732 bestmemit:   22.266612   26.200343    1.000000  271.723534
Iteration: 17 bestvalit: 0.005732 bestmemit:   22.266612   26.200343    1.000000  271.723534
Iteration: 18 bestvalit: 0.005732 bestmemit:   22.266612   26.200343    1.000000  271.723534
Iteration: 19 bestvalit: 0.005732 bestmemit:   22.266612   26.200343    1.000000  271.723534
Iteration: 20 bestvalit: 0.005732 bestmemit:   22.266612   26.200343    1.000000  271.723534
Iteration: 21 bestvalit: 0.005732 bestmemit:   22.266612   26.200343    1.000000  271.723534
Iteration: 22 bestvalit: 0.005722 bestmemit:   24.621788  -25.589953    1.000000  226.859962
Iteration: 23 bestvalit: 0.005722 bestmemit:   24.621788  -25.589953    1.000000  226.859962
Iteration: 24 bestvalit: 0.005722 bestmemit:   24.621788  -25.589953    1.000000  226.859962
Iteration: 25 bestvalit: 0.005722 bestmemit:   24.621788  -25.589953    1.000000  226.859962
Iteration: 26 bestvalit: 0.005722 bestmemit:   24.621788  -25.589953    1.000000  226.859962
Iteration: 27 bestvalit: 0.005530 bestmemit:   36.796937  -46.814689    1.000000  249.176051
Iteration: 28 bestvalit: 0.005530 bestmemit:   36.796937  -46.814689    1.000000  249.176051
Iteration: 29 bestvalit: 0.005530 bestmemit:   36.796937  -46.814689    1.000000  249.176051
Iteration: 30 bestvalit: 0.005530 bestmemit:   36.796937  -46.814689    1.000000  249.176051
Iteration: 31 bestvalit: 0.005530 bestmemit:   36.796937  -46.814689    1.000000  249.176051
Iteration: 32 bestvalit: 0.005530 bestmemit:   36.796937  -46.814689    1.000000  249.176051
Iteration: 33 bestvalit: 0.005530 bestmemit:   36.796937  -46.814689    1.000000  249.176051
Iteration: 34 bestvalit: 0.005530 bestmemit:   36.796937  -46.814689    1.000000  249.176051
Iteration: 35 bestvalit: 0.005530 bestmemit:   36.796937  -46.814689    1.000000  249.176051
Iteration: 36 bestvalit: 0.005294 bestmemit:   21.237783   89.470037    1.000000  280.318340
Iteration: 37 bestvalit: 0.005083 bestmemit:   21.237783   26.314560    1.000000  280.318340
Iteration: 38 bestvalit: 0.005083 bestmemit:   21.237783   26.314560    1.000000  280.318340
Iteration: 39 bestvalit: 0.005083 bestmemit:   21.237783   26.314560    1.000000  280.318340
Iteration: 40 bestvalit: 0.005083 bestmemit:   21.237783   26.314560    1.000000  280.318340
Iteration: 41 bestvalit: 0.005083 bestmemit:   21.237783   26.314560    1.000000  280.318340
Iteration: 42 bestvalit: 0.005083 bestmemit:   21.237783   26.314560    1.000000  280.318340
Iteration: 43 bestvalit: 0.005083 bestmemit:   21.237783   26.314560    1.000000  280.318340
Iteration: 44 bestvalit: 0.005083 bestmemit:   21.237783   26.314560    1.000000  280.318340
Iteration: 45 bestvalit: 0.005083 bestmemit:   21.237783   26.314560    1.000000  280.318340
Iteration: 46 bestvalit: 0.005083 bestmemit:   21.237783   26.314560    1.000000  280.318340
Iteration: 47 bestvalit: 0.005083 bestmemit:   21.237783   26.314560    1.000000  280.318340
Iteration: 48 bestvalit: 0.005083 bestmemit:   21.237783   26.314560    1.000000  280.318340
Iteration: 49 bestvalit: 0.005083 bestmemit:   21.237783   26.314560    1.000000  280.318340
Iteration: 50 bestvalit: 0.005083 bestmemit:   21.237783   26.314560    1.000000  280.318340
Iteration: 51 bestvalit: 0.005083 bestmemit:   21.237783   26.314560    1.000000  280.318340
Iteration: 52 bestvalit: 0.005083 bestmemit:   21.237783   26.314560    1.000000  280.318340
Iteration: 53 bestvalit: 0.005083 bestmemit:   21.237783   26.314560    1.000000  280.318340
Iteration: 54 bestvalit: 0.005083 bestmemit:   21.237783   26.314560    1.000000  280.318340
Iteration: 55 bestvalit: 0.005083 bestmemit:   21.237783   26.314560    1.000000  280.318340
Iteration: 56 bestvalit: 0.005083 bestmemit:   21.237783   26.314560    1.000000  280.318340
Iteration: 57 bestvalit: 0.004894 bestmemit:   30.348465   67.721340    1.000000  268.299410
Iteration: 58 bestvalit: 0.004894 bestmemit:   30.348465   67.721340    1.000000  268.299410
Iteration: 59 bestvalit: 0.004894 bestmemit:   30.348465   67.721340    1.000000  268.299410
Iteration: 60 bestvalit: 0.004894 bestmemit:   30.348465   67.721340    1.000000  268.299410
Iteration: 61 bestvalit: 0.004894 bestmemit:   30.348465   67.721340    1.000000  268.299410
Iteration: 62 bestvalit: 0.004894 bestmemit:   30.348465   67.721340    1.000000  268.299410
Iteration: 63 bestvalit: 0.004894 bestmemit:   30.348465   67.721340    1.000000  268.299410
Iteration: 64 bestvalit: 0.004894 bestmemit:   30.348465   67.721340    1.000000  268.299410
Iteration: 65 bestvalit: 0.004866 bestmemit:   23.814533   -2.738708    1.000000  271.290225
Iteration: 66 bestvalit: 0.004866 bestmemit:   23.814533   -2.738708    1.000000  271.290225
Iteration: 67 bestvalit: 0.004866 bestmemit:   23.814533   -2.738708    1.000000  271.290225
Iteration: 68 bestvalit: 0.004866 bestmemit:   23.814533   -2.738708    1.000000  271.290225
Iteration: 69 bestvalit: 0.004866 bestmemit:   23.814533   -2.738708    1.000000  271.290225
Iteration: 70 bestvalit: 0.004866 bestmemit:   23.814533   -2.738708    1.000000  271.290225
Iteration: 71 bestvalit: 0.004866 bestmemit:   23.814533   -2.738708    1.000000  271.290225
Iteration: 72 bestvalit: 0.004866 bestmemit:   23.814533   -2.738708    1.000000  271.290225
Iteration: 73 bestvalit: 0.004866 bestmemit:   23.814533   -2.738708    1.000000  271.290225
Iteration: 74 bestvalit: 0.004866 bestmemit:   23.814533   -2.738708    1.000000  271.290225
Iteration: 75 bestvalit: 0.004866 bestmemit:   23.814533   -2.738708    1.000000  271.290225
Iteration: 76 bestvalit: 0.004866 bestmemit:   23.814533   -2.738708    1.000000  271.290225
Iteration: 77 bestvalit: 0.004866 bestmemit:   23.814533   -2.738708    1.000000  271.290225
Iteration: 78 bestvalit: 0.004866 bestmemit:   23.814533   -2.738708    1.000000  271.290225
Iteration: 79 bestvalit: 0.004866 bestmemit:   23.814533   -2.738708    1.000000  271.290225
Iteration: 80 bestvalit: 0.004866 bestmemit:   23.814533   -2.738708    1.000000  271.290225
Iteration: 81 bestvalit: 0.004866 bestmemit:   23.814533   -2.738708    1.000000  271.290225
Iteration: 82 bestvalit: 0.004866 bestmemit:   23.814533   -2.738708    1.000000  271.290225
Iteration: 83 bestvalit: 0.004866 bestmemit:   23.814533   -2.738708    1.000000  271.290225
Iteration: 84 bestvalit: 0.004866 bestmemit:   23.814533   -2.738708    1.000000  271.290225
Iteration: 85 bestvalit: 0.004866 bestmemit:   23.814533   -2.738708    1.000000  271.290225
Iteration: 86 bestvalit: 0.004866 bestmemit:   23.814533   -2.738708    1.000000  271.290225
Iteration: 87 bestvalit: 0.004866 bestmemit:   23.814533   -2.738708    1.000000  271.290225
Iteration: 88 bestvalit: 0.004866 bestmemit:   23.814533   -2.738708    1.000000  271.290225
Iteration: 89 bestvalit: 0.004866 bestmemit:   23.814533   -2.738708    1.000000  271.290225
Iteration: 90 bestvalit: 0.004866 bestmemit:   23.814533   -2.738708    1.000000  271.290225
Iteration: 91 bestvalit: 0.004866 bestmemit:   23.814533   -2.738708    1.000000  271.290225
Iteration: 92 bestvalit: 0.004866 bestmemit:   23.814533   -2.738708    1.000000  271.290225
Iteration: 93 bestvalit: 0.004866 bestmemit:   23.814533   -2.738708    1.000000  271.290225
Iteration: 94 bestvalit: 0.004866 bestmemit:   23.814533   -2.738708    1.000000  271.290225
Iteration: 95 bestvalit: 0.004866 bestmemit:   23.814533   -2.738708    1.000000  271.290225
Iteration: 96 bestvalit: 0.004866 bestmemit:   23.814533   -2.738708    1.000000  271.290225
Iteration: 97 bestvalit: 0.004866 bestmemit:   23.814533   -2.738708    1.000000  271.290225
Iteration: 98 bestvalit: 0.004866 bestmemit:   23.814533   -2.738708    1.000000  271.290225
Iteration: 99 bestvalit: 0.004866 bestmemit:   23.814533   -2.738708    1.000000  271.290225
Iteration: 100 bestvalit: 0.004866 bestmemit:   23.814533   -2.738708    1.000000  271.290225
Iteration: 101 bestvalit: 0.004866 bestmemit:   23.814533   -2.738708    1.000000  271.290225
Iteration: 102 bestvalit: 0.004866 bestmemit:   23.814533   -2.738708    1.000000  271.290225
Iteration: 103 bestvalit: 0.004866 bestmemit:   23.814533   -2.738708    1.000000  271.290225
Iteration: 104 bestvalit: 0.004866 bestmemit:   23.814533   -2.738708    1.000000  271.290225
Iteration: 105 bestvalit: 0.004866 bestmemit:   23.814533   -2.738708    1.000000  271.290225
Iteration: 106 bestvalit: 0.004866 bestmemit:   23.814533   -2.738708    1.000000  271.290225
Iteration: 107 bestvalit: 0.004866 bestmemit:   23.814533   -2.738708    1.000000  271.290225
Iteration: 108 bestvalit: 0.004866 bestmemit:   23.814533   -2.738708    1.000000  271.290225
Iteration: 109 bestvalit: 0.004866 bestmemit:   23.814533   -2.738708    1.000000  271.290225
Iteration: 110 bestvalit: 0.004866 bestmemit:   23.814533   -2.738708    1.000000  271.290225
Iteration: 111 bestvalit: 0.004866 bestmemit:   23.814533   -2.738708    1.000000  271.290225
Iteration: 112 bestvalit: 0.004866 bestmemit:   23.814533   -2.738708    1.000000  271.290225
Iteration: 113 bestvalit: 0.004866 bestmemit:   23.814533   -2.738708    1.000000  271.290225
Iteration: 114 bestvalit: 0.004866 bestmemit:   23.814533   -2.738708    1.000000  271.290225
Iteration: 115 bestvalit: 0.004866 bestmemit:   23.814533   -2.738708    1.000000  271.290225
Iteration: 116 bestvalit: 0.004866 bestmemit:   23.814533   -2.738708    1.000000  271.290225
Iteration: 117 bestvalit: 0.004866 bestmemit:   23.814533   -2.738708    1.000000  271.290225
Iteration: 118 bestvalit: 0.004866 bestmemit:   23.814533   -2.738708    1.000000  271.290225
Iteration: 119 bestvalit: 0.004866 bestmemit:   23.814533   -2.738708    1.000000  271.290225
Iteration: 120 bestvalit: 0.004866 bestmemit:   23.814533   -2.738708    1.000000  271.290225
Iteration: 121 bestvalit: 0.004866 bestmemit:   23.814533   -2.738708    1.000000  271.290225
Iteration: 122 bestvalit: 0.004866 bestmemit:   23.814533   -2.738708    1.000000  271.290225
Iteration: 123 bestvalit: 0.004866 bestmemit:   23.814533   -2.738708    1.000000  271.290225
Iteration: 124 bestvalit: 0.004866 bestmemit:   23.814533   -2.738708    1.000000  271.290225
Iteration: 125 bestvalit: 0.004866 bestmemit:   23.814533   -2.738708    1.000000  271.290225
Iteration: 126 bestvalit: 0.004866 bestmemit:   23.814533   -2.738708    1.000000  271.290225
Iteration: 127 bestvalit: 0.004866 bestmemit:   23.814533   -2.738708    1.000000  271.290225
Iteration: 128 bestvalit: 0.004866 bestmemit:   23.814533   -2.738708    1.000000  271.290225
Iteration: 129 bestvalit: 0.004866 bestmemit:   23.814533   -2.738708    1.000000  271.290225
Iteration: 130 bestvalit: 0.004866 bestmemit:   23.814533   -2.738708    1.000000  271.290225
Iteration: 131 bestvalit: 0.004866 bestmemit:   23.814533   -2.738708    1.000000  271.290225
Iteration: 132 bestvalit: 0.004866 bestmemit:   23.814533   -2.738708    1.000000  271.290225
Iteration: 133 bestvalit: 0.004866 bestmemit:   23.814533   -2.738708    1.000000  271.290225
Iteration: 134 bestvalit: 0.004866 bestmemit:   23.814533   -2.738708    1.000000  271.290225
Iteration: 135 bestvalit: 0.004866 bestmemit:   23.814533   -2.738708    1.000000  271.290225
Iteration: 136 bestvalit: 0.004866 bestmemit:   23.814533   -2.738708    1.000000  271.290225

***** summary of DEoptim object ***** 
best member   :  23.81453 -2.73871 1 271.2902 
best value    :  0.00487 
after         :  136 generations 
fn evaluated  :  274 times 
*************************************
