SLURM_JOB_ID: 55185255
SLURM_JOB_USER: vsc34066
SLURM_JOB_ACCOUNT: lp_desenderlab
SLURM_JOB_NAME: fit_alternating_fb_trim_skip.slurm
SLURM_CLUSTER_NAME: genius
SLURM_JOB_PARTITION: batch
SLURM_ARRAY_JOB_ID: 55185173
SLURM_ARRAY_TASK_ID: 82
SLURM_NNODES: 1
SLURM_NODELIST: r25i27n17
SLURM_JOB_CPUS_PER_NODE: 8
Date: Tue Aug  8 11:36:18 CEST 2023
Walltime: 00-23:59:00
========================================================================
Iteration: 1 bestvalit: 0.007662 bestmemit:   18.719866   -9.864584    1.000000  270.331902
Iteration: 2 bestvalit: 0.007662 bestmemit:   18.719866   -9.864584    1.000000  270.331902
Iteration: 3 bestvalit: 0.007429 bestmemit:   23.105934   92.061646    1.000000  308.567445
Iteration: 4 bestvalit: 0.007044 bestmemit:   31.521911   36.468151    1.000000  322.541706
Iteration: 5 bestvalit: 0.006256 bestmemit:   42.085311   -9.864584    1.000000  270.331902
Iteration: 6 bestvalit: 0.006125 bestmemit:   27.406345   -9.864584    1.000000  270.331902
Iteration: 7 bestvalit: 0.006125 bestmemit:   27.406345   -9.864584    1.000000  270.331902
Iteration: 8 bestvalit: 0.005636 bestmemit:   27.406345  -95.269089    1.000000  270.331902
Iteration: 9 bestvalit: 0.005341 bestmemit:   25.197085   33.515607    1.000000  270.331902
Iteration: 10 bestvalit: 0.005341 bestmemit:   25.197085   33.515607    1.000000  270.331902
Iteration: 11 bestvalit: 0.005341 bestmemit:   25.197085   33.515607    1.000000  270.331902
Iteration: 12 bestvalit: 0.005341 bestmemit:   25.197085   33.515607    1.000000  270.331902
Iteration: 13 bestvalit: 0.005341 bestmemit:   25.197085   33.515607    1.000000  270.331902
Iteration: 14 bestvalit: 0.005341 bestmemit:   25.197085   33.515607    1.000000  270.331902
Iteration: 15 bestvalit: 0.005341 bestmemit:   25.197085   33.515607    1.000000  270.331902
Iteration: 16 bestvalit: 0.005341 bestmemit:   25.197085   33.515607    1.000000  270.331902
Iteration: 17 bestvalit: 0.005341 bestmemit:   25.197085   33.515607    1.000000  270.331902
Iteration: 18 bestvalit: 0.005341 bestmemit:   25.197085   33.515607    1.000000  270.331902
Iteration: 19 bestvalit: 0.005341 bestmemit:   25.197085   33.515607    1.000000  270.331902
Iteration: 20 bestvalit: 0.005341 bestmemit:   25.197085   33.515607    1.000000  270.331902
Iteration: 21 bestvalit: 0.005341 bestmemit:   25.197085   33.515607    1.000000  270.331902
Iteration: 22 bestvalit: 0.005341 bestmemit:   25.197085   33.515607    1.000000  270.331902
Iteration: 23 bestvalit: 0.005341 bestmemit:   25.197085   33.515607    1.000000  270.331902
Iteration: 24 bestvalit: 0.005341 bestmemit:   25.197085   33.515607    1.000000  270.331902
Iteration: 25 bestvalit: 0.005341 bestmemit:   25.197085   33.515607    1.000000  270.331902
Iteration: 26 bestvalit: 0.005341 bestmemit:   25.197085   33.515607    1.000000  270.331902
Iteration: 27 bestvalit: 0.005341 bestmemit:   25.197085   33.515607    1.000000  270.331902
Iteration: 28 bestvalit: 0.005341 bestmemit:   25.197085   33.515607    1.000000  270.331902
Iteration: 29 bestvalit: 0.005341 bestmemit:   25.197085   33.515607    1.000000  270.331902
Iteration: 30 bestvalit: 0.005341 bestmemit:   25.197085   33.515607    1.000000  270.331902
Iteration: 31 bestvalit: 0.005341 bestmemit:   25.197085   33.515607    1.000000  270.331902
Iteration: 32 bestvalit: 0.005341 bestmemit:   25.197085   33.515607    1.000000  270.331902
Iteration: 33 bestvalit: 0.005341 bestmemit:   25.197085   33.515607    1.000000  270.331902
Iteration: 34 bestvalit: 0.005314 bestmemit:   16.367683   77.794052    1.000000  245.298434
Iteration: 35 bestvalit: 0.005314 bestmemit:   16.367683   77.794052    1.000000  245.298434
Iteration: 36 bestvalit: 0.005314 bestmemit:   16.367683   77.794052    1.000000  245.298434
Iteration: 37 bestvalit: 0.005314 bestmemit:   16.367683   77.794052    1.000000  245.298434
Iteration: 38 bestvalit: 0.005314 bestmemit:   16.367683   77.794052    1.000000  245.298434
Iteration: 39 bestvalit: 0.005314 bestmemit:   16.367683   77.794052    1.000000  245.298434
Iteration: 40 bestvalit: 0.005253 bestmemit:   47.665687   49.066280    1.000000  223.237103
Iteration: 41 bestvalit: 0.005116 bestmemit:   17.174217  -21.812446    1.000000  271.699597
Iteration: 42 bestvalit: 0.005116 bestmemit:   17.174217  -21.812446    1.000000  271.699597
Iteration: 43 bestvalit: 0.005116 bestmemit:   17.174217  -21.812446    1.000000  271.699597
Iteration: 44 bestvalit: 0.005116 bestmemit:   17.174217  -21.812446    1.000000  271.699597
Iteration: 45 bestvalit: 0.005116 bestmemit:   17.174217  -21.812446    1.000000  271.699597
Iteration: 46 bestvalit: 0.005116 bestmemit:   17.174217  -21.812446    1.000000  271.699597
Iteration: 47 bestvalit: 0.005116 bestmemit:   17.174217  -21.812446    1.000000  271.699597
Iteration: 48 bestvalit: 0.005116 bestmemit:   17.174217  -21.812446    1.000000  271.699597
Iteration: 49 bestvalit: 0.005116 bestmemit:   17.174217  -21.812446    1.000000  271.699597
Iteration: 50 bestvalit: 0.005116 bestmemit:   17.174217  -21.812446    1.000000  271.699597
Iteration: 51 bestvalit: 0.005116 bestmemit:   17.174217  -21.812446    1.000000  271.699597
Iteration: 52 bestvalit: 0.005116 bestmemit:   17.174217  -21.812446    1.000000  271.699597
Iteration: 53 bestvalit: 0.005116 bestmemit:   17.174217  -21.812446    1.000000  271.699597
Iteration: 54 bestvalit: 0.005116 bestmemit:   17.174217  -21.812446    1.000000  271.699597
Iteration: 55 bestvalit: 0.005116 bestmemit:   17.174217  -21.812446    1.000000  271.699597
Iteration: 56 bestvalit: 0.005116 bestmemit:   17.174217  -21.812446    1.000000  271.699597
Iteration: 57 bestvalit: 0.005116 bestmemit:   17.174217  -21.812446    1.000000  271.699597
Iteration: 58 bestvalit: 0.005116 bestmemit:   17.174217  -21.812446    1.000000  271.699597
Iteration: 59 bestvalit: 0.005116 bestmemit:   17.174217  -21.812446    1.000000  271.699597
Iteration: 60 bestvalit: 0.005116 bestmemit:   17.174217  -21.812446    1.000000  271.699597
Iteration: 61 bestvalit: 0.005116 bestmemit:   17.174217  -21.812446    1.000000  271.699597
Iteration: 62 bestvalit: 0.005116 bestmemit:   17.174217  -21.812446    1.000000  271.699597
Iteration: 63 bestvalit: 0.005116 bestmemit:   17.174217  -21.812446    1.000000  271.699597
Iteration: 64 bestvalit: 0.005116 bestmemit:   17.174217  -21.812446    1.000000  271.699597
Iteration: 65 bestvalit: 0.004980 bestmemit:   33.143839  -15.601527    1.000000  247.738833
Iteration: 66 bestvalit: 0.004980 bestmemit:   33.143839  -15.601527    1.000000  247.738833
Iteration: 67 bestvalit: 0.004980 bestmemit:   33.143839  -15.601527    1.000000  247.738833
Iteration: 68 bestvalit: 0.004980 bestmemit:   33.143839  -15.601527    1.000000  247.738833
Iteration: 69 bestvalit: 0.004980 bestmemit:   33.143839  -15.601527    1.000000  247.738833
Iteration: 70 bestvalit: 0.004980 bestmemit:   33.143839  -15.601527    1.000000  247.738833
Iteration: 71 bestvalit: 0.004980 bestmemit:   33.143839  -15.601527    1.000000  247.738833
Iteration: 72 bestvalit: 0.004980 bestmemit:   33.143839  -15.601527    1.000000  247.738833
Iteration: 73 bestvalit: 0.004980 bestmemit:   33.143839  -15.601527    1.000000  247.738833
Iteration: 74 bestvalit: 0.004980 bestmemit:   33.143839  -15.601527    1.000000  247.738833
Iteration: 75 bestvalit: 0.004980 bestmemit:   33.143839  -15.601527    1.000000  247.738833
Iteration: 76 bestvalit: 0.004980 bestmemit:   33.143839  -15.601527    1.000000  247.738833
Iteration: 77 bestvalit: 0.004980 bestmemit:   33.143839  -15.601527    1.000000  247.738833
Iteration: 78 bestvalit: 0.004980 bestmemit:   33.143839  -15.601527    1.000000  247.738833
Iteration: 79 bestvalit: 0.004980 bestmemit:   33.143839  -15.601527    1.000000  247.738833
Iteration: 80 bestvalit: 0.004980 bestmemit:   33.143839  -15.601527    1.000000  247.738833
Iteration: 81 bestvalit: 0.004980 bestmemit:   33.143839  -15.601527    1.000000  247.738833
Iteration: 82 bestvalit: 0.004980 bestmemit:   33.143839  -15.601527    1.000000  247.738833
Iteration: 83 bestvalit: 0.004980 bestmemit:   33.143839  -15.601527    1.000000  247.738833
Iteration: 84 bestvalit: 0.004980 bestmemit:   33.143839  -15.601527    1.000000  247.738833
Iteration: 85 bestvalit: 0.004980 bestmemit:   33.143839  -15.601527    1.000000  247.738833
Iteration: 86 bestvalit: 0.004980 bestmemit:   33.143839  -15.601527    1.000000  247.738833
Iteration: 87 bestvalit: 0.004980 bestmemit:   33.143839  -15.601527    1.000000  247.738833
Iteration: 88 bestvalit: 0.004980 bestmemit:   33.143839  -15.601527    1.000000  247.738833
Iteration: 89 bestvalit: 0.004980 bestmemit:   33.143839  -15.601527    1.000000  247.738833
Iteration: 90 bestvalit: 0.004980 bestmemit:   33.143839  -15.601527    1.000000  247.738833
Iteration: 91 bestvalit: 0.004980 bestmemit:   33.143839  -15.601527    1.000000  247.738833
Iteration: 92 bestvalit: 0.004530 bestmemit:   36.002145   15.046511    1.000000  262.926864
Iteration: 93 bestvalit: 0.004530 bestmemit:   36.002145   15.046511    1.000000  262.926864
Iteration: 94 bestvalit: 0.004530 bestmemit:   36.002145   15.046511    1.000000  262.926864
Iteration: 95 bestvalit: 0.004530 bestmemit:   36.002145   15.046511    1.000000  262.926864
Iteration: 96 bestvalit: 0.004530 bestmemit:   36.002145   15.046511    1.000000  262.926864
Iteration: 97 bestvalit: 0.004530 bestmemit:   36.002145   15.046511    1.000000  262.926864
Iteration: 98 bestvalit: 0.004530 bestmemit:   36.002145   15.046511    1.000000  262.926864
Iteration: 99 bestvalit: 0.004530 bestmemit:   36.002145   15.046511    1.000000  262.926864
Iteration: 100 bestvalit: 0.004530 bestmemit:   36.002145   15.046511    1.000000  262.926864
Iteration: 101 bestvalit: 0.004530 bestmemit:   36.002145   15.046511    1.000000  262.926864
Iteration: 102 bestvalit: 0.004530 bestmemit:   36.002145   15.046511    1.000000  262.926864
Iteration: 103 bestvalit: 0.004530 bestmemit:   36.002145   15.046511    1.000000  262.926864
Iteration: 104 bestvalit: 0.004530 bestmemit:   36.002145   15.046511    1.000000  262.926864
Iteration: 105 bestvalit: 0.004530 bestmemit:   36.002145   15.046511    1.000000  262.926864
Iteration: 106 bestvalit: 0.004530 bestmemit:   36.002145   15.046511    1.000000  262.926864
Iteration: 107 bestvalit: 0.004530 bestmemit:   36.002145   15.046511    1.000000  262.926864
Iteration: 108 bestvalit: 0.004530 bestmemit:   36.002145   15.046511    1.000000  262.926864
Iteration: 109 bestvalit: 0.004530 bestmemit:   36.002145   15.046511    1.000000  262.926864
Iteration: 110 bestvalit: 0.004530 bestmemit:   36.002145   15.046511    1.000000  262.926864
Iteration: 111 bestvalit: 0.004530 bestmemit:   36.002145   15.046511    1.000000  262.926864
Iteration: 112 bestvalit: 0.004530 bestmemit:   36.002145   15.046511    1.000000  262.926864
Iteration: 113 bestvalit: 0.004530 bestmemit:   36.002145   15.046511    1.000000  262.926864
Iteration: 114 bestvalit: 0.004530 bestmemit:   36.002145   15.046511    1.000000  262.926864
Iteration: 115 bestvalit: 0.004530 bestmemit:   36.002145   15.046511    1.000000  262.926864
Iteration: 116 bestvalit: 0.004530 bestmemit:   36.002145   15.046511    1.000000  262.926864
Iteration: 117 bestvalit: 0.004530 bestmemit:   36.002145   15.046511    1.000000  262.926864
Iteration: 118 bestvalit: 0.004530 bestmemit:   36.002145   15.046511    1.000000  262.926864
Iteration: 119 bestvalit: 0.004530 bestmemit:   36.002145   15.046511    1.000000  262.926864
Iteration: 120 bestvalit: 0.004530 bestmemit:   36.002145   15.046511    1.000000  262.926864
Iteration: 121 bestvalit: 0.004530 bestmemit:   36.002145   15.046511    1.000000  262.926864
Iteration: 122 bestvalit: 0.004530 bestmemit:   36.002145   15.046511    1.000000  262.926864
Iteration: 123 bestvalit: 0.004530 bestmemit:   36.002145   15.046511    1.000000  262.926864
Iteration: 124 bestvalit: 0.004530 bestmemit:   36.002145   15.046511    1.000000  262.926864
Iteration: 125 bestvalit: 0.004530 bestmemit:   36.002145   15.046511    1.000000  262.926864
Iteration: 126 bestvalit: 0.004530 bestmemit:   36.002145   15.046511    1.000000  262.926864
Iteration: 127 bestvalit: 0.004530 bestmemit:   36.002145   15.046511    1.000000  262.926864
Iteration: 128 bestvalit: 0.004530 bestmemit:   36.002145   15.046511    1.000000  262.926864
Iteration: 129 bestvalit: 0.004530 bestmemit:   36.002145   15.046511    1.000000  262.926864
Iteration: 130 bestvalit: 0.004530 bestmemit:   36.002145   15.046511    1.000000  262.926864
Iteration: 131 bestvalit: 0.004530 bestmemit:   36.002145   15.046511    1.000000  262.926864
Iteration: 132 bestvalit: 0.004530 bestmemit:   36.002145   15.046511    1.000000  262.926864
Iteration: 133 bestvalit: 0.004530 bestmemit:   36.002145   15.046511    1.000000  262.926864
Iteration: 134 bestvalit: 0.004530 bestmemit:   36.002145   15.046511    1.000000  262.926864
Iteration: 135 bestvalit: 0.004530 bestmemit:   36.002145   15.046511    1.000000  262.926864
Iteration: 136 bestvalit: 0.004530 bestmemit:   36.002145   15.046511    1.000000  262.926864
Iteration: 137 bestvalit: 0.004530 bestmemit:   36.002145   15.046511    1.000000  262.926864
Iteration: 138 bestvalit: 0.004530 bestmemit:   36.002145   15.046511    1.000000  262.926864
Iteration: 139 bestvalit: 0.004530 bestmemit:   36.002145   15.046511    1.000000  262.926864
Iteration: 140 bestvalit: 0.004530 bestmemit:   36.002145   15.046511    1.000000  262.926864
Iteration: 141 bestvalit: 0.004530 bestmemit:   36.002145   15.046511    1.000000  262.926864
Iteration: 142 bestvalit: 0.004530 bestmemit:   36.002145   15.046511    1.000000  262.926864
Iteration: 143 bestvalit: 0.004530 bestmemit:   36.002145   15.046511    1.000000  262.926864
Iteration: 144 bestvalit: 0.004530 bestmemit:   36.002145   15.046511    1.000000  262.926864
Iteration: 145 bestvalit: 0.004530 bestmemit:   36.002145   15.046511    1.000000  262.926864
Iteration: 146 bestvalit: 0.004530 bestmemit:   36.002145   15.046511    1.000000  262.926864
Iteration: 147 bestvalit: 0.004530 bestmemit:   36.002145   15.046511    1.000000  262.926864
Iteration: 148 bestvalit: 0.004530 bestmemit:   36.002145   15.046511    1.000000  262.926864
Iteration: 149 bestvalit: 0.004530 bestmemit:   36.002145   15.046511    1.000000  262.926864
Iteration: 150 bestvalit: 0.004530 bestmemit:   36.002145   15.046511    1.000000  262.926864
Iteration: 151 bestvalit: 0.004530 bestmemit:   36.002145   15.046511    1.000000  262.926864
Iteration: 152 bestvalit: 0.004530 bestmemit:   36.002145   15.046511    1.000000  262.926864
Iteration: 153 bestvalit: 0.004530 bestmemit:   36.002145   15.046511    1.000000  262.926864
Iteration: 154 bestvalit: 0.004530 bestmemit:   36.002145   15.046511    1.000000  262.926864
Iteration: 155 bestvalit: 0.004530 bestmemit:   36.002145   15.046511    1.000000  262.926864
Iteration: 156 bestvalit: 0.004530 bestmemit:   36.002145   15.046511    1.000000  262.926864
Iteration: 157 bestvalit: 0.004530 bestmemit:   36.002145   15.046511    1.000000  262.926864
Iteration: 158 bestvalit: 0.004530 bestmemit:   36.002145   15.046511    1.000000  262.926864
Iteration: 159 bestvalit: 0.004530 bestmemit:   36.002145   15.046511    1.000000  262.926864
Iteration: 160 bestvalit: 0.004530 bestmemit:   36.002145   15.046511    1.000000  262.926864
Iteration: 161 bestvalit: 0.004530 bestmemit:   36.002145   15.046511    1.000000  262.926864
Iteration: 162 bestvalit: 0.004530 bestmemit:   36.002145   15.046511    1.000000  262.926864
Iteration: 163 bestvalit: 0.004530 bestmemit:   36.002145   15.046511    1.000000  262.926864

***** summary of DEoptim object ***** 
best member   :  36.00214 15.04651 1 262.9269 
best value    :  0.00453 
after         :  163 generations 
fn evaluated  :  328 times 
*************************************
