SLURM_JOB_ID: 55185249
SLURM_JOB_USER: vsc34066
SLURM_JOB_ACCOUNT: lp_desenderlab
SLURM_JOB_NAME: fit_alternating_fb_trim_skip.slurm
SLURM_CLUSTER_NAME: genius
SLURM_JOB_PARTITION: batch
SLURM_ARRAY_JOB_ID: 55185173
SLURM_ARRAY_TASK_ID: 76
SLURM_NNODES: 1
SLURM_NODELIST: r25i27n16
SLURM_JOB_CPUS_PER_NODE: 8
Date: Tue Aug  8 11:36:18 CEST 2023
Walltime: 00-23:59:00
========================================================================
Iteration: 1 bestvalit: 0.006485 bestmemit:    2.612294   42.341599    1.000000  408.730945
Iteration: 2 bestvalit: 0.004280 bestmemit:   14.646726  -48.167501    1.000000  332.898101
Iteration: 3 bestvalit: 0.004280 bestmemit:   14.646726  -48.167501    1.000000  332.898101
Iteration: 4 bestvalit: 0.004280 bestmemit:   14.646726  -48.167501    1.000000  332.898101
Iteration: 5 bestvalit: 0.004280 bestmemit:   14.646726  -48.167501    1.000000  332.898101
Iteration: 6 bestvalit: 0.004280 bestmemit:   14.646726  -48.167501    1.000000  332.898101
Iteration: 7 bestvalit: 0.004280 bestmemit:   14.646726  -48.167501    1.000000  332.898101
Iteration: 8 bestvalit: 0.004060 bestmemit:    4.877870  -48.167501    1.000000  332.898101
Iteration: 9 bestvalit: 0.004060 bestmemit:    4.877870  -48.167501    1.000000  332.898101
Iteration: 10 bestvalit: 0.004060 bestmemit:    4.877870  -48.167501    1.000000  332.898101
Iteration: 11 bestvalit: 0.004060 bestmemit:    4.877870  -48.167501    1.000000  332.898101
Iteration: 12 bestvalit: 0.004060 bestmemit:    4.877870  -48.167501    1.000000  332.898101
Iteration: 13 bestvalit: 0.004060 bestmemit:    4.877870  -48.167501    1.000000  332.898101
Iteration: 14 bestvalit: 0.004060 bestmemit:    4.877870  -48.167501    1.000000  332.898101
Iteration: 15 bestvalit: 0.004060 bestmemit:    4.877870  -48.167501    1.000000  332.898101
Iteration: 16 bestvalit: 0.004060 bestmemit:    4.877870  -48.167501    1.000000  332.898101
Iteration: 17 bestvalit: 0.004060 bestmemit:    4.877870  -48.167501    1.000000  332.898101
Iteration: 18 bestvalit: 0.004060 bestmemit:    4.877870  -48.167501    1.000000  332.898101
Iteration: 19 bestvalit: 0.004060 bestmemit:    4.877870  -48.167501    1.000000  332.898101
Iteration: 20 bestvalit: 0.004060 bestmemit:    4.877870  -48.167501    1.000000  332.898101
Iteration: 21 bestvalit: 0.004060 bestmemit:    4.877870  -48.167501    1.000000  332.898101
Iteration: 22 bestvalit: 0.004060 bestmemit:    4.877870  -48.167501    1.000000  332.898101
Iteration: 23 bestvalit: 0.004060 bestmemit:    4.877870  -48.167501    1.000000  332.898101
Iteration: 24 bestvalit: 0.004060 bestmemit:    4.877870  -48.167501    1.000000  332.898101
Iteration: 25 bestvalit: 0.004060 bestmemit:    4.877870  -48.167501    1.000000  332.898101
Iteration: 26 bestvalit: 0.004060 bestmemit:    4.877870  -48.167501    1.000000  332.898101
Iteration: 27 bestvalit: 0.004060 bestmemit:    4.877870  -48.167501    1.000000  332.898101
Iteration: 28 bestvalit: 0.004060 bestmemit:    4.877870  -48.167501    1.000000  332.898101
Iteration: 29 bestvalit: 0.004060 bestmemit:    4.877870  -48.167501    1.000000  332.898101
Iteration: 30 bestvalit: 0.004060 bestmemit:    4.877870  -48.167501    1.000000  332.898101
Iteration: 31 bestvalit: 0.003856 bestmemit:    2.277597  -50.863370    1.000000  341.484207
Iteration: 32 bestvalit: 0.003856 bestmemit:    2.277597  -50.863370    1.000000  341.484207
Iteration: 33 bestvalit: 0.003856 bestmemit:    2.277597  -50.863370    1.000000  341.484207
Iteration: 34 bestvalit: 0.003856 bestmemit:    2.277597  -50.863370    1.000000  341.484207
Iteration: 35 bestvalit: 0.003856 bestmemit:    2.277597  -50.863370    1.000000  341.484207
Iteration: 36 bestvalit: 0.003856 bestmemit:    2.277597  -50.863370    1.000000  341.484207
Iteration: 37 bestvalit: 0.003856 bestmemit:    2.277597  -50.863370    1.000000  341.484207
Iteration: 38 bestvalit: 0.003856 bestmemit:    2.277597  -50.863370    1.000000  341.484207
Iteration: 39 bestvalit: 0.003856 bestmemit:    2.277597  -50.863370    1.000000  341.484207
Iteration: 40 bestvalit: 0.003856 bestmemit:    2.277597  -50.863370    1.000000  341.484207
Iteration: 41 bestvalit: 0.003856 bestmemit:    2.277597  -50.863370    1.000000  341.484207
Iteration: 42 bestvalit: 0.003856 bestmemit:    2.277597  -50.863370    1.000000  341.484207
Iteration: 43 bestvalit: 0.003856 bestmemit:    2.277597  -50.863370    1.000000  341.484207
Iteration: 44 bestvalit: 0.003852 bestmemit:    2.779897  -80.270867    1.000000  284.059357
Iteration: 45 bestvalit: 0.003852 bestmemit:    2.779897  -80.270867    1.000000  284.059357
Iteration: 46 bestvalit: 0.003852 bestmemit:    2.779897  -80.270867    1.000000  284.059357
Iteration: 47 bestvalit: 0.003852 bestmemit:    2.779897  -80.270867    1.000000  284.059357
Iteration: 48 bestvalit: 0.003852 bestmemit:    2.779897  -80.270867    1.000000  284.059357
Iteration: 49 bestvalit: 0.003852 bestmemit:    2.779897  -80.270867    1.000000  284.059357
Iteration: 50 bestvalit: 0.003852 bestmemit:    2.779897  -80.270867    1.000000  284.059357
Iteration: 51 bestvalit: 0.003852 bestmemit:    2.779897  -80.270867    1.000000  284.059357
Iteration: 52 bestvalit: 0.003852 bestmemit:    2.779897  -80.270867    1.000000  284.059357
Iteration: 53 bestvalit: 0.003852 bestmemit:    2.779897  -80.270867    1.000000  284.059357
Iteration: 54 bestvalit: 0.003852 bestmemit:    2.779897  -80.270867    1.000000  284.059357
Iteration: 55 bestvalit: 0.003852 bestmemit:    2.779897  -80.270867    1.000000  284.059357
Iteration: 56 bestvalit: 0.003852 bestmemit:    2.779897  -80.270867    1.000000  284.059357
Iteration: 57 bestvalit: 0.003852 bestmemit:    2.779897  -80.270867    1.000000  284.059357
Iteration: 58 bestvalit: 0.003852 bestmemit:    2.779897  -80.270867    1.000000  284.059357
Iteration: 59 bestvalit: 0.003852 bestmemit:    2.779897  -80.270867    1.000000  284.059357
Iteration: 60 bestvalit: 0.003852 bestmemit:    2.779897  -80.270867    1.000000  284.059357
Iteration: 61 bestvalit: 0.003852 bestmemit:    2.779897  -80.270867    1.000000  284.059357
Iteration: 62 bestvalit: 0.003852 bestmemit:    2.779897  -80.270867    1.000000  284.059357
Iteration: 63 bestvalit: 0.003852 bestmemit:    2.779897  -80.270867    1.000000  284.059357
Iteration: 64 bestvalit: 0.003852 bestmemit:    2.779897  -80.270867    1.000000  284.059357
Iteration: 65 bestvalit: 0.003852 bestmemit:    2.779897  -80.270867    1.000000  284.059357
Iteration: 66 bestvalit: 0.003852 bestmemit:    2.779897  -80.270867    1.000000  284.059357
Iteration: 67 bestvalit: 0.003852 bestmemit:    2.779897  -80.270867    1.000000  284.059357
Iteration: 68 bestvalit: 0.003852 bestmemit:    2.779897  -80.270867    1.000000  284.059357
Iteration: 69 bestvalit: 0.003852 bestmemit:    2.779897  -80.270867    1.000000  284.059357
Iteration: 70 bestvalit: 0.003852 bestmemit:    2.779897  -80.270867    1.000000  284.059357
Iteration: 71 bestvalit: 0.003852 bestmemit:    2.779897  -80.270867    1.000000  284.059357
Iteration: 72 bestvalit: 0.003852 bestmemit:    2.779897  -80.270867    1.000000  284.059357
Iteration: 73 bestvalit: 0.003852 bestmemit:    2.779897  -80.270867    1.000000  284.059357
Iteration: 74 bestvalit: 0.003852 bestmemit:    2.779897  -80.270867    1.000000  284.059357
Iteration: 75 bestvalit: 0.003852 bestmemit:    2.779897  -80.270867    1.000000  284.059357
Iteration: 76 bestvalit: 0.003852 bestmemit:    2.779897  -80.270867    1.000000  284.059357
Iteration: 77 bestvalit: 0.003852 bestmemit:    2.779897  -80.270867    1.000000  284.059357
Iteration: 78 bestvalit: 0.003852 bestmemit:    2.779897  -80.270867    1.000000  284.059357
Iteration: 79 bestvalit: 0.003852 bestmemit:    2.779897  -80.270867    1.000000  284.059357
Iteration: 80 bestvalit: 0.003852 bestmemit:    2.779897  -80.270867    1.000000  284.059357
Iteration: 81 bestvalit: 0.003852 bestmemit:    2.779897  -80.270867    1.000000  284.059357
Iteration: 82 bestvalit: 0.003852 bestmemit:    2.779897  -80.270867    1.000000  284.059357
Iteration: 83 bestvalit: 0.003852 bestmemit:    2.779897  -80.270867    1.000000  284.059357
Iteration: 84 bestvalit: 0.003852 bestmemit:    2.779897  -80.270867    1.000000  284.059357
Iteration: 85 bestvalit: 0.003852 bestmemit:    2.779897  -80.270867    1.000000  284.059357
Iteration: 86 bestvalit: 0.003852 bestmemit:    2.779897  -80.270867    1.000000  284.059357
Iteration: 87 bestvalit: 0.003852 bestmemit:    2.779897  -80.270867    1.000000  284.059357
Iteration: 88 bestvalit: 0.003852 bestmemit:    2.779897  -80.270867    1.000000  284.059357
Iteration: 89 bestvalit: 0.003852 bestmemit:    2.779897  -80.270867    1.000000  284.059357
Iteration: 90 bestvalit: 0.003852 bestmemit:    2.779897  -80.270867    1.000000  284.059357
Iteration: 91 bestvalit: 0.003852 bestmemit:    2.779897  -80.270867    1.000000  284.059357
Iteration: 92 bestvalit: 0.003852 bestmemit:    2.779897  -80.270867    1.000000  284.059357
Iteration: 93 bestvalit: 0.003852 bestmemit:    2.779897  -80.270867    1.000000  284.059357
Iteration: 94 bestvalit: 0.003852 bestmemit:    2.779897  -80.270867    1.000000  284.059357
Iteration: 95 bestvalit: 0.003852 bestmemit:    2.779897  -80.270867    1.000000  284.059357
Iteration: 96 bestvalit: 0.003852 bestmemit:    2.779897  -80.270867    1.000000  284.059357
Iteration: 97 bestvalit: 0.003852 bestmemit:    2.779897  -80.270867    1.000000  284.059357
Iteration: 98 bestvalit: 0.003852 bestmemit:    2.779897  -80.270867    1.000000  284.059357
Iteration: 99 bestvalit: 0.003852 bestmemit:    2.779897  -80.270867    1.000000  284.059357
Iteration: 100 bestvalit: 0.003852 bestmemit:    2.779897  -80.270867    1.000000  284.059357
Iteration: 101 bestvalit: 0.003852 bestmemit:    2.779897  -80.270867    1.000000  284.059357
Iteration: 102 bestvalit: 0.003852 bestmemit:    2.779897  -80.270867    1.000000  284.059357
Iteration: 103 bestvalit: 0.003852 bestmemit:    2.779897  -80.270867    1.000000  284.059357
Iteration: 104 bestvalit: 0.003852 bestmemit:    2.779897  -80.270867    1.000000  284.059357
Iteration: 105 bestvalit: 0.003852 bestmemit:    2.779897  -80.270867    1.000000  284.059357
Iteration: 106 bestvalit: 0.003852 bestmemit:    2.779897  -80.270867    1.000000  284.059357
Iteration: 107 bestvalit: 0.003852 bestmemit:    2.779897  -80.270867    1.000000  284.059357
Iteration: 108 bestvalit: 0.003852 bestmemit:    2.779897  -80.270867    1.000000  284.059357
Iteration: 109 bestvalit: 0.003852 bestmemit:    2.779897  -80.270867    1.000000  284.059357
Iteration: 110 bestvalit: 0.003852 bestmemit:    2.779897  -80.270867    1.000000  284.059357
Iteration: 111 bestvalit: 0.003852 bestmemit:    2.779897  -80.270867    1.000000  284.059357
Iteration: 112 bestvalit: 0.003852 bestmemit:    2.779897  -80.270867    1.000000  284.059357
Iteration: 113 bestvalit: 0.003852 bestmemit:    2.779897  -80.270867    1.000000  284.059357
Iteration: 114 bestvalit: 0.003852 bestmemit:    2.779897  -80.270867    1.000000  284.059357
Iteration: 115 bestvalit: 0.003852 bestmemit:    2.779897  -80.270867    1.000000  284.059357

***** summary of DEoptim object ***** 
best member   :  2.7799 -80.27087 1 284.0594 
best value    :  0.00385 
after         :  115 generations 
fn evaluated  :  232 times 
*************************************
