SLURM_JOB_ID: 55185179
SLURM_JOB_USER: vsc34066
SLURM_JOB_ACCOUNT: lp_desenderlab
SLURM_JOB_NAME: fit_alternating_fb_trim_skip.slurm
SLURM_CLUSTER_NAME: genius
SLURM_JOB_PARTITION: batch
SLURM_ARRAY_JOB_ID: 55185173
SLURM_ARRAY_TASK_ID: 6
SLURM_NNODES: 1
SLURM_NODELIST: r23i13n01
SLURM_JOB_CPUS_PER_NODE: 8
Date: Tue Aug  8 11:36:24 CEST 2023
Walltime: 00-23:59:00
========================================================================
Iteration: 1 bestvalit: 0.011669 bestmemit:   16.029333    5.419602    1.000000   73.616402
Iteration: 2 bestvalit: 0.011669 bestmemit:   16.029333    5.419602    1.000000   73.616402
Iteration: 3 bestvalit: 0.010880 bestmemit:   23.644215    5.964054    1.000000  328.651499
Iteration: 4 bestvalit: 0.010233 bestmemit:   23.644215   -9.586130    1.000000  328.651499
Iteration: 5 bestvalit: 0.008887 bestmemit:   20.342346   32.582455    1.000000  183.390442
Iteration: 6 bestvalit: 0.008887 bestmemit:   20.342346   32.582455    1.000000  183.390442
Iteration: 7 bestvalit: 0.008887 bestmemit:   20.342346   32.582455    1.000000  183.390442
Iteration: 8 bestvalit: 0.008887 bestmemit:   20.342346   32.582455    1.000000  183.390442
Iteration: 9 bestvalit: 0.008887 bestmemit:   20.342346   32.582455    1.000000  183.390442
Iteration: 10 bestvalit: 0.008887 bestmemit:   20.342346   32.582455    1.000000  183.390442
Iteration: 11 bestvalit: 0.008887 bestmemit:   20.342346   32.582455    1.000000  183.390442
Iteration: 12 bestvalit: 0.008887 bestmemit:   20.342346   32.582455    1.000000  183.390442
Iteration: 13 bestvalit: 0.008887 bestmemit:   20.342346   32.582455    1.000000  183.390442
Iteration: 14 bestvalit: 0.008887 bestmemit:   20.342346   32.582455    1.000000  183.390442
Iteration: 15 bestvalit: 0.008887 bestmemit:   20.342346   32.582455    1.000000  183.390442
Iteration: 16 bestvalit: 0.008887 bestmemit:   20.342346   32.582455    1.000000  183.390442
Iteration: 17 bestvalit: 0.007915 bestmemit:   20.463145  -17.688719    1.000000  242.937999
Iteration: 18 bestvalit: 0.007915 bestmemit:   20.463145  -17.688719    1.000000  242.937999
Iteration: 19 bestvalit: 0.007915 bestmemit:   20.463145  -17.688719    1.000000  242.937999
Iteration: 20 bestvalit: 0.007915 bestmemit:   20.463145  -17.688719    1.000000  242.937999
Iteration: 21 bestvalit: 0.007915 bestmemit:   20.463145  -17.688719    1.000000  242.937999
Iteration: 22 bestvalit: 0.007915 bestmemit:   20.463145  -17.688719    1.000000  242.937999
Iteration: 23 bestvalit: 0.007915 bestmemit:   20.463145  -17.688719    1.000000  242.937999
Iteration: 24 bestvalit: 0.007915 bestmemit:   20.463145  -17.688719    1.000000  242.937999
Iteration: 25 bestvalit: 0.007915 bestmemit:   20.463145  -17.688719    1.000000  242.937999
Iteration: 26 bestvalit: 0.007915 bestmemit:   20.463145  -17.688719    1.000000  242.937999
Iteration: 27 bestvalit: 0.007915 bestmemit:   20.463145  -17.688719    1.000000  242.937999
Iteration: 28 bestvalit: 0.007915 bestmemit:   20.463145  -17.688719    1.000000  242.937999
Iteration: 29 bestvalit: 0.007592 bestmemit:   17.428840   58.599101    1.000000  208.142953
Iteration: 30 bestvalit: 0.007592 bestmemit:   17.428840   58.599101    1.000000  208.142953
Iteration: 31 bestvalit: 0.007592 bestmemit:   17.428840   58.599101    1.000000  208.142953
Iteration: 32 bestvalit: 0.007592 bestmemit:   17.428840   58.599101    1.000000  208.142953
Iteration: 33 bestvalit: 0.007592 bestmemit:   17.428840   58.599101    1.000000  208.142953
Iteration: 34 bestvalit: 0.007592 bestmemit:   17.428840   58.599101    1.000000  208.142953
Iteration: 35 bestvalit: 0.007592 bestmemit:   17.428840   58.599101    1.000000  208.142953
Iteration: 36 bestvalit: 0.007592 bestmemit:   17.428840   58.599101    1.000000  208.142953
Iteration: 37 bestvalit: 0.007592 bestmemit:   17.428840   58.599101    1.000000  208.142953
Iteration: 38 bestvalit: 0.007592 bestmemit:   17.428840   58.599101    1.000000  208.142953
Iteration: 39 bestvalit: 0.007592 bestmemit:   17.428840   58.599101    1.000000  208.142953
Iteration: 40 bestvalit: 0.007592 bestmemit:   17.428840   58.599101    1.000000  208.142953
Iteration: 41 bestvalit: 0.007592 bestmemit:   17.428840   58.599101    1.000000  208.142953
Iteration: 42 bestvalit: 0.007592 bestmemit:   17.428840   58.599101    1.000000  208.142953
Iteration: 43 bestvalit: 0.007592 bestmemit:   17.428840   58.599101    1.000000  208.142953
Iteration: 44 bestvalit: 0.007592 bestmemit:   17.428840   58.599101    1.000000  208.142953
Iteration: 45 bestvalit: 0.007592 bestmemit:   17.428840   58.599101    1.000000  208.142953
Iteration: 46 bestvalit: 0.007592 bestmemit:   17.428840   58.599101    1.000000  208.142953
Iteration: 47 bestvalit: 0.007592 bestmemit:   17.428840   58.599101    1.000000  208.142953
Iteration: 48 bestvalit: 0.007592 bestmemit:   17.428840   58.599101    1.000000  208.142953
Iteration: 49 bestvalit: 0.007592 bestmemit:   17.428840   58.599101    1.000000  208.142953
Iteration: 50 bestvalit: 0.007592 bestmemit:   17.428840   58.599101    1.000000  208.142953
Iteration: 51 bestvalit: 0.007592 bestmemit:   17.428840   58.599101    1.000000  208.142953
Iteration: 52 bestvalit: 0.007592 bestmemit:   17.428840   58.599101    1.000000  208.142953
Iteration: 53 bestvalit: 0.007592 bestmemit:   17.428840   58.599101    1.000000  208.142953
Iteration: 54 bestvalit: 0.007592 bestmemit:   17.428840   58.599101    1.000000  208.142953
Iteration: 55 bestvalit: 0.007592 bestmemit:   17.428840   58.599101    1.000000  208.142953
Iteration: 56 bestvalit: 0.007592 bestmemit:   17.428840   58.599101    1.000000  208.142953
Iteration: 57 bestvalit: 0.007592 bestmemit:   17.428840   58.599101    1.000000  208.142953
Iteration: 58 bestvalit: 0.007592 bestmemit:   17.428840   58.599101    1.000000  208.142953
Iteration: 59 bestvalit: 0.007592 bestmemit:   17.428840   58.599101    1.000000  208.142953
Iteration: 60 bestvalit: 0.007592 bestmemit:   17.428840   58.599101    1.000000  208.142953
Iteration: 61 bestvalit: 0.007592 bestmemit:   17.428840   58.599101    1.000000  208.142953
Iteration: 62 bestvalit: 0.007592 bestmemit:   17.428840   58.599101    1.000000  208.142953
Iteration: 63 bestvalit: 0.007592 bestmemit:   17.428840   58.599101    1.000000  208.142953
Iteration: 64 bestvalit: 0.007592 bestmemit:   17.428840   58.599101    1.000000  208.142953
Iteration: 65 bestvalit: 0.007592 bestmemit:   17.428840   58.599101    1.000000  208.142953
Iteration: 66 bestvalit: 0.007592 bestmemit:   17.428840   58.599101    1.000000  208.142953
Iteration: 67 bestvalit: 0.007592 bestmemit:   17.428840   58.599101    1.000000  208.142953
Iteration: 68 bestvalit: 0.006980 bestmemit:   26.004480  -73.073146    1.000000  246.025645
Iteration: 69 bestvalit: 0.006980 bestmemit:   26.004480  -73.073146    1.000000  246.025645
Iteration: 70 bestvalit: 0.006980 bestmemit:   26.004480  -73.073146    1.000000  246.025645
Iteration: 71 bestvalit: 0.006980 bestmemit:   26.004480  -73.073146    1.000000  246.025645
Iteration: 72 bestvalit: 0.006980 bestmemit:   26.004480  -73.073146    1.000000  246.025645
Iteration: 73 bestvalit: 0.006980 bestmemit:   26.004480  -73.073146    1.000000  246.025645
Iteration: 74 bestvalit: 0.006980 bestmemit:   26.004480  -73.073146    1.000000  246.025645
Iteration: 75 bestvalit: 0.006980 bestmemit:   26.004480  -73.073146    1.000000  246.025645
Iteration: 76 bestvalit: 0.006980 bestmemit:   26.004480  -73.073146    1.000000  246.025645
Iteration: 77 bestvalit: 0.006980 bestmemit:   26.004480  -73.073146    1.000000  246.025645
Iteration: 78 bestvalit: 0.006980 bestmemit:   26.004480  -73.073146    1.000000  246.025645
Iteration: 79 bestvalit: 0.006980 bestmemit:   26.004480  -73.073146    1.000000  246.025645
Iteration: 80 bestvalit: 0.006980 bestmemit:   26.004480  -73.073146    1.000000  246.025645
Iteration: 81 bestvalit: 0.006980 bestmemit:   26.004480  -73.073146    1.000000  246.025645
Iteration: 82 bestvalit: 0.006980 bestmemit:   26.004480  -73.073146    1.000000  246.025645
Iteration: 83 bestvalit: 0.006980 bestmemit:   26.004480  -73.073146    1.000000  246.025645
Iteration: 84 bestvalit: 0.006980 bestmemit:   26.004480  -73.073146    1.000000  246.025645
Iteration: 85 bestvalit: 0.006980 bestmemit:   26.004480  -73.073146    1.000000  246.025645
Iteration: 86 bestvalit: 0.006980 bestmemit:   26.004480  -73.073146    1.000000  246.025645
Iteration: 87 bestvalit: 0.006980 bestmemit:   26.004480  -73.073146    1.000000  246.025645
Iteration: 88 bestvalit: 0.006980 bestmemit:   26.004480  -73.073146    1.000000  246.025645
Iteration: 89 bestvalit: 0.006980 bestmemit:   26.004480  -73.073146    1.000000  246.025645
Iteration: 90 bestvalit: 0.006980 bestmemit:   26.004480  -73.073146    1.000000  246.025645
Iteration: 91 bestvalit: 0.006980 bestmemit:   26.004480  -73.073146    1.000000  246.025645
Iteration: 92 bestvalit: 0.006980 bestmemit:   26.004480  -73.073146    1.000000  246.025645
Iteration: 93 bestvalit: 0.006980 bestmemit:   26.004480  -73.073146    1.000000  246.025645
Iteration: 94 bestvalit: 0.006980 bestmemit:   26.004480  -73.073146    1.000000  246.025645
Iteration: 95 bestvalit: 0.006980 bestmemit:   26.004480  -73.073146    1.000000  246.025645
Iteration: 96 bestvalit: 0.006980 bestmemit:   26.004480  -73.073146    1.000000  246.025645
Iteration: 97 bestvalit: 0.006980 bestmemit:   26.004480  -73.073146    1.000000  246.025645
Iteration: 98 bestvalit: 0.006980 bestmemit:   26.004480  -73.073146    1.000000  246.025645
Iteration: 99 bestvalit: 0.006980 bestmemit:   26.004480  -73.073146    1.000000  246.025645
Iteration: 100 bestvalit: 0.006980 bestmemit:   26.004480  -73.073146    1.000000  246.025645
Iteration: 101 bestvalit: 0.006980 bestmemit:   26.004480  -73.073146    1.000000  246.025645
Iteration: 102 bestvalit: 0.006980 bestmemit:   26.004480  -73.073146    1.000000  246.025645
Iteration: 103 bestvalit: 0.006980 bestmemit:   26.004480  -73.073146    1.000000  246.025645
Iteration: 104 bestvalit: 0.006980 bestmemit:   26.004480  -73.073146    1.000000  246.025645
Iteration: 105 bestvalit: 0.006980 bestmemit:   26.004480  -73.073146    1.000000  246.025645
Iteration: 106 bestvalit: 0.006980 bestmemit:   26.004480  -73.073146    1.000000  246.025645
Iteration: 107 bestvalit: 0.006980 bestmemit:   26.004480  -73.073146    1.000000  246.025645
Iteration: 108 bestvalit: 0.006980 bestmemit:   26.004480  -73.073146    1.000000  246.025645
Iteration: 109 bestvalit: 0.006980 bestmemit:   26.004480  -73.073146    1.000000  246.025645
Iteration: 110 bestvalit: 0.006980 bestmemit:   26.004480  -73.073146    1.000000  246.025645
Iteration: 111 bestvalit: 0.006980 bestmemit:   26.004480  -73.073146    1.000000  246.025645
Iteration: 112 bestvalit: 0.006980 bestmemit:   26.004480  -73.073146    1.000000  246.025645
Iteration: 113 bestvalit: 0.006980 bestmemit:   26.004480  -73.073146    1.000000  246.025645
Iteration: 114 bestvalit: 0.006980 bestmemit:   26.004480  -73.073146    1.000000  246.025645
Iteration: 115 bestvalit: 0.006980 bestmemit:   26.004480  -73.073146    1.000000  246.025645
Iteration: 116 bestvalit: 0.006980 bestmemit:   26.004480  -73.073146    1.000000  246.025645
Iteration: 117 bestvalit: 0.006980 bestmemit:   26.004480  -73.073146    1.000000  246.025645
Iteration: 118 bestvalit: 0.006980 bestmemit:   26.004480  -73.073146    1.000000  246.025645
Iteration: 119 bestvalit: 0.006980 bestmemit:   26.004480  -73.073146    1.000000  246.025645
Iteration: 120 bestvalit: 0.006980 bestmemit:   26.004480  -73.073146    1.000000  246.025645
Iteration: 121 bestvalit: 0.006980 bestmemit:   26.004480  -73.073146    1.000000  246.025645
Iteration: 122 bestvalit: 0.006980 bestmemit:   26.004480  -73.073146    1.000000  246.025645
Iteration: 123 bestvalit: 0.006980 bestmemit:   26.004480  -73.073146    1.000000  246.025645
Iteration: 124 bestvalit: 0.006980 bestmemit:   26.004480  -73.073146    1.000000  246.025645
Iteration: 125 bestvalit: 0.006980 bestmemit:   26.004480  -73.073146    1.000000  246.025645
Iteration: 126 bestvalit: 0.006980 bestmemit:   26.004480  -73.073146    1.000000  246.025645
Iteration: 127 bestvalit: 0.006980 bestmemit:   26.004480  -73.073146    1.000000  246.025645
Iteration: 128 bestvalit: 0.006980 bestmemit:   26.004480  -73.073146    1.000000  246.025645
Iteration: 129 bestvalit: 0.006980 bestmemit:   26.004480  -73.073146    1.000000  246.025645
Iteration: 130 bestvalit: 0.006980 bestmemit:   26.004480  -73.073146    1.000000  246.025645
Iteration: 131 bestvalit: 0.006980 bestmemit:   26.004480  -73.073146    1.000000  246.025645
Iteration: 132 bestvalit: 0.006980 bestmemit:   26.004480  -73.073146    1.000000  246.025645
Iteration: 133 bestvalit: 0.006980 bestmemit:   26.004480  -73.073146    1.000000  246.025645
Iteration: 134 bestvalit: 0.006980 bestmemit:   26.004480  -73.073146    1.000000  246.025645
Iteration: 135 bestvalit: 0.006980 bestmemit:   26.004480  -73.073146    1.000000  246.025645
Iteration: 136 bestvalit: 0.006980 bestmemit:   26.004480  -73.073146    1.000000  246.025645
Iteration: 137 bestvalit: 0.006980 bestmemit:   26.004480  -73.073146    1.000000  246.025645
Iteration: 138 bestvalit: 0.006980 bestmemit:   26.004480  -73.073146    1.000000  246.025645
Iteration: 139 bestvalit: 0.006980 bestmemit:   26.004480  -73.073146    1.000000  246.025645

***** summary of DEoptim object ***** 
best member   :  26.00448 -73.07315 1 246.0257 
best value    :  0.00698 
after         :  139 generations 
fn evaluated  :  280 times 
*************************************
