SLURM_JOB_ID: 55185187
SLURM_JOB_USER: vsc34066
SLURM_JOB_ACCOUNT: lp_desenderlab
SLURM_JOB_NAME: fit_alternating_fb_trim_skip.slurm
SLURM_CLUSTER_NAME: genius
SLURM_JOB_PARTITION: batch
SLURM_ARRAY_JOB_ID: 55185173
SLURM_ARRAY_TASK_ID: 14
SLURM_NNODES: 2
SLURM_NODELIST: r22i27n[02-03]
SLURM_JOB_CPUS_PER_NODE: 4(x2)
Date: Tue Aug  8 11:36:16 CEST 2023
Walltime: 00-23:59:00
========================================================================
Iteration: 1 bestvalit: 0.011086 bestmemit:   10.820136  -26.875961    1.000000  274.820270
Iteration: 2 bestvalit: 0.011086 bestmemit:   10.820136  -26.875961    1.000000  274.820270
Iteration: 3 bestvalit: 0.008509 bestmemit:   34.434564   97.783279    1.000000  163.725292
Iteration: 4 bestvalit: 0.008509 bestmemit:   34.434564   97.783279    1.000000  163.725292
Iteration: 5 bestvalit: 0.008509 bestmemit:   34.434564   97.783279    1.000000  163.725292
Iteration: 6 bestvalit: 0.008509 bestmemit:   34.434564   97.783279    1.000000  163.725292
Iteration: 7 bestvalit: 0.008509 bestmemit:   34.434564   97.783279    1.000000  163.725292
Iteration: 8 bestvalit: 0.008509 bestmemit:   34.434564   97.783279    1.000000  163.725292
Iteration: 9 bestvalit: 0.008509 bestmemit:   34.434564   97.783279    1.000000  163.725292
Iteration: 10 bestvalit: 0.008509 bestmemit:   34.434564   97.783279    1.000000  163.725292
Iteration: 11 bestvalit: 0.008509 bestmemit:   34.434564   97.783279    1.000000  163.725292
Iteration: 12 bestvalit: 0.008509 bestmemit:   34.434564   97.783279    1.000000  163.725292
Iteration: 13 bestvalit: 0.008509 bestmemit:   34.434564   97.783279    1.000000  163.725292
Iteration: 14 bestvalit: 0.008509 bestmemit:   34.434564   97.783279    1.000000  163.725292
Iteration: 15 bestvalit: 0.008509 bestmemit:   34.434564   97.783279    1.000000  163.725292
Iteration: 16 bestvalit: 0.008509 bestmemit:   34.434564   97.783279    1.000000  163.725292
Iteration: 17 bestvalit: 0.008509 bestmemit:   34.434564   97.783279    1.000000  163.725292
Iteration: 18 bestvalit: 0.008509 bestmemit:   34.434564   97.783279    1.000000  163.725292
Iteration: 19 bestvalit: 0.008509 bestmemit:   34.434564   97.783279    1.000000  163.725292
Iteration: 20 bestvalit: 0.008509 bestmemit:   34.434564   97.783279    1.000000  163.725292
Iteration: 21 bestvalit: 0.008509 bestmemit:   34.434564   97.783279    1.000000  163.725292
Iteration: 22 bestvalit: 0.008509 bestmemit:   34.434564   97.783279    1.000000  163.725292
Iteration: 23 bestvalit: 0.007234 bestmemit:   46.578758   78.437232    1.000000  262.105491
Iteration: 24 bestvalit: 0.007234 bestmemit:   46.578758   78.437232    1.000000  262.105491
Iteration: 25 bestvalit: 0.007234 bestmemit:   46.578758   78.437232    1.000000  262.105491
Iteration: 26 bestvalit: 0.007234 bestmemit:   46.578758   78.437232    1.000000  262.105491
Iteration: 27 bestvalit: 0.007234 bestmemit:   46.578758   78.437232    1.000000  262.105491
Iteration: 28 bestvalit: 0.007234 bestmemit:   46.578758   78.437232    1.000000  262.105491
Iteration: 29 bestvalit: 0.007234 bestmemit:   46.578758   78.437232    1.000000  262.105491
Iteration: 30 bestvalit: 0.007234 bestmemit:   46.578758   78.437232    1.000000  262.105491
Iteration: 31 bestvalit: 0.007234 bestmemit:   46.578758   78.437232    1.000000  262.105491
Iteration: 32 bestvalit: 0.007234 bestmemit:   46.578758   78.437232    1.000000  262.105491
Iteration: 33 bestvalit: 0.007234 bestmemit:   46.578758   78.437232    1.000000  262.105491
Iteration: 34 bestvalit: 0.007234 bestmemit:   46.578758   78.437232    1.000000  262.105491
Iteration: 35 bestvalit: 0.007234 bestmemit:   46.578758   78.437232    1.000000  262.105491
Iteration: 36 bestvalit: 0.007234 bestmemit:   46.578758   78.437232    1.000000  262.105491
Iteration: 37 bestvalit: 0.007234 bestmemit:   46.578758   78.437232    1.000000  262.105491
Iteration: 38 bestvalit: 0.007234 bestmemit:   46.578758   78.437232    1.000000  262.105491
Iteration: 39 bestvalit: 0.007234 bestmemit:   46.578758   78.437232    1.000000  262.105491
Iteration: 40 bestvalit: 0.007234 bestmemit:   46.578758   78.437232    1.000000  262.105491
Iteration: 41 bestvalit: 0.007234 bestmemit:   46.578758   78.437232    1.000000  262.105491
Iteration: 42 bestvalit: 0.007234 bestmemit:   46.578758   78.437232    1.000000  262.105491
Iteration: 43 bestvalit: 0.007234 bestmemit:   46.578758   78.437232    1.000000  262.105491
Iteration: 44 bestvalit: 0.007234 bestmemit:   46.578758   78.437232    1.000000  262.105491
Iteration: 45 bestvalit: 0.007234 bestmemit:   46.578758   78.437232    1.000000  262.105491
Iteration: 46 bestvalit: 0.007234 bestmemit:   46.578758   78.437232    1.000000  262.105491
Iteration: 47 bestvalit: 0.007234 bestmemit:   46.578758   78.437232    1.000000  262.105491
Iteration: 48 bestvalit: 0.007234 bestmemit:   46.578758   78.437232    1.000000  262.105491
Iteration: 49 bestvalit: 0.007234 bestmemit:   46.578758   78.437232    1.000000  262.105491
Iteration: 50 bestvalit: 0.007234 bestmemit:   46.578758   78.437232    1.000000  262.105491
Iteration: 51 bestvalit: 0.007234 bestmemit:   46.578758   78.437232    1.000000  262.105491
Iteration: 52 bestvalit: 0.007234 bestmemit:   46.578758   78.437232    1.000000  262.105491
Iteration: 53 bestvalit: 0.007234 bestmemit:   46.578758   78.437232    1.000000  262.105491
Iteration: 54 bestvalit: 0.007234 bestmemit:   46.578758   78.437232    1.000000  262.105491
Iteration: 55 bestvalit: 0.007234 bestmemit:   46.578758   78.437232    1.000000  262.105491
Iteration: 56 bestvalit: 0.007234 bestmemit:   46.578758   78.437232    1.000000  262.105491
Iteration: 57 bestvalit: 0.007234 bestmemit:   46.578758   78.437232    1.000000  262.105491
Iteration: 58 bestvalit: 0.007234 bestmemit:   46.578758   78.437232    1.000000  262.105491
Iteration: 59 bestvalit: 0.007046 bestmemit:    8.257475    0.399142    1.000000  220.425296
Iteration: 60 bestvalit: 0.007046 bestmemit:    8.257475    0.399142    1.000000  220.425296
Iteration: 61 bestvalit: 0.007046 bestmemit:    8.257475    0.399142    1.000000  220.425296
Iteration: 62 bestvalit: 0.007046 bestmemit:    8.257475    0.399142    1.000000  220.425296
Iteration: 63 bestvalit: 0.007046 bestmemit:    8.257475    0.399142    1.000000  220.425296
Iteration: 64 bestvalit: 0.007046 bestmemit:    8.257475    0.399142    1.000000  220.425296
Iteration: 65 bestvalit: 0.007046 bestmemit:    8.257475    0.399142    1.000000  220.425296
Iteration: 66 bestvalit: 0.007046 bestmemit:    8.257475    0.399142    1.000000  220.425296
Iteration: 67 bestvalit: 0.007046 bestmemit:    8.257475    0.399142    1.000000  220.425296
Iteration: 68 bestvalit: 0.007046 bestmemit:    8.257475    0.399142    1.000000  220.425296
Iteration: 69 bestvalit: 0.007046 bestmemit:    8.257475    0.399142    1.000000  220.425296
Iteration: 70 bestvalit: 0.007046 bestmemit:    8.257475    0.399142    1.000000  220.425296
Iteration: 71 bestvalit: 0.007046 bestmemit:    8.257475    0.399142    1.000000  220.425296
Iteration: 72 bestvalit: 0.007046 bestmemit:    8.257475    0.399142    1.000000  220.425296
Iteration: 73 bestvalit: 0.007046 bestmemit:    8.257475    0.399142    1.000000  220.425296
Iteration: 74 bestvalit: 0.007046 bestmemit:    8.257475    0.399142    1.000000  220.425296
Iteration: 75 bestvalit: 0.007046 bestmemit:    8.257475    0.399142    1.000000  220.425296
Iteration: 76 bestvalit: 0.007046 bestmemit:    8.257475    0.399142    1.000000  220.425296
Iteration: 77 bestvalit: 0.007046 bestmemit:    8.257475    0.399142    1.000000  220.425296
Iteration: 78 bestvalit: 0.007046 bestmemit:    8.257475    0.399142    1.000000  220.425296
Iteration: 79 bestvalit: 0.007046 bestmemit:    8.257475    0.399142    1.000000  220.425296
Iteration: 80 bestvalit: 0.007046 bestmemit:    8.257475    0.399142    1.000000  220.425296
Iteration: 81 bestvalit: 0.007046 bestmemit:    8.257475    0.399142    1.000000  220.425296
Iteration: 82 bestvalit: 0.007046 bestmemit:    8.257475    0.399142    1.000000  220.425296
Iteration: 83 bestvalit: 0.007046 bestmemit:    8.257475    0.399142    1.000000  220.425296
Iteration: 84 bestvalit: 0.007046 bestmemit:    8.257475    0.399142    1.000000  220.425296
Iteration: 85 bestvalit: 0.007046 bestmemit:    8.257475    0.399142    1.000000  220.425296
Iteration: 86 bestvalit: 0.007046 bestmemit:    8.257475    0.399142    1.000000  220.425296
Iteration: 87 bestvalit: 0.007046 bestmemit:    8.257475    0.399142    1.000000  220.425296
Iteration: 88 bestvalit: 0.007046 bestmemit:    8.257475    0.399142    1.000000  220.425296
Iteration: 89 bestvalit: 0.007046 bestmemit:    8.257475    0.399142    1.000000  220.425296
Iteration: 90 bestvalit: 0.007046 bestmemit:    8.257475    0.399142    1.000000  220.425296
Iteration: 91 bestvalit: 0.007046 bestmemit:    8.257475    0.399142    1.000000  220.425296
Iteration: 92 bestvalit: 0.007046 bestmemit:    8.257475    0.399142    1.000000  220.425296
Iteration: 93 bestvalit: 0.007046 bestmemit:    8.257475    0.399142    1.000000  220.425296
Iteration: 94 bestvalit: 0.007046 bestmemit:    8.257475    0.399142    1.000000  220.425296
Iteration: 95 bestvalit: 0.007046 bestmemit:    8.257475    0.399142    1.000000  220.425296
Iteration: 96 bestvalit: 0.007046 bestmemit:    8.257475    0.399142    1.000000  220.425296
Iteration: 97 bestvalit: 0.007046 bestmemit:    8.257475    0.399142    1.000000  220.425296
Iteration: 98 bestvalit: 0.007046 bestmemit:    8.257475    0.399142    1.000000  220.425296
Iteration: 99 bestvalit: 0.007046 bestmemit:    8.257475    0.399142    1.000000  220.425296
Iteration: 100 bestvalit: 0.007046 bestmemit:    8.257475    0.399142    1.000000  220.425296
Iteration: 101 bestvalit: 0.007046 bestmemit:    8.257475    0.399142    1.000000  220.425296
Iteration: 102 bestvalit: 0.007046 bestmemit:    8.257475    0.399142    1.000000  220.425296
Iteration: 103 bestvalit: 0.007046 bestmemit:    8.257475    0.399142    1.000000  220.425296
Iteration: 104 bestvalit: 0.007046 bestmemit:    8.257475    0.399142    1.000000  220.425296
Iteration: 105 bestvalit: 0.007046 bestmemit:    8.257475    0.399142    1.000000  220.425296
Iteration: 106 bestvalit: 0.007046 bestmemit:    8.257475    0.399142    1.000000  220.425296
Iteration: 107 bestvalit: 0.007046 bestmemit:    8.257475    0.399142    1.000000  220.425296
Iteration: 108 bestvalit: 0.007046 bestmemit:    8.257475    0.399142    1.000000  220.425296
Iteration: 109 bestvalit: 0.007046 bestmemit:    8.257475    0.399142    1.000000  220.425296
Iteration: 110 bestvalit: 0.007046 bestmemit:    8.257475    0.399142    1.000000  220.425296
Iteration: 111 bestvalit: 0.007046 bestmemit:    8.257475    0.399142    1.000000  220.425296
Iteration: 112 bestvalit: 0.007046 bestmemit:    8.257475    0.399142    1.000000  220.425296
Iteration: 113 bestvalit: 0.007046 bestmemit:    8.257475    0.399142    1.000000  220.425296
Iteration: 114 bestvalit: 0.007046 bestmemit:    8.257475    0.399142    1.000000  220.425296
Iteration: 115 bestvalit: 0.007046 bestmemit:    8.257475    0.399142    1.000000  220.425296
Iteration: 116 bestvalit: 0.007046 bestmemit:    8.257475    0.399142    1.000000  220.425296
Iteration: 117 bestvalit: 0.007046 bestmemit:    8.257475    0.399142    1.000000  220.425296
Iteration: 118 bestvalit: 0.007046 bestmemit:    8.257475    0.399142    1.000000  220.425296
Iteration: 119 bestvalit: 0.007046 bestmemit:    8.257475    0.399142    1.000000  220.425296
Iteration: 120 bestvalit: 0.007046 bestmemit:    8.257475    0.399142    1.000000  220.425296
Iteration: 121 bestvalit: 0.007046 bestmemit:    8.257475    0.399142    1.000000  220.425296
Iteration: 122 bestvalit: 0.007046 bestmemit:    8.257475    0.399142    1.000000  220.425296
Iteration: 123 bestvalit: 0.007046 bestmemit:    8.257475    0.399142    1.000000  220.425296
Iteration: 124 bestvalit: 0.007046 bestmemit:    8.257475    0.399142    1.000000  220.425296
Iteration: 125 bestvalit: 0.007046 bestmemit:    8.257475    0.399142    1.000000  220.425296
Iteration: 126 bestvalit: 0.007046 bestmemit:    8.257475    0.399142    1.000000  220.425296
Iteration: 127 bestvalit: 0.007046 bestmemit:    8.257475    0.399142    1.000000  220.425296
Iteration: 128 bestvalit: 0.007046 bestmemit:    8.257475    0.399142    1.000000  220.425296
Iteration: 129 bestvalit: 0.007046 bestmemit:    8.257475    0.399142    1.000000  220.425296
Iteration: 130 bestvalit: 0.007046 bestmemit:    8.257475    0.399142    1.000000  220.425296

***** summary of DEoptim object ***** 
best member   :  8.25747 0.39914 1 220.4253 
best value    :  0.00705 
after         :  130 generations 
fn evaluated  :  262 times 
*************************************
