SLURM_JOB_ID: 55185231
SLURM_JOB_USER: vsc34066
SLURM_JOB_ACCOUNT: lp_desenderlab
SLURM_JOB_NAME: fit_alternating_fb_trim_skip.slurm
SLURM_CLUSTER_NAME: genius
SLURM_JOB_PARTITION: batch
SLURM_ARRAY_JOB_ID: 55185173
SLURM_ARRAY_TASK_ID: 58
SLURM_NNODES: 2
SLURM_NODELIST: r27i27n[10-11]
SLURM_JOB_CPUS_PER_NODE: 4(x2)
Date: Tue Aug  8 11:36:21 CEST 2023
Walltime: 00-23:59:00
========================================================================
Iteration: 1 bestvalit: 0.005813 bestmemit:   33.638935   40.247515    1.000000  252.275518
Iteration: 2 bestvalit: 0.005801 bestmemit:   41.333009   25.647958    1.000000  226.251071
Iteration: 3 bestvalit: 0.005550 bestmemit:   36.589944   25.647958    1.000000  226.251071
Iteration: 4 bestvalit: 0.005550 bestmemit:   36.589944   25.647958    1.000000  226.251071
Iteration: 5 bestvalit: 0.005550 bestmemit:   36.589944   25.647958    1.000000  226.251071
Iteration: 6 bestvalit: 0.005550 bestmemit:   36.589944   25.647958    1.000000  226.251071
Iteration: 7 bestvalit: 0.005550 bestmemit:   36.589944   25.647958    1.000000  226.251071
Iteration: 8 bestvalit: 0.005244 bestmemit:   20.167459  -31.060942    1.000000  283.276821
Iteration: 9 bestvalit: 0.005244 bestmemit:   20.167459  -31.060942    1.000000  283.276821
Iteration: 10 bestvalit: 0.005244 bestmemit:   20.167459  -31.060942    1.000000  283.276821
Iteration: 11 bestvalit: 0.005244 bestmemit:   20.167459  -31.060942    1.000000  283.276821
Iteration: 12 bestvalit: 0.005244 bestmemit:   20.167459  -31.060942    1.000000  283.276821
Iteration: 13 bestvalit: 0.005229 bestmemit:   24.819418   63.493974    1.000000  309.139649
Iteration: 14 bestvalit: 0.005229 bestmemit:   24.819418   63.493974    1.000000  309.139649
Iteration: 15 bestvalit: 0.005229 bestmemit:   24.819418   63.493974    1.000000  309.139649
Iteration: 16 bestvalit: 0.005229 bestmemit:   24.819418   63.493974    1.000000  309.139649
Iteration: 17 bestvalit: 0.005171 bestmemit:   23.214893   22.734479    1.000000  310.124401
Iteration: 18 bestvalit: 0.005171 bestmemit:   23.214893   22.734479    1.000000  310.124401
Iteration: 19 bestvalit: 0.005171 bestmemit:   23.214893   22.734479    1.000000  310.124401
Iteration: 20 bestvalit: 0.004833 bestmemit:   33.638935  -78.426934    1.000000  270.773170
Iteration: 21 bestvalit: 0.004833 bestmemit:   33.638935  -78.426934    1.000000  270.773170
Iteration: 22 bestvalit: 0.004833 bestmemit:   33.638935  -78.426934    1.000000  270.773170
Iteration: 23 bestvalit: 0.004833 bestmemit:   33.638935  -78.426934    1.000000  270.773170
Iteration: 24 bestvalit: 0.004833 bestmemit:   33.638935  -78.426934    1.000000  270.773170
Iteration: 25 bestvalit: 0.004833 bestmemit:   33.638935  -78.426934    1.000000  270.773170
Iteration: 26 bestvalit: 0.004833 bestmemit:   33.638935  -78.426934    1.000000  270.773170
Iteration: 27 bestvalit: 0.004833 bestmemit:   33.638935  -78.426934    1.000000  270.773170
Iteration: 28 bestvalit: 0.004833 bestmemit:   33.638935  -78.426934    1.000000  270.773170
Iteration: 29 bestvalit: 0.004833 bestmemit:   33.638935  -78.426934    1.000000  270.773170
Iteration: 30 bestvalit: 0.004833 bestmemit:   33.638935  -78.426934    1.000000  270.773170
Iteration: 31 bestvalit: 0.004833 bestmemit:   33.638935  -78.426934    1.000000  270.773170
Iteration: 32 bestvalit: 0.004833 bestmemit:   33.638935  -78.426934    1.000000  270.773170
Iteration: 33 bestvalit: 0.004833 bestmemit:   33.638935  -78.426934    1.000000  270.773170
Iteration: 34 bestvalit: 0.004833 bestmemit:   33.638935  -78.426934    1.000000  270.773170
Iteration: 35 bestvalit: 0.004833 bestmemit:   33.638935  -78.426934    1.000000  270.773170
Iteration: 36 bestvalit: 0.004833 bestmemit:   33.638935  -78.426934    1.000000  270.773170
Iteration: 37 bestvalit: 0.004833 bestmemit:   33.638935  -78.426934    1.000000  270.773170
Iteration: 38 bestvalit: 0.004833 bestmemit:   33.638935  -78.426934    1.000000  270.773170
Iteration: 39 bestvalit: 0.004833 bestmemit:   33.638935  -78.426934    1.000000  270.773170
Iteration: 40 bestvalit: 0.004833 bestmemit:   33.638935  -78.426934    1.000000  270.773170
Iteration: 41 bestvalit: 0.004833 bestmemit:   33.638935  -78.426934    1.000000  270.773170
Iteration: 42 bestvalit: 0.004833 bestmemit:   33.638935  -78.426934    1.000000  270.773170
Iteration: 43 bestvalit: 0.004833 bestmemit:   33.638935  -78.426934    1.000000  270.773170
Iteration: 44 bestvalit: 0.004833 bestmemit:   33.638935  -78.426934    1.000000  270.773170
Iteration: 45 bestvalit: 0.004833 bestmemit:   33.638935  -78.426934    1.000000  270.773170
Iteration: 46 bestvalit: 0.004833 bestmemit:   33.638935  -78.426934    1.000000  270.773170
Iteration: 47 bestvalit: 0.004833 bestmemit:   33.638935  -78.426934    1.000000  270.773170
Iteration: 48 bestvalit: 0.004833 bestmemit:   33.638935  -78.426934    1.000000  270.773170
Iteration: 49 bestvalit: 0.004833 bestmemit:   33.638935  -78.426934    1.000000  270.773170
Iteration: 50 bestvalit: 0.004833 bestmemit:   33.638935  -78.426934    1.000000  270.773170
Iteration: 51 bestvalit: 0.004833 bestmemit:   33.638935  -78.426934    1.000000  270.773170
Iteration: 52 bestvalit: 0.004833 bestmemit:   33.638935  -78.426934    1.000000  270.773170
Iteration: 53 bestvalit: 0.004833 bestmemit:   33.638935  -78.426934    1.000000  270.773170
Iteration: 54 bestvalit: 0.004833 bestmemit:   33.638935  -78.426934    1.000000  270.773170
Iteration: 55 bestvalit: 0.004833 bestmemit:   33.638935  -78.426934    1.000000  270.773170
Iteration: 56 bestvalit: 0.004833 bestmemit:   33.638935  -78.426934    1.000000  270.773170
Iteration: 57 bestvalit: 0.004833 bestmemit:   33.638935  -78.426934    1.000000  270.773170
Iteration: 58 bestvalit: 0.004833 bestmemit:   33.638935  -78.426934    1.000000  270.773170
Iteration: 59 bestvalit: 0.004833 bestmemit:   33.638935  -78.426934    1.000000  270.773170
Iteration: 60 bestvalit: 0.004833 bestmemit:   33.638935  -78.426934    1.000000  270.773170
Iteration: 61 bestvalit: 0.004833 bestmemit:   33.638935  -78.426934    1.000000  270.773170
Iteration: 62 bestvalit: 0.004833 bestmemit:   33.638935  -78.426934    1.000000  270.773170
Iteration: 63 bestvalit: 0.004833 bestmemit:   33.638935  -78.426934    1.000000  270.773170
Iteration: 64 bestvalit: 0.004833 bestmemit:   33.638935  -78.426934    1.000000  270.773170
Iteration: 65 bestvalit: 0.004833 bestmemit:   33.638935  -78.426934    1.000000  270.773170
Iteration: 66 bestvalit: 0.004833 bestmemit:   33.638935  -78.426934    1.000000  270.773170
Iteration: 67 bestvalit: 0.004833 bestmemit:   33.638935  -78.426934    1.000000  270.773170
Iteration: 68 bestvalit: 0.004833 bestmemit:   33.638935  -78.426934    1.000000  270.773170
Iteration: 69 bestvalit: 0.004833 bestmemit:   33.638935  -78.426934    1.000000  270.773170
Iteration: 70 bestvalit: 0.004833 bestmemit:   33.638935  -78.426934    1.000000  270.773170
Iteration: 71 bestvalit: 0.004833 bestmemit:   33.638935  -78.426934    1.000000  270.773170
Iteration: 72 bestvalit: 0.004833 bestmemit:   33.638935  -78.426934    1.000000  270.773170
Iteration: 73 bestvalit: 0.004833 bestmemit:   33.638935  -78.426934    1.000000  270.773170
Iteration: 74 bestvalit: 0.004833 bestmemit:   33.638935  -78.426934    1.000000  270.773170
Iteration: 75 bestvalit: 0.004731 bestmemit:   36.928287    8.751800    1.000000  285.362621
Iteration: 76 bestvalit: 0.004731 bestmemit:   36.928287    8.751800    1.000000  285.362621
Iteration: 77 bestvalit: 0.004731 bestmemit:   36.928287    8.751800    1.000000  285.362621
Iteration: 78 bestvalit: 0.004731 bestmemit:   36.928287    8.751800    1.000000  285.362621
Iteration: 79 bestvalit: 0.004731 bestmemit:   36.928287    8.751800    1.000000  285.362621
Iteration: 80 bestvalit: 0.004731 bestmemit:   36.928287    8.751800    1.000000  285.362621
Iteration: 81 bestvalit: 0.004731 bestmemit:   36.928287    8.751800    1.000000  285.362621
Iteration: 82 bestvalit: 0.004731 bestmemit:   36.928287    8.751800    1.000000  285.362621
Iteration: 83 bestvalit: 0.004731 bestmemit:   36.928287    8.751800    1.000000  285.362621
Iteration: 84 bestvalit: 0.004731 bestmemit:   36.928287    8.751800    1.000000  285.362621
Iteration: 85 bestvalit: 0.004731 bestmemit:   36.928287    8.751800    1.000000  285.362621
Iteration: 86 bestvalit: 0.004731 bestmemit:   36.928287    8.751800    1.000000  285.362621
Iteration: 87 bestvalit: 0.004731 bestmemit:   36.928287    8.751800    1.000000  285.362621
Iteration: 88 bestvalit: 0.004731 bestmemit:   36.928287    8.751800    1.000000  285.362621
Iteration: 89 bestvalit: 0.004731 bestmemit:   36.928287    8.751800    1.000000  285.362621
Iteration: 90 bestvalit: 0.004731 bestmemit:   36.928287    8.751800    1.000000  285.362621
Iteration: 91 bestvalit: 0.004731 bestmemit:   36.928287    8.751800    1.000000  285.362621
Iteration: 92 bestvalit: 0.004731 bestmemit:   36.928287    8.751800    1.000000  285.362621
Iteration: 93 bestvalit: 0.004731 bestmemit:   36.928287    8.751800    1.000000  285.362621
Iteration: 94 bestvalit: 0.004706 bestmemit:    1.891777   50.065063    1.000000  262.958342
Iteration: 95 bestvalit: 0.004706 bestmemit:    1.891777   50.065063    1.000000  262.958342
Iteration: 96 bestvalit: 0.004706 bestmemit:    1.891777   50.065063    1.000000  262.958342
Iteration: 97 bestvalit: 0.004706 bestmemit:    1.891777   50.065063    1.000000  262.958342
Iteration: 98 bestvalit: 0.004706 bestmemit:    1.891777   50.065063    1.000000  262.958342
Iteration: 99 bestvalit: 0.004706 bestmemit:    1.891777   50.065063    1.000000  262.958342
Iteration: 100 bestvalit: 0.004706 bestmemit:    1.891777   50.065063    1.000000  262.958342
Iteration: 101 bestvalit: 0.004706 bestmemit:    1.891777   50.065063    1.000000  262.958342
Iteration: 102 bestvalit: 0.004706 bestmemit:    1.891777   50.065063    1.000000  262.958342
Iteration: 103 bestvalit: 0.004706 bestmemit:    1.891777   50.065063    1.000000  262.958342
Iteration: 104 bestvalit: 0.004706 bestmemit:    1.891777   50.065063    1.000000  262.958342
Iteration: 105 bestvalit: 0.004706 bestmemit:    1.891777   50.065063    1.000000  262.958342
Iteration: 106 bestvalit: 0.004706 bestmemit:    1.891777   50.065063    1.000000  262.958342
Iteration: 107 bestvalit: 0.004706 bestmemit:    1.891777   50.065063    1.000000  262.958342
Iteration: 108 bestvalit: 0.004706 bestmemit:    1.891777   50.065063    1.000000  262.958342
Iteration: 109 bestvalit: 0.004706 bestmemit:    1.891777   50.065063    1.000000  262.958342
Iteration: 110 bestvalit: 0.004706 bestmemit:    1.891777   50.065063    1.000000  262.958342
Iteration: 111 bestvalit: 0.004706 bestmemit:    1.891777   50.065063    1.000000  262.958342
Iteration: 112 bestvalit: 0.004706 bestmemit:    1.891777   50.065063    1.000000  262.958342
Iteration: 113 bestvalit: 0.004706 bestmemit:    1.891777   50.065063    1.000000  262.958342
Iteration: 114 bestvalit: 0.004706 bestmemit:    1.891777   50.065063    1.000000  262.958342
Iteration: 115 bestvalit: 0.004706 bestmemit:    1.891777   50.065063    1.000000  262.958342
Iteration: 116 bestvalit: 0.004706 bestmemit:    1.891777   50.065063    1.000000  262.958342
Iteration: 117 bestvalit: 0.004706 bestmemit:    1.891777   50.065063    1.000000  262.958342
Iteration: 118 bestvalit: 0.004706 bestmemit:    1.891777   50.065063    1.000000  262.958342
Iteration: 119 bestvalit: 0.004706 bestmemit:    1.891777   50.065063    1.000000  262.958342
Iteration: 120 bestvalit: 0.004706 bestmemit:    1.891777   50.065063    1.000000  262.958342
Iteration: 121 bestvalit: 0.004706 bestmemit:    1.891777   50.065063    1.000000  262.958342
Iteration: 122 bestvalit: 0.004706 bestmemit:    1.891777   50.065063    1.000000  262.958342
Iteration: 123 bestvalit: 0.004706 bestmemit:    1.891777   50.065063    1.000000  262.958342
Iteration: 124 bestvalit: 0.004706 bestmemit:    1.891777   50.065063    1.000000  262.958342
Iteration: 125 bestvalit: 0.004706 bestmemit:    1.891777   50.065063    1.000000  262.958342
Iteration: 126 bestvalit: 0.004706 bestmemit:    1.891777   50.065063    1.000000  262.958342
Iteration: 127 bestvalit: 0.004706 bestmemit:    1.891777   50.065063    1.000000  262.958342
Iteration: 128 bestvalit: 0.004680 bestmemit:   34.724555   -6.038759    1.000000  278.489808
Iteration: 129 bestvalit: 0.004680 bestmemit:   34.724555   -6.038759    1.000000  278.489808
Iteration: 130 bestvalit: 0.004680 bestmemit:   34.724555   -6.038759    1.000000  278.489808
Iteration: 131 bestvalit: 0.004680 bestmemit:   34.724555   -6.038759    1.000000  278.489808
Iteration: 132 bestvalit: 0.004680 bestmemit:   34.724555   -6.038759    1.000000  278.489808
Iteration: 133 bestvalit: 0.004621 bestmemit:   31.269916   20.713651    1.000000  253.448862
Iteration: 134 bestvalit: 0.004621 bestmemit:   31.269916   20.713651    1.000000  253.448862
Iteration: 135 bestvalit: 0.004621 bestmemit:   31.269916   20.713651    1.000000  253.448862
Iteration: 136 bestvalit: 0.004621 bestmemit:   31.269916   20.713651    1.000000  253.448862
Iteration: 137 bestvalit: 0.004621 bestmemit:   31.269916   20.713651    1.000000  253.448862
Iteration: 138 bestvalit: 0.004621 bestmemit:   31.269916   20.713651    1.000000  253.448862
Iteration: 139 bestvalit: 0.004621 bestmemit:   31.269916   20.713651    1.000000  253.448862
Iteration: 140 bestvalit: 0.004621 bestmemit:   31.269916   20.713651    1.000000  253.448862
Iteration: 141 bestvalit: 0.004621 bestmemit:   31.269916   20.713651    1.000000  253.448862
Iteration: 142 bestvalit: 0.004621 bestmemit:   31.269916   20.713651    1.000000  253.448862
Iteration: 143 bestvalit: 0.004621 bestmemit:   31.269916   20.713651    1.000000  253.448862
Iteration: 144 bestvalit: 0.004621 bestmemit:   31.269916   20.713651    1.000000  253.448862
Iteration: 145 bestvalit: 0.004621 bestmemit:   31.269916   20.713651    1.000000  253.448862
Iteration: 146 bestvalit: 0.004621 bestmemit:   31.269916   20.713651    1.000000  253.448862
Iteration: 147 bestvalit: 0.004621 bestmemit:   31.269916   20.713651    1.000000  253.448862
Iteration: 148 bestvalit: 0.004621 bestmemit:   31.269916   20.713651    1.000000  253.448862
Iteration: 149 bestvalit: 0.004621 bestmemit:   31.269916   20.713651    1.000000  253.448862
Iteration: 150 bestvalit: 0.004621 bestmemit:   31.269916   20.713651    1.000000  253.448862
Iteration: 151 bestvalit: 0.004621 bestmemit:   31.269916   20.713651    1.000000  253.448862
Iteration: 152 bestvalit: 0.004621 bestmemit:   31.269916   20.713651    1.000000  253.448862
Iteration: 153 bestvalit: 0.004621 bestmemit:   31.269916   20.713651    1.000000  253.448862
Iteration: 154 bestvalit: 0.004621 bestmemit:   31.269916   20.713651    1.000000  253.448862
Iteration: 155 bestvalit: 0.004621 bestmemit:   31.269916   20.713651    1.000000  253.448862
Iteration: 156 bestvalit: 0.004621 bestmemit:   31.269916   20.713651    1.000000  253.448862
Iteration: 157 bestvalit: 0.004564 bestmemit:   30.754653   61.142832    1.000000  250.536923
Iteration: 158 bestvalit: 0.004564 bestmemit:   30.754653   61.142832    1.000000  250.536923
Iteration: 159 bestvalit: 0.004564 bestmemit:   30.754653   61.142832    1.000000  250.536923
Iteration: 160 bestvalit: 0.004564 bestmemit:   30.754653   61.142832    1.000000  250.536923
Iteration: 161 bestvalit: 0.004564 bestmemit:   30.754653   61.142832    1.000000  250.536923
Iteration: 162 bestvalit: 0.004564 bestmemit:   30.754653   61.142832    1.000000  250.536923
Iteration: 163 bestvalit: 0.004564 bestmemit:   30.754653   61.142832    1.000000  250.536923
Iteration: 164 bestvalit: 0.004564 bestmemit:   30.754653   61.142832    1.000000  250.536923
Iteration: 165 bestvalit: 0.004564 bestmemit:   30.754653   61.142832    1.000000  250.536923
Iteration: 166 bestvalit: 0.004564 bestmemit:   30.754653   61.142832    1.000000  250.536923
Iteration: 167 bestvalit: 0.004564 bestmemit:   30.754653   61.142832    1.000000  250.536923
Iteration: 168 bestvalit: 0.004564 bestmemit:   30.754653   61.142832    1.000000  250.536923
Iteration: 169 bestvalit: 0.004564 bestmemit:   30.754653   61.142832    1.000000  250.536923
Iteration: 170 bestvalit: 0.004564 bestmemit:   30.754653   61.142832    1.000000  250.536923
Iteration: 171 bestvalit: 0.004564 bestmemit:   30.754653   61.142832    1.000000  250.536923
Iteration: 172 bestvalit: 0.004564 bestmemit:   30.754653   61.142832    1.000000  250.536923
Iteration: 173 bestvalit: 0.004564 bestmemit:   30.754653   61.142832    1.000000  250.536923
Iteration: 174 bestvalit: 0.004564 bestmemit:   30.754653   61.142832    1.000000  250.536923
Iteration: 175 bestvalit: 0.004564 bestmemit:   30.754653   61.142832    1.000000  250.536923
Iteration: 176 bestvalit: 0.004564 bestmemit:   30.754653   61.142832    1.000000  250.536923
Iteration: 177 bestvalit: 0.004502 bestmemit:   15.940405   50.065063    1.000000  217.172309
Iteration: 178 bestvalit: 0.004502 bestmemit:   15.940405   50.065063    1.000000  217.172309
Iteration: 179 bestvalit: 0.004502 bestmemit:   15.940405   50.065063    1.000000  217.172309
Iteration: 180 bestvalit: 0.004502 bestmemit:   15.940405   50.065063    1.000000  217.172309
Iteration: 181 bestvalit: 0.004502 bestmemit:   15.940405   50.065063    1.000000  217.172309
Iteration: 182 bestvalit: 0.004502 bestmemit:   15.940405   50.065063    1.000000  217.172309
Iteration: 183 bestvalit: 0.004502 bestmemit:   15.940405   50.065063    1.000000  217.172309
Iteration: 184 bestvalit: 0.004502 bestmemit:   15.940405   50.065063    1.000000  217.172309
Iteration: 185 bestvalit: 0.004502 bestmemit:   15.940405   50.065063    1.000000  217.172309
Iteration: 186 bestvalit: 0.004502 bestmemit:   15.940405   50.065063    1.000000  217.172309
Iteration: 187 bestvalit: 0.004502 bestmemit:   15.940405   50.065063    1.000000  217.172309
Iteration: 188 bestvalit: 0.004502 bestmemit:   15.940405   50.065063    1.000000  217.172309
Iteration: 189 bestvalit: 0.004502 bestmemit:   15.940405   50.065063    1.000000  217.172309
Iteration: 190 bestvalit: 0.004502 bestmemit:   15.940405   50.065063    1.000000  217.172309
Iteration: 191 bestvalit: 0.004502 bestmemit:   15.940405   50.065063    1.000000  217.172309
Iteration: 192 bestvalit: 0.004502 bestmemit:   15.940405   50.065063    1.000000  217.172309
Iteration: 193 bestvalit: 0.004502 bestmemit:   15.940405   50.065063    1.000000  217.172309
Iteration: 194 bestvalit: 0.004502 bestmemit:   15.940405   50.065063    1.000000  217.172309
Iteration: 195 bestvalit: 0.004502 bestmemit:   15.940405   50.065063    1.000000  217.172309
Iteration: 196 bestvalit: 0.004502 bestmemit:   15.940405   50.065063    1.000000  217.172309
Iteration: 197 bestvalit: 0.004502 bestmemit:   15.940405   50.065063    1.000000  217.172309
Iteration: 198 bestvalit: 0.004502 bestmemit:   15.940405   50.065063    1.000000  217.172309
Iteration: 199 bestvalit: 0.004502 bestmemit:   15.940405   50.065063    1.000000  217.172309
Iteration: 200 bestvalit: 0.004502 bestmemit:   15.940405   50.065063    1.000000  217.172309
Iteration: 201 bestvalit: 0.004502 bestmemit:   15.940405   50.065063    1.000000  217.172309
Iteration: 202 bestvalit: 0.004502 bestmemit:   15.940405   50.065063    1.000000  217.172309
Iteration: 203 bestvalit: 0.004502 bestmemit:   15.940405   50.065063    1.000000  217.172309
Iteration: 204 bestvalit: 0.004502 bestmemit:   15.940405   50.065063    1.000000  217.172309
Iteration: 205 bestvalit: 0.004502 bestmemit:   15.940405   50.065063    1.000000  217.172309
Iteration: 206 bestvalit: 0.004502 bestmemit:   15.940405   50.065063    1.000000  217.172309
Iteration: 207 bestvalit: 0.004502 bestmemit:   15.940405   50.065063    1.000000  217.172309
Iteration: 208 bestvalit: 0.004502 bestmemit:   15.940405   50.065063    1.000000  217.172309
Iteration: 209 bestvalit: 0.004502 bestmemit:   15.940405   50.065063    1.000000  217.172309
Iteration: 210 bestvalit: 0.004502 bestmemit:   15.940405   50.065063    1.000000  217.172309
Iteration: 211 bestvalit: 0.004502 bestmemit:   15.940405   50.065063    1.000000  217.172309
Iteration: 212 bestvalit: 0.004502 bestmemit:   15.940405   50.065063    1.000000  217.172309
Iteration: 213 bestvalit: 0.004502 bestmemit:   15.940405   50.065063    1.000000  217.172309
Iteration: 214 bestvalit: 0.004502 bestmemit:   15.940405   50.065063    1.000000  217.172309
Iteration: 215 bestvalit: 0.004502 bestmemit:   15.940405   50.065063    1.000000  217.172309
Iteration: 216 bestvalit: 0.004502 bestmemit:   15.940405   50.065063    1.000000  217.172309
Iteration: 217 bestvalit: 0.004502 bestmemit:   15.940405   50.065063    1.000000  217.172309
Iteration: 218 bestvalit: 0.004502 bestmemit:   15.940405   50.065063    1.000000  217.172309
Iteration: 219 bestvalit: 0.004502 bestmemit:   15.940405   50.065063    1.000000  217.172309
Iteration: 220 bestvalit: 0.004502 bestmemit:   15.940405   50.065063    1.000000  217.172309
Iteration: 221 bestvalit: 0.004502 bestmemit:   15.940405   50.065063    1.000000  217.172309
Iteration: 222 bestvalit: 0.004481 bestmemit:   37.434870   27.781646    1.000000  246.079266
Iteration: 223 bestvalit: 0.004481 bestmemit:   37.434870   27.781646    1.000000  246.079266
Iteration: 224 bestvalit: 0.004481 bestmemit:   37.434870   27.781646    1.000000  246.079266
Iteration: 225 bestvalit: 0.004481 bestmemit:   37.434870   27.781646    1.000000  246.079266
Iteration: 226 bestvalit: 0.004481 bestmemit:   37.434870   27.781646    1.000000  246.079266
Iteration: 227 bestvalit: 0.004481 bestmemit:   37.434870   27.781646    1.000000  246.079266
Iteration: 228 bestvalit: 0.004374 bestmemit:   25.608258   53.334121    1.000000  282.107657
Iteration: 229 bestvalit: 0.004374 bestmemit:   25.608258   53.334121    1.000000  282.107657
Iteration: 230 bestvalit: 0.004374 bestmemit:   25.608258   53.334121    1.000000  282.107657
Iteration: 231 bestvalit: 0.004374 bestmemit:   25.608258   53.334121    1.000000  282.107657
Iteration: 232 bestvalit: 0.004374 bestmemit:   25.608258   53.334121    1.000000  282.107657
Iteration: 233 bestvalit: 0.004374 bestmemit:   25.608258   53.334121    1.000000  282.107657
Iteration: 234 bestvalit: 0.004374 bestmemit:   25.608258   53.334121    1.000000  282.107657
Iteration: 235 bestvalit: 0.004374 bestmemit:   25.608258   53.334121    1.000000  282.107657
Iteration: 236 bestvalit: 0.004374 bestmemit:   25.608258   53.334121    1.000000  282.107657
Iteration: 237 bestvalit: 0.004374 bestmemit:   25.608258   53.334121    1.000000  282.107657
Iteration: 238 bestvalit: 0.004374 bestmemit:   25.608258   53.334121    1.000000  282.107657
Iteration: 239 bestvalit: 0.004374 bestmemit:   25.608258   53.334121    1.000000  282.107657
Iteration: 240 bestvalit: 0.004374 bestmemit:   25.608258   53.334121    1.000000  282.107657
Iteration: 241 bestvalit: 0.004374 bestmemit:   25.608258   53.334121    1.000000  282.107657
Iteration: 242 bestvalit: 0.004374 bestmemit:   25.608258   53.334121    1.000000  282.107657
Iteration: 243 bestvalit: 0.004374 bestmemit:   25.608258   53.334121    1.000000  282.107657
Iteration: 244 bestvalit: 0.004374 bestmemit:   25.608258   53.334121    1.000000  282.107657
Iteration: 245 bestvalit: 0.004374 bestmemit:   25.608258   53.334121    1.000000  282.107657
Iteration: 246 bestvalit: 0.004374 bestmemit:   25.608258   53.334121    1.000000  282.107657
Iteration: 247 bestvalit: 0.004374 bestmemit:   25.608258   53.334121    1.000000  282.107657
Iteration: 248 bestvalit: 0.004374 bestmemit:   25.608258   53.334121    1.000000  282.107657
Iteration: 249 bestvalit: 0.004374 bestmemit:   25.608258   53.334121    1.000000  282.107657
Iteration: 250 bestvalit: 0.004374 bestmemit:   25.608258   53.334121    1.000000  282.107657
Iteration: 251 bestvalit: 0.004374 bestmemit:   25.608258   53.334121    1.000000  282.107657
Iteration: 252 bestvalit: 0.004374 bestmemit:   25.608258   53.334121    1.000000  282.107657
Iteration: 253 bestvalit: 0.004374 bestmemit:   25.608258   53.334121    1.000000  282.107657
Iteration: 254 bestvalit: 0.004374 bestmemit:   25.608258   53.334121    1.000000  282.107657
Iteration: 255 bestvalit: 0.004374 bestmemit:   25.608258   53.334121    1.000000  282.107657
Iteration: 256 bestvalit: 0.004374 bestmemit:   25.608258   53.334121    1.000000  282.107657
Iteration: 257 bestvalit: 0.004374 bestmemit:   25.608258   53.334121    1.000000  282.107657
Iteration: 258 bestvalit: 0.004374 bestmemit:   25.608258   53.334121    1.000000  282.107657
Iteration: 259 bestvalit: 0.004374 bestmemit:   25.608258   53.334121    1.000000  282.107657
Iteration: 260 bestvalit: 0.004374 bestmemit:   25.608258   53.334121    1.000000  282.107657
Iteration: 261 bestvalit: 0.004374 bestmemit:   25.608258   53.334121    1.000000  282.107657
Iteration: 262 bestvalit: 0.004374 bestmemit:   25.608258   53.334121    1.000000  282.107657
Iteration: 263 bestvalit: 0.004374 bestmemit:   25.608258   53.334121    1.000000  282.107657
Iteration: 264 bestvalit: 0.004374 bestmemit:   25.608258   53.334121    1.000000  282.107657
Iteration: 265 bestvalit: 0.004374 bestmemit:   25.608258   53.334121    1.000000  282.107657
Iteration: 266 bestvalit: 0.004374 bestmemit:   25.608258   53.334121    1.000000  282.107657
Iteration: 267 bestvalit: 0.004374 bestmemit:   25.608258   53.334121    1.000000  282.107657
Iteration: 268 bestvalit: 0.004374 bestmemit:   25.608258   53.334121    1.000000  282.107657
Iteration: 269 bestvalit: 0.004374 bestmemit:   25.608258   53.334121    1.000000  282.107657
Iteration: 270 bestvalit: 0.004374 bestmemit:   25.608258   53.334121    1.000000  282.107657
Iteration: 271 bestvalit: 0.004374 bestmemit:   25.608258   53.334121    1.000000  282.107657
Iteration: 272 bestvalit: 0.004374 bestmemit:   25.608258   53.334121    1.000000  282.107657
Iteration: 273 bestvalit: 0.004374 bestmemit:   25.608258   53.334121    1.000000  282.107657
Iteration: 274 bestvalit: 0.004374 bestmemit:   25.608258   53.334121    1.000000  282.107657
Iteration: 275 bestvalit: 0.004374 bestmemit:   25.608258   53.334121    1.000000  282.107657
Iteration: 276 bestvalit: 0.004374 bestmemit:   25.608258   53.334121    1.000000  282.107657
Iteration: 277 bestvalit: 0.004374 bestmemit:   25.608258   53.334121    1.000000  282.107657
Iteration: 278 bestvalit: 0.004374 bestmemit:   25.608258   53.334121    1.000000  282.107657
Iteration: 279 bestvalit: 0.004374 bestmemit:   25.608258   53.334121    1.000000  282.107657
Iteration: 280 bestvalit: 0.004374 bestmemit:   25.608258   53.334121    1.000000  282.107657
Iteration: 281 bestvalit: 0.004374 bestmemit:   25.608258   53.334121    1.000000  282.107657
Iteration: 282 bestvalit: 0.004374 bestmemit:   25.608258   53.334121    1.000000  282.107657
Iteration: 283 bestvalit: 0.004374 bestmemit:   25.608258   53.334121    1.000000  282.107657
Iteration: 284 bestvalit: 0.004374 bestmemit:   25.608258   53.334121    1.000000  282.107657
Iteration: 285 bestvalit: 0.004374 bestmemit:   25.608258   53.334121    1.000000  282.107657
Iteration: 286 bestvalit: 0.004374 bestmemit:   25.608258   53.334121    1.000000  282.107657
Iteration: 287 bestvalit: 0.004374 bestmemit:   25.608258   53.334121    1.000000  282.107657
Iteration: 288 bestvalit: 0.004374 bestmemit:   25.608258   53.334121    1.000000  282.107657
Iteration: 289 bestvalit: 0.004374 bestmemit:   25.608258   53.334121    1.000000  282.107657
Iteration: 290 bestvalit: 0.004374 bestmemit:   25.608258   53.334121    1.000000  282.107657
Iteration: 291 bestvalit: 0.004374 bestmemit:   25.608258   53.334121    1.000000  282.107657
Iteration: 292 bestvalit: 0.004374 bestmemit:   25.608258   53.334121    1.000000  282.107657
Iteration: 293 bestvalit: 0.004374 bestmemit:   25.608258   53.334121    1.000000  282.107657
Iteration: 294 bestvalit: 0.004374 bestmemit:   25.608258   53.334121    1.000000  282.107657
Iteration: 295 bestvalit: 0.004374 bestmemit:   25.608258   53.334121    1.000000  282.107657
Iteration: 296 bestvalit: 0.004374 bestmemit:   25.608258   53.334121    1.000000  282.107657
Iteration: 297 bestvalit: 0.004374 bestmemit:   25.608258   53.334121    1.000000  282.107657
Iteration: 298 bestvalit: 0.004374 bestmemit:   25.608258   53.334121    1.000000  282.107657
Iteration: 299 bestvalit: 0.004374 bestmemit:   25.608258   53.334121    1.000000  282.107657

***** summary of DEoptim object ***** 
best member   :  25.60826 53.33412 1 282.1077 
best value    :  0.00437 
after         :  299 generations 
fn evaluated  :  600 times 
*************************************
