SLURM_JOB_ID: 55185235
SLURM_JOB_USER: vsc34066
SLURM_JOB_ACCOUNT: lp_desenderlab
SLURM_JOB_NAME: fit_alternating_fb_trim_skip.slurm
SLURM_CLUSTER_NAME: genius
SLURM_JOB_PARTITION: batch
SLURM_ARRAY_JOB_ID: 55185173
SLURM_ARRAY_TASK_ID: 62
SLURM_NNODES: 1
SLURM_NODELIST: r27i27n11
SLURM_JOB_CPUS_PER_NODE: 8
Date: Tue Aug  8 11:36:18 CEST 2023
Walltime: 00-23:59:00
========================================================================
Iteration: 1 bestvalit: 0.009733 bestmemit:   46.763134  -24.743018    1.000000  351.689821
Iteration: 2 bestvalit: 0.009733 bestmemit:   46.763134  -24.743018    1.000000  351.689821
Iteration: 3 bestvalit: 0.009213 bestmemit:   24.576802  -93.806274    1.000000  311.716704
Iteration: 4 bestvalit: 0.008092 bestmemit:   23.274951   37.573213    1.000000  285.058550
Iteration: 5 bestvalit: 0.008092 bestmemit:   23.274951   37.573213    1.000000  285.058550
Iteration: 6 bestvalit: 0.007671 bestmemit:    8.948653   -2.249034    1.000000  219.039440
Iteration: 7 bestvalit: 0.007671 bestmemit:    8.948653   -2.249034    1.000000  219.039440
Iteration: 8 bestvalit: 0.007671 bestmemit:    8.948653   -2.249034    1.000000  219.039440
Iteration: 9 bestvalit: 0.007671 bestmemit:    8.948653   -2.249034    1.000000  219.039440
Iteration: 10 bestvalit: 0.007671 bestmemit:    8.948653   -2.249034    1.000000  219.039440
Iteration: 11 bestvalit: 0.007671 bestmemit:    8.948653   -2.249034    1.000000  219.039440
Iteration: 12 bestvalit: 0.007671 bestmemit:    8.948653   -2.249034    1.000000  219.039440
Iteration: 13 bestvalit: 0.007034 bestmemit:   30.093933   -5.310380    1.000000  220.903784
Iteration: 14 bestvalit: 0.006784 bestmemit:   11.431857  -52.452547    1.000000  278.364517
Iteration: 15 bestvalit: 0.006784 bestmemit:   11.431857  -52.452547    1.000000  278.364517
Iteration: 16 bestvalit: 0.006784 bestmemit:   11.431857  -52.452547    1.000000  278.364517
Iteration: 17 bestvalit: 0.006784 bestmemit:   11.431857  -52.452547    1.000000  278.364517
Iteration: 18 bestvalit: 0.006784 bestmemit:   11.431857  -52.452547    1.000000  278.364517
Iteration: 19 bestvalit: 0.006784 bestmemit:   11.431857  -52.452547    1.000000  278.364517
Iteration: 20 bestvalit: 0.006784 bestmemit:   11.431857  -52.452547    1.000000  278.364517
Iteration: 21 bestvalit: 0.006784 bestmemit:   11.431857  -52.452547    1.000000  278.364517
Iteration: 22 bestvalit: 0.006784 bestmemit:   11.431857  -52.452547    1.000000  278.364517
Iteration: 23 bestvalit: 0.006784 bestmemit:   11.431857  -52.452547    1.000000  278.364517
Iteration: 24 bestvalit: 0.006784 bestmemit:   11.431857  -52.452547    1.000000  278.364517
Iteration: 25 bestvalit: 0.006760 bestmemit:    8.345186  -51.053970    1.000000  311.715529
Iteration: 26 bestvalit: 0.006760 bestmemit:    8.345186  -51.053970    1.000000  311.715529
Iteration: 27 bestvalit: 0.006626 bestmemit:   43.086236  -16.531902    1.000000  285.058550
Iteration: 28 bestvalit: 0.006203 bestmemit:   11.806922  -46.705866    1.000000  292.651593
Iteration: 29 bestvalit: 0.006203 bestmemit:   11.806922  -46.705866    1.000000  292.651593
Iteration: 30 bestvalit: 0.006203 bestmemit:   11.806922  -46.705866    1.000000  292.651593
Iteration: 31 bestvalit: 0.006203 bestmemit:   11.806922  -46.705866    1.000000  292.651593
Iteration: 32 bestvalit: 0.006203 bestmemit:   11.806922  -46.705866    1.000000  292.651593
Iteration: 33 bestvalit: 0.006203 bestmemit:   11.806922  -46.705866    1.000000  292.651593
Iteration: 34 bestvalit: 0.006203 bestmemit:   11.806922  -46.705866    1.000000  292.651593
Iteration: 35 bestvalit: 0.006203 bestmemit:   11.806922  -46.705866    1.000000  292.651593
Iteration: 36 bestvalit: 0.006203 bestmemit:   11.806922  -46.705866    1.000000  292.651593
Iteration: 37 bestvalit: 0.006203 bestmemit:   11.806922  -46.705866    1.000000  292.651593
Iteration: 38 bestvalit: 0.006203 bestmemit:   11.806922  -46.705866    1.000000  292.651593
Iteration: 39 bestvalit: 0.006203 bestmemit:   11.806922  -46.705866    1.000000  292.651593
Iteration: 40 bestvalit: 0.006203 bestmemit:   11.806922  -46.705866    1.000000  292.651593
Iteration: 41 bestvalit: 0.006203 bestmemit:   11.806922  -46.705866    1.000000  292.651593
Iteration: 42 bestvalit: 0.006203 bestmemit:   11.806922  -46.705866    1.000000  292.651593
Iteration: 43 bestvalit: 0.006203 bestmemit:   11.806922  -46.705866    1.000000  292.651593
Iteration: 44 bestvalit: 0.006203 bestmemit:   11.806922  -46.705866    1.000000  292.651593
Iteration: 45 bestvalit: 0.006203 bestmemit:   11.806922  -46.705866    1.000000  292.651593
Iteration: 46 bestvalit: 0.006203 bestmemit:   11.806922  -46.705866    1.000000  292.651593
Iteration: 47 bestvalit: 0.006203 bestmemit:   11.806922  -46.705866    1.000000  292.651593
Iteration: 48 bestvalit: 0.006203 bestmemit:   11.806922  -46.705866    1.000000  292.651593
Iteration: 49 bestvalit: 0.006203 bestmemit:   11.806922  -46.705866    1.000000  292.651593
Iteration: 50 bestvalit: 0.006203 bestmemit:   11.806922  -46.705866    1.000000  292.651593
Iteration: 51 bestvalit: 0.006203 bestmemit:   11.806922  -46.705866    1.000000  292.651593
Iteration: 52 bestvalit: 0.006203 bestmemit:   11.806922  -46.705866    1.000000  292.651593
Iteration: 53 bestvalit: 0.006203 bestmemit:   11.806922  -46.705866    1.000000  292.651593
Iteration: 54 bestvalit: 0.006203 bestmemit:   11.806922  -46.705866    1.000000  292.651593
Iteration: 55 bestvalit: 0.006203 bestmemit:   11.806922  -46.705866    1.000000  292.651593
Iteration: 56 bestvalit: 0.006203 bestmemit:   11.806922  -46.705866    1.000000  292.651593
Iteration: 57 bestvalit: 0.006203 bestmemit:   11.806922  -46.705866    1.000000  292.651593
Iteration: 58 bestvalit: 0.006203 bestmemit:   11.806922  -46.705866    1.000000  292.651593
Iteration: 59 bestvalit: 0.006203 bestmemit:   11.806922  -46.705866    1.000000  292.651593
Iteration: 60 bestvalit: 0.006203 bestmemit:   11.806922  -46.705866    1.000000  292.651593
Iteration: 61 bestvalit: 0.006203 bestmemit:   11.806922  -46.705866    1.000000  292.651593
Iteration: 62 bestvalit: 0.006203 bestmemit:   11.806922  -46.705866    1.000000  292.651593
Iteration: 63 bestvalit: 0.006203 bestmemit:   11.806922  -46.705866    1.000000  292.651593
Iteration: 64 bestvalit: 0.006203 bestmemit:   11.806922  -46.705866    1.000000  292.651593
Iteration: 65 bestvalit: 0.006203 bestmemit:   11.806922  -46.705866    1.000000  292.651593
Iteration: 66 bestvalit: 0.006203 bestmemit:   11.806922  -46.705866    1.000000  292.651593
Iteration: 67 bestvalit: 0.006203 bestmemit:   11.806922  -46.705866    1.000000  292.651593
Iteration: 68 bestvalit: 0.006203 bestmemit:   11.806922  -46.705866    1.000000  292.651593
Iteration: 69 bestvalit: 0.006203 bestmemit:   11.806922  -46.705866    1.000000  292.651593
Iteration: 70 bestvalit: 0.006203 bestmemit:   11.806922  -46.705866    1.000000  292.651593
Iteration: 71 bestvalit: 0.006203 bestmemit:   11.806922  -46.705866    1.000000  292.651593
Iteration: 72 bestvalit: 0.006203 bestmemit:   11.806922  -46.705866    1.000000  292.651593
Iteration: 73 bestvalit: 0.006203 bestmemit:   11.806922  -46.705866    1.000000  292.651593
Iteration: 74 bestvalit: 0.006203 bestmemit:   11.806922  -46.705866    1.000000  292.651593
Iteration: 75 bestvalit: 0.006203 bestmemit:   11.806922  -46.705866    1.000000  292.651593
Iteration: 76 bestvalit: 0.006203 bestmemit:   11.806922  -46.705866    1.000000  292.651593
Iteration: 77 bestvalit: 0.006203 bestmemit:   11.806922  -46.705866    1.000000  292.651593
Iteration: 78 bestvalit: 0.006203 bestmemit:   11.806922  -46.705866    1.000000  292.651593
Iteration: 79 bestvalit: 0.006076 bestmemit:    1.974371  -30.293250    1.000000  314.024248
Iteration: 80 bestvalit: 0.006076 bestmemit:    1.974371  -30.293250    1.000000  314.024248
Iteration: 81 bestvalit: 0.006076 bestmemit:    1.974371  -30.293250    1.000000  314.024248
Iteration: 82 bestvalit: 0.006076 bestmemit:    1.974371  -30.293250    1.000000  314.024248
Iteration: 83 bestvalit: 0.006076 bestmemit:    1.974371  -30.293250    1.000000  314.024248
Iteration: 84 bestvalit: 0.006076 bestmemit:    1.974371  -30.293250    1.000000  314.024248
Iteration: 85 bestvalit: 0.006076 bestmemit:    1.974371  -30.293250    1.000000  314.024248
Iteration: 86 bestvalit: 0.006076 bestmemit:    1.974371  -30.293250    1.000000  314.024248
Iteration: 87 bestvalit: 0.006076 bestmemit:    1.974371  -30.293250    1.000000  314.024248
Iteration: 88 bestvalit: 0.006076 bestmemit:    1.974371  -30.293250    1.000000  314.024248
Iteration: 89 bestvalit: 0.006076 bestmemit:    1.974371  -30.293250    1.000000  314.024248
Iteration: 90 bestvalit: 0.006076 bestmemit:    1.974371  -30.293250    1.000000  314.024248
Iteration: 91 bestvalit: 0.006076 bestmemit:    1.974371  -30.293250    1.000000  314.024248
Iteration: 92 bestvalit: 0.006076 bestmemit:    1.974371  -30.293250    1.000000  314.024248
Iteration: 93 bestvalit: 0.006076 bestmemit:    1.974371  -30.293250    1.000000  314.024248
Iteration: 94 bestvalit: 0.006076 bestmemit:    1.974371  -30.293250    1.000000  314.024248
Iteration: 95 bestvalit: 0.006076 bestmemit:    1.974371  -30.293250    1.000000  314.024248
Iteration: 96 bestvalit: 0.006076 bestmemit:    1.974371  -30.293250    1.000000  314.024248
Iteration: 97 bestvalit: 0.006076 bestmemit:    1.974371  -30.293250    1.000000  314.024248
Iteration: 98 bestvalit: 0.006076 bestmemit:    1.974371  -30.293250    1.000000  314.024248
Iteration: 99 bestvalit: 0.006076 bestmemit:    1.974371  -30.293250    1.000000  314.024248
Iteration: 100 bestvalit: 0.006076 bestmemit:    1.974371  -30.293250    1.000000  314.024248
Iteration: 101 bestvalit: 0.006076 bestmemit:    1.974371  -30.293250    1.000000  314.024248
Iteration: 102 bestvalit: 0.006076 bestmemit:    1.974371  -30.293250    1.000000  314.024248
Iteration: 103 bestvalit: 0.006076 bestmemit:    1.974371  -30.293250    1.000000  314.024248
Iteration: 104 bestvalit: 0.006076 bestmemit:    1.974371  -30.293250    1.000000  314.024248
Iteration: 105 bestvalit: 0.006076 bestmemit:    1.974371  -30.293250    1.000000  314.024248
Iteration: 106 bestvalit: 0.006076 bestmemit:    1.974371  -30.293250    1.000000  314.024248
Iteration: 107 bestvalit: 0.006076 bestmemit:    1.974371  -30.293250    1.000000  314.024248
Iteration: 108 bestvalit: 0.006076 bestmemit:    1.974371  -30.293250    1.000000  314.024248
Iteration: 109 bestvalit: 0.006076 bestmemit:    1.974371  -30.293250    1.000000  314.024248
Iteration: 110 bestvalit: 0.006076 bestmemit:    1.974371  -30.293250    1.000000  314.024248
Iteration: 111 bestvalit: 0.006076 bestmemit:    1.974371  -30.293250    1.000000  314.024248
Iteration: 112 bestvalit: 0.006076 bestmemit:    1.974371  -30.293250    1.000000  314.024248
Iteration: 113 bestvalit: 0.006076 bestmemit:    1.974371  -30.293250    1.000000  314.024248
Iteration: 114 bestvalit: 0.006076 bestmemit:    1.974371  -30.293250    1.000000  314.024248
Iteration: 115 bestvalit: 0.006076 bestmemit:    1.974371  -30.293250    1.000000  314.024248
Iteration: 116 bestvalit: 0.006076 bestmemit:    1.974371  -30.293250    1.000000  314.024248
Iteration: 117 bestvalit: 0.006076 bestmemit:    1.974371  -30.293250    1.000000  314.024248
Iteration: 118 bestvalit: 0.006076 bestmemit:    1.974371  -30.293250    1.000000  314.024248
Iteration: 119 bestvalit: 0.006076 bestmemit:    1.974371  -30.293250    1.000000  314.024248
Iteration: 120 bestvalit: 0.006076 bestmemit:    1.974371  -30.293250    1.000000  314.024248
Iteration: 121 bestvalit: 0.006076 bestmemit:    1.974371  -30.293250    1.000000  314.024248
Iteration: 122 bestvalit: 0.006076 bestmemit:    1.974371  -30.293250    1.000000  314.024248
Iteration: 123 bestvalit: 0.006076 bestmemit:    1.974371  -30.293250    1.000000  314.024248
Iteration: 124 bestvalit: 0.006076 bestmemit:    1.974371  -30.293250    1.000000  314.024248
Iteration: 125 bestvalit: 0.006076 bestmemit:    1.974371  -30.293250    1.000000  314.024248
Iteration: 126 bestvalit: 0.006076 bestmemit:    1.974371  -30.293250    1.000000  314.024248
Iteration: 127 bestvalit: 0.006076 bestmemit:    1.974371  -30.293250    1.000000  314.024248
Iteration: 128 bestvalit: 0.006076 bestmemit:    1.974371  -30.293250    1.000000  314.024248
Iteration: 129 bestvalit: 0.006076 bestmemit:    1.974371  -30.293250    1.000000  314.024248
Iteration: 130 bestvalit: 0.006076 bestmemit:    1.974371  -30.293250    1.000000  314.024248
Iteration: 131 bestvalit: 0.006076 bestmemit:    1.974371  -30.293250    1.000000  314.024248
Iteration: 132 bestvalit: 0.006076 bestmemit:    1.974371  -30.293250    1.000000  314.024248
Iteration: 133 bestvalit: 0.006076 bestmemit:    1.974371  -30.293250    1.000000  314.024248
Iteration: 134 bestvalit: 0.006076 bestmemit:    1.974371  -30.293250    1.000000  314.024248
Iteration: 135 bestvalit: 0.006076 bestmemit:    1.974371  -30.293250    1.000000  314.024248
Iteration: 136 bestvalit: 0.006076 bestmemit:    1.974371  -30.293250    1.000000  314.024248
Iteration: 137 bestvalit: 0.006076 bestmemit:    1.974371  -30.293250    1.000000  314.024248
Iteration: 138 bestvalit: 0.006076 bestmemit:    1.974371  -30.293250    1.000000  314.024248
Iteration: 139 bestvalit: 0.006076 bestmemit:    1.974371  -30.293250    1.000000  314.024248
Iteration: 140 bestvalit: 0.006076 bestmemit:    1.974371  -30.293250    1.000000  314.024248
Iteration: 141 bestvalit: 0.006076 bestmemit:    1.974371  -30.293250    1.000000  314.024248
Iteration: 142 bestvalit: 0.006076 bestmemit:    1.974371  -30.293250    1.000000  314.024248
Iteration: 143 bestvalit: 0.006076 bestmemit:    1.974371  -30.293250    1.000000  314.024248
Iteration: 144 bestvalit: 0.006076 bestmemit:    1.974371  -30.293250    1.000000  314.024248
Iteration: 145 bestvalit: 0.006076 bestmemit:    1.974371  -30.293250    1.000000  314.024248
Iteration: 146 bestvalit: 0.006076 bestmemit:    1.974371  -30.293250    1.000000  314.024248
Iteration: 147 bestvalit: 0.006076 bestmemit:    1.974371  -30.293250    1.000000  314.024248
Iteration: 148 bestvalit: 0.006076 bestmemit:    1.974371  -30.293250    1.000000  314.024248
Iteration: 149 bestvalit: 0.006076 bestmemit:    1.974371  -30.293250    1.000000  314.024248
Iteration: 150 bestvalit: 0.006076 bestmemit:    1.974371  -30.293250    1.000000  314.024248

***** summary of DEoptim object ***** 
best member   :  1.97437 -30.29325 1 314.0242 
best value    :  0.00608 
after         :  150 generations 
fn evaluated  :  302 times 
*************************************
