SLURM_JOB_ID: 55185186
SLURM_JOB_USER: vsc34066
SLURM_JOB_ACCOUNT: lp_desenderlab
SLURM_JOB_NAME: fit_alternating_fb_trim_skip.slurm
SLURM_CLUSTER_NAME: genius
SLURM_JOB_PARTITION: batch
SLURM_ARRAY_JOB_ID: 55185173
SLURM_ARRAY_TASK_ID: 13
SLURM_NNODES: 1
SLURM_NODELIST: r23i13n24
SLURM_JOB_CPUS_PER_NODE: 8
Date: Tue Aug  8 11:36:26 CEST 2023
Walltime: 00-23:59:00
========================================================================
Iteration: 1 bestvalit: 0.004057 bestmemit:   43.429743  -28.851830    1.000000  431.945729
Iteration: 2 bestvalit: 0.004057 bestmemit:   43.429743  -28.851830    1.000000  431.945729
Iteration: 3 bestvalit: 0.004057 bestmemit:   43.429743  -28.851830    1.000000  431.945729
Iteration: 4 bestvalit: 0.004057 bestmemit:   43.429743  -28.851830    1.000000  431.945729
Iteration: 5 bestvalit: 0.004057 bestmemit:   43.429743  -28.851830    1.000000  431.945729
Iteration: 6 bestvalit: 0.003845 bestmemit:   18.473954   57.804728    1.000000  403.587844
Iteration: 7 bestvalit: 0.003618 bestmemit:   48.471472   13.891619    1.000000  428.186161
Iteration: 8 bestvalit: 0.003618 bestmemit:   48.471472   13.891619    1.000000  428.186161
Iteration: 9 bestvalit: 0.003618 bestmemit:   48.471472   13.891619    1.000000  428.186161
Iteration: 10 bestvalit: 0.003481 bestmemit:   12.038596   75.000905    1.000000  449.759646
Iteration: 11 bestvalit: 0.003481 bestmemit:   12.038596   75.000905    1.000000  449.759646
Iteration: 12 bestvalit: 0.003481 bestmemit:   12.038596   75.000905    1.000000  449.759646
Iteration: 13 bestvalit: 0.003481 bestmemit:   12.038596   75.000905    1.000000  449.759646
Iteration: 14 bestvalit: 0.003481 bestmemit:   12.038596   75.000905    1.000000  449.759646
Iteration: 15 bestvalit: 0.003481 bestmemit:   12.038596   75.000905    1.000000  449.759646
Iteration: 16 bestvalit: 0.003481 bestmemit:   12.038596   75.000905    1.000000  449.759646
Iteration: 17 bestvalit: 0.003442 bestmemit:    6.826486   22.582058    1.000000  409.364425
Iteration: 18 bestvalit: 0.003440 bestmemit:   28.931727   38.288051    1.000000  420.858150
Iteration: 19 bestvalit: 0.003440 bestmemit:   28.931727   38.288051    1.000000  420.858150
Iteration: 20 bestvalit: 0.003440 bestmemit:   28.931727   38.288051    1.000000  420.858150
Iteration: 21 bestvalit: 0.003440 bestmemit:   28.931727   38.288051    1.000000  420.858150
Iteration: 22 bestvalit: 0.003359 bestmemit:   18.473954   39.302534    1.000000  403.587844
Iteration: 23 bestvalit: 0.003359 bestmemit:   18.473954   39.302534    1.000000  403.587844
Iteration: 24 bestvalit: 0.003197 bestmemit:   18.473954   39.302534    1.000000  394.780848
Iteration: 25 bestvalit: 0.003197 bestmemit:   18.473954   39.302534    1.000000  394.780848
Iteration: 26 bestvalit: 0.003197 bestmemit:   18.473954   39.302534    1.000000  394.780848
Iteration: 27 bestvalit: 0.003197 bestmemit:   18.473954   39.302534    1.000000  394.780848
Iteration: 28 bestvalit: 0.003197 bestmemit:   18.473954   39.302534    1.000000  394.780848
Iteration: 29 bestvalit: 0.003197 bestmemit:   18.473954   39.302534    1.000000  394.780848
Iteration: 30 bestvalit: 0.003197 bestmemit:   18.473954   39.302534    1.000000  394.780848
Iteration: 31 bestvalit: 0.003197 bestmemit:   18.473954   39.302534    1.000000  394.780848
Iteration: 32 bestvalit: 0.003197 bestmemit:   18.473954   39.302534    1.000000  394.780848
Iteration: 33 bestvalit: 0.002969 bestmemit:   33.934026   17.334479    1.000000  424.625883
Iteration: 34 bestvalit: 0.002969 bestmemit:   33.934026   17.334479    1.000000  424.625883
Iteration: 35 bestvalit: 0.002969 bestmemit:   33.934026   17.334479    1.000000  424.625883
Iteration: 36 bestvalit: 0.002969 bestmemit:   33.934026   17.334479    1.000000  424.625883
Iteration: 37 bestvalit: 0.002969 bestmemit:   33.934026   17.334479    1.000000  424.625883
Iteration: 38 bestvalit: 0.002969 bestmemit:   33.934026   17.334479    1.000000  424.625883
Iteration: 39 bestvalit: 0.002969 bestmemit:   33.934026   17.334479    1.000000  424.625883
Iteration: 40 bestvalit: 0.002969 bestmemit:   33.934026   17.334479    1.000000  424.625883
Iteration: 41 bestvalit: 0.002969 bestmemit:   33.934026   17.334479    1.000000  424.625883
Iteration: 42 bestvalit: 0.002969 bestmemit:   33.934026   17.334479    1.000000  424.625883
Iteration: 43 bestvalit: 0.002969 bestmemit:   33.934026   17.334479    1.000000  424.625883
Iteration: 44 bestvalit: 0.002969 bestmemit:   33.934026   17.334479    1.000000  424.625883
Iteration: 45 bestvalit: 0.002969 bestmemit:   33.934026   17.334479    1.000000  424.625883
Iteration: 46 bestvalit: 0.002969 bestmemit:   33.934026   17.334479    1.000000  424.625883
Iteration: 47 bestvalit: 0.002929 bestmemit:   28.212903  -14.002029    1.000000  484.391655
Iteration: 48 bestvalit: 0.002929 bestmemit:   28.212903  -14.002029    1.000000  484.391655
Iteration: 49 bestvalit: 0.002929 bestmemit:   28.212903  -14.002029    1.000000  484.391655
Iteration: 50 bestvalit: 0.002929 bestmemit:   28.212903  -14.002029    1.000000  484.391655
Iteration: 51 bestvalit: 0.002929 bestmemit:   28.212903  -14.002029    1.000000  484.391655
Iteration: 52 bestvalit: 0.002929 bestmemit:   28.212903  -14.002029    1.000000  484.391655
Iteration: 53 bestvalit: 0.002929 bestmemit:   28.212903  -14.002029    1.000000  484.391655
Iteration: 54 bestvalit: 0.002707 bestmemit:   12.038596   41.699298    1.000000  449.759646
Iteration: 55 bestvalit: 0.002707 bestmemit:   12.038596   41.699298    1.000000  449.759646
Iteration: 56 bestvalit: 0.002707 bestmemit:   12.038596   41.699298    1.000000  449.759646
Iteration: 57 bestvalit: 0.002707 bestmemit:   12.038596   41.699298    1.000000  449.759646
Iteration: 58 bestvalit: 0.002707 bestmemit:   12.038596   41.699298    1.000000  449.759646
Iteration: 59 bestvalit: 0.002707 bestmemit:   12.038596   41.699298    1.000000  449.759646
Iteration: 60 bestvalit: 0.002707 bestmemit:   12.038596   41.699298    1.000000  449.759646
Iteration: 61 bestvalit: 0.002707 bestmemit:   12.038596   41.699298    1.000000  449.759646
Iteration: 62 bestvalit: 0.002707 bestmemit:   12.038596   41.699298    1.000000  449.759646
Iteration: 63 bestvalit: 0.002707 bestmemit:   12.038596   41.699298    1.000000  449.759646
Iteration: 64 bestvalit: 0.002707 bestmemit:   12.038596   41.699298    1.000000  449.759646
Iteration: 65 bestvalit: 0.002707 bestmemit:   12.038596   41.699298    1.000000  449.759646
Iteration: 66 bestvalit: 0.002707 bestmemit:   12.038596   41.699298    1.000000  449.759646
Iteration: 67 bestvalit: 0.002707 bestmemit:   12.038596   41.699298    1.000000  449.759646
Iteration: 68 bestvalit: 0.002707 bestmemit:   12.038596   41.699298    1.000000  449.759646
Iteration: 69 bestvalit: 0.002707 bestmemit:   12.038596   41.699298    1.000000  449.759646
Iteration: 70 bestvalit: 0.002707 bestmemit:   12.038596   41.699298    1.000000  449.759646
Iteration: 71 bestvalit: 0.002707 bestmemit:   12.038596   41.699298    1.000000  449.759646
Iteration: 72 bestvalit: 0.002707 bestmemit:   12.038596   41.699298    1.000000  449.759646
Iteration: 73 bestvalit: 0.002707 bestmemit:   12.038596   41.699298    1.000000  449.759646
Iteration: 74 bestvalit: 0.002707 bestmemit:   12.038596   41.699298    1.000000  449.759646
Iteration: 75 bestvalit: 0.002707 bestmemit:   12.038596   41.699298    1.000000  449.759646
Iteration: 76 bestvalit: 0.002707 bestmemit:   12.038596   41.699298    1.000000  449.759646
Iteration: 77 bestvalit: 0.002707 bestmemit:   12.038596   41.699298    1.000000  449.759646
Iteration: 78 bestvalit: 0.002707 bestmemit:   12.038596   41.699298    1.000000  449.759646
Iteration: 79 bestvalit: 0.002707 bestmemit:   12.038596   41.699298    1.000000  449.759646
Iteration: 80 bestvalit: 0.002707 bestmemit:   12.038596   41.699298    1.000000  449.759646
Iteration: 81 bestvalit: 0.002707 bestmemit:   12.038596   41.699298    1.000000  449.759646
Iteration: 82 bestvalit: 0.002707 bestmemit:   12.038596   41.699298    1.000000  449.759646
Iteration: 83 bestvalit: 0.002707 bestmemit:   12.038596   41.699298    1.000000  449.759646
Iteration: 84 bestvalit: 0.002707 bestmemit:   12.038596   41.699298    1.000000  449.759646
Iteration: 85 bestvalit: 0.002707 bestmemit:   12.038596   41.699298    1.000000  449.759646
Iteration: 86 bestvalit: 0.002707 bestmemit:   12.038596   41.699298    1.000000  449.759646
Iteration: 87 bestvalit: 0.002707 bestmemit:   12.038596   41.699298    1.000000  449.759646
Iteration: 88 bestvalit: 0.002707 bestmemit:   12.038596   41.699298    1.000000  449.759646
Iteration: 89 bestvalit: 0.002707 bestmemit:   12.038596   41.699298    1.000000  449.759646
Iteration: 90 bestvalit: 0.002707 bestmemit:   12.038596   41.699298    1.000000  449.759646
Iteration: 91 bestvalit: 0.002707 bestmemit:   12.038596   41.699298    1.000000  449.759646
Iteration: 92 bestvalit: 0.002707 bestmemit:   12.038596   41.699298    1.000000  449.759646
Iteration: 93 bestvalit: 0.002707 bestmemit:   12.038596   41.699298    1.000000  449.759646
Iteration: 94 bestvalit: 0.002707 bestmemit:   12.038596   41.699298    1.000000  449.759646
Iteration: 95 bestvalit: 0.002707 bestmemit:   12.038596   41.699298    1.000000  449.759646
Iteration: 96 bestvalit: 0.002707 bestmemit:   12.038596   41.699298    1.000000  449.759646
Iteration: 97 bestvalit: 0.002707 bestmemit:   12.038596   41.699298    1.000000  449.759646
Iteration: 98 bestvalit: 0.002707 bestmemit:   12.038596   41.699298    1.000000  449.759646
Iteration: 99 bestvalit: 0.002707 bestmemit:   12.038596   41.699298    1.000000  449.759646
Iteration: 100 bestvalit: 0.002707 bestmemit:   12.038596   41.699298    1.000000  449.759646
Iteration: 101 bestvalit: 0.002707 bestmemit:   12.038596   41.699298    1.000000  449.759646
Iteration: 102 bestvalit: 0.002707 bestmemit:   12.038596   41.699298    1.000000  449.759646
Iteration: 103 bestvalit: 0.002707 bestmemit:   12.038596   41.699298    1.000000  449.759646
Iteration: 104 bestvalit: 0.002707 bestmemit:   12.038596   41.699298    1.000000  449.759646
Iteration: 105 bestvalit: 0.002707 bestmemit:   12.038596   41.699298    1.000000  449.759646
Iteration: 106 bestvalit: 0.002707 bestmemit:   12.038596   41.699298    1.000000  449.759646
Iteration: 107 bestvalit: 0.002707 bestmemit:   12.038596   41.699298    1.000000  449.759646
Iteration: 108 bestvalit: 0.002707 bestmemit:   12.038596   41.699298    1.000000  449.759646
Iteration: 109 bestvalit: 0.002707 bestmemit:   12.038596   41.699298    1.000000  449.759646
Iteration: 110 bestvalit: 0.002707 bestmemit:   12.038596   41.699298    1.000000  449.759646
Iteration: 111 bestvalit: 0.002707 bestmemit:   12.038596   41.699298    1.000000  449.759646
Iteration: 112 bestvalit: 0.002707 bestmemit:   12.038596   41.699298    1.000000  449.759646
Iteration: 113 bestvalit: 0.002707 bestmemit:   12.038596   41.699298    1.000000  449.759646
Iteration: 114 bestvalit: 0.002707 bestmemit:   12.038596   41.699298    1.000000  449.759646
Iteration: 115 bestvalit: 0.002707 bestmemit:   12.038596   41.699298    1.000000  449.759646
Iteration: 116 bestvalit: 0.002707 bestmemit:   12.038596   41.699298    1.000000  449.759646
Iteration: 117 bestvalit: 0.002707 bestmemit:   12.038596   41.699298    1.000000  449.759646
Iteration: 118 bestvalit: 0.002707 bestmemit:   12.038596   41.699298    1.000000  449.759646
Iteration: 119 bestvalit: 0.002707 bestmemit:   12.038596   41.699298    1.000000  449.759646
Iteration: 120 bestvalit: 0.002707 bestmemit:   12.038596   41.699298    1.000000  449.759646
Iteration: 121 bestvalit: 0.002707 bestmemit:   12.038596   41.699298    1.000000  449.759646
Iteration: 122 bestvalit: 0.002707 bestmemit:   12.038596   41.699298    1.000000  449.759646
Iteration: 123 bestvalit: 0.002707 bestmemit:   12.038596   41.699298    1.000000  449.759646
Iteration: 124 bestvalit: 0.002707 bestmemit:   12.038596   41.699298    1.000000  449.759646
Iteration: 125 bestvalit: 0.002707 bestmemit:   12.038596   41.699298    1.000000  449.759646

***** summary of DEoptim object ***** 
best member   :  12.0386 41.6993 1 449.7597 
best value    :  0.00271 
after         :  125 generations 
fn evaluated  :  252 times 
*************************************
