SLURM_JOB_ID: 55185180
SLURM_JOB_USER: vsc34066
SLURM_JOB_ACCOUNT: lp_desenderlab
SLURM_JOB_NAME: fit_alternating_fb_trim_skip.slurm
SLURM_CLUSTER_NAME: genius
SLURM_JOB_PARTITION: batch
SLURM_ARRAY_JOB_ID: 55185173
SLURM_ARRAY_TASK_ID: 7
SLURM_NNODES: 2
SLURM_NODELIST: r23i13n[01-02]
SLURM_JOB_CPUS_PER_NODE: 4(x2)
Date: Tue Aug  8 11:36:16 CEST 2023
Walltime: 00-23:59:00
========================================================================
Iteration: 1 bestvalit: 0.010556 bestmemit:   12.179355    5.487193    1.000000  131.643943
Iteration: 2 bestvalit: 0.010556 bestmemit:   12.179355    5.487193    1.000000  131.643943
Iteration: 3 bestvalit: 0.010556 bestmemit:   12.179355    5.487193    1.000000  131.643943
Iteration: 4 bestvalit: 0.008068 bestmemit:   12.179355   -4.391054    1.000000  131.643943
Iteration: 5 bestvalit: 0.008068 bestmemit:   12.179355   -4.391054    1.000000  131.643943
Iteration: 6 bestvalit: 0.008068 bestmemit:   12.179355   -4.391054    1.000000  131.643943
Iteration: 7 bestvalit: 0.008068 bestmemit:   12.179355   -4.391054    1.000000  131.643943
Iteration: 8 bestvalit: 0.008068 bestmemit:   12.179355   -4.391054    1.000000  131.643943
Iteration: 9 bestvalit: 0.008068 bestmemit:   12.179355   -4.391054    1.000000  131.643943
Iteration: 10 bestvalit: 0.008068 bestmemit:   12.179355   -4.391054    1.000000  131.643943
Iteration: 11 bestvalit: 0.008048 bestmemit:   25.843311  -77.130474    1.000000  162.444223
Iteration: 12 bestvalit: 0.008048 bestmemit:   25.843311  -77.130474    1.000000  162.444223
Iteration: 13 bestvalit: 0.008048 bestmemit:   25.843311  -77.130474    1.000000  162.444223
Iteration: 14 bestvalit: 0.008048 bestmemit:   25.843311  -77.130474    1.000000  162.444223
Iteration: 15 bestvalit: 0.008048 bestmemit:   25.843311  -77.130474    1.000000  162.444223
Iteration: 16 bestvalit: 0.007090 bestmemit:   15.703406  -54.614837    1.000000  169.302440
Iteration: 17 bestvalit: 0.007090 bestmemit:   15.703406  -54.614837    1.000000  169.302440
Iteration: 18 bestvalit: 0.007090 bestmemit:   15.703406  -54.614837    1.000000  169.302440
Iteration: 19 bestvalit: 0.007090 bestmemit:   15.703406  -54.614837    1.000000  169.302440
Iteration: 20 bestvalit: 0.007090 bestmemit:   15.703406  -54.614837    1.000000  169.302440
Iteration: 21 bestvalit: 0.007090 bestmemit:   15.703406  -54.614837    1.000000  169.302440
Iteration: 22 bestvalit: 0.007090 bestmemit:   15.703406  -54.614837    1.000000  169.302440
Iteration: 23 bestvalit: 0.007090 bestmemit:   15.703406  -54.614837    1.000000  169.302440
Iteration: 24 bestvalit: 0.007090 bestmemit:   15.703406  -54.614837    1.000000  169.302440
Iteration: 25 bestvalit: 0.007090 bestmemit:   15.703406  -54.614837    1.000000  169.302440
Iteration: 26 bestvalit: 0.007090 bestmemit:   15.703406  -54.614837    1.000000  169.302440
Iteration: 27 bestvalit: 0.007090 bestmemit:   15.703406  -54.614837    1.000000  169.302440
Iteration: 28 bestvalit: 0.007090 bestmemit:   15.703406  -54.614837    1.000000  169.302440
Iteration: 29 bestvalit: 0.007090 bestmemit:   15.703406  -54.614837    1.000000  169.302440
Iteration: 30 bestvalit: 0.007090 bestmemit:   15.703406  -54.614837    1.000000  169.302440
Iteration: 31 bestvalit: 0.007090 bestmemit:   15.703406  -54.614837    1.000000  169.302440
Iteration: 32 bestvalit: 0.007090 bestmemit:   15.703406  -54.614837    1.000000  169.302440
Iteration: 33 bestvalit: 0.007014 bestmemit:   21.298533   11.085701    1.000000  201.029677
Iteration: 34 bestvalit: 0.007014 bestmemit:   21.298533   11.085701    1.000000  201.029677
Iteration: 35 bestvalit: 0.007014 bestmemit:   21.298533   11.085701    1.000000  201.029677
Iteration: 36 bestvalit: 0.007014 bestmemit:   21.298533   11.085701    1.000000  201.029677
Iteration: 37 bestvalit: 0.007014 bestmemit:   21.298533   11.085701    1.000000  201.029677
Iteration: 38 bestvalit: 0.007014 bestmemit:   21.298533   11.085701    1.000000  201.029677
Iteration: 39 bestvalit: 0.007014 bestmemit:   21.298533   11.085701    1.000000  201.029677
Iteration: 40 bestvalit: 0.007014 bestmemit:   21.298533   11.085701    1.000000  201.029677
Iteration: 41 bestvalit: 0.006991 bestmemit:   24.673515   24.774149    1.000000  176.773652
Iteration: 42 bestvalit: 0.006991 bestmemit:   24.673515   24.774149    1.000000  176.773652
Iteration: 43 bestvalit: 0.006991 bestmemit:   24.673515   24.774149    1.000000  176.773652
Iteration: 44 bestvalit: 0.006991 bestmemit:   24.673515   24.774149    1.000000  176.773652
Iteration: 45 bestvalit: 0.006991 bestmemit:   24.673515   24.774149    1.000000  176.773652
Iteration: 46 bestvalit: 0.006991 bestmemit:   24.673515   24.774149    1.000000  176.773652
Iteration: 47 bestvalit: 0.006991 bestmemit:   24.673515   24.774149    1.000000  176.773652
Iteration: 48 bestvalit: 0.006941 bestmemit:    8.824775   53.937550    1.000000  220.340571
Iteration: 49 bestvalit: 0.006941 bestmemit:    8.824775   53.937550    1.000000  220.340571
Iteration: 50 bestvalit: 0.006930 bestmemit:    9.263370  -10.815488    1.000000  221.456901
Iteration: 51 bestvalit: 0.006930 bestmemit:    9.263370  -10.815488    1.000000  221.456901
Iteration: 52 bestvalit: 0.006930 bestmemit:    9.263370  -10.815488    1.000000  221.456901
Iteration: 53 bestvalit: 0.006930 bestmemit:    9.263370  -10.815488    1.000000  221.456901
Iteration: 54 bestvalit: 0.006930 bestmemit:    9.263370  -10.815488    1.000000  221.456901
Iteration: 55 bestvalit: 0.006930 bestmemit:    9.263370  -10.815488    1.000000  221.456901
Iteration: 56 bestvalit: 0.006930 bestmemit:    9.263370  -10.815488    1.000000  221.456901
Iteration: 57 bestvalit: 0.006930 bestmemit:    9.263370  -10.815488    1.000000  221.456901
Iteration: 58 bestvalit: 0.006930 bestmemit:    9.263370  -10.815488    1.000000  221.456901
Iteration: 59 bestvalit: 0.006930 bestmemit:    9.263370  -10.815488    1.000000  221.456901
Iteration: 60 bestvalit: 0.006930 bestmemit:    9.263370  -10.815488    1.000000  221.456901
Iteration: 61 bestvalit: 0.006930 bestmemit:    9.263370  -10.815488    1.000000  221.456901
Iteration: 62 bestvalit: 0.006930 bestmemit:    9.263370  -10.815488    1.000000  221.456901
Iteration: 63 bestvalit: 0.006930 bestmemit:    9.263370  -10.815488    1.000000  221.456901
Iteration: 64 bestvalit: 0.006930 bestmemit:    9.263370  -10.815488    1.000000  221.456901
Iteration: 65 bestvalit: 0.006930 bestmemit:    9.263370  -10.815488    1.000000  221.456901
Iteration: 66 bestvalit: 0.006930 bestmemit:    9.263370  -10.815488    1.000000  221.456901
Iteration: 67 bestvalit: 0.006930 bestmemit:    9.263370  -10.815488    1.000000  221.456901
Iteration: 68 bestvalit: 0.006930 bestmemit:    9.263370  -10.815488    1.000000  221.456901
Iteration: 69 bestvalit: 0.006930 bestmemit:    9.263370  -10.815488    1.000000  221.456901
Iteration: 70 bestvalit: 0.006930 bestmemit:    9.263370  -10.815488    1.000000  221.456901
Iteration: 71 bestvalit: 0.006930 bestmemit:    9.263370  -10.815488    1.000000  221.456901
Iteration: 72 bestvalit: 0.006930 bestmemit:    9.263370  -10.815488    1.000000  221.456901
Iteration: 73 bestvalit: 0.006930 bestmemit:    9.263370  -10.815488    1.000000  221.456901
Iteration: 74 bestvalit: 0.006930 bestmemit:    9.263370  -10.815488    1.000000  221.456901
Iteration: 75 bestvalit: 0.006930 bestmemit:    9.263370  -10.815488    1.000000  221.456901
Iteration: 76 bestvalit: 0.006930 bestmemit:    9.263370  -10.815488    1.000000  221.456901
Iteration: 77 bestvalit: 0.006930 bestmemit:    9.263370  -10.815488    1.000000  221.456901
Iteration: 78 bestvalit: 0.006930 bestmemit:    9.263370  -10.815488    1.000000  221.456901
Iteration: 79 bestvalit: 0.006930 bestmemit:    9.263370  -10.815488    1.000000  221.456901
Iteration: 80 bestvalit: 0.006930 bestmemit:    9.263370  -10.815488    1.000000  221.456901
Iteration: 81 bestvalit: 0.006930 bestmemit:    9.263370  -10.815488    1.000000  221.456901
Iteration: 82 bestvalit: 0.006930 bestmemit:    9.263370  -10.815488    1.000000  221.456901
Iteration: 83 bestvalit: 0.006930 bestmemit:    9.263370  -10.815488    1.000000  221.456901
Iteration: 84 bestvalit: 0.006930 bestmemit:    9.263370  -10.815488    1.000000  221.456901
Iteration: 85 bestvalit: 0.006930 bestmemit:    9.263370  -10.815488    1.000000  221.456901
Iteration: 86 bestvalit: 0.006930 bestmemit:    9.263370  -10.815488    1.000000  221.456901
Iteration: 87 bestvalit: 0.006930 bestmemit:    9.263370  -10.815488    1.000000  221.456901
Iteration: 88 bestvalit: 0.006930 bestmemit:    9.263370  -10.815488    1.000000  221.456901
Iteration: 89 bestvalit: 0.006930 bestmemit:    9.263370  -10.815488    1.000000  221.456901
Iteration: 90 bestvalit: 0.006930 bestmemit:    9.263370  -10.815488    1.000000  221.456901
Iteration: 91 bestvalit: 0.006930 bestmemit:    9.263370  -10.815488    1.000000  221.456901
Iteration: 92 bestvalit: 0.006930 bestmemit:    9.263370  -10.815488    1.000000  221.456901
Iteration: 93 bestvalit: 0.006930 bestmemit:    9.263370  -10.815488    1.000000  221.456901
Iteration: 94 bestvalit: 0.006930 bestmemit:    9.263370  -10.815488    1.000000  221.456901
Iteration: 95 bestvalit: 0.006930 bestmemit:    9.263370  -10.815488    1.000000  221.456901
Iteration: 96 bestvalit: 0.006930 bestmemit:    9.263370  -10.815488    1.000000  221.456901
Iteration: 97 bestvalit: 0.006560 bestmemit:   10.538517  -22.802029    1.000000  201.513543
Iteration: 98 bestvalit: 0.006560 bestmemit:   10.538517  -22.802029    1.000000  201.513543
Iteration: 99 bestvalit: 0.006560 bestmemit:   10.538517  -22.802029    1.000000  201.513543
Iteration: 100 bestvalit: 0.006560 bestmemit:   10.538517  -22.802029    1.000000  201.513543
Iteration: 101 bestvalit: 0.006560 bestmemit:   10.538517  -22.802029    1.000000  201.513543
Iteration: 102 bestvalit: 0.006560 bestmemit:   10.538517  -22.802029    1.000000  201.513543
Iteration: 103 bestvalit: 0.006560 bestmemit:   10.538517  -22.802029    1.000000  201.513543
Iteration: 104 bestvalit: 0.006560 bestmemit:   10.538517  -22.802029    1.000000  201.513543
Iteration: 105 bestvalit: 0.006560 bestmemit:   10.538517  -22.802029    1.000000  201.513543
Iteration: 106 bestvalit: 0.006560 bestmemit:   10.538517  -22.802029    1.000000  201.513543
Iteration: 107 bestvalit: 0.006560 bestmemit:   10.538517  -22.802029    1.000000  201.513543
Iteration: 108 bestvalit: 0.006560 bestmemit:   10.538517  -22.802029    1.000000  201.513543
Iteration: 109 bestvalit: 0.006560 bestmemit:   10.538517  -22.802029    1.000000  201.513543
Iteration: 110 bestvalit: 0.006560 bestmemit:   10.538517  -22.802029    1.000000  201.513543
Iteration: 111 bestvalit: 0.006560 bestmemit:   10.538517  -22.802029    1.000000  201.513543
Iteration: 112 bestvalit: 0.006560 bestmemit:   10.538517  -22.802029    1.000000  201.513543
Iteration: 113 bestvalit: 0.006560 bestmemit:   10.538517  -22.802029    1.000000  201.513543
Iteration: 114 bestvalit: 0.006560 bestmemit:   10.538517  -22.802029    1.000000  201.513543
Iteration: 115 bestvalit: 0.006560 bestmemit:   10.538517  -22.802029    1.000000  201.513543
Iteration: 116 bestvalit: 0.006560 bestmemit:   10.538517  -22.802029    1.000000  201.513543
Iteration: 117 bestvalit: 0.006560 bestmemit:   10.538517  -22.802029    1.000000  201.513543
Iteration: 118 bestvalit: 0.006560 bestmemit:   10.538517  -22.802029    1.000000  201.513543
Iteration: 119 bestvalit: 0.006560 bestmemit:   10.538517  -22.802029    1.000000  201.513543
Iteration: 120 bestvalit: 0.006560 bestmemit:   10.538517  -22.802029    1.000000  201.513543
Iteration: 121 bestvalit: 0.006560 bestmemit:   10.538517  -22.802029    1.000000  201.513543
Iteration: 122 bestvalit: 0.006560 bestmemit:   10.538517  -22.802029    1.000000  201.513543
Iteration: 123 bestvalit: 0.006560 bestmemit:   10.538517  -22.802029    1.000000  201.513543
Iteration: 124 bestvalit: 0.006560 bestmemit:   10.538517  -22.802029    1.000000  201.513543
Iteration: 125 bestvalit: 0.006560 bestmemit:   10.538517  -22.802029    1.000000  201.513543
Iteration: 126 bestvalit: 0.006560 bestmemit:   10.538517  -22.802029    1.000000  201.513543
Iteration: 127 bestvalit: 0.006560 bestmemit:   10.538517  -22.802029    1.000000  201.513543
Iteration: 128 bestvalit: 0.006560 bestmemit:   10.538517  -22.802029    1.000000  201.513543
Iteration: 129 bestvalit: 0.006560 bestmemit:   10.538517  -22.802029    1.000000  201.513543
Iteration: 130 bestvalit: 0.006560 bestmemit:   10.538517  -22.802029    1.000000  201.513543
Iteration: 131 bestvalit: 0.006560 bestmemit:   10.538517  -22.802029    1.000000  201.513543
Iteration: 132 bestvalit: 0.006560 bestmemit:   10.538517  -22.802029    1.000000  201.513543
Iteration: 133 bestvalit: 0.006560 bestmemit:   10.538517  -22.802029    1.000000  201.513543
Iteration: 134 bestvalit: 0.006560 bestmemit:   10.538517  -22.802029    1.000000  201.513543
Iteration: 135 bestvalit: 0.006560 bestmemit:   10.538517  -22.802029    1.000000  201.513543
Iteration: 136 bestvalit: 0.006560 bestmemit:   10.538517  -22.802029    1.000000  201.513543
Iteration: 137 bestvalit: 0.006560 bestmemit:   10.538517  -22.802029    1.000000  201.513543
Iteration: 138 bestvalit: 0.006560 bestmemit:   10.538517  -22.802029    1.000000  201.513543
Iteration: 139 bestvalit: 0.006560 bestmemit:   10.538517  -22.802029    1.000000  201.513543
Iteration: 140 bestvalit: 0.006560 bestmemit:   10.538517  -22.802029    1.000000  201.513543
Iteration: 141 bestvalit: 0.006560 bestmemit:   10.538517  -22.802029    1.000000  201.513543
Iteration: 142 bestvalit: 0.006560 bestmemit:   10.538517  -22.802029    1.000000  201.513543
Iteration: 143 bestvalit: 0.005928 bestmemit:   17.837436  -18.046532    1.000000  207.315523
Iteration: 144 bestvalit: 0.005928 bestmemit:   17.837436  -18.046532    1.000000  207.315523
Iteration: 145 bestvalit: 0.005928 bestmemit:   17.837436  -18.046532    1.000000  207.315523
Iteration: 146 bestvalit: 0.005928 bestmemit:   17.837436  -18.046532    1.000000  207.315523
Iteration: 147 bestvalit: 0.005928 bestmemit:   17.837436  -18.046532    1.000000  207.315523
Iteration: 148 bestvalit: 0.005928 bestmemit:   17.837436  -18.046532    1.000000  207.315523
Iteration: 149 bestvalit: 0.005928 bestmemit:   17.837436  -18.046532    1.000000  207.315523
Iteration: 150 bestvalit: 0.005928 bestmemit:   17.837436  -18.046532    1.000000  207.315523
Iteration: 151 bestvalit: 0.005928 bestmemit:   17.837436  -18.046532    1.000000  207.315523
Iteration: 152 bestvalit: 0.005928 bestmemit:   17.837436  -18.046532    1.000000  207.315523
Iteration: 153 bestvalit: 0.005928 bestmemit:   17.837436  -18.046532    1.000000  207.315523
Iteration: 154 bestvalit: 0.005928 bestmemit:   17.837436  -18.046532    1.000000  207.315523
Iteration: 155 bestvalit: 0.005928 bestmemit:   17.837436  -18.046532    1.000000  207.315523
Iteration: 156 bestvalit: 0.005928 bestmemit:   17.837436  -18.046532    1.000000  207.315523
Iteration: 157 bestvalit: 0.005928 bestmemit:   17.837436  -18.046532    1.000000  207.315523
Iteration: 158 bestvalit: 0.005928 bestmemit:   17.837436  -18.046532    1.000000  207.315523
Iteration: 159 bestvalit: 0.005928 bestmemit:   17.837436  -18.046532    1.000000  207.315523
Iteration: 160 bestvalit: 0.005928 bestmemit:   17.837436  -18.046532    1.000000  207.315523
Iteration: 161 bestvalit: 0.005928 bestmemit:   17.837436  -18.046532    1.000000  207.315523
Iteration: 162 bestvalit: 0.005928 bestmemit:   17.837436  -18.046532    1.000000  207.315523
Iteration: 163 bestvalit: 0.005928 bestmemit:   17.837436  -18.046532    1.000000  207.315523
Iteration: 164 bestvalit: 0.005928 bestmemit:   17.837436  -18.046532    1.000000  207.315523
Iteration: 165 bestvalit: 0.005928 bestmemit:   17.837436  -18.046532    1.000000  207.315523
Iteration: 166 bestvalit: 0.005928 bestmemit:   17.837436  -18.046532    1.000000  207.315523
Iteration: 167 bestvalit: 0.005928 bestmemit:   17.837436  -18.046532    1.000000  207.315523
Iteration: 168 bestvalit: 0.005928 bestmemit:   17.837436  -18.046532    1.000000  207.315523
Iteration: 169 bestvalit: 0.005928 bestmemit:   17.837436  -18.046532    1.000000  207.315523
Iteration: 170 bestvalit: 0.005928 bestmemit:   17.837436  -18.046532    1.000000  207.315523
Iteration: 171 bestvalit: 0.005928 bestmemit:   17.837436  -18.046532    1.000000  207.315523
Iteration: 172 bestvalit: 0.005928 bestmemit:   17.837436  -18.046532    1.000000  207.315523
Iteration: 173 bestvalit: 0.005928 bestmemit:   17.837436  -18.046532    1.000000  207.315523
Iteration: 174 bestvalit: 0.005928 bestmemit:   17.837436  -18.046532    1.000000  207.315523
Iteration: 175 bestvalit: 0.005928 bestmemit:   17.837436  -18.046532    1.000000  207.315523
Iteration: 176 bestvalit: 0.005928 bestmemit:   17.837436  -18.046532    1.000000  207.315523
Iteration: 177 bestvalit: 0.005928 bestmemit:   17.837436  -18.046532    1.000000  207.315523
Iteration: 178 bestvalit: 0.005928 bestmemit:   17.837436  -18.046532    1.000000  207.315523
Iteration: 179 bestvalit: 0.005928 bestmemit:   17.837436  -18.046532    1.000000  207.315523
Iteration: 180 bestvalit: 0.005928 bestmemit:   17.837436  -18.046532    1.000000  207.315523
Iteration: 181 bestvalit: 0.005928 bestmemit:   17.837436  -18.046532    1.000000  207.315523
Iteration: 182 bestvalit: 0.005928 bestmemit:   17.837436  -18.046532    1.000000  207.315523
Iteration: 183 bestvalit: 0.005928 bestmemit:   17.837436  -18.046532    1.000000  207.315523
Iteration: 184 bestvalit: 0.005928 bestmemit:   17.837436  -18.046532    1.000000  207.315523
Iteration: 185 bestvalit: 0.005928 bestmemit:   17.837436  -18.046532    1.000000  207.315523
Iteration: 186 bestvalit: 0.005928 bestmemit:   17.837436  -18.046532    1.000000  207.315523
Iteration: 187 bestvalit: 0.005928 bestmemit:   17.837436  -18.046532    1.000000  207.315523
Iteration: 188 bestvalit: 0.005928 bestmemit:   17.837436  -18.046532    1.000000  207.315523
Iteration: 189 bestvalit: 0.005928 bestmemit:   17.837436  -18.046532    1.000000  207.315523
Iteration: 190 bestvalit: 0.005928 bestmemit:   17.837436  -18.046532    1.000000  207.315523
Iteration: 191 bestvalit: 0.005928 bestmemit:   17.837436  -18.046532    1.000000  207.315523
Iteration: 192 bestvalit: 0.005928 bestmemit:   17.837436  -18.046532    1.000000  207.315523
Iteration: 193 bestvalit: 0.005928 bestmemit:   17.837436  -18.046532    1.000000  207.315523
Iteration: 194 bestvalit: 0.005928 bestmemit:   17.837436  -18.046532    1.000000  207.315523
Iteration: 195 bestvalit: 0.005928 bestmemit:   17.837436  -18.046532    1.000000  207.315523
Iteration: 196 bestvalit: 0.005928 bestmemit:   17.837436  -18.046532    1.000000  207.315523
Iteration: 197 bestvalit: 0.005928 bestmemit:   17.837436  -18.046532    1.000000  207.315523
Iteration: 198 bestvalit: 0.005928 bestmemit:   17.837436  -18.046532    1.000000  207.315523
Iteration: 199 bestvalit: 0.005928 bestmemit:   17.837436  -18.046532    1.000000  207.315523
Iteration: 200 bestvalit: 0.005928 bestmemit:   17.837436  -18.046532    1.000000  207.315523
Iteration: 201 bestvalit: 0.005928 bestmemit:   17.837436  -18.046532    1.000000  207.315523
Iteration: 202 bestvalit: 0.005928 bestmemit:   17.837436  -18.046532    1.000000  207.315523
Iteration: 203 bestvalit: 0.005928 bestmemit:   17.837436  -18.046532    1.000000  207.315523
Iteration: 204 bestvalit: 0.005928 bestmemit:   17.837436  -18.046532    1.000000  207.315523
Iteration: 205 bestvalit: 0.005928 bestmemit:   17.837436  -18.046532    1.000000  207.315523
Iteration: 206 bestvalit: 0.005928 bestmemit:   17.837436  -18.046532    1.000000  207.315523
Iteration: 207 bestvalit: 0.005928 bestmemit:   17.837436  -18.046532    1.000000  207.315523
Iteration: 208 bestvalit: 0.005928 bestmemit:   17.837436  -18.046532    1.000000  207.315523
Iteration: 209 bestvalit: 0.005928 bestmemit:   17.837436  -18.046532    1.000000  207.315523
Iteration: 210 bestvalit: 0.005928 bestmemit:   17.837436  -18.046532    1.000000  207.315523
Iteration: 211 bestvalit: 0.005928 bestmemit:   17.837436  -18.046532    1.000000  207.315523
Iteration: 212 bestvalit: 0.005928 bestmemit:   17.837436  -18.046532    1.000000  207.315523
Iteration: 213 bestvalit: 0.005928 bestmemit:   17.837436  -18.046532    1.000000  207.315523
Iteration: 214 bestvalit: 0.005928 bestmemit:   17.837436  -18.046532    1.000000  207.315523

***** summary of DEoptim object ***** 
best member   :  17.83744 -18.04653 1 207.3155 
best value    :  0.00593 
after         :  214 generations 
fn evaluated  :  430 times 
*************************************
