SLURM_JOB_ID: 55185218
SLURM_JOB_USER: vsc34066
SLURM_JOB_ACCOUNT: lp_desenderlab
SLURM_JOB_NAME: fit_alternating_fb_trim_skip.slurm
SLURM_CLUSTER_NAME: genius
SLURM_JOB_PARTITION: batch
SLURM_ARRAY_JOB_ID: 55185173
SLURM_ARRAY_TASK_ID: 45
SLURM_NNODES: 1
SLURM_NODELIST: r27i27n04
SLURM_JOB_CPUS_PER_NODE: 8
Date: Tue Aug  8 11:36:25 CEST 2023
Walltime: 00-23:59:00
========================================================================
Iteration: 1 bestvalit: 0.006571 bestmemit:   30.084487  -60.443870    1.000000  465.739876
Iteration: 2 bestvalit: 0.006571 bestmemit:   30.084487  -60.443870    1.000000  465.739876
Iteration: 3 bestvalit: 0.006571 bestmemit:   30.084487  -60.443870    1.000000  465.739876
Iteration: 4 bestvalit: 0.006571 bestmemit:   30.084487  -60.443870    1.000000  465.739876
Iteration: 5 bestvalit: 0.006571 bestmemit:   30.084487  -60.443870    1.000000  465.739876
Iteration: 6 bestvalit: 0.006070 bestmemit:   37.975602  -57.025192    1.000000  313.150070
Iteration: 7 bestvalit: 0.005412 bestmemit:   44.619757  -92.145036    1.000000  317.702562
Iteration: 8 bestvalit: 0.005412 bestmemit:   44.619757  -92.145036    1.000000  317.702562
Iteration: 9 bestvalit: 0.005412 bestmemit:   44.619757  -92.145036    1.000000  317.702562
Iteration: 10 bestvalit: 0.005412 bestmemit:   44.619757  -92.145036    1.000000  317.702562
Iteration: 11 bestvalit: 0.005412 bestmemit:   44.619757  -92.145036    1.000000  317.702562
Iteration: 12 bestvalit: 0.005412 bestmemit:   44.619757  -92.145036    1.000000  317.702562
Iteration: 13 bestvalit: 0.005412 bestmemit:   44.619757  -92.145036    1.000000  317.702562
Iteration: 14 bestvalit: 0.005412 bestmemit:   44.619757  -92.145036    1.000000  317.702562
Iteration: 15 bestvalit: 0.004901 bestmemit:   35.785298  -45.663171    1.000000  334.939096
Iteration: 16 bestvalit: 0.004901 bestmemit:   35.785298  -45.663171    1.000000  334.939096
Iteration: 17 bestvalit: 0.004901 bestmemit:   35.785298  -45.663171    1.000000  334.939096
Iteration: 18 bestvalit: 0.004901 bestmemit:   35.785298  -45.663171    1.000000  334.939096
Iteration: 19 bestvalit: 0.004901 bestmemit:   35.785298  -45.663171    1.000000  334.939096
Iteration: 20 bestvalit: 0.004901 bestmemit:   35.785298  -45.663171    1.000000  334.939096
Iteration: 21 bestvalit: 0.004901 bestmemit:   35.785298  -45.663171    1.000000  334.939096
Iteration: 22 bestvalit: 0.004784 bestmemit:   32.807490   45.396708    1.000000  389.865049
Iteration: 23 bestvalit: 0.004784 bestmemit:   32.807490   45.396708    1.000000  389.865049
Iteration: 24 bestvalit: 0.004784 bestmemit:   32.807490   45.396708    1.000000  389.865049
Iteration: 25 bestvalit: 0.004784 bestmemit:   32.807490   45.396708    1.000000  389.865049
Iteration: 26 bestvalit: 0.004784 bestmemit:   32.807490   45.396708    1.000000  389.865049
Iteration: 27 bestvalit: 0.004784 bestmemit:   32.807490   45.396708    1.000000  389.865049
Iteration: 28 bestvalit: 0.004784 bestmemit:   32.807490   45.396708    1.000000  389.865049
Iteration: 29 bestvalit: 0.004784 bestmemit:   32.807490   45.396708    1.000000  389.865049
Iteration: 30 bestvalit: 0.004784 bestmemit:   32.807490   45.396708    1.000000  389.865049
Iteration: 31 bestvalit: 0.004784 bestmemit:   32.807490   45.396708    1.000000  389.865049
Iteration: 32 bestvalit: 0.004784 bestmemit:   32.807490   45.396708    1.000000  389.865049
Iteration: 33 bestvalit: 0.004784 bestmemit:   32.807490   45.396708    1.000000  389.865049
Iteration: 34 bestvalit: 0.004784 bestmemit:   32.807490   45.396708    1.000000  389.865049
Iteration: 35 bestvalit: 0.004784 bestmemit:   32.807490   45.396708    1.000000  389.865049
Iteration: 36 bestvalit: 0.004784 bestmemit:   32.807490   45.396708    1.000000  389.865049
Iteration: 37 bestvalit: 0.004784 bestmemit:   32.807490   45.396708    1.000000  389.865049
Iteration: 38 bestvalit: 0.004784 bestmemit:   32.807490   45.396708    1.000000  389.865049
Iteration: 39 bestvalit: 0.004784 bestmemit:   32.807490   45.396708    1.000000  389.865049
Iteration: 40 bestvalit: 0.004784 bestmemit:   32.807490   45.396708    1.000000  389.865049
Iteration: 41 bestvalit: 0.004784 bestmemit:   32.807490   45.396708    1.000000  389.865049
Iteration: 42 bestvalit: 0.004784 bestmemit:   32.807490   45.396708    1.000000  389.865049
Iteration: 43 bestvalit: 0.004784 bestmemit:   32.807490   45.396708    1.000000  389.865049
Iteration: 44 bestvalit: 0.004784 bestmemit:   32.807490   45.396708    1.000000  389.865049
Iteration: 45 bestvalit: 0.004784 bestmemit:   32.807490   45.396708    1.000000  389.865049
Iteration: 46 bestvalit: 0.004784 bestmemit:   32.807490   45.396708    1.000000  389.865049
Iteration: 47 bestvalit: 0.004784 bestmemit:   32.807490   45.396708    1.000000  389.865049
Iteration: 48 bestvalit: 0.004784 bestmemit:   32.807490   45.396708    1.000000  389.865049
Iteration: 49 bestvalit: 0.004784 bestmemit:   32.807490   45.396708    1.000000  389.865049
Iteration: 50 bestvalit: 0.004784 bestmemit:   32.807490   45.396708    1.000000  389.865049
Iteration: 51 bestvalit: 0.004784 bestmemit:   32.807490   45.396708    1.000000  389.865049
Iteration: 52 bestvalit: 0.004784 bestmemit:   32.807490   45.396708    1.000000  389.865049
Iteration: 53 bestvalit: 0.004784 bestmemit:   32.807490   45.396708    1.000000  389.865049
Iteration: 54 bestvalit: 0.004736 bestmemit:   21.117084  -80.120778    1.000000  378.010166
Iteration: 55 bestvalit: 0.004736 bestmemit:   21.117084  -80.120778    1.000000  378.010166
Iteration: 56 bestvalit: 0.004736 bestmemit:   21.117084  -80.120778    1.000000  378.010166
Iteration: 57 bestvalit: 0.004736 bestmemit:   21.117084  -80.120778    1.000000  378.010166
Iteration: 58 bestvalit: 0.004736 bestmemit:   21.117084  -80.120778    1.000000  378.010166
Iteration: 59 bestvalit: 0.004736 bestmemit:   21.117084  -80.120778    1.000000  378.010166
Iteration: 60 bestvalit: 0.004736 bestmemit:   21.117084  -80.120778    1.000000  378.010166
Iteration: 61 bestvalit: 0.004736 bestmemit:   21.117084  -80.120778    1.000000  378.010166
Iteration: 62 bestvalit: 0.004736 bestmemit:   21.117084  -80.120778    1.000000  378.010166
Iteration: 63 bestvalit: 0.004736 bestmemit:   21.117084  -80.120778    1.000000  378.010166
Iteration: 64 bestvalit: 0.004736 bestmemit:   21.117084  -80.120778    1.000000  378.010166
Iteration: 65 bestvalit: 0.004736 bestmemit:   21.117084  -80.120778    1.000000  378.010166
Iteration: 66 bestvalit: 0.004736 bestmemit:   21.117084  -80.120778    1.000000  378.010166
Iteration: 67 bestvalit: 0.004736 bestmemit:   21.117084  -80.120778    1.000000  378.010166
Iteration: 68 bestvalit: 0.004736 bestmemit:   21.117084  -80.120778    1.000000  378.010166
Iteration: 69 bestvalit: 0.004736 bestmemit:   21.117084  -80.120778    1.000000  378.010166
Iteration: 70 bestvalit: 0.004736 bestmemit:   21.117084  -80.120778    1.000000  378.010166
Iteration: 71 bestvalit: 0.004736 bestmemit:   21.117084  -80.120778    1.000000  378.010166
Iteration: 72 bestvalit: 0.004736 bestmemit:   21.117084  -80.120778    1.000000  378.010166
Iteration: 73 bestvalit: 0.004736 bestmemit:   21.117084  -80.120778    1.000000  378.010166
Iteration: 74 bestvalit: 0.004736 bestmemit:   21.117084  -80.120778    1.000000  378.010166
Iteration: 75 bestvalit: 0.004736 bestmemit:   21.117084  -80.120778    1.000000  378.010166
Iteration: 76 bestvalit: 0.004736 bestmemit:   21.117084  -80.120778    1.000000  378.010166
Iteration: 77 bestvalit: 0.004736 bestmemit:   21.117084  -80.120778    1.000000  378.010166
Iteration: 78 bestvalit: 0.004736 bestmemit:   21.117084  -80.120778    1.000000  378.010166
Iteration: 79 bestvalit: 0.004736 bestmemit:   21.117084  -80.120778    1.000000  378.010166
Iteration: 80 bestvalit: 0.004736 bestmemit:   21.117084  -80.120778    1.000000  378.010166
Iteration: 81 bestvalit: 0.004736 bestmemit:   21.117084  -80.120778    1.000000  378.010166
Iteration: 82 bestvalit: 0.004736 bestmemit:   21.117084  -80.120778    1.000000  378.010166
Iteration: 83 bestvalit: 0.004736 bestmemit:   21.117084  -80.120778    1.000000  378.010166
Iteration: 84 bestvalit: 0.004736 bestmemit:   21.117084  -80.120778    1.000000  378.010166
Iteration: 85 bestvalit: 0.004736 bestmemit:   21.117084  -80.120778    1.000000  378.010166
Iteration: 86 bestvalit: 0.004736 bestmemit:   21.117084  -80.120778    1.000000  378.010166
Iteration: 87 bestvalit: 0.004736 bestmemit:   21.117084  -80.120778    1.000000  378.010166
Iteration: 88 bestvalit: 0.004736 bestmemit:   21.117084  -80.120778    1.000000  378.010166
Iteration: 89 bestvalit: 0.004736 bestmemit:   21.117084  -80.120778    1.000000  378.010166
Iteration: 90 bestvalit: 0.004736 bestmemit:   21.117084  -80.120778    1.000000  378.010166
Iteration: 91 bestvalit: 0.004736 bestmemit:   21.117084  -80.120778    1.000000  378.010166
Iteration: 92 bestvalit: 0.004736 bestmemit:   21.117084  -80.120778    1.000000  378.010166
Iteration: 93 bestvalit: 0.004736 bestmemit:   21.117084  -80.120778    1.000000  378.010166
Iteration: 94 bestvalit: 0.004736 bestmemit:   21.117084  -80.120778    1.000000  378.010166
Iteration: 95 bestvalit: 0.004736 bestmemit:   21.117084  -80.120778    1.000000  378.010166
Iteration: 96 bestvalit: 0.004736 bestmemit:   21.117084  -80.120778    1.000000  378.010166
Iteration: 97 bestvalit: 0.004736 bestmemit:   21.117084  -80.120778    1.000000  378.010166
Iteration: 98 bestvalit: 0.004354 bestmemit:   13.985232  -21.890101    1.000000  368.902530
Iteration: 99 bestvalit: 0.004354 bestmemit:   13.985232  -21.890101    1.000000  368.902530
Iteration: 100 bestvalit: 0.004354 bestmemit:   13.985232  -21.890101    1.000000  368.902530
Iteration: 101 bestvalit: 0.004354 bestmemit:   13.985232  -21.890101    1.000000  368.902530
Iteration: 102 bestvalit: 0.004354 bestmemit:   13.985232  -21.890101    1.000000  368.902530
Iteration: 103 bestvalit: 0.004092 bestmemit:   29.402730   19.728510    1.000000  392.938717
Iteration: 104 bestvalit: 0.004092 bestmemit:   29.402730   19.728510    1.000000  392.938717
Iteration: 105 bestvalit: 0.004092 bestmemit:   29.402730   19.728510    1.000000  392.938717
Iteration: 106 bestvalit: 0.004092 bestmemit:   29.402730   19.728510    1.000000  392.938717
Iteration: 107 bestvalit: 0.004092 bestmemit:   29.402730   19.728510    1.000000  392.938717
Iteration: 108 bestvalit: 0.004092 bestmemit:   29.402730   19.728510    1.000000  392.938717
Iteration: 109 bestvalit: 0.004092 bestmemit:   29.402730   19.728510    1.000000  392.938717
Iteration: 110 bestvalit: 0.004092 bestmemit:   29.402730   19.728510    1.000000  392.938717
Iteration: 111 bestvalit: 0.004092 bestmemit:   29.402730   19.728510    1.000000  392.938717
Iteration: 112 bestvalit: 0.004092 bestmemit:   29.402730   19.728510    1.000000  392.938717
Iteration: 113 bestvalit: 0.004092 bestmemit:   29.402730   19.728510    1.000000  392.938717
Iteration: 114 bestvalit: 0.004092 bestmemit:   29.402730   19.728510    1.000000  392.938717
Iteration: 115 bestvalit: 0.004092 bestmemit:   29.402730   19.728510    1.000000  392.938717
Iteration: 116 bestvalit: 0.004092 bestmemit:   29.402730   19.728510    1.000000  392.938717
Iteration: 117 bestvalit: 0.004092 bestmemit:   29.402730   19.728510    1.000000  392.938717
Iteration: 118 bestvalit: 0.004092 bestmemit:   29.402730   19.728510    1.000000  392.938717
Iteration: 119 bestvalit: 0.004092 bestmemit:   29.402730   19.728510    1.000000  392.938717
Iteration: 120 bestvalit: 0.004092 bestmemit:   29.402730   19.728510    1.000000  392.938717
Iteration: 121 bestvalit: 0.004092 bestmemit:   29.402730   19.728510    1.000000  392.938717
Iteration: 122 bestvalit: 0.004092 bestmemit:   29.402730   19.728510    1.000000  392.938717
Iteration: 123 bestvalit: 0.004092 bestmemit:   29.402730   19.728510    1.000000  392.938717
Iteration: 124 bestvalit: 0.004092 bestmemit:   29.402730   19.728510    1.000000  392.938717
Iteration: 125 bestvalit: 0.004092 bestmemit:   29.402730   19.728510    1.000000  392.938717
Iteration: 126 bestvalit: 0.004092 bestmemit:   29.402730   19.728510    1.000000  392.938717
Iteration: 127 bestvalit: 0.004092 bestmemit:   29.402730   19.728510    1.000000  392.938717
Iteration: 128 bestvalit: 0.004092 bestmemit:   29.402730   19.728510    1.000000  392.938717
Iteration: 129 bestvalit: 0.004092 bestmemit:   29.402730   19.728510    1.000000  392.938717
Iteration: 130 bestvalit: 0.004092 bestmemit:   29.402730   19.728510    1.000000  392.938717
Iteration: 131 bestvalit: 0.004092 bestmemit:   29.402730   19.728510    1.000000  392.938717
Iteration: 132 bestvalit: 0.004092 bestmemit:   29.402730   19.728510    1.000000  392.938717
Iteration: 133 bestvalit: 0.004092 bestmemit:   29.402730   19.728510    1.000000  392.938717
Iteration: 134 bestvalit: 0.004092 bestmemit:   29.402730   19.728510    1.000000  392.938717
Iteration: 135 bestvalit: 0.004092 bestmemit:   29.402730   19.728510    1.000000  392.938717
Iteration: 136 bestvalit: 0.004092 bestmemit:   29.402730   19.728510    1.000000  392.938717
Iteration: 137 bestvalit: 0.004092 bestmemit:   29.402730   19.728510    1.000000  392.938717
Iteration: 138 bestvalit: 0.004092 bestmemit:   29.402730   19.728510    1.000000  392.938717
Iteration: 139 bestvalit: 0.004092 bestmemit:   29.402730   19.728510    1.000000  392.938717
Iteration: 140 bestvalit: 0.004092 bestmemit:   29.402730   19.728510    1.000000  392.938717
Iteration: 141 bestvalit: 0.004092 bestmemit:   29.402730   19.728510    1.000000  392.938717
Iteration: 142 bestvalit: 0.004092 bestmemit:   29.402730   19.728510    1.000000  392.938717
Iteration: 143 bestvalit: 0.004092 bestmemit:   29.402730   19.728510    1.000000  392.938717
Iteration: 144 bestvalit: 0.004092 bestmemit:   29.402730   19.728510    1.000000  392.938717
Iteration: 145 bestvalit: 0.004092 bestmemit:   29.402730   19.728510    1.000000  392.938717
Iteration: 146 bestvalit: 0.004092 bestmemit:   29.402730   19.728510    1.000000  392.938717
Iteration: 147 bestvalit: 0.004092 bestmemit:   29.402730   19.728510    1.000000  392.938717
Iteration: 148 bestvalit: 0.004092 bestmemit:   29.402730   19.728510    1.000000  392.938717
Iteration: 149 bestvalit: 0.004092 bestmemit:   29.402730   19.728510    1.000000  392.938717
Iteration: 150 bestvalit: 0.004092 bestmemit:   29.402730   19.728510    1.000000  392.938717
Iteration: 151 bestvalit: 0.004092 bestmemit:   29.402730   19.728510    1.000000  392.938717
Iteration: 152 bestvalit: 0.004092 bestmemit:   29.402730   19.728510    1.000000  392.938717
Iteration: 153 bestvalit: 0.004092 bestmemit:   29.402730   19.728510    1.000000  392.938717
Iteration: 154 bestvalit: 0.004092 bestmemit:   29.402730   19.728510    1.000000  392.938717
Iteration: 155 bestvalit: 0.004092 bestmemit:   29.402730   19.728510    1.000000  392.938717
Iteration: 156 bestvalit: 0.004092 bestmemit:   29.402730   19.728510    1.000000  392.938717
Iteration: 157 bestvalit: 0.004092 bestmemit:   29.402730   19.728510    1.000000  392.938717
Iteration: 158 bestvalit: 0.004092 bestmemit:   29.402730   19.728510    1.000000  392.938717
Iteration: 159 bestvalit: 0.004092 bestmemit:   29.402730   19.728510    1.000000  392.938717
Iteration: 160 bestvalit: 0.004092 bestmemit:   29.402730   19.728510    1.000000  392.938717
Iteration: 161 bestvalit: 0.004092 bestmemit:   29.402730   19.728510    1.000000  392.938717
Iteration: 162 bestvalit: 0.004092 bestmemit:   29.402730   19.728510    1.000000  392.938717
Iteration: 163 bestvalit: 0.004092 bestmemit:   29.402730   19.728510    1.000000  392.938717
Iteration: 164 bestvalit: 0.004092 bestmemit:   29.402730   19.728510    1.000000  392.938717
Iteration: 165 bestvalit: 0.004092 bestmemit:   29.402730   19.728510    1.000000  392.938717
Iteration: 166 bestvalit: 0.004092 bestmemit:   29.402730   19.728510    1.000000  392.938717
Iteration: 167 bestvalit: 0.004092 bestmemit:   29.402730   19.728510    1.000000  392.938717
Iteration: 168 bestvalit: 0.004092 bestmemit:   29.402730   19.728510    1.000000  392.938717
Iteration: 169 bestvalit: 0.004092 bestmemit:   29.402730   19.728510    1.000000  392.938717
Iteration: 170 bestvalit: 0.004092 bestmemit:   29.402730   19.728510    1.000000  392.938717
Iteration: 171 bestvalit: 0.004092 bestmemit:   29.402730   19.728510    1.000000  392.938717
Iteration: 172 bestvalit: 0.004092 bestmemit:   29.402730   19.728510    1.000000  392.938717
Iteration: 173 bestvalit: 0.004092 bestmemit:   29.402730   19.728510    1.000000  392.938717
Iteration: 174 bestvalit: 0.004092 bestmemit:   29.402730   19.728510    1.000000  392.938717

***** summary of DEoptim object ***** 
best member   :  29.40273 19.72851 1 392.9387 
best value    :  0.00409 
after         :  174 generations 
fn evaluated  :  350 times 
*************************************
