SLURM_JOB_ID: 55185182
SLURM_JOB_USER: vsc34066
SLURM_JOB_ACCOUNT: lp_desenderlab
SLURM_JOB_NAME: fit_alternating_fb_trim_skip.slurm
SLURM_CLUSTER_NAME: genius
SLURM_JOB_PARTITION: batch
SLURM_ARRAY_JOB_ID: 55185173
SLURM_ARRAY_TASK_ID: 9
SLURM_NNODES: 3
SLURM_NODELIST: r23i13n[04-05,07]
SLURM_JOB_CPUS_PER_NODE: 2,4,2
Date: Tue Aug  8 11:36:16 CEST 2023
Walltime: 00-23:59:00
========================================================================
Iteration: 1 bestvalit: 0.006683 bestmemit:   48.914949  -42.640256    1.000000  355.729845
Iteration: 2 bestvalit: 0.006683 bestmemit:   48.914949  -42.640256    1.000000  355.729845
Iteration: 3 bestvalit: 0.006683 bestmemit:   48.914949  -42.640256    1.000000  355.729845
Iteration: 4 bestvalit: 0.006683 bestmemit:   48.914949  -42.640256    1.000000  355.729845
Iteration: 5 bestvalit: 0.006683 bestmemit:   48.914949  -42.640256    1.000000  355.729845
Iteration: 6 bestvalit: 0.006683 bestmemit:   48.914949  -42.640256    1.000000  355.729845
Iteration: 7 bestvalit: 0.006683 bestmemit:   48.914949  -42.640256    1.000000  355.729845
Iteration: 8 bestvalit: 0.006683 bestmemit:   48.914949  -42.640256    1.000000  355.729845
Iteration: 9 bestvalit: 0.006683 bestmemit:   48.914949  -42.640256    1.000000  355.729845
Iteration: 10 bestvalit: 0.006683 bestmemit:   48.914949  -42.640256    1.000000  355.729845
Iteration: 11 bestvalit: 0.006683 bestmemit:   48.914949  -42.640256    1.000000  355.729845
Iteration: 12 bestvalit: 0.006590 bestmemit:   34.947390   64.672527    1.000000  302.782981
Iteration: 13 bestvalit: 0.006590 bestmemit:   34.947390   64.672527    1.000000  302.782981
Iteration: 14 bestvalit: 0.006590 bestmemit:   34.947390   64.672527    1.000000  302.782981
Iteration: 15 bestvalit: 0.006590 bestmemit:   34.947390   64.672527    1.000000  302.782981
Iteration: 16 bestvalit: 0.006397 bestmemit:   49.876952   46.621237    1.000000  310.538013
Iteration: 17 bestvalit: 0.006397 bestmemit:   49.876952   46.621237    1.000000  310.538013
Iteration: 18 bestvalit: 0.006397 bestmemit:   49.876952   46.621237    1.000000  310.538013
Iteration: 19 bestvalit: 0.006397 bestmemit:   49.876952   46.621237    1.000000  310.538013
Iteration: 20 bestvalit: 0.006034 bestmemit:   28.069958  -42.383484    1.000000  332.589705
Iteration: 21 bestvalit: 0.006034 bestmemit:   28.069958  -42.383484    1.000000  332.589705
Iteration: 22 bestvalit: 0.006034 bestmemit:   28.069958  -42.383484    1.000000  332.589705
Iteration: 23 bestvalit: 0.006034 bestmemit:   28.069958  -42.383484    1.000000  332.589705
Iteration: 24 bestvalit: 0.006016 bestmemit:   28.414415  -62.577465    1.000000  348.022321
Iteration: 25 bestvalit: 0.006016 bestmemit:   28.414415  -62.577465    1.000000  348.022321
Iteration: 26 bestvalit: 0.006016 bestmemit:   28.414415  -62.577465    1.000000  348.022321
Iteration: 27 bestvalit: 0.006016 bestmemit:   28.414415  -62.577465    1.000000  348.022321
Iteration: 28 bestvalit: 0.006016 bestmemit:   28.414415  -62.577465    1.000000  348.022321
Iteration: 29 bestvalit: 0.006016 bestmemit:   28.414415  -62.577465    1.000000  348.022321
Iteration: 30 bestvalit: 0.006016 bestmemit:   28.414415  -62.577465    1.000000  348.022321
Iteration: 31 bestvalit: 0.006016 bestmemit:   28.414415  -62.577465    1.000000  348.022321
Iteration: 32 bestvalit: 0.005825 bestmemit:   44.174305  -50.112471    1.000000  352.078460
Iteration: 33 bestvalit: 0.005825 bestmemit:   44.174305  -50.112471    1.000000  352.078460
Iteration: 34 bestvalit: 0.005825 bestmemit:   44.174305  -50.112471    1.000000  352.078460
Iteration: 35 bestvalit: 0.005825 bestmemit:   44.174305  -50.112471    1.000000  352.078460
Iteration: 36 bestvalit: 0.005825 bestmemit:   44.174305  -50.112471    1.000000  352.078460
Iteration: 37 bestvalit: 0.005825 bestmemit:   44.174305  -50.112471    1.000000  352.078460
Iteration: 38 bestvalit: 0.005825 bestmemit:   44.174305  -50.112471    1.000000  352.078460
Iteration: 39 bestvalit: 0.005825 bestmemit:   44.174305  -50.112471    1.000000  352.078460
Iteration: 40 bestvalit: 0.005825 bestmemit:   44.174305  -50.112471    1.000000  352.078460
Iteration: 41 bestvalit: 0.005825 bestmemit:   44.174305  -50.112471    1.000000  352.078460
Iteration: 42 bestvalit: 0.005825 bestmemit:   44.174305  -50.112471    1.000000  352.078460
Iteration: 43 bestvalit: 0.005825 bestmemit:   44.174305  -50.112471    1.000000  352.078460
Iteration: 44 bestvalit: 0.005825 bestmemit:   44.174305  -50.112471    1.000000  352.078460
Iteration: 45 bestvalit: 0.005825 bestmemit:   44.174305  -50.112471    1.000000  352.078460
Iteration: 46 bestvalit: 0.005825 bestmemit:   44.174305  -50.112471    1.000000  352.078460
Iteration: 47 bestvalit: 0.005825 bestmemit:   44.174305  -50.112471    1.000000  352.078460
Iteration: 48 bestvalit: 0.005825 bestmemit:   44.174305  -50.112471    1.000000  352.078460
Iteration: 49 bestvalit: 0.005825 bestmemit:   44.174305  -50.112471    1.000000  352.078460
Iteration: 50 bestvalit: 0.005825 bestmemit:   44.174305  -50.112471    1.000000  352.078460
Iteration: 51 bestvalit: 0.005825 bestmemit:   44.174305  -50.112471    1.000000  352.078460
Iteration: 52 bestvalit: 0.005825 bestmemit:   44.174305  -50.112471    1.000000  352.078460
Iteration: 53 bestvalit: 0.005825 bestmemit:   44.174305  -50.112471    1.000000  352.078460
Iteration: 54 bestvalit: 0.005825 bestmemit:   44.174305  -50.112471    1.000000  352.078460
Iteration: 55 bestvalit: 0.005825 bestmemit:   44.174305  -50.112471    1.000000  352.078460
Iteration: 56 bestvalit: 0.005825 bestmemit:   44.174305  -50.112471    1.000000  352.078460
Iteration: 57 bestvalit: 0.005825 bestmemit:   44.174305  -50.112471    1.000000  352.078460
Iteration: 58 bestvalit: 0.005825 bestmemit:   44.174305  -50.112471    1.000000  352.078460
Iteration: 59 bestvalit: 0.005825 bestmemit:   44.174305  -50.112471    1.000000  352.078460
Iteration: 60 bestvalit: 0.005825 bestmemit:   44.174305  -50.112471    1.000000  352.078460
Iteration: 61 bestvalit: 0.005825 bestmemit:   44.174305  -50.112471    1.000000  352.078460
Iteration: 62 bestvalit: 0.005825 bestmemit:   44.174305  -50.112471    1.000000  352.078460
Iteration: 63 bestvalit: 0.005825 bestmemit:   44.174305  -50.112471    1.000000  352.078460
Iteration: 64 bestvalit: 0.005825 bestmemit:   44.174305  -50.112471    1.000000  352.078460
Iteration: 65 bestvalit: 0.005825 bestmemit:   44.174305  -50.112471    1.000000  352.078460
Iteration: 66 bestvalit: 0.005825 bestmemit:   44.174305  -50.112471    1.000000  352.078460
Iteration: 67 bestvalit: 0.005825 bestmemit:   44.174305  -50.112471    1.000000  352.078460
Iteration: 68 bestvalit: 0.005825 bestmemit:   44.174305  -50.112471    1.000000  352.078460
Iteration: 69 bestvalit: 0.005825 bestmemit:   44.174305  -50.112471    1.000000  352.078460
Iteration: 70 bestvalit: 0.005825 bestmemit:   44.174305  -50.112471    1.000000  352.078460
Iteration: 71 bestvalit: 0.005825 bestmemit:   44.174305  -50.112471    1.000000  352.078460
Iteration: 72 bestvalit: 0.005825 bestmemit:   44.174305  -50.112471    1.000000  352.078460
Iteration: 73 bestvalit: 0.005825 bestmemit:   44.174305  -50.112471    1.000000  352.078460
Iteration: 74 bestvalit: 0.005825 bestmemit:   44.174305  -50.112471    1.000000  352.078460
Iteration: 75 bestvalit: 0.005825 bestmemit:   44.174305  -50.112471    1.000000  352.078460
Iteration: 76 bestvalit: 0.005825 bestmemit:   44.174305  -50.112471    1.000000  352.078460
Iteration: 77 bestvalit: 0.005825 bestmemit:   44.174305  -50.112471    1.000000  352.078460
Iteration: 78 bestvalit: 0.005825 bestmemit:   44.174305  -50.112471    1.000000  352.078460
Iteration: 79 bestvalit: 0.005825 bestmemit:   44.174305  -50.112471    1.000000  352.078460
Iteration: 80 bestvalit: 0.005825 bestmemit:   44.174305  -50.112471    1.000000  352.078460
Iteration: 81 bestvalit: 0.005825 bestmemit:   44.174305  -50.112471    1.000000  352.078460
Iteration: 82 bestvalit: 0.005825 bestmemit:   44.174305  -50.112471    1.000000  352.078460
Iteration: 83 bestvalit: 0.005825 bestmemit:   44.174305  -50.112471    1.000000  352.078460
Iteration: 84 bestvalit: 0.005825 bestmemit:   44.174305  -50.112471    1.000000  352.078460
Iteration: 85 bestvalit: 0.005825 bestmemit:   44.174305  -50.112471    1.000000  352.078460
Iteration: 86 bestvalit: 0.005825 bestmemit:   44.174305  -50.112471    1.000000  352.078460
Iteration: 87 bestvalit: 0.005825 bestmemit:   44.174305  -50.112471    1.000000  352.078460
Iteration: 88 bestvalit: 0.005825 bestmemit:   44.174305  -50.112471    1.000000  352.078460
Iteration: 89 bestvalit: 0.005825 bestmemit:   44.174305  -50.112471    1.000000  352.078460
Iteration: 90 bestvalit: 0.005825 bestmemit:   44.174305  -50.112471    1.000000  352.078460
Iteration: 91 bestvalit: 0.005825 bestmemit:   44.174305  -50.112471    1.000000  352.078460
Iteration: 92 bestvalit: 0.005825 bestmemit:   44.174305  -50.112471    1.000000  352.078460
Iteration: 93 bestvalit: 0.005825 bestmemit:   44.174305  -50.112471    1.000000  352.078460
Iteration: 94 bestvalit: 0.005825 bestmemit:   44.174305  -50.112471    1.000000  352.078460
Iteration: 95 bestvalit: 0.005825 bestmemit:   44.174305  -50.112471    1.000000  352.078460
Iteration: 96 bestvalit: 0.005825 bestmemit:   44.174305  -50.112471    1.000000  352.078460
Iteration: 97 bestvalit: 0.005656 bestmemit:   45.575920  -45.260879    1.000000  312.778907
Iteration: 98 bestvalit: 0.005656 bestmemit:   45.575920  -45.260879    1.000000  312.778907
Iteration: 99 bestvalit: 0.005656 bestmemit:   45.575920  -45.260879    1.000000  312.778907
Iteration: 100 bestvalit: 0.005656 bestmemit:   45.575920  -45.260879    1.000000  312.778907
Iteration: 101 bestvalit: 0.005656 bestmemit:   45.575920  -45.260879    1.000000  312.778907
Iteration: 102 bestvalit: 0.005656 bestmemit:   45.575920  -45.260879    1.000000  312.778907
Iteration: 103 bestvalit: 0.005656 bestmemit:   45.575920  -45.260879    1.000000  312.778907
Iteration: 104 bestvalit: 0.005656 bestmemit:   45.575920  -45.260879    1.000000  312.778907
Iteration: 105 bestvalit: 0.005656 bestmemit:   45.575920  -45.260879    1.000000  312.778907
Iteration: 106 bestvalit: 0.005656 bestmemit:   45.575920  -45.260879    1.000000  312.778907
Iteration: 107 bestvalit: 0.005656 bestmemit:   45.575920  -45.260879    1.000000  312.778907
Iteration: 108 bestvalit: 0.005656 bestmemit:   45.575920  -45.260879    1.000000  312.778907
Iteration: 109 bestvalit: 0.005656 bestmemit:   45.575920  -45.260879    1.000000  312.778907
Iteration: 110 bestvalit: 0.005656 bestmemit:   45.575920  -45.260879    1.000000  312.778907
Iteration: 111 bestvalit: 0.005656 bestmemit:   45.575920  -45.260879    1.000000  312.778907
Iteration: 112 bestvalit: 0.005656 bestmemit:   45.575920  -45.260879    1.000000  312.778907
Iteration: 113 bestvalit: 0.005656 bestmemit:   45.575920  -45.260879    1.000000  312.778907
Iteration: 114 bestvalit: 0.005656 bestmemit:   45.575920  -45.260879    1.000000  312.778907
Iteration: 115 bestvalit: 0.005656 bestmemit:   45.575920  -45.260879    1.000000  312.778907
Iteration: 116 bestvalit: 0.005656 bestmemit:   45.575920  -45.260879    1.000000  312.778907
Iteration: 117 bestvalit: 0.005656 bestmemit:   45.575920  -45.260879    1.000000  312.778907
Iteration: 118 bestvalit: 0.005656 bestmemit:   45.575920  -45.260879    1.000000  312.778907
Iteration: 119 bestvalit: 0.005656 bestmemit:   45.575920  -45.260879    1.000000  312.778907
Iteration: 120 bestvalit: 0.005656 bestmemit:   45.575920  -45.260879    1.000000  312.778907
Iteration: 121 bestvalit: 0.005656 bestmemit:   45.575920  -45.260879    1.000000  312.778907
Iteration: 122 bestvalit: 0.005656 bestmemit:   45.575920  -45.260879    1.000000  312.778907
Iteration: 123 bestvalit: 0.005656 bestmemit:   45.575920  -45.260879    1.000000  312.778907
Iteration: 124 bestvalit: 0.005656 bestmemit:   45.575920  -45.260879    1.000000  312.778907
Iteration: 125 bestvalit: 0.005656 bestmemit:   45.575920  -45.260879    1.000000  312.778907
Iteration: 126 bestvalit: 0.005656 bestmemit:   45.575920  -45.260879    1.000000  312.778907
Iteration: 127 bestvalit: 0.005656 bestmemit:   45.575920  -45.260879    1.000000  312.778907
Iteration: 128 bestvalit: 0.005656 bestmemit:   45.575920  -45.260879    1.000000  312.778907
Iteration: 129 bestvalit: 0.005656 bestmemit:   45.575920  -45.260879    1.000000  312.778907
Iteration: 130 bestvalit: 0.005656 bestmemit:   45.575920  -45.260879    1.000000  312.778907
Iteration: 131 bestvalit: 0.005656 bestmemit:   45.575920  -45.260879    1.000000  312.778907
Iteration: 132 bestvalit: 0.005656 bestmemit:   45.575920  -45.260879    1.000000  312.778907
Iteration: 133 bestvalit: 0.005656 bestmemit:   45.575920  -45.260879    1.000000  312.778907
Iteration: 134 bestvalit: 0.005656 bestmemit:   45.575920  -45.260879    1.000000  312.778907
Iteration: 135 bestvalit: 0.005656 bestmemit:   45.575920  -45.260879    1.000000  312.778907
Iteration: 136 bestvalit: 0.005656 bestmemit:   45.575920  -45.260879    1.000000  312.778907
Iteration: 137 bestvalit: 0.005656 bestmemit:   45.575920  -45.260879    1.000000  312.778907
Iteration: 138 bestvalit: 0.005656 bestmemit:   45.575920  -45.260879    1.000000  312.778907
Iteration: 139 bestvalit: 0.005656 bestmemit:   45.575920  -45.260879    1.000000  312.778907
Iteration: 140 bestvalit: 0.005656 bestmemit:   45.575920  -45.260879    1.000000  312.778907
Iteration: 141 bestvalit: 0.005656 bestmemit:   45.575920  -45.260879    1.000000  312.778907
Iteration: 142 bestvalit: 0.005656 bestmemit:   45.575920  -45.260879    1.000000  312.778907
Iteration: 143 bestvalit: 0.005656 bestmemit:   45.575920  -45.260879    1.000000  312.778907
Iteration: 144 bestvalit: 0.005656 bestmemit:   45.575920  -45.260879    1.000000  312.778907
Iteration: 145 bestvalit: 0.005656 bestmemit:   45.575920  -45.260879    1.000000  312.778907
Iteration: 146 bestvalit: 0.005656 bestmemit:   45.575920  -45.260879    1.000000  312.778907
Iteration: 147 bestvalit: 0.005656 bestmemit:   45.575920  -45.260879    1.000000  312.778907
Iteration: 148 bestvalit: 0.005656 bestmemit:   45.575920  -45.260879    1.000000  312.778907
Iteration: 149 bestvalit: 0.005656 bestmemit:   45.575920  -45.260879    1.000000  312.778907
Iteration: 150 bestvalit: 0.005656 bestmemit:   45.575920  -45.260879    1.000000  312.778907
Iteration: 151 bestvalit: 0.005656 bestmemit:   45.575920  -45.260879    1.000000  312.778907
Iteration: 152 bestvalit: 0.005656 bestmemit:   45.575920  -45.260879    1.000000  312.778907
Iteration: 153 bestvalit: 0.005656 bestmemit:   45.575920  -45.260879    1.000000  312.778907
Iteration: 154 bestvalit: 0.005656 bestmemit:   45.575920  -45.260879    1.000000  312.778907
Iteration: 155 bestvalit: 0.005656 bestmemit:   45.575920  -45.260879    1.000000  312.778907
Iteration: 156 bestvalit: 0.005656 bestmemit:   45.575920  -45.260879    1.000000  312.778907
Iteration: 157 bestvalit: 0.005656 bestmemit:   45.575920  -45.260879    1.000000  312.778907
Iteration: 158 bestvalit: 0.005656 bestmemit:   45.575920  -45.260879    1.000000  312.778907
Iteration: 159 bestvalit: 0.005656 bestmemit:   45.575920  -45.260879    1.000000  312.778907
Iteration: 160 bestvalit: 0.005656 bestmemit:   45.575920  -45.260879    1.000000  312.778907
Iteration: 161 bestvalit: 0.005656 bestmemit:   45.575920  -45.260879    1.000000  312.778907
Iteration: 162 bestvalit: 0.005656 bestmemit:   45.575920  -45.260879    1.000000  312.778907
Iteration: 163 bestvalit: 0.005656 bestmemit:   45.575920  -45.260879    1.000000  312.778907
Iteration: 164 bestvalit: 0.005656 bestmemit:   45.575920  -45.260879    1.000000  312.778907
Iteration: 165 bestvalit: 0.005656 bestmemit:   45.575920  -45.260879    1.000000  312.778907
Iteration: 166 bestvalit: 0.005656 bestmemit:   45.575920  -45.260879    1.000000  312.778907
Iteration: 167 bestvalit: 0.005656 bestmemit:   45.575920  -45.260879    1.000000  312.778907
Iteration: 168 bestvalit: 0.005656 bestmemit:   45.575920  -45.260879    1.000000  312.778907

***** summary of DEoptim object ***** 
best member   :  45.57592 -45.26088 1 312.7789 
best value    :  0.00566 
after         :  168 generations 
fn evaluated  :  338 times 
*************************************
