SLURM_JOB_ID: 55185265
SLURM_JOB_USER: vsc34066
SLURM_JOB_ACCOUNT: lp_desenderlab
SLURM_JOB_NAME: fit_alternating_fb_trim_skip.slurm
SLURM_CLUSTER_NAME: genius
SLURM_JOB_PARTITION: batch
SLURM_ARRAY_JOB_ID: 55185173
SLURM_ARRAY_TASK_ID: 89
SLURM_NNODES: 3
SLURM_NODELIST: r23i13n24,r23i27n[03,08]
SLURM_JOB_CPUS_PER_NODE: 2(x2),4
Date: Tue Aug  8 11:36:19 CEST 2023
Walltime: 00-23:59:00
========================================================================
Iteration: 1 bestvalit: 0.005291 bestmemit:    2.766590  -42.602197    1.000000  220.590877
Iteration: 2 bestvalit: 0.005291 bestmemit:    2.766590  -42.602197    1.000000  220.590877
Iteration: 3 bestvalit: 0.005291 bestmemit:    2.766590  -42.602197    1.000000  220.590877
Iteration: 4 bestvalit: 0.005071 bestmemit:   12.020103  -51.620355    1.000000  258.935807
Iteration: 5 bestvalit: 0.005071 bestmemit:   12.020103  -51.620355    1.000000  258.935807
Iteration: 6 bestvalit: 0.005071 bestmemit:   12.020103  -51.620355    1.000000  258.935807
Iteration: 7 bestvalit: 0.005071 bestmemit:   12.020103  -51.620355    1.000000  258.935807
Iteration: 8 bestvalit: 0.005071 bestmemit:   12.020103  -51.620355    1.000000  258.935807
Iteration: 9 bestvalit: 0.004638 bestmemit:    2.921882  -53.649256    1.000000  275.694788
Iteration: 10 bestvalit: 0.004638 bestmemit:    2.921882  -53.649256    1.000000  275.694788
Iteration: 11 bestvalit: 0.004638 bestmemit:    2.921882  -53.649256    1.000000  275.694788
Iteration: 12 bestvalit: 0.004552 bestmemit:   17.742222  -15.409254    1.000000  267.678709
Iteration: 13 bestvalit: 0.004552 bestmemit:   17.742222  -15.409254    1.000000  267.678709
Iteration: 14 bestvalit: 0.004552 bestmemit:   17.742222  -15.409254    1.000000  267.678709
Iteration: 15 bestvalit: 0.004552 bestmemit:   17.742222  -15.409254    1.000000  267.678709
Iteration: 16 bestvalit: 0.004552 bestmemit:   17.742222  -15.409254    1.000000  267.678709
Iteration: 17 bestvalit: 0.004219 bestmemit:    6.432470  -41.983065    1.000000  253.750229
Iteration: 18 bestvalit: 0.004219 bestmemit:    6.432470  -41.983065    1.000000  253.750229
Iteration: 19 bestvalit: 0.004219 bestmemit:    6.432470  -41.983065    1.000000  253.750229
Iteration: 20 bestvalit: 0.004219 bestmemit:    6.432470  -41.983065    1.000000  253.750229
Iteration: 21 bestvalit: 0.004219 bestmemit:    6.432470  -41.983065    1.000000  253.750229
Iteration: 22 bestvalit: 0.004219 bestmemit:    6.432470  -41.983065    1.000000  253.750229
Iteration: 23 bestvalit: 0.004219 bestmemit:    6.432470  -41.983065    1.000000  253.750229
Iteration: 24 bestvalit: 0.004219 bestmemit:    6.432470  -41.983065    1.000000  253.750229
Iteration: 25 bestvalit: 0.004219 bestmemit:    6.432470  -41.983065    1.000000  253.750229
Iteration: 26 bestvalit: 0.004219 bestmemit:    6.432470  -41.983065    1.000000  253.750229
Iteration: 27 bestvalit: 0.004219 bestmemit:    6.432470  -41.983065    1.000000  253.750229
Iteration: 28 bestvalit: 0.004219 bestmemit:    6.432470  -41.983065    1.000000  253.750229
Iteration: 29 bestvalit: 0.004219 bestmemit:    6.432470  -41.983065    1.000000  253.750229
Iteration: 30 bestvalit: 0.004219 bestmemit:    6.432470  -41.983065    1.000000  253.750229
Iteration: 31 bestvalit: 0.004219 bestmemit:    6.432470  -41.983065    1.000000  253.750229
Iteration: 32 bestvalit: 0.004219 bestmemit:    6.432470  -41.983065    1.000000  253.750229
Iteration: 33 bestvalit: 0.004219 bestmemit:    6.432470  -41.983065    1.000000  253.750229
Iteration: 34 bestvalit: 0.004219 bestmemit:    6.432470  -41.983065    1.000000  253.750229
Iteration: 35 bestvalit: 0.004219 bestmemit:    6.432470  -41.983065    1.000000  253.750229
Iteration: 36 bestvalit: 0.004219 bestmemit:    6.432470  -41.983065    1.000000  253.750229
Iteration: 37 bestvalit: 0.004219 bestmemit:    6.432470  -41.983065    1.000000  253.750229
Iteration: 38 bestvalit: 0.004219 bestmemit:    6.432470  -41.983065    1.000000  253.750229
Iteration: 39 bestvalit: 0.004219 bestmemit:    6.432470  -41.983065    1.000000  253.750229
Iteration: 40 bestvalit: 0.004219 bestmemit:    6.432470  -41.983065    1.000000  253.750229
Iteration: 41 bestvalit: 0.004219 bestmemit:    6.432470  -41.983065    1.000000  253.750229
Iteration: 42 bestvalit: 0.004219 bestmemit:    6.432470  -41.983065    1.000000  253.750229
Iteration: 43 bestvalit: 0.004219 bestmemit:    6.432470  -41.983065    1.000000  253.750229
Iteration: 44 bestvalit: 0.004219 bestmemit:    6.432470  -41.983065    1.000000  253.750229
Iteration: 45 bestvalit: 0.004219 bestmemit:    6.432470  -41.983065    1.000000  253.750229
Iteration: 46 bestvalit: 0.004219 bestmemit:    6.432470  -41.983065    1.000000  253.750229
Iteration: 47 bestvalit: 0.004219 bestmemit:    6.432470  -41.983065    1.000000  253.750229
Iteration: 48 bestvalit: 0.004219 bestmemit:    6.432470  -41.983065    1.000000  253.750229
Iteration: 49 bestvalit: 0.004219 bestmemit:    6.432470  -41.983065    1.000000  253.750229
Iteration: 50 bestvalit: 0.004219 bestmemit:    6.432470  -41.983065    1.000000  253.750229
Iteration: 51 bestvalit: 0.004219 bestmemit:    6.432470  -41.983065    1.000000  253.750229
Iteration: 52 bestvalit: 0.004219 bestmemit:    6.432470  -41.983065    1.000000  253.750229
Iteration: 53 bestvalit: 0.004219 bestmemit:    6.432470  -41.983065    1.000000  253.750229
Iteration: 54 bestvalit: 0.004219 bestmemit:    6.432470  -41.983065    1.000000  253.750229
Iteration: 55 bestvalit: 0.004219 bestmemit:    6.432470  -41.983065    1.000000  253.750229
Iteration: 56 bestvalit: 0.004219 bestmemit:    6.432470  -41.983065    1.000000  253.750229
Iteration: 57 bestvalit: 0.004219 bestmemit:    6.432470  -41.983065    1.000000  253.750229
Iteration: 58 bestvalit: 0.004219 bestmemit:    6.432470  -41.983065    1.000000  253.750229
Iteration: 59 bestvalit: 0.004029 bestmemit:    8.000747   -5.463044    1.000000  262.080901
Iteration: 60 bestvalit: 0.004029 bestmemit:    8.000747   -5.463044    1.000000  262.080901
Iteration: 61 bestvalit: 0.004029 bestmemit:    8.000747   -5.463044    1.000000  262.080901
Iteration: 62 bestvalit: 0.004029 bestmemit:    8.000747   -5.463044    1.000000  262.080901
Iteration: 63 bestvalit: 0.004029 bestmemit:    8.000747   -5.463044    1.000000  262.080901
Iteration: 64 bestvalit: 0.004029 bestmemit:    8.000747   -5.463044    1.000000  262.080901
Iteration: 65 bestvalit: 0.004029 bestmemit:    8.000747   -5.463044    1.000000  262.080901
Iteration: 66 bestvalit: 0.004029 bestmemit:    8.000747   -5.463044    1.000000  262.080901
Iteration: 67 bestvalit: 0.004029 bestmemit:    8.000747   -5.463044    1.000000  262.080901
Iteration: 68 bestvalit: 0.004029 bestmemit:    8.000747   -5.463044    1.000000  262.080901
Iteration: 69 bestvalit: 0.004029 bestmemit:    8.000747   -5.463044    1.000000  262.080901
Iteration: 70 bestvalit: 0.004029 bestmemit:    8.000747   -5.463044    1.000000  262.080901
Iteration: 71 bestvalit: 0.004029 bestmemit:    8.000747   -5.463044    1.000000  262.080901
Iteration: 72 bestvalit: 0.004029 bestmemit:    8.000747   -5.463044    1.000000  262.080901
Iteration: 73 bestvalit: 0.004029 bestmemit:    8.000747   -5.463044    1.000000  262.080901
Iteration: 74 bestvalit: 0.004029 bestmemit:    8.000747   -5.463044    1.000000  262.080901
Iteration: 75 bestvalit: 0.004029 bestmemit:    8.000747   -5.463044    1.000000  262.080901
Iteration: 76 bestvalit: 0.004029 bestmemit:    8.000747   -5.463044    1.000000  262.080901
Iteration: 77 bestvalit: 0.004029 bestmemit:    8.000747   -5.463044    1.000000  262.080901
Iteration: 78 bestvalit: 0.004029 bestmemit:    8.000747   -5.463044    1.000000  262.080901
Iteration: 79 bestvalit: 0.004029 bestmemit:    8.000747   -5.463044    1.000000  262.080901
Iteration: 80 bestvalit: 0.004029 bestmemit:    8.000747   -5.463044    1.000000  262.080901
Iteration: 81 bestvalit: 0.004029 bestmemit:    8.000747   -5.463044    1.000000  262.080901
Iteration: 82 bestvalit: 0.004029 bestmemit:    8.000747   -5.463044    1.000000  262.080901
Iteration: 83 bestvalit: 0.004029 bestmemit:    8.000747   -5.463044    1.000000  262.080901
Iteration: 84 bestvalit: 0.004029 bestmemit:    8.000747   -5.463044    1.000000  262.080901
Iteration: 85 bestvalit: 0.004029 bestmemit:    8.000747   -5.463044    1.000000  262.080901
Iteration: 86 bestvalit: 0.004029 bestmemit:    8.000747   -5.463044    1.000000  262.080901
Iteration: 87 bestvalit: 0.004029 bestmemit:    8.000747   -5.463044    1.000000  262.080901
Iteration: 88 bestvalit: 0.004029 bestmemit:    8.000747   -5.463044    1.000000  262.080901
Iteration: 89 bestvalit: 0.004029 bestmemit:    8.000747   -5.463044    1.000000  262.080901
Iteration: 90 bestvalit: 0.004029 bestmemit:    8.000747   -5.463044    1.000000  262.080901
Iteration: 91 bestvalit: 0.004029 bestmemit:    8.000747   -5.463044    1.000000  262.080901
Iteration: 92 bestvalit: 0.004029 bestmemit:    8.000747   -5.463044    1.000000  262.080901
Iteration: 93 bestvalit: 0.004029 bestmemit:    8.000747   -5.463044    1.000000  262.080901
Iteration: 94 bestvalit: 0.004029 bestmemit:    8.000747   -5.463044    1.000000  262.080901
