SLURM_JOB_ID: 55185268
SLURM_JOB_USER: vsc34066
SLURM_JOB_ACCOUNT: lp_desenderlab
SLURM_JOB_NAME: fit_alternating_fb_trim_skip.slurm
SLURM_CLUSTER_NAME: genius
SLURM_JOB_PARTITION: batch
SLURM_ARRAY_JOB_ID: 55185173
SLURM_ARRAY_TASK_ID: 92
SLURM_NNODES: 1
SLURM_NODELIST: r25i27n19
SLURM_JOB_CPUS_PER_NODE: 8
Date: Tue Aug  8 11:36:21 CEST 2023
Walltime: 00-23:59:00
========================================================================
Iteration: 1 bestvalit: 0.010341 bestmemit:   34.566535   -1.114070    1.000000  179.120689
Iteration: 2 bestvalit: 0.010341 bestmemit:   34.566535   -1.114070    1.000000  179.120689
Iteration: 3 bestvalit: 0.010341 bestmemit:   34.566535   -1.114070    1.000000  179.120689
Iteration: 4 bestvalit: 0.010341 bestmemit:   34.566535   -1.114070    1.000000  179.120689
Iteration: 5 bestvalit: 0.010341 bestmemit:   34.566535   -1.114070    1.000000  179.120689
Iteration: 6 bestvalit: 0.010341 bestmemit:   34.566535   -1.114070    1.000000  179.120689
Iteration: 7 bestvalit: 0.010341 bestmemit:   34.566535   -1.114070    1.000000  179.120689
Iteration: 8 bestvalit: 0.010341 bestmemit:   34.566535   -1.114070    1.000000  179.120689
Iteration: 9 bestvalit: 0.010341 bestmemit:   34.566535   -1.114070    1.000000  179.120689
Iteration: 10 bestvalit: 0.010341 bestmemit:   34.566535   -1.114070    1.000000  179.120689
Iteration: 11 bestvalit: 0.010341 bestmemit:   34.566535   -1.114070    1.000000  179.120689
Iteration: 12 bestvalit: 0.010341 bestmemit:   34.566535   -1.114070    1.000000  179.120689
Iteration: 13 bestvalit: 0.010101 bestmemit:   43.768819  -77.336926    1.000000  239.691796
Iteration: 14 bestvalit: 0.010101 bestmemit:   43.768819  -77.336926    1.000000  239.691796
Iteration: 15 bestvalit: 0.010101 bestmemit:   43.768819  -77.336926    1.000000  239.691796
Iteration: 16 bestvalit: 0.010101 bestmemit:   43.768819  -77.336926    1.000000  239.691796
Iteration: 17 bestvalit: 0.010101 bestmemit:   43.768819  -77.336926    1.000000  239.691796
Iteration: 18 bestvalit: 0.010101 bestmemit:   43.768819  -77.336926    1.000000  239.691796
Iteration: 19 bestvalit: 0.010101 bestmemit:   43.768819  -77.336926    1.000000  239.691796
Iteration: 20 bestvalit: 0.009636 bestmemit:   47.364226    5.062728    1.000000  251.926573
Iteration: 21 bestvalit: 0.009636 bestmemit:   47.364226    5.062728    1.000000  251.926573
Iteration: 22 bestvalit: 0.009636 bestmemit:   47.364226    5.062728    1.000000  251.926573
Iteration: 23 bestvalit: 0.009636 bestmemit:   47.364226    5.062728    1.000000  251.926573
Iteration: 24 bestvalit: 0.009636 bestmemit:   47.364226    5.062728    1.000000  251.926573
Iteration: 25 bestvalit: 0.009636 bestmemit:   47.364226    5.062728    1.000000  251.926573
Iteration: 26 bestvalit: 0.009636 bestmemit:   47.364226    5.062728    1.000000  251.926573
Iteration: 27 bestvalit: 0.009636 bestmemit:   47.364226    5.062728    1.000000  251.926573
Iteration: 28 bestvalit: 0.009636 bestmemit:   47.364226    5.062728    1.000000  251.926573
Iteration: 29 bestvalit: 0.009636 bestmemit:   47.364226    5.062728    1.000000  251.926573
Iteration: 30 bestvalit: 0.009636 bestmemit:   47.364226    5.062728    1.000000  251.926573
Iteration: 31 bestvalit: 0.009636 bestmemit:   47.364226    5.062728    1.000000  251.926573
Iteration: 32 bestvalit: 0.009636 bestmemit:   47.364226    5.062728    1.000000  251.926573
Iteration: 33 bestvalit: 0.009636 bestmemit:   47.364226    5.062728    1.000000  251.926573
Iteration: 34 bestvalit: 0.009636 bestmemit:   47.364226    5.062728    1.000000  251.926573
Iteration: 35 bestvalit: 0.009636 bestmemit:   47.364226    5.062728    1.000000  251.926573
Iteration: 36 bestvalit: 0.009636 bestmemit:   47.364226    5.062728    1.000000  251.926573
Iteration: 37 bestvalit: 0.009636 bestmemit:   47.364226    5.062728    1.000000  251.926573
Iteration: 38 bestvalit: 0.009636 bestmemit:   47.364226    5.062728    1.000000  251.926573
Iteration: 39 bestvalit: 0.009636 bestmemit:   47.364226    5.062728    1.000000  251.926573
Iteration: 40 bestvalit: 0.009636 bestmemit:   47.364226    5.062728    1.000000  251.926573
Iteration: 41 bestvalit: 0.009636 bestmemit:   47.364226    5.062728    1.000000  251.926573
Iteration: 42 bestvalit: 0.009636 bestmemit:   47.364226    5.062728    1.000000  251.926573
Iteration: 43 bestvalit: 0.009636 bestmemit:   47.364226    5.062728    1.000000  251.926573
Iteration: 44 bestvalit: 0.009636 bestmemit:   47.364226    5.062728    1.000000  251.926573
Iteration: 45 bestvalit: 0.009636 bestmemit:   47.364226    5.062728    1.000000  251.926573
Iteration: 46 bestvalit: 0.009636 bestmemit:   47.364226    5.062728    1.000000  251.926573
Iteration: 47 bestvalit: 0.009636 bestmemit:   47.364226    5.062728    1.000000  251.926573
Iteration: 48 bestvalit: 0.009636 bestmemit:   47.364226    5.062728    1.000000  251.926573
Iteration: 49 bestvalit: 0.009636 bestmemit:   47.364226    5.062728    1.000000  251.926573
Iteration: 50 bestvalit: 0.009636 bestmemit:   47.364226    5.062728    1.000000  251.926573
Iteration: 51 bestvalit: 0.009636 bestmemit:   47.364226    5.062728    1.000000  251.926573
Iteration: 52 bestvalit: 0.009636 bestmemit:   47.364226    5.062728    1.000000  251.926573
Iteration: 53 bestvalit: 0.009636 bestmemit:   47.364226    5.062728    1.000000  251.926573
Iteration: 54 bestvalit: 0.009636 bestmemit:   47.364226    5.062728    1.000000  251.926573
Iteration: 55 bestvalit: 0.009636 bestmemit:   47.364226    5.062728    1.000000  251.926573
Iteration: 56 bestvalit: 0.009636 bestmemit:   47.364226    5.062728    1.000000  251.926573
Iteration: 57 bestvalit: 0.009636 bestmemit:   47.364226    5.062728    1.000000  251.926573
Iteration: 58 bestvalit: 0.009636 bestmemit:   47.364226    5.062728    1.000000  251.926573
Iteration: 59 bestvalit: 0.009636 bestmemit:   47.364226    5.062728    1.000000  251.926573
Iteration: 60 bestvalit: 0.009636 bestmemit:   47.364226    5.062728    1.000000  251.926573
Iteration: 61 bestvalit: 0.009636 bestmemit:   47.364226    5.062728    1.000000  251.926573
Iteration: 62 bestvalit: 0.009636 bestmemit:   47.364226    5.062728    1.000000  251.926573
Iteration: 63 bestvalit: 0.009636 bestmemit:   47.364226    5.062728    1.000000  251.926573
Iteration: 64 bestvalit: 0.009636 bestmemit:   47.364226    5.062728    1.000000  251.926573
Iteration: 65 bestvalit: 0.009636 bestmemit:   47.364226    5.062728    1.000000  251.926573
Iteration: 66 bestvalit: 0.009636 bestmemit:   47.364226    5.062728    1.000000  251.926573
Iteration: 67 bestvalit: 0.009636 bestmemit:   47.364226    5.062728    1.000000  251.926573
Iteration: 68 bestvalit: 0.009636 bestmemit:   47.364226    5.062728    1.000000  251.926573
Iteration: 69 bestvalit: 0.009636 bestmemit:   47.364226    5.062728    1.000000  251.926573
Iteration: 70 bestvalit: 0.009636 bestmemit:   47.364226    5.062728    1.000000  251.926573
Iteration: 71 bestvalit: 0.009493 bestmemit:   37.613545  -58.233624    1.000000  298.893887
Iteration: 72 bestvalit: 0.009493 bestmemit:   37.613545  -58.233624    1.000000  298.893887
Iteration: 73 bestvalit: 0.009493 bestmemit:   37.613545  -58.233624    1.000000  298.893887
Iteration: 74 bestvalit: 0.009493 bestmemit:   37.613545  -58.233624    1.000000  298.893887
Iteration: 75 bestvalit: 0.009493 bestmemit:   37.613545  -58.233624    1.000000  298.893887
Iteration: 76 bestvalit: 0.009493 bestmemit:   37.613545  -58.233624    1.000000  298.893887
Iteration: 77 bestvalit: 0.009493 bestmemit:   37.613545  -58.233624    1.000000  298.893887
Iteration: 78 bestvalit: 0.009493 bestmemit:   37.613545  -58.233624    1.000000  298.893887
Iteration: 79 bestvalit: 0.009493 bestmemit:   37.613545  -58.233624    1.000000  298.893887
Iteration: 80 bestvalit: 0.009493 bestmemit:   37.613545  -58.233624    1.000000  298.893887
Iteration: 81 bestvalit: 0.009479 bestmemit:   45.376700  -23.729465    1.000000  225.150159
Iteration: 82 bestvalit: 0.009479 bestmemit:   45.376700  -23.729465    1.000000  225.150159
Iteration: 83 bestvalit: 0.009479 bestmemit:   45.376700  -23.729465    1.000000  225.150159
Iteration: 84 bestvalit: 0.009479 bestmemit:   45.376700  -23.729465    1.000000  225.150159
Iteration: 85 bestvalit: 0.009479 bestmemit:   45.376700  -23.729465    1.000000  225.150159
Iteration: 86 bestvalit: 0.009479 bestmemit:   45.376700  -23.729465    1.000000  225.150159
Iteration: 87 bestvalit: 0.009479 bestmemit:   45.376700  -23.729465    1.000000  225.150159
Iteration: 88 bestvalit: 0.009479 bestmemit:   45.376700  -23.729465    1.000000  225.150159
Iteration: 89 bestvalit: 0.009479 bestmemit:   45.376700  -23.729465    1.000000  225.150159
Iteration: 90 bestvalit: 0.009479 bestmemit:   45.376700  -23.729465    1.000000  225.150159
Iteration: 91 bestvalit: 0.009185 bestmemit:   43.308412  -23.729465    1.000000  225.150159
Iteration: 92 bestvalit: 0.009185 bestmemit:   43.308412  -23.729465    1.000000  225.150159
Iteration: 93 bestvalit: 0.009185 bestmemit:   43.308412  -23.729465    1.000000  225.150159
Iteration: 94 bestvalit: 0.009185 bestmemit:   43.308412  -23.729465    1.000000  225.150159
Iteration: 95 bestvalit: 0.009185 bestmemit:   43.308412  -23.729465    1.000000  225.150159
Iteration: 96 bestvalit: 0.009185 bestmemit:   43.308412  -23.729465    1.000000  225.150159
Iteration: 97 bestvalit: 0.009185 bestmemit:   43.308412  -23.729465    1.000000  225.150159
Iteration: 98 bestvalit: 0.009185 bestmemit:   43.308412  -23.729465    1.000000  225.150159
Iteration: 99 bestvalit: 0.009185 bestmemit:   43.308412  -23.729465    1.000000  225.150159
Iteration: 100 bestvalit: 0.009185 bestmemit:   43.308412  -23.729465    1.000000  225.150159
Iteration: 101 bestvalit: 0.009185 bestmemit:   43.308412  -23.729465    1.000000  225.150159
Iteration: 102 bestvalit: 0.009185 bestmemit:   43.308412  -23.729465    1.000000  225.150159
Iteration: 103 bestvalit: 0.009185 bestmemit:   43.308412  -23.729465    1.000000  225.150159
Iteration: 104 bestvalit: 0.009185 bestmemit:   43.308412  -23.729465    1.000000  225.150159
Iteration: 105 bestvalit: 0.009185 bestmemit:   43.308412  -23.729465    1.000000  225.150159
Iteration: 106 bestvalit: 0.009185 bestmemit:   43.308412  -23.729465    1.000000  225.150159
Iteration: 107 bestvalit: 0.009185 bestmemit:   43.308412  -23.729465    1.000000  225.150159
Iteration: 108 bestvalit: 0.009185 bestmemit:   43.308412  -23.729465    1.000000  225.150159
Iteration: 109 bestvalit: 0.009185 bestmemit:   43.308412  -23.729465    1.000000  225.150159
Iteration: 110 bestvalit: 0.009185 bestmemit:   43.308412  -23.729465    1.000000  225.150159
Iteration: 111 bestvalit: 0.009185 bestmemit:   43.308412  -23.729465    1.000000  225.150159
Iteration: 112 bestvalit: 0.009185 bestmemit:   43.308412  -23.729465    1.000000  225.150159
Iteration: 113 bestvalit: 0.009185 bestmemit:   43.308412  -23.729465    1.000000  225.150159
Iteration: 114 bestvalit: 0.009185 bestmemit:   43.308412  -23.729465    1.000000  225.150159
Iteration: 115 bestvalit: 0.009185 bestmemit:   43.308412  -23.729465    1.000000  225.150159
Iteration: 116 bestvalit: 0.009185 bestmemit:   43.308412  -23.729465    1.000000  225.150159
Iteration: 117 bestvalit: 0.009185 bestmemit:   43.308412  -23.729465    1.000000  225.150159
Iteration: 118 bestvalit: 0.009185 bestmemit:   43.308412  -23.729465    1.000000  225.150159
Iteration: 119 bestvalit: 0.009185 bestmemit:   43.308412  -23.729465    1.000000  225.150159
Iteration: 120 bestvalit: 0.009185 bestmemit:   43.308412  -23.729465    1.000000  225.150159
Iteration: 121 bestvalit: 0.009185 bestmemit:   43.308412  -23.729465    1.000000  225.150159
Iteration: 122 bestvalit: 0.009185 bestmemit:   43.308412  -23.729465    1.000000  225.150159
Iteration: 123 bestvalit: 0.009185 bestmemit:   43.308412  -23.729465    1.000000  225.150159
Iteration: 124 bestvalit: 0.009185 bestmemit:   43.308412  -23.729465    1.000000  225.150159
Iteration: 125 bestvalit: 0.009185 bestmemit:   43.308412  -23.729465    1.000000  225.150159
Iteration: 126 bestvalit: 0.009185 bestmemit:   43.308412  -23.729465    1.000000  225.150159
Iteration: 127 bestvalit: 0.009185 bestmemit:   43.308412  -23.729465    1.000000  225.150159
Iteration: 128 bestvalit: 0.009185 bestmemit:   43.308412  -23.729465    1.000000  225.150159
Iteration: 129 bestvalit: 0.009185 bestmemit:   43.308412  -23.729465    1.000000  225.150159
Iteration: 130 bestvalit: 0.009185 bestmemit:   43.308412  -23.729465    1.000000  225.150159
Iteration: 131 bestvalit: 0.009185 bestmemit:   43.308412  -23.729465    1.000000  225.150159
Iteration: 132 bestvalit: 0.009185 bestmemit:   43.308412  -23.729465    1.000000  225.150159
Iteration: 133 bestvalit: 0.009185 bestmemit:   43.308412  -23.729465    1.000000  225.150159
Iteration: 134 bestvalit: 0.009185 bestmemit:   43.308412  -23.729465    1.000000  225.150159
Iteration: 135 bestvalit: 0.009185 bestmemit:   43.308412  -23.729465    1.000000  225.150159
Iteration: 136 bestvalit: 0.009185 bestmemit:   43.308412  -23.729465    1.000000  225.150159
Iteration: 137 bestvalit: 0.009185 bestmemit:   43.308412  -23.729465    1.000000  225.150159
Iteration: 138 bestvalit: 0.009185 bestmemit:   43.308412  -23.729465    1.000000  225.150159
Iteration: 139 bestvalit: 0.009185 bestmemit:   43.308412  -23.729465    1.000000  225.150159
Iteration: 140 bestvalit: 0.009185 bestmemit:   43.308412  -23.729465    1.000000  225.150159
Iteration: 141 bestvalit: 0.009185 bestmemit:   43.308412  -23.729465    1.000000  225.150159
Iteration: 142 bestvalit: 0.009185 bestmemit:   43.308412  -23.729465    1.000000  225.150159
Iteration: 143 bestvalit: 0.009185 bestmemit:   43.308412  -23.729465    1.000000  225.150159
Iteration: 144 bestvalit: 0.009185 bestmemit:   43.308412  -23.729465    1.000000  225.150159
Iteration: 145 bestvalit: 0.009185 bestmemit:   43.308412  -23.729465    1.000000  225.150159
Iteration: 146 bestvalit: 0.009185 bestmemit:   43.308412  -23.729465    1.000000  225.150159
Iteration: 147 bestvalit: 0.009185 bestmemit:   43.308412  -23.729465    1.000000  225.150159
Iteration: 148 bestvalit: 0.009185 bestmemit:   43.308412  -23.729465    1.000000  225.150159
Iteration: 149 bestvalit: 0.009185 bestmemit:   43.308412  -23.729465    1.000000  225.150159
Iteration: 150 bestvalit: 0.009185 bestmemit:   43.308412  -23.729465    1.000000  225.150159
Iteration: 151 bestvalit: 0.009185 bestmemit:   43.308412  -23.729465    1.000000  225.150159
Iteration: 152 bestvalit: 0.009185 bestmemit:   43.308412  -23.729465    1.000000  225.150159
Iteration: 153 bestvalit: 0.009185 bestmemit:   43.308412  -23.729465    1.000000  225.150159
Iteration: 154 bestvalit: 0.009185 bestmemit:   43.308412  -23.729465    1.000000  225.150159
Iteration: 155 bestvalit: 0.009185 bestmemit:   43.308412  -23.729465    1.000000  225.150159
Iteration: 156 bestvalit: 0.009185 bestmemit:   43.308412  -23.729465    1.000000  225.150159
Iteration: 157 bestvalit: 0.009185 bestmemit:   43.308412  -23.729465    1.000000  225.150159
Iteration: 158 bestvalit: 0.009185 bestmemit:   43.308412  -23.729465    1.000000  225.150159
Iteration: 159 bestvalit: 0.009185 bestmemit:   43.308412  -23.729465    1.000000  225.150159
Iteration: 160 bestvalit: 0.009185 bestmemit:   43.308412  -23.729465    1.000000  225.150159
Iteration: 161 bestvalit: 0.009185 bestmemit:   43.308412  -23.729465    1.000000  225.150159
Iteration: 162 bestvalit: 0.009185 bestmemit:   43.308412  -23.729465    1.000000  225.150159

***** summary of DEoptim object ***** 
best member   :  43.30841 -23.72946 1 225.1502 
best value    :  0.00919 
after         :  162 generations 
fn evaluated  :  326 times 
*************************************
