SLURM_JOB_ID: 55185208
SLURM_JOB_USER: vsc34066
SLURM_JOB_ACCOUNT: lp_desenderlab
SLURM_JOB_NAME: fit_alternating_fb_trim_skip.slurm
SLURM_CLUSTER_NAME: genius
SLURM_JOB_PARTITION: batch
SLURM_ARRAY_JOB_ID: 55185173
SLURM_ARRAY_TASK_ID: 35
SLURM_NNODES: 1
SLURM_NODELIST: r27i27n01
SLURM_JOB_CPUS_PER_NODE: 8
Date: Tue Aug  8 11:36:19 CEST 2023
Walltime: 00-23:59:00
========================================================================
Iteration: 1 bestvalit: 0.008911 bestmemit:   38.375045  -32.219690    1.000000  403.609257
Iteration: 2 bestvalit: 0.008911 bestmemit:   38.375045  -32.219690    1.000000  403.609257
Iteration: 3 bestvalit: 0.007185 bestmemit:    9.770371  -18.239395    1.000000  241.664388
Iteration: 4 bestvalit: 0.007185 bestmemit:    9.770371  -18.239395    1.000000  241.664388
Iteration: 5 bestvalit: 0.007185 bestmemit:    9.770371  -18.239395    1.000000  241.664388
Iteration: 6 bestvalit: 0.007185 bestmemit:    9.770371  -18.239395    1.000000  241.664388
Iteration: 7 bestvalit: 0.007041 bestmemit:   12.402546  -36.136071    1.000000  256.955929
Iteration: 8 bestvalit: 0.006530 bestmemit:   24.820278    2.795783    1.000000  251.477186
Iteration: 9 bestvalit: 0.006530 bestmemit:   24.820278    2.795783    1.000000  251.477186
Iteration: 10 bestvalit: 0.006530 bestmemit:   24.820278    2.795783    1.000000  251.477186
Iteration: 11 bestvalit: 0.006260 bestmemit:   24.820278  -15.972031    1.000000  251.477186
Iteration: 12 bestvalit: 0.006260 bestmemit:   24.820278  -15.972031    1.000000  251.477186
Iteration: 13 bestvalit: 0.006260 bestmemit:   24.820278  -15.972031    1.000000  251.477186
Iteration: 14 bestvalit: 0.005760 bestmemit:   44.429458   13.005024    1.000000  289.382100
Iteration: 15 bestvalit: 0.005760 bestmemit:   44.429458   13.005024    1.000000  289.382100
Iteration: 16 bestvalit: 0.005760 bestmemit:   44.429458   13.005024    1.000000  289.382100
Iteration: 17 bestvalit: 0.005760 bestmemit:   44.429458   13.005024    1.000000  289.382100
Iteration: 18 bestvalit: 0.005760 bestmemit:   44.429458   13.005024    1.000000  289.382100
Iteration: 19 bestvalit: 0.005736 bestmemit:   24.068788  -71.058337    1.000000  213.812730
Iteration: 20 bestvalit: 0.005736 bestmemit:   24.068788  -71.058337    1.000000  213.812730
Iteration: 21 bestvalit: 0.005736 bestmemit:   24.068788  -71.058337    1.000000  213.812730
Iteration: 22 bestvalit: 0.005736 bestmemit:   24.068788  -71.058337    1.000000  213.812730
Iteration: 23 bestvalit: 0.005736 bestmemit:   24.068788  -71.058337    1.000000  213.812730
Iteration: 24 bestvalit: 0.005736 bestmemit:   24.068788  -71.058337    1.000000  213.812730
Iteration: 25 bestvalit: 0.005736 bestmemit:   24.068788  -71.058337    1.000000  213.812730
Iteration: 26 bestvalit: 0.005736 bestmemit:   24.068788  -71.058337    1.000000  213.812730
Iteration: 27 bestvalit: 0.005736 bestmemit:   24.068788  -71.058337    1.000000  213.812730
Iteration: 28 bestvalit: 0.005736 bestmemit:   24.068788  -71.058337    1.000000  213.812730
Iteration: 29 bestvalit: 0.005736 bestmemit:   24.068788  -71.058337    1.000000  213.812730
Iteration: 30 bestvalit: 0.005736 bestmemit:   24.068788  -71.058337    1.000000  213.812730
Iteration: 31 bestvalit: 0.005736 bestmemit:   24.068788  -71.058337    1.000000  213.812730
Iteration: 32 bestvalit: 0.005736 bestmemit:   24.068788  -71.058337    1.000000  213.812730
Iteration: 33 bestvalit: 0.005736 bestmemit:   24.068788  -71.058337    1.000000  213.812730
Iteration: 34 bestvalit: 0.005736 bestmemit:   24.068788  -71.058337    1.000000  213.812730
Iteration: 35 bestvalit: 0.005736 bestmemit:   24.068788  -71.058337    1.000000  213.812730
Iteration: 36 bestvalit: 0.005736 bestmemit:   24.068788  -71.058337    1.000000  213.812730
Iteration: 37 bestvalit: 0.005736 bestmemit:   24.068788  -71.058337    1.000000  213.812730
Iteration: 38 bestvalit: 0.005736 bestmemit:   24.068788  -71.058337    1.000000  213.812730
Iteration: 39 bestvalit: 0.005736 bestmemit:   24.068788  -71.058337    1.000000  213.812730
Iteration: 40 bestvalit: 0.005736 bestmemit:   24.068788  -71.058337    1.000000  213.812730
Iteration: 41 bestvalit: 0.005736 bestmemit:   24.068788  -71.058337    1.000000  213.812730
Iteration: 42 bestvalit: 0.005736 bestmemit:   24.068788  -71.058337    1.000000  213.812730
Iteration: 43 bestvalit: 0.005736 bestmemit:   24.068788  -71.058337    1.000000  213.812730
Iteration: 44 bestvalit: 0.005736 bestmemit:   24.068788  -71.058337    1.000000  213.812730
Iteration: 45 bestvalit: 0.005736 bestmemit:   24.068788  -71.058337    1.000000  213.812730
Iteration: 46 bestvalit: 0.005736 bestmemit:   24.068788  -71.058337    1.000000  213.812730
Iteration: 47 bestvalit: 0.005736 bestmemit:   24.068788  -71.058337    1.000000  213.812730
Iteration: 48 bestvalit: 0.005736 bestmemit:   24.068788  -71.058337    1.000000  213.812730
Iteration: 49 bestvalit: 0.005736 bestmemit:   24.068788  -71.058337    1.000000  213.812730
Iteration: 50 bestvalit: 0.005736 bestmemit:   24.068788  -71.058337    1.000000  213.812730
Iteration: 51 bestvalit: 0.005736 bestmemit:   24.068788  -71.058337    1.000000  213.812730
Iteration: 52 bestvalit: 0.005736 bestmemit:   24.068788  -71.058337    1.000000  213.812730
Iteration: 53 bestvalit: 0.005736 bestmemit:   24.068788  -71.058337    1.000000  213.812730
Iteration: 54 bestvalit: 0.005736 bestmemit:   24.068788  -71.058337    1.000000  213.812730
Iteration: 55 bestvalit: 0.005736 bestmemit:   24.068788  -71.058337    1.000000  213.812730
Iteration: 56 bestvalit: 0.005736 bestmemit:   24.068788  -71.058337    1.000000  213.812730
Iteration: 57 bestvalit: 0.005736 bestmemit:   24.068788  -71.058337    1.000000  213.812730
Iteration: 58 bestvalit: 0.005736 bestmemit:   24.068788  -71.058337    1.000000  213.812730
Iteration: 59 bestvalit: 0.005736 bestmemit:   24.068788  -71.058337    1.000000  213.812730
Iteration: 60 bestvalit: 0.005736 bestmemit:   24.068788  -71.058337    1.000000  213.812730
Iteration: 61 bestvalit: 0.005736 bestmemit:   24.068788  -71.058337    1.000000  213.812730
Iteration: 62 bestvalit: 0.005736 bestmemit:   24.068788  -71.058337    1.000000  213.812730
Iteration: 63 bestvalit: 0.005736 bestmemit:   24.068788  -71.058337    1.000000  213.812730
Iteration: 64 bestvalit: 0.005736 bestmemit:   24.068788  -71.058337    1.000000  213.812730
Iteration: 65 bestvalit: 0.005736 bestmemit:   24.068788  -71.058337    1.000000  213.812730
Iteration: 66 bestvalit: 0.005736 bestmemit:   24.068788  -71.058337    1.000000  213.812730
Iteration: 67 bestvalit: 0.005736 bestmemit:   24.068788  -71.058337    1.000000  213.812730
Iteration: 68 bestvalit: 0.005736 bestmemit:   24.068788  -71.058337    1.000000  213.812730
Iteration: 69 bestvalit: 0.005736 bestmemit:   24.068788  -71.058337    1.000000  213.812730
Iteration: 70 bestvalit: 0.005736 bestmemit:   24.068788  -71.058337    1.000000  213.812730
Iteration: 71 bestvalit: 0.005736 bestmemit:   24.068788  -71.058337    1.000000  213.812730
Iteration: 72 bestvalit: 0.005736 bestmemit:   24.068788  -71.058337    1.000000  213.812730
Iteration: 73 bestvalit: 0.005736 bestmemit:   24.068788  -71.058337    1.000000  213.812730
Iteration: 74 bestvalit: 0.005736 bestmemit:   24.068788  -71.058337    1.000000  213.812730
Iteration: 75 bestvalit: 0.005736 bestmemit:   24.068788  -71.058337    1.000000  213.812730
Iteration: 76 bestvalit: 0.005736 bestmemit:   24.068788  -71.058337    1.000000  213.812730
Iteration: 77 bestvalit: 0.005736 bestmemit:   24.068788  -71.058337    1.000000  213.812730
Iteration: 78 bestvalit: 0.005736 bestmemit:   24.068788  -71.058337    1.000000  213.812730
Iteration: 79 bestvalit: 0.005736 bestmemit:   24.068788  -71.058337    1.000000  213.812730
Iteration: 80 bestvalit: 0.005736 bestmemit:   24.068788  -71.058337    1.000000  213.812730
Iteration: 81 bestvalit: 0.005736 bestmemit:   24.068788  -71.058337    1.000000  213.812730
Iteration: 82 bestvalit: 0.005736 bestmemit:   24.068788  -71.058337    1.000000  213.812730
Iteration: 83 bestvalit: 0.005736 bestmemit:   24.068788  -71.058337    1.000000  213.812730
Iteration: 84 bestvalit: 0.005736 bestmemit:   24.068788  -71.058337    1.000000  213.812730
Iteration: 85 bestvalit: 0.005736 bestmemit:   24.068788  -71.058337    1.000000  213.812730
Iteration: 86 bestvalit: 0.005736 bestmemit:   24.068788  -71.058337    1.000000  213.812730
Iteration: 87 bestvalit: 0.005736 bestmemit:   24.068788  -71.058337    1.000000  213.812730
Iteration: 88 bestvalit: 0.005736 bestmemit:   24.068788  -71.058337    1.000000  213.812730
Iteration: 89 bestvalit: 0.005736 bestmemit:   24.068788  -71.058337    1.000000  213.812730
Iteration: 90 bestvalit: 0.005736 bestmemit:   24.068788  -71.058337    1.000000  213.812730

***** summary of DEoptim object ***** 
best member   :  24.06879 -71.05834 1 213.8127 
best value    :  0.00574 
after         :  90 generations 
fn evaluated  :  182 times 
*************************************
