SLURM_JOB_ID: 55185194
SLURM_JOB_USER: vsc34066
SLURM_JOB_ACCOUNT: lp_desenderlab
SLURM_JOB_NAME: fit_alternating_fb_trim_skip.slurm
SLURM_CLUSTER_NAME: genius
SLURM_JOB_PARTITION: batch
SLURM_ARRAY_JOB_ID: 55185173
SLURM_ARRAY_TASK_ID: 21
SLURM_NNODES: 1
SLURM_NODELIST: r22i27n11
SLURM_JOB_CPUS_PER_NODE: 8
Date: Tue Aug  8 11:36:26 CEST 2023
Walltime: 00-23:59:00
========================================================================
Iteration: 1 bestvalit: 0.021004 bestmemit:    6.567721    8.172748    1.000000  880.753302
Iteration: 2 bestvalit: 0.007495 bestmemit:    2.328208  -47.913656    1.000000  229.731710
Iteration: 3 bestvalit: 0.007405 bestmemit:   17.002098  -47.913656    1.000000  229.731710
Iteration: 4 bestvalit: 0.007405 bestmemit:   17.002098  -47.913656    1.000000  229.731710
Iteration: 5 bestvalit: 0.007405 bestmemit:   17.002098  -47.913656    1.000000  229.731710
Iteration: 6 bestvalit: 0.007044 bestmemit:   17.002098  -59.634413    1.000000  229.731710
Iteration: 7 bestvalit: 0.007044 bestmemit:   17.002098  -59.634413    1.000000  229.731710
Iteration: 8 bestvalit: 0.006421 bestmemit:   45.718420  -35.083807    1.000000  229.731710
Iteration: 9 bestvalit: 0.006421 bestmemit:   45.718420  -35.083807    1.000000  229.731710
Iteration: 10 bestvalit: 0.006421 bestmemit:   45.718420  -35.083807    1.000000  229.731710
Iteration: 11 bestvalit: 0.006421 bestmemit:   45.718420  -35.083807    1.000000  229.731710
Iteration: 12 bestvalit: 0.006421 bestmemit:   45.718420  -35.083807    1.000000  229.731710
Iteration: 13 bestvalit: 0.006421 bestmemit:   45.718420  -35.083807    1.000000  229.731710
Iteration: 14 bestvalit: 0.006421 bestmemit:   45.718420  -35.083807    1.000000  229.731710
Iteration: 15 bestvalit: 0.006421 bestmemit:   45.718420  -35.083807    1.000000  229.731710
Iteration: 16 bestvalit: 0.006106 bestmemit:   49.846808  -48.931490    1.000000  237.777161
Iteration: 17 bestvalit: 0.006080 bestmemit:   11.867923  -36.467531    1.000000  173.797696
Iteration: 18 bestvalit: 0.006080 bestmemit:   11.867923  -36.467531    1.000000  173.797696
Iteration: 19 bestvalit: 0.006080 bestmemit:   11.867923  -36.467531    1.000000  173.797696
Iteration: 20 bestvalit: 0.006080 bestmemit:   11.867923  -36.467531    1.000000  173.797696
Iteration: 21 bestvalit: 0.006080 bestmemit:   11.867923  -36.467531    1.000000  173.797696
Iteration: 22 bestvalit: 0.006080 bestmemit:   11.867923  -36.467531    1.000000  173.797696
Iteration: 23 bestvalit: 0.006054 bestmemit:   18.323320  -86.242842    1.000000  202.058880
Iteration: 24 bestvalit: 0.006054 bestmemit:   18.323320  -86.242842    1.000000  202.058880
Iteration: 25 bestvalit: 0.006054 bestmemit:   18.323320  -86.242842    1.000000  202.058880
Iteration: 26 bestvalit: 0.006054 bestmemit:   18.323320  -86.242842    1.000000  202.058880
Iteration: 27 bestvalit: 0.006054 bestmemit:   18.323320  -86.242842    1.000000  202.058880
Iteration: 28 bestvalit: 0.006054 bestmemit:   18.323320  -86.242842    1.000000  202.058880
Iteration: 29 bestvalit: 0.006054 bestmemit:   18.323320  -86.242842    1.000000  202.058880
Iteration: 30 bestvalit: 0.006054 bestmemit:   18.323320  -86.242842    1.000000  202.058880
Iteration: 31 bestvalit: 0.005737 bestmemit:    7.827329  -45.479373    1.000000  183.994867
Iteration: 32 bestvalit: 0.005737 bestmemit:    7.827329  -45.479373    1.000000  183.994867
Iteration: 33 bestvalit: 0.005737 bestmemit:    7.827329  -45.479373    1.000000  183.994867
Iteration: 34 bestvalit: 0.005737 bestmemit:    7.827329  -45.479373    1.000000  183.994867
Iteration: 35 bestvalit: 0.005737 bestmemit:    7.827329  -45.479373    1.000000  183.994867
Iteration: 36 bestvalit: 0.005737 bestmemit:    7.827329  -45.479373    1.000000  183.994867
Iteration: 37 bestvalit: 0.005737 bestmemit:    7.827329  -45.479373    1.000000  183.994867
Iteration: 38 bestvalit: 0.005737 bestmemit:    7.827329  -45.479373    1.000000  183.994867
Iteration: 39 bestvalit: 0.005737 bestmemit:    7.827329  -45.479373    1.000000  183.994867
Iteration: 40 bestvalit: 0.005737 bestmemit:    7.827329  -45.479373    1.000000  183.994867
Iteration: 41 bestvalit: 0.005737 bestmemit:    7.827329  -45.479373    1.000000  183.994867
Iteration: 42 bestvalit: 0.005737 bestmemit:    7.827329  -45.479373    1.000000  183.994867
Iteration: 43 bestvalit: 0.005737 bestmemit:    7.827329  -45.479373    1.000000  183.994867
Iteration: 44 bestvalit: 0.005737 bestmemit:    7.827329  -45.479373    1.000000  183.994867
Iteration: 45 bestvalit: 0.005737 bestmemit:    7.827329  -45.479373    1.000000  183.994867
Iteration: 46 bestvalit: 0.005737 bestmemit:    7.827329  -45.479373    1.000000  183.994867
Iteration: 47 bestvalit: 0.005737 bestmemit:    7.827329  -45.479373    1.000000  183.994867
Iteration: 48 bestvalit: 0.005737 bestmemit:    7.827329  -45.479373    1.000000  183.994867
Iteration: 49 bestvalit: 0.005737 bestmemit:    7.827329  -45.479373    1.000000  183.994867
Iteration: 50 bestvalit: 0.005737 bestmemit:    7.827329  -45.479373    1.000000  183.994867
Iteration: 51 bestvalit: 0.005737 bestmemit:    7.827329  -45.479373    1.000000  183.994867
Iteration: 52 bestvalit: 0.005737 bestmemit:    7.827329  -45.479373    1.000000  183.994867
Iteration: 53 bestvalit: 0.005737 bestmemit:    7.827329  -45.479373    1.000000  183.994867
Iteration: 54 bestvalit: 0.005737 bestmemit:    7.827329  -45.479373    1.000000  183.994867
Iteration: 55 bestvalit: 0.005737 bestmemit:    7.827329  -45.479373    1.000000  183.994867
Iteration: 56 bestvalit: 0.005737 bestmemit:    7.827329  -45.479373    1.000000  183.994867
Iteration: 57 bestvalit: 0.005737 bestmemit:    7.827329  -45.479373    1.000000  183.994867
Iteration: 58 bestvalit: 0.005737 bestmemit:    7.827329  -45.479373    1.000000  183.994867
Iteration: 59 bestvalit: 0.005737 bestmemit:    7.827329  -45.479373    1.000000  183.994867
Iteration: 60 bestvalit: 0.005737 bestmemit:    7.827329  -45.479373    1.000000  183.994867
Iteration: 61 bestvalit: 0.005737 bestmemit:    7.827329  -45.479373    1.000000  183.994867
Iteration: 62 bestvalit: 0.005737 bestmemit:    7.827329  -45.479373    1.000000  183.994867
Iteration: 63 bestvalit: 0.005737 bestmemit:    7.827329  -45.479373    1.000000  183.994867
Iteration: 64 bestvalit: 0.005737 bestmemit:    7.827329  -45.479373    1.000000  183.994867
Iteration: 65 bestvalit: 0.005737 bestmemit:    7.827329  -45.479373    1.000000  183.994867
Iteration: 66 bestvalit: 0.005737 bestmemit:    7.827329  -45.479373    1.000000  183.994867
Iteration: 67 bestvalit: 0.005737 bestmemit:    7.827329  -45.479373    1.000000  183.994867
Iteration: 68 bestvalit: 0.005737 bestmemit:    7.827329  -45.479373    1.000000  183.994867
Iteration: 69 bestvalit: 0.005737 bestmemit:    7.827329  -45.479373    1.000000  183.994867
Iteration: 70 bestvalit: 0.005737 bestmemit:    7.827329  -45.479373    1.000000  183.994867
Iteration: 71 bestvalit: 0.005737 bestmemit:    7.827329  -45.479373    1.000000  183.994867
Iteration: 72 bestvalit: 0.005737 bestmemit:    7.827329  -45.479373    1.000000  183.994867
Iteration: 73 bestvalit: 0.005737 bestmemit:    7.827329  -45.479373    1.000000  183.994867
Iteration: 74 bestvalit: 0.005737 bestmemit:    7.827329  -45.479373    1.000000  183.994867
Iteration: 75 bestvalit: 0.005737 bestmemit:    7.827329  -45.479373    1.000000  183.994867
Iteration: 76 bestvalit: 0.005737 bestmemit:    7.827329  -45.479373    1.000000  183.994867
Iteration: 77 bestvalit: 0.005113 bestmemit:    8.079871  -42.463986    1.000000  212.569409
Iteration: 78 bestvalit: 0.005113 bestmemit:    8.079871  -42.463986    1.000000  212.569409
Iteration: 79 bestvalit: 0.005113 bestmemit:    8.079871  -42.463986    1.000000  212.569409
Iteration: 80 bestvalit: 0.005113 bestmemit:    8.079871  -42.463986    1.000000  212.569409
Iteration: 81 bestvalit: 0.005113 bestmemit:    8.079871  -42.463986    1.000000  212.569409
Iteration: 82 bestvalit: 0.005113 bestmemit:    8.079871  -42.463986    1.000000  212.569409
Iteration: 83 bestvalit: 0.005113 bestmemit:    8.079871  -42.463986    1.000000  212.569409
Iteration: 84 bestvalit: 0.005113 bestmemit:    8.079871  -42.463986    1.000000  212.569409
Iteration: 85 bestvalit: 0.005113 bestmemit:    8.079871  -42.463986    1.000000  212.569409
Iteration: 86 bestvalit: 0.005113 bestmemit:    8.079871  -42.463986    1.000000  212.569409
Iteration: 87 bestvalit: 0.005113 bestmemit:    8.079871  -42.463986    1.000000  212.569409
Iteration: 88 bestvalit: 0.005113 bestmemit:    8.079871  -42.463986    1.000000  212.569409
Iteration: 89 bestvalit: 0.005113 bestmemit:    8.079871  -42.463986    1.000000  212.569409
Iteration: 90 bestvalit: 0.005113 bestmemit:    8.079871  -42.463986    1.000000  212.569409
Iteration: 91 bestvalit: 0.005113 bestmemit:    8.079871  -42.463986    1.000000  212.569409
Iteration: 92 bestvalit: 0.005113 bestmemit:    8.079871  -42.463986    1.000000  212.569409
Iteration: 93 bestvalit: 0.005113 bestmemit:    8.079871  -42.463986    1.000000  212.569409
Iteration: 94 bestvalit: 0.005113 bestmemit:    8.079871  -42.463986    1.000000  212.569409
Iteration: 95 bestvalit: 0.005113 bestmemit:    8.079871  -42.463986    1.000000  212.569409
Iteration: 96 bestvalit: 0.005113 bestmemit:    8.079871  -42.463986    1.000000  212.569409
Iteration: 97 bestvalit: 0.005113 bestmemit:    8.079871  -42.463986    1.000000  212.569409
Iteration: 98 bestvalit: 0.005113 bestmemit:    8.079871  -42.463986    1.000000  212.569409
Iteration: 99 bestvalit: 0.005113 bestmemit:    8.079871  -42.463986    1.000000  212.569409
Iteration: 100 bestvalit: 0.005113 bestmemit:    8.079871  -42.463986    1.000000  212.569409
Iteration: 101 bestvalit: 0.005113 bestmemit:    8.079871  -42.463986    1.000000  212.569409
Iteration: 102 bestvalit: 0.005113 bestmemit:    8.079871  -42.463986    1.000000  212.569409
Iteration: 103 bestvalit: 0.005113 bestmemit:    8.079871  -42.463986    1.000000  212.569409
Iteration: 104 bestvalit: 0.005113 bestmemit:    8.079871  -42.463986    1.000000  212.569409
Iteration: 105 bestvalit: 0.005113 bestmemit:    8.079871  -42.463986    1.000000  212.569409
Iteration: 106 bestvalit: 0.005113 bestmemit:    8.079871  -42.463986    1.000000  212.569409
Iteration: 107 bestvalit: 0.005113 bestmemit:    8.079871  -42.463986    1.000000  212.569409
Iteration: 108 bestvalit: 0.005113 bestmemit:    8.079871  -42.463986    1.000000  212.569409
Iteration: 109 bestvalit: 0.005113 bestmemit:    8.079871  -42.463986    1.000000  212.569409
Iteration: 110 bestvalit: 0.005113 bestmemit:    8.079871  -42.463986    1.000000  212.569409
Iteration: 111 bestvalit: 0.005113 bestmemit:    8.079871  -42.463986    1.000000  212.569409
Iteration: 112 bestvalit: 0.005113 bestmemit:    8.079871  -42.463986    1.000000  212.569409
Iteration: 113 bestvalit: 0.005113 bestmemit:    8.079871  -42.463986    1.000000  212.569409
Iteration: 114 bestvalit: 0.005113 bestmemit:    8.079871  -42.463986    1.000000  212.569409
Iteration: 115 bestvalit: 0.005113 bestmemit:    8.079871  -42.463986    1.000000  212.569409
Iteration: 116 bestvalit: 0.005113 bestmemit:    8.079871  -42.463986    1.000000  212.569409
Iteration: 117 bestvalit: 0.005113 bestmemit:    8.079871  -42.463986    1.000000  212.569409
Iteration: 118 bestvalit: 0.005113 bestmemit:    8.079871  -42.463986    1.000000  212.569409
Iteration: 119 bestvalit: 0.005113 bestmemit:    8.079871  -42.463986    1.000000  212.569409
Iteration: 120 bestvalit: 0.005113 bestmemit:    8.079871  -42.463986    1.000000  212.569409
Iteration: 121 bestvalit: 0.005113 bestmemit:    8.079871  -42.463986    1.000000  212.569409
Iteration: 122 bestvalit: 0.005113 bestmemit:    8.079871  -42.463986    1.000000  212.569409
Iteration: 123 bestvalit: 0.005113 bestmemit:    8.079871  -42.463986    1.000000  212.569409
Iteration: 124 bestvalit: 0.005113 bestmemit:    8.079871  -42.463986    1.000000  212.569409
Iteration: 125 bestvalit: 0.005113 bestmemit:    8.079871  -42.463986    1.000000  212.569409
Iteration: 126 bestvalit: 0.005113 bestmemit:    8.079871  -42.463986    1.000000  212.569409
Iteration: 127 bestvalit: 0.005113 bestmemit:    8.079871  -42.463986    1.000000  212.569409
Iteration: 128 bestvalit: 0.005113 bestmemit:    8.079871  -42.463986    1.000000  212.569409
Iteration: 129 bestvalit: 0.005113 bestmemit:    8.079871  -42.463986    1.000000  212.569409
Iteration: 130 bestvalit: 0.005113 bestmemit:    8.079871  -42.463986    1.000000  212.569409
Iteration: 131 bestvalit: 0.005113 bestmemit:    8.079871  -42.463986    1.000000  212.569409
Iteration: 132 bestvalit: 0.005113 bestmemit:    8.079871  -42.463986    1.000000  212.569409
Iteration: 133 bestvalit: 0.005113 bestmemit:    8.079871  -42.463986    1.000000  212.569409
Iteration: 134 bestvalit: 0.005113 bestmemit:    8.079871  -42.463986    1.000000  212.569409
Iteration: 135 bestvalit: 0.005113 bestmemit:    8.079871  -42.463986    1.000000  212.569409
Iteration: 136 bestvalit: 0.005113 bestmemit:    8.079871  -42.463986    1.000000  212.569409
Iteration: 137 bestvalit: 0.005113 bestmemit:    8.079871  -42.463986    1.000000  212.569409
Iteration: 138 bestvalit: 0.005113 bestmemit:    8.079871  -42.463986    1.000000  212.569409
Iteration: 139 bestvalit: 0.005113 bestmemit:    8.079871  -42.463986    1.000000  212.569409
Iteration: 140 bestvalit: 0.005113 bestmemit:    8.079871  -42.463986    1.000000  212.569409
Iteration: 141 bestvalit: 0.005113 bestmemit:    8.079871  -42.463986    1.000000  212.569409
Iteration: 142 bestvalit: 0.005113 bestmemit:    8.079871  -42.463986    1.000000  212.569409
Iteration: 143 bestvalit: 0.005113 bestmemit:    8.079871  -42.463986    1.000000  212.569409
Iteration: 144 bestvalit: 0.005113 bestmemit:    8.079871  -42.463986    1.000000  212.569409
Iteration: 145 bestvalit: 0.005113 bestmemit:    8.079871  -42.463986    1.000000  212.569409
Iteration: 146 bestvalit: 0.005113 bestmemit:    8.079871  -42.463986    1.000000  212.569409
Iteration: 147 bestvalit: 0.005113 bestmemit:    8.079871  -42.463986    1.000000  212.569409
Iteration: 148 bestvalit: 0.005113 bestmemit:    8.079871  -42.463986    1.000000  212.569409

***** summary of DEoptim object ***** 
best member   :  8.07987 -42.46399 1 212.5694 
best value    :  0.00511 
after         :  148 generations 
fn evaluated  :  298 times 
*************************************
