SLURM_JOB_ID: 55185251
SLURM_JOB_USER: vsc34066
SLURM_JOB_ACCOUNT: lp_desenderlab
SLURM_JOB_NAME: fit_alternating_fb_trim_skip.slurm
SLURM_CLUSTER_NAME: genius
SLURM_JOB_PARTITION: batch
SLURM_ARRAY_JOB_ID: 55185173
SLURM_ARRAY_TASK_ID: 78
SLURM_NNODES: 1
SLURM_NODELIST: r25i27n16
SLURM_JOB_CPUS_PER_NODE: 8
Date: Tue Aug  8 11:36:22 CEST 2023
Walltime: 00-23:59:00
========================================================================
Iteration: 1 bestvalit: 0.013071 bestmemit:   41.379313   58.603085    1.000000  504.162072
Iteration: 2 bestvalit: 0.009013 bestmemit:   32.703525  -47.109311    1.000000  311.270824
Iteration: 3 bestvalit: 0.008982 bestmemit:    5.450784   88.777389    1.000000  302.763020
Iteration: 4 bestvalit: 0.008982 bestmemit:    5.450784   88.777389    1.000000  302.763020
Iteration: 5 bestvalit: 0.008982 bestmemit:    5.450784   88.777389    1.000000  302.763020
Iteration: 6 bestvalit: 0.008982 bestmemit:    5.450784   88.777389    1.000000  302.763020
Iteration: 7 bestvalit: 0.008982 bestmemit:    5.450784   88.777389    1.000000  302.763020
Iteration: 8 bestvalit: 0.008982 bestmemit:    5.450784   88.777389    1.000000  302.763020
Iteration: 9 bestvalit: 0.008982 bestmemit:    5.450784   88.777389    1.000000  302.763020
Iteration: 10 bestvalit: 0.008982 bestmemit:    5.450784   88.777389    1.000000  302.763020
Iteration: 11 bestvalit: 0.008982 bestmemit:    5.450784   88.777389    1.000000  302.763020
Iteration: 12 bestvalit: 0.008982 bestmemit:    5.450784   88.777389    1.000000  302.763020
Iteration: 13 bestvalit: 0.008433 bestmemit:   45.786294    6.505318    1.000000  250.127838
Iteration: 14 bestvalit: 0.008433 bestmemit:   45.786294    6.505318    1.000000  250.127838
Iteration: 15 bestvalit: 0.008198 bestmemit:    5.450784   54.399789    1.000000  278.085946
Iteration: 16 bestvalit: 0.008198 bestmemit:    5.450784   54.399789    1.000000  278.085946
Iteration: 17 bestvalit: 0.008198 bestmemit:    5.450784   54.399789    1.000000  278.085946
Iteration: 18 bestvalit: 0.008198 bestmemit:    5.450784   54.399789    1.000000  278.085946
Iteration: 19 bestvalit: 0.008198 bestmemit:    5.450784   54.399789    1.000000  278.085946
Iteration: 20 bestvalit: 0.008198 bestmemit:    5.450784   54.399789    1.000000  278.085946
Iteration: 21 bestvalit: 0.008198 bestmemit:    5.450784   54.399789    1.000000  278.085946
Iteration: 22 bestvalit: 0.008198 bestmemit:    5.450784   54.399789    1.000000  278.085946
Iteration: 23 bestvalit: 0.008198 bestmemit:    5.450784   54.399789    1.000000  278.085946
Iteration: 24 bestvalit: 0.008198 bestmemit:    5.450784   54.399789    1.000000  278.085946
Iteration: 25 bestvalit: 0.008198 bestmemit:    5.450784   54.399789    1.000000  278.085946
Iteration: 26 bestvalit: 0.008198 bestmemit:    5.450784   54.399789    1.000000  278.085946
Iteration: 27 bestvalit: 0.008198 bestmemit:    5.450784   54.399789    1.000000  278.085946
Iteration: 28 bestvalit: 0.008198 bestmemit:    5.450784   54.399789    1.000000  278.085946
Iteration: 29 bestvalit: 0.008198 bestmemit:    5.450784   54.399789    1.000000  278.085946
Iteration: 30 bestvalit: 0.008198 bestmemit:    5.450784   54.399789    1.000000  278.085946
Iteration: 31 bestvalit: 0.008198 bestmemit:    5.450784   54.399789    1.000000  278.085946
Iteration: 32 bestvalit: 0.008198 bestmemit:    5.450784   54.399789    1.000000  278.085946
Iteration: 33 bestvalit: 0.008198 bestmemit:    5.450784   54.399789    1.000000  278.085946
Iteration: 34 bestvalit: 0.008198 bestmemit:    5.450784   54.399789    1.000000  278.085946
Iteration: 35 bestvalit: 0.008198 bestmemit:    5.450784   54.399789    1.000000  278.085946
Iteration: 36 bestvalit: 0.008198 bestmemit:    5.450784   54.399789    1.000000  278.085946
Iteration: 37 bestvalit: 0.008198 bestmemit:    5.450784   54.399789    1.000000  278.085946
Iteration: 38 bestvalit: 0.008198 bestmemit:    5.450784   54.399789    1.000000  278.085946
Iteration: 39 bestvalit: 0.008198 bestmemit:    5.450784   54.399789    1.000000  278.085946
Iteration: 40 bestvalit: 0.008198 bestmemit:    5.450784   54.399789    1.000000  278.085946
Iteration: 41 bestvalit: 0.008062 bestmemit:   12.568988  -24.364667    1.000000  303.111724
Iteration: 42 bestvalit: 0.008062 bestmemit:   12.568988  -24.364667    1.000000  303.111724
Iteration: 43 bestvalit: 0.008062 bestmemit:   12.568988  -24.364667    1.000000  303.111724
Iteration: 44 bestvalit: 0.008062 bestmemit:   12.568988  -24.364667    1.000000  303.111724
Iteration: 45 bestvalit: 0.008062 bestmemit:   12.568988  -24.364667    1.000000  303.111724
Iteration: 46 bestvalit: 0.008062 bestmemit:   12.568988  -24.364667    1.000000  303.111724
Iteration: 47 bestvalit: 0.008062 bestmemit:   12.568988  -24.364667    1.000000  303.111724
Iteration: 48 bestvalit: 0.008062 bestmemit:   12.568988  -24.364667    1.000000  303.111724
Iteration: 49 bestvalit: 0.008062 bestmemit:   12.568988  -24.364667    1.000000  303.111724
Iteration: 50 bestvalit: 0.008062 bestmemit:   12.568988  -24.364667    1.000000  303.111724
Iteration: 51 bestvalit: 0.008062 bestmemit:   12.568988  -24.364667    1.000000  303.111724
Iteration: 52 bestvalit: 0.008062 bestmemit:   12.568988  -24.364667    1.000000  303.111724
Iteration: 53 bestvalit: 0.008062 bestmemit:   12.568988  -24.364667    1.000000  303.111724
Iteration: 54 bestvalit: 0.008062 bestmemit:   12.568988  -24.364667    1.000000  303.111724
Iteration: 55 bestvalit: 0.008062 bestmemit:   12.568988  -24.364667    1.000000  303.111724
Iteration: 56 bestvalit: 0.008062 bestmemit:   12.568988  -24.364667    1.000000  303.111724
Iteration: 57 bestvalit: 0.008062 bestmemit:   12.568988  -24.364667    1.000000  303.111724
Iteration: 58 bestvalit: 0.008062 bestmemit:   12.568988  -24.364667    1.000000  303.111724
Iteration: 59 bestvalit: 0.008062 bestmemit:   12.568988  -24.364667    1.000000  303.111724
Iteration: 60 bestvalit: 0.008062 bestmemit:   12.568988  -24.364667    1.000000  303.111724
Iteration: 61 bestvalit: 0.008062 bestmemit:   12.568988  -24.364667    1.000000  303.111724
Iteration: 62 bestvalit: 0.008062 bestmemit:   12.568988  -24.364667    1.000000  303.111724
Iteration: 63 bestvalit: 0.008062 bestmemit:   12.568988  -24.364667    1.000000  303.111724
Iteration: 64 bestvalit: 0.008062 bestmemit:   12.568988  -24.364667    1.000000  303.111724
Iteration: 65 bestvalit: 0.008062 bestmemit:   12.568988  -24.364667    1.000000  303.111724
Iteration: 66 bestvalit: 0.008062 bestmemit:   12.568988  -24.364667    1.000000  303.111724
Iteration: 67 bestvalit: 0.008062 bestmemit:   12.568988  -24.364667    1.000000  303.111724
Iteration: 68 bestvalit: 0.008062 bestmemit:   12.568988  -24.364667    1.000000  303.111724
Iteration: 69 bestvalit: 0.008062 bestmemit:   12.568988  -24.364667    1.000000  303.111724
Iteration: 70 bestvalit: 0.007826 bestmemit:   40.680008  -53.825529    1.000000  317.908907
Iteration: 71 bestvalit: 0.007826 bestmemit:   40.680008  -53.825529    1.000000  317.908907
Iteration: 72 bestvalit: 0.007826 bestmemit:   40.680008  -53.825529    1.000000  317.908907
Iteration: 73 bestvalit: 0.007826 bestmemit:   40.680008  -53.825529    1.000000  317.908907
Iteration: 74 bestvalit: 0.007826 bestmemit:   40.680008  -53.825529    1.000000  317.908907
Iteration: 75 bestvalit: 0.007442 bestmemit:   32.048283  -31.487049    1.000000  275.290809
Iteration: 76 bestvalit: 0.007442 bestmemit:   32.048283  -31.487049    1.000000  275.290809
Iteration: 77 bestvalit: 0.007442 bestmemit:   32.048283  -31.487049    1.000000  275.290809
Iteration: 78 bestvalit: 0.007442 bestmemit:   32.048283  -31.487049    1.000000  275.290809
Iteration: 79 bestvalit: 0.007442 bestmemit:   32.048283  -31.487049    1.000000  275.290809
Iteration: 80 bestvalit: 0.007442 bestmemit:   32.048283  -31.487049    1.000000  275.290809
Iteration: 81 bestvalit: 0.007442 bestmemit:   32.048283  -31.487049    1.000000  275.290809
Iteration: 82 bestvalit: 0.007442 bestmemit:   32.048283  -31.487049    1.000000  275.290809
Iteration: 83 bestvalit: 0.007442 bestmemit:   32.048283  -31.487049    1.000000  275.290809
Iteration: 84 bestvalit: 0.007442 bestmemit:   32.048283  -31.487049    1.000000  275.290809
Iteration: 85 bestvalit: 0.007442 bestmemit:   32.048283  -31.487049    1.000000  275.290809
Iteration: 86 bestvalit: 0.007442 bestmemit:   32.048283  -31.487049    1.000000  275.290809
Iteration: 87 bestvalit: 0.007442 bestmemit:   32.048283  -31.487049    1.000000  275.290809
Iteration: 88 bestvalit: 0.007442 bestmemit:   32.048283  -31.487049    1.000000  275.290809
Iteration: 89 bestvalit: 0.007442 bestmemit:   32.048283  -31.487049    1.000000  275.290809
Iteration: 90 bestvalit: 0.007442 bestmemit:   32.048283  -31.487049    1.000000  275.290809
Iteration: 91 bestvalit: 0.007442 bestmemit:   32.048283  -31.487049    1.000000  275.290809
Iteration: 92 bestvalit: 0.007442 bestmemit:   32.048283  -31.487049    1.000000  275.290809
Iteration: 93 bestvalit: 0.007442 bestmemit:   32.048283  -31.487049    1.000000  275.290809
Iteration: 94 bestvalit: 0.007442 bestmemit:   32.048283  -31.487049    1.000000  275.290809
Iteration: 95 bestvalit: 0.007442 bestmemit:   32.048283  -31.487049    1.000000  275.290809
Iteration: 96 bestvalit: 0.007442 bestmemit:   32.048283  -31.487049    1.000000  275.290809
Iteration: 97 bestvalit: 0.007442 bestmemit:   32.048283  -31.487049    1.000000  275.290809
Iteration: 98 bestvalit: 0.007442 bestmemit:   32.048283  -31.487049    1.000000  275.290809
Iteration: 99 bestvalit: 0.007442 bestmemit:   32.048283  -31.487049    1.000000  275.290809
Iteration: 100 bestvalit: 0.007442 bestmemit:   32.048283  -31.487049    1.000000  275.290809
Iteration: 101 bestvalit: 0.007442 bestmemit:   32.048283  -31.487049    1.000000  275.290809
Iteration: 102 bestvalit: 0.007442 bestmemit:   32.048283  -31.487049    1.000000  275.290809
Iteration: 103 bestvalit: 0.007442 bestmemit:   32.048283  -31.487049    1.000000  275.290809
Iteration: 104 bestvalit: 0.007442 bestmemit:   32.048283  -31.487049    1.000000  275.290809
Iteration: 105 bestvalit: 0.007442 bestmemit:   32.048283  -31.487049    1.000000  275.290809
Iteration: 106 bestvalit: 0.007442 bestmemit:   32.048283  -31.487049    1.000000  275.290809
Iteration: 107 bestvalit: 0.007442 bestmemit:   32.048283  -31.487049    1.000000  275.290809
Iteration: 108 bestvalit: 0.007442 bestmemit:   32.048283  -31.487049    1.000000  275.290809
Iteration: 109 bestvalit: 0.007442 bestmemit:   32.048283  -31.487049    1.000000  275.290809
Iteration: 110 bestvalit: 0.007442 bestmemit:   32.048283  -31.487049    1.000000  275.290809
Iteration: 111 bestvalit: 0.007442 bestmemit:   32.048283  -31.487049    1.000000  275.290809
Iteration: 112 bestvalit: 0.007442 bestmemit:   32.048283  -31.487049    1.000000  275.290809
Iteration: 113 bestvalit: 0.007442 bestmemit:   32.048283  -31.487049    1.000000  275.290809
Iteration: 114 bestvalit: 0.007442 bestmemit:   32.048283  -31.487049    1.000000  275.290809
Iteration: 115 bestvalit: 0.007442 bestmemit:   32.048283  -31.487049    1.000000  275.290809
Iteration: 116 bestvalit: 0.007442 bestmemit:   32.048283  -31.487049    1.000000  275.290809
Iteration: 117 bestvalit: 0.007442 bestmemit:   32.048283  -31.487049    1.000000  275.290809
Iteration: 118 bestvalit: 0.007442 bestmemit:   32.048283  -31.487049    1.000000  275.290809
Iteration: 119 bestvalit: 0.007442 bestmemit:   32.048283  -31.487049    1.000000  275.290809
Iteration: 120 bestvalit: 0.007442 bestmemit:   32.048283  -31.487049    1.000000  275.290809
Iteration: 121 bestvalit: 0.007442 bestmemit:   32.048283  -31.487049    1.000000  275.290809
Iteration: 122 bestvalit: 0.007442 bestmemit:   32.048283  -31.487049    1.000000  275.290809
Iteration: 123 bestvalit: 0.007442 bestmemit:   32.048283  -31.487049    1.000000  275.290809
Iteration: 124 bestvalit: 0.007442 bestmemit:   32.048283  -31.487049    1.000000  275.290809
Iteration: 125 bestvalit: 0.007442 bestmemit:   32.048283  -31.487049    1.000000  275.290809
Iteration: 126 bestvalit: 0.007442 bestmemit:   32.048283  -31.487049    1.000000  275.290809
Iteration: 127 bestvalit: 0.007442 bestmemit:   32.048283  -31.487049    1.000000  275.290809
Iteration: 128 bestvalit: 0.007442 bestmemit:   32.048283  -31.487049    1.000000  275.290809
Iteration: 129 bestvalit: 0.007442 bestmemit:   32.048283  -31.487049    1.000000  275.290809
Iteration: 130 bestvalit: 0.007442 bestmemit:   32.048283  -31.487049    1.000000  275.290809
Iteration: 131 bestvalit: 0.007442 bestmemit:   32.048283  -31.487049    1.000000  275.290809
Iteration: 132 bestvalit: 0.007442 bestmemit:   32.048283  -31.487049    1.000000  275.290809
Iteration: 133 bestvalit: 0.007442 bestmemit:   32.048283  -31.487049    1.000000  275.290809
Iteration: 134 bestvalit: 0.007442 bestmemit:   32.048283  -31.487049    1.000000  275.290809
Iteration: 135 bestvalit: 0.007442 bestmemit:   32.048283  -31.487049    1.000000  275.290809
Iteration: 136 bestvalit: 0.007442 bestmemit:   32.048283  -31.487049    1.000000  275.290809
Iteration: 137 bestvalit: 0.007442 bestmemit:   32.048283  -31.487049    1.000000  275.290809
Iteration: 138 bestvalit: 0.007442 bestmemit:   32.048283  -31.487049    1.000000  275.290809
Iteration: 139 bestvalit: 0.007442 bestmemit:   32.048283  -31.487049    1.000000  275.290809
Iteration: 140 bestvalit: 0.007442 bestmemit:   32.048283  -31.487049    1.000000  275.290809
Iteration: 141 bestvalit: 0.007442 bestmemit:   32.048283  -31.487049    1.000000  275.290809
Iteration: 142 bestvalit: 0.007442 bestmemit:   32.048283  -31.487049    1.000000  275.290809
Iteration: 143 bestvalit: 0.007442 bestmemit:   32.048283  -31.487049    1.000000  275.290809
Iteration: 144 bestvalit: 0.007442 bestmemit:   32.048283  -31.487049    1.000000  275.290809
Iteration: 145 bestvalit: 0.007442 bestmemit:   32.048283  -31.487049    1.000000  275.290809
Iteration: 146 bestvalit: 0.007442 bestmemit:   32.048283  -31.487049    1.000000  275.290809

***** summary of DEoptim object ***** 
best member   :  32.04828 -31.48705 1 275.2908 
best value    :  0.00744 
after         :  146 generations 
fn evaluated  :  294 times 
*************************************
