SLURM_JOB_ID: 55435617
SLURM_JOB_USER: vsc34066
SLURM_JOB_ACCOUNT: lp_desenderlab
SLURM_JOB_NAME: par_recov_alternating_fb_sim_alpha_learn.slurm
SLURM_CLUSTER_NAME: genius
SLURM_JOB_PARTITION: batch
SLURM_ARRAY_JOB_ID: 55435616
SLURM_ARRAY_TASK_ID: 1
SLURM_NNODES: 2
SLURM_NODELIST: r22i27n[03,09]
SLURM_JOB_CPUS_PER_NODE: 6,2
Date: Tue Dec 19 09:54:59 CET 2023
Walltime: 01-06:00:00
========================================================================
Iteration: 1 bestvalit: 0.022248 bestmemit:   12.795381  -94.255837    1.000000   74.030470    1.759954
Iteration: 2 bestvalit: 0.022093 bestmemit:   12.795381  -94.255837    1.000000   82.607666    1.759954
Iteration: 3 bestvalit: 0.022073 bestmemit:   39.258553  -64.543098    1.000000   88.812497    2.419059
Iteration: 4 bestvalit: 0.021935 bestmemit:   20.666977  -94.255837    1.000000   82.607666    1.759954
Iteration: 5 bestvalit: 0.021935 bestmemit:   20.666977  -94.255837    1.000000   82.607666    1.759954
Iteration: 6 bestvalit: 0.011165 bestmemit:   23.257662  -62.620093    1.000000   55.269248    0.097406
Iteration: 7 bestvalit: 0.011165 bestmemit:   23.257662  -62.620093    1.000000   55.269248    0.097406
Iteration: 8 bestvalit: 0.011165 bestmemit:   23.257662  -62.620093    1.000000   55.269248    0.097406
Iteration: 9 bestvalit: 0.010610 bestmemit:   23.257662  -18.824162    1.000000   55.269248    0.097406
Iteration: 10 bestvalit: 0.010610 bestmemit:   23.257662  -18.824162    1.000000   55.269248    0.097406
Iteration: 11 bestvalit: 0.009570 bestmemit:   40.587752  -46.930284    1.000000   55.269248    0.097406
Iteration: 12 bestvalit: 0.009570 bestmemit:   40.587752  -46.930284    1.000000   55.269248    0.097406
Iteration: 13 bestvalit: 0.009570 bestmemit:   40.587752  -46.930284    1.000000   55.269248    0.097406
Iteration: 14 bestvalit: 0.009570 bestmemit:   40.587752  -46.930284    1.000000   55.269248    0.097406
Iteration: 15 bestvalit: 0.009570 bestmemit:   40.587752  -46.930284    1.000000   55.269248    0.097406
Iteration: 16 bestvalit: 0.009570 bestmemit:   40.587752  -46.930284    1.000000   55.269248    0.097406
Iteration: 17 bestvalit: 0.009570 bestmemit:   40.587752  -46.930284    1.000000   55.269248    0.097406
Iteration: 18 bestvalit: 0.009570 bestmemit:   40.587752  -46.930284    1.000000   55.269248    0.097406
Iteration: 19 bestvalit: 0.009537 bestmemit:   43.827108  -46.930284    1.000000   55.269248    0.097406
Iteration: 20 bestvalit: 0.009537 bestmemit:   43.827108  -46.930284    1.000000   55.269248    0.097406
Iteration: 21 bestvalit: 0.009121 bestmemit:   20.035773  -29.683747    1.000000   77.708400    0.077015
Iteration: 22 bestvalit: 0.009121 bestmemit:   20.035773  -29.683747    1.000000   77.708400    0.077015
Iteration: 23 bestvalit: 0.009007 bestmemit:   20.035773  -29.683747    1.000000   50.067057    0.077015
Iteration: 24 bestvalit: 0.009007 bestmemit:   20.035773  -29.683747    1.000000   50.067057    0.077015
Iteration: 25 bestvalit: 0.009007 bestmemit:   20.035773  -29.683747    1.000000   50.067057    0.077015
Iteration: 26 bestvalit: 0.009007 bestmemit:   20.035773  -29.683747    1.000000   50.067057    0.077015
Iteration: 27 bestvalit: 0.008577 bestmemit:   32.154422  -15.829976    1.000000   89.438138    0.019745
Iteration: 28 bestvalit: 0.008577 bestmemit:   32.154422  -15.829976    1.000000   89.438138    0.019745
Iteration: 29 bestvalit: 0.008577 bestmemit:   32.154422  -15.829976    1.000000   89.438138    0.019745
Iteration: 30 bestvalit: 0.008577 bestmemit:   32.154422  -15.829976    1.000000   89.438138    0.019745
Iteration: 31 bestvalit: 0.008577 bestmemit:   32.154422  -15.829976    1.000000   89.438138    0.019745
Iteration: 32 bestvalit: 0.008577 bestmemit:   32.154422  -15.829976    1.000000   89.438138    0.019745
Iteration: 33 bestvalit: 0.008115 bestmemit:   26.403094  -14.917570    1.000000   58.914303    0.025334
Iteration: 34 bestvalit: 0.008115 bestmemit:   26.403094  -14.917570    1.000000   58.914303    0.025334
Iteration: 35 bestvalit: 0.008115 bestmemit:   26.403094  -14.917570    1.000000   58.914303    0.025334
Iteration: 36 bestvalit: 0.007743 bestmemit:   34.131603  -12.093895    1.000000   28.279346    0.025334
Iteration: 37 bestvalit: 0.007743 bestmemit:   34.131603  -12.093895    1.000000   28.279346    0.025334
Iteration: 38 bestvalit: 0.007743 bestmemit:   34.131603  -12.093895    1.000000   28.279346    0.025334
Iteration: 39 bestvalit: 0.007743 bestmemit:   34.131603  -12.093895    1.000000   28.279346    0.025334
Iteration: 40 bestvalit: 0.007743 bestmemit:   34.131603  -12.093895    1.000000   28.279346    0.025334
Iteration: 41 bestvalit: 0.007743 bestmemit:   34.131603  -12.093895    1.000000   28.279346    0.025334
Iteration: 42 bestvalit: 0.007743 bestmemit:   34.131603  -12.093895    1.000000   28.279346    0.025334
Iteration: 43 bestvalit: 0.007743 bestmemit:   34.131603  -12.093895    1.000000   28.279346    0.025334
Iteration: 44 bestvalit: 0.007743 bestmemit:   34.131603  -12.093895    1.000000   28.279346    0.025334
Iteration: 45 bestvalit: 0.007632 bestmemit:   26.243747  -11.248969    1.000000   18.634915    0.022825
Iteration: 46 bestvalit: 0.007571 bestmemit:   29.508281   -9.632378    1.000000   12.469596    0.016216
Iteration: 47 bestvalit: 0.007546 bestmemit:   35.330331  -10.400522    1.000000   11.027585    0.002266
Iteration: 48 bestvalit: 0.007493 bestmemit:   31.294523  -10.216791    1.000000   17.431989    0.001627
Iteration: 49 bestvalit: 0.007493 bestmemit:   31.294523  -10.216791    1.000000   17.431989    0.001627
Iteration: 50 bestvalit: 0.007493 bestmemit:   31.294523  -10.216791    1.000000   17.431989    0.001627
Iteration: 51 bestvalit: 0.007423 bestmemit:   21.525758   -7.780160    1.000000   15.978095    0.006851
Iteration: 52 bestvalit: 0.007423 bestmemit:   21.525758   -7.780160    1.000000   15.978095    0.006851
Iteration: 53 bestvalit: 0.007346 bestmemit:   21.525758   -7.780160    1.000000   15.978095    0.001805
Iteration: 54 bestvalit: 0.007346 bestmemit:   21.525758   -7.780160    1.000000   15.978095    0.001805
Iteration: 55 bestvalit: 0.007346 bestmemit:   21.525758   -7.780160    1.000000   15.978095    0.001805
Iteration: 56 bestvalit: 0.007346 bestmemit:   21.525758   -7.780160    1.000000   15.978095    0.001805
Iteration: 57 bestvalit: 0.007306 bestmemit:   20.179352   -8.911182    1.000000   10.685829    0.001610
Iteration: 58 bestvalit: 0.007306 bestmemit:   20.179352   -8.911182    1.000000   10.685829    0.001610
Iteration: 59 bestvalit: 0.007260 bestmemit:   20.179352   -8.911182    1.000000    6.941287    0.001610
Iteration: 60 bestvalit: 0.007260 bestmemit:   20.179352   -8.911182    1.000000    6.941287    0.001610
Iteration: 61 bestvalit: 0.007260 bestmemit:   20.179352   -8.911182    1.000000    6.941287    0.001610
Iteration: 62 bestvalit: 0.007260 bestmemit:   20.179352   -8.911182    1.000000    6.941287    0.001610
Iteration: 63 bestvalit: 0.007260 bestmemit:   20.179352   -8.911182    1.000000    6.941287    0.001610
Iteration: 64 bestvalit: 0.007258 bestmemit:   20.179352   -7.634477    1.000000    6.941287    0.001610
Iteration: 65 bestvalit: 0.007258 bestmemit:   20.179352   -7.634477    1.000000    6.941287    0.001610
Iteration: 66 bestvalit: 0.007258 bestmemit:   20.179352   -7.634477    1.000000    6.941287    0.001610
Iteration: 67 bestvalit: 0.007258 bestmemit:   20.179352   -7.634477    1.000000    6.941287    0.001610
Iteration: 68 bestvalit: 0.007148 bestmemit:   15.305534   -7.203522    1.000000    2.012314    0.006952
Iteration: 69 bestvalit: 0.007148 bestmemit:   15.305534   -7.203522    1.000000    2.012314    0.006952
Iteration: 70 bestvalit: 0.007148 bestmemit:   15.305534   -7.203522    1.000000    2.012314    0.006952
Iteration: 71 bestvalit: 0.007086 bestmemit:   15.706708   -5.268396    1.000000    1.657172    0.000646
Iteration: 72 bestvalit: 0.007017 bestmemit:   15.579263   -8.489329    1.000000    1.787859    0.007570
Iteration: 73 bestvalit: 0.006323 bestmemit:   19.643196   -8.803504    1.000000    0.283576    0.009322
Iteration: 74 bestvalit: 0.006323 bestmemit:   19.643196   -8.803504    1.000000    0.283576    0.009322
Iteration: 75 bestvalit: 0.006323 bestmemit:   19.643196   -8.803504    1.000000    0.283576    0.009322
Iteration: 76 bestvalit: 0.006323 bestmemit:   19.643196   -8.803504    1.000000    0.283576    0.009322
Iteration: 77 bestvalit: 0.006323 bestmemit:   19.643196   -8.803504    1.000000    0.283576    0.009322
Iteration: 78 bestvalit: 0.006167 bestmemit:   28.697860  -13.692982    1.000000    0.092490    0.007091
Iteration: 79 bestvalit: 0.006167 bestmemit:   28.697860  -13.692982    1.000000    0.092490    0.007091
Iteration: 80 bestvalit: 0.006112 bestmemit:   28.697860  -15.572443    1.000000    0.092490    0.007091
Iteration: 81 bestvalit: 0.005845 bestmemit:   18.742986  -10.196566    1.000000    0.335907    0.005957
Iteration: 82 bestvalit: 0.005845 bestmemit:   18.742986  -10.196566    1.000000    0.335907    0.005957
Iteration: 83 bestvalit: 0.005845 bestmemit:   18.742986  -10.196566    1.000000    0.335907    0.005957
Iteration: 84 bestvalit: 0.005845 bestmemit:   18.742986  -10.196566    1.000000    0.335907    0.005957
Iteration: 85 bestvalit: 0.005845 bestmemit:   18.742986  -10.196566    1.000000    0.335907    0.005957
Iteration: 86 bestvalit: 0.005845 bestmemit:   18.742986  -10.196566    1.000000    0.335907    0.005957
Iteration: 87 bestvalit: 0.005845 bestmemit:   18.742986  -10.196566    1.000000    0.335907    0.005957
Iteration: 88 bestvalit: 0.005845 bestmemit:   18.742986  -10.196566    1.000000    0.335907    0.005957
Iteration: 89 bestvalit: 0.005845 bestmemit:   18.742986  -10.196566    1.000000    0.335907    0.005957
Iteration: 90 bestvalit: 0.005845 bestmemit:   18.742986  -10.196566    1.000000    0.335907    0.005957
Iteration: 91 bestvalit: 0.005845 bestmemit:   18.742986  -10.196566    1.000000    0.335907    0.005957
Iteration: 92 bestvalit: 0.005646 bestmemit:   18.797315   -9.813732    1.000000    0.336897    0.000416
Iteration: 93 bestvalit: 0.005646 bestmemit:   18.797315   -9.813732    1.000000    0.336897    0.000416
Iteration: 94 bestvalit: 0.005646 bestmemit:   18.797315   -9.813732    1.000000    0.336897    0.000416
Iteration: 95 bestvalit: 0.005646 bestmemit:   18.797315   -9.813732    1.000000    0.336897    0.000416
Iteration: 96 bestvalit: 0.005556 bestmemit:   16.186167   -8.803504    1.000000    0.283576    0.001513
Iteration: 97 bestvalit: 0.005556 bestmemit:   16.186167   -8.803504    1.000000    0.283576    0.001513
Iteration: 98 bestvalit: 0.005510 bestmemit:   15.436977   -8.357151    1.000000    0.262637    0.000109
Iteration: 99 bestvalit: 0.005494 bestmemit:   18.297203   -8.787505    1.000000    0.202993    0.002026
Iteration: 100 bestvalit: 0.005493 bestmemit:   15.436977   -6.332796    1.000000    0.262637    0.000109
Iteration: 101 bestvalit: 0.005434 bestmemit:   16.076795   -6.394981    1.000000    0.126373    0.001388
Iteration: 102 bestvalit: 0.005434 bestmemit:   16.076795   -6.394981    1.000000    0.126373    0.001388
Iteration: 103 bestvalit: 0.005358 bestmemit:   17.482288   -7.884398    1.000000    0.149737    0.000199
Iteration: 104 bestvalit: 0.005358 bestmemit:   17.482288   -7.884398    1.000000    0.149737    0.000199
Iteration: 105 bestvalit: 0.005354 bestmemit:   11.941670   -5.975601    1.000000    0.278540    0.000541
Iteration: 106 bestvalit: 0.005252 bestmemit:   13.737128   -6.192228    1.000000    0.155809    0.000718
Iteration: 107 bestvalit: 0.005252 bestmemit:   13.737128   -6.192228    1.000000    0.155809    0.000718
Iteration: 108 bestvalit: 0.005238 bestmemit:   13.737128   -6.192228    1.000000    0.155809    0.000103
Iteration: 109 bestvalit: 0.005238 bestmemit:   13.737128   -6.192228    1.000000    0.155809    0.000103
Iteration: 110 bestvalit: 0.005238 bestmemit:   13.737128   -6.192228    1.000000    0.155809    0.000103
Iteration: 111 bestvalit: 0.005238 bestmemit:   13.737128   -6.192228    1.000000    0.155809    0.000103
Iteration: 112 bestvalit: 0.005238 bestmemit:   13.737128   -6.192228    1.000000    0.155809    0.000103
Iteration: 113 bestvalit: 0.005212 bestmemit:   13.835949   -6.272181    1.000000    0.070213    0.000153
Iteration: 114 bestvalit: 0.005166 bestmemit:   12.211880   -5.021042    1.000000    0.073000    0.000620
Iteration: 115 bestvalit: 0.005166 bestmemit:   12.211880   -5.021042    1.000000    0.073000    0.000620
Iteration: 116 bestvalit: 0.005166 bestmemit:   12.211880   -5.021042    1.000000    0.073000    0.000620
Iteration: 117 bestvalit: 0.005166 bestmemit:   12.211880   -5.021042    1.000000    0.073000    0.000620
Iteration: 118 bestvalit: 0.005164 bestmemit:   12.909733   -4.867393    1.000000    0.031682    0.000312
Iteration: 119 bestvalit: 0.005164 bestmemit:   12.909733   -4.867393    1.000000    0.031682    0.000312
Iteration: 120 bestvalit: 0.005164 bestmemit:   12.909733   -4.867393    1.000000    0.031682    0.000312
Iteration: 121 bestvalit: 0.005164 bestmemit:   12.909733   -4.867393    1.000000    0.031682    0.000312
Iteration: 122 bestvalit: 0.005148 bestmemit:   12.211880   -5.021042    1.000000    0.026624    0.001018
Iteration: 123 bestvalit: 0.005148 bestmemit:   12.211880   -5.021042    1.000000    0.026624    0.001018
Iteration: 124 bestvalit: 0.005148 bestmemit:   12.211880   -5.021042    1.000000    0.026624    0.001018
Iteration: 125 bestvalit: 0.005148 bestmemit:   12.211880   -5.021042    1.000000    0.026624    0.001018
Iteration: 126 bestvalit: 0.005148 bestmemit:   12.211880   -5.021042    1.000000    0.026624    0.001018
Iteration: 127 bestvalit: 0.005148 bestmemit:   12.211880   -5.021042    1.000000    0.026624    0.001018
Iteration: 128 bestvalit: 0.005148 bestmemit:   12.211880   -5.021042    1.000000    0.026624    0.001018
Iteration: 129 bestvalit: 0.005148 bestmemit:   12.211880   -5.021042    1.000000    0.026624    0.001018
Iteration: 130 bestvalit: 0.005142 bestmemit:   13.063920   -5.270172    1.000000    0.003691    0.001295
Iteration: 131 bestvalit: 0.005142 bestmemit:   13.063920   -5.270172    1.000000    0.003691    0.001295
Iteration: 132 bestvalit: 0.005140 bestmemit:   12.070579   -4.593091    1.000000    0.023401    0.000258
Iteration: 133 bestvalit: 0.005140 bestmemit:   12.070579   -4.593091    1.000000    0.023401    0.000258
Iteration: 134 bestvalit: 0.005140 bestmemit:   12.070579   -4.593091    1.000000    0.023401    0.000258
Iteration: 135 bestvalit: 0.005140 bestmemit:   12.070579   -4.593091    1.000000    0.023401    0.000258
Iteration: 136 bestvalit: 0.005140 bestmemit:   12.070579   -4.593091    1.000000    0.023401    0.000258
Iteration: 137 bestvalit: 0.005140 bestmemit:   12.070579   -4.593091    1.000000    0.023401    0.000258
Iteration: 138 bestvalit: 0.005139 bestmemit:   12.070579   -4.593091    1.000000    0.023401    0.000179
Iteration: 139 bestvalit: 0.005139 bestmemit:   12.070579   -4.593091    1.000000    0.023401    0.000179
Iteration: 140 bestvalit: 0.005139 bestmemit:   12.070579   -4.593091    1.000000    0.023401    0.000179
Iteration: 141 bestvalit: 0.005139 bestmemit:   12.070579   -4.593091    1.000000    0.023401    0.000179
Iteration: 142 bestvalit: 0.005139 bestmemit:   12.070579   -4.593091    1.000000    0.023401    0.000179
Iteration: 143 bestvalit: 0.005138 bestmemit:   12.502876   -5.027923    1.000000    0.006943    0.000833
Iteration: 144 bestvalit: 0.005138 bestmemit:   12.502876   -5.027923    1.000000    0.006943    0.000833
Iteration: 145 bestvalit: 0.005138 bestmemit:   12.502876   -5.027923    1.000000    0.006943    0.000833
Iteration: 146 bestvalit: 0.005136 bestmemit:   12.564565   -5.029473    1.000000    0.016335    0.000022
Iteration: 147 bestvalit: 0.005136 bestmemit:   12.564565   -5.029473    1.000000    0.016335    0.000022
Iteration: 148 bestvalit: 0.005136 bestmemit:   12.564565   -5.029473    1.000000    0.016335    0.000022
Iteration: 149 bestvalit: 0.005136 bestmemit:   12.564565   -5.029473    1.000000    0.016335    0.000022
Iteration: 150 bestvalit: 0.005136 bestmemit:   12.564565   -5.029473    1.000000    0.016335    0.000022
Iteration: 151 bestvalit: 0.005136 bestmemit:   12.564565   -5.029473    1.000000    0.016335    0.000022
Iteration: 152 bestvalit: 0.005136 bestmemit:   12.564565   -5.029473    1.000000    0.016335    0.000022
Iteration: 153 bestvalit: 0.005134 bestmemit:   12.765070   -5.062524    1.000000    0.011768    0.000160
Iteration: 154 bestvalit: 0.005133 bestmemit:   13.276977   -5.152526    1.000000    0.001847    0.000105
Iteration: 155 bestvalit: 0.005133 bestmemit:   13.276977   -5.152526    1.000000    0.001847    0.000105
Iteration: 156 bestvalit: 0.005133 bestmemit:   13.276977   -5.152526    1.000000    0.001847    0.000105
Iteration: 157 bestvalit: 0.005132 bestmemit:   12.672372   -4.997825    1.000000    0.002762    0.000246
Iteration: 158 bestvalit: 0.005130 bestmemit:   12.672372   -4.899128    1.000000    0.002762    0.000246
Iteration: 159 bestvalit: 0.005130 bestmemit:   12.094105   -4.624242    1.000000    0.006123    0.000015
Iteration: 160 bestvalit: 0.005130 bestmemit:   12.094105   -4.624242    1.000000    0.006123    0.000015
Iteration: 161 bestvalit: 0.005130 bestmemit:   12.094105   -4.624242    1.000000    0.006123    0.000015
Iteration: 162 bestvalit: 0.005130 bestmemit:   12.094105   -4.624242    1.000000    0.006123    0.000015
Iteration: 163 bestvalit: 0.005130 bestmemit:   12.094105   -4.624242    1.000000    0.006123    0.000015
Iteration: 164 bestvalit: 0.005130 bestmemit:   12.094105   -4.624242    1.000000    0.006123    0.000015
Iteration: 165 bestvalit: 0.005130 bestmemit:   12.094105   -4.624242    1.000000    0.006123    0.000015
Iteration: 166 bestvalit: 0.005130 bestmemit:   12.326242   -4.756132    1.000000    0.003526    0.000207
Iteration: 167 bestvalit: 0.005130 bestmemit:   12.326242   -4.756132    1.000000    0.003526    0.000207
Iteration: 168 bestvalit: 0.005129 bestmemit:   12.672372   -4.899128    1.000000    0.002030    0.000133
Iteration: 169 bestvalit: 0.005129 bestmemit:   12.672372   -4.899128    1.000000    0.002030    0.000133
Iteration: 170 bestvalit: 0.005129 bestmemit:   12.672372   -4.899128    1.000000    0.002030    0.000133
Iteration: 171 bestvalit: 0.005129 bestmemit:   12.672372   -4.899128    1.000000    0.002030    0.000133
Iteration: 172 bestvalit: 0.005129 bestmemit:   12.564565   -4.840531    1.000000    0.002216    0.000117
Iteration: 173 bestvalit: 0.005129 bestmemit:   12.564565   -4.840531    1.000000    0.002216    0.000117
Iteration: 174 bestvalit: 0.005129 bestmemit:   12.564565   -4.840531    1.000000    0.002216    0.000117
Iteration: 175 bestvalit: 0.005129 bestmemit:   12.564565   -4.840531    1.000000    0.002216    0.000117
Iteration: 176 bestvalit: 0.005129 bestmemit:   12.564565   -4.840531    1.000000    0.002216    0.000117
Iteration: 177 bestvalit: 0.005129 bestmemit:   12.564565   -4.840531    1.000000    0.002216    0.000117
Iteration: 178 bestvalit: 0.005129 bestmemit:   12.564565   -4.840531    1.000000    0.002216    0.000117
Iteration: 179 bestvalit: 0.005129 bestmemit:   12.327959   -4.732985    1.000000    0.000935    0.000103
Iteration: 180 bestvalit: 0.005129 bestmemit:   12.327959   -4.732985    1.000000    0.000935    0.000103
Iteration: 181 bestvalit: 0.005129 bestmemit:   12.327959   -4.732985    1.000000    0.000935    0.000103
Iteration: 182 bestvalit: 0.005129 bestmemit:   12.327959   -4.732985    1.000000    0.000935    0.000103
Iteration: 183 bestvalit: 0.005129 bestmemit:   12.327959   -4.732985    1.000000    0.000935    0.000103
Iteration: 184 bestvalit: 0.005129 bestmemit:   12.327959   -4.732985    1.000000    0.000935    0.000103
Iteration: 185 bestvalit: 0.005129 bestmemit:   12.215313   -4.621157    1.000000    0.001317    0.000015
Iteration: 186 bestvalit: 0.005129 bestmemit:   12.215313   -4.621157    1.000000    0.001317    0.000015
Iteration: 187 bestvalit: 0.005129 bestmemit:   12.564565   -4.840531    1.000000    0.000742    0.000117
Iteration: 188 bestvalit: 0.005129 bestmemit:   12.564565   -4.840531    1.000000    0.000742    0.000117
Iteration: 189 bestvalit: 0.005128 bestmemit:   12.441085   -4.709484    1.000000    0.000166    0.000003
Iteration: 190 bestvalit: 0.005128 bestmemit:   12.441085   -4.709484    1.000000    0.000166    0.000003
Iteration: 191 bestvalit: 0.005128 bestmemit:   12.441085   -4.709484    1.000000    0.000166    0.000003
Iteration: 192 bestvalit: 0.005128 bestmemit:   12.441085   -4.709484    1.000000    0.000166    0.000003
Iteration: 193 bestvalit: 0.005128 bestmemit:   12.441085   -4.709484    1.000000    0.000166    0.000003
Iteration: 194 bestvalit: 0.005128 bestmemit:   12.441085   -4.709484    1.000000    0.000166    0.000003
Iteration: 195 bestvalit: 0.005128 bestmemit:   12.522275   -4.778262    1.000000    0.001038    0.000007
Iteration: 196 bestvalit: 0.005128 bestmemit:   12.393020   -4.731928    1.000000    0.000414    0.000028
Iteration: 197 bestvalit: 0.005128 bestmemit:   12.393020   -4.731928    1.000000    0.000414    0.000028
Iteration: 198 bestvalit: 0.005128 bestmemit:   12.393020   -4.731928    1.000000    0.000414    0.000028
Iteration: 199 bestvalit: 0.005128 bestmemit:   12.393020   -4.731928    1.000000    0.000414    0.000028
Iteration: 200 bestvalit: 0.005128 bestmemit:   12.393020   -4.731928    1.000000    0.000414    0.000028
Iteration: 201 bestvalit: 0.005128 bestmemit:   12.432534   -4.758663    1.000000    0.000686    0.000013
Iteration: 202 bestvalit: 0.005128 bestmemit:   12.432534   -4.758663    1.000000    0.000686    0.000013
Iteration: 203 bestvalit: 0.005128 bestmemit:   12.432534   -4.758663    1.000000    0.000686    0.000013
Iteration: 204 bestvalit: 0.005128 bestmemit:   12.432534   -4.758663    1.000000    0.000686    0.000013
Iteration: 205 bestvalit: 0.005128 bestmemit:   12.432534   -4.758663    1.000000    0.000686    0.000013
Iteration: 206 bestvalit: 0.005128 bestmemit:   12.393020   -4.731928    1.000000    0.000414    0.000014
Iteration: 207 bestvalit: 0.005128 bestmemit:   12.520856   -4.798664    1.000000    0.000735    0.000010
Iteration: 208 bestvalit: 0.005128 bestmemit:   12.520856   -4.798664    1.000000    0.000548    0.000010
Iteration: 209 bestvalit: 0.005128 bestmemit:   12.393452   -4.738338    1.000000    0.000078    0.000012
Iteration: 210 bestvalit: 0.005128 bestmemit:   12.393452   -4.738338    1.000000    0.000078    0.000012
Iteration: 211 bestvalit: 0.005128 bestmemit:   12.432534   -4.758663    1.000000    0.000206    0.000005
Iteration: 212 bestvalit: 0.005128 bestmemit:   12.486447   -4.782221    1.000000    0.000265    0.000011
Iteration: 213 bestvalit: 0.005128 bestmemit:   12.501689   -4.787297    1.000000    0.000131    0.000008
Iteration: 214 bestvalit: 0.005128 bestmemit:   12.501689   -4.787297    1.000000    0.000131    0.000008
Iteration: 215 bestvalit: 0.005128 bestmemit:   12.504041   -4.790171    1.000000    0.000018    0.000008
Iteration: 216 bestvalit: 0.005128 bestmemit:   12.504041   -4.790171    1.000000    0.000018    0.000008
Iteration: 217 bestvalit: 0.005128 bestmemit:   12.504041   -4.790171    1.000000    0.000018    0.000008
Iteration: 218 bestvalit: 0.005128 bestmemit:   12.504041   -4.790171    1.000000    0.000018    0.000008
Iteration: 219 bestvalit: 0.005128 bestmemit:   12.504041   -4.790171    1.000000    0.000018    0.000008
Iteration: 220 bestvalit: 0.005128 bestmemit:   12.527805   -4.796001    1.000000    0.000105    0.000003
Iteration: 221 bestvalit: 0.005128 bestmemit:   12.476906   -4.764718    1.000000    0.000043    0.000002
Iteration: 222 bestvalit: 0.005128 bestmemit:   12.498264   -4.779471    1.000000    0.000043    0.000002
Iteration: 223 bestvalit: 0.005128 bestmemit:   12.498264   -4.779471    1.000000    0.000043    0.000002
Iteration: 224 bestvalit: 0.005128 bestmemit:   12.498264   -4.779471    1.000000    0.000043    0.000002
Iteration: 225 bestvalit: 0.005128 bestmemit:   12.498264   -4.779471    1.000000    0.000043    0.000002
Iteration: 226 bestvalit: 0.005128 bestmemit:   12.498264   -4.779471    1.000000    0.000043    0.000002
Iteration: 227 bestvalit: 0.005128 bestmemit:   12.498264   -4.779471    1.000000    0.000043    0.000002
Iteration: 228 bestvalit: 0.005128 bestmemit:   12.498264   -4.779471    1.000000    0.000043    0.000002
Iteration: 229 bestvalit: 0.005128 bestmemit:   12.498337   -4.771192    1.000000    0.000007    0.000000
Iteration: 230 bestvalit: 0.005128 bestmemit:   12.492862   -4.782712    1.000000    0.000010    0.000000
Iteration: 231 bestvalit: 0.005128 bestmemit:   12.492862   -4.782712    1.000000    0.000010    0.000000
Iteration: 232 bestvalit: 0.005128 bestmemit:   12.492862   -4.782712    1.000000    0.000010    0.000000
Iteration: 233 bestvalit: 0.005128 bestmemit:   12.491450   -4.774034    1.000000    0.000025    0.000000
Iteration: 234 bestvalit: 0.005128 bestmemit:   12.491450   -4.774034    1.000000    0.000025    0.000000
Iteration: 235 bestvalit: 0.005128 bestmemit:   12.491450   -4.774034    1.000000    0.000021    0.000000
Iteration: 236 bestvalit: 0.005128 bestmemit:   12.492862   -4.774076    1.000000    0.000021    0.000000
Iteration: 237 bestvalit: 0.005128 bestmemit:   12.492862   -4.774076    1.000000    0.000021    0.000000
Iteration: 238 bestvalit: 0.005128 bestmemit:   12.490119   -4.775754    1.000000    0.000011    0.000001
Iteration: 239 bestvalit: 0.005128 bestmemit:   12.504041   -4.780675    1.000000    0.000004    0.000000
Iteration: 240 bestvalit: 0.005128 bestmemit:   12.504041   -4.780675    1.000000    0.000004    0.000000
Iteration: 241 bestvalit: 0.005128 bestmemit:   12.500295   -4.780675    1.000000    0.000004    0.000000
Iteration: 242 bestvalit: 0.005128 bestmemit:   12.500295   -4.780675    1.000000    0.000004    0.000000
Iteration: 243 bestvalit: 0.005128 bestmemit:   12.500295   -4.780675    1.000000    0.000004    0.000000
Iteration: 244 bestvalit: 0.005128 bestmemit:   12.500295   -4.780675    1.000000    0.000004    0.000000
Iteration: 245 bestvalit: 0.005128 bestmemit:   12.500295   -4.780675    1.000000    0.000004    0.000000
Iteration: 246 bestvalit: 0.005128 bestmemit:   12.500295   -4.780675    1.000000    0.000004    0.000000
Iteration: 247 bestvalit: 0.005128 bestmemit:   12.500295   -4.780675    1.000000    0.000004    0.000000
Iteration: 248 bestvalit: 0.005128 bestmemit:   12.500295   -4.780675    1.000000    0.000004    0.000000
Iteration: 249 bestvalit: 0.005128 bestmemit:   12.500295   -4.780675    1.000000    0.000004    0.000000
Iteration: 250 bestvalit: 0.005128 bestmemit:   12.500295   -4.780675    1.000000    0.000001    0.000000
Iteration: 251 bestvalit: 0.005128 bestmemit:   12.500295   -4.780675    1.000000    0.000001    0.000000
Iteration: 252 bestvalit: 0.005128 bestmemit:   12.500295   -4.780675    1.000000    0.000001    0.000000
Iteration: 253 bestvalit: 0.005128 bestmemit:   12.500295   -4.780675    1.000000    0.000001    0.000000
Iteration: 254 bestvalit: 0.005128 bestmemit:   12.500295   -4.780675    1.000000    0.000001    0.000000
Iteration: 255 bestvalit: 0.005128 bestmemit:   12.496439   -4.778384    1.000000    0.000000    0.000000
Iteration: 256 bestvalit: 0.005128 bestmemit:   12.496439   -4.778384    1.000000    0.000000    0.000000
Iteration: 257 bestvalit: 0.005128 bestmemit:   12.496439   -4.778384    1.000000    0.000000    0.000000
Iteration: 258 bestvalit: 0.005128 bestmemit:   12.496439   -4.778384    1.000000    0.000000    0.000000
Iteration: 259 bestvalit: 0.005128 bestmemit:   12.496439   -4.778384    1.000000    0.000000    0.000000
Iteration: 260 bestvalit: 0.005128 bestmemit:   12.496439   -4.778384    1.000000    0.000000    0.000000
Iteration: 261 bestvalit: 0.005128 bestmemit:   12.496439   -4.778384    1.000000    0.000000    0.000000
Iteration: 262 bestvalit: 0.005128 bestmemit:   12.496439   -4.778384    1.000000    0.000000    0.000000
Iteration: 263 bestvalit: 0.005128 bestmemit:   12.496439   -4.778384    1.000000    0.000000    0.000000
Iteration: 264 bestvalit: 0.005128 bestmemit:   12.496439   -4.778384    1.000000    0.000000    0.000000
Iteration: 265 bestvalit: 0.005128 bestmemit:   12.496439   -4.778384    1.000000    0.000000    0.000000
Iteration: 266 bestvalit: 0.005128 bestmemit:   12.496439   -4.778384    1.000000    0.000000    0.000000
Iteration: 267 bestvalit: 0.005128 bestmemit:   12.496439   -4.778384    1.000000    0.000000    0.000000
Iteration: 268 bestvalit: 0.005128 bestmemit:   12.496439   -4.778384    1.000000    0.000000    0.000000
Iteration: 269 bestvalit: 0.005128 bestmemit:   12.496439   -4.778384    1.000000    0.000000    0.000000
Iteration: 270 bestvalit: 0.005128 bestmemit:   12.496439   -4.778384    1.000000    0.000000    0.000000
Iteration: 271 bestvalit: 0.005128 bestmemit:   12.496439   -4.778384    1.000000    0.000000    0.000000
Iteration: 272 bestvalit: 0.005128 bestmemit:   12.496439   -4.778384    1.000000    0.000000    0.000000
Iteration: 273 bestvalit: 0.005128 bestmemit:   12.496439   -4.778384    1.000000    0.000000    0.000000
Iteration: 274 bestvalit: 0.005128 bestmemit:   12.496439   -4.778384    1.000000    0.000000    0.000000
Iteration: 275 bestvalit: 0.005128 bestmemit:   12.496439   -4.778384    1.000000    0.000000    0.000000
Iteration: 276 bestvalit: 0.005128 bestmemit:   12.496439   -4.778384    1.000000    0.000000    0.000000
